<?xml version="1.0" encoding="UTF-8"?>
<testsuite xmlns:xsi="http://www.w3.org/2001/XMLSchema-instance" xsi:noNamespaceSchemaLocation="https://maven.apache.org/surefire/maven-failsafe-plugin/xsd/failsafe-test-report-3.0.xsd" version="3.0" name="starter.CucumberTestSuite" time="563.113" tests="6" errors="1" skipped="0" failures="0">
  <properties>
    <property name="java.specification.version" value="19"/>
    <property name="sun.cpu.isalist" value="amd64"/>
    <property name="sun.jnu.encoding" value="Cp1252"/>
    <property name="java.class.path" value="C:\Users\User\IdeaProjects\IntegrationTest\target\test-classes;C:\Users\User\.m2\repository\net\serenity-bdd\serenity-core\3.6.21\serenity-core-3.6.21.jar;C:\Users\User\.m2\repository\net\serenity-bdd\serenity-model\3.6.21\serenity-model-3.6.21.jar;C:\Users\User\.m2\repository\org\apache\commons\commons-text\1.10.0\commons-text-1.10.0.jar;C:\Users\User\.m2\repository\commons-net\commons-net\3.9.0\commons-net-3.9.0.jar;C:\Users\User\.m2\repository\com\google\guava\guava\31.1-jre\guava-31.1-jre.jar;C:\Users\User\.m2\repository\com\google\guava\failureaccess\1.0.1\failureaccess-1.0.1.jar;C:\Users\User\.m2\repository\com\google\guava\listenablefuture\9999.0-empty-to-avoid-conflict-with-guava\listenablefuture-9999.0-empty-to-avoid-conflict-with-guava.jar;C:\Users\User\.m2\repository\com\google\code\findbugs\jsr305\3.0.2\jsr305-3.0.2.jar;C:\Users\User\.m2\repository\org\checkerframework\checker-qual\3.12.0\checker-qual-3.12.0.jar;C:\Users\User\.m2\repository\com\google\errorprone\error_prone_annotations\2.11.0\error_prone_annotations-2.11.0.jar;C:\Users\User\.m2\repository\com\google\j2objc\j2objc-annotations\1.3\j2objc-annotations-1.3.jar;C:\Users\User\.m2\repository\com\google\inject\guice\5.1.0\guice-5.1.0.jar;C:\Users\User\.m2\repository\javax\inject\javax.inject\1\javax.inject-1.jar;C:\Users\User\.m2\repository\aopalliance\aopalliance\1.0\aopalliance-1.0.jar;C:\Users\User\.m2\repository\org\jsoup\jsoup\1.14.3\jsoup-1.14.3.jar;C:\Users\User\.m2\repository\com\thoughtworks\xstream\xstream\1.4.20\xstream-1.4.20.jar;C:\Users\User\.m2\repository\io\github\x-stream\mxparser\1.2.2\mxparser-1.2.2.jar;C:\Users\User\.m2\repository\xmlpull\xmlpull\1.1.3.1\xmlpull-1.1.3.1.jar;C:\Users\User\.m2\repository\com\typesafe\config\1.4.2\config-1.4.2.jar;C:\Users\User\.m2\repository\org\imgscalr\imgscalr-lib\4.2\imgscalr-lib-4.2.jar;C:\Users\User\.m2\repository\org\awaitility\awaitility\4.2.0\awaitility-4.2.0.jar;C:\Users\User\.m2\repository\org\freemarker\freemarker\2.3.31\freemarker-2.3.31.jar;C:\Users\User\.m2\repository\io\github\classgraph\classgraph\4.8.138\classgraph-4.8.138.jar;C:\Users\User\.m2\repository\net\sourceforge\jexcelapi\jxl\2.6.12\jxl-2.6.12.jar;C:\Users\User\.m2\repository\net\bytebuddy\byte-buddy-agent\1.14.2\byte-buddy-agent-1.14.2.jar;C:\Users\User\.m2\repository\org\objenesis\objenesis\3.3\objenesis-3.3.jar;C:\Users\User\.m2\repository\net\serenity-bdd\serenity-reports\3.6.21\serenity-reports-3.6.21.jar;C:\Users\User\.m2\repository\net\serenity-bdd\serenity-stats\3.6.21\serenity-stats-3.6.21.jar;C:\Users\User\.m2\repository\net\serenity-bdd\serenity-reports-configuration\3.6.21\serenity-reports-configuration-3.6.21.jar;C:\Users\User\.m2\repository\com\vladsch\flexmark\flexmark-all\0.62.2\flexmark-all-0.62.2.jar;C:\Users\User\.m2\repository\com\vladsch\flexmark\flexmark\0.62.2\flexmark-0.62.2.jar;C:\Users\User\.m2\repository\com\vladsch\flexmark\flexmark-ext-abbreviation\0.62.2\flexmark-ext-abbreviation-0.62.2.jar;C:\Users\User\.m2\repository\com\vladsch\flexmark\flexmark-util\0.62.2\flexmark-util-0.62.2.jar;C:\Users\User\.m2\repository\com\vladsch\flexmark\flexmark-ext-admonition\0.62.2\flexmark-ext-admonition-0.62.2.jar;C:\Users\User\.m2\repository\com\vladsch\flexmark\flexmark-ext-anchorlink\0.62.2\flexmark-ext-anchorlink-0.62.2.jar;C:\Users\User\.m2\repository\com\vladsch\flexmark\flexmark-ext-aside\0.62.2\flexmark-ext-aside-0.62.2.jar;C:\Users\User\.m2\repository\com\vladsch\flexmark\flexmark-ext-attributes\0.62.2\flexmark-ext-attributes-0.62.2.jar;C:\Users\User\.m2\repository\com\vladsch\flexmark\flexmark-ext-autolink\0.62.2\flexmark-ext-autolink-0.62.2.jar;C:\Users\User\.m2\repository\org\nibor\autolink\autolink\0.6.0\autolink-0.6.0.jar;C:\Users\User\.m2\repository\com\vladsch\flexmark\flexmark-ext-definition\0.62.2\flexmark-ext-definition-0.62.2.jar;C:\Users\User\.m2\repository\com\vladsch\flexmark\flexmark-ext-emoji\0.62.2\flexmark-ext-emoji-0.62.2.jar;C:\Users\User\.m2\repository\com\vladsch\flexmark\flexmark-ext-enumerated-reference\0.62.2\flexmark-ext-enumerated-reference-0.62.2.jar;C:\Users\User\.m2\repository\com\vladsch\flexmark\flexmark-ext-escaped-character\0.62.2\flexmark-ext-escaped-character-0.62.2.jar;C:\Users\User\.m2\repository\com\vladsch\flexmark\flexmark-ext-footnotes\0.62.2\flexmark-ext-footnotes-0.62.2.jar;C:\Users\User\.m2\repository\com\vladsch\flexmark\flexmark-ext-gfm-issues\0.62.2\flexmark-ext-gfm-issues-0.62.2.jar;C:\Users\User\.m2\repository\com\vladsch\flexmark\flexmark-ext-gfm-strikethrough\0.62.2\flexmark-ext-gfm-strikethrough-0.62.2.jar;C:\Users\User\.m2\repository\com\vladsch\flexmark\flexmark-ext-gfm-tasklist\0.62.2\flexmark-ext-gfm-tasklist-0.62.2.jar;C:\Users\User\.m2\repository\com\vladsch\flexmark\flexmark-ext-gfm-users\0.62.2\flexmark-ext-gfm-users-0.62.2.jar;C:\Users\User\.m2\repository\com\vladsch\flexmark\flexmark-ext-gitlab\0.62.2\flexmark-ext-gitlab-0.62.2.jar;C:\Users\User\.m2\repository\com\vladsch\flexmark\flexmark-ext-jekyll-front-matter\0.62.2\flexmark-ext-jekyll-front-matter-0.62.2.jar;C:\Users\User\.m2\repository\com\vladsch\flexmark\flexmark-ext-jekyll-tag\0.62.2\flexmark-ext-jekyll-tag-0.62.2.jar;C:\Users\User\.m2\repository\com\vladsch\flexmark\flexmark-ext-media-tags\0.62.2\flexmark-ext-media-tags-0.62.2.jar;C:\Users\User\.m2\repository\com\vladsch\flexmark\flexmark-ext-macros\0.62.2\flexmark-ext-macros-0.62.2.jar;C:\Users\User\.m2\repository\com\vladsch\flexmark\flexmark-ext-ins\0.62.2\flexmark-ext-ins-0.62.2.jar;C:\Users\User\.m2\repository\com\vladsch\flexmark\flexmark-ext-xwiki-macros\0.62.2\flexmark-ext-xwiki-macros-0.62.2.jar;C:\Users\User\.m2\repository\com\vladsch\flexmark\flexmark-ext-superscript\0.62.2\flexmark-ext-superscript-0.62.2.jar;C:\Users\User\.m2\repository\com\vladsch\flexmark\flexmark-ext-tables\0.62.2\flexmark-ext-tables-0.62.2.jar;C:\Users\User\.m2\repository\com\vladsch\flexmark\flexmark-ext-toc\0.62.2\flexmark-ext-toc-0.62.2.jar;C:\Users\User\.m2\repository\com\vladsch\flexmark\flexmark-ext-typographic\0.62.2\flexmark-ext-typographic-0.62.2.jar;C:\Users\User\.m2\repository\com\vladsch\flexmark\flexmark-ext-wikilink\0.62.2\flexmark-ext-wikilink-0.62.2.jar;C:\Users\User\.m2\repository\com\vladsch\flexmark\flexmark-ext-yaml-front-matter\0.62.2\flexmark-ext-yaml-front-matter-0.62.2.jar;C:\Users\User\.m2\repository\com\vladsch\flexmark\flexmark-ext-youtube-embedded\0.62.2\flexmark-ext-youtube-embedded-0.62.2.jar;C:\Users\User\.m2\repository\com\vladsch\flexmark\flexmark-html2md-converter\0.62.2\flexmark-html2md-converter-0.62.2.jar;C:\Users\User\.m2\repository\com\vladsch\flexmark\flexmark-jira-converter\0.62.2\flexmark-jira-converter-0.62.2.jar;C:\Users\User\.m2\repository\com\vladsch\flexmark\flexmark-pdf-converter\0.62.2\flexmark-pdf-converter-0.62.2.jar;C:\Users\User\.m2\repository\com\openhtmltopdf\openhtmltopdf-core\1.0.0\openhtmltopdf-core-1.0.0.jar;C:\Users\User\.m2\repository\com\openhtmltopdf\openhtmltopdf-pdfbox\1.0.0\openhtmltopdf-pdfbox-1.0.0.jar;C:\Users\User\.m2\repository\org\apache\pdfbox\pdfbox\2.0.16\pdfbox-2.0.16.jar;C:\Users\User\.m2\repository\org\apache\pdfbox\fontbox\2.0.16\fontbox-2.0.16.jar;C:\Users\User\.m2\repository\org\apache\pdfbox\xmpbox\2.0.16\xmpbox-2.0.16.jar;C:\Users\User\.m2\repository\de\rototor\pdfbox\graphics2d\0.24\graphics2d-0.24.jar;C:\Users\User\.m2\repository\com\openhtmltopdf\openhtmltopdf-rtl-support\1.0.0\openhtmltopdf-rtl-support-1.0.0.jar;C:\Users\User\.m2\repository\com\openhtmltopdf\openhtmltopdf-jsoup-dom-converter\1.0.0\openhtmltopdf-jsoup-dom-converter-1.0.0.jar;C:\Users\User\.m2\repository\com\vladsch\flexmark\flexmark-profile-pegdown\0.62.2\flexmark-profile-pegdown-0.62.2.jar;C:\Users\User\.m2\repository\com\vladsch\flexmark\flexmark-util-ast\0.62.2\flexmark-util-ast-0.62.2.jar;C:\Users\User\.m2\repository\com\vladsch\flexmark\flexmark-util-builder\0.62.2\flexmark-util-builder-0.62.2.jar;C:\Users\User\.m2\repository\com\vladsch\flexmark\flexmark-util-collection\0.62.2\flexmark-util-collection-0.62.2.jar;C:\Users\User\.m2\repository\com\vladsch\flexmark\flexmark-util-data\0.62.2\flexmark-util-data-0.62.2.jar;C:\Users\User\.m2\repository\com\vladsch\flexmark\flexmark-util-dependency\0.62.2\flexmark-util-dependency-0.62.2.jar;C:\Users\User\.m2\repository\com\vladsch\flexmark\flexmark-util-format\0.62.2\flexmark-util-format-0.62.2.jar;C:\Users\User\.m2\repository\com\vladsch\flexmark\flexmark-util-html\0.62.2\flexmark-util-html-0.62.2.jar;C:\Users\User\.m2\repository\com\vladsch\flexmark\flexmark-util-misc\0.62.2\flexmark-util-misc-0.62.2.jar;C:\Users\User\.m2\repository\com\vladsch\flexmark\flexmark-util-options\0.62.2\flexmark-util-options-0.62.2.jar;C:\Users\User\.m2\repository\com\vladsch\flexmark\flexmark-util-sequence\0.62.2\flexmark-util-sequence-0.62.2.jar;C:\Users\User\.m2\repository\com\vladsch\flexmark\flexmark-util-visitor\0.62.2\flexmark-util-visitor-0.62.2.jar;C:\Users\User\.m2\repository\com\vladsch\flexmark\flexmark-youtrack-converter\0.62.2\flexmark-youtrack-converter-0.62.2.jar;C:\Users\User\.m2\repository\com\ibm\icu\icu4j\72.1\icu4j-72.1.jar;C:\Users\User\.m2\repository\es\nitaur\markdown\txtmark\0.16\txtmark-0.16.jar;C:\Users\User\.m2\repository\net\serenity-bdd\serenity-report-resources\3.6.21\serenity-report-resources-3.6.21.jar;C:\Users\User\.m2\repository\com\google\code\gson\gson\2.10.1\gson-2.10.1.jar;C:\Users\User\.m2\repository\com\fasterxml\jackson\core\jackson-core\2.15.0-rc1\jackson-core-2.15.0-rc1.jar;C:\Users\User\.m2\repository\com\fasterxml\jackson\core\jackson-databind\2.15.0-rc1\jackson-databind-2.15.0-rc1.jar;C:\Users\User\.m2\repository\com\fasterxml\jackson\core\jackson-annotations\2.15.0-rc1\jackson-annotations-2.15.0-rc1.jar;C:\Users\User\.m2\repository\commons-codec\commons-codec\1.15\commons-codec-1.15.jar;C:\Users\User\.m2\repository\commons-io\commons-io\2.11.0\commons-io-2.11.0.jar;C:\Users\User\.m2\repository\org\apache\httpcomponents\httpclient\4.5.13\httpclient-4.5.13.jar;C:\Users\User\.m2\repository\org\apache\httpcomponents\httpcore\4.4.13\httpcore-4.4.13.jar;C:\Users\User\.m2\repository\commons-logging\commons-logging\1.2\commons-logging-1.2.jar;C:\Users\User\.m2\repository\org\seleniumhq\selenium\selenium-java\4.8.1\selenium-java-4.8.1.jar;C:\Users\User\.m2\repository\org\seleniumhq\selenium\selenium-devtools-v108\4.8.1\selenium-devtools-v108-4.8.1.jar;C:\Users\User\.m2\repository\org\seleniumhq\selenium\selenium-devtools-v109\4.8.1\selenium-devtools-v109-4.8.1.jar;C:\Users\User\.m2\repository\org\seleniumhq\selenium\selenium-devtools-v110\4.8.1\selenium-devtools-v110-4.8.1.jar;C:\Users\User\.m2\repository\org\seleniumhq\selenium\selenium-devtools-v85\4.8.1\selenium-devtools-v85-4.8.1.jar;C:\Users\User\.m2\repository\org\seleniumhq\selenium\selenium-remote-driver\4.8.1\selenium-remote-driver-4.8.1.jar;C:\Users\User\.m2\repository\com\beust\jcommander\1.82\jcommander-1.82.jar;C:\Users\User\.m2\repository\io\netty\netty-buffer\4.1.87.Final\netty-buffer-4.1.87.Final.jar;C:\Users\User\.m2\repository\io\netty\netty-codec-http\4.1.87.Final\netty-codec-http-4.1.87.Final.jar;C:\Users\User\.m2\repository\io\netty\netty-codec\4.1.87.Final\netty-codec-4.1.87.Final.jar;C:\Users\User\.m2\repository\io\netty\netty-handler\4.1.87.Final\netty-handler-4.1.87.Final.jar;C:\Users\User\.m2\repository\io\netty\netty-common\4.1.87.Final\netty-common-4.1.87.Final.jar;C:\Users\User\.m2\repository\io\netty\netty-transport-classes-epoll\4.1.87.Final\netty-transport-classes-epoll-4.1.87.Final.jar;C:\Users\User\.m2\repository\io\netty\netty-transport-classes-kqueue\4.1.87.Final\netty-transport-classes-kqueue-4.1.87.Final.jar;C:\Users\User\.m2\repository\io\netty\netty-transport-native-epoll\4.1.87.Final\netty-transport-native-epoll-4.1.87.Final.jar;C:\Users\User\.m2\repository\io\netty\netty-transport-native-kqueue\4.1.87.Final\netty-transport-native-kqueue-4.1.87.Final.jar;C:\Users\User\.m2\repository\io\netty\netty-transport-native-unix-common\4.1.87.Final\netty-transport-native-unix-common-4.1.87.Final.jar;C:\Users\User\.m2\repository\io\netty\netty-transport\4.1.87.Final\netty-transport-4.1.87.Final.jar;C:\Users\User\.m2\repository\io\netty\netty-resolver\4.1.87.Final\netty-resolver-4.1.87.Final.jar;C:\Users\User\.m2\repository\io\opentelemetry\opentelemetry-api\1.22.0\opentelemetry-api-1.22.0.jar;C:\Users\User\.m2\repository\io\opentelemetry\opentelemetry-context\1.22.0\opentelemetry-context-1.22.0.jar;C:\Users\User\.m2\repository\io\opentelemetry\opentelemetry-exporter-logging\1.22.0\opentelemetry-exporter-logging-1.22.0.jar;C:\Users\User\.m2\repository\io\opentelemetry\opentelemetry-sdk-metrics\1.22.0\opentelemetry-sdk-metrics-1.22.0.jar;C:\Users\User\.m2\repository\io\opentelemetry\opentelemetry-sdk-logs\1.22.0-alpha\opentelemetry-sdk-logs-1.22.0-alpha.jar;C:\Users\User\.m2\repository\io\opentelemetry\opentelemetry-api-logs\1.22.0-alpha\opentelemetry-api-logs-1.22.0-alpha.jar;C:\Users\User\.m2\repository\io\opentelemetry\opentelemetry-sdk-common\1.22.0\opentelemetry-sdk-common-1.22.0.jar;C:\Users\User\.m2\repository\io\opentelemetry\opentelemetry-sdk-extension-autoconfigure-spi\1.22.0\opentelemetry-sdk-extension-autoconfigure-spi-1.22.0.jar;C:\Users\User\.m2\repository\io\opentelemetry\opentelemetry-sdk-extension-autoconfigure\1.22.0-alpha\opentelemetry-sdk-extension-autoconfigure-1.22.0-alpha.jar;C:\Users\User\.m2\repository\io\opentelemetry\opentelemetry-sdk-trace\1.22.0\opentelemetry-sdk-trace-1.22.0.jar;C:\Users\User\.m2\repository\io\opentelemetry\opentelemetry-sdk\1.22.0\opentelemetry-sdk-1.22.0.jar;C:\Users\User\.m2\repository\io\opentelemetry\opentelemetry-semconv\1.22.0-alpha\opentelemetry-semconv-1.22.0-alpha.jar;C:\Users\User\.m2\repository\io\ous\jtoml\2.0.0\jtoml-2.0.0.jar;C:\Users\User\.m2\repository\org\apache\commons\commons-exec\1.3\commons-exec-1.3.jar;C:\Users\User\.m2\repository\org\asynchttpclient\async-http-client\2.12.3\async-http-client-2.12.3.jar;C:\Users\User\.m2\repository\org\asynchttpclient\async-http-client-netty-utils\2.12.3\async-http-client-netty-utils-2.12.3.jar;C:\Users\User\.m2\repository\io\netty\netty-codec-socks\4.1.60.Final\netty-codec-socks-4.1.60.Final.jar;C:\Users\User\.m2\repository\io\netty\netty-handler-proxy\4.1.60.Final\netty-handler-proxy-4.1.60.Final.jar;C:\Users\User\.m2\repository\io\netty\netty-transport-native-epoll\4.1.60.Final\netty-transport-native-epoll-4.1.60.Final-linux-x86_64.jar;C:\Users\User\.m2\repository\io\netty\netty-transport-native-kqueue\4.1.60.Final\netty-transport-native-kqueue-4.1.60.Final-osx-x86_64.jar;C:\Users\User\.m2\repository\org\reactivestreams\reactive-streams\1.0.3\reactive-streams-1.0.3.jar;C:\Users\User\.m2\repository\com\typesafe\netty\netty-reactive-streams\2.0.4\netty-reactive-streams-2.0.4.jar;C:\Users\User\.m2\repository\org\seleniumhq\selenium\selenium-manager\4.8.1\selenium-manager-4.8.1.jar;C:\Users\User\.m2\repository\org\seleniumhq\selenium\selenium-safari-driver\4.8.1\selenium-safari-driver-4.8.1.jar;C:\Users\User\.m2\repository\org\seleniumhq\selenium\selenium-api\4.8.1\selenium-api-4.8.1.jar;C:\Users\User\.m2\repository\org\seleniumhq\selenium\selenium-support\4.8.1\selenium-support-4.8.1.jar;C:\Users\User\.m2\repository\com\google\auto\service\auto-service-annotations\1.0.1\auto-service-annotations-1.0.1.jar;C:\Users\User\.m2\repository\com\google\auto\service\auto-service\1.0.1\auto-service-1.0.1.jar;C:\Users\User\.m2\repository\com\google\auto\auto-common\1.2\auto-common-1.2.jar;C:\Users\User\.m2\repository\org\seleniumhq\selenium\selenium-json\4.8.1\selenium-json-4.8.1.jar;C:\Users\User\.m2\repository\org\seleniumhq\selenium\selenium-chrome-driver\4.8.1\selenium-chrome-driver-4.8.1.jar;C:\Users\User\.m2\repository\org\seleniumhq\selenium\selenium-chromium-driver\4.8.1\selenium-chromium-driver-4.8.1.jar;C:\Users\User\.m2\repository\org\seleniumhq\selenium\selenium-firefox-driver\4.8.1\selenium-firefox-driver-4.8.1.jar;C:\Users\User\.m2\repository\org\seleniumhq\selenium\selenium-http\4.8.1\selenium-http-4.8.1.jar;C:\Users\User\.m2\repository\dev\failsafe\failsafe\3.3.0\failsafe-3.3.0.jar;C:\Users\User\.m2\repository\org\seleniumhq\selenium\selenium-edge-driver\4.8.1\selenium-edge-driver-4.8.1.jar;C:\Users\User\.m2\repository\org\seleniumhq\selenium\selenium-ie-driver\4.8.1\selenium-ie-driver-4.8.1.jar;C:\Users\User\.m2\repository\org\projectlombok\lombok\1.18.20\lombok-1.18.20.jar;C:\Users\User\.m2\repository\io\appium\java-client\8.3.0\java-client-8.3.0.jar;C:\Users\User\.m2\repository\commons-validator\commons-validator\1.7\commons-validator-1.7.jar;C:\Users\User\.m2\repository\commons-digester\commons-digester\2.1\commons-digester-2.1.jar;C:\Users\User\.m2\repository\org\apache\groovy\groovy\4.0.10\groovy-4.0.10.jar;C:\Users\User\.m2\repository\net\sf\opencsv\opencsv\2.0\opencsv-2.0.jar;C:\Users\User\.m2\repository\commons-beanutils\commons-beanutils\1.9.4\commons-beanutils-1.9.4.jar;C:\Users\User\.m2\repository\org\apache\commons\commons-lang3\3.12.0\commons-lang3-3.12.0.jar;C:\Users\User\.m2\repository\commons-collections\commons-collections\3.2.2\commons-collections-3.2.2.jar;C:\Users\User\.m2\repository\org\fluentlenium\fluentlenium-core\0.10.2\fluentlenium-core-0.10.2.jar;C:\Users\User\.m2\repository\io\github\bonigarcia\webdrivermanager\5.3.0\webdrivermanager-5.3.0.jar;C:\Users\User\.m2\repository\com\github\docker-java\docker-java\3.2.13\docker-java-3.2.13.jar;C:\Users\User\.m2\repository\com\github\docker-java\docker-java-core\3.2.13\docker-java-core-3.2.13.jar;C:\Users\User\.m2\repository\com\github\docker-java\docker-java-api\3.2.13\docker-java-api-3.2.13.jar;C:\Users\User\.m2\repository\org\apache\commons\commons-compress\1.21\commons-compress-1.21.jar;C:\Users\User\.m2\repository\org\bouncycastle\bcpkix-jdk15on\1.64\bcpkix-jdk15on-1.64.jar;C:\Users\User\.m2\repository\org\bouncycastle\bcprov-jdk15on\1.64\bcprov-jdk15on-1.64.jar;C:\Users\User\.m2\repository\org\slf4j\jcl-over-slf4j\1.7.30\jcl-over-slf4j-1.7.30.jar;C:\Users\User\.m2\repository\com\github\docker-java\docker-java-transport-httpclient5\3.2.13\docker-java-transport-httpclient5-3.2.13.jar;C:\Users\User\.m2\repository\com\github\docker-java\docker-java-transport\3.2.13\docker-java-transport-3.2.13.jar;C:\Users\User\.m2\repository\net\java\dev\jna\jna\5.8.0\jna-5.8.0.jar;C:\Users\User\.m2\repository\org\brotli\dec\0.1.2\dec-0.1.2.jar;C:\Users\User\.m2\repository\org\apache\httpcomponents\client5\httpclient5\5.1.3\httpclient5-5.1.3.jar;C:\Users\User\.m2\repository\org\apache\httpcomponents\core5\httpcore5\5.1.3\httpcore5-5.1.3.jar;C:\Users\User\.m2\repository\org\apache\httpcomponents\core5\httpcore5-h2\5.1.3\httpcore5-h2-5.1.3.jar;C:\Users\User\.m2\repository\com\jhlabs\filters\2.0.235\filters-2.0.235.jar;C:\Users\User\.m2\repository\com\paulhammant\ngwebdriver\1.1.6\ngwebdriver-1.1.6.jar;C:\Users\User\.m2\repository\joda-time\joda-time\2.12.2\joda-time-2.12.2.jar;C:\Users\User\.m2\repository\org\hamcrest\hamcrest\2.2\hamcrest-2.2.jar;C:\Users\User\.m2\repository\com\google\jimfs\jimfs\1.2\jimfs-1.2.jar;C:\Users\User\.m2\repository\org\mockito\mockito-core\3.3.3\mockito-core-3.3.3.jar;C:\Users\User\.m2\repository\javax\xml\bind\jaxb-api\2.3.1\jaxb-api-2.3.1.jar;C:\Users\User\.m2\repository\javax\activation\javax.activation-api\1.2.0\javax.activation-api-1.2.0.jar;C:\Users\User\.m2\repository\com\sun\xml\bind\jaxb-core\2.3.0.1\jaxb-core-2.3.0.1.jar;C:\Users\User\.m2\repository\com\sun\xml\bind\jaxb-impl\2.3.3\jaxb-impl-2.3.3.jar;C:\Users\User\.m2\repository\jakarta\xml\bind\jakarta.xml.bind-api\2.3.3\jakarta.xml.bind-api-2.3.3.jar;C:\Users\User\.m2\repository\com\sun\activation\jakarta.activation\1.2.2\jakarta.activation-1.2.2.jar;C:\Users\User\.m2\repository\javax\activation\activation\1.1.1\activation-1.1.1.jar;C:\Users\User\.m2\repository\net\serenity-bdd\serenity-cucumber\3.6.21\serenity-cucumber-3.6.21.jar;C:\Users\User\.m2\repository\io\cucumber\cucumber-core\7.11.0\cucumber-core-7.11.0.jar;C:\Users\User\.m2\repository\io\cucumber\cucumber-gherkin\7.11.0\cucumber-gherkin-7.11.0.jar;C:\Users\User\.m2\repository\io\cucumber\cucumber-gherkin-messages\7.11.0\cucumber-gherkin-messages-7.11.0.jar;C:\Users\User\.m2\repository\io\cucumber\gherkin\26.0.3\gherkin-26.0.3.jar;C:\Users\User\.m2\repository\io\cucumber\messages\21.0.1\messages-21.0.1.jar;C:\Users\User\.m2\repository\io\cucumber\tag-expressions\5.0.1\tag-expressions-5.0.1.jar;C:\Users\User\.m2\repository\io\cucumber\cucumber-expressions\16.1.1\cucumber-expressions-16.1.1.jar;C:\Users\User\.m2\repository\io\cucumber\datatable\7.11.0\datatable-7.11.0.jar;C:\Users\User\.m2\repository\io\cucumber\cucumber-plugin\7.11.0\cucumber-plugin-7.11.0.jar;C:\Users\User\.m2\repository\io\cucumber\docstring\7.11.0\docstring-7.11.0.jar;C:\Users\User\.m2\repository\io\cucumber\html-formatter\20.2.1\html-formatter-20.2.1.jar;C:\Users\User\.m2\repository\io\cucumber\junit-xml-formatter\0.1.0\junit-xml-formatter-0.1.0.jar;C:\Users\User\.m2\repository\io\cucumber\ci-environment\9.1.0\ci-environment-9.1.0.jar;C:\Users\User\.m2\repository\io\cucumber\cucumber-java\7.11.0\cucumber-java-7.11.0.jar;C:\Users\User\.m2\repository\io\cucumber\cucumber-junit\7.11.0\cucumber-junit-7.11.0.jar;C:\Users\User\.m2\repository\org\apache\commons\commons-csv\1.5\commons-csv-1.5.jar;C:\Users\User\.m2\repository\net\serenity-bdd\serenity-screenplay\3.6.21\serenity-screenplay-3.6.21.jar;C:\Users\User\.m2\repository\net\serenity-bdd\serenity-screenplay-webdriver\3.6.21\serenity-screenplay-webdriver-3.6.21.jar;C:\Users\User\.m2\repository\net\serenity-bdd\serenity-ensure\3.6.21\serenity-ensure-3.6.21.jar;C:\Users\User\.m2\repository\net\serenity-bdd\serenity-junit\3.6.21\serenity-junit-3.6.21.jar;C:\Users\User\.m2\repository\org\jetbrains\kotlin\kotlin-stdlib\1.8.10\kotlin-stdlib-1.8.10.jar;C:\Users\User\.m2\repository\org\jetbrains\kotlin\kotlin-stdlib-common\1.8.10\kotlin-stdlib-common-1.8.10.jar;C:\Users\User\.m2\repository\org\jetbrains\annotations\13.0\annotations-13.0.jar;C:\Users\User\.m2\repository\org\junit\platform\junit-platform-launcher\1.8.2\junit-platform-launcher-1.8.2.jar;C:\Users\User\.m2\repository\org\junit\platform\junit-platform-engine\1.8.2\junit-platform-engine-1.8.2.jar;C:\Users\User\.m2\repository\org\opentest4j\opentest4j\1.2.0\opentest4j-1.2.0.jar;C:\Users\User\.m2\repository\org\junit\platform\junit-platform-commons\1.8.2\junit-platform-commons-1.8.2.jar;C:\Users\User\.m2\repository\org\apiguardian\apiguardian-api\1.1.2\apiguardian-api-1.1.2.jar;C:\Users\User\.m2\repository\org\junit\jupiter\junit-jupiter-engine\5.8.2\junit-jupiter-engine-5.8.2.jar;C:\Users\User\.m2\repository\org\junit\jupiter\junit-jupiter-api\5.8.2\junit-jupiter-api-5.8.2.jar;C:\Users\User\.m2\repository\org\junit\vintage\junit-vintage-engine\5.8.2\junit-vintage-engine-5.8.2.jar;C:\Users\User\.m2\repository\junit\junit\4.13.2\junit-4.13.2.jar;C:\Users\User\.m2\repository\org\hamcrest\hamcrest-core\1.3\hamcrest-core-1.3.jar;C:\Users\User\.m2\repository\ch\qos\logback\logback-classic\1.2.10\logback-classic-1.2.10.jar;C:\Users\User\.m2\repository\ch\qos\logback\logback-core\1.2.10\logback-core-1.2.10.jar;C:\Users\User\.m2\repository\org\slf4j\slf4j-api\1.7.32\slf4j-api-1.7.32.jar;C:\Users\User\.m2\repository\org\assertj\assertj-core\3.23.1\assertj-core-3.23.1.jar;C:\Users\User\.m2\repository\net\bytebuddy\byte-buddy\1.12.10\byte-buddy-1.12.10.jar;"/>
    <property name="java.vm.vendor" value="Oracle Corporation"/>
    <property name="sun.arch.data.model" value="64"/>
    <property name="user.variant" value=""/>
    <property name="java.vendor.url" value="https://java.oracle.com/"/>
    <property name="user.timezone" value="Asia/Jakarta"/>
    <property name="os.name" value="Windows 10"/>
    <property name="java.vm.specification.version" value="19"/>
    <property name="sun.java.launcher" value="SUN_STANDARD"/>
    <property name="user.country" value="ID"/>
    <property name="sun.boot.library.path" value="C:\Program Files\Java\jdk-19\bin"/>
    <property name="sun.java.command" value="org.apache.maven.surefire.booter.ForkedBooter C:\Users\User\AppData\Local\Temp\surefire11529260123657093586 2023-05-11T10-46-17_933-jvmRun1 surefire10401499714103094502tmp surefire_08638038387891564073tmp"/>
    <property name="jdk.debug" value="release"/>
    <property name="surefire.test.class.path" value="C:\Users\User\IdeaProjects\IntegrationTest\target\test-classes;C:\Users\User\.m2\repository\net\serenity-bdd\serenity-core\3.6.21\serenity-core-3.6.21.jar;C:\Users\User\.m2\repository\net\serenity-bdd\serenity-model\3.6.21\serenity-model-3.6.21.jar;C:\Users\User\.m2\repository\org\apache\commons\commons-text\1.10.0\commons-text-1.10.0.jar;C:\Users\User\.m2\repository\commons-net\commons-net\3.9.0\commons-net-3.9.0.jar;C:\Users\User\.m2\repository\com\google\guava\guava\31.1-jre\guava-31.1-jre.jar;C:\Users\User\.m2\repository\com\google\guava\failureaccess\1.0.1\failureaccess-1.0.1.jar;C:\Users\User\.m2\repository\com\google\guava\listenablefuture\9999.0-empty-to-avoid-conflict-with-guava\listenablefuture-9999.0-empty-to-avoid-conflict-with-guava.jar;C:\Users\User\.m2\repository\com\google\code\findbugs\jsr305\3.0.2\jsr305-3.0.2.jar;C:\Users\User\.m2\repository\org\checkerframework\checker-qual\3.12.0\checker-qual-3.12.0.jar;C:\Users\User\.m2\repository\com\google\errorprone\error_prone_annotations\2.11.0\error_prone_annotations-2.11.0.jar;C:\Users\User\.m2\repository\com\google\j2objc\j2objc-annotations\1.3\j2objc-annotations-1.3.jar;C:\Users\User\.m2\repository\com\google\inject\guice\5.1.0\guice-5.1.0.jar;C:\Users\User\.m2\repository\javax\inject\javax.inject\1\javax.inject-1.jar;C:\Users\User\.m2\repository\aopalliance\aopalliance\1.0\aopalliance-1.0.jar;C:\Users\User\.m2\repository\org\jsoup\jsoup\1.14.3\jsoup-1.14.3.jar;C:\Users\User\.m2\repository\com\thoughtworks\xstream\xstream\1.4.20\xstream-1.4.20.jar;C:\Users\User\.m2\repository\io\github\x-stream\mxparser\1.2.2\mxparser-1.2.2.jar;C:\Users\User\.m2\repository\xmlpull\xmlpull\1.1.3.1\xmlpull-1.1.3.1.jar;C:\Users\User\.m2\repository\com\typesafe\config\1.4.2\config-1.4.2.jar;C:\Users\User\.m2\repository\org\imgscalr\imgscalr-lib\4.2\imgscalr-lib-4.2.jar;C:\Users\User\.m2\repository\org\awaitility\awaitility\4.2.0\awaitility-4.2.0.jar;C:\Users\User\.m2\repository\org\freemarker\freemarker\2.3.31\freemarker-2.3.31.jar;C:\Users\User\.m2\repository\io\github\classgraph\classgraph\4.8.138\classgraph-4.8.138.jar;C:\Users\User\.m2\repository\net\sourceforge\jexcelapi\jxl\2.6.12\jxl-2.6.12.jar;C:\Users\User\.m2\repository\net\bytebuddy\byte-buddy-agent\1.14.2\byte-buddy-agent-1.14.2.jar;C:\Users\User\.m2\repository\org\objenesis\objenesis\3.3\objenesis-3.3.jar;C:\Users\User\.m2\repository\net\serenity-bdd\serenity-reports\3.6.21\serenity-reports-3.6.21.jar;C:\Users\User\.m2\repository\net\serenity-bdd\serenity-stats\3.6.21\serenity-stats-3.6.21.jar;C:\Users\User\.m2\repository\net\serenity-bdd\serenity-reports-configuration\3.6.21\serenity-reports-configuration-3.6.21.jar;C:\Users\User\.m2\repository\com\vladsch\flexmark\flexmark-all\0.62.2\flexmark-all-0.62.2.jar;C:\Users\User\.m2\repository\com\vladsch\flexmark\flexmark\0.62.2\flexmark-0.62.2.jar;C:\Users\User\.m2\repository\com\vladsch\flexmark\flexmark-ext-abbreviation\0.62.2\flexmark-ext-abbreviation-0.62.2.jar;C:\Users\User\.m2\repository\com\vladsch\flexmark\flexmark-util\0.62.2\flexmark-util-0.62.2.jar;C:\Users\User\.m2\repository\com\vladsch\flexmark\flexmark-ext-admonition\0.62.2\flexmark-ext-admonition-0.62.2.jar;C:\Users\User\.m2\repository\com\vladsch\flexmark\flexmark-ext-anchorlink\0.62.2\flexmark-ext-anchorlink-0.62.2.jar;C:\Users\User\.m2\repository\com\vladsch\flexmark\flexmark-ext-aside\0.62.2\flexmark-ext-aside-0.62.2.jar;C:\Users\User\.m2\repository\com\vladsch\flexmark\flexmark-ext-attributes\0.62.2\flexmark-ext-attributes-0.62.2.jar;C:\Users\User\.m2\repository\com\vladsch\flexmark\flexmark-ext-autolink\0.62.2\flexmark-ext-autolink-0.62.2.jar;C:\Users\User\.m2\repository\org\nibor\autolink\autolink\0.6.0\autolink-0.6.0.jar;C:\Users\User\.m2\repository\com\vladsch\flexmark\flexmark-ext-definition\0.62.2\flexmark-ext-definition-0.62.2.jar;C:\Users\User\.m2\repository\com\vladsch\flexmark\flexmark-ext-emoji\0.62.2\flexmark-ext-emoji-0.62.2.jar;C:\Users\User\.m2\repository\com\vladsch\flexmark\flexmark-ext-enumerated-reference\0.62.2\flexmark-ext-enumerated-reference-0.62.2.jar;C:\Users\User\.m2\repository\com\vladsch\flexmark\flexmark-ext-escaped-character\0.62.2\flexmark-ext-escaped-character-0.62.2.jar;C:\Users\User\.m2\repository\com\vladsch\flexmark\flexmark-ext-footnotes\0.62.2\flexmark-ext-footnotes-0.62.2.jar;C:\Users\User\.m2\repository\com\vladsch\flexmark\flexmark-ext-gfm-issues\0.62.2\flexmark-ext-gfm-issues-0.62.2.jar;C:\Users\User\.m2\repository\com\vladsch\flexmark\flexmark-ext-gfm-strikethrough\0.62.2\flexmark-ext-gfm-strikethrough-0.62.2.jar;C:\Users\User\.m2\repository\com\vladsch\flexmark\flexmark-ext-gfm-tasklist\0.62.2\flexmark-ext-gfm-tasklist-0.62.2.jar;C:\Users\User\.m2\repository\com\vladsch\flexmark\flexmark-ext-gfm-users\0.62.2\flexmark-ext-gfm-users-0.62.2.jar;C:\Users\User\.m2\repository\com\vladsch\flexmark\flexmark-ext-gitlab\0.62.2\flexmark-ext-gitlab-0.62.2.jar;C:\Users\User\.m2\repository\com\vladsch\flexmark\flexmark-ext-jekyll-front-matter\0.62.2\flexmark-ext-jekyll-front-matter-0.62.2.jar;C:\Users\User\.m2\repository\com\vladsch\flexmark\flexmark-ext-jekyll-tag\0.62.2\flexmark-ext-jekyll-tag-0.62.2.jar;C:\Users\User\.m2\repository\com\vladsch\flexmark\flexmark-ext-media-tags\0.62.2\flexmark-ext-media-tags-0.62.2.jar;C:\Users\User\.m2\repository\com\vladsch\flexmark\flexmark-ext-macros\0.62.2\flexmark-ext-macros-0.62.2.jar;C:\Users\User\.m2\repository\com\vladsch\flexmark\flexmark-ext-ins\0.62.2\flexmark-ext-ins-0.62.2.jar;C:\Users\User\.m2\repository\com\vladsch\flexmark\flexmark-ext-xwiki-macros\0.62.2\flexmark-ext-xwiki-macros-0.62.2.jar;C:\Users\User\.m2\repository\com\vladsch\flexmark\flexmark-ext-superscript\0.62.2\flexmark-ext-superscript-0.62.2.jar;C:\Users\User\.m2\repository\com\vladsch\flexmark\flexmark-ext-tables\0.62.2\flexmark-ext-tables-0.62.2.jar;C:\Users\User\.m2\repository\com\vladsch\flexmark\flexmark-ext-toc\0.62.2\flexmark-ext-toc-0.62.2.jar;C:\Users\User\.m2\repository\com\vladsch\flexmark\flexmark-ext-typographic\0.62.2\flexmark-ext-typographic-0.62.2.jar;C:\Users\User\.m2\repository\com\vladsch\flexmark\flexmark-ext-wikilink\0.62.2\flexmark-ext-wikilink-0.62.2.jar;C:\Users\User\.m2\repository\com\vladsch\flexmark\flexmark-ext-yaml-front-matter\0.62.2\flexmark-ext-yaml-front-matter-0.62.2.jar;C:\Users\User\.m2\repository\com\vladsch\flexmark\flexmark-ext-youtube-embedded\0.62.2\flexmark-ext-youtube-embedded-0.62.2.jar;C:\Users\User\.m2\repository\com\vladsch\flexmark\flexmark-html2md-converter\0.62.2\flexmark-html2md-converter-0.62.2.jar;C:\Users\User\.m2\repository\com\vladsch\flexmark\flexmark-jira-converter\0.62.2\flexmark-jira-converter-0.62.2.jar;C:\Users\User\.m2\repository\com\vladsch\flexmark\flexmark-pdf-converter\0.62.2\flexmark-pdf-converter-0.62.2.jar;C:\Users\User\.m2\repository\com\openhtmltopdf\openhtmltopdf-core\1.0.0\openhtmltopdf-core-1.0.0.jar;C:\Users\User\.m2\repository\com\openhtmltopdf\openhtmltopdf-pdfbox\1.0.0\openhtmltopdf-pdfbox-1.0.0.jar;C:\Users\User\.m2\repository\org\apache\pdfbox\pdfbox\2.0.16\pdfbox-2.0.16.jar;C:\Users\User\.m2\repository\org\apache\pdfbox\fontbox\2.0.16\fontbox-2.0.16.jar;C:\Users\User\.m2\repository\org\apache\pdfbox\xmpbox\2.0.16\xmpbox-2.0.16.jar;C:\Users\User\.m2\repository\de\rototor\pdfbox\graphics2d\0.24\graphics2d-0.24.jar;C:\Users\User\.m2\repository\com\openhtmltopdf\openhtmltopdf-rtl-support\1.0.0\openhtmltopdf-rtl-support-1.0.0.jar;C:\Users\User\.m2\repository\com\openhtmltopdf\openhtmltopdf-jsoup-dom-converter\1.0.0\openhtmltopdf-jsoup-dom-converter-1.0.0.jar;C:\Users\User\.m2\repository\com\vladsch\flexmark\flexmark-profile-pegdown\0.62.2\flexmark-profile-pegdown-0.62.2.jar;C:\Users\User\.m2\repository\com\vladsch\flexmark\flexmark-util-ast\0.62.2\flexmark-util-ast-0.62.2.jar;C:\Users\User\.m2\repository\com\vladsch\flexmark\flexmark-util-builder\0.62.2\flexmark-util-builder-0.62.2.jar;C:\Users\User\.m2\repository\com\vladsch\flexmark\flexmark-util-collection\0.62.2\flexmark-util-collection-0.62.2.jar;C:\Users\User\.m2\repository\com\vladsch\flexmark\flexmark-util-data\0.62.2\flexmark-util-data-0.62.2.jar;C:\Users\User\.m2\repository\com\vladsch\flexmark\flexmark-util-dependency\0.62.2\flexmark-util-dependency-0.62.2.jar;C:\Users\User\.m2\repository\com\vladsch\flexmark\flexmark-util-format\0.62.2\flexmark-util-format-0.62.2.jar;C:\Users\User\.m2\repository\com\vladsch\flexmark\flexmark-util-html\0.62.2\flexmark-util-html-0.62.2.jar;C:\Users\User\.m2\repository\com\vladsch\flexmark\flexmark-util-misc\0.62.2\flexmark-util-misc-0.62.2.jar;C:\Users\User\.m2\repository\com\vladsch\flexmark\flexmark-util-options\0.62.2\flexmark-util-options-0.62.2.jar;C:\Users\User\.m2\repository\com\vladsch\flexmark\flexmark-util-sequence\0.62.2\flexmark-util-sequence-0.62.2.jar;C:\Users\User\.m2\repository\com\vladsch\flexmark\flexmark-util-visitor\0.62.2\flexmark-util-visitor-0.62.2.jar;C:\Users\User\.m2\repository\com\vladsch\flexmark\flexmark-youtrack-converter\0.62.2\flexmark-youtrack-converter-0.62.2.jar;C:\Users\User\.m2\repository\com\ibm\icu\icu4j\72.1\icu4j-72.1.jar;C:\Users\User\.m2\repository\es\nitaur\markdown\txtmark\0.16\txtmark-0.16.jar;C:\Users\User\.m2\repository\net\serenity-bdd\serenity-report-resources\3.6.21\serenity-report-resources-3.6.21.jar;C:\Users\User\.m2\repository\com\google\code\gson\gson\2.10.1\gson-2.10.1.jar;C:\Users\User\.m2\repository\com\fasterxml\jackson\core\jackson-core\2.15.0-rc1\jackson-core-2.15.0-rc1.jar;C:\Users\User\.m2\repository\com\fasterxml\jackson\core\jackson-databind\2.15.0-rc1\jackson-databind-2.15.0-rc1.jar;C:\Users\User\.m2\repository\com\fasterxml\jackson\core\jackson-annotations\2.15.0-rc1\jackson-annotations-2.15.0-rc1.jar;C:\Users\User\.m2\repository\commons-codec\commons-codec\1.15\commons-codec-1.15.jar;C:\Users\User\.m2\repository\commons-io\commons-io\2.11.0\commons-io-2.11.0.jar;C:\Users\User\.m2\repository\org\apache\httpcomponents\httpclient\4.5.13\httpclient-4.5.13.jar;C:\Users\User\.m2\repository\org\apache\httpcomponents\httpcore\4.4.13\httpcore-4.4.13.jar;C:\Users\User\.m2\repository\commons-logging\commons-logging\1.2\commons-logging-1.2.jar;C:\Users\User\.m2\repository\org\seleniumhq\selenium\selenium-java\4.8.1\selenium-java-4.8.1.jar;C:\Users\User\.m2\repository\org\seleniumhq\selenium\selenium-devtools-v108\4.8.1\selenium-devtools-v108-4.8.1.jar;C:\Users\User\.m2\repository\org\seleniumhq\selenium\selenium-devtools-v109\4.8.1\selenium-devtools-v109-4.8.1.jar;C:\Users\User\.m2\repository\org\seleniumhq\selenium\selenium-devtools-v110\4.8.1\selenium-devtools-v110-4.8.1.jar;C:\Users\User\.m2\repository\org\seleniumhq\selenium\selenium-devtools-v85\4.8.1\selenium-devtools-v85-4.8.1.jar;C:\Users\User\.m2\repository\org\seleniumhq\selenium\selenium-remote-driver\4.8.1\selenium-remote-driver-4.8.1.jar;C:\Users\User\.m2\repository\com\beust\jcommander\1.82\jcommander-1.82.jar;C:\Users\User\.m2\repository\io\netty\netty-buffer\4.1.87.Final\netty-buffer-4.1.87.Final.jar;C:\Users\User\.m2\repository\io\netty\netty-codec-http\4.1.87.Final\netty-codec-http-4.1.87.Final.jar;C:\Users\User\.m2\repository\io\netty\netty-codec\4.1.87.Final\netty-codec-4.1.87.Final.jar;C:\Users\User\.m2\repository\io\netty\netty-handler\4.1.87.Final\netty-handler-4.1.87.Final.jar;C:\Users\User\.m2\repository\io\netty\netty-common\4.1.87.Final\netty-common-4.1.87.Final.jar;C:\Users\User\.m2\repository\io\netty\netty-transport-classes-epoll\4.1.87.Final\netty-transport-classes-epoll-4.1.87.Final.jar;C:\Users\User\.m2\repository\io\netty\netty-transport-classes-kqueue\4.1.87.Final\netty-transport-classes-kqueue-4.1.87.Final.jar;C:\Users\User\.m2\repository\io\netty\netty-transport-native-epoll\4.1.87.Final\netty-transport-native-epoll-4.1.87.Final.jar;C:\Users\User\.m2\repository\io\netty\netty-transport-native-kqueue\4.1.87.Final\netty-transport-native-kqueue-4.1.87.Final.jar;C:\Users\User\.m2\repository\io\netty\netty-transport-native-unix-common\4.1.87.Final\netty-transport-native-unix-common-4.1.87.Final.jar;C:\Users\User\.m2\repository\io\netty\netty-transport\4.1.87.Final\netty-transport-4.1.87.Final.jar;C:\Users\User\.m2\repository\io\netty\netty-resolver\4.1.87.Final\netty-resolver-4.1.87.Final.jar;C:\Users\User\.m2\repository\io\opentelemetry\opentelemetry-api\1.22.0\opentelemetry-api-1.22.0.jar;C:\Users\User\.m2\repository\io\opentelemetry\opentelemetry-context\1.22.0\opentelemetry-context-1.22.0.jar;C:\Users\User\.m2\repository\io\opentelemetry\opentelemetry-exporter-logging\1.22.0\opentelemetry-exporter-logging-1.22.0.jar;C:\Users\User\.m2\repository\io\opentelemetry\opentelemetry-sdk-metrics\1.22.0\opentelemetry-sdk-metrics-1.22.0.jar;C:\Users\User\.m2\repository\io\opentelemetry\opentelemetry-sdk-logs\1.22.0-alpha\opentelemetry-sdk-logs-1.22.0-alpha.jar;C:\Users\User\.m2\repository\io\opentelemetry\opentelemetry-api-logs\1.22.0-alpha\opentelemetry-api-logs-1.22.0-alpha.jar;C:\Users\User\.m2\repository\io\opentelemetry\opentelemetry-sdk-common\1.22.0\opentelemetry-sdk-common-1.22.0.jar;C:\Users\User\.m2\repository\io\opentelemetry\opentelemetry-sdk-extension-autoconfigure-spi\1.22.0\opentelemetry-sdk-extension-autoconfigure-spi-1.22.0.jar;C:\Users\User\.m2\repository\io\opentelemetry\opentelemetry-sdk-extension-autoconfigure\1.22.0-alpha\opentelemetry-sdk-extension-autoconfigure-1.22.0-alpha.jar;C:\Users\User\.m2\repository\io\opentelemetry\opentelemetry-sdk-trace\1.22.0\opentelemetry-sdk-trace-1.22.0.jar;C:\Users\User\.m2\repository\io\opentelemetry\opentelemetry-sdk\1.22.0\opentelemetry-sdk-1.22.0.jar;C:\Users\User\.m2\repository\io\opentelemetry\opentelemetry-semconv\1.22.0-alpha\opentelemetry-semconv-1.22.0-alpha.jar;C:\Users\User\.m2\repository\io\ous\jtoml\2.0.0\jtoml-2.0.0.jar;C:\Users\User\.m2\repository\org\apache\commons\commons-exec\1.3\commons-exec-1.3.jar;C:\Users\User\.m2\repository\org\asynchttpclient\async-http-client\2.12.3\async-http-client-2.12.3.jar;C:\Users\User\.m2\repository\org\asynchttpclient\async-http-client-netty-utils\2.12.3\async-http-client-netty-utils-2.12.3.jar;C:\Users\User\.m2\repository\io\netty\netty-codec-socks\4.1.60.Final\netty-codec-socks-4.1.60.Final.jar;C:\Users\User\.m2\repository\io\netty\netty-handler-proxy\4.1.60.Final\netty-handler-proxy-4.1.60.Final.jar;C:\Users\User\.m2\repository\io\netty\netty-transport-native-epoll\4.1.60.Final\netty-transport-native-epoll-4.1.60.Final-linux-x86_64.jar;C:\Users\User\.m2\repository\io\netty\netty-transport-native-kqueue\4.1.60.Final\netty-transport-native-kqueue-4.1.60.Final-osx-x86_64.jar;C:\Users\User\.m2\repository\org\reactivestreams\reactive-streams\1.0.3\reactive-streams-1.0.3.jar;C:\Users\User\.m2\repository\com\typesafe\netty\netty-reactive-streams\2.0.4\netty-reactive-streams-2.0.4.jar;C:\Users\User\.m2\repository\org\seleniumhq\selenium\selenium-manager\4.8.1\selenium-manager-4.8.1.jar;C:\Users\User\.m2\repository\org\seleniumhq\selenium\selenium-safari-driver\4.8.1\selenium-safari-driver-4.8.1.jar;C:\Users\User\.m2\repository\org\seleniumhq\selenium\selenium-api\4.8.1\selenium-api-4.8.1.jar;C:\Users\User\.m2\repository\org\seleniumhq\selenium\selenium-support\4.8.1\selenium-support-4.8.1.jar;C:\Users\User\.m2\repository\com\google\auto\service\auto-service-annotations\1.0.1\auto-service-annotations-1.0.1.jar;C:\Users\User\.m2\repository\com\google\auto\service\auto-service\1.0.1\auto-service-1.0.1.jar;C:\Users\User\.m2\repository\com\google\auto\auto-common\1.2\auto-common-1.2.jar;C:\Users\User\.m2\repository\org\seleniumhq\selenium\selenium-json\4.8.1\selenium-json-4.8.1.jar;C:\Users\User\.m2\repository\org\seleniumhq\selenium\selenium-chrome-driver\4.8.1\selenium-chrome-driver-4.8.1.jar;C:\Users\User\.m2\repository\org\seleniumhq\selenium\selenium-chromium-driver\4.8.1\selenium-chromium-driver-4.8.1.jar;C:\Users\User\.m2\repository\org\seleniumhq\selenium\selenium-firefox-driver\4.8.1\selenium-firefox-driver-4.8.1.jar;C:\Users\User\.m2\repository\org\seleniumhq\selenium\selenium-http\4.8.1\selenium-http-4.8.1.jar;C:\Users\User\.m2\repository\dev\failsafe\failsafe\3.3.0\failsafe-3.3.0.jar;C:\Users\User\.m2\repository\org\seleniumhq\selenium\selenium-edge-driver\4.8.1\selenium-edge-driver-4.8.1.jar;C:\Users\User\.m2\repository\org\seleniumhq\selenium\selenium-ie-driver\4.8.1\selenium-ie-driver-4.8.1.jar;C:\Users\User\.m2\repository\org\projectlombok\lombok\1.18.20\lombok-1.18.20.jar;C:\Users\User\.m2\repository\io\appium\java-client\8.3.0\java-client-8.3.0.jar;C:\Users\User\.m2\repository\commons-validator\commons-validator\1.7\commons-validator-1.7.jar;C:\Users\User\.m2\repository\commons-digester\commons-digester\2.1\commons-digester-2.1.jar;C:\Users\User\.m2\repository\org\apache\groovy\groovy\4.0.10\groovy-4.0.10.jar;C:\Users\User\.m2\repository\net\sf\opencsv\opencsv\2.0\opencsv-2.0.jar;C:\Users\User\.m2\repository\commons-beanutils\commons-beanutils\1.9.4\commons-beanutils-1.9.4.jar;C:\Users\User\.m2\repository\org\apache\commons\commons-lang3\3.12.0\commons-lang3-3.12.0.jar;C:\Users\User\.m2\repository\commons-collections\commons-collections\3.2.2\commons-collections-3.2.2.jar;C:\Users\User\.m2\repository\org\fluentlenium\fluentlenium-core\0.10.2\fluentlenium-core-0.10.2.jar;C:\Users\User\.m2\repository\io\github\bonigarcia\webdrivermanager\5.3.0\webdrivermanager-5.3.0.jar;C:\Users\User\.m2\repository\com\github\docker-java\docker-java\3.2.13\docker-java-3.2.13.jar;C:\Users\User\.m2\repository\com\github\docker-java\docker-java-core\3.2.13\docker-java-core-3.2.13.jar;C:\Users\User\.m2\repository\com\github\docker-java\docker-java-api\3.2.13\docker-java-api-3.2.13.jar;C:\Users\User\.m2\repository\org\apache\commons\commons-compress\1.21\commons-compress-1.21.jar;C:\Users\User\.m2\repository\org\bouncycastle\bcpkix-jdk15on\1.64\bcpkix-jdk15on-1.64.jar;C:\Users\User\.m2\repository\org\bouncycastle\bcprov-jdk15on\1.64\bcprov-jdk15on-1.64.jar;C:\Users\User\.m2\repository\org\slf4j\jcl-over-slf4j\1.7.30\jcl-over-slf4j-1.7.30.jar;C:\Users\User\.m2\repository\com\github\docker-java\docker-java-transport-httpclient5\3.2.13\docker-java-transport-httpclient5-3.2.13.jar;C:\Users\User\.m2\repository\com\github\docker-java\docker-java-transport\3.2.13\docker-java-transport-3.2.13.jar;C:\Users\User\.m2\repository\net\java\dev\jna\jna\5.8.0\jna-5.8.0.jar;C:\Users\User\.m2\repository\org\brotli\dec\0.1.2\dec-0.1.2.jar;C:\Users\User\.m2\repository\org\apache\httpcomponents\client5\httpclient5\5.1.3\httpclient5-5.1.3.jar;C:\Users\User\.m2\repository\org\apache\httpcomponents\core5\httpcore5\5.1.3\httpcore5-5.1.3.jar;C:\Users\User\.m2\repository\org\apache\httpcomponents\core5\httpcore5-h2\5.1.3\httpcore5-h2-5.1.3.jar;C:\Users\User\.m2\repository\com\jhlabs\filters\2.0.235\filters-2.0.235.jar;C:\Users\User\.m2\repository\com\paulhammant\ngwebdriver\1.1.6\ngwebdriver-1.1.6.jar;C:\Users\User\.m2\repository\joda-time\joda-time\2.12.2\joda-time-2.12.2.jar;C:\Users\User\.m2\repository\org\hamcrest\hamcrest\2.2\hamcrest-2.2.jar;C:\Users\User\.m2\repository\com\google\jimfs\jimfs\1.2\jimfs-1.2.jar;C:\Users\User\.m2\repository\org\mockito\mockito-core\3.3.3\mockito-core-3.3.3.jar;C:\Users\User\.m2\repository\javax\xml\bind\jaxb-api\2.3.1\jaxb-api-2.3.1.jar;C:\Users\User\.m2\repository\javax\activation\javax.activation-api\1.2.0\javax.activation-api-1.2.0.jar;C:\Users\User\.m2\repository\com\sun\xml\bind\jaxb-core\2.3.0.1\jaxb-core-2.3.0.1.jar;C:\Users\User\.m2\repository\com\sun\xml\bind\jaxb-impl\2.3.3\jaxb-impl-2.3.3.jar;C:\Users\User\.m2\repository\jakarta\xml\bind\jakarta.xml.bind-api\2.3.3\jakarta.xml.bind-api-2.3.3.jar;C:\Users\User\.m2\repository\com\sun\activation\jakarta.activation\1.2.2\jakarta.activation-1.2.2.jar;C:\Users\User\.m2\repository\javax\activation\activation\1.1.1\activation-1.1.1.jar;C:\Users\User\.m2\repository\net\serenity-bdd\serenity-cucumber\3.6.21\serenity-cucumber-3.6.21.jar;C:\Users\User\.m2\repository\io\cucumber\cucumber-core\7.11.0\cucumber-core-7.11.0.jar;C:\Users\User\.m2\repository\io\cucumber\cucumber-gherkin\7.11.0\cucumber-gherkin-7.11.0.jar;C:\Users\User\.m2\repository\io\cucumber\cucumber-gherkin-messages\7.11.0\cucumber-gherkin-messages-7.11.0.jar;C:\Users\User\.m2\repository\io\cucumber\gherkin\26.0.3\gherkin-26.0.3.jar;C:\Users\User\.m2\repository\io\cucumber\messages\21.0.1\messages-21.0.1.jar;C:\Users\User\.m2\repository\io\cucumber\tag-expressions\5.0.1\tag-expressions-5.0.1.jar;C:\Users\User\.m2\repository\io\cucumber\cucumber-expressions\16.1.1\cucumber-expressions-16.1.1.jar;C:\Users\User\.m2\repository\io\cucumber\datatable\7.11.0\datatable-7.11.0.jar;C:\Users\User\.m2\repository\io\cucumber\cucumber-plugin\7.11.0\cucumber-plugin-7.11.0.jar;C:\Users\User\.m2\repository\io\cucumber\docstring\7.11.0\docstring-7.11.0.jar;C:\Users\User\.m2\repository\io\cucumber\html-formatter\20.2.1\html-formatter-20.2.1.jar;C:\Users\User\.m2\repository\io\cucumber\junit-xml-formatter\0.1.0\junit-xml-formatter-0.1.0.jar;C:\Users\User\.m2\repository\io\cucumber\ci-environment\9.1.0\ci-environment-9.1.0.jar;C:\Users\User\.m2\repository\io\cucumber\cucumber-java\7.11.0\cucumber-java-7.11.0.jar;C:\Users\User\.m2\repository\io\cucumber\cucumber-junit\7.11.0\cucumber-junit-7.11.0.jar;C:\Users\User\.m2\repository\org\apache\commons\commons-csv\1.5\commons-csv-1.5.jar;C:\Users\User\.m2\repository\net\serenity-bdd\serenity-screenplay\3.6.21\serenity-screenplay-3.6.21.jar;C:\Users\User\.m2\repository\net\serenity-bdd\serenity-screenplay-webdriver\3.6.21\serenity-screenplay-webdriver-3.6.21.jar;C:\Users\User\.m2\repository\net\serenity-bdd\serenity-ensure\3.6.21\serenity-ensure-3.6.21.jar;C:\Users\User\.m2\repository\net\serenity-bdd\serenity-junit\3.6.21\serenity-junit-3.6.21.jar;C:\Users\User\.m2\repository\org\jetbrains\kotlin\kotlin-stdlib\1.8.10\kotlin-stdlib-1.8.10.jar;C:\Users\User\.m2\repository\org\jetbrains\kotlin\kotlin-stdlib-common\1.8.10\kotlin-stdlib-common-1.8.10.jar;C:\Users\User\.m2\repository\org\jetbrains\annotations\13.0\annotations-13.0.jar;C:\Users\User\.m2\repository\org\junit\platform\junit-platform-launcher\1.8.2\junit-platform-launcher-1.8.2.jar;C:\Users\User\.m2\repository\org\junit\platform\junit-platform-engine\1.8.2\junit-platform-engine-1.8.2.jar;C:\Users\User\.m2\repository\org\opentest4j\opentest4j\1.2.0\opentest4j-1.2.0.jar;C:\Users\User\.m2\repository\org\junit\platform\junit-platform-commons\1.8.2\junit-platform-commons-1.8.2.jar;C:\Users\User\.m2\repository\org\apiguardian\apiguardian-api\1.1.2\apiguardian-api-1.1.2.jar;C:\Users\User\.m2\repository\org\junit\jupiter\junit-jupiter-engine\5.8.2\junit-jupiter-engine-5.8.2.jar;C:\Users\User\.m2\repository\org\junit\jupiter\junit-jupiter-api\5.8.2\junit-jupiter-api-5.8.2.jar;C:\Users\User\.m2\repository\org\junit\vintage\junit-vintage-engine\5.8.2\junit-vintage-engine-5.8.2.jar;C:\Users\User\.m2\repository\junit\junit\4.13.2\junit-4.13.2.jar;C:\Users\User\.m2\repository\org\hamcrest\hamcrest-core\1.3\hamcrest-core-1.3.jar;C:\Users\User\.m2\repository\ch\qos\logback\logback-classic\1.2.10\logback-classic-1.2.10.jar;C:\Users\User\.m2\repository\ch\qos\logback\logback-core\1.2.10\logback-core-1.2.10.jar;C:\Users\User\.m2\repository\org\slf4j\slf4j-api\1.7.32\slf4j-api-1.7.32.jar;C:\Users\User\.m2\repository\org\assertj\assertj-core\3.23.1\assertj-core-3.23.1.jar;C:\Users\User\.m2\repository\net\bytebuddy\byte-buddy\1.12.10\byte-buddy-1.12.10.jar;"/>
    <property name="sun.cpu.endian" value="little"/>
    <property name="user.home" value="C:\Users\User"/>
    <property name="user.language" value="en"/>
    <property name="java.specification.vendor" value="Oracle Corporation"/>
    <property name="jdk.module.path" value="C:\Users\User\IdeaProjects\IntegrationTest\target\WebIntegration-1.0-SNAPSHOT.jar"/>
    <property name="java.version.date" value="2023-01-17"/>
    <property name="java.home" value="C:\Program Files\Java\jdk-19"/>
    <property name="file.separator" value="\"/>
    <property name="basedir" value="C:\Users\User\IdeaProjects\IntegrationTest"/>
    <property name="java.vm.compressedOopsMode" value="32-bit"/>
    <property name="line.separator" value="&#10;"/>
    <property name="java.vm.specification.vendor" value="Oracle Corporation"/>
    <property name="java.specification.name" value="Java Platform API Specification"/>
    <property name="surefire.real.class.path" value="C:\Users\User\.m2\repository\org\apache\maven\surefire\surefire-booter\3.0.0-M5\surefire-booter-3.0.0-M5.jar;C:\Users\User\.m2\repository\org\apache\maven\surefire\surefire-api\3.0.0-M5\surefire-api-3.0.0-M5.jar;C:\Users\User\.m2\repository\org\apache\maven\surefire\surefire-logger-api\3.0.0-M5\surefire-logger-api-3.0.0-M5.jar;C:\Users\User\.m2\repository\org\apache\maven\surefire\surefire-shared-utils\3.0.0-M4\surefire-shared-utils-3.0.0-M4.jar;C:\Users\User\.m2\repository\org\apache\maven\surefire\surefire-extensions-spi\3.0.0-M5\surefire-extensions-spi-3.0.0-M5.jar;C:\Users\User\IdeaProjects\IntegrationTest\target\test-classes;C:\Users\User\.m2\repository\net\serenity-bdd\serenity-core\3.6.21\serenity-core-3.6.21.jar;C:\Users\User\.m2\repository\net\serenity-bdd\serenity-model\3.6.21\serenity-model-3.6.21.jar;C:\Users\User\.m2\repository\org\apache\commons\commons-text\1.10.0\commons-text-1.10.0.jar;C:\Users\User\.m2\repository\commons-net\commons-net\3.9.0\commons-net-3.9.0.jar;C:\Users\User\.m2\repository\com\google\guava\guava\31.1-jre\guava-31.1-jre.jar;C:\Users\User\.m2\repository\com\google\guava\failureaccess\1.0.1\failureaccess-1.0.1.jar;C:\Users\User\.m2\repository\com\google\guava\listenablefuture\9999.0-empty-to-avoid-conflict-with-guava\listenablefuture-9999.0-empty-to-avoid-conflict-with-guava.jar;C:\Users\User\.m2\repository\com\google\code\findbugs\jsr305\3.0.2\jsr305-3.0.2.jar;C:\Users\User\.m2\repository\org\checkerframework\checker-qual\3.12.0\checker-qual-3.12.0.jar;C:\Users\User\.m2\repository\com\google\errorprone\error_prone_annotations\2.11.0\error_prone_annotations-2.11.0.jar;C:\Users\User\.m2\repository\com\google\j2objc\j2objc-annotations\1.3\j2objc-annotations-1.3.jar;C:\Users\User\.m2\repository\com\google\inject\guice\5.1.0\guice-5.1.0.jar;C:\Users\User\.m2\repository\javax\inject\javax.inject\1\javax.inject-1.jar;C:\Users\User\.m2\repository\aopalliance\aopalliance\1.0\aopalliance-1.0.jar;C:\Users\User\.m2\repository\org\jsoup\jsoup\1.14.3\jsoup-1.14.3.jar;C:\Users\User\.m2\repository\com\thoughtworks\xstream\xstream\1.4.20\xstream-1.4.20.jar;C:\Users\User\.m2\repository\io\github\x-stream\mxparser\1.2.2\mxparser-1.2.2.jar;C:\Users\User\.m2\repository\xmlpull\xmlpull\1.1.3.1\xmlpull-1.1.3.1.jar;C:\Users\User\.m2\repository\com\typesafe\config\1.4.2\config-1.4.2.jar;C:\Users\User\.m2\repository\org\imgscalr\imgscalr-lib\4.2\imgscalr-lib-4.2.jar;C:\Users\User\.m2\repository\org\awaitility\awaitility\4.2.0\awaitility-4.2.0.jar;C:\Users\User\.m2\repository\org\freemarker\freemarker\2.3.31\freemarker-2.3.31.jar;C:\Users\User\.m2\repository\io\github\classgraph\classgraph\4.8.138\classgraph-4.8.138.jar;C:\Users\User\.m2\repository\net\sourceforge\jexcelapi\jxl\2.6.12\jxl-2.6.12.jar;C:\Users\User\.m2\repository\net\bytebuddy\byte-buddy-agent\1.14.2\byte-buddy-agent-1.14.2.jar;C:\Users\User\.m2\repository\org\objenesis\objenesis\3.3\objenesis-3.3.jar;C:\Users\User\.m2\repository\net\serenity-bdd\serenity-reports\3.6.21\serenity-reports-3.6.21.jar;C:\Users\User\.m2\repository\net\serenity-bdd\serenity-stats\3.6.21\serenity-stats-3.6.21.jar;C:\Users\User\.m2\repository\net\serenity-bdd\serenity-reports-configuration\3.6.21\serenity-reports-configuration-3.6.21.jar;C:\Users\User\.m2\repository\com\vladsch\flexmark\flexmark-all\0.62.2\flexmark-all-0.62.2.jar;C:\Users\User\.m2\repository\com\vladsch\flexmark\flexmark\0.62.2\flexmark-0.62.2.jar;C:\Users\User\.m2\repository\com\vladsch\flexmark\flexmark-ext-abbreviation\0.62.2\flexmark-ext-abbreviation-0.62.2.jar;C:\Users\User\.m2\repository\com\vladsch\flexmark\flexmark-util\0.62.2\flexmark-util-0.62.2.jar;C:\Users\User\.m2\repository\com\vladsch\flexmark\flexmark-ext-admonition\0.62.2\flexmark-ext-admonition-0.62.2.jar;C:\Users\User\.m2\repository\com\vladsch\flexmark\flexmark-ext-anchorlink\0.62.2\flexmark-ext-anchorlink-0.62.2.jar;C:\Users\User\.m2\repository\com\vladsch\flexmark\flexmark-ext-aside\0.62.2\flexmark-ext-aside-0.62.2.jar;C:\Users\User\.m2\repository\com\vladsch\flexmark\flexmark-ext-attributes\0.62.2\flexmark-ext-attributes-0.62.2.jar;C:\Users\User\.m2\repository\com\vladsch\flexmark\flexmark-ext-autolink\0.62.2\flexmark-ext-autolink-0.62.2.jar;C:\Users\User\.m2\repository\org\nibor\autolink\autolink\0.6.0\autolink-0.6.0.jar;C:\Users\User\.m2\repository\com\vladsch\flexmark\flexmark-ext-definition\0.62.2\flexmark-ext-definition-0.62.2.jar;C:\Users\User\.m2\repository\com\vladsch\flexmark\flexmark-ext-emoji\0.62.2\flexmark-ext-emoji-0.62.2.jar;C:\Users\User\.m2\repository\com\vladsch\flexmark\flexmark-ext-enumerated-reference\0.62.2\flexmark-ext-enumerated-reference-0.62.2.jar;C:\Users\User\.m2\repository\com\vladsch\flexmark\flexmark-ext-escaped-character\0.62.2\flexmark-ext-escaped-character-0.62.2.jar;C:\Users\User\.m2\repository\com\vladsch\flexmark\flexmark-ext-footnotes\0.62.2\flexmark-ext-footnotes-0.62.2.jar;C:\Users\User\.m2\repository\com\vladsch\flexmark\flexmark-ext-gfm-issues\0.62.2\flexmark-ext-gfm-issues-0.62.2.jar;C:\Users\User\.m2\repository\com\vladsch\flexmark\flexmark-ext-gfm-strikethrough\0.62.2\flexmark-ext-gfm-strikethrough-0.62.2.jar;C:\Users\User\.m2\repository\com\vladsch\flexmark\flexmark-ext-gfm-tasklist\0.62.2\flexmark-ext-gfm-tasklist-0.62.2.jar;C:\Users\User\.m2\repository\com\vladsch\flexmark\flexmark-ext-gfm-users\0.62.2\flexmark-ext-gfm-users-0.62.2.jar;C:\Users\User\.m2\repository\com\vladsch\flexmark\flexmark-ext-gitlab\0.62.2\flexmark-ext-gitlab-0.62.2.jar;C:\Users\User\.m2\repository\com\vladsch\flexmark\flexmark-ext-jekyll-front-matter\0.62.2\flexmark-ext-jekyll-front-matter-0.62.2.jar;C:\Users\User\.m2\repository\com\vladsch\flexmark\flexmark-ext-jekyll-tag\0.62.2\flexmark-ext-jekyll-tag-0.62.2.jar;C:\Users\User\.m2\repository\com\vladsch\flexmark\flexmark-ext-media-tags\0.62.2\flexmark-ext-media-tags-0.62.2.jar;C:\Users\User\.m2\repository\com\vladsch\flexmark\flexmark-ext-macros\0.62.2\flexmark-ext-macros-0.62.2.jar;C:\Users\User\.m2\repository\com\vladsch\flexmark\flexmark-ext-ins\0.62.2\flexmark-ext-ins-0.62.2.jar;C:\Users\User\.m2\repository\com\vladsch\flexmark\flexmark-ext-xwiki-macros\0.62.2\flexmark-ext-xwiki-macros-0.62.2.jar;C:\Users\User\.m2\repository\com\vladsch\flexmark\flexmark-ext-superscript\0.62.2\flexmark-ext-superscript-0.62.2.jar;C:\Users\User\.m2\repository\com\vladsch\flexmark\flexmark-ext-tables\0.62.2\flexmark-ext-tables-0.62.2.jar;C:\Users\User\.m2\repository\com\vladsch\flexmark\flexmark-ext-toc\0.62.2\flexmark-ext-toc-0.62.2.jar;C:\Users\User\.m2\repository\com\vladsch\flexmark\flexmark-ext-typographic\0.62.2\flexmark-ext-typographic-0.62.2.jar;C:\Users\User\.m2\repository\com\vladsch\flexmark\flexmark-ext-wikilink\0.62.2\flexmark-ext-wikilink-0.62.2.jar;C:\Users\User\.m2\repository\com\vladsch\flexmark\flexmark-ext-yaml-front-matter\0.62.2\flexmark-ext-yaml-front-matter-0.62.2.jar;C:\Users\User\.m2\repository\com\vladsch\flexmark\flexmark-ext-youtube-embedded\0.62.2\flexmark-ext-youtube-embedded-0.62.2.jar;C:\Users\User\.m2\repository\com\vladsch\flexmark\flexmark-html2md-converter\0.62.2\flexmark-html2md-converter-0.62.2.jar;C:\Users\User\.m2\repository\com\vladsch\flexmark\flexmark-jira-converter\0.62.2\flexmark-jira-converter-0.62.2.jar;C:\Users\User\.m2\repository\com\vladsch\flexmark\flexmark-pdf-converter\0.62.2\flexmark-pdf-converter-0.62.2.jar;C:\Users\User\.m2\repository\com\openhtmltopdf\openhtmltopdf-core\1.0.0\openhtmltopdf-core-1.0.0.jar;C:\Users\User\.m2\repository\com\openhtmltopdf\openhtmltopdf-pdfbox\1.0.0\openhtmltopdf-pdfbox-1.0.0.jar;C:\Users\User\.m2\repository\org\apache\pdfbox\pdfbox\2.0.16\pdfbox-2.0.16.jar;C:\Users\User\.m2\repository\org\apache\pdfbox\fontbox\2.0.16\fontbox-2.0.16.jar;C:\Users\User\.m2\repository\org\apache\pdfbox\xmpbox\2.0.16\xmpbox-2.0.16.jar;C:\Users\User\.m2\repository\de\rototor\pdfbox\graphics2d\0.24\graphics2d-0.24.jar;C:\Users\User\.m2\repository\com\openhtmltopdf\openhtmltopdf-rtl-support\1.0.0\openhtmltopdf-rtl-support-1.0.0.jar;C:\Users\User\.m2\repository\com\openhtmltopdf\openhtmltopdf-jsoup-dom-converter\1.0.0\openhtmltopdf-jsoup-dom-converter-1.0.0.jar;C:\Users\User\.m2\repository\com\vladsch\flexmark\flexmark-profile-pegdown\0.62.2\flexmark-profile-pegdown-0.62.2.jar;C:\Users\User\.m2\repository\com\vladsch\flexmark\flexmark-util-ast\0.62.2\flexmark-util-ast-0.62.2.jar;C:\Users\User\.m2\repository\com\vladsch\flexmark\flexmark-util-builder\0.62.2\flexmark-util-builder-0.62.2.jar;C:\Users\User\.m2\repository\com\vladsch\flexmark\flexmark-util-collection\0.62.2\flexmark-util-collection-0.62.2.jar;C:\Users\User\.m2\repository\com\vladsch\flexmark\flexmark-util-data\0.62.2\flexmark-util-data-0.62.2.jar;C:\Users\User\.m2\repository\com\vladsch\flexmark\flexmark-util-dependency\0.62.2\flexmark-util-dependency-0.62.2.jar;C:\Users\User\.m2\repository\com\vladsch\flexmark\flexmark-util-format\0.62.2\flexmark-util-format-0.62.2.jar;C:\Users\User\.m2\repository\com\vladsch\flexmark\flexmark-util-html\0.62.2\flexmark-util-html-0.62.2.jar;C:\Users\User\.m2\repository\com\vladsch\flexmark\flexmark-util-misc\0.62.2\flexmark-util-misc-0.62.2.jar;C:\Users\User\.m2\repository\com\vladsch\flexmark\flexmark-util-options\0.62.2\flexmark-util-options-0.62.2.jar;C:\Users\User\.m2\repository\com\vladsch\flexmark\flexmark-util-sequence\0.62.2\flexmark-util-sequence-0.62.2.jar;C:\Users\User\.m2\repository\com\vladsch\flexmark\flexmark-util-visitor\0.62.2\flexmark-util-visitor-0.62.2.jar;C:\Users\User\.m2\repository\com\vladsch\flexmark\flexmark-youtrack-converter\0.62.2\flexmark-youtrack-converter-0.62.2.jar;C:\Users\User\.m2\repository\com\ibm\icu\icu4j\72.1\icu4j-72.1.jar;C:\Users\User\.m2\repository\es\nitaur\markdown\txtmark\0.16\txtmark-0.16.jar;C:\Users\User\.m2\repository\net\serenity-bdd\serenity-report-resources\3.6.21\serenity-report-resources-3.6.21.jar;C:\Users\User\.m2\repository\com\google\code\gson\gson\2.10.1\gson-2.10.1.jar;C:\Users\User\.m2\repository\com\fasterxml\jackson\core\jackson-core\2.15.0-rc1\jackson-core-2.15.0-rc1.jar;C:\Users\User\.m2\repository\com\fasterxml\jackson\core\jackson-databind\2.15.0-rc1\jackson-databind-2.15.0-rc1.jar;C:\Users\User\.m2\repository\com\fasterxml\jackson\core\jackson-annotations\2.15.0-rc1\jackson-annotations-2.15.0-rc1.jar;C:\Users\User\.m2\repository\commons-codec\commons-codec\1.15\commons-codec-1.15.jar;C:\Users\User\.m2\repository\commons-io\commons-io\2.11.0\commons-io-2.11.0.jar;C:\Users\User\.m2\repository\org\apache\httpcomponents\httpclient\4.5.13\httpclient-4.5.13.jar;C:\Users\User\.m2\repository\org\apache\httpcomponents\httpcore\4.4.13\httpcore-4.4.13.jar;C:\Users\User\.m2\repository\commons-logging\commons-logging\1.2\commons-logging-1.2.jar;C:\Users\User\.m2\repository\org\seleniumhq\selenium\selenium-java\4.8.1\selenium-java-4.8.1.jar;C:\Users\User\.m2\repository\org\seleniumhq\selenium\selenium-devtools-v108\4.8.1\selenium-devtools-v108-4.8.1.jar;C:\Users\User\.m2\repository\org\seleniumhq\selenium\selenium-devtools-v109\4.8.1\selenium-devtools-v109-4.8.1.jar;C:\Users\User\.m2\repository\org\seleniumhq\selenium\selenium-devtools-v110\4.8.1\selenium-devtools-v110-4.8.1.jar;C:\Users\User\.m2\repository\org\seleniumhq\selenium\selenium-devtools-v85\4.8.1\selenium-devtools-v85-4.8.1.jar;C:\Users\User\.m2\repository\org\seleniumhq\selenium\selenium-remote-driver\4.8.1\selenium-remote-driver-4.8.1.jar;C:\Users\User\.m2\repository\com\beust\jcommander\1.82\jcommander-1.82.jar;C:\Users\User\.m2\repository\io\netty\netty-buffer\4.1.87.Final\netty-buffer-4.1.87.Final.jar;C:\Users\User\.m2\repository\io\netty\netty-codec-http\4.1.87.Final\netty-codec-http-4.1.87.Final.jar;C:\Users\User\.m2\repository\io\netty\netty-codec\4.1.87.Final\netty-codec-4.1.87.Final.jar;C:\Users\User\.m2\repository\io\netty\netty-handler\4.1.87.Final\netty-handler-4.1.87.Final.jar;C:\Users\User\.m2\repository\io\netty\netty-common\4.1.87.Final\netty-common-4.1.87.Final.jar;C:\Users\User\.m2\repository\io\netty\netty-transport-classes-epoll\4.1.87.Final\netty-transport-classes-epoll-4.1.87.Final.jar;C:\Users\User\.m2\repository\io\netty\netty-transport-classes-kqueue\4.1.87.Final\netty-transport-classes-kqueue-4.1.87.Final.jar;C:\Users\User\.m2\repository\io\netty\netty-transport-native-epoll\4.1.87.Final\netty-transport-native-epoll-4.1.87.Final.jar;C:\Users\User\.m2\repository\io\netty\netty-transport-native-kqueue\4.1.87.Final\netty-transport-native-kqueue-4.1.87.Final.jar;C:\Users\User\.m2\repository\io\netty\netty-transport-native-unix-common\4.1.87.Final\netty-transport-native-unix-common-4.1.87.Final.jar;C:\Users\User\.m2\repository\io\netty\netty-transport\4.1.87.Final\netty-transport-4.1.87.Final.jar;C:\Users\User\.m2\repository\io\netty\netty-resolver\4.1.87.Final\netty-resolver-4.1.87.Final.jar;C:\Users\User\.m2\repository\io\opentelemetry\opentelemetry-api\1.22.0\opentelemetry-api-1.22.0.jar;C:\Users\User\.m2\repository\io\opentelemetry\opentelemetry-context\1.22.0\opentelemetry-context-1.22.0.jar;C:\Users\User\.m2\repository\io\opentelemetry\opentelemetry-exporter-logging\1.22.0\opentelemetry-exporter-logging-1.22.0.jar;C:\Users\User\.m2\repository\io\opentelemetry\opentelemetry-sdk-metrics\1.22.0\opentelemetry-sdk-metrics-1.22.0.jar;C:\Users\User\.m2\repository\io\opentelemetry\opentelemetry-sdk-logs\1.22.0-alpha\opentelemetry-sdk-logs-1.22.0-alpha.jar;C:\Users\User\.m2\repository\io\opentelemetry\opentelemetry-api-logs\1.22.0-alpha\opentelemetry-api-logs-1.22.0-alpha.jar;C:\Users\User\.m2\repository\io\opentelemetry\opentelemetry-sdk-common\1.22.0\opentelemetry-sdk-common-1.22.0.jar;C:\Users\User\.m2\repository\io\opentelemetry\opentelemetry-sdk-extension-autoconfigure-spi\1.22.0\opentelemetry-sdk-extension-autoconfigure-spi-1.22.0.jar;C:\Users\User\.m2\repository\io\opentelemetry\opentelemetry-sdk-extension-autoconfigure\1.22.0-alpha\opentelemetry-sdk-extension-autoconfigure-1.22.0-alpha.jar;C:\Users\User\.m2\repository\io\opentelemetry\opentelemetry-sdk-trace\1.22.0\opentelemetry-sdk-trace-1.22.0.jar;C:\Users\User\.m2\repository\io\opentelemetry\opentelemetry-sdk\1.22.0\opentelemetry-sdk-1.22.0.jar;C:\Users\User\.m2\repository\io\opentelemetry\opentelemetry-semconv\1.22.0-alpha\opentelemetry-semconv-1.22.0-alpha.jar;C:\Users\User\.m2\repository\io\ous\jtoml\2.0.0\jtoml-2.0.0.jar;C:\Users\User\.m2\repository\org\apache\commons\commons-exec\1.3\commons-exec-1.3.jar;C:\Users\User\.m2\repository\org\asynchttpclient\async-http-client\2.12.3\async-http-client-2.12.3.jar;C:\Users\User\.m2\repository\org\asynchttpclient\async-http-client-netty-utils\2.12.3\async-http-client-netty-utils-2.12.3.jar;C:\Users\User\.m2\repository\io\netty\netty-codec-socks\4.1.60.Final\netty-codec-socks-4.1.60.Final.jar;C:\Users\User\.m2\repository\io\netty\netty-handler-proxy\4.1.60.Final\netty-handler-proxy-4.1.60.Final.jar;C:\Users\User\.m2\repository\io\netty\netty-transport-native-epoll\4.1.60.Final\netty-transport-native-epoll-4.1.60.Final-linux-x86_64.jar;C:\Users\User\.m2\repository\io\netty\netty-transport-native-kqueue\4.1.60.Final\netty-transport-native-kqueue-4.1.60.Final-osx-x86_64.jar;C:\Users\User\.m2\repository\org\reactivestreams\reactive-streams\1.0.3\reactive-streams-1.0.3.jar;C:\Users\User\.m2\repository\com\typesafe\netty\netty-reactive-streams\2.0.4\netty-reactive-streams-2.0.4.jar;C:\Users\User\.m2\repository\org\seleniumhq\selenium\selenium-manager\4.8.1\selenium-manager-4.8.1.jar;C:\Users\User\.m2\repository\org\seleniumhq\selenium\selenium-safari-driver\4.8.1\selenium-safari-driver-4.8.1.jar;C:\Users\User\.m2\repository\org\seleniumhq\selenium\selenium-api\4.8.1\selenium-api-4.8.1.jar;C:\Users\User\.m2\repository\org\seleniumhq\selenium\selenium-support\4.8.1\selenium-support-4.8.1.jar;C:\Users\User\.m2\repository\com\google\auto\service\auto-service-annotations\1.0.1\auto-service-annotations-1.0.1.jar;C:\Users\User\.m2\repository\com\google\auto\service\auto-service\1.0.1\auto-service-1.0.1.jar;C:\Users\User\.m2\repository\com\google\auto\auto-common\1.2\auto-common-1.2.jar;C:\Users\User\.m2\repository\org\seleniumhq\selenium\selenium-json\4.8.1\selenium-json-4.8.1.jar;C:\Users\User\.m2\repository\org\seleniumhq\selenium\selenium-chrome-driver\4.8.1\selenium-chrome-driver-4.8.1.jar;C:\Users\User\.m2\repository\org\seleniumhq\selenium\selenium-chromium-driver\4.8.1\selenium-chromium-driver-4.8.1.jar;C:\Users\User\.m2\repository\org\seleniumhq\selenium\selenium-firefox-driver\4.8.1\selenium-firefox-driver-4.8.1.jar;C:\Users\User\.m2\repository\org\seleniumhq\selenium\selenium-http\4.8.1\selenium-http-4.8.1.jar;C:\Users\User\.m2\repository\dev\failsafe\failsafe\3.3.0\failsafe-3.3.0.jar;C:\Users\User\.m2\repository\org\seleniumhq\selenium\selenium-edge-driver\4.8.1\selenium-edge-driver-4.8.1.jar;C:\Users\User\.m2\repository\org\seleniumhq\selenium\selenium-ie-driver\4.8.1\selenium-ie-driver-4.8.1.jar;C:\Users\User\.m2\repository\org\projectlombok\lombok\1.18.20\lombok-1.18.20.jar;C:\Users\User\.m2\repository\io\appium\java-client\8.3.0\java-client-8.3.0.jar;C:\Users\User\.m2\repository\commons-validator\commons-validator\1.7\commons-validator-1.7.jar;C:\Users\User\.m2\repository\commons-digester\commons-digester\2.1\commons-digester-2.1.jar;C:\Users\User\.m2\repository\org\apache\groovy\groovy\4.0.10\groovy-4.0.10.jar;C:\Users\User\.m2\repository\net\sf\opencsv\opencsv\2.0\opencsv-2.0.jar;C:\Users\User\.m2\repository\commons-beanutils\commons-beanutils\1.9.4\commons-beanutils-1.9.4.jar;C:\Users\User\.m2\repository\org\apache\commons\commons-lang3\3.12.0\commons-lang3-3.12.0.jar;C:\Users\User\.m2\repository\commons-collections\commons-collections\3.2.2\commons-collections-3.2.2.jar;C:\Users\User\.m2\repository\org\fluentlenium\fluentlenium-core\0.10.2\fluentlenium-core-0.10.2.jar;C:\Users\User\.m2\repository\io\github\bonigarcia\webdrivermanager\5.3.0\webdrivermanager-5.3.0.jar;C:\Users\User\.m2\repository\com\github\docker-java\docker-java\3.2.13\docker-java-3.2.13.jar;C:\Users\User\.m2\repository\com\github\docker-java\docker-java-core\3.2.13\docker-java-core-3.2.13.jar;C:\Users\User\.m2\repository\com\github\docker-java\docker-java-api\3.2.13\docker-java-api-3.2.13.jar;C:\Users\User\.m2\repository\org\apache\commons\commons-compress\1.21\commons-compress-1.21.jar;C:\Users\User\.m2\repository\org\bouncycastle\bcpkix-jdk15on\1.64\bcpkix-jdk15on-1.64.jar;C:\Users\User\.m2\repository\org\bouncycastle\bcprov-jdk15on\1.64\bcprov-jdk15on-1.64.jar;C:\Users\User\.m2\repository\org\slf4j\jcl-over-slf4j\1.7.30\jcl-over-slf4j-1.7.30.jar;C:\Users\User\.m2\repository\com\github\docker-java\docker-java-transport-httpclient5\3.2.13\docker-java-transport-httpclient5-3.2.13.jar;C:\Users\User\.m2\repository\com\github\docker-java\docker-java-transport\3.2.13\docker-java-transport-3.2.13.jar;C:\Users\User\.m2\repository\net\java\dev\jna\jna\5.8.0\jna-5.8.0.jar;C:\Users\User\.m2\repository\org\brotli\dec\0.1.2\dec-0.1.2.jar;C:\Users\User\.m2\repository\org\apache\httpcomponents\client5\httpclient5\5.1.3\httpclient5-5.1.3.jar;C:\Users\User\.m2\repository\org\apache\httpcomponents\core5\httpcore5\5.1.3\httpcore5-5.1.3.jar;C:\Users\User\.m2\repository\org\apache\httpcomponents\core5\httpcore5-h2\5.1.3\httpcore5-h2-5.1.3.jar;C:\Users\User\.m2\repository\com\jhlabs\filters\2.0.235\filters-2.0.235.jar;C:\Users\User\.m2\repository\com\paulhammant\ngwebdriver\1.1.6\ngwebdriver-1.1.6.jar;C:\Users\User\.m2\repository\joda-time\joda-time\2.12.2\joda-time-2.12.2.jar;C:\Users\User\.m2\repository\org\hamcrest\hamcrest\2.2\hamcrest-2.2.jar;C:\Users\User\.m2\repository\com\google\jimfs\jimfs\1.2\jimfs-1.2.jar;C:\Users\User\.m2\repository\org\mockito\mockito-core\3.3.3\mockito-core-3.3.3.jar;C:\Users\User\.m2\repository\javax\xml\bind\jaxb-api\2.3.1\jaxb-api-2.3.1.jar;C:\Users\User\.m2\repository\javax\activation\javax.activation-api\1.2.0\javax.activation-api-1.2.0.jar;C:\Users\User\.m2\repository\com\sun\xml\bind\jaxb-core\2.3.0.1\jaxb-core-2.3.0.1.jar;C:\Users\User\.m2\repository\com\sun\xml\bind\jaxb-impl\2.3.3\jaxb-impl-2.3.3.jar;C:\Users\User\.m2\repository\jakarta\xml\bind\jakarta.xml.bind-api\2.3.3\jakarta.xml.bind-api-2.3.3.jar;C:\Users\User\.m2\repository\com\sun\activation\jakarta.activation\1.2.2\jakarta.activation-1.2.2.jar;C:\Users\User\.m2\repository\javax\activation\activation\1.1.1\activation-1.1.1.jar;C:\Users\User\.m2\repository\net\serenity-bdd\serenity-cucumber\3.6.21\serenity-cucumber-3.6.21.jar;C:\Users\User\.m2\repository\io\cucumber\cucumber-core\7.11.0\cucumber-core-7.11.0.jar;C:\Users\User\.m2\repository\io\cucumber\cucumber-gherkin\7.11.0\cucumber-gherkin-7.11.0.jar;C:\Users\User\.m2\repository\io\cucumber\cucumber-gherkin-messages\7.11.0\cucumber-gherkin-messages-7.11.0.jar;C:\Users\User\.m2\repository\io\cucumber\gherkin\26.0.3\gherkin-26.0.3.jar;C:\Users\User\.m2\repository\io\cucumber\messages\21.0.1\messages-21.0.1.jar;C:\Users\User\.m2\repository\io\cucumber\tag-expressions\5.0.1\tag-expressions-5.0.1.jar;C:\Users\User\.m2\repository\io\cucumber\cucumber-expressions\16.1.1\cucumber-expressions-16.1.1.jar;C:\Users\User\.m2\repository\io\cucumber\datatable\7.11.0\datatable-7.11.0.jar;C:\Users\User\.m2\repository\io\cucumber\cucumber-plugin\7.11.0\cucumber-plugin-7.11.0.jar;C:\Users\User\.m2\repository\io\cucumber\docstring\7.11.0\docstring-7.11.0.jar;C:\Users\User\.m2\repository\io\cucumber\html-formatter\20.2.1\html-formatter-20.2.1.jar;C:\Users\User\.m2\repository\io\cucumber\junit-xml-formatter\0.1.0\junit-xml-formatter-0.1.0.jar;C:\Users\User\.m2\repository\io\cucumber\ci-environment\9.1.0\ci-environment-9.1.0.jar;C:\Users\User\.m2\repository\io\cucumber\cucumber-java\7.11.0\cucumber-java-7.11.0.jar;C:\Users\User\.m2\repository\io\cucumber\cucumber-junit\7.11.0\cucumber-junit-7.11.0.jar;C:\Users\User\.m2\repository\org\apache\commons\commons-csv\1.5\commons-csv-1.5.jar;C:\Users\User\.m2\repository\net\serenity-bdd\serenity-screenplay\3.6.21\serenity-screenplay-3.6.21.jar;C:\Users\User\.m2\repository\net\serenity-bdd\serenity-screenplay-webdriver\3.6.21\serenity-screenplay-webdriver-3.6.21.jar;C:\Users\User\.m2\repository\net\serenity-bdd\serenity-ensure\3.6.21\serenity-ensure-3.6.21.jar;C:\Users\User\.m2\repository\net\serenity-bdd\serenity-junit\3.6.21\serenity-junit-3.6.21.jar;C:\Users\User\.m2\repository\org\jetbrains\kotlin\kotlin-stdlib\1.8.10\kotlin-stdlib-1.8.10.jar;C:\Users\User\.m2\repository\org\jetbrains\kotlin\kotlin-stdlib-common\1.8.10\kotlin-stdlib-common-1.8.10.jar;C:\Users\User\.m2\repository\org\jetbrains\annotations\13.0\annotations-13.0.jar;C:\Users\User\.m2\repository\org\junit\platform\junit-platform-launcher\1.8.2\junit-platform-launcher-1.8.2.jar;C:\Users\User\.m2\repository\org\junit\platform\junit-platform-engine\1.8.2\junit-platform-engine-1.8.2.jar;C:\Users\User\.m2\repository\org\opentest4j\opentest4j\1.2.0\opentest4j-1.2.0.jar;C:\Users\User\.m2\repository\org\junit\platform\junit-platform-commons\1.8.2\junit-platform-commons-1.8.2.jar;C:\Users\User\.m2\repository\org\apiguardian\apiguardian-api\1.1.2\apiguardian-api-1.1.2.jar;C:\Users\User\.m2\repository\org\junit\jupiter\junit-jupiter-engine\5.8.2\junit-jupiter-engine-5.8.2.jar;C:\Users\User\.m2\repository\org\junit\jupiter\junit-jupiter-api\5.8.2\junit-jupiter-api-5.8.2.jar;C:\Users\User\.m2\repository\org\junit\vintage\junit-vintage-engine\5.8.2\junit-vintage-engine-5.8.2.jar;C:\Users\User\.m2\repository\junit\junit\4.13.2\junit-4.13.2.jar;C:\Users\User\.m2\repository\org\hamcrest\hamcrest-core\1.3\hamcrest-core-1.3.jar;C:\Users\User\.m2\repository\ch\qos\logback\logback-classic\1.2.10\logback-classic-1.2.10.jar;C:\Users\User\.m2\repository\ch\qos\logback\logback-core\1.2.10\logback-core-1.2.10.jar;C:\Users\User\.m2\repository\org\slf4j\slf4j-api\1.7.32\slf4j-api-1.7.32.jar;C:\Users\User\.m2\repository\org\assertj\assertj-core\3.23.1\assertj-core-3.23.1.jar;C:\Users\User\.m2\repository\net\bytebuddy\byte-buddy\1.12.10\byte-buddy-1.12.10.jar;C:\Users\User\.m2\repository\org\apache\maven\surefire\surefire-junit-platform\3.0.0-M5\surefire-junit-platform-3.0.0-M5.jar;C:\Users\User\.m2\repository\org\apache\maven\surefire\common-java5\3.0.0-M5\common-java5-3.0.0-M5.jar"/>
    <property name="user.script" value=""/>
    <property name="java.protocol.handler.pkgs" value="com.google.common"/>
    <property name="sun.management.compiler" value="HotSpot 64-Bit Tiered Compilers"/>
    <property name="java.runtime.version" value="19.0.2+7-44"/>
    <property name="user.name" value="User"/>
    <property name="stdout.encoding" value="Cp1252"/>
    <property name="path.separator" value=";"/>
    <property name="os.version" value="10.0"/>
    <property name="java.runtime.name" value="Java(TM) SE Runtime Environment"/>
    <property name="file.encoding" value="UTF-8"/>
    <property name="webdriver.base.url" value=""/>
    <property name="java.vm.name" value="Java HotSpot(TM) 64-Bit Server VM"/>
    <property name="localRepository" value="C:\Users\User\.m2\repository"/>
    <property name="java.vendor.url.bug" value="https://bugreport.java.com/bugreport/"/>
    <property name="java.io.tmpdir" value="C:\Users\User\AppData\Local\Temp\"/>
    <property name="java.version" value="19.0.2"/>
    <property name="user.dir" value="C:\Users\User\IdeaProjects\IntegrationTest"/>
    <property name="os.arch" value="amd64"/>
    <property name="java.vm.specification.name" value="Java Virtual Machine Specification"/>
    <property name="sun.os.patch.level" value=""/>
    <property name="native.encoding" value="Cp1252"/>
    <property name="java.library.path" value="C:\Program Files\Java\jdk-19\bin;C:\Windows\Sun\Java\bin;C:\Windows\system32;C:\Windows;C:\Program Files\Java\jdk-19;C:\Users\User\AppData\Local\Android\Sdk\platform-tools;C:\Program Files (x86)\Common Files\Oracle\Java\javapath;C:\Program Files (x86)\Common Files\Intel\Shared Libraries\redist\intel64\compiler;C:\laragon\bin\php\php-8.1.4-nts-Win32-vs16-x64;C:\Windows\system32;C:\Windows;C:\Windows\System32\Wbem;C:\Windows\System32\WindowsPowerShell\v1.0\;C:\Windows\System32\OpenSSH\;C:\ProgramData\ComposerSetup\bin;C:\laragon\bin\mysql\mysql-5.7.33-winx64\bin;C:\Program Files\mingw-w64\x86_64-8.1.0-posix-seh-rt_v6-rev0\mingw64\bin;C:\Program Files\dotnet\;C:\Program Files\nodejs\;C:\Program Files\nodejs\node_modules\npm;C:\laragon\bin;D:\Aplikasi\Git\cmd;D:\Aplikasi\apache-maven-3.9.1\bin;%ANDROID_STUDIO%\platform-tools;C:\Users\User\AppData\Local\Programs\Python\Python310\Scripts\;C:\Users\User\AppData\Local\Programs\Python\Python310\;C:\laragon\bin;C:\laragon\bin\apache\httpd-2.4.47-win64-VS16\bin;C:\laragon\bin\composer;C:\laragon\bin\git\bin;C:\laragon\bin\git\cmd;C:\laragon\bin\git\mingw64\bin;C:\laragon\bin\git\usr\bin;C:\laragon\bin\laragon\utils;C:\laragon\bin\mysql\mysql-5.7.33-winx64\bin;C:\laragon\bin\nginx\nginx-1.19.10;C:\laragon\bin\ngrok;C:\laragon\bin\nodejs\node-v14;C:\laragon\bin\notepad++;C:\laragon\bin\php\php-8.1.4-nts-Win32-vs16-x64;C:\laragon\bin\redis\redis-x64-3.2.100;C:\laragon\bin\telnet;C:\laragon\usr\bin;C:\Users\User\AppData\Local\Yarn\config\global\node_modules\.bin;C:\Users\User\AppData\Roaming\Composer\vendor\bin;C:\Users\User\AppData\Roaming\npm;C:\Users\User\AppData\Local\Microsoft\WindowsApps;;C:\Users\User\AppData\Local\spicetify;."/>
    <property name="java.vm.info" value="mixed mode"/>
    <property name="stderr.encoding" value="Cp1252"/>
    <property name="java.vendor" value="Oracle Corporation"/>
    <property name="java.vm.version" value="19.0.2+7-44"/>
    <property name="sun.io.unicode.encoding" value="UnicodeLittle"/>
    <property name="java.class.version" value="63.0"/>
  </properties>
  <testcase name="WB026 - User register, login, logout" classname="Integration" time="12.831">
    <system-out><![CDATA[10:46:22.646 [main] DEBUG net.thucydides.core.guice.Injectors - Created injector for module net.thucydides.core.guice.ThucydidesModule
10:46:23.092 [main] DEBUG io.cucumber.core.plugin.SerenityReporter - Running feature from file:///C:/Users/User/IdeaProjects/IntegrationTest/src/test/resources/features/06Integration.feature
10:46:23.350 [main] DEBUG net.thucydides.core.guice.Injectors - Created injector for module net.thucydides.core.guice.webdriver.WebDriverModule
10:46:23.390 [main] INFO  - 

-------------------------------------------------------------------------------------
     _______. _______ .______       _______ .__   __.  __  .___________.____    ____ 
    /       ||   ____||   _  \     |   ____||  \ |  | |  | |           |\   \  /   / 
   |   (----`|  |__   |  |_)  |    |  |__   |   \|  | |  | `---|  |----` \   \/   /  
    \   \    |   __|  |      /     |   __|  |  . `  | |  |     |  |       \_    _/   
.----)   |   |  |____ |  |\  \----.|  |____ |  |\   | |  |     |  |         |  |     
|_______/    |_______|| _| `._____||_______||__| \__| |__|     |__|         |__|    
                                                                                     
 News and tutorials at http://www.serenity-bdd.info                                  
 Documentation at https://wakaleo.gitbooks.io/the-serenity-book/content/             
 Join the Serenity Community on Gitter: https://gitter.im/serenity-bdd/serenity-core 
 Serenity BDD Support and Training at http://serenity-bdd.info/#/trainingandsupport  
-------------------------------------------------------------------------------------

10:46:23.395 [main] DEBUG net.thucydides.core.steps.StepEventBus - Test suite started for story net.thucydides.core.model.Story@f49339a2
10:46:23.403 [main] INFO  - Test Suite Started: Integration
10:46:23.430 [main] DEBUG io.cucumber.core.plugin.SerenityReporter - Running feature from file:///C:/Users/User/IdeaProjects/IntegrationTest/src/test/resources/features/06Integration.feature
10:46:23.443 [main] DEBUG net.thucydides.core.steps.StepEventBus - Test suite started for story net.thucydides.core.model.Story@f49339a2
10:46:23.444 [main] INFO  - Test Suite Started: Integration

Scenario: WB026 - User register, login, logout &amp#27;[90m# src/test/resources/features/06Integration.feature:3&amp#27;[0m
10:46:23.584 [main] DEBUG io.cucumber.core.plugin.SerenityReporter - Running feature from file:///C:/Users/User/IdeaProjects/IntegrationTest/src/test/resources/features/06Integration.feature
10:46:23.780 [main] INFO  - 
  _____   ___   ___   _____     ___   _____     _     ___   _____   ___   ___  
 |_   _| | __| / __| |_   _|   / __| |_   _|   /_\   | _ \ |_   _| | __| |   \ 
   | |   | _|  \__ \   | |     \__ \   | |    / _ \  |   /   | |   | _|  | |) |
   |_|   |___| |___/   |_|     |___/   |_|   /_/ \_\ |_|_\   |_|   |___| |___/ 

WB026 - User register, login, logout(integration;wb026---user-register--login--logout)
--------------------------------------------------------------------------------
10:46:23.859 [main] DEBUG net.thucydides.core.requirements.model.cucumber.CucumberParser - Loading feature C:\Users\User\IdeaProjects\IntegrationTest\src\test\resources\features\06Integration.feature
  &amp#27;[32mGiven &amp#27;[0m&amp#27;[32mUser on register page&amp#27;[0m                  &amp#27;[90m# starter.stepdefinition.IntegrationSteps.regsPage()&amp#27;[0m
10:46:25.650 [main] INFO net.serenitybdd.core.webdriver.driverproviders.ChromeDriverProvider - Starting Chrome driver instance with capabilities:
10:46:25.654 [main] INFO net.serenitybdd.core.webdriver.driverproviders.ChromeDriverProvider - Capabilities {acceptInsecureCerts: false, browserName: chrome, goog:chromeOptions: {args: [remote-allow-origins=*], extensions: []}}
10:46:26.947 [main] DEBUG io.netty.util.internal.logging.InternalLoggerFactory - Using SLF4J as the default logging framework
10:46:26.953 [main] DEBUG io.netty.util.ResourceLeakDetector - -Dio.netty.leakDetection.level: simple
10:46:26.953 [main] DEBUG io.netty.util.ResourceLeakDetector - -Dio.netty.leakDetection.targetRecords: 4
10:46:26.960 [main] DEBUG io.netty.util.ResourceLeakDetectorFactory - Loaded default ResourceLeakDetector: io.netty.util.ResourceLeakDetector@6d3163a6
10:46:26.990 [main] DEBUG io.netty.util.internal.PlatformDependent0 - -Dio.netty.noUnsafe: false
10:46:26.990 [main] DEBUG io.netty.util.internal.PlatformDependent0 - Java version: 19
10:46:26.992 [main] DEBUG io.netty.util.internal.PlatformDependent0 - sun.misc.Unsafe.theUnsafe: available
10:46:26.992 [main] DEBUG io.netty.util.internal.PlatformDependent0 - sun.misc.Unsafe.copyMemory: available
10:46:26.993 [main] DEBUG io.netty.util.internal.PlatformDependent0 - sun.misc.Unsafe.storeFence: available
10:46:26.995 [main] DEBUG io.netty.util.internal.PlatformDependent0 - java.nio.Buffer.address: available
10:46:26.996 [main] DEBUG io.netty.util.internal.PlatformDependent0 - direct buffer constructor: unavailable: Reflective setAccessible(true) disabled
10:46:26.997 [main] DEBUG io.netty.util.internal.PlatformDependent0 - java.nio.Bits.unaligned: available, true
10:46:26.999 [main] DEBUG io.netty.util.internal.PlatformDependent0 - jdk.internal.misc.Unsafe.allocateUninitializedArray(int): unavailable: class io.netty.util.internal.PlatformDependent0$7 cannot access class jdk.internal.misc.Unsafe (in module java.base) because module java.base does not export jdk.internal.misc to unnamed module @696da30b
10:46:27.010 [main] DEBUG io.netty.util.internal.PlatformDependent0 - java.nio.DirectByteBuffer.<init>(long, int): unavailable
10:46:27.010 [main] DEBUG io.netty.util.internal.PlatformDependent - sun.misc.Unsafe: available
10:46:27.013 [main] DEBUG io.netty.util.internal.PlatformDependent - maxDirectMemory: 2122317824 bytes (maybe)
10:46:27.013 [main] DEBUG io.netty.util.internal.PlatformDependent - -Dio.netty.tmpdir: C:\Users\User\AppData\Local\Temp (java.io.tmpdir)
10:46:27.014 [main] DEBUG io.netty.util.internal.PlatformDependent - -Dio.netty.bitMode: 64 (sun.arch.data.model)
10:46:27.014 [main] DEBUG io.netty.util.internal.PlatformDependent - Platform: Windows
10:46:27.015 [main] DEBUG io.netty.util.internal.PlatformDependent - -Dio.netty.maxDirectMemory: -1 bytes
10:46:27.016 [main] DEBUG io.netty.util.internal.PlatformDependent - -Dio.netty.uninitializedArrayAllocationThreshold: -1
10:46:27.017 [main] DEBUG io.netty.util.internal.CleanerJava9 - java.nio.ByteBuffer.cleaner(): available
10:46:27.018 [main] DEBUG io.netty.util.internal.PlatformDependent - -Dio.netty.noPreferDirect: false
10:46:27.030 [main] DEBUG io.netty.util.internal.PlatformDependent - org.jctools-core.MpscChunkedArrayQueue: available
10:46:27.070 [main] DEBUG io.netty.util.internal.InternalThreadLocalMap - -Dio.netty.threadLocalMap.stringBuilder.initialSize: 1024
10:46:27.070 [main] DEBUG io.netty.util.internal.InternalThreadLocalMap - -Dio.netty.threadLocalMap.stringBuilder.maxSize: 4096
10:46:27.360 [main] DEBUG io.netty.handler.ssl.JdkSslContext - Default protocols (JDK): [TLSv1.3, TLSv1.2] 
10:46:27.360 [main] DEBUG io.netty.handler.ssl.JdkSslContext - Default cipher suites (JDK): [TLS_ECDHE_ECDSA_WITH_AES_256_GCM_SHA384, TLS_ECDHE_ECDSA_WITH_AES_128_GCM_SHA256, TLS_ECDHE_RSA_WITH_AES_128_GCM_SHA256, TLS_ECDHE_RSA_WITH_AES_256_GCM_SHA384, TLS_ECDHE_RSA_WITH_AES_128_CBC_SHA, TLS_ECDHE_RSA_WITH_AES_256_CBC_SHA, TLS_RSA_WITH_AES_128_GCM_SHA256, TLS_RSA_WITH_AES_128_CBC_SHA, TLS_RSA_WITH_AES_256_CBC_SHA, TLS_AES_128_GCM_SHA256, TLS_AES_256_GCM_SHA384]
10:46:27.405 [main] DEBUG io.netty.channel.MultithreadEventLoopGroup - -Dio.netty.eventLoopThreads: 8
10:46:27.420 [main] DEBUG io.netty.channel.nio.NioEventLoop - -Dio.netty.noKeySetOptimization: false
10:46:27.420 [main] DEBUG io.netty.channel.nio.NioEventLoop - -Dio.netty.selectorAutoRebuildThreshold: 512
10:46:27.478 [main] DEBUG io.netty.buffer.PooledByteBufAllocator - -Dio.netty.allocator.numHeapArenas: 8
10:46:27.478 [main] DEBUG io.netty.buffer.PooledByteBufAllocator - -Dio.netty.allocator.numDirectArenas: 8
10:46:27.478 [main] DEBUG io.netty.buffer.PooledByteBufAllocator - -Dio.netty.allocator.pageSize: 8192
10:46:27.479 [main] DEBUG io.netty.buffer.PooledByteBufAllocator - -Dio.netty.allocator.maxOrder: 9
10:46:27.479 [main] DEBUG io.netty.buffer.PooledByteBufAllocator - -Dio.netty.allocator.chunkSize: 4194304
10:46:27.479 [main] DEBUG io.netty.buffer.PooledByteBufAllocator - -Dio.netty.allocator.smallCacheSize: 256
10:46:27.479 [main] DEBUG io.netty.buffer.PooledByteBufAllocator - -Dio.netty.allocator.normalCacheSize: 64
10:46:27.479 [main] DEBUG io.netty.buffer.PooledByteBufAllocator - -Dio.netty.allocator.maxCachedBufferCapacity: 32768
10:46:27.479 [main] DEBUG io.netty.buffer.PooledByteBufAllocator - -Dio.netty.allocator.cacheTrimInterval: 8192
10:46:27.479 [main] DEBUG io.netty.buffer.PooledByteBufAllocator - -Dio.netty.allocator.cacheTrimIntervalMillis: 0
10:46:27.479 [main] DEBUG io.netty.buffer.PooledByteBufAllocator - -Dio.netty.allocator.useCacheForAllThreads: false
10:46:27.479 [main] DEBUG io.netty.buffer.PooledByteBufAllocator - -Dio.netty.allocator.maxCachedByteBuffersPerChunk: 1023
10:46:27.495 [main] DEBUG io.netty.buffer.ByteBufUtil - -Dio.netty.allocator.type: pooled
10:46:27.495 [main] DEBUG io.netty.buffer.ByteBufUtil - -Dio.netty.threadLocalDirectBufferSize: 0
10:46:27.495 [main] DEBUG io.netty.buffer.ByteBufUtil - -Dio.netty.maxThreadLocalCharBufferSize: 16384
10:46:27.929 [Forwarding newSession on session null to remote] DEBUG io.netty.channel.DefaultChannelId - -Dio.netty.processId: 21440 (auto-detected)
10:46:27.932 [Forwarding newSession on session null to remote] DEBUG io.netty.util.NetUtil - -Djava.net.preferIPv4Stack: false
10:46:27.932 [Forwarding newSession on session null to remote] DEBUG io.netty.util.NetUtil - -Djava.net.preferIPv6Addresses: false
10:46:27.946 [Forwarding newSession on session null to remote] DEBUG io.netty.util.NetUtilInitializations - Loopback interface: lo (Software Loopback Interface 1, 127.0.0.1)
10:46:27.948 [Forwarding newSession on session null to remote] DEBUG io.netty.util.NetUtil - Failed to get SOMAXCONN from sysctl and file \proc\sys\net\core\somaxconn. Default: 200
10:46:27.974 [Forwarding newSession on session null to remote] DEBUG io.netty.channel.DefaultChannelId - -Dio.netty.machineId: 04:d3:b0:ff:fe:ce:82:c7 (auto-detected)
10:46:28.053 [AsyncHttpClient-1-2] DEBUG io.netty.buffer.AbstractByteBuf - -Dio.netty.buffer.checkAccessible: true
10:46:28.054 [AsyncHttpClient-1-2] DEBUG io.netty.buffer.AbstractByteBuf - -Dio.netty.buffer.checkBounds: true
10:46:28.054 [AsyncHttpClient-1-2] DEBUG io.netty.util.ResourceLeakDetectorFactory - Loaded default ResourceLeakDetector: io.netty.util.ResourceLeakDetector@12592c5c
10:46:28.074 [AsyncHttpClient-1-2] DEBUG org.asynchttpclient.netty.channel.NettyConnectListener - Using new Channel '[id: 0x07c0b443, L:/127.0.0.1:58234 - R:localhost/127.0.0.1:46989]' for 'POST' to '/session'
10:46:28.099 [AsyncHttpClient-1-2] DEBUG io.netty.util.Recycler - -Dio.netty.recycler.maxCapacityPerThread: 4096
10:46:28.099 [AsyncHttpClient-1-2] DEBUG io.netty.util.Recycler - -Dio.netty.recycler.ratio: 8
10:46:28.099 [AsyncHttpClient-1-2] DEBUG io.netty.util.Recycler - -Dio.netty.recycler.chunkSize: 32
10:46:28.099 [AsyncHttpClient-1-2] DEBUG io.netty.util.Recycler - -Dio.netty.recycler.blocking: false
10:46:29.297 [AsyncHttpClient-1-2] DEBUG io.netty.handler.codec.compression.Brotli - brotli4j not in the classpath; Brotli support will be unavailable.
10:46:29.297 [AsyncHttpClient-1-2] DEBUG org.asynchttpclient.netty.handler.HttpHandler - 

Request DefaultHttpRequest(decodeResult: success, version: HTTP/1.1)
POST /session HTTP/1.1
User-Agent: selenium/4.8.1 (java windows)
Content-Length: 507
Content-Type: application/json; charset=utf-8
host: localhost:46989
accept: */*

Response DefaultHttpResponse(decodeResult: success, version: HTTP/1.1)
HTTP/1.1 200 OK
Content-Length: 858
Content-Type: application/json; charset=utf-8
cache-control: no-cache

10:46:29.311 [AsyncHttpClient-1-2] DEBUG org.asynchttpclient.netty.channel.ChannelManager - Adding key: http://localhost:46989 for channel [id: 0x07c0b443, L:/127.0.0.1:58234 - R:localhost/127.0.0.1:46989]
10:46:29.422 [AsyncHttpClient-1-3] DEBUG org.asynchttpclient.netty.channel.NettyConnectListener - Using new Channel '[id: 0xe6de06b0, L:/127.0.0.1:58242 - R:localhost/127.0.0.1:58235]' for 'GET' to '/json/version'
10:46:29.427 [AsyncHttpClient-1-3] DEBUG org.asynchttpclient.netty.handler.HttpHandler - 

Request DefaultFullHttpRequest(decodeResult: success, version: HTTP/1.1, content: EmptyByteBufBE)
GET /json/version HTTP/1.1
User-Agent: selenium/4.8.1 (java windows)
host: localhost:58235
accept: */*

Response DefaultHttpResponse(decodeResult: success, version: HTTP/1.1)
HTTP/1.1 200 OK
Content-Security-Policy: frame-ancestors 'none'
Content-Length: 424
Content-Type: application/json; charset=UTF-8

10:46:29.428 [AsyncHttpClient-1-3] DEBUG org.asynchttpclient.netty.channel.ChannelManager - Adding key: http://localhost:58235 for channel [id: 0xe6de06b0, L:/127.0.0.1:58242 - R:localhost/127.0.0.1:58235]
10:46:29.440 [main] DEBUG io.netty.util.internal.ThreadLocalRandom - -Dio.netty.initialSeedUniquifier: 0x8571e82b1e787e82
10:46:29.443 [AsyncHttpClient-1-4] DEBUG org.asynchttpclient.netty.channel.NettyConnectListener - Using new Channel '[id: 0x25acf0ab, L:/127.0.0.1:58243 - R:localhost/127.0.0.1:58235]' for 'GET' to '/devtools/browser/a274a73c-0b65-4092-9bac-a5b41345bf21'
10:46:29.447 [AsyncHttpClient-1-4] DEBUG org.asynchttpclient.netty.handler.WebSocketHandler - 

Request DefaultFullHttpRequest(decodeResult: success, version: HTTP/1.1, content: EmptyByteBufBE)
GET /devtools/browser/a274a73c-0b65-4092-9bac-a5b41345bf21 HTTP/1.1
upgrade: websocket
connection: upgrade
sec-websocket-key: G72RQSZ0/IOrR2f70Y2/aQ==
sec-websocket-version: 13
origin: http://localhost:58235
host: localhost:58235
accept: */*
user-agent: AHC/2.1

Response DefaultHttpResponse(decodeResult: success, version: HTTP/1.1)
HTTP/1.1 101 WebSocket Protocol Handshake
Upgrade: WebSocket
Connection: Upgrade
Sec-WebSocket-Accept: iHNOni6QtJAJEp7gzl2bcVn42s0=

10:46:29.548 [AsyncHttpClient-1-1] DEBUG org.asynchttpclient.netty.channel.DefaultChannelPool - Entry count for : http://localhost:46989 : 1
10:46:29.548 [AsyncHttpClient-1-1] DEBUG org.asynchttpclient.netty.channel.DefaultChannelPool - Entry count for : http://localhost:58235 : 1
10:46:29.634 [Forwarding maximizeCurrentWindow on session e00611eac65fa300a45f40ff866d0983 to remote] DEBUG org.asynchttpclient.netty.request.NettyRequestSender - Using pooled Channel '[id: 0x07c0b443, L:/127.0.0.1:58234 - R:localhost/127.0.0.1:46989]' for 'POST' to 'http://localhost:46989/session/e00611eac65fa300a45f40ff866d0983/window/maximize'
10:46:29.634 [Forwarding maximizeCurrentWindow on session e00611eac65fa300a45f40ff866d0983 to remote] DEBUG org.asynchttpclient.netty.request.NettyRequestSender - Using open Channel [id: 0x07c0b443, L:/127.0.0.1:58234 - R:localhost/127.0.0.1:46989] for POST '/session/e00611eac65fa300a45f40ff866d0983/window/maximize'
10:46:29.754 [AsyncHttpClient-1-2] DEBUG org.asynchttpclient.netty.handler.HttpHandler - 

Request DefaultHttpRequest(decodeResult: success, version: HTTP/1.1)
POST /session/e00611eac65fa300a45f40ff866d0983/window/maximize HTTP/1.1
User-Agent: selenium/4.8.1 (java windows)
Content-Length: 3
Content-Type: application/json; charset=utf-8
host: localhost:46989
accept: */*

Response DefaultHttpResponse(decodeResult: success, version: HTTP/1.1)
HTTP/1.1 200 OK
Content-Length: 51
Content-Type: application/json; charset=utf-8
cache-control: no-cache

10:46:29.754 [AsyncHttpClient-1-2] DEBUG org.asynchttpclient.netty.channel.ChannelManager - Adding key: http://localhost:46989 for channel [id: 0x07c0b443, L:/127.0.0.1:58234 - R:localhost/127.0.0.1:46989]
10:46:29.760 [Forwarding get on session e00611eac65fa300a45f40ff866d0983 to remote] DEBUG org.asynchttpclient.netty.request.NettyRequestSender - Using pooled Channel '[id: 0x07c0b443, L:/127.0.0.1:58234 - R:localhost/127.0.0.1:46989]' for 'POST' to 'http://localhost:46989/session/e00611eac65fa300a45f40ff866d0983/url'
10:46:29.760 [Forwarding get on session e00611eac65fa300a45f40ff866d0983 to remote] DEBUG org.asynchttpclient.netty.request.NettyRequestSender - Using open Channel [id: 0x07c0b443, L:/127.0.0.1:58234 - R:localhost/127.0.0.1:46989] for POST '/session/e00611eac65fa300a45f40ff866d0983/url'
10:46:30.366 [AsyncHttpClient-1-2] DEBUG org.asynchttpclient.netty.handler.HttpHandler - 

Request DefaultHttpRequest(decodeResult: success, version: HTTP/1.1)
POST /session/e00611eac65fa300a45f40ff866d0983/url HTTP/1.1
User-Agent: selenium/4.8.1 (java windows)
Content-Length: 77
Content-Type: application/json; charset=utf-8
host: localhost:46989
accept: */*

Response DefaultHttpResponse(decodeResult: success, version: HTTP/1.1)
HTTP/1.1 200 OK
Content-Length: 14
Content-Type: application/json; charset=utf-8
cache-control: no-cache

10:46:30.366 [AsyncHttpClient-1-2] DEBUG org.asynchttpclient.netty.channel.ChannelManager - Adding key: http://localhost:46989 for channel [id: 0x07c0b443, L:/127.0.0.1:58234 - R:localhost/127.0.0.1:46989]
10:46:30.371 [Forwarding setTimeout on session e00611eac65fa300a45f40ff866d0983 to remote] DEBUG org.asynchttpclient.netty.request.NettyRequestSender - Using pooled Channel '[id: 0x07c0b443, L:/127.0.0.1:58234 - R:localhost/127.0.0.1:46989]' for 'POST' to 'http://localhost:46989/session/e00611eac65fa300a45f40ff866d0983/timeouts'
10:46:30.371 [Forwarding setTimeout on session e00611eac65fa300a45f40ff866d0983 to remote] DEBUG org.asynchttpclient.netty.request.NettyRequestSender - Using open Channel [id: 0x07c0b443, L:/127.0.0.1:58234 - R:localhost/127.0.0.1:46989] for POST '/session/e00611eac65fa300a45f40ff866d0983/timeouts'
10:46:30.375 [AsyncHttpClient-1-2] DEBUG org.asynchttpclient.netty.handler.HttpHandler - 

Request DefaultHttpRequest(decodeResult: success, version: HTTP/1.1)
POST /session/e00611eac65fa300a45f40ff866d0983/timeouts HTTP/1.1
User-Agent: selenium/4.8.1 (java windows)
Content-Length: 22
Content-Type: application/json; charset=utf-8
host: localhost:46989
accept: */*

Response DefaultHttpResponse(decodeResult: success, version: HTTP/1.1)
HTTP/1.1 200 OK
Content-Length: 14
Content-Type: application/json; charset=utf-8
cache-control: no-cache

10:46:30.376 [AsyncHttpClient-1-2] DEBUG org.asynchttpclient.netty.channel.ChannelManager - Adding key: http://localhost:46989 for channel [id: 0x07c0b443, L:/127.0.0.1:58234 - R:localhost/127.0.0.1:46989]
10:46:30.477 [main] DEBUG net.serenitybdd.core.photography.Darkroom - Opening darkroom
10:46:30.480 [Darkroom Processing Line] DEBUG net.serenitybdd.core.photography.DarkroomProcessingLine - Darkroom processing line starting up
10:46:30.504 [Forwarding getAlertText on session e00611eac65fa300a45f40ff866d0983 to remote] DEBUG org.asynchttpclient.netty.request.NettyRequestSender - Using pooled Channel '[id: 0x07c0b443, L:/127.0.0.1:58234 - R:localhost/127.0.0.1:46989]' for 'GET' to 'http://localhost:46989/session/e00611eac65fa300a45f40ff866d0983/alert/text'
10:46:30.505 [Forwarding getAlertText on session e00611eac65fa300a45f40ff866d0983 to remote] DEBUG org.asynchttpclient.netty.request.NettyRequestSender - Using open Channel [id: 0x07c0b443, L:/127.0.0.1:58234 - R:localhost/127.0.0.1:46989] for GET '/session/e00611eac65fa300a45f40ff866d0983/alert/text'
10:46:30.512 [AsyncHttpClient-1-2] DEBUG org.asynchttpclient.netty.handler.HttpHandler - 

Request DefaultFullHttpRequest(decodeResult: success, version: HTTP/1.1, content: EmptyByteBufBE)
GET /session/e00611eac65fa300a45f40ff866d0983/alert/text HTTP/1.1
User-Agent: selenium/4.8.1 (java windows)
Cache-Control: no-cache
Content-Type: application/json; charset=utf-8
host: localhost:46989
accept: */*

Response DefaultHttpResponse(decodeResult: success, version: HTTP/1.1)
HTTP/1.1 404 Not Found
Content-Length: 848
Content-Type: application/json; charset=utf-8
cache-control: no-cache

10:46:30.513 [AsyncHttpClient-1-2] DEBUG org.asynchttpclient.netty.channel.ChannelManager - Adding key: http://localhost:46989 for channel [id: 0x07c0b443, L:/127.0.0.1:58234 - R:localhost/127.0.0.1:46989]
10:46:30.523 [Forwarding getCurrentUrl on session e00611eac65fa300a45f40ff866d0983 to remote] DEBUG org.asynchttpclient.netty.request.NettyRequestSender - Using pooled Channel '[id: 0x07c0b443, L:/127.0.0.1:58234 - R:localhost/127.0.0.1:46989]' for 'GET' to 'http://localhost:46989/session/e00611eac65fa300a45f40ff866d0983/url'
10:46:30.524 [Forwarding getCurrentUrl on session e00611eac65fa300a45f40ff866d0983 to remote] DEBUG org.asynchttpclient.netty.request.NettyRequestSender - Using open Channel [id: 0x07c0b443, L:/127.0.0.1:58234 - R:localhost/127.0.0.1:46989] for GET '/session/e00611eac65fa300a45f40ff866d0983/url'
10:46:30.531 [AsyncHttpClient-1-2] DEBUG org.asynchttpclient.netty.handler.HttpHandler - 

Request DefaultFullHttpRequest(decodeResult: success, version: HTTP/1.1, content: EmptyByteBufBE)
GET /session/e00611eac65fa300a45f40ff866d0983/url HTTP/1.1
User-Agent: selenium/4.8.1 (java windows)
Cache-Control: no-cache
Content-Type: application/json; charset=utf-8
host: localhost:46989
accept: */*

Response DefaultHttpResponse(decodeResult: success, version: HTTP/1.1)
HTTP/1.1 200 OK
Content-Length: 54
Content-Type: application/json; charset=utf-8
cache-control: no-cache

10:46:30.531 [AsyncHttpClient-1-2] DEBUG org.asynchttpclient.netty.channel.ChannelManager - Adding key: http://localhost:46989 for channel [id: 0x07c0b443, L:/127.0.0.1:58234 - R:localhost/127.0.0.1:46989]
10:46:30.536 [Forwarding screenshot on session e00611eac65fa300a45f40ff866d0983 to remote] DEBUG org.asynchttpclient.netty.request.NettyRequestSender - Using pooled Channel '[id: 0x07c0b443, L:/127.0.0.1:58234 - R:localhost/127.0.0.1:46989]' for 'GET' to 'http://localhost:46989/session/e00611eac65fa300a45f40ff866d0983/screenshot'
10:46:30.536 [Forwarding screenshot on session e00611eac65fa300a45f40ff866d0983 to remote] DEBUG org.asynchttpclient.netty.request.NettyRequestSender - Using open Channel [id: 0x07c0b443, L:/127.0.0.1:58234 - R:localhost/127.0.0.1:46989] for GET '/session/e00611eac65fa300a45f40ff866d0983/screenshot'
10:46:30.650 [AsyncHttpClient-1-1] DEBUG org.asynchttpclient.netty.channel.DefaultChannelPool - Entry count for : http://localhost:58235 : 1
10:46:30.828 [AsyncHttpClient-1-2] DEBUG org.asynchttpclient.netty.handler.HttpHandler - 

Request DefaultFullHttpRequest(decodeResult: success, version: HTTP/1.1, content: EmptyByteBufBE)
GET /session/e00611eac65fa300a45f40ff866d0983/screenshot HTTP/1.1
User-Agent: selenium/4.8.1 (java windows)
Cache-Control: no-cache
Content-Type: application/json; charset=utf-8
host: localhost:46989
accept: */*

Response DefaultHttpResponse(decodeResult: success, version: HTTP/1.1)
HTTP/1.1 200 OK
Content-Length: 29668
Content-Type: application/json; charset=utf-8
cache-control: no-cache

10:46:30.829 [AsyncHttpClient-1-2] DEBUG org.asynchttpclient.netty.channel.ChannelManager - Adding key: http://localhost:46989 for channel [id: 0x07c0b443, L:/127.0.0.1:58234 - R:localhost/127.0.0.1:46989]
10:46:30.912 [main] DEBUG net.serenitybdd.core.photography.Darkroom - Send negative for processing for target\site\serenity\0ba6e8bb0dbd98adfe749502cc48ff0da377cd7b0172f40fe1ccbac8137b3703.png
10:46:30.913 [Darkroom Processing Line] DEBUG net.serenitybdd.core.photography.DarkroomProcessingLine - Processing screenshot image in /var/screenshots/screenshot-7174972950383958816
10:46:30.913 [Darkroom Processing Line] DEBUG net.serenitybdd.core.photography.DarkroomProcessingLine - Saving screenshot to target\site\serenity\0ba6e8bb0dbd98adfe749502cc48ff0da377cd7b0172f40fe1ccbac8137b3703.png
10:46:30.917 [Forwarding getPageSource on session e00611eac65fa300a45f40ff866d0983 to remote] DEBUG org.asynchttpclient.netty.request.NettyRequestSender - Using pooled Channel '[id: 0x07c0b443, L:/127.0.0.1:58234 - R:localhost/127.0.0.1:46989]' for 'POST' to 'http://localhost:46989/session/e00611eac65fa300a45f40ff866d0983/execute/sync'
10:46:30.917 [Forwarding getPageSource on session e00611eac65fa300a45f40ff866d0983 to remote] DEBUG org.asynchttpclient.netty.request.NettyRequestSender - Using open Channel [id: 0x07c0b443, L:/127.0.0.1:58234 - R:localhost/127.0.0.1:46989] for POST '/session/e00611eac65fa300a45f40ff866d0983/execute/sync'
10:46:30.927 [AsyncHttpClient-1-2] DEBUG org.asynchttpclient.netty.handler.HttpHandler - 

Request DefaultHttpRequest(decodeResult: success, version: HTTP/1.1)
POST /session/e00611eac65fa300a45f40ff866d0983/execute/sync HTTP/1.1
User-Agent: selenium/4.8.1 (java windows)
Content-Length: 176
Content-Type: application/json; charset=utf-8
host: localhost:46989
accept: */*

Response DefaultHttpResponse(decodeResult: success, version: HTTP/1.1)
HTTP/1.1 200 OK
Content-Length: 22234
Content-Type: application/json; charset=utf-8
cache-control: no-cache

10:46:30.927 [AsyncHttpClient-1-2] DEBUG org.asynchttpclient.netty.channel.ChannelManager - Adding key: http://localhost:46989 for channel [id: 0x07c0b443, L:/127.0.0.1:58234 - R:localhost/127.0.0.1:46989]
10:46:31.016 [Forwarding getCurrentUrl on session e00611eac65fa300a45f40ff866d0983 to remote] DEBUG org.asynchttpclient.netty.request.NettyRequestSender - Using pooled Channel '[id: 0x07c0b443, L:/127.0.0.1:58234 - R:localhost/127.0.0.1:46989]' for 'GET' to 'http://localhost:46989/session/e00611eac65fa300a45f40ff866d0983/url'
10:46:31.016 [Forwarding getCurrentUrl on session e00611eac65fa300a45f40ff866d0983 to remote] DEBUG org.asynchttpclient.netty.request.NettyRequestSender - Using open Channel [id: 0x07c0b443, L:/127.0.0.1:58234 - R:localhost/127.0.0.1:46989] for GET '/session/e00611eac65fa300a45f40ff866d0983/url'
10:46:31.020 [AsyncHttpClient-1-2] DEBUG org.asynchttpclient.netty.handler.HttpHandler - 

Request DefaultFullHttpRequest(decodeResult: success, version: HTTP/1.1, content: EmptyByteBufBE)
GET /session/e00611eac65fa300a45f40ff866d0983/url HTTP/1.1
User-Agent: selenium/4.8.1 (java windows)
Cache-Control: no-cache
Content-Type: application/json; charset=utf-8
host: localhost:46989
accept: */*

Response DefaultHttpResponse(decodeResult: success, version: HTTP/1.1)
HTTP/1.1 200 OK
Content-Length: 54
Content-Type: application/json; charset=utf-8
cache-control: no-cache

10:46:31.020 [AsyncHttpClient-1-2] DEBUG org.asynchttpclient.netty.channel.ChannelManager - Adding key: http://localhost:46989 for channel [id: 0x07c0b443, L:/127.0.0.1:58234 - R:localhost/127.0.0.1:46989]
10:46:31.026 [main] DEBUG net.thucydides.core.steps.StepInterceptor - STARTING STEP: IntegrationSteps.reg - validateOnRegisterPage
10:46:31.043 [Forwarding setTimeout on session e00611eac65fa300a45f40ff866d0983 to remote] DEBUG org.asynchttpclient.netty.request.NettyRequestSender - Using pooled Channel '[id: 0x07c0b443, L:/127.0.0.1:58234 - R:localhost/127.0.0.1:46989]' for 'POST' to 'http://localhost:46989/session/e00611eac65fa300a45f40ff866d0983/timeouts'
10:46:31.043 [Forwarding setTimeout on session e00611eac65fa300a45f40ff866d0983 to remote] DEBUG org.asynchttpclient.netty.request.NettyRequestSender - Using open Channel [id: 0x07c0b443, L:/127.0.0.1:58234 - R:localhost/127.0.0.1:46989] for POST '/session/e00611eac65fa300a45f40ff866d0983/timeouts'
10:46:31.044 [AsyncHttpClient-1-2] DEBUG org.asynchttpclient.netty.handler.HttpHandler - 

Request DefaultHttpRequest(decodeResult: success, version: HTTP/1.1)
POST /session/e00611eac65fa300a45f40ff866d0983/timeouts HTTP/1.1
User-Agent: selenium/4.8.1 (java windows)
Content-Length: 19
Content-Type: application/json; charset=utf-8
host: localhost:46989
accept: */*

Response DefaultHttpResponse(decodeResult: success, version: HTTP/1.1)
HTTP/1.1 200 OK
Content-Length: 14
Content-Type: application/json; charset=utf-8
cache-control: no-cache

10:46:31.045 [AsyncHttpClient-1-2] DEBUG org.asynchttpclient.netty.channel.ChannelManager - Adding key: http://localhost:46989 for channel [id: 0x07c0b443, L:/127.0.0.1:58234 - R:localhost/127.0.0.1:46989]
10:46:31.056 [Forwarding findElements on session e00611eac65fa300a45f40ff866d0983 to remote] DEBUG org.asynchttpclient.netty.request.NettyRequestSender - Using pooled Channel '[id: 0x07c0b443, L:/127.0.0.1:58234 - R:localhost/127.0.0.1:46989]' for 'POST' to 'http://localhost:46989/session/e00611eac65fa300a45f40ff866d0983/elements'
10:46:31.057 [Forwarding findElements on session e00611eac65fa300a45f40ff866d0983 to remote] DEBUG org.asynchttpclient.netty.request.NettyRequestSender - Using open Channel [id: 0x07c0b443, L:/127.0.0.1:58234 - R:localhost/127.0.0.1:46989] for POST '/session/e00611eac65fa300a45f40ff866d0983/elements'
10:46:31.070 [AsyncHttpClient-1-2] DEBUG org.asynchttpclient.netty.handler.HttpHandler - 

Request DefaultHttpRequest(decodeResult: success, version: HTTP/1.1)
POST /session/e00611eac65fa300a45f40ff866d0983/elements HTTP/1.1
User-Agent: selenium/4.8.1 (java windows)
Content-Length: 225
Content-Type: application/json; charset=utf-8
host: localhost:46989
accept: */*

Response DefaultHttpResponse(decodeResult: success, version: HTTP/1.1)
HTTP/1.1 200 OK
Content-Length: 90
Content-Type: application/json; charset=utf-8
cache-control: no-cache

10:46:31.070 [AsyncHttpClient-1-2] DEBUG org.asynchttpclient.netty.channel.ChannelManager - Adding key: http://localhost:46989 for channel [id: 0x07c0b443, L:/127.0.0.1:58234 - R:localhost/127.0.0.1:46989]
10:46:31.080 [Forwarding isElementDisplayed on session e00611eac65fa300a45f40ff866d0983 to remote] DEBUG org.asynchttpclient.netty.request.NettyRequestSender - Using pooled Channel '[id: 0x07c0b443, L:/127.0.0.1:58234 - R:localhost/127.0.0.1:46989]' for 'POST' to 'http://localhost:46989/session/e00611eac65fa300a45f40ff866d0983/execute/sync'
10:46:31.080 [Forwarding isElementDisplayed on session e00611eac65fa300a45f40ff866d0983 to remote] DEBUG org.asynchttpclient.netty.request.NettyRequestSender - Using open Channel [id: 0x07c0b443, L:/127.0.0.1:58234 - R:localhost/127.0.0.1:46989] for POST '/session/e00611eac65fa300a45f40ff866d0983/execute/sync'
10:46:31.097 [AsyncHttpClient-1-2] DEBUG org.asynchttpclient.netty.handler.HttpHandler - 

Request DefaultHttpRequest(decodeResult: success, version: HTTP/1.1)
POST /session/e00611eac65fa300a45f40ff866d0983/execute/sync HTTP/1.1
User-Agent: selenium/4.8.1 (java windows)
Content-Length: 48807
Content-Type: application/json; charset=utf-8
host: localhost:46989
accept: */*

Response DefaultHttpResponse(decodeResult: success, version: HTTP/1.1)
HTTP/1.1 200 OK
Content-Length: 14
Content-Type: application/json; charset=utf-8
cache-control: no-cache

10:46:31.097 [AsyncHttpClient-1-2] DEBUG org.asynchttpclient.netty.channel.ChannelManager - Adding key: http://localhost:46989 for channel [id: 0x07c0b443, L:/127.0.0.1:58234 - R:localhost/127.0.0.1:46989]
10:46:31.110 [Forwarding findElements on session e00611eac65fa300a45f40ff866d0983 to remote] DEBUG org.asynchttpclient.netty.request.NettyRequestSender - Using pooled Channel '[id: 0x07c0b443, L:/127.0.0.1:58234 - R:localhost/127.0.0.1:46989]' for 'POST' to 'http://localhost:46989/session/e00611eac65fa300a45f40ff866d0983/elements'
10:46:31.133 [Forwarding findElements on session e00611eac65fa300a45f40ff866d0983 to remote] DEBUG org.asynchttpclient.netty.request.NettyRequestSender - Using open Channel [id: 0x07c0b443, L:/127.0.0.1:58234 - R:localhost/127.0.0.1:46989] for POST '/session/e00611eac65fa300a45f40ff866d0983/elements'
10:46:31.156 [AsyncHttpClient-1-2] DEBUG org.asynchttpclient.netty.handler.HttpHandler - 

Request DefaultHttpRequest(decodeResult: success, version: HTTP/1.1)
POST /session/e00611eac65fa300a45f40ff866d0983/elements HTTP/1.1
User-Agent: selenium/4.8.1 (java windows)
Content-Length: 225
Content-Type: application/json; charset=utf-8
host: localhost:46989
accept: */*

Response DefaultHttpResponse(decodeResult: success, version: HTTP/1.1)
HTTP/1.1 200 OK
Content-Length: 90
Content-Type: application/json; charset=utf-8
cache-control: no-cache

10:46:31.156 [AsyncHttpClient-1-2] DEBUG org.asynchttpclient.netty.channel.ChannelManager - Adding key: http://localhost:46989 for channel [id: 0x07c0b443, L:/127.0.0.1:58234 - R:localhost/127.0.0.1:46989]
10:46:31.165 [Forwarding setTimeout on session e00611eac65fa300a45f40ff866d0983 to remote] DEBUG org.asynchttpclient.netty.request.NettyRequestSender - Using pooled Channel '[id: 0x07c0b443, L:/127.0.0.1:58234 - R:localhost/127.0.0.1:46989]' for 'POST' to 'http://localhost:46989/session/e00611eac65fa300a45f40ff866d0983/timeouts'
10:46:31.166 [Forwarding setTimeout on session e00611eac65fa300a45f40ff866d0983 to remote] DEBUG org.asynchttpclient.netty.request.NettyRequestSender - Using open Channel [id: 0x07c0b443, L:/127.0.0.1:58234 - R:localhost/127.0.0.1:46989] for POST '/session/e00611eac65fa300a45f40ff866d0983/timeouts'
10:46:31.167 [AsyncHttpClient-1-2] DEBUG org.asynchttpclient.netty.handler.HttpHandler - 

Request DefaultHttpRequest(decodeResult: success, version: HTTP/1.1)
POST /session/e00611eac65fa300a45f40ff866d0983/timeouts HTTP/1.1
User-Agent: selenium/4.8.1 (java windows)
Content-Length: 22
Content-Type: application/json; charset=utf-8
host: localhost:46989
accept: */*

Response DefaultHttpResponse(decodeResult: success, version: HTTP/1.1)
HTTP/1.1 200 OK
Content-Length: 14
Content-Type: application/json; charset=utf-8
cache-control: no-cache

10:46:31.168 [AsyncHttpClient-1-2] DEBUG org.asynchttpclient.netty.channel.ChannelManager - Adding key: http://localhost:46989 for channel [id: 0x07c0b443, L:/127.0.0.1:58234 - R:localhost/127.0.0.1:46989]
10:46:31.176 [Forwarding isElementDisplayed on session e00611eac65fa300a45f40ff866d0983 to remote] DEBUG org.asynchttpclient.netty.request.NettyRequestSender - Using pooled Channel '[id: 0x07c0b443, L:/127.0.0.1:58234 - R:localhost/127.0.0.1:46989]' for 'POST' to 'http://localhost:46989/session/e00611eac65fa300a45f40ff866d0983/execute/sync'
10:46:31.177 [Forwarding isElementDisplayed on session e00611eac65fa300a45f40ff866d0983 to remote] DEBUG org.asynchttpclient.netty.request.NettyRequestSender - Using open Channel [id: 0x07c0b443, L:/127.0.0.1:58234 - R:localhost/127.0.0.1:46989] for POST '/session/e00611eac65fa300a45f40ff866d0983/execute/sync'
10:46:31.198 [AsyncHttpClient-1-2] DEBUG org.asynchttpclient.netty.handler.HttpHandler - 

Request DefaultHttpRequest(decodeResult: success, version: HTTP/1.1)
POST /session/e00611eac65fa300a45f40ff866d0983/execute/sync HTTP/1.1
User-Agent: selenium/4.8.1 (java windows)
Content-Length: 48807
Content-Type: application/json; charset=utf-8
host: localhost:46989
accept: */*

Response DefaultHttpResponse(decodeResult: success, version: HTTP/1.1)
HTTP/1.1 200 OK
Content-Length: 14
Content-Type: application/json; charset=utf-8
cache-control: no-cache

10:46:31.199 [AsyncHttpClient-1-2] DEBUG org.asynchttpclient.netty.channel.ChannelManager - Adding key: http://localhost:46989 for channel [id: 0x07c0b443, L:/127.0.0.1:58234 - R:localhost/127.0.0.1:46989]
10:46:31.213 [Forwarding getAlertText on session e00611eac65fa300a45f40ff866d0983 to remote] DEBUG org.asynchttpclient.netty.request.NettyRequestSender - Using pooled Channel '[id: 0x07c0b443, L:/127.0.0.1:58234 - R:localhost/127.0.0.1:46989]' for 'GET' to 'http://localhost:46989/session/e00611eac65fa300a45f40ff866d0983/alert/text'
10:46:31.213 [Forwarding getAlertText on session e00611eac65fa300a45f40ff866d0983 to remote] DEBUG org.asynchttpclient.netty.request.NettyRequestSender - Using open Channel [id: 0x07c0b443, L:/127.0.0.1:58234 - R:localhost/127.0.0.1:46989] for GET '/session/e00611eac65fa300a45f40ff866d0983/alert/text'
10:46:31.217 [AsyncHttpClient-1-2] DEBUG org.asynchttpclient.netty.handler.HttpHandler - 

Request DefaultFullHttpRequest(decodeResult: success, version: HTTP/1.1, content: EmptyByteBufBE)
GET /session/e00611eac65fa300a45f40ff866d0983/alert/text HTTP/1.1
User-Agent: selenium/4.8.1 (java windows)
Cache-Control: no-cache
Content-Type: application/json; charset=utf-8
host: localhost:46989
accept: */*

Response DefaultHttpResponse(decodeResult: success, version: HTTP/1.1)
HTTP/1.1 404 Not Found
Content-Length: 848
Content-Type: application/json; charset=utf-8
cache-control: no-cache

10:46:31.217 [AsyncHttpClient-1-2] DEBUG org.asynchttpclient.netty.channel.ChannelManager - Adding key: http://localhost:46989 for channel [id: 0x07c0b443, L:/127.0.0.1:58234 - R:localhost/127.0.0.1:46989]
10:46:31.220 [Forwarding getCurrentUrl on session e00611eac65fa300a45f40ff866d0983 to remote] DEBUG org.asynchttpclient.netty.request.NettyRequestSender - Using pooled Channel '[id: 0x07c0b443, L:/127.0.0.1:58234 - R:localhost/127.0.0.1:46989]' for 'GET' to 'http://localhost:46989/session/e00611eac65fa300a45f40ff866d0983/url'
10:46:31.221 [Forwarding getCurrentUrl on session e00611eac65fa300a45f40ff866d0983 to remote] DEBUG org.asynchttpclient.netty.request.NettyRequestSender - Using open Channel [id: 0x07c0b443, L:/127.0.0.1:58234 - R:localhost/127.0.0.1:46989] for GET '/session/e00611eac65fa300a45f40ff866d0983/url'
10:46:31.226 [AsyncHttpClient-1-2] DEBUG org.asynchttpclient.netty.handler.HttpHandler - 

Request DefaultFullHttpRequest(decodeResult: success, version: HTTP/1.1, content: EmptyByteBufBE)
GET /session/e00611eac65fa300a45f40ff866d0983/url HTTP/1.1
User-Agent: selenium/4.8.1 (java windows)
Cache-Control: no-cache
Content-Type: application/json; charset=utf-8
host: localhost:46989
accept: */*

Response DefaultHttpResponse(decodeResult: success, version: HTTP/1.1)
HTTP/1.1 200 OK
Content-Length: 54
Content-Type: application/json; charset=utf-8
cache-control: no-cache

10:46:31.227 [AsyncHttpClient-1-2] DEBUG org.asynchttpclient.netty.channel.ChannelManager - Adding key: http://localhost:46989 for channel [id: 0x07c0b443, L:/127.0.0.1:58234 - R:localhost/127.0.0.1:46989]
10:46:31.229 [Forwarding screenshot on session e00611eac65fa300a45f40ff866d0983 to remote] DEBUG org.asynchttpclient.netty.request.NettyRequestSender - Using pooled Channel '[id: 0x07c0b443, L:/127.0.0.1:58234 - R:localhost/127.0.0.1:46989]' for 'GET' to 'http://localhost:46989/session/e00611eac65fa300a45f40ff866d0983/screenshot'
10:46:31.229 [Forwarding screenshot on session e00611eac65fa300a45f40ff866d0983 to remote] DEBUG org.asynchttpclient.netty.request.NettyRequestSender - Using open Channel [id: 0x07c0b443, L:/127.0.0.1:58234 - R:localhost/127.0.0.1:46989] for GET '/session/e00611eac65fa300a45f40ff866d0983/screenshot'
10:46:31.338 [AsyncHttpClient-1-2] DEBUG org.asynchttpclient.netty.handler.HttpHandler - 

Request DefaultFullHttpRequest(decodeResult: success, version: HTTP/1.1, content: EmptyByteBufBE)
GET /session/e00611eac65fa300a45f40ff866d0983/screenshot HTTP/1.1
User-Agent: selenium/4.8.1 (java windows)
Cache-Control: no-cache
Content-Type: application/json; charset=utf-8
host: localhost:46989
accept: */*

Response DefaultHttpResponse(decodeResult: success, version: HTTP/1.1)
HTTP/1.1 200 OK
Content-Length: 29668
Content-Type: application/json; charset=utf-8
cache-control: no-cache

10:46:31.339 [AsyncHttpClient-1-2] DEBUG org.asynchttpclient.netty.channel.ChannelManager - Adding key: http://localhost:46989 for channel [id: 0x07c0b443, L:/127.0.0.1:58234 - R:localhost/127.0.0.1:46989]
10:46:31.343 [main] DEBUG net.serenitybdd.core.photography.Darkroom - Send negative for processing for target\site\serenity\0ba6e8bb0dbd98adfe749502cc48ff0da377cd7b0172f40fe1ccbac8137b3703.png
10:46:31.344 [main] DEBUG net.thucydides.core.steps.StepInterceptor - STEP DONE: validateOnRegisterPage
10:46:31.358 [Forwarding getPageSource on session e00611eac65fa300a45f40ff866d0983 to remote] DEBUG org.asynchttpclient.netty.request.NettyRequestSender - Using pooled Channel '[id: 0x07c0b443, L:/127.0.0.1:58234 - R:localhost/127.0.0.1:46989]' for 'POST' to 'http://localhost:46989/session/e00611eac65fa300a45f40ff866d0983/execute/sync'
10:46:31.358 [Forwarding getPageSource on session e00611eac65fa300a45f40ff866d0983 to remote] DEBUG org.asynchttpclient.netty.request.NettyRequestSender - Using open Channel [id: 0x07c0b443, L:/127.0.0.1:58234 - R:localhost/127.0.0.1:46989] for POST '/session/e00611eac65fa300a45f40ff866d0983/execute/sync'
10:46:31.366 [AsyncHttpClient-1-2] DEBUG org.asynchttpclient.netty.handler.HttpHandler - 

Request DefaultHttpRequest(decodeResult: success, version: HTTP/1.1)
POST /session/e00611eac65fa300a45f40ff866d0983/execute/sync HTTP/1.1
User-Agent: selenium/4.8.1 (java windows)
Content-Length: 176
Content-Type: application/json; charset=utf-8
host: localhost:46989
accept: */*

Response DefaultHttpResponse(decodeResult: success, version: HTTP/1.1)
HTTP/1.1 200 OK
Content-Length: 22234
Content-Type: application/json; charset=utf-8
cache-control: no-cache

10:46:31.371 [AsyncHttpClient-1-2] DEBUG org.asynchttpclient.netty.channel.ChannelManager - Adding key: http://localhost:46989 for channel [id: 0x07c0b443, L:/127.0.0.1:58234 - R:localhost/127.0.0.1:46989]
10:46:31.380 [Forwarding getCurrentUrl on session e00611eac65fa300a45f40ff866d0983 to remote] DEBUG org.asynchttpclient.netty.request.NettyRequestSender - Using pooled Channel '[id: 0x07c0b443, L:/127.0.0.1:58234 - R:localhost/127.0.0.1:46989]' for 'GET' to 'http://localhost:46989/session/e00611eac65fa300a45f40ff866d0983/url'
10:46:31.380 [Forwarding getCurrentUrl on session e00611eac65fa300a45f40ff866d0983 to remote] DEBUG org.asynchttpclient.netty.request.NettyRequestSender - Using open Channel [id: 0x07c0b443, L:/127.0.0.1:58234 - R:localhost/127.0.0.1:46989] for GET '/session/e00611eac65fa300a45f40ff866d0983/url'
10:46:31.383 [AsyncHttpClient-1-2] DEBUG org.asynchttpclient.netty.handler.HttpHandler - 

Request DefaultFullHttpRequest(decodeResult: success, version: HTTP/1.1, content: EmptyByteBufBE)
GET /session/e00611eac65fa300a45f40ff866d0983/url HTTP/1.1
User-Agent: selenium/4.8.1 (java windows)
Cache-Control: no-cache
Content-Type: application/json; charset=utf-8
host: localhost:46989
accept: */*

Response DefaultHttpResponse(decodeResult: success, version: HTTP/1.1)
HTTP/1.1 200 OK
Content-Length: 54
Content-Type: application/json; charset=utf-8
cache-control: no-cache

10:46:31.383 [AsyncHttpClient-1-2] DEBUG org.asynchttpclient.netty.channel.ChannelManager - Adding key: http://localhost:46989 for channel [id: 0x07c0b443, L:/127.0.0.1:58234 - R:localhost/127.0.0.1:46989]
10:46:31.387 [main] DEBUG net.thucydides.core.steps.StepInterceptor - STARTING STEP: IntegrationSteps.reg - inputFullName
10:46:31.395 [Forwarding findElement on session e00611eac65fa300a45f40ff866d0983 to remote] DEBUG org.asynchttpclient.netty.request.NettyRequestSender - Using pooled Channel '[id: 0x07c0b443, L:/127.0.0.1:58234 - R:localhost/127.0.0.1:46989]' for 'POST' to 'http://localhost:46989/session/e00611eac65fa300a45f40ff866d0983/element'
10:46:31.395 [Forwarding findElement on session e00611eac65fa300a45f40ff866d0983 to remote] DEBUG org.asynchttpclient.netty.request.NettyRequestSender - Using open Channel [id: 0x07c0b443, L:/127.0.0.1:58234 - R:localhost/127.0.0.1:46989] for POST '/session/e00611eac65fa300a45f40ff866d0983/element'
10:46:31.411 [AsyncHttpClient-1-2] DEBUG org.asynchttpclient.netty.handler.HttpHandler - 

Request DefaultHttpRequest(decodeResult: success, version: HTTP/1.1)
POST /session/e00611eac65fa300a45f40ff866d0983/element HTTP/1.1
User-Agent: selenium/4.8.1 (java windows)
Content-Length: 55
Content-Type: application/json; charset=utf-8
host: localhost:46989
accept: */*

Response DefaultHttpResponse(decodeResult: success, version: HTTP/1.1)
HTTP/1.1 200 OK
Content-Length: 88
Content-Type: application/json; charset=utf-8
cache-control: no-cache

10:46:31.411 [AsyncHttpClient-1-2] DEBUG org.asynchttpclient.netty.channel.ChannelManager - Adding key: http://localhost:46989 for channel [id: 0x07c0b443, L:/127.0.0.1:58234 - R:localhost/127.0.0.1:46989]
10:46:31.414 [Forwarding clearElement on session e00611eac65fa300a45f40ff866d0983 to remote] DEBUG org.asynchttpclient.netty.request.NettyRequestSender - Using pooled Channel '[id: 0x07c0b443, L:/127.0.0.1:58234 - R:localhost/127.0.0.1:46989]' for 'POST' to 'http://localhost:46989/session/e00611eac65fa300a45f40ff866d0983/element/dd0460fb-c21a-4204-9bf4-09137019fabe/clear'
10:46:31.414 [Forwarding clearElement on session e00611eac65fa300a45f40ff866d0983 to remote] DEBUG org.asynchttpclient.netty.request.NettyRequestSender - Using open Channel [id: 0x07c0b443, L:/127.0.0.1:58234 - R:localhost/127.0.0.1:46989] for POST '/session/e00611eac65fa300a45f40ff866d0983/element/dd0460fb-c21a-4204-9bf4-09137019fabe/clear'
10:46:31.463 [AsyncHttpClient-1-2] DEBUG org.asynchttpclient.netty.handler.HttpHandler - 

Request DefaultHttpRequest(decodeResult: success, version: HTTP/1.1)
POST /session/e00611eac65fa300a45f40ff866d0983/element/dd0460fb-c21a-4204-9bf4-09137019fabe/clear HTTP/1.1
User-Agent: selenium/4.8.1 (java windows)
Content-Length: 50
Content-Type: application/json; charset=utf-8
host: localhost:46989
accept: */*

Response DefaultHttpResponse(decodeResult: success, version: HTTP/1.1)
HTTP/1.1 200 OK
Content-Length: 14
Content-Type: application/json; charset=utf-8
cache-control: no-cache

10:46:31.463 [AsyncHttpClient-1-2] DEBUG org.asynchttpclient.netty.channel.ChannelManager - Adding key: http://localhost:46989 for channel [id: 0x07c0b443, L:/127.0.0.1:58234 - R:localhost/127.0.0.1:46989]
10:46:31.469 [Forwarding sendKeysToElement on session e00611eac65fa300a45f40ff866d0983 to remote] DEBUG org.asynchttpclient.netty.request.NettyRequestSender - Using pooled Channel '[id: 0x07c0b443, L:/127.0.0.1:58234 - R:localhost/127.0.0.1:46989]' for 'POST' to 'http://localhost:46989/session/e00611eac65fa300a45f40ff866d0983/element/dd0460fb-c21a-4204-9bf4-09137019fabe/value'
10:46:31.469 [Forwarding sendKeysToElement on session e00611eac65fa300a45f40ff866d0983 to remote] DEBUG org.asynchttpclient.netty.request.NettyRequestSender - Using open Channel [id: 0x07c0b443, L:/127.0.0.1:58234 - R:localhost/127.0.0.1:46989] for POST '/session/e00611eac65fa300a45f40ff866d0983/element/dd0460fb-c21a-4204-9bf4-09137019fabe/value'
10:46:31.631 [AsyncHttpClient-1-2] DEBUG org.asynchttpclient.netty.handler.HttpHandler - 

Request DefaultHttpRequest(decodeResult: success, version: HTTP/1.1)
POST /session/e00611eac65fa300a45f40ff866d0983/element/dd0460fb-c21a-4204-9bf4-09137019fabe/value HTTP/1.1
User-Agent: selenium/4.8.1 (java windows)
Content-Length: 221
Content-Type: application/json; charset=utf-8
host: localhost:46989
accept: */*

Response DefaultHttpResponse(decodeResult: success, version: HTTP/1.1)
HTTP/1.1 200 OK
Content-Length: 14
Content-Type: application/json; charset=utf-8
cache-control: no-cache

10:46:31.633 [AsyncHttpClient-1-2] DEBUG org.asynchttpclient.netty.channel.ChannelManager - Adding key: http://localhost:46989 for channel [id: 0x07c0b443, L:/127.0.0.1:58234 - R:localhost/127.0.0.1:46989]
10:46:31.648 [Forwarding getAlertText on session e00611eac65fa300a45f40ff866d0983 to remote] DEBUG org.asynchttpclient.netty.request.NettyRequestSender - Using pooled Channel '[id: 0x07c0b443, L:/127.0.0.1:58234 - R:localhost/127.0.0.1:46989]' for 'GET' to 'http://localhost:46989/session/e00611eac65fa300a45f40ff866d0983/alert/text'
10:46:31.648 [Forwarding getAlertText on session e00611eac65fa300a45f40ff866d0983 to remote] DEBUG org.asynchttpclient.netty.request.NettyRequestSender - Using open Channel [id: 0x07c0b443, L:/127.0.0.1:58234 - R:localhost/127.0.0.1:46989] for GET '/session/e00611eac65fa300a45f40ff866d0983/alert/text'
10:46:31.655 [AsyncHttpClient-1-2] DEBUG org.asynchttpclient.netty.handler.HttpHandler - 

Request DefaultFullHttpRequest(decodeResult: success, version: HTTP/1.1, content: EmptyByteBufBE)
GET /session/e00611eac65fa300a45f40ff866d0983/alert/text HTTP/1.1
User-Agent: selenium/4.8.1 (java windows)
Cache-Control: no-cache
Content-Type: application/json; charset=utf-8
host: localhost:46989
accept: */*

Response DefaultHttpResponse(decodeResult: success, version: HTTP/1.1)
HTTP/1.1 404 Not Found
Content-Length: 848
Content-Type: application/json; charset=utf-8
cache-control: no-cache

10:46:31.655 [AsyncHttpClient-1-2] DEBUG org.asynchttpclient.netty.channel.ChannelManager - Adding key: http://localhost:46989 for channel [id: 0x07c0b443, L:/127.0.0.1:58234 - R:localhost/127.0.0.1:46989]
10:46:31.658 [Forwarding getCurrentUrl on session e00611eac65fa300a45f40ff866d0983 to remote] DEBUG org.asynchttpclient.netty.request.NettyRequestSender - Using pooled Channel '[id: 0x07c0b443, L:/127.0.0.1:58234 - R:localhost/127.0.0.1:46989]' for 'GET' to 'http://localhost:46989/session/e00611eac65fa300a45f40ff866d0983/url'
10:46:31.658 [Forwarding getCurrentUrl on session e00611eac65fa300a45f40ff866d0983 to remote] DEBUG org.asynchttpclient.netty.request.NettyRequestSender - Using open Channel [id: 0x07c0b443, L:/127.0.0.1:58234 - R:localhost/127.0.0.1:46989] for GET '/session/e00611eac65fa300a45f40ff866d0983/url'
10:46:31.663 [AsyncHttpClient-1-2] DEBUG org.asynchttpclient.netty.handler.HttpHandler - 

Request DefaultFullHttpRequest(decodeResult: success, version: HTTP/1.1, content: EmptyByteBufBE)
GET /session/e00611eac65fa300a45f40ff866d0983/url HTTP/1.1
User-Agent: selenium/4.8.1 (java windows)
Cache-Control: no-cache
Content-Type: application/json; charset=utf-8
host: localhost:46989
accept: */*

Response DefaultHttpResponse(decodeResult: success, version: HTTP/1.1)
HTTP/1.1 200 OK
Content-Length: 54
Content-Type: application/json; charset=utf-8
cache-control: no-cache

10:46:31.663 [AsyncHttpClient-1-2] DEBUG org.asynchttpclient.netty.channel.ChannelManager - Adding key: http://localhost:46989 for channel [id: 0x07c0b443, L:/127.0.0.1:58234 - R:localhost/127.0.0.1:46989]
10:46:31.665 [Forwarding screenshot on session e00611eac65fa300a45f40ff866d0983 to remote] DEBUG org.asynchttpclient.netty.request.NettyRequestSender - Using pooled Channel '[id: 0x07c0b443, L:/127.0.0.1:58234 - R:localhost/127.0.0.1:46989]' for 'GET' to 'http://localhost:46989/session/e00611eac65fa300a45f40ff866d0983/screenshot'
10:46:31.665 [Forwarding screenshot on session e00611eac65fa300a45f40ff866d0983 to remote] DEBUG org.asynchttpclient.netty.request.NettyRequestSender - Using open Channel [id: 0x07c0b443, L:/127.0.0.1:58234 - R:localhost/127.0.0.1:46989] for GET '/session/e00611eac65fa300a45f40ff866d0983/screenshot'
10:46:31.746 [AsyncHttpClient-1-1] DEBUG org.asynchttpclient.netty.channel.DefaultChannelPool - Entry count for : http://localhost:58235 : 1
10:46:31.829 [AsyncHttpClient-1-2] DEBUG org.asynchttpclient.netty.handler.HttpHandler - 

Request DefaultFullHttpRequest(decodeResult: success, version: HTTP/1.1, content: EmptyByteBufBE)
GET /session/e00611eac65fa300a45f40ff866d0983/screenshot HTTP/1.1
User-Agent: selenium/4.8.1 (java windows)
Cache-Control: no-cache
Content-Type: application/json; charset=utf-8
host: localhost:46989
accept: */*

Response DefaultHttpResponse(decodeResult: success, version: HTTP/1.1)
HTTP/1.1 200 OK
Content-Length: 32128
Content-Type: application/json; charset=utf-8
cache-control: no-cache

10:46:31.830 [AsyncHttpClient-1-2] DEBUG org.asynchttpclient.netty.channel.ChannelManager - Adding key: http://localhost:46989 for channel [id: 0x07c0b443, L:/127.0.0.1:58234 - R:localhost/127.0.0.1:46989]
10:46:31.834 [main] DEBUG net.serenitybdd.core.photography.Darkroom - Send negative for processing for target\site\serenity\a2fdd5ea7dde4fa80b8261f9e054fe53d6296beee9a78e9ddd4e81a46893e491.png
10:46:31.835 [main] DEBUG net.thucydides.core.steps.StepInterceptor - STEP DONE: inputFullName
10:46:31.835 [Darkroom Processing Line] DEBUG net.serenitybdd.core.photography.DarkroomProcessingLine - Processing screenshot image in /var/screenshots/screenshot-6820484187046279650
10:46:31.835 [Darkroom Processing Line] DEBUG net.serenitybdd.core.photography.DarkroomProcessingLine - Saving screenshot to target\site\serenity\a2fdd5ea7dde4fa80b8261f9e054fe53d6296beee9a78e9ddd4e81a46893e491.png
10:46:31.855 [Forwarding getPageSource on session e00611eac65fa300a45f40ff866d0983 to remote] DEBUG org.asynchttpclient.netty.request.NettyRequestSender - Using pooled Channel '[id: 0x07c0b443, L:/127.0.0.1:58234 - R:localhost/127.0.0.1:46989]' for 'POST' to 'http://localhost:46989/session/e00611eac65fa300a45f40ff866d0983/execute/sync'
10:46:31.855 [Forwarding getPageSource on session e00611eac65fa300a45f40ff866d0983 to remote] DEBUG org.asynchttpclient.netty.request.NettyRequestSender - Using open Channel [id: 0x07c0b443, L:/127.0.0.1:58234 - R:localhost/127.0.0.1:46989] for POST '/session/e00611eac65fa300a45f40ff866d0983/execute/sync'
10:46:31.863 [AsyncHttpClient-1-2] DEBUG org.asynchttpclient.netty.handler.HttpHandler - 

Request DefaultHttpRequest(decodeResult: success, version: HTTP/1.1)
POST /session/e00611eac65fa300a45f40ff866d0983/execute/sync HTTP/1.1
User-Agent: selenium/4.8.1 (java windows)
Content-Length: 176
Content-Type: application/json; charset=utf-8
host: localhost:46989
accept: */*

Response DefaultHttpResponse(decodeResult: success, version: HTTP/1.1)
HTTP/1.1 200 OK
Content-Length: 22355
Content-Type: application/json; charset=utf-8
cache-control: no-cache

10:46:31.864 [AsyncHttpClient-1-2] DEBUG org.asynchttpclient.netty.channel.ChannelManager - Adding key: http://localhost:46989 for channel [id: 0x07c0b443, L:/127.0.0.1:58234 - R:localhost/127.0.0.1:46989]
10:46:31.874 [Forwarding getCurrentUrl on session e00611eac65fa300a45f40ff866d0983 to remote] DEBUG org.asynchttpclient.netty.request.NettyRequestSender - Using pooled Channel '[id: 0x07c0b443, L:/127.0.0.1:58234 - R:localhost/127.0.0.1:46989]' for 'GET' to 'http://localhost:46989/session/e00611eac65fa300a45f40ff866d0983/url'
10:46:31.874 [Forwarding getCurrentUrl on session e00611eac65fa300a45f40ff866d0983 to remote] DEBUG org.asynchttpclient.netty.request.NettyRequestSender - Using open Channel [id: 0x07c0b443, L:/127.0.0.1:58234 - R:localhost/127.0.0.1:46989] for GET '/session/e00611eac65fa300a45f40ff866d0983/url'
10:46:31.879 [AsyncHttpClient-1-2] DEBUG org.asynchttpclient.netty.handler.HttpHandler - 

Request DefaultFullHttpRequest(decodeResult: success, version: HTTP/1.1, content: EmptyByteBufBE)
GET /session/e00611eac65fa300a45f40ff866d0983/url HTTP/1.1
User-Agent: selenium/4.8.1 (java windows)
Cache-Control: no-cache
Content-Type: application/json; charset=utf-8
host: localhost:46989
accept: */*

Response DefaultHttpResponse(decodeResult: success, version: HTTP/1.1)
HTTP/1.1 200 OK
Content-Length: 54
Content-Type: application/json; charset=utf-8
cache-control: no-cache

10:46:31.879 [AsyncHttpClient-1-2] DEBUG org.asynchttpclient.netty.channel.ChannelManager - Adding key: http://localhost:46989 for channel [id: 0x07c0b443, L:/127.0.0.1:58234 - R:localhost/127.0.0.1:46989]
10:46:31.884 [main] DEBUG net.thucydides.core.steps.StepInterceptor - STARTING STEP: IntegrationSteps.reg - inputEmail
10:46:31.890 [Forwarding findElement on session e00611eac65fa300a45f40ff866d0983 to remote] DEBUG org.asynchttpclient.netty.request.NettyRequestSender - Using pooled Channel '[id: 0x07c0b443, L:/127.0.0.1:58234 - R:localhost/127.0.0.1:46989]' for 'POST' to 'http://localhost:46989/session/e00611eac65fa300a45f40ff866d0983/element'
10:46:31.890 [Forwarding findElement on session e00611eac65fa300a45f40ff866d0983 to remote] DEBUG org.asynchttpclient.netty.request.NettyRequestSender - Using open Channel [id: 0x07c0b443, L:/127.0.0.1:58234 - R:localhost/127.0.0.1:46989] for POST '/session/e00611eac65fa300a45f40ff866d0983/element'
10:46:31.906 [AsyncHttpClient-1-2] DEBUG org.asynchttpclient.netty.handler.HttpHandler - 

Request DefaultHttpRequest(decodeResult: success, version: HTTP/1.1)
POST /session/e00611eac65fa300a45f40ff866d0983/element HTTP/1.1
User-Agent: selenium/4.8.1 (java windows)
Content-Length: 55
Content-Type: application/json; charset=utf-8
host: localhost:46989
accept: */*

Response DefaultHttpResponse(decodeResult: success, version: HTTP/1.1)
HTTP/1.1 200 OK
Content-Length: 88
Content-Type: application/json; charset=utf-8
cache-control: no-cache

10:46:31.906 [AsyncHttpClient-1-2] DEBUG org.asynchttpclient.netty.channel.ChannelManager - Adding key: http://localhost:46989 for channel [id: 0x07c0b443, L:/127.0.0.1:58234 - R:localhost/127.0.0.1:46989]
10:46:31.907 [Forwarding clearElement on session e00611eac65fa300a45f40ff866d0983 to remote] DEBUG org.asynchttpclient.netty.request.NettyRequestSender - Using pooled Channel '[id: 0x07c0b443, L:/127.0.0.1:58234 - R:localhost/127.0.0.1:46989]' for 'POST' to 'http://localhost:46989/session/e00611eac65fa300a45f40ff866d0983/element/d12965d3-4ccd-4b94-b249-20630d7c3b99/clear'
10:46:31.908 [Forwarding clearElement on session e00611eac65fa300a45f40ff866d0983 to remote] DEBUG org.asynchttpclient.netty.request.NettyRequestSender - Using open Channel [id: 0x07c0b443, L:/127.0.0.1:58234 - R:localhost/127.0.0.1:46989] for POST '/session/e00611eac65fa300a45f40ff866d0983/element/d12965d3-4ccd-4b94-b249-20630d7c3b99/clear'
10:46:31.943 [AsyncHttpClient-1-2] DEBUG org.asynchttpclient.netty.handler.HttpHandler - 

Request DefaultHttpRequest(decodeResult: success, version: HTTP/1.1)
POST /session/e00611eac65fa300a45f40ff866d0983/element/d12965d3-4ccd-4b94-b249-20630d7c3b99/clear HTTP/1.1
User-Agent: selenium/4.8.1 (java windows)
Content-Length: 50
Content-Type: application/json; charset=utf-8
host: localhost:46989
accept: */*

Response DefaultHttpResponse(decodeResult: success, version: HTTP/1.1)
HTTP/1.1 200 OK
Content-Length: 14
Content-Type: application/json; charset=utf-8
cache-control: no-cache

10:46:31.944 [AsyncHttpClient-1-2] DEBUG org.asynchttpclient.netty.channel.ChannelManager - Adding key: http://localhost:46989 for channel [id: 0x07c0b443, L:/127.0.0.1:58234 - R:localhost/127.0.0.1:46989]
10:46:31.946 [Forwarding sendKeysToElement on session e00611eac65fa300a45f40ff866d0983 to remote] DEBUG org.asynchttpclient.netty.request.NettyRequestSender - Using pooled Channel '[id: 0x07c0b443, L:/127.0.0.1:58234 - R:localhost/127.0.0.1:46989]' for 'POST' to 'http://localhost:46989/session/e00611eac65fa300a45f40ff866d0983/element/d12965d3-4ccd-4b94-b249-20630d7c3b99/value'
10:46:31.946 [Forwarding sendKeysToElement on session e00611eac65fa300a45f40ff866d0983 to remote] DEBUG org.asynchttpclient.netty.request.NettyRequestSender - Using open Channel [id: 0x07c0b443, L:/127.0.0.1:58234 - R:localhost/127.0.0.1:46989] for POST '/session/e00611eac65fa300a45f40ff866d0983/element/d12965d3-4ccd-4b94-b249-20630d7c3b99/value'
10:46:32.079 [AsyncHttpClient-1-2] DEBUG org.asynchttpclient.netty.handler.HttpHandler - 

Request DefaultHttpRequest(decodeResult: success, version: HTTP/1.1)
POST /session/e00611eac65fa300a45f40ff866d0983/element/d12965d3-4ccd-4b94-b249-20630d7c3b99/value HTTP/1.1
User-Agent: selenium/4.8.1 (java windows)
Content-Length: 211
Content-Type: application/json; charset=utf-8
host: localhost:46989
accept: */*

Response DefaultHttpResponse(decodeResult: success, version: HTTP/1.1)
HTTP/1.1 200 OK
Content-Length: 14
Content-Type: application/json; charset=utf-8
cache-control: no-cache

10:46:32.080 [AsyncHttpClient-1-2] DEBUG org.asynchttpclient.netty.channel.ChannelManager - Adding key: http://localhost:46989 for channel [id: 0x07c0b443, L:/127.0.0.1:58234 - R:localhost/127.0.0.1:46989]
10:46:32.093 [Forwarding getAlertText on session e00611eac65fa300a45f40ff866d0983 to remote] DEBUG org.asynchttpclient.netty.request.NettyRequestSender - Using pooled Channel '[id: 0x07c0b443, L:/127.0.0.1:58234 - R:localhost/127.0.0.1:46989]' for 'GET' to 'http://localhost:46989/session/e00611eac65fa300a45f40ff866d0983/alert/text'
10:46:32.093 [Forwarding getAlertText on session e00611eac65fa300a45f40ff866d0983 to remote] DEBUG org.asynchttpclient.netty.request.NettyRequestSender - Using open Channel [id: 0x07c0b443, L:/127.0.0.1:58234 - R:localhost/127.0.0.1:46989] for GET '/session/e00611eac65fa300a45f40ff866d0983/alert/text'
10:46:32.095 [AsyncHttpClient-1-2] DEBUG org.asynchttpclient.netty.handler.HttpHandler - 

Request DefaultFullHttpRequest(decodeResult: success, version: HTTP/1.1, content: EmptyByteBufBE)
GET /session/e00611eac65fa300a45f40ff866d0983/alert/text HTTP/1.1
User-Agent: selenium/4.8.1 (java windows)
Cache-Control: no-cache
Content-Type: application/json; charset=utf-8
host: localhost:46989
accept: */*

Response DefaultHttpResponse(decodeResult: success, version: HTTP/1.1)
HTTP/1.1 404 Not Found
Content-Length: 848
Content-Type: application/json; charset=utf-8
cache-control: no-cache

10:46:32.095 [AsyncHttpClient-1-2] DEBUG org.asynchttpclient.netty.channel.ChannelManager - Adding key: http://localhost:46989 for channel [id: 0x07c0b443, L:/127.0.0.1:58234 - R:localhost/127.0.0.1:46989]
10:46:32.097 [Forwarding getCurrentUrl on session e00611eac65fa300a45f40ff866d0983 to remote] DEBUG org.asynchttpclient.netty.request.NettyRequestSender - Using pooled Channel '[id: 0x07c0b443, L:/127.0.0.1:58234 - R:localhost/127.0.0.1:46989]' for 'GET' to 'http://localhost:46989/session/e00611eac65fa300a45f40ff866d0983/url'
10:46:32.098 [Forwarding getCurrentUrl on session e00611eac65fa300a45f40ff866d0983 to remote] DEBUG org.asynchttpclient.netty.request.NettyRequestSender - Using open Channel [id: 0x07c0b443, L:/127.0.0.1:58234 - R:localhost/127.0.0.1:46989] for GET '/session/e00611eac65fa300a45f40ff866d0983/url'
10:46:32.105 [AsyncHttpClient-1-2] DEBUG org.asynchttpclient.netty.handler.HttpHandler - 

Request DefaultFullHttpRequest(decodeResult: success, version: HTTP/1.1, content: EmptyByteBufBE)
GET /session/e00611eac65fa300a45f40ff866d0983/url HTTP/1.1
User-Agent: selenium/4.8.1 (java windows)
Cache-Control: no-cache
Content-Type: application/json; charset=utf-8
host: localhost:46989
accept: */*

Response DefaultHttpResponse(decodeResult: success, version: HTTP/1.1)
HTTP/1.1 200 OK
Content-Length: 54
Content-Type: application/json; charset=utf-8
cache-control: no-cache

10:46:32.105 [AsyncHttpClient-1-2] DEBUG org.asynchttpclient.netty.channel.ChannelManager - Adding key: http://localhost:46989 for channel [id: 0x07c0b443, L:/127.0.0.1:58234 - R:localhost/127.0.0.1:46989]
10:46:32.107 [Forwarding screenshot on session e00611eac65fa300a45f40ff866d0983 to remote] DEBUG org.asynchttpclient.netty.request.NettyRequestSender - Using pooled Channel '[id: 0x07c0b443, L:/127.0.0.1:58234 - R:localhost/127.0.0.1:46989]' for 'GET' to 'http://localhost:46989/session/e00611eac65fa300a45f40ff866d0983/screenshot'
10:46:32.107 [Forwarding screenshot on session e00611eac65fa300a45f40ff866d0983 to remote] DEBUG org.asynchttpclient.netty.request.NettyRequestSender - Using open Channel [id: 0x07c0b443, L:/127.0.0.1:58234 - R:localhost/127.0.0.1:46989] for GET '/session/e00611eac65fa300a45f40ff866d0983/screenshot'
10:46:32.271 [AsyncHttpClient-1-2] DEBUG org.asynchttpclient.netty.handler.HttpHandler - 

Request DefaultFullHttpRequest(decodeResult: success, version: HTTP/1.1, content: EmptyByteBufBE)
GET /session/e00611eac65fa300a45f40ff866d0983/screenshot HTTP/1.1
User-Agent: selenium/4.8.1 (java windows)
Cache-Control: no-cache
Content-Type: application/json; charset=utf-8
host: localhost:46989
accept: */*

Response DefaultHttpResponse(decodeResult: success, version: HTTP/1.1)
HTTP/1.1 200 OK
Content-Length: 35024
Content-Type: application/json; charset=utf-8
cache-control: no-cache

10:46:32.272 [AsyncHttpClient-1-2] DEBUG org.asynchttpclient.netty.channel.ChannelManager - Adding key: http://localhost:46989 for channel [id: 0x07c0b443, L:/127.0.0.1:58234 - R:localhost/127.0.0.1:46989]
10:46:32.276 [main] DEBUG net.serenitybdd.core.photography.Darkroom - Send negative for processing for target\site\serenity\f870f6d2b4a6c0fc4e667651d9f82f2558e8047405d957030b881d4a02e54da2.png
10:46:32.276 [main] DEBUG net.thucydides.core.steps.StepInterceptor - STEP DONE: inputEmail
10:46:32.276 [Darkroom Processing Line] DEBUG net.serenitybdd.core.photography.DarkroomProcessingLine - Processing screenshot image in /var/screenshots/screenshot-8264136605914349453
10:46:32.277 [Darkroom Processing Line] DEBUG net.serenitybdd.core.photography.DarkroomProcessingLine - Saving screenshot to target\site\serenity\f870f6d2b4a6c0fc4e667651d9f82f2558e8047405d957030b881d4a02e54da2.png
10:46:32.290 [Forwarding getPageSource on session e00611eac65fa300a45f40ff866d0983 to remote] DEBUG org.asynchttpclient.netty.request.NettyRequestSender - Using pooled Channel '[id: 0x07c0b443, L:/127.0.0.1:58234 - R:localhost/127.0.0.1:46989]' for 'POST' to 'http://localhost:46989/session/e00611eac65fa300a45f40ff866d0983/execute/sync'
10:46:32.290 [Forwarding getPageSource on session e00611eac65fa300a45f40ff866d0983 to remote] DEBUG org.asynchttpclient.netty.request.NettyRequestSender - Using open Channel [id: 0x07c0b443, L:/127.0.0.1:58234 - R:localhost/127.0.0.1:46989] for POST '/session/e00611eac65fa300a45f40ff866d0983/execute/sync'
10:46:32.296 [AsyncHttpClient-1-2] DEBUG org.asynchttpclient.netty.handler.HttpHandler - 

Request DefaultHttpRequest(decodeResult: success, version: HTTP/1.1)
POST /session/e00611eac65fa300a45f40ff866d0983/execute/sync HTTP/1.1
User-Agent: selenium/4.8.1 (java windows)
Content-Length: 176
Content-Type: application/json; charset=utf-8
host: localhost:46989
accept: */*

Response DefaultHttpResponse(decodeResult: success, version: HTTP/1.1)
HTTP/1.1 200 OK
Content-Length: 22414
Content-Type: application/json; charset=utf-8
cache-control: no-cache

10:46:32.296 [AsyncHttpClient-1-2] DEBUG org.asynchttpclient.netty.channel.ChannelManager - Adding key: http://localhost:46989 for channel [id: 0x07c0b443, L:/127.0.0.1:58234 - R:localhost/127.0.0.1:46989]
10:46:32.305 [Forwarding getCurrentUrl on session e00611eac65fa300a45f40ff866d0983 to remote] DEBUG org.asynchttpclient.netty.request.NettyRequestSender - Using pooled Channel '[id: 0x07c0b443, L:/127.0.0.1:58234 - R:localhost/127.0.0.1:46989]' for 'GET' to 'http://localhost:46989/session/e00611eac65fa300a45f40ff866d0983/url'
10:46:32.305 [Forwarding getCurrentUrl on session e00611eac65fa300a45f40ff866d0983 to remote] DEBUG org.asynchttpclient.netty.request.NettyRequestSender - Using open Channel [id: 0x07c0b443, L:/127.0.0.1:58234 - R:localhost/127.0.0.1:46989] for GET '/session/e00611eac65fa300a45f40ff866d0983/url'
10:46:32.310 [AsyncHttpClient-1-2] DEBUG org.asynchttpclient.netty.handler.HttpHandler - 

Request DefaultFullHttpRequest(decodeResult: success, version: HTTP/1.1, content: EmptyByteBufBE)
GET /session/e00611eac65fa300a45f40ff866d0983/url HTTP/1.1
User-Agent: selenium/4.8.1 (java windows)
Cache-Control: no-cache
Content-Type: application/json; charset=utf-8
host: localhost:46989
accept: */*

Response DefaultHttpResponse(decodeResult: success, version: HTTP/1.1)
HTTP/1.1 200 OK
Content-Length: 54
Content-Type: application/json; charset=utf-8
cache-control: no-cache

10:46:32.310 [AsyncHttpClient-1-2] DEBUG org.asynchttpclient.netty.channel.ChannelManager - Adding key: http://localhost:46989 for channel [id: 0x07c0b443, L:/127.0.0.1:58234 - R:localhost/127.0.0.1:46989]
10:46:32.313 [main] DEBUG net.thucydides.core.steps.StepInterceptor - STARTING STEP: IntegrationSteps.reg - inputPassword
10:46:32.320 [Forwarding findElement on session e00611eac65fa300a45f40ff866d0983 to remote] DEBUG org.asynchttpclient.netty.request.NettyRequestSender - Using pooled Channel '[id: 0x07c0b443, L:/127.0.0.1:58234 - R:localhost/127.0.0.1:46989]' for 'POST' to 'http://localhost:46989/session/e00611eac65fa300a45f40ff866d0983/element'
10:46:32.320 [Forwarding findElement on session e00611eac65fa300a45f40ff866d0983 to remote] DEBUG org.asynchttpclient.netty.request.NettyRequestSender - Using open Channel [id: 0x07c0b443, L:/127.0.0.1:58234 - R:localhost/127.0.0.1:46989] for POST '/session/e00611eac65fa300a45f40ff866d0983/element'
10:46:32.335 [AsyncHttpClient-1-2] DEBUG org.asynchttpclient.netty.handler.HttpHandler - 

Request DefaultHttpRequest(decodeResult: success, version: HTTP/1.1)
POST /session/e00611eac65fa300a45f40ff866d0983/element HTTP/1.1
User-Agent: selenium/4.8.1 (java windows)
Content-Length: 55
Content-Type: application/json; charset=utf-8
host: localhost:46989
accept: */*

Response DefaultHttpResponse(decodeResult: success, version: HTTP/1.1)
HTTP/1.1 200 OK
Content-Length: 88
Content-Type: application/json; charset=utf-8
cache-control: no-cache

10:46:32.335 [AsyncHttpClient-1-2] DEBUG org.asynchttpclient.netty.channel.ChannelManager - Adding key: http://localhost:46989 for channel [id: 0x07c0b443, L:/127.0.0.1:58234 - R:localhost/127.0.0.1:46989]
10:46:32.336 [Forwarding clearElement on session e00611eac65fa300a45f40ff866d0983 to remote] DEBUG org.asynchttpclient.netty.request.NettyRequestSender - Using pooled Channel '[id: 0x07c0b443, L:/127.0.0.1:58234 - R:localhost/127.0.0.1:46989]' for 'POST' to 'http://localhost:46989/session/e00611eac65fa300a45f40ff866d0983/element/45fae005-28d1-41ba-830a-e59a3ac8a400/clear'
10:46:32.336 [Forwarding clearElement on session e00611eac65fa300a45f40ff866d0983 to remote] DEBUG org.asynchttpclient.netty.request.NettyRequestSender - Using open Channel [id: 0x07c0b443, L:/127.0.0.1:58234 - R:localhost/127.0.0.1:46989] for POST '/session/e00611eac65fa300a45f40ff866d0983/element/45fae005-28d1-41ba-830a-e59a3ac8a400/clear'
10:46:32.380 [AsyncHttpClient-1-2] DEBUG org.asynchttpclient.netty.handler.HttpHandler - 

Request DefaultHttpRequest(decodeResult: success, version: HTTP/1.1)
POST /session/e00611eac65fa300a45f40ff866d0983/element/45fae005-28d1-41ba-830a-e59a3ac8a400/clear HTTP/1.1
User-Agent: selenium/4.8.1 (java windows)
Content-Length: 50
Content-Type: application/json; charset=utf-8
host: localhost:46989
accept: */*

Response DefaultHttpResponse(decodeResult: success, version: HTTP/1.1)
HTTP/1.1 200 OK
Content-Length: 14
Content-Type: application/json; charset=utf-8
cache-control: no-cache

10:46:32.381 [AsyncHttpClient-1-2] DEBUG org.asynchttpclient.netty.channel.ChannelManager - Adding key: http://localhost:46989 for channel [id: 0x07c0b443, L:/127.0.0.1:58234 - R:localhost/127.0.0.1:46989]
10:46:32.385 [Forwarding sendKeysToElement on session e00611eac65fa300a45f40ff866d0983 to remote] DEBUG org.asynchttpclient.netty.request.NettyRequestSender - Using pooled Channel '[id: 0x07c0b443, L:/127.0.0.1:58234 - R:localhost/127.0.0.1:46989]' for 'POST' to 'http://localhost:46989/session/e00611eac65fa300a45f40ff866d0983/element/45fae005-28d1-41ba-830a-e59a3ac8a400/value'
10:46:32.385 [Forwarding sendKeysToElement on session e00611eac65fa300a45f40ff866d0983 to remote] DEBUG org.asynchttpclient.netty.request.NettyRequestSender - Using open Channel [id: 0x07c0b443, L:/127.0.0.1:58234 - R:localhost/127.0.0.1:46989] for POST '/session/e00611eac65fa300a45f40ff866d0983/element/45fae005-28d1-41ba-830a-e59a3ac8a400/value'
10:46:32.458 [AsyncHttpClient-1-2] DEBUG org.asynchttpclient.netty.handler.HttpHandler - 

Request DefaultHttpRequest(decodeResult: success, version: HTTP/1.1)
POST /session/e00611eac65fa300a45f40ff866d0983/element/45fae005-28d1-41ba-830a-e59a3ac8a400/value HTTP/1.1
User-Agent: selenium/4.8.1 (java windows)
Content-Length: 141
Content-Type: application/json; charset=utf-8
host: localhost:46989
accept: */*

Response DefaultHttpResponse(decodeResult: success, version: HTTP/1.1)
HTTP/1.1 200 OK
Content-Length: 14
Content-Type: application/json; charset=utf-8
cache-control: no-cache

10:46:32.459 [AsyncHttpClient-1-2] DEBUG org.asynchttpclient.netty.channel.ChannelManager - Adding key: http://localhost:46989 for channel [id: 0x07c0b443, L:/127.0.0.1:58234 - R:localhost/127.0.0.1:46989]
10:46:32.469 [Forwarding getAlertText on session e00611eac65fa300a45f40ff866d0983 to remote] DEBUG org.asynchttpclient.netty.request.NettyRequestSender - Using pooled Channel '[id: 0x07c0b443, L:/127.0.0.1:58234 - R:localhost/127.0.0.1:46989]' for 'GET' to 'http://localhost:46989/session/e00611eac65fa300a45f40ff866d0983/alert/text'
10:46:32.469 [Forwarding getAlertText on session e00611eac65fa300a45f40ff866d0983 to remote] DEBUG org.asynchttpclient.netty.request.NettyRequestSender - Using open Channel [id: 0x07c0b443, L:/127.0.0.1:58234 - R:localhost/127.0.0.1:46989] for GET '/session/e00611eac65fa300a45f40ff866d0983/alert/text'
10:46:32.471 [AsyncHttpClient-1-2] DEBUG org.asynchttpclient.netty.handler.HttpHandler - 

Request DefaultFullHttpRequest(decodeResult: success, version: HTTP/1.1, content: EmptyByteBufBE)
GET /session/e00611eac65fa300a45f40ff866d0983/alert/text HTTP/1.1
User-Agent: selenium/4.8.1 (java windows)
Cache-Control: no-cache
Content-Type: application/json; charset=utf-8
host: localhost:46989
accept: */*

Response DefaultHttpResponse(decodeResult: success, version: HTTP/1.1)
HTTP/1.1 404 Not Found
Content-Length: 848
Content-Type: application/json; charset=utf-8
cache-control: no-cache

10:46:32.471 [AsyncHttpClient-1-2] DEBUG org.asynchttpclient.netty.channel.ChannelManager - Adding key: http://localhost:46989 for channel [id: 0x07c0b443, L:/127.0.0.1:58234 - R:localhost/127.0.0.1:46989]
10:46:32.474 [Forwarding getCurrentUrl on session e00611eac65fa300a45f40ff866d0983 to remote] DEBUG org.asynchttpclient.netty.request.NettyRequestSender - Using pooled Channel '[id: 0x07c0b443, L:/127.0.0.1:58234 - R:localhost/127.0.0.1:46989]' for 'GET' to 'http://localhost:46989/session/e00611eac65fa300a45f40ff866d0983/url'
10:46:32.474 [Forwarding getCurrentUrl on session e00611eac65fa300a45f40ff866d0983 to remote] DEBUG org.asynchttpclient.netty.request.NettyRequestSender - Using open Channel [id: 0x07c0b443, L:/127.0.0.1:58234 - R:localhost/127.0.0.1:46989] for GET '/session/e00611eac65fa300a45f40ff866d0983/url'
10:46:32.478 [AsyncHttpClient-1-2] DEBUG org.asynchttpclient.netty.handler.HttpHandler - 

Request DefaultFullHttpRequest(decodeResult: success, version: HTTP/1.1, content: EmptyByteBufBE)
GET /session/e00611eac65fa300a45f40ff866d0983/url HTTP/1.1
User-Agent: selenium/4.8.1 (java windows)
Cache-Control: no-cache
Content-Type: application/json; charset=utf-8
host: localhost:46989
accept: */*

Response DefaultHttpResponse(decodeResult: success, version: HTTP/1.1)
HTTP/1.1 200 OK
Content-Length: 54
Content-Type: application/json; charset=utf-8
cache-control: no-cache

10:46:32.478 [AsyncHttpClient-1-2] DEBUG org.asynchttpclient.netty.channel.ChannelManager - Adding key: http://localhost:46989 for channel [id: 0x07c0b443, L:/127.0.0.1:58234 - R:localhost/127.0.0.1:46989]
10:46:32.488 [Forwarding screenshot on session e00611eac65fa300a45f40ff866d0983 to remote] DEBUG org.asynchttpclient.netty.request.NettyRequestSender - Using pooled Channel '[id: 0x07c0b443, L:/127.0.0.1:58234 - R:localhost/127.0.0.1:46989]' for 'GET' to 'http://localhost:46989/session/e00611eac65fa300a45f40ff866d0983/screenshot'
10:46:32.489 [Forwarding screenshot on session e00611eac65fa300a45f40ff866d0983 to remote] DEBUG org.asynchttpclient.netty.request.NettyRequestSender - Using open Channel [id: 0x07c0b443, L:/127.0.0.1:58234 - R:localhost/127.0.0.1:46989] for GET '/session/e00611eac65fa300a45f40ff866d0983/screenshot'
10:46:32.692 [AsyncHttpClient-1-2] DEBUG org.asynchttpclient.netty.handler.HttpHandler - 

Request DefaultFullHttpRequest(decodeResult: success, version: HTTP/1.1, content: EmptyByteBufBE)
GET /session/e00611eac65fa300a45f40ff866d0983/screenshot HTTP/1.1
User-Agent: selenium/4.8.1 (java windows)
Cache-Control: no-cache
Content-Type: application/json; charset=utf-8
host: localhost:46989
accept: */*

Response DefaultHttpResponse(decodeResult: success, version: HTTP/1.1)
HTTP/1.1 200 OK
Content-Length: 35436
Content-Type: application/json; charset=utf-8
cache-control: no-cache

10:46:32.693 [AsyncHttpClient-1-2] DEBUG org.asynchttpclient.netty.channel.ChannelManager - Adding key: http://localhost:46989 for channel [id: 0x07c0b443, L:/127.0.0.1:58234 - R:localhost/127.0.0.1:46989]
10:46:32.703 [main] DEBUG net.serenitybdd.core.photography.Darkroom - Send negative for processing for target\site\serenity\f9c67490afed98060238e4fdb68243c0cc6be9ab4451d63fdee11b2340923c21.png
10:46:32.704 [main] DEBUG net.thucydides.core.steps.StepInterceptor - STEP DONE: inputPassword
10:46:32.711 [Darkroom Processing Line] DEBUG net.serenitybdd.core.photography.DarkroomProcessingLine - Processing screenshot image in /var/screenshots/screenshot-5412595451580854446
10:46:32.711 [Darkroom Processing Line] DEBUG net.serenitybdd.core.photography.DarkroomProcessingLine - Saving screenshot to target\site\serenity\f9c67490afed98060238e4fdb68243c0cc6be9ab4451d63fdee11b2340923c21.png
10:46:32.729 [Forwarding getPageSource on session e00611eac65fa300a45f40ff866d0983 to remote] DEBUG org.asynchttpclient.netty.request.NettyRequestSender - Using pooled Channel '[id: 0x07c0b443, L:/127.0.0.1:58234 - R:localhost/127.0.0.1:46989]' for 'POST' to 'http://localhost:46989/session/e00611eac65fa300a45f40ff866d0983/execute/sync'
10:46:32.729 [Forwarding getPageSource on session e00611eac65fa300a45f40ff866d0983 to remote] DEBUG org.asynchttpclient.netty.request.NettyRequestSender - Using open Channel [id: 0x07c0b443, L:/127.0.0.1:58234 - R:localhost/127.0.0.1:46989] for POST '/session/e00611eac65fa300a45f40ff866d0983/execute/sync'
10:46:32.743 [AsyncHttpClient-1-2] DEBUG org.asynchttpclient.netty.handler.HttpHandler - 

Request DefaultHttpRequest(decodeResult: success, version: HTTP/1.1)
POST /session/e00611eac65fa300a45f40ff866d0983/execute/sync HTTP/1.1
User-Agent: selenium/4.8.1 (java windows)
Content-Length: 176
Content-Type: application/json; charset=utf-8
host: localhost:46989
accept: */*

Response DefaultHttpResponse(decodeResult: success, version: HTTP/1.1)
HTTP/1.1 200 OK
Content-Length: 22473
Content-Type: application/json; charset=utf-8
cache-control: no-cache

10:46:32.744 [AsyncHttpClient-1-2] DEBUG org.asynchttpclient.netty.channel.ChannelManager - Adding key: http://localhost:46989 for channel [id: 0x07c0b443, L:/127.0.0.1:58234 - R:localhost/127.0.0.1:46989]
10:46:32.753 [Forwarding getCurrentUrl on session e00611eac65fa300a45f40ff866d0983 to remote] DEBUG org.asynchttpclient.netty.request.NettyRequestSender - Using pooled Channel '[id: 0x07c0b443, L:/127.0.0.1:58234 - R:localhost/127.0.0.1:46989]' for 'GET' to 'http://localhost:46989/session/e00611eac65fa300a45f40ff866d0983/url'
10:46:32.753 [Forwarding getCurrentUrl on session e00611eac65fa300a45f40ff866d0983 to remote] DEBUG org.asynchttpclient.netty.request.NettyRequestSender - Using open Channel [id: 0x07c0b443, L:/127.0.0.1:58234 - R:localhost/127.0.0.1:46989] for GET '/session/e00611eac65fa300a45f40ff866d0983/url'
10:46:32.758 [AsyncHttpClient-1-2] DEBUG org.asynchttpclient.netty.handler.HttpHandler - 

Request DefaultFullHttpRequest(decodeResult: success, version: HTTP/1.1, content: EmptyByteBufBE)
GET /session/e00611eac65fa300a45f40ff866d0983/url HTTP/1.1
User-Agent: selenium/4.8.1 (java windows)
Cache-Control: no-cache
Content-Type: application/json; charset=utf-8
host: localhost:46989
accept: */*

Response DefaultHttpResponse(decodeResult: success, version: HTTP/1.1)
HTTP/1.1 200 OK
Content-Length: 54
Content-Type: application/json; charset=utf-8
cache-control: no-cache

10:46:32.759 [AsyncHttpClient-1-2] DEBUG org.asynchttpclient.netty.channel.ChannelManager - Adding key: http://localhost:46989 for channel [id: 0x07c0b443, L:/127.0.0.1:58234 - R:localhost/127.0.0.1:46989]
10:46:32.762 [main] DEBUG net.thucydides.core.steps.StepInterceptor - STARTING STEP: IntegrationSteps.reg - clickRegisterButton
10:46:32.767 [Forwarding setTimeout on session e00611eac65fa300a45f40ff866d0983 to remote] DEBUG org.asynchttpclient.netty.request.NettyRequestSender - Using pooled Channel '[id: 0x07c0b443, L:/127.0.0.1:58234 - R:localhost/127.0.0.1:46989]' for 'POST' to 'http://localhost:46989/session/e00611eac65fa300a45f40ff866d0983/timeouts'
10:46:32.767 [Forwarding setTimeout on session e00611eac65fa300a45f40ff866d0983 to remote] DEBUG org.asynchttpclient.netty.request.NettyRequestSender - Using open Channel [id: 0x07c0b443, L:/127.0.0.1:58234 - R:localhost/127.0.0.1:46989] for POST '/session/e00611eac65fa300a45f40ff866d0983/timeouts'
10:46:32.768 [AsyncHttpClient-1-2] DEBUG org.asynchttpclient.netty.handler.HttpHandler - 

Request DefaultHttpRequest(decodeResult: success, version: HTTP/1.1)
POST /session/e00611eac65fa300a45f40ff866d0983/timeouts HTTP/1.1
User-Agent: selenium/4.8.1 (java windows)
Content-Length: 19
Content-Type: application/json; charset=utf-8
host: localhost:46989
accept: */*

Response DefaultHttpResponse(decodeResult: success, version: HTTP/1.1)
HTTP/1.1 200 OK
Content-Length: 14
Content-Type: application/json; charset=utf-8
cache-control: no-cache

10:46:32.768 [AsyncHttpClient-1-2] DEBUG org.asynchttpclient.netty.channel.ChannelManager - Adding key: http://localhost:46989 for channel [id: 0x07c0b443, L:/127.0.0.1:58234 - R:localhost/127.0.0.1:46989]
10:46:32.772 [Forwarding findElements on session e00611eac65fa300a45f40ff866d0983 to remote] DEBUG org.asynchttpclient.netty.request.NettyRequestSender - Using pooled Channel '[id: 0x07c0b443, L:/127.0.0.1:58234 - R:localhost/127.0.0.1:46989]' for 'POST' to 'http://localhost:46989/session/e00611eac65fa300a45f40ff866d0983/elements'
10:46:32.773 [Forwarding findElements on session e00611eac65fa300a45f40ff866d0983 to remote] DEBUG org.asynchttpclient.netty.request.NettyRequestSender - Using open Channel [id: 0x07c0b443, L:/127.0.0.1:58234 - R:localhost/127.0.0.1:46989] for POST '/session/e00611eac65fa300a45f40ff866d0983/elements'
10:46:32.784 [AsyncHttpClient-1-2] DEBUG org.asynchttpclient.netty.handler.HttpHandler - 

Request DefaultHttpRequest(decodeResult: success, version: HTTP/1.1)
POST /session/e00611eac65fa300a45f40ff866d0983/elements HTTP/1.1
User-Agent: selenium/4.8.1 (java windows)
Content-Length: 225
Content-Type: application/json; charset=utf-8
host: localhost:46989
accept: */*

Response DefaultHttpResponse(decodeResult: success, version: HTTP/1.1)
HTTP/1.1 200 OK
Content-Length: 90
Content-Type: application/json; charset=utf-8
cache-control: no-cache

10:46:32.784 [AsyncHttpClient-1-2] DEBUG org.asynchttpclient.netty.channel.ChannelManager - Adding key: http://localhost:46989 for channel [id: 0x07c0b443, L:/127.0.0.1:58234 - R:localhost/127.0.0.1:46989]
10:46:32.789 [Forwarding isElementDisplayed on session e00611eac65fa300a45f40ff866d0983 to remote] DEBUG org.asynchttpclient.netty.request.NettyRequestSender - Using pooled Channel '[id: 0x07c0b443, L:/127.0.0.1:58234 - R:localhost/127.0.0.1:46989]' for 'POST' to 'http://localhost:46989/session/e00611eac65fa300a45f40ff866d0983/execute/sync'
10:46:32.790 [Forwarding isElementDisplayed on session e00611eac65fa300a45f40ff866d0983 to remote] DEBUG org.asynchttpclient.netty.request.NettyRequestSender - Using open Channel [id: 0x07c0b443, L:/127.0.0.1:58234 - R:localhost/127.0.0.1:46989] for POST '/session/e00611eac65fa300a45f40ff866d0983/execute/sync'
10:46:32.804 [AsyncHttpClient-1-2] DEBUG org.asynchttpclient.netty.handler.HttpHandler - 

Request DefaultHttpRequest(decodeResult: success, version: HTTP/1.1)
POST /session/e00611eac65fa300a45f40ff866d0983/execute/sync HTTP/1.1
User-Agent: selenium/4.8.1 (java windows)
Content-Length: 48807
Content-Type: application/json; charset=utf-8
host: localhost:46989
accept: */*

Response DefaultHttpResponse(decodeResult: success, version: HTTP/1.1)
HTTP/1.1 200 OK
Content-Length: 14
Content-Type: application/json; charset=utf-8
cache-control: no-cache

10:46:32.804 [AsyncHttpClient-1-2] DEBUG org.asynchttpclient.netty.channel.ChannelManager - Adding key: http://localhost:46989 for channel [id: 0x07c0b443, L:/127.0.0.1:58234 - R:localhost/127.0.0.1:46989]
10:46:32.807 [Forwarding findElements on session e00611eac65fa300a45f40ff866d0983 to remote] DEBUG org.asynchttpclient.netty.request.NettyRequestSender - Using pooled Channel '[id: 0x07c0b443, L:/127.0.0.1:58234 - R:localhost/127.0.0.1:46989]' for 'POST' to 'http://localhost:46989/session/e00611eac65fa300a45f40ff866d0983/elements'
10:46:32.807 [Forwarding findElements on session e00611eac65fa300a45f40ff866d0983 to remote] DEBUG org.asynchttpclient.netty.request.NettyRequestSender - Using open Channel [id: 0x07c0b443, L:/127.0.0.1:58234 - R:localhost/127.0.0.1:46989] for POST '/session/e00611eac65fa300a45f40ff866d0983/elements'
10:46:32.817 [AsyncHttpClient-1-2] DEBUG org.asynchttpclient.netty.handler.HttpHandler - 

Request DefaultHttpRequest(decodeResult: success, version: HTTP/1.1)
POST /session/e00611eac65fa300a45f40ff866d0983/elements HTTP/1.1
User-Agent: selenium/4.8.1 (java windows)
Content-Length: 225
Content-Type: application/json; charset=utf-8
host: localhost:46989
accept: */*

Response DefaultHttpResponse(decodeResult: success, version: HTTP/1.1)
HTTP/1.1 200 OK
Content-Length: 90
Content-Type: application/json; charset=utf-8
cache-control: no-cache

10:46:32.817 [AsyncHttpClient-1-2] DEBUG org.asynchttpclient.netty.channel.ChannelManager - Adding key: http://localhost:46989 for channel [id: 0x07c0b443, L:/127.0.0.1:58234 - R:localhost/127.0.0.1:46989]
10:46:32.820 [Forwarding setTimeout on session e00611eac65fa300a45f40ff866d0983 to remote] DEBUG org.asynchttpclient.netty.request.NettyRequestSender - Using pooled Channel '[id: 0x07c0b443, L:/127.0.0.1:58234 - R:localhost/127.0.0.1:46989]' for 'POST' to 'http://localhost:46989/session/e00611eac65fa300a45f40ff866d0983/timeouts'
10:46:32.821 [Forwarding setTimeout on session e00611eac65fa300a45f40ff866d0983 to remote] DEBUG org.asynchttpclient.netty.request.NettyRequestSender - Using open Channel [id: 0x07c0b443, L:/127.0.0.1:58234 - R:localhost/127.0.0.1:46989] for POST '/session/e00611eac65fa300a45f40ff866d0983/timeouts'
10:46:32.822 [AsyncHttpClient-1-2] DEBUG org.asynchttpclient.netty.handler.HttpHandler - 

Request DefaultHttpRequest(decodeResult: success, version: HTTP/1.1)
POST /session/e00611eac65fa300a45f40ff866d0983/timeouts HTTP/1.1
User-Agent: selenium/4.8.1 (java windows)
Content-Length: 22
Content-Type: application/json; charset=utf-8
host: localhost:46989
accept: */*

Response DefaultHttpResponse(decodeResult: success, version: HTTP/1.1)
HTTP/1.1 200 OK
Content-Length: 14
Content-Type: application/json; charset=utf-8
cache-control: no-cache

10:46:32.822 [AsyncHttpClient-1-2] DEBUG org.asynchttpclient.netty.channel.ChannelManager - Adding key: http://localhost:46989 for channel [id: 0x07c0b443, L:/127.0.0.1:58234 - R:localhost/127.0.0.1:46989]
10:46:32.833 [Forwarding getElementTagName on session e00611eac65fa300a45f40ff866d0983 to remote] DEBUG org.asynchttpclient.netty.request.NettyRequestSender - Using pooled Channel '[id: 0x07c0b443, L:/127.0.0.1:58234 - R:localhost/127.0.0.1:46989]' for 'GET' to 'http://localhost:46989/session/e00611eac65fa300a45f40ff866d0983/element/70d7f32f-f335-4e4f-ba5f-75085dbbf5a0/name'
10:46:32.833 [Forwarding getElementTagName on session e00611eac65fa300a45f40ff866d0983 to remote] DEBUG org.asynchttpclient.netty.request.NettyRequestSender - Using open Channel [id: 0x07c0b443, L:/127.0.0.1:58234 - R:localhost/127.0.0.1:46989] for GET '/session/e00611eac65fa300a45f40ff866d0983/element/70d7f32f-f335-4e4f-ba5f-75085dbbf5a0/name'
10:46:32.839 [AsyncHttpClient-1-2] DEBUG org.asynchttpclient.netty.handler.HttpHandler - 

Request DefaultFullHttpRequest(decodeResult: success, version: HTTP/1.1, content: EmptyByteBufBE)
GET /session/e00611eac65fa300a45f40ff866d0983/element/70d7f32f-f335-4e4f-ba5f-75085dbbf5a0/name HTTP/1.1
User-Agent: selenium/4.8.1 (java windows)
Cache-Control: no-cache
Content-Type: application/json; charset=utf-8
host: localhost:46989
accept: */*

Response DefaultHttpResponse(decodeResult: success, version: HTTP/1.1)
HTTP/1.1 200 OK
Content-Length: 18
Content-Type: application/json; charset=utf-8
cache-control: no-cache

10:46:32.839 [AsyncHttpClient-1-2] DEBUG org.asynchttpclient.netty.channel.ChannelManager - Adding key: http://localhost:46989 for channel [id: 0x07c0b443, L:/127.0.0.1:58234 - R:localhost/127.0.0.1:46989]
10:46:32.841 [Forwarding getElementTagName on session e00611eac65fa300a45f40ff866d0983 to remote] DEBUG org.asynchttpclient.netty.request.NettyRequestSender - Using pooled Channel '[id: 0x07c0b443, L:/127.0.0.1:58234 - R:localhost/127.0.0.1:46989]' for 'GET' to 'http://localhost:46989/session/e00611eac65fa300a45f40ff866d0983/element/70d7f32f-f335-4e4f-ba5f-75085dbbf5a0/name'
10:46:32.841 [Forwarding getElementTagName on session e00611eac65fa300a45f40ff866d0983 to remote] DEBUG org.asynchttpclient.netty.request.NettyRequestSender - Using open Channel [id: 0x07c0b443, L:/127.0.0.1:58234 - R:localhost/127.0.0.1:46989] for GET '/session/e00611eac65fa300a45f40ff866d0983/element/70d7f32f-f335-4e4f-ba5f-75085dbbf5a0/name'
10:46:32.845 [AsyncHttpClient-1-2] DEBUG org.asynchttpclient.netty.handler.HttpHandler - 

Request DefaultFullHttpRequest(decodeResult: success, version: HTTP/1.1, content: EmptyByteBufBE)
GET /session/e00611eac65fa300a45f40ff866d0983/element/70d7f32f-f335-4e4f-ba5f-75085dbbf5a0/name HTTP/1.1
User-Agent: selenium/4.8.1 (java windows)
Cache-Control: no-cache
Content-Type: application/json; charset=utf-8
host: localhost:46989
accept: */*

Response DefaultHttpResponse(decodeResult: success, version: HTTP/1.1)
HTTP/1.1 200 OK
Content-Length: 18
Content-Type: application/json; charset=utf-8
cache-control: no-cache

10:46:32.846 [AsyncHttpClient-1-2] DEBUG org.asynchttpclient.netty.channel.ChannelManager - Adding key: http://localhost:46989 for channel [id: 0x07c0b443, L:/127.0.0.1:58234 - R:localhost/127.0.0.1:46989]
10:46:32.851 [AsyncHttpClient-1-1] DEBUG org.asynchttpclient.netty.channel.DefaultChannelPool - Entry count for : http://localhost:46989 : 1
10:46:32.851 [AsyncHttpClient-1-1] DEBUG org.asynchttpclient.netty.channel.DefaultChannelPool - Entry count for : http://localhost:58235 : 1
10:46:32.852 [Forwarding isElementEnabled on session e00611eac65fa300a45f40ff866d0983 to remote] DEBUG org.asynchttpclient.netty.request.NettyRequestSender - Using pooled Channel '[id: 0x07c0b443, L:/127.0.0.1:58234 - R:localhost/127.0.0.1:46989]' for 'GET' to 'http://localhost:46989/session/e00611eac65fa300a45f40ff866d0983/element/70d7f32f-f335-4e4f-ba5f-75085dbbf5a0/enabled'
10:46:32.852 [Forwarding isElementEnabled on session e00611eac65fa300a45f40ff866d0983 to remote] DEBUG org.asynchttpclient.netty.request.NettyRequestSender - Using open Channel [id: 0x07c0b443, L:/127.0.0.1:58234 - R:localhost/127.0.0.1:46989] for GET '/session/e00611eac65fa300a45f40ff866d0983/element/70d7f32f-f335-4e4f-ba5f-75085dbbf5a0/enabled'
10:46:32.862 [AsyncHttpClient-1-2] DEBUG org.asynchttpclient.netty.handler.HttpHandler - 

Request DefaultFullHttpRequest(decodeResult: success, version: HTTP/1.1, content: EmptyByteBufBE)
GET /session/e00611eac65fa300a45f40ff866d0983/element/70d7f32f-f335-4e4f-ba5f-75085dbbf5a0/enabled HTTP/1.1
User-Agent: selenium/4.8.1 (java windows)
Cache-Control: no-cache
Content-Type: application/json; charset=utf-8
host: localhost:46989
accept: */*

Response DefaultHttpResponse(decodeResult: success, version: HTTP/1.1)
HTTP/1.1 200 OK
Content-Length: 14
Content-Type: application/json; charset=utf-8
cache-control: no-cache

10:46:32.862 [AsyncHttpClient-1-2] DEBUG org.asynchttpclient.netty.channel.ChannelManager - Adding key: http://localhost:46989 for channel [id: 0x07c0b443, L:/127.0.0.1:58234 - R:localhost/127.0.0.1:46989]
10:46:32.865 [Forwarding isElementEnabled on session e00611eac65fa300a45f40ff866d0983 to remote] DEBUG org.asynchttpclient.netty.request.NettyRequestSender - Using pooled Channel '[id: 0x07c0b443, L:/127.0.0.1:58234 - R:localhost/127.0.0.1:46989]' for 'GET' to 'http://localhost:46989/session/e00611eac65fa300a45f40ff866d0983/element/70d7f32f-f335-4e4f-ba5f-75085dbbf5a0/enabled'
10:46:32.865 [Forwarding isElementEnabled on session e00611eac65fa300a45f40ff866d0983 to remote] DEBUG org.asynchttpclient.netty.request.NettyRequestSender - Using open Channel [id: 0x07c0b443, L:/127.0.0.1:58234 - R:localhost/127.0.0.1:46989] for GET '/session/e00611eac65fa300a45f40ff866d0983/element/70d7f32f-f335-4e4f-ba5f-75085dbbf5a0/enabled'
10:46:32.872 [AsyncHttpClient-1-2] DEBUG org.asynchttpclient.netty.handler.HttpHandler - 

Request DefaultFullHttpRequest(decodeResult: success, version: HTTP/1.1, content: EmptyByteBufBE)
GET /session/e00611eac65fa300a45f40ff866d0983/element/70d7f32f-f335-4e4f-ba5f-75085dbbf5a0/enabled HTTP/1.1
User-Agent: selenium/4.8.1 (java windows)
Cache-Control: no-cache
Content-Type: application/json; charset=utf-8
host: localhost:46989
accept: */*

Response DefaultHttpResponse(decodeResult: success, version: HTTP/1.1)
HTTP/1.1 200 OK
Content-Length: 14
Content-Type: application/json; charset=utf-8
cache-control: no-cache

10:46:32.872 [AsyncHttpClient-1-2] DEBUG org.asynchttpclient.netty.channel.ChannelManager - Adding key: http://localhost:46989 for channel [id: 0x07c0b443, L:/127.0.0.1:58234 - R:localhost/127.0.0.1:46989]
10:46:32.875 [Forwarding clickElement on session e00611eac65fa300a45f40ff866d0983 to remote] DEBUG org.asynchttpclient.netty.request.NettyRequestSender - Using pooled Channel '[id: 0x07c0b443, L:/127.0.0.1:58234 - R:localhost/127.0.0.1:46989]' for 'POST' to 'http://localhost:46989/session/e00611eac65fa300a45f40ff866d0983/element/70d7f32f-f335-4e4f-ba5f-75085dbbf5a0/click'
10:46:32.875 [Forwarding clickElement on session e00611eac65fa300a45f40ff866d0983 to remote] DEBUG org.asynchttpclient.netty.request.NettyRequestSender - Using open Channel [id: 0x07c0b443, L:/127.0.0.1:58234 - R:localhost/127.0.0.1:46989] for POST '/session/e00611eac65fa300a45f40ff866d0983/element/70d7f32f-f335-4e4f-ba5f-75085dbbf5a0/click'
10:46:32.925 [AsyncHttpClient-1-2] DEBUG org.asynchttpclient.netty.handler.HttpHandler - 

Request DefaultHttpRequest(decodeResult: success, version: HTTP/1.1)
POST /session/e00611eac65fa300a45f40ff866d0983/element/70d7f32f-f335-4e4f-ba5f-75085dbbf5a0/click HTTP/1.1
User-Agent: selenium/4.8.1 (java windows)
Content-Length: 50
Content-Type: application/json; charset=utf-8
host: localhost:46989
accept: */*

Response DefaultHttpResponse(decodeResult: success, version: HTTP/1.1)
HTTP/1.1 200 OK
Content-Length: 14
Content-Type: application/json; charset=utf-8
cache-control: no-cache

10:46:32.926 [AsyncHttpClient-1-2] DEBUG org.asynchttpclient.netty.channel.ChannelManager - Adding key: http://localhost:46989 for channel [id: 0x07c0b443, L:/127.0.0.1:58234 - R:localhost/127.0.0.1:46989]
10:46:32.935 [Forwarding getAlertText on session e00611eac65fa300a45f40ff866d0983 to remote] DEBUG org.asynchttpclient.netty.request.NettyRequestSender - Using pooled Channel '[id: 0x07c0b443, L:/127.0.0.1:58234 - R:localhost/127.0.0.1:46989]' for 'GET' to 'http://localhost:46989/session/e00611eac65fa300a45f40ff866d0983/alert/text'
10:46:32.935 [Forwarding getAlertText on session e00611eac65fa300a45f40ff866d0983 to remote] DEBUG org.asynchttpclient.netty.request.NettyRequestSender - Using open Channel [id: 0x07c0b443, L:/127.0.0.1:58234 - R:localhost/127.0.0.1:46989] for GET '/session/e00611eac65fa300a45f40ff866d0983/alert/text'
10:46:32.937 [AsyncHttpClient-1-2] DEBUG org.asynchttpclient.netty.handler.HttpHandler - 

Request DefaultFullHttpRequest(decodeResult: success, version: HTTP/1.1, content: EmptyByteBufBE)
GET /session/e00611eac65fa300a45f40ff866d0983/alert/text HTTP/1.1
User-Agent: selenium/4.8.1 (java windows)
Cache-Control: no-cache
Content-Type: application/json; charset=utf-8
host: localhost:46989
accept: */*

Response DefaultHttpResponse(decodeResult: success, version: HTTP/1.1)
HTTP/1.1 404 Not Found
Content-Length: 848
Content-Type: application/json; charset=utf-8
cache-control: no-cache

10:46:32.938 [AsyncHttpClient-1-2] DEBUG org.asynchttpclient.netty.channel.ChannelManager - Adding key: http://localhost:46989 for channel [id: 0x07c0b443, L:/127.0.0.1:58234 - R:localhost/127.0.0.1:46989]
10:46:32.940 [Forwarding getCurrentUrl on session e00611eac65fa300a45f40ff866d0983 to remote] DEBUG org.asynchttpclient.netty.request.NettyRequestSender - Using pooled Channel '[id: 0x07c0b443, L:/127.0.0.1:58234 - R:localhost/127.0.0.1:46989]' for 'GET' to 'http://localhost:46989/session/e00611eac65fa300a45f40ff866d0983/url'
10:46:32.940 [Forwarding getCurrentUrl on session e00611eac65fa300a45f40ff866d0983 to remote] DEBUG org.asynchttpclient.netty.request.NettyRequestSender - Using open Channel [id: 0x07c0b443, L:/127.0.0.1:58234 - R:localhost/127.0.0.1:46989] for GET '/session/e00611eac65fa300a45f40ff866d0983/url'
10:46:32.944 [AsyncHttpClient-1-2] DEBUG org.asynchttpclient.netty.handler.HttpHandler - 

Request DefaultFullHttpRequest(decodeResult: success, version: HTTP/1.1, content: EmptyByteBufBE)
GET /session/e00611eac65fa300a45f40ff866d0983/url HTTP/1.1
User-Agent: selenium/4.8.1 (java windows)
Cache-Control: no-cache
Content-Type: application/json; charset=utf-8
host: localhost:46989
accept: */*

Response DefaultHttpResponse(decodeResult: success, version: HTTP/1.1)
HTTP/1.1 200 OK
Content-Length: 54
Content-Type: application/json; charset=utf-8
cache-control: no-cache

10:46:32.944 [AsyncHttpClient-1-2] DEBUG org.asynchttpclient.netty.channel.ChannelManager - Adding key: http://localhost:46989 for channel [id: 0x07c0b443, L:/127.0.0.1:58234 - R:localhost/127.0.0.1:46989]
10:46:32.945 [Forwarding screenshot on session e00611eac65fa300a45f40ff866d0983 to remote] DEBUG org.asynchttpclient.netty.request.NettyRequestSender - Using pooled Channel '[id: 0x07c0b443, L:/127.0.0.1:58234 - R:localhost/127.0.0.1:46989]' for 'GET' to 'http://localhost:46989/session/e00611eac65fa300a45f40ff866d0983/screenshot'
10:46:32.946 [Forwarding screenshot on session e00611eac65fa300a45f40ff866d0983 to remote] DEBUG org.asynchttpclient.netty.request.NettyRequestSender - Using open Channel [id: 0x07c0b443, L:/127.0.0.1:58234 - R:localhost/127.0.0.1:46989] for GET '/session/e00611eac65fa300a45f40ff866d0983/screenshot'
10:46:33.207 [AsyncHttpClient-1-2] DEBUG org.asynchttpclient.netty.handler.HttpHandler - 

Request DefaultFullHttpRequest(decodeResult: success, version: HTTP/1.1, content: EmptyByteBufBE)
GET /session/e00611eac65fa300a45f40ff866d0983/screenshot HTTP/1.1
User-Agent: selenium/4.8.1 (java windows)
Cache-Control: no-cache
Content-Type: application/json; charset=utf-8
host: localhost:46989
accept: */*

Response DefaultHttpResponse(decodeResult: success, version: HTTP/1.1)
HTTP/1.1 200 OK
Content-Length: 34696
Content-Type: application/json; charset=utf-8
cache-control: no-cache

10:46:33.208 [AsyncHttpClient-1-2] DEBUG org.asynchttpclient.netty.channel.ChannelManager - Adding key: http://localhost:46989 for channel [id: 0x07c0b443, L:/127.0.0.1:58234 - R:localhost/127.0.0.1:46989]
10:46:33.211 [main] DEBUG net.serenitybdd.core.photography.Darkroom - Send negative for processing for target\site\serenity\b88c4eea2c71eed0cf5063623cf01508a58432c44b6c60ce1353b691b81ef9e4.png
10:46:33.211 [main] DEBUG net.thucydides.core.steps.StepInterceptor - STEP DONE: clickRegisterButton
10:46:33.212 [Darkroom Processing Line] DEBUG net.serenitybdd.core.photography.DarkroomProcessingLine - Processing screenshot image in /var/screenshots/screenshot-14021036322658407886
10:46:33.212 [Darkroom Processing Line] DEBUG net.serenitybdd.core.photography.DarkroomProcessingLine - Saving screenshot to target\site\serenity\b88c4eea2c71eed0cf5063623cf01508a58432c44b6c60ce1353b691b81ef9e4.png
  &amp#27;[32mWhen &amp#27;[0m&amp#27;[32mUser success register&amp#27;[0m                   &amp#27;[90m# starter.stepdefinition.IntegrationSteps.reg()&amp#27;[0m
10:46:33.228 [Forwarding getPageSource on session e00611eac65fa300a45f40ff866d0983 to remote] DEBUG org.asynchttpclient.netty.request.NettyRequestSender - Using pooled Channel '[id: 0x07c0b443, L:/127.0.0.1:58234 - R:localhost/127.0.0.1:46989]' for 'POST' to 'http://localhost:46989/session/e00611eac65fa300a45f40ff866d0983/execute/sync'
10:46:33.228 [Forwarding getPageSource on session e00611eac65fa300a45f40ff866d0983 to remote] DEBUG org.asynchttpclient.netty.request.NettyRequestSender - Using open Channel [id: 0x07c0b443, L:/127.0.0.1:58234 - R:localhost/127.0.0.1:46989] for POST '/session/e00611eac65fa300a45f40ff866d0983/execute/sync'
10:46:33.278 [AsyncHttpClient-1-2] DEBUG org.asynchttpclient.netty.handler.HttpHandler - 

Request DefaultHttpRequest(decodeResult: success, version: HTTP/1.1)
POST /session/e00611eac65fa300a45f40ff866d0983/execute/sync HTTP/1.1
User-Agent: selenium/4.8.1 (java windows)
Content-Length: 176
Content-Type: application/json; charset=utf-8
host: localhost:46989
accept: */*

Response DefaultHttpResponse(decodeResult: success, version: HTTP/1.1)
HTTP/1.1 200 OK
Content-Length: 21694
Content-Type: application/json; charset=utf-8
cache-control: no-cache

10:46:33.278 [AsyncHttpClient-1-2] DEBUG org.asynchttpclient.netty.channel.ChannelManager - Adding key: http://localhost:46989 for channel [id: 0x07c0b443, L:/127.0.0.1:58234 - R:localhost/127.0.0.1:46989]
10:46:33.285 [Forwarding getCurrentUrl on session e00611eac65fa300a45f40ff866d0983 to remote] DEBUG org.asynchttpclient.netty.request.NettyRequestSender - Using pooled Channel '[id: 0x07c0b443, L:/127.0.0.1:58234 - R:localhost/127.0.0.1:46989]' for 'GET' to 'http://localhost:46989/session/e00611eac65fa300a45f40ff866d0983/url'
10:46:33.285 [Forwarding getCurrentUrl on session e00611eac65fa300a45f40ff866d0983 to remote] DEBUG org.asynchttpclient.netty.request.NettyRequestSender - Using open Channel [id: 0x07c0b443, L:/127.0.0.1:58234 - R:localhost/127.0.0.1:46989] for GET '/session/e00611eac65fa300a45f40ff866d0983/url'
10:46:33.290 [AsyncHttpClient-1-2] DEBUG org.asynchttpclient.netty.handler.HttpHandler - 

Request DefaultFullHttpRequest(decodeResult: success, version: HTTP/1.1, content: EmptyByteBufBE)
GET /session/e00611eac65fa300a45f40ff866d0983/url HTTP/1.1
User-Agent: selenium/4.8.1 (java windows)
Cache-Control: no-cache
Content-Type: application/json; charset=utf-8
host: localhost:46989
accept: */*

Response DefaultHttpResponse(decodeResult: success, version: HTTP/1.1)
HTTP/1.1 200 OK
Content-Length: 51
Content-Type: application/json; charset=utf-8
cache-control: no-cache

10:46:33.290 [AsyncHttpClient-1-2] DEBUG org.asynchttpclient.netty.channel.ChannelManager - Adding key: http://localhost:46989 for channel [id: 0x07c0b443, L:/127.0.0.1:58234 - R:localhost/127.0.0.1:46989]
10:46:33.312 [Forwarding getAlertText on session e00611eac65fa300a45f40ff866d0983 to remote] DEBUG org.asynchttpclient.netty.request.NettyRequestSender - Using pooled Channel '[id: 0x07c0b443, L:/127.0.0.1:58234 - R:localhost/127.0.0.1:46989]' for 'GET' to 'http://localhost:46989/session/e00611eac65fa300a45f40ff866d0983/alert/text'
10:46:33.312 [Forwarding getAlertText on session e00611eac65fa300a45f40ff866d0983 to remote] DEBUG org.asynchttpclient.netty.request.NettyRequestSender - Using open Channel [id: 0x07c0b443, L:/127.0.0.1:58234 - R:localhost/127.0.0.1:46989] for GET '/session/e00611eac65fa300a45f40ff866d0983/alert/text'
10:46:33.316 [AsyncHttpClient-1-2] DEBUG org.asynchttpclient.netty.handler.HttpHandler - 

Request DefaultFullHttpRequest(decodeResult: success, version: HTTP/1.1, content: EmptyByteBufBE)
GET /session/e00611eac65fa300a45f40ff866d0983/alert/text HTTP/1.1
User-Agent: selenium/4.8.1 (java windows)
Cache-Control: no-cache
Content-Type: application/json; charset=utf-8
host: localhost:46989
accept: */*

Response DefaultHttpResponse(decodeResult: success, version: HTTP/1.1)
HTTP/1.1 404 Not Found
Content-Length: 848
Content-Type: application/json; charset=utf-8
cache-control: no-cache

10:46:33.316 [AsyncHttpClient-1-2] DEBUG org.asynchttpclient.netty.channel.ChannelManager - Adding key: http://localhost:46989 for channel [id: 0x07c0b443, L:/127.0.0.1:58234 - R:localhost/127.0.0.1:46989]
10:46:33.318 [Forwarding getCurrentUrl on session e00611eac65fa300a45f40ff866d0983 to remote] DEBUG org.asynchttpclient.netty.request.NettyRequestSender - Using pooled Channel '[id: 0x07c0b443, L:/127.0.0.1:58234 - R:localhost/127.0.0.1:46989]' for 'GET' to 'http://localhost:46989/session/e00611eac65fa300a45f40ff866d0983/url'
10:46:33.318 [Forwarding getCurrentUrl on session e00611eac65fa300a45f40ff866d0983 to remote] DEBUG org.asynchttpclient.netty.request.NettyRequestSender - Using open Channel [id: 0x07c0b443, L:/127.0.0.1:58234 - R:localhost/127.0.0.1:46989] for GET '/session/e00611eac65fa300a45f40ff866d0983/url'
10:46:33.322 [AsyncHttpClient-1-2] DEBUG org.asynchttpclient.netty.handler.HttpHandler - 

Request DefaultFullHttpRequest(decodeResult: success, version: HTTP/1.1, content: EmptyByteBufBE)
GET /session/e00611eac65fa300a45f40ff866d0983/url HTTP/1.1
User-Agent: selenium/4.8.1 (java windows)
Cache-Control: no-cache
Content-Type: application/json; charset=utf-8
host: localhost:46989
accept: */*

Response DefaultHttpResponse(decodeResult: success, version: HTTP/1.1)
HTTP/1.1 200 OK
Content-Length: 51
Content-Type: application/json; charset=utf-8
cache-control: no-cache

10:46:33.322 [AsyncHttpClient-1-2] DEBUG org.asynchttpclient.netty.channel.ChannelManager - Adding key: http://localhost:46989 for channel [id: 0x07c0b443, L:/127.0.0.1:58234 - R:localhost/127.0.0.1:46989]
10:46:33.324 [Forwarding screenshot on session e00611eac65fa300a45f40ff866d0983 to remote] DEBUG org.asynchttpclient.netty.request.NettyRequestSender - Using pooled Channel '[id: 0x07c0b443, L:/127.0.0.1:58234 - R:localhost/127.0.0.1:46989]' for 'GET' to 'http://localhost:46989/session/e00611eac65fa300a45f40ff866d0983/screenshot'
10:46:33.324 [Forwarding screenshot on session e00611eac65fa300a45f40ff866d0983 to remote] DEBUG org.asynchttpclient.netty.request.NettyRequestSender - Using open Channel [id: 0x07c0b443, L:/127.0.0.1:58234 - R:localhost/127.0.0.1:46989] for GET '/session/e00611eac65fa300a45f40ff866d0983/screenshot'
10:46:33.422 [AsyncHttpClient-1-2] DEBUG org.asynchttpclient.netty.handler.HttpHandler - 

Request DefaultFullHttpRequest(decodeResult: success, version: HTTP/1.1, content: EmptyByteBufBE)
GET /session/e00611eac65fa300a45f40ff866d0983/screenshot HTTP/1.1
User-Agent: selenium/4.8.1 (java windows)
Cache-Control: no-cache
Content-Type: application/json; charset=utf-8
host: localhost:46989
accept: */*

Response DefaultHttpResponse(decodeResult: success, version: HTTP/1.1)
HTTP/1.1 200 OK
Content-Length: 24984
Content-Type: application/json; charset=utf-8
cache-control: no-cache

10:46:33.423 [AsyncHttpClient-1-2] DEBUG org.asynchttpclient.netty.channel.ChannelManager - Adding key: http://localhost:46989 for channel [id: 0x07c0b443, L:/127.0.0.1:58234 - R:localhost/127.0.0.1:46989]
10:46:33.426 [main] DEBUG net.serenitybdd.core.photography.Darkroom - Send negative for processing for target\site\serenity\5279a2677f51cd42d80df4d0bf105786ca0efdec9c31dd310d9911ecf03761b4.png
10:46:33.426 [Darkroom Processing Line] DEBUG net.serenitybdd.core.photography.DarkroomProcessingLine - Processing screenshot image in /var/screenshots/screenshot-1386683121040881025
10:46:33.426 [Darkroom Processing Line] DEBUG net.serenitybdd.core.photography.DarkroomProcessingLine - Saving screenshot to target\site\serenity\5279a2677f51cd42d80df4d0bf105786ca0efdec9c31dd310d9911ecf03761b4.png
10:46:33.428 [Forwarding getPageSource on session e00611eac65fa300a45f40ff866d0983 to remote] DEBUG org.asynchttpclient.netty.request.NettyRequestSender - Using pooled Channel '[id: 0x07c0b443, L:/127.0.0.1:58234 - R:localhost/127.0.0.1:46989]' for 'POST' to 'http://localhost:46989/session/e00611eac65fa300a45f40ff866d0983/execute/sync'
10:46:33.428 [Forwarding getPageSource on session e00611eac65fa300a45f40ff866d0983 to remote] DEBUG org.asynchttpclient.netty.request.NettyRequestSender - Using open Channel [id: 0x07c0b443, L:/127.0.0.1:58234 - R:localhost/127.0.0.1:46989] for POST '/session/e00611eac65fa300a45f40ff866d0983/execute/sync'
10:46:33.435 [AsyncHttpClient-1-2] DEBUG org.asynchttpclient.netty.handler.HttpHandler - 

Request DefaultHttpRequest(decodeResult: success, version: HTTP/1.1)
POST /session/e00611eac65fa300a45f40ff866d0983/execute/sync HTTP/1.1
User-Agent: selenium/4.8.1 (java windows)
Content-Length: 176
Content-Type: application/json; charset=utf-8
host: localhost:46989
accept: */*

Response DefaultHttpResponse(decodeResult: success, version: HTTP/1.1)
HTTP/1.1 200 OK
Content-Length: 21742
Content-Type: application/json; charset=utf-8
cache-control: no-cache

10:46:33.435 [AsyncHttpClient-1-2] DEBUG org.asynchttpclient.netty.channel.ChannelManager - Adding key: http://localhost:46989 for channel [id: 0x07c0b443, L:/127.0.0.1:58234 - R:localhost/127.0.0.1:46989]
10:46:33.440 [Forwarding getCurrentUrl on session e00611eac65fa300a45f40ff866d0983 to remote] DEBUG org.asynchttpclient.netty.request.NettyRequestSender - Using pooled Channel '[id: 0x07c0b443, L:/127.0.0.1:58234 - R:localhost/127.0.0.1:46989]' for 'GET' to 'http://localhost:46989/session/e00611eac65fa300a45f40ff866d0983/url'
10:46:33.440 [Forwarding getCurrentUrl on session e00611eac65fa300a45f40ff866d0983 to remote] DEBUG org.asynchttpclient.netty.request.NettyRequestSender - Using open Channel [id: 0x07c0b443, L:/127.0.0.1:58234 - R:localhost/127.0.0.1:46989] for GET '/session/e00611eac65fa300a45f40ff866d0983/url'
10:46:33.449 [AsyncHttpClient-1-2] DEBUG org.asynchttpclient.netty.handler.HttpHandler - 

Request DefaultFullHttpRequest(decodeResult: success, version: HTTP/1.1, content: EmptyByteBufBE)
GET /session/e00611eac65fa300a45f40ff866d0983/url HTTP/1.1
User-Agent: selenium/4.8.1 (java windows)
Cache-Control: no-cache
Content-Type: application/json; charset=utf-8
host: localhost:46989
accept: */*

Response DefaultHttpResponse(decodeResult: success, version: HTTP/1.1)
HTTP/1.1 200 OK
Content-Length: 51
Content-Type: application/json; charset=utf-8
cache-control: no-cache

10:46:33.450 [AsyncHttpClient-1-2] DEBUG org.asynchttpclient.netty.channel.ChannelManager - Adding key: http://localhost:46989 for channel [id: 0x07c0b443, L:/127.0.0.1:58234 - R:localhost/127.0.0.1:46989]
10:46:33.453 [main] DEBUG net.thucydides.core.steps.StepInterceptor - STARTING STEP: IntegrationSteps.login - inputEmail
10:46:33.457 [Forwarding findElement on session e00611eac65fa300a45f40ff866d0983 to remote] DEBUG org.asynchttpclient.netty.request.NettyRequestSender - Using pooled Channel '[id: 0x07c0b443, L:/127.0.0.1:58234 - R:localhost/127.0.0.1:46989]' for 'POST' to 'http://localhost:46989/session/e00611eac65fa300a45f40ff866d0983/element'
10:46:33.457 [Forwarding findElement on session e00611eac65fa300a45f40ff866d0983 to remote] DEBUG org.asynchttpclient.netty.request.NettyRequestSender - Using open Channel [id: 0x07c0b443, L:/127.0.0.1:58234 - R:localhost/127.0.0.1:46989] for POST '/session/e00611eac65fa300a45f40ff866d0983/element'
10:46:33.474 [AsyncHttpClient-1-2] DEBUG org.asynchttpclient.netty.handler.HttpHandler - 

Request DefaultHttpRequest(decodeResult: success, version: HTTP/1.1)
POST /session/e00611eac65fa300a45f40ff866d0983/element HTTP/1.1
User-Agent: selenium/4.8.1 (java windows)
Content-Length: 55
Content-Type: application/json; charset=utf-8
host: localhost:46989
accept: */*

Response DefaultHttpResponse(decodeResult: success, version: HTTP/1.1)
HTTP/1.1 200 OK
Content-Length: 88
Content-Type: application/json; charset=utf-8
cache-control: no-cache

10:46:33.475 [AsyncHttpClient-1-2] DEBUG org.asynchttpclient.netty.channel.ChannelManager - Adding key: http://localhost:46989 for channel [id: 0x07c0b443, L:/127.0.0.1:58234 - R:localhost/127.0.0.1:46989]
10:46:33.477 [Forwarding clearElement on session e00611eac65fa300a45f40ff866d0983 to remote] DEBUG org.asynchttpclient.netty.request.NettyRequestSender - Using pooled Channel '[id: 0x07c0b443, L:/127.0.0.1:58234 - R:localhost/127.0.0.1:46989]' for 'POST' to 'http://localhost:46989/session/e00611eac65fa300a45f40ff866d0983/element/388d5676-7ea2-46ad-aa29-0a6177d86749/clear'
10:46:33.478 [Forwarding clearElement on session e00611eac65fa300a45f40ff866d0983 to remote] DEBUG org.asynchttpclient.netty.request.NettyRequestSender - Using open Channel [id: 0x07c0b443, L:/127.0.0.1:58234 - R:localhost/127.0.0.1:46989] for POST '/session/e00611eac65fa300a45f40ff866d0983/element/388d5676-7ea2-46ad-aa29-0a6177d86749/clear'
10:46:33.512 [AsyncHttpClient-1-2] DEBUG org.asynchttpclient.netty.handler.HttpHandler - 

Request DefaultHttpRequest(decodeResult: success, version: HTTP/1.1)
POST /session/e00611eac65fa300a45f40ff866d0983/element/388d5676-7ea2-46ad-aa29-0a6177d86749/clear HTTP/1.1
User-Agent: selenium/4.8.1 (java windows)
Content-Length: 50
Content-Type: application/json; charset=utf-8
host: localhost:46989
accept: */*

Response DefaultHttpResponse(decodeResult: success, version: HTTP/1.1)
HTTP/1.1 200 OK
Content-Length: 14
Content-Type: application/json; charset=utf-8
cache-control: no-cache

10:46:33.512 [AsyncHttpClient-1-2] DEBUG org.asynchttpclient.netty.channel.ChannelManager - Adding key: http://localhost:46989 for channel [id: 0x07c0b443, L:/127.0.0.1:58234 - R:localhost/127.0.0.1:46989]
10:46:33.514 [Forwarding sendKeysToElement on session e00611eac65fa300a45f40ff866d0983 to remote] DEBUG org.asynchttpclient.netty.request.NettyRequestSender - Using pooled Channel '[id: 0x07c0b443, L:/127.0.0.1:58234 - R:localhost/127.0.0.1:46989]' for 'POST' to 'http://localhost:46989/session/e00611eac65fa300a45f40ff866d0983/element/388d5676-7ea2-46ad-aa29-0a6177d86749/value'
10:46:33.514 [Forwarding sendKeysToElement on session e00611eac65fa300a45f40ff866d0983 to remote] DEBUG org.asynchttpclient.netty.request.NettyRequestSender - Using open Channel [id: 0x07c0b443, L:/127.0.0.1:58234 - R:localhost/127.0.0.1:46989] for POST '/session/e00611eac65fa300a45f40ff866d0983/element/388d5676-7ea2-46ad-aa29-0a6177d86749/value'
10:46:33.609 [AsyncHttpClient-1-2] DEBUG org.asynchttpclient.netty.handler.HttpHandler - 

Request DefaultHttpRequest(decodeResult: success, version: HTTP/1.1)
POST /session/e00611eac65fa300a45f40ff866d0983/element/388d5676-7ea2-46ad-aa29-0a6177d86749/value HTTP/1.1
User-Agent: selenium/4.8.1 (java windows)
Content-Length: 211
Content-Type: application/json; charset=utf-8
host: localhost:46989
accept: */*

Response DefaultHttpResponse(decodeResult: success, version: HTTP/1.1)
HTTP/1.1 200 OK
Content-Length: 14
Content-Type: application/json; charset=utf-8
cache-control: no-cache

10:46:33.610 [AsyncHttpClient-1-2] DEBUG org.asynchttpclient.netty.channel.ChannelManager - Adding key: http://localhost:46989 for channel [id: 0x07c0b443, L:/127.0.0.1:58234 - R:localhost/127.0.0.1:46989]
10:46:33.622 [Forwarding getAlertText on session e00611eac65fa300a45f40ff866d0983 to remote] DEBUG org.asynchttpclient.netty.request.NettyRequestSender - Using pooled Channel '[id: 0x07c0b443, L:/127.0.0.1:58234 - R:localhost/127.0.0.1:46989]' for 'GET' to 'http://localhost:46989/session/e00611eac65fa300a45f40ff866d0983/alert/text'
10:46:33.622 [Forwarding getAlertText on session e00611eac65fa300a45f40ff866d0983 to remote] DEBUG org.asynchttpclient.netty.request.NettyRequestSender - Using open Channel [id: 0x07c0b443, L:/127.0.0.1:58234 - R:localhost/127.0.0.1:46989] for GET '/session/e00611eac65fa300a45f40ff866d0983/alert/text'
10:46:33.624 [AsyncHttpClient-1-2] DEBUG org.asynchttpclient.netty.handler.HttpHandler - 

Request DefaultFullHttpRequest(decodeResult: success, version: HTTP/1.1, content: EmptyByteBufBE)
GET /session/e00611eac65fa300a45f40ff866d0983/alert/text HTTP/1.1
User-Agent: selenium/4.8.1 (java windows)
Cache-Control: no-cache
Content-Type: application/json; charset=utf-8
host: localhost:46989
accept: */*

Response DefaultHttpResponse(decodeResult: success, version: HTTP/1.1)
HTTP/1.1 404 Not Found
Content-Length: 848
Content-Type: application/json; charset=utf-8
cache-control: no-cache

10:46:33.625 [AsyncHttpClient-1-2] DEBUG org.asynchttpclient.netty.channel.ChannelManager - Adding key: http://localhost:46989 for channel [id: 0x07c0b443, L:/127.0.0.1:58234 - R:localhost/127.0.0.1:46989]
10:46:33.626 [Forwarding getCurrentUrl on session e00611eac65fa300a45f40ff866d0983 to remote] DEBUG org.asynchttpclient.netty.request.NettyRequestSender - Using pooled Channel '[id: 0x07c0b443, L:/127.0.0.1:58234 - R:localhost/127.0.0.1:46989]' for 'GET' to 'http://localhost:46989/session/e00611eac65fa300a45f40ff866d0983/url'
10:46:33.626 [Forwarding getCurrentUrl on session e00611eac65fa300a45f40ff866d0983 to remote] DEBUG org.asynchttpclient.netty.request.NettyRequestSender - Using open Channel [id: 0x07c0b443, L:/127.0.0.1:58234 - R:localhost/127.0.0.1:46989] for GET '/session/e00611eac65fa300a45f40ff866d0983/url'
10:46:33.630 [AsyncHttpClient-1-2] DEBUG org.asynchttpclient.netty.handler.HttpHandler - 

Request DefaultFullHttpRequest(decodeResult: success, version: HTTP/1.1, content: EmptyByteBufBE)
GET /session/e00611eac65fa300a45f40ff866d0983/url HTTP/1.1
User-Agent: selenium/4.8.1 (java windows)
Cache-Control: no-cache
Content-Type: application/json; charset=utf-8
host: localhost:46989
accept: */*

Response DefaultHttpResponse(decodeResult: success, version: HTTP/1.1)
HTTP/1.1 200 OK
Content-Length: 51
Content-Type: application/json; charset=utf-8
cache-control: no-cache

10:46:33.631 [AsyncHttpClient-1-2] DEBUG org.asynchttpclient.netty.channel.ChannelManager - Adding key: http://localhost:46989 for channel [id: 0x07c0b443, L:/127.0.0.1:58234 - R:localhost/127.0.0.1:46989]
10:46:33.634 [Forwarding screenshot on session e00611eac65fa300a45f40ff866d0983 to remote] DEBUG org.asynchttpclient.netty.request.NettyRequestSender - Using pooled Channel '[id: 0x07c0b443, L:/127.0.0.1:58234 - R:localhost/127.0.0.1:46989]' for 'GET' to 'http://localhost:46989/session/e00611eac65fa300a45f40ff866d0983/screenshot'
10:46:33.634 [Forwarding screenshot on session e00611eac65fa300a45f40ff866d0983 to remote] DEBUG org.asynchttpclient.netty.request.NettyRequestSender - Using open Channel [id: 0x07c0b443, L:/127.0.0.1:58234 - R:localhost/127.0.0.1:46989] for GET '/session/e00611eac65fa300a45f40ff866d0983/screenshot'
10:46:33.782 [AsyncHttpClient-1-2] DEBUG org.asynchttpclient.netty.handler.HttpHandler - 

Request DefaultFullHttpRequest(decodeResult: success, version: HTTP/1.1, content: EmptyByteBufBE)
GET /session/e00611eac65fa300a45f40ff866d0983/screenshot HTTP/1.1
User-Agent: selenium/4.8.1 (java windows)
Cache-Control: no-cache
Content-Type: application/json; charset=utf-8
host: localhost:46989
accept: */*

Response DefaultHttpResponse(decodeResult: success, version: HTTP/1.1)
HTTP/1.1 200 OK
Content-Length: 28880
Content-Type: application/json; charset=utf-8
cache-control: no-cache

10:46:33.783 [AsyncHttpClient-1-2] DEBUG org.asynchttpclient.netty.channel.ChannelManager - Adding key: http://localhost:46989 for channel [id: 0x07c0b443, L:/127.0.0.1:58234 - R:localhost/127.0.0.1:46989]
10:46:33.787 [main] DEBUG net.serenitybdd.core.photography.Darkroom - Send negative for processing for target\site\serenity\b53bf20ec42bb6372c45e483e1a6b2ab0fa4e8f523ccbe746988ca6a228e8f4c.png
10:46:33.787 [main] DEBUG net.thucydides.core.steps.StepInterceptor - STEP DONE: inputEmail
10:46:33.787 [Darkroom Processing Line] DEBUG net.serenitybdd.core.photography.DarkroomProcessingLine - Processing screenshot image in /var/screenshots/screenshot-6556379366725579429
10:46:33.787 [Darkroom Processing Line] DEBUG net.serenitybdd.core.photography.DarkroomProcessingLine - Saving screenshot to target\site\serenity\b53bf20ec42bb6372c45e483e1a6b2ab0fa4e8f523ccbe746988ca6a228e8f4c.png
10:46:33.799 [Forwarding getPageSource on session e00611eac65fa300a45f40ff866d0983 to remote] DEBUG org.asynchttpclient.netty.request.NettyRequestSender - Using pooled Channel '[id: 0x07c0b443, L:/127.0.0.1:58234 - R:localhost/127.0.0.1:46989]' for 'POST' to 'http://localhost:46989/session/e00611eac65fa300a45f40ff866d0983/execute/sync'
10:46:33.799 [Forwarding getPageSource on session e00611eac65fa300a45f40ff866d0983 to remote] DEBUG org.asynchttpclient.netty.request.NettyRequestSender - Using open Channel [id: 0x07c0b443, L:/127.0.0.1:58234 - R:localhost/127.0.0.1:46989] for POST '/session/e00611eac65fa300a45f40ff866d0983/execute/sync'
10:46:33.806 [AsyncHttpClient-1-2] DEBUG org.asynchttpclient.netty.handler.HttpHandler - 

Request DefaultHttpRequest(decodeResult: success, version: HTTP/1.1)
POST /session/e00611eac65fa300a45f40ff866d0983/execute/sync HTTP/1.1
User-Agent: selenium/4.8.1 (java windows)
Content-Length: 176
Content-Type: application/json; charset=utf-8
host: localhost:46989
accept: */*

Response DefaultHttpResponse(decodeResult: success, version: HTTP/1.1)
HTTP/1.1 200 OK
Content-Length: 21863
Content-Type: application/json; charset=utf-8
cache-control: no-cache

10:46:33.806 [AsyncHttpClient-1-2] DEBUG org.asynchttpclient.netty.channel.ChannelManager - Adding key: http://localhost:46989 for channel [id: 0x07c0b443, L:/127.0.0.1:58234 - R:localhost/127.0.0.1:46989]
10:46:33.809 [Forwarding getCurrentUrl on session e00611eac65fa300a45f40ff866d0983 to remote] DEBUG org.asynchttpclient.netty.request.NettyRequestSender - Using pooled Channel '[id: 0x07c0b443, L:/127.0.0.1:58234 - R:localhost/127.0.0.1:46989]' for 'GET' to 'http://localhost:46989/session/e00611eac65fa300a45f40ff866d0983/url'
10:46:33.809 [Forwarding getCurrentUrl on session e00611eac65fa300a45f40ff866d0983 to remote] DEBUG org.asynchttpclient.netty.request.NettyRequestSender - Using open Channel [id: 0x07c0b443, L:/127.0.0.1:58234 - R:localhost/127.0.0.1:46989] for GET '/session/e00611eac65fa300a45f40ff866d0983/url'
10:46:33.816 [AsyncHttpClient-1-2] DEBUG org.asynchttpclient.netty.handler.HttpHandler - 

Request DefaultFullHttpRequest(decodeResult: success, version: HTTP/1.1, content: EmptyByteBufBE)
GET /session/e00611eac65fa300a45f40ff866d0983/url HTTP/1.1
User-Agent: selenium/4.8.1 (java windows)
Cache-Control: no-cache
Content-Type: application/json; charset=utf-8
host: localhost:46989
accept: */*

Response DefaultHttpResponse(decodeResult: success, version: HTTP/1.1)
HTTP/1.1 200 OK
Content-Length: 51
Content-Type: application/json; charset=utf-8
cache-control: no-cache

10:46:33.816 [AsyncHttpClient-1-2] DEBUG org.asynchttpclient.netty.channel.ChannelManager - Adding key: http://localhost:46989 for channel [id: 0x07c0b443, L:/127.0.0.1:58234 - R:localhost/127.0.0.1:46989]
10:46:33.820 [main] DEBUG net.thucydides.core.steps.StepInterceptor - STARTING STEP: IntegrationSteps.login - inputPassword
10:46:33.825 [Forwarding findElement on session e00611eac65fa300a45f40ff866d0983 to remote] DEBUG org.asynchttpclient.netty.request.NettyRequestSender - Using pooled Channel '[id: 0x07c0b443, L:/127.0.0.1:58234 - R:localhost/127.0.0.1:46989]' for 'POST' to 'http://localhost:46989/session/e00611eac65fa300a45f40ff866d0983/element'
10:46:33.825 [Forwarding findElement on session e00611eac65fa300a45f40ff866d0983 to remote] DEBUG org.asynchttpclient.netty.request.NettyRequestSender - Using open Channel [id: 0x07c0b443, L:/127.0.0.1:58234 - R:localhost/127.0.0.1:46989] for POST '/session/e00611eac65fa300a45f40ff866d0983/element'
10:46:33.844 [AsyncHttpClient-1-2] DEBUG org.asynchttpclient.netty.handler.HttpHandler - 

Request DefaultHttpRequest(decodeResult: success, version: HTTP/1.1)
POST /session/e00611eac65fa300a45f40ff866d0983/element HTTP/1.1
User-Agent: selenium/4.8.1 (java windows)
Content-Length: 55
Content-Type: application/json; charset=utf-8
host: localhost:46989
accept: */*

Response DefaultHttpResponse(decodeResult: success, version: HTTP/1.1)
HTTP/1.1 200 OK
Content-Length: 88
Content-Type: application/json; charset=utf-8
cache-control: no-cache

10:46:33.845 [AsyncHttpClient-1-2] DEBUG org.asynchttpclient.netty.channel.ChannelManager - Adding key: http://localhost:46989 for channel [id: 0x07c0b443, L:/127.0.0.1:58234 - R:localhost/127.0.0.1:46989]
10:46:33.848 [Forwarding clearElement on session e00611eac65fa300a45f40ff866d0983 to remote] DEBUG org.asynchttpclient.netty.request.NettyRequestSender - Using pooled Channel '[id: 0x07c0b443, L:/127.0.0.1:58234 - R:localhost/127.0.0.1:46989]' for 'POST' to 'http://localhost:46989/session/e00611eac65fa300a45f40ff866d0983/element/b6cad341-7811-4b59-99a9-f47aacbb96fe/clear'
10:46:33.848 [Forwarding clearElement on session e00611eac65fa300a45f40ff866d0983 to remote] DEBUG org.asynchttpclient.netty.request.NettyRequestSender - Using open Channel [id: 0x07c0b443, L:/127.0.0.1:58234 - R:localhost/127.0.0.1:46989] for POST '/session/e00611eac65fa300a45f40ff866d0983/element/b6cad341-7811-4b59-99a9-f47aacbb96fe/clear'
10:46:33.889 [AsyncHttpClient-1-2] DEBUG org.asynchttpclient.netty.handler.HttpHandler - 

Request DefaultHttpRequest(decodeResult: success, version: HTTP/1.1)
POST /session/e00611eac65fa300a45f40ff866d0983/element/b6cad341-7811-4b59-99a9-f47aacbb96fe/clear HTTP/1.1
User-Agent: selenium/4.8.1 (java windows)
Content-Length: 50
Content-Type: application/json; charset=utf-8
host: localhost:46989
accept: */*

Response DefaultHttpResponse(decodeResult: success, version: HTTP/1.1)
HTTP/1.1 200 OK
Content-Length: 14
Content-Type: application/json; charset=utf-8
cache-control: no-cache

10:46:33.889 [AsyncHttpClient-1-2] DEBUG org.asynchttpclient.netty.channel.ChannelManager - Adding key: http://localhost:46989 for channel [id: 0x07c0b443, L:/127.0.0.1:58234 - R:localhost/127.0.0.1:46989]
10:46:33.891 [Forwarding sendKeysToElement on session e00611eac65fa300a45f40ff866d0983 to remote] DEBUG org.asynchttpclient.netty.request.NettyRequestSender - Using pooled Channel '[id: 0x07c0b443, L:/127.0.0.1:58234 - R:localhost/127.0.0.1:46989]' for 'POST' to 'http://localhost:46989/session/e00611eac65fa300a45f40ff866d0983/element/b6cad341-7811-4b59-99a9-f47aacbb96fe/value'
10:46:33.892 [Forwarding sendKeysToElement on session e00611eac65fa300a45f40ff866d0983 to remote] DEBUG org.asynchttpclient.netty.request.NettyRequestSender - Using open Channel [id: 0x07c0b443, L:/127.0.0.1:58234 - R:localhost/127.0.0.1:46989] for POST '/session/e00611eac65fa300a45f40ff866d0983/element/b6cad341-7811-4b59-99a9-f47aacbb96fe/value'
10:46:33.948 [AsyncHttpClient-1-1] DEBUG org.asynchttpclient.netty.channel.DefaultChannelPool - Entry count for : http://localhost:58235 : 1
10:46:33.972 [AsyncHttpClient-1-2] DEBUG org.asynchttpclient.netty.handler.HttpHandler - 

Request DefaultHttpRequest(decodeResult: success, version: HTTP/1.1)
POST /session/e00611eac65fa300a45f40ff866d0983/element/b6cad341-7811-4b59-99a9-f47aacbb96fe/value HTTP/1.1
User-Agent: selenium/4.8.1 (java windows)
Content-Length: 141
Content-Type: application/json; charset=utf-8
host: localhost:46989
accept: */*

Response DefaultHttpResponse(decodeResult: success, version: HTTP/1.1)
HTTP/1.1 200 OK
Content-Length: 14
Content-Type: application/json; charset=utf-8
cache-control: no-cache

10:46:33.972 [AsyncHttpClient-1-2] DEBUG org.asynchttpclient.netty.channel.ChannelManager - Adding key: http://localhost:46989 for channel [id: 0x07c0b443, L:/127.0.0.1:58234 - R:localhost/127.0.0.1:46989]
10:46:33.986 [Forwarding getAlertText on session e00611eac65fa300a45f40ff866d0983 to remote] DEBUG org.asynchttpclient.netty.request.NettyRequestSender - Using pooled Channel '[id: 0x07c0b443, L:/127.0.0.1:58234 - R:localhost/127.0.0.1:46989]' for 'GET' to 'http://localhost:46989/session/e00611eac65fa300a45f40ff866d0983/alert/text'
10:46:33.986 [Forwarding getAlertText on session e00611eac65fa300a45f40ff866d0983 to remote] DEBUG org.asynchttpclient.netty.request.NettyRequestSender - Using open Channel [id: 0x07c0b443, L:/127.0.0.1:58234 - R:localhost/127.0.0.1:46989] for GET '/session/e00611eac65fa300a45f40ff866d0983/alert/text'
10:46:33.988 [AsyncHttpClient-1-2] DEBUG org.asynchttpclient.netty.handler.HttpHandler - 

Request DefaultFullHttpRequest(decodeResult: success, version: HTTP/1.1, content: EmptyByteBufBE)
GET /session/e00611eac65fa300a45f40ff866d0983/alert/text HTTP/1.1
User-Agent: selenium/4.8.1 (java windows)
Cache-Control: no-cache
Content-Type: application/json; charset=utf-8
host: localhost:46989
accept: */*

Response DefaultHttpResponse(decodeResult: success, version: HTTP/1.1)
HTTP/1.1 404 Not Found
Content-Length: 848
Content-Type: application/json; charset=utf-8
cache-control: no-cache

10:46:33.988 [AsyncHttpClient-1-2] DEBUG org.asynchttpclient.netty.channel.ChannelManager - Adding key: http://localhost:46989 for channel [id: 0x07c0b443, L:/127.0.0.1:58234 - R:localhost/127.0.0.1:46989]
10:46:33.990 [Forwarding getCurrentUrl on session e00611eac65fa300a45f40ff866d0983 to remote] DEBUG org.asynchttpclient.netty.request.NettyRequestSender - Using pooled Channel '[id: 0x07c0b443, L:/127.0.0.1:58234 - R:localhost/127.0.0.1:46989]' for 'GET' to 'http://localhost:46989/session/e00611eac65fa300a45f40ff866d0983/url'
10:46:33.990 [Forwarding getCurrentUrl on session e00611eac65fa300a45f40ff866d0983 to remote] DEBUG org.asynchttpclient.netty.request.NettyRequestSender - Using open Channel [id: 0x07c0b443, L:/127.0.0.1:58234 - R:localhost/127.0.0.1:46989] for GET '/session/e00611eac65fa300a45f40ff866d0983/url'
10:46:33.995 [AsyncHttpClient-1-2] DEBUG org.asynchttpclient.netty.handler.HttpHandler - 

Request DefaultFullHttpRequest(decodeResult: success, version: HTTP/1.1, content: EmptyByteBufBE)
GET /session/e00611eac65fa300a45f40ff866d0983/url HTTP/1.1
User-Agent: selenium/4.8.1 (java windows)
Cache-Control: no-cache
Content-Type: application/json; charset=utf-8
host: localhost:46989
accept: */*

Response DefaultHttpResponse(decodeResult: success, version: HTTP/1.1)
HTTP/1.1 200 OK
Content-Length: 51
Content-Type: application/json; charset=utf-8
cache-control: no-cache

10:46:33.995 [AsyncHttpClient-1-2] DEBUG org.asynchttpclient.netty.channel.ChannelManager - Adding key: http://localhost:46989 for channel [id: 0x07c0b443, L:/127.0.0.1:58234 - R:localhost/127.0.0.1:46989]
10:46:33.999 [Forwarding screenshot on session e00611eac65fa300a45f40ff866d0983 to remote] DEBUG org.asynchttpclient.netty.request.NettyRequestSender - Using pooled Channel '[id: 0x07c0b443, L:/127.0.0.1:58234 - R:localhost/127.0.0.1:46989]' for 'GET' to 'http://localhost:46989/session/e00611eac65fa300a45f40ff866d0983/screenshot'
10:46:33.999 [Forwarding screenshot on session e00611eac65fa300a45f40ff866d0983 to remote] DEBUG org.asynchttpclient.netty.request.NettyRequestSender - Using open Channel [id: 0x07c0b443, L:/127.0.0.1:58234 - R:localhost/127.0.0.1:46989] for GET '/session/e00611eac65fa300a45f40ff866d0983/screenshot'
10:46:34.134 [AsyncHttpClient-1-2] DEBUG org.asynchttpclient.netty.handler.HttpHandler - 

Request DefaultFullHttpRequest(decodeResult: success, version: HTTP/1.1, content: EmptyByteBufBE)
GET /session/e00611eac65fa300a45f40ff866d0983/screenshot HTTP/1.1
User-Agent: selenium/4.8.1 (java windows)
Cache-Control: no-cache
Content-Type: application/json; charset=utf-8
host: localhost:46989
accept: */*

Response DefaultHttpResponse(decodeResult: success, version: HTTP/1.1)
HTTP/1.1 200 OK
Content-Length: 29400
Content-Type: application/json; charset=utf-8
cache-control: no-cache

10:46:34.135 [AsyncHttpClient-1-2] DEBUG org.asynchttpclient.netty.channel.ChannelManager - Adding key: http://localhost:46989 for channel [id: 0x07c0b443, L:/127.0.0.1:58234 - R:localhost/127.0.0.1:46989]
10:46:34.137 [main] DEBUG net.serenitybdd.core.photography.Darkroom - Send negative for processing for target\site\serenity\a1ff0079ea1441b7a958cdf7157616df8631adef104bec95aaac3c846dc91ae3.png
10:46:34.137 [main] DEBUG net.thucydides.core.steps.StepInterceptor - STEP DONE: inputPassword
10:46:34.137 [Darkroom Processing Line] DEBUG net.serenitybdd.core.photography.DarkroomProcessingLine - Processing screenshot image in /var/screenshots/screenshot-1250803149970731908
10:46:34.137 [Darkroom Processing Line] DEBUG net.serenitybdd.core.photography.DarkroomProcessingLine - Saving screenshot to target\site\serenity\a1ff0079ea1441b7a958cdf7157616df8631adef104bec95aaac3c846dc91ae3.png
10:46:34.147 [Forwarding getPageSource on session e00611eac65fa300a45f40ff866d0983 to remote] DEBUG org.asynchttpclient.netty.request.NettyRequestSender - Using pooled Channel '[id: 0x07c0b443, L:/127.0.0.1:58234 - R:localhost/127.0.0.1:46989]' for 'POST' to 'http://localhost:46989/session/e00611eac65fa300a45f40ff866d0983/execute/sync'
10:46:34.148 [Forwarding getPageSource on session e00611eac65fa300a45f40ff866d0983 to remote] DEBUG org.asynchttpclient.netty.request.NettyRequestSender - Using open Channel [id: 0x07c0b443, L:/127.0.0.1:58234 - R:localhost/127.0.0.1:46989] for POST '/session/e00611eac65fa300a45f40ff866d0983/execute/sync'
10:46:34.155 [AsyncHttpClient-1-2] DEBUG org.asynchttpclient.netty.handler.HttpHandler - 

Request DefaultHttpRequest(decodeResult: success, version: HTTP/1.1)
POST /session/e00611eac65fa300a45f40ff866d0983/execute/sync HTTP/1.1
User-Agent: selenium/4.8.1 (java windows)
Content-Length: 176
Content-Type: application/json; charset=utf-8
host: localhost:46989
accept: */*

Response DefaultHttpResponse(decodeResult: success, version: HTTP/1.1)
HTTP/1.1 200 OK
Content-Length: 21922
Content-Type: application/json; charset=utf-8
cache-control: no-cache

10:46:34.156 [AsyncHttpClient-1-2] DEBUG org.asynchttpclient.netty.channel.ChannelManager - Adding key: http://localhost:46989 for channel [id: 0x07c0b443, L:/127.0.0.1:58234 - R:localhost/127.0.0.1:46989]
10:46:34.161 [Forwarding getCurrentUrl on session e00611eac65fa300a45f40ff866d0983 to remote] DEBUG org.asynchttpclient.netty.request.NettyRequestSender - Using pooled Channel '[id: 0x07c0b443, L:/127.0.0.1:58234 - R:localhost/127.0.0.1:46989]' for 'GET' to 'http://localhost:46989/session/e00611eac65fa300a45f40ff866d0983/url'
10:46:34.161 [Forwarding getCurrentUrl on session e00611eac65fa300a45f40ff866d0983 to remote] DEBUG org.asynchttpclient.netty.request.NettyRequestSender - Using open Channel [id: 0x07c0b443, L:/127.0.0.1:58234 - R:localhost/127.0.0.1:46989] for GET '/session/e00611eac65fa300a45f40ff866d0983/url'
10:46:34.168 [AsyncHttpClient-1-2] DEBUG org.asynchttpclient.netty.handler.HttpHandler - 

Request DefaultFullHttpRequest(decodeResult: success, version: HTTP/1.1, content: EmptyByteBufBE)
GET /session/e00611eac65fa300a45f40ff866d0983/url HTTP/1.1
User-Agent: selenium/4.8.1 (java windows)
Cache-Control: no-cache
Content-Type: application/json; charset=utf-8
host: localhost:46989
accept: */*

Response DefaultHttpResponse(decodeResult: success, version: HTTP/1.1)
HTTP/1.1 200 OK
Content-Length: 51
Content-Type: application/json; charset=utf-8
cache-control: no-cache

10:46:34.168 [AsyncHttpClient-1-2] DEBUG org.asynchttpclient.netty.channel.ChannelManager - Adding key: http://localhost:46989 for channel [id: 0x07c0b443, L:/127.0.0.1:58234 - R:localhost/127.0.0.1:46989]
10:46:34.170 [main] DEBUG net.thucydides.core.steps.StepInterceptor - STARTING STEP: IntegrationSteps.login - ClickLoginButton
10:46:34.173 [Forwarding setTimeout on session e00611eac65fa300a45f40ff866d0983 to remote] DEBUG org.asynchttpclient.netty.request.NettyRequestSender - Using pooled Channel '[id: 0x07c0b443, L:/127.0.0.1:58234 - R:localhost/127.0.0.1:46989]' for 'POST' to 'http://localhost:46989/session/e00611eac65fa300a45f40ff866d0983/timeouts'
10:46:34.174 [Forwarding setTimeout on session e00611eac65fa300a45f40ff866d0983 to remote] DEBUG org.asynchttpclient.netty.request.NettyRequestSender - Using open Channel [id: 0x07c0b443, L:/127.0.0.1:58234 - R:localhost/127.0.0.1:46989] for POST '/session/e00611eac65fa300a45f40ff866d0983/timeouts'
10:46:34.175 [AsyncHttpClient-1-2] DEBUG org.asynchttpclient.netty.handler.HttpHandler - 

Request DefaultHttpRequest(decodeResult: success, version: HTTP/1.1)
POST /session/e00611eac65fa300a45f40ff866d0983/timeouts HTTP/1.1
User-Agent: selenium/4.8.1 (java windows)
Content-Length: 19
Content-Type: application/json; charset=utf-8
host: localhost:46989
accept: */*

Response DefaultHttpResponse(decodeResult: success, version: HTTP/1.1)
HTTP/1.1 200 OK
Content-Length: 14
Content-Type: application/json; charset=utf-8
cache-control: no-cache

10:46:34.175 [AsyncHttpClient-1-2] DEBUG org.asynchttpclient.netty.channel.ChannelManager - Adding key: http://localhost:46989 for channel [id: 0x07c0b443, L:/127.0.0.1:58234 - R:localhost/127.0.0.1:46989]
10:46:34.178 [Forwarding findElements on session e00611eac65fa300a45f40ff866d0983 to remote] DEBUG org.asynchttpclient.netty.request.NettyRequestSender - Using pooled Channel '[id: 0x07c0b443, L:/127.0.0.1:58234 - R:localhost/127.0.0.1:46989]' for 'POST' to 'http://localhost:46989/session/e00611eac65fa300a45f40ff866d0983/elements'
10:46:34.178 [Forwarding findElements on session e00611eac65fa300a45f40ff866d0983 to remote] DEBUG org.asynchttpclient.netty.request.NettyRequestSender - Using open Channel [id: 0x07c0b443, L:/127.0.0.1:58234 - R:localhost/127.0.0.1:46989] for POST '/session/e00611eac65fa300a45f40ff866d0983/elements'
10:46:34.196 [AsyncHttpClient-1-2] DEBUG org.asynchttpclient.netty.handler.HttpHandler - 

Request DefaultHttpRequest(decodeResult: success, version: HTTP/1.1)
POST /session/e00611eac65fa300a45f40ff866d0983/elements HTTP/1.1
User-Agent: selenium/4.8.1 (java windows)
Content-Length: 222
Content-Type: application/json; charset=utf-8
host: localhost:46989
accept: */*

Response DefaultHttpResponse(decodeResult: success, version: HTTP/1.1)
HTTP/1.1 200 OK
Content-Length: 90
Content-Type: application/json; charset=utf-8
cache-control: no-cache

10:46:34.197 [AsyncHttpClient-1-2] DEBUG org.asynchttpclient.netty.channel.ChannelManager - Adding key: http://localhost:46989 for channel [id: 0x07c0b443, L:/127.0.0.1:58234 - R:localhost/127.0.0.1:46989]
10:46:34.208 [Forwarding isElementDisplayed on session e00611eac65fa300a45f40ff866d0983 to remote] DEBUG org.asynchttpclient.netty.request.NettyRequestSender - Using pooled Channel '[id: 0x07c0b443, L:/127.0.0.1:58234 - R:localhost/127.0.0.1:46989]' for 'POST' to 'http://localhost:46989/session/e00611eac65fa300a45f40ff866d0983/execute/sync'
10:46:34.209 [Forwarding isElementDisplayed on session e00611eac65fa300a45f40ff866d0983 to remote] DEBUG org.asynchttpclient.netty.request.NettyRequestSender - Using open Channel [id: 0x07c0b443, L:/127.0.0.1:58234 - R:localhost/127.0.0.1:46989] for POST '/session/e00611eac65fa300a45f40ff866d0983/execute/sync'
10:46:34.222 [AsyncHttpClient-1-2] DEBUG org.asynchttpclient.netty.handler.HttpHandler - 

Request DefaultHttpRequest(decodeResult: success, version: HTTP/1.1)
POST /session/e00611eac65fa300a45f40ff866d0983/execute/sync HTTP/1.1
User-Agent: selenium/4.8.1 (java windows)
Content-Length: 48807
Content-Type: application/json; charset=utf-8
host: localhost:46989
accept: */*

Response DefaultHttpResponse(decodeResult: success, version: HTTP/1.1)
HTTP/1.1 200 OK
Content-Length: 14
Content-Type: application/json; charset=utf-8
cache-control: no-cache

10:46:34.223 [AsyncHttpClient-1-2] DEBUG org.asynchttpclient.netty.channel.ChannelManager - Adding key: http://localhost:46989 for channel [id: 0x07c0b443, L:/127.0.0.1:58234 - R:localhost/127.0.0.1:46989]
10:46:34.227 [Forwarding findElements on session e00611eac65fa300a45f40ff866d0983 to remote] DEBUG org.asynchttpclient.netty.request.NettyRequestSender - Using pooled Channel '[id: 0x07c0b443, L:/127.0.0.1:58234 - R:localhost/127.0.0.1:46989]' for 'POST' to 'http://localhost:46989/session/e00611eac65fa300a45f40ff866d0983/elements'
10:46:34.227 [Forwarding findElements on session e00611eac65fa300a45f40ff866d0983 to remote] DEBUG org.asynchttpclient.netty.request.NettyRequestSender - Using open Channel [id: 0x07c0b443, L:/127.0.0.1:58234 - R:localhost/127.0.0.1:46989] for POST '/session/e00611eac65fa300a45f40ff866d0983/elements'
10:46:34.237 [AsyncHttpClient-1-2] DEBUG org.asynchttpclient.netty.handler.HttpHandler - 

Request DefaultHttpRequest(decodeResult: success, version: HTTP/1.1)
POST /session/e00611eac65fa300a45f40ff866d0983/elements HTTP/1.1
User-Agent: selenium/4.8.1 (java windows)
Content-Length: 222
Content-Type: application/json; charset=utf-8
host: localhost:46989
accept: */*

Response DefaultHttpResponse(decodeResult: success, version: HTTP/1.1)
HTTP/1.1 200 OK
Content-Length: 90
Content-Type: application/json; charset=utf-8
cache-control: no-cache

10:46:34.237 [AsyncHttpClient-1-2] DEBUG org.asynchttpclient.netty.channel.ChannelManager - Adding key: http://localhost:46989 for channel [id: 0x07c0b443, L:/127.0.0.1:58234 - R:localhost/127.0.0.1:46989]
10:46:34.240 [Forwarding setTimeout on session e00611eac65fa300a45f40ff866d0983 to remote] DEBUG org.asynchttpclient.netty.request.NettyRequestSender - Using pooled Channel '[id: 0x07c0b443, L:/127.0.0.1:58234 - R:localhost/127.0.0.1:46989]' for 'POST' to 'http://localhost:46989/session/e00611eac65fa300a45f40ff866d0983/timeouts'
10:46:34.240 [Forwarding setTimeout on session e00611eac65fa300a45f40ff866d0983 to remote] DEBUG org.asynchttpclient.netty.request.NettyRequestSender - Using open Channel [id: 0x07c0b443, L:/127.0.0.1:58234 - R:localhost/127.0.0.1:46989] for POST '/session/e00611eac65fa300a45f40ff866d0983/timeouts'
10:46:34.242 [AsyncHttpClient-1-2] DEBUG org.asynchttpclient.netty.handler.HttpHandler - 

Request DefaultHttpRequest(decodeResult: success, version: HTTP/1.1)
POST /session/e00611eac65fa300a45f40ff866d0983/timeouts HTTP/1.1
User-Agent: selenium/4.8.1 (java windows)
Content-Length: 22
Content-Type: application/json; charset=utf-8
host: localhost:46989
accept: */*

Response DefaultHttpResponse(decodeResult: success, version: HTTP/1.1)
HTTP/1.1 200 OK
Content-Length: 14
Content-Type: application/json; charset=utf-8
cache-control: no-cache

10:46:34.242 [AsyncHttpClient-1-2] DEBUG org.asynchttpclient.netty.channel.ChannelManager - Adding key: http://localhost:46989 for channel [id: 0x07c0b443, L:/127.0.0.1:58234 - R:localhost/127.0.0.1:46989]
10:46:34.246 [Forwarding getElementTagName on session e00611eac65fa300a45f40ff866d0983 to remote] DEBUG org.asynchttpclient.netty.request.NettyRequestSender - Using pooled Channel '[id: 0x07c0b443, L:/127.0.0.1:58234 - R:localhost/127.0.0.1:46989]' for 'GET' to 'http://localhost:46989/session/e00611eac65fa300a45f40ff866d0983/element/badf9fa6-c580-4a28-bd1c-b582aa61a6eb/name'
10:46:34.246 [Forwarding getElementTagName on session e00611eac65fa300a45f40ff866d0983 to remote] DEBUG org.asynchttpclient.netty.request.NettyRequestSender - Using open Channel [id: 0x07c0b443, L:/127.0.0.1:58234 - R:localhost/127.0.0.1:46989] for GET '/session/e00611eac65fa300a45f40ff866d0983/element/badf9fa6-c580-4a28-bd1c-b582aa61a6eb/name'
10:46:34.256 [AsyncHttpClient-1-2] DEBUG org.asynchttpclient.netty.handler.HttpHandler - 

Request DefaultFullHttpRequest(decodeResult: success, version: HTTP/1.1, content: EmptyByteBufBE)
GET /session/e00611eac65fa300a45f40ff866d0983/element/badf9fa6-c580-4a28-bd1c-b582aa61a6eb/name HTTP/1.1
User-Agent: selenium/4.8.1 (java windows)
Cache-Control: no-cache
Content-Type: application/json; charset=utf-8
host: localhost:46989
accept: */*

Response DefaultHttpResponse(decodeResult: success, version: HTTP/1.1)
HTTP/1.1 200 OK
Content-Length: 18
Content-Type: application/json; charset=utf-8
cache-control: no-cache

10:46:34.256 [AsyncHttpClient-1-2] DEBUG org.asynchttpclient.netty.channel.ChannelManager - Adding key: http://localhost:46989 for channel [id: 0x07c0b443, L:/127.0.0.1:58234 - R:localhost/127.0.0.1:46989]
10:46:34.258 [Forwarding getElementTagName on session e00611eac65fa300a45f40ff866d0983 to remote] DEBUG org.asynchttpclient.netty.request.NettyRequestSender - Using pooled Channel '[id: 0x07c0b443, L:/127.0.0.1:58234 - R:localhost/127.0.0.1:46989]' for 'GET' to 'http://localhost:46989/session/e00611eac65fa300a45f40ff866d0983/element/badf9fa6-c580-4a28-bd1c-b582aa61a6eb/name'
10:46:34.258 [Forwarding getElementTagName on session e00611eac65fa300a45f40ff866d0983 to remote] DEBUG org.asynchttpclient.netty.request.NettyRequestSender - Using open Channel [id: 0x07c0b443, L:/127.0.0.1:58234 - R:localhost/127.0.0.1:46989] for GET '/session/e00611eac65fa300a45f40ff866d0983/element/badf9fa6-c580-4a28-bd1c-b582aa61a6eb/name'
10:46:34.263 [AsyncHttpClient-1-2] DEBUG org.asynchttpclient.netty.handler.HttpHandler - 

Request DefaultFullHttpRequest(decodeResult: success, version: HTTP/1.1, content: EmptyByteBufBE)
GET /session/e00611eac65fa300a45f40ff866d0983/element/badf9fa6-c580-4a28-bd1c-b582aa61a6eb/name HTTP/1.1
User-Agent: selenium/4.8.1 (java windows)
Cache-Control: no-cache
Content-Type: application/json; charset=utf-8
host: localhost:46989
accept: */*

Response DefaultHttpResponse(decodeResult: success, version: HTTP/1.1)
HTTP/1.1 200 OK
Content-Length: 18
Content-Type: application/json; charset=utf-8
cache-control: no-cache

10:46:34.263 [AsyncHttpClient-1-2] DEBUG org.asynchttpclient.netty.channel.ChannelManager - Adding key: http://localhost:46989 for channel [id: 0x07c0b443, L:/127.0.0.1:58234 - R:localhost/127.0.0.1:46989]
10:46:34.269 [Forwarding isElementEnabled on session e00611eac65fa300a45f40ff866d0983 to remote] DEBUG org.asynchttpclient.netty.request.NettyRequestSender - Using pooled Channel '[id: 0x07c0b443, L:/127.0.0.1:58234 - R:localhost/127.0.0.1:46989]' for 'GET' to 'http://localhost:46989/session/e00611eac65fa300a45f40ff866d0983/element/badf9fa6-c580-4a28-bd1c-b582aa61a6eb/enabled'
10:46:34.269 [Forwarding isElementEnabled on session e00611eac65fa300a45f40ff866d0983 to remote] DEBUG org.asynchttpclient.netty.request.NettyRequestSender - Using open Channel [id: 0x07c0b443, L:/127.0.0.1:58234 - R:localhost/127.0.0.1:46989] for GET '/session/e00611eac65fa300a45f40ff866d0983/element/badf9fa6-c580-4a28-bd1c-b582aa61a6eb/enabled'
10:46:34.281 [AsyncHttpClient-1-2] DEBUG org.asynchttpclient.netty.handler.HttpHandler - 

Request DefaultFullHttpRequest(decodeResult: success, version: HTTP/1.1, content: EmptyByteBufBE)
GET /session/e00611eac65fa300a45f40ff866d0983/element/badf9fa6-c580-4a28-bd1c-b582aa61a6eb/enabled HTTP/1.1
User-Agent: selenium/4.8.1 (java windows)
Cache-Control: no-cache
Content-Type: application/json; charset=utf-8
host: localhost:46989
accept: */*

Response DefaultHttpResponse(decodeResult: success, version: HTTP/1.1)
HTTP/1.1 200 OK
Content-Length: 14
Content-Type: application/json; charset=utf-8
cache-control: no-cache

10:46:34.282 [AsyncHttpClient-1-2] DEBUG org.asynchttpclient.netty.channel.ChannelManager - Adding key: http://localhost:46989 for channel [id: 0x07c0b443, L:/127.0.0.1:58234 - R:localhost/127.0.0.1:46989]
10:46:34.284 [Forwarding isElementEnabled on session e00611eac65fa300a45f40ff866d0983 to remote] DEBUG org.asynchttpclient.netty.request.NettyRequestSender - Using pooled Channel '[id: 0x07c0b443, L:/127.0.0.1:58234 - R:localhost/127.0.0.1:46989]' for 'GET' to 'http://localhost:46989/session/e00611eac65fa300a45f40ff866d0983/element/badf9fa6-c580-4a28-bd1c-b582aa61a6eb/enabled'
10:46:34.284 [Forwarding isElementEnabled on session e00611eac65fa300a45f40ff866d0983 to remote] DEBUG org.asynchttpclient.netty.request.NettyRequestSender - Using open Channel [id: 0x07c0b443, L:/127.0.0.1:58234 - R:localhost/127.0.0.1:46989] for GET '/session/e00611eac65fa300a45f40ff866d0983/element/badf9fa6-c580-4a28-bd1c-b582aa61a6eb/enabled'
10:46:34.292 [AsyncHttpClient-1-2] DEBUG org.asynchttpclient.netty.handler.HttpHandler - 

Request DefaultFullHttpRequest(decodeResult: success, version: HTTP/1.1, content: EmptyByteBufBE)
GET /session/e00611eac65fa300a45f40ff866d0983/element/badf9fa6-c580-4a28-bd1c-b582aa61a6eb/enabled HTTP/1.1
User-Agent: selenium/4.8.1 (java windows)
Cache-Control: no-cache
Content-Type: application/json; charset=utf-8
host: localhost:46989
accept: */*

Response DefaultHttpResponse(decodeResult: success, version: HTTP/1.1)
HTTP/1.1 200 OK
Content-Length: 14
Content-Type: application/json; charset=utf-8
cache-control: no-cache

10:46:34.292 [AsyncHttpClient-1-2] DEBUG org.asynchttpclient.netty.channel.ChannelManager - Adding key: http://localhost:46989 for channel [id: 0x07c0b443, L:/127.0.0.1:58234 - R:localhost/127.0.0.1:46989]
10:46:34.294 [Forwarding clickElement on session e00611eac65fa300a45f40ff866d0983 to remote] DEBUG org.asynchttpclient.netty.request.NettyRequestSender - Using pooled Channel '[id: 0x07c0b443, L:/127.0.0.1:58234 - R:localhost/127.0.0.1:46989]' for 'POST' to 'http://localhost:46989/session/e00611eac65fa300a45f40ff866d0983/element/badf9fa6-c580-4a28-bd1c-b582aa61a6eb/click'
10:46:34.294 [Forwarding clickElement on session e00611eac65fa300a45f40ff866d0983 to remote] DEBUG org.asynchttpclient.netty.request.NettyRequestSender - Using open Channel [id: 0x07c0b443, L:/127.0.0.1:58234 - R:localhost/127.0.0.1:46989] for POST '/session/e00611eac65fa300a45f40ff866d0983/element/badf9fa6-c580-4a28-bd1c-b582aa61a6eb/click'
10:46:34.339 [AsyncHttpClient-1-2] DEBUG org.asynchttpclient.netty.handler.HttpHandler - 

Request DefaultHttpRequest(decodeResult: success, version: HTTP/1.1)
POST /session/e00611eac65fa300a45f40ff866d0983/element/badf9fa6-c580-4a28-bd1c-b582aa61a6eb/click HTTP/1.1
User-Agent: selenium/4.8.1 (java windows)
Content-Length: 50
Content-Type: application/json; charset=utf-8
host: localhost:46989
accept: */*

Response DefaultHttpResponse(decodeResult: success, version: HTTP/1.1)
HTTP/1.1 200 OK
Content-Length: 14
Content-Type: application/json; charset=utf-8
cache-control: no-cache

10:46:34.339 [AsyncHttpClient-1-2] DEBUG org.asynchttpclient.netty.channel.ChannelManager - Adding key: http://localhost:46989 for channel [id: 0x07c0b443, L:/127.0.0.1:58234 - R:localhost/127.0.0.1:46989]
10:46:34.347 [Forwarding getAlertText on session e00611eac65fa300a45f40ff866d0983 to remote] DEBUG org.asynchttpclient.netty.request.NettyRequestSender - Using pooled Channel '[id: 0x07c0b443, L:/127.0.0.1:58234 - R:localhost/127.0.0.1:46989]' for 'GET' to 'http://localhost:46989/session/e00611eac65fa300a45f40ff866d0983/alert/text'
10:46:34.347 [Forwarding getAlertText on session e00611eac65fa300a45f40ff866d0983 to remote] DEBUG org.asynchttpclient.netty.request.NettyRequestSender - Using open Channel [id: 0x07c0b443, L:/127.0.0.1:58234 - R:localhost/127.0.0.1:46989] for GET '/session/e00611eac65fa300a45f40ff866d0983/alert/text'
10:46:34.350 [AsyncHttpClient-1-2] DEBUG org.asynchttpclient.netty.handler.HttpHandler - 

Request DefaultFullHttpRequest(decodeResult: success, version: HTTP/1.1, content: EmptyByteBufBE)
GET /session/e00611eac65fa300a45f40ff866d0983/alert/text HTTP/1.1
User-Agent: selenium/4.8.1 (java windows)
Cache-Control: no-cache
Content-Type: application/json; charset=utf-8
host: localhost:46989
accept: */*

Response DefaultHttpResponse(decodeResult: success, version: HTTP/1.1)
HTTP/1.1 404 Not Found
Content-Length: 848
Content-Type: application/json; charset=utf-8
cache-control: no-cache

10:46:34.350 [AsyncHttpClient-1-2] DEBUG org.asynchttpclient.netty.channel.ChannelManager - Adding key: http://localhost:46989 for channel [id: 0x07c0b443, L:/127.0.0.1:58234 - R:localhost/127.0.0.1:46989]
10:46:34.351 [Forwarding getCurrentUrl on session e00611eac65fa300a45f40ff866d0983 to remote] DEBUG org.asynchttpclient.netty.request.NettyRequestSender - Using pooled Channel '[id: 0x07c0b443, L:/127.0.0.1:58234 - R:localhost/127.0.0.1:46989]' for 'GET' to 'http://localhost:46989/session/e00611eac65fa300a45f40ff866d0983/url'
10:46:34.351 [Forwarding getCurrentUrl on session e00611eac65fa300a45f40ff866d0983 to remote] DEBUG org.asynchttpclient.netty.request.NettyRequestSender - Using open Channel [id: 0x07c0b443, L:/127.0.0.1:58234 - R:localhost/127.0.0.1:46989] for GET '/session/e00611eac65fa300a45f40ff866d0983/url'
10:46:34.355 [AsyncHttpClient-1-2] DEBUG org.asynchttpclient.netty.handler.HttpHandler - 

Request DefaultFullHttpRequest(decodeResult: success, version: HTTP/1.1, content: EmptyByteBufBE)
GET /session/e00611eac65fa300a45f40ff866d0983/url HTTP/1.1
User-Agent: selenium/4.8.1 (java windows)
Cache-Control: no-cache
Content-Type: application/json; charset=utf-8
host: localhost:46989
accept: */*

Response DefaultHttpResponse(decodeResult: success, version: HTTP/1.1)
HTTP/1.1 200 OK
Content-Length: 51
Content-Type: application/json; charset=utf-8
cache-control: no-cache

10:46:34.355 [AsyncHttpClient-1-2] DEBUG org.asynchttpclient.netty.channel.ChannelManager - Adding key: http://localhost:46989 for channel [id: 0x07c0b443, L:/127.0.0.1:58234 - R:localhost/127.0.0.1:46989]
10:46:34.356 [Forwarding screenshot on session e00611eac65fa300a45f40ff866d0983 to remote] DEBUG org.asynchttpclient.netty.request.NettyRequestSender - Using pooled Channel '[id: 0x07c0b443, L:/127.0.0.1:58234 - R:localhost/127.0.0.1:46989]' for 'GET' to 'http://localhost:46989/session/e00611eac65fa300a45f40ff866d0983/screenshot'
10:46:34.357 [Forwarding screenshot on session e00611eac65fa300a45f40ff866d0983 to remote] DEBUG org.asynchttpclient.netty.request.NettyRequestSender - Using open Channel [id: 0x07c0b443, L:/127.0.0.1:58234 - R:localhost/127.0.0.1:46989] for GET '/session/e00611eac65fa300a45f40ff866d0983/screenshot'
10:46:34.516 [AsyncHttpClient-1-2] DEBUG org.asynchttpclient.netty.handler.HttpHandler - 

Request DefaultFullHttpRequest(decodeResult: success, version: HTTP/1.1, content: EmptyByteBufBE)
GET /session/e00611eac65fa300a45f40ff866d0983/screenshot HTTP/1.1
User-Agent: selenium/4.8.1 (java windows)
Cache-Control: no-cache
Content-Type: application/json; charset=utf-8
host: localhost:46989
accept: */*

Response DefaultHttpResponse(decodeResult: success, version: HTTP/1.1)
HTTP/1.1 200 OK
Content-Length: 29092
Content-Type: application/json; charset=utf-8
cache-control: no-cache

10:46:34.517 [AsyncHttpClient-1-2] DEBUG org.asynchttpclient.netty.channel.ChannelManager - Adding key: http://localhost:46989 for channel [id: 0x07c0b443, L:/127.0.0.1:58234 - R:localhost/127.0.0.1:46989]
10:46:34.520 [main] DEBUG net.serenitybdd.core.photography.Darkroom - Send negative for processing for target\site\serenity\3844b6cc76704628ba63fb4cdba0d4c801a2b3e9700214c30a1bb27087333ae4.png
10:46:34.520 [main] DEBUG net.thucydides.core.steps.StepInterceptor - STEP DONE: ClickLoginButton
10:46:34.520 [Darkroom Processing Line] DEBUG net.serenitybdd.core.photography.DarkroomProcessingLine - Processing screenshot image in /var/screenshots/screenshot-5133029369824896649
10:46:34.521 [Darkroom Processing Line] DEBUG net.serenitybdd.core.photography.DarkroomProcessingLine - Saving screenshot to target\site\serenity\3844b6cc76704628ba63fb4cdba0d4c801a2b3e9700214c30a1bb27087333ae4.png
  &amp#27;[32mAnd &amp#27;[0m&amp#27;[32mUser success login&amp#27;[0m                       &amp#27;[90m# starter.stepdefinition.IntegrationSteps.login()&amp#27;[0m
10:46:34.545 [Forwarding getPageSource on session e00611eac65fa300a45f40ff866d0983 to remote] DEBUG org.asynchttpclient.netty.request.NettyRequestSender - Using pooled Channel '[id: 0x07c0b443, L:/127.0.0.1:58234 - R:localhost/127.0.0.1:46989]' for 'POST' to 'http://localhost:46989/session/e00611eac65fa300a45f40ff866d0983/execute/sync'
10:46:34.545 [Forwarding getPageSource on session e00611eac65fa300a45f40ff866d0983 to remote] DEBUG org.asynchttpclient.netty.request.NettyRequestSender - Using open Channel [id: 0x07c0b443, L:/127.0.0.1:58234 - R:localhost/127.0.0.1:46989] for POST '/session/e00611eac65fa300a45f40ff866d0983/execute/sync'
10:46:34.560 [AsyncHttpClient-1-2] DEBUG org.asynchttpclient.netty.handler.HttpHandler - 

Request DefaultHttpRequest(decodeResult: success, version: HTTP/1.1)
POST /session/e00611eac65fa300a45f40ff866d0983/execute/sync HTTP/1.1
User-Agent: selenium/4.8.1 (java windows)
Content-Length: 176
Content-Type: application/json; charset=utf-8
host: localhost:46989
accept: */*

Response DefaultHttpResponse(decodeResult: success, version: HTTP/1.1)
HTTP/1.1 200 OK
Content-Length: 28881
Content-Type: application/json; charset=utf-8
cache-control: no-cache

10:46:34.561 [AsyncHttpClient-1-2] DEBUG org.asynchttpclient.netty.channel.ChannelManager - Adding key: http://localhost:46989 for channel [id: 0x07c0b443, L:/127.0.0.1:58234 - R:localhost/127.0.0.1:46989]
10:46:34.570 [Forwarding getCurrentUrl on session e00611eac65fa300a45f40ff866d0983 to remote] DEBUG org.asynchttpclient.netty.request.NettyRequestSender - Using pooled Channel '[id: 0x07c0b443, L:/127.0.0.1:58234 - R:localhost/127.0.0.1:46989]' for 'GET' to 'http://localhost:46989/session/e00611eac65fa300a45f40ff866d0983/url'
10:46:34.570 [Forwarding getCurrentUrl on session e00611eac65fa300a45f40ff866d0983 to remote] DEBUG org.asynchttpclient.netty.request.NettyRequestSender - Using open Channel [id: 0x07c0b443, L:/127.0.0.1:58234 - R:localhost/127.0.0.1:46989] for GET '/session/e00611eac65fa300a45f40ff866d0983/url'
10:46:34.576 [AsyncHttpClient-1-2] DEBUG org.asynchttpclient.netty.handler.HttpHandler - 

Request DefaultFullHttpRequest(decodeResult: success, version: HTTP/1.1, content: EmptyByteBufBE)
GET /session/e00611eac65fa300a45f40ff866d0983/url HTTP/1.1
User-Agent: selenium/4.8.1 (java windows)
Cache-Control: no-cache
Content-Type: application/json; charset=utf-8
host: localhost:46989
accept: */*

Response DefaultHttpResponse(decodeResult: success, version: HTTP/1.1)
HTTP/1.1 200 OK
Content-Length: 41
Content-Type: application/json; charset=utf-8
cache-control: no-cache

10:46:34.576 [AsyncHttpClient-1-2] DEBUG org.asynchttpclient.netty.channel.ChannelManager - Adding key: http://localhost:46989 for channel [id: 0x07c0b443, L:/127.0.0.1:58234 - R:localhost/127.0.0.1:46989]
10:46:34.598 [Forwarding getAlertText on session e00611eac65fa300a45f40ff866d0983 to remote] DEBUG org.asynchttpclient.netty.request.NettyRequestSender - Using pooled Channel '[id: 0x07c0b443, L:/127.0.0.1:58234 - R:localhost/127.0.0.1:46989]' for 'GET' to 'http://localhost:46989/session/e00611eac65fa300a45f40ff866d0983/alert/text'
10:46:34.599 [Forwarding getAlertText on session e00611eac65fa300a45f40ff866d0983 to remote] DEBUG org.asynchttpclient.netty.request.NettyRequestSender - Using open Channel [id: 0x07c0b443, L:/127.0.0.1:58234 - R:localhost/127.0.0.1:46989] for GET '/session/e00611eac65fa300a45f40ff866d0983/alert/text'
10:46:34.606 [AsyncHttpClient-1-2] DEBUG org.asynchttpclient.netty.handler.HttpHandler - 

Request DefaultFullHttpRequest(decodeResult: success, version: HTTP/1.1, content: EmptyByteBufBE)
GET /session/e00611eac65fa300a45f40ff866d0983/alert/text HTTP/1.1
User-Agent: selenium/4.8.1 (java windows)
Cache-Control: no-cache
Content-Type: application/json; charset=utf-8
host: localhost:46989
accept: */*

Response DefaultHttpResponse(decodeResult: success, version: HTTP/1.1)
HTTP/1.1 404 Not Found
Content-Length: 848
Content-Type: application/json; charset=utf-8
cache-control: no-cache

10:46:34.608 [AsyncHttpClient-1-2] DEBUG org.asynchttpclient.netty.channel.ChannelManager - Adding key: http://localhost:46989 for channel [id: 0x07c0b443, L:/127.0.0.1:58234 - R:localhost/127.0.0.1:46989]
10:46:34.611 [Forwarding getCurrentUrl on session e00611eac65fa300a45f40ff866d0983 to remote] DEBUG org.asynchttpclient.netty.request.NettyRequestSender - Using pooled Channel '[id: 0x07c0b443, L:/127.0.0.1:58234 - R:localhost/127.0.0.1:46989]' for 'GET' to 'http://localhost:46989/session/e00611eac65fa300a45f40ff866d0983/url'
10:46:34.611 [Forwarding getCurrentUrl on session e00611eac65fa300a45f40ff866d0983 to remote] DEBUG org.asynchttpclient.netty.request.NettyRequestSender - Using open Channel [id: 0x07c0b443, L:/127.0.0.1:58234 - R:localhost/127.0.0.1:46989] for GET '/session/e00611eac65fa300a45f40ff866d0983/url'
10:46:34.615 [AsyncHttpClient-1-2] DEBUG org.asynchttpclient.netty.handler.HttpHandler - 

Request DefaultFullHttpRequest(decodeResult: success, version: HTTP/1.1, content: EmptyByteBufBE)
GET /session/e00611eac65fa300a45f40ff866d0983/url HTTP/1.1
User-Agent: selenium/4.8.1 (java windows)
Cache-Control: no-cache
Content-Type: application/json; charset=utf-8
host: localhost:46989
accept: */*

Response DefaultHttpResponse(decodeResult: success, version: HTTP/1.1)
HTTP/1.1 200 OK
Content-Length: 41
Content-Type: application/json; charset=utf-8
cache-control: no-cache

10:46:34.616 [AsyncHttpClient-1-2] DEBUG org.asynchttpclient.netty.channel.ChannelManager - Adding key: http://localhost:46989 for channel [id: 0x07c0b443, L:/127.0.0.1:58234 - R:localhost/127.0.0.1:46989]
10:46:34.619 [Forwarding screenshot on session e00611eac65fa300a45f40ff866d0983 to remote] DEBUG org.asynchttpclient.netty.request.NettyRequestSender - Using pooled Channel '[id: 0x07c0b443, L:/127.0.0.1:58234 - R:localhost/127.0.0.1:46989]' for 'GET' to 'http://localhost:46989/session/e00611eac65fa300a45f40ff866d0983/screenshot'
10:46:34.619 [Forwarding screenshot on session e00611eac65fa300a45f40ff866d0983 to remote] DEBUG org.asynchttpclient.netty.request.NettyRequestSender - Using open Channel [id: 0x07c0b443, L:/127.0.0.1:58234 - R:localhost/127.0.0.1:46989] for GET '/session/e00611eac65fa300a45f40ff866d0983/screenshot'
10:46:34.861 [AsyncHttpClient-1-2] DEBUG org.asynchttpclient.netty.handler.HttpHandler - 

Request DefaultFullHttpRequest(decodeResult: success, version: HTTP/1.1, content: EmptyByteBufBE)
GET /session/e00611eac65fa300a45f40ff866d0983/screenshot HTTP/1.1
User-Agent: selenium/4.8.1 (java windows)
Cache-Control: no-cache
Content-Type: application/json; charset=utf-8
host: localhost:46989
accept: */*

Response DefaultHttpResponse(decodeResult: success, version: HTTP/1.1)
HTTP/1.1 200 OK
Content-Length: 31284
Content-Type: application/json; charset=utf-8
cache-control: no-cache

10:46:34.864 [AsyncHttpClient-1-2] DEBUG org.asynchttpclient.netty.channel.ChannelManager - Adding key: http://localhost:46989 for channel [id: 0x07c0b443, L:/127.0.0.1:58234 - R:localhost/127.0.0.1:46989]
10:46:34.867 [main] DEBUG net.serenitybdd.core.photography.Darkroom - Send negative for processing for target\site\serenity\9c33cfc0741db971773c7697f679f49ebf6378e303391a9bda80bb5e7427300b.png
10:46:34.868 [Darkroom Processing Line] DEBUG net.serenitybdd.core.photography.DarkroomProcessingLine - Processing screenshot image in /var/screenshots/screenshot-14031935425453056556
10:46:34.868 [Darkroom Processing Line] DEBUG net.serenitybdd.core.photography.DarkroomProcessingLine - Saving screenshot to target\site\serenity\9c33cfc0741db971773c7697f679f49ebf6378e303391a9bda80bb5e7427300b.png
10:46:34.870 [Forwarding getPageSource on session e00611eac65fa300a45f40ff866d0983 to remote] DEBUG org.asynchttpclient.netty.request.NettyRequestSender - Using pooled Channel '[id: 0x07c0b443, L:/127.0.0.1:58234 - R:localhost/127.0.0.1:46989]' for 'POST' to 'http://localhost:46989/session/e00611eac65fa300a45f40ff866d0983/execute/sync'
10:46:34.870 [Forwarding getPageSource on session e00611eac65fa300a45f40ff866d0983 to remote] DEBUG org.asynchttpclient.netty.request.NettyRequestSender - Using open Channel [id: 0x07c0b443, L:/127.0.0.1:58234 - R:localhost/127.0.0.1:46989] for POST '/session/e00611eac65fa300a45f40ff866d0983/execute/sync'
10:46:34.877 [AsyncHttpClient-1-2] DEBUG org.asynchttpclient.netty.handler.HttpHandler - 

Request DefaultHttpRequest(decodeResult: success, version: HTTP/1.1)
POST /session/e00611eac65fa300a45f40ff866d0983/execute/sync HTTP/1.1
User-Agent: selenium/4.8.1 (java windows)
Content-Length: 176
Content-Type: application/json; charset=utf-8
host: localhost:46989
accept: */*

Response DefaultHttpResponse(decodeResult: success, version: HTTP/1.1)
HTTP/1.1 200 OK
Content-Length: 28881
Content-Type: application/json; charset=utf-8
cache-control: no-cache

10:46:34.878 [AsyncHttpClient-1-2] DEBUG org.asynchttpclient.netty.channel.ChannelManager - Adding key: http://localhost:46989 for channel [id: 0x07c0b443, L:/127.0.0.1:58234 - R:localhost/127.0.0.1:46989]
10:46:34.886 [Forwarding getCurrentUrl on session e00611eac65fa300a45f40ff866d0983 to remote] DEBUG org.asynchttpclient.netty.request.NettyRequestSender - Using pooled Channel '[id: 0x07c0b443, L:/127.0.0.1:58234 - R:localhost/127.0.0.1:46989]' for 'GET' to 'http://localhost:46989/session/e00611eac65fa300a45f40ff866d0983/url'
10:46:34.886 [Forwarding getCurrentUrl on session e00611eac65fa300a45f40ff866d0983 to remote] DEBUG org.asynchttpclient.netty.request.NettyRequestSender - Using open Channel [id: 0x07c0b443, L:/127.0.0.1:58234 - R:localhost/127.0.0.1:46989] for GET '/session/e00611eac65fa300a45f40ff866d0983/url'
10:46:34.891 [AsyncHttpClient-1-2] DEBUG org.asynchttpclient.netty.handler.HttpHandler - 

Request DefaultFullHttpRequest(decodeResult: success, version: HTTP/1.1, content: EmptyByteBufBE)
GET /session/e00611eac65fa300a45f40ff866d0983/url HTTP/1.1
User-Agent: selenium/4.8.1 (java windows)
Cache-Control: no-cache
Content-Type: application/json; charset=utf-8
host: localhost:46989
accept: */*

Response DefaultHttpResponse(decodeResult: success, version: HTTP/1.1)
HTTP/1.1 200 OK
Content-Length: 41
Content-Type: application/json; charset=utf-8
cache-control: no-cache

10:46:34.891 [AsyncHttpClient-1-2] DEBUG org.asynchttpclient.netty.channel.ChannelManager - Adding key: http://localhost:46989 for channel [id: 0x07c0b443, L:/127.0.0.1:58234 - R:localhost/127.0.0.1:46989]
10:46:34.894 [main] DEBUG net.thucydides.core.steps.StepInterceptor - STARTING STEP: IntegrationSteps.logout - userButton
10:46:34.905 [Forwarding findElement on session e00611eac65fa300a45f40ff866d0983 to remote] DEBUG org.asynchttpclient.netty.request.NettyRequestSender - Using pooled Channel '[id: 0x07c0b443, L:/127.0.0.1:58234 - R:localhost/127.0.0.1:46989]' for 'POST' to 'http://localhost:46989/session/e00611eac65fa300a45f40ff866d0983/element'
10:46:34.905 [Forwarding findElement on session e00611eac65fa300a45f40ff866d0983 to remote] DEBUG org.asynchttpclient.netty.request.NettyRequestSender - Using open Channel [id: 0x07c0b443, L:/127.0.0.1:58234 - R:localhost/127.0.0.1:46989] for POST '/session/e00611eac65fa300a45f40ff866d0983/element'
10:46:34.924 [AsyncHttpClient-1-2] DEBUG org.asynchttpclient.netty.handler.HttpHandler - 

Request DefaultHttpRequest(decodeResult: success, version: HTTP/1.1)
POST /session/e00611eac65fa300a45f40ff866d0983/element HTTP/1.1
User-Agent: selenium/4.8.1 (java windows)
Content-Length: 108
Content-Type: application/json; charset=utf-8
host: localhost:46989
accept: */*

Response DefaultHttpResponse(decodeResult: success, version: HTTP/1.1)
HTTP/1.1 200 OK
Content-Length: 88
Content-Type: application/json; charset=utf-8
cache-control: no-cache

10:46:34.925 [AsyncHttpClient-1-2] DEBUG org.asynchttpclient.netty.channel.ChannelManager - Adding key: http://localhost:46989 for channel [id: 0x07c0b443, L:/127.0.0.1:58234 - R:localhost/127.0.0.1:46989]
10:46:34.927 [Forwarding getElementTagName on session e00611eac65fa300a45f40ff866d0983 to remote] DEBUG org.asynchttpclient.netty.request.NettyRequestSender - Using pooled Channel '[id: 0x07c0b443, L:/127.0.0.1:58234 - R:localhost/127.0.0.1:46989]' for 'GET' to 'http://localhost:46989/session/e00611eac65fa300a45f40ff866d0983/element/315cc6ca-7f27-454e-8bbe-2d53b4cb0a06/name'
10:46:34.927 [Forwarding getElementTagName on session e00611eac65fa300a45f40ff866d0983 to remote] DEBUG org.asynchttpclient.netty.request.NettyRequestSender - Using open Channel [id: 0x07c0b443, L:/127.0.0.1:58234 - R:localhost/127.0.0.1:46989] for GET '/session/e00611eac65fa300a45f40ff866d0983/element/315cc6ca-7f27-454e-8bbe-2d53b4cb0a06/name'
10:46:34.934 [AsyncHttpClient-1-2] DEBUG org.asynchttpclient.netty.handler.HttpHandler - 

Request DefaultFullHttpRequest(decodeResult: success, version: HTTP/1.1, content: EmptyByteBufBE)
GET /session/e00611eac65fa300a45f40ff866d0983/element/315cc6ca-7f27-454e-8bbe-2d53b4cb0a06/name HTTP/1.1
User-Agent: selenium/4.8.1 (java windows)
Cache-Control: no-cache
Content-Type: application/json; charset=utf-8
host: localhost:46989
accept: */*

Response DefaultHttpResponse(decodeResult: success, version: HTTP/1.1)
HTTP/1.1 200 OK
Content-Length: 18
Content-Type: application/json; charset=utf-8
cache-control: no-cache

10:46:34.934 [AsyncHttpClient-1-2] DEBUG org.asynchttpclient.netty.channel.ChannelManager - Adding key: http://localhost:46989 for channel [id: 0x07c0b443, L:/127.0.0.1:58234 - R:localhost/127.0.0.1:46989]
10:46:34.936 [Forwarding getElementTagName on session e00611eac65fa300a45f40ff866d0983 to remote] DEBUG org.asynchttpclient.netty.request.NettyRequestSender - Using pooled Channel '[id: 0x07c0b443, L:/127.0.0.1:58234 - R:localhost/127.0.0.1:46989]' for 'GET' to 'http://localhost:46989/session/e00611eac65fa300a45f40ff866d0983/element/315cc6ca-7f27-454e-8bbe-2d53b4cb0a06/name'
10:46:34.936 [Forwarding getElementTagName on session e00611eac65fa300a45f40ff866d0983 to remote] DEBUG org.asynchttpclient.netty.request.NettyRequestSender - Using open Channel [id: 0x07c0b443, L:/127.0.0.1:58234 - R:localhost/127.0.0.1:46989] for GET '/session/e00611eac65fa300a45f40ff866d0983/element/315cc6ca-7f27-454e-8bbe-2d53b4cb0a06/name'
10:46:34.941 [AsyncHttpClient-1-2] DEBUG org.asynchttpclient.netty.handler.HttpHandler - 

Request DefaultFullHttpRequest(decodeResult: success, version: HTTP/1.1, content: EmptyByteBufBE)
GET /session/e00611eac65fa300a45f40ff866d0983/element/315cc6ca-7f27-454e-8bbe-2d53b4cb0a06/name HTTP/1.1
User-Agent: selenium/4.8.1 (java windows)
Cache-Control: no-cache
Content-Type: application/json; charset=utf-8
host: localhost:46989
accept: */*

Response DefaultHttpResponse(decodeResult: success, version: HTTP/1.1)
HTTP/1.1 200 OK
Content-Length: 18
Content-Type: application/json; charset=utf-8
cache-control: no-cache

10:46:34.941 [AsyncHttpClient-1-2] DEBUG org.asynchttpclient.netty.channel.ChannelManager - Adding key: http://localhost:46989 for channel [id: 0x07c0b443, L:/127.0.0.1:58234 - R:localhost/127.0.0.1:46989]
10:46:34.944 [Forwarding isElementEnabled on session e00611eac65fa300a45f40ff866d0983 to remote] DEBUG org.asynchttpclient.netty.request.NettyRequestSender - Using pooled Channel '[id: 0x07c0b443, L:/127.0.0.1:58234 - R:localhost/127.0.0.1:46989]' for 'GET' to 'http://localhost:46989/session/e00611eac65fa300a45f40ff866d0983/element/315cc6ca-7f27-454e-8bbe-2d53b4cb0a06/enabled'
10:46:34.944 [Forwarding isElementEnabled on session e00611eac65fa300a45f40ff866d0983 to remote] DEBUG org.asynchttpclient.netty.request.NettyRequestSender - Using open Channel [id: 0x07c0b443, L:/127.0.0.1:58234 - R:localhost/127.0.0.1:46989] for GET '/session/e00611eac65fa300a45f40ff866d0983/element/315cc6ca-7f27-454e-8bbe-2d53b4cb0a06/enabled'
10:46:34.959 [AsyncHttpClient-1-2] DEBUG org.asynchttpclient.netty.handler.HttpHandler - 

Request DefaultFullHttpRequest(decodeResult: success, version: HTTP/1.1, content: EmptyByteBufBE)
GET /session/e00611eac65fa300a45f40ff866d0983/element/315cc6ca-7f27-454e-8bbe-2d53b4cb0a06/enabled HTTP/1.1
User-Agent: selenium/4.8.1 (java windows)
Cache-Control: no-cache
Content-Type: application/json; charset=utf-8
host: localhost:46989
accept: */*

Response DefaultHttpResponse(decodeResult: success, version: HTTP/1.1)
HTTP/1.1 200 OK
Content-Length: 14
Content-Type: application/json; charset=utf-8
cache-control: no-cache

10:46:34.959 [AsyncHttpClient-1-2] DEBUG org.asynchttpclient.netty.channel.ChannelManager - Adding key: http://localhost:46989 for channel [id: 0x07c0b443, L:/127.0.0.1:58234 - R:localhost/127.0.0.1:46989]
10:46:34.960 [Forwarding isElementEnabled on session e00611eac65fa300a45f40ff866d0983 to remote] DEBUG org.asynchttpclient.netty.request.NettyRequestSender - Using pooled Channel '[id: 0x07c0b443, L:/127.0.0.1:58234 - R:localhost/127.0.0.1:46989]' for 'GET' to 'http://localhost:46989/session/e00611eac65fa300a45f40ff866d0983/element/315cc6ca-7f27-454e-8bbe-2d53b4cb0a06/enabled'
10:46:34.960 [Forwarding isElementEnabled on session e00611eac65fa300a45f40ff866d0983 to remote] DEBUG org.asynchttpclient.netty.request.NettyRequestSender - Using open Channel [id: 0x07c0b443, L:/127.0.0.1:58234 - R:localhost/127.0.0.1:46989] for GET '/session/e00611eac65fa300a45f40ff866d0983/element/315cc6ca-7f27-454e-8bbe-2d53b4cb0a06/enabled'
10:46:34.970 [AsyncHttpClient-1-2] DEBUG org.asynchttpclient.netty.handler.HttpHandler - 

Request DefaultFullHttpRequest(decodeResult: success, version: HTTP/1.1, content: EmptyByteBufBE)
GET /session/e00611eac65fa300a45f40ff866d0983/element/315cc6ca-7f27-454e-8bbe-2d53b4cb0a06/enabled HTTP/1.1
User-Agent: selenium/4.8.1 (java windows)
Cache-Control: no-cache
Content-Type: application/json; charset=utf-8
host: localhost:46989
accept: */*

Response DefaultHttpResponse(decodeResult: success, version: HTTP/1.1)
HTTP/1.1 200 OK
Content-Length: 14
Content-Type: application/json; charset=utf-8
cache-control: no-cache

10:46:34.970 [AsyncHttpClient-1-2] DEBUG org.asynchttpclient.netty.channel.ChannelManager - Adding key: http://localhost:46989 for channel [id: 0x07c0b443, L:/127.0.0.1:58234 - R:localhost/127.0.0.1:46989]
10:46:34.972 [Forwarding findElement on session e00611eac65fa300a45f40ff866d0983 to remote] DEBUG org.asynchttpclient.netty.request.NettyRequestSender - Using pooled Channel '[id: 0x07c0b443, L:/127.0.0.1:58234 - R:localhost/127.0.0.1:46989]' for 'POST' to 'http://localhost:46989/session/e00611eac65fa300a45f40ff866d0983/element'
10:46:34.972 [Forwarding findElement on session e00611eac65fa300a45f40ff866d0983 to remote] DEBUG org.asynchttpclient.netty.request.NettyRequestSender - Using open Channel [id: 0x07c0b443, L:/127.0.0.1:58234 - R:localhost/127.0.0.1:46989] for POST '/session/e00611eac65fa300a45f40ff866d0983/element'
10:46:34.989 [AsyncHttpClient-1-2] DEBUG org.asynchttpclient.netty.handler.HttpHandler - 

Request DefaultHttpRequest(decodeResult: success, version: HTTP/1.1)
POST /session/e00611eac65fa300a45f40ff866d0983/element HTTP/1.1
User-Agent: selenium/4.8.1 (java windows)
Content-Length: 108
Content-Type: application/json; charset=utf-8
host: localhost:46989
accept: */*

Response DefaultHttpResponse(decodeResult: success, version: HTTP/1.1)
HTTP/1.1 200 OK
Content-Length: 88
Content-Type: application/json; charset=utf-8
cache-control: no-cache

10:46:34.989 [AsyncHttpClient-1-2] DEBUG org.asynchttpclient.netty.channel.ChannelManager - Adding key: http://localhost:46989 for channel [id: 0x07c0b443, L:/127.0.0.1:58234 - R:localhost/127.0.0.1:46989]
10:46:34.991 [Forwarding clickElement on session e00611eac65fa300a45f40ff866d0983 to remote] DEBUG org.asynchttpclient.netty.request.NettyRequestSender - Using pooled Channel '[id: 0x07c0b443, L:/127.0.0.1:58234 - R:localhost/127.0.0.1:46989]' for 'POST' to 'http://localhost:46989/session/e00611eac65fa300a45f40ff866d0983/element/315cc6ca-7f27-454e-8bbe-2d53b4cb0a06/click'
10:46:34.991 [Forwarding clickElement on session e00611eac65fa300a45f40ff866d0983 to remote] DEBUG org.asynchttpclient.netty.request.NettyRequestSender - Using open Channel [id: 0x07c0b443, L:/127.0.0.1:58234 - R:localhost/127.0.0.1:46989] for POST '/session/e00611eac65fa300a45f40ff866d0983/element/315cc6ca-7f27-454e-8bbe-2d53b4cb0a06/click'
10:46:35.045 [AsyncHttpClient-1-1] DEBUG org.asynchttpclient.netty.channel.DefaultChannelPool - Entry count for : http://localhost:58235 : 1
10:46:35.057 [AsyncHttpClient-1-2] DEBUG org.asynchttpclient.netty.handler.HttpHandler - 

Request DefaultHttpRequest(decodeResult: success, version: HTTP/1.1)
POST /session/e00611eac65fa300a45f40ff866d0983/element/315cc6ca-7f27-454e-8bbe-2d53b4cb0a06/click HTTP/1.1
User-Agent: selenium/4.8.1 (java windows)
Content-Length: 50
Content-Type: application/json; charset=utf-8
host: localhost:46989
accept: */*

Response DefaultHttpResponse(decodeResult: success, version: HTTP/1.1)
HTTP/1.1 200 OK
Content-Length: 14
Content-Type: application/json; charset=utf-8
cache-control: no-cache

10:46:35.057 [AsyncHttpClient-1-2] DEBUG org.asynchttpclient.netty.channel.ChannelManager - Adding key: http://localhost:46989 for channel [id: 0x07c0b443, L:/127.0.0.1:58234 - R:localhost/127.0.0.1:46989]
10:46:35.072 [Forwarding getAlertText on session e00611eac65fa300a45f40ff866d0983 to remote] DEBUG org.asynchttpclient.netty.request.NettyRequestSender - Using pooled Channel '[id: 0x07c0b443, L:/127.0.0.1:58234 - R:localhost/127.0.0.1:46989]' for 'GET' to 'http://localhost:46989/session/e00611eac65fa300a45f40ff866d0983/alert/text'
10:46:35.072 [Forwarding getAlertText on session e00611eac65fa300a45f40ff866d0983 to remote] DEBUG org.asynchttpclient.netty.request.NettyRequestSender - Using open Channel [id: 0x07c0b443, L:/127.0.0.1:58234 - R:localhost/127.0.0.1:46989] for GET '/session/e00611eac65fa300a45f40ff866d0983/alert/text'
10:46:35.074 [AsyncHttpClient-1-2] DEBUG org.asynchttpclient.netty.handler.HttpHandler - 

Request DefaultFullHttpRequest(decodeResult: success, version: HTTP/1.1, content: EmptyByteBufBE)
GET /session/e00611eac65fa300a45f40ff866d0983/alert/text HTTP/1.1
User-Agent: selenium/4.8.1 (java windows)
Cache-Control: no-cache
Content-Type: application/json; charset=utf-8
host: localhost:46989
accept: */*

Response DefaultHttpResponse(decodeResult: success, version: HTTP/1.1)
HTTP/1.1 404 Not Found
Content-Length: 848
Content-Type: application/json; charset=utf-8
cache-control: no-cache

10:46:35.074 [AsyncHttpClient-1-2] DEBUG org.asynchttpclient.netty.channel.ChannelManager - Adding key: http://localhost:46989 for channel [id: 0x07c0b443, L:/127.0.0.1:58234 - R:localhost/127.0.0.1:46989]
10:46:35.076 [Forwarding getCurrentUrl on session e00611eac65fa300a45f40ff866d0983 to remote] DEBUG org.asynchttpclient.netty.request.NettyRequestSender - Using pooled Channel '[id: 0x07c0b443, L:/127.0.0.1:58234 - R:localhost/127.0.0.1:46989]' for 'GET' to 'http://localhost:46989/session/e00611eac65fa300a45f40ff866d0983/url'
10:46:35.076 [Forwarding getCurrentUrl on session e00611eac65fa300a45f40ff866d0983 to remote] DEBUG org.asynchttpclient.netty.request.NettyRequestSender - Using open Channel [id: 0x07c0b443, L:/127.0.0.1:58234 - R:localhost/127.0.0.1:46989] for GET '/session/e00611eac65fa300a45f40ff866d0983/url'
10:46:35.090 [AsyncHttpClient-1-2] DEBUG org.asynchttpclient.netty.handler.HttpHandler - 

Request DefaultFullHttpRequest(decodeResult: success, version: HTTP/1.1, content: EmptyByteBufBE)
GET /session/e00611eac65fa300a45f40ff866d0983/url HTTP/1.1
User-Agent: selenium/4.8.1 (java windows)
Cache-Control: no-cache
Content-Type: application/json; charset=utf-8
host: localhost:46989
accept: */*

Response DefaultHttpResponse(decodeResult: success, version: HTTP/1.1)
HTTP/1.1 200 OK
Content-Length: 41
Content-Type: application/json; charset=utf-8
cache-control: no-cache

10:46:35.090 [AsyncHttpClient-1-2] DEBUG org.asynchttpclient.netty.channel.ChannelManager - Adding key: http://localhost:46989 for channel [id: 0x07c0b443, L:/127.0.0.1:58234 - R:localhost/127.0.0.1:46989]
10:46:35.094 [Forwarding screenshot on session e00611eac65fa300a45f40ff866d0983 to remote] DEBUG org.asynchttpclient.netty.request.NettyRequestSender - Using pooled Channel '[id: 0x07c0b443, L:/127.0.0.1:58234 - R:localhost/127.0.0.1:46989]' for 'GET' to 'http://localhost:46989/session/e00611eac65fa300a45f40ff866d0983/screenshot'
10:46:35.094 [Forwarding screenshot on session e00611eac65fa300a45f40ff866d0983 to remote] DEBUG org.asynchttpclient.netty.request.NettyRequestSender - Using open Channel [id: 0x07c0b443, L:/127.0.0.1:58234 - R:localhost/127.0.0.1:46989] for GET '/session/e00611eac65fa300a45f40ff866d0983/screenshot'
10:46:35.344 [AsyncHttpClient-1-2] DEBUG org.asynchttpclient.netty.handler.HttpHandler - 

Request DefaultFullHttpRequest(decodeResult: success, version: HTTP/1.1, content: EmptyByteBufBE)
GET /session/e00611eac65fa300a45f40ff866d0983/screenshot HTTP/1.1
User-Agent: selenium/4.8.1 (java windows)
Cache-Control: no-cache
Content-Type: application/json; charset=utf-8
host: localhost:46989
accept: */*

Response DefaultHttpResponse(decodeResult: success, version: HTTP/1.1)
HTTP/1.1 200 OK
Content-Length: 41224
Content-Type: application/json; charset=utf-8
cache-control: no-cache

10:46:35.345 [AsyncHttpClient-1-2] DEBUG org.asynchttpclient.netty.channel.ChannelManager - Adding key: http://localhost:46989 for channel [id: 0x07c0b443, L:/127.0.0.1:58234 - R:localhost/127.0.0.1:46989]
10:46:35.351 [main] DEBUG net.serenitybdd.core.photography.Darkroom - Send negative for processing for target\site\serenity\d4ecd36547366c783b66eaf35d070587983fa4e981b34be895ca4e1e7a530979.png
10:46:35.351 [main] DEBUG net.thucydides.core.steps.StepInterceptor - STEP DONE: userButton
10:46:35.352 [Darkroom Processing Line] DEBUG net.serenitybdd.core.photography.DarkroomProcessingLine - Processing screenshot image in /var/screenshots/screenshot-3779934717492493127
10:46:35.352 [Darkroom Processing Line] DEBUG net.serenitybdd.core.photography.DarkroomProcessingLine - Saving screenshot to target\site\serenity\d4ecd36547366c783b66eaf35d070587983fa4e981b34be895ca4e1e7a530979.png
10:46:35.362 [Forwarding getPageSource on session e00611eac65fa300a45f40ff866d0983 to remote] DEBUG org.asynchttpclient.netty.request.NettyRequestSender - Using pooled Channel '[id: 0x07c0b443, L:/127.0.0.1:58234 - R:localhost/127.0.0.1:46989]' for 'POST' to 'http://localhost:46989/session/e00611eac65fa300a45f40ff866d0983/execute/sync'
10:46:35.362 [Forwarding getPageSource on session e00611eac65fa300a45f40ff866d0983 to remote] DEBUG org.asynchttpclient.netty.request.NettyRequestSender - Using open Channel [id: 0x07c0b443, L:/127.0.0.1:58234 - R:localhost/127.0.0.1:46989] for POST '/session/e00611eac65fa300a45f40ff866d0983/execute/sync'
10:46:35.376 [AsyncHttpClient-1-2] DEBUG org.asynchttpclient.netty.handler.HttpHandler - 

Request DefaultHttpRequest(decodeResult: success, version: HTTP/1.1)
POST /session/e00611eac65fa300a45f40ff866d0983/execute/sync HTTP/1.1
User-Agent: selenium/4.8.1 (java windows)
Content-Length: 176
Content-Type: application/json; charset=utf-8
host: localhost:46989
accept: */*

Response DefaultHttpResponse(decodeResult: success, version: HTTP/1.1)
HTTP/1.1 200 OK
Content-Length: 30168
Content-Type: application/json; charset=utf-8
cache-control: no-cache

10:46:35.376 [AsyncHttpClient-1-2] DEBUG org.asynchttpclient.netty.channel.ChannelManager - Adding key: http://localhost:46989 for channel [id: 0x07c0b443, L:/127.0.0.1:58234 - R:localhost/127.0.0.1:46989]
10:46:35.382 [Forwarding getCurrentUrl on session e00611eac65fa300a45f40ff866d0983 to remote] DEBUG org.asynchttpclient.netty.request.NettyRequestSender - Using pooled Channel '[id: 0x07c0b443, L:/127.0.0.1:58234 - R:localhost/127.0.0.1:46989]' for 'GET' to 'http://localhost:46989/session/e00611eac65fa300a45f40ff866d0983/url'
10:46:35.383 [Forwarding getCurrentUrl on session e00611eac65fa300a45f40ff866d0983 to remote] DEBUG org.asynchttpclient.netty.request.NettyRequestSender - Using open Channel [id: 0x07c0b443, L:/127.0.0.1:58234 - R:localhost/127.0.0.1:46989] for GET '/session/e00611eac65fa300a45f40ff866d0983/url'
10:46:35.390 [AsyncHttpClient-1-2] DEBUG org.asynchttpclient.netty.handler.HttpHandler - 

Request DefaultFullHttpRequest(decodeResult: success, version: HTTP/1.1, content: EmptyByteBufBE)
GET /session/e00611eac65fa300a45f40ff866d0983/url HTTP/1.1
User-Agent: selenium/4.8.1 (java windows)
Cache-Control: no-cache
Content-Type: application/json; charset=utf-8
host: localhost:46989
accept: */*

Response DefaultHttpResponse(decodeResult: success, version: HTTP/1.1)
HTTP/1.1 200 OK
Content-Length: 41
Content-Type: application/json; charset=utf-8
cache-control: no-cache

10:46:35.390 [AsyncHttpClient-1-2] DEBUG org.asynchttpclient.netty.channel.ChannelManager - Adding key: http://localhost:46989 for channel [id: 0x07c0b443, L:/127.0.0.1:58234 - R:localhost/127.0.0.1:46989]
10:46:35.393 [main] DEBUG net.thucydides.core.steps.StepInterceptor - STARTING STEP: IntegrationSteps.logout - logoutButton
10:46:35.398 [Forwarding findElement on session e00611eac65fa300a45f40ff866d0983 to remote] DEBUG org.asynchttpclient.netty.request.NettyRequestSender - Using pooled Channel '[id: 0x07c0b443, L:/127.0.0.1:58234 - R:localhost/127.0.0.1:46989]' for 'POST' to 'http://localhost:46989/session/e00611eac65fa300a45f40ff866d0983/element'
10:46:35.398 [Forwarding findElement on session e00611eac65fa300a45f40ff866d0983 to remote] DEBUG org.asynchttpclient.netty.request.NettyRequestSender - Using open Channel [id: 0x07c0b443, L:/127.0.0.1:58234 - R:localhost/127.0.0.1:46989] for POST '/session/e00611eac65fa300a45f40ff866d0983/element'
10:46:35.425 [AsyncHttpClient-1-2] DEBUG org.asynchttpclient.netty.handler.HttpHandler - 

Request DefaultHttpRequest(decodeResult: success, version: HTTP/1.1)
POST /session/e00611eac65fa300a45f40ff866d0983/element HTTP/1.1
User-Agent: selenium/4.8.1 (java windows)
Content-Length: 99
Content-Type: application/json; charset=utf-8
host: localhost:46989
accept: */*

Response DefaultHttpResponse(decodeResult: success, version: HTTP/1.1)
HTTP/1.1 200 OK
Content-Length: 88
Content-Type: application/json; charset=utf-8
cache-control: no-cache

10:46:35.426 [AsyncHttpClient-1-2] DEBUG org.asynchttpclient.netty.channel.ChannelManager - Adding key: http://localhost:46989 for channel [id: 0x07c0b443, L:/127.0.0.1:58234 - R:localhost/127.0.0.1:46989]
10:46:35.433 [Forwarding getElementTagName on session e00611eac65fa300a45f40ff866d0983 to remote] DEBUG org.asynchttpclient.netty.request.NettyRequestSender - Using pooled Channel '[id: 0x07c0b443, L:/127.0.0.1:58234 - R:localhost/127.0.0.1:46989]' for 'GET' to 'http://localhost:46989/session/e00611eac65fa300a45f40ff866d0983/element/b5675f26-bab9-47b2-9ddb-b3fdd34ca30a/name'
10:46:35.433 [Forwarding getElementTagName on session e00611eac65fa300a45f40ff866d0983 to remote] DEBUG org.asynchttpclient.netty.request.NettyRequestSender - Using open Channel [id: 0x07c0b443, L:/127.0.0.1:58234 - R:localhost/127.0.0.1:46989] for GET '/session/e00611eac65fa300a45f40ff866d0983/element/b5675f26-bab9-47b2-9ddb-b3fdd34ca30a/name'
10:46:35.441 [AsyncHttpClient-1-2] DEBUG org.asynchttpclient.netty.handler.HttpHandler - 

Request DefaultFullHttpRequest(decodeResult: success, version: HTTP/1.1, content: EmptyByteBufBE)
GET /session/e00611eac65fa300a45f40ff866d0983/element/b5675f26-bab9-47b2-9ddb-b3fdd34ca30a/name HTTP/1.1
User-Agent: selenium/4.8.1 (java windows)
Cache-Control: no-cache
Content-Type: application/json; charset=utf-8
host: localhost:46989
accept: */*

Response DefaultHttpResponse(decodeResult: success, version: HTTP/1.1)
HTTP/1.1 200 OK
Content-Length: 15
Content-Type: application/json; charset=utf-8
cache-control: no-cache

10:46:35.441 [AsyncHttpClient-1-2] DEBUG org.asynchttpclient.netty.channel.ChannelManager - Adding key: http://localhost:46989 for channel [id: 0x07c0b443, L:/127.0.0.1:58234 - R:localhost/127.0.0.1:46989]
10:46:35.443 [Forwarding getElementTagName on session e00611eac65fa300a45f40ff866d0983 to remote] DEBUG org.asynchttpclient.netty.request.NettyRequestSender - Using pooled Channel '[id: 0x07c0b443, L:/127.0.0.1:58234 - R:localhost/127.0.0.1:46989]' for 'GET' to 'http://localhost:46989/session/e00611eac65fa300a45f40ff866d0983/element/b5675f26-bab9-47b2-9ddb-b3fdd34ca30a/name'
10:46:35.443 [Forwarding getElementTagName on session e00611eac65fa300a45f40ff866d0983 to remote] DEBUG org.asynchttpclient.netty.request.NettyRequestSender - Using open Channel [id: 0x07c0b443, L:/127.0.0.1:58234 - R:localhost/127.0.0.1:46989] for GET '/session/e00611eac65fa300a45f40ff866d0983/element/b5675f26-bab9-47b2-9ddb-b3fdd34ca30a/name'
10:46:35.451 [AsyncHttpClient-1-2] DEBUG org.asynchttpclient.netty.handler.HttpHandler - 

Request DefaultFullHttpRequest(decodeResult: success, version: HTTP/1.1, content: EmptyByteBufBE)
GET /session/e00611eac65fa300a45f40ff866d0983/element/b5675f26-bab9-47b2-9ddb-b3fdd34ca30a/name HTTP/1.1
User-Agent: selenium/4.8.1 (java windows)
Cache-Control: no-cache
Content-Type: application/json; charset=utf-8
host: localhost:46989
accept: */*

Response DefaultHttpResponse(decodeResult: success, version: HTTP/1.1)
HTTP/1.1 200 OK
Content-Length: 15
Content-Type: application/json; charset=utf-8
cache-control: no-cache

10:46:35.451 [AsyncHttpClient-1-2] DEBUG org.asynchttpclient.netty.channel.ChannelManager - Adding key: http://localhost:46989 for channel [id: 0x07c0b443, L:/127.0.0.1:58234 - R:localhost/127.0.0.1:46989]
10:46:35.454 [Forwarding findElement on session e00611eac65fa300a45f40ff866d0983 to remote] DEBUG org.asynchttpclient.netty.request.NettyRequestSender - Using pooled Channel '[id: 0x07c0b443, L:/127.0.0.1:58234 - R:localhost/127.0.0.1:46989]' for 'POST' to 'http://localhost:46989/session/e00611eac65fa300a45f40ff866d0983/element'
10:46:35.454 [Forwarding findElement on session e00611eac65fa300a45f40ff866d0983 to remote] DEBUG org.asynchttpclient.netty.request.NettyRequestSender - Using open Channel [id: 0x07c0b443, L:/127.0.0.1:58234 - R:localhost/127.0.0.1:46989] for POST '/session/e00611eac65fa300a45f40ff866d0983/element'
10:46:35.465 [AsyncHttpClient-1-2] DEBUG org.asynchttpclient.netty.handler.HttpHandler - 

Request DefaultHttpRequest(decodeResult: success, version: HTTP/1.1)
POST /session/e00611eac65fa300a45f40ff866d0983/element HTTP/1.1
User-Agent: selenium/4.8.1 (java windows)
Content-Length: 99
Content-Type: application/json; charset=utf-8
host: localhost:46989
accept: */*

Response DefaultHttpResponse(decodeResult: success, version: HTTP/1.1)
HTTP/1.1 200 OK
Content-Length: 88
Content-Type: application/json; charset=utf-8
cache-control: no-cache

10:46:35.466 [AsyncHttpClient-1-2] DEBUG org.asynchttpclient.netty.channel.ChannelManager - Adding key: http://localhost:46989 for channel [id: 0x07c0b443, L:/127.0.0.1:58234 - R:localhost/127.0.0.1:46989]
10:46:35.467 [Forwarding clickElement on session e00611eac65fa300a45f40ff866d0983 to remote] DEBUG org.asynchttpclient.netty.request.NettyRequestSender - Using pooled Channel '[id: 0x07c0b443, L:/127.0.0.1:58234 - R:localhost/127.0.0.1:46989]' for 'POST' to 'http://localhost:46989/session/e00611eac65fa300a45f40ff866d0983/element/b5675f26-bab9-47b2-9ddb-b3fdd34ca30a/click'
10:46:35.468 [Forwarding clickElement on session e00611eac65fa300a45f40ff866d0983 to remote] DEBUG org.asynchttpclient.netty.request.NettyRequestSender - Using open Channel [id: 0x07c0b443, L:/127.0.0.1:58234 - R:localhost/127.0.0.1:46989] for POST '/session/e00611eac65fa300a45f40ff866d0983/element/b5675f26-bab9-47b2-9ddb-b3fdd34ca30a/click'
10:46:35.553 [AsyncHttpClient-1-2] DEBUG org.asynchttpclient.netty.handler.HttpHandler - 

Request DefaultHttpRequest(decodeResult: success, version: HTTP/1.1)
POST /session/e00611eac65fa300a45f40ff866d0983/element/b5675f26-bab9-47b2-9ddb-b3fdd34ca30a/click HTTP/1.1
User-Agent: selenium/4.8.1 (java windows)
Content-Length: 50
Content-Type: application/json; charset=utf-8
host: localhost:46989
accept: */*

Response DefaultHttpResponse(decodeResult: success, version: HTTP/1.1)
HTTP/1.1 200 OK
Content-Length: 14
Content-Type: application/json; charset=utf-8
cache-control: no-cache

10:46:35.553 [AsyncHttpClient-1-2] DEBUG org.asynchttpclient.netty.channel.ChannelManager - Adding key: http://localhost:46989 for channel [id: 0x07c0b443, L:/127.0.0.1:58234 - R:localhost/127.0.0.1:46989]
10:46:35.568 [Forwarding getAlertText on session e00611eac65fa300a45f40ff866d0983 to remote] DEBUG org.asynchttpclient.netty.request.NettyRequestSender - Using pooled Channel '[id: 0x07c0b443, L:/127.0.0.1:58234 - R:localhost/127.0.0.1:46989]' for 'GET' to 'http://localhost:46989/session/e00611eac65fa300a45f40ff866d0983/alert/text'
10:46:35.569 [Forwarding getAlertText on session e00611eac65fa300a45f40ff866d0983 to remote] DEBUG org.asynchttpclient.netty.request.NettyRequestSender - Using open Channel [id: 0x07c0b443, L:/127.0.0.1:58234 - R:localhost/127.0.0.1:46989] for GET '/session/e00611eac65fa300a45f40ff866d0983/alert/text'
10:46:35.570 [AsyncHttpClient-1-2] DEBUG org.asynchttpclient.netty.handler.HttpHandler - 

Request DefaultFullHttpRequest(decodeResult: success, version: HTTP/1.1, content: EmptyByteBufBE)
GET /session/e00611eac65fa300a45f40ff866d0983/alert/text HTTP/1.1
User-Agent: selenium/4.8.1 (java windows)
Cache-Control: no-cache
Content-Type: application/json; charset=utf-8
host: localhost:46989
accept: */*

Response DefaultHttpResponse(decodeResult: success, version: HTTP/1.1)
HTTP/1.1 404 Not Found
Content-Length: 848
Content-Type: application/json; charset=utf-8
cache-control: no-cache

10:46:35.571 [AsyncHttpClient-1-2] DEBUG org.asynchttpclient.netty.channel.ChannelManager - Adding key: http://localhost:46989 for channel [id: 0x07c0b443, L:/127.0.0.1:58234 - R:localhost/127.0.0.1:46989]
10:46:35.572 [Forwarding getCurrentUrl on session e00611eac65fa300a45f40ff866d0983 to remote] DEBUG org.asynchttpclient.netty.request.NettyRequestSender - Using pooled Channel '[id: 0x07c0b443, L:/127.0.0.1:58234 - R:localhost/127.0.0.1:46989]' for 'GET' to 'http://localhost:46989/session/e00611eac65fa300a45f40ff866d0983/url'
10:46:35.572 [Forwarding getCurrentUrl on session e00611eac65fa300a45f40ff866d0983 to remote] DEBUG org.asynchttpclient.netty.request.NettyRequestSender - Using open Channel [id: 0x07c0b443, L:/127.0.0.1:58234 - R:localhost/127.0.0.1:46989] for GET '/session/e00611eac65fa300a45f40ff866d0983/url'
10:46:35.576 [AsyncHttpClient-1-2] DEBUG org.asynchttpclient.netty.handler.HttpHandler - 

Request DefaultFullHttpRequest(decodeResult: success, version: HTTP/1.1, content: EmptyByteBufBE)
GET /session/e00611eac65fa300a45f40ff866d0983/url HTTP/1.1
User-Agent: selenium/4.8.1 (java windows)
Cache-Control: no-cache
Content-Type: application/json; charset=utf-8
host: localhost:46989
accept: */*

Response DefaultHttpResponse(decodeResult: success, version: HTTP/1.1)
HTTP/1.1 200 OK
Content-Length: 51
Content-Type: application/json; charset=utf-8
cache-control: no-cache

10:46:35.576 [AsyncHttpClient-1-2] DEBUG org.asynchttpclient.netty.channel.ChannelManager - Adding key: http://localhost:46989 for channel [id: 0x07c0b443, L:/127.0.0.1:58234 - R:localhost/127.0.0.1:46989]
10:46:35.577 [Forwarding screenshot on session e00611eac65fa300a45f40ff866d0983 to remote] DEBUG org.asynchttpclient.netty.request.NettyRequestSender - Using pooled Channel '[id: 0x07c0b443, L:/127.0.0.1:58234 - R:localhost/127.0.0.1:46989]' for 'GET' to 'http://localhost:46989/session/e00611eac65fa300a45f40ff866d0983/screenshot'
10:46:35.577 [Forwarding screenshot on session e00611eac65fa300a45f40ff866d0983 to remote] DEBUG org.asynchttpclient.netty.request.NettyRequestSender - Using open Channel [id: 0x07c0b443, L:/127.0.0.1:58234 - R:localhost/127.0.0.1:46989] for GET '/session/e00611eac65fa300a45f40ff866d0983/screenshot'
10:46:35.689 [AsyncHttpClient-1-2] DEBUG org.asynchttpclient.netty.handler.HttpHandler - 

Request DefaultFullHttpRequest(decodeResult: success, version: HTTP/1.1, content: EmptyByteBufBE)
GET /session/e00611eac65fa300a45f40ff866d0983/screenshot HTTP/1.1
User-Agent: selenium/4.8.1 (java windows)
Cache-Control: no-cache
Content-Type: application/json; charset=utf-8
host: localhost:46989
accept: */*

Response DefaultHttpResponse(decodeResult: success, version: HTTP/1.1)
HTTP/1.1 200 OK
Content-Length: 24984
Content-Type: application/json; charset=utf-8
cache-control: no-cache

10:46:35.690 [AsyncHttpClient-1-2] DEBUG org.asynchttpclient.netty.channel.ChannelManager - Adding key: http://localhost:46989 for channel [id: 0x07c0b443, L:/127.0.0.1:58234 - R:localhost/127.0.0.1:46989]
10:46:35.691 [main] DEBUG net.serenitybdd.core.photography.Darkroom - Send negative for processing for target\site\serenity\5279a2677f51cd42d80df4d0bf105786ca0efdec9c31dd310d9911ecf03761b4.png
10:46:35.692 [main] DEBUG net.thucydides.core.steps.StepInterceptor - STEP DONE: logoutButton
  &amp#27;[32mAnd &amp#27;[0m&amp#27;[32mUser success logout&amp#27;[0m                      &amp#27;[90m# starter.stepdefinition.IntegrationSteps.logout()&amp#27;[0m
10:46:35.701 [Forwarding getPageSource on session e00611eac65fa300a45f40ff866d0983 to remote] DEBUG org.asynchttpclient.netty.request.NettyRequestSender - Using pooled Channel '[id: 0x07c0b443, L:/127.0.0.1:58234 - R:localhost/127.0.0.1:46989]' for 'POST' to 'http://localhost:46989/session/e00611eac65fa300a45f40ff866d0983/execute/sync'
10:46:35.702 [Forwarding getPageSource on session e00611eac65fa300a45f40ff866d0983 to remote] DEBUG org.asynchttpclient.netty.request.NettyRequestSender - Using open Channel [id: 0x07c0b443, L:/127.0.0.1:58234 - R:localhost/127.0.0.1:46989] for POST '/session/e00611eac65fa300a45f40ff866d0983/execute/sync'
10:46:35.708 [AsyncHttpClient-1-2] DEBUG org.asynchttpclient.netty.handler.HttpHandler - 

Request DefaultHttpRequest(decodeResult: success, version: HTTP/1.1)
POST /session/e00611eac65fa300a45f40ff866d0983/execute/sync HTTP/1.1
User-Agent: selenium/4.8.1 (java windows)
Content-Length: 176
Content-Type: application/json; charset=utf-8
host: localhost:46989
accept: */*

Response DefaultHttpResponse(decodeResult: success, version: HTTP/1.1)
HTTP/1.1 200 OK
Content-Length: 21742
Content-Type: application/json; charset=utf-8
cache-control: no-cache

10:46:35.709 [AsyncHttpClient-1-2] DEBUG org.asynchttpclient.netty.channel.ChannelManager - Adding key: http://localhost:46989 for channel [id: 0x07c0b443, L:/127.0.0.1:58234 - R:localhost/127.0.0.1:46989]
10:46:35.712 [Forwarding getCurrentUrl on session e00611eac65fa300a45f40ff866d0983 to remote] DEBUG org.asynchttpclient.netty.request.NettyRequestSender - Using pooled Channel '[id: 0x07c0b443, L:/127.0.0.1:58234 - R:localhost/127.0.0.1:46989]' for 'GET' to 'http://localhost:46989/session/e00611eac65fa300a45f40ff866d0983/url'
10:46:35.712 [Forwarding getCurrentUrl on session e00611eac65fa300a45f40ff866d0983 to remote] DEBUG org.asynchttpclient.netty.request.NettyRequestSender - Using open Channel [id: 0x07c0b443, L:/127.0.0.1:58234 - R:localhost/127.0.0.1:46989] for GET '/session/e00611eac65fa300a45f40ff866d0983/url'
10:46:35.717 [AsyncHttpClient-1-2] DEBUG org.asynchttpclient.netty.handler.HttpHandler - 

Request DefaultFullHttpRequest(decodeResult: success, version: HTTP/1.1, content: EmptyByteBufBE)
GET /session/e00611eac65fa300a45f40ff866d0983/url HTTP/1.1
User-Agent: selenium/4.8.1 (java windows)
Cache-Control: no-cache
Content-Type: application/json; charset=utf-8
host: localhost:46989
accept: */*

Response DefaultHttpResponse(decodeResult: success, version: HTTP/1.1)
HTTP/1.1 200 OK
Content-Length: 51
Content-Type: application/json; charset=utf-8
cache-control: no-cache

10:46:35.717 [AsyncHttpClient-1-2] DEBUG org.asynchttpclient.netty.channel.ChannelManager - Adding key: http://localhost:46989 for channel [id: 0x07c0b443, L:/127.0.0.1:58234 - R:localhost/127.0.0.1:46989]
  &amp#27;[32mThen &amp#27;[0m&amp#27;[32mIntegration testing success&amp#27;[0m             &amp#27;[90m# starter.stepdefinition.IntegrationSteps.integration()&amp#27;[0m
10:46:35.732 [main] INFO  - 
  _____   ___   ___   _____     ___     _     ___   ___   ___   ___  
 |_   _| | __| / __| |_   _|   | _ \   /_\   / __| / __| | __| |   \ 
   | |   | _|  \__ \   | |     |  _/  / _ \  \__ \ \__ \ | _|  | |) |
   |_|   |___| |___/   |_|     |_|   /_/ \_\ |___/ |___/ |___| |___/ 

WB026 - User register, login, logout
----------------------------------------------------------------------
10:46:35.812 [Driver Command Executor] DEBUG org.asynchttpclient.netty.request.NettyRequestSender - Using pooled Channel '[id: 0x07c0b443, L:/127.0.0.1:58234 - R:localhost/127.0.0.1:46989]' for 'DELETE' to 'http://localhost:46989/session/e00611eac65fa300a45f40ff866d0983'
10:46:35.813 [Driver Command Executor] DEBUG org.asynchttpclient.netty.request.NettyRequestSender - Using open Channel [id: 0x07c0b443, L:/127.0.0.1:58234 - R:localhost/127.0.0.1:46989] for DELETE '/session/e00611eac65fa300a45f40ff866d0983'
10:46:35.893 [AsyncHttpClient-1-3] DEBUG org.asynchttpclient.netty.handler.HttpHandler - Unexpected I/O exception on channel [id: 0xe6de06b0, L:/127.0.0.1:58242 - R:localhost/127.0.0.1:58235]
java.net.SocketException: Connection reset
	at java.base/sun.nio.ch.SocketChannelImpl.throwConnectionReset(SocketChannelImpl.java:401)
	at java.base/sun.nio.ch.SocketChannelImpl.read(SocketChannelImpl.java:434)
	at io.netty.buffer.PooledByteBuf.setBytes(PooledByteBuf.java:259)
	at io.netty.buffer.AbstractByteBuf.writeBytes(AbstractByteBuf.java:1132)
	at io.netty.channel.socket.nio.NioSocketChannel.doReadBytes(NioSocketChannel.java:357)
	at io.netty.channel.nio.AbstractNioByteChannel$NioByteUnsafe.read(AbstractNioByteChannel.java:151)
	at io.netty.channel.nio.NioEventLoop.processSelectedKey(NioEventLoop.java:788)
	at io.netty.channel.nio.NioEventLoop.processSelectedKeysOptimized(NioEventLoop.java:724)
	at io.netty.channel.nio.NioEventLoop.processSelectedKeys(NioEventLoop.java:650)
	at io.netty.channel.nio.NioEventLoop.run(NioEventLoop.java:562)
	at io.netty.util.concurrent.SingleThreadEventExecutor$4.run(SingleThreadEventExecutor.java:997)
	at io.netty.util.internal.ThreadExecutorMap$2.run(ThreadExecutorMap.java:74)
	at io.netty.util.concurrent.FastThreadLocalRunnable.run(FastThreadLocalRunnable.java:30)
	at java.base/java.lang.Thread.run(Thread.java:1589)
10:46:35.893 [AsyncHttpClient-1-3] DEBUG org.asynchttpclient.netty.channel.ChannelManager - Closing Channel [id: 0xe6de06b0, L:/127.0.0.1:58242 - R:localhost/127.0.0.1:58235] 
10:46:35.900 [AsyncHttpClient-1-3] DEBUG org.asynchttpclient.netty.handler.HttpHandler - Channel Closed: [id: 0xe6de06b0, L:/127.0.0.1:58242 ! R:localhost/127.0.0.1:58235] with attribute DISCARD
10:46:35.903 [AsyncHttpClient-1-4] DEBUG org.asynchttpclient.netty.handler.WebSocketHandler - Unexpected I/O exception on channel [id: 0x25acf0ab, L:/127.0.0.1:58243 - R:localhost/127.0.0.1:58235]
java.net.SocketException: Connection reset
	at java.base/sun.nio.ch.SocketChannelImpl.throwConnectionReset(SocketChannelImpl.java:401)
	at java.base/sun.nio.ch.SocketChannelImpl.read(SocketChannelImpl.java:434)
	at io.netty.buffer.PooledByteBuf.setBytes(PooledByteBuf.java:259)
	at io.netty.buffer.AbstractByteBuf.writeBytes(AbstractByteBuf.java:1132)
	at io.netty.channel.socket.nio.NioSocketChannel.doReadBytes(NioSocketChannel.java:357)
	at io.netty.channel.nio.AbstractNioByteChannel$NioByteUnsafe.read(AbstractNioByteChannel.java:151)
	at io.netty.channel.nio.NioEventLoop.processSelectedKey(NioEventLoop.java:788)
	at io.netty.channel.nio.NioEventLoop.processSelectedKeysOptimized(NioEventLoop.java:724)
	at io.netty.channel.nio.NioEventLoop.processSelectedKeys(NioEventLoop.java:650)
	at io.netty.channel.nio.NioEventLoop.run(NioEventLoop.java:562)
	at io.netty.util.concurrent.SingleThreadEventExecutor$4.run(SingleThreadEventExecutor.java:997)
	at io.netty.util.internal.ThreadExecutorMap$2.run(ThreadExecutorMap.java:74)
	at io.netty.util.concurrent.FastThreadLocalRunnable.run(FastThreadLocalRunnable.java:30)
	at java.base/java.lang.Thread.run(Thread.java:1589)
10:46:35.904 [AsyncHttpClient-1-4] DEBUG org.asynchttpclient.netty.handler.WebSocketHandler - Was unable to recover Future: NettyResponseFuture{currentRetry=0,
	isDone=1,
	isCancelled=0,
	asyncHandler=org.asynchttpclient.ws.WebSocketUpgradeHandler@7df8ae84,
	nettyRequest=org.asynchttpclient.netty.request.NettyRequest@45987bb2,
	future=java.util.concurrent.CompletableFuture@4fb8a8e3[Completed normally],
	uri=ws://localhost:58235/devtools/browser/a274a73c-0b65-4092-9bac-a5b41345bf21,
	keepAlive=true,
	redirectCount=0,
	timeoutsHolder=null,
	inAuth=0,
	touch=1683776795903}
10:46:35.904 [AsyncHttpClient-1-4] DEBUG org.asynchttpclient.netty.channel.ChannelManager - Closing Channel [id: 0x25acf0ab, L:/127.0.0.1:58243 - R:localhost/127.0.0.1:58235] 
10:46:35.905 [AsyncHttpClient-1-4] WARN org.asynchttpclient.netty.handler.WebSocketHandler - onError
java.net.SocketException: Connection reset
	at java.base/sun.nio.ch.SocketChannelImpl.throwConnectionReset(SocketChannelImpl.java:401)
	at java.base/sun.nio.ch.SocketChannelImpl.read(SocketChannelImpl.java:434)
	at io.netty.buffer.PooledByteBuf.setBytes(PooledByteBuf.java:259)
	at io.netty.buffer.AbstractByteBuf.writeBytes(AbstractByteBuf.java:1132)
	at io.netty.channel.socket.nio.NioSocketChannel.doReadBytes(NioSocketChannel.java:357)
	at io.netty.channel.nio.AbstractNioByteChannel$NioByteUnsafe.read(AbstractNioByteChannel.java:151)
	at io.netty.channel.nio.NioEventLoop.processSelectedKey(NioEventLoop.java:788)
	at io.netty.channel.nio.NioEventLoop.processSelectedKeysOptimized(NioEventLoop.java:724)
	at io.netty.channel.nio.NioEventLoop.processSelectedKeys(NioEventLoop.java:650)
	at io.netty.channel.nio.NioEventLoop.run(NioEventLoop.java:562)
	at io.netty.util.concurrent.SingleThreadEventExecutor$4.run(SingleThreadEventExecutor.java:997)
	at io.netty.util.internal.ThreadExecutorMap$2.run(ThreadExecutorMap.java:74)
	at io.netty.util.concurrent.FastThreadLocalRunnable.run(FastThreadLocalRunnable.java:30)
	at java.base/java.lang.Thread.run(Thread.java:1589)
10:46:35.908 [AsyncHttpClient-1-4] DEBUG org.asynchttpclient.netty.channel.ChannelManager - Closing Channel [id: 0x25acf0ab, L:/127.0.0.1:58243 ! R:localhost/127.0.0.1:58235] 
10:46:35.908 [AsyncHttpClient-1-4] DEBUG org.asynchttpclient.netty.handler.WebSocketHandler - Channel Closed: [id: 0x25acf0ab, L:/127.0.0.1:58243 ! R:localhost/127.0.0.1:58235] with attribute DISCARD
10:46:36.059 [AsyncHttpClient-1-2] DEBUG org.asynchttpclient.netty.handler.HttpHandler - 

Request DefaultFullHttpRequest(decodeResult: success, version: HTTP/1.1, content: EmptyByteBufBE)
DELETE /session/e00611eac65fa300a45f40ff866d0983 HTTP/1.1
User-Agent: selenium/4.8.1 (java windows)
Content-Type: application/json; charset=utf-8
host: localhost:46989
accept: */*

Response DefaultHttpResponse(decodeResult: success, version: HTTP/1.1)
HTTP/1.1 200 OK
Content-Length: 14
Content-Type: application/json; charset=utf-8
cache-control: no-cache

10:46:36.059 [AsyncHttpClient-1-2] DEBUG org.asynchttpclient.netty.channel.ChannelManager - Adding key: http://localhost:46989 for channel [id: 0x07c0b443, L:/127.0.0.1:58234 - R:localhost/127.0.0.1:46989]
10:46:36.149 [AsyncHttpClient-1-1] DEBUG org.asynchttpclient.netty.channel.DefaultChannelPool - Entry count for : http://localhost:46989 : 1
10:46:36.149 [AsyncHttpClient-1-1] DEBUG org.asynchttpclient.netty.channel.DefaultChannelPool - Entry count for : http://localhost:58235 : 1
10:46:36.149 [AsyncHttpClient-1-1] DEBUG org.asynchttpclient.netty.channel.DefaultChannelPool - Adding Candidate expired Channel [id: 0xe6de06b0, L:/127.0.0.1:58242 ! R:localhost/127.0.0.1:58235] isIdleTimeoutExpired=false isRemotelyClosed=true isTtlExpired=false
10:46:36.149 [AsyncHttpClient-1-1] DEBUG org.asynchttpclient.netty.channel.DefaultChannelPool - Closing Idle Channel [id: 0xe6de06b0, L:/127.0.0.1:58242 ! R:localhost/127.0.0.1:58235]
10:46:36.149 [AsyncHttpClient-1-1] DEBUG org.asynchttpclient.netty.channel.DefaultChannelPool - Closed 1 connections out of 2 in 0 ms
10:46:36.197 [AsyncHttpClient-1-2] DEBUG org.asynchttpclient.netty.handler.HttpHandler - Channel Closed: [id: 0x07c0b443, L:/127.0.0.1:58234 ! R:localhost/127.0.0.1:46989] with attribute DISCARD
]]></system-out>
    <system-err><![CDATA[Starting ChromeDriver 112.0.5615.49 (bd2a7bcb881c11e8cfe3078709382934e3916914-refs/branch-heads/5615@{#936}) on port 46989
Only local connections are allowed.
Please see https://chromedriver.chromium.org/security-considerations for suggestions on keeping ChromeDriver safe.
ChromeDriver was started successfully.
May 11, 2023 10:46:29 AM org.openqa.selenium.devtools.CdpVersionFinder findNearestMatch
WARNING: Unable to find an exact match for CDP version 112, so returning the closest version found: 110
May 11, 2023 10:46:35 AM org.openqa.selenium.remote.http.WebSocket$Listener onError
WARNING: Connection reset
java.net.SocketException: Connection reset
	at java.base/sun.nio.ch.SocketChannelImpl.throwConnectionReset(SocketChannelImpl.java:401)
	at java.base/sun.nio.ch.SocketChannelImpl.read(SocketChannelImpl.java:434)
	at io.netty.buffer.PooledByteBuf.setBytes(PooledByteBuf.java:259)
	at io.netty.buffer.AbstractByteBuf.writeBytes(AbstractByteBuf.java:1132)
	at io.netty.channel.socket.nio.NioSocketChannel.doReadBytes(NioSocketChannel.java:357)
	at io.netty.channel.nio.AbstractNioByteChannel$NioByteUnsafe.read(AbstractNioByteChannel.java:151)
	at io.netty.channel.nio.NioEventLoop.processSelectedKey(NioEventLoop.java:788)
	at io.netty.channel.nio.NioEventLoop.processSelectedKeysOptimized(NioEventLoop.java:724)
	at io.netty.channel.nio.NioEventLoop.processSelectedKeys(NioEventLoop.java:650)
	at io.netty.channel.nio.NioEventLoop.run(NioEventLoop.java:562)
	at io.netty.util.concurrent.SingleThreadEventExecutor$4.run(SingleThreadEventExecutor.java:997)
	at io.netty.util.internal.ThreadExecutorMap$2.run(ThreadExecutorMap.java:74)
	at io.netty.util.concurrent.FastThreadLocalRunnable.run(FastThreadLocalRunnable.java:30)
	at java.base/java.lang.Thread.run(Thread.java:1589)

]]></system-err>
  </testcase>
  <testcase name="WB027 - User register, login, see detail product, assign rating" classname="Integration" time="110.259">
    <system-out><![CDATA[
Scenario: WB027 - User register, login, see detail product, assign rating &amp#27;[90m# src/test/resources/features/06Integration.feature:10&amp#27;[0m
10:46:36.294 [main] DEBUG io.cucumber.core.plugin.SerenityReporter - Running feature from file:///C:/Users/User/IdeaProjects/IntegrationTest/src/test/resources/features/06Integration.feature
10:46:36.298 [main] INFO  - 
  _____   ___   ___   _____     ___   _____     _     ___   _____   ___   ___  
 |_   _| | __| / __| |_   _|   / __| |_   _|   /_\   | _ \ |_   _| | __| |   \ 
   | |   | _|  \__ \   | |     \__ \   | |    / _ \  |   /   | |   | _|  | |) |
   |_|   |___| |___/   |_|     |___/   |_|   /_/ \_\ |_|_\   |_|   |___| |___/ 

WB027 - User register, login, see detail product, assign rating(integration;wb027---user-register--login--see-detail-product--assign-rating)
--------------------------------------------------------------------------------
  &amp#27;[32mGiven &amp#27;[0m&amp#27;[32mUser on register pages&amp#27;[0m                                            &amp#27;[90m# starter.stepdefinition.IntegrationSteps.registerPage()&amp#27;[0m
10:46:36.444 [main] INFO net.serenitybdd.core.webdriver.driverproviders.ChromeDriverProvider - Starting Chrome driver instance with capabilities:
10:46:36.445 [main] INFO net.serenitybdd.core.webdriver.driverproviders.ChromeDriverProvider - Capabilities {acceptInsecureCerts: false, browserName: chrome, goog:chromeOptions: {args: [remote-allow-origins=*], extensions: []}}
10:46:36.886 [AsyncHttpClient-1-5] DEBUG org.asynchttpclient.netty.channel.NettyConnectListener - Using new Channel '[id: 0x039f6b85, L:/127.0.0.1:58257 - R:localhost/127.0.0.1:6382]' for 'POST' to '/session'
10:46:37.300 [AsyncHttpClient-1-1] DEBUG org.asynchttpclient.netty.channel.DefaultChannelPool - Entry count for : http://localhost:46989 : 1
10:46:37.300 [AsyncHttpClient-1-1] DEBUG org.asynchttpclient.netty.channel.DefaultChannelPool - Adding Candidate expired Channel [id: 0x07c0b443, L:/127.0.0.1:58234 ! R:localhost/127.0.0.1:46989] isIdleTimeoutExpired=false isRemotelyClosed=true isTtlExpired=false
10:46:37.300 [AsyncHttpClient-1-1] DEBUG org.asynchttpclient.netty.channel.DefaultChannelPool - Closing Idle Channel [id: 0x07c0b443, L:/127.0.0.1:58234 ! R:localhost/127.0.0.1:46989]
10:46:37.300 [AsyncHttpClient-1-1] DEBUG org.asynchttpclient.netty.channel.DefaultChannelPool - Closed 1 connections out of 1 in 0 ms
10:46:37.764 [AsyncHttpClient-1-5] DEBUG org.asynchttpclient.netty.handler.HttpHandler - 

Request DefaultHttpRequest(decodeResult: success, version: HTTP/1.1)
POST /session HTTP/1.1
User-Agent: selenium/4.8.1 (java windows)
Content-Length: 507
Content-Type: application/json; charset=utf-8
host: localhost:6382
accept: */*

Response DefaultHttpResponse(decodeResult: success, version: HTTP/1.1)
HTTP/1.1 200 OK
Content-Length: 859
Content-Type: application/json; charset=utf-8
cache-control: no-cache

10:46:37.764 [AsyncHttpClient-1-5] DEBUG org.asynchttpclient.netty.channel.ChannelManager - Adding key: http://localhost:6382 for channel [id: 0x039f6b85, L:/127.0.0.1:58257 - R:localhost/127.0.0.1:6382]
10:46:37.849 [AsyncHttpClient-1-6] DEBUG org.asynchttpclient.netty.channel.NettyConnectListener - Using new Channel '[id: 0x100e6704, L:/127.0.0.1:58264 - R:localhost/127.0.0.1:58259]' for 'GET' to '/json/version'
10:46:37.852 [AsyncHttpClient-1-6] DEBUG org.asynchttpclient.netty.handler.HttpHandler - 

Request DefaultFullHttpRequest(decodeResult: success, version: HTTP/1.1, content: EmptyByteBufBE)
GET /json/version HTTP/1.1
User-Agent: selenium/4.8.1 (java windows)
host: localhost:58259
accept: */*

Response DefaultHttpResponse(decodeResult: success, version: HTTP/1.1)
HTTP/1.1 200 OK
Content-Security-Policy: frame-ancestors 'none'
Content-Length: 424
Content-Type: application/json; charset=UTF-8

10:46:37.853 [AsyncHttpClient-1-6] DEBUG org.asynchttpclient.netty.channel.ChannelManager - Adding key: http://localhost:58259 for channel [id: 0x100e6704, L:/127.0.0.1:58264 - R:localhost/127.0.0.1:58259]
10:46:37.940 [AsyncHttpClient-1-7] DEBUG org.asynchttpclient.netty.channel.NettyConnectListener - Using new Channel '[id: 0x1d03290f, L:/127.0.0.1:58265 - R:localhost/127.0.0.1:58259]' for 'GET' to '/devtools/browser/d426e3b9-031b-41b6-9478-3657cff59116'
10:46:37.943 [AsyncHttpClient-1-7] DEBUG org.asynchttpclient.netty.handler.WebSocketHandler - 

Request DefaultFullHttpRequest(decodeResult: success, version: HTTP/1.1, content: EmptyByteBufBE)
GET /devtools/browser/d426e3b9-031b-41b6-9478-3657cff59116 HTTP/1.1
upgrade: websocket
connection: upgrade
sec-websocket-key: 6X4PdpLvY+UBoM1q64Zh9w==
sec-websocket-version: 13
origin: http://localhost:58259
host: localhost:58259
accept: */*
user-agent: AHC/2.1

Response DefaultHttpResponse(decodeResult: success, version: HTTP/1.1)
HTTP/1.1 101 WebSocket Protocol Handshake
Upgrade: WebSocket
Connection: Upgrade
Sec-WebSocket-Accept: nGrRM3PsTufO+PD4CfwMf/joB4w=

10:46:37.951 [Forwarding maximizeCurrentWindow on session 7593461ff057e36e3bf35f9942cde28d to remote] DEBUG org.asynchttpclient.netty.request.NettyRequestSender - Using pooled Channel '[id: 0x039f6b85, L:/127.0.0.1:58257 - R:localhost/127.0.0.1:6382]' for 'POST' to 'http://localhost:6382/session/7593461ff057e36e3bf35f9942cde28d/window/maximize'
10:46:37.951 [Forwarding maximizeCurrentWindow on session 7593461ff057e36e3bf35f9942cde28d to remote] DEBUG org.asynchttpclient.netty.request.NettyRequestSender - Using open Channel [id: 0x039f6b85, L:/127.0.0.1:58257 - R:localhost/127.0.0.1:6382] for POST '/session/7593461ff057e36e3bf35f9942cde28d/window/maximize'
10:46:38.109 [AsyncHttpClient-1-5] DEBUG org.asynchttpclient.netty.handler.HttpHandler - 

Request DefaultHttpRequest(decodeResult: success, version: HTTP/1.1)
POST /session/7593461ff057e36e3bf35f9942cde28d/window/maximize HTTP/1.1
User-Agent: selenium/4.8.1 (java windows)
Content-Length: 3
Content-Type: application/json; charset=utf-8
host: localhost:6382
accept: */*

Response DefaultHttpResponse(decodeResult: success, version: HTTP/1.1)
HTTP/1.1 200 OK
Content-Length: 51
Content-Type: application/json; charset=utf-8
cache-control: no-cache

10:46:38.109 [AsyncHttpClient-1-5] DEBUG org.asynchttpclient.netty.channel.ChannelManager - Adding key: http://localhost:6382 for channel [id: 0x039f6b85, L:/127.0.0.1:58257 - R:localhost/127.0.0.1:6382]
10:46:38.115 [Forwarding get on session 7593461ff057e36e3bf35f9942cde28d to remote] DEBUG org.asynchttpclient.netty.request.NettyRequestSender - Using pooled Channel '[id: 0x039f6b85, L:/127.0.0.1:58257 - R:localhost/127.0.0.1:6382]' for 'POST' to 'http://localhost:6382/session/7593461ff057e36e3bf35f9942cde28d/url'
10:46:38.115 [Forwarding get on session 7593461ff057e36e3bf35f9942cde28d to remote] DEBUG org.asynchttpclient.netty.request.NettyRequestSender - Using open Channel [id: 0x039f6b85, L:/127.0.0.1:58257 - R:localhost/127.0.0.1:6382] for POST '/session/7593461ff057e36e3bf35f9942cde28d/url'
10:46:38.346 [AsyncHttpClient-1-1] DEBUG org.asynchttpclient.netty.channel.DefaultChannelPool - Entry count for : http://localhost:58259 : 1
10:46:39.451 [AsyncHttpClient-1-1] DEBUG org.asynchttpclient.netty.channel.DefaultChannelPool - Entry count for : http://localhost:58259 : 1
10:46:40.054 [AsyncHttpClient-1-5] DEBUG org.asynchttpclient.netty.handler.HttpHandler - 

Request DefaultHttpRequest(decodeResult: success, version: HTTP/1.1)
POST /session/7593461ff057e36e3bf35f9942cde28d/url HTTP/1.1
User-Agent: selenium/4.8.1 (java windows)
Content-Length: 77
Content-Type: application/json; charset=utf-8
host: localhost:6382
accept: */*

Response DefaultHttpResponse(decodeResult: success, version: HTTP/1.1)
HTTP/1.1 200 OK
Content-Length: 14
Content-Type: application/json; charset=utf-8
cache-control: no-cache

10:46:40.054 [AsyncHttpClient-1-5] DEBUG org.asynchttpclient.netty.channel.ChannelManager - Adding key: http://localhost:6382 for channel [id: 0x039f6b85, L:/127.0.0.1:58257 - R:localhost/127.0.0.1:6382]
10:46:40.062 [Forwarding setTimeout on session 7593461ff057e36e3bf35f9942cde28d to remote] DEBUG org.asynchttpclient.netty.request.NettyRequestSender - Using pooled Channel '[id: 0x039f6b85, L:/127.0.0.1:58257 - R:localhost/127.0.0.1:6382]' for 'POST' to 'http://localhost:6382/session/7593461ff057e36e3bf35f9942cde28d/timeouts'
10:46:40.062 [Forwarding setTimeout on session 7593461ff057e36e3bf35f9942cde28d to remote] DEBUG org.asynchttpclient.netty.request.NettyRequestSender - Using open Channel [id: 0x039f6b85, L:/127.0.0.1:58257 - R:localhost/127.0.0.1:6382] for POST '/session/7593461ff057e36e3bf35f9942cde28d/timeouts'
10:46:40.065 [AsyncHttpClient-1-5] DEBUG org.asynchttpclient.netty.handler.HttpHandler - 

Request DefaultHttpRequest(decodeResult: success, version: HTTP/1.1)
POST /session/7593461ff057e36e3bf35f9942cde28d/timeouts HTTP/1.1
User-Agent: selenium/4.8.1 (java windows)
Content-Length: 22
Content-Type: application/json; charset=utf-8
host: localhost:6382
accept: */*

Response DefaultHttpResponse(decodeResult: success, version: HTTP/1.1)
HTTP/1.1 200 OK
Content-Length: 14
Content-Type: application/json; charset=utf-8
cache-control: no-cache

10:46:40.065 [AsyncHttpClient-1-5] DEBUG org.asynchttpclient.netty.channel.ChannelManager - Adding key: http://localhost:6382 for channel [id: 0x039f6b85, L:/127.0.0.1:58257 - R:localhost/127.0.0.1:6382]
10:46:40.083 [Forwarding getAlertText on session 7593461ff057e36e3bf35f9942cde28d to remote] DEBUG org.asynchttpclient.netty.request.NettyRequestSender - Using pooled Channel '[id: 0x039f6b85, L:/127.0.0.1:58257 - R:localhost/127.0.0.1:6382]' for 'GET' to 'http://localhost:6382/session/7593461ff057e36e3bf35f9942cde28d/alert/text'
10:46:40.083 [Forwarding getAlertText on session 7593461ff057e36e3bf35f9942cde28d to remote] DEBUG org.asynchttpclient.netty.request.NettyRequestSender - Using open Channel [id: 0x039f6b85, L:/127.0.0.1:58257 - R:localhost/127.0.0.1:6382] for GET '/session/7593461ff057e36e3bf35f9942cde28d/alert/text'
10:46:40.085 [AsyncHttpClient-1-5] DEBUG org.asynchttpclient.netty.handler.HttpHandler - 

Request DefaultFullHttpRequest(decodeResult: success, version: HTTP/1.1, content: EmptyByteBufBE)
GET /session/7593461ff057e36e3bf35f9942cde28d/alert/text HTTP/1.1
User-Agent: selenium/4.8.1 (java windows)
Cache-Control: no-cache
Content-Type: application/json; charset=utf-8
host: localhost:6382
accept: */*

Response DefaultHttpResponse(decodeResult: success, version: HTTP/1.1)
HTTP/1.1 404 Not Found
Content-Length: 848
Content-Type: application/json; charset=utf-8
cache-control: no-cache

10:46:40.085 [AsyncHttpClient-1-5] DEBUG org.asynchttpclient.netty.channel.ChannelManager - Adding key: http://localhost:6382 for channel [id: 0x039f6b85, L:/127.0.0.1:58257 - R:localhost/127.0.0.1:6382]
10:46:40.087 [Forwarding getCurrentUrl on session 7593461ff057e36e3bf35f9942cde28d to remote] DEBUG org.asynchttpclient.netty.request.NettyRequestSender - Using pooled Channel '[id: 0x039f6b85, L:/127.0.0.1:58257 - R:localhost/127.0.0.1:6382]' for 'GET' to 'http://localhost:6382/session/7593461ff057e36e3bf35f9942cde28d/url'
10:46:40.087 [Forwarding getCurrentUrl on session 7593461ff057e36e3bf35f9942cde28d to remote] DEBUG org.asynchttpclient.netty.request.NettyRequestSender - Using open Channel [id: 0x039f6b85, L:/127.0.0.1:58257 - R:localhost/127.0.0.1:6382] for GET '/session/7593461ff057e36e3bf35f9942cde28d/url'
10:46:40.095 [AsyncHttpClient-1-5] DEBUG org.asynchttpclient.netty.handler.HttpHandler - 

Request DefaultFullHttpRequest(decodeResult: success, version: HTTP/1.1, content: EmptyByteBufBE)
GET /session/7593461ff057e36e3bf35f9942cde28d/url HTTP/1.1
User-Agent: selenium/4.8.1 (java windows)
Cache-Control: no-cache
Content-Type: application/json; charset=utf-8
host: localhost:6382
accept: */*

Response DefaultHttpResponse(decodeResult: success, version: HTTP/1.1)
HTTP/1.1 200 OK
Content-Length: 54
Content-Type: application/json; charset=utf-8
cache-control: no-cache

10:46:40.095 [AsyncHttpClient-1-5] DEBUG org.asynchttpclient.netty.channel.ChannelManager - Adding key: http://localhost:6382 for channel [id: 0x039f6b85, L:/127.0.0.1:58257 - R:localhost/127.0.0.1:6382]
10:46:40.096 [Forwarding screenshot on session 7593461ff057e36e3bf35f9942cde28d to remote] DEBUG org.asynchttpclient.netty.request.NettyRequestSender - Using pooled Channel '[id: 0x039f6b85, L:/127.0.0.1:58257 - R:localhost/127.0.0.1:6382]' for 'GET' to 'http://localhost:6382/session/7593461ff057e36e3bf35f9942cde28d/screenshot'
10:46:40.096 [Forwarding screenshot on session 7593461ff057e36e3bf35f9942cde28d to remote] DEBUG org.asynchttpclient.netty.request.NettyRequestSender - Using open Channel [id: 0x039f6b85, L:/127.0.0.1:58257 - R:localhost/127.0.0.1:6382] for GET '/session/7593461ff057e36e3bf35f9942cde28d/screenshot'
10:46:40.231 [AsyncHttpClient-1-5] DEBUG org.asynchttpclient.netty.handler.HttpHandler - 

Request DefaultFullHttpRequest(decodeResult: success, version: HTTP/1.1, content: EmptyByteBufBE)
GET /session/7593461ff057e36e3bf35f9942cde28d/screenshot HTTP/1.1
User-Agent: selenium/4.8.1 (java windows)
Cache-Control: no-cache
Content-Type: application/json; charset=utf-8
host: localhost:6382
accept: */*

Response DefaultHttpResponse(decodeResult: success, version: HTTP/1.1)
HTTP/1.1 200 OK
Content-Length: 29668
Content-Type: application/json; charset=utf-8
cache-control: no-cache

10:46:40.232 [AsyncHttpClient-1-5] DEBUG org.asynchttpclient.netty.channel.ChannelManager - Adding key: http://localhost:6382 for channel [id: 0x039f6b85, L:/127.0.0.1:58257 - R:localhost/127.0.0.1:6382]
10:46:40.234 [main] DEBUG net.serenitybdd.core.photography.Darkroom - Send negative for processing for target\site\serenity\0ba6e8bb0dbd98adfe749502cc48ff0da377cd7b0172f40fe1ccbac8137b3703.png
10:46:40.236 [Forwarding getPageSource on session 7593461ff057e36e3bf35f9942cde28d to remote] DEBUG org.asynchttpclient.netty.request.NettyRequestSender - Using pooled Channel '[id: 0x039f6b85, L:/127.0.0.1:58257 - R:localhost/127.0.0.1:6382]' for 'POST' to 'http://localhost:6382/session/7593461ff057e36e3bf35f9942cde28d/execute/sync'
10:46:40.236 [Forwarding getPageSource on session 7593461ff057e36e3bf35f9942cde28d to remote] DEBUG org.asynchttpclient.netty.request.NettyRequestSender - Using open Channel [id: 0x039f6b85, L:/127.0.0.1:58257 - R:localhost/127.0.0.1:6382] for POST '/session/7593461ff057e36e3bf35f9942cde28d/execute/sync'
10:46:40.245 [AsyncHttpClient-1-5] DEBUG org.asynchttpclient.netty.handler.HttpHandler - 

Request DefaultHttpRequest(decodeResult: success, version: HTTP/1.1)
POST /session/7593461ff057e36e3bf35f9942cde28d/execute/sync HTTP/1.1
User-Agent: selenium/4.8.1 (java windows)
Content-Length: 176
Content-Type: application/json; charset=utf-8
host: localhost:6382
accept: */*

Response DefaultHttpResponse(decodeResult: success, version: HTTP/1.1)
HTTP/1.1 200 OK
Content-Length: 22234
Content-Type: application/json; charset=utf-8
cache-control: no-cache

10:46:40.245 [AsyncHttpClient-1-5] DEBUG org.asynchttpclient.netty.channel.ChannelManager - Adding key: http://localhost:6382 for channel [id: 0x039f6b85, L:/127.0.0.1:58257 - R:localhost/127.0.0.1:6382]
10:46:40.249 [Forwarding getCurrentUrl on session 7593461ff057e36e3bf35f9942cde28d to remote] DEBUG org.asynchttpclient.netty.request.NettyRequestSender - Using pooled Channel '[id: 0x039f6b85, L:/127.0.0.1:58257 - R:localhost/127.0.0.1:6382]' for 'GET' to 'http://localhost:6382/session/7593461ff057e36e3bf35f9942cde28d/url'
10:46:40.249 [Forwarding getCurrentUrl on session 7593461ff057e36e3bf35f9942cde28d to remote] DEBUG org.asynchttpclient.netty.request.NettyRequestSender - Using open Channel [id: 0x039f6b85, L:/127.0.0.1:58257 - R:localhost/127.0.0.1:6382] for GET '/session/7593461ff057e36e3bf35f9942cde28d/url'
10:46:40.253 [AsyncHttpClient-1-5] DEBUG org.asynchttpclient.netty.handler.HttpHandler - 

Request DefaultFullHttpRequest(decodeResult: success, version: HTTP/1.1, content: EmptyByteBufBE)
GET /session/7593461ff057e36e3bf35f9942cde28d/url HTTP/1.1
User-Agent: selenium/4.8.1 (java windows)
Cache-Control: no-cache
Content-Type: application/json; charset=utf-8
host: localhost:6382
accept: */*

Response DefaultHttpResponse(decodeResult: success, version: HTTP/1.1)
HTTP/1.1 200 OK
Content-Length: 54
Content-Type: application/json; charset=utf-8
cache-control: no-cache

10:46:40.254 [AsyncHttpClient-1-5] DEBUG org.asynchttpclient.netty.channel.ChannelManager - Adding key: http://localhost:6382 for channel [id: 0x039f6b85, L:/127.0.0.1:58257 - R:localhost/127.0.0.1:6382]
10:46:40.256 [main] DEBUG net.thucydides.core.steps.StepInterceptor - STARTING STEP: IntegrationSteps.register - validateOnRegisterPage
10:46:40.259 [Forwarding setTimeout on session 7593461ff057e36e3bf35f9942cde28d to remote] DEBUG org.asynchttpclient.netty.request.NettyRequestSender - Using pooled Channel '[id: 0x039f6b85, L:/127.0.0.1:58257 - R:localhost/127.0.0.1:6382]' for 'POST' to 'http://localhost:6382/session/7593461ff057e36e3bf35f9942cde28d/timeouts'
10:46:40.259 [Forwarding setTimeout on session 7593461ff057e36e3bf35f9942cde28d to remote] DEBUG org.asynchttpclient.netty.request.NettyRequestSender - Using open Channel [id: 0x039f6b85, L:/127.0.0.1:58257 - R:localhost/127.0.0.1:6382] for POST '/session/7593461ff057e36e3bf35f9942cde28d/timeouts'
10:46:40.260 [AsyncHttpClient-1-5] DEBUG org.asynchttpclient.netty.handler.HttpHandler - 

Request DefaultHttpRequest(decodeResult: success, version: HTTP/1.1)
POST /session/7593461ff057e36e3bf35f9942cde28d/timeouts HTTP/1.1
User-Agent: selenium/4.8.1 (java windows)
Content-Length: 19
Content-Type: application/json; charset=utf-8
host: localhost:6382
accept: */*

Response DefaultHttpResponse(decodeResult: success, version: HTTP/1.1)
HTTP/1.1 200 OK
Content-Length: 14
Content-Type: application/json; charset=utf-8
cache-control: no-cache

10:46:40.260 [AsyncHttpClient-1-5] DEBUG org.asynchttpclient.netty.channel.ChannelManager - Adding key: http://localhost:6382 for channel [id: 0x039f6b85, L:/127.0.0.1:58257 - R:localhost/127.0.0.1:6382]
10:46:40.264 [Forwarding findElements on session 7593461ff057e36e3bf35f9942cde28d to remote] DEBUG org.asynchttpclient.netty.request.NettyRequestSender - Using pooled Channel '[id: 0x039f6b85, L:/127.0.0.1:58257 - R:localhost/127.0.0.1:6382]' for 'POST' to 'http://localhost:6382/session/7593461ff057e36e3bf35f9942cde28d/elements'
10:46:40.264 [Forwarding findElements on session 7593461ff057e36e3bf35f9942cde28d to remote] DEBUG org.asynchttpclient.netty.request.NettyRequestSender - Using open Channel [id: 0x039f6b85, L:/127.0.0.1:58257 - R:localhost/127.0.0.1:6382] for POST '/session/7593461ff057e36e3bf35f9942cde28d/elements'
10:46:40.282 [AsyncHttpClient-1-5] DEBUG org.asynchttpclient.netty.handler.HttpHandler - 

Request DefaultHttpRequest(decodeResult: success, version: HTTP/1.1)
POST /session/7593461ff057e36e3bf35f9942cde28d/elements HTTP/1.1
User-Agent: selenium/4.8.1 (java windows)
Content-Length: 225
Content-Type: application/json; charset=utf-8
host: localhost:6382
accept: */*

Response DefaultHttpResponse(decodeResult: success, version: HTTP/1.1)
HTTP/1.1 200 OK
Content-Length: 90
Content-Type: application/json; charset=utf-8
cache-control: no-cache

10:46:40.282 [AsyncHttpClient-1-5] DEBUG org.asynchttpclient.netty.channel.ChannelManager - Adding key: http://localhost:6382 for channel [id: 0x039f6b85, L:/127.0.0.1:58257 - R:localhost/127.0.0.1:6382]
10:46:40.286 [Forwarding isElementDisplayed on session 7593461ff057e36e3bf35f9942cde28d to remote] DEBUG org.asynchttpclient.netty.request.NettyRequestSender - Using pooled Channel '[id: 0x039f6b85, L:/127.0.0.1:58257 - R:localhost/127.0.0.1:6382]' for 'POST' to 'http://localhost:6382/session/7593461ff057e36e3bf35f9942cde28d/execute/sync'
10:46:40.286 [Forwarding isElementDisplayed on session 7593461ff057e36e3bf35f9942cde28d to remote] DEBUG org.asynchttpclient.netty.request.NettyRequestSender - Using open Channel [id: 0x039f6b85, L:/127.0.0.1:58257 - R:localhost/127.0.0.1:6382] for POST '/session/7593461ff057e36e3bf35f9942cde28d/execute/sync'
10:46:40.302 [AsyncHttpClient-1-5] DEBUG org.asynchttpclient.netty.handler.HttpHandler - 

Request DefaultHttpRequest(decodeResult: success, version: HTTP/1.1)
POST /session/7593461ff057e36e3bf35f9942cde28d/execute/sync HTTP/1.1
User-Agent: selenium/4.8.1 (java windows)
Content-Length: 48807
Content-Type: application/json; charset=utf-8
host: localhost:6382
accept: */*

Response DefaultHttpResponse(decodeResult: success, version: HTTP/1.1)
HTTP/1.1 200 OK
Content-Length: 14
Content-Type: application/json; charset=utf-8
cache-control: no-cache

10:46:40.302 [AsyncHttpClient-1-5] DEBUG org.asynchttpclient.netty.channel.ChannelManager - Adding key: http://localhost:6382 for channel [id: 0x039f6b85, L:/127.0.0.1:58257 - R:localhost/127.0.0.1:6382]
10:46:40.305 [Forwarding findElements on session 7593461ff057e36e3bf35f9942cde28d to remote] DEBUG org.asynchttpclient.netty.request.NettyRequestSender - Using pooled Channel '[id: 0x039f6b85, L:/127.0.0.1:58257 - R:localhost/127.0.0.1:6382]' for 'POST' to 'http://localhost:6382/session/7593461ff057e36e3bf35f9942cde28d/elements'
10:46:40.305 [Forwarding findElements on session 7593461ff057e36e3bf35f9942cde28d to remote] DEBUG org.asynchttpclient.netty.request.NettyRequestSender - Using open Channel [id: 0x039f6b85, L:/127.0.0.1:58257 - R:localhost/127.0.0.1:6382] for POST '/session/7593461ff057e36e3bf35f9942cde28d/elements'
10:46:40.312 [AsyncHttpClient-1-5] DEBUG org.asynchttpclient.netty.handler.HttpHandler - 

Request DefaultHttpRequest(decodeResult: success, version: HTTP/1.1)
POST /session/7593461ff057e36e3bf35f9942cde28d/elements HTTP/1.1
User-Agent: selenium/4.8.1 (java windows)
Content-Length: 225
Content-Type: application/json; charset=utf-8
host: localhost:6382
accept: */*

Response DefaultHttpResponse(decodeResult: success, version: HTTP/1.1)
HTTP/1.1 200 OK
Content-Length: 90
Content-Type: application/json; charset=utf-8
cache-control: no-cache

10:46:40.312 [AsyncHttpClient-1-5] DEBUG org.asynchttpclient.netty.channel.ChannelManager - Adding key: http://localhost:6382 for channel [id: 0x039f6b85, L:/127.0.0.1:58257 - R:localhost/127.0.0.1:6382]
10:46:40.314 [Forwarding setTimeout on session 7593461ff057e36e3bf35f9942cde28d to remote] DEBUG org.asynchttpclient.netty.request.NettyRequestSender - Using pooled Channel '[id: 0x039f6b85, L:/127.0.0.1:58257 - R:localhost/127.0.0.1:6382]' for 'POST' to 'http://localhost:6382/session/7593461ff057e36e3bf35f9942cde28d/timeouts'
10:46:40.314 [Forwarding setTimeout on session 7593461ff057e36e3bf35f9942cde28d to remote] DEBUG org.asynchttpclient.netty.request.NettyRequestSender - Using open Channel [id: 0x039f6b85, L:/127.0.0.1:58257 - R:localhost/127.0.0.1:6382] for POST '/session/7593461ff057e36e3bf35f9942cde28d/timeouts'
10:46:40.315 [AsyncHttpClient-1-5] DEBUG org.asynchttpclient.netty.handler.HttpHandler - 

Request DefaultHttpRequest(decodeResult: success, version: HTTP/1.1)
POST /session/7593461ff057e36e3bf35f9942cde28d/timeouts HTTP/1.1
User-Agent: selenium/4.8.1 (java windows)
Content-Length: 22
Content-Type: application/json; charset=utf-8
host: localhost:6382
accept: */*

Response DefaultHttpResponse(decodeResult: success, version: HTTP/1.1)
HTTP/1.1 200 OK
Content-Length: 14
Content-Type: application/json; charset=utf-8
cache-control: no-cache

10:46:40.315 [AsyncHttpClient-1-5] DEBUG org.asynchttpclient.netty.channel.ChannelManager - Adding key: http://localhost:6382 for channel [id: 0x039f6b85, L:/127.0.0.1:58257 - R:localhost/127.0.0.1:6382]
10:46:40.318 [Forwarding isElementDisplayed on session 7593461ff057e36e3bf35f9942cde28d to remote] DEBUG org.asynchttpclient.netty.request.NettyRequestSender - Using pooled Channel '[id: 0x039f6b85, L:/127.0.0.1:58257 - R:localhost/127.0.0.1:6382]' for 'POST' to 'http://localhost:6382/session/7593461ff057e36e3bf35f9942cde28d/execute/sync'
10:46:40.318 [Forwarding isElementDisplayed on session 7593461ff057e36e3bf35f9942cde28d to remote] DEBUG org.asynchttpclient.netty.request.NettyRequestSender - Using open Channel [id: 0x039f6b85, L:/127.0.0.1:58257 - R:localhost/127.0.0.1:6382] for POST '/session/7593461ff057e36e3bf35f9942cde28d/execute/sync'
10:46:40.330 [AsyncHttpClient-1-5] DEBUG org.asynchttpclient.netty.handler.HttpHandler - 

Request DefaultHttpRequest(decodeResult: success, version: HTTP/1.1)
POST /session/7593461ff057e36e3bf35f9942cde28d/execute/sync HTTP/1.1
User-Agent: selenium/4.8.1 (java windows)
Content-Length: 48807
Content-Type: application/json; charset=utf-8
host: localhost:6382
accept: */*

Response DefaultHttpResponse(decodeResult: success, version: HTTP/1.1)
HTTP/1.1 200 OK
Content-Length: 14
Content-Type: application/json; charset=utf-8
cache-control: no-cache

10:46:40.330 [AsyncHttpClient-1-5] DEBUG org.asynchttpclient.netty.channel.ChannelManager - Adding key: http://localhost:6382 for channel [id: 0x039f6b85, L:/127.0.0.1:58257 - R:localhost/127.0.0.1:6382]
10:46:40.336 [Forwarding getAlertText on session 7593461ff057e36e3bf35f9942cde28d to remote] DEBUG org.asynchttpclient.netty.request.NettyRequestSender - Using pooled Channel '[id: 0x039f6b85, L:/127.0.0.1:58257 - R:localhost/127.0.0.1:6382]' for 'GET' to 'http://localhost:6382/session/7593461ff057e36e3bf35f9942cde28d/alert/text'
10:46:40.336 [Forwarding getAlertText on session 7593461ff057e36e3bf35f9942cde28d to remote] DEBUG org.asynchttpclient.netty.request.NettyRequestSender - Using open Channel [id: 0x039f6b85, L:/127.0.0.1:58257 - R:localhost/127.0.0.1:6382] for GET '/session/7593461ff057e36e3bf35f9942cde28d/alert/text'
10:46:40.337 [AsyncHttpClient-1-5] DEBUG org.asynchttpclient.netty.handler.HttpHandler - 

Request DefaultFullHttpRequest(decodeResult: success, version: HTTP/1.1, content: EmptyByteBufBE)
GET /session/7593461ff057e36e3bf35f9942cde28d/alert/text HTTP/1.1
User-Agent: selenium/4.8.1 (java windows)
Cache-Control: no-cache
Content-Type: application/json; charset=utf-8
host: localhost:6382
accept: */*

Response DefaultHttpResponse(decodeResult: success, version: HTTP/1.1)
HTTP/1.1 404 Not Found
Content-Length: 848
Content-Type: application/json; charset=utf-8
cache-control: no-cache

10:46:40.338 [AsyncHttpClient-1-5] DEBUG org.asynchttpclient.netty.channel.ChannelManager - Adding key: http://localhost:6382 for channel [id: 0x039f6b85, L:/127.0.0.1:58257 - R:localhost/127.0.0.1:6382]
10:46:40.339 [Forwarding getCurrentUrl on session 7593461ff057e36e3bf35f9942cde28d to remote] DEBUG org.asynchttpclient.netty.request.NettyRequestSender - Using pooled Channel '[id: 0x039f6b85, L:/127.0.0.1:58257 - R:localhost/127.0.0.1:6382]' for 'GET' to 'http://localhost:6382/session/7593461ff057e36e3bf35f9942cde28d/url'
10:46:40.339 [Forwarding getCurrentUrl on session 7593461ff057e36e3bf35f9942cde28d to remote] DEBUG org.asynchttpclient.netty.request.NettyRequestSender - Using open Channel [id: 0x039f6b85, L:/127.0.0.1:58257 - R:localhost/127.0.0.1:6382] for GET '/session/7593461ff057e36e3bf35f9942cde28d/url'
10:46:40.343 [AsyncHttpClient-1-5] DEBUG org.asynchttpclient.netty.handler.HttpHandler - 

Request DefaultFullHttpRequest(decodeResult: success, version: HTTP/1.1, content: EmptyByteBufBE)
GET /session/7593461ff057e36e3bf35f9942cde28d/url HTTP/1.1
User-Agent: selenium/4.8.1 (java windows)
Cache-Control: no-cache
Content-Type: application/json; charset=utf-8
host: localhost:6382
accept: */*

Response DefaultHttpResponse(decodeResult: success, version: HTTP/1.1)
HTTP/1.1 200 OK
Content-Length: 54
Content-Type: application/json; charset=utf-8
cache-control: no-cache

10:46:40.343 [AsyncHttpClient-1-5] DEBUG org.asynchttpclient.netty.channel.ChannelManager - Adding key: http://localhost:6382 for channel [id: 0x039f6b85, L:/127.0.0.1:58257 - R:localhost/127.0.0.1:6382]
10:46:40.344 [Forwarding screenshot on session 7593461ff057e36e3bf35f9942cde28d to remote] DEBUG org.asynchttpclient.netty.request.NettyRequestSender - Using pooled Channel '[id: 0x039f6b85, L:/127.0.0.1:58257 - R:localhost/127.0.0.1:6382]' for 'GET' to 'http://localhost:6382/session/7593461ff057e36e3bf35f9942cde28d/screenshot'
10:46:40.344 [Forwarding screenshot on session 7593461ff057e36e3bf35f9942cde28d to remote] DEBUG org.asynchttpclient.netty.request.NettyRequestSender - Using open Channel [id: 0x039f6b85, L:/127.0.0.1:58257 - R:localhost/127.0.0.1:6382] for GET '/session/7593461ff057e36e3bf35f9942cde28d/screenshot'
10:46:40.435 [AsyncHttpClient-1-5] DEBUG org.asynchttpclient.netty.handler.HttpHandler - 

Request DefaultFullHttpRequest(decodeResult: success, version: HTTP/1.1, content: EmptyByteBufBE)
GET /session/7593461ff057e36e3bf35f9942cde28d/screenshot HTTP/1.1
User-Agent: selenium/4.8.1 (java windows)
Cache-Control: no-cache
Content-Type: application/json; charset=utf-8
host: localhost:6382
accept: */*

Response DefaultHttpResponse(decodeResult: success, version: HTTP/1.1)
HTTP/1.1 200 OK
Content-Length: 29668
Content-Type: application/json; charset=utf-8
cache-control: no-cache

10:46:40.435 [AsyncHttpClient-1-5] DEBUG org.asynchttpclient.netty.channel.ChannelManager - Adding key: http://localhost:6382 for channel [id: 0x039f6b85, L:/127.0.0.1:58257 - R:localhost/127.0.0.1:6382]
10:46:40.438 [main] DEBUG net.serenitybdd.core.photography.Darkroom - Send negative for processing for target\site\serenity\0ba6e8bb0dbd98adfe749502cc48ff0da377cd7b0172f40fe1ccbac8137b3703.png
10:46:40.438 [main] DEBUG net.thucydides.core.steps.StepInterceptor - STEP DONE: validateOnRegisterPage
10:46:40.445 [Forwarding getPageSource on session 7593461ff057e36e3bf35f9942cde28d to remote] DEBUG org.asynchttpclient.netty.request.NettyRequestSender - Using pooled Channel '[id: 0x039f6b85, L:/127.0.0.1:58257 - R:localhost/127.0.0.1:6382]' for 'POST' to 'http://localhost:6382/session/7593461ff057e36e3bf35f9942cde28d/execute/sync'
10:46:40.445 [Forwarding getPageSource on session 7593461ff057e36e3bf35f9942cde28d to remote] DEBUG org.asynchttpclient.netty.request.NettyRequestSender - Using open Channel [id: 0x039f6b85, L:/127.0.0.1:58257 - R:localhost/127.0.0.1:6382] for POST '/session/7593461ff057e36e3bf35f9942cde28d/execute/sync'
10:46:40.452 [AsyncHttpClient-1-5] DEBUG org.asynchttpclient.netty.handler.HttpHandler - 

Request DefaultHttpRequest(decodeResult: success, version: HTTP/1.1)
POST /session/7593461ff057e36e3bf35f9942cde28d/execute/sync HTTP/1.1
User-Agent: selenium/4.8.1 (java windows)
Content-Length: 176
Content-Type: application/json; charset=utf-8
host: localhost:6382
accept: */*

Response DefaultHttpResponse(decodeResult: success, version: HTTP/1.1)
HTTP/1.1 200 OK
Content-Length: 22234
Content-Type: application/json; charset=utf-8
cache-control: no-cache

10:46:40.453 [AsyncHttpClient-1-5] DEBUG org.asynchttpclient.netty.channel.ChannelManager - Adding key: http://localhost:6382 for channel [id: 0x039f6b85, L:/127.0.0.1:58257 - R:localhost/127.0.0.1:6382]
10:46:40.457 [Forwarding getCurrentUrl on session 7593461ff057e36e3bf35f9942cde28d to remote] DEBUG org.asynchttpclient.netty.request.NettyRequestSender - Using pooled Channel '[id: 0x039f6b85, L:/127.0.0.1:58257 - R:localhost/127.0.0.1:6382]' for 'GET' to 'http://localhost:6382/session/7593461ff057e36e3bf35f9942cde28d/url'
10:46:40.457 [Forwarding getCurrentUrl on session 7593461ff057e36e3bf35f9942cde28d to remote] DEBUG org.asynchttpclient.netty.request.NettyRequestSender - Using open Channel [id: 0x039f6b85, L:/127.0.0.1:58257 - R:localhost/127.0.0.1:6382] for GET '/session/7593461ff057e36e3bf35f9942cde28d/url'
10:46:40.465 [AsyncHttpClient-1-5] DEBUG org.asynchttpclient.netty.handler.HttpHandler - 

Request DefaultFullHttpRequest(decodeResult: success, version: HTTP/1.1, content: EmptyByteBufBE)
GET /session/7593461ff057e36e3bf35f9942cde28d/url HTTP/1.1
User-Agent: selenium/4.8.1 (java windows)
Cache-Control: no-cache
Content-Type: application/json; charset=utf-8
host: localhost:6382
accept: */*

Response DefaultHttpResponse(decodeResult: success, version: HTTP/1.1)
HTTP/1.1 200 OK
Content-Length: 54
Content-Type: application/json; charset=utf-8
cache-control: no-cache

10:46:40.466 [AsyncHttpClient-1-5] DEBUG org.asynchttpclient.netty.channel.ChannelManager - Adding key: http://localhost:6382 for channel [id: 0x039f6b85, L:/127.0.0.1:58257 - R:localhost/127.0.0.1:6382]
10:46:40.468 [main] DEBUG net.thucydides.core.steps.StepInterceptor - STARTING STEP: IntegrationSteps.register - inputFullName
10:46:40.472 [Forwarding findElement on session 7593461ff057e36e3bf35f9942cde28d to remote] DEBUG org.asynchttpclient.netty.request.NettyRequestSender - Using pooled Channel '[id: 0x039f6b85, L:/127.0.0.1:58257 - R:localhost/127.0.0.1:6382]' for 'POST' to 'http://localhost:6382/session/7593461ff057e36e3bf35f9942cde28d/element'
10:46:40.472 [Forwarding findElement on session 7593461ff057e36e3bf35f9942cde28d to remote] DEBUG org.asynchttpclient.netty.request.NettyRequestSender - Using open Channel [id: 0x039f6b85, L:/127.0.0.1:58257 - R:localhost/127.0.0.1:6382] for POST '/session/7593461ff057e36e3bf35f9942cde28d/element'
10:46:40.494 [AsyncHttpClient-1-5] DEBUG org.asynchttpclient.netty.handler.HttpHandler - 

Request DefaultHttpRequest(decodeResult: success, version: HTTP/1.1)
POST /session/7593461ff057e36e3bf35f9942cde28d/element HTTP/1.1
User-Agent: selenium/4.8.1 (java windows)
Content-Length: 55
Content-Type: application/json; charset=utf-8
host: localhost:6382
accept: */*

Response DefaultHttpResponse(decodeResult: success, version: HTTP/1.1)
HTTP/1.1 200 OK
Content-Length: 88
Content-Type: application/json; charset=utf-8
cache-control: no-cache

10:46:40.494 [AsyncHttpClient-1-5] DEBUG org.asynchttpclient.netty.channel.ChannelManager - Adding key: http://localhost:6382 for channel [id: 0x039f6b85, L:/127.0.0.1:58257 - R:localhost/127.0.0.1:6382]
10:46:40.496 [Forwarding clearElement on session 7593461ff057e36e3bf35f9942cde28d to remote] DEBUG org.asynchttpclient.netty.request.NettyRequestSender - Using pooled Channel '[id: 0x039f6b85, L:/127.0.0.1:58257 - R:localhost/127.0.0.1:6382]' for 'POST' to 'http://localhost:6382/session/7593461ff057e36e3bf35f9942cde28d/element/b3f9d6d5-68f8-4a56-b51a-2ff8c19b8763/clear'
10:46:40.496 [Forwarding clearElement on session 7593461ff057e36e3bf35f9942cde28d to remote] DEBUG org.asynchttpclient.netty.request.NettyRequestSender - Using open Channel [id: 0x039f6b85, L:/127.0.0.1:58257 - R:localhost/127.0.0.1:6382] for POST '/session/7593461ff057e36e3bf35f9942cde28d/element/b3f9d6d5-68f8-4a56-b51a-2ff8c19b8763/clear'
10:46:40.546 [AsyncHttpClient-1-1] DEBUG org.asynchttpclient.netty.channel.DefaultChannelPool - Entry count for : http://localhost:58259 : 1
10:46:40.570 [AsyncHttpClient-1-5] DEBUG org.asynchttpclient.netty.handler.HttpHandler - 

Request DefaultHttpRequest(decodeResult: success, version: HTTP/1.1)
POST /session/7593461ff057e36e3bf35f9942cde28d/element/b3f9d6d5-68f8-4a56-b51a-2ff8c19b8763/clear HTTP/1.1
User-Agent: selenium/4.8.1 (java windows)
Content-Length: 50
Content-Type: application/json; charset=utf-8
host: localhost:6382
accept: */*

Response DefaultHttpResponse(decodeResult: success, version: HTTP/1.1)
HTTP/1.1 200 OK
Content-Length: 14
Content-Type: application/json; charset=utf-8
cache-control: no-cache

10:46:40.570 [AsyncHttpClient-1-5] DEBUG org.asynchttpclient.netty.channel.ChannelManager - Adding key: http://localhost:6382 for channel [id: 0x039f6b85, L:/127.0.0.1:58257 - R:localhost/127.0.0.1:6382]
10:46:40.573 [Forwarding sendKeysToElement on session 7593461ff057e36e3bf35f9942cde28d to remote] DEBUG org.asynchttpclient.netty.request.NettyRequestSender - Using pooled Channel '[id: 0x039f6b85, L:/127.0.0.1:58257 - R:localhost/127.0.0.1:6382]' for 'POST' to 'http://localhost:6382/session/7593461ff057e36e3bf35f9942cde28d/element/b3f9d6d5-68f8-4a56-b51a-2ff8c19b8763/value'
10:46:40.573 [Forwarding sendKeysToElement on session 7593461ff057e36e3bf35f9942cde28d to remote] DEBUG org.asynchttpclient.netty.request.NettyRequestSender - Using open Channel [id: 0x039f6b85, L:/127.0.0.1:58257 - R:localhost/127.0.0.1:6382] for POST '/session/7593461ff057e36e3bf35f9942cde28d/element/b3f9d6d5-68f8-4a56-b51a-2ff8c19b8763/value'
10:46:40.743 [AsyncHttpClient-1-5] DEBUG org.asynchttpclient.netty.handler.HttpHandler - 

Request DefaultHttpRequest(decodeResult: success, version: HTTP/1.1)
POST /session/7593461ff057e36e3bf35f9942cde28d/element/b3f9d6d5-68f8-4a56-b51a-2ff8c19b8763/value HTTP/1.1
User-Agent: selenium/4.8.1 (java windows)
Content-Length: 221
Content-Type: application/json; charset=utf-8
host: localhost:6382
accept: */*

Response DefaultHttpResponse(decodeResult: success, version: HTTP/1.1)
HTTP/1.1 200 OK
Content-Length: 14
Content-Type: application/json; charset=utf-8
cache-control: no-cache

10:46:40.743 [AsyncHttpClient-1-5] DEBUG org.asynchttpclient.netty.channel.ChannelManager - Adding key: http://localhost:6382 for channel [id: 0x039f6b85, L:/127.0.0.1:58257 - R:localhost/127.0.0.1:6382]
10:46:40.750 [Forwarding getAlertText on session 7593461ff057e36e3bf35f9942cde28d to remote] DEBUG org.asynchttpclient.netty.request.NettyRequestSender - Using pooled Channel '[id: 0x039f6b85, L:/127.0.0.1:58257 - R:localhost/127.0.0.1:6382]' for 'GET' to 'http://localhost:6382/session/7593461ff057e36e3bf35f9942cde28d/alert/text'
10:46:40.750 [Forwarding getAlertText on session 7593461ff057e36e3bf35f9942cde28d to remote] DEBUG org.asynchttpclient.netty.request.NettyRequestSender - Using open Channel [id: 0x039f6b85, L:/127.0.0.1:58257 - R:localhost/127.0.0.1:6382] for GET '/session/7593461ff057e36e3bf35f9942cde28d/alert/text'
10:46:40.752 [AsyncHttpClient-1-5] DEBUG org.asynchttpclient.netty.handler.HttpHandler - 

Request DefaultFullHttpRequest(decodeResult: success, version: HTTP/1.1, content: EmptyByteBufBE)
GET /session/7593461ff057e36e3bf35f9942cde28d/alert/text HTTP/1.1
User-Agent: selenium/4.8.1 (java windows)
Cache-Control: no-cache
Content-Type: application/json; charset=utf-8
host: localhost:6382
accept: */*

Response DefaultHttpResponse(decodeResult: success, version: HTTP/1.1)
HTTP/1.1 404 Not Found
Content-Length: 848
Content-Type: application/json; charset=utf-8
cache-control: no-cache

10:46:40.752 [AsyncHttpClient-1-5] DEBUG org.asynchttpclient.netty.channel.ChannelManager - Adding key: http://localhost:6382 for channel [id: 0x039f6b85, L:/127.0.0.1:58257 - R:localhost/127.0.0.1:6382]
10:46:40.753 [Forwarding getCurrentUrl on session 7593461ff057e36e3bf35f9942cde28d to remote] DEBUG org.asynchttpclient.netty.request.NettyRequestSender - Using pooled Channel '[id: 0x039f6b85, L:/127.0.0.1:58257 - R:localhost/127.0.0.1:6382]' for 'GET' to 'http://localhost:6382/session/7593461ff057e36e3bf35f9942cde28d/url'
10:46:40.753 [Forwarding getCurrentUrl on session 7593461ff057e36e3bf35f9942cde28d to remote] DEBUG org.asynchttpclient.netty.request.NettyRequestSender - Using open Channel [id: 0x039f6b85, L:/127.0.0.1:58257 - R:localhost/127.0.0.1:6382] for GET '/session/7593461ff057e36e3bf35f9942cde28d/url'
10:46:40.757 [AsyncHttpClient-1-5] DEBUG org.asynchttpclient.netty.handler.HttpHandler - 

Request DefaultFullHttpRequest(decodeResult: success, version: HTTP/1.1, content: EmptyByteBufBE)
GET /session/7593461ff057e36e3bf35f9942cde28d/url HTTP/1.1
User-Agent: selenium/4.8.1 (java windows)
Cache-Control: no-cache
Content-Type: application/json; charset=utf-8
host: localhost:6382
accept: */*

Response DefaultHttpResponse(decodeResult: success, version: HTTP/1.1)
HTTP/1.1 200 OK
Content-Length: 54
Content-Type: application/json; charset=utf-8
cache-control: no-cache

10:46:40.757 [AsyncHttpClient-1-5] DEBUG org.asynchttpclient.netty.channel.ChannelManager - Adding key: http://localhost:6382 for channel [id: 0x039f6b85, L:/127.0.0.1:58257 - R:localhost/127.0.0.1:6382]
10:46:40.759 [Forwarding screenshot on session 7593461ff057e36e3bf35f9942cde28d to remote] DEBUG org.asynchttpclient.netty.request.NettyRequestSender - Using pooled Channel '[id: 0x039f6b85, L:/127.0.0.1:58257 - R:localhost/127.0.0.1:6382]' for 'GET' to 'http://localhost:6382/session/7593461ff057e36e3bf35f9942cde28d/screenshot'
10:46:40.759 [Forwarding screenshot on session 7593461ff057e36e3bf35f9942cde28d to remote] DEBUG org.asynchttpclient.netty.request.NettyRequestSender - Using open Channel [id: 0x039f6b85, L:/127.0.0.1:58257 - R:localhost/127.0.0.1:6382] for GET '/session/7593461ff057e36e3bf35f9942cde28d/screenshot'
10:46:40.946 [AsyncHttpClient-1-5] DEBUG org.asynchttpclient.netty.handler.HttpHandler - 

Request DefaultFullHttpRequest(decodeResult: success, version: HTTP/1.1, content: EmptyByteBufBE)
GET /session/7593461ff057e36e3bf35f9942cde28d/screenshot HTTP/1.1
User-Agent: selenium/4.8.1 (java windows)
Cache-Control: no-cache
Content-Type: application/json; charset=utf-8
host: localhost:6382
accept: */*

Response DefaultHttpResponse(decodeResult: success, version: HTTP/1.1)
HTTP/1.1 200 OK
Content-Length: 32180
Content-Type: application/json; charset=utf-8
cache-control: no-cache

10:46:40.946 [AsyncHttpClient-1-5] DEBUG org.asynchttpclient.netty.channel.ChannelManager - Adding key: http://localhost:6382 for channel [id: 0x039f6b85, L:/127.0.0.1:58257 - R:localhost/127.0.0.1:6382]
10:46:40.949 [main] DEBUG net.serenitybdd.core.photography.Darkroom - Send negative for processing for target\site\serenity\c503f8cba235541091ebe4cd1153ebc623ba33e59c48df3dacd146a16285e8a0.png
10:46:40.949 [main] DEBUG net.thucydides.core.steps.StepInterceptor - STEP DONE: inputFullName
10:46:40.949 [Darkroom Processing Line] DEBUG net.serenitybdd.core.photography.DarkroomProcessingLine - Processing screenshot image in /var/screenshots/screenshot-3013835207326663594
10:46:40.949 [Darkroom Processing Line] DEBUG net.serenitybdd.core.photography.DarkroomProcessingLine - Saving screenshot to target\site\serenity\c503f8cba235541091ebe4cd1153ebc623ba33e59c48df3dacd146a16285e8a0.png
10:46:40.961 [Forwarding getPageSource on session 7593461ff057e36e3bf35f9942cde28d to remote] DEBUG org.asynchttpclient.netty.request.NettyRequestSender - Using pooled Channel '[id: 0x039f6b85, L:/127.0.0.1:58257 - R:localhost/127.0.0.1:6382]' for 'POST' to 'http://localhost:6382/session/7593461ff057e36e3bf35f9942cde28d/execute/sync'
10:46:40.961 [Forwarding getPageSource on session 7593461ff057e36e3bf35f9942cde28d to remote] DEBUG org.asynchttpclient.netty.request.NettyRequestSender - Using open Channel [id: 0x039f6b85, L:/127.0.0.1:58257 - R:localhost/127.0.0.1:6382] for POST '/session/7593461ff057e36e3bf35f9942cde28d/execute/sync'
10:46:40.968 [AsyncHttpClient-1-5] DEBUG org.asynchttpclient.netty.handler.HttpHandler - 

Request DefaultHttpRequest(decodeResult: success, version: HTTP/1.1)
POST /session/7593461ff057e36e3bf35f9942cde28d/execute/sync HTTP/1.1
User-Agent: selenium/4.8.1 (java windows)
Content-Length: 176
Content-Type: application/json; charset=utf-8
host: localhost:6382
accept: */*

Response DefaultHttpResponse(decodeResult: success, version: HTTP/1.1)
HTTP/1.1 200 OK
Content-Length: 22355
Content-Type: application/json; charset=utf-8
cache-control: no-cache

10:46:40.968 [AsyncHttpClient-1-5] DEBUG org.asynchttpclient.netty.channel.ChannelManager - Adding key: http://localhost:6382 for channel [id: 0x039f6b85, L:/127.0.0.1:58257 - R:localhost/127.0.0.1:6382]
10:46:40.971 [Forwarding getCurrentUrl on session 7593461ff057e36e3bf35f9942cde28d to remote] DEBUG org.asynchttpclient.netty.request.NettyRequestSender - Using pooled Channel '[id: 0x039f6b85, L:/127.0.0.1:58257 - R:localhost/127.0.0.1:6382]' for 'GET' to 'http://localhost:6382/session/7593461ff057e36e3bf35f9942cde28d/url'
10:46:40.971 [Forwarding getCurrentUrl on session 7593461ff057e36e3bf35f9942cde28d to remote] DEBUG org.asynchttpclient.netty.request.NettyRequestSender - Using open Channel [id: 0x039f6b85, L:/127.0.0.1:58257 - R:localhost/127.0.0.1:6382] for GET '/session/7593461ff057e36e3bf35f9942cde28d/url'
10:46:40.977 [AsyncHttpClient-1-5] DEBUG org.asynchttpclient.netty.handler.HttpHandler - 

Request DefaultFullHttpRequest(decodeResult: success, version: HTTP/1.1, content: EmptyByteBufBE)
GET /session/7593461ff057e36e3bf35f9942cde28d/url HTTP/1.1
User-Agent: selenium/4.8.1 (java windows)
Cache-Control: no-cache
Content-Type: application/json; charset=utf-8
host: localhost:6382
accept: */*

Response DefaultHttpResponse(decodeResult: success, version: HTTP/1.1)
HTTP/1.1 200 OK
Content-Length: 54
Content-Type: application/json; charset=utf-8
cache-control: no-cache

10:46:40.977 [AsyncHttpClient-1-5] DEBUG org.asynchttpclient.netty.channel.ChannelManager - Adding key: http://localhost:6382 for channel [id: 0x039f6b85, L:/127.0.0.1:58257 - R:localhost/127.0.0.1:6382]
10:46:40.979 [main] DEBUG net.thucydides.core.steps.StepInterceptor - STARTING STEP: IntegrationSteps.register - inputEmail
10:46:40.982 [Forwarding findElement on session 7593461ff057e36e3bf35f9942cde28d to remote] DEBUG org.asynchttpclient.netty.request.NettyRequestSender - Using pooled Channel '[id: 0x039f6b85, L:/127.0.0.1:58257 - R:localhost/127.0.0.1:6382]' for 'POST' to 'http://localhost:6382/session/7593461ff057e36e3bf35f9942cde28d/element'
10:46:40.982 [Forwarding findElement on session 7593461ff057e36e3bf35f9942cde28d to remote] DEBUG org.asynchttpclient.netty.request.NettyRequestSender - Using open Channel [id: 0x039f6b85, L:/127.0.0.1:58257 - R:localhost/127.0.0.1:6382] for POST '/session/7593461ff057e36e3bf35f9942cde28d/element'
10:46:40.997 [AsyncHttpClient-1-5] DEBUG org.asynchttpclient.netty.handler.HttpHandler - 

Request DefaultHttpRequest(decodeResult: success, version: HTTP/1.1)
POST /session/7593461ff057e36e3bf35f9942cde28d/element HTTP/1.1
User-Agent: selenium/4.8.1 (java windows)
Content-Length: 55
Content-Type: application/json; charset=utf-8
host: localhost:6382
accept: */*

Response DefaultHttpResponse(decodeResult: success, version: HTTP/1.1)
HTTP/1.1 200 OK
Content-Length: 88
Content-Type: application/json; charset=utf-8
cache-control: no-cache

10:46:40.997 [AsyncHttpClient-1-5] DEBUG org.asynchttpclient.netty.channel.ChannelManager - Adding key: http://localhost:6382 for channel [id: 0x039f6b85, L:/127.0.0.1:58257 - R:localhost/127.0.0.1:6382]
10:46:40.999 [Forwarding clearElement on session 7593461ff057e36e3bf35f9942cde28d to remote] DEBUG org.asynchttpclient.netty.request.NettyRequestSender - Using pooled Channel '[id: 0x039f6b85, L:/127.0.0.1:58257 - R:localhost/127.0.0.1:6382]' for 'POST' to 'http://localhost:6382/session/7593461ff057e36e3bf35f9942cde28d/element/2a7a3789-83a4-472c-a022-2506f952aba6/clear'
10:46:40.999 [Forwarding clearElement on session 7593461ff057e36e3bf35f9942cde28d to remote] DEBUG org.asynchttpclient.netty.request.NettyRequestSender - Using open Channel [id: 0x039f6b85, L:/127.0.0.1:58257 - R:localhost/127.0.0.1:6382] for POST '/session/7593461ff057e36e3bf35f9942cde28d/element/2a7a3789-83a4-472c-a022-2506f952aba6/clear'
10:46:41.034 [AsyncHttpClient-1-5] DEBUG org.asynchttpclient.netty.handler.HttpHandler - 

Request DefaultHttpRequest(decodeResult: success, version: HTTP/1.1)
POST /session/7593461ff057e36e3bf35f9942cde28d/element/2a7a3789-83a4-472c-a022-2506f952aba6/clear HTTP/1.1
User-Agent: selenium/4.8.1 (java windows)
Content-Length: 50
Content-Type: application/json; charset=utf-8
host: localhost:6382
accept: */*

Response DefaultHttpResponse(decodeResult: success, version: HTTP/1.1)
HTTP/1.1 200 OK
Content-Length: 14
Content-Type: application/json; charset=utf-8
cache-control: no-cache

10:46:41.035 [AsyncHttpClient-1-5] DEBUG org.asynchttpclient.netty.channel.ChannelManager - Adding key: http://localhost:6382 for channel [id: 0x039f6b85, L:/127.0.0.1:58257 - R:localhost/127.0.0.1:6382]
10:46:41.037 [Forwarding sendKeysToElement on session 7593461ff057e36e3bf35f9942cde28d to remote] DEBUG org.asynchttpclient.netty.request.NettyRequestSender - Using pooled Channel '[id: 0x039f6b85, L:/127.0.0.1:58257 - R:localhost/127.0.0.1:6382]' for 'POST' to 'http://localhost:6382/session/7593461ff057e36e3bf35f9942cde28d/element/2a7a3789-83a4-472c-a022-2506f952aba6/value'
10:46:41.037 [Forwarding sendKeysToElement on session 7593461ff057e36e3bf35f9942cde28d to remote] DEBUG org.asynchttpclient.netty.request.NettyRequestSender - Using open Channel [id: 0x039f6b85, L:/127.0.0.1:58257 - R:localhost/127.0.0.1:6382] for POST '/session/7593461ff057e36e3bf35f9942cde28d/element/2a7a3789-83a4-472c-a022-2506f952aba6/value'
10:46:41.161 [AsyncHttpClient-1-5] DEBUG org.asynchttpclient.netty.handler.HttpHandler - 

Request DefaultHttpRequest(decodeResult: success, version: HTTP/1.1)
POST /session/7593461ff057e36e3bf35f9942cde28d/element/2a7a3789-83a4-472c-a022-2506f952aba6/value HTTP/1.1
User-Agent: selenium/4.8.1 (java windows)
Content-Length: 211
Content-Type: application/json; charset=utf-8
host: localhost:6382
accept: */*

Response DefaultHttpResponse(decodeResult: success, version: HTTP/1.1)
HTTP/1.1 200 OK
Content-Length: 14
Content-Type: application/json; charset=utf-8
cache-control: no-cache

10:46:41.161 [AsyncHttpClient-1-5] DEBUG org.asynchttpclient.netty.channel.ChannelManager - Adding key: http://localhost:6382 for channel [id: 0x039f6b85, L:/127.0.0.1:58257 - R:localhost/127.0.0.1:6382]
10:46:41.171 [Forwarding getAlertText on session 7593461ff057e36e3bf35f9942cde28d to remote] DEBUG org.asynchttpclient.netty.request.NettyRequestSender - Using pooled Channel '[id: 0x039f6b85, L:/127.0.0.1:58257 - R:localhost/127.0.0.1:6382]' for 'GET' to 'http://localhost:6382/session/7593461ff057e36e3bf35f9942cde28d/alert/text'
10:46:41.171 [Forwarding getAlertText on session 7593461ff057e36e3bf35f9942cde28d to remote] DEBUG org.asynchttpclient.netty.request.NettyRequestSender - Using open Channel [id: 0x039f6b85, L:/127.0.0.1:58257 - R:localhost/127.0.0.1:6382] for GET '/session/7593461ff057e36e3bf35f9942cde28d/alert/text'
10:46:41.175 [AsyncHttpClient-1-5] DEBUG org.asynchttpclient.netty.handler.HttpHandler - 

Request DefaultFullHttpRequest(decodeResult: success, version: HTTP/1.1, content: EmptyByteBufBE)
GET /session/7593461ff057e36e3bf35f9942cde28d/alert/text HTTP/1.1
User-Agent: selenium/4.8.1 (java windows)
Cache-Control: no-cache
Content-Type: application/json; charset=utf-8
host: localhost:6382
accept: */*

Response DefaultHttpResponse(decodeResult: success, version: HTTP/1.1)
HTTP/1.1 404 Not Found
Content-Length: 848
Content-Type: application/json; charset=utf-8
cache-control: no-cache

10:46:41.175 [AsyncHttpClient-1-5] DEBUG org.asynchttpclient.netty.channel.ChannelManager - Adding key: http://localhost:6382 for channel [id: 0x039f6b85, L:/127.0.0.1:58257 - R:localhost/127.0.0.1:6382]
10:46:41.177 [Forwarding getCurrentUrl on session 7593461ff057e36e3bf35f9942cde28d to remote] DEBUG org.asynchttpclient.netty.request.NettyRequestSender - Using pooled Channel '[id: 0x039f6b85, L:/127.0.0.1:58257 - R:localhost/127.0.0.1:6382]' for 'GET' to 'http://localhost:6382/session/7593461ff057e36e3bf35f9942cde28d/url'
10:46:41.177 [Forwarding getCurrentUrl on session 7593461ff057e36e3bf35f9942cde28d to remote] DEBUG org.asynchttpclient.netty.request.NettyRequestSender - Using open Channel [id: 0x039f6b85, L:/127.0.0.1:58257 - R:localhost/127.0.0.1:6382] for GET '/session/7593461ff057e36e3bf35f9942cde28d/url'
10:46:41.182 [AsyncHttpClient-1-5] DEBUG org.asynchttpclient.netty.handler.HttpHandler - 

Request DefaultFullHttpRequest(decodeResult: success, version: HTTP/1.1, content: EmptyByteBufBE)
GET /session/7593461ff057e36e3bf35f9942cde28d/url HTTP/1.1
User-Agent: selenium/4.8.1 (java windows)
Cache-Control: no-cache
Content-Type: application/json; charset=utf-8
host: localhost:6382
accept: */*

Response DefaultHttpResponse(decodeResult: success, version: HTTP/1.1)
HTTP/1.1 200 OK
Content-Length: 54
Content-Type: application/json; charset=utf-8
cache-control: no-cache

10:46:41.182 [AsyncHttpClient-1-5] DEBUG org.asynchttpclient.netty.channel.ChannelManager - Adding key: http://localhost:6382 for channel [id: 0x039f6b85, L:/127.0.0.1:58257 - R:localhost/127.0.0.1:6382]
10:46:41.183 [Forwarding screenshot on session 7593461ff057e36e3bf35f9942cde28d to remote] DEBUG org.asynchttpclient.netty.request.NettyRequestSender - Using pooled Channel '[id: 0x039f6b85, L:/127.0.0.1:58257 - R:localhost/127.0.0.1:6382]' for 'GET' to 'http://localhost:6382/session/7593461ff057e36e3bf35f9942cde28d/screenshot'
10:46:41.183 [Forwarding screenshot on session 7593461ff057e36e3bf35f9942cde28d to remote] DEBUG org.asynchttpclient.netty.request.NettyRequestSender - Using open Channel [id: 0x039f6b85, L:/127.0.0.1:58257 - R:localhost/127.0.0.1:6382] for GET '/session/7593461ff057e36e3bf35f9942cde28d/screenshot'
10:46:41.356 [AsyncHttpClient-1-5] DEBUG org.asynchttpclient.netty.handler.HttpHandler - 

Request DefaultFullHttpRequest(decodeResult: success, version: HTTP/1.1, content: EmptyByteBufBE)
GET /session/7593461ff057e36e3bf35f9942cde28d/screenshot HTTP/1.1
User-Agent: selenium/4.8.1 (java windows)
Cache-Control: no-cache
Content-Type: application/json; charset=utf-8
host: localhost:6382
accept: */*

Response DefaultHttpResponse(decodeResult: success, version: HTTP/1.1)
HTTP/1.1 200 OK
Content-Length: 34464
Content-Type: application/json; charset=utf-8
cache-control: no-cache

10:46:41.356 [AsyncHttpClient-1-5] DEBUG org.asynchttpclient.netty.channel.ChannelManager - Adding key: http://localhost:6382 for channel [id: 0x039f6b85, L:/127.0.0.1:58257 - R:localhost/127.0.0.1:6382]
10:46:41.358 [main] DEBUG net.serenitybdd.core.photography.Darkroom - Send negative for processing for target\site\serenity\8198d0454f0c18f026ae424e73511fe53482b2af991b221f9c2603a581e79e30.png
10:46:41.359 [main] DEBUG net.thucydides.core.steps.StepInterceptor - STEP DONE: inputEmail
10:46:41.359 [Darkroom Processing Line] DEBUG net.serenitybdd.core.photography.DarkroomProcessingLine - Processing screenshot image in /var/screenshots/screenshot-7139082239958621958
10:46:41.359 [Darkroom Processing Line] DEBUG net.serenitybdd.core.photography.DarkroomProcessingLine - Saving screenshot to target\site\serenity\8198d0454f0c18f026ae424e73511fe53482b2af991b221f9c2603a581e79e30.png
10:46:41.374 [Forwarding getPageSource on session 7593461ff057e36e3bf35f9942cde28d to remote] DEBUG org.asynchttpclient.netty.request.NettyRequestSender - Using pooled Channel '[id: 0x039f6b85, L:/127.0.0.1:58257 - R:localhost/127.0.0.1:6382]' for 'POST' to 'http://localhost:6382/session/7593461ff057e36e3bf35f9942cde28d/execute/sync'
10:46:41.375 [Forwarding getPageSource on session 7593461ff057e36e3bf35f9942cde28d to remote] DEBUG org.asynchttpclient.netty.request.NettyRequestSender - Using open Channel [id: 0x039f6b85, L:/127.0.0.1:58257 - R:localhost/127.0.0.1:6382] for POST '/session/7593461ff057e36e3bf35f9942cde28d/execute/sync'
10:46:41.383 [AsyncHttpClient-1-5] DEBUG org.asynchttpclient.netty.handler.HttpHandler - 

Request DefaultHttpRequest(decodeResult: success, version: HTTP/1.1)
POST /session/7593461ff057e36e3bf35f9942cde28d/execute/sync HTTP/1.1
User-Agent: selenium/4.8.1 (java windows)
Content-Length: 176
Content-Type: application/json; charset=utf-8
host: localhost:6382
accept: */*

Response DefaultHttpResponse(decodeResult: success, version: HTTP/1.1)
HTTP/1.1 200 OK
Content-Length: 22414
Content-Type: application/json; charset=utf-8
cache-control: no-cache

10:46:41.383 [AsyncHttpClient-1-5] DEBUG org.asynchttpclient.netty.channel.ChannelManager - Adding key: http://localhost:6382 for channel [id: 0x039f6b85, L:/127.0.0.1:58257 - R:localhost/127.0.0.1:6382]
10:46:41.386 [Forwarding getCurrentUrl on session 7593461ff057e36e3bf35f9942cde28d to remote] DEBUG org.asynchttpclient.netty.request.NettyRequestSender - Using pooled Channel '[id: 0x039f6b85, L:/127.0.0.1:58257 - R:localhost/127.0.0.1:6382]' for 'GET' to 'http://localhost:6382/session/7593461ff057e36e3bf35f9942cde28d/url'
10:46:41.386 [Forwarding getCurrentUrl on session 7593461ff057e36e3bf35f9942cde28d to remote] DEBUG org.asynchttpclient.netty.request.NettyRequestSender - Using open Channel [id: 0x039f6b85, L:/127.0.0.1:58257 - R:localhost/127.0.0.1:6382] for GET '/session/7593461ff057e36e3bf35f9942cde28d/url'
10:46:41.394 [AsyncHttpClient-1-5] DEBUG org.asynchttpclient.netty.handler.HttpHandler - 

Request DefaultFullHttpRequest(decodeResult: success, version: HTTP/1.1, content: EmptyByteBufBE)
GET /session/7593461ff057e36e3bf35f9942cde28d/url HTTP/1.1
User-Agent: selenium/4.8.1 (java windows)
Cache-Control: no-cache
Content-Type: application/json; charset=utf-8
host: localhost:6382
accept: */*

Response DefaultHttpResponse(decodeResult: success, version: HTTP/1.1)
HTTP/1.1 200 OK
Content-Length: 54
Content-Type: application/json; charset=utf-8
cache-control: no-cache

10:46:41.394 [AsyncHttpClient-1-5] DEBUG org.asynchttpclient.netty.channel.ChannelManager - Adding key: http://localhost:6382 for channel [id: 0x039f6b85, L:/127.0.0.1:58257 - R:localhost/127.0.0.1:6382]
10:46:41.396 [main] DEBUG net.thucydides.core.steps.StepInterceptor - STARTING STEP: IntegrationSteps.register - inputPassword
10:46:41.399 [Forwarding findElement on session 7593461ff057e36e3bf35f9942cde28d to remote] DEBUG org.asynchttpclient.netty.request.NettyRequestSender - Using pooled Channel '[id: 0x039f6b85, L:/127.0.0.1:58257 - R:localhost/127.0.0.1:6382]' for 'POST' to 'http://localhost:6382/session/7593461ff057e36e3bf35f9942cde28d/element'
10:46:41.399 [Forwarding findElement on session 7593461ff057e36e3bf35f9942cde28d to remote] DEBUG org.asynchttpclient.netty.request.NettyRequestSender - Using open Channel [id: 0x039f6b85, L:/127.0.0.1:58257 - R:localhost/127.0.0.1:6382] for POST '/session/7593461ff057e36e3bf35f9942cde28d/element'
10:46:41.412 [AsyncHttpClient-1-5] DEBUG org.asynchttpclient.netty.handler.HttpHandler - 

Request DefaultHttpRequest(decodeResult: success, version: HTTP/1.1)
POST /session/7593461ff057e36e3bf35f9942cde28d/element HTTP/1.1
User-Agent: selenium/4.8.1 (java windows)
Content-Length: 55
Content-Type: application/json; charset=utf-8
host: localhost:6382
accept: */*

Response DefaultHttpResponse(decodeResult: success, version: HTTP/1.1)
HTTP/1.1 200 OK
Content-Length: 88
Content-Type: application/json; charset=utf-8
cache-control: no-cache

10:46:41.412 [AsyncHttpClient-1-5] DEBUG org.asynchttpclient.netty.channel.ChannelManager - Adding key: http://localhost:6382 for channel [id: 0x039f6b85, L:/127.0.0.1:58257 - R:localhost/127.0.0.1:6382]
10:46:41.413 [Forwarding clearElement on session 7593461ff057e36e3bf35f9942cde28d to remote] DEBUG org.asynchttpclient.netty.request.NettyRequestSender - Using pooled Channel '[id: 0x039f6b85, L:/127.0.0.1:58257 - R:localhost/127.0.0.1:6382]' for 'POST' to 'http://localhost:6382/session/7593461ff057e36e3bf35f9942cde28d/element/7c7db82e-8547-4a2b-8fa0-56b9d5ce150b/clear'
10:46:41.413 [Forwarding clearElement on session 7593461ff057e36e3bf35f9942cde28d to remote] DEBUG org.asynchttpclient.netty.request.NettyRequestSender - Using open Channel [id: 0x039f6b85, L:/127.0.0.1:58257 - R:localhost/127.0.0.1:6382] for POST '/session/7593461ff057e36e3bf35f9942cde28d/element/7c7db82e-8547-4a2b-8fa0-56b9d5ce150b/clear'
10:46:41.454 [AsyncHttpClient-1-5] DEBUG org.asynchttpclient.netty.handler.HttpHandler - 

Request DefaultHttpRequest(decodeResult: success, version: HTTP/1.1)
POST /session/7593461ff057e36e3bf35f9942cde28d/element/7c7db82e-8547-4a2b-8fa0-56b9d5ce150b/clear HTTP/1.1
User-Agent: selenium/4.8.1 (java windows)
Content-Length: 50
Content-Type: application/json; charset=utf-8
host: localhost:6382
accept: */*

Response DefaultHttpResponse(decodeResult: success, version: HTTP/1.1)
HTTP/1.1 200 OK
Content-Length: 14
Content-Type: application/json; charset=utf-8
cache-control: no-cache

10:46:41.454 [AsyncHttpClient-1-5] DEBUG org.asynchttpclient.netty.channel.ChannelManager - Adding key: http://localhost:6382 for channel [id: 0x039f6b85, L:/127.0.0.1:58257 - R:localhost/127.0.0.1:6382]
10:46:41.459 [Forwarding sendKeysToElement on session 7593461ff057e36e3bf35f9942cde28d to remote] DEBUG org.asynchttpclient.netty.request.NettyRequestSender - Using pooled Channel '[id: 0x039f6b85, L:/127.0.0.1:58257 - R:localhost/127.0.0.1:6382]' for 'POST' to 'http://localhost:6382/session/7593461ff057e36e3bf35f9942cde28d/element/7c7db82e-8547-4a2b-8fa0-56b9d5ce150b/value'
10:46:41.459 [Forwarding sendKeysToElement on session 7593461ff057e36e3bf35f9942cde28d to remote] DEBUG org.asynchttpclient.netty.request.NettyRequestSender - Using open Channel [id: 0x039f6b85, L:/127.0.0.1:58257 - R:localhost/127.0.0.1:6382] for POST '/session/7593461ff057e36e3bf35f9942cde28d/element/7c7db82e-8547-4a2b-8fa0-56b9d5ce150b/value'
10:46:41.542 [AsyncHttpClient-1-5] DEBUG org.asynchttpclient.netty.handler.HttpHandler - 

Request DefaultHttpRequest(decodeResult: success, version: HTTP/1.1)
POST /session/7593461ff057e36e3bf35f9942cde28d/element/7c7db82e-8547-4a2b-8fa0-56b9d5ce150b/value HTTP/1.1
User-Agent: selenium/4.8.1 (java windows)
Content-Length: 141
Content-Type: application/json; charset=utf-8
host: localhost:6382
accept: */*

Response DefaultHttpResponse(decodeResult: success, version: HTTP/1.1)
HTTP/1.1 200 OK
Content-Length: 14
Content-Type: application/json; charset=utf-8
cache-control: no-cache

10:46:41.543 [AsyncHttpClient-1-5] DEBUG org.asynchttpclient.netty.channel.ChannelManager - Adding key: http://localhost:6382 for channel [id: 0x039f6b85, L:/127.0.0.1:58257 - R:localhost/127.0.0.1:6382]
10:46:41.550 [Forwarding getAlertText on session 7593461ff057e36e3bf35f9942cde28d to remote] DEBUG org.asynchttpclient.netty.request.NettyRequestSender - Using pooled Channel '[id: 0x039f6b85, L:/127.0.0.1:58257 - R:localhost/127.0.0.1:6382]' for 'GET' to 'http://localhost:6382/session/7593461ff057e36e3bf35f9942cde28d/alert/text'
10:46:41.550 [Forwarding getAlertText on session 7593461ff057e36e3bf35f9942cde28d to remote] DEBUG org.asynchttpclient.netty.request.NettyRequestSender - Using open Channel [id: 0x039f6b85, L:/127.0.0.1:58257 - R:localhost/127.0.0.1:6382] for GET '/session/7593461ff057e36e3bf35f9942cde28d/alert/text'
10:46:41.552 [AsyncHttpClient-1-5] DEBUG org.asynchttpclient.netty.handler.HttpHandler - 

Request DefaultFullHttpRequest(decodeResult: success, version: HTTP/1.1, content: EmptyByteBufBE)
GET /session/7593461ff057e36e3bf35f9942cde28d/alert/text HTTP/1.1
User-Agent: selenium/4.8.1 (java windows)
Cache-Control: no-cache
Content-Type: application/json; charset=utf-8
host: localhost:6382
accept: */*

Response DefaultHttpResponse(decodeResult: success, version: HTTP/1.1)
HTTP/1.1 404 Not Found
Content-Length: 848
Content-Type: application/json; charset=utf-8
cache-control: no-cache

10:46:41.552 [AsyncHttpClient-1-5] DEBUG org.asynchttpclient.netty.channel.ChannelManager - Adding key: http://localhost:6382 for channel [id: 0x039f6b85, L:/127.0.0.1:58257 - R:localhost/127.0.0.1:6382]
10:46:41.553 [Forwarding getCurrentUrl on session 7593461ff057e36e3bf35f9942cde28d to remote] DEBUG org.asynchttpclient.netty.request.NettyRequestSender - Using pooled Channel '[id: 0x039f6b85, L:/127.0.0.1:58257 - R:localhost/127.0.0.1:6382]' for 'GET' to 'http://localhost:6382/session/7593461ff057e36e3bf35f9942cde28d/url'
10:46:41.553 [Forwarding getCurrentUrl on session 7593461ff057e36e3bf35f9942cde28d to remote] DEBUG org.asynchttpclient.netty.request.NettyRequestSender - Using open Channel [id: 0x039f6b85, L:/127.0.0.1:58257 - R:localhost/127.0.0.1:6382] for GET '/session/7593461ff057e36e3bf35f9942cde28d/url'
10:46:41.559 [AsyncHttpClient-1-5] DEBUG org.asynchttpclient.netty.handler.HttpHandler - 

Request DefaultFullHttpRequest(decodeResult: success, version: HTTP/1.1, content: EmptyByteBufBE)
GET /session/7593461ff057e36e3bf35f9942cde28d/url HTTP/1.1
User-Agent: selenium/4.8.1 (java windows)
Cache-Control: no-cache
Content-Type: application/json; charset=utf-8
host: localhost:6382
accept: */*

Response DefaultHttpResponse(decodeResult: success, version: HTTP/1.1)
HTTP/1.1 200 OK
Content-Length: 54
Content-Type: application/json; charset=utf-8
cache-control: no-cache

10:46:41.559 [AsyncHttpClient-1-5] DEBUG org.asynchttpclient.netty.channel.ChannelManager - Adding key: http://localhost:6382 for channel [id: 0x039f6b85, L:/127.0.0.1:58257 - R:localhost/127.0.0.1:6382]
10:46:41.560 [Forwarding screenshot on session 7593461ff057e36e3bf35f9942cde28d to remote] DEBUG org.asynchttpclient.netty.request.NettyRequestSender - Using pooled Channel '[id: 0x039f6b85, L:/127.0.0.1:58257 - R:localhost/127.0.0.1:6382]' for 'GET' to 'http://localhost:6382/session/7593461ff057e36e3bf35f9942cde28d/screenshot'
10:46:41.560 [Forwarding screenshot on session 7593461ff057e36e3bf35f9942cde28d to remote] DEBUG org.asynchttpclient.netty.request.NettyRequestSender - Using open Channel [id: 0x039f6b85, L:/127.0.0.1:58257 - R:localhost/127.0.0.1:6382] for GET '/session/7593461ff057e36e3bf35f9942cde28d/screenshot'
10:46:41.645 [AsyncHttpClient-1-1] DEBUG org.asynchttpclient.netty.channel.DefaultChannelPool - Entry count for : http://localhost:58259 : 1
10:46:41.739 [AsyncHttpClient-1-5] DEBUG org.asynchttpclient.netty.handler.HttpHandler - 

Request DefaultFullHttpRequest(decodeResult: success, version: HTTP/1.1, content: EmptyByteBufBE)
GET /session/7593461ff057e36e3bf35f9942cde28d/screenshot HTTP/1.1
User-Agent: selenium/4.8.1 (java windows)
Cache-Control: no-cache
Content-Type: application/json; charset=utf-8
host: localhost:6382
accept: */*

Response DefaultHttpResponse(decodeResult: success, version: HTTP/1.1)
HTTP/1.1 200 OK
Content-Length: 34876
Content-Type: application/json; charset=utf-8
cache-control: no-cache

10:46:41.740 [AsyncHttpClient-1-5] DEBUG org.asynchttpclient.netty.channel.ChannelManager - Adding key: http://localhost:6382 for channel [id: 0x039f6b85, L:/127.0.0.1:58257 - R:localhost/127.0.0.1:6382]
10:46:41.743 [main] DEBUG net.serenitybdd.core.photography.Darkroom - Send negative for processing for target\site\serenity\1b388e1a7f8eda41d9f198ca6e33d5b16b727352403672639697489ad71a933a.png
10:46:41.743 [main] DEBUG net.thucydides.core.steps.StepInterceptor - STEP DONE: inputPassword
10:46:41.743 [Darkroom Processing Line] DEBUG net.serenitybdd.core.photography.DarkroomProcessingLine - Processing screenshot image in /var/screenshots/screenshot-2587180511502769902
10:46:41.743 [Darkroom Processing Line] DEBUG net.serenitybdd.core.photography.DarkroomProcessingLine - Saving screenshot to target\site\serenity\1b388e1a7f8eda41d9f198ca6e33d5b16b727352403672639697489ad71a933a.png
10:46:41.750 [Forwarding getPageSource on session 7593461ff057e36e3bf35f9942cde28d to remote] DEBUG org.asynchttpclient.netty.request.NettyRequestSender - Using pooled Channel '[id: 0x039f6b85, L:/127.0.0.1:58257 - R:localhost/127.0.0.1:6382]' for 'POST' to 'http://localhost:6382/session/7593461ff057e36e3bf35f9942cde28d/execute/sync'
10:46:41.750 [Forwarding getPageSource on session 7593461ff057e36e3bf35f9942cde28d to remote] DEBUG org.asynchttpclient.netty.request.NettyRequestSender - Using open Channel [id: 0x039f6b85, L:/127.0.0.1:58257 - R:localhost/127.0.0.1:6382] for POST '/session/7593461ff057e36e3bf35f9942cde28d/execute/sync'
10:46:41.760 [AsyncHttpClient-1-5] DEBUG org.asynchttpclient.netty.handler.HttpHandler - 

Request DefaultHttpRequest(decodeResult: success, version: HTTP/1.1)
POST /session/7593461ff057e36e3bf35f9942cde28d/execute/sync HTTP/1.1
User-Agent: selenium/4.8.1 (java windows)
Content-Length: 176
Content-Type: application/json; charset=utf-8
host: localhost:6382
accept: */*

Response DefaultHttpResponse(decodeResult: success, version: HTTP/1.1)
HTTP/1.1 200 OK
Content-Length: 22473
Content-Type: application/json; charset=utf-8
cache-control: no-cache

10:46:41.760 [AsyncHttpClient-1-5] DEBUG org.asynchttpclient.netty.channel.ChannelManager - Adding key: http://localhost:6382 for channel [id: 0x039f6b85, L:/127.0.0.1:58257 - R:localhost/127.0.0.1:6382]
10:46:41.762 [Forwarding getCurrentUrl on session 7593461ff057e36e3bf35f9942cde28d to remote] DEBUG org.asynchttpclient.netty.request.NettyRequestSender - Using pooled Channel '[id: 0x039f6b85, L:/127.0.0.1:58257 - R:localhost/127.0.0.1:6382]' for 'GET' to 'http://localhost:6382/session/7593461ff057e36e3bf35f9942cde28d/url'
10:46:41.762 [Forwarding getCurrentUrl on session 7593461ff057e36e3bf35f9942cde28d to remote] DEBUG org.asynchttpclient.netty.request.NettyRequestSender - Using open Channel [id: 0x039f6b85, L:/127.0.0.1:58257 - R:localhost/127.0.0.1:6382] for GET '/session/7593461ff057e36e3bf35f9942cde28d/url'
10:46:41.766 [AsyncHttpClient-1-5] DEBUG org.asynchttpclient.netty.handler.HttpHandler - 

Request DefaultFullHttpRequest(decodeResult: success, version: HTTP/1.1, content: EmptyByteBufBE)
GET /session/7593461ff057e36e3bf35f9942cde28d/url HTTP/1.1
User-Agent: selenium/4.8.1 (java windows)
Cache-Control: no-cache
Content-Type: application/json; charset=utf-8
host: localhost:6382
accept: */*

Response DefaultHttpResponse(decodeResult: success, version: HTTP/1.1)
HTTP/1.1 200 OK
Content-Length: 54
Content-Type: application/json; charset=utf-8
cache-control: no-cache

10:46:41.767 [AsyncHttpClient-1-5] DEBUG org.asynchttpclient.netty.channel.ChannelManager - Adding key: http://localhost:6382 for channel [id: 0x039f6b85, L:/127.0.0.1:58257 - R:localhost/127.0.0.1:6382]
10:46:41.769 [main] DEBUG net.thucydides.core.steps.StepInterceptor - STARTING STEP: IntegrationSteps.register - clickRegisterButton
10:46:41.771 [Forwarding setTimeout on session 7593461ff057e36e3bf35f9942cde28d to remote] DEBUG org.asynchttpclient.netty.request.NettyRequestSender - Using pooled Channel '[id: 0x039f6b85, L:/127.0.0.1:58257 - R:localhost/127.0.0.1:6382]' for 'POST' to 'http://localhost:6382/session/7593461ff057e36e3bf35f9942cde28d/timeouts'
10:46:41.771 [Forwarding setTimeout on session 7593461ff057e36e3bf35f9942cde28d to remote] DEBUG org.asynchttpclient.netty.request.NettyRequestSender - Using open Channel [id: 0x039f6b85, L:/127.0.0.1:58257 - R:localhost/127.0.0.1:6382] for POST '/session/7593461ff057e36e3bf35f9942cde28d/timeouts'
10:46:41.774 [AsyncHttpClient-1-5] DEBUG org.asynchttpclient.netty.handler.HttpHandler - 

Request DefaultHttpRequest(decodeResult: success, version: HTTP/1.1)
POST /session/7593461ff057e36e3bf35f9942cde28d/timeouts HTTP/1.1
User-Agent: selenium/4.8.1 (java windows)
Content-Length: 19
Content-Type: application/json; charset=utf-8
host: localhost:6382
accept: */*

Response DefaultHttpResponse(decodeResult: success, version: HTTP/1.1)
HTTP/1.1 200 OK
Content-Length: 14
Content-Type: application/json; charset=utf-8
cache-control: no-cache

10:46:41.774 [AsyncHttpClient-1-5] DEBUG org.asynchttpclient.netty.channel.ChannelManager - Adding key: http://localhost:6382 for channel [id: 0x039f6b85, L:/127.0.0.1:58257 - R:localhost/127.0.0.1:6382]
10:46:41.778 [Forwarding findElements on session 7593461ff057e36e3bf35f9942cde28d to remote] DEBUG org.asynchttpclient.netty.request.NettyRequestSender - Using pooled Channel '[id: 0x039f6b85, L:/127.0.0.1:58257 - R:localhost/127.0.0.1:6382]' for 'POST' to 'http://localhost:6382/session/7593461ff057e36e3bf35f9942cde28d/elements'
10:46:41.778 [Forwarding findElements on session 7593461ff057e36e3bf35f9942cde28d to remote] DEBUG org.asynchttpclient.netty.request.NettyRequestSender - Using open Channel [id: 0x039f6b85, L:/127.0.0.1:58257 - R:localhost/127.0.0.1:6382] for POST '/session/7593461ff057e36e3bf35f9942cde28d/elements'
10:46:41.787 [AsyncHttpClient-1-5] DEBUG org.asynchttpclient.netty.handler.HttpHandler - 

Request DefaultHttpRequest(decodeResult: success, version: HTTP/1.1)
POST /session/7593461ff057e36e3bf35f9942cde28d/elements HTTP/1.1
User-Agent: selenium/4.8.1 (java windows)
Content-Length: 225
Content-Type: application/json; charset=utf-8
host: localhost:6382
accept: */*

Response DefaultHttpResponse(decodeResult: success, version: HTTP/1.1)
HTTP/1.1 200 OK
Content-Length: 90
Content-Type: application/json; charset=utf-8
cache-control: no-cache

10:46:41.787 [AsyncHttpClient-1-5] DEBUG org.asynchttpclient.netty.channel.ChannelManager - Adding key: http://localhost:6382 for channel [id: 0x039f6b85, L:/127.0.0.1:58257 - R:localhost/127.0.0.1:6382]
10:46:41.793 [Forwarding isElementDisplayed on session 7593461ff057e36e3bf35f9942cde28d to remote] DEBUG org.asynchttpclient.netty.request.NettyRequestSender - Using pooled Channel '[id: 0x039f6b85, L:/127.0.0.1:58257 - R:localhost/127.0.0.1:6382]' for 'POST' to 'http://localhost:6382/session/7593461ff057e36e3bf35f9942cde28d/execute/sync'
10:46:41.793 [Forwarding isElementDisplayed on session 7593461ff057e36e3bf35f9942cde28d to remote] DEBUG org.asynchttpclient.netty.request.NettyRequestSender - Using open Channel [id: 0x039f6b85, L:/127.0.0.1:58257 - R:localhost/127.0.0.1:6382] for POST '/session/7593461ff057e36e3bf35f9942cde28d/execute/sync'
10:46:41.804 [AsyncHttpClient-1-5] DEBUG org.asynchttpclient.netty.handler.HttpHandler - 

Request DefaultHttpRequest(decodeResult: success, version: HTTP/1.1)
POST /session/7593461ff057e36e3bf35f9942cde28d/execute/sync HTTP/1.1
User-Agent: selenium/4.8.1 (java windows)
Content-Length: 48807
Content-Type: application/json; charset=utf-8
host: localhost:6382
accept: */*

Response DefaultHttpResponse(decodeResult: success, version: HTTP/1.1)
HTTP/1.1 200 OK
Content-Length: 14
Content-Type: application/json; charset=utf-8
cache-control: no-cache

10:46:41.805 [AsyncHttpClient-1-5] DEBUG org.asynchttpclient.netty.channel.ChannelManager - Adding key: http://localhost:6382 for channel [id: 0x039f6b85, L:/127.0.0.1:58257 - R:localhost/127.0.0.1:6382]
10:46:41.810 [Forwarding findElements on session 7593461ff057e36e3bf35f9942cde28d to remote] DEBUG org.asynchttpclient.netty.request.NettyRequestSender - Using pooled Channel '[id: 0x039f6b85, L:/127.0.0.1:58257 - R:localhost/127.0.0.1:6382]' for 'POST' to 'http://localhost:6382/session/7593461ff057e36e3bf35f9942cde28d/elements'
10:46:41.810 [Forwarding findElements on session 7593461ff057e36e3bf35f9942cde28d to remote] DEBUG org.asynchttpclient.netty.request.NettyRequestSender - Using open Channel [id: 0x039f6b85, L:/127.0.0.1:58257 - R:localhost/127.0.0.1:6382] for POST '/session/7593461ff057e36e3bf35f9942cde28d/elements'
10:46:41.850 [AsyncHttpClient-1-5] DEBUG org.asynchttpclient.netty.handler.HttpHandler - 

Request DefaultHttpRequest(decodeResult: success, version: HTTP/1.1)
POST /session/7593461ff057e36e3bf35f9942cde28d/elements HTTP/1.1
User-Agent: selenium/4.8.1 (java windows)
Content-Length: 225
Content-Type: application/json; charset=utf-8
host: localhost:6382
accept: */*

Response DefaultHttpResponse(decodeResult: success, version: HTTP/1.1)
HTTP/1.1 200 OK
Content-Length: 90
Content-Type: application/json; charset=utf-8
cache-control: no-cache

10:46:41.851 [AsyncHttpClient-1-5] DEBUG org.asynchttpclient.netty.channel.ChannelManager - Adding key: http://localhost:6382 for channel [id: 0x039f6b85, L:/127.0.0.1:58257 - R:localhost/127.0.0.1:6382]
10:46:41.854 [Forwarding setTimeout on session 7593461ff057e36e3bf35f9942cde28d to remote] DEBUG org.asynchttpclient.netty.request.NettyRequestSender - Using pooled Channel '[id: 0x039f6b85, L:/127.0.0.1:58257 - R:localhost/127.0.0.1:6382]' for 'POST' to 'http://localhost:6382/session/7593461ff057e36e3bf35f9942cde28d/timeouts'
10:46:41.855 [Forwarding setTimeout on session 7593461ff057e36e3bf35f9942cde28d to remote] DEBUG org.asynchttpclient.netty.request.NettyRequestSender - Using open Channel [id: 0x039f6b85, L:/127.0.0.1:58257 - R:localhost/127.0.0.1:6382] for POST '/session/7593461ff057e36e3bf35f9942cde28d/timeouts'
10:46:41.862 [AsyncHttpClient-1-5] DEBUG org.asynchttpclient.netty.handler.HttpHandler - 

Request DefaultHttpRequest(decodeResult: success, version: HTTP/1.1)
POST /session/7593461ff057e36e3bf35f9942cde28d/timeouts HTTP/1.1
User-Agent: selenium/4.8.1 (java windows)
Content-Length: 22
Content-Type: application/json; charset=utf-8
host: localhost:6382
accept: */*

Response DefaultHttpResponse(decodeResult: success, version: HTTP/1.1)
HTTP/1.1 200 OK
Content-Length: 14
Content-Type: application/json; charset=utf-8
cache-control: no-cache

10:46:41.862 [AsyncHttpClient-1-5] DEBUG org.asynchttpclient.netty.channel.ChannelManager - Adding key: http://localhost:6382 for channel [id: 0x039f6b85, L:/127.0.0.1:58257 - R:localhost/127.0.0.1:6382]
10:46:41.866 [Forwarding getElementTagName on session 7593461ff057e36e3bf35f9942cde28d to remote] DEBUG org.asynchttpclient.netty.request.NettyRequestSender - Using pooled Channel '[id: 0x039f6b85, L:/127.0.0.1:58257 - R:localhost/127.0.0.1:6382]' for 'GET' to 'http://localhost:6382/session/7593461ff057e36e3bf35f9942cde28d/element/1b7f63e9-b3b6-4cee-8645-a540285660bf/name'
10:46:41.866 [Forwarding getElementTagName on session 7593461ff057e36e3bf35f9942cde28d to remote] DEBUG org.asynchttpclient.netty.request.NettyRequestSender - Using open Channel [id: 0x039f6b85, L:/127.0.0.1:58257 - R:localhost/127.0.0.1:6382] for GET '/session/7593461ff057e36e3bf35f9942cde28d/element/1b7f63e9-b3b6-4cee-8645-a540285660bf/name'
10:46:41.871 [AsyncHttpClient-1-5] DEBUG org.asynchttpclient.netty.handler.HttpHandler - 

Request DefaultFullHttpRequest(decodeResult: success, version: HTTP/1.1, content: EmptyByteBufBE)
GET /session/7593461ff057e36e3bf35f9942cde28d/element/1b7f63e9-b3b6-4cee-8645-a540285660bf/name HTTP/1.1
User-Agent: selenium/4.8.1 (java windows)
Cache-Control: no-cache
Content-Type: application/json; charset=utf-8
host: localhost:6382
accept: */*

Response DefaultHttpResponse(decodeResult: success, version: HTTP/1.1)
HTTP/1.1 200 OK
Content-Length: 18
Content-Type: application/json; charset=utf-8
cache-control: no-cache

10:46:41.872 [AsyncHttpClient-1-5] DEBUG org.asynchttpclient.netty.channel.ChannelManager - Adding key: http://localhost:6382 for channel [id: 0x039f6b85, L:/127.0.0.1:58257 - R:localhost/127.0.0.1:6382]
10:46:41.875 [Forwarding getElementTagName on session 7593461ff057e36e3bf35f9942cde28d to remote] DEBUG org.asynchttpclient.netty.request.NettyRequestSender - Using pooled Channel '[id: 0x039f6b85, L:/127.0.0.1:58257 - R:localhost/127.0.0.1:6382]' for 'GET' to 'http://localhost:6382/session/7593461ff057e36e3bf35f9942cde28d/element/1b7f63e9-b3b6-4cee-8645-a540285660bf/name'
10:46:41.875 [Forwarding getElementTagName on session 7593461ff057e36e3bf35f9942cde28d to remote] DEBUG org.asynchttpclient.netty.request.NettyRequestSender - Using open Channel [id: 0x039f6b85, L:/127.0.0.1:58257 - R:localhost/127.0.0.1:6382] for GET '/session/7593461ff057e36e3bf35f9942cde28d/element/1b7f63e9-b3b6-4cee-8645-a540285660bf/name'
10:46:41.880 [AsyncHttpClient-1-5] DEBUG org.asynchttpclient.netty.handler.HttpHandler - 

Request DefaultFullHttpRequest(decodeResult: success, version: HTTP/1.1, content: EmptyByteBufBE)
GET /session/7593461ff057e36e3bf35f9942cde28d/element/1b7f63e9-b3b6-4cee-8645-a540285660bf/name HTTP/1.1
User-Agent: selenium/4.8.1 (java windows)
Cache-Control: no-cache
Content-Type: application/json; charset=utf-8
host: localhost:6382
accept: */*

Response DefaultHttpResponse(decodeResult: success, version: HTTP/1.1)
HTTP/1.1 200 OK
Content-Length: 18
Content-Type: application/json; charset=utf-8
cache-control: no-cache

10:46:41.880 [AsyncHttpClient-1-5] DEBUG org.asynchttpclient.netty.channel.ChannelManager - Adding key: http://localhost:6382 for channel [id: 0x039f6b85, L:/127.0.0.1:58257 - R:localhost/127.0.0.1:6382]
10:46:41.884 [Forwarding isElementEnabled on session 7593461ff057e36e3bf35f9942cde28d to remote] DEBUG org.asynchttpclient.netty.request.NettyRequestSender - Using pooled Channel '[id: 0x039f6b85, L:/127.0.0.1:58257 - R:localhost/127.0.0.1:6382]' for 'GET' to 'http://localhost:6382/session/7593461ff057e36e3bf35f9942cde28d/element/1b7f63e9-b3b6-4cee-8645-a540285660bf/enabled'
10:46:41.884 [Forwarding isElementEnabled on session 7593461ff057e36e3bf35f9942cde28d to remote] DEBUG org.asynchttpclient.netty.request.NettyRequestSender - Using open Channel [id: 0x039f6b85, L:/127.0.0.1:58257 - R:localhost/127.0.0.1:6382] for GET '/session/7593461ff057e36e3bf35f9942cde28d/element/1b7f63e9-b3b6-4cee-8645-a540285660bf/enabled'
10:46:41.899 [AsyncHttpClient-1-5] DEBUG org.asynchttpclient.netty.handler.HttpHandler - 

Request DefaultFullHttpRequest(decodeResult: success, version: HTTP/1.1, content: EmptyByteBufBE)
GET /session/7593461ff057e36e3bf35f9942cde28d/element/1b7f63e9-b3b6-4cee-8645-a540285660bf/enabled HTTP/1.1
User-Agent: selenium/4.8.1 (java windows)
Cache-Control: no-cache
Content-Type: application/json; charset=utf-8
host: localhost:6382
accept: */*

Response DefaultHttpResponse(decodeResult: success, version: HTTP/1.1)
HTTP/1.1 200 OK
Content-Length: 14
Content-Type: application/json; charset=utf-8
cache-control: no-cache

10:46:41.900 [AsyncHttpClient-1-5] DEBUG org.asynchttpclient.netty.channel.ChannelManager - Adding key: http://localhost:6382 for channel [id: 0x039f6b85, L:/127.0.0.1:58257 - R:localhost/127.0.0.1:6382]
10:46:41.902 [Forwarding isElementEnabled on session 7593461ff057e36e3bf35f9942cde28d to remote] DEBUG org.asynchttpclient.netty.request.NettyRequestSender - Using pooled Channel '[id: 0x039f6b85, L:/127.0.0.1:58257 - R:localhost/127.0.0.1:6382]' for 'GET' to 'http://localhost:6382/session/7593461ff057e36e3bf35f9942cde28d/element/1b7f63e9-b3b6-4cee-8645-a540285660bf/enabled'
10:46:41.902 [Forwarding isElementEnabled on session 7593461ff057e36e3bf35f9942cde28d to remote] DEBUG org.asynchttpclient.netty.request.NettyRequestSender - Using open Channel [id: 0x039f6b85, L:/127.0.0.1:58257 - R:localhost/127.0.0.1:6382] for GET '/session/7593461ff057e36e3bf35f9942cde28d/element/1b7f63e9-b3b6-4cee-8645-a540285660bf/enabled'
10:46:41.911 [AsyncHttpClient-1-5] DEBUG org.asynchttpclient.netty.handler.HttpHandler - 

Request DefaultFullHttpRequest(decodeResult: success, version: HTTP/1.1, content: EmptyByteBufBE)
GET /session/7593461ff057e36e3bf35f9942cde28d/element/1b7f63e9-b3b6-4cee-8645-a540285660bf/enabled HTTP/1.1
User-Agent: selenium/4.8.1 (java windows)
Cache-Control: no-cache
Content-Type: application/json; charset=utf-8
host: localhost:6382
accept: */*

Response DefaultHttpResponse(decodeResult: success, version: HTTP/1.1)
HTTP/1.1 200 OK
Content-Length: 14
Content-Type: application/json; charset=utf-8
cache-control: no-cache

10:46:41.911 [AsyncHttpClient-1-5] DEBUG org.asynchttpclient.netty.channel.ChannelManager - Adding key: http://localhost:6382 for channel [id: 0x039f6b85, L:/127.0.0.1:58257 - R:localhost/127.0.0.1:6382]
10:46:41.913 [Forwarding clickElement on session 7593461ff057e36e3bf35f9942cde28d to remote] DEBUG org.asynchttpclient.netty.request.NettyRequestSender - Using pooled Channel '[id: 0x039f6b85, L:/127.0.0.1:58257 - R:localhost/127.0.0.1:6382]' for 'POST' to 'http://localhost:6382/session/7593461ff057e36e3bf35f9942cde28d/element/1b7f63e9-b3b6-4cee-8645-a540285660bf/click'
10:46:41.913 [Forwarding clickElement on session 7593461ff057e36e3bf35f9942cde28d to remote] DEBUG org.asynchttpclient.netty.request.NettyRequestSender - Using open Channel [id: 0x039f6b85, L:/127.0.0.1:58257 - R:localhost/127.0.0.1:6382] for POST '/session/7593461ff057e36e3bf35f9942cde28d/element/1b7f63e9-b3b6-4cee-8645-a540285660bf/click'
10:46:41.992 [AsyncHttpClient-1-5] DEBUG org.asynchttpclient.netty.handler.HttpHandler - 

Request DefaultHttpRequest(decodeResult: success, version: HTTP/1.1)
POST /session/7593461ff057e36e3bf35f9942cde28d/element/1b7f63e9-b3b6-4cee-8645-a540285660bf/click HTTP/1.1
User-Agent: selenium/4.8.1 (java windows)
Content-Length: 50
Content-Type: application/json; charset=utf-8
host: localhost:6382
accept: */*

Response DefaultHttpResponse(decodeResult: success, version: HTTP/1.1)
HTTP/1.1 200 OK
Content-Length: 14
Content-Type: application/json; charset=utf-8
cache-control: no-cache

10:46:41.993 [AsyncHttpClient-1-5] DEBUG org.asynchttpclient.netty.channel.ChannelManager - Adding key: http://localhost:6382 for channel [id: 0x039f6b85, L:/127.0.0.1:58257 - R:localhost/127.0.0.1:6382]
10:46:42.003 [Forwarding getAlertText on session 7593461ff057e36e3bf35f9942cde28d to remote] DEBUG org.asynchttpclient.netty.request.NettyRequestSender - Using pooled Channel '[id: 0x039f6b85, L:/127.0.0.1:58257 - R:localhost/127.0.0.1:6382]' for 'GET' to 'http://localhost:6382/session/7593461ff057e36e3bf35f9942cde28d/alert/text'
10:46:42.003 [Forwarding getAlertText on session 7593461ff057e36e3bf35f9942cde28d to remote] DEBUG org.asynchttpclient.netty.request.NettyRequestSender - Using open Channel [id: 0x039f6b85, L:/127.0.0.1:58257 - R:localhost/127.0.0.1:6382] for GET '/session/7593461ff057e36e3bf35f9942cde28d/alert/text'
10:46:42.006 [AsyncHttpClient-1-5] DEBUG org.asynchttpclient.netty.handler.HttpHandler - 

Request DefaultFullHttpRequest(decodeResult: success, version: HTTP/1.1, content: EmptyByteBufBE)
GET /session/7593461ff057e36e3bf35f9942cde28d/alert/text HTTP/1.1
User-Agent: selenium/4.8.1 (java windows)
Cache-Control: no-cache
Content-Type: application/json; charset=utf-8
host: localhost:6382
accept: */*

Response DefaultHttpResponse(decodeResult: success, version: HTTP/1.1)
HTTP/1.1 404 Not Found
Content-Length: 848
Content-Type: application/json; charset=utf-8
cache-control: no-cache

10:46:42.007 [AsyncHttpClient-1-5] DEBUG org.asynchttpclient.netty.channel.ChannelManager - Adding key: http://localhost:6382 for channel [id: 0x039f6b85, L:/127.0.0.1:58257 - R:localhost/127.0.0.1:6382]
10:46:42.009 [Forwarding getCurrentUrl on session 7593461ff057e36e3bf35f9942cde28d to remote] DEBUG org.asynchttpclient.netty.request.NettyRequestSender - Using pooled Channel '[id: 0x039f6b85, L:/127.0.0.1:58257 - R:localhost/127.0.0.1:6382]' for 'GET' to 'http://localhost:6382/session/7593461ff057e36e3bf35f9942cde28d/url'
10:46:42.009 [Forwarding getCurrentUrl on session 7593461ff057e36e3bf35f9942cde28d to remote] DEBUG org.asynchttpclient.netty.request.NettyRequestSender - Using open Channel [id: 0x039f6b85, L:/127.0.0.1:58257 - R:localhost/127.0.0.1:6382] for GET '/session/7593461ff057e36e3bf35f9942cde28d/url'
10:46:42.015 [AsyncHttpClient-1-5] DEBUG org.asynchttpclient.netty.handler.HttpHandler - 

Request DefaultFullHttpRequest(decodeResult: success, version: HTTP/1.1, content: EmptyByteBufBE)
GET /session/7593461ff057e36e3bf35f9942cde28d/url HTTP/1.1
User-Agent: selenium/4.8.1 (java windows)
Cache-Control: no-cache
Content-Type: application/json; charset=utf-8
host: localhost:6382
accept: */*

Response DefaultHttpResponse(decodeResult: success, version: HTTP/1.1)
HTTP/1.1 200 OK
Content-Length: 54
Content-Type: application/json; charset=utf-8
cache-control: no-cache

10:46:42.015 [AsyncHttpClient-1-5] DEBUG org.asynchttpclient.netty.channel.ChannelManager - Adding key: http://localhost:6382 for channel [id: 0x039f6b85, L:/127.0.0.1:58257 - R:localhost/127.0.0.1:6382]
10:46:42.016 [Forwarding screenshot on session 7593461ff057e36e3bf35f9942cde28d to remote] DEBUG org.asynchttpclient.netty.request.NettyRequestSender - Using pooled Channel '[id: 0x039f6b85, L:/127.0.0.1:58257 - R:localhost/127.0.0.1:6382]' for 'GET' to 'http://localhost:6382/session/7593461ff057e36e3bf35f9942cde28d/screenshot'
10:46:42.016 [Forwarding screenshot on session 7593461ff057e36e3bf35f9942cde28d to remote] DEBUG org.asynchttpclient.netty.request.NettyRequestSender - Using open Channel [id: 0x039f6b85, L:/127.0.0.1:58257 - R:localhost/127.0.0.1:6382] for GET '/session/7593461ff057e36e3bf35f9942cde28d/screenshot'
10:46:42.244 [AsyncHttpClient-1-5] DEBUG org.asynchttpclient.netty.handler.HttpHandler - 

Request DefaultFullHttpRequest(decodeResult: success, version: HTTP/1.1, content: EmptyByteBufBE)
GET /session/7593461ff057e36e3bf35f9942cde28d/screenshot HTTP/1.1
User-Agent: selenium/4.8.1 (java windows)
Cache-Control: no-cache
Content-Type: application/json; charset=utf-8
host: localhost:6382
accept: */*

Response DefaultHttpResponse(decodeResult: success, version: HTTP/1.1)
HTTP/1.1 200 OK
Content-Length: 34172
Content-Type: application/json; charset=utf-8
cache-control: no-cache

10:46:42.245 [AsyncHttpClient-1-5] DEBUG org.asynchttpclient.netty.channel.ChannelManager - Adding key: http://localhost:6382 for channel [id: 0x039f6b85, L:/127.0.0.1:58257 - R:localhost/127.0.0.1:6382]
10:46:42.247 [main] DEBUG net.serenitybdd.core.photography.Darkroom - Send negative for processing for target\site\serenity\69ffa13f91cd5d0ade74dc7b1c6987f0233dcaeadbfb83283d3640ae1ed3d48e.png
10:46:42.247 [Darkroom Processing Line] DEBUG net.serenitybdd.core.photography.DarkroomProcessingLine - Processing screenshot image in /var/screenshots/screenshot-273678133374279580
10:46:42.248 [main] DEBUG net.thucydides.core.steps.StepInterceptor - STEP DONE: clickRegisterButton
10:46:42.248 [Darkroom Processing Line] DEBUG net.serenitybdd.core.photography.DarkroomProcessingLine - Saving screenshot to target\site\serenity\69ffa13f91cd5d0ade74dc7b1c6987f0233dcaeadbfb83283d3640ae1ed3d48e.png
  &amp#27;[32mWhen &amp#27;[0m&amp#27;[32mUser success to register&amp#27;[0m                                           &amp#27;[90m# starter.stepdefinition.IntegrationSteps.register()&amp#27;[0m
10:46:42.261 [Forwarding getPageSource on session 7593461ff057e36e3bf35f9942cde28d to remote] DEBUG org.asynchttpclient.netty.request.NettyRequestSender - Using pooled Channel '[id: 0x039f6b85, L:/127.0.0.1:58257 - R:localhost/127.0.0.1:6382]' for 'POST' to 'http://localhost:6382/session/7593461ff057e36e3bf35f9942cde28d/execute/sync'
10:46:42.261 [Forwarding getPageSource on session 7593461ff057e36e3bf35f9942cde28d to remote] DEBUG org.asynchttpclient.netty.request.NettyRequestSender - Using open Channel [id: 0x039f6b85, L:/127.0.0.1:58257 - R:localhost/127.0.0.1:6382] for POST '/session/7593461ff057e36e3bf35f9942cde28d/execute/sync'
10:46:42.267 [AsyncHttpClient-1-5] DEBUG org.asynchttpclient.netty.handler.HttpHandler - 

Request DefaultHttpRequest(decodeResult: success, version: HTTP/1.1)
POST /session/7593461ff057e36e3bf35f9942cde28d/execute/sync HTTP/1.1
User-Agent: selenium/4.8.1 (java windows)
Content-Length: 176
Content-Type: application/json; charset=utf-8
host: localhost:6382
accept: */*

Response DefaultHttpResponse(decodeResult: success, version: HTTP/1.1)
HTTP/1.1 200 OK
Content-Length: 22753
Content-Type: application/json; charset=utf-8
cache-control: no-cache

10:46:42.267 [AsyncHttpClient-1-5] DEBUG org.asynchttpclient.netty.channel.ChannelManager - Adding key: http://localhost:6382 for channel [id: 0x039f6b85, L:/127.0.0.1:58257 - R:localhost/127.0.0.1:6382]
10:46:42.269 [Forwarding getCurrentUrl on session 7593461ff057e36e3bf35f9942cde28d to remote] DEBUG org.asynchttpclient.netty.request.NettyRequestSender - Using pooled Channel '[id: 0x039f6b85, L:/127.0.0.1:58257 - R:localhost/127.0.0.1:6382]' for 'GET' to 'http://localhost:6382/session/7593461ff057e36e3bf35f9942cde28d/url'
10:46:42.270 [Forwarding getCurrentUrl on session 7593461ff057e36e3bf35f9942cde28d to remote] DEBUG org.asynchttpclient.netty.request.NettyRequestSender - Using open Channel [id: 0x039f6b85, L:/127.0.0.1:58257 - R:localhost/127.0.0.1:6382] for GET '/session/7593461ff057e36e3bf35f9942cde28d/url'
10:46:42.275 [AsyncHttpClient-1-5] DEBUG org.asynchttpclient.netty.handler.HttpHandler - 

Request DefaultFullHttpRequest(decodeResult: success, version: HTTP/1.1, content: EmptyByteBufBE)
GET /session/7593461ff057e36e3bf35f9942cde28d/url HTTP/1.1
User-Agent: selenium/4.8.1 (java windows)
Cache-Control: no-cache
Content-Type: application/json; charset=utf-8
host: localhost:6382
accept: */*

Response DefaultHttpResponse(decodeResult: success, version: HTTP/1.1)
HTTP/1.1 200 OK
Content-Length: 54
Content-Type: application/json; charset=utf-8
cache-control: no-cache

10:46:42.276 [AsyncHttpClient-1-5] DEBUG org.asynchttpclient.netty.channel.ChannelManager - Adding key: http://localhost:6382 for channel [id: 0x039f6b85, L:/127.0.0.1:58257 - R:localhost/127.0.0.1:6382]
10:46:42.286 [Forwarding getPageSource on session 7593461ff057e36e3bf35f9942cde28d to remote] DEBUG org.asynchttpclient.netty.request.NettyRequestSender - Using pooled Channel '[id: 0x039f6b85, L:/127.0.0.1:58257 - R:localhost/127.0.0.1:6382]' for 'POST' to 'http://localhost:6382/session/7593461ff057e36e3bf35f9942cde28d/execute/sync'
10:46:42.286 [Forwarding getPageSource on session 7593461ff057e36e3bf35f9942cde28d to remote] DEBUG org.asynchttpclient.netty.request.NettyRequestSender - Using open Channel [id: 0x039f6b85, L:/127.0.0.1:58257 - R:localhost/127.0.0.1:6382] for POST '/session/7593461ff057e36e3bf35f9942cde28d/execute/sync'
10:46:42.294 [AsyncHttpClient-1-5] DEBUG org.asynchttpclient.netty.handler.HttpHandler - 

Request DefaultHttpRequest(decodeResult: success, version: HTTP/1.1)
POST /session/7593461ff057e36e3bf35f9942cde28d/execute/sync HTTP/1.1
User-Agent: selenium/4.8.1 (java windows)
Content-Length: 176
Content-Type: application/json; charset=utf-8
host: localhost:6382
accept: */*

Response DefaultHttpResponse(decodeResult: success, version: HTTP/1.1)
HTTP/1.1 200 OK
Content-Length: 22753
Content-Type: application/json; charset=utf-8
cache-control: no-cache

10:46:42.294 [AsyncHttpClient-1-5] DEBUG org.asynchttpclient.netty.channel.ChannelManager - Adding key: http://localhost:6382 for channel [id: 0x039f6b85, L:/127.0.0.1:58257 - R:localhost/127.0.0.1:6382]
10:46:42.297 [Forwarding getCurrentUrl on session 7593461ff057e36e3bf35f9942cde28d to remote] DEBUG org.asynchttpclient.netty.request.NettyRequestSender - Using pooled Channel '[id: 0x039f6b85, L:/127.0.0.1:58257 - R:localhost/127.0.0.1:6382]' for 'GET' to 'http://localhost:6382/session/7593461ff057e36e3bf35f9942cde28d/url'
10:46:42.298 [Forwarding getCurrentUrl on session 7593461ff057e36e3bf35f9942cde28d to remote] DEBUG org.asynchttpclient.netty.request.NettyRequestSender - Using open Channel [id: 0x039f6b85, L:/127.0.0.1:58257 - R:localhost/127.0.0.1:6382] for GET '/session/7593461ff057e36e3bf35f9942cde28d/url'
10:46:42.301 [AsyncHttpClient-1-5] DEBUG org.asynchttpclient.netty.handler.HttpHandler - 

Request DefaultFullHttpRequest(decodeResult: success, version: HTTP/1.1, content: EmptyByteBufBE)
GET /session/7593461ff057e36e3bf35f9942cde28d/url HTTP/1.1
User-Agent: selenium/4.8.1 (java windows)
Cache-Control: no-cache
Content-Type: application/json; charset=utf-8
host: localhost:6382
accept: */*

Response DefaultHttpResponse(decodeResult: success, version: HTTP/1.1)
HTTP/1.1 200 OK
Content-Length: 54
Content-Type: application/json; charset=utf-8
cache-control: no-cache

10:46:42.302 [AsyncHttpClient-1-5] DEBUG org.asynchttpclient.netty.channel.ChannelManager - Adding key: http://localhost:6382 for channel [id: 0x039f6b85, L:/127.0.0.1:58257 - R:localhost/127.0.0.1:6382]
10:46:42.311 [main] DEBUG net.thucydides.core.steps.StepInterceptor - STARTING STEP: IntegrationSteps.userLogin - inputEmail
10:46:42.314 [Forwarding findElement on session 7593461ff057e36e3bf35f9942cde28d to remote] DEBUG org.asynchttpclient.netty.request.NettyRequestSender - Using pooled Channel '[id: 0x039f6b85, L:/127.0.0.1:58257 - R:localhost/127.0.0.1:6382]' for 'POST' to 'http://localhost:6382/session/7593461ff057e36e3bf35f9942cde28d/element'
10:46:42.314 [Forwarding findElement on session 7593461ff057e36e3bf35f9942cde28d to remote] DEBUG org.asynchttpclient.netty.request.NettyRequestSender - Using open Channel [id: 0x039f6b85, L:/127.0.0.1:58257 - R:localhost/127.0.0.1:6382] for POST '/session/7593461ff057e36e3bf35f9942cde28d/element'
10:46:42.749 [AsyncHttpClient-1-1] DEBUG org.asynchttpclient.netty.channel.DefaultChannelPool - Entry count for : http://localhost:58259 : 1
10:46:43.276 [AsyncHttpClient-1-5] DEBUG org.asynchttpclient.netty.handler.HttpHandler - 

Request DefaultHttpRequest(decodeResult: success, version: HTTP/1.1)
POST /session/7593461ff057e36e3bf35f9942cde28d/element HTTP/1.1
User-Agent: selenium/4.8.1 (java windows)
Content-Length: 55
Content-Type: application/json; charset=utf-8
host: localhost:6382
accept: */*

Response DefaultHttpResponse(decodeResult: success, version: HTTP/1.1)
HTTP/1.1 200 OK
Content-Length: 88
Content-Type: application/json; charset=utf-8
cache-control: no-cache

10:46:43.276 [AsyncHttpClient-1-5] DEBUG org.asynchttpclient.netty.channel.ChannelManager - Adding key: http://localhost:6382 for channel [id: 0x039f6b85, L:/127.0.0.1:58257 - R:localhost/127.0.0.1:6382]
10:46:43.277 [Forwarding clearElement on session 7593461ff057e36e3bf35f9942cde28d to remote] DEBUG org.asynchttpclient.netty.request.NettyRequestSender - Using pooled Channel '[id: 0x039f6b85, L:/127.0.0.1:58257 - R:localhost/127.0.0.1:6382]' for 'POST' to 'http://localhost:6382/session/7593461ff057e36e3bf35f9942cde28d/element/8cf83690-b982-410d-8d23-b945643f28c1/clear'
10:46:43.277 [Forwarding clearElement on session 7593461ff057e36e3bf35f9942cde28d to remote] DEBUG org.asynchttpclient.netty.request.NettyRequestSender - Using open Channel [id: 0x039f6b85, L:/127.0.0.1:58257 - R:localhost/127.0.0.1:6382] for POST '/session/7593461ff057e36e3bf35f9942cde28d/element/8cf83690-b982-410d-8d23-b945643f28c1/clear'
10:46:43.313 [AsyncHttpClient-1-5] DEBUG org.asynchttpclient.netty.handler.HttpHandler - 

Request DefaultHttpRequest(decodeResult: success, version: HTTP/1.1)
POST /session/7593461ff057e36e3bf35f9942cde28d/element/8cf83690-b982-410d-8d23-b945643f28c1/clear HTTP/1.1
User-Agent: selenium/4.8.1 (java windows)
Content-Length: 50
Content-Type: application/json; charset=utf-8
host: localhost:6382
accept: */*

Response DefaultHttpResponse(decodeResult: success, version: HTTP/1.1)
HTTP/1.1 200 OK
Content-Length: 14
Content-Type: application/json; charset=utf-8
cache-control: no-cache

10:46:43.313 [AsyncHttpClient-1-5] DEBUG org.asynchttpclient.netty.channel.ChannelManager - Adding key: http://localhost:6382 for channel [id: 0x039f6b85, L:/127.0.0.1:58257 - R:localhost/127.0.0.1:6382]
10:46:43.315 [Forwarding sendKeysToElement on session 7593461ff057e36e3bf35f9942cde28d to remote] DEBUG org.asynchttpclient.netty.request.NettyRequestSender - Using pooled Channel '[id: 0x039f6b85, L:/127.0.0.1:58257 - R:localhost/127.0.0.1:6382]' for 'POST' to 'http://localhost:6382/session/7593461ff057e36e3bf35f9942cde28d/element/8cf83690-b982-410d-8d23-b945643f28c1/value'
10:46:43.315 [Forwarding sendKeysToElement on session 7593461ff057e36e3bf35f9942cde28d to remote] DEBUG org.asynchttpclient.netty.request.NettyRequestSender - Using open Channel [id: 0x039f6b85, L:/127.0.0.1:58257 - R:localhost/127.0.0.1:6382] for POST '/session/7593461ff057e36e3bf35f9942cde28d/element/8cf83690-b982-410d-8d23-b945643f28c1/value'
10:46:43.418 [AsyncHttpClient-1-5] DEBUG org.asynchttpclient.netty.handler.HttpHandler - 

Request DefaultHttpRequest(decodeResult: success, version: HTTP/1.1)
POST /session/7593461ff057e36e3bf35f9942cde28d/element/8cf83690-b982-410d-8d23-b945643f28c1/value HTTP/1.1
User-Agent: selenium/4.8.1 (java windows)
Content-Length: 211
Content-Type: application/json; charset=utf-8
host: localhost:6382
accept: */*

Response DefaultHttpResponse(decodeResult: success, version: HTTP/1.1)
HTTP/1.1 200 OK
Content-Length: 14
Content-Type: application/json; charset=utf-8
cache-control: no-cache

10:46:43.418 [AsyncHttpClient-1-5] DEBUG org.asynchttpclient.netty.channel.ChannelManager - Adding key: http://localhost:6382 for channel [id: 0x039f6b85, L:/127.0.0.1:58257 - R:localhost/127.0.0.1:6382]
10:46:43.426 [Forwarding getAlertText on session 7593461ff057e36e3bf35f9942cde28d to remote] DEBUG org.asynchttpclient.netty.request.NettyRequestSender - Using pooled Channel '[id: 0x039f6b85, L:/127.0.0.1:58257 - R:localhost/127.0.0.1:6382]' for 'GET' to 'http://localhost:6382/session/7593461ff057e36e3bf35f9942cde28d/alert/text'
10:46:43.426 [Forwarding getAlertText on session 7593461ff057e36e3bf35f9942cde28d to remote] DEBUG org.asynchttpclient.netty.request.NettyRequestSender - Using open Channel [id: 0x039f6b85, L:/127.0.0.1:58257 - R:localhost/127.0.0.1:6382] for GET '/session/7593461ff057e36e3bf35f9942cde28d/alert/text'
10:46:43.428 [AsyncHttpClient-1-5] DEBUG org.asynchttpclient.netty.handler.HttpHandler - 

Request DefaultFullHttpRequest(decodeResult: success, version: HTTP/1.1, content: EmptyByteBufBE)
GET /session/7593461ff057e36e3bf35f9942cde28d/alert/text HTTP/1.1
User-Agent: selenium/4.8.1 (java windows)
Cache-Control: no-cache
Content-Type: application/json; charset=utf-8
host: localhost:6382
accept: */*

Response DefaultHttpResponse(decodeResult: success, version: HTTP/1.1)
HTTP/1.1 404 Not Found
Content-Length: 848
Content-Type: application/json; charset=utf-8
cache-control: no-cache

10:46:43.428 [AsyncHttpClient-1-5] DEBUG org.asynchttpclient.netty.channel.ChannelManager - Adding key: http://localhost:6382 for channel [id: 0x039f6b85, L:/127.0.0.1:58257 - R:localhost/127.0.0.1:6382]
10:46:43.430 [Forwarding getCurrentUrl on session 7593461ff057e36e3bf35f9942cde28d to remote] DEBUG org.asynchttpclient.netty.request.NettyRequestSender - Using pooled Channel '[id: 0x039f6b85, L:/127.0.0.1:58257 - R:localhost/127.0.0.1:6382]' for 'GET' to 'http://localhost:6382/session/7593461ff057e36e3bf35f9942cde28d/url'
10:46:43.430 [Forwarding getCurrentUrl on session 7593461ff057e36e3bf35f9942cde28d to remote] DEBUG org.asynchttpclient.netty.request.NettyRequestSender - Using open Channel [id: 0x039f6b85, L:/127.0.0.1:58257 - R:localhost/127.0.0.1:6382] for GET '/session/7593461ff057e36e3bf35f9942cde28d/url'
10:46:43.434 [AsyncHttpClient-1-5] DEBUG org.asynchttpclient.netty.handler.HttpHandler - 

Request DefaultFullHttpRequest(decodeResult: success, version: HTTP/1.1, content: EmptyByteBufBE)
GET /session/7593461ff057e36e3bf35f9942cde28d/url HTTP/1.1
User-Agent: selenium/4.8.1 (java windows)
Cache-Control: no-cache
Content-Type: application/json; charset=utf-8
host: localhost:6382
accept: */*

Response DefaultHttpResponse(decodeResult: success, version: HTTP/1.1)
HTTP/1.1 200 OK
Content-Length: 51
Content-Type: application/json; charset=utf-8
cache-control: no-cache

10:46:43.434 [AsyncHttpClient-1-5] DEBUG org.asynchttpclient.netty.channel.ChannelManager - Adding key: http://localhost:6382 for channel [id: 0x039f6b85, L:/127.0.0.1:58257 - R:localhost/127.0.0.1:6382]
10:46:43.435 [Forwarding screenshot on session 7593461ff057e36e3bf35f9942cde28d to remote] DEBUG org.asynchttpclient.netty.request.NettyRequestSender - Using pooled Channel '[id: 0x039f6b85, L:/127.0.0.1:58257 - R:localhost/127.0.0.1:6382]' for 'GET' to 'http://localhost:6382/session/7593461ff057e36e3bf35f9942cde28d/screenshot'
10:46:43.435 [Forwarding screenshot on session 7593461ff057e36e3bf35f9942cde28d to remote] DEBUG org.asynchttpclient.netty.request.NettyRequestSender - Using open Channel [id: 0x039f6b85, L:/127.0.0.1:58257 - R:localhost/127.0.0.1:6382] for GET '/session/7593461ff057e36e3bf35f9942cde28d/screenshot'
10:46:43.592 [AsyncHttpClient-1-5] DEBUG org.asynchttpclient.netty.handler.HttpHandler - 

Request DefaultFullHttpRequest(decodeResult: success, version: HTTP/1.1, content: EmptyByteBufBE)
GET /session/7593461ff057e36e3bf35f9942cde28d/screenshot HTTP/1.1
User-Agent: selenium/4.8.1 (java windows)
Cache-Control: no-cache
Content-Type: application/json; charset=utf-8
host: localhost:6382
accept: */*

Response DefaultHttpResponse(decodeResult: success, version: HTTP/1.1)
HTTP/1.1 200 OK
Content-Length: 28156
Content-Type: application/json; charset=utf-8
cache-control: no-cache

10:46:43.592 [AsyncHttpClient-1-5] DEBUG org.asynchttpclient.netty.channel.ChannelManager - Adding key: http://localhost:6382 for channel [id: 0x039f6b85, L:/127.0.0.1:58257 - R:localhost/127.0.0.1:6382]
10:46:43.593 [main] DEBUG net.serenitybdd.core.photography.Darkroom - Send negative for processing for target\site\serenity\092f5402422980d8de076ba286a98521e1d4f88552c0632d1417717ca49a3d31.png
10:46:43.594 [main] DEBUG net.thucydides.core.steps.StepInterceptor - STEP DONE: inputEmail
10:46:43.594 [Darkroom Processing Line] DEBUG net.serenitybdd.core.photography.DarkroomProcessingLine - Processing screenshot image in /var/screenshots/screenshot-1844553750678863534
10:46:43.594 [Darkroom Processing Line] DEBUG net.serenitybdd.core.photography.DarkroomProcessingLine - Saving screenshot to target\site\serenity\092f5402422980d8de076ba286a98521e1d4f88552c0632d1417717ca49a3d31.png
10:46:43.602 [Forwarding getPageSource on session 7593461ff057e36e3bf35f9942cde28d to remote] DEBUG org.asynchttpclient.netty.request.NettyRequestSender - Using pooled Channel '[id: 0x039f6b85, L:/127.0.0.1:58257 - R:localhost/127.0.0.1:6382]' for 'POST' to 'http://localhost:6382/session/7593461ff057e36e3bf35f9942cde28d/execute/sync'
10:46:43.602 [Forwarding getPageSource on session 7593461ff057e36e3bf35f9942cde28d to remote] DEBUG org.asynchttpclient.netty.request.NettyRequestSender - Using open Channel [id: 0x039f6b85, L:/127.0.0.1:58257 - R:localhost/127.0.0.1:6382] for POST '/session/7593461ff057e36e3bf35f9942cde28d/execute/sync'
10:46:43.610 [AsyncHttpClient-1-5] DEBUG org.asynchttpclient.netty.handler.HttpHandler - 

Request DefaultHttpRequest(decodeResult: success, version: HTTP/1.1)
POST /session/7593461ff057e36e3bf35f9942cde28d/execute/sync HTTP/1.1
User-Agent: selenium/4.8.1 (java windows)
Content-Length: 176
Content-Type: application/json; charset=utf-8
host: localhost:6382
accept: */*

Response DefaultHttpResponse(decodeResult: success, version: HTTP/1.1)
HTTP/1.1 200 OK
Content-Length: 21863
Content-Type: application/json; charset=utf-8
cache-control: no-cache

10:46:43.611 [AsyncHttpClient-1-5] DEBUG org.asynchttpclient.netty.channel.ChannelManager - Adding key: http://localhost:6382 for channel [id: 0x039f6b85, L:/127.0.0.1:58257 - R:localhost/127.0.0.1:6382]
10:46:43.613 [Forwarding getCurrentUrl on session 7593461ff057e36e3bf35f9942cde28d to remote] DEBUG org.asynchttpclient.netty.request.NettyRequestSender - Using pooled Channel '[id: 0x039f6b85, L:/127.0.0.1:58257 - R:localhost/127.0.0.1:6382]' for 'GET' to 'http://localhost:6382/session/7593461ff057e36e3bf35f9942cde28d/url'
10:46:43.613 [Forwarding getCurrentUrl on session 7593461ff057e36e3bf35f9942cde28d to remote] DEBUG org.asynchttpclient.netty.request.NettyRequestSender - Using open Channel [id: 0x039f6b85, L:/127.0.0.1:58257 - R:localhost/127.0.0.1:6382] for GET '/session/7593461ff057e36e3bf35f9942cde28d/url'
10:46:43.618 [AsyncHttpClient-1-5] DEBUG org.asynchttpclient.netty.handler.HttpHandler - 

Request DefaultFullHttpRequest(decodeResult: success, version: HTTP/1.1, content: EmptyByteBufBE)
GET /session/7593461ff057e36e3bf35f9942cde28d/url HTTP/1.1
User-Agent: selenium/4.8.1 (java windows)
Cache-Control: no-cache
Content-Type: application/json; charset=utf-8
host: localhost:6382
accept: */*

Response DefaultHttpResponse(decodeResult: success, version: HTTP/1.1)
HTTP/1.1 200 OK
Content-Length: 51
Content-Type: application/json; charset=utf-8
cache-control: no-cache

10:46:43.618 [AsyncHttpClient-1-5] DEBUG org.asynchttpclient.netty.channel.ChannelManager - Adding key: http://localhost:6382 for channel [id: 0x039f6b85, L:/127.0.0.1:58257 - R:localhost/127.0.0.1:6382]
10:46:43.623 [main] DEBUG net.thucydides.core.steps.StepInterceptor - STARTING STEP: IntegrationSteps.userLogin - inputPassword
10:46:43.627 [Forwarding findElement on session 7593461ff057e36e3bf35f9942cde28d to remote] DEBUG org.asynchttpclient.netty.request.NettyRequestSender - Using pooled Channel '[id: 0x039f6b85, L:/127.0.0.1:58257 - R:localhost/127.0.0.1:6382]' for 'POST' to 'http://localhost:6382/session/7593461ff057e36e3bf35f9942cde28d/element'
10:46:43.627 [Forwarding findElement on session 7593461ff057e36e3bf35f9942cde28d to remote] DEBUG org.asynchttpclient.netty.request.NettyRequestSender - Using open Channel [id: 0x039f6b85, L:/127.0.0.1:58257 - R:localhost/127.0.0.1:6382] for POST '/session/7593461ff057e36e3bf35f9942cde28d/element'
10:46:43.642 [AsyncHttpClient-1-5] DEBUG org.asynchttpclient.netty.handler.HttpHandler - 

Request DefaultHttpRequest(decodeResult: success, version: HTTP/1.1)
POST /session/7593461ff057e36e3bf35f9942cde28d/element HTTP/1.1
User-Agent: selenium/4.8.1 (java windows)
Content-Length: 55
Content-Type: application/json; charset=utf-8
host: localhost:6382
accept: */*

Response DefaultHttpResponse(decodeResult: success, version: HTTP/1.1)
HTTP/1.1 200 OK
Content-Length: 88
Content-Type: application/json; charset=utf-8
cache-control: no-cache

10:46:43.642 [AsyncHttpClient-1-5] DEBUG org.asynchttpclient.netty.channel.ChannelManager - Adding key: http://localhost:6382 for channel [id: 0x039f6b85, L:/127.0.0.1:58257 - R:localhost/127.0.0.1:6382]
10:46:43.643 [Forwarding clearElement on session 7593461ff057e36e3bf35f9942cde28d to remote] DEBUG org.asynchttpclient.netty.request.NettyRequestSender - Using pooled Channel '[id: 0x039f6b85, L:/127.0.0.1:58257 - R:localhost/127.0.0.1:6382]' for 'POST' to 'http://localhost:6382/session/7593461ff057e36e3bf35f9942cde28d/element/2b25c0c7-d826-45f6-81f3-d7b32496bd0b/clear'
10:46:43.643 [Forwarding clearElement on session 7593461ff057e36e3bf35f9942cde28d to remote] DEBUG org.asynchttpclient.netty.request.NettyRequestSender - Using open Channel [id: 0x039f6b85, L:/127.0.0.1:58257 - R:localhost/127.0.0.1:6382] for POST '/session/7593461ff057e36e3bf35f9942cde28d/element/2b25c0c7-d826-45f6-81f3-d7b32496bd0b/clear'
10:46:43.684 [AsyncHttpClient-1-5] DEBUG org.asynchttpclient.netty.handler.HttpHandler - 

Request DefaultHttpRequest(decodeResult: success, version: HTTP/1.1)
POST /session/7593461ff057e36e3bf35f9942cde28d/element/2b25c0c7-d826-45f6-81f3-d7b32496bd0b/clear HTTP/1.1
User-Agent: selenium/4.8.1 (java windows)
Content-Length: 50
Content-Type: application/json; charset=utf-8
host: localhost:6382
accept: */*

Response DefaultHttpResponse(decodeResult: success, version: HTTP/1.1)
HTTP/1.1 200 OK
Content-Length: 14
Content-Type: application/json; charset=utf-8
cache-control: no-cache

10:46:43.684 [AsyncHttpClient-1-5] DEBUG org.asynchttpclient.netty.channel.ChannelManager - Adding key: http://localhost:6382 for channel [id: 0x039f6b85, L:/127.0.0.1:58257 - R:localhost/127.0.0.1:6382]
10:46:43.686 [Forwarding sendKeysToElement on session 7593461ff057e36e3bf35f9942cde28d to remote] DEBUG org.asynchttpclient.netty.request.NettyRequestSender - Using pooled Channel '[id: 0x039f6b85, L:/127.0.0.1:58257 - R:localhost/127.0.0.1:6382]' for 'POST' to 'http://localhost:6382/session/7593461ff057e36e3bf35f9942cde28d/element/2b25c0c7-d826-45f6-81f3-d7b32496bd0b/value'
10:46:43.686 [Forwarding sendKeysToElement on session 7593461ff057e36e3bf35f9942cde28d to remote] DEBUG org.asynchttpclient.netty.request.NettyRequestSender - Using open Channel [id: 0x039f6b85, L:/127.0.0.1:58257 - R:localhost/127.0.0.1:6382] for POST '/session/7593461ff057e36e3bf35f9942cde28d/element/2b25c0c7-d826-45f6-81f3-d7b32496bd0b/value'
10:46:43.777 [AsyncHttpClient-1-5] DEBUG org.asynchttpclient.netty.handler.HttpHandler - 

Request DefaultHttpRequest(decodeResult: success, version: HTTP/1.1)
POST /session/7593461ff057e36e3bf35f9942cde28d/element/2b25c0c7-d826-45f6-81f3-d7b32496bd0b/value HTTP/1.1
User-Agent: selenium/4.8.1 (java windows)
Content-Length: 141
Content-Type: application/json; charset=utf-8
host: localhost:6382
accept: */*

Response DefaultHttpResponse(decodeResult: success, version: HTTP/1.1)
HTTP/1.1 200 OK
Content-Length: 14
Content-Type: application/json; charset=utf-8
cache-control: no-cache

10:46:43.777 [AsyncHttpClient-1-5] DEBUG org.asynchttpclient.netty.channel.ChannelManager - Adding key: http://localhost:6382 for channel [id: 0x039f6b85, L:/127.0.0.1:58257 - R:localhost/127.0.0.1:6382]
10:46:43.786 [Forwarding getAlertText on session 7593461ff057e36e3bf35f9942cde28d to remote] DEBUG org.asynchttpclient.netty.request.NettyRequestSender - Using pooled Channel '[id: 0x039f6b85, L:/127.0.0.1:58257 - R:localhost/127.0.0.1:6382]' for 'GET' to 'http://localhost:6382/session/7593461ff057e36e3bf35f9942cde28d/alert/text'
10:46:43.786 [Forwarding getAlertText on session 7593461ff057e36e3bf35f9942cde28d to remote] DEBUG org.asynchttpclient.netty.request.NettyRequestSender - Using open Channel [id: 0x039f6b85, L:/127.0.0.1:58257 - R:localhost/127.0.0.1:6382] for GET '/session/7593461ff057e36e3bf35f9942cde28d/alert/text'
10:46:43.790 [AsyncHttpClient-1-5] DEBUG org.asynchttpclient.netty.handler.HttpHandler - 

Request DefaultFullHttpRequest(decodeResult: success, version: HTTP/1.1, content: EmptyByteBufBE)
GET /session/7593461ff057e36e3bf35f9942cde28d/alert/text HTTP/1.1
User-Agent: selenium/4.8.1 (java windows)
Cache-Control: no-cache
Content-Type: application/json; charset=utf-8
host: localhost:6382
accept: */*

Response DefaultHttpResponse(decodeResult: success, version: HTTP/1.1)
HTTP/1.1 404 Not Found
Content-Length: 848
Content-Type: application/json; charset=utf-8
cache-control: no-cache

10:46:43.790 [AsyncHttpClient-1-5] DEBUG org.asynchttpclient.netty.channel.ChannelManager - Adding key: http://localhost:6382 for channel [id: 0x039f6b85, L:/127.0.0.1:58257 - R:localhost/127.0.0.1:6382]
10:46:43.792 [Forwarding getCurrentUrl on session 7593461ff057e36e3bf35f9942cde28d to remote] DEBUG org.asynchttpclient.netty.request.NettyRequestSender - Using pooled Channel '[id: 0x039f6b85, L:/127.0.0.1:58257 - R:localhost/127.0.0.1:6382]' for 'GET' to 'http://localhost:6382/session/7593461ff057e36e3bf35f9942cde28d/url'
10:46:43.792 [Forwarding getCurrentUrl on session 7593461ff057e36e3bf35f9942cde28d to remote] DEBUG org.asynchttpclient.netty.request.NettyRequestSender - Using open Channel [id: 0x039f6b85, L:/127.0.0.1:58257 - R:localhost/127.0.0.1:6382] for GET '/session/7593461ff057e36e3bf35f9942cde28d/url'
10:46:43.796 [AsyncHttpClient-1-5] DEBUG org.asynchttpclient.netty.handler.HttpHandler - 

Request DefaultFullHttpRequest(decodeResult: success, version: HTTP/1.1, content: EmptyByteBufBE)
GET /session/7593461ff057e36e3bf35f9942cde28d/url HTTP/1.1
User-Agent: selenium/4.8.1 (java windows)
Cache-Control: no-cache
Content-Type: application/json; charset=utf-8
host: localhost:6382
accept: */*

Response DefaultHttpResponse(decodeResult: success, version: HTTP/1.1)
HTTP/1.1 200 OK
Content-Length: 51
Content-Type: application/json; charset=utf-8
cache-control: no-cache

10:46:43.796 [AsyncHttpClient-1-5] DEBUG org.asynchttpclient.netty.channel.ChannelManager - Adding key: http://localhost:6382 for channel [id: 0x039f6b85, L:/127.0.0.1:58257 - R:localhost/127.0.0.1:6382]
10:46:43.797 [Forwarding screenshot on session 7593461ff057e36e3bf35f9942cde28d to remote] DEBUG org.asynchttpclient.netty.request.NettyRequestSender - Using pooled Channel '[id: 0x039f6b85, L:/127.0.0.1:58257 - R:localhost/127.0.0.1:6382]' for 'GET' to 'http://localhost:6382/session/7593461ff057e36e3bf35f9942cde28d/screenshot'
10:46:43.797 [Forwarding screenshot on session 7593461ff057e36e3bf35f9942cde28d to remote] DEBUG org.asynchttpclient.netty.request.NettyRequestSender - Using open Channel [id: 0x039f6b85, L:/127.0.0.1:58257 - R:localhost/127.0.0.1:6382] for GET '/session/7593461ff057e36e3bf35f9942cde28d/screenshot'
10:46:43.847 [AsyncHttpClient-1-1] DEBUG org.asynchttpclient.netty.channel.DefaultChannelPool - Entry count for : http://localhost:58259 : 1
10:46:43.920 [AsyncHttpClient-1-5] DEBUG org.asynchttpclient.netty.handler.HttpHandler - 

Request DefaultFullHttpRequest(decodeResult: success, version: HTTP/1.1, content: EmptyByteBufBE)
GET /session/7593461ff057e36e3bf35f9942cde28d/screenshot HTTP/1.1
User-Agent: selenium/4.8.1 (java windows)
Cache-Control: no-cache
Content-Type: application/json; charset=utf-8
host: localhost:6382
accept: */*

Response DefaultHttpResponse(decodeResult: success, version: HTTP/1.1)
HTTP/1.1 200 OK
Content-Length: 28832
Content-Type: application/json; charset=utf-8
cache-control: no-cache

10:46:43.921 [AsyncHttpClient-1-5] DEBUG org.asynchttpclient.netty.channel.ChannelManager - Adding key: http://localhost:6382 for channel [id: 0x039f6b85, L:/127.0.0.1:58257 - R:localhost/127.0.0.1:6382]
10:46:43.923 [main] DEBUG net.serenitybdd.core.photography.Darkroom - Send negative for processing for target\site\serenity\e7d3090042f9ab54a85db210b6b3da6ee673fa137847d96229d2601f745d080b.png
10:46:43.924 [main] DEBUG net.thucydides.core.steps.StepInterceptor - STEP DONE: inputPassword
10:46:43.924 [Darkroom Processing Line] DEBUG net.serenitybdd.core.photography.DarkroomProcessingLine - Processing screenshot image in /var/screenshots/screenshot-9802004188891695523
10:46:43.924 [Darkroom Processing Line] DEBUG net.serenitybdd.core.photography.DarkroomProcessingLine - Saving screenshot to target\site\serenity\e7d3090042f9ab54a85db210b6b3da6ee673fa137847d96229d2601f745d080b.png
10:46:43.934 [Forwarding getPageSource on session 7593461ff057e36e3bf35f9942cde28d to remote] DEBUG org.asynchttpclient.netty.request.NettyRequestSender - Using pooled Channel '[id: 0x039f6b85, L:/127.0.0.1:58257 - R:localhost/127.0.0.1:6382]' for 'POST' to 'http://localhost:6382/session/7593461ff057e36e3bf35f9942cde28d/execute/sync'
10:46:43.934 [Forwarding getPageSource on session 7593461ff057e36e3bf35f9942cde28d to remote] DEBUG org.asynchttpclient.netty.request.NettyRequestSender - Using open Channel [id: 0x039f6b85, L:/127.0.0.1:58257 - R:localhost/127.0.0.1:6382] for POST '/session/7593461ff057e36e3bf35f9942cde28d/execute/sync'
10:46:43.945 [AsyncHttpClient-1-5] DEBUG org.asynchttpclient.netty.handler.HttpHandler - 

Request DefaultHttpRequest(decodeResult: success, version: HTTP/1.1)
POST /session/7593461ff057e36e3bf35f9942cde28d/execute/sync HTTP/1.1
User-Agent: selenium/4.8.1 (java windows)
Content-Length: 176
Content-Type: application/json; charset=utf-8
host: localhost:6382
accept: */*

Response DefaultHttpResponse(decodeResult: success, version: HTTP/1.1)
HTTP/1.1 200 OK
Content-Length: 21922
Content-Type: application/json; charset=utf-8
cache-control: no-cache

10:46:43.945 [AsyncHttpClient-1-5] DEBUG org.asynchttpclient.netty.channel.ChannelManager - Adding key: http://localhost:6382 for channel [id: 0x039f6b85, L:/127.0.0.1:58257 - R:localhost/127.0.0.1:6382]
10:46:43.948 [Forwarding getCurrentUrl on session 7593461ff057e36e3bf35f9942cde28d to remote] DEBUG org.asynchttpclient.netty.request.NettyRequestSender - Using pooled Channel '[id: 0x039f6b85, L:/127.0.0.1:58257 - R:localhost/127.0.0.1:6382]' for 'GET' to 'http://localhost:6382/session/7593461ff057e36e3bf35f9942cde28d/url'
10:46:43.948 [Forwarding getCurrentUrl on session 7593461ff057e36e3bf35f9942cde28d to remote] DEBUG org.asynchttpclient.netty.request.NettyRequestSender - Using open Channel [id: 0x039f6b85, L:/127.0.0.1:58257 - R:localhost/127.0.0.1:6382] for GET '/session/7593461ff057e36e3bf35f9942cde28d/url'
10:46:43.953 [AsyncHttpClient-1-5] DEBUG org.asynchttpclient.netty.handler.HttpHandler - 

Request DefaultFullHttpRequest(decodeResult: success, version: HTTP/1.1, content: EmptyByteBufBE)
GET /session/7593461ff057e36e3bf35f9942cde28d/url HTTP/1.1
User-Agent: selenium/4.8.1 (java windows)
Cache-Control: no-cache
Content-Type: application/json; charset=utf-8
host: localhost:6382
accept: */*

Response DefaultHttpResponse(decodeResult: success, version: HTTP/1.1)
HTTP/1.1 200 OK
Content-Length: 51
Content-Type: application/json; charset=utf-8
cache-control: no-cache

10:46:43.953 [AsyncHttpClient-1-5] DEBUG org.asynchttpclient.netty.channel.ChannelManager - Adding key: http://localhost:6382 for channel [id: 0x039f6b85, L:/127.0.0.1:58257 - R:localhost/127.0.0.1:6382]
10:46:43.957 [main] DEBUG net.thucydides.core.steps.StepInterceptor - STARTING STEP: IntegrationSteps.userLogin - ClickLoginButton
10:46:43.959 [Forwarding setTimeout on session 7593461ff057e36e3bf35f9942cde28d to remote] DEBUG org.asynchttpclient.netty.request.NettyRequestSender - Using pooled Channel '[id: 0x039f6b85, L:/127.0.0.1:58257 - R:localhost/127.0.0.1:6382]' for 'POST' to 'http://localhost:6382/session/7593461ff057e36e3bf35f9942cde28d/timeouts'
10:46:43.959 [Forwarding setTimeout on session 7593461ff057e36e3bf35f9942cde28d to remote] DEBUG org.asynchttpclient.netty.request.NettyRequestSender - Using open Channel [id: 0x039f6b85, L:/127.0.0.1:58257 - R:localhost/127.0.0.1:6382] for POST '/session/7593461ff057e36e3bf35f9942cde28d/timeouts'
10:46:43.960 [AsyncHttpClient-1-5] DEBUG org.asynchttpclient.netty.handler.HttpHandler - 

Request DefaultHttpRequest(decodeResult: success, version: HTTP/1.1)
POST /session/7593461ff057e36e3bf35f9942cde28d/timeouts HTTP/1.1
User-Agent: selenium/4.8.1 (java windows)
Content-Length: 19
Content-Type: application/json; charset=utf-8
host: localhost:6382
accept: */*

Response DefaultHttpResponse(decodeResult: success, version: HTTP/1.1)
HTTP/1.1 200 OK
Content-Length: 14
Content-Type: application/json; charset=utf-8
cache-control: no-cache

10:46:43.960 [AsyncHttpClient-1-5] DEBUG org.asynchttpclient.netty.channel.ChannelManager - Adding key: http://localhost:6382 for channel [id: 0x039f6b85, L:/127.0.0.1:58257 - R:localhost/127.0.0.1:6382]
10:46:43.963 [Forwarding findElements on session 7593461ff057e36e3bf35f9942cde28d to remote] DEBUG org.asynchttpclient.netty.request.NettyRequestSender - Using pooled Channel '[id: 0x039f6b85, L:/127.0.0.1:58257 - R:localhost/127.0.0.1:6382]' for 'POST' to 'http://localhost:6382/session/7593461ff057e36e3bf35f9942cde28d/elements'
10:46:43.963 [Forwarding findElements on session 7593461ff057e36e3bf35f9942cde28d to remote] DEBUG org.asynchttpclient.netty.request.NettyRequestSender - Using open Channel [id: 0x039f6b85, L:/127.0.0.1:58257 - R:localhost/127.0.0.1:6382] for POST '/session/7593461ff057e36e3bf35f9942cde28d/elements'
10:46:43.984 [AsyncHttpClient-1-5] DEBUG org.asynchttpclient.netty.handler.HttpHandler - 

Request DefaultHttpRequest(decodeResult: success, version: HTTP/1.1)
POST /session/7593461ff057e36e3bf35f9942cde28d/elements HTTP/1.1
User-Agent: selenium/4.8.1 (java windows)
Content-Length: 222
Content-Type: application/json; charset=utf-8
host: localhost:6382
accept: */*

Response DefaultHttpResponse(decodeResult: success, version: HTTP/1.1)
HTTP/1.1 200 OK
Content-Length: 90
Content-Type: application/json; charset=utf-8
cache-control: no-cache

10:46:43.985 [AsyncHttpClient-1-5] DEBUG org.asynchttpclient.netty.channel.ChannelManager - Adding key: http://localhost:6382 for channel [id: 0x039f6b85, L:/127.0.0.1:58257 - R:localhost/127.0.0.1:6382]
10:46:43.990 [Forwarding isElementDisplayed on session 7593461ff057e36e3bf35f9942cde28d to remote] DEBUG org.asynchttpclient.netty.request.NettyRequestSender - Using pooled Channel '[id: 0x039f6b85, L:/127.0.0.1:58257 - R:localhost/127.0.0.1:6382]' for 'POST' to 'http://localhost:6382/session/7593461ff057e36e3bf35f9942cde28d/execute/sync'
10:46:43.990 [Forwarding isElementDisplayed on session 7593461ff057e36e3bf35f9942cde28d to remote] DEBUG org.asynchttpclient.netty.request.NettyRequestSender - Using open Channel [id: 0x039f6b85, L:/127.0.0.1:58257 - R:localhost/127.0.0.1:6382] for POST '/session/7593461ff057e36e3bf35f9942cde28d/execute/sync'
10:46:44.012 [AsyncHttpClient-1-5] DEBUG org.asynchttpclient.netty.handler.HttpHandler - 

Request DefaultHttpRequest(decodeResult: success, version: HTTP/1.1)
POST /session/7593461ff057e36e3bf35f9942cde28d/execute/sync HTTP/1.1
User-Agent: selenium/4.8.1 (java windows)
Content-Length: 48807
Content-Type: application/json; charset=utf-8
host: localhost:6382
accept: */*

Response DefaultHttpResponse(decodeResult: success, version: HTTP/1.1)
HTTP/1.1 200 OK
Content-Length: 14
Content-Type: application/json; charset=utf-8
cache-control: no-cache

10:46:44.012 [AsyncHttpClient-1-5] DEBUG org.asynchttpclient.netty.channel.ChannelManager - Adding key: http://localhost:6382 for channel [id: 0x039f6b85, L:/127.0.0.1:58257 - R:localhost/127.0.0.1:6382]
10:46:44.026 [Forwarding findElements on session 7593461ff057e36e3bf35f9942cde28d to remote] DEBUG org.asynchttpclient.netty.request.NettyRequestSender - Using pooled Channel '[id: 0x039f6b85, L:/127.0.0.1:58257 - R:localhost/127.0.0.1:6382]' for 'POST' to 'http://localhost:6382/session/7593461ff057e36e3bf35f9942cde28d/elements'
10:46:44.026 [Forwarding findElements on session 7593461ff057e36e3bf35f9942cde28d to remote] DEBUG org.asynchttpclient.netty.request.NettyRequestSender - Using open Channel [id: 0x039f6b85, L:/127.0.0.1:58257 - R:localhost/127.0.0.1:6382] for POST '/session/7593461ff057e36e3bf35f9942cde28d/elements'
10:46:44.034 [AsyncHttpClient-1-5] DEBUG org.asynchttpclient.netty.handler.HttpHandler - 

Request DefaultHttpRequest(decodeResult: success, version: HTTP/1.1)
POST /session/7593461ff057e36e3bf35f9942cde28d/elements HTTP/1.1
User-Agent: selenium/4.8.1 (java windows)
Content-Length: 222
Content-Type: application/json; charset=utf-8
host: localhost:6382
accept: */*

Response DefaultHttpResponse(decodeResult: success, version: HTTP/1.1)
HTTP/1.1 200 OK
Content-Length: 90
Content-Type: application/json; charset=utf-8
cache-control: no-cache

10:46:44.034 [AsyncHttpClient-1-5] DEBUG org.asynchttpclient.netty.channel.ChannelManager - Adding key: http://localhost:6382 for channel [id: 0x039f6b85, L:/127.0.0.1:58257 - R:localhost/127.0.0.1:6382]
10:46:44.039 [Forwarding setTimeout on session 7593461ff057e36e3bf35f9942cde28d to remote] DEBUG org.asynchttpclient.netty.request.NettyRequestSender - Using pooled Channel '[id: 0x039f6b85, L:/127.0.0.1:58257 - R:localhost/127.0.0.1:6382]' for 'POST' to 'http://localhost:6382/session/7593461ff057e36e3bf35f9942cde28d/timeouts'
10:46:44.039 [Forwarding setTimeout on session 7593461ff057e36e3bf35f9942cde28d to remote] DEBUG org.asynchttpclient.netty.request.NettyRequestSender - Using open Channel [id: 0x039f6b85, L:/127.0.0.1:58257 - R:localhost/127.0.0.1:6382] for POST '/session/7593461ff057e36e3bf35f9942cde28d/timeouts'
10:46:44.040 [AsyncHttpClient-1-5] DEBUG org.asynchttpclient.netty.handler.HttpHandler - 

Request DefaultHttpRequest(decodeResult: success, version: HTTP/1.1)
POST /session/7593461ff057e36e3bf35f9942cde28d/timeouts HTTP/1.1
User-Agent: selenium/4.8.1 (java windows)
Content-Length: 22
Content-Type: application/json; charset=utf-8
host: localhost:6382
accept: */*

Response DefaultHttpResponse(decodeResult: success, version: HTTP/1.1)
HTTP/1.1 200 OK
Content-Length: 14
Content-Type: application/json; charset=utf-8
cache-control: no-cache

10:46:44.041 [AsyncHttpClient-1-5] DEBUG org.asynchttpclient.netty.channel.ChannelManager - Adding key: http://localhost:6382 for channel [id: 0x039f6b85, L:/127.0.0.1:58257 - R:localhost/127.0.0.1:6382]
10:46:44.044 [Forwarding getElementTagName on session 7593461ff057e36e3bf35f9942cde28d to remote] DEBUG org.asynchttpclient.netty.request.NettyRequestSender - Using pooled Channel '[id: 0x039f6b85, L:/127.0.0.1:58257 - R:localhost/127.0.0.1:6382]' for 'GET' to 'http://localhost:6382/session/7593461ff057e36e3bf35f9942cde28d/element/5725f41e-1c41-45ce-b647-c67e9ba98ef8/name'
10:46:44.044 [Forwarding getElementTagName on session 7593461ff057e36e3bf35f9942cde28d to remote] DEBUG org.asynchttpclient.netty.request.NettyRequestSender - Using open Channel [id: 0x039f6b85, L:/127.0.0.1:58257 - R:localhost/127.0.0.1:6382] for GET '/session/7593461ff057e36e3bf35f9942cde28d/element/5725f41e-1c41-45ce-b647-c67e9ba98ef8/name'
10:46:44.049 [AsyncHttpClient-1-5] DEBUG org.asynchttpclient.netty.handler.HttpHandler - 

Request DefaultFullHttpRequest(decodeResult: success, version: HTTP/1.1, content: EmptyByteBufBE)
GET /session/7593461ff057e36e3bf35f9942cde28d/element/5725f41e-1c41-45ce-b647-c67e9ba98ef8/name HTTP/1.1
User-Agent: selenium/4.8.1 (java windows)
Cache-Control: no-cache
Content-Type: application/json; charset=utf-8
host: localhost:6382
accept: */*

Response DefaultHttpResponse(decodeResult: success, version: HTTP/1.1)
HTTP/1.1 200 OK
Content-Length: 18
Content-Type: application/json; charset=utf-8
cache-control: no-cache

10:46:44.049 [AsyncHttpClient-1-5] DEBUG org.asynchttpclient.netty.channel.ChannelManager - Adding key: http://localhost:6382 for channel [id: 0x039f6b85, L:/127.0.0.1:58257 - R:localhost/127.0.0.1:6382]
10:46:44.050 [Forwarding getElementTagName on session 7593461ff057e36e3bf35f9942cde28d to remote] DEBUG org.asynchttpclient.netty.request.NettyRequestSender - Using pooled Channel '[id: 0x039f6b85, L:/127.0.0.1:58257 - R:localhost/127.0.0.1:6382]' for 'GET' to 'http://localhost:6382/session/7593461ff057e36e3bf35f9942cde28d/element/5725f41e-1c41-45ce-b647-c67e9ba98ef8/name'
10:46:44.050 [Forwarding getElementTagName on session 7593461ff057e36e3bf35f9942cde28d to remote] DEBUG org.asynchttpclient.netty.request.NettyRequestSender - Using open Channel [id: 0x039f6b85, L:/127.0.0.1:58257 - R:localhost/127.0.0.1:6382] for GET '/session/7593461ff057e36e3bf35f9942cde28d/element/5725f41e-1c41-45ce-b647-c67e9ba98ef8/name'
10:46:44.057 [AsyncHttpClient-1-5] DEBUG org.asynchttpclient.netty.handler.HttpHandler - 

Request DefaultFullHttpRequest(decodeResult: success, version: HTTP/1.1, content: EmptyByteBufBE)
GET /session/7593461ff057e36e3bf35f9942cde28d/element/5725f41e-1c41-45ce-b647-c67e9ba98ef8/name HTTP/1.1
User-Agent: selenium/4.8.1 (java windows)
Cache-Control: no-cache
Content-Type: application/json; charset=utf-8
host: localhost:6382
accept: */*

Response DefaultHttpResponse(decodeResult: success, version: HTTP/1.1)
HTTP/1.1 200 OK
Content-Length: 18
Content-Type: application/json; charset=utf-8
cache-control: no-cache

10:46:44.057 [AsyncHttpClient-1-5] DEBUG org.asynchttpclient.netty.channel.ChannelManager - Adding key: http://localhost:6382 for channel [id: 0x039f6b85, L:/127.0.0.1:58257 - R:localhost/127.0.0.1:6382]
10:46:44.060 [Forwarding isElementEnabled on session 7593461ff057e36e3bf35f9942cde28d to remote] DEBUG org.asynchttpclient.netty.request.NettyRequestSender - Using pooled Channel '[id: 0x039f6b85, L:/127.0.0.1:58257 - R:localhost/127.0.0.1:6382]' for 'GET' to 'http://localhost:6382/session/7593461ff057e36e3bf35f9942cde28d/element/5725f41e-1c41-45ce-b647-c67e9ba98ef8/enabled'
10:46:44.060 [Forwarding isElementEnabled on session 7593461ff057e36e3bf35f9942cde28d to remote] DEBUG org.asynchttpclient.netty.request.NettyRequestSender - Using open Channel [id: 0x039f6b85, L:/127.0.0.1:58257 - R:localhost/127.0.0.1:6382] for GET '/session/7593461ff057e36e3bf35f9942cde28d/element/5725f41e-1c41-45ce-b647-c67e9ba98ef8/enabled'
10:46:44.071 [AsyncHttpClient-1-5] DEBUG org.asynchttpclient.netty.handler.HttpHandler - 

Request DefaultFullHttpRequest(decodeResult: success, version: HTTP/1.1, content: EmptyByteBufBE)
GET /session/7593461ff057e36e3bf35f9942cde28d/element/5725f41e-1c41-45ce-b647-c67e9ba98ef8/enabled HTTP/1.1
User-Agent: selenium/4.8.1 (java windows)
Cache-Control: no-cache
Content-Type: application/json; charset=utf-8
host: localhost:6382
accept: */*

Response DefaultHttpResponse(decodeResult: success, version: HTTP/1.1)
HTTP/1.1 200 OK
Content-Length: 14
Content-Type: application/json; charset=utf-8
cache-control: no-cache

10:46:44.071 [AsyncHttpClient-1-5] DEBUG org.asynchttpclient.netty.channel.ChannelManager - Adding key: http://localhost:6382 for channel [id: 0x039f6b85, L:/127.0.0.1:58257 - R:localhost/127.0.0.1:6382]
10:46:44.073 [Forwarding isElementEnabled on session 7593461ff057e36e3bf35f9942cde28d to remote] DEBUG org.asynchttpclient.netty.request.NettyRequestSender - Using pooled Channel '[id: 0x039f6b85, L:/127.0.0.1:58257 - R:localhost/127.0.0.1:6382]' for 'GET' to 'http://localhost:6382/session/7593461ff057e36e3bf35f9942cde28d/element/5725f41e-1c41-45ce-b647-c67e9ba98ef8/enabled'
10:46:44.073 [Forwarding isElementEnabled on session 7593461ff057e36e3bf35f9942cde28d to remote] DEBUG org.asynchttpclient.netty.request.NettyRequestSender - Using open Channel [id: 0x039f6b85, L:/127.0.0.1:58257 - R:localhost/127.0.0.1:6382] for GET '/session/7593461ff057e36e3bf35f9942cde28d/element/5725f41e-1c41-45ce-b647-c67e9ba98ef8/enabled'
10:46:44.079 [AsyncHttpClient-1-5] DEBUG org.asynchttpclient.netty.handler.HttpHandler - 

Request DefaultFullHttpRequest(decodeResult: success, version: HTTP/1.1, content: EmptyByteBufBE)
GET /session/7593461ff057e36e3bf35f9942cde28d/element/5725f41e-1c41-45ce-b647-c67e9ba98ef8/enabled HTTP/1.1
User-Agent: selenium/4.8.1 (java windows)
Cache-Control: no-cache
Content-Type: application/json; charset=utf-8
host: localhost:6382
accept: */*

Response DefaultHttpResponse(decodeResult: success, version: HTTP/1.1)
HTTP/1.1 200 OK
Content-Length: 14
Content-Type: application/json; charset=utf-8
cache-control: no-cache

10:46:44.079 [AsyncHttpClient-1-5] DEBUG org.asynchttpclient.netty.channel.ChannelManager - Adding key: http://localhost:6382 for channel [id: 0x039f6b85, L:/127.0.0.1:58257 - R:localhost/127.0.0.1:6382]
10:46:44.080 [Forwarding clickElement on session 7593461ff057e36e3bf35f9942cde28d to remote] DEBUG org.asynchttpclient.netty.request.NettyRequestSender - Using pooled Channel '[id: 0x039f6b85, L:/127.0.0.1:58257 - R:localhost/127.0.0.1:6382]' for 'POST' to 'http://localhost:6382/session/7593461ff057e36e3bf35f9942cde28d/element/5725f41e-1c41-45ce-b647-c67e9ba98ef8/click'
10:46:44.080 [Forwarding clickElement on session 7593461ff057e36e3bf35f9942cde28d to remote] DEBUG org.asynchttpclient.netty.request.NettyRequestSender - Using open Channel [id: 0x039f6b85, L:/127.0.0.1:58257 - R:localhost/127.0.0.1:6382] for POST '/session/7593461ff057e36e3bf35f9942cde28d/element/5725f41e-1c41-45ce-b647-c67e9ba98ef8/click'
10:46:44.125 [AsyncHttpClient-1-5] DEBUG org.asynchttpclient.netty.handler.HttpHandler - 

Request DefaultHttpRequest(decodeResult: success, version: HTTP/1.1)
POST /session/7593461ff057e36e3bf35f9942cde28d/element/5725f41e-1c41-45ce-b647-c67e9ba98ef8/click HTTP/1.1
User-Agent: selenium/4.8.1 (java windows)
Content-Length: 50
Content-Type: application/json; charset=utf-8
host: localhost:6382
accept: */*

Response DefaultHttpResponse(decodeResult: success, version: HTTP/1.1)
HTTP/1.1 200 OK
Content-Length: 14
Content-Type: application/json; charset=utf-8
cache-control: no-cache

10:46:44.125 [AsyncHttpClient-1-5] DEBUG org.asynchttpclient.netty.channel.ChannelManager - Adding key: http://localhost:6382 for channel [id: 0x039f6b85, L:/127.0.0.1:58257 - R:localhost/127.0.0.1:6382]
10:46:44.130 [Forwarding getAlertText on session 7593461ff057e36e3bf35f9942cde28d to remote] DEBUG org.asynchttpclient.netty.request.NettyRequestSender - Using pooled Channel '[id: 0x039f6b85, L:/127.0.0.1:58257 - R:localhost/127.0.0.1:6382]' for 'GET' to 'http://localhost:6382/session/7593461ff057e36e3bf35f9942cde28d/alert/text'
10:46:44.130 [Forwarding getAlertText on session 7593461ff057e36e3bf35f9942cde28d to remote] DEBUG org.asynchttpclient.netty.request.NettyRequestSender - Using open Channel [id: 0x039f6b85, L:/127.0.0.1:58257 - R:localhost/127.0.0.1:6382] for GET '/session/7593461ff057e36e3bf35f9942cde28d/alert/text'
10:46:44.132 [AsyncHttpClient-1-5] DEBUG org.asynchttpclient.netty.handler.HttpHandler - 

Request DefaultFullHttpRequest(decodeResult: success, version: HTTP/1.1, content: EmptyByteBufBE)
GET /session/7593461ff057e36e3bf35f9942cde28d/alert/text HTTP/1.1
User-Agent: selenium/4.8.1 (java windows)
Cache-Control: no-cache
Content-Type: application/json; charset=utf-8
host: localhost:6382
accept: */*

Response DefaultHttpResponse(decodeResult: success, version: HTTP/1.1)
HTTP/1.1 404 Not Found
Content-Length: 848
Content-Type: application/json; charset=utf-8
cache-control: no-cache

10:46:44.132 [AsyncHttpClient-1-5] DEBUG org.asynchttpclient.netty.channel.ChannelManager - Adding key: http://localhost:6382 for channel [id: 0x039f6b85, L:/127.0.0.1:58257 - R:localhost/127.0.0.1:6382]
10:46:44.133 [Forwarding getCurrentUrl on session 7593461ff057e36e3bf35f9942cde28d to remote] DEBUG org.asynchttpclient.netty.request.NettyRequestSender - Using pooled Channel '[id: 0x039f6b85, L:/127.0.0.1:58257 - R:localhost/127.0.0.1:6382]' for 'GET' to 'http://localhost:6382/session/7593461ff057e36e3bf35f9942cde28d/url'
10:46:44.133 [Forwarding getCurrentUrl on session 7593461ff057e36e3bf35f9942cde28d to remote] DEBUG org.asynchttpclient.netty.request.NettyRequestSender - Using open Channel [id: 0x039f6b85, L:/127.0.0.1:58257 - R:localhost/127.0.0.1:6382] for GET '/session/7593461ff057e36e3bf35f9942cde28d/url'
10:46:44.137 [AsyncHttpClient-1-5] DEBUG org.asynchttpclient.netty.handler.HttpHandler - 

Request DefaultFullHttpRequest(decodeResult: success, version: HTTP/1.1, content: EmptyByteBufBE)
GET /session/7593461ff057e36e3bf35f9942cde28d/url HTTP/1.1
User-Agent: selenium/4.8.1 (java windows)
Cache-Control: no-cache
Content-Type: application/json; charset=utf-8
host: localhost:6382
accept: */*

Response DefaultHttpResponse(decodeResult: success, version: HTTP/1.1)
HTTP/1.1 200 OK
Content-Length: 51
Content-Type: application/json; charset=utf-8
cache-control: no-cache

10:46:44.137 [AsyncHttpClient-1-5] DEBUG org.asynchttpclient.netty.channel.ChannelManager - Adding key: http://localhost:6382 for channel [id: 0x039f6b85, L:/127.0.0.1:58257 - R:localhost/127.0.0.1:6382]
10:46:44.139 [Forwarding screenshot on session 7593461ff057e36e3bf35f9942cde28d to remote] DEBUG org.asynchttpclient.netty.request.NettyRequestSender - Using pooled Channel '[id: 0x039f6b85, L:/127.0.0.1:58257 - R:localhost/127.0.0.1:6382]' for 'GET' to 'http://localhost:6382/session/7593461ff057e36e3bf35f9942cde28d/screenshot'
10:46:44.139 [Forwarding screenshot on session 7593461ff057e36e3bf35f9942cde28d to remote] DEBUG org.asynchttpclient.netty.request.NettyRequestSender - Using open Channel [id: 0x039f6b85, L:/127.0.0.1:58257 - R:localhost/127.0.0.1:6382] for GET '/session/7593461ff057e36e3bf35f9942cde28d/screenshot'
10:46:44.268 [AsyncHttpClient-1-5] DEBUG org.asynchttpclient.netty.handler.HttpHandler - 

Request DefaultFullHttpRequest(decodeResult: success, version: HTTP/1.1, content: EmptyByteBufBE)
GET /session/7593461ff057e36e3bf35f9942cde28d/screenshot HTTP/1.1
User-Agent: selenium/4.8.1 (java windows)
Cache-Control: no-cache
Content-Type: application/json; charset=utf-8
host: localhost:6382
accept: */*

Response DefaultHttpResponse(decodeResult: success, version: HTTP/1.1)
HTTP/1.1 200 OK
Content-Length: 28532
Content-Type: application/json; charset=utf-8
cache-control: no-cache

10:46:44.268 [AsyncHttpClient-1-5] DEBUG org.asynchttpclient.netty.channel.ChannelManager - Adding key: http://localhost:6382 for channel [id: 0x039f6b85, L:/127.0.0.1:58257 - R:localhost/127.0.0.1:6382]
10:46:44.271 [main] DEBUG net.serenitybdd.core.photography.Darkroom - Send negative for processing for target\site\serenity\9b7a01f0273e4dfd90fd58de817833bcba395d3a3b4b347dbd199a56ed48a0ed.png
10:46:44.272 [main] DEBUG net.thucydides.core.steps.StepInterceptor - STEP DONE: ClickLoginButton
  &amp#27;[32mAnd &amp#27;[0m&amp#27;[32mUser success to login&amp#27;[0m                                               &amp#27;[90m# starter.stepdefinition.IntegrationSteps.userLogin()&amp#27;[0m
10:46:44.272 [Darkroom Processing Line] DEBUG net.serenitybdd.core.photography.DarkroomProcessingLine - Processing screenshot image in /var/screenshots/screenshot-16849559119610323992
10:46:44.272 [Darkroom Processing Line] DEBUG net.serenitybdd.core.photography.DarkroomProcessingLine - Saving screenshot to target\site\serenity\9b7a01f0273e4dfd90fd58de817833bcba395d3a3b4b347dbd199a56ed48a0ed.png
10:46:44.284 [Forwarding getPageSource on session 7593461ff057e36e3bf35f9942cde28d to remote] DEBUG org.asynchttpclient.netty.request.NettyRequestSender - Using pooled Channel '[id: 0x039f6b85, L:/127.0.0.1:58257 - R:localhost/127.0.0.1:6382]' for 'POST' to 'http://localhost:6382/session/7593461ff057e36e3bf35f9942cde28d/execute/sync'
10:46:44.285 [Forwarding getPageSource on session 7593461ff057e36e3bf35f9942cde28d to remote] DEBUG org.asynchttpclient.netty.request.NettyRequestSender - Using open Channel [id: 0x039f6b85, L:/127.0.0.1:58257 - R:localhost/127.0.0.1:6382] for POST '/session/7593461ff057e36e3bf35f9942cde28d/execute/sync'
10:46:44.293 [AsyncHttpClient-1-5] DEBUG org.asynchttpclient.netty.handler.HttpHandler - 

Request DefaultHttpRequest(decodeResult: success, version: HTTP/1.1)
POST /session/7593461ff057e36e3bf35f9942cde28d/execute/sync HTTP/1.1
User-Agent: selenium/4.8.1 (java windows)
Content-Length: 176
Content-Type: application/json; charset=utf-8
host: localhost:6382
accept: */*

Response DefaultHttpResponse(decodeResult: success, version: HTTP/1.1)
HTTP/1.1 200 OK
Content-Length: 22188
Content-Type: application/json; charset=utf-8
cache-control: no-cache

10:46:44.293 [AsyncHttpClient-1-5] DEBUG org.asynchttpclient.netty.channel.ChannelManager - Adding key: http://localhost:6382 for channel [id: 0x039f6b85, L:/127.0.0.1:58257 - R:localhost/127.0.0.1:6382]
10:46:44.302 [Forwarding getCurrentUrl on session 7593461ff057e36e3bf35f9942cde28d to remote] DEBUG org.asynchttpclient.netty.request.NettyRequestSender - Using pooled Channel '[id: 0x039f6b85, L:/127.0.0.1:58257 - R:localhost/127.0.0.1:6382]' for 'GET' to 'http://localhost:6382/session/7593461ff057e36e3bf35f9942cde28d/url'
10:46:44.302 [Forwarding getCurrentUrl on session 7593461ff057e36e3bf35f9942cde28d to remote] DEBUG org.asynchttpclient.netty.request.NettyRequestSender - Using open Channel [id: 0x039f6b85, L:/127.0.0.1:58257 - R:localhost/127.0.0.1:6382] for GET '/session/7593461ff057e36e3bf35f9942cde28d/url'
10:46:44.309 [AsyncHttpClient-1-5] DEBUG org.asynchttpclient.netty.handler.HttpHandler - 

Request DefaultFullHttpRequest(decodeResult: success, version: HTTP/1.1, content: EmptyByteBufBE)
GET /session/7593461ff057e36e3bf35f9942cde28d/url HTTP/1.1
User-Agent: selenium/4.8.1 (java windows)
Cache-Control: no-cache
Content-Type: application/json; charset=utf-8
host: localhost:6382
accept: */*

Response DefaultHttpResponse(decodeResult: success, version: HTTP/1.1)
HTTP/1.1 200 OK
Content-Length: 51
Content-Type: application/json; charset=utf-8
cache-control: no-cache

10:46:44.309 [AsyncHttpClient-1-5] DEBUG org.asynchttpclient.netty.channel.ChannelManager - Adding key: http://localhost:6382 for channel [id: 0x039f6b85, L:/127.0.0.1:58257 - R:localhost/127.0.0.1:6382]
10:46:44.319 [Forwarding getPageSource on session 7593461ff057e36e3bf35f9942cde28d to remote] DEBUG org.asynchttpclient.netty.request.NettyRequestSender - Using pooled Channel '[id: 0x039f6b85, L:/127.0.0.1:58257 - R:localhost/127.0.0.1:6382]' for 'POST' to 'http://localhost:6382/session/7593461ff057e36e3bf35f9942cde28d/execute/sync'
10:46:44.320 [Forwarding getPageSource on session 7593461ff057e36e3bf35f9942cde28d to remote] DEBUG org.asynchttpclient.netty.request.NettyRequestSender - Using open Channel [id: 0x039f6b85, L:/127.0.0.1:58257 - R:localhost/127.0.0.1:6382] for POST '/session/7593461ff057e36e3bf35f9942cde28d/execute/sync'
10:46:44.329 [AsyncHttpClient-1-5] DEBUG org.asynchttpclient.netty.handler.HttpHandler - 

Request DefaultHttpRequest(decodeResult: success, version: HTTP/1.1)
POST /session/7593461ff057e36e3bf35f9942cde28d/execute/sync HTTP/1.1
User-Agent: selenium/4.8.1 (java windows)
Content-Length: 176
Content-Type: application/json; charset=utf-8
host: localhost:6382
accept: */*

Response DefaultHttpResponse(decodeResult: success, version: HTTP/1.1)
HTTP/1.1 200 OK
Content-Length: 22188
Content-Type: application/json; charset=utf-8
cache-control: no-cache

10:46:44.329 [AsyncHttpClient-1-5] DEBUG org.asynchttpclient.netty.channel.ChannelManager - Adding key: http://localhost:6382 for channel [id: 0x039f6b85, L:/127.0.0.1:58257 - R:localhost/127.0.0.1:6382]
10:46:44.332 [Forwarding getCurrentUrl on session 7593461ff057e36e3bf35f9942cde28d to remote] DEBUG org.asynchttpclient.netty.request.NettyRequestSender - Using pooled Channel '[id: 0x039f6b85, L:/127.0.0.1:58257 - R:localhost/127.0.0.1:6382]' for 'GET' to 'http://localhost:6382/session/7593461ff057e36e3bf35f9942cde28d/url'
10:46:44.332 [Forwarding getCurrentUrl on session 7593461ff057e36e3bf35f9942cde28d to remote] DEBUG org.asynchttpclient.netty.request.NettyRequestSender - Using open Channel [id: 0x039f6b85, L:/127.0.0.1:58257 - R:localhost/127.0.0.1:6382] for GET '/session/7593461ff057e36e3bf35f9942cde28d/url'
10:46:44.337 [AsyncHttpClient-1-5] DEBUG org.asynchttpclient.netty.handler.HttpHandler - 

Request DefaultFullHttpRequest(decodeResult: success, version: HTTP/1.1, content: EmptyByteBufBE)
GET /session/7593461ff057e36e3bf35f9942cde28d/url HTTP/1.1
User-Agent: selenium/4.8.1 (java windows)
Cache-Control: no-cache
Content-Type: application/json; charset=utf-8
host: localhost:6382
accept: */*

Response DefaultHttpResponse(decodeResult: success, version: HTTP/1.1)
HTTP/1.1 200 OK
Content-Length: 51
Content-Type: application/json; charset=utf-8
cache-control: no-cache

10:46:44.338 [AsyncHttpClient-1-5] DEBUG org.asynchttpclient.netty.channel.ChannelManager - Adding key: http://localhost:6382 for channel [id: 0x039f6b85, L:/127.0.0.1:58257 - R:localhost/127.0.0.1:6382]
10:46:44.341 [main] DEBUG net.thucydides.core.steps.StepInterceptor - STARTING STEP: IntegrationSteps.seeDetail - detailButton
10:46:44.346 [Forwarding findElement on session 7593461ff057e36e3bf35f9942cde28d to remote] DEBUG org.asynchttpclient.netty.request.NettyRequestSender - Using pooled Channel '[id: 0x039f6b85, L:/127.0.0.1:58257 - R:localhost/127.0.0.1:6382]' for 'POST' to 'http://localhost:6382/session/7593461ff057e36e3bf35f9942cde28d/element'
10:46:44.346 [Forwarding findElement on session 7593461ff057e36e3bf35f9942cde28d to remote] DEBUG org.asynchttpclient.netty.request.NettyRequestSender - Using open Channel [id: 0x039f6b85, L:/127.0.0.1:58257 - R:localhost/127.0.0.1:6382] for POST '/session/7593461ff057e36e3bf35f9942cde28d/element'
10:46:44.950 [AsyncHttpClient-1-1] DEBUG org.asynchttpclient.netty.channel.DefaultChannelPool - Entry count for : http://localhost:58259 : 1
10:46:46.054 [AsyncHttpClient-1-1] DEBUG org.asynchttpclient.netty.channel.DefaultChannelPool - Entry count for : http://localhost:58259 : 1
10:46:46.438 [AsyncHttpClient-1-5] DEBUG org.asynchttpclient.netty.handler.HttpHandler - 

Request DefaultHttpRequest(decodeResult: success, version: HTTP/1.1)
POST /session/7593461ff057e36e3bf35f9942cde28d/element HTTP/1.1
User-Agent: selenium/4.8.1 (java windows)
Content-Length: 184
Content-Type: application/json; charset=utf-8
host: localhost:6382
accept: */*

Response DefaultHttpResponse(decodeResult: success, version: HTTP/1.1)
HTTP/1.1 404 Not Found
Content-Length: 1025
Content-Type: application/json; charset=utf-8
cache-control: no-cache

10:46:46.438 [AsyncHttpClient-1-5] DEBUG org.asynchttpclient.netty.channel.ChannelManager - Adding key: http://localhost:6382 for channel [id: 0x039f6b85, L:/127.0.0.1:58257 - R:localhost/127.0.0.1:6382]
10:46:46.557 [Forwarding findElement on session 7593461ff057e36e3bf35f9942cde28d to remote] DEBUG org.asynchttpclient.netty.request.NettyRequestSender - Using pooled Channel '[id: 0x039f6b85, L:/127.0.0.1:58257 - R:localhost/127.0.0.1:6382]' for 'POST' to 'http://localhost:6382/session/7593461ff057e36e3bf35f9942cde28d/element'
10:46:46.557 [Forwarding findElement on session 7593461ff057e36e3bf35f9942cde28d to remote] DEBUG org.asynchttpclient.netty.request.NettyRequestSender - Using open Channel [id: 0x039f6b85, L:/127.0.0.1:58257 - R:localhost/127.0.0.1:6382] for POST '/session/7593461ff057e36e3bf35f9942cde28d/element'
10:46:47.150 [AsyncHttpClient-1-1] DEBUG org.asynchttpclient.netty.channel.DefaultChannelPool - Entry count for : http://localhost:58259 : 1
10:46:48.252 [AsyncHttpClient-1-1] DEBUG org.asynchttpclient.netty.channel.DefaultChannelPool - Entry count for : http://localhost:58259 : 1
10:46:48.574 [AsyncHttpClient-1-5] DEBUG org.asynchttpclient.netty.handler.HttpHandler - 

Request DefaultHttpRequest(decodeResult: success, version: HTTP/1.1)
POST /session/7593461ff057e36e3bf35f9942cde28d/element HTTP/1.1
User-Agent: selenium/4.8.1 (java windows)
Content-Length: 184
Content-Type: application/json; charset=utf-8
host: localhost:6382
accept: */*

Response DefaultHttpResponse(decodeResult: success, version: HTTP/1.1)
HTTP/1.1 404 Not Found
Content-Length: 1025
Content-Type: application/json; charset=utf-8
cache-control: no-cache

10:46:48.574 [AsyncHttpClient-1-5] DEBUG org.asynchttpclient.netty.channel.ChannelManager - Adding key: http://localhost:6382 for channel [id: 0x039f6b85, L:/127.0.0.1:58257 - R:localhost/127.0.0.1:6382]
10:46:48.678 [Forwarding findElement on session 7593461ff057e36e3bf35f9942cde28d to remote] DEBUG org.asynchttpclient.netty.request.NettyRequestSender - Using pooled Channel '[id: 0x039f6b85, L:/127.0.0.1:58257 - R:localhost/127.0.0.1:6382]' for 'POST' to 'http://localhost:6382/session/7593461ff057e36e3bf35f9942cde28d/element'
10:46:48.678 [Forwarding findElement on session 7593461ff057e36e3bf35f9942cde28d to remote] DEBUG org.asynchttpclient.netty.request.NettyRequestSender - Using open Channel [id: 0x039f6b85, L:/127.0.0.1:58257 - R:localhost/127.0.0.1:6382] for POST '/session/7593461ff057e36e3bf35f9942cde28d/element'
10:46:49.345 [AsyncHttpClient-1-1] DEBUG org.asynchttpclient.netty.channel.DefaultChannelPool - Entry count for : http://localhost:58259 : 1
10:46:50.454 [AsyncHttpClient-1-1] DEBUG org.asynchttpclient.netty.channel.DefaultChannelPool - Entry count for : http://localhost:58259 : 1
10:46:51.545 [AsyncHttpClient-1-1] DEBUG org.asynchttpclient.netty.channel.DefaultChannelPool - Entry count for : http://localhost:58259 : 1
10:46:52.651 [AsyncHttpClient-1-1] DEBUG org.asynchttpclient.netty.channel.DefaultChannelPool - Entry count for : http://localhost:58259 : 1
10:46:53.747 [AsyncHttpClient-1-1] DEBUG org.asynchttpclient.netty.channel.DefaultChannelPool - Entry count for : http://localhost:58259 : 1
10:46:54.845 [AsyncHttpClient-1-1] DEBUG org.asynchttpclient.netty.channel.DefaultChannelPool - Entry count for : http://localhost:58259 : 1
10:46:55.947 [AsyncHttpClient-1-1] DEBUG org.asynchttpclient.netty.channel.DefaultChannelPool - Entry count for : http://localhost:58259 : 1
10:46:57.049 [AsyncHttpClient-1-1] DEBUG org.asynchttpclient.netty.channel.DefaultChannelPool - Entry count for : http://localhost:58259 : 1
10:46:58.144 [AsyncHttpClient-1-1] DEBUG org.asynchttpclient.netty.channel.DefaultChannelPool - Entry count for : http://localhost:58259 : 1
10:46:59.244 [AsyncHttpClient-1-1] DEBUG org.asynchttpclient.netty.channel.DefaultChannelPool - Entry count for : http://localhost:58259 : 1
10:47:00.350 [AsyncHttpClient-1-1] DEBUG org.asynchttpclient.netty.channel.DefaultChannelPool - Entry count for : http://localhost:58259 : 1
10:47:01.450 [AsyncHttpClient-1-1] DEBUG org.asynchttpclient.netty.channel.DefaultChannelPool - Entry count for : http://localhost:58259 : 1
10:47:02.544 [AsyncHttpClient-1-1] DEBUG org.asynchttpclient.netty.channel.DefaultChannelPool - Entry count for : http://localhost:58259 : 1
10:47:03.646 [AsyncHttpClient-1-1] DEBUG org.asynchttpclient.netty.channel.DefaultChannelPool - Entry count for : http://localhost:58259 : 1
10:47:04.745 [AsyncHttpClient-1-1] DEBUG org.asynchttpclient.netty.channel.DefaultChannelPool - Entry count for : http://localhost:58259 : 1
10:47:05.845 [AsyncHttpClient-1-1] DEBUG org.asynchttpclient.netty.channel.DefaultChannelPool - Entry count for : http://localhost:58259 : 1
10:47:06.956 [AsyncHttpClient-1-1] DEBUG org.asynchttpclient.netty.channel.DefaultChannelPool - Entry count for : http://localhost:58259 : 1
10:47:08.046 [AsyncHttpClient-1-1] DEBUG org.asynchttpclient.netty.channel.DefaultChannelPool - Entry count for : http://localhost:58259 : 1
10:47:09.145 [AsyncHttpClient-1-1] DEBUG org.asynchttpclient.netty.channel.DefaultChannelPool - Entry count for : http://localhost:58259 : 1
10:47:10.247 [AsyncHttpClient-1-1] DEBUG org.asynchttpclient.netty.channel.DefaultChannelPool - Entry count for : http://localhost:58259 : 1
10:47:11.350 [AsyncHttpClient-1-1] DEBUG org.asynchttpclient.netty.channel.DefaultChannelPool - Entry count for : http://localhost:58259 : 1
10:47:12.448 [AsyncHttpClient-1-1] DEBUG org.asynchttpclient.netty.channel.DefaultChannelPool - Entry count for : http://localhost:58259 : 1
10:47:13.553 [AsyncHttpClient-1-1] DEBUG org.asynchttpclient.netty.channel.DefaultChannelPool - Entry count for : http://localhost:58259 : 1
10:47:14.645 [AsyncHttpClient-1-1] DEBUG org.asynchttpclient.netty.channel.DefaultChannelPool - Entry count for : http://localhost:58259 : 1
10:47:15.749 [AsyncHttpClient-1-1] DEBUG org.asynchttpclient.netty.channel.DefaultChannelPool - Entry count for : http://localhost:58259 : 1
10:47:16.855 [AsyncHttpClient-1-1] DEBUG org.asynchttpclient.netty.channel.DefaultChannelPool - Entry count for : http://localhost:58259 : 1
10:47:17.953 [AsyncHttpClient-1-1] DEBUG org.asynchttpclient.netty.channel.DefaultChannelPool - Entry count for : http://localhost:58259 : 1
10:47:19.044 [AsyncHttpClient-1-1] DEBUG org.asynchttpclient.netty.channel.DefaultChannelPool - Entry count for : http://localhost:58259 : 1
10:47:20.147 [AsyncHttpClient-1-1] DEBUG org.asynchttpclient.netty.channel.DefaultChannelPool - Entry count for : http://localhost:58259 : 1
10:47:21.246 [AsyncHttpClient-1-1] DEBUG org.asynchttpclient.netty.channel.DefaultChannelPool - Entry count for : http://localhost:58259 : 1
10:47:22.346 [AsyncHttpClient-1-1] DEBUG org.asynchttpclient.netty.channel.DefaultChannelPool - Entry count for : http://localhost:58259 : 1
10:47:23.445 [AsyncHttpClient-1-1] DEBUG org.asynchttpclient.netty.channel.DefaultChannelPool - Entry count for : http://localhost:58259 : 1
10:47:24.544 [AsyncHttpClient-1-1] DEBUG org.asynchttpclient.netty.channel.DefaultChannelPool - Entry count for : http://localhost:58259 : 1
10:47:25.649 [AsyncHttpClient-1-1] DEBUG org.asynchttpclient.netty.channel.DefaultChannelPool - Entry count for : http://localhost:58259 : 1
10:47:26.749 [AsyncHttpClient-1-1] DEBUG org.asynchttpclient.netty.channel.DefaultChannelPool - Entry count for : http://localhost:58259 : 1
10:47:27.857 [AsyncHttpClient-1-1] DEBUG org.asynchttpclient.netty.channel.DefaultChannelPool - Entry count for : http://localhost:58259 : 1
10:47:28.948 [AsyncHttpClient-1-1] DEBUG org.asynchttpclient.netty.channel.DefaultChannelPool - Entry count for : http://localhost:58259 : 1
10:47:30.054 [AsyncHttpClient-1-1] DEBUG org.asynchttpclient.netty.channel.DefaultChannelPool - Entry count for : http://localhost:58259 : 1
10:47:31.154 [AsyncHttpClient-1-1] DEBUG org.asynchttpclient.netty.channel.DefaultChannelPool - Entry count for : http://localhost:58259 : 1
10:47:32.245 [AsyncHttpClient-1-1] DEBUG org.asynchttpclient.netty.channel.DefaultChannelPool - Entry count for : http://localhost:58259 : 1
10:47:33.351 [AsyncHttpClient-1-1] DEBUG org.asynchttpclient.netty.channel.DefaultChannelPool - Entry count for : http://localhost:58259 : 1
10:47:34.444 [AsyncHttpClient-1-1] DEBUG org.asynchttpclient.netty.channel.DefaultChannelPool - Entry count for : http://localhost:58259 : 1
10:47:35.545 [AsyncHttpClient-1-1] DEBUG org.asynchttpclient.netty.channel.DefaultChannelPool - Entry count for : http://localhost:58259 : 1
10:47:36.647 [AsyncHttpClient-1-1] DEBUG org.asynchttpclient.netty.channel.DefaultChannelPool - Entry count for : http://localhost:58259 : 1
10:47:37.745 [AsyncHttpClient-1-1] DEBUG org.asynchttpclient.netty.channel.DefaultChannelPool - Entry count for : http://localhost:58259 : 1
10:47:38.845 [AsyncHttpClient-1-1] DEBUG org.asynchttpclient.netty.channel.DefaultChannelPool - Entry count for : http://localhost:58259 : 1
10:47:38.845 [AsyncHttpClient-1-1] DEBUG org.asynchttpclient.netty.channel.DefaultChannelPool - Adding Candidate expired Channel [id: 0x100e6704, L:/127.0.0.1:58264 - R:localhost/127.0.0.1:58259] isIdleTimeoutExpired=true isRemotelyClosed=false isTtlExpired=false
10:47:38.845 [AsyncHttpClient-1-1] DEBUG org.asynchttpclient.netty.channel.DefaultChannelPool - Closing Idle Channel [id: 0x100e6704, L:/127.0.0.1:58264 - R:localhost/127.0.0.1:58259]
10:47:38.846 [AsyncHttpClient-1-1] DEBUG org.asynchttpclient.netty.channel.DefaultChannelPool - Closed 1 connections out of 1 in 1 ms
10:47:38.847 [AsyncHttpClient-1-6] DEBUG org.asynchttpclient.netty.handler.HttpHandler - Channel Closed: [id: 0x100e6704, L:/127.0.0.1:58264 ! R:localhost/127.0.0.1:58259] with attribute DISCARD
10:47:51.599 [AsyncHttpClient-1-5] DEBUG org.asynchttpclient.netty.handler.HttpHandler - 

Request DefaultHttpRequest(decodeResult: success, version: HTTP/1.1)
POST /session/7593461ff057e36e3bf35f9942cde28d/element HTTP/1.1
User-Agent: selenium/4.8.1 (java windows)
Content-Length: 184
Content-Type: application/json; charset=utf-8
host: localhost:6382
accept: */*

Response DefaultHttpResponse(decodeResult: success, version: HTTP/1.1)
HTTP/1.1 200 OK
Content-Length: 88
Content-Type: application/json; charset=utf-8
cache-control: no-cache

10:47:51.601 [AsyncHttpClient-1-5] DEBUG org.asynchttpclient.netty.channel.ChannelManager - Adding key: http://localhost:6382 for channel [id: 0x039f6b85, L:/127.0.0.1:58257 - R:localhost/127.0.0.1:6382]
10:47:51.623 [Forwarding getElementTagName on session 7593461ff057e36e3bf35f9942cde28d to remote] DEBUG org.asynchttpclient.netty.request.NettyRequestSender - Using pooled Channel '[id: 0x039f6b85, L:/127.0.0.1:58257 - R:localhost/127.0.0.1:6382]' for 'GET' to 'http://localhost:6382/session/7593461ff057e36e3bf35f9942cde28d/element/937bc39d-dcca-4c61-9c75-4b71bdb8f948/name'
10:47:51.623 [Forwarding getElementTagName on session 7593461ff057e36e3bf35f9942cde28d to remote] DEBUG org.asynchttpclient.netty.request.NettyRequestSender - Using open Channel [id: 0x039f6b85, L:/127.0.0.1:58257 - R:localhost/127.0.0.1:6382] for GET '/session/7593461ff057e36e3bf35f9942cde28d/element/937bc39d-dcca-4c61-9c75-4b71bdb8f948/name'
10:47:51.647 [AsyncHttpClient-1-5] DEBUG org.asynchttpclient.netty.handler.HttpHandler - 

Request DefaultFullHttpRequest(decodeResult: success, version: HTTP/1.1, content: EmptyByteBufBE)
GET /session/7593461ff057e36e3bf35f9942cde28d/element/937bc39d-dcca-4c61-9c75-4b71bdb8f948/name HTTP/1.1
User-Agent: selenium/4.8.1 (java windows)
Cache-Control: no-cache
Content-Type: application/json; charset=utf-8
host: localhost:6382
accept: */*

Response DefaultHttpResponse(decodeResult: success, version: HTTP/1.1)
HTTP/1.1 200 OK
Content-Length: 18
Content-Type: application/json; charset=utf-8
cache-control: no-cache

10:47:51.647 [AsyncHttpClient-1-5] DEBUG org.asynchttpclient.netty.channel.ChannelManager - Adding key: http://localhost:6382 for channel [id: 0x039f6b85, L:/127.0.0.1:58257 - R:localhost/127.0.0.1:6382]
10:47:51.653 [Forwarding getElementTagName on session 7593461ff057e36e3bf35f9942cde28d to remote] DEBUG org.asynchttpclient.netty.request.NettyRequestSender - Using pooled Channel '[id: 0x039f6b85, L:/127.0.0.1:58257 - R:localhost/127.0.0.1:6382]' for 'GET' to 'http://localhost:6382/session/7593461ff057e36e3bf35f9942cde28d/element/937bc39d-dcca-4c61-9c75-4b71bdb8f948/name'
10:47:51.653 [Forwarding getElementTagName on session 7593461ff057e36e3bf35f9942cde28d to remote] DEBUG org.asynchttpclient.netty.request.NettyRequestSender - Using open Channel [id: 0x039f6b85, L:/127.0.0.1:58257 - R:localhost/127.0.0.1:6382] for GET '/session/7593461ff057e36e3bf35f9942cde28d/element/937bc39d-dcca-4c61-9c75-4b71bdb8f948/name'
10:47:51.703 [AsyncHttpClient-1-5] DEBUG org.asynchttpclient.netty.handler.HttpHandler - 

Request DefaultFullHttpRequest(decodeResult: success, version: HTTP/1.1, content: EmptyByteBufBE)
GET /session/7593461ff057e36e3bf35f9942cde28d/element/937bc39d-dcca-4c61-9c75-4b71bdb8f948/name HTTP/1.1
User-Agent: selenium/4.8.1 (java windows)
Cache-Control: no-cache
Content-Type: application/json; charset=utf-8
host: localhost:6382
accept: */*

Response DefaultHttpResponse(decodeResult: success, version: HTTP/1.1)
HTTP/1.1 200 OK
Content-Length: 18
Content-Type: application/json; charset=utf-8
cache-control: no-cache

10:47:51.703 [AsyncHttpClient-1-5] DEBUG org.asynchttpclient.netty.channel.ChannelManager - Adding key: http://localhost:6382 for channel [id: 0x039f6b85, L:/127.0.0.1:58257 - R:localhost/127.0.0.1:6382]
10:47:51.708 [Forwarding isElementEnabled on session 7593461ff057e36e3bf35f9942cde28d to remote] DEBUG org.asynchttpclient.netty.request.NettyRequestSender - Using pooled Channel '[id: 0x039f6b85, L:/127.0.0.1:58257 - R:localhost/127.0.0.1:6382]' for 'GET' to 'http://localhost:6382/session/7593461ff057e36e3bf35f9942cde28d/element/937bc39d-dcca-4c61-9c75-4b71bdb8f948/enabled'
10:47:51.708 [Forwarding isElementEnabled on session 7593461ff057e36e3bf35f9942cde28d to remote] DEBUG org.asynchttpclient.netty.request.NettyRequestSender - Using open Channel [id: 0x039f6b85, L:/127.0.0.1:58257 - R:localhost/127.0.0.1:6382] for GET '/session/7593461ff057e36e3bf35f9942cde28d/element/937bc39d-dcca-4c61-9c75-4b71bdb8f948/enabled'
10:47:51.759 [AsyncHttpClient-1-5] DEBUG org.asynchttpclient.netty.handler.HttpHandler - 

Request DefaultFullHttpRequest(decodeResult: success, version: HTTP/1.1, content: EmptyByteBufBE)
GET /session/7593461ff057e36e3bf35f9942cde28d/element/937bc39d-dcca-4c61-9c75-4b71bdb8f948/enabled HTTP/1.1
User-Agent: selenium/4.8.1 (java windows)
Cache-Control: no-cache
Content-Type: application/json; charset=utf-8
host: localhost:6382
accept: */*

Response DefaultHttpResponse(decodeResult: success, version: HTTP/1.1)
HTTP/1.1 200 OK
Content-Length: 14
Content-Type: application/json; charset=utf-8
cache-control: no-cache

10:47:51.760 [AsyncHttpClient-1-5] DEBUG org.asynchttpclient.netty.channel.ChannelManager - Adding key: http://localhost:6382 for channel [id: 0x039f6b85, L:/127.0.0.1:58257 - R:localhost/127.0.0.1:6382]
10:47:51.762 [Forwarding isElementEnabled on session 7593461ff057e36e3bf35f9942cde28d to remote] DEBUG org.asynchttpclient.netty.request.NettyRequestSender - Using pooled Channel '[id: 0x039f6b85, L:/127.0.0.1:58257 - R:localhost/127.0.0.1:6382]' for 'GET' to 'http://localhost:6382/session/7593461ff057e36e3bf35f9942cde28d/element/937bc39d-dcca-4c61-9c75-4b71bdb8f948/enabled'
10:47:51.762 [Forwarding isElementEnabled on session 7593461ff057e36e3bf35f9942cde28d to remote] DEBUG org.asynchttpclient.netty.request.NettyRequestSender - Using open Channel [id: 0x039f6b85, L:/127.0.0.1:58257 - R:localhost/127.0.0.1:6382] for GET '/session/7593461ff057e36e3bf35f9942cde28d/element/937bc39d-dcca-4c61-9c75-4b71bdb8f948/enabled'
10:47:51.782 [AsyncHttpClient-1-5] DEBUG org.asynchttpclient.netty.handler.HttpHandler - 

Request DefaultFullHttpRequest(decodeResult: success, version: HTTP/1.1, content: EmptyByteBufBE)
GET /session/7593461ff057e36e3bf35f9942cde28d/element/937bc39d-dcca-4c61-9c75-4b71bdb8f948/enabled HTTP/1.1
User-Agent: selenium/4.8.1 (java windows)
Cache-Control: no-cache
Content-Type: application/json; charset=utf-8
host: localhost:6382
accept: */*

Response DefaultHttpResponse(decodeResult: success, version: HTTP/1.1)
HTTP/1.1 200 OK
Content-Length: 14
Content-Type: application/json; charset=utf-8
cache-control: no-cache

10:47:51.782 [AsyncHttpClient-1-5] DEBUG org.asynchttpclient.netty.channel.ChannelManager - Adding key: http://localhost:6382 for channel [id: 0x039f6b85, L:/127.0.0.1:58257 - R:localhost/127.0.0.1:6382]
10:47:51.787 [Forwarding findElement on session 7593461ff057e36e3bf35f9942cde28d to remote] DEBUG org.asynchttpclient.netty.request.NettyRequestSender - Using pooled Channel '[id: 0x039f6b85, L:/127.0.0.1:58257 - R:localhost/127.0.0.1:6382]' for 'POST' to 'http://localhost:6382/session/7593461ff057e36e3bf35f9942cde28d/element'
10:47:51.787 [Forwarding findElement on session 7593461ff057e36e3bf35f9942cde28d to remote] DEBUG org.asynchttpclient.netty.request.NettyRequestSender - Using open Channel [id: 0x039f6b85, L:/127.0.0.1:58257 - R:localhost/127.0.0.1:6382] for POST '/session/7593461ff057e36e3bf35f9942cde28d/element'
10:47:51.955 [AsyncHttpClient-1-5] DEBUG org.asynchttpclient.netty.handler.HttpHandler - 

Request DefaultHttpRequest(decodeResult: success, version: HTTP/1.1)
POST /session/7593461ff057e36e3bf35f9942cde28d/element HTTP/1.1
User-Agent: selenium/4.8.1 (java windows)
Content-Length: 184
Content-Type: application/json; charset=utf-8
host: localhost:6382
accept: */*

Response DefaultHttpResponse(decodeResult: success, version: HTTP/1.1)
HTTP/1.1 200 OK
Content-Length: 88
Content-Type: application/json; charset=utf-8
cache-control: no-cache

10:47:51.955 [AsyncHttpClient-1-5] DEBUG org.asynchttpclient.netty.channel.ChannelManager - Adding key: http://localhost:6382 for channel [id: 0x039f6b85, L:/127.0.0.1:58257 - R:localhost/127.0.0.1:6382]
10:47:51.957 [Forwarding clickElement on session 7593461ff057e36e3bf35f9942cde28d to remote] DEBUG org.asynchttpclient.netty.request.NettyRequestSender - Using pooled Channel '[id: 0x039f6b85, L:/127.0.0.1:58257 - R:localhost/127.0.0.1:6382]' for 'POST' to 'http://localhost:6382/session/7593461ff057e36e3bf35f9942cde28d/element/937bc39d-dcca-4c61-9c75-4b71bdb8f948/click'
10:47:51.957 [Forwarding clickElement on session 7593461ff057e36e3bf35f9942cde28d to remote] DEBUG org.asynchttpclient.netty.request.NettyRequestSender - Using open Channel [id: 0x039f6b85, L:/127.0.0.1:58257 - R:localhost/127.0.0.1:6382] for POST '/session/7593461ff057e36e3bf35f9942cde28d/element/937bc39d-dcca-4c61-9c75-4b71bdb8f948/click'
10:47:54.639 [AsyncHttpClient-1-5] DEBUG org.asynchttpclient.netty.handler.HttpHandler - 

Request DefaultHttpRequest(decodeResult: success, version: HTTP/1.1)
POST /session/7593461ff057e36e3bf35f9942cde28d/element/937bc39d-dcca-4c61-9c75-4b71bdb8f948/click HTTP/1.1
User-Agent: selenium/4.8.1 (java windows)
Content-Length: 50
Content-Type: application/json; charset=utf-8
host: localhost:6382
accept: */*

Response DefaultHttpResponse(decodeResult: success, version: HTTP/1.1)
HTTP/1.1 200 OK
Content-Length: 14
Content-Type: application/json; charset=utf-8
cache-control: no-cache

10:47:54.640 [AsyncHttpClient-1-5] DEBUG org.asynchttpclient.netty.channel.ChannelManager - Adding key: http://localhost:6382 for channel [id: 0x039f6b85, L:/127.0.0.1:58257 - R:localhost/127.0.0.1:6382]
10:47:54.656 [Forwarding getAlertText on session 7593461ff057e36e3bf35f9942cde28d to remote] DEBUG org.asynchttpclient.netty.request.NettyRequestSender - Using pooled Channel '[id: 0x039f6b85, L:/127.0.0.1:58257 - R:localhost/127.0.0.1:6382]' for 'GET' to 'http://localhost:6382/session/7593461ff057e36e3bf35f9942cde28d/alert/text'
10:47:54.656 [Forwarding getAlertText on session 7593461ff057e36e3bf35f9942cde28d to remote] DEBUG org.asynchttpclient.netty.request.NettyRequestSender - Using open Channel [id: 0x039f6b85, L:/127.0.0.1:58257 - R:localhost/127.0.0.1:6382] for GET '/session/7593461ff057e36e3bf35f9942cde28d/alert/text'
10:47:54.885 [AsyncHttpClient-1-5] DEBUG org.asynchttpclient.netty.handler.HttpHandler - 

Request DefaultFullHttpRequest(decodeResult: success, version: HTTP/1.1, content: EmptyByteBufBE)
GET /session/7593461ff057e36e3bf35f9942cde28d/alert/text HTTP/1.1
User-Agent: selenium/4.8.1 (java windows)
Cache-Control: no-cache
Content-Type: application/json; charset=utf-8
host: localhost:6382
accept: */*

Response DefaultHttpResponse(decodeResult: success, version: HTTP/1.1)
HTTP/1.1 404 Not Found
Content-Length: 848
Content-Type: application/json; charset=utf-8
cache-control: no-cache

10:47:54.886 [AsyncHttpClient-1-5] DEBUG org.asynchttpclient.netty.channel.ChannelManager - Adding key: http://localhost:6382 for channel [id: 0x039f6b85, L:/127.0.0.1:58257 - R:localhost/127.0.0.1:6382]
10:47:54.889 [Forwarding getCurrentUrl on session 7593461ff057e36e3bf35f9942cde28d to remote] DEBUG org.asynchttpclient.netty.request.NettyRequestSender - Using pooled Channel '[id: 0x039f6b85, L:/127.0.0.1:58257 - R:localhost/127.0.0.1:6382]' for 'GET' to 'http://localhost:6382/session/7593461ff057e36e3bf35f9942cde28d/url'
10:47:54.890 [Forwarding getCurrentUrl on session 7593461ff057e36e3bf35f9942cde28d to remote] DEBUG org.asynchttpclient.netty.request.NettyRequestSender - Using open Channel [id: 0x039f6b85, L:/127.0.0.1:58257 - R:localhost/127.0.0.1:6382] for GET '/session/7593461ff057e36e3bf35f9942cde28d/url'
10:48:21.637 [AsyncHttpClient-1-5] DEBUG org.asynchttpclient.netty.handler.HttpHandler - 

Request DefaultFullHttpRequest(decodeResult: success, version: HTTP/1.1, content: EmptyByteBufBE)
GET /session/7593461ff057e36e3bf35f9942cde28d/url HTTP/1.1
User-Agent: selenium/4.8.1 (java windows)
Cache-Control: no-cache
Content-Type: application/json; charset=utf-8
host: localhost:6382
accept: */*

Response DefaultHttpResponse(decodeResult: success, version: HTTP/1.1)
HTTP/1.1 200 OK
Content-Length: 55
Content-Type: application/json; charset=utf-8
cache-control: no-cache

10:48:21.638 [AsyncHttpClient-1-5] DEBUG org.asynchttpclient.netty.channel.ChannelManager - Adding key: http://localhost:6382 for channel [id: 0x039f6b85, L:/127.0.0.1:58257 - R:localhost/127.0.0.1:6382]
10:48:21.642 [Forwarding screenshot on session 7593461ff057e36e3bf35f9942cde28d to remote] DEBUG org.asynchttpclient.netty.request.NettyRequestSender - Using pooled Channel '[id: 0x039f6b85, L:/127.0.0.1:58257 - R:localhost/127.0.0.1:6382]' for 'GET' to 'http://localhost:6382/session/7593461ff057e36e3bf35f9942cde28d/screenshot'
10:48:21.642 [Forwarding screenshot on session 7593461ff057e36e3bf35f9942cde28d to remote] DEBUG org.asynchttpclient.netty.request.NettyRequestSender - Using open Channel [id: 0x039f6b85, L:/127.0.0.1:58257 - R:localhost/127.0.0.1:6382] for GET '/session/7593461ff057e36e3bf35f9942cde28d/screenshot'
10:48:21.894 [AsyncHttpClient-1-5] DEBUG org.asynchttpclient.netty.handler.HttpHandler - 

Request DefaultFullHttpRequest(decodeResult: success, version: HTTP/1.1, content: EmptyByteBufBE)
GET /session/7593461ff057e36e3bf35f9942cde28d/screenshot HTTP/1.1
User-Agent: selenium/4.8.1 (java windows)
Cache-Control: no-cache
Content-Type: application/json; charset=utf-8
host: localhost:6382
accept: */*

Response DefaultHttpResponse(decodeResult: success, version: HTTP/1.1)
HTTP/1.1 200 OK
Content-Length: 28340
Content-Type: application/json; charset=utf-8
cache-control: no-cache

10:48:21.896 [AsyncHttpClient-1-5] DEBUG org.asynchttpclient.netty.channel.ChannelManager - Adding key: http://localhost:6382 for channel [id: 0x039f6b85, L:/127.0.0.1:58257 - R:localhost/127.0.0.1:6382]
10:48:21.944 [main] DEBUG net.serenitybdd.core.photography.Darkroom - Send negative for processing for target\site\serenity\4cf29e715a7cfb7afcf9cd94f9611bc2a3c233fe2986b1ed52014cc93342c9e1.png
10:48:21.957 [Darkroom Processing Line] DEBUG net.serenitybdd.core.photography.DarkroomProcessingLine - Processing screenshot image in /var/screenshots/screenshot-13216461546735156518
10:48:21.958 [Darkroom Processing Line] DEBUG net.serenitybdd.core.photography.DarkroomProcessingLine - Saving screenshot to target\site\serenity\4cf29e715a7cfb7afcf9cd94f9611bc2a3c233fe2986b1ed52014cc93342c9e1.png
10:48:21.963 [main] DEBUG net.thucydides.core.steps.StepInterceptor - STEP DONE: detailButton
  &amp#27;[32mAnd &amp#27;[0m&amp#27;[32mUser success see detail product&amp#27;[0m                                     &amp#27;[90m# starter.stepdefinition.IntegrationSteps.seeDetail()&amp#27;[0m
10:48:22.046 [Forwarding getAlertText on session 7593461ff057e36e3bf35f9942cde28d to remote] DEBUG org.asynchttpclient.netty.request.NettyRequestSender - Using pooled Channel '[id: 0x039f6b85, L:/127.0.0.1:58257 - R:localhost/127.0.0.1:6382]' for 'GET' to 'http://localhost:6382/session/7593461ff057e36e3bf35f9942cde28d/alert/text'
10:48:22.046 [Forwarding getAlertText on session 7593461ff057e36e3bf35f9942cde28d to remote] DEBUG org.asynchttpclient.netty.request.NettyRequestSender - Using open Channel [id: 0x039f6b85, L:/127.0.0.1:58257 - R:localhost/127.0.0.1:6382] for GET '/session/7593461ff057e36e3bf35f9942cde28d/alert/text'
10:48:22.057 [AsyncHttpClient-1-5] DEBUG org.asynchttpclient.netty.handler.HttpHandler - 

Request DefaultFullHttpRequest(decodeResult: success, version: HTTP/1.1, content: EmptyByteBufBE)
GET /session/7593461ff057e36e3bf35f9942cde28d/alert/text HTTP/1.1
User-Agent: selenium/4.8.1 (java windows)
Cache-Control: no-cache
Content-Type: application/json; charset=utf-8
host: localhost:6382
accept: */*

Response DefaultHttpResponse(decodeResult: success, version: HTTP/1.1)
HTTP/1.1 404 Not Found
Content-Length: 848
Content-Type: application/json; charset=utf-8
cache-control: no-cache

10:48:22.058 [AsyncHttpClient-1-5] DEBUG org.asynchttpclient.netty.channel.ChannelManager - Adding key: http://localhost:6382 for channel [id: 0x039f6b85, L:/127.0.0.1:58257 - R:localhost/127.0.0.1:6382]
10:48:22.060 [Forwarding getCurrentUrl on session 7593461ff057e36e3bf35f9942cde28d to remote] DEBUG org.asynchttpclient.netty.request.NettyRequestSender - Using pooled Channel '[id: 0x039f6b85, L:/127.0.0.1:58257 - R:localhost/127.0.0.1:6382]' for 'GET' to 'http://localhost:6382/session/7593461ff057e36e3bf35f9942cde28d/url'
10:48:22.061 [Forwarding getCurrentUrl on session 7593461ff057e36e3bf35f9942cde28d to remote] DEBUG org.asynchttpclient.netty.request.NettyRequestSender - Using open Channel [id: 0x039f6b85, L:/127.0.0.1:58257 - R:localhost/127.0.0.1:6382] for GET '/session/7593461ff057e36e3bf35f9942cde28d/url'
10:48:22.108 [AsyncHttpClient-1-5] DEBUG org.asynchttpclient.netty.handler.HttpHandler - 

Request DefaultFullHttpRequest(decodeResult: success, version: HTTP/1.1, content: EmptyByteBufBE)
GET /session/7593461ff057e36e3bf35f9942cde28d/url HTTP/1.1
User-Agent: selenium/4.8.1 (java windows)
Cache-Control: no-cache
Content-Type: application/json; charset=utf-8
host: localhost:6382
accept: */*

Response DefaultHttpResponse(decodeResult: success, version: HTTP/1.1)
HTTP/1.1 200 OK
Content-Length: 55
Content-Type: application/json; charset=utf-8
cache-control: no-cache

10:48:22.109 [AsyncHttpClient-1-5] DEBUG org.asynchttpclient.netty.channel.ChannelManager - Adding key: http://localhost:6382 for channel [id: 0x039f6b85, L:/127.0.0.1:58257 - R:localhost/127.0.0.1:6382]
10:48:22.110 [Forwarding screenshot on session 7593461ff057e36e3bf35f9942cde28d to remote] DEBUG org.asynchttpclient.netty.request.NettyRequestSender - Using pooled Channel '[id: 0x039f6b85, L:/127.0.0.1:58257 - R:localhost/127.0.0.1:6382]' for 'GET' to 'http://localhost:6382/session/7593461ff057e36e3bf35f9942cde28d/screenshot'
10:48:22.111 [Forwarding screenshot on session 7593461ff057e36e3bf35f9942cde28d to remote] DEBUG org.asynchttpclient.netty.request.NettyRequestSender - Using open Channel [id: 0x039f6b85, L:/127.0.0.1:58257 - R:localhost/127.0.0.1:6382] for GET '/session/7593461ff057e36e3bf35f9942cde28d/screenshot'
10:48:22.994 [AsyncHttpClient-1-5] DEBUG org.asynchttpclient.netty.handler.HttpHandler - 

Request DefaultFullHttpRequest(decodeResult: success, version: HTTP/1.1, content: EmptyByteBufBE)
GET /session/7593461ff057e36e3bf35f9942cde28d/screenshot HTTP/1.1
User-Agent: selenium/4.8.1 (java windows)
Cache-Control: no-cache
Content-Type: application/json; charset=utf-8
host: localhost:6382
accept: */*

Response DefaultHttpResponse(decodeResult: success, version: HTTP/1.1)
HTTP/1.1 200 OK
Content-Length: 30656
Content-Type: application/json; charset=utf-8
cache-control: no-cache

10:48:22.995 [AsyncHttpClient-1-5] DEBUG org.asynchttpclient.netty.channel.ChannelManager - Adding key: http://localhost:6382 for channel [id: 0x039f6b85, L:/127.0.0.1:58257 - R:localhost/127.0.0.1:6382]
10:48:23.025 [main] DEBUG net.serenitybdd.core.photography.Darkroom - Send negative for processing for target\site\serenity\ba7c6143c86976b6be69ab2e532f087d8d8dc3f89100ee688d340c20b665d238.png
10:48:23.026 [Darkroom Processing Line] DEBUG net.serenitybdd.core.photography.DarkroomProcessingLine - Processing screenshot image in /var/screenshots/screenshot-7867179137252273572
10:48:23.026 [Darkroom Processing Line] DEBUG net.serenitybdd.core.photography.DarkroomProcessingLine - Saving screenshot to target\site\serenity\ba7c6143c86976b6be69ab2e532f087d8d8dc3f89100ee688d340c20b665d238.png
10:48:23.058 [Forwarding getPageSource on session 7593461ff057e36e3bf35f9942cde28d to remote] DEBUG org.asynchttpclient.netty.request.NettyRequestSender - Using pooled Channel '[id: 0x039f6b85, L:/127.0.0.1:58257 - R:localhost/127.0.0.1:6382]' for 'POST' to 'http://localhost:6382/session/7593461ff057e36e3bf35f9942cde28d/execute/sync'
10:48:23.058 [Forwarding getPageSource on session 7593461ff057e36e3bf35f9942cde28d to remote] DEBUG org.asynchttpclient.netty.request.NettyRequestSender - Using open Channel [id: 0x039f6b85, L:/127.0.0.1:58257 - R:localhost/127.0.0.1:6382] for POST '/session/7593461ff057e36e3bf35f9942cde28d/execute/sync'
10:48:23.135 [AsyncHttpClient-1-5] DEBUG org.asynchttpclient.netty.handler.HttpHandler - 

Request DefaultHttpRequest(decodeResult: success, version: HTTP/1.1)
POST /session/7593461ff057e36e3bf35f9942cde28d/execute/sync HTTP/1.1
User-Agent: selenium/4.8.1 (java windows)
Content-Length: 176
Content-Type: application/json; charset=utf-8
host: localhost:6382
accept: */*

Response DefaultHttpResponse(decodeResult: success, version: HTTP/1.1)
HTTP/1.1 200 OK
Content-Length: 21786
Content-Type: application/json; charset=utf-8
cache-control: no-cache

10:48:23.136 [AsyncHttpClient-1-5] DEBUG org.asynchttpclient.netty.channel.ChannelManager - Adding key: http://localhost:6382 for channel [id: 0x039f6b85, L:/127.0.0.1:58257 - R:localhost/127.0.0.1:6382]
10:48:23.151 [Forwarding getCurrentUrl on session 7593461ff057e36e3bf35f9942cde28d to remote] DEBUG org.asynchttpclient.netty.request.NettyRequestSender - Using pooled Channel '[id: 0x039f6b85, L:/127.0.0.1:58257 - R:localhost/127.0.0.1:6382]' for 'GET' to 'http://localhost:6382/session/7593461ff057e36e3bf35f9942cde28d/url'
10:48:23.152 [Forwarding getCurrentUrl on session 7593461ff057e36e3bf35f9942cde28d to remote] DEBUG org.asynchttpclient.netty.request.NettyRequestSender - Using open Channel [id: 0x039f6b85, L:/127.0.0.1:58257 - R:localhost/127.0.0.1:6382] for GET '/session/7593461ff057e36e3bf35f9942cde28d/url'
10:48:23.158 [AsyncHttpClient-1-5] DEBUG org.asynchttpclient.netty.handler.HttpHandler - 

Request DefaultFullHttpRequest(decodeResult: success, version: HTTP/1.1, content: EmptyByteBufBE)
GET /session/7593461ff057e36e3bf35f9942cde28d/url HTTP/1.1
User-Agent: selenium/4.8.1 (java windows)
Cache-Control: no-cache
Content-Type: application/json; charset=utf-8
host: localhost:6382
accept: */*

Response DefaultHttpResponse(decodeResult: success, version: HTTP/1.1)
HTTP/1.1 200 OK
Content-Length: 55
Content-Type: application/json; charset=utf-8
cache-control: no-cache

10:48:23.159 [AsyncHttpClient-1-5] DEBUG org.asynchttpclient.netty.channel.ChannelManager - Adding key: http://localhost:6382 for channel [id: 0x039f6b85, L:/127.0.0.1:58257 - R:localhost/127.0.0.1:6382]
10:48:23.242 [Forwarding getAlertText on session 7593461ff057e36e3bf35f9942cde28d to remote] DEBUG org.asynchttpclient.netty.request.NettyRequestSender - Using pooled Channel '[id: 0x039f6b85, L:/127.0.0.1:58257 - R:localhost/127.0.0.1:6382]' for 'GET' to 'http://localhost:6382/session/7593461ff057e36e3bf35f9942cde28d/alert/text'
10:48:23.243 [Forwarding getAlertText on session 7593461ff057e36e3bf35f9942cde28d to remote] DEBUG org.asynchttpclient.netty.request.NettyRequestSender - Using open Channel [id: 0x039f6b85, L:/127.0.0.1:58257 - R:localhost/127.0.0.1:6382] for GET '/session/7593461ff057e36e3bf35f9942cde28d/alert/text'
10:48:23.293 [AsyncHttpClient-1-5] DEBUG org.asynchttpclient.netty.handler.HttpHandler - 

Request DefaultFullHttpRequest(decodeResult: success, version: HTTP/1.1, content: EmptyByteBufBE)
GET /session/7593461ff057e36e3bf35f9942cde28d/alert/text HTTP/1.1
User-Agent: selenium/4.8.1 (java windows)
Cache-Control: no-cache
Content-Type: application/json; charset=utf-8
host: localhost:6382
accept: */*

Response DefaultHttpResponse(decodeResult: success, version: HTTP/1.1)
HTTP/1.1 404 Not Found
Content-Length: 848
Content-Type: application/json; charset=utf-8
cache-control: no-cache

10:48:23.294 [AsyncHttpClient-1-5] DEBUG org.asynchttpclient.netty.channel.ChannelManager - Adding key: http://localhost:6382 for channel [id: 0x039f6b85, L:/127.0.0.1:58257 - R:localhost/127.0.0.1:6382]
10:48:23.297 [Forwarding getCurrentUrl on session 7593461ff057e36e3bf35f9942cde28d to remote] DEBUG org.asynchttpclient.netty.request.NettyRequestSender - Using pooled Channel '[id: 0x039f6b85, L:/127.0.0.1:58257 - R:localhost/127.0.0.1:6382]' for 'GET' to 'http://localhost:6382/session/7593461ff057e36e3bf35f9942cde28d/url'
10:48:23.297 [Forwarding getCurrentUrl on session 7593461ff057e36e3bf35f9942cde28d to remote] DEBUG org.asynchttpclient.netty.request.NettyRequestSender - Using open Channel [id: 0x039f6b85, L:/127.0.0.1:58257 - R:localhost/127.0.0.1:6382] for GET '/session/7593461ff057e36e3bf35f9942cde28d/url'
10:48:23.367 [AsyncHttpClient-1-5] DEBUG org.asynchttpclient.netty.handler.HttpHandler - 

Request DefaultFullHttpRequest(decodeResult: success, version: HTTP/1.1, content: EmptyByteBufBE)
GET /session/7593461ff057e36e3bf35f9942cde28d/url HTTP/1.1
User-Agent: selenium/4.8.1 (java windows)
Cache-Control: no-cache
Content-Type: application/json; charset=utf-8
host: localhost:6382
accept: */*

Response DefaultHttpResponse(decodeResult: success, version: HTTP/1.1)
HTTP/1.1 200 OK
Content-Length: 55
Content-Type: application/json; charset=utf-8
cache-control: no-cache

10:48:23.367 [AsyncHttpClient-1-5] DEBUG org.asynchttpclient.netty.channel.ChannelManager - Adding key: http://localhost:6382 for channel [id: 0x039f6b85, L:/127.0.0.1:58257 - R:localhost/127.0.0.1:6382]
10:48:23.369 [Forwarding screenshot on session 7593461ff057e36e3bf35f9942cde28d to remote] DEBUG org.asynchttpclient.netty.request.NettyRequestSender - Using pooled Channel '[id: 0x039f6b85, L:/127.0.0.1:58257 - R:localhost/127.0.0.1:6382]' for 'GET' to 'http://localhost:6382/session/7593461ff057e36e3bf35f9942cde28d/screenshot'
10:48:23.369 [Forwarding screenshot on session 7593461ff057e36e3bf35f9942cde28d to remote] DEBUG org.asynchttpclient.netty.request.NettyRequestSender - Using open Channel [id: 0x039f6b85, L:/127.0.0.1:58257 - R:localhost/127.0.0.1:6382] for GET '/session/7593461ff057e36e3bf35f9942cde28d/screenshot'
10:48:23.552 [AsyncHttpClient-1-5] DEBUG org.asynchttpclient.netty.handler.HttpHandler - 

Request DefaultFullHttpRequest(decodeResult: success, version: HTTP/1.1, content: EmptyByteBufBE)
GET /session/7593461ff057e36e3bf35f9942cde28d/screenshot HTTP/1.1
User-Agent: selenium/4.8.1 (java windows)
Cache-Control: no-cache
Content-Type: application/json; charset=utf-8
host: localhost:6382
accept: */*

Response DefaultHttpResponse(decodeResult: success, version: HTTP/1.1)
HTTP/1.1 200 OK
Content-Length: 30656
Content-Type: application/json; charset=utf-8
cache-control: no-cache

10:48:23.553 [AsyncHttpClient-1-5] DEBUG org.asynchttpclient.netty.channel.ChannelManager - Adding key: http://localhost:6382 for channel [id: 0x039f6b85, L:/127.0.0.1:58257 - R:localhost/127.0.0.1:6382]
10:48:23.559 [main] DEBUG net.serenitybdd.core.photography.Darkroom - Send negative for processing for target\site\serenity\ba7c6143c86976b6be69ab2e532f087d8d8dc3f89100ee688d340c20b665d238.png
10:48:23.563 [Forwarding getPageSource on session 7593461ff057e36e3bf35f9942cde28d to remote] DEBUG org.asynchttpclient.netty.request.NettyRequestSender - Using pooled Channel '[id: 0x039f6b85, L:/127.0.0.1:58257 - R:localhost/127.0.0.1:6382]' for 'POST' to 'http://localhost:6382/session/7593461ff057e36e3bf35f9942cde28d/execute/sync'
10:48:23.564 [Forwarding getPageSource on session 7593461ff057e36e3bf35f9942cde28d to remote] DEBUG org.asynchttpclient.netty.request.NettyRequestSender - Using open Channel [id: 0x039f6b85, L:/127.0.0.1:58257 - R:localhost/127.0.0.1:6382] for POST '/session/7593461ff057e36e3bf35f9942cde28d/execute/sync'
10:48:23.626 [AsyncHttpClient-1-5] DEBUG org.asynchttpclient.netty.handler.HttpHandler - 

Request DefaultHttpRequest(decodeResult: success, version: HTTP/1.1)
POST /session/7593461ff057e36e3bf35f9942cde28d/execute/sync HTTP/1.1
User-Agent: selenium/4.8.1 (java windows)
Content-Length: 176
Content-Type: application/json; charset=utf-8
host: localhost:6382
accept: */*

Response DefaultHttpResponse(decodeResult: success, version: HTTP/1.1)
HTTP/1.1 200 OK
Content-Length: 21786
Content-Type: application/json; charset=utf-8
cache-control: no-cache

10:48:23.626 [AsyncHttpClient-1-5] DEBUG org.asynchttpclient.netty.channel.ChannelManager - Adding key: http://localhost:6382 for channel [id: 0x039f6b85, L:/127.0.0.1:58257 - R:localhost/127.0.0.1:6382]
10:48:23.638 [Forwarding getCurrentUrl on session 7593461ff057e36e3bf35f9942cde28d to remote] DEBUG org.asynchttpclient.netty.request.NettyRequestSender - Using pooled Channel '[id: 0x039f6b85, L:/127.0.0.1:58257 - R:localhost/127.0.0.1:6382]' for 'GET' to 'http://localhost:6382/session/7593461ff057e36e3bf35f9942cde28d/url'
10:48:23.638 [Forwarding getCurrentUrl on session 7593461ff057e36e3bf35f9942cde28d to remote] DEBUG org.asynchttpclient.netty.request.NettyRequestSender - Using open Channel [id: 0x039f6b85, L:/127.0.0.1:58257 - R:localhost/127.0.0.1:6382] for GET '/session/7593461ff057e36e3bf35f9942cde28d/url'
10:48:23.673 [AsyncHttpClient-1-5] DEBUG org.asynchttpclient.netty.handler.HttpHandler - 

Request DefaultFullHttpRequest(decodeResult: success, version: HTTP/1.1, content: EmptyByteBufBE)
GET /session/7593461ff057e36e3bf35f9942cde28d/url HTTP/1.1
User-Agent: selenium/4.8.1 (java windows)
Cache-Control: no-cache
Content-Type: application/json; charset=utf-8
host: localhost:6382
accept: */*

Response DefaultHttpResponse(decodeResult: success, version: HTTP/1.1)
HTTP/1.1 200 OK
Content-Length: 55
Content-Type: application/json; charset=utf-8
cache-control: no-cache

10:48:23.674 [AsyncHttpClient-1-5] DEBUG org.asynchttpclient.netty.channel.ChannelManager - Adding key: http://localhost:6382 for channel [id: 0x039f6b85, L:/127.0.0.1:58257 - R:localhost/127.0.0.1:6382]
10:48:23.677 [main] DEBUG net.thucydides.core.steps.StepInterceptor - STARTING STEP: IntegrationSteps.rating - giveRating
10:48:23.691 [Forwarding findElement on session 7593461ff057e36e3bf35f9942cde28d to remote] DEBUG org.asynchttpclient.netty.request.NettyRequestSender - Using pooled Channel '[id: 0x039f6b85, L:/127.0.0.1:58257 - R:localhost/127.0.0.1:6382]' for 'POST' to 'http://localhost:6382/session/7593461ff057e36e3bf35f9942cde28d/element'
10:48:23.692 [Forwarding findElement on session 7593461ff057e36e3bf35f9942cde28d to remote] DEBUG org.asynchttpclient.netty.request.NettyRequestSender - Using open Channel [id: 0x039f6b85, L:/127.0.0.1:58257 - R:localhost/127.0.0.1:6382] for POST '/session/7593461ff057e36e3bf35f9942cde28d/element'
10:48:23.770 [AsyncHttpClient-1-5] DEBUG org.asynchttpclient.netty.handler.HttpHandler - 

Request DefaultHttpRequest(decodeResult: success, version: HTTP/1.1)
POST /session/7593461ff057e36e3bf35f9942cde28d/element HTTP/1.1
User-Agent: selenium/4.8.1 (java windows)
Content-Length: 163
Content-Type: application/json; charset=utf-8
host: localhost:6382
accept: */*

Response DefaultHttpResponse(decodeResult: success, version: HTTP/1.1)
HTTP/1.1 200 OK
Content-Length: 88
Content-Type: application/json; charset=utf-8
cache-control: no-cache

10:48:23.771 [AsyncHttpClient-1-5] DEBUG org.asynchttpclient.netty.channel.ChannelManager - Adding key: http://localhost:6382 for channel [id: 0x039f6b85, L:/127.0.0.1:58257 - R:localhost/127.0.0.1:6382]
10:48:23.774 [Forwarding getElementTagName on session 7593461ff057e36e3bf35f9942cde28d to remote] DEBUG org.asynchttpclient.netty.request.NettyRequestSender - Using pooled Channel '[id: 0x039f6b85, L:/127.0.0.1:58257 - R:localhost/127.0.0.1:6382]' for 'GET' to 'http://localhost:6382/session/7593461ff057e36e3bf35f9942cde28d/element/d49002e9-1143-40ee-b6d5-10763a7cda57/name'
10:48:23.774 [Forwarding getElementTagName on session 7593461ff057e36e3bf35f9942cde28d to remote] DEBUG org.asynchttpclient.netty.request.NettyRequestSender - Using open Channel [id: 0x039f6b85, L:/127.0.0.1:58257 - R:localhost/127.0.0.1:6382] for GET '/session/7593461ff057e36e3bf35f9942cde28d/element/d49002e9-1143-40ee-b6d5-10763a7cda57/name'
10:48:23.824 [AsyncHttpClient-1-5] DEBUG org.asynchttpclient.netty.handler.HttpHandler - 

Request DefaultFullHttpRequest(decodeResult: success, version: HTTP/1.1, content: EmptyByteBufBE)
GET /session/7593461ff057e36e3bf35f9942cde28d/element/d49002e9-1143-40ee-b6d5-10763a7cda57/name HTTP/1.1
User-Agent: selenium/4.8.1 (java windows)
Cache-Control: no-cache
Content-Type: application/json; charset=utf-8
host: localhost:6382
accept: */*

Response DefaultHttpResponse(decodeResult: success, version: HTTP/1.1)
HTTP/1.1 200 OK
Content-Length: 18
Content-Type: application/json; charset=utf-8
cache-control: no-cache

10:48:23.825 [AsyncHttpClient-1-5] DEBUG org.asynchttpclient.netty.channel.ChannelManager - Adding key: http://localhost:6382 for channel [id: 0x039f6b85, L:/127.0.0.1:58257 - R:localhost/127.0.0.1:6382]
10:48:23.828 [Forwarding getElementTagName on session 7593461ff057e36e3bf35f9942cde28d to remote] DEBUG org.asynchttpclient.netty.request.NettyRequestSender - Using pooled Channel '[id: 0x039f6b85, L:/127.0.0.1:58257 - R:localhost/127.0.0.1:6382]' for 'GET' to 'http://localhost:6382/session/7593461ff057e36e3bf35f9942cde28d/element/d49002e9-1143-40ee-b6d5-10763a7cda57/name'
10:48:23.828 [Forwarding getElementTagName on session 7593461ff057e36e3bf35f9942cde28d to remote] DEBUG org.asynchttpclient.netty.request.NettyRequestSender - Using open Channel [id: 0x039f6b85, L:/127.0.0.1:58257 - R:localhost/127.0.0.1:6382] for GET '/session/7593461ff057e36e3bf35f9942cde28d/element/d49002e9-1143-40ee-b6d5-10763a7cda57/name'
10:48:23.884 [AsyncHttpClient-1-5] DEBUG org.asynchttpclient.netty.handler.HttpHandler - 

Request DefaultFullHttpRequest(decodeResult: success, version: HTTP/1.1, content: EmptyByteBufBE)
GET /session/7593461ff057e36e3bf35f9942cde28d/element/d49002e9-1143-40ee-b6d5-10763a7cda57/name HTTP/1.1
User-Agent: selenium/4.8.1 (java windows)
Cache-Control: no-cache
Content-Type: application/json; charset=utf-8
host: localhost:6382
accept: */*

Response DefaultHttpResponse(decodeResult: success, version: HTTP/1.1)
HTTP/1.1 200 OK
Content-Length: 18
Content-Type: application/json; charset=utf-8
cache-control: no-cache

10:48:23.884 [AsyncHttpClient-1-5] DEBUG org.asynchttpclient.netty.channel.ChannelManager - Adding key: http://localhost:6382 for channel [id: 0x039f6b85, L:/127.0.0.1:58257 - R:localhost/127.0.0.1:6382]
10:48:23.891 [Forwarding isElementEnabled on session 7593461ff057e36e3bf35f9942cde28d to remote] DEBUG org.asynchttpclient.netty.request.NettyRequestSender - Using pooled Channel '[id: 0x039f6b85, L:/127.0.0.1:58257 - R:localhost/127.0.0.1:6382]' for 'GET' to 'http://localhost:6382/session/7593461ff057e36e3bf35f9942cde28d/element/d49002e9-1143-40ee-b6d5-10763a7cda57/enabled'
10:48:23.891 [Forwarding isElementEnabled on session 7593461ff057e36e3bf35f9942cde28d to remote] DEBUG org.asynchttpclient.netty.request.NettyRequestSender - Using open Channel [id: 0x039f6b85, L:/127.0.0.1:58257 - R:localhost/127.0.0.1:6382] for GET '/session/7593461ff057e36e3bf35f9942cde28d/element/d49002e9-1143-40ee-b6d5-10763a7cda57/enabled'
10:48:23.972 [AsyncHttpClient-1-5] DEBUG org.asynchttpclient.netty.handler.HttpHandler - 

Request DefaultFullHttpRequest(decodeResult: success, version: HTTP/1.1, content: EmptyByteBufBE)
GET /session/7593461ff057e36e3bf35f9942cde28d/element/d49002e9-1143-40ee-b6d5-10763a7cda57/enabled HTTP/1.1
User-Agent: selenium/4.8.1 (java windows)
Cache-Control: no-cache
Content-Type: application/json; charset=utf-8
host: localhost:6382
accept: */*

Response DefaultHttpResponse(decodeResult: success, version: HTTP/1.1)
HTTP/1.1 200 OK
Content-Length: 14
Content-Type: application/json; charset=utf-8
cache-control: no-cache

10:48:23.973 [AsyncHttpClient-1-5] DEBUG org.asynchttpclient.netty.channel.ChannelManager - Adding key: http://localhost:6382 for channel [id: 0x039f6b85, L:/127.0.0.1:58257 - R:localhost/127.0.0.1:6382]
10:48:23.976 [Forwarding isElementEnabled on session 7593461ff057e36e3bf35f9942cde28d to remote] DEBUG org.asynchttpclient.netty.request.NettyRequestSender - Using pooled Channel '[id: 0x039f6b85, L:/127.0.0.1:58257 - R:localhost/127.0.0.1:6382]' for 'GET' to 'http://localhost:6382/session/7593461ff057e36e3bf35f9942cde28d/element/d49002e9-1143-40ee-b6d5-10763a7cda57/enabled'
10:48:23.977 [Forwarding isElementEnabled on session 7593461ff057e36e3bf35f9942cde28d to remote] DEBUG org.asynchttpclient.netty.request.NettyRequestSender - Using open Channel [id: 0x039f6b85, L:/127.0.0.1:58257 - R:localhost/127.0.0.1:6382] for GET '/session/7593461ff057e36e3bf35f9942cde28d/element/d49002e9-1143-40ee-b6d5-10763a7cda57/enabled'
10:48:24.030 [AsyncHttpClient-1-5] DEBUG org.asynchttpclient.netty.handler.HttpHandler - 

Request DefaultFullHttpRequest(decodeResult: success, version: HTTP/1.1, content: EmptyByteBufBE)
GET /session/7593461ff057e36e3bf35f9942cde28d/element/d49002e9-1143-40ee-b6d5-10763a7cda57/enabled HTTP/1.1
User-Agent: selenium/4.8.1 (java windows)
Cache-Control: no-cache
Content-Type: application/json; charset=utf-8
host: localhost:6382
accept: */*

Response DefaultHttpResponse(decodeResult: success, version: HTTP/1.1)
HTTP/1.1 200 OK
Content-Length: 14
Content-Type: application/json; charset=utf-8
cache-control: no-cache

10:48:24.030 [AsyncHttpClient-1-5] DEBUG org.asynchttpclient.netty.channel.ChannelManager - Adding key: http://localhost:6382 for channel [id: 0x039f6b85, L:/127.0.0.1:58257 - R:localhost/127.0.0.1:6382]
10:48:24.036 [Forwarding findElement on session 7593461ff057e36e3bf35f9942cde28d to remote] DEBUG org.asynchttpclient.netty.request.NettyRequestSender - Using pooled Channel '[id: 0x039f6b85, L:/127.0.0.1:58257 - R:localhost/127.0.0.1:6382]' for 'POST' to 'http://localhost:6382/session/7593461ff057e36e3bf35f9942cde28d/element'
10:48:24.036 [Forwarding findElement on session 7593461ff057e36e3bf35f9942cde28d to remote] DEBUG org.asynchttpclient.netty.request.NettyRequestSender - Using open Channel [id: 0x039f6b85, L:/127.0.0.1:58257 - R:localhost/127.0.0.1:6382] for POST '/session/7593461ff057e36e3bf35f9942cde28d/element'
10:48:24.088 [AsyncHttpClient-1-5] DEBUG org.asynchttpclient.netty.handler.HttpHandler - 

Request DefaultHttpRequest(decodeResult: success, version: HTTP/1.1)
POST /session/7593461ff057e36e3bf35f9942cde28d/element HTTP/1.1
User-Agent: selenium/4.8.1 (java windows)
Content-Length: 163
Content-Type: application/json; charset=utf-8
host: localhost:6382
accept: */*

Response DefaultHttpResponse(decodeResult: success, version: HTTP/1.1)
HTTP/1.1 200 OK
Content-Length: 88
Content-Type: application/json; charset=utf-8
cache-control: no-cache

10:48:24.088 [AsyncHttpClient-1-5] DEBUG org.asynchttpclient.netty.channel.ChannelManager - Adding key: http://localhost:6382 for channel [id: 0x039f6b85, L:/127.0.0.1:58257 - R:localhost/127.0.0.1:6382]
10:48:24.093 [Forwarding clickElement on session 7593461ff057e36e3bf35f9942cde28d to remote] DEBUG org.asynchttpclient.netty.request.NettyRequestSender - Using pooled Channel '[id: 0x039f6b85, L:/127.0.0.1:58257 - R:localhost/127.0.0.1:6382]' for 'POST' to 'http://localhost:6382/session/7593461ff057e36e3bf35f9942cde28d/element/d49002e9-1143-40ee-b6d5-10763a7cda57/click'
10:48:24.093 [Forwarding clickElement on session 7593461ff057e36e3bf35f9942cde28d to remote] DEBUG org.asynchttpclient.netty.request.NettyRequestSender - Using open Channel [id: 0x039f6b85, L:/127.0.0.1:58257 - R:localhost/127.0.0.1:6382] for POST '/session/7593461ff057e36e3bf35f9942cde28d/element/d49002e9-1143-40ee-b6d5-10763a7cda57/click'
10:48:24.376 [AsyncHttpClient-1-5] DEBUG org.asynchttpclient.netty.handler.HttpHandler - 

Request DefaultHttpRequest(decodeResult: success, version: HTTP/1.1)
POST /session/7593461ff057e36e3bf35f9942cde28d/element/d49002e9-1143-40ee-b6d5-10763a7cda57/click HTTP/1.1
User-Agent: selenium/4.8.1 (java windows)
Content-Length: 50
Content-Type: application/json; charset=utf-8
host: localhost:6382
accept: */*

Response DefaultHttpResponse(decodeResult: success, version: HTTP/1.1)
HTTP/1.1 200 OK
Content-Length: 14
Content-Type: application/json; charset=utf-8
cache-control: no-cache

10:48:24.377 [AsyncHttpClient-1-5] DEBUG org.asynchttpclient.netty.channel.ChannelManager - Adding key: http://localhost:6382 for channel [id: 0x039f6b85, L:/127.0.0.1:58257 - R:localhost/127.0.0.1:6382]
10:48:24.409 [Forwarding getAlertText on session 7593461ff057e36e3bf35f9942cde28d to remote] DEBUG org.asynchttpclient.netty.request.NettyRequestSender - Using pooled Channel '[id: 0x039f6b85, L:/127.0.0.1:58257 - R:localhost/127.0.0.1:6382]' for 'GET' to 'http://localhost:6382/session/7593461ff057e36e3bf35f9942cde28d/alert/text'
10:48:24.409 [Forwarding getAlertText on session 7593461ff057e36e3bf35f9942cde28d to remote] DEBUG org.asynchttpclient.netty.request.NettyRequestSender - Using open Channel [id: 0x039f6b85, L:/127.0.0.1:58257 - R:localhost/127.0.0.1:6382] for GET '/session/7593461ff057e36e3bf35f9942cde28d/alert/text'
10:48:24.491 [AsyncHttpClient-1-5] DEBUG org.asynchttpclient.netty.handler.HttpHandler - 

Request DefaultFullHttpRequest(decodeResult: success, version: HTTP/1.1, content: EmptyByteBufBE)
GET /session/7593461ff057e36e3bf35f9942cde28d/alert/text HTTP/1.1
User-Agent: selenium/4.8.1 (java windows)
Cache-Control: no-cache
Content-Type: application/json; charset=utf-8
host: localhost:6382
accept: */*

Response DefaultHttpResponse(decodeResult: success, version: HTTP/1.1)
HTTP/1.1 404 Not Found
Content-Length: 848
Content-Type: application/json; charset=utf-8
cache-control: no-cache

10:48:24.491 [AsyncHttpClient-1-5] DEBUG org.asynchttpclient.netty.channel.ChannelManager - Adding key: http://localhost:6382 for channel [id: 0x039f6b85, L:/127.0.0.1:58257 - R:localhost/127.0.0.1:6382]
10:48:24.492 [Forwarding getCurrentUrl on session 7593461ff057e36e3bf35f9942cde28d to remote] DEBUG org.asynchttpclient.netty.request.NettyRequestSender - Using pooled Channel '[id: 0x039f6b85, L:/127.0.0.1:58257 - R:localhost/127.0.0.1:6382]' for 'GET' to 'http://localhost:6382/session/7593461ff057e36e3bf35f9942cde28d/url'
10:48:24.493 [Forwarding getCurrentUrl on session 7593461ff057e36e3bf35f9942cde28d to remote] DEBUG org.asynchttpclient.netty.request.NettyRequestSender - Using open Channel [id: 0x039f6b85, L:/127.0.0.1:58257 - R:localhost/127.0.0.1:6382] for GET '/session/7593461ff057e36e3bf35f9942cde28d/url'
10:48:24.548 [AsyncHttpClient-1-5] DEBUG org.asynchttpclient.netty.handler.HttpHandler - 

Request DefaultFullHttpRequest(decodeResult: success, version: HTTP/1.1, content: EmptyByteBufBE)
GET /session/7593461ff057e36e3bf35f9942cde28d/url HTTP/1.1
User-Agent: selenium/4.8.1 (java windows)
Cache-Control: no-cache
Content-Type: application/json; charset=utf-8
host: localhost:6382
accept: */*

Response DefaultHttpResponse(decodeResult: success, version: HTTP/1.1)
HTTP/1.1 200 OK
Content-Length: 55
Content-Type: application/json; charset=utf-8
cache-control: no-cache

10:48:24.549 [AsyncHttpClient-1-5] DEBUG org.asynchttpclient.netty.channel.ChannelManager - Adding key: http://localhost:6382 for channel [id: 0x039f6b85, L:/127.0.0.1:58257 - R:localhost/127.0.0.1:6382]
10:48:24.551 [Forwarding screenshot on session 7593461ff057e36e3bf35f9942cde28d to remote] DEBUG org.asynchttpclient.netty.request.NettyRequestSender - Using pooled Channel '[id: 0x039f6b85, L:/127.0.0.1:58257 - R:localhost/127.0.0.1:6382]' for 'GET' to 'http://localhost:6382/session/7593461ff057e36e3bf35f9942cde28d/screenshot'
10:48:24.551 [Forwarding screenshot on session 7593461ff057e36e3bf35f9942cde28d to remote] DEBUG org.asynchttpclient.netty.request.NettyRequestSender - Using open Channel [id: 0x039f6b85, L:/127.0.0.1:58257 - R:localhost/127.0.0.1:6382] for GET '/session/7593461ff057e36e3bf35f9942cde28d/screenshot'
10:48:24.815 [AsyncHttpClient-1-5] DEBUG org.asynchttpclient.netty.handler.HttpHandler - 

Request DefaultFullHttpRequest(decodeResult: success, version: HTTP/1.1, content: EmptyByteBufBE)
GET /session/7593461ff057e36e3bf35f9942cde28d/screenshot HTTP/1.1
User-Agent: selenium/4.8.1 (java windows)
Cache-Control: no-cache
Content-Type: application/json; charset=utf-8
host: localhost:6382
accept: */*

Response DefaultHttpResponse(decodeResult: success, version: HTTP/1.1)
HTTP/1.1 200 OK
Content-Length: 16080
Content-Type: application/json; charset=utf-8
cache-control: no-cache

10:48:24.829 [AsyncHttpClient-1-5] DEBUG org.asynchttpclient.netty.channel.ChannelManager - Adding key: http://localhost:6382 for channel [id: 0x039f6b85, L:/127.0.0.1:58257 - R:localhost/127.0.0.1:6382]
10:48:24.833 [main] DEBUG net.serenitybdd.core.photography.Darkroom - Send negative for processing for target\site\serenity\c7a83eb824c01ca1fc83bb27af0d608ea7d6cd83fdd33005318c3e306c71e2f8.png
10:48:24.834 [main] DEBUG net.thucydides.core.steps.StepInterceptor - STEP DONE: giveRating
  &amp#27;[32mAnd &amp#27;[0m&amp#27;[32mUser success assign rating&amp#27;[0m                                          &amp#27;[90m# starter.stepdefinition.IntegrationSteps.rating()&amp#27;[0m
10:48:24.835 [Darkroom Processing Line] DEBUG net.serenitybdd.core.photography.DarkroomProcessingLine - Processing screenshot image in /var/screenshots/screenshot-10786066520982426441
10:48:24.835 [Darkroom Processing Line] DEBUG net.serenitybdd.core.photography.DarkroomProcessingLine - Saving screenshot to target\site\serenity\c7a83eb824c01ca1fc83bb27af0d608ea7d6cd83fdd33005318c3e306c71e2f8.png
10:48:24.862 [Forwarding getPageSource on session 7593461ff057e36e3bf35f9942cde28d to remote] DEBUG org.asynchttpclient.netty.request.NettyRequestSender - Using pooled Channel '[id: 0x039f6b85, L:/127.0.0.1:58257 - R:localhost/127.0.0.1:6382]' for 'POST' to 'http://localhost:6382/session/7593461ff057e36e3bf35f9942cde28d/execute/sync'
10:48:24.862 [Forwarding getPageSource on session 7593461ff057e36e3bf35f9942cde28d to remote] DEBUG org.asynchttpclient.netty.request.NettyRequestSender - Using open Channel [id: 0x039f6b85, L:/127.0.0.1:58257 - R:localhost/127.0.0.1:6382] for POST '/session/7593461ff057e36e3bf35f9942cde28d/execute/sync'
10:48:25.044 [AsyncHttpClient-1-5] DEBUG org.asynchttpclient.netty.handler.HttpHandler - 

Request DefaultHttpRequest(decodeResult: success, version: HTTP/1.1)
POST /session/7593461ff057e36e3bf35f9942cde28d/execute/sync HTTP/1.1
User-Agent: selenium/4.8.1 (java windows)
Content-Length: 176
Content-Type: application/json; charset=utf-8
host: localhost:6382
accept: */*

Response DefaultHttpResponse(decodeResult: success, version: HTTP/1.1)
HTTP/1.1 200 OK
Content-Length: 20927
Content-Type: application/json; charset=utf-8
cache-control: no-cache

10:48:25.045 [AsyncHttpClient-1-5] DEBUG org.asynchttpclient.netty.channel.ChannelManager - Adding key: http://localhost:6382 for channel [id: 0x039f6b85, L:/127.0.0.1:58257 - R:localhost/127.0.0.1:6382]
10:48:25.056 [Forwarding getCurrentUrl on session 7593461ff057e36e3bf35f9942cde28d to remote] DEBUG org.asynchttpclient.netty.request.NettyRequestSender - Using pooled Channel '[id: 0x039f6b85, L:/127.0.0.1:58257 - R:localhost/127.0.0.1:6382]' for 'GET' to 'http://localhost:6382/session/7593461ff057e36e3bf35f9942cde28d/url'
10:48:25.056 [Forwarding getCurrentUrl on session 7593461ff057e36e3bf35f9942cde28d to remote] DEBUG org.asynchttpclient.netty.request.NettyRequestSender - Using open Channel [id: 0x039f6b85, L:/127.0.0.1:58257 - R:localhost/127.0.0.1:6382] for GET '/session/7593461ff057e36e3bf35f9942cde28d/url'
10:48:25.110 [AsyncHttpClient-1-5] DEBUG org.asynchttpclient.netty.handler.HttpHandler - 

Request DefaultFullHttpRequest(decodeResult: success, version: HTTP/1.1, content: EmptyByteBufBE)
GET /session/7593461ff057e36e3bf35f9942cde28d/url HTTP/1.1
User-Agent: selenium/4.8.1 (java windows)
Cache-Control: no-cache
Content-Type: application/json; charset=utf-8
host: localhost:6382
accept: */*

Response DefaultHttpResponse(decodeResult: success, version: HTTP/1.1)
HTTP/1.1 200 OK
Content-Length: 55
Content-Type: application/json; charset=utf-8
cache-control: no-cache

10:48:25.111 [AsyncHttpClient-1-5] DEBUG org.asynchttpclient.netty.channel.ChannelManager - Adding key: http://localhost:6382 for channel [id: 0x039f6b85, L:/127.0.0.1:58257 - R:localhost/127.0.0.1:6382]
  &amp#27;[32mThen &amp#27;[0m&amp#27;[32mIntegration test success&amp#27;[0m                                           &amp#27;[90m# starter.stepdefinition.IntegrationSteps.integSuccess()&amp#27;[0m
10:48:25.141 [Forwarding getAlertText on session 7593461ff057e36e3bf35f9942cde28d to remote] DEBUG org.asynchttpclient.netty.request.NettyRequestSender - Using pooled Channel '[id: 0x039f6b85, L:/127.0.0.1:58257 - R:localhost/127.0.0.1:6382]' for 'GET' to 'http://localhost:6382/session/7593461ff057e36e3bf35f9942cde28d/alert/text'
10:48:25.141 [Forwarding getAlertText on session 7593461ff057e36e3bf35f9942cde28d to remote] DEBUG org.asynchttpclient.netty.request.NettyRequestSender - Using open Channel [id: 0x039f6b85, L:/127.0.0.1:58257 - R:localhost/127.0.0.1:6382] for GET '/session/7593461ff057e36e3bf35f9942cde28d/alert/text'
10:48:25.183 [AsyncHttpClient-1-5] DEBUG org.asynchttpclient.netty.handler.HttpHandler - 

Request DefaultFullHttpRequest(decodeResult: success, version: HTTP/1.1, content: EmptyByteBufBE)
GET /session/7593461ff057e36e3bf35f9942cde28d/alert/text HTTP/1.1
User-Agent: selenium/4.8.1 (java windows)
Cache-Control: no-cache
Content-Type: application/json; charset=utf-8
host: localhost:6382
accept: */*

Response DefaultHttpResponse(decodeResult: success, version: HTTP/1.1)
HTTP/1.1 404 Not Found
Content-Length: 848
Content-Type: application/json; charset=utf-8
cache-control: no-cache

10:48:25.185 [AsyncHttpClient-1-5] DEBUG org.asynchttpclient.netty.channel.ChannelManager - Adding key: http://localhost:6382 for channel [id: 0x039f6b85, L:/127.0.0.1:58257 - R:localhost/127.0.0.1:6382]
10:48:25.191 [Forwarding getCurrentUrl on session 7593461ff057e36e3bf35f9942cde28d to remote] DEBUG org.asynchttpclient.netty.request.NettyRequestSender - Using pooled Channel '[id: 0x039f6b85, L:/127.0.0.1:58257 - R:localhost/127.0.0.1:6382]' for 'GET' to 'http://localhost:6382/session/7593461ff057e36e3bf35f9942cde28d/url'
10:48:25.191 [Forwarding getCurrentUrl on session 7593461ff057e36e3bf35f9942cde28d to remote] DEBUG org.asynchttpclient.netty.request.NettyRequestSender - Using open Channel [id: 0x039f6b85, L:/127.0.0.1:58257 - R:localhost/127.0.0.1:6382] for GET '/session/7593461ff057e36e3bf35f9942cde28d/url'
10:48:25.234 [AsyncHttpClient-1-5] DEBUG org.asynchttpclient.netty.handler.HttpHandler - 

Request DefaultFullHttpRequest(decodeResult: success, version: HTTP/1.1, content: EmptyByteBufBE)
GET /session/7593461ff057e36e3bf35f9942cde28d/url HTTP/1.1
User-Agent: selenium/4.8.1 (java windows)
Cache-Control: no-cache
Content-Type: application/json; charset=utf-8
host: localhost:6382
accept: */*

Response DefaultHttpResponse(decodeResult: success, version: HTTP/1.1)
HTTP/1.1 200 OK
Content-Length: 55
Content-Type: application/json; charset=utf-8
cache-control: no-cache

10:48:25.235 [AsyncHttpClient-1-5] DEBUG org.asynchttpclient.netty.channel.ChannelManager - Adding key: http://localhost:6382 for channel [id: 0x039f6b85, L:/127.0.0.1:58257 - R:localhost/127.0.0.1:6382]
10:48:25.237 [Forwarding screenshot on session 7593461ff057e36e3bf35f9942cde28d to remote] DEBUG org.asynchttpclient.netty.request.NettyRequestSender - Using pooled Channel '[id: 0x039f6b85, L:/127.0.0.1:58257 - R:localhost/127.0.0.1:6382]' for 'GET' to 'http://localhost:6382/session/7593461ff057e36e3bf35f9942cde28d/screenshot'
10:48:25.237 [Forwarding screenshot on session 7593461ff057e36e3bf35f9942cde28d to remote] DEBUG org.asynchttpclient.netty.request.NettyRequestSender - Using open Channel [id: 0x039f6b85, L:/127.0.0.1:58257 - R:localhost/127.0.0.1:6382] for GET '/session/7593461ff057e36e3bf35f9942cde28d/screenshot'
10:48:25.435 [AsyncHttpClient-1-5] DEBUG org.asynchttpclient.netty.handler.HttpHandler - 

Request DefaultFullHttpRequest(decodeResult: success, version: HTTP/1.1, content: EmptyByteBufBE)
GET /session/7593461ff057e36e3bf35f9942cde28d/screenshot HTTP/1.1
User-Agent: selenium/4.8.1 (java windows)
Cache-Control: no-cache
Content-Type: application/json; charset=utf-8
host: localhost:6382
accept: */*

Response DefaultHttpResponse(decodeResult: success, version: HTTP/1.1)
HTTP/1.1 200 OK
Content-Length: 30644
Content-Type: application/json; charset=utf-8
cache-control: no-cache

10:48:25.436 [AsyncHttpClient-1-5] DEBUG org.asynchttpclient.netty.channel.ChannelManager - Adding key: http://localhost:6382 for channel [id: 0x039f6b85, L:/127.0.0.1:58257 - R:localhost/127.0.0.1:6382]
10:48:25.442 [main] DEBUG net.serenitybdd.core.photography.Darkroom - Send negative for processing for target\site\serenity\caa75101543a532596a2a00fbae87b489591a0a3accb8a749140dbdb71144013.png
10:48:25.443 [Darkroom Processing Line] DEBUG net.serenitybdd.core.photography.DarkroomProcessingLine - Processing screenshot image in /var/screenshots/screenshot-10367260580575122212
10:48:25.444 [Darkroom Processing Line] DEBUG net.serenitybdd.core.photography.DarkroomProcessingLine - Saving screenshot to target\site\serenity\caa75101543a532596a2a00fbae87b489591a0a3accb8a749140dbdb71144013.png
10:48:25.446 [main] INFO  - 
  _____   ___   ___   _____     ___     _     ___   ___   ___   ___  
 |_   _| | __| / __| |_   _|   | _ \   /_\   / __| / __| | __| |   \ 
   | |   | _|  \__ \   | |     |  _/  / _ \  \__ \ \__ \ | _|  | |) |
   |_|   |___| |___/   |_|     |_|   /_/ \_\ |___/ |___/ |___| |___/ 

WB027 - User register, login, see detail product, assign rating
----------------------------------------------------------------------
10:48:25.450 [AsyncHttpClient-1-7] DEBUG org.asynchttpclient.netty.handler.WebSocketHandler - Channel Closed: [id: 0x1d03290f, L:/127.0.0.1:58265 ! R:localhost/127.0.0.1:58259] with attribute NettyResponseFuture{currentRetry=0,
	isDone=1,
	isCancelled=0,
	asyncHandler=org.asynchttpclient.ws.WebSocketUpgradeHandler@278f56c9,
	nettyRequest=org.asynchttpclient.netty.request.NettyRequest@628ddc5c,
	future=java.util.concurrent.CompletableFuture@7603bf41[Completed normally],
	uri=ws://localhost:58259/devtools/browser/d426e3b9-031b-41b6-9478-3657cff59116,
	keepAlive=true,
	redirectCount=0,
	timeoutsHolder=null,
	inAuth=0,
	touch=1683776797945}
10:48:25.452 [AsyncHttpClient-1-7] DEBUG org.asynchttpclient.netty.channel.ChannelManager - Closing Channel [id: 0x1d03290f, L:/127.0.0.1:58265 ! R:localhost/127.0.0.1:58259] 
10:48:25.466 [Driver Command Executor] DEBUG org.asynchttpclient.netty.request.NettyRequestSender - Using pooled Channel '[id: 0x039f6b85, L:/127.0.0.1:58257 - R:localhost/127.0.0.1:6382]' for 'DELETE' to 'http://localhost:6382/session/7593461ff057e36e3bf35f9942cde28d'
10:48:25.466 [Driver Command Executor] DEBUG org.asynchttpclient.netty.request.NettyRequestSender - Using open Channel [id: 0x039f6b85, L:/127.0.0.1:58257 - R:localhost/127.0.0.1:6382] for DELETE '/session/7593461ff057e36e3bf35f9942cde28d'
10:48:26.150 [AsyncHttpClient-1-5] DEBUG org.asynchttpclient.netty.handler.HttpHandler - 

Request DefaultFullHttpRequest(decodeResult: success, version: HTTP/1.1, content: EmptyByteBufBE)
DELETE /session/7593461ff057e36e3bf35f9942cde28d HTTP/1.1
User-Agent: selenium/4.8.1 (java windows)
Content-Type: application/json; charset=utf-8
host: localhost:6382
accept: */*

Response DefaultHttpResponse(decodeResult: success, version: HTTP/1.1)
HTTP/1.1 200 OK
Content-Length: 14
Content-Type: application/json; charset=utf-8
cache-control: no-cache

10:48:26.150 [AsyncHttpClient-1-5] DEBUG org.asynchttpclient.netty.channel.ChannelManager - Adding key: http://localhost:6382 for channel [id: 0x039f6b85, L:/127.0.0.1:58257 - R:localhost/127.0.0.1:6382]
10:48:26.460 [AsyncHttpClient-1-5] DEBUG org.asynchttpclient.netty.handler.HttpHandler - Channel Closed: [id: 0x039f6b85, L:/127.0.0.1:58257 ! R:localhost/127.0.0.1:6382] with attribute DISCARD
]]></system-out>
    <system-err><![CDATA[Starting ChromeDriver 112.0.5615.49 (bd2a7bcb881c11e8cfe3078709382934e3916914-refs/branch-heads/5615@{#936}) on port 6382
Only local connections are allowed.
Please see https://chromedriver.chromium.org/security-considerations for suggestions on keeping ChromeDriver safe.
ChromeDriver was started successfully.
May 11, 2023 10:46:37 AM org.openqa.selenium.devtools.CdpVersionFinder findNearestMatch
WARNING: Unable to find an exact match for CDP version 112, so returning the closest version found: 110
]]></system-err>
  </testcase>
  <testcase name="WB028 - User register, login, add to cart, order, view transaction history" classname="Integration" time="137.097">
    <system-out><![CDATA[
Scenario: WB028 - User register, login, add to cart, order, view transaction history &amp#27;[90m# src/test/resources/features/06Integration.feature:18&amp#27;[0m
10:48:26.558 [main] DEBUG io.cucumber.core.plugin.SerenityReporter - Running feature from file:///C:/Users/User/IdeaProjects/IntegrationTest/src/test/resources/features/06Integration.feature
10:48:26.562 [main] INFO  - 
  _____   ___   ___   _____     ___   _____     _     ___   _____   ___   ___  
 |_   _| | __| / __| |_   _|   / __| |_   _|   /_\   | _ \ |_   _| | __| |   \ 
   | |   | _|  \__ \   | |     \__ \   | |    / _ \  |   /   | |   | _|  | |) |
   |_|   |___| |___/   |_|     |___/   |_|   /_/ \_\ |_|_\   |_|   |___| |___/ 

WB028 - User register, login, add to cart, order, view transaction history(integration;wb028---user-register--login--add-to-cart--order--view-transaction-history)
--------------------------------------------------------------------------------
  &amp#27;[32mGiven &amp#27;[0m&amp#27;[32mUser on the register pages&amp#27;[0m                                                   &amp#27;[90m# starter.stepdefinition.IntegrationSteps.regPages()&amp#27;[0m
10:48:26.705 [main] INFO net.serenitybdd.core.webdriver.driverproviders.ChromeDriverProvider - Starting Chrome driver instance with capabilities:
10:48:26.705 [main] INFO net.serenitybdd.core.webdriver.driverproviders.ChromeDriverProvider - Capabilities {acceptInsecureCerts: false, browserName: chrome, goog:chromeOptions: {args: [remote-allow-origins=*], extensions: []}}
10:48:27.244 [AsyncHttpClient-1-1] DEBUG org.asynchttpclient.netty.channel.DefaultChannelPool - Entry count for : http://localhost:6382 : 1
10:48:27.244 [AsyncHttpClient-1-1] DEBUG org.asynchttpclient.netty.channel.DefaultChannelPool - Adding Candidate expired Channel [id: 0x039f6b85, L:/127.0.0.1:58257 ! R:localhost/127.0.0.1:6382] isIdleTimeoutExpired=false isRemotelyClosed=true isTtlExpired=false
10:48:27.244 [AsyncHttpClient-1-1] DEBUG org.asynchttpclient.netty.channel.DefaultChannelPool - Closing Idle Channel [id: 0x039f6b85, L:/127.0.0.1:58257 ! R:localhost/127.0.0.1:6382]
10:48:27.244 [AsyncHttpClient-1-1] DEBUG org.asynchttpclient.netty.channel.DefaultChannelPool - Closed 1 connections out of 1 in 0 ms
10:48:27.502 [AsyncHttpClient-1-8] DEBUG org.asynchttpclient.netty.channel.NettyConnectListener - Using new Channel '[id: 0xa01596ea, L:/127.0.0.1:58377 - R:localhost/127.0.0.1:6007]' for 'POST' to '/session'
10:48:29.861 [AsyncHttpClient-1-8] DEBUG org.asynchttpclient.netty.handler.HttpHandler - 

Request DefaultHttpRequest(decodeResult: success, version: HTTP/1.1)
POST /session HTTP/1.1
User-Agent: selenium/4.8.1 (java windows)
Content-Length: 507
Content-Type: application/json; charset=utf-8
host: localhost:6007
accept: */*

Response DefaultHttpResponse(decodeResult: success, version: HTTP/1.1)
HTTP/1.1 200 OK
Content-Length: 859
Content-Type: application/json; charset=utf-8
cache-control: no-cache

10:48:29.861 [AsyncHttpClient-1-8] DEBUG org.asynchttpclient.netty.channel.ChannelManager - Adding key: http://localhost:6007 for channel [id: 0xa01596ea, L:/127.0.0.1:58377 - R:localhost/127.0.0.1:6007]
10:48:29.875 [AsyncHttpClient-1-9] DEBUG org.asynchttpclient.netty.channel.NettyConnectListener - Using new Channel '[id: 0xaed7abd9, L:/127.0.0.1:58385 - R:localhost/127.0.0.1:58378]' for 'GET' to '/json/version'
10:48:29.878 [AsyncHttpClient-1-9] DEBUG org.asynchttpclient.netty.handler.HttpHandler - 

Request DefaultFullHttpRequest(decodeResult: success, version: HTTP/1.1, content: EmptyByteBufBE)
GET /json/version HTTP/1.1
User-Agent: selenium/4.8.1 (java windows)
host: localhost:58378
accept: */*

Response DefaultHttpResponse(decodeResult: success, version: HTTP/1.1)
HTTP/1.1 200 OK
Content-Security-Policy: frame-ancestors 'none'
Content-Length: 424
Content-Type: application/json; charset=UTF-8

10:48:29.878 [AsyncHttpClient-1-9] DEBUG org.asynchttpclient.netty.channel.ChannelManager - Adding key: http://localhost:58378 for channel [id: 0xaed7abd9, L:/127.0.0.1:58385 - R:localhost/127.0.0.1:58378]
10:48:29.880 [AsyncHttpClient-1-2] DEBUG org.asynchttpclient.netty.channel.NettyConnectListener - Using new Channel '[id: 0x9668df71, L:/127.0.0.1:58386 - R:localhost/127.0.0.1:58378]' for 'GET' to '/devtools/browser/92472cae-4d11-4381-abe4-09b06839d08d'
10:48:29.881 [AsyncHttpClient-1-2] DEBUG org.asynchttpclient.netty.handler.WebSocketHandler - 

Request DefaultFullHttpRequest(decodeResult: success, version: HTTP/1.1, content: EmptyByteBufBE)
GET /devtools/browser/92472cae-4d11-4381-abe4-09b06839d08d HTTP/1.1
upgrade: websocket
connection: upgrade
sec-websocket-key: 2kcfXEg5yiT5D2ZeYMZQag==
sec-websocket-version: 13
origin: http://localhost:58378
host: localhost:58378
accept: */*
user-agent: AHC/2.1

Response DefaultHttpResponse(decodeResult: success, version: HTTP/1.1)
HTTP/1.1 101 WebSocket Protocol Handshake
Upgrade: WebSocket
Connection: Upgrade
Sec-WebSocket-Accept: CB7HxJ5MGyRDz3N2yehp6IMixZk=

10:48:29.901 [Forwarding maximizeCurrentWindow on session 52da67b5e6833d85e130652ec4676557 to remote] DEBUG org.asynchttpclient.netty.request.NettyRequestSender - Using pooled Channel '[id: 0xa01596ea, L:/127.0.0.1:58377 - R:localhost/127.0.0.1:6007]' for 'POST' to 'http://localhost:6007/session/52da67b5e6833d85e130652ec4676557/window/maximize'
10:48:29.901 [Forwarding maximizeCurrentWindow on session 52da67b5e6833d85e130652ec4676557 to remote] DEBUG org.asynchttpclient.netty.request.NettyRequestSender - Using open Channel [id: 0xa01596ea, L:/127.0.0.1:58377 - R:localhost/127.0.0.1:6007] for POST '/session/52da67b5e6833d85e130652ec4676557/window/maximize'
10:48:30.042 [AsyncHttpClient-1-8] DEBUG org.asynchttpclient.netty.handler.HttpHandler - 

Request DefaultHttpRequest(decodeResult: success, version: HTTP/1.1)
POST /session/52da67b5e6833d85e130652ec4676557/window/maximize HTTP/1.1
User-Agent: selenium/4.8.1 (java windows)
Content-Length: 3
Content-Type: application/json; charset=utf-8
host: localhost:6007
accept: */*

Response DefaultHttpResponse(decodeResult: success, version: HTTP/1.1)
HTTP/1.1 200 OK
Content-Length: 51
Content-Type: application/json; charset=utf-8
cache-control: no-cache

10:48:30.042 [AsyncHttpClient-1-8] DEBUG org.asynchttpclient.netty.channel.ChannelManager - Adding key: http://localhost:6007 for channel [id: 0xa01596ea, L:/127.0.0.1:58377 - R:localhost/127.0.0.1:6007]
10:48:30.044 [Forwarding get on session 52da67b5e6833d85e130652ec4676557 to remote] DEBUG org.asynchttpclient.netty.request.NettyRequestSender - Using pooled Channel '[id: 0xa01596ea, L:/127.0.0.1:58377 - R:localhost/127.0.0.1:6007]' for 'POST' to 'http://localhost:6007/session/52da67b5e6833d85e130652ec4676557/url'
10:48:30.044 [Forwarding get on session 52da67b5e6833d85e130652ec4676557 to remote] DEBUG org.asynchttpclient.netty.request.NettyRequestSender - Using open Channel [id: 0xa01596ea, L:/127.0.0.1:58377 - R:localhost/127.0.0.1:6007] for POST '/session/52da67b5e6833d85e130652ec4676557/url'
10:48:30.549 [AsyncHttpClient-1-1] DEBUG org.asynchttpclient.netty.channel.DefaultChannelPool - Entry count for : http://localhost:58378 : 1
10:48:30.745 [AsyncHttpClient-1-8] DEBUG org.asynchttpclient.netty.handler.HttpHandler - 

Request DefaultHttpRequest(decodeResult: success, version: HTTP/1.1)
POST /session/52da67b5e6833d85e130652ec4676557/url HTTP/1.1
User-Agent: selenium/4.8.1 (java windows)
Content-Length: 77
Content-Type: application/json; charset=utf-8
host: localhost:6007
accept: */*

Response DefaultHttpResponse(decodeResult: success, version: HTTP/1.1)
HTTP/1.1 200 OK
Content-Length: 14
Content-Type: application/json; charset=utf-8
cache-control: no-cache

10:48:30.745 [AsyncHttpClient-1-8] DEBUG org.asynchttpclient.netty.channel.ChannelManager - Adding key: http://localhost:6007 for channel [id: 0xa01596ea, L:/127.0.0.1:58377 - R:localhost/127.0.0.1:6007]
10:48:30.749 [Forwarding setTimeout on session 52da67b5e6833d85e130652ec4676557 to remote] DEBUG org.asynchttpclient.netty.request.NettyRequestSender - Using pooled Channel '[id: 0xa01596ea, L:/127.0.0.1:58377 - R:localhost/127.0.0.1:6007]' for 'POST' to 'http://localhost:6007/session/52da67b5e6833d85e130652ec4676557/timeouts'
10:48:30.749 [Forwarding setTimeout on session 52da67b5e6833d85e130652ec4676557 to remote] DEBUG org.asynchttpclient.netty.request.NettyRequestSender - Using open Channel [id: 0xa01596ea, L:/127.0.0.1:58377 - R:localhost/127.0.0.1:6007] for POST '/session/52da67b5e6833d85e130652ec4676557/timeouts'
10:48:30.750 [AsyncHttpClient-1-8] DEBUG org.asynchttpclient.netty.handler.HttpHandler - 

Request DefaultHttpRequest(decodeResult: success, version: HTTP/1.1)
POST /session/52da67b5e6833d85e130652ec4676557/timeouts HTTP/1.1
User-Agent: selenium/4.8.1 (java windows)
Content-Length: 22
Content-Type: application/json; charset=utf-8
host: localhost:6007
accept: */*

Response DefaultHttpResponse(decodeResult: success, version: HTTP/1.1)
HTTP/1.1 200 OK
Content-Length: 14
Content-Type: application/json; charset=utf-8
cache-control: no-cache

10:48:30.750 [AsyncHttpClient-1-8] DEBUG org.asynchttpclient.netty.channel.ChannelManager - Adding key: http://localhost:6007 for channel [id: 0xa01596ea, L:/127.0.0.1:58377 - R:localhost/127.0.0.1:6007]
10:48:30.768 [Forwarding getAlertText on session 52da67b5e6833d85e130652ec4676557 to remote] DEBUG org.asynchttpclient.netty.request.NettyRequestSender - Using pooled Channel '[id: 0xa01596ea, L:/127.0.0.1:58377 - R:localhost/127.0.0.1:6007]' for 'GET' to 'http://localhost:6007/session/52da67b5e6833d85e130652ec4676557/alert/text'
10:48:30.768 [Forwarding getAlertText on session 52da67b5e6833d85e130652ec4676557 to remote] DEBUG org.asynchttpclient.netty.request.NettyRequestSender - Using open Channel [id: 0xa01596ea, L:/127.0.0.1:58377 - R:localhost/127.0.0.1:6007] for GET '/session/52da67b5e6833d85e130652ec4676557/alert/text'
10:48:30.772 [AsyncHttpClient-1-8] DEBUG org.asynchttpclient.netty.handler.HttpHandler - 

Request DefaultFullHttpRequest(decodeResult: success, version: HTTP/1.1, content: EmptyByteBufBE)
GET /session/52da67b5e6833d85e130652ec4676557/alert/text HTTP/1.1
User-Agent: selenium/4.8.1 (java windows)
Cache-Control: no-cache
Content-Type: application/json; charset=utf-8
host: localhost:6007
accept: */*

Response DefaultHttpResponse(decodeResult: success, version: HTTP/1.1)
HTTP/1.1 404 Not Found
Content-Length: 848
Content-Type: application/json; charset=utf-8
cache-control: no-cache

10:48:30.772 [AsyncHttpClient-1-8] DEBUG org.asynchttpclient.netty.channel.ChannelManager - Adding key: http://localhost:6007 for channel [id: 0xa01596ea, L:/127.0.0.1:58377 - R:localhost/127.0.0.1:6007]
10:48:30.774 [Forwarding getCurrentUrl on session 52da67b5e6833d85e130652ec4676557 to remote] DEBUG org.asynchttpclient.netty.request.NettyRequestSender - Using pooled Channel '[id: 0xa01596ea, L:/127.0.0.1:58377 - R:localhost/127.0.0.1:6007]' for 'GET' to 'http://localhost:6007/session/52da67b5e6833d85e130652ec4676557/url'
10:48:30.774 [Forwarding getCurrentUrl on session 52da67b5e6833d85e130652ec4676557 to remote] DEBUG org.asynchttpclient.netty.request.NettyRequestSender - Using open Channel [id: 0xa01596ea, L:/127.0.0.1:58377 - R:localhost/127.0.0.1:6007] for GET '/session/52da67b5e6833d85e130652ec4676557/url'
10:48:30.792 [AsyncHttpClient-1-8] DEBUG org.asynchttpclient.netty.handler.HttpHandler - 

Request DefaultFullHttpRequest(decodeResult: success, version: HTTP/1.1, content: EmptyByteBufBE)
GET /session/52da67b5e6833d85e130652ec4676557/url HTTP/1.1
User-Agent: selenium/4.8.1 (java windows)
Cache-Control: no-cache
Content-Type: application/json; charset=utf-8
host: localhost:6007
accept: */*

Response DefaultHttpResponse(decodeResult: success, version: HTTP/1.1)
HTTP/1.1 200 OK
Content-Length: 54
Content-Type: application/json; charset=utf-8
cache-control: no-cache

10:48:30.792 [AsyncHttpClient-1-8] DEBUG org.asynchttpclient.netty.channel.ChannelManager - Adding key: http://localhost:6007 for channel [id: 0xa01596ea, L:/127.0.0.1:58377 - R:localhost/127.0.0.1:6007]
10:48:30.794 [Forwarding screenshot on session 52da67b5e6833d85e130652ec4676557 to remote] DEBUG org.asynchttpclient.netty.request.NettyRequestSender - Using pooled Channel '[id: 0xa01596ea, L:/127.0.0.1:58377 - R:localhost/127.0.0.1:6007]' for 'GET' to 'http://localhost:6007/session/52da67b5e6833d85e130652ec4676557/screenshot'
10:48:30.794 [Forwarding screenshot on session 52da67b5e6833d85e130652ec4676557 to remote] DEBUG org.asynchttpclient.netty.request.NettyRequestSender - Using open Channel [id: 0xa01596ea, L:/127.0.0.1:58377 - R:localhost/127.0.0.1:6007] for GET '/session/52da67b5e6833d85e130652ec4676557/screenshot'
10:48:31.648 [AsyncHttpClient-1-1] DEBUG org.asynchttpclient.netty.channel.DefaultChannelPool - Entry count for : http://localhost:58378 : 1
10:48:32.050 [AsyncHttpClient-1-8] DEBUG org.asynchttpclient.netty.handler.HttpHandler - 

Request DefaultFullHttpRequest(decodeResult: success, version: HTTP/1.1, content: EmptyByteBufBE)
GET /session/52da67b5e6833d85e130652ec4676557/screenshot HTTP/1.1
User-Agent: selenium/4.8.1 (java windows)
Cache-Control: no-cache
Content-Type: application/json; charset=utf-8
host: localhost:6007
accept: */*

Response DefaultHttpResponse(decodeResult: success, version: HTTP/1.1)
HTTP/1.1 200 OK
Content-Length: 29668
Content-Type: application/json; charset=utf-8
cache-control: no-cache

10:48:32.050 [AsyncHttpClient-1-8] DEBUG org.asynchttpclient.netty.channel.ChannelManager - Adding key: http://localhost:6007 for channel [id: 0xa01596ea, L:/127.0.0.1:58377 - R:localhost/127.0.0.1:6007]
10:48:32.052 [main] DEBUG net.serenitybdd.core.photography.Darkroom - Send negative for processing for target\site\serenity\0ba6e8bb0dbd98adfe749502cc48ff0da377cd7b0172f40fe1ccbac8137b3703.png
10:48:32.054 [Forwarding getPageSource on session 52da67b5e6833d85e130652ec4676557 to remote] DEBUG org.asynchttpclient.netty.request.NettyRequestSender - Using pooled Channel '[id: 0xa01596ea, L:/127.0.0.1:58377 - R:localhost/127.0.0.1:6007]' for 'POST' to 'http://localhost:6007/session/52da67b5e6833d85e130652ec4676557/execute/sync'
10:48:32.054 [Forwarding getPageSource on session 52da67b5e6833d85e130652ec4676557 to remote] DEBUG org.asynchttpclient.netty.request.NettyRequestSender - Using open Channel [id: 0xa01596ea, L:/127.0.0.1:58377 - R:localhost/127.0.0.1:6007] for POST '/session/52da67b5e6833d85e130652ec4676557/execute/sync'
10:48:32.063 [AsyncHttpClient-1-8] DEBUG org.asynchttpclient.netty.handler.HttpHandler - 

Request DefaultHttpRequest(decodeResult: success, version: HTTP/1.1)
POST /session/52da67b5e6833d85e130652ec4676557/execute/sync HTTP/1.1
User-Agent: selenium/4.8.1 (java windows)
Content-Length: 176
Content-Type: application/json; charset=utf-8
host: localhost:6007
accept: */*

Response DefaultHttpResponse(decodeResult: success, version: HTTP/1.1)
HTTP/1.1 200 OK
Content-Length: 22234
Content-Type: application/json; charset=utf-8
cache-control: no-cache

10:48:32.063 [AsyncHttpClient-1-8] DEBUG org.asynchttpclient.netty.channel.ChannelManager - Adding key: http://localhost:6007 for channel [id: 0xa01596ea, L:/127.0.0.1:58377 - R:localhost/127.0.0.1:6007]
10:48:32.066 [Forwarding getCurrentUrl on session 52da67b5e6833d85e130652ec4676557 to remote] DEBUG org.asynchttpclient.netty.request.NettyRequestSender - Using pooled Channel '[id: 0xa01596ea, L:/127.0.0.1:58377 - R:localhost/127.0.0.1:6007]' for 'GET' to 'http://localhost:6007/session/52da67b5e6833d85e130652ec4676557/url'
10:48:32.066 [Forwarding getCurrentUrl on session 52da67b5e6833d85e130652ec4676557 to remote] DEBUG org.asynchttpclient.netty.request.NettyRequestSender - Using open Channel [id: 0xa01596ea, L:/127.0.0.1:58377 - R:localhost/127.0.0.1:6007] for GET '/session/52da67b5e6833d85e130652ec4676557/url'
10:48:32.070 [AsyncHttpClient-1-8] DEBUG org.asynchttpclient.netty.handler.HttpHandler - 

Request DefaultFullHttpRequest(decodeResult: success, version: HTTP/1.1, content: EmptyByteBufBE)
GET /session/52da67b5e6833d85e130652ec4676557/url HTTP/1.1
User-Agent: selenium/4.8.1 (java windows)
Cache-Control: no-cache
Content-Type: application/json; charset=utf-8
host: localhost:6007
accept: */*

Response DefaultHttpResponse(decodeResult: success, version: HTTP/1.1)
HTTP/1.1 200 OK
Content-Length: 54
Content-Type: application/json; charset=utf-8
cache-control: no-cache

10:48:32.070 [AsyncHttpClient-1-8] DEBUG org.asynchttpclient.netty.channel.ChannelManager - Adding key: http://localhost:6007 for channel [id: 0xa01596ea, L:/127.0.0.1:58377 - R:localhost/127.0.0.1:6007]
10:48:32.073 [main] DEBUG net.thucydides.core.steps.StepInterceptor - STARTING STEP: IntegrationSteps.regs - validateOnRegisterPage
10:48:32.075 [Forwarding setTimeout on session 52da67b5e6833d85e130652ec4676557 to remote] DEBUG org.asynchttpclient.netty.request.NettyRequestSender - Using pooled Channel '[id: 0xa01596ea, L:/127.0.0.1:58377 - R:localhost/127.0.0.1:6007]' for 'POST' to 'http://localhost:6007/session/52da67b5e6833d85e130652ec4676557/timeouts'
10:48:32.075 [Forwarding setTimeout on session 52da67b5e6833d85e130652ec4676557 to remote] DEBUG org.asynchttpclient.netty.request.NettyRequestSender - Using open Channel [id: 0xa01596ea, L:/127.0.0.1:58377 - R:localhost/127.0.0.1:6007] for POST '/session/52da67b5e6833d85e130652ec4676557/timeouts'
10:48:32.076 [AsyncHttpClient-1-8] DEBUG org.asynchttpclient.netty.handler.HttpHandler - 

Request DefaultHttpRequest(decodeResult: success, version: HTTP/1.1)
POST /session/52da67b5e6833d85e130652ec4676557/timeouts HTTP/1.1
User-Agent: selenium/4.8.1 (java windows)
Content-Length: 19
Content-Type: application/json; charset=utf-8
host: localhost:6007
accept: */*

Response DefaultHttpResponse(decodeResult: success, version: HTTP/1.1)
HTTP/1.1 200 OK
Content-Length: 14
Content-Type: application/json; charset=utf-8
cache-control: no-cache

10:48:32.076 [AsyncHttpClient-1-8] DEBUG org.asynchttpclient.netty.channel.ChannelManager - Adding key: http://localhost:6007 for channel [id: 0xa01596ea, L:/127.0.0.1:58377 - R:localhost/127.0.0.1:6007]
10:48:32.079 [Forwarding findElements on session 52da67b5e6833d85e130652ec4676557 to remote] DEBUG org.asynchttpclient.netty.request.NettyRequestSender - Using pooled Channel '[id: 0xa01596ea, L:/127.0.0.1:58377 - R:localhost/127.0.0.1:6007]' for 'POST' to 'http://localhost:6007/session/52da67b5e6833d85e130652ec4676557/elements'
10:48:32.080 [Forwarding findElements on session 52da67b5e6833d85e130652ec4676557 to remote] DEBUG org.asynchttpclient.netty.request.NettyRequestSender - Using open Channel [id: 0xa01596ea, L:/127.0.0.1:58377 - R:localhost/127.0.0.1:6007] for POST '/session/52da67b5e6833d85e130652ec4676557/elements'
10:48:32.096 [AsyncHttpClient-1-8] DEBUG org.asynchttpclient.netty.handler.HttpHandler - 

Request DefaultHttpRequest(decodeResult: success, version: HTTP/1.1)
POST /session/52da67b5e6833d85e130652ec4676557/elements HTTP/1.1
User-Agent: selenium/4.8.1 (java windows)
Content-Length: 225
Content-Type: application/json; charset=utf-8
host: localhost:6007
accept: */*

Response DefaultHttpResponse(decodeResult: success, version: HTTP/1.1)
HTTP/1.1 200 OK
Content-Length: 90
Content-Type: application/json; charset=utf-8
cache-control: no-cache

10:48:32.096 [AsyncHttpClient-1-8] DEBUG org.asynchttpclient.netty.channel.ChannelManager - Adding key: http://localhost:6007 for channel [id: 0xa01596ea, L:/127.0.0.1:58377 - R:localhost/127.0.0.1:6007]
10:48:32.099 [Forwarding isElementDisplayed on session 52da67b5e6833d85e130652ec4676557 to remote] DEBUG org.asynchttpclient.netty.request.NettyRequestSender - Using pooled Channel '[id: 0xa01596ea, L:/127.0.0.1:58377 - R:localhost/127.0.0.1:6007]' for 'POST' to 'http://localhost:6007/session/52da67b5e6833d85e130652ec4676557/execute/sync'
10:48:32.099 [Forwarding isElementDisplayed on session 52da67b5e6833d85e130652ec4676557 to remote] DEBUG org.asynchttpclient.netty.request.NettyRequestSender - Using open Channel [id: 0xa01596ea, L:/127.0.0.1:58377 - R:localhost/127.0.0.1:6007] for POST '/session/52da67b5e6833d85e130652ec4676557/execute/sync'
10:48:32.119 [AsyncHttpClient-1-8] DEBUG org.asynchttpclient.netty.handler.HttpHandler - 

Request DefaultHttpRequest(decodeResult: success, version: HTTP/1.1)
POST /session/52da67b5e6833d85e130652ec4676557/execute/sync HTTP/1.1
User-Agent: selenium/4.8.1 (java windows)
Content-Length: 48807
Content-Type: application/json; charset=utf-8
host: localhost:6007
accept: */*

Response DefaultHttpResponse(decodeResult: success, version: HTTP/1.1)
HTTP/1.1 200 OK
Content-Length: 14
Content-Type: application/json; charset=utf-8
cache-control: no-cache

10:48:32.119 [AsyncHttpClient-1-8] DEBUG org.asynchttpclient.netty.channel.ChannelManager - Adding key: http://localhost:6007 for channel [id: 0xa01596ea, L:/127.0.0.1:58377 - R:localhost/127.0.0.1:6007]
10:48:32.123 [Forwarding findElements on session 52da67b5e6833d85e130652ec4676557 to remote] DEBUG org.asynchttpclient.netty.request.NettyRequestSender - Using pooled Channel '[id: 0xa01596ea, L:/127.0.0.1:58377 - R:localhost/127.0.0.1:6007]' for 'POST' to 'http://localhost:6007/session/52da67b5e6833d85e130652ec4676557/elements'
10:48:32.123 [Forwarding findElements on session 52da67b5e6833d85e130652ec4676557 to remote] DEBUG org.asynchttpclient.netty.request.NettyRequestSender - Using open Channel [id: 0xa01596ea, L:/127.0.0.1:58377 - R:localhost/127.0.0.1:6007] for POST '/session/52da67b5e6833d85e130652ec4676557/elements'
10:48:32.132 [AsyncHttpClient-1-8] DEBUG org.asynchttpclient.netty.handler.HttpHandler - 

Request DefaultHttpRequest(decodeResult: success, version: HTTP/1.1)
POST /session/52da67b5e6833d85e130652ec4676557/elements HTTP/1.1
User-Agent: selenium/4.8.1 (java windows)
Content-Length: 225
Content-Type: application/json; charset=utf-8
host: localhost:6007
accept: */*

Response DefaultHttpResponse(decodeResult: success, version: HTTP/1.1)
HTTP/1.1 200 OK
Content-Length: 90
Content-Type: application/json; charset=utf-8
cache-control: no-cache

10:48:32.132 [AsyncHttpClient-1-8] DEBUG org.asynchttpclient.netty.channel.ChannelManager - Adding key: http://localhost:6007 for channel [id: 0xa01596ea, L:/127.0.0.1:58377 - R:localhost/127.0.0.1:6007]
10:48:32.135 [Forwarding setTimeout on session 52da67b5e6833d85e130652ec4676557 to remote] DEBUG org.asynchttpclient.netty.request.NettyRequestSender - Using pooled Channel '[id: 0xa01596ea, L:/127.0.0.1:58377 - R:localhost/127.0.0.1:6007]' for 'POST' to 'http://localhost:6007/session/52da67b5e6833d85e130652ec4676557/timeouts'
10:48:32.135 [Forwarding setTimeout on session 52da67b5e6833d85e130652ec4676557 to remote] DEBUG org.asynchttpclient.netty.request.NettyRequestSender - Using open Channel [id: 0xa01596ea, L:/127.0.0.1:58377 - R:localhost/127.0.0.1:6007] for POST '/session/52da67b5e6833d85e130652ec4676557/timeouts'
10:48:32.137 [AsyncHttpClient-1-8] DEBUG org.asynchttpclient.netty.handler.HttpHandler - 

Request DefaultHttpRequest(decodeResult: success, version: HTTP/1.1)
POST /session/52da67b5e6833d85e130652ec4676557/timeouts HTTP/1.1
User-Agent: selenium/4.8.1 (java windows)
Content-Length: 22
Content-Type: application/json; charset=utf-8
host: localhost:6007
accept: */*

Response DefaultHttpResponse(decodeResult: success, version: HTTP/1.1)
HTTP/1.1 200 OK
Content-Length: 14
Content-Type: application/json; charset=utf-8
cache-control: no-cache

10:48:32.137 [AsyncHttpClient-1-8] DEBUG org.asynchttpclient.netty.channel.ChannelManager - Adding key: http://localhost:6007 for channel [id: 0xa01596ea, L:/127.0.0.1:58377 - R:localhost/127.0.0.1:6007]
10:48:32.141 [Forwarding isElementDisplayed on session 52da67b5e6833d85e130652ec4676557 to remote] DEBUG org.asynchttpclient.netty.request.NettyRequestSender - Using pooled Channel '[id: 0xa01596ea, L:/127.0.0.1:58377 - R:localhost/127.0.0.1:6007]' for 'POST' to 'http://localhost:6007/session/52da67b5e6833d85e130652ec4676557/execute/sync'
10:48:32.141 [Forwarding isElementDisplayed on session 52da67b5e6833d85e130652ec4676557 to remote] DEBUG org.asynchttpclient.netty.request.NettyRequestSender - Using open Channel [id: 0xa01596ea, L:/127.0.0.1:58377 - R:localhost/127.0.0.1:6007] for POST '/session/52da67b5e6833d85e130652ec4676557/execute/sync'
10:48:32.162 [AsyncHttpClient-1-8] DEBUG org.asynchttpclient.netty.handler.HttpHandler - 

Request DefaultHttpRequest(decodeResult: success, version: HTTP/1.1)
POST /session/52da67b5e6833d85e130652ec4676557/execute/sync HTTP/1.1
User-Agent: selenium/4.8.1 (java windows)
Content-Length: 48807
Content-Type: application/json; charset=utf-8
host: localhost:6007
accept: */*

Response DefaultHttpResponse(decodeResult: success, version: HTTP/1.1)
HTTP/1.1 200 OK
Content-Length: 14
Content-Type: application/json; charset=utf-8
cache-control: no-cache

10:48:32.162 [AsyncHttpClient-1-8] DEBUG org.asynchttpclient.netty.channel.ChannelManager - Adding key: http://localhost:6007 for channel [id: 0xa01596ea, L:/127.0.0.1:58377 - R:localhost/127.0.0.1:6007]
10:48:32.171 [Forwarding getAlertText on session 52da67b5e6833d85e130652ec4676557 to remote] DEBUG org.asynchttpclient.netty.request.NettyRequestSender - Using pooled Channel '[id: 0xa01596ea, L:/127.0.0.1:58377 - R:localhost/127.0.0.1:6007]' for 'GET' to 'http://localhost:6007/session/52da67b5e6833d85e130652ec4676557/alert/text'
10:48:32.171 [Forwarding getAlertText on session 52da67b5e6833d85e130652ec4676557 to remote] DEBUG org.asynchttpclient.netty.request.NettyRequestSender - Using open Channel [id: 0xa01596ea, L:/127.0.0.1:58377 - R:localhost/127.0.0.1:6007] for GET '/session/52da67b5e6833d85e130652ec4676557/alert/text'
10:48:32.172 [AsyncHttpClient-1-8] DEBUG org.asynchttpclient.netty.handler.HttpHandler - 

Request DefaultFullHttpRequest(decodeResult: success, version: HTTP/1.1, content: EmptyByteBufBE)
GET /session/52da67b5e6833d85e130652ec4676557/alert/text HTTP/1.1
User-Agent: selenium/4.8.1 (java windows)
Cache-Control: no-cache
Content-Type: application/json; charset=utf-8
host: localhost:6007
accept: */*

Response DefaultHttpResponse(decodeResult: success, version: HTTP/1.1)
HTTP/1.1 404 Not Found
Content-Length: 848
Content-Type: application/json; charset=utf-8
cache-control: no-cache

10:48:32.173 [AsyncHttpClient-1-8] DEBUG org.asynchttpclient.netty.channel.ChannelManager - Adding key: http://localhost:6007 for channel [id: 0xa01596ea, L:/127.0.0.1:58377 - R:localhost/127.0.0.1:6007]
10:48:32.174 [Forwarding getCurrentUrl on session 52da67b5e6833d85e130652ec4676557 to remote] DEBUG org.asynchttpclient.netty.request.NettyRequestSender - Using pooled Channel '[id: 0xa01596ea, L:/127.0.0.1:58377 - R:localhost/127.0.0.1:6007]' for 'GET' to 'http://localhost:6007/session/52da67b5e6833d85e130652ec4676557/url'
10:48:32.174 [Forwarding getCurrentUrl on session 52da67b5e6833d85e130652ec4676557 to remote] DEBUG org.asynchttpclient.netty.request.NettyRequestSender - Using open Channel [id: 0xa01596ea, L:/127.0.0.1:58377 - R:localhost/127.0.0.1:6007] for GET '/session/52da67b5e6833d85e130652ec4676557/url'
10:48:32.178 [AsyncHttpClient-1-8] DEBUG org.asynchttpclient.netty.handler.HttpHandler - 

Request DefaultFullHttpRequest(decodeResult: success, version: HTTP/1.1, content: EmptyByteBufBE)
GET /session/52da67b5e6833d85e130652ec4676557/url HTTP/1.1
User-Agent: selenium/4.8.1 (java windows)
Cache-Control: no-cache
Content-Type: application/json; charset=utf-8
host: localhost:6007
accept: */*

Response DefaultHttpResponse(decodeResult: success, version: HTTP/1.1)
HTTP/1.1 200 OK
Content-Length: 54
Content-Type: application/json; charset=utf-8
cache-control: no-cache

10:48:32.178 [AsyncHttpClient-1-8] DEBUG org.asynchttpclient.netty.channel.ChannelManager - Adding key: http://localhost:6007 for channel [id: 0xa01596ea, L:/127.0.0.1:58377 - R:localhost/127.0.0.1:6007]
10:48:32.178 [Forwarding screenshot on session 52da67b5e6833d85e130652ec4676557 to remote] DEBUG org.asynchttpclient.netty.request.NettyRequestSender - Using pooled Channel '[id: 0xa01596ea, L:/127.0.0.1:58377 - R:localhost/127.0.0.1:6007]' for 'GET' to 'http://localhost:6007/session/52da67b5e6833d85e130652ec4676557/screenshot'
10:48:32.179 [Forwarding screenshot on session 52da67b5e6833d85e130652ec4676557 to remote] DEBUG org.asynchttpclient.netty.request.NettyRequestSender - Using open Channel [id: 0xa01596ea, L:/127.0.0.1:58377 - R:localhost/127.0.0.1:6007] for GET '/session/52da67b5e6833d85e130652ec4676557/screenshot'
10:48:32.305 [AsyncHttpClient-1-8] DEBUG org.asynchttpclient.netty.handler.HttpHandler - 

Request DefaultFullHttpRequest(decodeResult: success, version: HTTP/1.1, content: EmptyByteBufBE)
GET /session/52da67b5e6833d85e130652ec4676557/screenshot HTTP/1.1
User-Agent: selenium/4.8.1 (java windows)
Cache-Control: no-cache
Content-Type: application/json; charset=utf-8
host: localhost:6007
accept: */*

Response DefaultHttpResponse(decodeResult: success, version: HTTP/1.1)
HTTP/1.1 200 OK
Content-Length: 29668
Content-Type: application/json; charset=utf-8
cache-control: no-cache

10:48:32.305 [AsyncHttpClient-1-8] DEBUG org.asynchttpclient.netty.channel.ChannelManager - Adding key: http://localhost:6007 for channel [id: 0xa01596ea, L:/127.0.0.1:58377 - R:localhost/127.0.0.1:6007]
10:48:32.308 [main] DEBUG net.serenitybdd.core.photography.Darkroom - Send negative for processing for target\site\serenity\0ba6e8bb0dbd98adfe749502cc48ff0da377cd7b0172f40fe1ccbac8137b3703.png
10:48:32.308 [main] DEBUG net.thucydides.core.steps.StepInterceptor - STEP DONE: validateOnRegisterPage
10:48:32.317 [Forwarding getPageSource on session 52da67b5e6833d85e130652ec4676557 to remote] DEBUG org.asynchttpclient.netty.request.NettyRequestSender - Using pooled Channel '[id: 0xa01596ea, L:/127.0.0.1:58377 - R:localhost/127.0.0.1:6007]' for 'POST' to 'http://localhost:6007/session/52da67b5e6833d85e130652ec4676557/execute/sync'
10:48:32.317 [Forwarding getPageSource on session 52da67b5e6833d85e130652ec4676557 to remote] DEBUG org.asynchttpclient.netty.request.NettyRequestSender - Using open Channel [id: 0xa01596ea, L:/127.0.0.1:58377 - R:localhost/127.0.0.1:6007] for POST '/session/52da67b5e6833d85e130652ec4676557/execute/sync'
10:48:32.323 [AsyncHttpClient-1-8] DEBUG org.asynchttpclient.netty.handler.HttpHandler - 

Request DefaultHttpRequest(decodeResult: success, version: HTTP/1.1)
POST /session/52da67b5e6833d85e130652ec4676557/execute/sync HTTP/1.1
User-Agent: selenium/4.8.1 (java windows)
Content-Length: 176
Content-Type: application/json; charset=utf-8
host: localhost:6007
accept: */*

Response DefaultHttpResponse(decodeResult: success, version: HTTP/1.1)
HTTP/1.1 200 OK
Content-Length: 22234
Content-Type: application/json; charset=utf-8
cache-control: no-cache

10:48:32.324 [AsyncHttpClient-1-8] DEBUG org.asynchttpclient.netty.channel.ChannelManager - Adding key: http://localhost:6007 for channel [id: 0xa01596ea, L:/127.0.0.1:58377 - R:localhost/127.0.0.1:6007]
10:48:32.327 [Forwarding getCurrentUrl on session 52da67b5e6833d85e130652ec4676557 to remote] DEBUG org.asynchttpclient.netty.request.NettyRequestSender - Using pooled Channel '[id: 0xa01596ea, L:/127.0.0.1:58377 - R:localhost/127.0.0.1:6007]' for 'GET' to 'http://localhost:6007/session/52da67b5e6833d85e130652ec4676557/url'
10:48:32.327 [Forwarding getCurrentUrl on session 52da67b5e6833d85e130652ec4676557 to remote] DEBUG org.asynchttpclient.netty.request.NettyRequestSender - Using open Channel [id: 0xa01596ea, L:/127.0.0.1:58377 - R:localhost/127.0.0.1:6007] for GET '/session/52da67b5e6833d85e130652ec4676557/url'
10:48:32.340 [AsyncHttpClient-1-8] DEBUG org.asynchttpclient.netty.handler.HttpHandler - 

Request DefaultFullHttpRequest(decodeResult: success, version: HTTP/1.1, content: EmptyByteBufBE)
GET /session/52da67b5e6833d85e130652ec4676557/url HTTP/1.1
User-Agent: selenium/4.8.1 (java windows)
Cache-Control: no-cache
Content-Type: application/json; charset=utf-8
host: localhost:6007
accept: */*

Response DefaultHttpResponse(decodeResult: success, version: HTTP/1.1)
HTTP/1.1 200 OK
Content-Length: 54
Content-Type: application/json; charset=utf-8
cache-control: no-cache

10:48:32.340 [AsyncHttpClient-1-8] DEBUG org.asynchttpclient.netty.channel.ChannelManager - Adding key: http://localhost:6007 for channel [id: 0xa01596ea, L:/127.0.0.1:58377 - R:localhost/127.0.0.1:6007]
10:48:32.343 [main] DEBUG net.thucydides.core.steps.StepInterceptor - STARTING STEP: IntegrationSteps.regs - inputFullName
10:48:32.348 [Forwarding findElement on session 52da67b5e6833d85e130652ec4676557 to remote] DEBUG org.asynchttpclient.netty.request.NettyRequestSender - Using pooled Channel '[id: 0xa01596ea, L:/127.0.0.1:58377 - R:localhost/127.0.0.1:6007]' for 'POST' to 'http://localhost:6007/session/52da67b5e6833d85e130652ec4676557/element'
10:48:32.348 [Forwarding findElement on session 52da67b5e6833d85e130652ec4676557 to remote] DEBUG org.asynchttpclient.netty.request.NettyRequestSender - Using open Channel [id: 0xa01596ea, L:/127.0.0.1:58377 - R:localhost/127.0.0.1:6007] for POST '/session/52da67b5e6833d85e130652ec4676557/element'
10:48:32.365 [AsyncHttpClient-1-8] DEBUG org.asynchttpclient.netty.handler.HttpHandler - 

Request DefaultHttpRequest(decodeResult: success, version: HTTP/1.1)
POST /session/52da67b5e6833d85e130652ec4676557/element HTTP/1.1
User-Agent: selenium/4.8.1 (java windows)
Content-Length: 55
Content-Type: application/json; charset=utf-8
host: localhost:6007
accept: */*

Response DefaultHttpResponse(decodeResult: success, version: HTTP/1.1)
HTTP/1.1 200 OK
Content-Length: 88
Content-Type: application/json; charset=utf-8
cache-control: no-cache

10:48:32.365 [AsyncHttpClient-1-8] DEBUG org.asynchttpclient.netty.channel.ChannelManager - Adding key: http://localhost:6007 for channel [id: 0xa01596ea, L:/127.0.0.1:58377 - R:localhost/127.0.0.1:6007]
10:48:32.366 [Forwarding clearElement on session 52da67b5e6833d85e130652ec4676557 to remote] DEBUG org.asynchttpclient.netty.request.NettyRequestSender - Using pooled Channel '[id: 0xa01596ea, L:/127.0.0.1:58377 - R:localhost/127.0.0.1:6007]' for 'POST' to 'http://localhost:6007/session/52da67b5e6833d85e130652ec4676557/element/727c8e66-f96e-42b9-9f48-1cfc26d514a6/clear'
10:48:32.366 [Forwarding clearElement on session 52da67b5e6833d85e130652ec4676557 to remote] DEBUG org.asynchttpclient.netty.request.NettyRequestSender - Using open Channel [id: 0xa01596ea, L:/127.0.0.1:58377 - R:localhost/127.0.0.1:6007] for POST '/session/52da67b5e6833d85e130652ec4676557/element/727c8e66-f96e-42b9-9f48-1cfc26d514a6/clear'
10:48:32.422 [AsyncHttpClient-1-8] DEBUG org.asynchttpclient.netty.handler.HttpHandler - 

Request DefaultHttpRequest(decodeResult: success, version: HTTP/1.1)
POST /session/52da67b5e6833d85e130652ec4676557/element/727c8e66-f96e-42b9-9f48-1cfc26d514a6/clear HTTP/1.1
User-Agent: selenium/4.8.1 (java windows)
Content-Length: 50
Content-Type: application/json; charset=utf-8
host: localhost:6007
accept: */*

Response DefaultHttpResponse(decodeResult: success, version: HTTP/1.1)
HTTP/1.1 200 OK
Content-Length: 14
Content-Type: application/json; charset=utf-8
cache-control: no-cache

10:48:32.422 [AsyncHttpClient-1-8] DEBUG org.asynchttpclient.netty.channel.ChannelManager - Adding key: http://localhost:6007 for channel [id: 0xa01596ea, L:/127.0.0.1:58377 - R:localhost/127.0.0.1:6007]
10:48:32.424 [Forwarding sendKeysToElement on session 52da67b5e6833d85e130652ec4676557 to remote] DEBUG org.asynchttpclient.netty.request.NettyRequestSender - Using pooled Channel '[id: 0xa01596ea, L:/127.0.0.1:58377 - R:localhost/127.0.0.1:6007]' for 'POST' to 'http://localhost:6007/session/52da67b5e6833d85e130652ec4676557/element/727c8e66-f96e-42b9-9f48-1cfc26d514a6/value'
10:48:32.425 [Forwarding sendKeysToElement on session 52da67b5e6833d85e130652ec4676557 to remote] DEBUG org.asynchttpclient.netty.request.NettyRequestSender - Using open Channel [id: 0xa01596ea, L:/127.0.0.1:58377 - R:localhost/127.0.0.1:6007] for POST '/session/52da67b5e6833d85e130652ec4676557/element/727c8e66-f96e-42b9-9f48-1cfc26d514a6/value'
10:48:32.607 [AsyncHttpClient-1-8] DEBUG org.asynchttpclient.netty.handler.HttpHandler - 

Request DefaultHttpRequest(decodeResult: success, version: HTTP/1.1)
POST /session/52da67b5e6833d85e130652ec4676557/element/727c8e66-f96e-42b9-9f48-1cfc26d514a6/value HTTP/1.1
User-Agent: selenium/4.8.1 (java windows)
Content-Length: 221
Content-Type: application/json; charset=utf-8
host: localhost:6007
accept: */*

Response DefaultHttpResponse(decodeResult: success, version: HTTP/1.1)
HTTP/1.1 200 OK
Content-Length: 14
Content-Type: application/json; charset=utf-8
cache-control: no-cache

10:48:32.608 [AsyncHttpClient-1-8] DEBUG org.asynchttpclient.netty.channel.ChannelManager - Adding key: http://localhost:6007 for channel [id: 0xa01596ea, L:/127.0.0.1:58377 - R:localhost/127.0.0.1:6007]
10:48:32.639 [Forwarding getAlertText on session 52da67b5e6833d85e130652ec4676557 to remote] DEBUG org.asynchttpclient.netty.request.NettyRequestSender - Using pooled Channel '[id: 0xa01596ea, L:/127.0.0.1:58377 - R:localhost/127.0.0.1:6007]' for 'GET' to 'http://localhost:6007/session/52da67b5e6833d85e130652ec4676557/alert/text'
10:48:32.639 [Forwarding getAlertText on session 52da67b5e6833d85e130652ec4676557 to remote] DEBUG org.asynchttpclient.netty.request.NettyRequestSender - Using open Channel [id: 0xa01596ea, L:/127.0.0.1:58377 - R:localhost/127.0.0.1:6007] for GET '/session/52da67b5e6833d85e130652ec4676557/alert/text'
10:48:32.641 [AsyncHttpClient-1-8] DEBUG org.asynchttpclient.netty.handler.HttpHandler - 

Request DefaultFullHttpRequest(decodeResult: success, version: HTTP/1.1, content: EmptyByteBufBE)
GET /session/52da67b5e6833d85e130652ec4676557/alert/text HTTP/1.1
User-Agent: selenium/4.8.1 (java windows)
Cache-Control: no-cache
Content-Type: application/json; charset=utf-8
host: localhost:6007
accept: */*

Response DefaultHttpResponse(decodeResult: success, version: HTTP/1.1)
HTTP/1.1 404 Not Found
Content-Length: 848
Content-Type: application/json; charset=utf-8
cache-control: no-cache

10:48:32.641 [AsyncHttpClient-1-8] DEBUG org.asynchttpclient.netty.channel.ChannelManager - Adding key: http://localhost:6007 for channel [id: 0xa01596ea, L:/127.0.0.1:58377 - R:localhost/127.0.0.1:6007]
10:48:32.642 [Forwarding getCurrentUrl on session 52da67b5e6833d85e130652ec4676557 to remote] DEBUG org.asynchttpclient.netty.request.NettyRequestSender - Using pooled Channel '[id: 0xa01596ea, L:/127.0.0.1:58377 - R:localhost/127.0.0.1:6007]' for 'GET' to 'http://localhost:6007/session/52da67b5e6833d85e130652ec4676557/url'
10:48:32.642 [Forwarding getCurrentUrl on session 52da67b5e6833d85e130652ec4676557 to remote] DEBUG org.asynchttpclient.netty.request.NettyRequestSender - Using open Channel [id: 0xa01596ea, L:/127.0.0.1:58377 - R:localhost/127.0.0.1:6007] for GET '/session/52da67b5e6833d85e130652ec4676557/url'
10:48:32.649 [AsyncHttpClient-1-8] DEBUG org.asynchttpclient.netty.handler.HttpHandler - 

Request DefaultFullHttpRequest(decodeResult: success, version: HTTP/1.1, content: EmptyByteBufBE)
GET /session/52da67b5e6833d85e130652ec4676557/url HTTP/1.1
User-Agent: selenium/4.8.1 (java windows)
Cache-Control: no-cache
Content-Type: application/json; charset=utf-8
host: localhost:6007
accept: */*

Response DefaultHttpResponse(decodeResult: success, version: HTTP/1.1)
HTTP/1.1 200 OK
Content-Length: 54
Content-Type: application/json; charset=utf-8
cache-control: no-cache

10:48:32.652 [AsyncHttpClient-1-8] DEBUG org.asynchttpclient.netty.channel.ChannelManager - Adding key: http://localhost:6007 for channel [id: 0xa01596ea, L:/127.0.0.1:58377 - R:localhost/127.0.0.1:6007]
10:48:32.653 [Forwarding screenshot on session 52da67b5e6833d85e130652ec4676557 to remote] DEBUG org.asynchttpclient.netty.request.NettyRequestSender - Using pooled Channel '[id: 0xa01596ea, L:/127.0.0.1:58377 - R:localhost/127.0.0.1:6007]' for 'GET' to 'http://localhost:6007/session/52da67b5e6833d85e130652ec4676557/screenshot'
10:48:32.653 [Forwarding screenshot on session 52da67b5e6833d85e130652ec4676557 to remote] DEBUG org.asynchttpclient.netty.request.NettyRequestSender - Using open Channel [id: 0xa01596ea, L:/127.0.0.1:58377 - R:localhost/127.0.0.1:6007] for GET '/session/52da67b5e6833d85e130652ec4676557/screenshot'
10:48:32.759 [AsyncHttpClient-1-1] DEBUG org.asynchttpclient.netty.channel.DefaultChannelPool - Entry count for : http://localhost:58378 : 1
10:48:32.809 [AsyncHttpClient-1-8] DEBUG org.asynchttpclient.netty.handler.HttpHandler - 

Request DefaultFullHttpRequest(decodeResult: success, version: HTTP/1.1, content: EmptyByteBufBE)
GET /session/52da67b5e6833d85e130652ec4676557/screenshot HTTP/1.1
User-Agent: selenium/4.8.1 (java windows)
Cache-Control: no-cache
Content-Type: application/json; charset=utf-8
host: localhost:6007
accept: */*

Response DefaultHttpResponse(decodeResult: success, version: HTTP/1.1)
HTTP/1.1 200 OK
Content-Length: 32128
Content-Type: application/json; charset=utf-8
cache-control: no-cache

10:48:32.809 [AsyncHttpClient-1-8] DEBUG org.asynchttpclient.netty.channel.ChannelManager - Adding key: http://localhost:6007 for channel [id: 0xa01596ea, L:/127.0.0.1:58377 - R:localhost/127.0.0.1:6007]
10:48:32.816 [main] DEBUG net.serenitybdd.core.photography.Darkroom - Send negative for processing for target\site\serenity\b055655b91189f3382e62a915ae765a6bc26b14c5cf2b07566aa5c3efcd2f1ab.png
10:48:32.816 [main] DEBUG net.thucydides.core.steps.StepInterceptor - STEP DONE: inputFullName
10:48:32.820 [Darkroom Processing Line] DEBUG net.serenitybdd.core.photography.DarkroomProcessingLine - Processing screenshot image in /var/screenshots/screenshot-4499664944010712386
10:48:32.820 [Darkroom Processing Line] DEBUG net.serenitybdd.core.photography.DarkroomProcessingLine - Saving screenshot to target\site\serenity\b055655b91189f3382e62a915ae765a6bc26b14c5cf2b07566aa5c3efcd2f1ab.png
10:48:32.829 [Forwarding getPageSource on session 52da67b5e6833d85e130652ec4676557 to remote] DEBUG org.asynchttpclient.netty.request.NettyRequestSender - Using pooled Channel '[id: 0xa01596ea, L:/127.0.0.1:58377 - R:localhost/127.0.0.1:6007]' for 'POST' to 'http://localhost:6007/session/52da67b5e6833d85e130652ec4676557/execute/sync'
10:48:32.829 [Forwarding getPageSource on session 52da67b5e6833d85e130652ec4676557 to remote] DEBUG org.asynchttpclient.netty.request.NettyRequestSender - Using open Channel [id: 0xa01596ea, L:/127.0.0.1:58377 - R:localhost/127.0.0.1:6007] for POST '/session/52da67b5e6833d85e130652ec4676557/execute/sync'
10:48:32.838 [AsyncHttpClient-1-8] DEBUG org.asynchttpclient.netty.handler.HttpHandler - 

Request DefaultHttpRequest(decodeResult: success, version: HTTP/1.1)
POST /session/52da67b5e6833d85e130652ec4676557/execute/sync HTTP/1.1
User-Agent: selenium/4.8.1 (java windows)
Content-Length: 176
Content-Type: application/json; charset=utf-8
host: localhost:6007
accept: */*

Response DefaultHttpResponse(decodeResult: success, version: HTTP/1.1)
HTTP/1.1 200 OK
Content-Length: 22355
Content-Type: application/json; charset=utf-8
cache-control: no-cache

10:48:32.838 [AsyncHttpClient-1-8] DEBUG org.asynchttpclient.netty.channel.ChannelManager - Adding key: http://localhost:6007 for channel [id: 0xa01596ea, L:/127.0.0.1:58377 - R:localhost/127.0.0.1:6007]
10:48:32.865 [Forwarding getCurrentUrl on session 52da67b5e6833d85e130652ec4676557 to remote] DEBUG org.asynchttpclient.netty.request.NettyRequestSender - Using pooled Channel '[id: 0xa01596ea, L:/127.0.0.1:58377 - R:localhost/127.0.0.1:6007]' for 'GET' to 'http://localhost:6007/session/52da67b5e6833d85e130652ec4676557/url'
10:48:32.865 [Forwarding getCurrentUrl on session 52da67b5e6833d85e130652ec4676557 to remote] DEBUG org.asynchttpclient.netty.request.NettyRequestSender - Using open Channel [id: 0xa01596ea, L:/127.0.0.1:58377 - R:localhost/127.0.0.1:6007] for GET '/session/52da67b5e6833d85e130652ec4676557/url'
10:48:32.879 [AsyncHttpClient-1-8] DEBUG org.asynchttpclient.netty.handler.HttpHandler - 

Request DefaultFullHttpRequest(decodeResult: success, version: HTTP/1.1, content: EmptyByteBufBE)
GET /session/52da67b5e6833d85e130652ec4676557/url HTTP/1.1
User-Agent: selenium/4.8.1 (java windows)
Cache-Control: no-cache
Content-Type: application/json; charset=utf-8
host: localhost:6007
accept: */*

Response DefaultHttpResponse(decodeResult: success, version: HTTP/1.1)
HTTP/1.1 200 OK
Content-Length: 54
Content-Type: application/json; charset=utf-8
cache-control: no-cache

10:48:32.879 [AsyncHttpClient-1-8] DEBUG org.asynchttpclient.netty.channel.ChannelManager - Adding key: http://localhost:6007 for channel [id: 0xa01596ea, L:/127.0.0.1:58377 - R:localhost/127.0.0.1:6007]
10:48:32.889 [main] DEBUG net.thucydides.core.steps.StepInterceptor - STARTING STEP: IntegrationSteps.regs - inputEmail
10:48:32.900 [Forwarding findElement on session 52da67b5e6833d85e130652ec4676557 to remote] DEBUG org.asynchttpclient.netty.request.NettyRequestSender - Using pooled Channel '[id: 0xa01596ea, L:/127.0.0.1:58377 - R:localhost/127.0.0.1:6007]' for 'POST' to 'http://localhost:6007/session/52da67b5e6833d85e130652ec4676557/element'
10:48:32.900 [Forwarding findElement on session 52da67b5e6833d85e130652ec4676557 to remote] DEBUG org.asynchttpclient.netty.request.NettyRequestSender - Using open Channel [id: 0xa01596ea, L:/127.0.0.1:58377 - R:localhost/127.0.0.1:6007] for POST '/session/52da67b5e6833d85e130652ec4676557/element'
10:48:32.917 [AsyncHttpClient-1-8] DEBUG org.asynchttpclient.netty.handler.HttpHandler - 

Request DefaultHttpRequest(decodeResult: success, version: HTTP/1.1)
POST /session/52da67b5e6833d85e130652ec4676557/element HTTP/1.1
User-Agent: selenium/4.8.1 (java windows)
Content-Length: 55
Content-Type: application/json; charset=utf-8
host: localhost:6007
accept: */*

Response DefaultHttpResponse(decodeResult: success, version: HTTP/1.1)
HTTP/1.1 200 OK
Content-Length: 88
Content-Type: application/json; charset=utf-8
cache-control: no-cache

10:48:32.917 [AsyncHttpClient-1-8] DEBUG org.asynchttpclient.netty.channel.ChannelManager - Adding key: http://localhost:6007 for channel [id: 0xa01596ea, L:/127.0.0.1:58377 - R:localhost/127.0.0.1:6007]
10:48:32.919 [Forwarding clearElement on session 52da67b5e6833d85e130652ec4676557 to remote] DEBUG org.asynchttpclient.netty.request.NettyRequestSender - Using pooled Channel '[id: 0xa01596ea, L:/127.0.0.1:58377 - R:localhost/127.0.0.1:6007]' for 'POST' to 'http://localhost:6007/session/52da67b5e6833d85e130652ec4676557/element/41af0981-00a5-4f94-99a9-67acd62b6f67/clear'
10:48:32.919 [Forwarding clearElement on session 52da67b5e6833d85e130652ec4676557 to remote] DEBUG org.asynchttpclient.netty.request.NettyRequestSender - Using open Channel [id: 0xa01596ea, L:/127.0.0.1:58377 - R:localhost/127.0.0.1:6007] for POST '/session/52da67b5e6833d85e130652ec4676557/element/41af0981-00a5-4f94-99a9-67acd62b6f67/clear'
10:48:32.968 [AsyncHttpClient-1-8] DEBUG org.asynchttpclient.netty.handler.HttpHandler - 

Request DefaultHttpRequest(decodeResult: success, version: HTTP/1.1)
POST /session/52da67b5e6833d85e130652ec4676557/element/41af0981-00a5-4f94-99a9-67acd62b6f67/clear HTTP/1.1
User-Agent: selenium/4.8.1 (java windows)
Content-Length: 50
Content-Type: application/json; charset=utf-8
host: localhost:6007
accept: */*

Response DefaultHttpResponse(decodeResult: success, version: HTTP/1.1)
HTTP/1.1 200 OK
Content-Length: 14
Content-Type: application/json; charset=utf-8
cache-control: no-cache

10:48:32.969 [AsyncHttpClient-1-8] DEBUG org.asynchttpclient.netty.channel.ChannelManager - Adding key: http://localhost:6007 for channel [id: 0xa01596ea, L:/127.0.0.1:58377 - R:localhost/127.0.0.1:6007]
10:48:32.971 [Forwarding sendKeysToElement on session 52da67b5e6833d85e130652ec4676557 to remote] DEBUG org.asynchttpclient.netty.request.NettyRequestSender - Using pooled Channel '[id: 0xa01596ea, L:/127.0.0.1:58377 - R:localhost/127.0.0.1:6007]' for 'POST' to 'http://localhost:6007/session/52da67b5e6833d85e130652ec4676557/element/41af0981-00a5-4f94-99a9-67acd62b6f67/value'
10:48:32.971 [Forwarding sendKeysToElement on session 52da67b5e6833d85e130652ec4676557 to remote] DEBUG org.asynchttpclient.netty.request.NettyRequestSender - Using open Channel [id: 0xa01596ea, L:/127.0.0.1:58377 - R:localhost/127.0.0.1:6007] for POST '/session/52da67b5e6833d85e130652ec4676557/element/41af0981-00a5-4f94-99a9-67acd62b6f67/value'
10:48:33.106 [AsyncHttpClient-1-8] DEBUG org.asynchttpclient.netty.handler.HttpHandler - 

Request DefaultHttpRequest(decodeResult: success, version: HTTP/1.1)
POST /session/52da67b5e6833d85e130652ec4676557/element/41af0981-00a5-4f94-99a9-67acd62b6f67/value HTTP/1.1
User-Agent: selenium/4.8.1 (java windows)
Content-Length: 201
Content-Type: application/json; charset=utf-8
host: localhost:6007
accept: */*

Response DefaultHttpResponse(decodeResult: success, version: HTTP/1.1)
HTTP/1.1 200 OK
Content-Length: 14
Content-Type: application/json; charset=utf-8
cache-control: no-cache

10:48:33.107 [AsyncHttpClient-1-8] DEBUG org.asynchttpclient.netty.channel.ChannelManager - Adding key: http://localhost:6007 for channel [id: 0xa01596ea, L:/127.0.0.1:58377 - R:localhost/127.0.0.1:6007]
10:48:33.118 [Forwarding getAlertText on session 52da67b5e6833d85e130652ec4676557 to remote] DEBUG org.asynchttpclient.netty.request.NettyRequestSender - Using pooled Channel '[id: 0xa01596ea, L:/127.0.0.1:58377 - R:localhost/127.0.0.1:6007]' for 'GET' to 'http://localhost:6007/session/52da67b5e6833d85e130652ec4676557/alert/text'
10:48:33.118 [Forwarding getAlertText on session 52da67b5e6833d85e130652ec4676557 to remote] DEBUG org.asynchttpclient.netty.request.NettyRequestSender - Using open Channel [id: 0xa01596ea, L:/127.0.0.1:58377 - R:localhost/127.0.0.1:6007] for GET '/session/52da67b5e6833d85e130652ec4676557/alert/text'
10:48:33.120 [AsyncHttpClient-1-8] DEBUG org.asynchttpclient.netty.handler.HttpHandler - 

Request DefaultFullHttpRequest(decodeResult: success, version: HTTP/1.1, content: EmptyByteBufBE)
GET /session/52da67b5e6833d85e130652ec4676557/alert/text HTTP/1.1
User-Agent: selenium/4.8.1 (java windows)
Cache-Control: no-cache
Content-Type: application/json; charset=utf-8
host: localhost:6007
accept: */*

Response DefaultHttpResponse(decodeResult: success, version: HTTP/1.1)
HTTP/1.1 404 Not Found
Content-Length: 848
Content-Type: application/json; charset=utf-8
cache-control: no-cache

10:48:33.120 [AsyncHttpClient-1-8] DEBUG org.asynchttpclient.netty.channel.ChannelManager - Adding key: http://localhost:6007 for channel [id: 0xa01596ea, L:/127.0.0.1:58377 - R:localhost/127.0.0.1:6007]
10:48:33.122 [Forwarding getCurrentUrl on session 52da67b5e6833d85e130652ec4676557 to remote] DEBUG org.asynchttpclient.netty.request.NettyRequestSender - Using pooled Channel '[id: 0xa01596ea, L:/127.0.0.1:58377 - R:localhost/127.0.0.1:6007]' for 'GET' to 'http://localhost:6007/session/52da67b5e6833d85e130652ec4676557/url'
10:48:33.122 [Forwarding getCurrentUrl on session 52da67b5e6833d85e130652ec4676557 to remote] DEBUG org.asynchttpclient.netty.request.NettyRequestSender - Using open Channel [id: 0xa01596ea, L:/127.0.0.1:58377 - R:localhost/127.0.0.1:6007] for GET '/session/52da67b5e6833d85e130652ec4676557/url'
10:48:33.126 [AsyncHttpClient-1-8] DEBUG org.asynchttpclient.netty.handler.HttpHandler - 

Request DefaultFullHttpRequest(decodeResult: success, version: HTTP/1.1, content: EmptyByteBufBE)
GET /session/52da67b5e6833d85e130652ec4676557/url HTTP/1.1
User-Agent: selenium/4.8.1 (java windows)
Cache-Control: no-cache
Content-Type: application/json; charset=utf-8
host: localhost:6007
accept: */*

Response DefaultHttpResponse(decodeResult: success, version: HTTP/1.1)
HTTP/1.1 200 OK
Content-Length: 54
Content-Type: application/json; charset=utf-8
cache-control: no-cache

10:48:33.126 [AsyncHttpClient-1-8] DEBUG org.asynchttpclient.netty.channel.ChannelManager - Adding key: http://localhost:6007 for channel [id: 0xa01596ea, L:/127.0.0.1:58377 - R:localhost/127.0.0.1:6007]
10:48:33.127 [Forwarding screenshot on session 52da67b5e6833d85e130652ec4676557 to remote] DEBUG org.asynchttpclient.netty.request.NettyRequestSender - Using pooled Channel '[id: 0xa01596ea, L:/127.0.0.1:58377 - R:localhost/127.0.0.1:6007]' for 'GET' to 'http://localhost:6007/session/52da67b5e6833d85e130652ec4676557/screenshot'
10:48:33.127 [Forwarding screenshot on session 52da67b5e6833d85e130652ec4676557 to remote] DEBUG org.asynchttpclient.netty.request.NettyRequestSender - Using open Channel [id: 0xa01596ea, L:/127.0.0.1:58377 - R:localhost/127.0.0.1:6007] for GET '/session/52da67b5e6833d85e130652ec4676557/screenshot'
10:48:33.270 [AsyncHttpClient-1-8] DEBUG org.asynchttpclient.netty.handler.HttpHandler - 

Request DefaultFullHttpRequest(decodeResult: success, version: HTTP/1.1, content: EmptyByteBufBE)
GET /session/52da67b5e6833d85e130652ec4676557/screenshot HTTP/1.1
User-Agent: selenium/4.8.1 (java windows)
Cache-Control: no-cache
Content-Type: application/json; charset=utf-8
host: localhost:6007
accept: */*

Response DefaultHttpResponse(decodeResult: success, version: HTTP/1.1)
HTTP/1.1 200 OK
Content-Length: 34964
Content-Type: application/json; charset=utf-8
cache-control: no-cache

10:48:33.270 [AsyncHttpClient-1-8] DEBUG org.asynchttpclient.netty.channel.ChannelManager - Adding key: http://localhost:6007 for channel [id: 0xa01596ea, L:/127.0.0.1:58377 - R:localhost/127.0.0.1:6007]
10:48:33.271 [main] DEBUG net.serenitybdd.core.photography.Darkroom - Send negative for processing for target\site\serenity\9ed77af0b3bd7857f92dda7b84ab49b0a4fde28950b82983bce785705a1543e3.png
10:48:33.272 [main] DEBUG net.thucydides.core.steps.StepInterceptor - STEP DONE: inputEmail
10:48:33.272 [Darkroom Processing Line] DEBUG net.serenitybdd.core.photography.DarkroomProcessingLine - Processing screenshot image in /var/screenshots/screenshot-2572494106941250248
10:48:33.272 [Darkroom Processing Line] DEBUG net.serenitybdd.core.photography.DarkroomProcessingLine - Saving screenshot to target\site\serenity\9ed77af0b3bd7857f92dda7b84ab49b0a4fde28950b82983bce785705a1543e3.png
10:48:33.278 [Forwarding getPageSource on session 52da67b5e6833d85e130652ec4676557 to remote] DEBUG org.asynchttpclient.netty.request.NettyRequestSender - Using pooled Channel '[id: 0xa01596ea, L:/127.0.0.1:58377 - R:localhost/127.0.0.1:6007]' for 'POST' to 'http://localhost:6007/session/52da67b5e6833d85e130652ec4676557/execute/sync'
10:48:33.278 [Forwarding getPageSource on session 52da67b5e6833d85e130652ec4676557 to remote] DEBUG org.asynchttpclient.netty.request.NettyRequestSender - Using open Channel [id: 0xa01596ea, L:/127.0.0.1:58377 - R:localhost/127.0.0.1:6007] for POST '/session/52da67b5e6833d85e130652ec4676557/execute/sync'
10:48:33.286 [AsyncHttpClient-1-8] DEBUG org.asynchttpclient.netty.handler.HttpHandler - 

Request DefaultHttpRequest(decodeResult: success, version: HTTP/1.1)
POST /session/52da67b5e6833d85e130652ec4676557/execute/sync HTTP/1.1
User-Agent: selenium/4.8.1 (java windows)
Content-Length: 176
Content-Type: application/json; charset=utf-8
host: localhost:6007
accept: */*

Response DefaultHttpResponse(decodeResult: success, version: HTTP/1.1)
HTTP/1.1 200 OK
Content-Length: 22414
Content-Type: application/json; charset=utf-8
cache-control: no-cache

10:48:33.286 [AsyncHttpClient-1-8] DEBUG org.asynchttpclient.netty.channel.ChannelManager - Adding key: http://localhost:6007 for channel [id: 0xa01596ea, L:/127.0.0.1:58377 - R:localhost/127.0.0.1:6007]
10:48:33.288 [Forwarding getCurrentUrl on session 52da67b5e6833d85e130652ec4676557 to remote] DEBUG org.asynchttpclient.netty.request.NettyRequestSender - Using pooled Channel '[id: 0xa01596ea, L:/127.0.0.1:58377 - R:localhost/127.0.0.1:6007]' for 'GET' to 'http://localhost:6007/session/52da67b5e6833d85e130652ec4676557/url'
10:48:33.288 [Forwarding getCurrentUrl on session 52da67b5e6833d85e130652ec4676557 to remote] DEBUG org.asynchttpclient.netty.request.NettyRequestSender - Using open Channel [id: 0xa01596ea, L:/127.0.0.1:58377 - R:localhost/127.0.0.1:6007] for GET '/session/52da67b5e6833d85e130652ec4676557/url'
10:48:33.291 [AsyncHttpClient-1-8] DEBUG org.asynchttpclient.netty.handler.HttpHandler - 

Request DefaultFullHttpRequest(decodeResult: success, version: HTTP/1.1, content: EmptyByteBufBE)
GET /session/52da67b5e6833d85e130652ec4676557/url HTTP/1.1
User-Agent: selenium/4.8.1 (java windows)
Cache-Control: no-cache
Content-Type: application/json; charset=utf-8
host: localhost:6007
accept: */*

Response DefaultHttpResponse(decodeResult: success, version: HTTP/1.1)
HTTP/1.1 200 OK
Content-Length: 54
Content-Type: application/json; charset=utf-8
cache-control: no-cache

10:48:33.292 [AsyncHttpClient-1-8] DEBUG org.asynchttpclient.netty.channel.ChannelManager - Adding key: http://localhost:6007 for channel [id: 0xa01596ea, L:/127.0.0.1:58377 - R:localhost/127.0.0.1:6007]
10:48:33.293 [main] DEBUG net.thucydides.core.steps.StepInterceptor - STARTING STEP: IntegrationSteps.regs - inputPassword
10:48:33.295 [Forwarding findElement on session 52da67b5e6833d85e130652ec4676557 to remote] DEBUG org.asynchttpclient.netty.request.NettyRequestSender - Using pooled Channel '[id: 0xa01596ea, L:/127.0.0.1:58377 - R:localhost/127.0.0.1:6007]' for 'POST' to 'http://localhost:6007/session/52da67b5e6833d85e130652ec4676557/element'
10:48:33.295 [Forwarding findElement on session 52da67b5e6833d85e130652ec4676557 to remote] DEBUG org.asynchttpclient.netty.request.NettyRequestSender - Using open Channel [id: 0xa01596ea, L:/127.0.0.1:58377 - R:localhost/127.0.0.1:6007] for POST '/session/52da67b5e6833d85e130652ec4676557/element'
10:48:33.310 [AsyncHttpClient-1-8] DEBUG org.asynchttpclient.netty.handler.HttpHandler - 

Request DefaultHttpRequest(decodeResult: success, version: HTTP/1.1)
POST /session/52da67b5e6833d85e130652ec4676557/element HTTP/1.1
User-Agent: selenium/4.8.1 (java windows)
Content-Length: 55
Content-Type: application/json; charset=utf-8
host: localhost:6007
accept: */*

Response DefaultHttpResponse(decodeResult: success, version: HTTP/1.1)
HTTP/1.1 200 OK
Content-Length: 88
Content-Type: application/json; charset=utf-8
cache-control: no-cache

10:48:33.310 [AsyncHttpClient-1-8] DEBUG org.asynchttpclient.netty.channel.ChannelManager - Adding key: http://localhost:6007 for channel [id: 0xa01596ea, L:/127.0.0.1:58377 - R:localhost/127.0.0.1:6007]
10:48:33.311 [Forwarding clearElement on session 52da67b5e6833d85e130652ec4676557 to remote] DEBUG org.asynchttpclient.netty.request.NettyRequestSender - Using pooled Channel '[id: 0xa01596ea, L:/127.0.0.1:58377 - R:localhost/127.0.0.1:6007]' for 'POST' to 'http://localhost:6007/session/52da67b5e6833d85e130652ec4676557/element/1eed63f5-9871-4ff3-9737-c63fc6ccd8fe/clear'
10:48:33.311 [Forwarding clearElement on session 52da67b5e6833d85e130652ec4676557 to remote] DEBUG org.asynchttpclient.netty.request.NettyRequestSender - Using open Channel [id: 0xa01596ea, L:/127.0.0.1:58377 - R:localhost/127.0.0.1:6007] for POST '/session/52da67b5e6833d85e130652ec4676557/element/1eed63f5-9871-4ff3-9737-c63fc6ccd8fe/clear'
10:48:33.357 [AsyncHttpClient-1-8] DEBUG org.asynchttpclient.netty.handler.HttpHandler - 

Request DefaultHttpRequest(decodeResult: success, version: HTTP/1.1)
POST /session/52da67b5e6833d85e130652ec4676557/element/1eed63f5-9871-4ff3-9737-c63fc6ccd8fe/clear HTTP/1.1
User-Agent: selenium/4.8.1 (java windows)
Content-Length: 50
Content-Type: application/json; charset=utf-8
host: localhost:6007
accept: */*

Response DefaultHttpResponse(decodeResult: success, version: HTTP/1.1)
HTTP/1.1 200 OK
Content-Length: 14
Content-Type: application/json; charset=utf-8
cache-control: no-cache

10:48:33.358 [AsyncHttpClient-1-8] DEBUG org.asynchttpclient.netty.channel.ChannelManager - Adding key: http://localhost:6007 for channel [id: 0xa01596ea, L:/127.0.0.1:58377 - R:localhost/127.0.0.1:6007]
10:48:33.360 [Forwarding sendKeysToElement on session 52da67b5e6833d85e130652ec4676557 to remote] DEBUG org.asynchttpclient.netty.request.NettyRequestSender - Using pooled Channel '[id: 0xa01596ea, L:/127.0.0.1:58377 - R:localhost/127.0.0.1:6007]' for 'POST' to 'http://localhost:6007/session/52da67b5e6833d85e130652ec4676557/element/1eed63f5-9871-4ff3-9737-c63fc6ccd8fe/value'
10:48:33.360 [Forwarding sendKeysToElement on session 52da67b5e6833d85e130652ec4676557 to remote] DEBUG org.asynchttpclient.netty.request.NettyRequestSender - Using open Channel [id: 0xa01596ea, L:/127.0.0.1:58377 - R:localhost/127.0.0.1:6007] for POST '/session/52da67b5e6833d85e130652ec4676557/element/1eed63f5-9871-4ff3-9737-c63fc6ccd8fe/value'
10:48:33.450 [AsyncHttpClient-1-8] DEBUG org.asynchttpclient.netty.handler.HttpHandler - 

Request DefaultHttpRequest(decodeResult: success, version: HTTP/1.1)
POST /session/52da67b5e6833d85e130652ec4676557/element/1eed63f5-9871-4ff3-9737-c63fc6ccd8fe/value HTTP/1.1
User-Agent: selenium/4.8.1 (java windows)
Content-Length: 141
Content-Type: application/json; charset=utf-8
host: localhost:6007
accept: */*

Response DefaultHttpResponse(decodeResult: success, version: HTTP/1.1)
HTTP/1.1 200 OK
Content-Length: 14
Content-Type: application/json; charset=utf-8
cache-control: no-cache

10:48:33.451 [AsyncHttpClient-1-8] DEBUG org.asynchttpclient.netty.channel.ChannelManager - Adding key: http://localhost:6007 for channel [id: 0xa01596ea, L:/127.0.0.1:58377 - R:localhost/127.0.0.1:6007]
10:48:33.459 [Forwarding getAlertText on session 52da67b5e6833d85e130652ec4676557 to remote] DEBUG org.asynchttpclient.netty.request.NettyRequestSender - Using pooled Channel '[id: 0xa01596ea, L:/127.0.0.1:58377 - R:localhost/127.0.0.1:6007]' for 'GET' to 'http://localhost:6007/session/52da67b5e6833d85e130652ec4676557/alert/text'
10:48:33.459 [Forwarding getAlertText on session 52da67b5e6833d85e130652ec4676557 to remote] DEBUG org.asynchttpclient.netty.request.NettyRequestSender - Using open Channel [id: 0xa01596ea, L:/127.0.0.1:58377 - R:localhost/127.0.0.1:6007] for GET '/session/52da67b5e6833d85e130652ec4676557/alert/text'
10:48:33.461 [AsyncHttpClient-1-8] DEBUG org.asynchttpclient.netty.handler.HttpHandler - 

Request DefaultFullHttpRequest(decodeResult: success, version: HTTP/1.1, content: EmptyByteBufBE)
GET /session/52da67b5e6833d85e130652ec4676557/alert/text HTTP/1.1
User-Agent: selenium/4.8.1 (java windows)
Cache-Control: no-cache
Content-Type: application/json; charset=utf-8
host: localhost:6007
accept: */*

Response DefaultHttpResponse(decodeResult: success, version: HTTP/1.1)
HTTP/1.1 404 Not Found
Content-Length: 848
Content-Type: application/json; charset=utf-8
cache-control: no-cache

10:48:33.461 [AsyncHttpClient-1-8] DEBUG org.asynchttpclient.netty.channel.ChannelManager - Adding key: http://localhost:6007 for channel [id: 0xa01596ea, L:/127.0.0.1:58377 - R:localhost/127.0.0.1:6007]
10:48:33.462 [Forwarding getCurrentUrl on session 52da67b5e6833d85e130652ec4676557 to remote] DEBUG org.asynchttpclient.netty.request.NettyRequestSender - Using pooled Channel '[id: 0xa01596ea, L:/127.0.0.1:58377 - R:localhost/127.0.0.1:6007]' for 'GET' to 'http://localhost:6007/session/52da67b5e6833d85e130652ec4676557/url'
10:48:33.462 [Forwarding getCurrentUrl on session 52da67b5e6833d85e130652ec4676557 to remote] DEBUG org.asynchttpclient.netty.request.NettyRequestSender - Using open Channel [id: 0xa01596ea, L:/127.0.0.1:58377 - R:localhost/127.0.0.1:6007] for GET '/session/52da67b5e6833d85e130652ec4676557/url'
10:48:33.469 [AsyncHttpClient-1-8] DEBUG org.asynchttpclient.netty.handler.HttpHandler - 

Request DefaultFullHttpRequest(decodeResult: success, version: HTTP/1.1, content: EmptyByteBufBE)
GET /session/52da67b5e6833d85e130652ec4676557/url HTTP/1.1
User-Agent: selenium/4.8.1 (java windows)
Cache-Control: no-cache
Content-Type: application/json; charset=utf-8
host: localhost:6007
accept: */*

Response DefaultHttpResponse(decodeResult: success, version: HTTP/1.1)
HTTP/1.1 200 OK
Content-Length: 54
Content-Type: application/json; charset=utf-8
cache-control: no-cache

10:48:33.469 [AsyncHttpClient-1-8] DEBUG org.asynchttpclient.netty.channel.ChannelManager - Adding key: http://localhost:6007 for channel [id: 0xa01596ea, L:/127.0.0.1:58377 - R:localhost/127.0.0.1:6007]
10:48:33.470 [Forwarding screenshot on session 52da67b5e6833d85e130652ec4676557 to remote] DEBUG org.asynchttpclient.netty.request.NettyRequestSender - Using pooled Channel '[id: 0xa01596ea, L:/127.0.0.1:58377 - R:localhost/127.0.0.1:6007]' for 'GET' to 'http://localhost:6007/session/52da67b5e6833d85e130652ec4676557/screenshot'
10:48:33.470 [Forwarding screenshot on session 52da67b5e6833d85e130652ec4676557 to remote] DEBUG org.asynchttpclient.netty.request.NettyRequestSender - Using open Channel [id: 0xa01596ea, L:/127.0.0.1:58377 - R:localhost/127.0.0.1:6007] for GET '/session/52da67b5e6833d85e130652ec4676557/screenshot'
10:48:33.604 [AsyncHttpClient-1-8] DEBUG org.asynchttpclient.netty.handler.HttpHandler - 

Request DefaultFullHttpRequest(decodeResult: success, version: HTTP/1.1, content: EmptyByteBufBE)
GET /session/52da67b5e6833d85e130652ec4676557/screenshot HTTP/1.1
User-Agent: selenium/4.8.1 (java windows)
Cache-Control: no-cache
Content-Type: application/json; charset=utf-8
host: localhost:6007
accept: */*

Response DefaultHttpResponse(decodeResult: success, version: HTTP/1.1)
HTTP/1.1 200 OK
Content-Length: 35432
Content-Type: application/json; charset=utf-8
cache-control: no-cache

10:48:33.604 [AsyncHttpClient-1-8] DEBUG org.asynchttpclient.netty.channel.ChannelManager - Adding key: http://localhost:6007 for channel [id: 0xa01596ea, L:/127.0.0.1:58377 - R:localhost/127.0.0.1:6007]
10:48:33.606 [main] DEBUG net.serenitybdd.core.photography.Darkroom - Send negative for processing for target\site\serenity\35223b10c3445bd63d502085e209efcd88f616623f56dcb810642bc828f8b61d.png
10:48:33.606 [main] DEBUG net.thucydides.core.steps.StepInterceptor - STEP DONE: inputPassword
10:48:33.606 [Darkroom Processing Line] DEBUG net.serenitybdd.core.photography.DarkroomProcessingLine - Processing screenshot image in /var/screenshots/screenshot-14454914818392277937
10:48:33.607 [Darkroom Processing Line] DEBUG net.serenitybdd.core.photography.DarkroomProcessingLine - Saving screenshot to target\site\serenity\35223b10c3445bd63d502085e209efcd88f616623f56dcb810642bc828f8b61d.png
10:48:33.615 [Forwarding getPageSource on session 52da67b5e6833d85e130652ec4676557 to remote] DEBUG org.asynchttpclient.netty.request.NettyRequestSender - Using pooled Channel '[id: 0xa01596ea, L:/127.0.0.1:58377 - R:localhost/127.0.0.1:6007]' for 'POST' to 'http://localhost:6007/session/52da67b5e6833d85e130652ec4676557/execute/sync'
10:48:33.615 [Forwarding getPageSource on session 52da67b5e6833d85e130652ec4676557 to remote] DEBUG org.asynchttpclient.netty.request.NettyRequestSender - Using open Channel [id: 0xa01596ea, L:/127.0.0.1:58377 - R:localhost/127.0.0.1:6007] for POST '/session/52da67b5e6833d85e130652ec4676557/execute/sync'
10:48:33.621 [AsyncHttpClient-1-8] DEBUG org.asynchttpclient.netty.handler.HttpHandler - 

Request DefaultHttpRequest(decodeResult: success, version: HTTP/1.1)
POST /session/52da67b5e6833d85e130652ec4676557/execute/sync HTTP/1.1
User-Agent: selenium/4.8.1 (java windows)
Content-Length: 176
Content-Type: application/json; charset=utf-8
host: localhost:6007
accept: */*

Response DefaultHttpResponse(decodeResult: success, version: HTTP/1.1)
HTTP/1.1 200 OK
Content-Length: 22473
Content-Type: application/json; charset=utf-8
cache-control: no-cache

10:48:33.621 [AsyncHttpClient-1-8] DEBUG org.asynchttpclient.netty.channel.ChannelManager - Adding key: http://localhost:6007 for channel [id: 0xa01596ea, L:/127.0.0.1:58377 - R:localhost/127.0.0.1:6007]
10:48:33.623 [Forwarding getCurrentUrl on session 52da67b5e6833d85e130652ec4676557 to remote] DEBUG org.asynchttpclient.netty.request.NettyRequestSender - Using pooled Channel '[id: 0xa01596ea, L:/127.0.0.1:58377 - R:localhost/127.0.0.1:6007]' for 'GET' to 'http://localhost:6007/session/52da67b5e6833d85e130652ec4676557/url'
10:48:33.623 [Forwarding getCurrentUrl on session 52da67b5e6833d85e130652ec4676557 to remote] DEBUG org.asynchttpclient.netty.request.NettyRequestSender - Using open Channel [id: 0xa01596ea, L:/127.0.0.1:58377 - R:localhost/127.0.0.1:6007] for GET '/session/52da67b5e6833d85e130652ec4676557/url'
10:48:33.627 [AsyncHttpClient-1-8] DEBUG org.asynchttpclient.netty.handler.HttpHandler - 

Request DefaultFullHttpRequest(decodeResult: success, version: HTTP/1.1, content: EmptyByteBufBE)
GET /session/52da67b5e6833d85e130652ec4676557/url HTTP/1.1
User-Agent: selenium/4.8.1 (java windows)
Cache-Control: no-cache
Content-Type: application/json; charset=utf-8
host: localhost:6007
accept: */*

Response DefaultHttpResponse(decodeResult: success, version: HTTP/1.1)
HTTP/1.1 200 OK
Content-Length: 54
Content-Type: application/json; charset=utf-8
cache-control: no-cache

10:48:33.627 [AsyncHttpClient-1-8] DEBUG org.asynchttpclient.netty.channel.ChannelManager - Adding key: http://localhost:6007 for channel [id: 0xa01596ea, L:/127.0.0.1:58377 - R:localhost/127.0.0.1:6007]
10:48:33.630 [main] DEBUG net.thucydides.core.steps.StepInterceptor - STARTING STEP: IntegrationSteps.regs - clickRegisterButton
10:48:33.632 [Forwarding setTimeout on session 52da67b5e6833d85e130652ec4676557 to remote] DEBUG org.asynchttpclient.netty.request.NettyRequestSender - Using pooled Channel '[id: 0xa01596ea, L:/127.0.0.1:58377 - R:localhost/127.0.0.1:6007]' for 'POST' to 'http://localhost:6007/session/52da67b5e6833d85e130652ec4676557/timeouts'
10:48:33.633 [Forwarding setTimeout on session 52da67b5e6833d85e130652ec4676557 to remote] DEBUG org.asynchttpclient.netty.request.NettyRequestSender - Using open Channel [id: 0xa01596ea, L:/127.0.0.1:58377 - R:localhost/127.0.0.1:6007] for POST '/session/52da67b5e6833d85e130652ec4676557/timeouts'
10:48:33.633 [AsyncHttpClient-1-8] DEBUG org.asynchttpclient.netty.handler.HttpHandler - 

Request DefaultHttpRequest(decodeResult: success, version: HTTP/1.1)
POST /session/52da67b5e6833d85e130652ec4676557/timeouts HTTP/1.1
User-Agent: selenium/4.8.1 (java windows)
Content-Length: 19
Content-Type: application/json; charset=utf-8
host: localhost:6007
accept: */*

Response DefaultHttpResponse(decodeResult: success, version: HTTP/1.1)
HTTP/1.1 200 OK
Content-Length: 14
Content-Type: application/json; charset=utf-8
cache-control: no-cache

10:48:33.633 [AsyncHttpClient-1-8] DEBUG org.asynchttpclient.netty.channel.ChannelManager - Adding key: http://localhost:6007 for channel [id: 0xa01596ea, L:/127.0.0.1:58377 - R:localhost/127.0.0.1:6007]
10:48:33.639 [Forwarding findElements on session 52da67b5e6833d85e130652ec4676557 to remote] DEBUG org.asynchttpclient.netty.request.NettyRequestSender - Using pooled Channel '[id: 0xa01596ea, L:/127.0.0.1:58377 - R:localhost/127.0.0.1:6007]' for 'POST' to 'http://localhost:6007/session/52da67b5e6833d85e130652ec4676557/elements'
10:48:33.639 [Forwarding findElements on session 52da67b5e6833d85e130652ec4676557 to remote] DEBUG org.asynchttpclient.netty.request.NettyRequestSender - Using open Channel [id: 0xa01596ea, L:/127.0.0.1:58377 - R:localhost/127.0.0.1:6007] for POST '/session/52da67b5e6833d85e130652ec4676557/elements'
10:48:33.646 [AsyncHttpClient-1-8] DEBUG org.asynchttpclient.netty.handler.HttpHandler - 

Request DefaultHttpRequest(decodeResult: success, version: HTTP/1.1)
POST /session/52da67b5e6833d85e130652ec4676557/elements HTTP/1.1
User-Agent: selenium/4.8.1 (java windows)
Content-Length: 225
Content-Type: application/json; charset=utf-8
host: localhost:6007
accept: */*

Response DefaultHttpResponse(decodeResult: success, version: HTTP/1.1)
HTTP/1.1 200 OK
Content-Length: 90
Content-Type: application/json; charset=utf-8
cache-control: no-cache

10:48:33.647 [AsyncHttpClient-1-8] DEBUG org.asynchttpclient.netty.channel.ChannelManager - Adding key: http://localhost:6007 for channel [id: 0xa01596ea, L:/127.0.0.1:58377 - R:localhost/127.0.0.1:6007]
10:48:33.650 [Forwarding isElementDisplayed on session 52da67b5e6833d85e130652ec4676557 to remote] DEBUG org.asynchttpclient.netty.request.NettyRequestSender - Using pooled Channel '[id: 0xa01596ea, L:/127.0.0.1:58377 - R:localhost/127.0.0.1:6007]' for 'POST' to 'http://localhost:6007/session/52da67b5e6833d85e130652ec4676557/execute/sync'
10:48:33.650 [Forwarding isElementDisplayed on session 52da67b5e6833d85e130652ec4676557 to remote] DEBUG org.asynchttpclient.netty.request.NettyRequestSender - Using open Channel [id: 0xa01596ea, L:/127.0.0.1:58377 - R:localhost/127.0.0.1:6007] for POST '/session/52da67b5e6833d85e130652ec4676557/execute/sync'
10:48:33.660 [AsyncHttpClient-1-8] DEBUG org.asynchttpclient.netty.handler.HttpHandler - 

Request DefaultHttpRequest(decodeResult: success, version: HTTP/1.1)
POST /session/52da67b5e6833d85e130652ec4676557/execute/sync HTTP/1.1
User-Agent: selenium/4.8.1 (java windows)
Content-Length: 48807
Content-Type: application/json; charset=utf-8
host: localhost:6007
accept: */*

Response DefaultHttpResponse(decodeResult: success, version: HTTP/1.1)
HTTP/1.1 200 OK
Content-Length: 14
Content-Type: application/json; charset=utf-8
cache-control: no-cache

10:48:33.660 [AsyncHttpClient-1-8] DEBUG org.asynchttpclient.netty.channel.ChannelManager - Adding key: http://localhost:6007 for channel [id: 0xa01596ea, L:/127.0.0.1:58377 - R:localhost/127.0.0.1:6007]
10:48:33.665 [Forwarding findElements on session 52da67b5e6833d85e130652ec4676557 to remote] DEBUG org.asynchttpclient.netty.request.NettyRequestSender - Using pooled Channel '[id: 0xa01596ea, L:/127.0.0.1:58377 - R:localhost/127.0.0.1:6007]' for 'POST' to 'http://localhost:6007/session/52da67b5e6833d85e130652ec4676557/elements'
10:48:33.665 [Forwarding findElements on session 52da67b5e6833d85e130652ec4676557 to remote] DEBUG org.asynchttpclient.netty.request.NettyRequestSender - Using open Channel [id: 0xa01596ea, L:/127.0.0.1:58377 - R:localhost/127.0.0.1:6007] for POST '/session/52da67b5e6833d85e130652ec4676557/elements'
10:48:33.676 [AsyncHttpClient-1-8] DEBUG org.asynchttpclient.netty.handler.HttpHandler - 

Request DefaultHttpRequest(decodeResult: success, version: HTTP/1.1)
POST /session/52da67b5e6833d85e130652ec4676557/elements HTTP/1.1
User-Agent: selenium/4.8.1 (java windows)
Content-Length: 225
Content-Type: application/json; charset=utf-8
host: localhost:6007
accept: */*

Response DefaultHttpResponse(decodeResult: success, version: HTTP/1.1)
HTTP/1.1 200 OK
Content-Length: 90
Content-Type: application/json; charset=utf-8
cache-control: no-cache

10:48:33.676 [AsyncHttpClient-1-8] DEBUG org.asynchttpclient.netty.channel.ChannelManager - Adding key: http://localhost:6007 for channel [id: 0xa01596ea, L:/127.0.0.1:58377 - R:localhost/127.0.0.1:6007]
10:48:33.678 [Forwarding setTimeout on session 52da67b5e6833d85e130652ec4676557 to remote] DEBUG org.asynchttpclient.netty.request.NettyRequestSender - Using pooled Channel '[id: 0xa01596ea, L:/127.0.0.1:58377 - R:localhost/127.0.0.1:6007]' for 'POST' to 'http://localhost:6007/session/52da67b5e6833d85e130652ec4676557/timeouts'
10:48:33.678 [Forwarding setTimeout on session 52da67b5e6833d85e130652ec4676557 to remote] DEBUG org.asynchttpclient.netty.request.NettyRequestSender - Using open Channel [id: 0xa01596ea, L:/127.0.0.1:58377 - R:localhost/127.0.0.1:6007] for POST '/session/52da67b5e6833d85e130652ec4676557/timeouts'
10:48:33.679 [AsyncHttpClient-1-8] DEBUG org.asynchttpclient.netty.handler.HttpHandler - 

Request DefaultHttpRequest(decodeResult: success, version: HTTP/1.1)
POST /session/52da67b5e6833d85e130652ec4676557/timeouts HTTP/1.1
User-Agent: selenium/4.8.1 (java windows)
Content-Length: 22
Content-Type: application/json; charset=utf-8
host: localhost:6007
accept: */*

Response DefaultHttpResponse(decodeResult: success, version: HTTP/1.1)
HTTP/1.1 200 OK
Content-Length: 14
Content-Type: application/json; charset=utf-8
cache-control: no-cache

10:48:33.679 [AsyncHttpClient-1-8] DEBUG org.asynchttpclient.netty.channel.ChannelManager - Adding key: http://localhost:6007 for channel [id: 0xa01596ea, L:/127.0.0.1:58377 - R:localhost/127.0.0.1:6007]
10:48:33.685 [Forwarding getElementTagName on session 52da67b5e6833d85e130652ec4676557 to remote] DEBUG org.asynchttpclient.netty.request.NettyRequestSender - Using pooled Channel '[id: 0xa01596ea, L:/127.0.0.1:58377 - R:localhost/127.0.0.1:6007]' for 'GET' to 'http://localhost:6007/session/52da67b5e6833d85e130652ec4676557/element/771119ec-2468-4dab-ba9e-58df43f7b2b6/name'
10:48:33.685 [Forwarding getElementTagName on session 52da67b5e6833d85e130652ec4676557 to remote] DEBUG org.asynchttpclient.netty.request.NettyRequestSender - Using open Channel [id: 0xa01596ea, L:/127.0.0.1:58377 - R:localhost/127.0.0.1:6007] for GET '/session/52da67b5e6833d85e130652ec4676557/element/771119ec-2468-4dab-ba9e-58df43f7b2b6/name'
10:48:33.690 [AsyncHttpClient-1-8] DEBUG org.asynchttpclient.netty.handler.HttpHandler - 

Request DefaultFullHttpRequest(decodeResult: success, version: HTTP/1.1, content: EmptyByteBufBE)
GET /session/52da67b5e6833d85e130652ec4676557/element/771119ec-2468-4dab-ba9e-58df43f7b2b6/name HTTP/1.1
User-Agent: selenium/4.8.1 (java windows)
Cache-Control: no-cache
Content-Type: application/json; charset=utf-8
host: localhost:6007
accept: */*

Response DefaultHttpResponse(decodeResult: success, version: HTTP/1.1)
HTTP/1.1 200 OK
Content-Length: 18
Content-Type: application/json; charset=utf-8
cache-control: no-cache

10:48:33.690 [AsyncHttpClient-1-8] DEBUG org.asynchttpclient.netty.channel.ChannelManager - Adding key: http://localhost:6007 for channel [id: 0xa01596ea, L:/127.0.0.1:58377 - R:localhost/127.0.0.1:6007]
10:48:33.692 [Forwarding getElementTagName on session 52da67b5e6833d85e130652ec4676557 to remote] DEBUG org.asynchttpclient.netty.request.NettyRequestSender - Using pooled Channel '[id: 0xa01596ea, L:/127.0.0.1:58377 - R:localhost/127.0.0.1:6007]' for 'GET' to 'http://localhost:6007/session/52da67b5e6833d85e130652ec4676557/element/771119ec-2468-4dab-ba9e-58df43f7b2b6/name'
10:48:33.692 [Forwarding getElementTagName on session 52da67b5e6833d85e130652ec4676557 to remote] DEBUG org.asynchttpclient.netty.request.NettyRequestSender - Using open Channel [id: 0xa01596ea, L:/127.0.0.1:58377 - R:localhost/127.0.0.1:6007] for GET '/session/52da67b5e6833d85e130652ec4676557/element/771119ec-2468-4dab-ba9e-58df43f7b2b6/name'
10:48:33.702 [AsyncHttpClient-1-8] DEBUG org.asynchttpclient.netty.handler.HttpHandler - 

Request DefaultFullHttpRequest(decodeResult: success, version: HTTP/1.1, content: EmptyByteBufBE)
GET /session/52da67b5e6833d85e130652ec4676557/element/771119ec-2468-4dab-ba9e-58df43f7b2b6/name HTTP/1.1
User-Agent: selenium/4.8.1 (java windows)
Cache-Control: no-cache
Content-Type: application/json; charset=utf-8
host: localhost:6007
accept: */*

Response DefaultHttpResponse(decodeResult: success, version: HTTP/1.1)
HTTP/1.1 200 OK
Content-Length: 18
Content-Type: application/json; charset=utf-8
cache-control: no-cache

10:48:33.702 [AsyncHttpClient-1-8] DEBUG org.asynchttpclient.netty.channel.ChannelManager - Adding key: http://localhost:6007 for channel [id: 0xa01596ea, L:/127.0.0.1:58377 - R:localhost/127.0.0.1:6007]
10:48:33.704 [Forwarding isElementEnabled on session 52da67b5e6833d85e130652ec4676557 to remote] DEBUG org.asynchttpclient.netty.request.NettyRequestSender - Using pooled Channel '[id: 0xa01596ea, L:/127.0.0.1:58377 - R:localhost/127.0.0.1:6007]' for 'GET' to 'http://localhost:6007/session/52da67b5e6833d85e130652ec4676557/element/771119ec-2468-4dab-ba9e-58df43f7b2b6/enabled'
10:48:33.704 [Forwarding isElementEnabled on session 52da67b5e6833d85e130652ec4676557 to remote] DEBUG org.asynchttpclient.netty.request.NettyRequestSender - Using open Channel [id: 0xa01596ea, L:/127.0.0.1:58377 - R:localhost/127.0.0.1:6007] for GET '/session/52da67b5e6833d85e130652ec4676557/element/771119ec-2468-4dab-ba9e-58df43f7b2b6/enabled'
10:48:33.719 [AsyncHttpClient-1-8] DEBUG org.asynchttpclient.netty.handler.HttpHandler - 

Request DefaultFullHttpRequest(decodeResult: success, version: HTTP/1.1, content: EmptyByteBufBE)
GET /session/52da67b5e6833d85e130652ec4676557/element/771119ec-2468-4dab-ba9e-58df43f7b2b6/enabled HTTP/1.1
User-Agent: selenium/4.8.1 (java windows)
Cache-Control: no-cache
Content-Type: application/json; charset=utf-8
host: localhost:6007
accept: */*

Response DefaultHttpResponse(decodeResult: success, version: HTTP/1.1)
HTTP/1.1 200 OK
Content-Length: 14
Content-Type: application/json; charset=utf-8
cache-control: no-cache

10:48:33.719 [AsyncHttpClient-1-8] DEBUG org.asynchttpclient.netty.channel.ChannelManager - Adding key: http://localhost:6007 for channel [id: 0xa01596ea, L:/127.0.0.1:58377 - R:localhost/127.0.0.1:6007]
10:48:33.720 [Forwarding isElementEnabled on session 52da67b5e6833d85e130652ec4676557 to remote] DEBUG org.asynchttpclient.netty.request.NettyRequestSender - Using pooled Channel '[id: 0xa01596ea, L:/127.0.0.1:58377 - R:localhost/127.0.0.1:6007]' for 'GET' to 'http://localhost:6007/session/52da67b5e6833d85e130652ec4676557/element/771119ec-2468-4dab-ba9e-58df43f7b2b6/enabled'
10:48:33.720 [Forwarding isElementEnabled on session 52da67b5e6833d85e130652ec4676557 to remote] DEBUG org.asynchttpclient.netty.request.NettyRequestSender - Using open Channel [id: 0xa01596ea, L:/127.0.0.1:58377 - R:localhost/127.0.0.1:6007] for GET '/session/52da67b5e6833d85e130652ec4676557/element/771119ec-2468-4dab-ba9e-58df43f7b2b6/enabled'
10:48:33.728 [AsyncHttpClient-1-8] DEBUG org.asynchttpclient.netty.handler.HttpHandler - 

Request DefaultFullHttpRequest(decodeResult: success, version: HTTP/1.1, content: EmptyByteBufBE)
GET /session/52da67b5e6833d85e130652ec4676557/element/771119ec-2468-4dab-ba9e-58df43f7b2b6/enabled HTTP/1.1
User-Agent: selenium/4.8.1 (java windows)
Cache-Control: no-cache
Content-Type: application/json; charset=utf-8
host: localhost:6007
accept: */*

Response DefaultHttpResponse(decodeResult: success, version: HTTP/1.1)
HTTP/1.1 200 OK
Content-Length: 14
Content-Type: application/json; charset=utf-8
cache-control: no-cache

10:48:33.728 [AsyncHttpClient-1-8] DEBUG org.asynchttpclient.netty.channel.ChannelManager - Adding key: http://localhost:6007 for channel [id: 0xa01596ea, L:/127.0.0.1:58377 - R:localhost/127.0.0.1:6007]
10:48:33.732 [Forwarding clickElement on session 52da67b5e6833d85e130652ec4676557 to remote] DEBUG org.asynchttpclient.netty.request.NettyRequestSender - Using pooled Channel '[id: 0xa01596ea, L:/127.0.0.1:58377 - R:localhost/127.0.0.1:6007]' for 'POST' to 'http://localhost:6007/session/52da67b5e6833d85e130652ec4676557/element/771119ec-2468-4dab-ba9e-58df43f7b2b6/click'
10:48:33.732 [Forwarding clickElement on session 52da67b5e6833d85e130652ec4676557 to remote] DEBUG org.asynchttpclient.netty.request.NettyRequestSender - Using open Channel [id: 0xa01596ea, L:/127.0.0.1:58377 - R:localhost/127.0.0.1:6007] for POST '/session/52da67b5e6833d85e130652ec4676557/element/771119ec-2468-4dab-ba9e-58df43f7b2b6/click'
10:48:33.792 [AsyncHttpClient-1-8] DEBUG org.asynchttpclient.netty.handler.HttpHandler - 

Request DefaultHttpRequest(decodeResult: success, version: HTTP/1.1)
POST /session/52da67b5e6833d85e130652ec4676557/element/771119ec-2468-4dab-ba9e-58df43f7b2b6/click HTTP/1.1
User-Agent: selenium/4.8.1 (java windows)
Content-Length: 50
Content-Type: application/json; charset=utf-8
host: localhost:6007
accept: */*

Response DefaultHttpResponse(decodeResult: success, version: HTTP/1.1)
HTTP/1.1 200 OK
Content-Length: 14
Content-Type: application/json; charset=utf-8
cache-control: no-cache

10:48:33.793 [AsyncHttpClient-1-8] DEBUG org.asynchttpclient.netty.channel.ChannelManager - Adding key: http://localhost:6007 for channel [id: 0xa01596ea, L:/127.0.0.1:58377 - R:localhost/127.0.0.1:6007]
10:48:33.800 [Forwarding getAlertText on session 52da67b5e6833d85e130652ec4676557 to remote] DEBUG org.asynchttpclient.netty.request.NettyRequestSender - Using pooled Channel '[id: 0xa01596ea, L:/127.0.0.1:58377 - R:localhost/127.0.0.1:6007]' for 'GET' to 'http://localhost:6007/session/52da67b5e6833d85e130652ec4676557/alert/text'
10:48:33.800 [Forwarding getAlertText on session 52da67b5e6833d85e130652ec4676557 to remote] DEBUG org.asynchttpclient.netty.request.NettyRequestSender - Using open Channel [id: 0xa01596ea, L:/127.0.0.1:58377 - R:localhost/127.0.0.1:6007] for GET '/session/52da67b5e6833d85e130652ec4676557/alert/text'
10:48:33.801 [AsyncHttpClient-1-8] DEBUG org.asynchttpclient.netty.handler.HttpHandler - 

Request DefaultFullHttpRequest(decodeResult: success, version: HTTP/1.1, content: EmptyByteBufBE)
GET /session/52da67b5e6833d85e130652ec4676557/alert/text HTTP/1.1
User-Agent: selenium/4.8.1 (java windows)
Cache-Control: no-cache
Content-Type: application/json; charset=utf-8
host: localhost:6007
accept: */*

Response DefaultHttpResponse(decodeResult: success, version: HTTP/1.1)
HTTP/1.1 404 Not Found
Content-Length: 848
Content-Type: application/json; charset=utf-8
cache-control: no-cache

10:48:33.801 [AsyncHttpClient-1-8] DEBUG org.asynchttpclient.netty.channel.ChannelManager - Adding key: http://localhost:6007 for channel [id: 0xa01596ea, L:/127.0.0.1:58377 - R:localhost/127.0.0.1:6007]
10:48:33.803 [Forwarding getCurrentUrl on session 52da67b5e6833d85e130652ec4676557 to remote] DEBUG org.asynchttpclient.netty.request.NettyRequestSender - Using pooled Channel '[id: 0xa01596ea, L:/127.0.0.1:58377 - R:localhost/127.0.0.1:6007]' for 'GET' to 'http://localhost:6007/session/52da67b5e6833d85e130652ec4676557/url'
10:48:33.803 [Forwarding getCurrentUrl on session 52da67b5e6833d85e130652ec4676557 to remote] DEBUG org.asynchttpclient.netty.request.NettyRequestSender - Using open Channel [id: 0xa01596ea, L:/127.0.0.1:58377 - R:localhost/127.0.0.1:6007] for GET '/session/52da67b5e6833d85e130652ec4676557/url'
10:48:33.806 [AsyncHttpClient-1-8] DEBUG org.asynchttpclient.netty.handler.HttpHandler - 

Request DefaultFullHttpRequest(decodeResult: success, version: HTTP/1.1, content: EmptyByteBufBE)
GET /session/52da67b5e6833d85e130652ec4676557/url HTTP/1.1
User-Agent: selenium/4.8.1 (java windows)
Cache-Control: no-cache
Content-Type: application/json; charset=utf-8
host: localhost:6007
accept: */*

Response DefaultHttpResponse(decodeResult: success, version: HTTP/1.1)
HTTP/1.1 200 OK
Content-Length: 54
Content-Type: application/json; charset=utf-8
cache-control: no-cache

10:48:33.807 [AsyncHttpClient-1-8] DEBUG org.asynchttpclient.netty.channel.ChannelManager - Adding key: http://localhost:6007 for channel [id: 0xa01596ea, L:/127.0.0.1:58377 - R:localhost/127.0.0.1:6007]
10:48:33.807 [Forwarding screenshot on session 52da67b5e6833d85e130652ec4676557 to remote] DEBUG org.asynchttpclient.netty.request.NettyRequestSender - Using pooled Channel '[id: 0xa01596ea, L:/127.0.0.1:58377 - R:localhost/127.0.0.1:6007]' for 'GET' to 'http://localhost:6007/session/52da67b5e6833d85e130652ec4676557/screenshot'
10:48:33.807 [Forwarding screenshot on session 52da67b5e6833d85e130652ec4676557 to remote] DEBUG org.asynchttpclient.netty.request.NettyRequestSender - Using open Channel [id: 0xa01596ea, L:/127.0.0.1:58377 - R:localhost/127.0.0.1:6007] for GET '/session/52da67b5e6833d85e130652ec4676557/screenshot'
10:48:33.844 [AsyncHttpClient-1-1] DEBUG org.asynchttpclient.netty.channel.DefaultChannelPool - Entry count for : http://localhost:58378 : 1
10:48:33.984 [AsyncHttpClient-1-8] DEBUG org.asynchttpclient.netty.handler.HttpHandler - 

Request DefaultFullHttpRequest(decodeResult: success, version: HTTP/1.1, content: EmptyByteBufBE)
GET /session/52da67b5e6833d85e130652ec4676557/screenshot HTTP/1.1
User-Agent: selenium/4.8.1 (java windows)
Cache-Control: no-cache
Content-Type: application/json; charset=utf-8
host: localhost:6007
accept: */*

Response DefaultHttpResponse(decodeResult: success, version: HTTP/1.1)
HTTP/1.1 200 OK
Content-Length: 34972
Content-Type: application/json; charset=utf-8
cache-control: no-cache

10:48:33.985 [AsyncHttpClient-1-8] DEBUG org.asynchttpclient.netty.channel.ChannelManager - Adding key: http://localhost:6007 for channel [id: 0xa01596ea, L:/127.0.0.1:58377 - R:localhost/127.0.0.1:6007]
10:48:33.988 [main] DEBUG net.serenitybdd.core.photography.Darkroom - Send negative for processing for target\site\serenity\04b6f6c8f43ebddbb4df58c6b87e22e381d0bb222f868613039e7fcdc674c2f0.png
10:48:33.988 [main] DEBUG net.thucydides.core.steps.StepInterceptor - STEP DONE: clickRegisterButton
  &amp#27;[32mWhen &amp#27;[0m&amp#27;[32mUser success register to web&amp#27;[0m                                                  &amp#27;[90m# starter.stepdefinition.IntegrationSteps.regs()&amp#27;[0m
10:48:33.989 [Darkroom Processing Line] DEBUG net.serenitybdd.core.photography.DarkroomProcessingLine - Processing screenshot image in /var/screenshots/screenshot-371373044114901575
10:48:33.989 [Darkroom Processing Line] DEBUG net.serenitybdd.core.photography.DarkroomProcessingLine - Saving screenshot to target\site\serenity\04b6f6c8f43ebddbb4df58c6b87e22e381d0bb222f868613039e7fcdc674c2f0.png
10:48:34.003 [Forwarding getPageSource on session 52da67b5e6833d85e130652ec4676557 to remote] DEBUG org.asynchttpclient.netty.request.NettyRequestSender - Using pooled Channel '[id: 0xa01596ea, L:/127.0.0.1:58377 - R:localhost/127.0.0.1:6007]' for 'POST' to 'http://localhost:6007/session/52da67b5e6833d85e130652ec4676557/execute/sync'
10:48:34.003 [Forwarding getPageSource on session 52da67b5e6833d85e130652ec4676557 to remote] DEBUG org.asynchttpclient.netty.request.NettyRequestSender - Using open Channel [id: 0xa01596ea, L:/127.0.0.1:58377 - R:localhost/127.0.0.1:6007] for POST '/session/52da67b5e6833d85e130652ec4676557/execute/sync'
10:48:34.011 [AsyncHttpClient-1-8] DEBUG org.asynchttpclient.netty.handler.HttpHandler - 

Request DefaultHttpRequest(decodeResult: success, version: HTTP/1.1)
POST /session/52da67b5e6833d85e130652ec4676557/execute/sync HTTP/1.1
User-Agent: selenium/4.8.1 (java windows)
Content-Length: 176
Content-Type: application/json; charset=utf-8
host: localhost:6007
accept: */*

Response DefaultHttpResponse(decodeResult: success, version: HTTP/1.1)
HTTP/1.1 200 OK
Content-Length: 22753
Content-Type: application/json; charset=utf-8
cache-control: no-cache

10:48:34.011 [AsyncHttpClient-1-8] DEBUG org.asynchttpclient.netty.channel.ChannelManager - Adding key: http://localhost:6007 for channel [id: 0xa01596ea, L:/127.0.0.1:58377 - R:localhost/127.0.0.1:6007]
10:48:34.017 [Forwarding getCurrentUrl on session 52da67b5e6833d85e130652ec4676557 to remote] DEBUG org.asynchttpclient.netty.request.NettyRequestSender - Using pooled Channel '[id: 0xa01596ea, L:/127.0.0.1:58377 - R:localhost/127.0.0.1:6007]' for 'GET' to 'http://localhost:6007/session/52da67b5e6833d85e130652ec4676557/url'
10:48:34.017 [Forwarding getCurrentUrl on session 52da67b5e6833d85e130652ec4676557 to remote] DEBUG org.asynchttpclient.netty.request.NettyRequestSender - Using open Channel [id: 0xa01596ea, L:/127.0.0.1:58377 - R:localhost/127.0.0.1:6007] for GET '/session/52da67b5e6833d85e130652ec4676557/url'
10:48:34.022 [AsyncHttpClient-1-8] DEBUG org.asynchttpclient.netty.handler.HttpHandler - 

Request DefaultFullHttpRequest(decodeResult: success, version: HTTP/1.1, content: EmptyByteBufBE)
GET /session/52da67b5e6833d85e130652ec4676557/url HTTP/1.1
User-Agent: selenium/4.8.1 (java windows)
Cache-Control: no-cache
Content-Type: application/json; charset=utf-8
host: localhost:6007
accept: */*

Response DefaultHttpResponse(decodeResult: success, version: HTTP/1.1)
HTTP/1.1 200 OK
Content-Length: 54
Content-Type: application/json; charset=utf-8
cache-control: no-cache

10:48:34.022 [AsyncHttpClient-1-8] DEBUG org.asynchttpclient.netty.channel.ChannelManager - Adding key: http://localhost:6007 for channel [id: 0xa01596ea, L:/127.0.0.1:58377 - R:localhost/127.0.0.1:6007]
10:48:34.042 [Forwarding getAlertText on session 52da67b5e6833d85e130652ec4676557 to remote] DEBUG org.asynchttpclient.netty.request.NettyRequestSender - Using pooled Channel '[id: 0xa01596ea, L:/127.0.0.1:58377 - R:localhost/127.0.0.1:6007]' for 'GET' to 'http://localhost:6007/session/52da67b5e6833d85e130652ec4676557/alert/text'
10:48:34.042 [Forwarding getAlertText on session 52da67b5e6833d85e130652ec4676557 to remote] DEBUG org.asynchttpclient.netty.request.NettyRequestSender - Using open Channel [id: 0xa01596ea, L:/127.0.0.1:58377 - R:localhost/127.0.0.1:6007] for GET '/session/52da67b5e6833d85e130652ec4676557/alert/text'
10:48:34.047 [AsyncHttpClient-1-8] DEBUG org.asynchttpclient.netty.handler.HttpHandler - 

Request DefaultFullHttpRequest(decodeResult: success, version: HTTP/1.1, content: EmptyByteBufBE)
GET /session/52da67b5e6833d85e130652ec4676557/alert/text HTTP/1.1
User-Agent: selenium/4.8.1 (java windows)
Cache-Control: no-cache
Content-Type: application/json; charset=utf-8
host: localhost:6007
accept: */*

Response DefaultHttpResponse(decodeResult: success, version: HTTP/1.1)
HTTP/1.1 404 Not Found
Content-Length: 848
Content-Type: application/json; charset=utf-8
cache-control: no-cache

10:48:34.047 [AsyncHttpClient-1-8] DEBUG org.asynchttpclient.netty.channel.ChannelManager - Adding key: http://localhost:6007 for channel [id: 0xa01596ea, L:/127.0.0.1:58377 - R:localhost/127.0.0.1:6007]
10:48:34.049 [Forwarding getCurrentUrl on session 52da67b5e6833d85e130652ec4676557 to remote] DEBUG org.asynchttpclient.netty.request.NettyRequestSender - Using pooled Channel '[id: 0xa01596ea, L:/127.0.0.1:58377 - R:localhost/127.0.0.1:6007]' for 'GET' to 'http://localhost:6007/session/52da67b5e6833d85e130652ec4676557/url'
10:48:34.049 [Forwarding getCurrentUrl on session 52da67b5e6833d85e130652ec4676557 to remote] DEBUG org.asynchttpclient.netty.request.NettyRequestSender - Using open Channel [id: 0xa01596ea, L:/127.0.0.1:58377 - R:localhost/127.0.0.1:6007] for GET '/session/52da67b5e6833d85e130652ec4676557/url'
10:48:34.053 [AsyncHttpClient-1-8] DEBUG org.asynchttpclient.netty.handler.HttpHandler - 

Request DefaultFullHttpRequest(decodeResult: success, version: HTTP/1.1, content: EmptyByteBufBE)
GET /session/52da67b5e6833d85e130652ec4676557/url HTTP/1.1
User-Agent: selenium/4.8.1 (java windows)
Cache-Control: no-cache
Content-Type: application/json; charset=utf-8
host: localhost:6007
accept: */*

Response DefaultHttpResponse(decodeResult: success, version: HTTP/1.1)
HTTP/1.1 200 OK
Content-Length: 54
Content-Type: application/json; charset=utf-8
cache-control: no-cache

10:48:34.053 [AsyncHttpClient-1-8] DEBUG org.asynchttpclient.netty.channel.ChannelManager - Adding key: http://localhost:6007 for channel [id: 0xa01596ea, L:/127.0.0.1:58377 - R:localhost/127.0.0.1:6007]
10:48:34.054 [Forwarding screenshot on session 52da67b5e6833d85e130652ec4676557 to remote] DEBUG org.asynchttpclient.netty.request.NettyRequestSender - Using pooled Channel '[id: 0xa01596ea, L:/127.0.0.1:58377 - R:localhost/127.0.0.1:6007]' for 'GET' to 'http://localhost:6007/session/52da67b5e6833d85e130652ec4676557/screenshot'
10:48:34.054 [Forwarding screenshot on session 52da67b5e6833d85e130652ec4676557 to remote] DEBUG org.asynchttpclient.netty.request.NettyRequestSender - Using open Channel [id: 0xa01596ea, L:/127.0.0.1:58377 - R:localhost/127.0.0.1:6007] for GET '/session/52da67b5e6833d85e130652ec4676557/screenshot'
10:48:34.226 [AsyncHttpClient-1-8] DEBUG org.asynchttpclient.netty.handler.HttpHandler - 

Request DefaultFullHttpRequest(decodeResult: success, version: HTTP/1.1, content: EmptyByteBufBE)
GET /session/52da67b5e6833d85e130652ec4676557/screenshot HTTP/1.1
User-Agent: selenium/4.8.1 (java windows)
Cache-Control: no-cache
Content-Type: application/json; charset=utf-8
host: localhost:6007
accept: */*

Response DefaultHttpResponse(decodeResult: success, version: HTTP/1.1)
HTTP/1.1 200 OK
Content-Length: 33736
Content-Type: application/json; charset=utf-8
cache-control: no-cache

10:48:34.227 [AsyncHttpClient-1-8] DEBUG org.asynchttpclient.netty.channel.ChannelManager - Adding key: http://localhost:6007 for channel [id: 0xa01596ea, L:/127.0.0.1:58377 - R:localhost/127.0.0.1:6007]
10:48:34.230 [main] DEBUG net.serenitybdd.core.photography.Darkroom - Send negative for processing for target\site\serenity\f6849a5226ae263b751ebe3a0c24c82929f0a23f53e7cf770cdd0c20d972ea84.png
10:48:34.230 [Darkroom Processing Line] DEBUG net.serenitybdd.core.photography.DarkroomProcessingLine - Processing screenshot image in /var/screenshots/screenshot-380852783619143084
10:48:34.230 [Darkroom Processing Line] DEBUG net.serenitybdd.core.photography.DarkroomProcessingLine - Saving screenshot to target\site\serenity\f6849a5226ae263b751ebe3a0c24c82929f0a23f53e7cf770cdd0c20d972ea84.png
10:48:34.232 [Forwarding getPageSource on session 52da67b5e6833d85e130652ec4676557 to remote] DEBUG org.asynchttpclient.netty.request.NettyRequestSender - Using pooled Channel '[id: 0xa01596ea, L:/127.0.0.1:58377 - R:localhost/127.0.0.1:6007]' for 'POST' to 'http://localhost:6007/session/52da67b5e6833d85e130652ec4676557/execute/sync'
10:48:34.232 [Forwarding getPageSource on session 52da67b5e6833d85e130652ec4676557 to remote] DEBUG org.asynchttpclient.netty.request.NettyRequestSender - Using open Channel [id: 0xa01596ea, L:/127.0.0.1:58377 - R:localhost/127.0.0.1:6007] for POST '/session/52da67b5e6833d85e130652ec4676557/execute/sync'
10:48:34.238 [AsyncHttpClient-1-8] DEBUG org.asynchttpclient.netty.handler.HttpHandler - 

Request DefaultHttpRequest(decodeResult: success, version: HTTP/1.1)
POST /session/52da67b5e6833d85e130652ec4676557/execute/sync HTTP/1.1
User-Agent: selenium/4.8.1 (java windows)
Content-Length: 176
Content-Type: application/json; charset=utf-8
host: localhost:6007
accept: */*

Response DefaultHttpResponse(decodeResult: success, version: HTTP/1.1)
HTTP/1.1 200 OK
Content-Length: 21742
Content-Type: application/json; charset=utf-8
cache-control: no-cache

10:48:34.239 [AsyncHttpClient-1-8] DEBUG org.asynchttpclient.netty.channel.ChannelManager - Adding key: http://localhost:6007 for channel [id: 0xa01596ea, L:/127.0.0.1:58377 - R:localhost/127.0.0.1:6007]
10:48:34.241 [Forwarding getCurrentUrl on session 52da67b5e6833d85e130652ec4676557 to remote] DEBUG org.asynchttpclient.netty.request.NettyRequestSender - Using pooled Channel '[id: 0xa01596ea, L:/127.0.0.1:58377 - R:localhost/127.0.0.1:6007]' for 'GET' to 'http://localhost:6007/session/52da67b5e6833d85e130652ec4676557/url'
10:48:34.241 [Forwarding getCurrentUrl on session 52da67b5e6833d85e130652ec4676557 to remote] DEBUG org.asynchttpclient.netty.request.NettyRequestSender - Using open Channel [id: 0xa01596ea, L:/127.0.0.1:58377 - R:localhost/127.0.0.1:6007] for GET '/session/52da67b5e6833d85e130652ec4676557/url'
10:48:34.245 [AsyncHttpClient-1-8] DEBUG org.asynchttpclient.netty.handler.HttpHandler - 

Request DefaultFullHttpRequest(decodeResult: success, version: HTTP/1.1, content: EmptyByteBufBE)
GET /session/52da67b5e6833d85e130652ec4676557/url HTTP/1.1
User-Agent: selenium/4.8.1 (java windows)
Cache-Control: no-cache
Content-Type: application/json; charset=utf-8
host: localhost:6007
accept: */*

Response DefaultHttpResponse(decodeResult: success, version: HTTP/1.1)
HTTP/1.1 200 OK
Content-Length: 51
Content-Type: application/json; charset=utf-8
cache-control: no-cache

10:48:34.245 [AsyncHttpClient-1-8] DEBUG org.asynchttpclient.netty.channel.ChannelManager - Adding key: http://localhost:6007 for channel [id: 0xa01596ea, L:/127.0.0.1:58377 - R:localhost/127.0.0.1:6007]
10:48:34.248 [main] DEBUG net.thucydides.core.steps.StepInterceptor - STARTING STEP: IntegrationSteps.userLogins - inputEmail
10:48:34.251 [Forwarding findElement on session 52da67b5e6833d85e130652ec4676557 to remote] DEBUG org.asynchttpclient.netty.request.NettyRequestSender - Using pooled Channel '[id: 0xa01596ea, L:/127.0.0.1:58377 - R:localhost/127.0.0.1:6007]' for 'POST' to 'http://localhost:6007/session/52da67b5e6833d85e130652ec4676557/element'
10:48:34.251 [Forwarding findElement on session 52da67b5e6833d85e130652ec4676557 to remote] DEBUG org.asynchttpclient.netty.request.NettyRequestSender - Using open Channel [id: 0xa01596ea, L:/127.0.0.1:58377 - R:localhost/127.0.0.1:6007] for POST '/session/52da67b5e6833d85e130652ec4676557/element'
10:48:34.263 [AsyncHttpClient-1-8] DEBUG org.asynchttpclient.netty.handler.HttpHandler - 

Request DefaultHttpRequest(decodeResult: success, version: HTTP/1.1)
POST /session/52da67b5e6833d85e130652ec4676557/element HTTP/1.1
User-Agent: selenium/4.8.1 (java windows)
Content-Length: 55
Content-Type: application/json; charset=utf-8
host: localhost:6007
accept: */*

Response DefaultHttpResponse(decodeResult: success, version: HTTP/1.1)
HTTP/1.1 200 OK
Content-Length: 88
Content-Type: application/json; charset=utf-8
cache-control: no-cache

10:48:34.264 [AsyncHttpClient-1-8] DEBUG org.asynchttpclient.netty.channel.ChannelManager - Adding key: http://localhost:6007 for channel [id: 0xa01596ea, L:/127.0.0.1:58377 - R:localhost/127.0.0.1:6007]
10:48:34.264 [Forwarding clearElement on session 52da67b5e6833d85e130652ec4676557 to remote] DEBUG org.asynchttpclient.netty.request.NettyRequestSender - Using pooled Channel '[id: 0xa01596ea, L:/127.0.0.1:58377 - R:localhost/127.0.0.1:6007]' for 'POST' to 'http://localhost:6007/session/52da67b5e6833d85e130652ec4676557/element/2dd02622-e98e-4c4d-a1d9-bf168afc801d/clear'
10:48:34.264 [Forwarding clearElement on session 52da67b5e6833d85e130652ec4676557 to remote] DEBUG org.asynchttpclient.netty.request.NettyRequestSender - Using open Channel [id: 0xa01596ea, L:/127.0.0.1:58377 - R:localhost/127.0.0.1:6007] for POST '/session/52da67b5e6833d85e130652ec4676557/element/2dd02622-e98e-4c4d-a1d9-bf168afc801d/clear'
10:48:34.299 [AsyncHttpClient-1-8] DEBUG org.asynchttpclient.netty.handler.HttpHandler - 

Request DefaultHttpRequest(decodeResult: success, version: HTTP/1.1)
POST /session/52da67b5e6833d85e130652ec4676557/element/2dd02622-e98e-4c4d-a1d9-bf168afc801d/clear HTTP/1.1
User-Agent: selenium/4.8.1 (java windows)
Content-Length: 50
Content-Type: application/json; charset=utf-8
host: localhost:6007
accept: */*

Response DefaultHttpResponse(decodeResult: success, version: HTTP/1.1)
HTTP/1.1 200 OK
Content-Length: 14
Content-Type: application/json; charset=utf-8
cache-control: no-cache

10:48:34.299 [AsyncHttpClient-1-8] DEBUG org.asynchttpclient.netty.channel.ChannelManager - Adding key: http://localhost:6007 for channel [id: 0xa01596ea, L:/127.0.0.1:58377 - R:localhost/127.0.0.1:6007]
10:48:34.301 [Forwarding sendKeysToElement on session 52da67b5e6833d85e130652ec4676557 to remote] DEBUG org.asynchttpclient.netty.request.NettyRequestSender - Using pooled Channel '[id: 0xa01596ea, L:/127.0.0.1:58377 - R:localhost/127.0.0.1:6007]' for 'POST' to 'http://localhost:6007/session/52da67b5e6833d85e130652ec4676557/element/2dd02622-e98e-4c4d-a1d9-bf168afc801d/value'
10:48:34.301 [Forwarding sendKeysToElement on session 52da67b5e6833d85e130652ec4676557 to remote] DEBUG org.asynchttpclient.netty.request.NettyRequestSender - Using open Channel [id: 0xa01596ea, L:/127.0.0.1:58377 - R:localhost/127.0.0.1:6007] for POST '/session/52da67b5e6833d85e130652ec4676557/element/2dd02622-e98e-4c4d-a1d9-bf168afc801d/value'
10:48:34.404 [AsyncHttpClient-1-8] DEBUG org.asynchttpclient.netty.handler.HttpHandler - 

Request DefaultHttpRequest(decodeResult: success, version: HTTP/1.1)
POST /session/52da67b5e6833d85e130652ec4676557/element/2dd02622-e98e-4c4d-a1d9-bf168afc801d/value HTTP/1.1
User-Agent: selenium/4.8.1 (java windows)
Content-Length: 201
Content-Type: application/json; charset=utf-8
host: localhost:6007
accept: */*

Response DefaultHttpResponse(decodeResult: success, version: HTTP/1.1)
HTTP/1.1 200 OK
Content-Length: 14
Content-Type: application/json; charset=utf-8
cache-control: no-cache

10:48:34.404 [AsyncHttpClient-1-8] DEBUG org.asynchttpclient.netty.channel.ChannelManager - Adding key: http://localhost:6007 for channel [id: 0xa01596ea, L:/127.0.0.1:58377 - R:localhost/127.0.0.1:6007]
10:48:34.413 [Forwarding getAlertText on session 52da67b5e6833d85e130652ec4676557 to remote] DEBUG org.asynchttpclient.netty.request.NettyRequestSender - Using pooled Channel '[id: 0xa01596ea, L:/127.0.0.1:58377 - R:localhost/127.0.0.1:6007]' for 'GET' to 'http://localhost:6007/session/52da67b5e6833d85e130652ec4676557/alert/text'
10:48:34.413 [Forwarding getAlertText on session 52da67b5e6833d85e130652ec4676557 to remote] DEBUG org.asynchttpclient.netty.request.NettyRequestSender - Using open Channel [id: 0xa01596ea, L:/127.0.0.1:58377 - R:localhost/127.0.0.1:6007] for GET '/session/52da67b5e6833d85e130652ec4676557/alert/text'
10:48:34.415 [AsyncHttpClient-1-8] DEBUG org.asynchttpclient.netty.handler.HttpHandler - 

Request DefaultFullHttpRequest(decodeResult: success, version: HTTP/1.1, content: EmptyByteBufBE)
GET /session/52da67b5e6833d85e130652ec4676557/alert/text HTTP/1.1
User-Agent: selenium/4.8.1 (java windows)
Cache-Control: no-cache
Content-Type: application/json; charset=utf-8
host: localhost:6007
accept: */*

Response DefaultHttpResponse(decodeResult: success, version: HTTP/1.1)
HTTP/1.1 404 Not Found
Content-Length: 848
Content-Type: application/json; charset=utf-8
cache-control: no-cache

10:48:34.416 [AsyncHttpClient-1-8] DEBUG org.asynchttpclient.netty.channel.ChannelManager - Adding key: http://localhost:6007 for channel [id: 0xa01596ea, L:/127.0.0.1:58377 - R:localhost/127.0.0.1:6007]
10:48:34.417 [Forwarding getCurrentUrl on session 52da67b5e6833d85e130652ec4676557 to remote] DEBUG org.asynchttpclient.netty.request.NettyRequestSender - Using pooled Channel '[id: 0xa01596ea, L:/127.0.0.1:58377 - R:localhost/127.0.0.1:6007]' for 'GET' to 'http://localhost:6007/session/52da67b5e6833d85e130652ec4676557/url'
10:48:34.417 [Forwarding getCurrentUrl on session 52da67b5e6833d85e130652ec4676557 to remote] DEBUG org.asynchttpclient.netty.request.NettyRequestSender - Using open Channel [id: 0xa01596ea, L:/127.0.0.1:58377 - R:localhost/127.0.0.1:6007] for GET '/session/52da67b5e6833d85e130652ec4676557/url'
10:48:34.421 [AsyncHttpClient-1-8] DEBUG org.asynchttpclient.netty.handler.HttpHandler - 

Request DefaultFullHttpRequest(decodeResult: success, version: HTTP/1.1, content: EmptyByteBufBE)
GET /session/52da67b5e6833d85e130652ec4676557/url HTTP/1.1
User-Agent: selenium/4.8.1 (java windows)
Cache-Control: no-cache
Content-Type: application/json; charset=utf-8
host: localhost:6007
accept: */*

Response DefaultHttpResponse(decodeResult: success, version: HTTP/1.1)
HTTP/1.1 200 OK
Content-Length: 51
Content-Type: application/json; charset=utf-8
cache-control: no-cache

10:48:34.421 [AsyncHttpClient-1-8] DEBUG org.asynchttpclient.netty.channel.ChannelManager - Adding key: http://localhost:6007 for channel [id: 0xa01596ea, L:/127.0.0.1:58377 - R:localhost/127.0.0.1:6007]
10:48:34.422 [Forwarding screenshot on session 52da67b5e6833d85e130652ec4676557 to remote] DEBUG org.asynchttpclient.netty.request.NettyRequestSender - Using pooled Channel '[id: 0xa01596ea, L:/127.0.0.1:58377 - R:localhost/127.0.0.1:6007]' for 'GET' to 'http://localhost:6007/session/52da67b5e6833d85e130652ec4676557/screenshot'
10:48:34.422 [Forwarding screenshot on session 52da67b5e6833d85e130652ec4676557 to remote] DEBUG org.asynchttpclient.netty.request.NettyRequestSender - Using open Channel [id: 0xa01596ea, L:/127.0.0.1:58377 - R:localhost/127.0.0.1:6007] for GET '/session/52da67b5e6833d85e130652ec4676557/screenshot'
10:48:34.551 [AsyncHttpClient-1-8] DEBUG org.asynchttpclient.netty.handler.HttpHandler - 

Request DefaultFullHttpRequest(decodeResult: success, version: HTTP/1.1, content: EmptyByteBufBE)
GET /session/52da67b5e6833d85e130652ec4676557/screenshot HTTP/1.1
User-Agent: selenium/4.8.1 (java windows)
Cache-Control: no-cache
Content-Type: application/json; charset=utf-8
host: localhost:6007
accept: */*

Response DefaultHttpResponse(decodeResult: success, version: HTTP/1.1)
HTTP/1.1 200 OK
Content-Length: 28636
Content-Type: application/json; charset=utf-8
cache-control: no-cache

10:48:34.552 [AsyncHttpClient-1-8] DEBUG org.asynchttpclient.netty.channel.ChannelManager - Adding key: http://localhost:6007 for channel [id: 0xa01596ea, L:/127.0.0.1:58377 - R:localhost/127.0.0.1:6007]
10:48:34.553 [main] DEBUG net.serenitybdd.core.photography.Darkroom - Send negative for processing for target\site\serenity\c0d131fab41e175d818b6f753c80948df9ce3bb8850d277dc7b620a351ae3f6d.png
10:48:34.553 [main] DEBUG net.thucydides.core.steps.StepInterceptor - STEP DONE: inputEmail
10:48:34.553 [Darkroom Processing Line] DEBUG net.serenitybdd.core.photography.DarkroomProcessingLine - Processing screenshot image in /var/screenshots/screenshot-8189137747861363081
10:48:34.554 [Darkroom Processing Line] DEBUG net.serenitybdd.core.photography.DarkroomProcessingLine - Saving screenshot to target\site\serenity\c0d131fab41e175d818b6f753c80948df9ce3bb8850d277dc7b620a351ae3f6d.png
10:48:34.560 [Forwarding getPageSource on session 52da67b5e6833d85e130652ec4676557 to remote] DEBUG org.asynchttpclient.netty.request.NettyRequestSender - Using pooled Channel '[id: 0xa01596ea, L:/127.0.0.1:58377 - R:localhost/127.0.0.1:6007]' for 'POST' to 'http://localhost:6007/session/52da67b5e6833d85e130652ec4676557/execute/sync'
10:48:34.563 [Forwarding getPageSource on session 52da67b5e6833d85e130652ec4676557 to remote] DEBUG org.asynchttpclient.netty.request.NettyRequestSender - Using open Channel [id: 0xa01596ea, L:/127.0.0.1:58377 - R:localhost/127.0.0.1:6007] for POST '/session/52da67b5e6833d85e130652ec4676557/execute/sync'
10:48:34.569 [AsyncHttpClient-1-8] DEBUG org.asynchttpclient.netty.handler.HttpHandler - 

Request DefaultHttpRequest(decodeResult: success, version: HTTP/1.1)
POST /session/52da67b5e6833d85e130652ec4676557/execute/sync HTTP/1.1
User-Agent: selenium/4.8.1 (java windows)
Content-Length: 176
Content-Type: application/json; charset=utf-8
host: localhost:6007
accept: */*

Response DefaultHttpResponse(decodeResult: success, version: HTTP/1.1)
HTTP/1.1 200 OK
Content-Length: 21863
Content-Type: application/json; charset=utf-8
cache-control: no-cache

10:48:34.570 [AsyncHttpClient-1-8] DEBUG org.asynchttpclient.netty.channel.ChannelManager - Adding key: http://localhost:6007 for channel [id: 0xa01596ea, L:/127.0.0.1:58377 - R:localhost/127.0.0.1:6007]
10:48:34.572 [Forwarding getCurrentUrl on session 52da67b5e6833d85e130652ec4676557 to remote] DEBUG org.asynchttpclient.netty.request.NettyRequestSender - Using pooled Channel '[id: 0xa01596ea, L:/127.0.0.1:58377 - R:localhost/127.0.0.1:6007]' for 'GET' to 'http://localhost:6007/session/52da67b5e6833d85e130652ec4676557/url'
10:48:34.572 [Forwarding getCurrentUrl on session 52da67b5e6833d85e130652ec4676557 to remote] DEBUG org.asynchttpclient.netty.request.NettyRequestSender - Using open Channel [id: 0xa01596ea, L:/127.0.0.1:58377 - R:localhost/127.0.0.1:6007] for GET '/session/52da67b5e6833d85e130652ec4676557/url'
10:48:34.575 [AsyncHttpClient-1-8] DEBUG org.asynchttpclient.netty.handler.HttpHandler - 

Request DefaultFullHttpRequest(decodeResult: success, version: HTTP/1.1, content: EmptyByteBufBE)
GET /session/52da67b5e6833d85e130652ec4676557/url HTTP/1.1
User-Agent: selenium/4.8.1 (java windows)
Cache-Control: no-cache
Content-Type: application/json; charset=utf-8
host: localhost:6007
accept: */*

Response DefaultHttpResponse(decodeResult: success, version: HTTP/1.1)
HTTP/1.1 200 OK
Content-Length: 51
Content-Type: application/json; charset=utf-8
cache-control: no-cache

10:48:34.575 [AsyncHttpClient-1-8] DEBUG org.asynchttpclient.netty.channel.ChannelManager - Adding key: http://localhost:6007 for channel [id: 0xa01596ea, L:/127.0.0.1:58377 - R:localhost/127.0.0.1:6007]
10:48:34.578 [main] DEBUG net.thucydides.core.steps.StepInterceptor - STARTING STEP: IntegrationSteps.userLogins - inputPassword
10:48:34.583 [Forwarding findElement on session 52da67b5e6833d85e130652ec4676557 to remote] DEBUG org.asynchttpclient.netty.request.NettyRequestSender - Using pooled Channel '[id: 0xa01596ea, L:/127.0.0.1:58377 - R:localhost/127.0.0.1:6007]' for 'POST' to 'http://localhost:6007/session/52da67b5e6833d85e130652ec4676557/element'
10:48:34.583 [Forwarding findElement on session 52da67b5e6833d85e130652ec4676557 to remote] DEBUG org.asynchttpclient.netty.request.NettyRequestSender - Using open Channel [id: 0xa01596ea, L:/127.0.0.1:58377 - R:localhost/127.0.0.1:6007] for POST '/session/52da67b5e6833d85e130652ec4676557/element'
10:48:34.595 [AsyncHttpClient-1-8] DEBUG org.asynchttpclient.netty.handler.HttpHandler - 

Request DefaultHttpRequest(decodeResult: success, version: HTTP/1.1)
POST /session/52da67b5e6833d85e130652ec4676557/element HTTP/1.1
User-Agent: selenium/4.8.1 (java windows)
Content-Length: 55
Content-Type: application/json; charset=utf-8
host: localhost:6007
accept: */*

Response DefaultHttpResponse(decodeResult: success, version: HTTP/1.1)
HTTP/1.1 200 OK
Content-Length: 88
Content-Type: application/json; charset=utf-8
cache-control: no-cache

10:48:34.595 [AsyncHttpClient-1-8] DEBUG org.asynchttpclient.netty.channel.ChannelManager - Adding key: http://localhost:6007 for channel [id: 0xa01596ea, L:/127.0.0.1:58377 - R:localhost/127.0.0.1:6007]
10:48:34.597 [Forwarding clearElement on session 52da67b5e6833d85e130652ec4676557 to remote] DEBUG org.asynchttpclient.netty.request.NettyRequestSender - Using pooled Channel '[id: 0xa01596ea, L:/127.0.0.1:58377 - R:localhost/127.0.0.1:6007]' for 'POST' to 'http://localhost:6007/session/52da67b5e6833d85e130652ec4676557/element/ea7f9583-557a-4046-85b4-f4cbeafd1b33/clear'
10:48:34.597 [Forwarding clearElement on session 52da67b5e6833d85e130652ec4676557 to remote] DEBUG org.asynchttpclient.netty.request.NettyRequestSender - Using open Channel [id: 0xa01596ea, L:/127.0.0.1:58377 - R:localhost/127.0.0.1:6007] for POST '/session/52da67b5e6833d85e130652ec4676557/element/ea7f9583-557a-4046-85b4-f4cbeafd1b33/clear'
10:48:34.634 [AsyncHttpClient-1-8] DEBUG org.asynchttpclient.netty.handler.HttpHandler - 

Request DefaultHttpRequest(decodeResult: success, version: HTTP/1.1)
POST /session/52da67b5e6833d85e130652ec4676557/element/ea7f9583-557a-4046-85b4-f4cbeafd1b33/clear HTTP/1.1
User-Agent: selenium/4.8.1 (java windows)
Content-Length: 50
Content-Type: application/json; charset=utf-8
host: localhost:6007
accept: */*

Response DefaultHttpResponse(decodeResult: success, version: HTTP/1.1)
HTTP/1.1 200 OK
Content-Length: 14
Content-Type: application/json; charset=utf-8
cache-control: no-cache

10:48:34.634 [AsyncHttpClient-1-8] DEBUG org.asynchttpclient.netty.channel.ChannelManager - Adding key: http://localhost:6007 for channel [id: 0xa01596ea, L:/127.0.0.1:58377 - R:localhost/127.0.0.1:6007]
10:48:34.636 [Forwarding sendKeysToElement on session 52da67b5e6833d85e130652ec4676557 to remote] DEBUG org.asynchttpclient.netty.request.NettyRequestSender - Using pooled Channel '[id: 0xa01596ea, L:/127.0.0.1:58377 - R:localhost/127.0.0.1:6007]' for 'POST' to 'http://localhost:6007/session/52da67b5e6833d85e130652ec4676557/element/ea7f9583-557a-4046-85b4-f4cbeafd1b33/value'
10:48:34.636 [Forwarding sendKeysToElement on session 52da67b5e6833d85e130652ec4676557 to remote] DEBUG org.asynchttpclient.netty.request.NettyRequestSender - Using open Channel [id: 0xa01596ea, L:/127.0.0.1:58377 - R:localhost/127.0.0.1:6007] for POST '/session/52da67b5e6833d85e130652ec4676557/element/ea7f9583-557a-4046-85b4-f4cbeafd1b33/value'
10:48:34.715 [AsyncHttpClient-1-8] DEBUG org.asynchttpclient.netty.handler.HttpHandler - 

Request DefaultHttpRequest(decodeResult: success, version: HTTP/1.1)
POST /session/52da67b5e6833d85e130652ec4676557/element/ea7f9583-557a-4046-85b4-f4cbeafd1b33/value HTTP/1.1
User-Agent: selenium/4.8.1 (java windows)
Content-Length: 141
Content-Type: application/json; charset=utf-8
host: localhost:6007
accept: */*

Response DefaultHttpResponse(decodeResult: success, version: HTTP/1.1)
HTTP/1.1 200 OK
Content-Length: 14
Content-Type: application/json; charset=utf-8
cache-control: no-cache

10:48:34.715 [AsyncHttpClient-1-8] DEBUG org.asynchttpclient.netty.channel.ChannelManager - Adding key: http://localhost:6007 for channel [id: 0xa01596ea, L:/127.0.0.1:58377 - R:localhost/127.0.0.1:6007]
10:48:34.722 [Forwarding getAlertText on session 52da67b5e6833d85e130652ec4676557 to remote] DEBUG org.asynchttpclient.netty.request.NettyRequestSender - Using pooled Channel '[id: 0xa01596ea, L:/127.0.0.1:58377 - R:localhost/127.0.0.1:6007]' for 'GET' to 'http://localhost:6007/session/52da67b5e6833d85e130652ec4676557/alert/text'
10:48:34.722 [Forwarding getAlertText on session 52da67b5e6833d85e130652ec4676557 to remote] DEBUG org.asynchttpclient.netty.request.NettyRequestSender - Using open Channel [id: 0xa01596ea, L:/127.0.0.1:58377 - R:localhost/127.0.0.1:6007] for GET '/session/52da67b5e6833d85e130652ec4676557/alert/text'
10:48:34.724 [AsyncHttpClient-1-8] DEBUG org.asynchttpclient.netty.handler.HttpHandler - 

Request DefaultFullHttpRequest(decodeResult: success, version: HTTP/1.1, content: EmptyByteBufBE)
GET /session/52da67b5e6833d85e130652ec4676557/alert/text HTTP/1.1
User-Agent: selenium/4.8.1 (java windows)
Cache-Control: no-cache
Content-Type: application/json; charset=utf-8
host: localhost:6007
accept: */*

Response DefaultHttpResponse(decodeResult: success, version: HTTP/1.1)
HTTP/1.1 404 Not Found
Content-Length: 848
Content-Type: application/json; charset=utf-8
cache-control: no-cache

10:48:34.724 [AsyncHttpClient-1-8] DEBUG org.asynchttpclient.netty.channel.ChannelManager - Adding key: http://localhost:6007 for channel [id: 0xa01596ea, L:/127.0.0.1:58377 - R:localhost/127.0.0.1:6007]
10:48:34.725 [Forwarding getCurrentUrl on session 52da67b5e6833d85e130652ec4676557 to remote] DEBUG org.asynchttpclient.netty.request.NettyRequestSender - Using pooled Channel '[id: 0xa01596ea, L:/127.0.0.1:58377 - R:localhost/127.0.0.1:6007]' for 'GET' to 'http://localhost:6007/session/52da67b5e6833d85e130652ec4676557/url'
10:48:34.725 [Forwarding getCurrentUrl on session 52da67b5e6833d85e130652ec4676557 to remote] DEBUG org.asynchttpclient.netty.request.NettyRequestSender - Using open Channel [id: 0xa01596ea, L:/127.0.0.1:58377 - R:localhost/127.0.0.1:6007] for GET '/session/52da67b5e6833d85e130652ec4676557/url'
10:48:34.735 [AsyncHttpClient-1-8] DEBUG org.asynchttpclient.netty.handler.HttpHandler - 

Request DefaultFullHttpRequest(decodeResult: success, version: HTTP/1.1, content: EmptyByteBufBE)
GET /session/52da67b5e6833d85e130652ec4676557/url HTTP/1.1
User-Agent: selenium/4.8.1 (java windows)
Cache-Control: no-cache
Content-Type: application/json; charset=utf-8
host: localhost:6007
accept: */*

Response DefaultHttpResponse(decodeResult: success, version: HTTP/1.1)
HTTP/1.1 200 OK
Content-Length: 51
Content-Type: application/json; charset=utf-8
cache-control: no-cache

10:48:34.736 [AsyncHttpClient-1-8] DEBUG org.asynchttpclient.netty.channel.ChannelManager - Adding key: http://localhost:6007 for channel [id: 0xa01596ea, L:/127.0.0.1:58377 - R:localhost/127.0.0.1:6007]
10:48:34.737 [Forwarding screenshot on session 52da67b5e6833d85e130652ec4676557 to remote] DEBUG org.asynchttpclient.netty.request.NettyRequestSender - Using pooled Channel '[id: 0xa01596ea, L:/127.0.0.1:58377 - R:localhost/127.0.0.1:6007]' for 'GET' to 'http://localhost:6007/session/52da67b5e6833d85e130652ec4676557/screenshot'
10:48:34.737 [Forwarding screenshot on session 52da67b5e6833d85e130652ec4676557 to remote] DEBUG org.asynchttpclient.netty.request.NettyRequestSender - Using open Channel [id: 0xa01596ea, L:/127.0.0.1:58377 - R:localhost/127.0.0.1:6007] for GET '/session/52da67b5e6833d85e130652ec4676557/screenshot'
10:48:34.894 [AsyncHttpClient-1-8] DEBUG org.asynchttpclient.netty.handler.HttpHandler - 

Request DefaultFullHttpRequest(decodeResult: success, version: HTTP/1.1, content: EmptyByteBufBE)
GET /session/52da67b5e6833d85e130652ec4676557/screenshot HTTP/1.1
User-Agent: selenium/4.8.1 (java windows)
Cache-Control: no-cache
Content-Type: application/json; charset=utf-8
host: localhost:6007
accept: */*

Response DefaultHttpResponse(decodeResult: success, version: HTTP/1.1)
HTTP/1.1 200 OK
Content-Length: 29256
Content-Type: application/json; charset=utf-8
cache-control: no-cache

10:48:34.895 [AsyncHttpClient-1-8] DEBUG org.asynchttpclient.netty.channel.ChannelManager - Adding key: http://localhost:6007 for channel [id: 0xa01596ea, L:/127.0.0.1:58377 - R:localhost/127.0.0.1:6007]
10:48:34.898 [main] DEBUG net.serenitybdd.core.photography.Darkroom - Send negative for processing for target\site\serenity\529bbafaa59a613614f481c305a6ba559b809abdb8fc8b73edfc2a8b90b00ba0.png
10:48:34.899 [main] DEBUG net.thucydides.core.steps.StepInterceptor - STEP DONE: inputPassword
10:48:34.899 [Darkroom Processing Line] DEBUG net.serenitybdd.core.photography.DarkroomProcessingLine - Processing screenshot image in /var/screenshots/screenshot-15143605384045646661
10:48:34.899 [Darkroom Processing Line] DEBUG net.serenitybdd.core.photography.DarkroomProcessingLine - Saving screenshot to target\site\serenity\529bbafaa59a613614f481c305a6ba559b809abdb8fc8b73edfc2a8b90b00ba0.png
10:48:34.908 [Forwarding getPageSource on session 52da67b5e6833d85e130652ec4676557 to remote] DEBUG org.asynchttpclient.netty.request.NettyRequestSender - Using pooled Channel '[id: 0xa01596ea, L:/127.0.0.1:58377 - R:localhost/127.0.0.1:6007]' for 'POST' to 'http://localhost:6007/session/52da67b5e6833d85e130652ec4676557/execute/sync'
10:48:34.909 [Forwarding getPageSource on session 52da67b5e6833d85e130652ec4676557 to remote] DEBUG org.asynchttpclient.netty.request.NettyRequestSender - Using open Channel [id: 0xa01596ea, L:/127.0.0.1:58377 - R:localhost/127.0.0.1:6007] for POST '/session/52da67b5e6833d85e130652ec4676557/execute/sync'
10:48:34.916 [AsyncHttpClient-1-8] DEBUG org.asynchttpclient.netty.handler.HttpHandler - 

Request DefaultHttpRequest(decodeResult: success, version: HTTP/1.1)
POST /session/52da67b5e6833d85e130652ec4676557/execute/sync HTTP/1.1
User-Agent: selenium/4.8.1 (java windows)
Content-Length: 176
Content-Type: application/json; charset=utf-8
host: localhost:6007
accept: */*

Response DefaultHttpResponse(decodeResult: success, version: HTTP/1.1)
HTTP/1.1 200 OK
Content-Length: 21922
Content-Type: application/json; charset=utf-8
cache-control: no-cache

10:48:34.916 [AsyncHttpClient-1-8] DEBUG org.asynchttpclient.netty.channel.ChannelManager - Adding key: http://localhost:6007 for channel [id: 0xa01596ea, L:/127.0.0.1:58377 - R:localhost/127.0.0.1:6007]
10:48:34.919 [Forwarding getCurrentUrl on session 52da67b5e6833d85e130652ec4676557 to remote] DEBUG org.asynchttpclient.netty.request.NettyRequestSender - Using pooled Channel '[id: 0xa01596ea, L:/127.0.0.1:58377 - R:localhost/127.0.0.1:6007]' for 'GET' to 'http://localhost:6007/session/52da67b5e6833d85e130652ec4676557/url'
10:48:34.919 [Forwarding getCurrentUrl on session 52da67b5e6833d85e130652ec4676557 to remote] DEBUG org.asynchttpclient.netty.request.NettyRequestSender - Using open Channel [id: 0xa01596ea, L:/127.0.0.1:58377 - R:localhost/127.0.0.1:6007] for GET '/session/52da67b5e6833d85e130652ec4676557/url'
10:48:34.922 [AsyncHttpClient-1-8] DEBUG org.asynchttpclient.netty.handler.HttpHandler - 

Request DefaultFullHttpRequest(decodeResult: success, version: HTTP/1.1, content: EmptyByteBufBE)
GET /session/52da67b5e6833d85e130652ec4676557/url HTTP/1.1
User-Agent: selenium/4.8.1 (java windows)
Cache-Control: no-cache
Content-Type: application/json; charset=utf-8
host: localhost:6007
accept: */*

Response DefaultHttpResponse(decodeResult: success, version: HTTP/1.1)
HTTP/1.1 200 OK
Content-Length: 51
Content-Type: application/json; charset=utf-8
cache-control: no-cache

10:48:34.922 [AsyncHttpClient-1-8] DEBUG org.asynchttpclient.netty.channel.ChannelManager - Adding key: http://localhost:6007 for channel [id: 0xa01596ea, L:/127.0.0.1:58377 - R:localhost/127.0.0.1:6007]
10:48:34.925 [main] DEBUG net.thucydides.core.steps.StepInterceptor - STARTING STEP: IntegrationSteps.userLogins - ClickLoginButton
10:48:34.926 [Forwarding setTimeout on session 52da67b5e6833d85e130652ec4676557 to remote] DEBUG org.asynchttpclient.netty.request.NettyRequestSender - Using pooled Channel '[id: 0xa01596ea, L:/127.0.0.1:58377 - R:localhost/127.0.0.1:6007]' for 'POST' to 'http://localhost:6007/session/52da67b5e6833d85e130652ec4676557/timeouts'
10:48:34.926 [Forwarding setTimeout on session 52da67b5e6833d85e130652ec4676557 to remote] DEBUG org.asynchttpclient.netty.request.NettyRequestSender - Using open Channel [id: 0xa01596ea, L:/127.0.0.1:58377 - R:localhost/127.0.0.1:6007] for POST '/session/52da67b5e6833d85e130652ec4676557/timeouts'
10:48:34.927 [AsyncHttpClient-1-8] DEBUG org.asynchttpclient.netty.handler.HttpHandler - 

Request DefaultHttpRequest(decodeResult: success, version: HTTP/1.1)
POST /session/52da67b5e6833d85e130652ec4676557/timeouts HTTP/1.1
User-Agent: selenium/4.8.1 (java windows)
Content-Length: 19
Content-Type: application/json; charset=utf-8
host: localhost:6007
accept: */*

Response DefaultHttpResponse(decodeResult: success, version: HTTP/1.1)
HTTP/1.1 200 OK
Content-Length: 14
Content-Type: application/json; charset=utf-8
cache-control: no-cache

10:48:34.929 [AsyncHttpClient-1-8] DEBUG org.asynchttpclient.netty.channel.ChannelManager - Adding key: http://localhost:6007 for channel [id: 0xa01596ea, L:/127.0.0.1:58377 - R:localhost/127.0.0.1:6007]
10:48:34.933 [Forwarding findElements on session 52da67b5e6833d85e130652ec4676557 to remote] DEBUG org.asynchttpclient.netty.request.NettyRequestSender - Using pooled Channel '[id: 0xa01596ea, L:/127.0.0.1:58377 - R:localhost/127.0.0.1:6007]' for 'POST' to 'http://localhost:6007/session/52da67b5e6833d85e130652ec4676557/elements'
10:48:34.933 [Forwarding findElements on session 52da67b5e6833d85e130652ec4676557 to remote] DEBUG org.asynchttpclient.netty.request.NettyRequestSender - Using open Channel [id: 0xa01596ea, L:/127.0.0.1:58377 - R:localhost/127.0.0.1:6007] for POST '/session/52da67b5e6833d85e130652ec4676557/elements'
10:48:34.944 [AsyncHttpClient-1-1] DEBUG org.asynchttpclient.netty.channel.DefaultChannelPool - Entry count for : http://localhost:58378 : 1
10:48:34.944 [AsyncHttpClient-1-8] DEBUG org.asynchttpclient.netty.handler.HttpHandler - 

Request DefaultHttpRequest(decodeResult: success, version: HTTP/1.1)
POST /session/52da67b5e6833d85e130652ec4676557/elements HTTP/1.1
User-Agent: selenium/4.8.1 (java windows)
Content-Length: 222
Content-Type: application/json; charset=utf-8
host: localhost:6007
accept: */*

Response DefaultHttpResponse(decodeResult: success, version: HTTP/1.1)
HTTP/1.1 200 OK
Content-Length: 90
Content-Type: application/json; charset=utf-8
cache-control: no-cache

10:48:34.944 [AsyncHttpClient-1-8] DEBUG org.asynchttpclient.netty.channel.ChannelManager - Adding key: http://localhost:6007 for channel [id: 0xa01596ea, L:/127.0.0.1:58377 - R:localhost/127.0.0.1:6007]
10:48:34.948 [Forwarding isElementDisplayed on session 52da67b5e6833d85e130652ec4676557 to remote] DEBUG org.asynchttpclient.netty.request.NettyRequestSender - Using pooled Channel '[id: 0xa01596ea, L:/127.0.0.1:58377 - R:localhost/127.0.0.1:6007]' for 'POST' to 'http://localhost:6007/session/52da67b5e6833d85e130652ec4676557/execute/sync'
10:48:34.948 [Forwarding isElementDisplayed on session 52da67b5e6833d85e130652ec4676557 to remote] DEBUG org.asynchttpclient.netty.request.NettyRequestSender - Using open Channel [id: 0xa01596ea, L:/127.0.0.1:58377 - R:localhost/127.0.0.1:6007] for POST '/session/52da67b5e6833d85e130652ec4676557/execute/sync'
10:48:34.957 [AsyncHttpClient-1-8] DEBUG org.asynchttpclient.netty.handler.HttpHandler - 

Request DefaultHttpRequest(decodeResult: success, version: HTTP/1.1)
POST /session/52da67b5e6833d85e130652ec4676557/execute/sync HTTP/1.1
User-Agent: selenium/4.8.1 (java windows)
Content-Length: 48807
Content-Type: application/json; charset=utf-8
host: localhost:6007
accept: */*

Response DefaultHttpResponse(decodeResult: success, version: HTTP/1.1)
HTTP/1.1 200 OK
Content-Length: 14
Content-Type: application/json; charset=utf-8
cache-control: no-cache

10:48:34.958 [AsyncHttpClient-1-8] DEBUG org.asynchttpclient.netty.channel.ChannelManager - Adding key: http://localhost:6007 for channel [id: 0xa01596ea, L:/127.0.0.1:58377 - R:localhost/127.0.0.1:6007]
10:48:34.960 [Forwarding findElements on session 52da67b5e6833d85e130652ec4676557 to remote] DEBUG org.asynchttpclient.netty.request.NettyRequestSender - Using pooled Channel '[id: 0xa01596ea, L:/127.0.0.1:58377 - R:localhost/127.0.0.1:6007]' for 'POST' to 'http://localhost:6007/session/52da67b5e6833d85e130652ec4676557/elements'
10:48:34.960 [Forwarding findElements on session 52da67b5e6833d85e130652ec4676557 to remote] DEBUG org.asynchttpclient.netty.request.NettyRequestSender - Using open Channel [id: 0xa01596ea, L:/127.0.0.1:58377 - R:localhost/127.0.0.1:6007] for POST '/session/52da67b5e6833d85e130652ec4676557/elements'
10:48:34.971 [AsyncHttpClient-1-8] DEBUG org.asynchttpclient.netty.handler.HttpHandler - 

Request DefaultHttpRequest(decodeResult: success, version: HTTP/1.1)
POST /session/52da67b5e6833d85e130652ec4676557/elements HTTP/1.1
User-Agent: selenium/4.8.1 (java windows)
Content-Length: 222
Content-Type: application/json; charset=utf-8
host: localhost:6007
accept: */*

Response DefaultHttpResponse(decodeResult: success, version: HTTP/1.1)
HTTP/1.1 200 OK
Content-Length: 90
Content-Type: application/json; charset=utf-8
cache-control: no-cache

10:48:34.971 [AsyncHttpClient-1-8] DEBUG org.asynchttpclient.netty.channel.ChannelManager - Adding key: http://localhost:6007 for channel [id: 0xa01596ea, L:/127.0.0.1:58377 - R:localhost/127.0.0.1:6007]
10:48:34.973 [Forwarding setTimeout on session 52da67b5e6833d85e130652ec4676557 to remote] DEBUG org.asynchttpclient.netty.request.NettyRequestSender - Using pooled Channel '[id: 0xa01596ea, L:/127.0.0.1:58377 - R:localhost/127.0.0.1:6007]' for 'POST' to 'http://localhost:6007/session/52da67b5e6833d85e130652ec4676557/timeouts'
10:48:34.973 [Forwarding setTimeout on session 52da67b5e6833d85e130652ec4676557 to remote] DEBUG org.asynchttpclient.netty.request.NettyRequestSender - Using open Channel [id: 0xa01596ea, L:/127.0.0.1:58377 - R:localhost/127.0.0.1:6007] for POST '/session/52da67b5e6833d85e130652ec4676557/timeouts'
10:48:34.974 [AsyncHttpClient-1-8] DEBUG org.asynchttpclient.netty.handler.HttpHandler - 

Request DefaultHttpRequest(decodeResult: success, version: HTTP/1.1)
POST /session/52da67b5e6833d85e130652ec4676557/timeouts HTTP/1.1
User-Agent: selenium/4.8.1 (java windows)
Content-Length: 22
Content-Type: application/json; charset=utf-8
host: localhost:6007
accept: */*

Response DefaultHttpResponse(decodeResult: success, version: HTTP/1.1)
HTTP/1.1 200 OK
Content-Length: 14
Content-Type: application/json; charset=utf-8
cache-control: no-cache

10:48:34.974 [AsyncHttpClient-1-8] DEBUG org.asynchttpclient.netty.channel.ChannelManager - Adding key: http://localhost:6007 for channel [id: 0xa01596ea, L:/127.0.0.1:58377 - R:localhost/127.0.0.1:6007]
10:48:34.976 [Forwarding getElementTagName on session 52da67b5e6833d85e130652ec4676557 to remote] DEBUG org.asynchttpclient.netty.request.NettyRequestSender - Using pooled Channel '[id: 0xa01596ea, L:/127.0.0.1:58377 - R:localhost/127.0.0.1:6007]' for 'GET' to 'http://localhost:6007/session/52da67b5e6833d85e130652ec4676557/element/f105efd0-78de-4222-81c7-e13421e5ea2b/name'
10:48:34.976 [Forwarding getElementTagName on session 52da67b5e6833d85e130652ec4676557 to remote] DEBUG org.asynchttpclient.netty.request.NettyRequestSender - Using open Channel [id: 0xa01596ea, L:/127.0.0.1:58377 - R:localhost/127.0.0.1:6007] for GET '/session/52da67b5e6833d85e130652ec4676557/element/f105efd0-78de-4222-81c7-e13421e5ea2b/name'
10:48:34.984 [AsyncHttpClient-1-8] DEBUG org.asynchttpclient.netty.handler.HttpHandler - 

Request DefaultFullHttpRequest(decodeResult: success, version: HTTP/1.1, content: EmptyByteBufBE)
GET /session/52da67b5e6833d85e130652ec4676557/element/f105efd0-78de-4222-81c7-e13421e5ea2b/name HTTP/1.1
User-Agent: selenium/4.8.1 (java windows)
Cache-Control: no-cache
Content-Type: application/json; charset=utf-8
host: localhost:6007
accept: */*

Response DefaultHttpResponse(decodeResult: success, version: HTTP/1.1)
HTTP/1.1 200 OK
Content-Length: 18
Content-Type: application/json; charset=utf-8
cache-control: no-cache

10:48:34.984 [AsyncHttpClient-1-8] DEBUG org.asynchttpclient.netty.channel.ChannelManager - Adding key: http://localhost:6007 for channel [id: 0xa01596ea, L:/127.0.0.1:58377 - R:localhost/127.0.0.1:6007]
10:48:34.985 [Forwarding getElementTagName on session 52da67b5e6833d85e130652ec4676557 to remote] DEBUG org.asynchttpclient.netty.request.NettyRequestSender - Using pooled Channel '[id: 0xa01596ea, L:/127.0.0.1:58377 - R:localhost/127.0.0.1:6007]' for 'GET' to 'http://localhost:6007/session/52da67b5e6833d85e130652ec4676557/element/f105efd0-78de-4222-81c7-e13421e5ea2b/name'
10:48:34.985 [Forwarding getElementTagName on session 52da67b5e6833d85e130652ec4676557 to remote] DEBUG org.asynchttpclient.netty.request.NettyRequestSender - Using open Channel [id: 0xa01596ea, L:/127.0.0.1:58377 - R:localhost/127.0.0.1:6007] for GET '/session/52da67b5e6833d85e130652ec4676557/element/f105efd0-78de-4222-81c7-e13421e5ea2b/name'
10:48:34.989 [AsyncHttpClient-1-8] DEBUG org.asynchttpclient.netty.handler.HttpHandler - 

Request DefaultFullHttpRequest(decodeResult: success, version: HTTP/1.1, content: EmptyByteBufBE)
GET /session/52da67b5e6833d85e130652ec4676557/element/f105efd0-78de-4222-81c7-e13421e5ea2b/name HTTP/1.1
User-Agent: selenium/4.8.1 (java windows)
Cache-Control: no-cache
Content-Type: application/json; charset=utf-8
host: localhost:6007
accept: */*

Response DefaultHttpResponse(decodeResult: success, version: HTTP/1.1)
HTTP/1.1 200 OK
Content-Length: 18
Content-Type: application/json; charset=utf-8
cache-control: no-cache

10:48:34.989 [AsyncHttpClient-1-8] DEBUG org.asynchttpclient.netty.channel.ChannelManager - Adding key: http://localhost:6007 for channel [id: 0xa01596ea, L:/127.0.0.1:58377 - R:localhost/127.0.0.1:6007]
10:48:34.991 [Forwarding isElementEnabled on session 52da67b5e6833d85e130652ec4676557 to remote] DEBUG org.asynchttpclient.netty.request.NettyRequestSender - Using pooled Channel '[id: 0xa01596ea, L:/127.0.0.1:58377 - R:localhost/127.0.0.1:6007]' for 'GET' to 'http://localhost:6007/session/52da67b5e6833d85e130652ec4676557/element/f105efd0-78de-4222-81c7-e13421e5ea2b/enabled'
10:48:34.991 [Forwarding isElementEnabled on session 52da67b5e6833d85e130652ec4676557 to remote] DEBUG org.asynchttpclient.netty.request.NettyRequestSender - Using open Channel [id: 0xa01596ea, L:/127.0.0.1:58377 - R:localhost/127.0.0.1:6007] for GET '/session/52da67b5e6833d85e130652ec4676557/element/f105efd0-78de-4222-81c7-e13421e5ea2b/enabled'
10:48:35.002 [AsyncHttpClient-1-8] DEBUG org.asynchttpclient.netty.handler.HttpHandler - 

Request DefaultFullHttpRequest(decodeResult: success, version: HTTP/1.1, content: EmptyByteBufBE)
GET /session/52da67b5e6833d85e130652ec4676557/element/f105efd0-78de-4222-81c7-e13421e5ea2b/enabled HTTP/1.1
User-Agent: selenium/4.8.1 (java windows)
Cache-Control: no-cache
Content-Type: application/json; charset=utf-8
host: localhost:6007
accept: */*

Response DefaultHttpResponse(decodeResult: success, version: HTTP/1.1)
HTTP/1.1 200 OK
Content-Length: 14
Content-Type: application/json; charset=utf-8
cache-control: no-cache

10:48:35.002 [AsyncHttpClient-1-8] DEBUG org.asynchttpclient.netty.channel.ChannelManager - Adding key: http://localhost:6007 for channel [id: 0xa01596ea, L:/127.0.0.1:58377 - R:localhost/127.0.0.1:6007]
10:48:35.003 [Forwarding isElementEnabled on session 52da67b5e6833d85e130652ec4676557 to remote] DEBUG org.asynchttpclient.netty.request.NettyRequestSender - Using pooled Channel '[id: 0xa01596ea, L:/127.0.0.1:58377 - R:localhost/127.0.0.1:6007]' for 'GET' to 'http://localhost:6007/session/52da67b5e6833d85e130652ec4676557/element/f105efd0-78de-4222-81c7-e13421e5ea2b/enabled'
10:48:35.003 [Forwarding isElementEnabled on session 52da67b5e6833d85e130652ec4676557 to remote] DEBUG org.asynchttpclient.netty.request.NettyRequestSender - Using open Channel [id: 0xa01596ea, L:/127.0.0.1:58377 - R:localhost/127.0.0.1:6007] for GET '/session/52da67b5e6833d85e130652ec4676557/element/f105efd0-78de-4222-81c7-e13421e5ea2b/enabled'
10:48:35.008 [AsyncHttpClient-1-8] DEBUG org.asynchttpclient.netty.handler.HttpHandler - 

Request DefaultFullHttpRequest(decodeResult: success, version: HTTP/1.1, content: EmptyByteBufBE)
GET /session/52da67b5e6833d85e130652ec4676557/element/f105efd0-78de-4222-81c7-e13421e5ea2b/enabled HTTP/1.1
User-Agent: selenium/4.8.1 (java windows)
Cache-Control: no-cache
Content-Type: application/json; charset=utf-8
host: localhost:6007
accept: */*

Response DefaultHttpResponse(decodeResult: success, version: HTTP/1.1)
HTTP/1.1 200 OK
Content-Length: 14
Content-Type: application/json; charset=utf-8
cache-control: no-cache

10:48:35.008 [AsyncHttpClient-1-8] DEBUG org.asynchttpclient.netty.channel.ChannelManager - Adding key: http://localhost:6007 for channel [id: 0xa01596ea, L:/127.0.0.1:58377 - R:localhost/127.0.0.1:6007]
10:48:35.009 [Forwarding clickElement on session 52da67b5e6833d85e130652ec4676557 to remote] DEBUG org.asynchttpclient.netty.request.NettyRequestSender - Using pooled Channel '[id: 0xa01596ea, L:/127.0.0.1:58377 - R:localhost/127.0.0.1:6007]' for 'POST' to 'http://localhost:6007/session/52da67b5e6833d85e130652ec4676557/element/f105efd0-78de-4222-81c7-e13421e5ea2b/click'
10:48:35.009 [Forwarding clickElement on session 52da67b5e6833d85e130652ec4676557 to remote] DEBUG org.asynchttpclient.netty.request.NettyRequestSender - Using open Channel [id: 0xa01596ea, L:/127.0.0.1:58377 - R:localhost/127.0.0.1:6007] for POST '/session/52da67b5e6833d85e130652ec4676557/element/f105efd0-78de-4222-81c7-e13421e5ea2b/click'
10:48:35.056 [AsyncHttpClient-1-8] DEBUG org.asynchttpclient.netty.handler.HttpHandler - 

Request DefaultHttpRequest(decodeResult: success, version: HTTP/1.1)
POST /session/52da67b5e6833d85e130652ec4676557/element/f105efd0-78de-4222-81c7-e13421e5ea2b/click HTTP/1.1
User-Agent: selenium/4.8.1 (java windows)
Content-Length: 50
Content-Type: application/json; charset=utf-8
host: localhost:6007
accept: */*

Response DefaultHttpResponse(decodeResult: success, version: HTTP/1.1)
HTTP/1.1 200 OK
Content-Length: 14
Content-Type: application/json; charset=utf-8
cache-control: no-cache

10:48:35.056 [AsyncHttpClient-1-8] DEBUG org.asynchttpclient.netty.channel.ChannelManager - Adding key: http://localhost:6007 for channel [id: 0xa01596ea, L:/127.0.0.1:58377 - R:localhost/127.0.0.1:6007]
10:48:35.063 [Forwarding getAlertText on session 52da67b5e6833d85e130652ec4676557 to remote] DEBUG org.asynchttpclient.netty.request.NettyRequestSender - Using pooled Channel '[id: 0xa01596ea, L:/127.0.0.1:58377 - R:localhost/127.0.0.1:6007]' for 'GET' to 'http://localhost:6007/session/52da67b5e6833d85e130652ec4676557/alert/text'
10:48:35.063 [Forwarding getAlertText on session 52da67b5e6833d85e130652ec4676557 to remote] DEBUG org.asynchttpclient.netty.request.NettyRequestSender - Using open Channel [id: 0xa01596ea, L:/127.0.0.1:58377 - R:localhost/127.0.0.1:6007] for GET '/session/52da67b5e6833d85e130652ec4676557/alert/text'
10:48:35.064 [AsyncHttpClient-1-8] DEBUG org.asynchttpclient.netty.handler.HttpHandler - 

Request DefaultFullHttpRequest(decodeResult: success, version: HTTP/1.1, content: EmptyByteBufBE)
GET /session/52da67b5e6833d85e130652ec4676557/alert/text HTTP/1.1
User-Agent: selenium/4.8.1 (java windows)
Cache-Control: no-cache
Content-Type: application/json; charset=utf-8
host: localhost:6007
accept: */*

Response DefaultHttpResponse(decodeResult: success, version: HTTP/1.1)
HTTP/1.1 404 Not Found
Content-Length: 848
Content-Type: application/json; charset=utf-8
cache-control: no-cache

10:48:35.065 [AsyncHttpClient-1-8] DEBUG org.asynchttpclient.netty.channel.ChannelManager - Adding key: http://localhost:6007 for channel [id: 0xa01596ea, L:/127.0.0.1:58377 - R:localhost/127.0.0.1:6007]
10:48:35.065 [Forwarding getCurrentUrl on session 52da67b5e6833d85e130652ec4676557 to remote] DEBUG org.asynchttpclient.netty.request.NettyRequestSender - Using pooled Channel '[id: 0xa01596ea, L:/127.0.0.1:58377 - R:localhost/127.0.0.1:6007]' for 'GET' to 'http://localhost:6007/session/52da67b5e6833d85e130652ec4676557/url'
10:48:35.065 [Forwarding getCurrentUrl on session 52da67b5e6833d85e130652ec4676557 to remote] DEBUG org.asynchttpclient.netty.request.NettyRequestSender - Using open Channel [id: 0xa01596ea, L:/127.0.0.1:58377 - R:localhost/127.0.0.1:6007] for GET '/session/52da67b5e6833d85e130652ec4676557/url'
10:48:35.069 [AsyncHttpClient-1-8] DEBUG org.asynchttpclient.netty.handler.HttpHandler - 

Request DefaultFullHttpRequest(decodeResult: success, version: HTTP/1.1, content: EmptyByteBufBE)
GET /session/52da67b5e6833d85e130652ec4676557/url HTTP/1.1
User-Agent: selenium/4.8.1 (java windows)
Cache-Control: no-cache
Content-Type: application/json; charset=utf-8
host: localhost:6007
accept: */*

Response DefaultHttpResponse(decodeResult: success, version: HTTP/1.1)
HTTP/1.1 200 OK
Content-Length: 51
Content-Type: application/json; charset=utf-8
cache-control: no-cache

10:48:35.069 [AsyncHttpClient-1-8] DEBUG org.asynchttpclient.netty.channel.ChannelManager - Adding key: http://localhost:6007 for channel [id: 0xa01596ea, L:/127.0.0.1:58377 - R:localhost/127.0.0.1:6007]
10:48:35.070 [Forwarding screenshot on session 52da67b5e6833d85e130652ec4676557 to remote] DEBUG org.asynchttpclient.netty.request.NettyRequestSender - Using pooled Channel '[id: 0xa01596ea, L:/127.0.0.1:58377 - R:localhost/127.0.0.1:6007]' for 'GET' to 'http://localhost:6007/session/52da67b5e6833d85e130652ec4676557/screenshot'
10:48:35.070 [Forwarding screenshot on session 52da67b5e6833d85e130652ec4676557 to remote] DEBUG org.asynchttpclient.netty.request.NettyRequestSender - Using open Channel [id: 0xa01596ea, L:/127.0.0.1:58377 - R:localhost/127.0.0.1:6007] for GET '/session/52da67b5e6833d85e130652ec4676557/screenshot'
10:48:35.231 [AsyncHttpClient-1-8] DEBUG org.asynchttpclient.netty.handler.HttpHandler - 

Request DefaultFullHttpRequest(decodeResult: success, version: HTTP/1.1, content: EmptyByteBufBE)
GET /session/52da67b5e6833d85e130652ec4676557/screenshot HTTP/1.1
User-Agent: selenium/4.8.1 (java windows)
Cache-Control: no-cache
Content-Type: application/json; charset=utf-8
host: localhost:6007
accept: */*

Response DefaultHttpResponse(decodeResult: success, version: HTTP/1.1)
HTTP/1.1 200 OK
Content-Length: 28988
Content-Type: application/json; charset=utf-8
cache-control: no-cache

10:48:35.232 [AsyncHttpClient-1-8] DEBUG org.asynchttpclient.netty.channel.ChannelManager - Adding key: http://localhost:6007 for channel [id: 0xa01596ea, L:/127.0.0.1:58377 - R:localhost/127.0.0.1:6007]
10:48:35.235 [main] DEBUG net.serenitybdd.core.photography.Darkroom - Send negative for processing for target\site\serenity\4094006fd24d79c17abd8b53a63a68d98628c9f61ea5888c49f67abec9f689e2.png
10:48:35.235 [main] DEBUG net.thucydides.core.steps.StepInterceptor - STEP DONE: ClickLoginButton
  &amp#27;[32mAnd &amp#27;[0m&amp#27;[32mUser success login to web&amp#27;[0m                                                      &amp#27;[90m# starter.stepdefinition.IntegrationSteps.userLogins()&amp#27;[0m
10:48:35.236 [Darkroom Processing Line] DEBUG net.serenitybdd.core.photography.DarkroomProcessingLine - Processing screenshot image in /var/screenshots/screenshot-2453272992686965563
10:48:35.236 [Darkroom Processing Line] DEBUG net.serenitybdd.core.photography.DarkroomProcessingLine - Saving screenshot to target\site\serenity\4094006fd24d79c17abd8b53a63a68d98628c9f61ea5888c49f67abec9f689e2.png
10:48:35.255 [Forwarding getPageSource on session 52da67b5e6833d85e130652ec4676557 to remote] DEBUG org.asynchttpclient.netty.request.NettyRequestSender - Using pooled Channel '[id: 0xa01596ea, L:/127.0.0.1:58377 - R:localhost/127.0.0.1:6007]' for 'POST' to 'http://localhost:6007/session/52da67b5e6833d85e130652ec4676557/execute/sync'
10:48:35.255 [Forwarding getPageSource on session 52da67b5e6833d85e130652ec4676557 to remote] DEBUG org.asynchttpclient.netty.request.NettyRequestSender - Using open Channel [id: 0xa01596ea, L:/127.0.0.1:58377 - R:localhost/127.0.0.1:6007] for POST '/session/52da67b5e6833d85e130652ec4676557/execute/sync'
10:48:35.277 [AsyncHttpClient-1-8] DEBUG org.asynchttpclient.netty.handler.HttpHandler - 

Request DefaultHttpRequest(decodeResult: success, version: HTTP/1.1)
POST /session/52da67b5e6833d85e130652ec4676557/execute/sync HTTP/1.1
User-Agent: selenium/4.8.1 (java windows)
Content-Length: 176
Content-Type: application/json; charset=utf-8
host: localhost:6007
accept: */*

Response DefaultHttpResponse(decodeResult: success, version: HTTP/1.1)
HTTP/1.1 200 OK
Content-Length: 28881
Content-Type: application/json; charset=utf-8
cache-control: no-cache

10:48:35.277 [AsyncHttpClient-1-8] DEBUG org.asynchttpclient.netty.channel.ChannelManager - Adding key: http://localhost:6007 for channel [id: 0xa01596ea, L:/127.0.0.1:58377 - R:localhost/127.0.0.1:6007]
10:48:35.283 [Forwarding getCurrentUrl on session 52da67b5e6833d85e130652ec4676557 to remote] DEBUG org.asynchttpclient.netty.request.NettyRequestSender - Using pooled Channel '[id: 0xa01596ea, L:/127.0.0.1:58377 - R:localhost/127.0.0.1:6007]' for 'GET' to 'http://localhost:6007/session/52da67b5e6833d85e130652ec4676557/url'
10:48:35.283 [Forwarding getCurrentUrl on session 52da67b5e6833d85e130652ec4676557 to remote] DEBUG org.asynchttpclient.netty.request.NettyRequestSender - Using open Channel [id: 0xa01596ea, L:/127.0.0.1:58377 - R:localhost/127.0.0.1:6007] for GET '/session/52da67b5e6833d85e130652ec4676557/url'
10:48:35.287 [AsyncHttpClient-1-8] DEBUG org.asynchttpclient.netty.handler.HttpHandler - 

Request DefaultFullHttpRequest(decodeResult: success, version: HTTP/1.1, content: EmptyByteBufBE)
GET /session/52da67b5e6833d85e130652ec4676557/url HTTP/1.1
User-Agent: selenium/4.8.1 (java windows)
Cache-Control: no-cache
Content-Type: application/json; charset=utf-8
host: localhost:6007
accept: */*

Response DefaultHttpResponse(decodeResult: success, version: HTTP/1.1)
HTTP/1.1 200 OK
Content-Length: 41
Content-Type: application/json; charset=utf-8
cache-control: no-cache

10:48:35.287 [AsyncHttpClient-1-8] DEBUG org.asynchttpclient.netty.channel.ChannelManager - Adding key: http://localhost:6007 for channel [id: 0xa01596ea, L:/127.0.0.1:58377 - R:localhost/127.0.0.1:6007]
10:48:35.304 [Forwarding getAlertText on session 52da67b5e6833d85e130652ec4676557 to remote] DEBUG org.asynchttpclient.netty.request.NettyRequestSender - Using pooled Channel '[id: 0xa01596ea, L:/127.0.0.1:58377 - R:localhost/127.0.0.1:6007]' for 'GET' to 'http://localhost:6007/session/52da67b5e6833d85e130652ec4676557/alert/text'
10:48:35.304 [Forwarding getAlertText on session 52da67b5e6833d85e130652ec4676557 to remote] DEBUG org.asynchttpclient.netty.request.NettyRequestSender - Using open Channel [id: 0xa01596ea, L:/127.0.0.1:58377 - R:localhost/127.0.0.1:6007] for GET '/session/52da67b5e6833d85e130652ec4676557/alert/text'
10:48:35.306 [AsyncHttpClient-1-8] DEBUG org.asynchttpclient.netty.handler.HttpHandler - 

Request DefaultFullHttpRequest(decodeResult: success, version: HTTP/1.1, content: EmptyByteBufBE)
GET /session/52da67b5e6833d85e130652ec4676557/alert/text HTTP/1.1
User-Agent: selenium/4.8.1 (java windows)
Cache-Control: no-cache
Content-Type: application/json; charset=utf-8
host: localhost:6007
accept: */*

Response DefaultHttpResponse(decodeResult: success, version: HTTP/1.1)
HTTP/1.1 404 Not Found
Content-Length: 848
Content-Type: application/json; charset=utf-8
cache-control: no-cache

10:48:35.309 [AsyncHttpClient-1-8] DEBUG org.asynchttpclient.netty.channel.ChannelManager - Adding key: http://localhost:6007 for channel [id: 0xa01596ea, L:/127.0.0.1:58377 - R:localhost/127.0.0.1:6007]
10:48:35.310 [Forwarding getCurrentUrl on session 52da67b5e6833d85e130652ec4676557 to remote] DEBUG org.asynchttpclient.netty.request.NettyRequestSender - Using pooled Channel '[id: 0xa01596ea, L:/127.0.0.1:58377 - R:localhost/127.0.0.1:6007]' for 'GET' to 'http://localhost:6007/session/52da67b5e6833d85e130652ec4676557/url'
10:48:35.310 [Forwarding getCurrentUrl on session 52da67b5e6833d85e130652ec4676557 to remote] DEBUG org.asynchttpclient.netty.request.NettyRequestSender - Using open Channel [id: 0xa01596ea, L:/127.0.0.1:58377 - R:localhost/127.0.0.1:6007] for GET '/session/52da67b5e6833d85e130652ec4676557/url'
10:48:35.314 [AsyncHttpClient-1-8] DEBUG org.asynchttpclient.netty.handler.HttpHandler - 

Request DefaultFullHttpRequest(decodeResult: success, version: HTTP/1.1, content: EmptyByteBufBE)
GET /session/52da67b5e6833d85e130652ec4676557/url HTTP/1.1
User-Agent: selenium/4.8.1 (java windows)
Cache-Control: no-cache
Content-Type: application/json; charset=utf-8
host: localhost:6007
accept: */*

Response DefaultHttpResponse(decodeResult: success, version: HTTP/1.1)
HTTP/1.1 200 OK
Content-Length: 41
Content-Type: application/json; charset=utf-8
cache-control: no-cache

10:48:35.314 [AsyncHttpClient-1-8] DEBUG org.asynchttpclient.netty.channel.ChannelManager - Adding key: http://localhost:6007 for channel [id: 0xa01596ea, L:/127.0.0.1:58377 - R:localhost/127.0.0.1:6007]
10:48:35.315 [Forwarding screenshot on session 52da67b5e6833d85e130652ec4676557 to remote] DEBUG org.asynchttpclient.netty.request.NettyRequestSender - Using pooled Channel '[id: 0xa01596ea, L:/127.0.0.1:58377 - R:localhost/127.0.0.1:6007]' for 'GET' to 'http://localhost:6007/session/52da67b5e6833d85e130652ec4676557/screenshot'
10:48:35.315 [Forwarding screenshot on session 52da67b5e6833d85e130652ec4676557 to remote] DEBUG org.asynchttpclient.netty.request.NettyRequestSender - Using open Channel [id: 0xa01596ea, L:/127.0.0.1:58377 - R:localhost/127.0.0.1:6007] for GET '/session/52da67b5e6833d85e130652ec4676557/screenshot'
10:48:35.572 [AsyncHttpClient-1-8] DEBUG org.asynchttpclient.netty.handler.HttpHandler - 

Request DefaultFullHttpRequest(decodeResult: success, version: HTTP/1.1, content: EmptyByteBufBE)
GET /session/52da67b5e6833d85e130652ec4676557/screenshot HTTP/1.1
User-Agent: selenium/4.8.1 (java windows)
Cache-Control: no-cache
Content-Type: application/json; charset=utf-8
host: localhost:6007
accept: */*

Response DefaultHttpResponse(decodeResult: success, version: HTTP/1.1)
HTTP/1.1 200 OK
Content-Length: 31780
Content-Type: application/json; charset=utf-8
cache-control: no-cache

10:48:35.573 [AsyncHttpClient-1-8] DEBUG org.asynchttpclient.netty.channel.ChannelManager - Adding key: http://localhost:6007 for channel [id: 0xa01596ea, L:/127.0.0.1:58377 - R:localhost/127.0.0.1:6007]
10:48:35.574 [main] DEBUG net.serenitybdd.core.photography.Darkroom - Send negative for processing for target\site\serenity\22eaab0a85d2c2ebb825787567743d7401c658ba126b3bf1e6370d0ee6d7ac4e.png
10:48:35.574 [Darkroom Processing Line] DEBUG net.serenitybdd.core.photography.DarkroomProcessingLine - Processing screenshot image in /var/screenshots/screenshot-12777987687660170803
10:48:35.575 [Darkroom Processing Line] DEBUG net.serenitybdd.core.photography.DarkroomProcessingLine - Saving screenshot to target\site\serenity\22eaab0a85d2c2ebb825787567743d7401c658ba126b3bf1e6370d0ee6d7ac4e.png
10:48:35.575 [Forwarding getPageSource on session 52da67b5e6833d85e130652ec4676557 to remote] DEBUG org.asynchttpclient.netty.request.NettyRequestSender - Using pooled Channel '[id: 0xa01596ea, L:/127.0.0.1:58377 - R:localhost/127.0.0.1:6007]' for 'POST' to 'http://localhost:6007/session/52da67b5e6833d85e130652ec4676557/execute/sync'
10:48:35.575 [Forwarding getPageSource on session 52da67b5e6833d85e130652ec4676557 to remote] DEBUG org.asynchttpclient.netty.request.NettyRequestSender - Using open Channel [id: 0xa01596ea, L:/127.0.0.1:58377 - R:localhost/127.0.0.1:6007] for POST '/session/52da67b5e6833d85e130652ec4676557/execute/sync'
10:48:35.585 [AsyncHttpClient-1-8] DEBUG org.asynchttpclient.netty.handler.HttpHandler - 

Request DefaultHttpRequest(decodeResult: success, version: HTTP/1.1)
POST /session/52da67b5e6833d85e130652ec4676557/execute/sync HTTP/1.1
User-Agent: selenium/4.8.1 (java windows)
Content-Length: 176
Content-Type: application/json; charset=utf-8
host: localhost:6007
accept: */*

Response DefaultHttpResponse(decodeResult: success, version: HTTP/1.1)
HTTP/1.1 200 OK
Content-Length: 28881
Content-Type: application/json; charset=utf-8
cache-control: no-cache

10:48:35.585 [AsyncHttpClient-1-8] DEBUG org.asynchttpclient.netty.channel.ChannelManager - Adding key: http://localhost:6007 for channel [id: 0xa01596ea, L:/127.0.0.1:58377 - R:localhost/127.0.0.1:6007]
10:48:35.588 [Forwarding getCurrentUrl on session 52da67b5e6833d85e130652ec4676557 to remote] DEBUG org.asynchttpclient.netty.request.NettyRequestSender - Using pooled Channel '[id: 0xa01596ea, L:/127.0.0.1:58377 - R:localhost/127.0.0.1:6007]' for 'GET' to 'http://localhost:6007/session/52da67b5e6833d85e130652ec4676557/url'
10:48:35.588 [Forwarding getCurrentUrl on session 52da67b5e6833d85e130652ec4676557 to remote] DEBUG org.asynchttpclient.netty.request.NettyRequestSender - Using open Channel [id: 0xa01596ea, L:/127.0.0.1:58377 - R:localhost/127.0.0.1:6007] for GET '/session/52da67b5e6833d85e130652ec4676557/url'
10:48:35.592 [AsyncHttpClient-1-8] DEBUG org.asynchttpclient.netty.handler.HttpHandler - 

Request DefaultFullHttpRequest(decodeResult: success, version: HTTP/1.1, content: EmptyByteBufBE)
GET /session/52da67b5e6833d85e130652ec4676557/url HTTP/1.1
User-Agent: selenium/4.8.1 (java windows)
Cache-Control: no-cache
Content-Type: application/json; charset=utf-8
host: localhost:6007
accept: */*

Response DefaultHttpResponse(decodeResult: success, version: HTTP/1.1)
HTTP/1.1 200 OK
Content-Length: 41
Content-Type: application/json; charset=utf-8
cache-control: no-cache

10:48:35.592 [AsyncHttpClient-1-8] DEBUG org.asynchttpclient.netty.channel.ChannelManager - Adding key: http://localhost:6007 for channel [id: 0xa01596ea, L:/127.0.0.1:58377 - R:localhost/127.0.0.1:6007]
10:48:35.599 [main] DEBUG net.thucydides.core.steps.StepInterceptor - STARTING STEP: IntegrationSteps.addCart - addProduct
10:48:35.604 [Forwarding findElement on session 52da67b5e6833d85e130652ec4676557 to remote] DEBUG org.asynchttpclient.netty.request.NettyRequestSender - Using pooled Channel '[id: 0xa01596ea, L:/127.0.0.1:58377 - R:localhost/127.0.0.1:6007]' for 'POST' to 'http://localhost:6007/session/52da67b5e6833d85e130652ec4676557/element'
10:48:35.604 [Forwarding findElement on session 52da67b5e6833d85e130652ec4676557 to remote] DEBUG org.asynchttpclient.netty.request.NettyRequestSender - Using open Channel [id: 0xa01596ea, L:/127.0.0.1:58377 - R:localhost/127.0.0.1:6007] for POST '/session/52da67b5e6833d85e130652ec4676557/element'
10:48:36.044 [AsyncHttpClient-1-1] DEBUG org.asynchttpclient.netty.channel.DefaultChannelPool - Entry count for : http://localhost:58378 : 1
10:48:37.144 [AsyncHttpClient-1-1] DEBUG org.asynchttpclient.netty.channel.DefaultChannelPool - Entry count for : http://localhost:58378 : 1
10:48:37.617 [AsyncHttpClient-1-8] DEBUG org.asynchttpclient.netty.handler.HttpHandler - 

Request DefaultHttpRequest(decodeResult: success, version: HTTP/1.1)
POST /session/52da67b5e6833d85e130652ec4676557/element HTTP/1.1
User-Agent: selenium/4.8.1 (java windows)
Content-Length: 184
Content-Type: application/json; charset=utf-8
host: localhost:6007
accept: */*

Response DefaultHttpResponse(decodeResult: success, version: HTTP/1.1)
HTTP/1.1 404 Not Found
Content-Length: 1025
Content-Type: application/json; charset=utf-8
cache-control: no-cache

10:48:37.617 [AsyncHttpClient-1-8] DEBUG org.asynchttpclient.netty.channel.ChannelManager - Adding key: http://localhost:6007 for channel [id: 0xa01596ea, L:/127.0.0.1:58377 - R:localhost/127.0.0.1:6007]
10:48:37.721 [Forwarding findElement on session 52da67b5e6833d85e130652ec4676557 to remote] DEBUG org.asynchttpclient.netty.request.NettyRequestSender - Using pooled Channel '[id: 0xa01596ea, L:/127.0.0.1:58377 - R:localhost/127.0.0.1:6007]' for 'POST' to 'http://localhost:6007/session/52da67b5e6833d85e130652ec4676557/element'
10:48:37.721 [Forwarding findElement on session 52da67b5e6833d85e130652ec4676557 to remote] DEBUG org.asynchttpclient.netty.request.NettyRequestSender - Using open Channel [id: 0xa01596ea, L:/127.0.0.1:58377 - R:localhost/127.0.0.1:6007] for POST '/session/52da67b5e6833d85e130652ec4676557/element'
10:48:38.250 [AsyncHttpClient-1-1] DEBUG org.asynchttpclient.netty.channel.DefaultChannelPool - Entry count for : http://localhost:58378 : 1
10:48:39.344 [AsyncHttpClient-1-1] DEBUG org.asynchttpclient.netty.channel.DefaultChannelPool - Entry count for : http://localhost:58378 : 1
10:48:39.728 [AsyncHttpClient-1-8] DEBUG org.asynchttpclient.netty.handler.HttpHandler - 

Request DefaultHttpRequest(decodeResult: success, version: HTTP/1.1)
POST /session/52da67b5e6833d85e130652ec4676557/element HTTP/1.1
User-Agent: selenium/4.8.1 (java windows)
Content-Length: 184
Content-Type: application/json; charset=utf-8
host: localhost:6007
accept: */*

Response DefaultHttpResponse(decodeResult: success, version: HTTP/1.1)
HTTP/1.1 404 Not Found
Content-Length: 1025
Content-Type: application/json; charset=utf-8
cache-control: no-cache

10:48:39.728 [AsyncHttpClient-1-8] DEBUG org.asynchttpclient.netty.channel.ChannelManager - Adding key: http://localhost:6007 for channel [id: 0xa01596ea, L:/127.0.0.1:58377 - R:localhost/127.0.0.1:6007]
10:48:39.832 [Forwarding findElement on session 52da67b5e6833d85e130652ec4676557 to remote] DEBUG org.asynchttpclient.netty.request.NettyRequestSender - Using pooled Channel '[id: 0xa01596ea, L:/127.0.0.1:58377 - R:localhost/127.0.0.1:6007]' for 'POST' to 'http://localhost:6007/session/52da67b5e6833d85e130652ec4676557/element'
10:48:39.832 [Forwarding findElement on session 52da67b5e6833d85e130652ec4676557 to remote] DEBUG org.asynchttpclient.netty.request.NettyRequestSender - Using open Channel [id: 0xa01596ea, L:/127.0.0.1:58377 - R:localhost/127.0.0.1:6007] for POST '/session/52da67b5e6833d85e130652ec4676557/element'
10:48:40.444 [AsyncHttpClient-1-1] DEBUG org.asynchttpclient.netty.channel.DefaultChannelPool - Entry count for : http://localhost:58378 : 1
10:48:41.553 [AsyncHttpClient-1-1] DEBUG org.asynchttpclient.netty.channel.DefaultChannelPool - Entry count for : http://localhost:58378 : 1
10:48:42.644 [AsyncHttpClient-1-1] DEBUG org.asynchttpclient.netty.channel.DefaultChannelPool - Entry count for : http://localhost:58378 : 1
10:48:43.745 [AsyncHttpClient-1-1] DEBUG org.asynchttpclient.netty.channel.DefaultChannelPool - Entry count for : http://localhost:58378 : 1
10:48:44.846 [AsyncHttpClient-1-1] DEBUG org.asynchttpclient.netty.channel.DefaultChannelPool - Entry count for : http://localhost:58378 : 1
10:48:45.946 [AsyncHttpClient-1-1] DEBUG org.asynchttpclient.netty.channel.DefaultChannelPool - Entry count for : http://localhost:58378 : 1
10:48:47.048 [AsyncHttpClient-1-1] DEBUG org.asynchttpclient.netty.channel.DefaultChannelPool - Entry count for : http://localhost:58378 : 1
10:48:48.164 [AsyncHttpClient-1-1] DEBUG org.asynchttpclient.netty.channel.DefaultChannelPool - Entry count for : http://localhost:58378 : 1
10:48:49.257 [AsyncHttpClient-1-1] DEBUG org.asynchttpclient.netty.channel.DefaultChannelPool - Entry count for : http://localhost:58378 : 1
10:48:50.344 [AsyncHttpClient-1-1] DEBUG org.asynchttpclient.netty.channel.DefaultChannelPool - Entry count for : http://localhost:58378 : 1
10:48:51.445 [AsyncHttpClient-1-1] DEBUG org.asynchttpclient.netty.channel.DefaultChannelPool - Entry count for : http://localhost:58378 : 1
10:48:52.547 [AsyncHttpClient-1-1] DEBUG org.asynchttpclient.netty.channel.DefaultChannelPool - Entry count for : http://localhost:58378 : 1
10:48:53.649 [AsyncHttpClient-1-1] DEBUG org.asynchttpclient.netty.channel.DefaultChannelPool - Entry count for : http://localhost:58378 : 1
10:48:54.744 [AsyncHttpClient-1-1] DEBUG org.asynchttpclient.netty.channel.DefaultChannelPool - Entry count for : http://localhost:58378 : 1
10:48:55.853 [AsyncHttpClient-1-1] DEBUG org.asynchttpclient.netty.channel.DefaultChannelPool - Entry count for : http://localhost:58378 : 1
10:48:56.946 [AsyncHttpClient-1-1] DEBUG org.asynchttpclient.netty.channel.DefaultChannelPool - Entry count for : http://localhost:58378 : 1
10:48:58.045 [AsyncHttpClient-1-1] DEBUG org.asynchttpclient.netty.channel.DefaultChannelPool - Entry count for : http://localhost:58378 : 1
10:48:59.146 [AsyncHttpClient-1-1] DEBUG org.asynchttpclient.netty.channel.DefaultChannelPool - Entry count for : http://localhost:58378 : 1
10:49:00.274 [AsyncHttpClient-1-1] DEBUG org.asynchttpclient.netty.channel.DefaultChannelPool - Entry count for : http://localhost:58378 : 1
10:49:01.354 [AsyncHttpClient-1-1] DEBUG org.asynchttpclient.netty.channel.DefaultChannelPool - Entry count for : http://localhost:58378 : 1
10:49:02.456 [AsyncHttpClient-1-1] DEBUG org.asynchttpclient.netty.channel.DefaultChannelPool - Entry count for : http://localhost:58378 : 1
10:49:03.545 [AsyncHttpClient-1-1] DEBUG org.asynchttpclient.netty.channel.DefaultChannelPool - Entry count for : http://localhost:58378 : 1
10:49:04.646 [AsyncHttpClient-1-1] DEBUG org.asynchttpclient.netty.channel.DefaultChannelPool - Entry count for : http://localhost:58378 : 1
10:49:05.745 [AsyncHttpClient-1-1] DEBUG org.asynchttpclient.netty.channel.DefaultChannelPool - Entry count for : http://localhost:58378 : 1
10:49:06.846 [AsyncHttpClient-1-1] DEBUG org.asynchttpclient.netty.channel.DefaultChannelPool - Entry count for : http://localhost:58378 : 1
10:49:07.946 [AsyncHttpClient-1-1] DEBUG org.asynchttpclient.netty.channel.DefaultChannelPool - Entry count for : http://localhost:58378 : 1
10:49:09.046 [AsyncHttpClient-1-1] DEBUG org.asynchttpclient.netty.channel.DefaultChannelPool - Entry count for : http://localhost:58378 : 1
10:49:10.151 [AsyncHttpClient-1-1] DEBUG org.asynchttpclient.netty.channel.DefaultChannelPool - Entry count for : http://localhost:58378 : 1
10:49:11.245 [AsyncHttpClient-1-1] DEBUG org.asynchttpclient.netty.channel.DefaultChannelPool - Entry count for : http://localhost:58378 : 1
10:49:12.351 [AsyncHttpClient-1-1] DEBUG org.asynchttpclient.netty.channel.DefaultChannelPool - Entry count for : http://localhost:58378 : 1
10:49:13.448 [AsyncHttpClient-1-1] DEBUG org.asynchttpclient.netty.channel.DefaultChannelPool - Entry count for : http://localhost:58378 : 1
10:49:14.565 [AsyncHttpClient-1-1] DEBUG org.asynchttpclient.netty.channel.DefaultChannelPool - Entry count for : http://localhost:58378 : 1
10:49:15.644 [AsyncHttpClient-1-1] DEBUG org.asynchttpclient.netty.channel.DefaultChannelPool - Entry count for : http://localhost:58378 : 1
10:49:16.744 [AsyncHttpClient-1-1] DEBUG org.asynchttpclient.netty.channel.DefaultChannelPool - Entry count for : http://localhost:58378 : 1
10:49:17.850 [AsyncHttpClient-1-1] DEBUG org.asynchttpclient.netty.channel.DefaultChannelPool - Entry count for : http://localhost:58378 : 1
10:49:18.945 [AsyncHttpClient-1-1] DEBUG org.asynchttpclient.netty.channel.DefaultChannelPool - Entry count for : http://localhost:58378 : 1
10:49:20.044 [AsyncHttpClient-1-1] DEBUG org.asynchttpclient.netty.channel.DefaultChannelPool - Entry count for : http://localhost:58378 : 1
10:49:21.148 [AsyncHttpClient-1-1] DEBUG org.asynchttpclient.netty.channel.DefaultChannelPool - Entry count for : http://localhost:58378 : 1
10:49:22.261 [AsyncHttpClient-1-1] DEBUG org.asynchttpclient.netty.channel.DefaultChannelPool - Entry count for : http://localhost:58378 : 1
10:49:23.367 [AsyncHttpClient-1-1] DEBUG org.asynchttpclient.netty.channel.DefaultChannelPool - Entry count for : http://localhost:58378 : 1
10:49:24.450 [AsyncHttpClient-1-1] DEBUG org.asynchttpclient.netty.channel.DefaultChannelPool - Entry count for : http://localhost:58378 : 1
10:49:25.552 [AsyncHttpClient-1-1] DEBUG org.asynchttpclient.netty.channel.DefaultChannelPool - Entry count for : http://localhost:58378 : 1
10:49:26.646 [AsyncHttpClient-1-1] DEBUG org.asynchttpclient.netty.channel.DefaultChannelPool - Entry count for : http://localhost:58378 : 1
10:49:27.749 [AsyncHttpClient-1-1] DEBUG org.asynchttpclient.netty.channel.DefaultChannelPool - Entry count for : http://localhost:58378 : 1
10:49:28.855 [AsyncHttpClient-1-1] DEBUG org.asynchttpclient.netty.channel.DefaultChannelPool - Entry count for : http://localhost:58378 : 1
10:49:29.947 [AsyncHttpClient-1-1] DEBUG org.asynchttpclient.netty.channel.DefaultChannelPool - Entry count for : http://localhost:58378 : 1
10:49:29.947 [AsyncHttpClient-1-1] DEBUG org.asynchttpclient.netty.channel.DefaultChannelPool - Adding Candidate expired Channel [id: 0xaed7abd9, L:/127.0.0.1:58385 - R:localhost/127.0.0.1:58378] isIdleTimeoutExpired=true isRemotelyClosed=false isTtlExpired=false
10:49:29.947 [AsyncHttpClient-1-1] DEBUG org.asynchttpclient.netty.channel.DefaultChannelPool - Closing Idle Channel [id: 0xaed7abd9, L:/127.0.0.1:58385 - R:localhost/127.0.0.1:58378]
10:49:29.948 [AsyncHttpClient-1-1] DEBUG org.asynchttpclient.netty.channel.DefaultChannelPool - Closed 1 connections out of 1 in 1 ms
10:49:29.948 [AsyncHttpClient-1-9] DEBUG org.asynchttpclient.netty.handler.HttpHandler - Channel Closed: [id: 0xaed7abd9, L:/127.0.0.1:58385 ! R:localhost/127.0.0.1:58378] with attribute DISCARD
10:49:39.353 [AsyncHttpClient-1-8] DEBUG org.asynchttpclient.netty.handler.HttpHandler - 

Request DefaultHttpRequest(decodeResult: success, version: HTTP/1.1)
POST /session/52da67b5e6833d85e130652ec4676557/element HTTP/1.1
User-Agent: selenium/4.8.1 (java windows)
Content-Length: 184
Content-Type: application/json; charset=utf-8
host: localhost:6007
accept: */*

Response DefaultHttpResponse(decodeResult: success, version: HTTP/1.1)
HTTP/1.1 200 OK
Content-Length: 88
Content-Type: application/json; charset=utf-8
cache-control: no-cache

10:49:39.354 [AsyncHttpClient-1-8] DEBUG org.asynchttpclient.netty.channel.ChannelManager - Adding key: http://localhost:6007 for channel [id: 0xa01596ea, L:/127.0.0.1:58377 - R:localhost/127.0.0.1:6007]
10:49:39.359 [Forwarding getElementTagName on session 52da67b5e6833d85e130652ec4676557 to remote] DEBUG org.asynchttpclient.netty.request.NettyRequestSender - Using pooled Channel '[id: 0xa01596ea, L:/127.0.0.1:58377 - R:localhost/127.0.0.1:6007]' for 'GET' to 'http://localhost:6007/session/52da67b5e6833d85e130652ec4676557/element/158dd3d2-1b16-4bb3-ae53-1db037c68133/name'
10:49:39.359 [Forwarding getElementTagName on session 52da67b5e6833d85e130652ec4676557 to remote] DEBUG org.asynchttpclient.netty.request.NettyRequestSender - Using open Channel [id: 0xa01596ea, L:/127.0.0.1:58377 - R:localhost/127.0.0.1:6007] for GET '/session/52da67b5e6833d85e130652ec4676557/element/158dd3d2-1b16-4bb3-ae53-1db037c68133/name'
10:49:39.494 [AsyncHttpClient-1-8] DEBUG org.asynchttpclient.netty.handler.HttpHandler - 

Request DefaultFullHttpRequest(decodeResult: success, version: HTTP/1.1, content: EmptyByteBufBE)
GET /session/52da67b5e6833d85e130652ec4676557/element/158dd3d2-1b16-4bb3-ae53-1db037c68133/name HTTP/1.1
User-Agent: selenium/4.8.1 (java windows)
Cache-Control: no-cache
Content-Type: application/json; charset=utf-8
host: localhost:6007
accept: */*

Response DefaultHttpResponse(decodeResult: success, version: HTTP/1.1)
HTTP/1.1 200 OK
Content-Length: 18
Content-Type: application/json; charset=utf-8
cache-control: no-cache

10:49:39.494 [AsyncHttpClient-1-8] DEBUG org.asynchttpclient.netty.channel.ChannelManager - Adding key: http://localhost:6007 for channel [id: 0xa01596ea, L:/127.0.0.1:58377 - R:localhost/127.0.0.1:6007]
10:49:39.496 [Forwarding getElementTagName on session 52da67b5e6833d85e130652ec4676557 to remote] DEBUG org.asynchttpclient.netty.request.NettyRequestSender - Using pooled Channel '[id: 0xa01596ea, L:/127.0.0.1:58377 - R:localhost/127.0.0.1:6007]' for 'GET' to 'http://localhost:6007/session/52da67b5e6833d85e130652ec4676557/element/158dd3d2-1b16-4bb3-ae53-1db037c68133/name'
10:49:39.497 [Forwarding getElementTagName on session 52da67b5e6833d85e130652ec4676557 to remote] DEBUG org.asynchttpclient.netty.request.NettyRequestSender - Using open Channel [id: 0xa01596ea, L:/127.0.0.1:58377 - R:localhost/127.0.0.1:6007] for GET '/session/52da67b5e6833d85e130652ec4676557/element/158dd3d2-1b16-4bb3-ae53-1db037c68133/name'
10:49:39.649 [AsyncHttpClient-1-8] DEBUG org.asynchttpclient.netty.handler.HttpHandler - 

Request DefaultFullHttpRequest(decodeResult: success, version: HTTP/1.1, content: EmptyByteBufBE)
GET /session/52da67b5e6833d85e130652ec4676557/element/158dd3d2-1b16-4bb3-ae53-1db037c68133/name HTTP/1.1
User-Agent: selenium/4.8.1 (java windows)
Cache-Control: no-cache
Content-Type: application/json; charset=utf-8
host: localhost:6007
accept: */*

Response DefaultHttpResponse(decodeResult: success, version: HTTP/1.1)
HTTP/1.1 200 OK
Content-Length: 18
Content-Type: application/json; charset=utf-8
cache-control: no-cache

10:49:39.649 [AsyncHttpClient-1-8] DEBUG org.asynchttpclient.netty.channel.ChannelManager - Adding key: http://localhost:6007 for channel [id: 0xa01596ea, L:/127.0.0.1:58377 - R:localhost/127.0.0.1:6007]
10:49:39.655 [Forwarding isElementEnabled on session 52da67b5e6833d85e130652ec4676557 to remote] DEBUG org.asynchttpclient.netty.request.NettyRequestSender - Using pooled Channel '[id: 0xa01596ea, L:/127.0.0.1:58377 - R:localhost/127.0.0.1:6007]' for 'GET' to 'http://localhost:6007/session/52da67b5e6833d85e130652ec4676557/element/158dd3d2-1b16-4bb3-ae53-1db037c68133/enabled'
10:49:39.655 [Forwarding isElementEnabled on session 52da67b5e6833d85e130652ec4676557 to remote] DEBUG org.asynchttpclient.netty.request.NettyRequestSender - Using open Channel [id: 0xa01596ea, L:/127.0.0.1:58377 - R:localhost/127.0.0.1:6007] for GET '/session/52da67b5e6833d85e130652ec4676557/element/158dd3d2-1b16-4bb3-ae53-1db037c68133/enabled'
10:49:39.814 [AsyncHttpClient-1-8] DEBUG org.asynchttpclient.netty.handler.HttpHandler - 

Request DefaultFullHttpRequest(decodeResult: success, version: HTTP/1.1, content: EmptyByteBufBE)
GET /session/52da67b5e6833d85e130652ec4676557/element/158dd3d2-1b16-4bb3-ae53-1db037c68133/enabled HTTP/1.1
User-Agent: selenium/4.8.1 (java windows)
Cache-Control: no-cache
Content-Type: application/json; charset=utf-8
host: localhost:6007
accept: */*

Response DefaultHttpResponse(decodeResult: success, version: HTTP/1.1)
HTTP/1.1 200 OK
Content-Length: 14
Content-Type: application/json; charset=utf-8
cache-control: no-cache

10:49:39.814 [AsyncHttpClient-1-8] DEBUG org.asynchttpclient.netty.channel.ChannelManager - Adding key: http://localhost:6007 for channel [id: 0xa01596ea, L:/127.0.0.1:58377 - R:localhost/127.0.0.1:6007]
10:49:39.815 [Forwarding isElementEnabled on session 52da67b5e6833d85e130652ec4676557 to remote] DEBUG org.asynchttpclient.netty.request.NettyRequestSender - Using pooled Channel '[id: 0xa01596ea, L:/127.0.0.1:58377 - R:localhost/127.0.0.1:6007]' for 'GET' to 'http://localhost:6007/session/52da67b5e6833d85e130652ec4676557/element/158dd3d2-1b16-4bb3-ae53-1db037c68133/enabled'
10:49:39.816 [Forwarding isElementEnabled on session 52da67b5e6833d85e130652ec4676557 to remote] DEBUG org.asynchttpclient.netty.request.NettyRequestSender - Using open Channel [id: 0xa01596ea, L:/127.0.0.1:58377 - R:localhost/127.0.0.1:6007] for GET '/session/52da67b5e6833d85e130652ec4676557/element/158dd3d2-1b16-4bb3-ae53-1db037c68133/enabled'
10:49:39.866 [AsyncHttpClient-1-8] DEBUG org.asynchttpclient.netty.handler.HttpHandler - 

Request DefaultFullHttpRequest(decodeResult: success, version: HTTP/1.1, content: EmptyByteBufBE)
GET /session/52da67b5e6833d85e130652ec4676557/element/158dd3d2-1b16-4bb3-ae53-1db037c68133/enabled HTTP/1.1
User-Agent: selenium/4.8.1 (java windows)
Cache-Control: no-cache
Content-Type: application/json; charset=utf-8
host: localhost:6007
accept: */*

Response DefaultHttpResponse(decodeResult: success, version: HTTP/1.1)
HTTP/1.1 200 OK
Content-Length: 14
Content-Type: application/json; charset=utf-8
cache-control: no-cache

10:49:39.866 [AsyncHttpClient-1-8] DEBUG org.asynchttpclient.netty.channel.ChannelManager - Adding key: http://localhost:6007 for channel [id: 0xa01596ea, L:/127.0.0.1:58377 - R:localhost/127.0.0.1:6007]
10:49:39.868 [Forwarding findElement on session 52da67b5e6833d85e130652ec4676557 to remote] DEBUG org.asynchttpclient.netty.request.NettyRequestSender - Using pooled Channel '[id: 0xa01596ea, L:/127.0.0.1:58377 - R:localhost/127.0.0.1:6007]' for 'POST' to 'http://localhost:6007/session/52da67b5e6833d85e130652ec4676557/element'
10:49:39.868 [Forwarding findElement on session 52da67b5e6833d85e130652ec4676557 to remote] DEBUG org.asynchttpclient.netty.request.NettyRequestSender - Using open Channel [id: 0xa01596ea, L:/127.0.0.1:58377 - R:localhost/127.0.0.1:6007] for POST '/session/52da67b5e6833d85e130652ec4676557/element'
10:49:40.129 [AsyncHttpClient-1-8] DEBUG org.asynchttpclient.netty.handler.HttpHandler - 

Request DefaultHttpRequest(decodeResult: success, version: HTTP/1.1)
POST /session/52da67b5e6833d85e130652ec4676557/element HTTP/1.1
User-Agent: selenium/4.8.1 (java windows)
Content-Length: 184
Content-Type: application/json; charset=utf-8
host: localhost:6007
accept: */*

Response DefaultHttpResponse(decodeResult: success, version: HTTP/1.1)
HTTP/1.1 200 OK
Content-Length: 88
Content-Type: application/json; charset=utf-8
cache-control: no-cache

10:49:40.129 [AsyncHttpClient-1-8] DEBUG org.asynchttpclient.netty.channel.ChannelManager - Adding key: http://localhost:6007 for channel [id: 0xa01596ea, L:/127.0.0.1:58377 - R:localhost/127.0.0.1:6007]
10:49:40.131 [Forwarding clickElement on session 52da67b5e6833d85e130652ec4676557 to remote] DEBUG org.asynchttpclient.netty.request.NettyRequestSender - Using pooled Channel '[id: 0xa01596ea, L:/127.0.0.1:58377 - R:localhost/127.0.0.1:6007]' for 'POST' to 'http://localhost:6007/session/52da67b5e6833d85e130652ec4676557/element/158dd3d2-1b16-4bb3-ae53-1db037c68133/click'
10:49:40.131 [Forwarding clickElement on session 52da67b5e6833d85e130652ec4676557 to remote] DEBUG org.asynchttpclient.netty.request.NettyRequestSender - Using open Channel [id: 0xa01596ea, L:/127.0.0.1:58377 - R:localhost/127.0.0.1:6007] for POST '/session/52da67b5e6833d85e130652ec4676557/element/158dd3d2-1b16-4bb3-ae53-1db037c68133/click'
10:49:44.760 [AsyncHttpClient-1-8] DEBUG org.asynchttpclient.netty.handler.HttpHandler - 

Request DefaultHttpRequest(decodeResult: success, version: HTTP/1.1)
POST /session/52da67b5e6833d85e130652ec4676557/element/158dd3d2-1b16-4bb3-ae53-1db037c68133/click HTTP/1.1
User-Agent: selenium/4.8.1 (java windows)
Content-Length: 50
Content-Type: application/json; charset=utf-8
host: localhost:6007
accept: */*

Response DefaultHttpResponse(decodeResult: success, version: HTTP/1.1)
HTTP/1.1 200 OK
Content-Length: 14
Content-Type: application/json; charset=utf-8
cache-control: no-cache

10:49:44.760 [AsyncHttpClient-1-8] DEBUG org.asynchttpclient.netty.channel.ChannelManager - Adding key: http://localhost:6007 for channel [id: 0xa01596ea, L:/127.0.0.1:58377 - R:localhost/127.0.0.1:6007]
10:49:44.766 [Forwarding getAlertText on session 52da67b5e6833d85e130652ec4676557 to remote] DEBUG org.asynchttpclient.netty.request.NettyRequestSender - Using pooled Channel '[id: 0xa01596ea, L:/127.0.0.1:58377 - R:localhost/127.0.0.1:6007]' for 'GET' to 'http://localhost:6007/session/52da67b5e6833d85e130652ec4676557/alert/text'
10:49:44.766 [Forwarding getAlertText on session 52da67b5e6833d85e130652ec4676557 to remote] DEBUG org.asynchttpclient.netty.request.NettyRequestSender - Using open Channel [id: 0xa01596ea, L:/127.0.0.1:58377 - R:localhost/127.0.0.1:6007] for GET '/session/52da67b5e6833d85e130652ec4676557/alert/text'
10:49:45.115 [AsyncHttpClient-1-8] DEBUG org.asynchttpclient.netty.handler.HttpHandler - 

Request DefaultFullHttpRequest(decodeResult: success, version: HTTP/1.1, content: EmptyByteBufBE)
GET /session/52da67b5e6833d85e130652ec4676557/alert/text HTTP/1.1
User-Agent: selenium/4.8.1 (java windows)
Cache-Control: no-cache
Content-Type: application/json; charset=utf-8
host: localhost:6007
accept: */*

Response DefaultHttpResponse(decodeResult: success, version: HTTP/1.1)
HTTP/1.1 404 Not Found
Content-Length: 848
Content-Type: application/json; charset=utf-8
cache-control: no-cache

10:49:45.115 [AsyncHttpClient-1-8] DEBUG org.asynchttpclient.netty.channel.ChannelManager - Adding key: http://localhost:6007 for channel [id: 0xa01596ea, L:/127.0.0.1:58377 - R:localhost/127.0.0.1:6007]
10:49:45.116 [Forwarding getCurrentUrl on session 52da67b5e6833d85e130652ec4676557 to remote] DEBUG org.asynchttpclient.netty.request.NettyRequestSender - Using pooled Channel '[id: 0xa01596ea, L:/127.0.0.1:58377 - R:localhost/127.0.0.1:6007]' for 'GET' to 'http://localhost:6007/session/52da67b5e6833d85e130652ec4676557/url'
10:49:45.116 [Forwarding getCurrentUrl on session 52da67b5e6833d85e130652ec4676557 to remote] DEBUG org.asynchttpclient.netty.request.NettyRequestSender - Using open Channel [id: 0xa01596ea, L:/127.0.0.1:58377 - R:localhost/127.0.0.1:6007] for GET '/session/52da67b5e6833d85e130652ec4676557/url'
10:49:47.351 [AsyncHttpClient-1-8] DEBUG org.asynchttpclient.netty.handler.HttpHandler - 

Request DefaultFullHttpRequest(decodeResult: success, version: HTTP/1.1, content: EmptyByteBufBE)
GET /session/52da67b5e6833d85e130652ec4676557/url HTTP/1.1
User-Agent: selenium/4.8.1 (java windows)
Cache-Control: no-cache
Content-Type: application/json; charset=utf-8
host: localhost:6007
accept: */*

Response DefaultHttpResponse(decodeResult: success, version: HTTP/1.1)
HTTP/1.1 200 OK
Content-Length: 41
Content-Type: application/json; charset=utf-8
cache-control: no-cache

10:49:47.351 [AsyncHttpClient-1-8] DEBUG org.asynchttpclient.netty.channel.ChannelManager - Adding key: http://localhost:6007 for channel [id: 0xa01596ea, L:/127.0.0.1:58377 - R:localhost/127.0.0.1:6007]
10:49:47.352 [Forwarding screenshot on session 52da67b5e6833d85e130652ec4676557 to remote] DEBUG org.asynchttpclient.netty.request.NettyRequestSender - Using pooled Channel '[id: 0xa01596ea, L:/127.0.0.1:58377 - R:localhost/127.0.0.1:6007]' for 'GET' to 'http://localhost:6007/session/52da67b5e6833d85e130652ec4676557/screenshot'
10:49:47.352 [Forwarding screenshot on session 52da67b5e6833d85e130652ec4676557 to remote] DEBUG org.asynchttpclient.netty.request.NettyRequestSender - Using open Channel [id: 0xa01596ea, L:/127.0.0.1:58377 - R:localhost/127.0.0.1:6007] for GET '/session/52da67b5e6833d85e130652ec4676557/screenshot'
10:49:47.990 [AsyncHttpClient-1-8] DEBUG org.asynchttpclient.netty.handler.HttpHandler - 

Request DefaultFullHttpRequest(decodeResult: success, version: HTTP/1.1, content: EmptyByteBufBE)
GET /session/52da67b5e6833d85e130652ec4676557/screenshot HTTP/1.1
User-Agent: selenium/4.8.1 (java windows)
Cache-Control: no-cache
Content-Type: application/json; charset=utf-8
host: localhost:6007
accept: */*

Response DefaultHttpResponse(decodeResult: success, version: HTTP/1.1)
HTTP/1.1 200 OK
Content-Length: 105484
Content-Type: application/json; charset=utf-8
cache-control: no-cache

10:49:47.991 [AsyncHttpClient-1-8] DEBUG org.asynchttpclient.netty.channel.ChannelManager - Adding key: http://localhost:6007 for channel [id: 0xa01596ea, L:/127.0.0.1:58377 - R:localhost/127.0.0.1:6007]
10:49:47.996 [main] DEBUG net.serenitybdd.core.photography.Darkroom - Send negative for processing for target\site\serenity\b36dd46495325c3d3127fd8de5e6960ec4ebff56634d1f511e24b2778f1e39f7.png
10:49:47.996 [main] DEBUG net.thucydides.core.steps.StepInterceptor - STEP DONE: addProduct
10:49:47.997 [Darkroom Processing Line] DEBUG net.serenitybdd.core.photography.DarkroomProcessingLine - Processing screenshot image in /var/screenshots/screenshot-15286971202528693549
  &amp#27;[32mAnd &amp#27;[0m&amp#27;[32mUser success add product to cart&amp#27;[0m                                               &amp#27;[90m# starter.stepdefinition.IntegrationSteps.addCart()&amp#27;[0m
10:49:47.997 [Darkroom Processing Line] DEBUG net.serenitybdd.core.photography.DarkroomProcessingLine - Saving screenshot to target\site\serenity\b36dd46495325c3d3127fd8de5e6960ec4ebff56634d1f511e24b2778f1e39f7.png
10:49:48.010 [Forwarding getPageSource on session 52da67b5e6833d85e130652ec4676557 to remote] DEBUG org.asynchttpclient.netty.request.NettyRequestSender - Using pooled Channel '[id: 0xa01596ea, L:/127.0.0.1:58377 - R:localhost/127.0.0.1:6007]' for 'POST' to 'http://localhost:6007/session/52da67b5e6833d85e130652ec4676557/execute/sync'
10:49:48.010 [Forwarding getPageSource on session 52da67b5e6833d85e130652ec4676557 to remote] DEBUG org.asynchttpclient.netty.request.NettyRequestSender - Using open Channel [id: 0xa01596ea, L:/127.0.0.1:58377 - R:localhost/127.0.0.1:6007] for POST '/session/52da67b5e6833d85e130652ec4676557/execute/sync'
10:49:49.925 [AsyncHttpClient-1-8] DEBUG org.asynchttpclient.netty.handler.HttpHandler - 

Request DefaultHttpRequest(decodeResult: success, version: HTTP/1.1)
POST /session/52da67b5e6833d85e130652ec4676557/execute/sync HTTP/1.1
User-Agent: selenium/4.8.1 (java windows)
Content-Length: 176
Content-Type: application/json; charset=utf-8
host: localhost:6007
accept: */*

Response DefaultHttpResponse(decodeResult: success, version: HTTP/1.1)
HTTP/1.1 200 OK
Content-Length: 17448144
Content-Type: application/json; charset=utf-8
cache-control: no-cache

10:49:50.037 [AsyncHttpClient-1-8] DEBUG org.asynchttpclient.netty.channel.ChannelManager - Adding key: http://localhost:6007 for channel [id: 0xa01596ea, L:/127.0.0.1:58377 - R:localhost/127.0.0.1:6007]
10:49:50.857 [AsyncHttpClient-1-1] DEBUG org.asynchttpclient.netty.channel.DefaultChannelPool - Entry count for : http://localhost:6007 : 1
10:49:52.030 [AsyncHttpClient-1-1] DEBUG org.asynchttpclient.netty.channel.DefaultChannelPool - Entry count for : http://localhost:6007 : 1
10:49:53.068 [AsyncHttpClient-1-1] DEBUG org.asynchttpclient.netty.channel.DefaultChannelPool - Entry count for : http://localhost:6007 : 1
10:49:54.186 [AsyncHttpClient-1-1] DEBUG org.asynchttpclient.netty.channel.DefaultChannelPool - Entry count for : http://localhost:6007 : 1
10:49:54.203 [Forwarding getCurrentUrl on session 52da67b5e6833d85e130652ec4676557 to remote] DEBUG org.asynchttpclient.netty.request.NettyRequestSender - Using pooled Channel '[id: 0xa01596ea, L:/127.0.0.1:58377 - R:localhost/127.0.0.1:6007]' for 'GET' to 'http://localhost:6007/session/52da67b5e6833d85e130652ec4676557/url'
10:49:54.203 [Forwarding getCurrentUrl on session 52da67b5e6833d85e130652ec4676557 to remote] DEBUG org.asynchttpclient.netty.request.NettyRequestSender - Using open Channel [id: 0xa01596ea, L:/127.0.0.1:58377 - R:localhost/127.0.0.1:6007] for GET '/session/52da67b5e6833d85e130652ec4676557/url'
10:49:54.217 [AsyncHttpClient-1-8] DEBUG org.asynchttpclient.netty.handler.HttpHandler - 

Request DefaultFullHttpRequest(decodeResult: success, version: HTTP/1.1, content: EmptyByteBufBE)
GET /session/52da67b5e6833d85e130652ec4676557/url HTTP/1.1
User-Agent: selenium/4.8.1 (java windows)
Cache-Control: no-cache
Content-Type: application/json; charset=utf-8
host: localhost:6007
accept: */*

Response DefaultHttpResponse(decodeResult: success, version: HTTP/1.1)
HTTP/1.1 200 OK
Content-Length: 41
Content-Type: application/json; charset=utf-8
cache-control: no-cache

10:49:54.218 [AsyncHttpClient-1-8] DEBUG org.asynchttpclient.netty.channel.ChannelManager - Adding key: http://localhost:6007 for channel [id: 0xa01596ea, L:/127.0.0.1:58377 - R:localhost/127.0.0.1:6007]
10:49:54.368 [Forwarding getAlertText on session 52da67b5e6833d85e130652ec4676557 to remote] DEBUG org.asynchttpclient.netty.request.NettyRequestSender - Using pooled Channel '[id: 0xa01596ea, L:/127.0.0.1:58377 - R:localhost/127.0.0.1:6007]' for 'GET' to 'http://localhost:6007/session/52da67b5e6833d85e130652ec4676557/alert/text'
10:49:54.371 [Forwarding getAlertText on session 52da67b5e6833d85e130652ec4676557 to remote] DEBUG org.asynchttpclient.netty.request.NettyRequestSender - Using open Channel [id: 0xa01596ea, L:/127.0.0.1:58377 - R:localhost/127.0.0.1:6007] for GET '/session/52da67b5e6833d85e130652ec4676557/alert/text'
10:49:54.373 [AsyncHttpClient-1-8] DEBUG org.asynchttpclient.netty.handler.HttpHandler - 

Request DefaultFullHttpRequest(decodeResult: success, version: HTTP/1.1, content: EmptyByteBufBE)
GET /session/52da67b5e6833d85e130652ec4676557/alert/text HTTP/1.1
User-Agent: selenium/4.8.1 (java windows)
Cache-Control: no-cache
Content-Type: application/json; charset=utf-8
host: localhost:6007
accept: */*

Response DefaultHttpResponse(decodeResult: success, version: HTTP/1.1)
HTTP/1.1 404 Not Found
Content-Length: 848
Content-Type: application/json; charset=utf-8
cache-control: no-cache

10:49:54.373 [AsyncHttpClient-1-8] DEBUG org.asynchttpclient.netty.channel.ChannelManager - Adding key: http://localhost:6007 for channel [id: 0xa01596ea, L:/127.0.0.1:58377 - R:localhost/127.0.0.1:6007]
10:49:54.382 [Forwarding getCurrentUrl on session 52da67b5e6833d85e130652ec4676557 to remote] DEBUG org.asynchttpclient.netty.request.NettyRequestSender - Using pooled Channel '[id: 0xa01596ea, L:/127.0.0.1:58377 - R:localhost/127.0.0.1:6007]' for 'GET' to 'http://localhost:6007/session/52da67b5e6833d85e130652ec4676557/url'
10:49:54.382 [Forwarding getCurrentUrl on session 52da67b5e6833d85e130652ec4676557 to remote] DEBUG org.asynchttpclient.netty.request.NettyRequestSender - Using open Channel [id: 0xa01596ea, L:/127.0.0.1:58377 - R:localhost/127.0.0.1:6007] for GET '/session/52da67b5e6833d85e130652ec4676557/url'
10:49:54.386 [AsyncHttpClient-1-8] DEBUG org.asynchttpclient.netty.handler.HttpHandler - 

Request DefaultFullHttpRequest(decodeResult: success, version: HTTP/1.1, content: EmptyByteBufBE)
GET /session/52da67b5e6833d85e130652ec4676557/url HTTP/1.1
User-Agent: selenium/4.8.1 (java windows)
Cache-Control: no-cache
Content-Type: application/json; charset=utf-8
host: localhost:6007
accept: */*

Response DefaultHttpResponse(decodeResult: success, version: HTTP/1.1)
HTTP/1.1 200 OK
Content-Length: 41
Content-Type: application/json; charset=utf-8
cache-control: no-cache

10:49:54.389 [AsyncHttpClient-1-8] DEBUG org.asynchttpclient.netty.channel.ChannelManager - Adding key: http://localhost:6007 for channel [id: 0xa01596ea, L:/127.0.0.1:58377 - R:localhost/127.0.0.1:6007]
10:49:54.390 [Forwarding screenshot on session 52da67b5e6833d85e130652ec4676557 to remote] DEBUG org.asynchttpclient.netty.request.NettyRequestSender - Using pooled Channel '[id: 0xa01596ea, L:/127.0.0.1:58377 - R:localhost/127.0.0.1:6007]' for 'GET' to 'http://localhost:6007/session/52da67b5e6833d85e130652ec4676557/screenshot'
10:49:54.390 [Forwarding screenshot on session 52da67b5e6833d85e130652ec4676557 to remote] DEBUG org.asynchttpclient.netty.request.NettyRequestSender - Using open Channel [id: 0xa01596ea, L:/127.0.0.1:58377 - R:localhost/127.0.0.1:6007] for GET '/session/52da67b5e6833d85e130652ec4676557/screenshot'
10:49:54.530 [AsyncHttpClient-1-8] DEBUG org.asynchttpclient.netty.handler.HttpHandler - 

Request DefaultFullHttpRequest(decodeResult: success, version: HTTP/1.1, content: EmptyByteBufBE)
GET /session/52da67b5e6833d85e130652ec4676557/screenshot HTTP/1.1
User-Agent: selenium/4.8.1 (java windows)
Cache-Control: no-cache
Content-Type: application/json; charset=utf-8
host: localhost:6007
accept: */*

Response DefaultHttpResponse(decodeResult: success, version: HTTP/1.1)
HTTP/1.1 200 OK
Content-Length: 105484
Content-Type: application/json; charset=utf-8
cache-control: no-cache

10:49:54.531 [AsyncHttpClient-1-8] DEBUG org.asynchttpclient.netty.channel.ChannelManager - Adding key: http://localhost:6007 for channel [id: 0xa01596ea, L:/127.0.0.1:58377 - R:localhost/127.0.0.1:6007]
10:49:54.549 [main] DEBUG net.serenitybdd.core.photography.Darkroom - Send negative for processing for target\site\serenity\b36dd46495325c3d3127fd8de5e6960ec4ebff56634d1f511e24b2778f1e39f7.png
10:49:54.570 [Forwarding getPageSource on session 52da67b5e6833d85e130652ec4676557 to remote] DEBUG org.asynchttpclient.netty.request.NettyRequestSender - Using pooled Channel '[id: 0xa01596ea, L:/127.0.0.1:58377 - R:localhost/127.0.0.1:6007]' for 'POST' to 'http://localhost:6007/session/52da67b5e6833d85e130652ec4676557/execute/sync'
10:49:54.570 [Forwarding getPageSource on session 52da67b5e6833d85e130652ec4676557 to remote] DEBUG org.asynchttpclient.netty.request.NettyRequestSender - Using open Channel [id: 0xa01596ea, L:/127.0.0.1:58377 - R:localhost/127.0.0.1:6007] for POST '/session/52da67b5e6833d85e130652ec4676557/execute/sync'
10:49:56.888 [AsyncHttpClient-1-8] DEBUG org.asynchttpclient.netty.handler.HttpHandler - 

Request DefaultHttpRequest(decodeResult: success, version: HTTP/1.1)
POST /session/52da67b5e6833d85e130652ec4676557/execute/sync HTTP/1.1
User-Agent: selenium/4.8.1 (java windows)
Content-Length: 176
Content-Type: application/json; charset=utf-8
host: localhost:6007
accept: */*

Response DefaultHttpResponse(decodeResult: success, version: HTTP/1.1)
HTTP/1.1 200 OK
Content-Length: 17448144
Content-Type: application/json; charset=utf-8
cache-control: no-cache

10:49:56.956 [AsyncHttpClient-1-8] DEBUG org.asynchttpclient.netty.channel.ChannelManager - Adding key: http://localhost:6007 for channel [id: 0xa01596ea, L:/127.0.0.1:58377 - R:localhost/127.0.0.1:6007]
10:49:57.456 [AsyncHttpClient-1-1] DEBUG org.asynchttpclient.netty.channel.DefaultChannelPool - Entry count for : http://localhost:6007 : 1
10:49:58.550 [AsyncHttpClient-1-1] DEBUG org.asynchttpclient.netty.channel.DefaultChannelPool - Entry count for : http://localhost:6007 : 1
10:49:59.156 [Forwarding getCurrentUrl on session 52da67b5e6833d85e130652ec4676557 to remote] DEBUG org.asynchttpclient.netty.request.NettyRequestSender - Using pooled Channel '[id: 0xa01596ea, L:/127.0.0.1:58377 - R:localhost/127.0.0.1:6007]' for 'GET' to 'http://localhost:6007/session/52da67b5e6833d85e130652ec4676557/url'
10:49:59.156 [Forwarding getCurrentUrl on session 52da67b5e6833d85e130652ec4676557 to remote] DEBUG org.asynchttpclient.netty.request.NettyRequestSender - Using open Channel [id: 0xa01596ea, L:/127.0.0.1:58377 - R:localhost/127.0.0.1:6007] for GET '/session/52da67b5e6833d85e130652ec4676557/url'
10:49:59.161 [AsyncHttpClient-1-8] DEBUG org.asynchttpclient.netty.handler.HttpHandler - 

Request DefaultFullHttpRequest(decodeResult: success, version: HTTP/1.1, content: EmptyByteBufBE)
GET /session/52da67b5e6833d85e130652ec4676557/url HTTP/1.1
User-Agent: selenium/4.8.1 (java windows)
Cache-Control: no-cache
Content-Type: application/json; charset=utf-8
host: localhost:6007
accept: */*

Response DefaultHttpResponse(decodeResult: success, version: HTTP/1.1)
HTTP/1.1 200 OK
Content-Length: 41
Content-Type: application/json; charset=utf-8
cache-control: no-cache

10:49:59.162 [AsyncHttpClient-1-8] DEBUG org.asynchttpclient.netty.channel.ChannelManager - Adding key: http://localhost:6007 for channel [id: 0xa01596ea, L:/127.0.0.1:58377 - R:localhost/127.0.0.1:6007]
10:49:59.206 [main] DEBUG net.thucydides.core.steps.StepInterceptor - STARTING STEP: IntegrationSteps.order - cartProduct
10:49:59.213 [Forwarding findElement on session 52da67b5e6833d85e130652ec4676557 to remote] DEBUG org.asynchttpclient.netty.request.NettyRequestSender - Using pooled Channel '[id: 0xa01596ea, L:/127.0.0.1:58377 - R:localhost/127.0.0.1:6007]' for 'POST' to 'http://localhost:6007/session/52da67b5e6833d85e130652ec4676557/element'
10:49:59.213 [Forwarding findElement on session 52da67b5e6833d85e130652ec4676557 to remote] DEBUG org.asynchttpclient.netty.request.NettyRequestSender - Using open Channel [id: 0xa01596ea, L:/127.0.0.1:58377 - R:localhost/127.0.0.1:6007] for POST '/session/52da67b5e6833d85e130652ec4676557/element'
10:49:59.682 [AsyncHttpClient-1-8] DEBUG org.asynchttpclient.netty.handler.HttpHandler - 

Request DefaultHttpRequest(decodeResult: success, version: HTTP/1.1)
POST /session/52da67b5e6833d85e130652ec4676557/element HTTP/1.1
User-Agent: selenium/4.8.1 (java windows)
Content-Length: 111
Content-Type: application/json; charset=utf-8
host: localhost:6007
accept: */*

Response DefaultHttpResponse(decodeResult: success, version: HTTP/1.1)
HTTP/1.1 200 OK
Content-Length: 88
Content-Type: application/json; charset=utf-8
cache-control: no-cache

10:49:59.682 [AsyncHttpClient-1-8] DEBUG org.asynchttpclient.netty.channel.ChannelManager - Adding key: http://localhost:6007 for channel [id: 0xa01596ea, L:/127.0.0.1:58377 - R:localhost/127.0.0.1:6007]
10:49:59.684 [Forwarding getElementTagName on session 52da67b5e6833d85e130652ec4676557 to remote] DEBUG org.asynchttpclient.netty.request.NettyRequestSender - Using pooled Channel '[id: 0xa01596ea, L:/127.0.0.1:58377 - R:localhost/127.0.0.1:6007]' for 'GET' to 'http://localhost:6007/session/52da67b5e6833d85e130652ec4676557/element/4950a5f5-398d-44b4-a200-e6f8907333c6/name'
10:49:59.684 [Forwarding getElementTagName on session 52da67b5e6833d85e130652ec4676557 to remote] DEBUG org.asynchttpclient.netty.request.NettyRequestSender - Using open Channel [id: 0xa01596ea, L:/127.0.0.1:58377 - R:localhost/127.0.0.1:6007] for GET '/session/52da67b5e6833d85e130652ec4676557/element/4950a5f5-398d-44b4-a200-e6f8907333c6/name'
10:49:59.689 [AsyncHttpClient-1-8] DEBUG org.asynchttpclient.netty.handler.HttpHandler - 

Request DefaultFullHttpRequest(decodeResult: success, version: HTTP/1.1, content: EmptyByteBufBE)
GET /session/52da67b5e6833d85e130652ec4676557/element/4950a5f5-398d-44b4-a200-e6f8907333c6/name HTTP/1.1
User-Agent: selenium/4.8.1 (java windows)
Cache-Control: no-cache
Content-Type: application/json; charset=utf-8
host: localhost:6007
accept: */*

Response DefaultHttpResponse(decodeResult: success, version: HTTP/1.1)
HTTP/1.1 200 OK
Content-Length: 18
Content-Type: application/json; charset=utf-8
cache-control: no-cache

10:49:59.689 [AsyncHttpClient-1-8] DEBUG org.asynchttpclient.netty.channel.ChannelManager - Adding key: http://localhost:6007 for channel [id: 0xa01596ea, L:/127.0.0.1:58377 - R:localhost/127.0.0.1:6007]
10:49:59.690 [Forwarding getElementTagName on session 52da67b5e6833d85e130652ec4676557 to remote] DEBUG org.asynchttpclient.netty.request.NettyRequestSender - Using pooled Channel '[id: 0xa01596ea, L:/127.0.0.1:58377 - R:localhost/127.0.0.1:6007]' for 'GET' to 'http://localhost:6007/session/52da67b5e6833d85e130652ec4676557/element/4950a5f5-398d-44b4-a200-e6f8907333c6/name'
10:49:59.690 [Forwarding getElementTagName on session 52da67b5e6833d85e130652ec4676557 to remote] DEBUG org.asynchttpclient.netty.request.NettyRequestSender - Using open Channel [id: 0xa01596ea, L:/127.0.0.1:58377 - R:localhost/127.0.0.1:6007] for GET '/session/52da67b5e6833d85e130652ec4676557/element/4950a5f5-398d-44b4-a200-e6f8907333c6/name'
10:49:59.695 [AsyncHttpClient-1-8] DEBUG org.asynchttpclient.netty.handler.HttpHandler - 

Request DefaultFullHttpRequest(decodeResult: success, version: HTTP/1.1, content: EmptyByteBufBE)
GET /session/52da67b5e6833d85e130652ec4676557/element/4950a5f5-398d-44b4-a200-e6f8907333c6/name HTTP/1.1
User-Agent: selenium/4.8.1 (java windows)
Cache-Control: no-cache
Content-Type: application/json; charset=utf-8
host: localhost:6007
accept: */*

Response DefaultHttpResponse(decodeResult: success, version: HTTP/1.1)
HTTP/1.1 200 OK
Content-Length: 18
Content-Type: application/json; charset=utf-8
cache-control: no-cache

10:49:59.695 [AsyncHttpClient-1-8] DEBUG org.asynchttpclient.netty.channel.ChannelManager - Adding key: http://localhost:6007 for channel [id: 0xa01596ea, L:/127.0.0.1:58377 - R:localhost/127.0.0.1:6007]
10:49:59.697 [Forwarding isElementEnabled on session 52da67b5e6833d85e130652ec4676557 to remote] DEBUG org.asynchttpclient.netty.request.NettyRequestSender - Using pooled Channel '[id: 0xa01596ea, L:/127.0.0.1:58377 - R:localhost/127.0.0.1:6007]' for 'GET' to 'http://localhost:6007/session/52da67b5e6833d85e130652ec4676557/element/4950a5f5-398d-44b4-a200-e6f8907333c6/enabled'
10:49:59.697 [Forwarding isElementEnabled on session 52da67b5e6833d85e130652ec4676557 to remote] DEBUG org.asynchttpclient.netty.request.NettyRequestSender - Using open Channel [id: 0xa01596ea, L:/127.0.0.1:58377 - R:localhost/127.0.0.1:6007] for GET '/session/52da67b5e6833d85e130652ec4676557/element/4950a5f5-398d-44b4-a200-e6f8907333c6/enabled'
10:49:59.707 [AsyncHttpClient-1-8] DEBUG org.asynchttpclient.netty.handler.HttpHandler - 

Request DefaultFullHttpRequest(decodeResult: success, version: HTTP/1.1, content: EmptyByteBufBE)
GET /session/52da67b5e6833d85e130652ec4676557/element/4950a5f5-398d-44b4-a200-e6f8907333c6/enabled HTTP/1.1
User-Agent: selenium/4.8.1 (java windows)
Cache-Control: no-cache
Content-Type: application/json; charset=utf-8
host: localhost:6007
accept: */*

Response DefaultHttpResponse(decodeResult: success, version: HTTP/1.1)
HTTP/1.1 200 OK
Content-Length: 14
Content-Type: application/json; charset=utf-8
cache-control: no-cache

10:49:59.707 [AsyncHttpClient-1-8] DEBUG org.asynchttpclient.netty.channel.ChannelManager - Adding key: http://localhost:6007 for channel [id: 0xa01596ea, L:/127.0.0.1:58377 - R:localhost/127.0.0.1:6007]
10:49:59.708 [Forwarding isElementEnabled on session 52da67b5e6833d85e130652ec4676557 to remote] DEBUG org.asynchttpclient.netty.request.NettyRequestSender - Using pooled Channel '[id: 0xa01596ea, L:/127.0.0.1:58377 - R:localhost/127.0.0.1:6007]' for 'GET' to 'http://localhost:6007/session/52da67b5e6833d85e130652ec4676557/element/4950a5f5-398d-44b4-a200-e6f8907333c6/enabled'
10:49:59.708 [Forwarding isElementEnabled on session 52da67b5e6833d85e130652ec4676557 to remote] DEBUG org.asynchttpclient.netty.request.NettyRequestSender - Using open Channel [id: 0xa01596ea, L:/127.0.0.1:58377 - R:localhost/127.0.0.1:6007] for GET '/session/52da67b5e6833d85e130652ec4676557/element/4950a5f5-398d-44b4-a200-e6f8907333c6/enabled'
10:49:59.715 [AsyncHttpClient-1-8] DEBUG org.asynchttpclient.netty.handler.HttpHandler - 

Request DefaultFullHttpRequest(decodeResult: success, version: HTTP/1.1, content: EmptyByteBufBE)
GET /session/52da67b5e6833d85e130652ec4676557/element/4950a5f5-398d-44b4-a200-e6f8907333c6/enabled HTTP/1.1
User-Agent: selenium/4.8.1 (java windows)
Cache-Control: no-cache
Content-Type: application/json; charset=utf-8
host: localhost:6007
accept: */*

Response DefaultHttpResponse(decodeResult: success, version: HTTP/1.1)
HTTP/1.1 200 OK
Content-Length: 14
Content-Type: application/json; charset=utf-8
cache-control: no-cache

10:49:59.715 [AsyncHttpClient-1-8] DEBUG org.asynchttpclient.netty.channel.ChannelManager - Adding key: http://localhost:6007 for channel [id: 0xa01596ea, L:/127.0.0.1:58377 - R:localhost/127.0.0.1:6007]
10:49:59.716 [Forwarding findElement on session 52da67b5e6833d85e130652ec4676557 to remote] DEBUG org.asynchttpclient.netty.request.NettyRequestSender - Using pooled Channel '[id: 0xa01596ea, L:/127.0.0.1:58377 - R:localhost/127.0.0.1:6007]' for 'POST' to 'http://localhost:6007/session/52da67b5e6833d85e130652ec4676557/element'
10:49:59.716 [Forwarding findElement on session 52da67b5e6833d85e130652ec4676557 to remote] DEBUG org.asynchttpclient.netty.request.NettyRequestSender - Using open Channel [id: 0xa01596ea, L:/127.0.0.1:58377 - R:localhost/127.0.0.1:6007] for POST '/session/52da67b5e6833d85e130652ec4676557/element'
10:49:59.881 [AsyncHttpClient-1-8] DEBUG org.asynchttpclient.netty.handler.HttpHandler - 

Request DefaultHttpRequest(decodeResult: success, version: HTTP/1.1)
POST /session/52da67b5e6833d85e130652ec4676557/element HTTP/1.1
User-Agent: selenium/4.8.1 (java windows)
Content-Length: 111
Content-Type: application/json; charset=utf-8
host: localhost:6007
accept: */*

Response DefaultHttpResponse(decodeResult: success, version: HTTP/1.1)
HTTP/1.1 200 OK
Content-Length: 88
Content-Type: application/json; charset=utf-8
cache-control: no-cache

10:49:59.881 [AsyncHttpClient-1-8] DEBUG org.asynchttpclient.netty.channel.ChannelManager - Adding key: http://localhost:6007 for channel [id: 0xa01596ea, L:/127.0.0.1:58377 - R:localhost/127.0.0.1:6007]
10:49:59.882 [Forwarding clickElement on session 52da67b5e6833d85e130652ec4676557 to remote] DEBUG org.asynchttpclient.netty.request.NettyRequestSender - Using pooled Channel '[id: 0xa01596ea, L:/127.0.0.1:58377 - R:localhost/127.0.0.1:6007]' for 'POST' to 'http://localhost:6007/session/52da67b5e6833d85e130652ec4676557/element/4950a5f5-398d-44b4-a200-e6f8907333c6/click'
10:49:59.882 [Forwarding clickElement on session 52da67b5e6833d85e130652ec4676557 to remote] DEBUG org.asynchttpclient.netty.request.NettyRequestSender - Using open Channel [id: 0xa01596ea, L:/127.0.0.1:58377 - R:localhost/127.0.0.1:6007] for POST '/session/52da67b5e6833d85e130652ec4676557/element/4950a5f5-398d-44b4-a200-e6f8907333c6/click'
10:50:01.346 [AsyncHttpClient-1-8] DEBUG org.asynchttpclient.netty.handler.HttpHandler - 

Request DefaultHttpRequest(decodeResult: success, version: HTTP/1.1)
POST /session/52da67b5e6833d85e130652ec4676557/element/4950a5f5-398d-44b4-a200-e6f8907333c6/click HTTP/1.1
User-Agent: selenium/4.8.1 (java windows)
Content-Length: 50
Content-Type: application/json; charset=utf-8
host: localhost:6007
accept: */*

Response DefaultHttpResponse(decodeResult: success, version: HTTP/1.1)
HTTP/1.1 200 OK
Content-Length: 14
Content-Type: application/json; charset=utf-8
cache-control: no-cache

10:50:01.348 [AsyncHttpClient-1-8] DEBUG org.asynchttpclient.netty.channel.ChannelManager - Adding key: http://localhost:6007 for channel [id: 0xa01596ea, L:/127.0.0.1:58377 - R:localhost/127.0.0.1:6007]
10:50:01.385 [Forwarding getAlertText on session 52da67b5e6833d85e130652ec4676557 to remote] DEBUG org.asynchttpclient.netty.request.NettyRequestSender - Using pooled Channel '[id: 0xa01596ea, L:/127.0.0.1:58377 - R:localhost/127.0.0.1:6007]' for 'GET' to 'http://localhost:6007/session/52da67b5e6833d85e130652ec4676557/alert/text'
10:50:01.385 [Forwarding getAlertText on session 52da67b5e6833d85e130652ec4676557 to remote] DEBUG org.asynchttpclient.netty.request.NettyRequestSender - Using open Channel [id: 0xa01596ea, L:/127.0.0.1:58377 - R:localhost/127.0.0.1:6007] for GET '/session/52da67b5e6833d85e130652ec4676557/alert/text'
10:50:01.586 [AsyncHttpClient-1-8] DEBUG org.asynchttpclient.netty.handler.HttpHandler - 

Request DefaultFullHttpRequest(decodeResult: success, version: HTTP/1.1, content: EmptyByteBufBE)
GET /session/52da67b5e6833d85e130652ec4676557/alert/text HTTP/1.1
User-Agent: selenium/4.8.1 (java windows)
Cache-Control: no-cache
Content-Type: application/json; charset=utf-8
host: localhost:6007
accept: */*

Response DefaultHttpResponse(decodeResult: success, version: HTTP/1.1)
HTTP/1.1 404 Not Found
Content-Length: 848
Content-Type: application/json; charset=utf-8
cache-control: no-cache

10:50:01.586 [AsyncHttpClient-1-8] DEBUG org.asynchttpclient.netty.channel.ChannelManager - Adding key: http://localhost:6007 for channel [id: 0xa01596ea, L:/127.0.0.1:58377 - R:localhost/127.0.0.1:6007]
10:50:01.592 [Forwarding getCurrentUrl on session 52da67b5e6833d85e130652ec4676557 to remote] DEBUG org.asynchttpclient.netty.request.NettyRequestSender - Using pooled Channel '[id: 0xa01596ea, L:/127.0.0.1:58377 - R:localhost/127.0.0.1:6007]' for 'GET' to 'http://localhost:6007/session/52da67b5e6833d85e130652ec4676557/url'
10:50:01.596 [Forwarding getCurrentUrl on session 52da67b5e6833d85e130652ec4676557 to remote] DEBUG org.asynchttpclient.netty.request.NettyRequestSender - Using open Channel [id: 0xa01596ea, L:/127.0.0.1:58377 - R:localhost/127.0.0.1:6007] for GET '/session/52da67b5e6833d85e130652ec4676557/url'
10:50:37.324 [AsyncHttpClient-1-8] DEBUG org.asynchttpclient.netty.handler.HttpHandler - 

Request DefaultFullHttpRequest(decodeResult: success, version: HTTP/1.1, content: EmptyByteBufBE)
GET /session/52da67b5e6833d85e130652ec4676557/url HTTP/1.1
User-Agent: selenium/4.8.1 (java windows)
Cache-Control: no-cache
Content-Type: application/json; charset=utf-8
host: localhost:6007
accept: */*

Response DefaultHttpResponse(decodeResult: success, version: HTTP/1.1)
HTTP/1.1 200 OK
Content-Length: 46
Content-Type: application/json; charset=utf-8
cache-control: no-cache

10:50:37.325 [AsyncHttpClient-1-8] DEBUG org.asynchttpclient.netty.channel.ChannelManager - Adding key: http://localhost:6007 for channel [id: 0xa01596ea, L:/127.0.0.1:58377 - R:localhost/127.0.0.1:6007]
10:50:37.331 [Forwarding screenshot on session 52da67b5e6833d85e130652ec4676557 to remote] DEBUG org.asynchttpclient.netty.request.NettyRequestSender - Using pooled Channel '[id: 0xa01596ea, L:/127.0.0.1:58377 - R:localhost/127.0.0.1:6007]' for 'GET' to 'http://localhost:6007/session/52da67b5e6833d85e130652ec4676557/screenshot'
10:50:37.331 [Forwarding screenshot on session 52da67b5e6833d85e130652ec4676557 to remote] DEBUG org.asynchttpclient.netty.request.NettyRequestSender - Using open Channel [id: 0xa01596ea, L:/127.0.0.1:58377 - R:localhost/127.0.0.1:6007] for GET '/session/52da67b5e6833d85e130652ec4676557/screenshot'
10:50:37.530 [AsyncHttpClient-1-8] DEBUG org.asynchttpclient.netty.handler.HttpHandler - 

Request DefaultFullHttpRequest(decodeResult: success, version: HTTP/1.1, content: EmptyByteBufBE)
GET /session/52da67b5e6833d85e130652ec4676557/screenshot HTTP/1.1
User-Agent: selenium/4.8.1 (java windows)
Cache-Control: no-cache
Content-Type: application/json; charset=utf-8
host: localhost:6007
accept: */*

Response DefaultHttpResponse(decodeResult: success, version: HTTP/1.1)
HTTP/1.1 200 OK
Content-Length: 32716
Content-Type: application/json; charset=utf-8
cache-control: no-cache

10:50:37.531 [AsyncHttpClient-1-8] DEBUG org.asynchttpclient.netty.channel.ChannelManager - Adding key: http://localhost:6007 for channel [id: 0xa01596ea, L:/127.0.0.1:58377 - R:localhost/127.0.0.1:6007]
10:50:37.536 [main] DEBUG net.serenitybdd.core.photography.Darkroom - Send negative for processing for target\site\serenity\0d02f50f9e7e4870a72b98e50850a142bf99fc3070e603fe6658997646e5ddc0.png
10:50:37.544 [main] DEBUG net.thucydides.core.steps.StepInterceptor - STEP DONE: cartProduct
10:50:37.544 [Darkroom Processing Line] DEBUG net.serenitybdd.core.photography.DarkroomProcessingLine - Processing screenshot image in /var/screenshots/screenshot-6809508183686409095
10:50:37.544 [Darkroom Processing Line] DEBUG net.serenitybdd.core.photography.DarkroomProcessingLine - Saving screenshot to target\site\serenity\0d02f50f9e7e4870a72b98e50850a142bf99fc3070e603fe6658997646e5ddc0.png
10:50:37.553 [Forwarding getPageSource on session 52da67b5e6833d85e130652ec4676557 to remote] DEBUG org.asynchttpclient.netty.request.NettyRequestSender - Using pooled Channel '[id: 0xa01596ea, L:/127.0.0.1:58377 - R:localhost/127.0.0.1:6007]' for 'POST' to 'http://localhost:6007/session/52da67b5e6833d85e130652ec4676557/execute/sync'
10:50:37.553 [Forwarding getPageSource on session 52da67b5e6833d85e130652ec4676557 to remote] DEBUG org.asynchttpclient.netty.request.NettyRequestSender - Using open Channel [id: 0xa01596ea, L:/127.0.0.1:58377 - R:localhost/127.0.0.1:6007] for POST '/session/52da67b5e6833d85e130652ec4676557/execute/sync'
10:50:37.564 [AsyncHttpClient-1-8] DEBUG org.asynchttpclient.netty.handler.HttpHandler - 

Request DefaultHttpRequest(decodeResult: success, version: HTTP/1.1)
POST /session/52da67b5e6833d85e130652ec4676557/execute/sync HTTP/1.1
User-Agent: selenium/4.8.1 (java windows)
Content-Length: 176
Content-Type: application/json; charset=utf-8
host: localhost:6007
accept: */*

Response DefaultHttpResponse(decodeResult: success, version: HTTP/1.1)
HTTP/1.1 200 OK
Content-Length: 22058
Content-Type: application/json; charset=utf-8
cache-control: no-cache

10:50:37.564 [AsyncHttpClient-1-8] DEBUG org.asynchttpclient.netty.channel.ChannelManager - Adding key: http://localhost:6007 for channel [id: 0xa01596ea, L:/127.0.0.1:58377 - R:localhost/127.0.0.1:6007]
10:50:37.566 [Forwarding getCurrentUrl on session 52da67b5e6833d85e130652ec4676557 to remote] DEBUG org.asynchttpclient.netty.request.NettyRequestSender - Using pooled Channel '[id: 0xa01596ea, L:/127.0.0.1:58377 - R:localhost/127.0.0.1:6007]' for 'GET' to 'http://localhost:6007/session/52da67b5e6833d85e130652ec4676557/url'
10:50:37.567 [Forwarding getCurrentUrl on session 52da67b5e6833d85e130652ec4676557 to remote] DEBUG org.asynchttpclient.netty.request.NettyRequestSender - Using open Channel [id: 0xa01596ea, L:/127.0.0.1:58377 - R:localhost/127.0.0.1:6007] for GET '/session/52da67b5e6833d85e130652ec4676557/url'
10:50:37.570 [AsyncHttpClient-1-8] DEBUG org.asynchttpclient.netty.handler.HttpHandler - 

Request DefaultFullHttpRequest(decodeResult: success, version: HTTP/1.1, content: EmptyByteBufBE)
GET /session/52da67b5e6833d85e130652ec4676557/url HTTP/1.1
User-Agent: selenium/4.8.1 (java windows)
Cache-Control: no-cache
Content-Type: application/json; charset=utf-8
host: localhost:6007
accept: */*

Response DefaultHttpResponse(decodeResult: success, version: HTTP/1.1)
HTTP/1.1 200 OK
Content-Length: 46
Content-Type: application/json; charset=utf-8
cache-control: no-cache

10:50:37.571 [AsyncHttpClient-1-8] DEBUG org.asynchttpclient.netty.channel.ChannelManager - Adding key: http://localhost:6007 for channel [id: 0xa01596ea, L:/127.0.0.1:58377 - R:localhost/127.0.0.1:6007]
10:50:37.574 [main] DEBUG net.thucydides.core.steps.StepInterceptor - STARTING STEP: IntegrationSteps.order - bayarButtonDisplayed
10:50:37.592 [Forwarding setTimeout on session 52da67b5e6833d85e130652ec4676557 to remote] DEBUG org.asynchttpclient.netty.request.NettyRequestSender - Using pooled Channel '[id: 0xa01596ea, L:/127.0.0.1:58377 - R:localhost/127.0.0.1:6007]' for 'POST' to 'http://localhost:6007/session/52da67b5e6833d85e130652ec4676557/timeouts'
10:50:37.594 [Forwarding setTimeout on session 52da67b5e6833d85e130652ec4676557 to remote] DEBUG org.asynchttpclient.netty.request.NettyRequestSender - Using open Channel [id: 0xa01596ea, L:/127.0.0.1:58377 - R:localhost/127.0.0.1:6007] for POST '/session/52da67b5e6833d85e130652ec4676557/timeouts'
10:50:37.595 [AsyncHttpClient-1-8] DEBUG org.asynchttpclient.netty.handler.HttpHandler - 

Request DefaultHttpRequest(decodeResult: success, version: HTTP/1.1)
POST /session/52da67b5e6833d85e130652ec4676557/timeouts HTTP/1.1
User-Agent: selenium/4.8.1 (java windows)
Content-Length: 19
Content-Type: application/json; charset=utf-8
host: localhost:6007
accept: */*

Response DefaultHttpResponse(decodeResult: success, version: HTTP/1.1)
HTTP/1.1 200 OK
Content-Length: 14
Content-Type: application/json; charset=utf-8
cache-control: no-cache

10:50:37.595 [AsyncHttpClient-1-8] DEBUG org.asynchttpclient.netty.channel.ChannelManager - Adding key: http://localhost:6007 for channel [id: 0xa01596ea, L:/127.0.0.1:58377 - R:localhost/127.0.0.1:6007]
10:50:37.599 [Forwarding findElements on session 52da67b5e6833d85e130652ec4676557 to remote] DEBUG org.asynchttpclient.netty.request.NettyRequestSender - Using pooled Channel '[id: 0xa01596ea, L:/127.0.0.1:58377 - R:localhost/127.0.0.1:6007]' for 'POST' to 'http://localhost:6007/session/52da67b5e6833d85e130652ec4676557/elements'
10:50:37.599 [Forwarding findElements on session 52da67b5e6833d85e130652ec4676557 to remote] DEBUG org.asynchttpclient.netty.request.NettyRequestSender - Using open Channel [id: 0xa01596ea, L:/127.0.0.1:58377 - R:localhost/127.0.0.1:6007] for POST '/session/52da67b5e6833d85e130652ec4676557/elements'
10:50:37.634 [AsyncHttpClient-1-8] DEBUG org.asynchttpclient.netty.handler.HttpHandler - 

Request DefaultHttpRequest(decodeResult: success, version: HTTP/1.1)
POST /session/52da67b5e6833d85e130652ec4676557/elements HTTP/1.1
User-Agent: selenium/4.8.1 (java windows)
Content-Length: 222
Content-Type: application/json; charset=utf-8
host: localhost:6007
accept: */*

Response DefaultHttpResponse(decodeResult: success, version: HTTP/1.1)
HTTP/1.1 200 OK
Content-Length: 90
Content-Type: application/json; charset=utf-8
cache-control: no-cache

10:50:37.634 [AsyncHttpClient-1-8] DEBUG org.asynchttpclient.netty.channel.ChannelManager - Adding key: http://localhost:6007 for channel [id: 0xa01596ea, L:/127.0.0.1:58377 - R:localhost/127.0.0.1:6007]
10:50:37.650 [Forwarding isElementDisplayed on session 52da67b5e6833d85e130652ec4676557 to remote] DEBUG org.asynchttpclient.netty.request.NettyRequestSender - Using pooled Channel '[id: 0xa01596ea, L:/127.0.0.1:58377 - R:localhost/127.0.0.1:6007]' for 'POST' to 'http://localhost:6007/session/52da67b5e6833d85e130652ec4676557/execute/sync'
10:50:37.650 [Forwarding isElementDisplayed on session 52da67b5e6833d85e130652ec4676557 to remote] DEBUG org.asynchttpclient.netty.request.NettyRequestSender - Using open Channel [id: 0xa01596ea, L:/127.0.0.1:58377 - R:localhost/127.0.0.1:6007] for POST '/session/52da67b5e6833d85e130652ec4676557/execute/sync'
10:50:37.671 [AsyncHttpClient-1-8] DEBUG org.asynchttpclient.netty.handler.HttpHandler - 

Request DefaultHttpRequest(decodeResult: success, version: HTTP/1.1)
POST /session/52da67b5e6833d85e130652ec4676557/execute/sync HTTP/1.1
User-Agent: selenium/4.8.1 (java windows)
Content-Length: 48807
Content-Type: application/json; charset=utf-8
host: localhost:6007
accept: */*

Response DefaultHttpResponse(decodeResult: success, version: HTTP/1.1)
HTTP/1.1 200 OK
Content-Length: 14
Content-Type: application/json; charset=utf-8
cache-control: no-cache

10:50:37.671 [AsyncHttpClient-1-8] DEBUG org.asynchttpclient.netty.channel.ChannelManager - Adding key: http://localhost:6007 for channel [id: 0xa01596ea, L:/127.0.0.1:58377 - R:localhost/127.0.0.1:6007]
10:50:37.677 [Forwarding findElements on session 52da67b5e6833d85e130652ec4676557 to remote] DEBUG org.asynchttpclient.netty.request.NettyRequestSender - Using pooled Channel '[id: 0xa01596ea, L:/127.0.0.1:58377 - R:localhost/127.0.0.1:6007]' for 'POST' to 'http://localhost:6007/session/52da67b5e6833d85e130652ec4676557/elements'
10:50:37.677 [Forwarding findElements on session 52da67b5e6833d85e130652ec4676557 to remote] DEBUG org.asynchttpclient.netty.request.NettyRequestSender - Using open Channel [id: 0xa01596ea, L:/127.0.0.1:58377 - R:localhost/127.0.0.1:6007] for POST '/session/52da67b5e6833d85e130652ec4676557/elements'
10:50:37.685 [AsyncHttpClient-1-8] DEBUG org.asynchttpclient.netty.handler.HttpHandler - 

Request DefaultHttpRequest(decodeResult: success, version: HTTP/1.1)
POST /session/52da67b5e6833d85e130652ec4676557/elements HTTP/1.1
User-Agent: selenium/4.8.1 (java windows)
Content-Length: 222
Content-Type: application/json; charset=utf-8
host: localhost:6007
accept: */*

Response DefaultHttpResponse(decodeResult: success, version: HTTP/1.1)
HTTP/1.1 200 OK
Content-Length: 90
Content-Type: application/json; charset=utf-8
cache-control: no-cache

10:50:37.685 [AsyncHttpClient-1-8] DEBUG org.asynchttpclient.netty.channel.ChannelManager - Adding key: http://localhost:6007 for channel [id: 0xa01596ea, L:/127.0.0.1:58377 - R:localhost/127.0.0.1:6007]
10:50:37.690 [Forwarding setTimeout on session 52da67b5e6833d85e130652ec4676557 to remote] DEBUG org.asynchttpclient.netty.request.NettyRequestSender - Using pooled Channel '[id: 0xa01596ea, L:/127.0.0.1:58377 - R:localhost/127.0.0.1:6007]' for 'POST' to 'http://localhost:6007/session/52da67b5e6833d85e130652ec4676557/timeouts'
10:50:37.690 [Forwarding setTimeout on session 52da67b5e6833d85e130652ec4676557 to remote] DEBUG org.asynchttpclient.netty.request.NettyRequestSender - Using open Channel [id: 0xa01596ea, L:/127.0.0.1:58377 - R:localhost/127.0.0.1:6007] for POST '/session/52da67b5e6833d85e130652ec4676557/timeouts'
10:50:37.691 [AsyncHttpClient-1-8] DEBUG org.asynchttpclient.netty.handler.HttpHandler - 

Request DefaultHttpRequest(decodeResult: success, version: HTTP/1.1)
POST /session/52da67b5e6833d85e130652ec4676557/timeouts HTTP/1.1
User-Agent: selenium/4.8.1 (java windows)
Content-Length: 22
Content-Type: application/json; charset=utf-8
host: localhost:6007
accept: */*

Response DefaultHttpResponse(decodeResult: success, version: HTTP/1.1)
HTTP/1.1 200 OK
Content-Length: 14
Content-Type: application/json; charset=utf-8
cache-control: no-cache

10:50:37.691 [AsyncHttpClient-1-8] DEBUG org.asynchttpclient.netty.channel.ChannelManager - Adding key: http://localhost:6007 for channel [id: 0xa01596ea, L:/127.0.0.1:58377 - R:localhost/127.0.0.1:6007]
10:50:37.693 [Forwarding isElementDisplayed on session 52da67b5e6833d85e130652ec4676557 to remote] DEBUG org.asynchttpclient.netty.request.NettyRequestSender - Using pooled Channel '[id: 0xa01596ea, L:/127.0.0.1:58377 - R:localhost/127.0.0.1:6007]' for 'POST' to 'http://localhost:6007/session/52da67b5e6833d85e130652ec4676557/execute/sync'
10:50:37.693 [Forwarding isElementDisplayed on session 52da67b5e6833d85e130652ec4676557 to remote] DEBUG org.asynchttpclient.netty.request.NettyRequestSender - Using open Channel [id: 0xa01596ea, L:/127.0.0.1:58377 - R:localhost/127.0.0.1:6007] for POST '/session/52da67b5e6833d85e130652ec4676557/execute/sync'
10:50:37.711 [AsyncHttpClient-1-8] DEBUG org.asynchttpclient.netty.handler.HttpHandler - 

Request DefaultHttpRequest(decodeResult: success, version: HTTP/1.1)
POST /session/52da67b5e6833d85e130652ec4676557/execute/sync HTTP/1.1
User-Agent: selenium/4.8.1 (java windows)
Content-Length: 48807
Content-Type: application/json; charset=utf-8
host: localhost:6007
accept: */*

Response DefaultHttpResponse(decodeResult: success, version: HTTP/1.1)
HTTP/1.1 200 OK
Content-Length: 14
Content-Type: application/json; charset=utf-8
cache-control: no-cache

10:50:37.711 [AsyncHttpClient-1-8] DEBUG org.asynchttpclient.netty.channel.ChannelManager - Adding key: http://localhost:6007 for channel [id: 0xa01596ea, L:/127.0.0.1:58377 - R:localhost/127.0.0.1:6007]
10:50:37.719 [Forwarding getAlertText on session 52da67b5e6833d85e130652ec4676557 to remote] DEBUG org.asynchttpclient.netty.request.NettyRequestSender - Using pooled Channel '[id: 0xa01596ea, L:/127.0.0.1:58377 - R:localhost/127.0.0.1:6007]' for 'GET' to 'http://localhost:6007/session/52da67b5e6833d85e130652ec4676557/alert/text'
10:50:37.720 [Forwarding getAlertText on session 52da67b5e6833d85e130652ec4676557 to remote] DEBUG org.asynchttpclient.netty.request.NettyRequestSender - Using open Channel [id: 0xa01596ea, L:/127.0.0.1:58377 - R:localhost/127.0.0.1:6007] for GET '/session/52da67b5e6833d85e130652ec4676557/alert/text'
10:50:37.721 [AsyncHttpClient-1-8] DEBUG org.asynchttpclient.netty.handler.HttpHandler - 

Request DefaultFullHttpRequest(decodeResult: success, version: HTTP/1.1, content: EmptyByteBufBE)
GET /session/52da67b5e6833d85e130652ec4676557/alert/text HTTP/1.1
User-Agent: selenium/4.8.1 (java windows)
Cache-Control: no-cache
Content-Type: application/json; charset=utf-8
host: localhost:6007
accept: */*

Response DefaultHttpResponse(decodeResult: success, version: HTTP/1.1)
HTTP/1.1 404 Not Found
Content-Length: 848
Content-Type: application/json; charset=utf-8
cache-control: no-cache

10:50:37.722 [AsyncHttpClient-1-8] DEBUG org.asynchttpclient.netty.channel.ChannelManager - Adding key: http://localhost:6007 for channel [id: 0xa01596ea, L:/127.0.0.1:58377 - R:localhost/127.0.0.1:6007]
10:50:37.723 [Forwarding getCurrentUrl on session 52da67b5e6833d85e130652ec4676557 to remote] DEBUG org.asynchttpclient.netty.request.NettyRequestSender - Using pooled Channel '[id: 0xa01596ea, L:/127.0.0.1:58377 - R:localhost/127.0.0.1:6007]' for 'GET' to 'http://localhost:6007/session/52da67b5e6833d85e130652ec4676557/url'
10:50:37.723 [Forwarding getCurrentUrl on session 52da67b5e6833d85e130652ec4676557 to remote] DEBUG org.asynchttpclient.netty.request.NettyRequestSender - Using open Channel [id: 0xa01596ea, L:/127.0.0.1:58377 - R:localhost/127.0.0.1:6007] for GET '/session/52da67b5e6833d85e130652ec4676557/url'
10:50:37.727 [AsyncHttpClient-1-8] DEBUG org.asynchttpclient.netty.handler.HttpHandler - 

Request DefaultFullHttpRequest(decodeResult: success, version: HTTP/1.1, content: EmptyByteBufBE)
GET /session/52da67b5e6833d85e130652ec4676557/url HTTP/1.1
User-Agent: selenium/4.8.1 (java windows)
Cache-Control: no-cache
Content-Type: application/json; charset=utf-8
host: localhost:6007
accept: */*

Response DefaultHttpResponse(decodeResult: success, version: HTTP/1.1)
HTTP/1.1 200 OK
Content-Length: 46
Content-Type: application/json; charset=utf-8
cache-control: no-cache

10:50:37.727 [AsyncHttpClient-1-8] DEBUG org.asynchttpclient.netty.channel.ChannelManager - Adding key: http://localhost:6007 for channel [id: 0xa01596ea, L:/127.0.0.1:58377 - R:localhost/127.0.0.1:6007]
10:50:37.728 [Forwarding screenshot on session 52da67b5e6833d85e130652ec4676557 to remote] DEBUG org.asynchttpclient.netty.request.NettyRequestSender - Using pooled Channel '[id: 0xa01596ea, L:/127.0.0.1:58377 - R:localhost/127.0.0.1:6007]' for 'GET' to 'http://localhost:6007/session/52da67b5e6833d85e130652ec4676557/screenshot'
10:50:37.728 [Forwarding screenshot on session 52da67b5e6833d85e130652ec4676557 to remote] DEBUG org.asynchttpclient.netty.request.NettyRequestSender - Using open Channel [id: 0xa01596ea, L:/127.0.0.1:58377 - R:localhost/127.0.0.1:6007] for GET '/session/52da67b5e6833d85e130652ec4676557/screenshot'
10:50:37.837 [AsyncHttpClient-1-8] DEBUG org.asynchttpclient.netty.handler.HttpHandler - 

Request DefaultFullHttpRequest(decodeResult: success, version: HTTP/1.1, content: EmptyByteBufBE)
GET /session/52da67b5e6833d85e130652ec4676557/screenshot HTTP/1.1
User-Agent: selenium/4.8.1 (java windows)
Cache-Control: no-cache
Content-Type: application/json; charset=utf-8
host: localhost:6007
accept: */*

Response DefaultHttpResponse(decodeResult: success, version: HTTP/1.1)
HTTP/1.1 200 OK
Content-Length: 32716
Content-Type: application/json; charset=utf-8
cache-control: no-cache

10:50:37.838 [AsyncHttpClient-1-8] DEBUG org.asynchttpclient.netty.channel.ChannelManager - Adding key: http://localhost:6007 for channel [id: 0xa01596ea, L:/127.0.0.1:58377 - R:localhost/127.0.0.1:6007]
10:50:37.840 [main] DEBUG net.serenitybdd.core.photography.Darkroom - Send negative for processing for target\site\serenity\0d02f50f9e7e4870a72b98e50850a142bf99fc3070e603fe6658997646e5ddc0.png
10:50:37.840 [main] DEBUG net.thucydides.core.steps.StepInterceptor - STEP DONE: bayarButtonDisplayed
  &amp#27;[32mAnd &amp#27;[0m&amp#27;[32mUser success order&amp#27;[0m                                                             &amp#27;[90m# starter.stepdefinition.IntegrationSteps.order()&amp#27;[0m
10:50:37.879 [Forwarding getPageSource on session 52da67b5e6833d85e130652ec4676557 to remote] DEBUG org.asynchttpclient.netty.request.NettyRequestSender - Using pooled Channel '[id: 0xa01596ea, L:/127.0.0.1:58377 - R:localhost/127.0.0.1:6007]' for 'POST' to 'http://localhost:6007/session/52da67b5e6833d85e130652ec4676557/execute/sync'
10:50:37.879 [Forwarding getPageSource on session 52da67b5e6833d85e130652ec4676557 to remote] DEBUG org.asynchttpclient.netty.request.NettyRequestSender - Using open Channel [id: 0xa01596ea, L:/127.0.0.1:58377 - R:localhost/127.0.0.1:6007] for POST '/session/52da67b5e6833d85e130652ec4676557/execute/sync'
10:50:37.885 [AsyncHttpClient-1-8] DEBUG org.asynchttpclient.netty.handler.HttpHandler - 

Request DefaultHttpRequest(decodeResult: success, version: HTTP/1.1)
POST /session/52da67b5e6833d85e130652ec4676557/execute/sync HTTP/1.1
User-Agent: selenium/4.8.1 (java windows)
Content-Length: 176
Content-Type: application/json; charset=utf-8
host: localhost:6007
accept: */*

Response DefaultHttpResponse(decodeResult: success, version: HTTP/1.1)
HTTP/1.1 200 OK
Content-Length: 22058
Content-Type: application/json; charset=utf-8
cache-control: no-cache

10:50:37.885 [AsyncHttpClient-1-8] DEBUG org.asynchttpclient.netty.channel.ChannelManager - Adding key: http://localhost:6007 for channel [id: 0xa01596ea, L:/127.0.0.1:58377 - R:localhost/127.0.0.1:6007]
10:50:37.887 [Forwarding getCurrentUrl on session 52da67b5e6833d85e130652ec4676557 to remote] DEBUG org.asynchttpclient.netty.request.NettyRequestSender - Using pooled Channel '[id: 0xa01596ea, L:/127.0.0.1:58377 - R:localhost/127.0.0.1:6007]' for 'GET' to 'http://localhost:6007/session/52da67b5e6833d85e130652ec4676557/url'
10:50:37.887 [Forwarding getCurrentUrl on session 52da67b5e6833d85e130652ec4676557 to remote] DEBUG org.asynchttpclient.netty.request.NettyRequestSender - Using open Channel [id: 0xa01596ea, L:/127.0.0.1:58377 - R:localhost/127.0.0.1:6007] for GET '/session/52da67b5e6833d85e130652ec4676557/url'
10:50:37.892 [AsyncHttpClient-1-8] DEBUG org.asynchttpclient.netty.handler.HttpHandler - 

Request DefaultFullHttpRequest(decodeResult: success, version: HTTP/1.1, content: EmptyByteBufBE)
GET /session/52da67b5e6833d85e130652ec4676557/url HTTP/1.1
User-Agent: selenium/4.8.1 (java windows)
Cache-Control: no-cache
Content-Type: application/json; charset=utf-8
host: localhost:6007
accept: */*

Response DefaultHttpResponse(decodeResult: success, version: HTTP/1.1)
HTTP/1.1 200 OK
Content-Length: 46
Content-Type: application/json; charset=utf-8
cache-control: no-cache

10:50:37.892 [AsyncHttpClient-1-8] DEBUG org.asynchttpclient.netty.channel.ChannelManager - Adding key: http://localhost:6007 for channel [id: 0xa01596ea, L:/127.0.0.1:58377 - R:localhost/127.0.0.1:6007]
  &amp#27;[32mThen &amp#27;[0m&amp#27;[32mWeb integration test success&amp#27;[0m                                                  &amp#27;[90m# starter.stepdefinition.IntegrationSteps.webIntegrationSuccess()&amp#27;[0m
10:50:37.903 [Forwarding getAlertText on session 52da67b5e6833d85e130652ec4676557 to remote] DEBUG org.asynchttpclient.netty.request.NettyRequestSender - Using pooled Channel '[id: 0xa01596ea, L:/127.0.0.1:58377 - R:localhost/127.0.0.1:6007]' for 'GET' to 'http://localhost:6007/session/52da67b5e6833d85e130652ec4676557/alert/text'
10:50:37.903 [Forwarding getAlertText on session 52da67b5e6833d85e130652ec4676557 to remote] DEBUG org.asynchttpclient.netty.request.NettyRequestSender - Using open Channel [id: 0xa01596ea, L:/127.0.0.1:58377 - R:localhost/127.0.0.1:6007] for GET '/session/52da67b5e6833d85e130652ec4676557/alert/text'
10:50:37.904 [AsyncHttpClient-1-8] DEBUG org.asynchttpclient.netty.handler.HttpHandler - 

Request DefaultFullHttpRequest(decodeResult: success, version: HTTP/1.1, content: EmptyByteBufBE)
GET /session/52da67b5e6833d85e130652ec4676557/alert/text HTTP/1.1
User-Agent: selenium/4.8.1 (java windows)
Cache-Control: no-cache
Content-Type: application/json; charset=utf-8
host: localhost:6007
accept: */*

Response DefaultHttpResponse(decodeResult: success, version: HTTP/1.1)
HTTP/1.1 404 Not Found
Content-Length: 848
Content-Type: application/json; charset=utf-8
cache-control: no-cache

10:50:37.905 [AsyncHttpClient-1-8] DEBUG org.asynchttpclient.netty.channel.ChannelManager - Adding key: http://localhost:6007 for channel [id: 0xa01596ea, L:/127.0.0.1:58377 - R:localhost/127.0.0.1:6007]
10:50:37.906 [Forwarding getCurrentUrl on session 52da67b5e6833d85e130652ec4676557 to remote] DEBUG org.asynchttpclient.netty.request.NettyRequestSender - Using pooled Channel '[id: 0xa01596ea, L:/127.0.0.1:58377 - R:localhost/127.0.0.1:6007]' for 'GET' to 'http://localhost:6007/session/52da67b5e6833d85e130652ec4676557/url'
10:50:37.906 [Forwarding getCurrentUrl on session 52da67b5e6833d85e130652ec4676557 to remote] DEBUG org.asynchttpclient.netty.request.NettyRequestSender - Using open Channel [id: 0xa01596ea, L:/127.0.0.1:58377 - R:localhost/127.0.0.1:6007] for GET '/session/52da67b5e6833d85e130652ec4676557/url'
10:50:37.910 [AsyncHttpClient-1-8] DEBUG org.asynchttpclient.netty.handler.HttpHandler - 

Request DefaultFullHttpRequest(decodeResult: success, version: HTTP/1.1, content: EmptyByteBufBE)
GET /session/52da67b5e6833d85e130652ec4676557/url HTTP/1.1
User-Agent: selenium/4.8.1 (java windows)
Cache-Control: no-cache
Content-Type: application/json; charset=utf-8
host: localhost:6007
accept: */*

Response DefaultHttpResponse(decodeResult: success, version: HTTP/1.1)
HTTP/1.1 200 OK
Content-Length: 46
Content-Type: application/json; charset=utf-8
cache-control: no-cache

10:50:37.910 [AsyncHttpClient-1-8] DEBUG org.asynchttpclient.netty.channel.ChannelManager - Adding key: http://localhost:6007 for channel [id: 0xa01596ea, L:/127.0.0.1:58377 - R:localhost/127.0.0.1:6007]
10:50:37.911 [Forwarding screenshot on session 52da67b5e6833d85e130652ec4676557 to remote] DEBUG org.asynchttpclient.netty.request.NettyRequestSender - Using pooled Channel '[id: 0xa01596ea, L:/127.0.0.1:58377 - R:localhost/127.0.0.1:6007]' for 'GET' to 'http://localhost:6007/session/52da67b5e6833d85e130652ec4676557/screenshot'
10:50:37.911 [Forwarding screenshot on session 52da67b5e6833d85e130652ec4676557 to remote] DEBUG org.asynchttpclient.netty.request.NettyRequestSender - Using open Channel [id: 0xa01596ea, L:/127.0.0.1:58377 - R:localhost/127.0.0.1:6007] for GET '/session/52da67b5e6833d85e130652ec4676557/screenshot'
10:50:38.025 [AsyncHttpClient-1-8] DEBUG org.asynchttpclient.netty.handler.HttpHandler - 

Request DefaultFullHttpRequest(decodeResult: success, version: HTTP/1.1, content: EmptyByteBufBE)
GET /session/52da67b5e6833d85e130652ec4676557/screenshot HTTP/1.1
User-Agent: selenium/4.8.1 (java windows)
Cache-Control: no-cache
Content-Type: application/json; charset=utf-8
host: localhost:6007
accept: */*

Response DefaultHttpResponse(decodeResult: success, version: HTTP/1.1)
HTTP/1.1 200 OK
Content-Length: 32716
Content-Type: application/json; charset=utf-8
cache-control: no-cache

10:50:38.025 [AsyncHttpClient-1-8] DEBUG org.asynchttpclient.netty.channel.ChannelManager - Adding key: http://localhost:6007 for channel [id: 0xa01596ea, L:/127.0.0.1:58377 - R:localhost/127.0.0.1:6007]
10:50:38.027 [main] DEBUG net.serenitybdd.core.photography.Darkroom - Send negative for processing for target\site\serenity\0d02f50f9e7e4870a72b98e50850a142bf99fc3070e603fe6658997646e5ddc0.png
10:50:38.037 [main] INFO  - 
  _____   ___   ___   _____     ___     _     ___   ___   ___   ___  
 |_   _| | __| / __| |_   _|   | _ \   /_\   / __| / __| | __| |   \ 
   | |   | _|  \__ \   | |     |  _/  / _ \  \__ \ \__ \ | _|  | |) |
   |_|   |___| |___/   |_|     |_|   /_/ \_\ |___/ |___/ |___| |___/ 

WB028 - User register, login, add to cart, order, view transaction history
----------------------------------------------------------------------
10:50:38.048 [Driver Command Executor] DEBUG org.asynchttpclient.netty.request.NettyRequestSender - Using pooled Channel '[id: 0xa01596ea, L:/127.0.0.1:58377 - R:localhost/127.0.0.1:6007]' for 'DELETE' to 'http://localhost:6007/session/52da67b5e6833d85e130652ec4676557'
10:50:38.050 [Driver Command Executor] DEBUG org.asynchttpclient.netty.request.NettyRequestSender - Using open Channel [id: 0xa01596ea, L:/127.0.0.1:58377 - R:localhost/127.0.0.1:6007] for DELETE '/session/52da67b5e6833d85e130652ec4676557'
10:50:38.055 [AsyncHttpClient-1-2] DEBUG org.asynchttpclient.netty.handler.WebSocketHandler - Channel Closed: [id: 0x9668df71, L:/127.0.0.1:58386 ! R:localhost/127.0.0.1:58378] with attribute NettyResponseFuture{currentRetry=0,
	isDone=1,
	isCancelled=0,
	asyncHandler=org.asynchttpclient.ws.WebSocketUpgradeHandler@4d394b45,
	nettyRequest=org.asynchttpclient.netty.request.NettyRequest@762b7da9,
	future=java.util.concurrent.CompletableFuture@60b40aa5[Completed normally],
	uri=ws://localhost:58378/devtools/browser/92472cae-4d11-4381-abe4-09b06839d08d,
	keepAlive=true,
	redirectCount=0,
	timeoutsHolder=null,
	inAuth=0,
	touch=1683776909888}
10:50:38.057 [AsyncHttpClient-1-2] DEBUG org.asynchttpclient.netty.channel.ChannelManager - Closing Channel [id: 0x9668df71, L:/127.0.0.1:58386 ! R:localhost/127.0.0.1:58378] 
10:50:43.423 [AsyncHttpClient-1-8] DEBUG org.asynchttpclient.netty.handler.HttpHandler - 

Request DefaultFullHttpRequest(decodeResult: success, version: HTTP/1.1, content: EmptyByteBufBE)
DELETE /session/52da67b5e6833d85e130652ec4676557 HTTP/1.1
User-Agent: selenium/4.8.1 (java windows)
Content-Type: application/json; charset=utf-8
host: localhost:6007
accept: */*

Response DefaultHttpResponse(decodeResult: success, version: HTTP/1.1)
HTTP/1.1 200 OK
Content-Length: 14
Content-Type: application/json; charset=utf-8
cache-control: no-cache

10:50:43.424 [AsyncHttpClient-1-8] DEBUG org.asynchttpclient.netty.channel.ChannelManager - Adding key: http://localhost:6007 for channel [id: 0xa01596ea, L:/127.0.0.1:58377 - R:localhost/127.0.0.1:6007]
10:50:43.541 [AsyncHttpClient-1-8] DEBUG org.asynchttpclient.netty.handler.HttpHandler - Channel Closed: [id: 0xa01596ea, L:/127.0.0.1:58377 ! R:localhost/127.0.0.1:6007] with attribute DISCARD
]]></system-out>
    <system-err><![CDATA[Starting ChromeDriver 112.0.5615.49 (bd2a7bcb881c11e8cfe3078709382934e3916914-refs/branch-heads/5615@{#936}) on port 6007
Only local connections are allowed.
Please see https://chromedriver.chromium.org/security-considerations for suggestions on keeping ChromeDriver safe.
ChromeDriver was started successfully.
May 11, 2023 10:48:29 AM org.openqa.selenium.devtools.CdpVersionFinder findNearestMatch
WARNING: Unable to find an exact match for CDP version 112, so returning the closest version found: 110
]]></system-err>
  </testcase>
  <testcase name="WB029 - User register, login, select categories, clear categories" classname="Integration" time="17.025">
    <error type="net.thucydides.core.webdriver.exceptions.ElementShouldBeEnabledException"><![CDATA[net.thucydides.core.webdriver.exceptions.ElementShouldBeEnabledException: Expected enabled element was not enabled
Caused by: org.openqa.selenium.TimeoutException: Expected condition failed: waiting for By.xpath: /html/body/div/div/main/div/div/div[1]/div/div[1]/div[1]/div[3] to be enabled (tried for 5 second(s) with 100 milliseconds interval)
Caused by: org.openqa.selenium.NoSuchElementException: 
no such element: Unable to locate element: {"method":"xpath","selector":"/html/body/div/div/main/div/div/div[1]/div/div[1]/div[1]/div[3]"}
  (Session info: chrome=112.0.5615.140)
For documentation on this error, please visit: https://selenium.dev/exceptions/#no_such_element
Build info: version: '4.8.1', revision: '8ebccac989'
System info: os.name: 'Windows 10', os.arch: 'amd64', os.version: '10.0', java.version: '19.0.2'
Driver info: org.openqa.selenium.chrome.ChromeDriver
Command: [9ba4f3f78feeafea4811ed1ee668c62d, findElement {using=xpath, value=/html/body/div/div/main/div/div/div[1]/div/div[1]/div[1]/div[3]}]
Capabilities {acceptInsecureCerts: false, browserName: chrome, browserVersion: 112.0.5615.140, chrome: {chromedriverVersion: 112.0.5615.49 (bd2a7bcb881c..., userDataDir: C:\Users\User\AppData\Local...}, goog:chromeOptions: {debuggerAddress: localhost:58535}, networkConnectionEnabled: false, pageLoadStrategy: normal, platformName: WINDOWS, proxy: Proxy(), se:cdp: ws://localhost:58535/devtoo..., se:cdpVersion: 112.0.5615.140, setWindowRect: true, strictFileInteractability: false, timeouts: {implicit: 0, pageLoad: 300000, script: 30000}, unhandledPromptBehavior: dismiss and notify, webauthn:extension:credBlob: true, webauthn:extension:largeBlob: true, webauthn:extension:minPinLength: true, webauthn:extension:prf: true, webauthn:virtualAuthenticators: true}
Session ID: 9ba4f3f78feeafea4811ed1ee668c62d
]]></error>
    <system-out><![CDATA[10:50:43.647 [AsyncHttpClient-1-1] DEBUG org.asynchttpclient.netty.channel.DefaultChannelPool - Entry count for : http://localhost:6007 : 1
10:50:43.647 [AsyncHttpClient-1-1] DEBUG org.asynchttpclient.netty.channel.DefaultChannelPool - Adding Candidate expired Channel [id: 0xa01596ea, L:/127.0.0.1:58377 ! R:localhost/127.0.0.1:6007] isIdleTimeoutExpired=false isRemotelyClosed=true isTtlExpired=false
10:50:43.647 [AsyncHttpClient-1-1] DEBUG org.asynchttpclient.netty.channel.DefaultChannelPool - Closing Idle Channel [id: 0xa01596ea, L:/127.0.0.1:58377 ! R:localhost/127.0.0.1:6007]
10:50:43.648 [AsyncHttpClient-1-1] DEBUG org.asynchttpclient.netty.channel.DefaultChannelPool - Closed 1 connections out of 1 in 1 ms

Scenario: WB029 - User register, login, select categories, clear categories &amp#27;[90m# src/test/resources/features/06Integration.feature:26&amp#27;[0m
10:50:43.680 [main] DEBUG io.cucumber.core.plugin.SerenityReporter - Running feature from file:///C:/Users/User/IdeaProjects/IntegrationTest/src/test/resources/features/06Integration.feature
10:50:43.685 [main] INFO  - 
  _____   ___   ___   _____     ___   _____     _     ___   _____   ___   ___  
 |_   _| | __| / __| |_   _|   / __| |_   _|   /_\   | _ \ |_   _| | __| |   \ 
   | |   | _|  \__ \   | |     \__ \   | |    / _ \  |   /   | |   | _|  | |) |
   |_|   |___| |___/   |_|     |___/   |_|   /_/ \_\ |_|_\   |_|   |___| |___/ 

WB029 - User register, login, select categories, clear categories(integration;wb029---user-register--login--select-categories--clear-categories)
--------------------------------------------------------------------------------
  &amp#27;[32mGiven &amp#27;[0m&amp#27;[32mUser on the register web pages&amp#27;[0m                                      &amp#27;[90m# starter.stepdefinition.IntegrationSteps.regPage()&amp#27;[0m
10:50:43.939 [main] INFO net.serenitybdd.core.webdriver.driverproviders.ChromeDriverProvider - Starting Chrome driver instance with capabilities:
10:50:43.940 [main] INFO net.serenitybdd.core.webdriver.driverproviders.ChromeDriverProvider - Capabilities {acceptInsecureCerts: false, browserName: chrome, goog:chromeOptions: {args: [remote-allow-origins=*], extensions: []}}
10:50:44.865 [AsyncHttpClient-1-3] DEBUG org.asynchttpclient.netty.channel.NettyConnectListener - Using new Channel '[id: 0xf79c9f72, L:/127.0.0.1:58534 - R:localhost/127.0.0.1:36278]' for 'POST' to '/session'
10:50:47.423 [AsyncHttpClient-1-3] DEBUG org.asynchttpclient.netty.handler.HttpHandler - 

Request DefaultHttpRequest(decodeResult: success, version: HTTP/1.1)
POST /session HTTP/1.1
User-Agent: selenium/4.8.1 (java windows)
Content-Length: 507
Content-Type: application/json; charset=utf-8
host: localhost:36278
accept: */*

Response DefaultHttpResponse(decodeResult: success, version: HTTP/1.1)
HTTP/1.1 200 OK
Content-Length: 859
Content-Type: application/json; charset=utf-8
cache-control: no-cache

10:50:47.423 [AsyncHttpClient-1-3] DEBUG org.asynchttpclient.netty.channel.ChannelManager - Adding key: http://localhost:36278 for channel [id: 0xf79c9f72, L:/127.0.0.1:58534 - R:localhost/127.0.0.1:36278]
10:50:47.445 [AsyncHttpClient-1-4] DEBUG org.asynchttpclient.netty.channel.NettyConnectListener - Using new Channel '[id: 0x53b4a031, L:/127.0.0.1:58543 - R:localhost/127.0.0.1:58535]' for 'GET' to '/json/version'
10:50:47.446 [AsyncHttpClient-1-4] DEBUG org.asynchttpclient.netty.handler.HttpHandler - 

Request DefaultFullHttpRequest(decodeResult: success, version: HTTP/1.1, content: EmptyByteBufBE)
GET /json/version HTTP/1.1
User-Agent: selenium/4.8.1 (java windows)
host: localhost:58535
accept: */*

Response DefaultHttpResponse(decodeResult: success, version: HTTP/1.1)
HTTP/1.1 200 OK
Content-Security-Policy: frame-ancestors 'none'
Content-Length: 424
Content-Type: application/json; charset=UTF-8

10:50:47.446 [AsyncHttpClient-1-4] DEBUG org.asynchttpclient.netty.channel.ChannelManager - Adding key: http://localhost:58535 for channel [id: 0x53b4a031, L:/127.0.0.1:58543 - R:localhost/127.0.0.1:58535]
10:50:47.452 [AsyncHttpClient-1-5] DEBUG org.asynchttpclient.netty.channel.NettyConnectListener - Using new Channel '[id: 0x2a4bdef9, L:/127.0.0.1:58544 - R:localhost/127.0.0.1:58535]' for 'GET' to '/devtools/browser/de57890c-546a-4c73-ac36-12b5df10f642'
10:50:47.454 [AsyncHttpClient-1-5] DEBUG org.asynchttpclient.netty.handler.WebSocketHandler - 

Request DefaultFullHttpRequest(decodeResult: success, version: HTTP/1.1, content: EmptyByteBufBE)
GET /devtools/browser/de57890c-546a-4c73-ac36-12b5df10f642 HTTP/1.1
upgrade: websocket
connection: upgrade
sec-websocket-key: zah6tnaAuUtADpMsIBXOvQ==
sec-websocket-version: 13
origin: http://localhost:58535
host: localhost:58535
accept: */*
user-agent: AHC/2.1

Response DefaultHttpResponse(decodeResult: success, version: HTTP/1.1)
HTTP/1.1 101 WebSocket Protocol Handshake
Upgrade: WebSocket
Connection: Upgrade
Sec-WebSocket-Accept: ipREeVkDDaH3NCDn2oE72yJjsLI=

10:50:47.465 [Forwarding maximizeCurrentWindow on session 9ba4f3f78feeafea4811ed1ee668c62d to remote] DEBUG org.asynchttpclient.netty.request.NettyRequestSender - Using pooled Channel '[id: 0xf79c9f72, L:/127.0.0.1:58534 - R:localhost/127.0.0.1:36278]' for 'POST' to 'http://localhost:36278/session/9ba4f3f78feeafea4811ed1ee668c62d/window/maximize'
10:50:47.465 [Forwarding maximizeCurrentWindow on session 9ba4f3f78feeafea4811ed1ee668c62d to remote] DEBUG org.asynchttpclient.netty.request.NettyRequestSender - Using open Channel [id: 0xf79c9f72, L:/127.0.0.1:58534 - R:localhost/127.0.0.1:36278] for POST '/session/9ba4f3f78feeafea4811ed1ee668c62d/window/maximize'
10:50:47.583 [AsyncHttpClient-1-3] DEBUG org.asynchttpclient.netty.handler.HttpHandler - 

Request DefaultHttpRequest(decodeResult: success, version: HTTP/1.1)
POST /session/9ba4f3f78feeafea4811ed1ee668c62d/window/maximize HTTP/1.1
User-Agent: selenium/4.8.1 (java windows)
Content-Length: 3
Content-Type: application/json; charset=utf-8
host: localhost:36278
accept: */*

Response DefaultHttpResponse(decodeResult: success, version: HTTP/1.1)
HTTP/1.1 200 OK
Content-Length: 51
Content-Type: application/json; charset=utf-8
cache-control: no-cache

10:50:47.584 [AsyncHttpClient-1-3] DEBUG org.asynchttpclient.netty.channel.ChannelManager - Adding key: http://localhost:36278 for channel [id: 0xf79c9f72, L:/127.0.0.1:58534 - R:localhost/127.0.0.1:36278]
10:50:47.587 [Forwarding get on session 9ba4f3f78feeafea4811ed1ee668c62d to remote] DEBUG org.asynchttpclient.netty.request.NettyRequestSender - Using pooled Channel '[id: 0xf79c9f72, L:/127.0.0.1:58534 - R:localhost/127.0.0.1:36278]' for 'POST' to 'http://localhost:36278/session/9ba4f3f78feeafea4811ed1ee668c62d/url'
10:50:47.587 [Forwarding get on session 9ba4f3f78feeafea4811ed1ee668c62d to remote] DEBUG org.asynchttpclient.netty.request.NettyRequestSender - Using open Channel [id: 0xf79c9f72, L:/127.0.0.1:58534 - R:localhost/127.0.0.1:36278] for POST '/session/9ba4f3f78feeafea4811ed1ee668c62d/url'
10:50:48.053 [AsyncHttpClient-1-1] DEBUG org.asynchttpclient.netty.channel.DefaultChannelPool - Entry count for : http://localhost:58535 : 1
10:50:48.499 [AsyncHttpClient-1-3] DEBUG org.asynchttpclient.netty.handler.HttpHandler - 

Request DefaultHttpRequest(decodeResult: success, version: HTTP/1.1)
POST /session/9ba4f3f78feeafea4811ed1ee668c62d/url HTTP/1.1
User-Agent: selenium/4.8.1 (java windows)
Content-Length: 77
Content-Type: application/json; charset=utf-8
host: localhost:36278
accept: */*

Response DefaultHttpResponse(decodeResult: success, version: HTTP/1.1)
HTTP/1.1 200 OK
Content-Length: 14
Content-Type: application/json; charset=utf-8
cache-control: no-cache

10:50:48.499 [AsyncHttpClient-1-3] DEBUG org.asynchttpclient.netty.channel.ChannelManager - Adding key: http://localhost:36278 for channel [id: 0xf79c9f72, L:/127.0.0.1:58534 - R:localhost/127.0.0.1:36278]
10:50:48.501 [Forwarding setTimeout on session 9ba4f3f78feeafea4811ed1ee668c62d to remote] DEBUG org.asynchttpclient.netty.request.NettyRequestSender - Using pooled Channel '[id: 0xf79c9f72, L:/127.0.0.1:58534 - R:localhost/127.0.0.1:36278]' for 'POST' to 'http://localhost:36278/session/9ba4f3f78feeafea4811ed1ee668c62d/timeouts'
10:50:48.501 [Forwarding setTimeout on session 9ba4f3f78feeafea4811ed1ee668c62d to remote] DEBUG org.asynchttpclient.netty.request.NettyRequestSender - Using open Channel [id: 0xf79c9f72, L:/127.0.0.1:58534 - R:localhost/127.0.0.1:36278] for POST '/session/9ba4f3f78feeafea4811ed1ee668c62d/timeouts'
10:50:48.503 [AsyncHttpClient-1-3] DEBUG org.asynchttpclient.netty.handler.HttpHandler - 

Request DefaultHttpRequest(decodeResult: success, version: HTTP/1.1)
POST /session/9ba4f3f78feeafea4811ed1ee668c62d/timeouts HTTP/1.1
User-Agent: selenium/4.8.1 (java windows)
Content-Length: 22
Content-Type: application/json; charset=utf-8
host: localhost:36278
accept: */*

Response DefaultHttpResponse(decodeResult: success, version: HTTP/1.1)
HTTP/1.1 200 OK
Content-Length: 14
Content-Type: application/json; charset=utf-8
cache-control: no-cache

10:50:48.503 [AsyncHttpClient-1-3] DEBUG org.asynchttpclient.netty.channel.ChannelManager - Adding key: http://localhost:36278 for channel [id: 0xf79c9f72, L:/127.0.0.1:58534 - R:localhost/127.0.0.1:36278]
10:50:48.527 [Forwarding getAlertText on session 9ba4f3f78feeafea4811ed1ee668c62d to remote] DEBUG org.asynchttpclient.netty.request.NettyRequestSender - Using pooled Channel '[id: 0xf79c9f72, L:/127.0.0.1:58534 - R:localhost/127.0.0.1:36278]' for 'GET' to 'http://localhost:36278/session/9ba4f3f78feeafea4811ed1ee668c62d/alert/text'
10:50:48.527 [Forwarding getAlertText on session 9ba4f3f78feeafea4811ed1ee668c62d to remote] DEBUG org.asynchttpclient.netty.request.NettyRequestSender - Using open Channel [id: 0xf79c9f72, L:/127.0.0.1:58534 - R:localhost/127.0.0.1:36278] for GET '/session/9ba4f3f78feeafea4811ed1ee668c62d/alert/text'
10:50:48.534 [AsyncHttpClient-1-3] DEBUG org.asynchttpclient.netty.handler.HttpHandler - 

Request DefaultFullHttpRequest(decodeResult: success, version: HTTP/1.1, content: EmptyByteBufBE)
GET /session/9ba4f3f78feeafea4811ed1ee668c62d/alert/text HTTP/1.1
User-Agent: selenium/4.8.1 (java windows)
Cache-Control: no-cache
Content-Type: application/json; charset=utf-8
host: localhost:36278
accept: */*

Response DefaultHttpResponse(decodeResult: success, version: HTTP/1.1)
HTTP/1.1 404 Not Found
Content-Length: 848
Content-Type: application/json; charset=utf-8
cache-control: no-cache

10:50:48.535 [AsyncHttpClient-1-3] DEBUG org.asynchttpclient.netty.channel.ChannelManager - Adding key: http://localhost:36278 for channel [id: 0xf79c9f72, L:/127.0.0.1:58534 - R:localhost/127.0.0.1:36278]
10:50:48.536 [Forwarding getCurrentUrl on session 9ba4f3f78feeafea4811ed1ee668c62d to remote] DEBUG org.asynchttpclient.netty.request.NettyRequestSender - Using pooled Channel '[id: 0xf79c9f72, L:/127.0.0.1:58534 - R:localhost/127.0.0.1:36278]' for 'GET' to 'http://localhost:36278/session/9ba4f3f78feeafea4811ed1ee668c62d/url'
10:50:48.536 [Forwarding getCurrentUrl on session 9ba4f3f78feeafea4811ed1ee668c62d to remote] DEBUG org.asynchttpclient.netty.request.NettyRequestSender - Using open Channel [id: 0xf79c9f72, L:/127.0.0.1:58534 - R:localhost/127.0.0.1:36278] for GET '/session/9ba4f3f78feeafea4811ed1ee668c62d/url'
10:50:48.551 [AsyncHttpClient-1-3] DEBUG org.asynchttpclient.netty.handler.HttpHandler - 

Request DefaultFullHttpRequest(decodeResult: success, version: HTTP/1.1, content: EmptyByteBufBE)
GET /session/9ba4f3f78feeafea4811ed1ee668c62d/url HTTP/1.1
User-Agent: selenium/4.8.1 (java windows)
Cache-Control: no-cache
Content-Type: application/json; charset=utf-8
host: localhost:36278
accept: */*

Response DefaultHttpResponse(decodeResult: success, version: HTTP/1.1)
HTTP/1.1 200 OK
Content-Length: 54
Content-Type: application/json; charset=utf-8
cache-control: no-cache

10:50:48.551 [AsyncHttpClient-1-3] DEBUG org.asynchttpclient.netty.channel.ChannelManager - Adding key: http://localhost:36278 for channel [id: 0xf79c9f72, L:/127.0.0.1:58534 - R:localhost/127.0.0.1:36278]
10:50:48.552 [Forwarding screenshot on session 9ba4f3f78feeafea4811ed1ee668c62d to remote] DEBUG org.asynchttpclient.netty.request.NettyRequestSender - Using pooled Channel '[id: 0xf79c9f72, L:/127.0.0.1:58534 - R:localhost/127.0.0.1:36278]' for 'GET' to 'http://localhost:36278/session/9ba4f3f78feeafea4811ed1ee668c62d/screenshot'
10:50:48.552 [Forwarding screenshot on session 9ba4f3f78feeafea4811ed1ee668c62d to remote] DEBUG org.asynchttpclient.netty.request.NettyRequestSender - Using open Channel [id: 0xf79c9f72, L:/127.0.0.1:58534 - R:localhost/127.0.0.1:36278] for GET '/session/9ba4f3f78feeafea4811ed1ee668c62d/screenshot'
10:50:49.026 [AsyncHttpClient-1-3] DEBUG org.asynchttpclient.netty.handler.HttpHandler - 

Request DefaultFullHttpRequest(decodeResult: success, version: HTTP/1.1, content: EmptyByteBufBE)
GET /session/9ba4f3f78feeafea4811ed1ee668c62d/screenshot HTTP/1.1
User-Agent: selenium/4.8.1 (java windows)
Cache-Control: no-cache
Content-Type: application/json; charset=utf-8
host: localhost:36278
accept: */*

Response DefaultHttpResponse(decodeResult: success, version: HTTP/1.1)
HTTP/1.1 200 OK
Content-Length: 29668
Content-Type: application/json; charset=utf-8
cache-control: no-cache

10:50:49.026 [AsyncHttpClient-1-3] DEBUG org.asynchttpclient.netty.channel.ChannelManager - Adding key: http://localhost:36278 for channel [id: 0xf79c9f72, L:/127.0.0.1:58534 - R:localhost/127.0.0.1:36278]
10:50:49.028 [main] DEBUG net.serenitybdd.core.photography.Darkroom - Send negative for processing for target\site\serenity\0ba6e8bb0dbd98adfe749502cc48ff0da377cd7b0172f40fe1ccbac8137b3703.png
10:50:49.031 [Forwarding getPageSource on session 9ba4f3f78feeafea4811ed1ee668c62d to remote] DEBUG org.asynchttpclient.netty.request.NettyRequestSender - Using pooled Channel '[id: 0xf79c9f72, L:/127.0.0.1:58534 - R:localhost/127.0.0.1:36278]' for 'POST' to 'http://localhost:36278/session/9ba4f3f78feeafea4811ed1ee668c62d/execute/sync'
10:50:49.031 [Forwarding getPageSource on session 9ba4f3f78feeafea4811ed1ee668c62d to remote] DEBUG org.asynchttpclient.netty.request.NettyRequestSender - Using open Channel [id: 0xf79c9f72, L:/127.0.0.1:58534 - R:localhost/127.0.0.1:36278] for POST '/session/9ba4f3f78feeafea4811ed1ee668c62d/execute/sync'
10:50:49.045 [AsyncHttpClient-1-3] DEBUG org.asynchttpclient.netty.handler.HttpHandler - 

Request DefaultHttpRequest(decodeResult: success, version: HTTP/1.1)
POST /session/9ba4f3f78feeafea4811ed1ee668c62d/execute/sync HTTP/1.1
User-Agent: selenium/4.8.1 (java windows)
Content-Length: 176
Content-Type: application/json; charset=utf-8
host: localhost:36278
accept: */*

Response DefaultHttpResponse(decodeResult: success, version: HTTP/1.1)
HTTP/1.1 200 OK
Content-Length: 22234
Content-Type: application/json; charset=utf-8
cache-control: no-cache

10:50:49.045 [AsyncHttpClient-1-3] DEBUG org.asynchttpclient.netty.channel.ChannelManager - Adding key: http://localhost:36278 for channel [id: 0xf79c9f72, L:/127.0.0.1:58534 - R:localhost/127.0.0.1:36278]
10:50:49.050 [Forwarding getCurrentUrl on session 9ba4f3f78feeafea4811ed1ee668c62d to remote] DEBUG org.asynchttpclient.netty.request.NettyRequestSender - Using pooled Channel '[id: 0xf79c9f72, L:/127.0.0.1:58534 - R:localhost/127.0.0.1:36278]' for 'GET' to 'http://localhost:36278/session/9ba4f3f78feeafea4811ed1ee668c62d/url'
10:50:49.050 [Forwarding getCurrentUrl on session 9ba4f3f78feeafea4811ed1ee668c62d to remote] DEBUG org.asynchttpclient.netty.request.NettyRequestSender - Using open Channel [id: 0xf79c9f72, L:/127.0.0.1:58534 - R:localhost/127.0.0.1:36278] for GET '/session/9ba4f3f78feeafea4811ed1ee668c62d/url'
10:50:49.054 [AsyncHttpClient-1-3] DEBUG org.asynchttpclient.netty.handler.HttpHandler - 

Request DefaultFullHttpRequest(decodeResult: success, version: HTTP/1.1, content: EmptyByteBufBE)
GET /session/9ba4f3f78feeafea4811ed1ee668c62d/url HTTP/1.1
User-Agent: selenium/4.8.1 (java windows)
Cache-Control: no-cache
Content-Type: application/json; charset=utf-8
host: localhost:36278
accept: */*

Response DefaultHttpResponse(decodeResult: success, version: HTTP/1.1)
HTTP/1.1 200 OK
Content-Length: 54
Content-Type: application/json; charset=utf-8
cache-control: no-cache

10:50:49.054 [AsyncHttpClient-1-3] DEBUG org.asynchttpclient.netty.channel.ChannelManager - Adding key: http://localhost:36278 for channel [id: 0xf79c9f72, L:/127.0.0.1:58534 - R:localhost/127.0.0.1:36278]
10:50:49.058 [main] DEBUG net.thucydides.core.steps.StepInterceptor - STARTING STEP: IntegrationSteps.regstoWebs - validateOnRegisterPage
10:50:49.061 [Forwarding setTimeout on session 9ba4f3f78feeafea4811ed1ee668c62d to remote] DEBUG org.asynchttpclient.netty.request.NettyRequestSender - Using pooled Channel '[id: 0xf79c9f72, L:/127.0.0.1:58534 - R:localhost/127.0.0.1:36278]' for 'POST' to 'http://localhost:36278/session/9ba4f3f78feeafea4811ed1ee668c62d/timeouts'
10:50:49.061 [Forwarding setTimeout on session 9ba4f3f78feeafea4811ed1ee668c62d to remote] DEBUG org.asynchttpclient.netty.request.NettyRequestSender - Using open Channel [id: 0xf79c9f72, L:/127.0.0.1:58534 - R:localhost/127.0.0.1:36278] for POST '/session/9ba4f3f78feeafea4811ed1ee668c62d/timeouts'
10:50:49.062 [AsyncHttpClient-1-3] DEBUG org.asynchttpclient.netty.handler.HttpHandler - 

Request DefaultHttpRequest(decodeResult: success, version: HTTP/1.1)
POST /session/9ba4f3f78feeafea4811ed1ee668c62d/timeouts HTTP/1.1
User-Agent: selenium/4.8.1 (java windows)
Content-Length: 19
Content-Type: application/json; charset=utf-8
host: localhost:36278
accept: */*

Response DefaultHttpResponse(decodeResult: success, version: HTTP/1.1)
HTTP/1.1 200 OK
Content-Length: 14
Content-Type: application/json; charset=utf-8
cache-control: no-cache

10:50:49.062 [AsyncHttpClient-1-3] DEBUG org.asynchttpclient.netty.channel.ChannelManager - Adding key: http://localhost:36278 for channel [id: 0xf79c9f72, L:/127.0.0.1:58534 - R:localhost/127.0.0.1:36278]
10:50:49.065 [Forwarding findElements on session 9ba4f3f78feeafea4811ed1ee668c62d to remote] DEBUG org.asynchttpclient.netty.request.NettyRequestSender - Using pooled Channel '[id: 0xf79c9f72, L:/127.0.0.1:58534 - R:localhost/127.0.0.1:36278]' for 'POST' to 'http://localhost:36278/session/9ba4f3f78feeafea4811ed1ee668c62d/elements'
10:50:49.065 [Forwarding findElements on session 9ba4f3f78feeafea4811ed1ee668c62d to remote] DEBUG org.asynchttpclient.netty.request.NettyRequestSender - Using open Channel [id: 0xf79c9f72, L:/127.0.0.1:58534 - R:localhost/127.0.0.1:36278] for POST '/session/9ba4f3f78feeafea4811ed1ee668c62d/elements'
10:50:49.084 [AsyncHttpClient-1-3] DEBUG org.asynchttpclient.netty.handler.HttpHandler - 

Request DefaultHttpRequest(decodeResult: success, version: HTTP/1.1)
POST /session/9ba4f3f78feeafea4811ed1ee668c62d/elements HTTP/1.1
User-Agent: selenium/4.8.1 (java windows)
Content-Length: 225
Content-Type: application/json; charset=utf-8
host: localhost:36278
accept: */*

Response DefaultHttpResponse(decodeResult: success, version: HTTP/1.1)
HTTP/1.1 200 OK
Content-Length: 90
Content-Type: application/json; charset=utf-8
cache-control: no-cache

10:50:49.084 [AsyncHttpClient-1-3] DEBUG org.asynchttpclient.netty.channel.ChannelManager - Adding key: http://localhost:36278 for channel [id: 0xf79c9f72, L:/127.0.0.1:58534 - R:localhost/127.0.0.1:36278]
10:50:49.088 [Forwarding isElementDisplayed on session 9ba4f3f78feeafea4811ed1ee668c62d to remote] DEBUG org.asynchttpclient.netty.request.NettyRequestSender - Using pooled Channel '[id: 0xf79c9f72, L:/127.0.0.1:58534 - R:localhost/127.0.0.1:36278]' for 'POST' to 'http://localhost:36278/session/9ba4f3f78feeafea4811ed1ee668c62d/execute/sync'
10:50:49.088 [Forwarding isElementDisplayed on session 9ba4f3f78feeafea4811ed1ee668c62d to remote] DEBUG org.asynchttpclient.netty.request.NettyRequestSender - Using open Channel [id: 0xf79c9f72, L:/127.0.0.1:58534 - R:localhost/127.0.0.1:36278] for POST '/session/9ba4f3f78feeafea4811ed1ee668c62d/execute/sync'
10:50:49.108 [AsyncHttpClient-1-3] DEBUG org.asynchttpclient.netty.handler.HttpHandler - 

Request DefaultHttpRequest(decodeResult: success, version: HTTP/1.1)
POST /session/9ba4f3f78feeafea4811ed1ee668c62d/execute/sync HTTP/1.1
User-Agent: selenium/4.8.1 (java windows)
Content-Length: 48807
Content-Type: application/json; charset=utf-8
host: localhost:36278
accept: */*

Response DefaultHttpResponse(decodeResult: success, version: HTTP/1.1)
HTTP/1.1 200 OK
Content-Length: 14
Content-Type: application/json; charset=utf-8
cache-control: no-cache

10:50:49.108 [AsyncHttpClient-1-3] DEBUG org.asynchttpclient.netty.channel.ChannelManager - Adding key: http://localhost:36278 for channel [id: 0xf79c9f72, L:/127.0.0.1:58534 - R:localhost/127.0.0.1:36278]
10:50:49.111 [Forwarding findElements on session 9ba4f3f78feeafea4811ed1ee668c62d to remote] DEBUG org.asynchttpclient.netty.request.NettyRequestSender - Using pooled Channel '[id: 0xf79c9f72, L:/127.0.0.1:58534 - R:localhost/127.0.0.1:36278]' for 'POST' to 'http://localhost:36278/session/9ba4f3f78feeafea4811ed1ee668c62d/elements'
10:50:49.111 [Forwarding findElements on session 9ba4f3f78feeafea4811ed1ee668c62d to remote] DEBUG org.asynchttpclient.netty.request.NettyRequestSender - Using open Channel [id: 0xf79c9f72, L:/127.0.0.1:58534 - R:localhost/127.0.0.1:36278] for POST '/session/9ba4f3f78feeafea4811ed1ee668c62d/elements'
10:50:49.121 [AsyncHttpClient-1-3] DEBUG org.asynchttpclient.netty.handler.HttpHandler - 

Request DefaultHttpRequest(decodeResult: success, version: HTTP/1.1)
POST /session/9ba4f3f78feeafea4811ed1ee668c62d/elements HTTP/1.1
User-Agent: selenium/4.8.1 (java windows)
Content-Length: 225
Content-Type: application/json; charset=utf-8
host: localhost:36278
accept: */*

Response DefaultHttpResponse(decodeResult: success, version: HTTP/1.1)
HTTP/1.1 200 OK
Content-Length: 90
Content-Type: application/json; charset=utf-8
cache-control: no-cache

10:50:49.121 [AsyncHttpClient-1-3] DEBUG org.asynchttpclient.netty.channel.ChannelManager - Adding key: http://localhost:36278 for channel [id: 0xf79c9f72, L:/127.0.0.1:58534 - R:localhost/127.0.0.1:36278]
10:50:49.123 [Forwarding setTimeout on session 9ba4f3f78feeafea4811ed1ee668c62d to remote] DEBUG org.asynchttpclient.netty.request.NettyRequestSender - Using pooled Channel '[id: 0xf79c9f72, L:/127.0.0.1:58534 - R:localhost/127.0.0.1:36278]' for 'POST' to 'http://localhost:36278/session/9ba4f3f78feeafea4811ed1ee668c62d/timeouts'
10:50:49.124 [Forwarding setTimeout on session 9ba4f3f78feeafea4811ed1ee668c62d to remote] DEBUG org.asynchttpclient.netty.request.NettyRequestSender - Using open Channel [id: 0xf79c9f72, L:/127.0.0.1:58534 - R:localhost/127.0.0.1:36278] for POST '/session/9ba4f3f78feeafea4811ed1ee668c62d/timeouts'
10:50:49.124 [AsyncHttpClient-1-3] DEBUG org.asynchttpclient.netty.handler.HttpHandler - 

Request DefaultHttpRequest(decodeResult: success, version: HTTP/1.1)
POST /session/9ba4f3f78feeafea4811ed1ee668c62d/timeouts HTTP/1.1
User-Agent: selenium/4.8.1 (java windows)
Content-Length: 22
Content-Type: application/json; charset=utf-8
host: localhost:36278
accept: */*

Response DefaultHttpResponse(decodeResult: success, version: HTTP/1.1)
HTTP/1.1 200 OK
Content-Length: 14
Content-Type: application/json; charset=utf-8
cache-control: no-cache

10:50:49.124 [AsyncHttpClient-1-3] DEBUG org.asynchttpclient.netty.channel.ChannelManager - Adding key: http://localhost:36278 for channel [id: 0xf79c9f72, L:/127.0.0.1:58534 - R:localhost/127.0.0.1:36278]
10:50:49.128 [Forwarding isElementDisplayed on session 9ba4f3f78feeafea4811ed1ee668c62d to remote] DEBUG org.asynchttpclient.netty.request.NettyRequestSender - Using pooled Channel '[id: 0xf79c9f72, L:/127.0.0.1:58534 - R:localhost/127.0.0.1:36278]' for 'POST' to 'http://localhost:36278/session/9ba4f3f78feeafea4811ed1ee668c62d/execute/sync'
10:50:49.128 [Forwarding isElementDisplayed on session 9ba4f3f78feeafea4811ed1ee668c62d to remote] DEBUG org.asynchttpclient.netty.request.NettyRequestSender - Using open Channel [id: 0xf79c9f72, L:/127.0.0.1:58534 - R:localhost/127.0.0.1:36278] for POST '/session/9ba4f3f78feeafea4811ed1ee668c62d/execute/sync'
10:50:49.145 [AsyncHttpClient-1-1] DEBUG org.asynchttpclient.netty.channel.DefaultChannelPool - Entry count for : http://localhost:58535 : 1
10:50:49.145 [AsyncHttpClient-1-3] DEBUG org.asynchttpclient.netty.handler.HttpHandler - 

Request DefaultHttpRequest(decodeResult: success, version: HTTP/1.1)
POST /session/9ba4f3f78feeafea4811ed1ee668c62d/execute/sync HTTP/1.1
User-Agent: selenium/4.8.1 (java windows)
Content-Length: 48807
Content-Type: application/json; charset=utf-8
host: localhost:36278
accept: */*

Response DefaultHttpResponse(decodeResult: success, version: HTTP/1.1)
HTTP/1.1 200 OK
Content-Length: 14
Content-Type: application/json; charset=utf-8
cache-control: no-cache

10:50:49.145 [AsyncHttpClient-1-3] DEBUG org.asynchttpclient.netty.channel.ChannelManager - Adding key: http://localhost:36278 for channel [id: 0xf79c9f72, L:/127.0.0.1:58534 - R:localhost/127.0.0.1:36278]
10:50:49.153 [Forwarding getAlertText on session 9ba4f3f78feeafea4811ed1ee668c62d to remote] DEBUG org.asynchttpclient.netty.request.NettyRequestSender - Using pooled Channel '[id: 0xf79c9f72, L:/127.0.0.1:58534 - R:localhost/127.0.0.1:36278]' for 'GET' to 'http://localhost:36278/session/9ba4f3f78feeafea4811ed1ee668c62d/alert/text'
10:50:49.153 [Forwarding getAlertText on session 9ba4f3f78feeafea4811ed1ee668c62d to remote] DEBUG org.asynchttpclient.netty.request.NettyRequestSender - Using open Channel [id: 0xf79c9f72, L:/127.0.0.1:58534 - R:localhost/127.0.0.1:36278] for GET '/session/9ba4f3f78feeafea4811ed1ee668c62d/alert/text'
10:50:49.155 [AsyncHttpClient-1-3] DEBUG org.asynchttpclient.netty.handler.HttpHandler - 

Request DefaultFullHttpRequest(decodeResult: success, version: HTTP/1.1, content: EmptyByteBufBE)
GET /session/9ba4f3f78feeafea4811ed1ee668c62d/alert/text HTTP/1.1
User-Agent: selenium/4.8.1 (java windows)
Cache-Control: no-cache
Content-Type: application/json; charset=utf-8
host: localhost:36278
accept: */*

Response DefaultHttpResponse(decodeResult: success, version: HTTP/1.1)
HTTP/1.1 404 Not Found
Content-Length: 848
Content-Type: application/json; charset=utf-8
cache-control: no-cache

10:50:49.155 [AsyncHttpClient-1-3] DEBUG org.asynchttpclient.netty.channel.ChannelManager - Adding key: http://localhost:36278 for channel [id: 0xf79c9f72, L:/127.0.0.1:58534 - R:localhost/127.0.0.1:36278]
10:50:49.156 [Forwarding getCurrentUrl on session 9ba4f3f78feeafea4811ed1ee668c62d to remote] DEBUG org.asynchttpclient.netty.request.NettyRequestSender - Using pooled Channel '[id: 0xf79c9f72, L:/127.0.0.1:58534 - R:localhost/127.0.0.1:36278]' for 'GET' to 'http://localhost:36278/session/9ba4f3f78feeafea4811ed1ee668c62d/url'
10:50:49.156 [Forwarding getCurrentUrl on session 9ba4f3f78feeafea4811ed1ee668c62d to remote] DEBUG org.asynchttpclient.netty.request.NettyRequestSender - Using open Channel [id: 0xf79c9f72, L:/127.0.0.1:58534 - R:localhost/127.0.0.1:36278] for GET '/session/9ba4f3f78feeafea4811ed1ee668c62d/url'
10:50:49.160 [AsyncHttpClient-1-3] DEBUG org.asynchttpclient.netty.handler.HttpHandler - 

Request DefaultFullHttpRequest(decodeResult: success, version: HTTP/1.1, content: EmptyByteBufBE)
GET /session/9ba4f3f78feeafea4811ed1ee668c62d/url HTTP/1.1
User-Agent: selenium/4.8.1 (java windows)
Cache-Control: no-cache
Content-Type: application/json; charset=utf-8
host: localhost:36278
accept: */*

Response DefaultHttpResponse(decodeResult: success, version: HTTP/1.1)
HTTP/1.1 200 OK
Content-Length: 54
Content-Type: application/json; charset=utf-8
cache-control: no-cache

10:50:49.160 [AsyncHttpClient-1-3] DEBUG org.asynchttpclient.netty.channel.ChannelManager - Adding key: http://localhost:36278 for channel [id: 0xf79c9f72, L:/127.0.0.1:58534 - R:localhost/127.0.0.1:36278]
10:50:49.161 [Forwarding screenshot on session 9ba4f3f78feeafea4811ed1ee668c62d to remote] DEBUG org.asynchttpclient.netty.request.NettyRequestSender - Using pooled Channel '[id: 0xf79c9f72, L:/127.0.0.1:58534 - R:localhost/127.0.0.1:36278]' for 'GET' to 'http://localhost:36278/session/9ba4f3f78feeafea4811ed1ee668c62d/screenshot'
10:50:49.161 [Forwarding screenshot on session 9ba4f3f78feeafea4811ed1ee668c62d to remote] DEBUG org.asynchttpclient.netty.request.NettyRequestSender - Using open Channel [id: 0xf79c9f72, L:/127.0.0.1:58534 - R:localhost/127.0.0.1:36278] for GET '/session/9ba4f3f78feeafea4811ed1ee668c62d/screenshot'
10:50:49.308 [AsyncHttpClient-1-3] DEBUG org.asynchttpclient.netty.handler.HttpHandler - 

Request DefaultFullHttpRequest(decodeResult: success, version: HTTP/1.1, content: EmptyByteBufBE)
GET /session/9ba4f3f78feeafea4811ed1ee668c62d/screenshot HTTP/1.1
User-Agent: selenium/4.8.1 (java windows)
Cache-Control: no-cache
Content-Type: application/json; charset=utf-8
host: localhost:36278
accept: */*

Response DefaultHttpResponse(decodeResult: success, version: HTTP/1.1)
HTTP/1.1 200 OK
Content-Length: 29668
Content-Type: application/json; charset=utf-8
cache-control: no-cache

10:50:49.309 [AsyncHttpClient-1-3] DEBUG org.asynchttpclient.netty.channel.ChannelManager - Adding key: http://localhost:36278 for channel [id: 0xf79c9f72, L:/127.0.0.1:58534 - R:localhost/127.0.0.1:36278]
10:50:49.311 [main] DEBUG net.serenitybdd.core.photography.Darkroom - Send negative for processing for target\site\serenity\0ba6e8bb0dbd98adfe749502cc48ff0da377cd7b0172f40fe1ccbac8137b3703.png
10:50:49.313 [main] DEBUG net.thucydides.core.steps.StepInterceptor - STEP DONE: validateOnRegisterPage
10:50:49.327 [Forwarding getPageSource on session 9ba4f3f78feeafea4811ed1ee668c62d to remote] DEBUG org.asynchttpclient.netty.request.NettyRequestSender - Using pooled Channel '[id: 0xf79c9f72, L:/127.0.0.1:58534 - R:localhost/127.0.0.1:36278]' for 'POST' to 'http://localhost:36278/session/9ba4f3f78feeafea4811ed1ee668c62d/execute/sync'
10:50:49.327 [Forwarding getPageSource on session 9ba4f3f78feeafea4811ed1ee668c62d to remote] DEBUG org.asynchttpclient.netty.request.NettyRequestSender - Using open Channel [id: 0xf79c9f72, L:/127.0.0.1:58534 - R:localhost/127.0.0.1:36278] for POST '/session/9ba4f3f78feeafea4811ed1ee668c62d/execute/sync'
10:50:49.341 [AsyncHttpClient-1-3] DEBUG org.asynchttpclient.netty.handler.HttpHandler - 

Request DefaultHttpRequest(decodeResult: success, version: HTTP/1.1)
POST /session/9ba4f3f78feeafea4811ed1ee668c62d/execute/sync HTTP/1.1
User-Agent: selenium/4.8.1 (java windows)
Content-Length: 176
Content-Type: application/json; charset=utf-8
host: localhost:36278
accept: */*

Response DefaultHttpResponse(decodeResult: success, version: HTTP/1.1)
HTTP/1.1 200 OK
Content-Length: 22234
Content-Type: application/json; charset=utf-8
cache-control: no-cache

10:50:49.341 [AsyncHttpClient-1-3] DEBUG org.asynchttpclient.netty.channel.ChannelManager - Adding key: http://localhost:36278 for channel [id: 0xf79c9f72, L:/127.0.0.1:58534 - R:localhost/127.0.0.1:36278]
10:50:49.344 [Forwarding getCurrentUrl on session 9ba4f3f78feeafea4811ed1ee668c62d to remote] DEBUG org.asynchttpclient.netty.request.NettyRequestSender - Using pooled Channel '[id: 0xf79c9f72, L:/127.0.0.1:58534 - R:localhost/127.0.0.1:36278]' for 'GET' to 'http://localhost:36278/session/9ba4f3f78feeafea4811ed1ee668c62d/url'
10:50:49.344 [Forwarding getCurrentUrl on session 9ba4f3f78feeafea4811ed1ee668c62d to remote] DEBUG org.asynchttpclient.netty.request.NettyRequestSender - Using open Channel [id: 0xf79c9f72, L:/127.0.0.1:58534 - R:localhost/127.0.0.1:36278] for GET '/session/9ba4f3f78feeafea4811ed1ee668c62d/url'
10:50:49.360 [AsyncHttpClient-1-3] DEBUG org.asynchttpclient.netty.handler.HttpHandler - 

Request DefaultFullHttpRequest(decodeResult: success, version: HTTP/1.1, content: EmptyByteBufBE)
GET /session/9ba4f3f78feeafea4811ed1ee668c62d/url HTTP/1.1
User-Agent: selenium/4.8.1 (java windows)
Cache-Control: no-cache
Content-Type: application/json; charset=utf-8
host: localhost:36278
accept: */*

Response DefaultHttpResponse(decodeResult: success, version: HTTP/1.1)
HTTP/1.1 200 OK
Content-Length: 54
Content-Type: application/json; charset=utf-8
cache-control: no-cache

10:50:49.360 [AsyncHttpClient-1-3] DEBUG org.asynchttpclient.netty.channel.ChannelManager - Adding key: http://localhost:36278 for channel [id: 0xf79c9f72, L:/127.0.0.1:58534 - R:localhost/127.0.0.1:36278]
10:50:49.362 [main] DEBUG net.thucydides.core.steps.StepInterceptor - STARTING STEP: IntegrationSteps.regstoWebs - inputFullName
10:50:49.367 [Forwarding findElement on session 9ba4f3f78feeafea4811ed1ee668c62d to remote] DEBUG org.asynchttpclient.netty.request.NettyRequestSender - Using pooled Channel '[id: 0xf79c9f72, L:/127.0.0.1:58534 - R:localhost/127.0.0.1:36278]' for 'POST' to 'http://localhost:36278/session/9ba4f3f78feeafea4811ed1ee668c62d/element'
10:50:49.367 [Forwarding findElement on session 9ba4f3f78feeafea4811ed1ee668c62d to remote] DEBUG org.asynchttpclient.netty.request.NettyRequestSender - Using open Channel [id: 0xf79c9f72, L:/127.0.0.1:58534 - R:localhost/127.0.0.1:36278] for POST '/session/9ba4f3f78feeafea4811ed1ee668c62d/element'
10:50:49.385 [AsyncHttpClient-1-3] DEBUG org.asynchttpclient.netty.handler.HttpHandler - 

Request DefaultHttpRequest(decodeResult: success, version: HTTP/1.1)
POST /session/9ba4f3f78feeafea4811ed1ee668c62d/element HTTP/1.1
User-Agent: selenium/4.8.1 (java windows)
Content-Length: 55
Content-Type: application/json; charset=utf-8
host: localhost:36278
accept: */*

Response DefaultHttpResponse(decodeResult: success, version: HTTP/1.1)
HTTP/1.1 200 OK
Content-Length: 88
Content-Type: application/json; charset=utf-8
cache-control: no-cache

10:50:49.385 [AsyncHttpClient-1-3] DEBUG org.asynchttpclient.netty.channel.ChannelManager - Adding key: http://localhost:36278 for channel [id: 0xf79c9f72, L:/127.0.0.1:58534 - R:localhost/127.0.0.1:36278]
10:50:49.387 [Forwarding clearElement on session 9ba4f3f78feeafea4811ed1ee668c62d to remote] DEBUG org.asynchttpclient.netty.request.NettyRequestSender - Using pooled Channel '[id: 0xf79c9f72, L:/127.0.0.1:58534 - R:localhost/127.0.0.1:36278]' for 'POST' to 'http://localhost:36278/session/9ba4f3f78feeafea4811ed1ee668c62d/element/e82fa8f6-7bd0-47c7-a7c6-dc2c15555dbf/clear'
10:50:49.387 [Forwarding clearElement on session 9ba4f3f78feeafea4811ed1ee668c62d to remote] DEBUG org.asynchttpclient.netty.request.NettyRequestSender - Using open Channel [id: 0xf79c9f72, L:/127.0.0.1:58534 - R:localhost/127.0.0.1:36278] for POST '/session/9ba4f3f78feeafea4811ed1ee668c62d/element/e82fa8f6-7bd0-47c7-a7c6-dc2c15555dbf/clear'
10:50:49.454 [AsyncHttpClient-1-3] DEBUG org.asynchttpclient.netty.handler.HttpHandler - 

Request DefaultHttpRequest(decodeResult: success, version: HTTP/1.1)
POST /session/9ba4f3f78feeafea4811ed1ee668c62d/element/e82fa8f6-7bd0-47c7-a7c6-dc2c15555dbf/clear HTTP/1.1
User-Agent: selenium/4.8.1 (java windows)
Content-Length: 50
Content-Type: application/json; charset=utf-8
host: localhost:36278
accept: */*

Response DefaultHttpResponse(decodeResult: success, version: HTTP/1.1)
HTTP/1.1 200 OK
Content-Length: 14
Content-Type: application/json; charset=utf-8
cache-control: no-cache

10:50:49.454 [AsyncHttpClient-1-3] DEBUG org.asynchttpclient.netty.channel.ChannelManager - Adding key: http://localhost:36278 for channel [id: 0xf79c9f72, L:/127.0.0.1:58534 - R:localhost/127.0.0.1:36278]
10:50:49.456 [Forwarding sendKeysToElement on session 9ba4f3f78feeafea4811ed1ee668c62d to remote] DEBUG org.asynchttpclient.netty.request.NettyRequestSender - Using pooled Channel '[id: 0xf79c9f72, L:/127.0.0.1:58534 - R:localhost/127.0.0.1:36278]' for 'POST' to 'http://localhost:36278/session/9ba4f3f78feeafea4811ed1ee668c62d/element/e82fa8f6-7bd0-47c7-a7c6-dc2c15555dbf/value'
10:50:49.456 [Forwarding sendKeysToElement on session 9ba4f3f78feeafea4811ed1ee668c62d to remote] DEBUG org.asynchttpclient.netty.request.NettyRequestSender - Using open Channel [id: 0xf79c9f72, L:/127.0.0.1:58534 - R:localhost/127.0.0.1:36278] for POST '/session/9ba4f3f78feeafea4811ed1ee668c62d/element/e82fa8f6-7bd0-47c7-a7c6-dc2c15555dbf/value'
10:50:49.627 [AsyncHttpClient-1-3] DEBUG org.asynchttpclient.netty.handler.HttpHandler - 

Request DefaultHttpRequest(decodeResult: success, version: HTTP/1.1)
POST /session/9ba4f3f78feeafea4811ed1ee668c62d/element/e82fa8f6-7bd0-47c7-a7c6-dc2c15555dbf/value HTTP/1.1
User-Agent: selenium/4.8.1 (java windows)
Content-Length: 221
Content-Type: application/json; charset=utf-8
host: localhost:36278
accept: */*

Response DefaultHttpResponse(decodeResult: success, version: HTTP/1.1)
HTTP/1.1 200 OK
Content-Length: 14
Content-Type: application/json; charset=utf-8
cache-control: no-cache

10:50:49.627 [AsyncHttpClient-1-3] DEBUG org.asynchttpclient.netty.channel.ChannelManager - Adding key: http://localhost:36278 for channel [id: 0xf79c9f72, L:/127.0.0.1:58534 - R:localhost/127.0.0.1:36278]
10:50:49.638 [Forwarding getAlertText on session 9ba4f3f78feeafea4811ed1ee668c62d to remote] DEBUG org.asynchttpclient.netty.request.NettyRequestSender - Using pooled Channel '[id: 0xf79c9f72, L:/127.0.0.1:58534 - R:localhost/127.0.0.1:36278]' for 'GET' to 'http://localhost:36278/session/9ba4f3f78feeafea4811ed1ee668c62d/alert/text'
10:50:49.639 [Forwarding getAlertText on session 9ba4f3f78feeafea4811ed1ee668c62d to remote] DEBUG org.asynchttpclient.netty.request.NettyRequestSender - Using open Channel [id: 0xf79c9f72, L:/127.0.0.1:58534 - R:localhost/127.0.0.1:36278] for GET '/session/9ba4f3f78feeafea4811ed1ee668c62d/alert/text'
10:50:49.640 [AsyncHttpClient-1-3] DEBUG org.asynchttpclient.netty.handler.HttpHandler - 

Request DefaultFullHttpRequest(decodeResult: success, version: HTTP/1.1, content: EmptyByteBufBE)
GET /session/9ba4f3f78feeafea4811ed1ee668c62d/alert/text HTTP/1.1
User-Agent: selenium/4.8.1 (java windows)
Cache-Control: no-cache
Content-Type: application/json; charset=utf-8
host: localhost:36278
accept: */*

Response DefaultHttpResponse(decodeResult: success, version: HTTP/1.1)
HTTP/1.1 404 Not Found
Content-Length: 848
Content-Type: application/json; charset=utf-8
cache-control: no-cache

10:50:49.640 [AsyncHttpClient-1-3] DEBUG org.asynchttpclient.netty.channel.ChannelManager - Adding key: http://localhost:36278 for channel [id: 0xf79c9f72, L:/127.0.0.1:58534 - R:localhost/127.0.0.1:36278]
10:50:49.641 [Forwarding getCurrentUrl on session 9ba4f3f78feeafea4811ed1ee668c62d to remote] DEBUG org.asynchttpclient.netty.request.NettyRequestSender - Using pooled Channel '[id: 0xf79c9f72, L:/127.0.0.1:58534 - R:localhost/127.0.0.1:36278]' for 'GET' to 'http://localhost:36278/session/9ba4f3f78feeafea4811ed1ee668c62d/url'
10:50:49.641 [Forwarding getCurrentUrl on session 9ba4f3f78feeafea4811ed1ee668c62d to remote] DEBUG org.asynchttpclient.netty.request.NettyRequestSender - Using open Channel [id: 0xf79c9f72, L:/127.0.0.1:58534 - R:localhost/127.0.0.1:36278] for GET '/session/9ba4f3f78feeafea4811ed1ee668c62d/url'
10:50:49.645 [AsyncHttpClient-1-3] DEBUG org.asynchttpclient.netty.handler.HttpHandler - 

Request DefaultFullHttpRequest(decodeResult: success, version: HTTP/1.1, content: EmptyByteBufBE)
GET /session/9ba4f3f78feeafea4811ed1ee668c62d/url HTTP/1.1
User-Agent: selenium/4.8.1 (java windows)
Cache-Control: no-cache
Content-Type: application/json; charset=utf-8
host: localhost:36278
accept: */*

Response DefaultHttpResponse(decodeResult: success, version: HTTP/1.1)
HTTP/1.1 200 OK
Content-Length: 54
Content-Type: application/json; charset=utf-8
cache-control: no-cache

10:50:49.646 [AsyncHttpClient-1-3] DEBUG org.asynchttpclient.netty.channel.ChannelManager - Adding key: http://localhost:36278 for channel [id: 0xf79c9f72, L:/127.0.0.1:58534 - R:localhost/127.0.0.1:36278]
10:50:49.648 [Forwarding screenshot on session 9ba4f3f78feeafea4811ed1ee668c62d to remote] DEBUG org.asynchttpclient.netty.request.NettyRequestSender - Using pooled Channel '[id: 0xf79c9f72, L:/127.0.0.1:58534 - R:localhost/127.0.0.1:36278]' for 'GET' to 'http://localhost:36278/session/9ba4f3f78feeafea4811ed1ee668c62d/screenshot'
10:50:49.648 [Forwarding screenshot on session 9ba4f3f78feeafea4811ed1ee668c62d to remote] DEBUG org.asynchttpclient.netty.request.NettyRequestSender - Using open Channel [id: 0xf79c9f72, L:/127.0.0.1:58534 - R:localhost/127.0.0.1:36278] for GET '/session/9ba4f3f78feeafea4811ed1ee668c62d/screenshot'
10:50:49.841 [AsyncHttpClient-1-3] DEBUG org.asynchttpclient.netty.handler.HttpHandler - 

Request DefaultFullHttpRequest(decodeResult: success, version: HTTP/1.1, content: EmptyByteBufBE)
GET /session/9ba4f3f78feeafea4811ed1ee668c62d/screenshot HTTP/1.1
User-Agent: selenium/4.8.1 (java windows)
Cache-Control: no-cache
Content-Type: application/json; charset=utf-8
host: localhost:36278
accept: */*

Response DefaultHttpResponse(decodeResult: success, version: HTTP/1.1)
HTTP/1.1 200 OK
Content-Length: 32128
Content-Type: application/json; charset=utf-8
cache-control: no-cache

10:50:49.841 [AsyncHttpClient-1-3] DEBUG org.asynchttpclient.netty.channel.ChannelManager - Adding key: http://localhost:36278 for channel [id: 0xf79c9f72, L:/127.0.0.1:58534 - R:localhost/127.0.0.1:36278]
10:50:49.844 [main] DEBUG net.serenitybdd.core.photography.Darkroom - Send negative for processing for target\site\serenity\6be00b366c3d5a5a282d315231e82492c2283d817373454ce619a0702e9c6827.png
10:50:49.844 [main] DEBUG net.thucydides.core.steps.StepInterceptor - STEP DONE: inputFullName
10:50:49.844 [Darkroom Processing Line] DEBUG net.serenitybdd.core.photography.DarkroomProcessingLine - Processing screenshot image in /var/screenshots/screenshot-14643964865010608712
10:50:49.845 [Darkroom Processing Line] DEBUG net.serenitybdd.core.photography.DarkroomProcessingLine - Saving screenshot to target\site\serenity\6be00b366c3d5a5a282d315231e82492c2283d817373454ce619a0702e9c6827.png
10:50:49.855 [Forwarding getPageSource on session 9ba4f3f78feeafea4811ed1ee668c62d to remote] DEBUG org.asynchttpclient.netty.request.NettyRequestSender - Using pooled Channel '[id: 0xf79c9f72, L:/127.0.0.1:58534 - R:localhost/127.0.0.1:36278]' for 'POST' to 'http://localhost:36278/session/9ba4f3f78feeafea4811ed1ee668c62d/execute/sync'
10:50:49.856 [Forwarding getPageSource on session 9ba4f3f78feeafea4811ed1ee668c62d to remote] DEBUG org.asynchttpclient.netty.request.NettyRequestSender - Using open Channel [id: 0xf79c9f72, L:/127.0.0.1:58534 - R:localhost/127.0.0.1:36278] for POST '/session/9ba4f3f78feeafea4811ed1ee668c62d/execute/sync'
10:50:49.862 [AsyncHttpClient-1-3] DEBUG org.asynchttpclient.netty.handler.HttpHandler - 

Request DefaultHttpRequest(decodeResult: success, version: HTTP/1.1)
POST /session/9ba4f3f78feeafea4811ed1ee668c62d/execute/sync HTTP/1.1
User-Agent: selenium/4.8.1 (java windows)
Content-Length: 176
Content-Type: application/json; charset=utf-8
host: localhost:36278
accept: */*

Response DefaultHttpResponse(decodeResult: success, version: HTTP/1.1)
HTTP/1.1 200 OK
Content-Length: 22355
Content-Type: application/json; charset=utf-8
cache-control: no-cache

10:50:49.862 [AsyncHttpClient-1-3] DEBUG org.asynchttpclient.netty.channel.ChannelManager - Adding key: http://localhost:36278 for channel [id: 0xf79c9f72, L:/127.0.0.1:58534 - R:localhost/127.0.0.1:36278]
10:50:49.865 [Forwarding getCurrentUrl on session 9ba4f3f78feeafea4811ed1ee668c62d to remote] DEBUG org.asynchttpclient.netty.request.NettyRequestSender - Using pooled Channel '[id: 0xf79c9f72, L:/127.0.0.1:58534 - R:localhost/127.0.0.1:36278]' for 'GET' to 'http://localhost:36278/session/9ba4f3f78feeafea4811ed1ee668c62d/url'
10:50:49.865 [Forwarding getCurrentUrl on session 9ba4f3f78feeafea4811ed1ee668c62d to remote] DEBUG org.asynchttpclient.netty.request.NettyRequestSender - Using open Channel [id: 0xf79c9f72, L:/127.0.0.1:58534 - R:localhost/127.0.0.1:36278] for GET '/session/9ba4f3f78feeafea4811ed1ee668c62d/url'
10:50:49.869 [AsyncHttpClient-1-3] DEBUG org.asynchttpclient.netty.handler.HttpHandler - 

Request DefaultFullHttpRequest(decodeResult: success, version: HTTP/1.1, content: EmptyByteBufBE)
GET /session/9ba4f3f78feeafea4811ed1ee668c62d/url HTTP/1.1
User-Agent: selenium/4.8.1 (java windows)
Cache-Control: no-cache
Content-Type: application/json; charset=utf-8
host: localhost:36278
accept: */*

Response DefaultHttpResponse(decodeResult: success, version: HTTP/1.1)
HTTP/1.1 200 OK
Content-Length: 54
Content-Type: application/json; charset=utf-8
cache-control: no-cache

10:50:49.869 [AsyncHttpClient-1-3] DEBUG org.asynchttpclient.netty.channel.ChannelManager - Adding key: http://localhost:36278 for channel [id: 0xf79c9f72, L:/127.0.0.1:58534 - R:localhost/127.0.0.1:36278]
10:50:49.871 [main] DEBUG net.thucydides.core.steps.StepInterceptor - STARTING STEP: IntegrationSteps.regstoWebs - inputEmail
10:50:49.874 [Forwarding findElement on session 9ba4f3f78feeafea4811ed1ee668c62d to remote] DEBUG org.asynchttpclient.netty.request.NettyRequestSender - Using pooled Channel '[id: 0xf79c9f72, L:/127.0.0.1:58534 - R:localhost/127.0.0.1:36278]' for 'POST' to 'http://localhost:36278/session/9ba4f3f78feeafea4811ed1ee668c62d/element'
10:50:49.874 [Forwarding findElement on session 9ba4f3f78feeafea4811ed1ee668c62d to remote] DEBUG org.asynchttpclient.netty.request.NettyRequestSender - Using open Channel [id: 0xf79c9f72, L:/127.0.0.1:58534 - R:localhost/127.0.0.1:36278] for POST '/session/9ba4f3f78feeafea4811ed1ee668c62d/element'
10:50:49.904 [AsyncHttpClient-1-3] DEBUG org.asynchttpclient.netty.handler.HttpHandler - 

Request DefaultHttpRequest(decodeResult: success, version: HTTP/1.1)
POST /session/9ba4f3f78feeafea4811ed1ee668c62d/element HTTP/1.1
User-Agent: selenium/4.8.1 (java windows)
Content-Length: 55
Content-Type: application/json; charset=utf-8
host: localhost:36278
accept: */*

Response DefaultHttpResponse(decodeResult: success, version: HTTP/1.1)
HTTP/1.1 200 OK
Content-Length: 88
Content-Type: application/json; charset=utf-8
cache-control: no-cache

10:50:49.905 [AsyncHttpClient-1-3] DEBUG org.asynchttpclient.netty.channel.ChannelManager - Adding key: http://localhost:36278 for channel [id: 0xf79c9f72, L:/127.0.0.1:58534 - R:localhost/127.0.0.1:36278]
10:50:49.906 [Forwarding clearElement on session 9ba4f3f78feeafea4811ed1ee668c62d to remote] DEBUG org.asynchttpclient.netty.request.NettyRequestSender - Using pooled Channel '[id: 0xf79c9f72, L:/127.0.0.1:58534 - R:localhost/127.0.0.1:36278]' for 'POST' to 'http://localhost:36278/session/9ba4f3f78feeafea4811ed1ee668c62d/element/b527c359-3fee-4eee-958e-28f20fb0c04e/clear'
10:50:49.906 [Forwarding clearElement on session 9ba4f3f78feeafea4811ed1ee668c62d to remote] DEBUG org.asynchttpclient.netty.request.NettyRequestSender - Using open Channel [id: 0xf79c9f72, L:/127.0.0.1:58534 - R:localhost/127.0.0.1:36278] for POST '/session/9ba4f3f78feeafea4811ed1ee668c62d/element/b527c359-3fee-4eee-958e-28f20fb0c04e/clear'
10:50:49.954 [AsyncHttpClient-1-3] DEBUG org.asynchttpclient.netty.handler.HttpHandler - 

Request DefaultHttpRequest(decodeResult: success, version: HTTP/1.1)
POST /session/9ba4f3f78feeafea4811ed1ee668c62d/element/b527c359-3fee-4eee-958e-28f20fb0c04e/clear HTTP/1.1
User-Agent: selenium/4.8.1 (java windows)
Content-Length: 50
Content-Type: application/json; charset=utf-8
host: localhost:36278
accept: */*

Response DefaultHttpResponse(decodeResult: success, version: HTTP/1.1)
HTTP/1.1 200 OK
Content-Length: 14
Content-Type: application/json; charset=utf-8
cache-control: no-cache

10:50:49.954 [AsyncHttpClient-1-3] DEBUG org.asynchttpclient.netty.channel.ChannelManager - Adding key: http://localhost:36278 for channel [id: 0xf79c9f72, L:/127.0.0.1:58534 - R:localhost/127.0.0.1:36278]
10:50:49.956 [Forwarding sendKeysToElement on session 9ba4f3f78feeafea4811ed1ee668c62d to remote] DEBUG org.asynchttpclient.netty.request.NettyRequestSender - Using pooled Channel '[id: 0xf79c9f72, L:/127.0.0.1:58534 - R:localhost/127.0.0.1:36278]' for 'POST' to 'http://localhost:36278/session/9ba4f3f78feeafea4811ed1ee668c62d/element/b527c359-3fee-4eee-958e-28f20fb0c04e/value'
10:50:49.956 [Forwarding sendKeysToElement on session 9ba4f3f78feeafea4811ed1ee668c62d to remote] DEBUG org.asynchttpclient.netty.request.NettyRequestSender - Using open Channel [id: 0xf79c9f72, L:/127.0.0.1:58534 - R:localhost/127.0.0.1:36278] for POST '/session/9ba4f3f78feeafea4811ed1ee668c62d/element/b527c359-3fee-4eee-958e-28f20fb0c04e/value'
10:50:50.094 [AsyncHttpClient-1-3] DEBUG org.asynchttpclient.netty.handler.HttpHandler - 

Request DefaultHttpRequest(decodeResult: success, version: HTTP/1.1)
POST /session/9ba4f3f78feeafea4811ed1ee668c62d/element/b527c359-3fee-4eee-958e-28f20fb0c04e/value HTTP/1.1
User-Agent: selenium/4.8.1 (java windows)
Content-Length: 201
Content-Type: application/json; charset=utf-8
host: localhost:36278
accept: */*

Response DefaultHttpResponse(decodeResult: success, version: HTTP/1.1)
HTTP/1.1 200 OK
Content-Length: 14
Content-Type: application/json; charset=utf-8
cache-control: no-cache

10:50:50.094 [AsyncHttpClient-1-3] DEBUG org.asynchttpclient.netty.channel.ChannelManager - Adding key: http://localhost:36278 for channel [id: 0xf79c9f72, L:/127.0.0.1:58534 - R:localhost/127.0.0.1:36278]
10:50:50.103 [Forwarding getAlertText on session 9ba4f3f78feeafea4811ed1ee668c62d to remote] DEBUG org.asynchttpclient.netty.request.NettyRequestSender - Using pooled Channel '[id: 0xf79c9f72, L:/127.0.0.1:58534 - R:localhost/127.0.0.1:36278]' for 'GET' to 'http://localhost:36278/session/9ba4f3f78feeafea4811ed1ee668c62d/alert/text'
10:50:50.103 [Forwarding getAlertText on session 9ba4f3f78feeafea4811ed1ee668c62d to remote] DEBUG org.asynchttpclient.netty.request.NettyRequestSender - Using open Channel [id: 0xf79c9f72, L:/127.0.0.1:58534 - R:localhost/127.0.0.1:36278] for GET '/session/9ba4f3f78feeafea4811ed1ee668c62d/alert/text'
10:50:50.104 [AsyncHttpClient-1-3] DEBUG org.asynchttpclient.netty.handler.HttpHandler - 

Request DefaultFullHttpRequest(decodeResult: success, version: HTTP/1.1, content: EmptyByteBufBE)
GET /session/9ba4f3f78feeafea4811ed1ee668c62d/alert/text HTTP/1.1
User-Agent: selenium/4.8.1 (java windows)
Cache-Control: no-cache
Content-Type: application/json; charset=utf-8
host: localhost:36278
accept: */*

Response DefaultHttpResponse(decodeResult: success, version: HTTP/1.1)
HTTP/1.1 404 Not Found
Content-Length: 848
Content-Type: application/json; charset=utf-8
cache-control: no-cache

10:50:50.104 [AsyncHttpClient-1-3] DEBUG org.asynchttpclient.netty.channel.ChannelManager - Adding key: http://localhost:36278 for channel [id: 0xf79c9f72, L:/127.0.0.1:58534 - R:localhost/127.0.0.1:36278]
10:50:50.105 [Forwarding getCurrentUrl on session 9ba4f3f78feeafea4811ed1ee668c62d to remote] DEBUG org.asynchttpclient.netty.request.NettyRequestSender - Using pooled Channel '[id: 0xf79c9f72, L:/127.0.0.1:58534 - R:localhost/127.0.0.1:36278]' for 'GET' to 'http://localhost:36278/session/9ba4f3f78feeafea4811ed1ee668c62d/url'
10:50:50.105 [Forwarding getCurrentUrl on session 9ba4f3f78feeafea4811ed1ee668c62d to remote] DEBUG org.asynchttpclient.netty.request.NettyRequestSender - Using open Channel [id: 0xf79c9f72, L:/127.0.0.1:58534 - R:localhost/127.0.0.1:36278] for GET '/session/9ba4f3f78feeafea4811ed1ee668c62d/url'
10:50:50.109 [AsyncHttpClient-1-3] DEBUG org.asynchttpclient.netty.handler.HttpHandler - 

Request DefaultFullHttpRequest(decodeResult: success, version: HTTP/1.1, content: EmptyByteBufBE)
GET /session/9ba4f3f78feeafea4811ed1ee668c62d/url HTTP/1.1
User-Agent: selenium/4.8.1 (java windows)
Cache-Control: no-cache
Content-Type: application/json; charset=utf-8
host: localhost:36278
accept: */*

Response DefaultHttpResponse(decodeResult: success, version: HTTP/1.1)
HTTP/1.1 200 OK
Content-Length: 54
Content-Type: application/json; charset=utf-8
cache-control: no-cache

10:50:50.109 [AsyncHttpClient-1-3] DEBUG org.asynchttpclient.netty.channel.ChannelManager - Adding key: http://localhost:36278 for channel [id: 0xf79c9f72, L:/127.0.0.1:58534 - R:localhost/127.0.0.1:36278]
10:50:50.110 [Forwarding screenshot on session 9ba4f3f78feeafea4811ed1ee668c62d to remote] DEBUG org.asynchttpclient.netty.request.NettyRequestSender - Using pooled Channel '[id: 0xf79c9f72, L:/127.0.0.1:58534 - R:localhost/127.0.0.1:36278]' for 'GET' to 'http://localhost:36278/session/9ba4f3f78feeafea4811ed1ee668c62d/screenshot'
10:50:50.110 [Forwarding screenshot on session 9ba4f3f78feeafea4811ed1ee668c62d to remote] DEBUG org.asynchttpclient.netty.request.NettyRequestSender - Using open Channel [id: 0xf79c9f72, L:/127.0.0.1:58534 - R:localhost/127.0.0.1:36278] for GET '/session/9ba4f3f78feeafea4811ed1ee668c62d/screenshot'
10:50:50.245 [AsyncHttpClient-1-3] DEBUG org.asynchttpclient.netty.handler.HttpHandler - 

Request DefaultFullHttpRequest(decodeResult: success, version: HTTP/1.1, content: EmptyByteBufBE)
GET /session/9ba4f3f78feeafea4811ed1ee668c62d/screenshot HTTP/1.1
User-Agent: selenium/4.8.1 (java windows)
Cache-Control: no-cache
Content-Type: application/json; charset=utf-8
host: localhost:36278
accept: */*

Response DefaultHttpResponse(decodeResult: success, version: HTTP/1.1)
HTTP/1.1 200 OK
Content-Length: 35208
Content-Type: application/json; charset=utf-8
cache-control: no-cache

10:50:50.246 [AsyncHttpClient-1-3] DEBUG org.asynchttpclient.netty.channel.ChannelManager - Adding key: http://localhost:36278 for channel [id: 0xf79c9f72, L:/127.0.0.1:58534 - R:localhost/127.0.0.1:36278]
10:50:50.248 [main] DEBUG net.serenitybdd.core.photography.Darkroom - Send negative for processing for target\site\serenity\afc0247fd11dc148d0e499f4f28b0b372920826a851cd4d5e7d6e7f754181707.png
10:50:50.248 [main] DEBUG net.thucydides.core.steps.StepInterceptor - STEP DONE: inputEmail
10:50:50.249 [Darkroom Processing Line] DEBUG net.serenitybdd.core.photography.DarkroomProcessingLine - Processing screenshot image in /var/screenshots/screenshot-9507431063199004441
10:50:50.249 [Darkroom Processing Line] DEBUG net.serenitybdd.core.photography.DarkroomProcessingLine - Saving screenshot to target\site\serenity\afc0247fd11dc148d0e499f4f28b0b372920826a851cd4d5e7d6e7f754181707.png
10:50:50.252 [AsyncHttpClient-1-1] DEBUG org.asynchttpclient.netty.channel.DefaultChannelPool - Entry count for : http://localhost:36278 : 1
10:50:50.252 [AsyncHttpClient-1-1] DEBUG org.asynchttpclient.netty.channel.DefaultChannelPool - Entry count for : http://localhost:58535 : 1
10:50:50.256 [Forwarding getPageSource on session 9ba4f3f78feeafea4811ed1ee668c62d to remote] DEBUG org.asynchttpclient.netty.request.NettyRequestSender - Using pooled Channel '[id: 0xf79c9f72, L:/127.0.0.1:58534 - R:localhost/127.0.0.1:36278]' for 'POST' to 'http://localhost:36278/session/9ba4f3f78feeafea4811ed1ee668c62d/execute/sync'
10:50:50.256 [Forwarding getPageSource on session 9ba4f3f78feeafea4811ed1ee668c62d to remote] DEBUG org.asynchttpclient.netty.request.NettyRequestSender - Using open Channel [id: 0xf79c9f72, L:/127.0.0.1:58534 - R:localhost/127.0.0.1:36278] for POST '/session/9ba4f3f78feeafea4811ed1ee668c62d/execute/sync'
10:50:50.261 [AsyncHttpClient-1-3] DEBUG org.asynchttpclient.netty.handler.HttpHandler - 

Request DefaultHttpRequest(decodeResult: success, version: HTTP/1.1)
POST /session/9ba4f3f78feeafea4811ed1ee668c62d/execute/sync HTTP/1.1
User-Agent: selenium/4.8.1 (java windows)
Content-Length: 176
Content-Type: application/json; charset=utf-8
host: localhost:36278
accept: */*

Response DefaultHttpResponse(decodeResult: success, version: HTTP/1.1)
HTTP/1.1 200 OK
Content-Length: 22414
Content-Type: application/json; charset=utf-8
cache-control: no-cache

10:50:50.261 [AsyncHttpClient-1-3] DEBUG org.asynchttpclient.netty.channel.ChannelManager - Adding key: http://localhost:36278 for channel [id: 0xf79c9f72, L:/127.0.0.1:58534 - R:localhost/127.0.0.1:36278]
10:50:50.264 [Forwarding getCurrentUrl on session 9ba4f3f78feeafea4811ed1ee668c62d to remote] DEBUG org.asynchttpclient.netty.request.NettyRequestSender - Using pooled Channel '[id: 0xf79c9f72, L:/127.0.0.1:58534 - R:localhost/127.0.0.1:36278]' for 'GET' to 'http://localhost:36278/session/9ba4f3f78feeafea4811ed1ee668c62d/url'
10:50:50.264 [Forwarding getCurrentUrl on session 9ba4f3f78feeafea4811ed1ee668c62d to remote] DEBUG org.asynchttpclient.netty.request.NettyRequestSender - Using open Channel [id: 0xf79c9f72, L:/127.0.0.1:58534 - R:localhost/127.0.0.1:36278] for GET '/session/9ba4f3f78feeafea4811ed1ee668c62d/url'
10:50:50.268 [AsyncHttpClient-1-3] DEBUG org.asynchttpclient.netty.handler.HttpHandler - 

Request DefaultFullHttpRequest(decodeResult: success, version: HTTP/1.1, content: EmptyByteBufBE)
GET /session/9ba4f3f78feeafea4811ed1ee668c62d/url HTTP/1.1
User-Agent: selenium/4.8.1 (java windows)
Cache-Control: no-cache
Content-Type: application/json; charset=utf-8
host: localhost:36278
accept: */*

Response DefaultHttpResponse(decodeResult: success, version: HTTP/1.1)
HTTP/1.1 200 OK
Content-Length: 54
Content-Type: application/json; charset=utf-8
cache-control: no-cache

10:50:50.268 [AsyncHttpClient-1-3] DEBUG org.asynchttpclient.netty.channel.ChannelManager - Adding key: http://localhost:36278 for channel [id: 0xf79c9f72, L:/127.0.0.1:58534 - R:localhost/127.0.0.1:36278]
10:50:50.271 [main] DEBUG net.thucydides.core.steps.StepInterceptor - STARTING STEP: IntegrationSteps.regstoWebs - inputPassword
10:50:50.273 [Forwarding findElement on session 9ba4f3f78feeafea4811ed1ee668c62d to remote] DEBUG org.asynchttpclient.netty.request.NettyRequestSender - Using pooled Channel '[id: 0xf79c9f72, L:/127.0.0.1:58534 - R:localhost/127.0.0.1:36278]' for 'POST' to 'http://localhost:36278/session/9ba4f3f78feeafea4811ed1ee668c62d/element'
10:50:50.273 [Forwarding findElement on session 9ba4f3f78feeafea4811ed1ee668c62d to remote] DEBUG org.asynchttpclient.netty.request.NettyRequestSender - Using open Channel [id: 0xf79c9f72, L:/127.0.0.1:58534 - R:localhost/127.0.0.1:36278] for POST '/session/9ba4f3f78feeafea4811ed1ee668c62d/element'
10:50:50.286 [AsyncHttpClient-1-3] DEBUG org.asynchttpclient.netty.handler.HttpHandler - 

Request DefaultHttpRequest(decodeResult: success, version: HTTP/1.1)
POST /session/9ba4f3f78feeafea4811ed1ee668c62d/element HTTP/1.1
User-Agent: selenium/4.8.1 (java windows)
Content-Length: 55
Content-Type: application/json; charset=utf-8
host: localhost:36278
accept: */*

Response DefaultHttpResponse(decodeResult: success, version: HTTP/1.1)
HTTP/1.1 200 OK
Content-Length: 88
Content-Type: application/json; charset=utf-8
cache-control: no-cache

10:50:50.286 [AsyncHttpClient-1-3] DEBUG org.asynchttpclient.netty.channel.ChannelManager - Adding key: http://localhost:36278 for channel [id: 0xf79c9f72, L:/127.0.0.1:58534 - R:localhost/127.0.0.1:36278]
10:50:50.287 [Forwarding clearElement on session 9ba4f3f78feeafea4811ed1ee668c62d to remote] DEBUG org.asynchttpclient.netty.request.NettyRequestSender - Using pooled Channel '[id: 0xf79c9f72, L:/127.0.0.1:58534 - R:localhost/127.0.0.1:36278]' for 'POST' to 'http://localhost:36278/session/9ba4f3f78feeafea4811ed1ee668c62d/element/d02c621b-700a-4577-9347-ae51cdb9b3ff/clear'
10:50:50.287 [Forwarding clearElement on session 9ba4f3f78feeafea4811ed1ee668c62d to remote] DEBUG org.asynchttpclient.netty.request.NettyRequestSender - Using open Channel [id: 0xf79c9f72, L:/127.0.0.1:58534 - R:localhost/127.0.0.1:36278] for POST '/session/9ba4f3f78feeafea4811ed1ee668c62d/element/d02c621b-700a-4577-9347-ae51cdb9b3ff/clear'
10:50:50.334 [AsyncHttpClient-1-3] DEBUG org.asynchttpclient.netty.handler.HttpHandler - 

Request DefaultHttpRequest(decodeResult: success, version: HTTP/1.1)
POST /session/9ba4f3f78feeafea4811ed1ee668c62d/element/d02c621b-700a-4577-9347-ae51cdb9b3ff/clear HTTP/1.1
User-Agent: selenium/4.8.1 (java windows)
Content-Length: 50
Content-Type: application/json; charset=utf-8
host: localhost:36278
accept: */*

Response DefaultHttpResponse(decodeResult: success, version: HTTP/1.1)
HTTP/1.1 200 OK
Content-Length: 14
Content-Type: application/json; charset=utf-8
cache-control: no-cache

10:50:50.334 [AsyncHttpClient-1-3] DEBUG org.asynchttpclient.netty.channel.ChannelManager - Adding key: http://localhost:36278 for channel [id: 0xf79c9f72, L:/127.0.0.1:58534 - R:localhost/127.0.0.1:36278]
10:50:50.336 [Forwarding sendKeysToElement on session 9ba4f3f78feeafea4811ed1ee668c62d to remote] DEBUG org.asynchttpclient.netty.request.NettyRequestSender - Using pooled Channel '[id: 0xf79c9f72, L:/127.0.0.1:58534 - R:localhost/127.0.0.1:36278]' for 'POST' to 'http://localhost:36278/session/9ba4f3f78feeafea4811ed1ee668c62d/element/d02c621b-700a-4577-9347-ae51cdb9b3ff/value'
10:50:50.336 [Forwarding sendKeysToElement on session 9ba4f3f78feeafea4811ed1ee668c62d to remote] DEBUG org.asynchttpclient.netty.request.NettyRequestSender - Using open Channel [id: 0xf79c9f72, L:/127.0.0.1:58534 - R:localhost/127.0.0.1:36278] for POST '/session/9ba4f3f78feeafea4811ed1ee668c62d/element/d02c621b-700a-4577-9347-ae51cdb9b3ff/value'
10:50:50.425 [AsyncHttpClient-1-3] DEBUG org.asynchttpclient.netty.handler.HttpHandler - 

Request DefaultHttpRequest(decodeResult: success, version: HTTP/1.1)
POST /session/9ba4f3f78feeafea4811ed1ee668c62d/element/d02c621b-700a-4577-9347-ae51cdb9b3ff/value HTTP/1.1
User-Agent: selenium/4.8.1 (java windows)
Content-Length: 141
Content-Type: application/json; charset=utf-8
host: localhost:36278
accept: */*

Response DefaultHttpResponse(decodeResult: success, version: HTTP/1.1)
HTTP/1.1 200 OK
Content-Length: 14
Content-Type: application/json; charset=utf-8
cache-control: no-cache

10:50:50.425 [AsyncHttpClient-1-3] DEBUG org.asynchttpclient.netty.channel.ChannelManager - Adding key: http://localhost:36278 for channel [id: 0xf79c9f72, L:/127.0.0.1:58534 - R:localhost/127.0.0.1:36278]
10:50:50.435 [Forwarding getAlertText on session 9ba4f3f78feeafea4811ed1ee668c62d to remote] DEBUG org.asynchttpclient.netty.request.NettyRequestSender - Using pooled Channel '[id: 0xf79c9f72, L:/127.0.0.1:58534 - R:localhost/127.0.0.1:36278]' for 'GET' to 'http://localhost:36278/session/9ba4f3f78feeafea4811ed1ee668c62d/alert/text'
10:50:50.435 [Forwarding getAlertText on session 9ba4f3f78feeafea4811ed1ee668c62d to remote] DEBUG org.asynchttpclient.netty.request.NettyRequestSender - Using open Channel [id: 0xf79c9f72, L:/127.0.0.1:58534 - R:localhost/127.0.0.1:36278] for GET '/session/9ba4f3f78feeafea4811ed1ee668c62d/alert/text'
10:50:50.437 [AsyncHttpClient-1-3] DEBUG org.asynchttpclient.netty.handler.HttpHandler - 

Request DefaultFullHttpRequest(decodeResult: success, version: HTTP/1.1, content: EmptyByteBufBE)
GET /session/9ba4f3f78feeafea4811ed1ee668c62d/alert/text HTTP/1.1
User-Agent: selenium/4.8.1 (java windows)
Cache-Control: no-cache
Content-Type: application/json; charset=utf-8
host: localhost:36278
accept: */*

Response DefaultHttpResponse(decodeResult: success, version: HTTP/1.1)
HTTP/1.1 404 Not Found
Content-Length: 848
Content-Type: application/json; charset=utf-8
cache-control: no-cache

10:50:50.437 [AsyncHttpClient-1-3] DEBUG org.asynchttpclient.netty.channel.ChannelManager - Adding key: http://localhost:36278 for channel [id: 0xf79c9f72, L:/127.0.0.1:58534 - R:localhost/127.0.0.1:36278]
10:50:50.438 [Forwarding getCurrentUrl on session 9ba4f3f78feeafea4811ed1ee668c62d to remote] DEBUG org.asynchttpclient.netty.request.NettyRequestSender - Using pooled Channel '[id: 0xf79c9f72, L:/127.0.0.1:58534 - R:localhost/127.0.0.1:36278]' for 'GET' to 'http://localhost:36278/session/9ba4f3f78feeafea4811ed1ee668c62d/url'
10:50:50.438 [Forwarding getCurrentUrl on session 9ba4f3f78feeafea4811ed1ee668c62d to remote] DEBUG org.asynchttpclient.netty.request.NettyRequestSender - Using open Channel [id: 0xf79c9f72, L:/127.0.0.1:58534 - R:localhost/127.0.0.1:36278] for GET '/session/9ba4f3f78feeafea4811ed1ee668c62d/url'
10:50:50.441 [AsyncHttpClient-1-3] DEBUG org.asynchttpclient.netty.handler.HttpHandler - 

Request DefaultFullHttpRequest(decodeResult: success, version: HTTP/1.1, content: EmptyByteBufBE)
GET /session/9ba4f3f78feeafea4811ed1ee668c62d/url HTTP/1.1
User-Agent: selenium/4.8.1 (java windows)
Cache-Control: no-cache
Content-Type: application/json; charset=utf-8
host: localhost:36278
accept: */*

Response DefaultHttpResponse(decodeResult: success, version: HTTP/1.1)
HTTP/1.1 200 OK
Content-Length: 54
Content-Type: application/json; charset=utf-8
cache-control: no-cache

10:50:50.441 [AsyncHttpClient-1-3] DEBUG org.asynchttpclient.netty.channel.ChannelManager - Adding key: http://localhost:36278 for channel [id: 0xf79c9f72, L:/127.0.0.1:58534 - R:localhost/127.0.0.1:36278]
10:50:50.442 [Forwarding screenshot on session 9ba4f3f78feeafea4811ed1ee668c62d to remote] DEBUG org.asynchttpclient.netty.request.NettyRequestSender - Using pooled Channel '[id: 0xf79c9f72, L:/127.0.0.1:58534 - R:localhost/127.0.0.1:36278]' for 'GET' to 'http://localhost:36278/session/9ba4f3f78feeafea4811ed1ee668c62d/screenshot'
10:50:50.442 [Forwarding screenshot on session 9ba4f3f78feeafea4811ed1ee668c62d to remote] DEBUG org.asynchttpclient.netty.request.NettyRequestSender - Using open Channel [id: 0xf79c9f72, L:/127.0.0.1:58534 - R:localhost/127.0.0.1:36278] for GET '/session/9ba4f3f78feeafea4811ed1ee668c62d/screenshot'
10:50:50.583 [AsyncHttpClient-1-3] DEBUG org.asynchttpclient.netty.handler.HttpHandler - 

Request DefaultFullHttpRequest(decodeResult: success, version: HTTP/1.1, content: EmptyByteBufBE)
GET /session/9ba4f3f78feeafea4811ed1ee668c62d/screenshot HTTP/1.1
User-Agent: selenium/4.8.1 (java windows)
Cache-Control: no-cache
Content-Type: application/json; charset=utf-8
host: localhost:36278
accept: */*

Response DefaultHttpResponse(decodeResult: success, version: HTTP/1.1)
HTTP/1.1 200 OK
Content-Length: 35436
Content-Type: application/json; charset=utf-8
cache-control: no-cache

10:50:50.583 [AsyncHttpClient-1-3] DEBUG org.asynchttpclient.netty.channel.ChannelManager - Adding key: http://localhost:36278 for channel [id: 0xf79c9f72, L:/127.0.0.1:58534 - R:localhost/127.0.0.1:36278]
10:50:50.584 [main] DEBUG net.serenitybdd.core.photography.Darkroom - Send negative for processing for target\site\serenity\1ea059058d987e283a604a12ff191f6dbfe84288bab64837c0b45617e851c6e6.png
10:50:50.585 [main] DEBUG net.thucydides.core.steps.StepInterceptor - STEP DONE: inputPassword
10:50:50.585 [Darkroom Processing Line] DEBUG net.serenitybdd.core.photography.DarkroomProcessingLine - Processing screenshot image in /var/screenshots/screenshot-15372405287380376942
10:50:50.585 [Darkroom Processing Line] DEBUG net.serenitybdd.core.photography.DarkroomProcessingLine - Saving screenshot to target\site\serenity\1ea059058d987e283a604a12ff191f6dbfe84288bab64837c0b45617e851c6e6.png
10:50:50.591 [Forwarding getPageSource on session 9ba4f3f78feeafea4811ed1ee668c62d to remote] DEBUG org.asynchttpclient.netty.request.NettyRequestSender - Using pooled Channel '[id: 0xf79c9f72, L:/127.0.0.1:58534 - R:localhost/127.0.0.1:36278]' for 'POST' to 'http://localhost:36278/session/9ba4f3f78feeafea4811ed1ee668c62d/execute/sync'
10:50:50.592 [Forwarding getPageSource on session 9ba4f3f78feeafea4811ed1ee668c62d to remote] DEBUG org.asynchttpclient.netty.request.NettyRequestSender - Using open Channel [id: 0xf79c9f72, L:/127.0.0.1:58534 - R:localhost/127.0.0.1:36278] for POST '/session/9ba4f3f78feeafea4811ed1ee668c62d/execute/sync'
10:50:50.599 [AsyncHttpClient-1-3] DEBUG org.asynchttpclient.netty.handler.HttpHandler - 

Request DefaultHttpRequest(decodeResult: success, version: HTTP/1.1)
POST /session/9ba4f3f78feeafea4811ed1ee668c62d/execute/sync HTTP/1.1
User-Agent: selenium/4.8.1 (java windows)
Content-Length: 176
Content-Type: application/json; charset=utf-8
host: localhost:36278
accept: */*

Response DefaultHttpResponse(decodeResult: success, version: HTTP/1.1)
HTTP/1.1 200 OK
Content-Length: 22473
Content-Type: application/json; charset=utf-8
cache-control: no-cache

10:50:50.599 [AsyncHttpClient-1-3] DEBUG org.asynchttpclient.netty.channel.ChannelManager - Adding key: http://localhost:36278 for channel [id: 0xf79c9f72, L:/127.0.0.1:58534 - R:localhost/127.0.0.1:36278]
10:50:50.601 [Forwarding getCurrentUrl on session 9ba4f3f78feeafea4811ed1ee668c62d to remote] DEBUG org.asynchttpclient.netty.request.NettyRequestSender - Using pooled Channel '[id: 0xf79c9f72, L:/127.0.0.1:58534 - R:localhost/127.0.0.1:36278]' for 'GET' to 'http://localhost:36278/session/9ba4f3f78feeafea4811ed1ee668c62d/url'
10:50:50.601 [Forwarding getCurrentUrl on session 9ba4f3f78feeafea4811ed1ee668c62d to remote] DEBUG org.asynchttpclient.netty.request.NettyRequestSender - Using open Channel [id: 0xf79c9f72, L:/127.0.0.1:58534 - R:localhost/127.0.0.1:36278] for GET '/session/9ba4f3f78feeafea4811ed1ee668c62d/url'
10:50:50.604 [AsyncHttpClient-1-3] DEBUG org.asynchttpclient.netty.handler.HttpHandler - 

Request DefaultFullHttpRequest(decodeResult: success, version: HTTP/1.1, content: EmptyByteBufBE)
GET /session/9ba4f3f78feeafea4811ed1ee668c62d/url HTTP/1.1
User-Agent: selenium/4.8.1 (java windows)
Cache-Control: no-cache
Content-Type: application/json; charset=utf-8
host: localhost:36278
accept: */*

Response DefaultHttpResponse(decodeResult: success, version: HTTP/1.1)
HTTP/1.1 200 OK
Content-Length: 54
Content-Type: application/json; charset=utf-8
cache-control: no-cache

10:50:50.604 [AsyncHttpClient-1-3] DEBUG org.asynchttpclient.netty.channel.ChannelManager - Adding key: http://localhost:36278 for channel [id: 0xf79c9f72, L:/127.0.0.1:58534 - R:localhost/127.0.0.1:36278]
10:50:50.606 [main] DEBUG net.thucydides.core.steps.StepInterceptor - STARTING STEP: IntegrationSteps.regstoWebs - clickRegisterButton
10:50:50.608 [Forwarding setTimeout on session 9ba4f3f78feeafea4811ed1ee668c62d to remote] DEBUG org.asynchttpclient.netty.request.NettyRequestSender - Using pooled Channel '[id: 0xf79c9f72, L:/127.0.0.1:58534 - R:localhost/127.0.0.1:36278]' for 'POST' to 'http://localhost:36278/session/9ba4f3f78feeafea4811ed1ee668c62d/timeouts'
10:50:50.608 [Forwarding setTimeout on session 9ba4f3f78feeafea4811ed1ee668c62d to remote] DEBUG org.asynchttpclient.netty.request.NettyRequestSender - Using open Channel [id: 0xf79c9f72, L:/127.0.0.1:58534 - R:localhost/127.0.0.1:36278] for POST '/session/9ba4f3f78feeafea4811ed1ee668c62d/timeouts'
10:50:50.609 [AsyncHttpClient-1-3] DEBUG org.asynchttpclient.netty.handler.HttpHandler - 

Request DefaultHttpRequest(decodeResult: success, version: HTTP/1.1)
POST /session/9ba4f3f78feeafea4811ed1ee668c62d/timeouts HTTP/1.1
User-Agent: selenium/4.8.1 (java windows)
Content-Length: 19
Content-Type: application/json; charset=utf-8
host: localhost:36278
accept: */*

Response DefaultHttpResponse(decodeResult: success, version: HTTP/1.1)
HTTP/1.1 200 OK
Content-Length: 14
Content-Type: application/json; charset=utf-8
cache-control: no-cache

10:50:50.609 [AsyncHttpClient-1-3] DEBUG org.asynchttpclient.netty.channel.ChannelManager - Adding key: http://localhost:36278 for channel [id: 0xf79c9f72, L:/127.0.0.1:58534 - R:localhost/127.0.0.1:36278]
10:50:50.611 [Forwarding findElements on session 9ba4f3f78feeafea4811ed1ee668c62d to remote] DEBUG org.asynchttpclient.netty.request.NettyRequestSender - Using pooled Channel '[id: 0xf79c9f72, L:/127.0.0.1:58534 - R:localhost/127.0.0.1:36278]' for 'POST' to 'http://localhost:36278/session/9ba4f3f78feeafea4811ed1ee668c62d/elements'
10:50:50.611 [Forwarding findElements on session 9ba4f3f78feeafea4811ed1ee668c62d to remote] DEBUG org.asynchttpclient.netty.request.NettyRequestSender - Using open Channel [id: 0xf79c9f72, L:/127.0.0.1:58534 - R:localhost/127.0.0.1:36278] for POST '/session/9ba4f3f78feeafea4811ed1ee668c62d/elements'
10:50:50.621 [AsyncHttpClient-1-3] DEBUG org.asynchttpclient.netty.handler.HttpHandler - 

Request DefaultHttpRequest(decodeResult: success, version: HTTP/1.1)
POST /session/9ba4f3f78feeafea4811ed1ee668c62d/elements HTTP/1.1
User-Agent: selenium/4.8.1 (java windows)
Content-Length: 225
Content-Type: application/json; charset=utf-8
host: localhost:36278
accept: */*

Response DefaultHttpResponse(decodeResult: success, version: HTTP/1.1)
HTTP/1.1 200 OK
Content-Length: 90
Content-Type: application/json; charset=utf-8
cache-control: no-cache

10:50:50.622 [AsyncHttpClient-1-3] DEBUG org.asynchttpclient.netty.channel.ChannelManager - Adding key: http://localhost:36278 for channel [id: 0xf79c9f72, L:/127.0.0.1:58534 - R:localhost/127.0.0.1:36278]
10:50:50.625 [Forwarding isElementDisplayed on session 9ba4f3f78feeafea4811ed1ee668c62d to remote] DEBUG org.asynchttpclient.netty.request.NettyRequestSender - Using pooled Channel '[id: 0xf79c9f72, L:/127.0.0.1:58534 - R:localhost/127.0.0.1:36278]' for 'POST' to 'http://localhost:36278/session/9ba4f3f78feeafea4811ed1ee668c62d/execute/sync'
10:50:50.625 [Forwarding isElementDisplayed on session 9ba4f3f78feeafea4811ed1ee668c62d to remote] DEBUG org.asynchttpclient.netty.request.NettyRequestSender - Using open Channel [id: 0xf79c9f72, L:/127.0.0.1:58534 - R:localhost/127.0.0.1:36278] for POST '/session/9ba4f3f78feeafea4811ed1ee668c62d/execute/sync'
10:50:50.635 [AsyncHttpClient-1-3] DEBUG org.asynchttpclient.netty.handler.HttpHandler - 

Request DefaultHttpRequest(decodeResult: success, version: HTTP/1.1)
POST /session/9ba4f3f78feeafea4811ed1ee668c62d/execute/sync HTTP/1.1
User-Agent: selenium/4.8.1 (java windows)
Content-Length: 48807
Content-Type: application/json; charset=utf-8
host: localhost:36278
accept: */*

Response DefaultHttpResponse(decodeResult: success, version: HTTP/1.1)
HTTP/1.1 200 OK
Content-Length: 14
Content-Type: application/json; charset=utf-8
cache-control: no-cache

10:50:50.635 [AsyncHttpClient-1-3] DEBUG org.asynchttpclient.netty.channel.ChannelManager - Adding key: http://localhost:36278 for channel [id: 0xf79c9f72, L:/127.0.0.1:58534 - R:localhost/127.0.0.1:36278]
10:50:50.639 [Forwarding findElements on session 9ba4f3f78feeafea4811ed1ee668c62d to remote] DEBUG org.asynchttpclient.netty.request.NettyRequestSender - Using pooled Channel '[id: 0xf79c9f72, L:/127.0.0.1:58534 - R:localhost/127.0.0.1:36278]' for 'POST' to 'http://localhost:36278/session/9ba4f3f78feeafea4811ed1ee668c62d/elements'
10:50:50.639 [Forwarding findElements on session 9ba4f3f78feeafea4811ed1ee668c62d to remote] DEBUG org.asynchttpclient.netty.request.NettyRequestSender - Using open Channel [id: 0xf79c9f72, L:/127.0.0.1:58534 - R:localhost/127.0.0.1:36278] for POST '/session/9ba4f3f78feeafea4811ed1ee668c62d/elements'
10:50:50.650 [AsyncHttpClient-1-3] DEBUG org.asynchttpclient.netty.handler.HttpHandler - 

Request DefaultHttpRequest(decodeResult: success, version: HTTP/1.1)
POST /session/9ba4f3f78feeafea4811ed1ee668c62d/elements HTTP/1.1
User-Agent: selenium/4.8.1 (java windows)
Content-Length: 225
Content-Type: application/json; charset=utf-8
host: localhost:36278
accept: */*

Response DefaultHttpResponse(decodeResult: success, version: HTTP/1.1)
HTTP/1.1 200 OK
Content-Length: 90
Content-Type: application/json; charset=utf-8
cache-control: no-cache

10:50:50.651 [AsyncHttpClient-1-3] DEBUG org.asynchttpclient.netty.channel.ChannelManager - Adding key: http://localhost:36278 for channel [id: 0xf79c9f72, L:/127.0.0.1:58534 - R:localhost/127.0.0.1:36278]
10:50:50.653 [Forwarding setTimeout on session 9ba4f3f78feeafea4811ed1ee668c62d to remote] DEBUG org.asynchttpclient.netty.request.NettyRequestSender - Using pooled Channel '[id: 0xf79c9f72, L:/127.0.0.1:58534 - R:localhost/127.0.0.1:36278]' for 'POST' to 'http://localhost:36278/session/9ba4f3f78feeafea4811ed1ee668c62d/timeouts'
10:50:50.653 [Forwarding setTimeout on session 9ba4f3f78feeafea4811ed1ee668c62d to remote] DEBUG org.asynchttpclient.netty.request.NettyRequestSender - Using open Channel [id: 0xf79c9f72, L:/127.0.0.1:58534 - R:localhost/127.0.0.1:36278] for POST '/session/9ba4f3f78feeafea4811ed1ee668c62d/timeouts'
10:50:50.654 [AsyncHttpClient-1-3] DEBUG org.asynchttpclient.netty.handler.HttpHandler - 

Request DefaultHttpRequest(decodeResult: success, version: HTTP/1.1)
POST /session/9ba4f3f78feeafea4811ed1ee668c62d/timeouts HTTP/1.1
User-Agent: selenium/4.8.1 (java windows)
Content-Length: 22
Content-Type: application/json; charset=utf-8
host: localhost:36278
accept: */*

Response DefaultHttpResponse(decodeResult: success, version: HTTP/1.1)
HTTP/1.1 200 OK
Content-Length: 14
Content-Type: application/json; charset=utf-8
cache-control: no-cache

10:50:50.654 [AsyncHttpClient-1-3] DEBUG org.asynchttpclient.netty.channel.ChannelManager - Adding key: http://localhost:36278 for channel [id: 0xf79c9f72, L:/127.0.0.1:58534 - R:localhost/127.0.0.1:36278]
10:50:50.658 [Forwarding getElementTagName on session 9ba4f3f78feeafea4811ed1ee668c62d to remote] DEBUG org.asynchttpclient.netty.request.NettyRequestSender - Using pooled Channel '[id: 0xf79c9f72, L:/127.0.0.1:58534 - R:localhost/127.0.0.1:36278]' for 'GET' to 'http://localhost:36278/session/9ba4f3f78feeafea4811ed1ee668c62d/element/341784c8-91ef-4304-b067-5de074966bd9/name'
10:50:50.658 [Forwarding getElementTagName on session 9ba4f3f78feeafea4811ed1ee668c62d to remote] DEBUG org.asynchttpclient.netty.request.NettyRequestSender - Using open Channel [id: 0xf79c9f72, L:/127.0.0.1:58534 - R:localhost/127.0.0.1:36278] for GET '/session/9ba4f3f78feeafea4811ed1ee668c62d/element/341784c8-91ef-4304-b067-5de074966bd9/name'
10:50:50.667 [AsyncHttpClient-1-3] DEBUG org.asynchttpclient.netty.handler.HttpHandler - 

Request DefaultFullHttpRequest(decodeResult: success, version: HTTP/1.1, content: EmptyByteBufBE)
GET /session/9ba4f3f78feeafea4811ed1ee668c62d/element/341784c8-91ef-4304-b067-5de074966bd9/name HTTP/1.1
User-Agent: selenium/4.8.1 (java windows)
Cache-Control: no-cache
Content-Type: application/json; charset=utf-8
host: localhost:36278
accept: */*

Response DefaultHttpResponse(decodeResult: success, version: HTTP/1.1)
HTTP/1.1 200 OK
Content-Length: 18
Content-Type: application/json; charset=utf-8
cache-control: no-cache

10:50:50.668 [AsyncHttpClient-1-3] DEBUG org.asynchttpclient.netty.channel.ChannelManager - Adding key: http://localhost:36278 for channel [id: 0xf79c9f72, L:/127.0.0.1:58534 - R:localhost/127.0.0.1:36278]
10:50:50.669 [Forwarding getElementTagName on session 9ba4f3f78feeafea4811ed1ee668c62d to remote] DEBUG org.asynchttpclient.netty.request.NettyRequestSender - Using pooled Channel '[id: 0xf79c9f72, L:/127.0.0.1:58534 - R:localhost/127.0.0.1:36278]' for 'GET' to 'http://localhost:36278/session/9ba4f3f78feeafea4811ed1ee668c62d/element/341784c8-91ef-4304-b067-5de074966bd9/name'
10:50:50.669 [Forwarding getElementTagName on session 9ba4f3f78feeafea4811ed1ee668c62d to remote] DEBUG org.asynchttpclient.netty.request.NettyRequestSender - Using open Channel [id: 0xf79c9f72, L:/127.0.0.1:58534 - R:localhost/127.0.0.1:36278] for GET '/session/9ba4f3f78feeafea4811ed1ee668c62d/element/341784c8-91ef-4304-b067-5de074966bd9/name'
10:50:50.673 [AsyncHttpClient-1-3] DEBUG org.asynchttpclient.netty.handler.HttpHandler - 

Request DefaultFullHttpRequest(decodeResult: success, version: HTTP/1.1, content: EmptyByteBufBE)
GET /session/9ba4f3f78feeafea4811ed1ee668c62d/element/341784c8-91ef-4304-b067-5de074966bd9/name HTTP/1.1
User-Agent: selenium/4.8.1 (java windows)
Cache-Control: no-cache
Content-Type: application/json; charset=utf-8
host: localhost:36278
accept: */*

Response DefaultHttpResponse(decodeResult: success, version: HTTP/1.1)
HTTP/1.1 200 OK
Content-Length: 18
Content-Type: application/json; charset=utf-8
cache-control: no-cache

10:50:50.673 [AsyncHttpClient-1-3] DEBUG org.asynchttpclient.netty.channel.ChannelManager - Adding key: http://localhost:36278 for channel [id: 0xf79c9f72, L:/127.0.0.1:58534 - R:localhost/127.0.0.1:36278]
10:50:50.676 [Forwarding isElementEnabled on session 9ba4f3f78feeafea4811ed1ee668c62d to remote] DEBUG org.asynchttpclient.netty.request.NettyRequestSender - Using pooled Channel '[id: 0xf79c9f72, L:/127.0.0.1:58534 - R:localhost/127.0.0.1:36278]' for 'GET' to 'http://localhost:36278/session/9ba4f3f78feeafea4811ed1ee668c62d/element/341784c8-91ef-4304-b067-5de074966bd9/enabled'
10:50:50.676 [Forwarding isElementEnabled on session 9ba4f3f78feeafea4811ed1ee668c62d to remote] DEBUG org.asynchttpclient.netty.request.NettyRequestSender - Using open Channel [id: 0xf79c9f72, L:/127.0.0.1:58534 - R:localhost/127.0.0.1:36278] for GET '/session/9ba4f3f78feeafea4811ed1ee668c62d/element/341784c8-91ef-4304-b067-5de074966bd9/enabled'
10:50:50.689 [AsyncHttpClient-1-3] DEBUG org.asynchttpclient.netty.handler.HttpHandler - 

Request DefaultFullHttpRequest(decodeResult: success, version: HTTP/1.1, content: EmptyByteBufBE)
GET /session/9ba4f3f78feeafea4811ed1ee668c62d/element/341784c8-91ef-4304-b067-5de074966bd9/enabled HTTP/1.1
User-Agent: selenium/4.8.1 (java windows)
Cache-Control: no-cache
Content-Type: application/json; charset=utf-8
host: localhost:36278
accept: */*

Response DefaultHttpResponse(decodeResult: success, version: HTTP/1.1)
HTTP/1.1 200 OK
Content-Length: 14
Content-Type: application/json; charset=utf-8
cache-control: no-cache

10:50:50.690 [AsyncHttpClient-1-3] DEBUG org.asynchttpclient.netty.channel.ChannelManager - Adding key: http://localhost:36278 for channel [id: 0xf79c9f72, L:/127.0.0.1:58534 - R:localhost/127.0.0.1:36278]
10:50:50.691 [Forwarding isElementEnabled on session 9ba4f3f78feeafea4811ed1ee668c62d to remote] DEBUG org.asynchttpclient.netty.request.NettyRequestSender - Using pooled Channel '[id: 0xf79c9f72, L:/127.0.0.1:58534 - R:localhost/127.0.0.1:36278]' for 'GET' to 'http://localhost:36278/session/9ba4f3f78feeafea4811ed1ee668c62d/element/341784c8-91ef-4304-b067-5de074966bd9/enabled'
10:50:50.691 [Forwarding isElementEnabled on session 9ba4f3f78feeafea4811ed1ee668c62d to remote] DEBUG org.asynchttpclient.netty.request.NettyRequestSender - Using open Channel [id: 0xf79c9f72, L:/127.0.0.1:58534 - R:localhost/127.0.0.1:36278] for GET '/session/9ba4f3f78feeafea4811ed1ee668c62d/element/341784c8-91ef-4304-b067-5de074966bd9/enabled'
10:50:50.701 [AsyncHttpClient-1-3] DEBUG org.asynchttpclient.netty.handler.HttpHandler - 

Request DefaultFullHttpRequest(decodeResult: success, version: HTTP/1.1, content: EmptyByteBufBE)
GET /session/9ba4f3f78feeafea4811ed1ee668c62d/element/341784c8-91ef-4304-b067-5de074966bd9/enabled HTTP/1.1
User-Agent: selenium/4.8.1 (java windows)
Cache-Control: no-cache
Content-Type: application/json; charset=utf-8
host: localhost:36278
accept: */*

Response DefaultHttpResponse(decodeResult: success, version: HTTP/1.1)
HTTP/1.1 200 OK
Content-Length: 14
Content-Type: application/json; charset=utf-8
cache-control: no-cache

10:50:50.701 [AsyncHttpClient-1-3] DEBUG org.asynchttpclient.netty.channel.ChannelManager - Adding key: http://localhost:36278 for channel [id: 0xf79c9f72, L:/127.0.0.1:58534 - R:localhost/127.0.0.1:36278]
10:50:50.703 [Forwarding clickElement on session 9ba4f3f78feeafea4811ed1ee668c62d to remote] DEBUG org.asynchttpclient.netty.request.NettyRequestSender - Using pooled Channel '[id: 0xf79c9f72, L:/127.0.0.1:58534 - R:localhost/127.0.0.1:36278]' for 'POST' to 'http://localhost:36278/session/9ba4f3f78feeafea4811ed1ee668c62d/element/341784c8-91ef-4304-b067-5de074966bd9/click'
10:50:50.703 [Forwarding clickElement on session 9ba4f3f78feeafea4811ed1ee668c62d to remote] DEBUG org.asynchttpclient.netty.request.NettyRequestSender - Using open Channel [id: 0xf79c9f72, L:/127.0.0.1:58534 - R:localhost/127.0.0.1:36278] for POST '/session/9ba4f3f78feeafea4811ed1ee668c62d/element/341784c8-91ef-4304-b067-5de074966bd9/click'
10:50:50.761 [AsyncHttpClient-1-3] DEBUG org.asynchttpclient.netty.handler.HttpHandler - 

Request DefaultHttpRequest(decodeResult: success, version: HTTP/1.1)
POST /session/9ba4f3f78feeafea4811ed1ee668c62d/element/341784c8-91ef-4304-b067-5de074966bd9/click HTTP/1.1
User-Agent: selenium/4.8.1 (java windows)
Content-Length: 50
Content-Type: application/json; charset=utf-8
host: localhost:36278
accept: */*

Response DefaultHttpResponse(decodeResult: success, version: HTTP/1.1)
HTTP/1.1 200 OK
Content-Length: 14
Content-Type: application/json; charset=utf-8
cache-control: no-cache

10:50:50.761 [AsyncHttpClient-1-3] DEBUG org.asynchttpclient.netty.channel.ChannelManager - Adding key: http://localhost:36278 for channel [id: 0xf79c9f72, L:/127.0.0.1:58534 - R:localhost/127.0.0.1:36278]
10:50:50.769 [Forwarding getAlertText on session 9ba4f3f78feeafea4811ed1ee668c62d to remote] DEBUG org.asynchttpclient.netty.request.NettyRequestSender - Using pooled Channel '[id: 0xf79c9f72, L:/127.0.0.1:58534 - R:localhost/127.0.0.1:36278]' for 'GET' to 'http://localhost:36278/session/9ba4f3f78feeafea4811ed1ee668c62d/alert/text'
10:50:50.769 [Forwarding getAlertText on session 9ba4f3f78feeafea4811ed1ee668c62d to remote] DEBUG org.asynchttpclient.netty.request.NettyRequestSender - Using open Channel [id: 0xf79c9f72, L:/127.0.0.1:58534 - R:localhost/127.0.0.1:36278] for GET '/session/9ba4f3f78feeafea4811ed1ee668c62d/alert/text'
10:50:50.770 [AsyncHttpClient-1-3] DEBUG org.asynchttpclient.netty.handler.HttpHandler - 

Request DefaultFullHttpRequest(decodeResult: success, version: HTTP/1.1, content: EmptyByteBufBE)
GET /session/9ba4f3f78feeafea4811ed1ee668c62d/alert/text HTTP/1.1
User-Agent: selenium/4.8.1 (java windows)
Cache-Control: no-cache
Content-Type: application/json; charset=utf-8
host: localhost:36278
accept: */*

Response DefaultHttpResponse(decodeResult: success, version: HTTP/1.1)
HTTP/1.1 404 Not Found
Content-Length: 848
Content-Type: application/json; charset=utf-8
cache-control: no-cache

10:50:50.770 [AsyncHttpClient-1-3] DEBUG org.asynchttpclient.netty.channel.ChannelManager - Adding key: http://localhost:36278 for channel [id: 0xf79c9f72, L:/127.0.0.1:58534 - R:localhost/127.0.0.1:36278]
10:50:50.771 [Forwarding getCurrentUrl on session 9ba4f3f78feeafea4811ed1ee668c62d to remote] DEBUG org.asynchttpclient.netty.request.NettyRequestSender - Using pooled Channel '[id: 0xf79c9f72, L:/127.0.0.1:58534 - R:localhost/127.0.0.1:36278]' for 'GET' to 'http://localhost:36278/session/9ba4f3f78feeafea4811ed1ee668c62d/url'
10:50:50.771 [Forwarding getCurrentUrl on session 9ba4f3f78feeafea4811ed1ee668c62d to remote] DEBUG org.asynchttpclient.netty.request.NettyRequestSender - Using open Channel [id: 0xf79c9f72, L:/127.0.0.1:58534 - R:localhost/127.0.0.1:36278] for GET '/session/9ba4f3f78feeafea4811ed1ee668c62d/url'
10:50:50.775 [AsyncHttpClient-1-3] DEBUG org.asynchttpclient.netty.handler.HttpHandler - 

Request DefaultFullHttpRequest(decodeResult: success, version: HTTP/1.1, content: EmptyByteBufBE)
GET /session/9ba4f3f78feeafea4811ed1ee668c62d/url HTTP/1.1
User-Agent: selenium/4.8.1 (java windows)
Cache-Control: no-cache
Content-Type: application/json; charset=utf-8
host: localhost:36278
accept: */*

Response DefaultHttpResponse(decodeResult: success, version: HTTP/1.1)
HTTP/1.1 200 OK
Content-Length: 54
Content-Type: application/json; charset=utf-8
cache-control: no-cache

10:50:50.775 [AsyncHttpClient-1-3] DEBUG org.asynchttpclient.netty.channel.ChannelManager - Adding key: http://localhost:36278 for channel [id: 0xf79c9f72, L:/127.0.0.1:58534 - R:localhost/127.0.0.1:36278]
10:50:50.775 [Forwarding screenshot on session 9ba4f3f78feeafea4811ed1ee668c62d to remote] DEBUG org.asynchttpclient.netty.request.NettyRequestSender - Using pooled Channel '[id: 0xf79c9f72, L:/127.0.0.1:58534 - R:localhost/127.0.0.1:36278]' for 'GET' to 'http://localhost:36278/session/9ba4f3f78feeafea4811ed1ee668c62d/screenshot'
10:50:50.775 [Forwarding screenshot on session 9ba4f3f78feeafea4811ed1ee668c62d to remote] DEBUG org.asynchttpclient.netty.request.NettyRequestSender - Using open Channel [id: 0xf79c9f72, L:/127.0.0.1:58534 - R:localhost/127.0.0.1:36278] for GET '/session/9ba4f3f78feeafea4811ed1ee668c62d/screenshot'
10:50:50.986 [AsyncHttpClient-1-3] DEBUG org.asynchttpclient.netty.handler.HttpHandler - 

Request DefaultFullHttpRequest(decodeResult: success, version: HTTP/1.1, content: EmptyByteBufBE)
GET /session/9ba4f3f78feeafea4811ed1ee668c62d/screenshot HTTP/1.1
User-Agent: selenium/4.8.1 (java windows)
Cache-Control: no-cache
Content-Type: application/json; charset=utf-8
host: localhost:36278
accept: */*

Response DefaultHttpResponse(decodeResult: success, version: HTTP/1.1)
HTTP/1.1 200 OK
Content-Length: 34720
Content-Type: application/json; charset=utf-8
cache-control: no-cache

10:50:50.986 [AsyncHttpClient-1-3] DEBUG org.asynchttpclient.netty.channel.ChannelManager - Adding key: http://localhost:36278 for channel [id: 0xf79c9f72, L:/127.0.0.1:58534 - R:localhost/127.0.0.1:36278]
10:50:50.988 [main] DEBUG net.serenitybdd.core.photography.Darkroom - Send negative for processing for target\site\serenity\41cfc3c0f0cabc29b580bd96052794611138626da69487b468d958619400080f.png
10:50:50.988 [main] DEBUG net.thucydides.core.steps.StepInterceptor - STEP DONE: clickRegisterButton
  &amp#27;[32mWhen &amp#27;[0m&amp#27;[32mUser success register to web page&amp#27;[0m                                    &amp#27;[90m# starter.stepdefinition.IntegrationSteps.regstoWebs()&amp#27;[0m
10:50:50.988 [Darkroom Processing Line] DEBUG net.serenitybdd.core.photography.DarkroomProcessingLine - Processing screenshot image in /var/screenshots/screenshot-9139295565076866850
10:50:50.988 [Darkroom Processing Line] DEBUG net.serenitybdd.core.photography.DarkroomProcessingLine - Saving screenshot to target\site\serenity\41cfc3c0f0cabc29b580bd96052794611138626da69487b468d958619400080f.png
10:50:51.002 [Forwarding getPageSource on session 9ba4f3f78feeafea4811ed1ee668c62d to remote] DEBUG org.asynchttpclient.netty.request.NettyRequestSender - Using pooled Channel '[id: 0xf79c9f72, L:/127.0.0.1:58534 - R:localhost/127.0.0.1:36278]' for 'POST' to 'http://localhost:36278/session/9ba4f3f78feeafea4811ed1ee668c62d/execute/sync'
10:50:51.002 [Forwarding getPageSource on session 9ba4f3f78feeafea4811ed1ee668c62d to remote] DEBUG org.asynchttpclient.netty.request.NettyRequestSender - Using open Channel [id: 0xf79c9f72, L:/127.0.0.1:58534 - R:localhost/127.0.0.1:36278] for POST '/session/9ba4f3f78feeafea4811ed1ee668c62d/execute/sync'
10:50:51.009 [AsyncHttpClient-1-3] DEBUG org.asynchttpclient.netty.handler.HttpHandler - 

Request DefaultHttpRequest(decodeResult: success, version: HTTP/1.1)
POST /session/9ba4f3f78feeafea4811ed1ee668c62d/execute/sync HTTP/1.1
User-Agent: selenium/4.8.1 (java windows)
Content-Length: 176
Content-Type: application/json; charset=utf-8
host: localhost:36278
accept: */*

Response DefaultHttpResponse(decodeResult: success, version: HTTP/1.1)
HTTP/1.1 200 OK
Content-Length: 22753
Content-Type: application/json; charset=utf-8
cache-control: no-cache

10:50:51.009 [AsyncHttpClient-1-3] DEBUG org.asynchttpclient.netty.channel.ChannelManager - Adding key: http://localhost:36278 for channel [id: 0xf79c9f72, L:/127.0.0.1:58534 - R:localhost/127.0.0.1:36278]
10:50:51.012 [Forwarding getCurrentUrl on session 9ba4f3f78feeafea4811ed1ee668c62d to remote] DEBUG org.asynchttpclient.netty.request.NettyRequestSender - Using pooled Channel '[id: 0xf79c9f72, L:/127.0.0.1:58534 - R:localhost/127.0.0.1:36278]' for 'GET' to 'http://localhost:36278/session/9ba4f3f78feeafea4811ed1ee668c62d/url'
10:50:51.012 [Forwarding getCurrentUrl on session 9ba4f3f78feeafea4811ed1ee668c62d to remote] DEBUG org.asynchttpclient.netty.request.NettyRequestSender - Using open Channel [id: 0xf79c9f72, L:/127.0.0.1:58534 - R:localhost/127.0.0.1:36278] for GET '/session/9ba4f3f78feeafea4811ed1ee668c62d/url'
10:50:51.017 [AsyncHttpClient-1-3] DEBUG org.asynchttpclient.netty.handler.HttpHandler - 

Request DefaultFullHttpRequest(decodeResult: success, version: HTTP/1.1, content: EmptyByteBufBE)
GET /session/9ba4f3f78feeafea4811ed1ee668c62d/url HTTP/1.1
User-Agent: selenium/4.8.1 (java windows)
Cache-Control: no-cache
Content-Type: application/json; charset=utf-8
host: localhost:36278
accept: */*

Response DefaultHttpResponse(decodeResult: success, version: HTTP/1.1)
HTTP/1.1 200 OK
Content-Length: 54
Content-Type: application/json; charset=utf-8
cache-control: no-cache

10:50:51.018 [AsyncHttpClient-1-3] DEBUG org.asynchttpclient.netty.channel.ChannelManager - Adding key: http://localhost:36278 for channel [id: 0xf79c9f72, L:/127.0.0.1:58534 - R:localhost/127.0.0.1:36278]
10:50:51.035 [Forwarding getPageSource on session 9ba4f3f78feeafea4811ed1ee668c62d to remote] DEBUG org.asynchttpclient.netty.request.NettyRequestSender - Using pooled Channel '[id: 0xf79c9f72, L:/127.0.0.1:58534 - R:localhost/127.0.0.1:36278]' for 'POST' to 'http://localhost:36278/session/9ba4f3f78feeafea4811ed1ee668c62d/execute/sync'
10:50:51.035 [Forwarding getPageSource on session 9ba4f3f78feeafea4811ed1ee668c62d to remote] DEBUG org.asynchttpclient.netty.request.NettyRequestSender - Using open Channel [id: 0xf79c9f72, L:/127.0.0.1:58534 - R:localhost/127.0.0.1:36278] for POST '/session/9ba4f3f78feeafea4811ed1ee668c62d/execute/sync'
10:50:51.040 [AsyncHttpClient-1-3] DEBUG org.asynchttpclient.netty.handler.HttpHandler - 

Request DefaultHttpRequest(decodeResult: success, version: HTTP/1.1)
POST /session/9ba4f3f78feeafea4811ed1ee668c62d/execute/sync HTTP/1.1
User-Agent: selenium/4.8.1 (java windows)
Content-Length: 176
Content-Type: application/json; charset=utf-8
host: localhost:36278
accept: */*

Response DefaultHttpResponse(decodeResult: success, version: HTTP/1.1)
HTTP/1.1 200 OK
Content-Length: 22753
Content-Type: application/json; charset=utf-8
cache-control: no-cache

10:50:51.041 [AsyncHttpClient-1-3] DEBUG org.asynchttpclient.netty.channel.ChannelManager - Adding key: http://localhost:36278 for channel [id: 0xf79c9f72, L:/127.0.0.1:58534 - R:localhost/127.0.0.1:36278]
10:50:51.044 [Forwarding getCurrentUrl on session 9ba4f3f78feeafea4811ed1ee668c62d to remote] DEBUG org.asynchttpclient.netty.request.NettyRequestSender - Using pooled Channel '[id: 0xf79c9f72, L:/127.0.0.1:58534 - R:localhost/127.0.0.1:36278]' for 'GET' to 'http://localhost:36278/session/9ba4f3f78feeafea4811ed1ee668c62d/url'
10:50:51.044 [Forwarding getCurrentUrl on session 9ba4f3f78feeafea4811ed1ee668c62d to remote] DEBUG org.asynchttpclient.netty.request.NettyRequestSender - Using open Channel [id: 0xf79c9f72, L:/127.0.0.1:58534 - R:localhost/127.0.0.1:36278] for GET '/session/9ba4f3f78feeafea4811ed1ee668c62d/url'
10:50:51.050 [AsyncHttpClient-1-3] DEBUG org.asynchttpclient.netty.handler.HttpHandler - 

Request DefaultFullHttpRequest(decodeResult: success, version: HTTP/1.1, content: EmptyByteBufBE)
GET /session/9ba4f3f78feeafea4811ed1ee668c62d/url HTTP/1.1
User-Agent: selenium/4.8.1 (java windows)
Cache-Control: no-cache
Content-Type: application/json; charset=utf-8
host: localhost:36278
accept: */*

Response DefaultHttpResponse(decodeResult: success, version: HTTP/1.1)
HTTP/1.1 200 OK
Content-Length: 54
Content-Type: application/json; charset=utf-8
cache-control: no-cache

10:50:51.050 [AsyncHttpClient-1-3] DEBUG org.asynchttpclient.netty.channel.ChannelManager - Adding key: http://localhost:36278 for channel [id: 0xf79c9f72, L:/127.0.0.1:58534 - R:localhost/127.0.0.1:36278]
10:50:51.053 [main] DEBUG net.thucydides.core.steps.StepInterceptor - STARTING STEP: IntegrationSteps.userlogins - inputEmail
10:50:51.056 [Forwarding findElement on session 9ba4f3f78feeafea4811ed1ee668c62d to remote] DEBUG org.asynchttpclient.netty.request.NettyRequestSender - Using pooled Channel '[id: 0xf79c9f72, L:/127.0.0.1:58534 - R:localhost/127.0.0.1:36278]' for 'POST' to 'http://localhost:36278/session/9ba4f3f78feeafea4811ed1ee668c62d/element'
10:50:51.056 [Forwarding findElement on session 9ba4f3f78feeafea4811ed1ee668c62d to remote] DEBUG org.asynchttpclient.netty.request.NettyRequestSender - Using open Channel [id: 0xf79c9f72, L:/127.0.0.1:58534 - R:localhost/127.0.0.1:36278] for POST '/session/9ba4f3f78feeafea4811ed1ee668c62d/element'
10:50:51.149 [AsyncHttpClient-1-3] DEBUG org.asynchttpclient.netty.handler.HttpHandler - 

Request DefaultHttpRequest(decodeResult: success, version: HTTP/1.1)
POST /session/9ba4f3f78feeafea4811ed1ee668c62d/element HTTP/1.1
User-Agent: selenium/4.8.1 (java windows)
Content-Length: 55
Content-Type: application/json; charset=utf-8
host: localhost:36278
accept: */*

Response DefaultHttpResponse(decodeResult: success, version: HTTP/1.1)
HTTP/1.1 200 OK
Content-Length: 88
Content-Type: application/json; charset=utf-8
cache-control: no-cache

10:50:51.149 [AsyncHttpClient-1-3] DEBUG org.asynchttpclient.netty.channel.ChannelManager - Adding key: http://localhost:36278 for channel [id: 0xf79c9f72, L:/127.0.0.1:58534 - R:localhost/127.0.0.1:36278]
10:50:51.151 [Forwarding clearElement on session 9ba4f3f78feeafea4811ed1ee668c62d to remote] DEBUG org.asynchttpclient.netty.request.NettyRequestSender - Using pooled Channel '[id: 0xf79c9f72, L:/127.0.0.1:58534 - R:localhost/127.0.0.1:36278]' for 'POST' to 'http://localhost:36278/session/9ba4f3f78feeafea4811ed1ee668c62d/element/1ba201cd-2341-4774-a911-9f2c65af21c9/clear'
10:50:51.151 [Forwarding clearElement on session 9ba4f3f78feeafea4811ed1ee668c62d to remote] DEBUG org.asynchttpclient.netty.request.NettyRequestSender - Using open Channel [id: 0xf79c9f72, L:/127.0.0.1:58534 - R:localhost/127.0.0.1:36278] for POST '/session/9ba4f3f78feeafea4811ed1ee668c62d/element/1ba201cd-2341-4774-a911-9f2c65af21c9/clear'
10:50:51.193 [AsyncHttpClient-1-3] DEBUG org.asynchttpclient.netty.handler.HttpHandler - 

Request DefaultHttpRequest(decodeResult: success, version: HTTP/1.1)
POST /session/9ba4f3f78feeafea4811ed1ee668c62d/element/1ba201cd-2341-4774-a911-9f2c65af21c9/clear HTTP/1.1
User-Agent: selenium/4.8.1 (java windows)
Content-Length: 50
Content-Type: application/json; charset=utf-8
host: localhost:36278
accept: */*

Response DefaultHttpResponse(decodeResult: success, version: HTTP/1.1)
HTTP/1.1 200 OK
Content-Length: 14
Content-Type: application/json; charset=utf-8
cache-control: no-cache

10:50:51.193 [AsyncHttpClient-1-3] DEBUG org.asynchttpclient.netty.channel.ChannelManager - Adding key: http://localhost:36278 for channel [id: 0xf79c9f72, L:/127.0.0.1:58534 - R:localhost/127.0.0.1:36278]
10:50:51.196 [Forwarding sendKeysToElement on session 9ba4f3f78feeafea4811ed1ee668c62d to remote] DEBUG org.asynchttpclient.netty.request.NettyRequestSender - Using pooled Channel '[id: 0xf79c9f72, L:/127.0.0.1:58534 - R:localhost/127.0.0.1:36278]' for 'POST' to 'http://localhost:36278/session/9ba4f3f78feeafea4811ed1ee668c62d/element/1ba201cd-2341-4774-a911-9f2c65af21c9/value'
10:50:51.196 [Forwarding sendKeysToElement on session 9ba4f3f78feeafea4811ed1ee668c62d to remote] DEBUG org.asynchttpclient.netty.request.NettyRequestSender - Using open Channel [id: 0xf79c9f72, L:/127.0.0.1:58534 - R:localhost/127.0.0.1:36278] for POST '/session/9ba4f3f78feeafea4811ed1ee668c62d/element/1ba201cd-2341-4774-a911-9f2c65af21c9/value'
10:50:51.306 [AsyncHttpClient-1-3] DEBUG org.asynchttpclient.netty.handler.HttpHandler - 

Request DefaultHttpRequest(decodeResult: success, version: HTTP/1.1)
POST /session/9ba4f3f78feeafea4811ed1ee668c62d/element/1ba201cd-2341-4774-a911-9f2c65af21c9/value HTTP/1.1
User-Agent: selenium/4.8.1 (java windows)
Content-Length: 201
Content-Type: application/json; charset=utf-8
host: localhost:36278
accept: */*

Response DefaultHttpResponse(decodeResult: success, version: HTTP/1.1)
HTTP/1.1 200 OK
Content-Length: 14
Content-Type: application/json; charset=utf-8
cache-control: no-cache

10:50:51.306 [AsyncHttpClient-1-3] DEBUG org.asynchttpclient.netty.channel.ChannelManager - Adding key: http://localhost:36278 for channel [id: 0xf79c9f72, L:/127.0.0.1:58534 - R:localhost/127.0.0.1:36278]
10:50:51.317 [Forwarding getAlertText on session 9ba4f3f78feeafea4811ed1ee668c62d to remote] DEBUG org.asynchttpclient.netty.request.NettyRequestSender - Using pooled Channel '[id: 0xf79c9f72, L:/127.0.0.1:58534 - R:localhost/127.0.0.1:36278]' for 'GET' to 'http://localhost:36278/session/9ba4f3f78feeafea4811ed1ee668c62d/alert/text'
10:50:51.317 [Forwarding getAlertText on session 9ba4f3f78feeafea4811ed1ee668c62d to remote] DEBUG org.asynchttpclient.netty.request.NettyRequestSender - Using open Channel [id: 0xf79c9f72, L:/127.0.0.1:58534 - R:localhost/127.0.0.1:36278] for GET '/session/9ba4f3f78feeafea4811ed1ee668c62d/alert/text'
10:50:51.319 [AsyncHttpClient-1-3] DEBUG org.asynchttpclient.netty.handler.HttpHandler - 

Request DefaultFullHttpRequest(decodeResult: success, version: HTTP/1.1, content: EmptyByteBufBE)
GET /session/9ba4f3f78feeafea4811ed1ee668c62d/alert/text HTTP/1.1
User-Agent: selenium/4.8.1 (java windows)
Cache-Control: no-cache
Content-Type: application/json; charset=utf-8
host: localhost:36278
accept: */*

Response DefaultHttpResponse(decodeResult: success, version: HTTP/1.1)
HTTP/1.1 404 Not Found
Content-Length: 848
Content-Type: application/json; charset=utf-8
cache-control: no-cache

10:50:51.319 [AsyncHttpClient-1-3] DEBUG org.asynchttpclient.netty.channel.ChannelManager - Adding key: http://localhost:36278 for channel [id: 0xf79c9f72, L:/127.0.0.1:58534 - R:localhost/127.0.0.1:36278]
10:50:51.320 [Forwarding getCurrentUrl on session 9ba4f3f78feeafea4811ed1ee668c62d to remote] DEBUG org.asynchttpclient.netty.request.NettyRequestSender - Using pooled Channel '[id: 0xf79c9f72, L:/127.0.0.1:58534 - R:localhost/127.0.0.1:36278]' for 'GET' to 'http://localhost:36278/session/9ba4f3f78feeafea4811ed1ee668c62d/url'
10:50:51.320 [Forwarding getCurrentUrl on session 9ba4f3f78feeafea4811ed1ee668c62d to remote] DEBUG org.asynchttpclient.netty.request.NettyRequestSender - Using open Channel [id: 0xf79c9f72, L:/127.0.0.1:58534 - R:localhost/127.0.0.1:36278] for GET '/session/9ba4f3f78feeafea4811ed1ee668c62d/url'
10:50:51.324 [AsyncHttpClient-1-3] DEBUG org.asynchttpclient.netty.handler.HttpHandler - 

Request DefaultFullHttpRequest(decodeResult: success, version: HTTP/1.1, content: EmptyByteBufBE)
GET /session/9ba4f3f78feeafea4811ed1ee668c62d/url HTTP/1.1
User-Agent: selenium/4.8.1 (java windows)
Cache-Control: no-cache
Content-Type: application/json; charset=utf-8
host: localhost:36278
accept: */*

Response DefaultHttpResponse(decodeResult: success, version: HTTP/1.1)
HTTP/1.1 200 OK
Content-Length: 51
Content-Type: application/json; charset=utf-8
cache-control: no-cache

10:50:51.324 [AsyncHttpClient-1-3] DEBUG org.asynchttpclient.netty.channel.ChannelManager - Adding key: http://localhost:36278 for channel [id: 0xf79c9f72, L:/127.0.0.1:58534 - R:localhost/127.0.0.1:36278]
10:50:51.325 [Forwarding screenshot on session 9ba4f3f78feeafea4811ed1ee668c62d to remote] DEBUG org.asynchttpclient.netty.request.NettyRequestSender - Using pooled Channel '[id: 0xf79c9f72, L:/127.0.0.1:58534 - R:localhost/127.0.0.1:36278]' for 'GET' to 'http://localhost:36278/session/9ba4f3f78feeafea4811ed1ee668c62d/screenshot'
10:50:51.325 [Forwarding screenshot on session 9ba4f3f78feeafea4811ed1ee668c62d to remote] DEBUG org.asynchttpclient.netty.request.NettyRequestSender - Using open Channel [id: 0xf79c9f72, L:/127.0.0.1:58534 - R:localhost/127.0.0.1:36278] for GET '/session/9ba4f3f78feeafea4811ed1ee668c62d/screenshot'
10:50:51.345 [AsyncHttpClient-1-1] DEBUG org.asynchttpclient.netty.channel.DefaultChannelPool - Entry count for : http://localhost:58535 : 1
10:50:51.466 [AsyncHttpClient-1-3] DEBUG org.asynchttpclient.netty.handler.HttpHandler - 

Request DefaultFullHttpRequest(decodeResult: success, version: HTTP/1.1, content: EmptyByteBufBE)
GET /session/9ba4f3f78feeafea4811ed1ee668c62d/screenshot HTTP/1.1
User-Agent: selenium/4.8.1 (java windows)
Cache-Control: no-cache
Content-Type: application/json; charset=utf-8
host: localhost:36278
accept: */*

Response DefaultHttpResponse(decodeResult: success, version: HTTP/1.1)
HTTP/1.1 200 OK
Content-Length: 28692
Content-Type: application/json; charset=utf-8
cache-control: no-cache

10:50:51.467 [AsyncHttpClient-1-3] DEBUG org.asynchttpclient.netty.channel.ChannelManager - Adding key: http://localhost:36278 for channel [id: 0xf79c9f72, L:/127.0.0.1:58534 - R:localhost/127.0.0.1:36278]
10:50:51.468 [main] DEBUG net.serenitybdd.core.photography.Darkroom - Send negative for processing for target\site\serenity\d48a4662021f33c2d17c8f53b8d82ae553637bcd404972fa0b8295bac1cb91dd.png
10:50:51.469 [main] DEBUG net.thucydides.core.steps.StepInterceptor - STEP DONE: inputEmail
10:50:51.469 [Darkroom Processing Line] DEBUG net.serenitybdd.core.photography.DarkroomProcessingLine - Processing screenshot image in /var/screenshots/screenshot-18343774147989805446
10:50:51.469 [Darkroom Processing Line] DEBUG net.serenitybdd.core.photography.DarkroomProcessingLine - Saving screenshot to target\site\serenity\d48a4662021f33c2d17c8f53b8d82ae553637bcd404972fa0b8295bac1cb91dd.png
10:50:51.479 [Forwarding getPageSource on session 9ba4f3f78feeafea4811ed1ee668c62d to remote] DEBUG org.asynchttpclient.netty.request.NettyRequestSender - Using pooled Channel '[id: 0xf79c9f72, L:/127.0.0.1:58534 - R:localhost/127.0.0.1:36278]' for 'POST' to 'http://localhost:36278/session/9ba4f3f78feeafea4811ed1ee668c62d/execute/sync'
10:50:51.479 [Forwarding getPageSource on session 9ba4f3f78feeafea4811ed1ee668c62d to remote] DEBUG org.asynchttpclient.netty.request.NettyRequestSender - Using open Channel [id: 0xf79c9f72, L:/127.0.0.1:58534 - R:localhost/127.0.0.1:36278] for POST '/session/9ba4f3f78feeafea4811ed1ee668c62d/execute/sync'
10:50:51.487 [AsyncHttpClient-1-3] DEBUG org.asynchttpclient.netty.handler.HttpHandler - 

Request DefaultHttpRequest(decodeResult: success, version: HTTP/1.1)
POST /session/9ba4f3f78feeafea4811ed1ee668c62d/execute/sync HTTP/1.1
User-Agent: selenium/4.8.1 (java windows)
Content-Length: 176
Content-Type: application/json; charset=utf-8
host: localhost:36278
accept: */*

Response DefaultHttpResponse(decodeResult: success, version: HTTP/1.1)
HTTP/1.1 200 OK
Content-Length: 21863
Content-Type: application/json; charset=utf-8
cache-control: no-cache

10:50:51.487 [AsyncHttpClient-1-3] DEBUG org.asynchttpclient.netty.channel.ChannelManager - Adding key: http://localhost:36278 for channel [id: 0xf79c9f72, L:/127.0.0.1:58534 - R:localhost/127.0.0.1:36278]
10:50:51.489 [Forwarding getCurrentUrl on session 9ba4f3f78feeafea4811ed1ee668c62d to remote] DEBUG org.asynchttpclient.netty.request.NettyRequestSender - Using pooled Channel '[id: 0xf79c9f72, L:/127.0.0.1:58534 - R:localhost/127.0.0.1:36278]' for 'GET' to 'http://localhost:36278/session/9ba4f3f78feeafea4811ed1ee668c62d/url'
10:50:51.490 [Forwarding getCurrentUrl on session 9ba4f3f78feeafea4811ed1ee668c62d to remote] DEBUG org.asynchttpclient.netty.request.NettyRequestSender - Using open Channel [id: 0xf79c9f72, L:/127.0.0.1:58534 - R:localhost/127.0.0.1:36278] for GET '/session/9ba4f3f78feeafea4811ed1ee668c62d/url'
10:50:51.493 [AsyncHttpClient-1-3] DEBUG org.asynchttpclient.netty.handler.HttpHandler - 

Request DefaultFullHttpRequest(decodeResult: success, version: HTTP/1.1, content: EmptyByteBufBE)
GET /session/9ba4f3f78feeafea4811ed1ee668c62d/url HTTP/1.1
User-Agent: selenium/4.8.1 (java windows)
Cache-Control: no-cache
Content-Type: application/json; charset=utf-8
host: localhost:36278
accept: */*

Response DefaultHttpResponse(decodeResult: success, version: HTTP/1.1)
HTTP/1.1 200 OK
Content-Length: 51
Content-Type: application/json; charset=utf-8
cache-control: no-cache

10:50:51.494 [AsyncHttpClient-1-3] DEBUG org.asynchttpclient.netty.channel.ChannelManager - Adding key: http://localhost:36278 for channel [id: 0xf79c9f72, L:/127.0.0.1:58534 - R:localhost/127.0.0.1:36278]
10:50:51.500 [main] DEBUG net.thucydides.core.steps.StepInterceptor - STARTING STEP: IntegrationSteps.userlogins - inputPassword
10:50:51.503 [Forwarding findElement on session 9ba4f3f78feeafea4811ed1ee668c62d to remote] DEBUG org.asynchttpclient.netty.request.NettyRequestSender - Using pooled Channel '[id: 0xf79c9f72, L:/127.0.0.1:58534 - R:localhost/127.0.0.1:36278]' for 'POST' to 'http://localhost:36278/session/9ba4f3f78feeafea4811ed1ee668c62d/element'
10:50:51.503 [Forwarding findElement on session 9ba4f3f78feeafea4811ed1ee668c62d to remote] DEBUG org.asynchttpclient.netty.request.NettyRequestSender - Using open Channel [id: 0xf79c9f72, L:/127.0.0.1:58534 - R:localhost/127.0.0.1:36278] for POST '/session/9ba4f3f78feeafea4811ed1ee668c62d/element'
10:50:51.518 [AsyncHttpClient-1-3] DEBUG org.asynchttpclient.netty.handler.HttpHandler - 

Request DefaultHttpRequest(decodeResult: success, version: HTTP/1.1)
POST /session/9ba4f3f78feeafea4811ed1ee668c62d/element HTTP/1.1
User-Agent: selenium/4.8.1 (java windows)
Content-Length: 55
Content-Type: application/json; charset=utf-8
host: localhost:36278
accept: */*

Response DefaultHttpResponse(decodeResult: success, version: HTTP/1.1)
HTTP/1.1 200 OK
Content-Length: 88
Content-Type: application/json; charset=utf-8
cache-control: no-cache

10:50:51.518 [AsyncHttpClient-1-3] DEBUG org.asynchttpclient.netty.channel.ChannelManager - Adding key: http://localhost:36278 for channel [id: 0xf79c9f72, L:/127.0.0.1:58534 - R:localhost/127.0.0.1:36278]
10:50:51.519 [Forwarding clearElement on session 9ba4f3f78feeafea4811ed1ee668c62d to remote] DEBUG org.asynchttpclient.netty.request.NettyRequestSender - Using pooled Channel '[id: 0xf79c9f72, L:/127.0.0.1:58534 - R:localhost/127.0.0.1:36278]' for 'POST' to 'http://localhost:36278/session/9ba4f3f78feeafea4811ed1ee668c62d/element/4f8221ea-7ac4-4d54-8e25-cf06049403dc/clear'
10:50:51.519 [Forwarding clearElement on session 9ba4f3f78feeafea4811ed1ee668c62d to remote] DEBUG org.asynchttpclient.netty.request.NettyRequestSender - Using open Channel [id: 0xf79c9f72, L:/127.0.0.1:58534 - R:localhost/127.0.0.1:36278] for POST '/session/9ba4f3f78feeafea4811ed1ee668c62d/element/4f8221ea-7ac4-4d54-8e25-cf06049403dc/clear'
10:50:51.560 [AsyncHttpClient-1-3] DEBUG org.asynchttpclient.netty.handler.HttpHandler - 

Request DefaultHttpRequest(decodeResult: success, version: HTTP/1.1)
POST /session/9ba4f3f78feeafea4811ed1ee668c62d/element/4f8221ea-7ac4-4d54-8e25-cf06049403dc/clear HTTP/1.1
User-Agent: selenium/4.8.1 (java windows)
Content-Length: 50
Content-Type: application/json; charset=utf-8
host: localhost:36278
accept: */*

Response DefaultHttpResponse(decodeResult: success, version: HTTP/1.1)
HTTP/1.1 200 OK
Content-Length: 14
Content-Type: application/json; charset=utf-8
cache-control: no-cache

10:50:51.560 [AsyncHttpClient-1-3] DEBUG org.asynchttpclient.netty.channel.ChannelManager - Adding key: http://localhost:36278 for channel [id: 0xf79c9f72, L:/127.0.0.1:58534 - R:localhost/127.0.0.1:36278]
10:50:51.563 [Forwarding sendKeysToElement on session 9ba4f3f78feeafea4811ed1ee668c62d to remote] DEBUG org.asynchttpclient.netty.request.NettyRequestSender - Using pooled Channel '[id: 0xf79c9f72, L:/127.0.0.1:58534 - R:localhost/127.0.0.1:36278]' for 'POST' to 'http://localhost:36278/session/9ba4f3f78feeafea4811ed1ee668c62d/element/4f8221ea-7ac4-4d54-8e25-cf06049403dc/value'
10:50:51.563 [Forwarding sendKeysToElement on session 9ba4f3f78feeafea4811ed1ee668c62d to remote] DEBUG org.asynchttpclient.netty.request.NettyRequestSender - Using open Channel [id: 0xf79c9f72, L:/127.0.0.1:58534 - R:localhost/127.0.0.1:36278] for POST '/session/9ba4f3f78feeafea4811ed1ee668c62d/element/4f8221ea-7ac4-4d54-8e25-cf06049403dc/value'
10:50:51.675 [AsyncHttpClient-1-3] DEBUG org.asynchttpclient.netty.handler.HttpHandler - 

Request DefaultHttpRequest(decodeResult: success, version: HTTP/1.1)
POST /session/9ba4f3f78feeafea4811ed1ee668c62d/element/4f8221ea-7ac4-4d54-8e25-cf06049403dc/value HTTP/1.1
User-Agent: selenium/4.8.1 (java windows)
Content-Length: 141
Content-Type: application/json; charset=utf-8
host: localhost:36278
accept: */*

Response DefaultHttpResponse(decodeResult: success, version: HTTP/1.1)
HTTP/1.1 200 OK
Content-Length: 14
Content-Type: application/json; charset=utf-8
cache-control: no-cache

10:50:51.675 [AsyncHttpClient-1-3] DEBUG org.asynchttpclient.netty.channel.ChannelManager - Adding key: http://localhost:36278 for channel [id: 0xf79c9f72, L:/127.0.0.1:58534 - R:localhost/127.0.0.1:36278]
10:50:51.686 [Forwarding getAlertText on session 9ba4f3f78feeafea4811ed1ee668c62d to remote] DEBUG org.asynchttpclient.netty.request.NettyRequestSender - Using pooled Channel '[id: 0xf79c9f72, L:/127.0.0.1:58534 - R:localhost/127.0.0.1:36278]' for 'GET' to 'http://localhost:36278/session/9ba4f3f78feeafea4811ed1ee668c62d/alert/text'
10:50:51.686 [Forwarding getAlertText on session 9ba4f3f78feeafea4811ed1ee668c62d to remote] DEBUG org.asynchttpclient.netty.request.NettyRequestSender - Using open Channel [id: 0xf79c9f72, L:/127.0.0.1:58534 - R:localhost/127.0.0.1:36278] for GET '/session/9ba4f3f78feeafea4811ed1ee668c62d/alert/text'
10:50:51.688 [AsyncHttpClient-1-3] DEBUG org.asynchttpclient.netty.handler.HttpHandler - 

Request DefaultFullHttpRequest(decodeResult: success, version: HTTP/1.1, content: EmptyByteBufBE)
GET /session/9ba4f3f78feeafea4811ed1ee668c62d/alert/text HTTP/1.1
User-Agent: selenium/4.8.1 (java windows)
Cache-Control: no-cache
Content-Type: application/json; charset=utf-8
host: localhost:36278
accept: */*

Response DefaultHttpResponse(decodeResult: success, version: HTTP/1.1)
HTTP/1.1 404 Not Found
Content-Length: 848
Content-Type: application/json; charset=utf-8
cache-control: no-cache

10:50:51.688 [AsyncHttpClient-1-3] DEBUG org.asynchttpclient.netty.channel.ChannelManager - Adding key: http://localhost:36278 for channel [id: 0xf79c9f72, L:/127.0.0.1:58534 - R:localhost/127.0.0.1:36278]
10:50:51.689 [Forwarding getCurrentUrl on session 9ba4f3f78feeafea4811ed1ee668c62d to remote] DEBUG org.asynchttpclient.netty.request.NettyRequestSender - Using pooled Channel '[id: 0xf79c9f72, L:/127.0.0.1:58534 - R:localhost/127.0.0.1:36278]' for 'GET' to 'http://localhost:36278/session/9ba4f3f78feeafea4811ed1ee668c62d/url'
10:50:51.689 [Forwarding getCurrentUrl on session 9ba4f3f78feeafea4811ed1ee668c62d to remote] DEBUG org.asynchttpclient.netty.request.NettyRequestSender - Using open Channel [id: 0xf79c9f72, L:/127.0.0.1:58534 - R:localhost/127.0.0.1:36278] for GET '/session/9ba4f3f78feeafea4811ed1ee668c62d/url'
10:50:51.692 [AsyncHttpClient-1-3] DEBUG org.asynchttpclient.netty.handler.HttpHandler - 

Request DefaultFullHttpRequest(decodeResult: success, version: HTTP/1.1, content: EmptyByteBufBE)
GET /session/9ba4f3f78feeafea4811ed1ee668c62d/url HTTP/1.1
User-Agent: selenium/4.8.1 (java windows)
Cache-Control: no-cache
Content-Type: application/json; charset=utf-8
host: localhost:36278
accept: */*

Response DefaultHttpResponse(decodeResult: success, version: HTTP/1.1)
HTTP/1.1 200 OK
Content-Length: 51
Content-Type: application/json; charset=utf-8
cache-control: no-cache

10:50:51.693 [AsyncHttpClient-1-3] DEBUG org.asynchttpclient.netty.channel.ChannelManager - Adding key: http://localhost:36278 for channel [id: 0xf79c9f72, L:/127.0.0.1:58534 - R:localhost/127.0.0.1:36278]
10:50:51.693 [Forwarding screenshot on session 9ba4f3f78feeafea4811ed1ee668c62d to remote] DEBUG org.asynchttpclient.netty.request.NettyRequestSender - Using pooled Channel '[id: 0xf79c9f72, L:/127.0.0.1:58534 - R:localhost/127.0.0.1:36278]' for 'GET' to 'http://localhost:36278/session/9ba4f3f78feeafea4811ed1ee668c62d/screenshot'
10:50:51.693 [Forwarding screenshot on session 9ba4f3f78feeafea4811ed1ee668c62d to remote] DEBUG org.asynchttpclient.netty.request.NettyRequestSender - Using open Channel [id: 0xf79c9f72, L:/127.0.0.1:58534 - R:localhost/127.0.0.1:36278] for GET '/session/9ba4f3f78feeafea4811ed1ee668c62d/screenshot'
10:50:51.843 [AsyncHttpClient-1-3] DEBUG org.asynchttpclient.netty.handler.HttpHandler - 

Request DefaultFullHttpRequest(decodeResult: success, version: HTTP/1.1, content: EmptyByteBufBE)
GET /session/9ba4f3f78feeafea4811ed1ee668c62d/screenshot HTTP/1.1
User-Agent: selenium/4.8.1 (java windows)
Cache-Control: no-cache
Content-Type: application/json; charset=utf-8
host: localhost:36278
accept: */*

Response DefaultHttpResponse(decodeResult: success, version: HTTP/1.1)
HTTP/1.1 200 OK
Content-Length: 29104
Content-Type: application/json; charset=utf-8
cache-control: no-cache

10:50:51.843 [AsyncHttpClient-1-3] DEBUG org.asynchttpclient.netty.channel.ChannelManager - Adding key: http://localhost:36278 for channel [id: 0xf79c9f72, L:/127.0.0.1:58534 - R:localhost/127.0.0.1:36278]
10:50:51.846 [main] DEBUG net.serenitybdd.core.photography.Darkroom - Send negative for processing for target\site\serenity\dfc37a9ee91569af6cbbaacee6086c4143e2278cf3cd4ac88b571992bacf65a7.png
10:50:51.847 [main] DEBUG net.thucydides.core.steps.StepInterceptor - STEP DONE: inputPassword
10:50:51.847 [Darkroom Processing Line] DEBUG net.serenitybdd.core.photography.DarkroomProcessingLine - Processing screenshot image in /var/screenshots/screenshot-802719238235194793
10:50:51.847 [Darkroom Processing Line] DEBUG net.serenitybdd.core.photography.DarkroomProcessingLine - Saving screenshot to target\site\serenity\dfc37a9ee91569af6cbbaacee6086c4143e2278cf3cd4ac88b571992bacf65a7.png
10:50:51.859 [Forwarding getPageSource on session 9ba4f3f78feeafea4811ed1ee668c62d to remote] DEBUG org.asynchttpclient.netty.request.NettyRequestSender - Using pooled Channel '[id: 0xf79c9f72, L:/127.0.0.1:58534 - R:localhost/127.0.0.1:36278]' for 'POST' to 'http://localhost:36278/session/9ba4f3f78feeafea4811ed1ee668c62d/execute/sync'
10:50:51.859 [Forwarding getPageSource on session 9ba4f3f78feeafea4811ed1ee668c62d to remote] DEBUG org.asynchttpclient.netty.request.NettyRequestSender - Using open Channel [id: 0xf79c9f72, L:/127.0.0.1:58534 - R:localhost/127.0.0.1:36278] for POST '/session/9ba4f3f78feeafea4811ed1ee668c62d/execute/sync'
10:50:51.869 [AsyncHttpClient-1-3] DEBUG org.asynchttpclient.netty.handler.HttpHandler - 

Request DefaultHttpRequest(decodeResult: success, version: HTTP/1.1)
POST /session/9ba4f3f78feeafea4811ed1ee668c62d/execute/sync HTTP/1.1
User-Agent: selenium/4.8.1 (java windows)
Content-Length: 176
Content-Type: application/json; charset=utf-8
host: localhost:36278
accept: */*

Response DefaultHttpResponse(decodeResult: success, version: HTTP/1.1)
HTTP/1.1 200 OK
Content-Length: 21922
Content-Type: application/json; charset=utf-8
cache-control: no-cache

10:50:51.870 [AsyncHttpClient-1-3] DEBUG org.asynchttpclient.netty.channel.ChannelManager - Adding key: http://localhost:36278 for channel [id: 0xf79c9f72, L:/127.0.0.1:58534 - R:localhost/127.0.0.1:36278]
10:50:51.872 [Forwarding getCurrentUrl on session 9ba4f3f78feeafea4811ed1ee668c62d to remote] DEBUG org.asynchttpclient.netty.request.NettyRequestSender - Using pooled Channel '[id: 0xf79c9f72, L:/127.0.0.1:58534 - R:localhost/127.0.0.1:36278]' for 'GET' to 'http://localhost:36278/session/9ba4f3f78feeafea4811ed1ee668c62d/url'
10:50:51.872 [Forwarding getCurrentUrl on session 9ba4f3f78feeafea4811ed1ee668c62d to remote] DEBUG org.asynchttpclient.netty.request.NettyRequestSender - Using open Channel [id: 0xf79c9f72, L:/127.0.0.1:58534 - R:localhost/127.0.0.1:36278] for GET '/session/9ba4f3f78feeafea4811ed1ee668c62d/url'
10:50:51.876 [AsyncHttpClient-1-3] DEBUG org.asynchttpclient.netty.handler.HttpHandler - 

Request DefaultFullHttpRequest(decodeResult: success, version: HTTP/1.1, content: EmptyByteBufBE)
GET /session/9ba4f3f78feeafea4811ed1ee668c62d/url HTTP/1.1
User-Agent: selenium/4.8.1 (java windows)
Cache-Control: no-cache
Content-Type: application/json; charset=utf-8
host: localhost:36278
accept: */*

Response DefaultHttpResponse(decodeResult: success, version: HTTP/1.1)
HTTP/1.1 200 OK
Content-Length: 51
Content-Type: application/json; charset=utf-8
cache-control: no-cache

10:50:51.876 [AsyncHttpClient-1-3] DEBUG org.asynchttpclient.netty.channel.ChannelManager - Adding key: http://localhost:36278 for channel [id: 0xf79c9f72, L:/127.0.0.1:58534 - R:localhost/127.0.0.1:36278]
10:50:51.880 [main] DEBUG net.thucydides.core.steps.StepInterceptor - STARTING STEP: IntegrationSteps.userlogins - ClickLoginButton
10:50:51.884 [Forwarding setTimeout on session 9ba4f3f78feeafea4811ed1ee668c62d to remote] DEBUG org.asynchttpclient.netty.request.NettyRequestSender - Using pooled Channel '[id: 0xf79c9f72, L:/127.0.0.1:58534 - R:localhost/127.0.0.1:36278]' for 'POST' to 'http://localhost:36278/session/9ba4f3f78feeafea4811ed1ee668c62d/timeouts'
10:50:51.885 [Forwarding setTimeout on session 9ba4f3f78feeafea4811ed1ee668c62d to remote] DEBUG org.asynchttpclient.netty.request.NettyRequestSender - Using open Channel [id: 0xf79c9f72, L:/127.0.0.1:58534 - R:localhost/127.0.0.1:36278] for POST '/session/9ba4f3f78feeafea4811ed1ee668c62d/timeouts'
10:50:51.886 [AsyncHttpClient-1-3] DEBUG org.asynchttpclient.netty.handler.HttpHandler - 

Request DefaultHttpRequest(decodeResult: success, version: HTTP/1.1)
POST /session/9ba4f3f78feeafea4811ed1ee668c62d/timeouts HTTP/1.1
User-Agent: selenium/4.8.1 (java windows)
Content-Length: 19
Content-Type: application/json; charset=utf-8
host: localhost:36278
accept: */*

Response DefaultHttpResponse(decodeResult: success, version: HTTP/1.1)
HTTP/1.1 200 OK
Content-Length: 14
Content-Type: application/json; charset=utf-8
cache-control: no-cache

10:50:51.886 [AsyncHttpClient-1-3] DEBUG org.asynchttpclient.netty.channel.ChannelManager - Adding key: http://localhost:36278 for channel [id: 0xf79c9f72, L:/127.0.0.1:58534 - R:localhost/127.0.0.1:36278]
10:50:51.889 [Forwarding findElements on session 9ba4f3f78feeafea4811ed1ee668c62d to remote] DEBUG org.asynchttpclient.netty.request.NettyRequestSender - Using pooled Channel '[id: 0xf79c9f72, L:/127.0.0.1:58534 - R:localhost/127.0.0.1:36278]' for 'POST' to 'http://localhost:36278/session/9ba4f3f78feeafea4811ed1ee668c62d/elements'
10:50:51.889 [Forwarding findElements on session 9ba4f3f78feeafea4811ed1ee668c62d to remote] DEBUG org.asynchttpclient.netty.request.NettyRequestSender - Using open Channel [id: 0xf79c9f72, L:/127.0.0.1:58534 - R:localhost/127.0.0.1:36278] for POST '/session/9ba4f3f78feeafea4811ed1ee668c62d/elements'
10:50:51.916 [AsyncHttpClient-1-3] DEBUG org.asynchttpclient.netty.handler.HttpHandler - 

Request DefaultHttpRequest(decodeResult: success, version: HTTP/1.1)
POST /session/9ba4f3f78feeafea4811ed1ee668c62d/elements HTTP/1.1
User-Agent: selenium/4.8.1 (java windows)
Content-Length: 222
Content-Type: application/json; charset=utf-8
host: localhost:36278
accept: */*

Response DefaultHttpResponse(decodeResult: success, version: HTTP/1.1)
HTTP/1.1 200 OK
Content-Length: 90
Content-Type: application/json; charset=utf-8
cache-control: no-cache

10:50:51.916 [AsyncHttpClient-1-3] DEBUG org.asynchttpclient.netty.channel.ChannelManager - Adding key: http://localhost:36278 for channel [id: 0xf79c9f72, L:/127.0.0.1:58534 - R:localhost/127.0.0.1:36278]
10:50:51.921 [Forwarding isElementDisplayed on session 9ba4f3f78feeafea4811ed1ee668c62d to remote] DEBUG org.asynchttpclient.netty.request.NettyRequestSender - Using pooled Channel '[id: 0xf79c9f72, L:/127.0.0.1:58534 - R:localhost/127.0.0.1:36278]' for 'POST' to 'http://localhost:36278/session/9ba4f3f78feeafea4811ed1ee668c62d/execute/sync'
10:50:51.921 [Forwarding isElementDisplayed on session 9ba4f3f78feeafea4811ed1ee668c62d to remote] DEBUG org.asynchttpclient.netty.request.NettyRequestSender - Using open Channel [id: 0xf79c9f72, L:/127.0.0.1:58534 - R:localhost/127.0.0.1:36278] for POST '/session/9ba4f3f78feeafea4811ed1ee668c62d/execute/sync'
10:50:51.938 [AsyncHttpClient-1-3] DEBUG org.asynchttpclient.netty.handler.HttpHandler - 

Request DefaultHttpRequest(decodeResult: success, version: HTTP/1.1)
POST /session/9ba4f3f78feeafea4811ed1ee668c62d/execute/sync HTTP/1.1
User-Agent: selenium/4.8.1 (java windows)
Content-Length: 48807
Content-Type: application/json; charset=utf-8
host: localhost:36278
accept: */*

Response DefaultHttpResponse(decodeResult: success, version: HTTP/1.1)
HTTP/1.1 200 OK
Content-Length: 14
Content-Type: application/json; charset=utf-8
cache-control: no-cache

10:50:51.938 [AsyncHttpClient-1-3] DEBUG org.asynchttpclient.netty.channel.ChannelManager - Adding key: http://localhost:36278 for channel [id: 0xf79c9f72, L:/127.0.0.1:58534 - R:localhost/127.0.0.1:36278]
10:50:51.941 [Forwarding findElements on session 9ba4f3f78feeafea4811ed1ee668c62d to remote] DEBUG org.asynchttpclient.netty.request.NettyRequestSender - Using pooled Channel '[id: 0xf79c9f72, L:/127.0.0.1:58534 - R:localhost/127.0.0.1:36278]' for 'POST' to 'http://localhost:36278/session/9ba4f3f78feeafea4811ed1ee668c62d/elements'
10:50:51.942 [Forwarding findElements on session 9ba4f3f78feeafea4811ed1ee668c62d to remote] DEBUG org.asynchttpclient.netty.request.NettyRequestSender - Using open Channel [id: 0xf79c9f72, L:/127.0.0.1:58534 - R:localhost/127.0.0.1:36278] for POST '/session/9ba4f3f78feeafea4811ed1ee668c62d/elements'
10:50:51.951 [AsyncHttpClient-1-3] DEBUG org.asynchttpclient.netty.handler.HttpHandler - 

Request DefaultHttpRequest(decodeResult: success, version: HTTP/1.1)
POST /session/9ba4f3f78feeafea4811ed1ee668c62d/elements HTTP/1.1
User-Agent: selenium/4.8.1 (java windows)
Content-Length: 222
Content-Type: application/json; charset=utf-8
host: localhost:36278
accept: */*

Response DefaultHttpResponse(decodeResult: success, version: HTTP/1.1)
HTTP/1.1 200 OK
Content-Length: 90
Content-Type: application/json; charset=utf-8
cache-control: no-cache

10:50:51.951 [AsyncHttpClient-1-3] DEBUG org.asynchttpclient.netty.channel.ChannelManager - Adding key: http://localhost:36278 for channel [id: 0xf79c9f72, L:/127.0.0.1:58534 - R:localhost/127.0.0.1:36278]
10:50:51.953 [Forwarding setTimeout on session 9ba4f3f78feeafea4811ed1ee668c62d to remote] DEBUG org.asynchttpclient.netty.request.NettyRequestSender - Using pooled Channel '[id: 0xf79c9f72, L:/127.0.0.1:58534 - R:localhost/127.0.0.1:36278]' for 'POST' to 'http://localhost:36278/session/9ba4f3f78feeafea4811ed1ee668c62d/timeouts'
10:50:51.953 [Forwarding setTimeout on session 9ba4f3f78feeafea4811ed1ee668c62d to remote] DEBUG org.asynchttpclient.netty.request.NettyRequestSender - Using open Channel [id: 0xf79c9f72, L:/127.0.0.1:58534 - R:localhost/127.0.0.1:36278] for POST '/session/9ba4f3f78feeafea4811ed1ee668c62d/timeouts'
10:50:51.954 [AsyncHttpClient-1-3] DEBUG org.asynchttpclient.netty.handler.HttpHandler - 

Request DefaultHttpRequest(decodeResult: success, version: HTTP/1.1)
POST /session/9ba4f3f78feeafea4811ed1ee668c62d/timeouts HTTP/1.1
User-Agent: selenium/4.8.1 (java windows)
Content-Length: 22
Content-Type: application/json; charset=utf-8
host: localhost:36278
accept: */*

Response DefaultHttpResponse(decodeResult: success, version: HTTP/1.1)
HTTP/1.1 200 OK
Content-Length: 14
Content-Type: application/json; charset=utf-8
cache-control: no-cache

10:50:51.954 [AsyncHttpClient-1-3] DEBUG org.asynchttpclient.netty.channel.ChannelManager - Adding key: http://localhost:36278 for channel [id: 0xf79c9f72, L:/127.0.0.1:58534 - R:localhost/127.0.0.1:36278]
10:50:51.958 [Forwarding getElementTagName on session 9ba4f3f78feeafea4811ed1ee668c62d to remote] DEBUG org.asynchttpclient.netty.request.NettyRequestSender - Using pooled Channel '[id: 0xf79c9f72, L:/127.0.0.1:58534 - R:localhost/127.0.0.1:36278]' for 'GET' to 'http://localhost:36278/session/9ba4f3f78feeafea4811ed1ee668c62d/element/7be8c07d-f5a3-4d48-88d4-81dddb279d5e/name'
10:50:51.959 [Forwarding getElementTagName on session 9ba4f3f78feeafea4811ed1ee668c62d to remote] DEBUG org.asynchttpclient.netty.request.NettyRequestSender - Using open Channel [id: 0xf79c9f72, L:/127.0.0.1:58534 - R:localhost/127.0.0.1:36278] for GET '/session/9ba4f3f78feeafea4811ed1ee668c62d/element/7be8c07d-f5a3-4d48-88d4-81dddb279d5e/name'
10:50:51.966 [AsyncHttpClient-1-3] DEBUG org.asynchttpclient.netty.handler.HttpHandler - 

Request DefaultFullHttpRequest(decodeResult: success, version: HTTP/1.1, content: EmptyByteBufBE)
GET /session/9ba4f3f78feeafea4811ed1ee668c62d/element/7be8c07d-f5a3-4d48-88d4-81dddb279d5e/name HTTP/1.1
User-Agent: selenium/4.8.1 (java windows)
Cache-Control: no-cache
Content-Type: application/json; charset=utf-8
host: localhost:36278
accept: */*

Response DefaultHttpResponse(decodeResult: success, version: HTTP/1.1)
HTTP/1.1 200 OK
Content-Length: 18
Content-Type: application/json; charset=utf-8
cache-control: no-cache

10:50:51.966 [AsyncHttpClient-1-3] DEBUG org.asynchttpclient.netty.channel.ChannelManager - Adding key: http://localhost:36278 for channel [id: 0xf79c9f72, L:/127.0.0.1:58534 - R:localhost/127.0.0.1:36278]
10:50:51.967 [Forwarding getElementTagName on session 9ba4f3f78feeafea4811ed1ee668c62d to remote] DEBUG org.asynchttpclient.netty.request.NettyRequestSender - Using pooled Channel '[id: 0xf79c9f72, L:/127.0.0.1:58534 - R:localhost/127.0.0.1:36278]' for 'GET' to 'http://localhost:36278/session/9ba4f3f78feeafea4811ed1ee668c62d/element/7be8c07d-f5a3-4d48-88d4-81dddb279d5e/name'
10:50:51.968 [Forwarding getElementTagName on session 9ba4f3f78feeafea4811ed1ee668c62d to remote] DEBUG org.asynchttpclient.netty.request.NettyRequestSender - Using open Channel [id: 0xf79c9f72, L:/127.0.0.1:58534 - R:localhost/127.0.0.1:36278] for GET '/session/9ba4f3f78feeafea4811ed1ee668c62d/element/7be8c07d-f5a3-4d48-88d4-81dddb279d5e/name'
10:50:51.972 [AsyncHttpClient-1-3] DEBUG org.asynchttpclient.netty.handler.HttpHandler - 

Request DefaultFullHttpRequest(decodeResult: success, version: HTTP/1.1, content: EmptyByteBufBE)
GET /session/9ba4f3f78feeafea4811ed1ee668c62d/element/7be8c07d-f5a3-4d48-88d4-81dddb279d5e/name HTTP/1.1
User-Agent: selenium/4.8.1 (java windows)
Cache-Control: no-cache
Content-Type: application/json; charset=utf-8
host: localhost:36278
accept: */*

Response DefaultHttpResponse(decodeResult: success, version: HTTP/1.1)
HTTP/1.1 200 OK
Content-Length: 18
Content-Type: application/json; charset=utf-8
cache-control: no-cache

10:50:51.972 [AsyncHttpClient-1-3] DEBUG org.asynchttpclient.netty.channel.ChannelManager - Adding key: http://localhost:36278 for channel [id: 0xf79c9f72, L:/127.0.0.1:58534 - R:localhost/127.0.0.1:36278]
10:50:51.975 [Forwarding isElementEnabled on session 9ba4f3f78feeafea4811ed1ee668c62d to remote] DEBUG org.asynchttpclient.netty.request.NettyRequestSender - Using pooled Channel '[id: 0xf79c9f72, L:/127.0.0.1:58534 - R:localhost/127.0.0.1:36278]' for 'GET' to 'http://localhost:36278/session/9ba4f3f78feeafea4811ed1ee668c62d/element/7be8c07d-f5a3-4d48-88d4-81dddb279d5e/enabled'
10:50:51.975 [Forwarding isElementEnabled on session 9ba4f3f78feeafea4811ed1ee668c62d to remote] DEBUG org.asynchttpclient.netty.request.NettyRequestSender - Using open Channel [id: 0xf79c9f72, L:/127.0.0.1:58534 - R:localhost/127.0.0.1:36278] for GET '/session/9ba4f3f78feeafea4811ed1ee668c62d/element/7be8c07d-f5a3-4d48-88d4-81dddb279d5e/enabled'
10:50:51.987 [AsyncHttpClient-1-3] DEBUG org.asynchttpclient.netty.handler.HttpHandler - 

Request DefaultFullHttpRequest(decodeResult: success, version: HTTP/1.1, content: EmptyByteBufBE)
GET /session/9ba4f3f78feeafea4811ed1ee668c62d/element/7be8c07d-f5a3-4d48-88d4-81dddb279d5e/enabled HTTP/1.1
User-Agent: selenium/4.8.1 (java windows)
Cache-Control: no-cache
Content-Type: application/json; charset=utf-8
host: localhost:36278
accept: */*

Response DefaultHttpResponse(decodeResult: success, version: HTTP/1.1)
HTTP/1.1 200 OK
Content-Length: 14
Content-Type: application/json; charset=utf-8
cache-control: no-cache

10:50:51.987 [AsyncHttpClient-1-3] DEBUG org.asynchttpclient.netty.channel.ChannelManager - Adding key: http://localhost:36278 for channel [id: 0xf79c9f72, L:/127.0.0.1:58534 - R:localhost/127.0.0.1:36278]
10:50:51.988 [Forwarding isElementEnabled on session 9ba4f3f78feeafea4811ed1ee668c62d to remote] DEBUG org.asynchttpclient.netty.request.NettyRequestSender - Using pooled Channel '[id: 0xf79c9f72, L:/127.0.0.1:58534 - R:localhost/127.0.0.1:36278]' for 'GET' to 'http://localhost:36278/session/9ba4f3f78feeafea4811ed1ee668c62d/element/7be8c07d-f5a3-4d48-88d4-81dddb279d5e/enabled'
10:50:51.988 [Forwarding isElementEnabled on session 9ba4f3f78feeafea4811ed1ee668c62d to remote] DEBUG org.asynchttpclient.netty.request.NettyRequestSender - Using open Channel [id: 0xf79c9f72, L:/127.0.0.1:58534 - R:localhost/127.0.0.1:36278] for GET '/session/9ba4f3f78feeafea4811ed1ee668c62d/element/7be8c07d-f5a3-4d48-88d4-81dddb279d5e/enabled'
10:50:51.995 [AsyncHttpClient-1-3] DEBUG org.asynchttpclient.netty.handler.HttpHandler - 

Request DefaultFullHttpRequest(decodeResult: success, version: HTTP/1.1, content: EmptyByteBufBE)
GET /session/9ba4f3f78feeafea4811ed1ee668c62d/element/7be8c07d-f5a3-4d48-88d4-81dddb279d5e/enabled HTTP/1.1
User-Agent: selenium/4.8.1 (java windows)
Cache-Control: no-cache
Content-Type: application/json; charset=utf-8
host: localhost:36278
accept: */*

Response DefaultHttpResponse(decodeResult: success, version: HTTP/1.1)
HTTP/1.1 200 OK
Content-Length: 14
Content-Type: application/json; charset=utf-8
cache-control: no-cache

10:50:51.995 [AsyncHttpClient-1-3] DEBUG org.asynchttpclient.netty.channel.ChannelManager - Adding key: http://localhost:36278 for channel [id: 0xf79c9f72, L:/127.0.0.1:58534 - R:localhost/127.0.0.1:36278]
10:50:51.997 [Forwarding clickElement on session 9ba4f3f78feeafea4811ed1ee668c62d to remote] DEBUG org.asynchttpclient.netty.request.NettyRequestSender - Using pooled Channel '[id: 0xf79c9f72, L:/127.0.0.1:58534 - R:localhost/127.0.0.1:36278]' for 'POST' to 'http://localhost:36278/session/9ba4f3f78feeafea4811ed1ee668c62d/element/7be8c07d-f5a3-4d48-88d4-81dddb279d5e/click'
10:50:51.997 [Forwarding clickElement on session 9ba4f3f78feeafea4811ed1ee668c62d to remote] DEBUG org.asynchttpclient.netty.request.NettyRequestSender - Using open Channel [id: 0xf79c9f72, L:/127.0.0.1:58534 - R:localhost/127.0.0.1:36278] for POST '/session/9ba4f3f78feeafea4811ed1ee668c62d/element/7be8c07d-f5a3-4d48-88d4-81dddb279d5e/click'
10:50:52.056 [AsyncHttpClient-1-3] DEBUG org.asynchttpclient.netty.handler.HttpHandler - 

Request DefaultHttpRequest(decodeResult: success, version: HTTP/1.1)
POST /session/9ba4f3f78feeafea4811ed1ee668c62d/element/7be8c07d-f5a3-4d48-88d4-81dddb279d5e/click HTTP/1.1
User-Agent: selenium/4.8.1 (java windows)
Content-Length: 50
Content-Type: application/json; charset=utf-8
host: localhost:36278
accept: */*

Response DefaultHttpResponse(decodeResult: success, version: HTTP/1.1)
HTTP/1.1 200 OK
Content-Length: 14
Content-Type: application/json; charset=utf-8
cache-control: no-cache

10:50:52.056 [AsyncHttpClient-1-3] DEBUG org.asynchttpclient.netty.channel.ChannelManager - Adding key: http://localhost:36278 for channel [id: 0xf79c9f72, L:/127.0.0.1:58534 - R:localhost/127.0.0.1:36278]
10:50:52.066 [Forwarding getAlertText on session 9ba4f3f78feeafea4811ed1ee668c62d to remote] DEBUG org.asynchttpclient.netty.request.NettyRequestSender - Using pooled Channel '[id: 0xf79c9f72, L:/127.0.0.1:58534 - R:localhost/127.0.0.1:36278]' for 'GET' to 'http://localhost:36278/session/9ba4f3f78feeafea4811ed1ee668c62d/alert/text'
10:50:52.066 [Forwarding getAlertText on session 9ba4f3f78feeafea4811ed1ee668c62d to remote] DEBUG org.asynchttpclient.netty.request.NettyRequestSender - Using open Channel [id: 0xf79c9f72, L:/127.0.0.1:58534 - R:localhost/127.0.0.1:36278] for GET '/session/9ba4f3f78feeafea4811ed1ee668c62d/alert/text'
10:50:52.068 [AsyncHttpClient-1-3] DEBUG org.asynchttpclient.netty.handler.HttpHandler - 

Request DefaultFullHttpRequest(decodeResult: success, version: HTTP/1.1, content: EmptyByteBufBE)
GET /session/9ba4f3f78feeafea4811ed1ee668c62d/alert/text HTTP/1.1
User-Agent: selenium/4.8.1 (java windows)
Cache-Control: no-cache
Content-Type: application/json; charset=utf-8
host: localhost:36278
accept: */*

Response DefaultHttpResponse(decodeResult: success, version: HTTP/1.1)
HTTP/1.1 404 Not Found
Content-Length: 848
Content-Type: application/json; charset=utf-8
cache-control: no-cache

10:50:52.068 [AsyncHttpClient-1-3] DEBUG org.asynchttpclient.netty.channel.ChannelManager - Adding key: http://localhost:36278 for channel [id: 0xf79c9f72, L:/127.0.0.1:58534 - R:localhost/127.0.0.1:36278]
10:50:52.069 [Forwarding getCurrentUrl on session 9ba4f3f78feeafea4811ed1ee668c62d to remote] DEBUG org.asynchttpclient.netty.request.NettyRequestSender - Using pooled Channel '[id: 0xf79c9f72, L:/127.0.0.1:58534 - R:localhost/127.0.0.1:36278]' for 'GET' to 'http://localhost:36278/session/9ba4f3f78feeafea4811ed1ee668c62d/url'
10:50:52.069 [Forwarding getCurrentUrl on session 9ba4f3f78feeafea4811ed1ee668c62d to remote] DEBUG org.asynchttpclient.netty.request.NettyRequestSender - Using open Channel [id: 0xf79c9f72, L:/127.0.0.1:58534 - R:localhost/127.0.0.1:36278] for GET '/session/9ba4f3f78feeafea4811ed1ee668c62d/url'
10:50:52.073 [AsyncHttpClient-1-3] DEBUG org.asynchttpclient.netty.handler.HttpHandler - 

Request DefaultFullHttpRequest(decodeResult: success, version: HTTP/1.1, content: EmptyByteBufBE)
GET /session/9ba4f3f78feeafea4811ed1ee668c62d/url HTTP/1.1
User-Agent: selenium/4.8.1 (java windows)
Cache-Control: no-cache
Content-Type: application/json; charset=utf-8
host: localhost:36278
accept: */*

Response DefaultHttpResponse(decodeResult: success, version: HTTP/1.1)
HTTP/1.1 200 OK
Content-Length: 51
Content-Type: application/json; charset=utf-8
cache-control: no-cache

10:50:52.073 [AsyncHttpClient-1-3] DEBUG org.asynchttpclient.netty.channel.ChannelManager - Adding key: http://localhost:36278 for channel [id: 0xf79c9f72, L:/127.0.0.1:58534 - R:localhost/127.0.0.1:36278]
10:50:52.074 [Forwarding screenshot on session 9ba4f3f78feeafea4811ed1ee668c62d to remote] DEBUG org.asynchttpclient.netty.request.NettyRequestSender - Using pooled Channel '[id: 0xf79c9f72, L:/127.0.0.1:58534 - R:localhost/127.0.0.1:36278]' for 'GET' to 'http://localhost:36278/session/9ba4f3f78feeafea4811ed1ee668c62d/screenshot'
10:50:52.074 [Forwarding screenshot on session 9ba4f3f78feeafea4811ed1ee668c62d to remote] DEBUG org.asynchttpclient.netty.request.NettyRequestSender - Using open Channel [id: 0xf79c9f72, L:/127.0.0.1:58534 - R:localhost/127.0.0.1:36278] for GET '/session/9ba4f3f78feeafea4811ed1ee668c62d/screenshot'
10:50:52.272 [AsyncHttpClient-1-3] DEBUG org.asynchttpclient.netty.handler.HttpHandler - 

Request DefaultFullHttpRequest(decodeResult: success, version: HTTP/1.1, content: EmptyByteBufBE)
GET /session/9ba4f3f78feeafea4811ed1ee668c62d/screenshot HTTP/1.1
User-Agent: selenium/4.8.1 (java windows)
Cache-Control: no-cache
Content-Type: application/json; charset=utf-8
host: localhost:36278
accept: */*

Response DefaultHttpResponse(decodeResult: success, version: HTTP/1.1)
HTTP/1.1 200 OK
Content-Length: 28864
Content-Type: application/json; charset=utf-8
cache-control: no-cache

10:50:52.272 [AsyncHttpClient-1-3] DEBUG org.asynchttpclient.netty.channel.ChannelManager - Adding key: http://localhost:36278 for channel [id: 0xf79c9f72, L:/127.0.0.1:58534 - R:localhost/127.0.0.1:36278]
10:50:52.274 [main] DEBUG net.serenitybdd.core.photography.Darkroom - Send negative for processing for target\site\serenity\38b81efc4b9e719b41f2f96ff4c0629b7474add298a7bf21ff8190cf5caab443.png
10:50:52.274 [main] DEBUG net.thucydides.core.steps.StepInterceptor - STEP DONE: ClickLoginButton
  &amp#27;[32mAnd &amp#27;[0m&amp#27;[32mUser success login to web page&amp#27;[0m                                        &amp#27;[90m# starter.stepdefinition.IntegrationSteps.userlogins()&amp#27;[0m
10:50:52.275 [Darkroom Processing Line] DEBUG net.serenitybdd.core.photography.DarkroomProcessingLine - Processing screenshot image in /var/screenshots/screenshot-2520543752353376666
10:50:52.275 [Darkroom Processing Line] DEBUG net.serenitybdd.core.photography.DarkroomProcessingLine - Saving screenshot to target\site\serenity\38b81efc4b9e719b41f2f96ff4c0629b7474add298a7bf21ff8190cf5caab443.png
10:50:52.296 [Forwarding getPageSource on session 9ba4f3f78feeafea4811ed1ee668c62d to remote] DEBUG org.asynchttpclient.netty.request.NettyRequestSender - Using pooled Channel '[id: 0xf79c9f72, L:/127.0.0.1:58534 - R:localhost/127.0.0.1:36278]' for 'POST' to 'http://localhost:36278/session/9ba4f3f78feeafea4811ed1ee668c62d/execute/sync'
10:50:52.296 [Forwarding getPageSource on session 9ba4f3f78feeafea4811ed1ee668c62d to remote] DEBUG org.asynchttpclient.netty.request.NettyRequestSender - Using open Channel [id: 0xf79c9f72, L:/127.0.0.1:58534 - R:localhost/127.0.0.1:36278] for POST '/session/9ba4f3f78feeafea4811ed1ee668c62d/execute/sync'
10:50:52.307 [AsyncHttpClient-1-3] DEBUG org.asynchttpclient.netty.handler.HttpHandler - 

Request DefaultHttpRequest(decodeResult: success, version: HTTP/1.1)
POST /session/9ba4f3f78feeafea4811ed1ee668c62d/execute/sync HTTP/1.1
User-Agent: selenium/4.8.1 (java windows)
Content-Length: 176
Content-Type: application/json; charset=utf-8
host: localhost:36278
accept: */*

Response DefaultHttpResponse(decodeResult: success, version: HTTP/1.1)
HTTP/1.1 200 OK
Content-Length: 28881
Content-Type: application/json; charset=utf-8
cache-control: no-cache

10:50:52.307 [AsyncHttpClient-1-3] DEBUG org.asynchttpclient.netty.channel.ChannelManager - Adding key: http://localhost:36278 for channel [id: 0xf79c9f72, L:/127.0.0.1:58534 - R:localhost/127.0.0.1:36278]
10:50:52.311 [Forwarding getCurrentUrl on session 9ba4f3f78feeafea4811ed1ee668c62d to remote] DEBUG org.asynchttpclient.netty.request.NettyRequestSender - Using pooled Channel '[id: 0xf79c9f72, L:/127.0.0.1:58534 - R:localhost/127.0.0.1:36278]' for 'GET' to 'http://localhost:36278/session/9ba4f3f78feeafea4811ed1ee668c62d/url'
10:50:52.311 [Forwarding getCurrentUrl on session 9ba4f3f78feeafea4811ed1ee668c62d to remote] DEBUG org.asynchttpclient.netty.request.NettyRequestSender - Using open Channel [id: 0xf79c9f72, L:/127.0.0.1:58534 - R:localhost/127.0.0.1:36278] for GET '/session/9ba4f3f78feeafea4811ed1ee668c62d/url'
10:50:52.315 [AsyncHttpClient-1-3] DEBUG org.asynchttpclient.netty.handler.HttpHandler - 

Request DefaultFullHttpRequest(decodeResult: success, version: HTTP/1.1, content: EmptyByteBufBE)
GET /session/9ba4f3f78feeafea4811ed1ee668c62d/url HTTP/1.1
User-Agent: selenium/4.8.1 (java windows)
Cache-Control: no-cache
Content-Type: application/json; charset=utf-8
host: localhost:36278
accept: */*

Response DefaultHttpResponse(decodeResult: success, version: HTTP/1.1)
HTTP/1.1 200 OK
Content-Length: 41
Content-Type: application/json; charset=utf-8
cache-control: no-cache

10:50:52.315 [AsyncHttpClient-1-3] DEBUG org.asynchttpclient.netty.channel.ChannelManager - Adding key: http://localhost:36278 for channel [id: 0xf79c9f72, L:/127.0.0.1:58534 - R:localhost/127.0.0.1:36278]
10:50:52.328 [Forwarding getAlertText on session 9ba4f3f78feeafea4811ed1ee668c62d to remote] DEBUG org.asynchttpclient.netty.request.NettyRequestSender - Using pooled Channel '[id: 0xf79c9f72, L:/127.0.0.1:58534 - R:localhost/127.0.0.1:36278]' for 'GET' to 'http://localhost:36278/session/9ba4f3f78feeafea4811ed1ee668c62d/alert/text'
10:50:52.328 [Forwarding getAlertText on session 9ba4f3f78feeafea4811ed1ee668c62d to remote] DEBUG org.asynchttpclient.netty.request.NettyRequestSender - Using open Channel [id: 0xf79c9f72, L:/127.0.0.1:58534 - R:localhost/127.0.0.1:36278] for GET '/session/9ba4f3f78feeafea4811ed1ee668c62d/alert/text'
10:50:52.329 [AsyncHttpClient-1-3] DEBUG org.asynchttpclient.netty.handler.HttpHandler - 

Request DefaultFullHttpRequest(decodeResult: success, version: HTTP/1.1, content: EmptyByteBufBE)
GET /session/9ba4f3f78feeafea4811ed1ee668c62d/alert/text HTTP/1.1
User-Agent: selenium/4.8.1 (java windows)
Cache-Control: no-cache
Content-Type: application/json; charset=utf-8
host: localhost:36278
accept: */*

Response DefaultHttpResponse(decodeResult: success, version: HTTP/1.1)
HTTP/1.1 404 Not Found
Content-Length: 848
Content-Type: application/json; charset=utf-8
cache-control: no-cache

10:50:52.329 [AsyncHttpClient-1-3] DEBUG org.asynchttpclient.netty.channel.ChannelManager - Adding key: http://localhost:36278 for channel [id: 0xf79c9f72, L:/127.0.0.1:58534 - R:localhost/127.0.0.1:36278]
10:50:52.330 [Forwarding getCurrentUrl on session 9ba4f3f78feeafea4811ed1ee668c62d to remote] DEBUG org.asynchttpclient.netty.request.NettyRequestSender - Using pooled Channel '[id: 0xf79c9f72, L:/127.0.0.1:58534 - R:localhost/127.0.0.1:36278]' for 'GET' to 'http://localhost:36278/session/9ba4f3f78feeafea4811ed1ee668c62d/url'
10:50:52.330 [Forwarding getCurrentUrl on session 9ba4f3f78feeafea4811ed1ee668c62d to remote] DEBUG org.asynchttpclient.netty.request.NettyRequestSender - Using open Channel [id: 0xf79c9f72, L:/127.0.0.1:58534 - R:localhost/127.0.0.1:36278] for GET '/session/9ba4f3f78feeafea4811ed1ee668c62d/url'
10:50:52.334 [AsyncHttpClient-1-3] DEBUG org.asynchttpclient.netty.handler.HttpHandler - 

Request DefaultFullHttpRequest(decodeResult: success, version: HTTP/1.1, content: EmptyByteBufBE)
GET /session/9ba4f3f78feeafea4811ed1ee668c62d/url HTTP/1.1
User-Agent: selenium/4.8.1 (java windows)
Cache-Control: no-cache
Content-Type: application/json; charset=utf-8
host: localhost:36278
accept: */*

Response DefaultHttpResponse(decodeResult: success, version: HTTP/1.1)
HTTP/1.1 200 OK
Content-Length: 41
Content-Type: application/json; charset=utf-8
cache-control: no-cache

10:50:52.334 [AsyncHttpClient-1-3] DEBUG org.asynchttpclient.netty.channel.ChannelManager - Adding key: http://localhost:36278 for channel [id: 0xf79c9f72, L:/127.0.0.1:58534 - R:localhost/127.0.0.1:36278]
10:50:52.335 [Forwarding screenshot on session 9ba4f3f78feeafea4811ed1ee668c62d to remote] DEBUG org.asynchttpclient.netty.request.NettyRequestSender - Using pooled Channel '[id: 0xf79c9f72, L:/127.0.0.1:58534 - R:localhost/127.0.0.1:36278]' for 'GET' to 'http://localhost:36278/session/9ba4f3f78feeafea4811ed1ee668c62d/screenshot'
10:50:52.335 [Forwarding screenshot on session 9ba4f3f78feeafea4811ed1ee668c62d to remote] DEBUG org.asynchttpclient.netty.request.NettyRequestSender - Using open Channel [id: 0xf79c9f72, L:/127.0.0.1:58534 - R:localhost/127.0.0.1:36278] for GET '/session/9ba4f3f78feeafea4811ed1ee668c62d/screenshot'
10:50:52.445 [AsyncHttpClient-1-1] DEBUG org.asynchttpclient.netty.channel.DefaultChannelPool - Entry count for : http://localhost:58535 : 1
10:50:52.600 [AsyncHttpClient-1-3] DEBUG org.asynchttpclient.netty.handler.HttpHandler - 

Request DefaultFullHttpRequest(decodeResult: success, version: HTTP/1.1, content: EmptyByteBufBE)
GET /session/9ba4f3f78feeafea4811ed1ee668c62d/screenshot HTTP/1.1
User-Agent: selenium/4.8.1 (java windows)
Cache-Control: no-cache
Content-Type: application/json; charset=utf-8
host: localhost:36278
accept: */*

Response DefaultHttpResponse(decodeResult: success, version: HTTP/1.1)
HTTP/1.1 200 OK
Content-Length: 30412
Content-Type: application/json; charset=utf-8
cache-control: no-cache

10:50:52.600 [AsyncHttpClient-1-3] DEBUG org.asynchttpclient.netty.channel.ChannelManager - Adding key: http://localhost:36278 for channel [id: 0xf79c9f72, L:/127.0.0.1:58534 - R:localhost/127.0.0.1:36278]
10:50:52.601 [main] DEBUG net.serenitybdd.core.photography.Darkroom - Send negative for processing for target\site\serenity\c7bb2c74da21a1bf3631df6cdcd1a3345e7e2b7374a94d123c4f43ad1bf127ac.png
10:50:52.602 [Darkroom Processing Line] DEBUG net.serenitybdd.core.photography.DarkroomProcessingLine - Processing screenshot image in /var/screenshots/screenshot-4650667016080275214
10:50:52.602 [Darkroom Processing Line] DEBUG net.serenitybdd.core.photography.DarkroomProcessingLine - Saving screenshot to target\site\serenity\c7bb2c74da21a1bf3631df6cdcd1a3345e7e2b7374a94d123c4f43ad1bf127ac.png
10:50:52.603 [Forwarding getPageSource on session 9ba4f3f78feeafea4811ed1ee668c62d to remote] DEBUG org.asynchttpclient.netty.request.NettyRequestSender - Using pooled Channel '[id: 0xf79c9f72, L:/127.0.0.1:58534 - R:localhost/127.0.0.1:36278]' for 'POST' to 'http://localhost:36278/session/9ba4f3f78feeafea4811ed1ee668c62d/execute/sync'
10:50:52.603 [Forwarding getPageSource on session 9ba4f3f78feeafea4811ed1ee668c62d to remote] DEBUG org.asynchttpclient.netty.request.NettyRequestSender - Using open Channel [id: 0xf79c9f72, L:/127.0.0.1:58534 - R:localhost/127.0.0.1:36278] for POST '/session/9ba4f3f78feeafea4811ed1ee668c62d/execute/sync'
10:50:52.609 [AsyncHttpClient-1-3] DEBUG org.asynchttpclient.netty.handler.HttpHandler - 

Request DefaultHttpRequest(decodeResult: success, version: HTTP/1.1)
POST /session/9ba4f3f78feeafea4811ed1ee668c62d/execute/sync HTTP/1.1
User-Agent: selenium/4.8.1 (java windows)
Content-Length: 176
Content-Type: application/json; charset=utf-8
host: localhost:36278
accept: */*

Response DefaultHttpResponse(decodeResult: success, version: HTTP/1.1)
HTTP/1.1 200 OK
Content-Length: 28881
Content-Type: application/json; charset=utf-8
cache-control: no-cache

10:50:52.609 [AsyncHttpClient-1-3] DEBUG org.asynchttpclient.netty.channel.ChannelManager - Adding key: http://localhost:36278 for channel [id: 0xf79c9f72, L:/127.0.0.1:58534 - R:localhost/127.0.0.1:36278]
10:50:52.613 [Forwarding getCurrentUrl on session 9ba4f3f78feeafea4811ed1ee668c62d to remote] DEBUG org.asynchttpclient.netty.request.NettyRequestSender - Using pooled Channel '[id: 0xf79c9f72, L:/127.0.0.1:58534 - R:localhost/127.0.0.1:36278]' for 'GET' to 'http://localhost:36278/session/9ba4f3f78feeafea4811ed1ee668c62d/url'
10:50:52.613 [Forwarding getCurrentUrl on session 9ba4f3f78feeafea4811ed1ee668c62d to remote] DEBUG org.asynchttpclient.netty.request.NettyRequestSender - Using open Channel [id: 0xf79c9f72, L:/127.0.0.1:58534 - R:localhost/127.0.0.1:36278] for GET '/session/9ba4f3f78feeafea4811ed1ee668c62d/url'
10:50:52.618 [AsyncHttpClient-1-3] DEBUG org.asynchttpclient.netty.handler.HttpHandler - 

Request DefaultFullHttpRequest(decodeResult: success, version: HTTP/1.1, content: EmptyByteBufBE)
GET /session/9ba4f3f78feeafea4811ed1ee668c62d/url HTTP/1.1
User-Agent: selenium/4.8.1 (java windows)
Cache-Control: no-cache
Content-Type: application/json; charset=utf-8
host: localhost:36278
accept: */*

Response DefaultHttpResponse(decodeResult: success, version: HTTP/1.1)
HTTP/1.1 200 OK
Content-Length: 41
Content-Type: application/json; charset=utf-8
cache-control: no-cache

10:50:52.618 [AsyncHttpClient-1-3] DEBUG org.asynchttpclient.netty.channel.ChannelManager - Adding key: http://localhost:36278 for channel [id: 0xf79c9f72, L:/127.0.0.1:58534 - R:localhost/127.0.0.1:36278]
10:50:52.620 [main] DEBUG net.thucydides.core.steps.StepInterceptor - STARTING STEP: IntegrationSteps.selectCat - categoryList
10:50:52.623 [Forwarding findElement on session 9ba4f3f78feeafea4811ed1ee668c62d to remote] DEBUG org.asynchttpclient.netty.request.NettyRequestSender - Using pooled Channel '[id: 0xf79c9f72, L:/127.0.0.1:58534 - R:localhost/127.0.0.1:36278]' for 'POST' to 'http://localhost:36278/session/9ba4f3f78feeafea4811ed1ee668c62d/element'
10:50:52.623 [Forwarding findElement on session 9ba4f3f78feeafea4811ed1ee668c62d to remote] DEBUG org.asynchttpclient.netty.request.NettyRequestSender - Using open Channel [id: 0xf79c9f72, L:/127.0.0.1:58534 - R:localhost/127.0.0.1:36278] for POST '/session/9ba4f3f78feeafea4811ed1ee668c62d/element'
10:50:53.546 [AsyncHttpClient-1-1] DEBUG org.asynchttpclient.netty.channel.DefaultChannelPool - Entry count for : http://localhost:58535 : 1
10:50:54.635 [AsyncHttpClient-1-3] DEBUG org.asynchttpclient.netty.handler.HttpHandler - 

Request DefaultHttpRequest(decodeResult: success, version: HTTP/1.1)
POST /session/9ba4f3f78feeafea4811ed1ee668c62d/element HTTP/1.1
User-Agent: selenium/4.8.1 (java windows)
Content-Length: 160
Content-Type: application/json; charset=utf-8
host: localhost:36278
accept: */*

Response DefaultHttpResponse(decodeResult: success, version: HTTP/1.1)
HTTP/1.1 404 Not Found
Content-Length: 1011
Content-Type: application/json; charset=utf-8
cache-control: no-cache

10:50:54.635 [AsyncHttpClient-1-3] DEBUG org.asynchttpclient.netty.channel.ChannelManager - Adding key: http://localhost:36278 for channel [id: 0xf79c9f72, L:/127.0.0.1:58534 - R:localhost/127.0.0.1:36278]
10:50:54.644 [AsyncHttpClient-1-1] DEBUG org.asynchttpclient.netty.channel.DefaultChannelPool - Entry count for : http://localhost:36278 : 1
10:50:54.645 [AsyncHttpClient-1-1] DEBUG org.asynchttpclient.netty.channel.DefaultChannelPool - Entry count for : http://localhost:58535 : 1
10:50:54.753 [Forwarding findElement on session 9ba4f3f78feeafea4811ed1ee668c62d to remote] DEBUG org.asynchttpclient.netty.request.NettyRequestSender - Using pooled Channel '[id: 0xf79c9f72, L:/127.0.0.1:58534 - R:localhost/127.0.0.1:36278]' for 'POST' to 'http://localhost:36278/session/9ba4f3f78feeafea4811ed1ee668c62d/element'
10:50:54.754 [Forwarding findElement on session 9ba4f3f78feeafea4811ed1ee668c62d to remote] DEBUG org.asynchttpclient.netty.request.NettyRequestSender - Using open Channel [id: 0xf79c9f72, L:/127.0.0.1:58534 - R:localhost/127.0.0.1:36278] for POST '/session/9ba4f3f78feeafea4811ed1ee668c62d/element'
10:50:55.754 [AsyncHttpClient-1-1] DEBUG org.asynchttpclient.netty.channel.DefaultChannelPool - Entry count for : http://localhost:58535 : 1
10:50:56.777 [AsyncHttpClient-1-3] DEBUG org.asynchttpclient.netty.handler.HttpHandler - 

Request DefaultHttpRequest(decodeResult: success, version: HTTP/1.1)
POST /session/9ba4f3f78feeafea4811ed1ee668c62d/element HTTP/1.1
User-Agent: selenium/4.8.1 (java windows)
Content-Length: 160
Content-Type: application/json; charset=utf-8
host: localhost:36278
accept: */*

Response DefaultHttpResponse(decodeResult: success, version: HTTP/1.1)
HTTP/1.1 404 Not Found
Content-Length: 1011
Content-Type: application/json; charset=utf-8
cache-control: no-cache

10:50:56.777 [AsyncHttpClient-1-3] DEBUG org.asynchttpclient.netty.channel.ChannelManager - Adding key: http://localhost:36278 for channel [id: 0xf79c9f72, L:/127.0.0.1:58534 - R:localhost/127.0.0.1:36278]
10:50:56.848 [AsyncHttpClient-1-1] DEBUG org.asynchttpclient.netty.channel.DefaultChannelPool - Entry count for : http://localhost:36278 : 1
10:50:56.848 [AsyncHttpClient-1-1] DEBUG org.asynchttpclient.netty.channel.DefaultChannelPool - Entry count for : http://localhost:58535 : 1
10:50:56.881 [Forwarding findElement on session 9ba4f3f78feeafea4811ed1ee668c62d to remote] DEBUG org.asynchttpclient.netty.request.NettyRequestSender - Using pooled Channel '[id: 0xf79c9f72, L:/127.0.0.1:58534 - R:localhost/127.0.0.1:36278]' for 'POST' to 'http://localhost:36278/session/9ba4f3f78feeafea4811ed1ee668c62d/element'
10:50:56.881 [Forwarding findElement on session 9ba4f3f78feeafea4811ed1ee668c62d to remote] DEBUG org.asynchttpclient.netty.request.NettyRequestSender - Using open Channel [id: 0xf79c9f72, L:/127.0.0.1:58534 - R:localhost/127.0.0.1:36278] for POST '/session/9ba4f3f78feeafea4811ed1ee668c62d/element'
10:50:57.945 [AsyncHttpClient-1-1] DEBUG org.asynchttpclient.netty.channel.DefaultChannelPool - Entry count for : http://localhost:58535 : 1
10:50:58.897 [AsyncHttpClient-1-3] DEBUG org.asynchttpclient.netty.handler.HttpHandler - 

Request DefaultHttpRequest(decodeResult: success, version: HTTP/1.1)
POST /session/9ba4f3f78feeafea4811ed1ee668c62d/element HTTP/1.1
User-Agent: selenium/4.8.1 (java windows)
Content-Length: 160
Content-Type: application/json; charset=utf-8
host: localhost:36278
accept: */*

Response DefaultHttpResponse(decodeResult: success, version: HTTP/1.1)
HTTP/1.1 404 Not Found
Content-Length: 1011
Content-Type: application/json; charset=utf-8
cache-control: no-cache

10:50:58.897 [AsyncHttpClient-1-3] DEBUG org.asynchttpclient.netty.channel.ChannelManager - Adding key: http://localhost:36278 for channel [id: 0xf79c9f72, L:/127.0.0.1:58534 - R:localhost/127.0.0.1:36278]
10:50:58.914 [Forwarding getAlertText on session 9ba4f3f78feeafea4811ed1ee668c62d to remote] DEBUG org.asynchttpclient.netty.request.NettyRequestSender - Using pooled Channel '[id: 0xf79c9f72, L:/127.0.0.1:58534 - R:localhost/127.0.0.1:36278]' for 'GET' to 'http://localhost:36278/session/9ba4f3f78feeafea4811ed1ee668c62d/alert/text'
10:50:58.915 [Forwarding getAlertText on session 9ba4f3f78feeafea4811ed1ee668c62d to remote] DEBUG org.asynchttpclient.netty.request.NettyRequestSender - Using open Channel [id: 0xf79c9f72, L:/127.0.0.1:58534 - R:localhost/127.0.0.1:36278] for GET '/session/9ba4f3f78feeafea4811ed1ee668c62d/alert/text'
10:50:58.916 [AsyncHttpClient-1-3] DEBUG org.asynchttpclient.netty.handler.HttpHandler - 

Request DefaultFullHttpRequest(decodeResult: success, version: HTTP/1.1, content: EmptyByteBufBE)
GET /session/9ba4f3f78feeafea4811ed1ee668c62d/alert/text HTTP/1.1
User-Agent: selenium/4.8.1 (java windows)
Cache-Control: no-cache
Content-Type: application/json; charset=utf-8
host: localhost:36278
accept: */*

Response DefaultHttpResponse(decodeResult: success, version: HTTP/1.1)
HTTP/1.1 404 Not Found
Content-Length: 848
Content-Type: application/json; charset=utf-8
cache-control: no-cache

10:50:58.916 [AsyncHttpClient-1-3] DEBUG org.asynchttpclient.netty.channel.ChannelManager - Adding key: http://localhost:36278 for channel [id: 0xf79c9f72, L:/127.0.0.1:58534 - R:localhost/127.0.0.1:36278]
10:50:58.917 [Forwarding getCurrentUrl on session 9ba4f3f78feeafea4811ed1ee668c62d to remote] DEBUG org.asynchttpclient.netty.request.NettyRequestSender - Using pooled Channel '[id: 0xf79c9f72, L:/127.0.0.1:58534 - R:localhost/127.0.0.1:36278]' for 'GET' to 'http://localhost:36278/session/9ba4f3f78feeafea4811ed1ee668c62d/url'
10:50:58.917 [Forwarding getCurrentUrl on session 9ba4f3f78feeafea4811ed1ee668c62d to remote] DEBUG org.asynchttpclient.netty.request.NettyRequestSender - Using open Channel [id: 0xf79c9f72, L:/127.0.0.1:58534 - R:localhost/127.0.0.1:36278] for GET '/session/9ba4f3f78feeafea4811ed1ee668c62d/url'
10:50:58.924 [AsyncHttpClient-1-3] DEBUG org.asynchttpclient.netty.handler.HttpHandler - 

Request DefaultFullHttpRequest(decodeResult: success, version: HTTP/1.1, content: EmptyByteBufBE)
GET /session/9ba4f3f78feeafea4811ed1ee668c62d/url HTTP/1.1
User-Agent: selenium/4.8.1 (java windows)
Cache-Control: no-cache
Content-Type: application/json; charset=utf-8
host: localhost:36278
accept: */*

Response DefaultHttpResponse(decodeResult: success, version: HTTP/1.1)
HTTP/1.1 200 OK
Content-Length: 41
Content-Type: application/json; charset=utf-8
cache-control: no-cache

10:50:58.924 [AsyncHttpClient-1-3] DEBUG org.asynchttpclient.netty.channel.ChannelManager - Adding key: http://localhost:36278 for channel [id: 0xf79c9f72, L:/127.0.0.1:58534 - R:localhost/127.0.0.1:36278]
10:50:58.926 [Forwarding screenshot on session 9ba4f3f78feeafea4811ed1ee668c62d to remote] DEBUG org.asynchttpclient.netty.request.NettyRequestSender - Using pooled Channel '[id: 0xf79c9f72, L:/127.0.0.1:58534 - R:localhost/127.0.0.1:36278]' for 'GET' to 'http://localhost:36278/session/9ba4f3f78feeafea4811ed1ee668c62d/screenshot'
10:50:58.926 [Forwarding screenshot on session 9ba4f3f78feeafea4811ed1ee668c62d to remote] DEBUG org.asynchttpclient.netty.request.NettyRequestSender - Using open Channel [id: 0xf79c9f72, L:/127.0.0.1:58534 - R:localhost/127.0.0.1:36278] for GET '/session/9ba4f3f78feeafea4811ed1ee668c62d/screenshot'
10:50:59.046 [AsyncHttpClient-1-1] DEBUG org.asynchttpclient.netty.channel.DefaultChannelPool - Entry count for : http://localhost:58535 : 1
10:50:59.112 [AsyncHttpClient-1-3] DEBUG org.asynchttpclient.netty.handler.HttpHandler - 

Request DefaultFullHttpRequest(decodeResult: success, version: HTTP/1.1, content: EmptyByteBufBE)
GET /session/9ba4f3f78feeafea4811ed1ee668c62d/screenshot HTTP/1.1
User-Agent: selenium/4.8.1 (java windows)
Cache-Control: no-cache
Content-Type: application/json; charset=utf-8
host: localhost:36278
accept: */*

Response DefaultHttpResponse(decodeResult: success, version: HTTP/1.1)
HTTP/1.1 200 OK
Content-Length: 31432
Content-Type: application/json; charset=utf-8
cache-control: no-cache

10:50:59.112 [AsyncHttpClient-1-3] DEBUG org.asynchttpclient.netty.channel.ChannelManager - Adding key: http://localhost:36278 for channel [id: 0xf79c9f72, L:/127.0.0.1:58534 - R:localhost/127.0.0.1:36278]
10:50:59.114 [main] DEBUG net.serenitybdd.core.photography.Darkroom - Send negative for processing for target\site\serenity\21701634e6a4300a35689a9ffcb0f7ba11d2d2b1a2b121c5f75c005002e1b8bd.png
10:50:59.115 [Darkroom Processing Line] DEBUG net.serenitybdd.core.photography.DarkroomProcessingLine - Processing screenshot image in /var/screenshots/screenshot-10268679722442156802
10:50:59.115 [Darkroom Processing Line] DEBUG net.serenitybdd.core.photography.DarkroomProcessingLine - Saving screenshot to target\site\serenity\21701634e6a4300a35689a9ffcb0f7ba11d2d2b1a2b121c5f75c005002e1b8bd.png
10:50:59.117 [Forwarding getPageSource on session 9ba4f3f78feeafea4811ed1ee668c62d to remote] DEBUG org.asynchttpclient.netty.request.NettyRequestSender - Using pooled Channel '[id: 0xf79c9f72, L:/127.0.0.1:58534 - R:localhost/127.0.0.1:36278]' for 'POST' to 'http://localhost:36278/session/9ba4f3f78feeafea4811ed1ee668c62d/execute/sync'
10:50:59.117 [Forwarding getPageSource on session 9ba4f3f78feeafea4811ed1ee668c62d to remote] DEBUG org.asynchttpclient.netty.request.NettyRequestSender - Using open Channel [id: 0xf79c9f72, L:/127.0.0.1:58534 - R:localhost/127.0.0.1:36278] for POST '/session/9ba4f3f78feeafea4811ed1ee668c62d/execute/sync'
10:50:59.134 [AsyncHttpClient-1-3] DEBUG org.asynchttpclient.netty.handler.HttpHandler - 

Request DefaultHttpRequest(decodeResult: success, version: HTTP/1.1)
POST /session/9ba4f3f78feeafea4811ed1ee668c62d/execute/sync HTTP/1.1
User-Agent: selenium/4.8.1 (java windows)
Content-Length: 176
Content-Type: application/json; charset=utf-8
host: localhost:36278
accept: */*

Response DefaultHttpResponse(decodeResult: success, version: HTTP/1.1)
HTTP/1.1 200 OK
Content-Length: 28881
Content-Type: application/json; charset=utf-8
cache-control: no-cache

10:50:59.135 [AsyncHttpClient-1-3] DEBUG org.asynchttpclient.netty.channel.ChannelManager - Adding key: http://localhost:36278 for channel [id: 0xf79c9f72, L:/127.0.0.1:58534 - R:localhost/127.0.0.1:36278]
10:50:59.142 [Forwarding getCurrentUrl on session 9ba4f3f78feeafea4811ed1ee668c62d to remote] DEBUG org.asynchttpclient.netty.request.NettyRequestSender - Using pooled Channel '[id: 0xf79c9f72, L:/127.0.0.1:58534 - R:localhost/127.0.0.1:36278]' for 'GET' to 'http://localhost:36278/session/9ba4f3f78feeafea4811ed1ee668c62d/url'
10:50:59.142 [Forwarding getCurrentUrl on session 9ba4f3f78feeafea4811ed1ee668c62d to remote] DEBUG org.asynchttpclient.netty.request.NettyRequestSender - Using open Channel [id: 0xf79c9f72, L:/127.0.0.1:58534 - R:localhost/127.0.0.1:36278] for GET '/session/9ba4f3f78feeafea4811ed1ee668c62d/url'
10:50:59.146 [AsyncHttpClient-1-3] DEBUG org.asynchttpclient.netty.handler.HttpHandler - 

Request DefaultFullHttpRequest(decodeResult: success, version: HTTP/1.1, content: EmptyByteBufBE)
GET /session/9ba4f3f78feeafea4811ed1ee668c62d/url HTTP/1.1
User-Agent: selenium/4.8.1 (java windows)
Cache-Control: no-cache
Content-Type: application/json; charset=utf-8
host: localhost:36278
accept: */*

Response DefaultHttpResponse(decodeResult: success, version: HTTP/1.1)
HTTP/1.1 200 OK
Content-Length: 41
Content-Type: application/json; charset=utf-8
cache-control: no-cache

10:50:59.147 [AsyncHttpClient-1-3] DEBUG org.asynchttpclient.netty.channel.ChannelManager - Adding key: http://localhost:36278 for channel [id: 0xf79c9f72, L:/127.0.0.1:58534 - R:localhost/127.0.0.1:36278]
  &amp#27;[31mAnd &amp#27;[0m&amp#27;[31mUser success select categories&amp#27;[0m                                        &amp#27;[90m# starter.stepdefinition.IntegrationSteps.selectCat()&amp#27;[0m
      &amp#27;[31mnet.thucydides.core.webdriver.exceptions.ElementShouldBeEnabledException: Expected enabled element was not enabled
	at net.serenitybdd.core.pages.WebElementFacadeImpl.waitUntilEnabled(WebElementFacadeImpl.java:1122)
	at net.serenitybdd.core.pages.WebElementFacadeImpl.waitUntilElementAvailable(WebElementFacadeImpl.java:906)
	at net.serenitybdd.core.pages.WebElementFacadeImpl.click(WebElementFacadeImpl.java:1204)
	at net.serenitybdd.core.pages.WebElementFacadeImpl.click(WebElementFacadeImpl.java:1224)
	at WebIntegration@1.0-SNAPSHOT/starter.Integration.Product.categoryList(Product.java:48)
	at WebIntegration@1.0-SNAPSHOT/starter.Integration.Product$ByteBuddy$Qu4s6FPL.categoryList$accessor$gxrHMpOJ(Unknown Source)
	at java.base/jdk.internal.reflect.DirectMethodHandleAccessor.invoke(DirectMethodHandleAccessor.java:104)
	at java.base/java.lang.reflect.Method.invoke(Method.java:578)
	at net.thucydides.core.steps.StepInterceptor.invokeMethod(StepInterceptor.java:518)
	at net.thucydides.core.steps.StepInterceptor.executeTestStepMethod(StepInterceptor.java:498)
	at net.thucydides.core.steps.StepInterceptor.runTestStep(StepInterceptor.java:472)
	at net.thucydides.core.steps.StepInterceptor.runOrSkipMethod(StepInterceptor.java:211)
	at net.thucydides.core.steps.StepInterceptor.testStepResult(StepInterceptor.java:198)
	at net.thucydides.core.steps.StepInterceptor.intercept(StepInterceptor.java:86)
	at net.thucydides.core.steps.ProxyConfiguration$InterceptorDispatcher.intercept(ProxyConfiguration.java:51)
	at WebIntegration@1.0-SNAPSHOT/starter.Integration.Product$ByteBuddy$Qu4s6FPL.categoryList(Unknown Source)
	at WebIntegration@1.0-SNAPSHOT/starter.stepdefinition.IntegrationSteps.selectCat(IntegrationSteps.java:143)
	at ✽.User success select categories(file:///C:/Users/User/IdeaProjects/IntegrationTest/src/test/resources/features/06Integration.feature:30)
Caused by: org.openqa.selenium.TimeoutException: Expected condition failed: waiting for By.xpath: /html/body/div/div/main/div/div/div[1]/div/div[1]/div[1]/div[3] to be enabled (tried for 5 second(s) with 100 milliseconds interval)
	at org.openqa.selenium.support.ui.FluentWait.timeoutException(FluentWait.java:263)
	at org.openqa.selenium.support.ui.FluentWait.until(FluentWait.java:231)
	at net.serenitybdd.core.pages.WebElementFacadeImpl.waitUntilEnabled(WebElementFacadeImpl.java:1119)
	at net.serenitybdd.core.pages.WebElementFacadeImpl.waitUntilElementAvailable(WebElementFacadeImpl.java:906)
	at net.serenitybdd.core.pages.WebElementFacadeImpl.click(WebElementFacadeImpl.java:1204)
	at net.serenitybdd.core.pages.WebElementFacadeImpl.click(WebElementFacadeImpl.java:1224)
	at WebIntegration@1.0-SNAPSHOT/starter.Integration.Product.categoryList(Product.java:48)
	at WebIntegration@1.0-SNAPSHOT/starter.Integration.Product$ByteBuddy$Qu4s6FPL.categoryList$accessor$gxrHMpOJ(Unknown Source)
	at java.base/jdk.internal.reflect.DirectMethodHandleAccessor.invoke(DirectMethodHandleAccessor.java:104)
	at java.base/java.lang.reflect.Method.invoke(Method.java:578)
	at net.thucydides.core.steps.StepInterceptor.invokeMethod(StepInterceptor.java:518)
	at net.thucydides.core.steps.StepInterceptor.executeTestStepMethod(StepInterceptor.java:498)
	at net.thucydides.core.steps.StepInterceptor.runTestStep(StepInterceptor.java:472)
	at net.thucydides.core.steps.StepInterceptor.runOrSkipMethod(StepInterceptor.java:211)
	at net.thucydides.core.steps.StepInterceptor.testStepResult(StepInterceptor.java:198)
	at net.thucydides.core.steps.StepInterceptor.intercept(StepInterceptor.java:86)
	at net.thucydides.core.steps.ProxyConfiguration$InterceptorDispatcher.intercept(ProxyConfiguration.java:51)
	at WebIntegration@1.0-SNAPSHOT/starter.Integration.Product$ByteBuddy$Qu4s6FPL.categoryList(Unknown Source)
	at WebIntegration@1.0-SNAPSHOT/starter.stepdefinition.IntegrationSteps.selectCat(IntegrationSteps.java:143)
	at java.base/jdk.internal.reflect.DirectMethodHandleAccessor.invoke(DirectMethodHandleAccessor.java:104)
	at java.base/java.lang.reflect.Method.invoke(Method.java:578)
	at io.cucumber.java.Invoker.doInvoke(Invoker.java:66)
	at io.cucumber.java.Invoker.invoke(Invoker.java:24)
	at io.cucumber.java.AbstractGlueDefinition.invokeMethod(AbstractGlueDefinition.java:47)
	at io.cucumber.java.JavaStepDefinition.execute(JavaStepDefinition.java:29)
	at io.cucumber.core.runner.CoreStepDefinition.execute(CoreStepDefinition.java:66)
	at io.cucumber.core.runner.PickleStepDefinitionMatch.runStep(PickleStepDefinitionMatch.java:63)
	at io.cucumber.core.runner.ExecutionMode$1.execute(ExecutionMode.java:10)
	at io.cucumber.core.runner.TestStep.executeStep(TestStep.java:84)
	at io.cucumber.core.runner.TestStep.run(TestStep.java:56)
	at io.cucumber.core.runner.PickleStepTestStep.run(PickleStepTestStep.java:51)
	at io.cucumber.core.runner.TestCase.run(TestCase.java:84)
	at io.cucumber.core.runner.Runner.runPickle(Runner.java:75)
	at io.cucumber.junit.PickleRunners$NoStepDescriptions.lambda$run$0(PickleRunners.java:151)
	at io.cucumber.core.runtime.CucumberExecutionContext.lambda$runTestCase$5(CucumberExecutionContext.java:130)
	at io.cucumber.core.runtime.RethrowingThrowableCollector.executeAndThrow(RethrowingThrowableCollector.java:23)
	at io.cucumber.core.runtime.CucumberExecutionContext.runTestCase(CucumberExecutionContext.java:130)
	at io.cucumber.junit.PickleRunners$NoStepDescriptions.run(PickleRunners.java:148)
	at io.cucumber.junit.FeatureRunner.runChild(FeatureRunner.java:144)
	at io.cucumber.junit.FeatureRunner.runChild(FeatureRunner.java:28)
	at org.junit.runners.ParentRunner$4.run(ParentRunner.java:331)
	at org.junit.runners.ParentRunner$1.schedule(ParentRunner.java:79)
	at org.junit.runners.ParentRunner.runChildren(ParentRunner.java:329)
	at org.junit.runners.ParentRunner.access$100(ParentRunner.java:66)
	at org.junit.runners.ParentRunner$2.evaluate(ParentRunner.java:293)
	at org.junit.runners.ParentRunner$3.evaluate(ParentRunner.java:306)
	at org.junit.runners.ParentRunner.run(ParentRunner.java:413)
	at io.cucumber.junit.FeatureRunner.run(FeatureRunner.java:137)
	at io.cucumber.junit.CucumberSerenityBaseRunner.runChild(CucumberSerenityBaseRunner.java:330)
	at io.cucumber.junit.CucumberSerenityBaseRunner.runChild(CucumberSerenityBaseRunner.java:51)
	at org.junit.runners.ParentRunner$4.run(ParentRunner.java:331)
	at org.junit.runners.ParentRunner$1.schedule(ParentRunner.java:79)
	at org.junit.runners.ParentRunner.runChildren(ParentRunner.java:329)
	at org.junit.runners.ParentRunner.access$100(ParentRunner.java:66)
	at org.junit.runners.ParentRunner$2.evaluate(ParentRunner.java:293)
	at io.cucumber.junit.CucumberSerenityBaseRunner$RunCucumber.evaluate(CucumberSerenityBaseRunner.java:361)
	at org.junit.runners.ParentRunner$3.evaluate(ParentRunner.java:306)
	at org.junit.runners.ParentRunner.run(ParentRunner.java:413)
	at org.junit.runner.JUnitCore.run(JUnitCore.java:137)
	at org.junit.runner.JUnitCore.run(JUnitCore.java:115)
	at org.junit.vintage.engine.execution.RunnerExecutor.execute(RunnerExecutor.java:42)
	at org.junit.vintage.engine.VintageTestEngine.executeAllChildren(VintageTestEngine.java:80)
	at org.junit.vintage.engine.VintageTestEngine.execute(VintageTestEngine.java:72)
	at org.junit.platform.launcher.core.EngineExecutionOrchestrator.execute(EngineExecutionOrchestrator.java:107)
	at org.junit.platform.launcher.core.EngineExecutionOrchestrator.execute(EngineExecutionOrchestrator.java:88)
	at org.junit.platform.launcher.core.EngineExecutionOrchestrator.lambda$execute$0(EngineExecutionOrchestrator.java:54)
	at org.junit.platform.launcher.core.EngineExecutionOrchestrator.withInterceptedStreams(EngineExecutionOrchestrator.java:67)
	at org.junit.platform.launcher.core.EngineExecutionOrchestrator.execute(EngineExecutionOrchestrator.java:52)
	at org.junit.platform.launcher.core.DefaultLauncher.execute(DefaultLauncher.java:114)
	at org.junit.platform.launcher.core.DefaultLauncher.execute(DefaultLauncher.java:86)
	at org.junit.platform.launcher.core.DefaultLauncherSession$DelegatingLauncher.execute(DefaultLauncherSession.java:86)
	at org.junit.platform.launcher.core.SessionPerRequestLauncher.execute(SessionPerRequestLauncher.java:53)
	at org.apache.maven.surefire.junitplatform.JUnitPlatformProvider.execute(JUnitPlatformProvider.java:188)
	at org.apache.maven.surefire.junitplatform.JUnitPlatformProvider.invokeAllTests(JUnitPlatformProvider.java:154)
	at org.apache.maven.surefire.junitplatform.JUnitPlatformProvider.invoke(JUnitPlatformProvider.java:128)
	at org.apache.maven.surefire.booter.ForkedBooter.runSuitesInProcess(ForkedBooter.java:428)
	at org.apache.maven.surefire.booter.ForkedBooter.execute(ForkedBooter.java:162)
	at org.apache.maven.surefire.booter.ForkedBooter.run(ForkedBooter.java:562)
	at org.apache.maven.surefire.booter.ForkedBooter.main(ForkedBooter.java:548)
Caused by: org.openqa.selenium.NoSuchElementException: no such element: Unable to locate element: {"method":"xpath","selector":"/html/body/div/div/main/div/div/div[1]/div/div[1]/div[1]/div[3]"}
  (Session info: chrome=112.0.5615.140)
For documentation on this error, please visit: https://selenium.dev/exceptions/#no_such_element
Build info: version: '4.8.1', revision: '8ebccac989'
System info: os.name: 'Windows 10', os.arch: 'amd64', os.version: '10.0', java.version: '19.0.2'
Driver info: org.openqa.selenium.chrome.ChromeDriver
Command: [9ba4f3f78feeafea4811ed1ee668c62d, findElement {using=xpath, value=/html/body/div/div/main/div/div/div[1]/div/div[1]/div[1]/div[3]}]
Capabilities {acceptInsecureCerts: false, browserName: chrome, browserVersion: 112.0.5615.140, chrome: {chromedriverVersion: 112.0.5615.49 (bd2a7bcb881c..., userDataDir: C:\Users\User\AppData\Local...}, goog:chromeOptions: {debuggerAddress: localhost:58535}, networkConnectionEnabled: false, pageLoadStrategy: normal, platformName: WINDOWS, proxy: Proxy(), se:cdp: ws://localhost:58535/devtoo..., se:cdpVersion: 112.0.5615.140, setWindowRect: true, strictFileInteractability: false, timeouts: {implicit: 0, pageLoad: 300000, script: 30000}, unhandledPromptBehavior: dismiss and notify, webauthn:extension:credBlob: true, webauthn:extension:largeBlob: true, webauthn:extension:minPinLength: true, webauthn:extension:prf: true, webauthn:virtualAuthenticators: true}
Session ID: 9ba4f3f78feeafea4811ed1ee668c62d
	at java.base/jdk.internal.reflect.DirectConstructorHandleAccessor.newInstance(DirectConstructorHandleAccessor.java:67)
	at java.base/java.lang.reflect.Constructor.newInstanceWithCaller(Constructor.java:500)
	at java.base/java.lang.reflect.Constructor.newInstance(Constructor.java:484)
	at org.openqa.selenium.remote.codec.w3c.W3CHttpResponseCodec.createException(W3CHttpResponseCodec.java:200)
	at org.openqa.selenium.remote.codec.w3c.W3CHttpResponseCodec.decode(W3CHttpResponseCodec.java:133)
	at org.openqa.selenium.remote.codec.w3c.W3CHttpResponseCodec.decode(W3CHttpResponseCodec.java:53)
	at org.openqa.selenium.remote.HttpCommandExecutor.execute(HttpCommandExecutor.java:184)
	at org.openqa.selenium.remote.service.DriverCommandExecutor.invokeExecute(DriverCommandExecutor.java:167)
	at org.openqa.selenium.remote.service.DriverCommandExecutor.execute(DriverCommandExecutor.java:142)
	at org.openqa.selenium.remote.RemoteWebDriver.execute(RemoteWebDriver.java:543)
	at org.openqa.selenium.remote.ElementLocation$ElementFinder$2.findElement(ElementLocation.java:162)
	at org.openqa.selenium.remote.ElementLocation.findElement(ElementLocation.java:60)
	at org.openqa.selenium.remote.RemoteWebDriver.findElement(RemoteWebDriver.java:352)
	at org.openqa.selenium.remote.RemoteWebDriver.findElement(RemoteWebDriver.java:344)
	at net.thucydides.core.webdriver.WebDriverFacade.findElement(WebDriverFacade.java:242)
	at net.serenitybdd.core.pages.WebElementResolverByLocator.resolveForDriver(WebElementResolverByLocator.java:25)
	at net.serenitybdd.core.pages.WebElementFacadeImpl.getResolvedElement(WebElementFacadeImpl.java:189)
	at net.serenitybdd.core.pages.WebElementFacadeImpl.getElement(WebElementFacadeImpl.java:184)
	at net.serenitybdd.core.pages.WebElementExpectations$3.apply(WebElementExpectations.java:63)
	at net.serenitybdd.core.pages.WebElementExpectations$3.apply(WebElementExpectations.java:55)
	at org.openqa.selenium.support.ui.FluentWait.until(FluentWait.java:208)
	... 77 more
&amp#27;[0m
  &amp#27;[36mAnd &amp#27;[0m&amp#27;[36mUser success clear categories&amp#27;[0m                                         &amp#27;[90m# starter.stepdefinition.IntegrationSteps.clearCat()&amp#27;[0m
  &amp#27;[36mThen &amp#27;[0m&amp#27;[36mWeb integration success&amp#27;[0m                                              &amp#27;[90m# starter.stepdefinition.IntegrationSteps.webIntegSuccess()&amp#27;[0m
10:50:59.294 [main] ERROR  - 
  _____   ___   ___   _____     ___     _     ___   _      ___   ___  
 |_   _| | __| / __| |_   _|   | __|   /_\   |_ _| | |    | __| |   \ 
   | |   | _|  \__ \   | |     | _|   / _ \   | |  | |__  | _|  | |) |
   |_|   |___| |___/   |_|     |_|   /_/ \_\ |___| |____| |___| |___/ 

WB029 - User register, login, select categories, clear categories
-----------------------------------------------------------------------
10:50:59.302 [main] DEBUG  - RELATED ISSUES: 
10:50:59.312 [main] ERROR  -     Test failed at step: Category list
10:50:59.312 [main] ERROR  -     Expected enabled element was not enabled
10:50:59.317 [AsyncHttpClient-1-5] DEBUG org.asynchttpclient.netty.handler.WebSocketHandler - Channel Closed: [id: 0x2a4bdef9, L:/127.0.0.1:58544 ! R:localhost/127.0.0.1:58535] with attribute NettyResponseFuture{currentRetry=0,
	isDone=1,
	isCancelled=0,
	asyncHandler=org.asynchttpclient.ws.WebSocketUpgradeHandler@8e648ca,
	nettyRequest=org.asynchttpclient.netty.request.NettyRequest@2d123c7e,
	future=java.util.concurrent.CompletableFuture@682eb140[Completed normally],
	uri=ws://localhost:58535/devtools/browser/de57890c-546a-4c73-ac36-12b5df10f642,
	keepAlive=true,
	redirectCount=0,
	timeoutsHolder=null,
	inAuth=0,
	touch=1683777047455}
10:50:59.317 [AsyncHttpClient-1-5] DEBUG org.asynchttpclient.netty.channel.ChannelManager - Closing Channel [id: 0x2a4bdef9, L:/127.0.0.1:58544 ! R:localhost/127.0.0.1:58535] 
10:50:59.328 [Driver Command Executor] DEBUG org.asynchttpclient.netty.request.NettyRequestSender - Using pooled Channel '[id: 0xf79c9f72, L:/127.0.0.1:58534 - R:localhost/127.0.0.1:36278]' for 'DELETE' to 'http://localhost:36278/session/9ba4f3f78feeafea4811ed1ee668c62d'
10:50:59.328 [Driver Command Executor] DEBUG org.asynchttpclient.netty.request.NettyRequestSender - Using open Channel [id: 0xf79c9f72, L:/127.0.0.1:58534 - R:localhost/127.0.0.1:36278] for DELETE '/session/9ba4f3f78feeafea4811ed1ee668c62d'
10:50:59.569 [AsyncHttpClient-1-4] DEBUG org.asynchttpclient.netty.handler.HttpHandler - Unexpected I/O exception on channel [id: 0x53b4a031, L:/127.0.0.1:58543 - R:localhost/127.0.0.1:58535]
java.net.SocketException: Connection reset
	at java.base/sun.nio.ch.SocketChannelImpl.throwConnectionReset(SocketChannelImpl.java:401)
	at java.base/sun.nio.ch.SocketChannelImpl.read(SocketChannelImpl.java:434)
	at io.netty.buffer.PooledByteBuf.setBytes(PooledByteBuf.java:259)
	at io.netty.buffer.AbstractByteBuf.writeBytes(AbstractByteBuf.java:1132)
	at io.netty.channel.socket.nio.NioSocketChannel.doReadBytes(NioSocketChannel.java:357)
	at io.netty.channel.nio.AbstractNioByteChannel$NioByteUnsafe.read(AbstractNioByteChannel.java:151)
	at io.netty.channel.nio.NioEventLoop.processSelectedKey(NioEventLoop.java:788)
	at io.netty.channel.nio.NioEventLoop.processSelectedKeysOptimized(NioEventLoop.java:724)
	at io.netty.channel.nio.NioEventLoop.processSelectedKeys(NioEventLoop.java:650)
	at io.netty.channel.nio.NioEventLoop.run(NioEventLoop.java:562)
	at io.netty.util.concurrent.SingleThreadEventExecutor$4.run(SingleThreadEventExecutor.java:997)
	at io.netty.util.internal.ThreadExecutorMap$2.run(ThreadExecutorMap.java:74)
	at io.netty.util.concurrent.FastThreadLocalRunnable.run(FastThreadLocalRunnable.java:30)
	at java.base/java.lang.Thread.run(Thread.java:1589)
10:50:59.569 [AsyncHttpClient-1-4] DEBUG org.asynchttpclient.netty.channel.ChannelManager - Closing Channel [id: 0x53b4a031, L:/127.0.0.1:58543 - R:localhost/127.0.0.1:58535] 
10:50:59.569 [AsyncHttpClient-1-4] DEBUG org.asynchttpclient.netty.handler.HttpHandler - Channel Closed: [id: 0x53b4a031, L:/127.0.0.1:58543 ! R:localhost/127.0.0.1:58535] with attribute DISCARD
10:50:59.588 [AsyncHttpClient-1-3] DEBUG org.asynchttpclient.netty.handler.HttpHandler - 

Request DefaultFullHttpRequest(decodeResult: success, version: HTTP/1.1, content: EmptyByteBufBE)
DELETE /session/9ba4f3f78feeafea4811ed1ee668c62d HTTP/1.1
User-Agent: selenium/4.8.1 (java windows)
Content-Type: application/json; charset=utf-8
host: localhost:36278
accept: */*

Response DefaultHttpResponse(decodeResult: success, version: HTTP/1.1)
HTTP/1.1 200 OK
Content-Length: 14
Content-Type: application/json; charset=utf-8
cache-control: no-cache

10:50:59.589 [AsyncHttpClient-1-3] DEBUG org.asynchttpclient.netty.channel.ChannelManager - Adding key: http://localhost:36278 for channel [id: 0xf79c9f72, L:/127.0.0.1:58534 - R:localhost/127.0.0.1:36278]
10:51:00.151 [AsyncHttpClient-1-1] DEBUG org.asynchttpclient.netty.channel.DefaultChannelPool - Entry count for : http://localhost:36278 : 1
10:51:00.151 [AsyncHttpClient-1-1] DEBUG org.asynchttpclient.netty.channel.DefaultChannelPool - Entry count for : http://localhost:58535 : 1
10:51:00.151 [AsyncHttpClient-1-1] DEBUG org.asynchttpclient.netty.channel.DefaultChannelPool - Adding Candidate expired Channel [id: 0x53b4a031, L:/127.0.0.1:58543 ! R:localhost/127.0.0.1:58535] isIdleTimeoutExpired=false isRemotelyClosed=true isTtlExpired=false
10:51:00.151 [AsyncHttpClient-1-1] DEBUG org.asynchttpclient.netty.channel.DefaultChannelPool - Closing Idle Channel [id: 0x53b4a031, L:/127.0.0.1:58543 ! R:localhost/127.0.0.1:58535]
10:51:00.151 [AsyncHttpClient-1-1] DEBUG org.asynchttpclient.netty.channel.DefaultChannelPool - Closed 1 connections out of 2 in 0 ms
10:51:00.608 [AsyncHttpClient-1-3] DEBUG org.asynchttpclient.netty.handler.HttpHandler - Unexpected I/O exception on channel [id: 0xf79c9f72, L:/127.0.0.1:58534 - R:localhost/127.0.0.1:36278]
java.net.SocketException: Connection reset
	at java.base/sun.nio.ch.SocketChannelImpl.throwConnectionReset(SocketChannelImpl.java:401)
	at java.base/sun.nio.ch.SocketChannelImpl.read(SocketChannelImpl.java:434)
	at io.netty.buffer.PooledByteBuf.setBytes(PooledByteBuf.java:259)
	at io.netty.buffer.AbstractByteBuf.writeBytes(AbstractByteBuf.java:1132)
	at io.netty.channel.socket.nio.NioSocketChannel.doReadBytes(NioSocketChannel.java:357)
	at io.netty.channel.nio.AbstractNioByteChannel$NioByteUnsafe.read(AbstractNioByteChannel.java:151)
	at io.netty.channel.nio.NioEventLoop.processSelectedKey(NioEventLoop.java:788)
	at io.netty.channel.nio.NioEventLoop.processSelectedKeysOptimized(NioEventLoop.java:724)
	at io.netty.channel.nio.NioEventLoop.processSelectedKeys(NioEventLoop.java:650)
	at io.netty.channel.nio.NioEventLoop.run(NioEventLoop.java:562)
	at io.netty.util.concurrent.SingleThreadEventExecutor$4.run(SingleThreadEventExecutor.java:997)
	at io.netty.util.internal.ThreadExecutorMap$2.run(ThreadExecutorMap.java:74)
	at io.netty.util.concurrent.FastThreadLocalRunnable.run(FastThreadLocalRunnable.java:30)
	at java.base/java.lang.Thread.run(Thread.java:1589)
10:51:00.608 [AsyncHttpClient-1-3] DEBUG org.asynchttpclient.netty.channel.ChannelManager - Closing Channel [id: 0xf79c9f72, L:/127.0.0.1:58534 - R:localhost/127.0.0.1:36278] 
10:51:00.608 [AsyncHttpClient-1-3] DEBUG org.asynchttpclient.netty.handler.HttpHandler - Channel Closed: [id: 0xf79c9f72, L:/127.0.0.1:58534 ! R:localhost/127.0.0.1:36278] with attribute DISCARD
]]></system-out>
    <system-err><![CDATA[Starting ChromeDriver 112.0.5615.49 (bd2a7bcb881c11e8cfe3078709382934e3916914-refs/branch-heads/5615@{#936}) on port 36278
Only local connections are allowed.
Please see https://chromedriver.chromium.org/security-considerations for suggestions on keeping ChromeDriver safe.
ChromeDriver was started successfully.
May 11, 2023 10:50:47 AM org.openqa.selenium.devtools.CdpVersionFinder findNearestMatch
WARNING: Unable to find an exact match for CDP version 112, so returning the closest version found: 110
]]></system-err>
  </testcase>
  <testcase name="WB030 - User register, login, see detail product, assign rating, logout" classname="Integration" time="118.219">
    <system-out><![CDATA[
Scenario: WB030 - User register, login, see detail product, assign rating, logout &amp#27;[90m# src/test/resources/features/06Integration.feature:34&amp#27;[0m
10:51:00.686 [main] DEBUG io.cucumber.core.plugin.SerenityReporter - Running feature from file:///C:/Users/User/IdeaProjects/IntegrationTest/src/test/resources/features/06Integration.feature
10:51:00.690 [main] INFO  - 
  _____   ___   ___   _____     ___   _____     _     ___   _____   ___   ___  
 |_   _| | __| / __| |_   _|   / __| |_   _|   /_\   | _ \ |_   _| | __| |   \ 
   | |   | _|  \__ \   | |     \__ \   | |    / _ \  |   /   | |   | _|  | |) |
   |_|   |___| |___/   |_|     |___/   |_|   /_/ \_\ |_|_\   |_|   |___| |___/ 

WB030 - User register, login, see detail product, assign rating, logout(integration;wb030---user-register--login--see-detail-product--assign-rating--logout)
--------------------------------------------------------------------------------
  &amp#27;[32mGiven &amp#27;[0m&amp#27;[32mUser in register pages&amp#27;[0m                                                    &amp#27;[90m# starter.stepdefinition.IntegrationSteps.registersPage()&amp#27;[0m
10:51:00.855 [main] INFO net.serenitybdd.core.webdriver.driverproviders.ChromeDriverProvider - Starting Chrome driver instance with capabilities:
10:51:00.855 [main] INFO net.serenitybdd.core.webdriver.driverproviders.ChromeDriverProvider - Capabilities {acceptInsecureCerts: false, browserName: chrome, goog:chromeOptions: {args: [remote-allow-origins=*], extensions: []}}
10:51:01.245 [AsyncHttpClient-1-1] DEBUG org.asynchttpclient.netty.channel.DefaultChannelPool - Entry count for : http://localhost:36278 : 1
10:51:01.245 [AsyncHttpClient-1-1] DEBUG org.asynchttpclient.netty.channel.DefaultChannelPool - Adding Candidate expired Channel [id: 0xf79c9f72, L:/127.0.0.1:58534 ! R:localhost/127.0.0.1:36278] isIdleTimeoutExpired=false isRemotelyClosed=true isTtlExpired=false
10:51:01.245 [AsyncHttpClient-1-1] DEBUG org.asynchttpclient.netty.channel.DefaultChannelPool - Closing Idle Channel [id: 0xf79c9f72, L:/127.0.0.1:58534 ! R:localhost/127.0.0.1:36278]
10:51:01.245 [AsyncHttpClient-1-1] DEBUG org.asynchttpclient.netty.channel.DefaultChannelPool - Closed 1 connections out of 1 in 0 ms
10:51:01.537 [AsyncHttpClient-1-6] DEBUG org.asynchttpclient.netty.channel.NettyConnectListener - Using new Channel '[id: 0xac1abbb1, L:/127.0.0.1:58561 - R:localhost/127.0.0.1:16540]' for 'POST' to '/session'
10:51:02.825 [AsyncHttpClient-1-6] DEBUG org.asynchttpclient.netty.handler.HttpHandler - 

Request DefaultHttpRequest(decodeResult: success, version: HTTP/1.1)
POST /session HTTP/1.1
User-Agent: selenium/4.8.1 (java windows)
Content-Length: 507
Content-Type: application/json; charset=utf-8
host: localhost:16540
accept: */*

Response DefaultHttpResponse(decodeResult: success, version: HTTP/1.1)
HTTP/1.1 200 OK
Content-Length: 857
Content-Type: application/json; charset=utf-8
cache-control: no-cache

10:51:02.825 [AsyncHttpClient-1-6] DEBUG org.asynchttpclient.netty.channel.ChannelManager - Adding key: http://localhost:16540 for channel [id: 0xac1abbb1, L:/127.0.0.1:58561 - R:localhost/127.0.0.1:16540]
10:51:02.860 [AsyncHttpClient-1-7] DEBUG org.asynchttpclient.netty.channel.NettyConnectListener - Using new Channel '[id: 0xb501e260, L:/127.0.0.1:58568 - R:localhost/127.0.0.1:58563]' for 'GET' to '/json/version'
10:51:02.861 [AsyncHttpClient-1-7] DEBUG org.asynchttpclient.netty.handler.HttpHandler - 

Request DefaultFullHttpRequest(decodeResult: success, version: HTTP/1.1, content: EmptyByteBufBE)
GET /json/version HTTP/1.1
User-Agent: selenium/4.8.1 (java windows)
host: localhost:58563
accept: */*

Response DefaultHttpResponse(decodeResult: success, version: HTTP/1.1)
HTTP/1.1 200 OK
Content-Security-Policy: frame-ancestors 'none'
Content-Length: 424
Content-Type: application/json; charset=UTF-8

10:51:02.861 [AsyncHttpClient-1-7] DEBUG org.asynchttpclient.netty.channel.ChannelManager - Adding key: http://localhost:58563 for channel [id: 0xb501e260, L:/127.0.0.1:58568 - R:localhost/127.0.0.1:58563]
10:51:02.864 [AsyncHttpClient-1-8] DEBUG org.asynchttpclient.netty.channel.NettyConnectListener - Using new Channel '[id: 0x453edc15, L:/127.0.0.1:58569 - R:localhost/127.0.0.1:58563]' for 'GET' to '/devtools/browser/27229f85-5e77-497c-9b22-2c3671d1b1d3'
10:51:02.865 [AsyncHttpClient-1-8] DEBUG org.asynchttpclient.netty.handler.WebSocketHandler - 

Request DefaultFullHttpRequest(decodeResult: success, version: HTTP/1.1, content: EmptyByteBufBE)
GET /devtools/browser/27229f85-5e77-497c-9b22-2c3671d1b1d3 HTTP/1.1
upgrade: websocket
connection: upgrade
sec-websocket-key: jZGxf9wyZnToskjzIRJoYQ==
sec-websocket-version: 13
origin: http://localhost:58563
host: localhost:58563
accept: */*
user-agent: AHC/2.1

Response DefaultHttpResponse(decodeResult: success, version: HTTP/1.1)
HTTP/1.1 101 WebSocket Protocol Handshake
Upgrade: WebSocket
Connection: Upgrade
Sec-WebSocket-Accept: HhPixtJ2p6T+QKqqIJ+K6spxu/U=

10:51:02.873 [Forwarding maximizeCurrentWindow on session 9fbb6ee98356802f6881f78f8e080ce7 to remote] DEBUG org.asynchttpclient.netty.request.NettyRequestSender - Using pooled Channel '[id: 0xac1abbb1, L:/127.0.0.1:58561 - R:localhost/127.0.0.1:16540]' for 'POST' to 'http://localhost:16540/session/9fbb6ee98356802f6881f78f8e080ce7/window/maximize'
10:51:02.873 [Forwarding maximizeCurrentWindow on session 9fbb6ee98356802f6881f78f8e080ce7 to remote] DEBUG org.asynchttpclient.netty.request.NettyRequestSender - Using open Channel [id: 0xac1abbb1, L:/127.0.0.1:58561 - R:localhost/127.0.0.1:16540] for POST '/session/9fbb6ee98356802f6881f78f8e080ce7/window/maximize'
10:51:03.003 [AsyncHttpClient-1-6] DEBUG org.asynchttpclient.netty.handler.HttpHandler - 

Request DefaultHttpRequest(decodeResult: success, version: HTTP/1.1)
POST /session/9fbb6ee98356802f6881f78f8e080ce7/window/maximize HTTP/1.1
User-Agent: selenium/4.8.1 (java windows)
Content-Length: 3
Content-Type: application/json; charset=utf-8
host: localhost:16540
accept: */*

Response DefaultHttpResponse(decodeResult: success, version: HTTP/1.1)
HTTP/1.1 200 OK
Content-Length: 51
Content-Type: application/json; charset=utf-8
cache-control: no-cache

10:51:03.003 [AsyncHttpClient-1-6] DEBUG org.asynchttpclient.netty.channel.ChannelManager - Adding key: http://localhost:16540 for channel [id: 0xac1abbb1, L:/127.0.0.1:58561 - R:localhost/127.0.0.1:16540]
10:51:03.006 [Forwarding get on session 9fbb6ee98356802f6881f78f8e080ce7 to remote] DEBUG org.asynchttpclient.netty.request.NettyRequestSender - Using pooled Channel '[id: 0xac1abbb1, L:/127.0.0.1:58561 - R:localhost/127.0.0.1:16540]' for 'POST' to 'http://localhost:16540/session/9fbb6ee98356802f6881f78f8e080ce7/url'
10:51:03.006 [Forwarding get on session 9fbb6ee98356802f6881f78f8e080ce7 to remote] DEBUG org.asynchttpclient.netty.request.NettyRequestSender - Using open Channel [id: 0xac1abbb1, L:/127.0.0.1:58561 - R:localhost/127.0.0.1:16540] for POST '/session/9fbb6ee98356802f6881f78f8e080ce7/url'
10:51:03.454 [AsyncHttpClient-1-1] DEBUG org.asynchttpclient.netty.channel.DefaultChannelPool - Entry count for : http://localhost:58563 : 1
10:51:03.830 [AsyncHttpClient-1-6] DEBUG org.asynchttpclient.netty.handler.HttpHandler - 

Request DefaultHttpRequest(decodeResult: success, version: HTTP/1.1)
POST /session/9fbb6ee98356802f6881f78f8e080ce7/url HTTP/1.1
User-Agent: selenium/4.8.1 (java windows)
Content-Length: 77
Content-Type: application/json; charset=utf-8
host: localhost:16540
accept: */*

Response DefaultHttpResponse(decodeResult: success, version: HTTP/1.1)
HTTP/1.1 200 OK
Content-Length: 14
Content-Type: application/json; charset=utf-8
cache-control: no-cache

10:51:03.830 [AsyncHttpClient-1-6] DEBUG org.asynchttpclient.netty.channel.ChannelManager - Adding key: http://localhost:16540 for channel [id: 0xac1abbb1, L:/127.0.0.1:58561 - R:localhost/127.0.0.1:16540]
10:51:03.831 [Forwarding setTimeout on session 9fbb6ee98356802f6881f78f8e080ce7 to remote] DEBUG org.asynchttpclient.netty.request.NettyRequestSender - Using pooled Channel '[id: 0xac1abbb1, L:/127.0.0.1:58561 - R:localhost/127.0.0.1:16540]' for 'POST' to 'http://localhost:16540/session/9fbb6ee98356802f6881f78f8e080ce7/timeouts'
10:51:03.831 [Forwarding setTimeout on session 9fbb6ee98356802f6881f78f8e080ce7 to remote] DEBUG org.asynchttpclient.netty.request.NettyRequestSender - Using open Channel [id: 0xac1abbb1, L:/127.0.0.1:58561 - R:localhost/127.0.0.1:16540] for POST '/session/9fbb6ee98356802f6881f78f8e080ce7/timeouts'
10:51:03.833 [AsyncHttpClient-1-6] DEBUG org.asynchttpclient.netty.handler.HttpHandler - 

Request DefaultHttpRequest(decodeResult: success, version: HTTP/1.1)
POST /session/9fbb6ee98356802f6881f78f8e080ce7/timeouts HTTP/1.1
User-Agent: selenium/4.8.1 (java windows)
Content-Length: 22
Content-Type: application/json; charset=utf-8
host: localhost:16540
accept: */*

Response DefaultHttpResponse(decodeResult: success, version: HTTP/1.1)
HTTP/1.1 200 OK
Content-Length: 14
Content-Type: application/json; charset=utf-8
cache-control: no-cache

10:51:03.833 [AsyncHttpClient-1-6] DEBUG org.asynchttpclient.netty.channel.ChannelManager - Adding key: http://localhost:16540 for channel [id: 0xac1abbb1, L:/127.0.0.1:58561 - R:localhost/127.0.0.1:16540]
10:51:03.844 [Forwarding getAlertText on session 9fbb6ee98356802f6881f78f8e080ce7 to remote] DEBUG org.asynchttpclient.netty.request.NettyRequestSender - Using pooled Channel '[id: 0xac1abbb1, L:/127.0.0.1:58561 - R:localhost/127.0.0.1:16540]' for 'GET' to 'http://localhost:16540/session/9fbb6ee98356802f6881f78f8e080ce7/alert/text'
10:51:03.844 [Forwarding getAlertText on session 9fbb6ee98356802f6881f78f8e080ce7 to remote] DEBUG org.asynchttpclient.netty.request.NettyRequestSender - Using open Channel [id: 0xac1abbb1, L:/127.0.0.1:58561 - R:localhost/127.0.0.1:16540] for GET '/session/9fbb6ee98356802f6881f78f8e080ce7/alert/text'
10:51:03.845 [AsyncHttpClient-1-6] DEBUG org.asynchttpclient.netty.handler.HttpHandler - 

Request DefaultFullHttpRequest(decodeResult: success, version: HTTP/1.1, content: EmptyByteBufBE)
GET /session/9fbb6ee98356802f6881f78f8e080ce7/alert/text HTTP/1.1
User-Agent: selenium/4.8.1 (java windows)
Cache-Control: no-cache
Content-Type: application/json; charset=utf-8
host: localhost:16540
accept: */*

Response DefaultHttpResponse(decodeResult: success, version: HTTP/1.1)
HTTP/1.1 404 Not Found
Content-Length: 848
Content-Type: application/json; charset=utf-8
cache-control: no-cache

10:51:03.846 [AsyncHttpClient-1-6] DEBUG org.asynchttpclient.netty.channel.ChannelManager - Adding key: http://localhost:16540 for channel [id: 0xac1abbb1, L:/127.0.0.1:58561 - R:localhost/127.0.0.1:16540]
10:51:03.847 [Forwarding getCurrentUrl on session 9fbb6ee98356802f6881f78f8e080ce7 to remote] DEBUG org.asynchttpclient.netty.request.NettyRequestSender - Using pooled Channel '[id: 0xac1abbb1, L:/127.0.0.1:58561 - R:localhost/127.0.0.1:16540]' for 'GET' to 'http://localhost:16540/session/9fbb6ee98356802f6881f78f8e080ce7/url'
10:51:03.847 [Forwarding getCurrentUrl on session 9fbb6ee98356802f6881f78f8e080ce7 to remote] DEBUG org.asynchttpclient.netty.request.NettyRequestSender - Using open Channel [id: 0xac1abbb1, L:/127.0.0.1:58561 - R:localhost/127.0.0.1:16540] for GET '/session/9fbb6ee98356802f6881f78f8e080ce7/url'
10:51:03.853 [AsyncHttpClient-1-6] DEBUG org.asynchttpclient.netty.handler.HttpHandler - 

Request DefaultFullHttpRequest(decodeResult: success, version: HTTP/1.1, content: EmptyByteBufBE)
GET /session/9fbb6ee98356802f6881f78f8e080ce7/url HTTP/1.1
User-Agent: selenium/4.8.1 (java windows)
Cache-Control: no-cache
Content-Type: application/json; charset=utf-8
host: localhost:16540
accept: */*

Response DefaultHttpResponse(decodeResult: success, version: HTTP/1.1)
HTTP/1.1 200 OK
Content-Length: 54
Content-Type: application/json; charset=utf-8
cache-control: no-cache

10:51:03.853 [AsyncHttpClient-1-6] DEBUG org.asynchttpclient.netty.channel.ChannelManager - Adding key: http://localhost:16540 for channel [id: 0xac1abbb1, L:/127.0.0.1:58561 - R:localhost/127.0.0.1:16540]
10:51:03.854 [Forwarding screenshot on session 9fbb6ee98356802f6881f78f8e080ce7 to remote] DEBUG org.asynchttpclient.netty.request.NettyRequestSender - Using pooled Channel '[id: 0xac1abbb1, L:/127.0.0.1:58561 - R:localhost/127.0.0.1:16540]' for 'GET' to 'http://localhost:16540/session/9fbb6ee98356802f6881f78f8e080ce7/screenshot'
10:51:03.854 [Forwarding screenshot on session 9fbb6ee98356802f6881f78f8e080ce7 to remote] DEBUG org.asynchttpclient.netty.request.NettyRequestSender - Using open Channel [id: 0xac1abbb1, L:/127.0.0.1:58561 - R:localhost/127.0.0.1:16540] for GET '/session/9fbb6ee98356802f6881f78f8e080ce7/screenshot'
10:51:04.353 [AsyncHttpClient-1-6] DEBUG org.asynchttpclient.netty.handler.HttpHandler - 

Request DefaultFullHttpRequest(decodeResult: success, version: HTTP/1.1, content: EmptyByteBufBE)
GET /session/9fbb6ee98356802f6881f78f8e080ce7/screenshot HTTP/1.1
User-Agent: selenium/4.8.1 (java windows)
Cache-Control: no-cache
Content-Type: application/json; charset=utf-8
host: localhost:16540
accept: */*

Response DefaultHttpResponse(decodeResult: success, version: HTTP/1.1)
HTTP/1.1 200 OK
Content-Length: 29668
Content-Type: application/json; charset=utf-8
cache-control: no-cache

10:51:04.353 [AsyncHttpClient-1-6] DEBUG org.asynchttpclient.netty.channel.ChannelManager - Adding key: http://localhost:16540 for channel [id: 0xac1abbb1, L:/127.0.0.1:58561 - R:localhost/127.0.0.1:16540]
10:51:04.354 [main] DEBUG net.serenitybdd.core.photography.Darkroom - Send negative for processing for target\site\serenity\0ba6e8bb0dbd98adfe749502cc48ff0da377cd7b0172f40fe1ccbac8137b3703.png
10:51:04.356 [Forwarding getPageSource on session 9fbb6ee98356802f6881f78f8e080ce7 to remote] DEBUG org.asynchttpclient.netty.request.NettyRequestSender - Using pooled Channel '[id: 0xac1abbb1, L:/127.0.0.1:58561 - R:localhost/127.0.0.1:16540]' for 'POST' to 'http://localhost:16540/session/9fbb6ee98356802f6881f78f8e080ce7/execute/sync'
10:51:04.356 [Forwarding getPageSource on session 9fbb6ee98356802f6881f78f8e080ce7 to remote] DEBUG org.asynchttpclient.netty.request.NettyRequestSender - Using open Channel [id: 0xac1abbb1, L:/127.0.0.1:58561 - R:localhost/127.0.0.1:16540] for POST '/session/9fbb6ee98356802f6881f78f8e080ce7/execute/sync'
10:51:04.365 [AsyncHttpClient-1-6] DEBUG org.asynchttpclient.netty.handler.HttpHandler - 

Request DefaultHttpRequest(decodeResult: success, version: HTTP/1.1)
POST /session/9fbb6ee98356802f6881f78f8e080ce7/execute/sync HTTP/1.1
User-Agent: selenium/4.8.1 (java windows)
Content-Length: 176
Content-Type: application/json; charset=utf-8
host: localhost:16540
accept: */*

Response DefaultHttpResponse(decodeResult: success, version: HTTP/1.1)
HTTP/1.1 200 OK
Content-Length: 22234
Content-Type: application/json; charset=utf-8
cache-control: no-cache

10:51:04.365 [AsyncHttpClient-1-6] DEBUG org.asynchttpclient.netty.channel.ChannelManager - Adding key: http://localhost:16540 for channel [id: 0xac1abbb1, L:/127.0.0.1:58561 - R:localhost/127.0.0.1:16540]
10:51:04.367 [Forwarding getCurrentUrl on session 9fbb6ee98356802f6881f78f8e080ce7 to remote] DEBUG org.asynchttpclient.netty.request.NettyRequestSender - Using pooled Channel '[id: 0xac1abbb1, L:/127.0.0.1:58561 - R:localhost/127.0.0.1:16540]' for 'GET' to 'http://localhost:16540/session/9fbb6ee98356802f6881f78f8e080ce7/url'
10:51:04.367 [Forwarding getCurrentUrl on session 9fbb6ee98356802f6881f78f8e080ce7 to remote] DEBUG org.asynchttpclient.netty.request.NettyRequestSender - Using open Channel [id: 0xac1abbb1, L:/127.0.0.1:58561 - R:localhost/127.0.0.1:16540] for GET '/session/9fbb6ee98356802f6881f78f8e080ce7/url'
10:51:04.371 [AsyncHttpClient-1-6] DEBUG org.asynchttpclient.netty.handler.HttpHandler - 

Request DefaultFullHttpRequest(decodeResult: success, version: HTTP/1.1, content: EmptyByteBufBE)
GET /session/9fbb6ee98356802f6881f78f8e080ce7/url HTTP/1.1
User-Agent: selenium/4.8.1 (java windows)
Cache-Control: no-cache
Content-Type: application/json; charset=utf-8
host: localhost:16540
accept: */*

Response DefaultHttpResponse(decodeResult: success, version: HTTP/1.1)
HTTP/1.1 200 OK
Content-Length: 54
Content-Type: application/json; charset=utf-8
cache-control: no-cache

10:51:04.372 [AsyncHttpClient-1-6] DEBUG org.asynchttpclient.netty.channel.ChannelManager - Adding key: http://localhost:16540 for channel [id: 0xac1abbb1, L:/127.0.0.1:58561 - R:localhost/127.0.0.1:16540]
10:51:04.374 [main] DEBUG net.thucydides.core.steps.StepInterceptor - STARTING STEP: IntegrationSteps.registers - validateOnRegisterPage
10:51:04.375 [Forwarding setTimeout on session 9fbb6ee98356802f6881f78f8e080ce7 to remote] DEBUG org.asynchttpclient.netty.request.NettyRequestSender - Using pooled Channel '[id: 0xac1abbb1, L:/127.0.0.1:58561 - R:localhost/127.0.0.1:16540]' for 'POST' to 'http://localhost:16540/session/9fbb6ee98356802f6881f78f8e080ce7/timeouts'
10:51:04.375 [Forwarding setTimeout on session 9fbb6ee98356802f6881f78f8e080ce7 to remote] DEBUG org.asynchttpclient.netty.request.NettyRequestSender - Using open Channel [id: 0xac1abbb1, L:/127.0.0.1:58561 - R:localhost/127.0.0.1:16540] for POST '/session/9fbb6ee98356802f6881f78f8e080ce7/timeouts'
10:51:04.376 [AsyncHttpClient-1-6] DEBUG org.asynchttpclient.netty.handler.HttpHandler - 

Request DefaultHttpRequest(decodeResult: success, version: HTTP/1.1)
POST /session/9fbb6ee98356802f6881f78f8e080ce7/timeouts HTTP/1.1
User-Agent: selenium/4.8.1 (java windows)
Content-Length: 19
Content-Type: application/json; charset=utf-8
host: localhost:16540
accept: */*

Response DefaultHttpResponse(decodeResult: success, version: HTTP/1.1)
HTTP/1.1 200 OK
Content-Length: 14
Content-Type: application/json; charset=utf-8
cache-control: no-cache

10:51:04.376 [AsyncHttpClient-1-6] DEBUG org.asynchttpclient.netty.channel.ChannelManager - Adding key: http://localhost:16540 for channel [id: 0xac1abbb1, L:/127.0.0.1:58561 - R:localhost/127.0.0.1:16540]
10:51:04.378 [Forwarding findElements on session 9fbb6ee98356802f6881f78f8e080ce7 to remote] DEBUG org.asynchttpclient.netty.request.NettyRequestSender - Using pooled Channel '[id: 0xac1abbb1, L:/127.0.0.1:58561 - R:localhost/127.0.0.1:16540]' for 'POST' to 'http://localhost:16540/session/9fbb6ee98356802f6881f78f8e080ce7/elements'
10:51:04.378 [Forwarding findElements on session 9fbb6ee98356802f6881f78f8e080ce7 to remote] DEBUG org.asynchttpclient.netty.request.NettyRequestSender - Using open Channel [id: 0xac1abbb1, L:/127.0.0.1:58561 - R:localhost/127.0.0.1:16540] for POST '/session/9fbb6ee98356802f6881f78f8e080ce7/elements'
10:51:04.392 [AsyncHttpClient-1-6] DEBUG org.asynchttpclient.netty.handler.HttpHandler - 

Request DefaultHttpRequest(decodeResult: success, version: HTTP/1.1)
POST /session/9fbb6ee98356802f6881f78f8e080ce7/elements HTTP/1.1
User-Agent: selenium/4.8.1 (java windows)
Content-Length: 225
Content-Type: application/json; charset=utf-8
host: localhost:16540
accept: */*

Response DefaultHttpResponse(decodeResult: success, version: HTTP/1.1)
HTTP/1.1 200 OK
Content-Length: 90
Content-Type: application/json; charset=utf-8
cache-control: no-cache

10:51:04.392 [AsyncHttpClient-1-6] DEBUG org.asynchttpclient.netty.channel.ChannelManager - Adding key: http://localhost:16540 for channel [id: 0xac1abbb1, L:/127.0.0.1:58561 - R:localhost/127.0.0.1:16540]
10:51:04.394 [Forwarding isElementDisplayed on session 9fbb6ee98356802f6881f78f8e080ce7 to remote] DEBUG org.asynchttpclient.netty.request.NettyRequestSender - Using pooled Channel '[id: 0xac1abbb1, L:/127.0.0.1:58561 - R:localhost/127.0.0.1:16540]' for 'POST' to 'http://localhost:16540/session/9fbb6ee98356802f6881f78f8e080ce7/execute/sync'
10:51:04.394 [Forwarding isElementDisplayed on session 9fbb6ee98356802f6881f78f8e080ce7 to remote] DEBUG org.asynchttpclient.netty.request.NettyRequestSender - Using open Channel [id: 0xac1abbb1, L:/127.0.0.1:58561 - R:localhost/127.0.0.1:16540] for POST '/session/9fbb6ee98356802f6881f78f8e080ce7/execute/sync'
10:51:04.411 [AsyncHttpClient-1-6] DEBUG org.asynchttpclient.netty.handler.HttpHandler - 

Request DefaultHttpRequest(decodeResult: success, version: HTTP/1.1)
POST /session/9fbb6ee98356802f6881f78f8e080ce7/execute/sync HTTP/1.1
User-Agent: selenium/4.8.1 (java windows)
Content-Length: 48807
Content-Type: application/json; charset=utf-8
host: localhost:16540
accept: */*

Response DefaultHttpResponse(decodeResult: success, version: HTTP/1.1)
HTTP/1.1 200 OK
Content-Length: 14
Content-Type: application/json; charset=utf-8
cache-control: no-cache

10:51:04.411 [AsyncHttpClient-1-6] DEBUG org.asynchttpclient.netty.channel.ChannelManager - Adding key: http://localhost:16540 for channel [id: 0xac1abbb1, L:/127.0.0.1:58561 - R:localhost/127.0.0.1:16540]
10:51:04.413 [Forwarding findElements on session 9fbb6ee98356802f6881f78f8e080ce7 to remote] DEBUG org.asynchttpclient.netty.request.NettyRequestSender - Using pooled Channel '[id: 0xac1abbb1, L:/127.0.0.1:58561 - R:localhost/127.0.0.1:16540]' for 'POST' to 'http://localhost:16540/session/9fbb6ee98356802f6881f78f8e080ce7/elements'
10:51:04.413 [Forwarding findElements on session 9fbb6ee98356802f6881f78f8e080ce7 to remote] DEBUG org.asynchttpclient.netty.request.NettyRequestSender - Using open Channel [id: 0xac1abbb1, L:/127.0.0.1:58561 - R:localhost/127.0.0.1:16540] for POST '/session/9fbb6ee98356802f6881f78f8e080ce7/elements'
10:51:04.421 [AsyncHttpClient-1-6] DEBUG org.asynchttpclient.netty.handler.HttpHandler - 

Request DefaultHttpRequest(decodeResult: success, version: HTTP/1.1)
POST /session/9fbb6ee98356802f6881f78f8e080ce7/elements HTTP/1.1
User-Agent: selenium/4.8.1 (java windows)
Content-Length: 225
Content-Type: application/json; charset=utf-8
host: localhost:16540
accept: */*

Response DefaultHttpResponse(decodeResult: success, version: HTTP/1.1)
HTTP/1.1 200 OK
Content-Length: 90
Content-Type: application/json; charset=utf-8
cache-control: no-cache

10:51:04.421 [AsyncHttpClient-1-6] DEBUG org.asynchttpclient.netty.channel.ChannelManager - Adding key: http://localhost:16540 for channel [id: 0xac1abbb1, L:/127.0.0.1:58561 - R:localhost/127.0.0.1:16540]
10:51:04.423 [Forwarding setTimeout on session 9fbb6ee98356802f6881f78f8e080ce7 to remote] DEBUG org.asynchttpclient.netty.request.NettyRequestSender - Using pooled Channel '[id: 0xac1abbb1, L:/127.0.0.1:58561 - R:localhost/127.0.0.1:16540]' for 'POST' to 'http://localhost:16540/session/9fbb6ee98356802f6881f78f8e080ce7/timeouts'
10:51:04.423 [Forwarding setTimeout on session 9fbb6ee98356802f6881f78f8e080ce7 to remote] DEBUG org.asynchttpclient.netty.request.NettyRequestSender - Using open Channel [id: 0xac1abbb1, L:/127.0.0.1:58561 - R:localhost/127.0.0.1:16540] for POST '/session/9fbb6ee98356802f6881f78f8e080ce7/timeouts'
10:51:04.424 [AsyncHttpClient-1-6] DEBUG org.asynchttpclient.netty.handler.HttpHandler - 

Request DefaultHttpRequest(decodeResult: success, version: HTTP/1.1)
POST /session/9fbb6ee98356802f6881f78f8e080ce7/timeouts HTTP/1.1
User-Agent: selenium/4.8.1 (java windows)
Content-Length: 22
Content-Type: application/json; charset=utf-8
host: localhost:16540
accept: */*

Response DefaultHttpResponse(decodeResult: success, version: HTTP/1.1)
HTTP/1.1 200 OK
Content-Length: 14
Content-Type: application/json; charset=utf-8
cache-control: no-cache

10:51:04.424 [AsyncHttpClient-1-6] DEBUG org.asynchttpclient.netty.channel.ChannelManager - Adding key: http://localhost:16540 for channel [id: 0xac1abbb1, L:/127.0.0.1:58561 - R:localhost/127.0.0.1:16540]
10:51:04.426 [Forwarding isElementDisplayed on session 9fbb6ee98356802f6881f78f8e080ce7 to remote] DEBUG org.asynchttpclient.netty.request.NettyRequestSender - Using pooled Channel '[id: 0xac1abbb1, L:/127.0.0.1:58561 - R:localhost/127.0.0.1:16540]' for 'POST' to 'http://localhost:16540/session/9fbb6ee98356802f6881f78f8e080ce7/execute/sync'
10:51:04.426 [Forwarding isElementDisplayed on session 9fbb6ee98356802f6881f78f8e080ce7 to remote] DEBUG org.asynchttpclient.netty.request.NettyRequestSender - Using open Channel [id: 0xac1abbb1, L:/127.0.0.1:58561 - R:localhost/127.0.0.1:16540] for POST '/session/9fbb6ee98356802f6881f78f8e080ce7/execute/sync'
10:51:04.439 [AsyncHttpClient-1-6] DEBUG org.asynchttpclient.netty.handler.HttpHandler - 

Request DefaultHttpRequest(decodeResult: success, version: HTTP/1.1)
POST /session/9fbb6ee98356802f6881f78f8e080ce7/execute/sync HTTP/1.1
User-Agent: selenium/4.8.1 (java windows)
Content-Length: 48807
Content-Type: application/json; charset=utf-8
host: localhost:16540
accept: */*

Response DefaultHttpResponse(decodeResult: success, version: HTTP/1.1)
HTTP/1.1 200 OK
Content-Length: 14
Content-Type: application/json; charset=utf-8
cache-control: no-cache

10:51:04.439 [AsyncHttpClient-1-6] DEBUG org.asynchttpclient.netty.channel.ChannelManager - Adding key: http://localhost:16540 for channel [id: 0xac1abbb1, L:/127.0.0.1:58561 - R:localhost/127.0.0.1:16540]
10:51:04.444 [Forwarding getAlertText on session 9fbb6ee98356802f6881f78f8e080ce7 to remote] DEBUG org.asynchttpclient.netty.request.NettyRequestSender - Using pooled Channel '[id: 0xac1abbb1, L:/127.0.0.1:58561 - R:localhost/127.0.0.1:16540]' for 'GET' to 'http://localhost:16540/session/9fbb6ee98356802f6881f78f8e080ce7/alert/text'
10:51:04.444 [Forwarding getAlertText on session 9fbb6ee98356802f6881f78f8e080ce7 to remote] DEBUG org.asynchttpclient.netty.request.NettyRequestSender - Using open Channel [id: 0xac1abbb1, L:/127.0.0.1:58561 - R:localhost/127.0.0.1:16540] for GET '/session/9fbb6ee98356802f6881f78f8e080ce7/alert/text'
10:51:04.446 [AsyncHttpClient-1-6] DEBUG org.asynchttpclient.netty.handler.HttpHandler - 

Request DefaultFullHttpRequest(decodeResult: success, version: HTTP/1.1, content: EmptyByteBufBE)
GET /session/9fbb6ee98356802f6881f78f8e080ce7/alert/text HTTP/1.1
User-Agent: selenium/4.8.1 (java windows)
Cache-Control: no-cache
Content-Type: application/json; charset=utf-8
host: localhost:16540
accept: */*

Response DefaultHttpResponse(decodeResult: success, version: HTTP/1.1)
HTTP/1.1 404 Not Found
Content-Length: 848
Content-Type: application/json; charset=utf-8
cache-control: no-cache

10:51:04.446 [AsyncHttpClient-1-6] DEBUG org.asynchttpclient.netty.channel.ChannelManager - Adding key: http://localhost:16540 for channel [id: 0xac1abbb1, L:/127.0.0.1:58561 - R:localhost/127.0.0.1:16540]
10:51:04.446 [Forwarding getCurrentUrl on session 9fbb6ee98356802f6881f78f8e080ce7 to remote] DEBUG org.asynchttpclient.netty.request.NettyRequestSender - Using pooled Channel '[id: 0xac1abbb1, L:/127.0.0.1:58561 - R:localhost/127.0.0.1:16540]' for 'GET' to 'http://localhost:16540/session/9fbb6ee98356802f6881f78f8e080ce7/url'
10:51:04.447 [Forwarding getCurrentUrl on session 9fbb6ee98356802f6881f78f8e080ce7 to remote] DEBUG org.asynchttpclient.netty.request.NettyRequestSender - Using open Channel [id: 0xac1abbb1, L:/127.0.0.1:58561 - R:localhost/127.0.0.1:16540] for GET '/session/9fbb6ee98356802f6881f78f8e080ce7/url'
10:51:04.450 [AsyncHttpClient-1-6] DEBUG org.asynchttpclient.netty.handler.HttpHandler - 

Request DefaultFullHttpRequest(decodeResult: success, version: HTTP/1.1, content: EmptyByteBufBE)
GET /session/9fbb6ee98356802f6881f78f8e080ce7/url HTTP/1.1
User-Agent: selenium/4.8.1 (java windows)
Cache-Control: no-cache
Content-Type: application/json; charset=utf-8
host: localhost:16540
accept: */*

Response DefaultHttpResponse(decodeResult: success, version: HTTP/1.1)
HTTP/1.1 200 OK
Content-Length: 54
Content-Type: application/json; charset=utf-8
cache-control: no-cache

10:51:04.450 [AsyncHttpClient-1-6] DEBUG org.asynchttpclient.netty.channel.ChannelManager - Adding key: http://localhost:16540 for channel [id: 0xac1abbb1, L:/127.0.0.1:58561 - R:localhost/127.0.0.1:16540]
10:51:04.451 [Forwarding screenshot on session 9fbb6ee98356802f6881f78f8e080ce7 to remote] DEBUG org.asynchttpclient.netty.request.NettyRequestSender - Using pooled Channel '[id: 0xac1abbb1, L:/127.0.0.1:58561 - R:localhost/127.0.0.1:16540]' for 'GET' to 'http://localhost:16540/session/9fbb6ee98356802f6881f78f8e080ce7/screenshot'
10:51:04.451 [Forwarding screenshot on session 9fbb6ee98356802f6881f78f8e080ce7 to remote] DEBUG org.asynchttpclient.netty.request.NettyRequestSender - Using open Channel [id: 0xac1abbb1, L:/127.0.0.1:58561 - R:localhost/127.0.0.1:16540] for GET '/session/9fbb6ee98356802f6881f78f8e080ce7/screenshot'
10:51:04.545 [AsyncHttpClient-1-1] DEBUG org.asynchttpclient.netty.channel.DefaultChannelPool - Entry count for : http://localhost:58563 : 1
10:51:04.548 [AsyncHttpClient-1-6] DEBUG org.asynchttpclient.netty.handler.HttpHandler - 

Request DefaultFullHttpRequest(decodeResult: success, version: HTTP/1.1, content: EmptyByteBufBE)
GET /session/9fbb6ee98356802f6881f78f8e080ce7/screenshot HTTP/1.1
User-Agent: selenium/4.8.1 (java windows)
Cache-Control: no-cache
Content-Type: application/json; charset=utf-8
host: localhost:16540
accept: */*

Response DefaultHttpResponse(decodeResult: success, version: HTTP/1.1)
HTTP/1.1 200 OK
Content-Length: 29668
Content-Type: application/json; charset=utf-8
cache-control: no-cache

10:51:04.548 [AsyncHttpClient-1-6] DEBUG org.asynchttpclient.netty.channel.ChannelManager - Adding key: http://localhost:16540 for channel [id: 0xac1abbb1, L:/127.0.0.1:58561 - R:localhost/127.0.0.1:16540]
10:51:04.550 [main] DEBUG net.serenitybdd.core.photography.Darkroom - Send negative for processing for target\site\serenity\0ba6e8bb0dbd98adfe749502cc48ff0da377cd7b0172f40fe1ccbac8137b3703.png
10:51:04.550 [main] DEBUG net.thucydides.core.steps.StepInterceptor - STEP DONE: validateOnRegisterPage
10:51:04.556 [Forwarding getPageSource on session 9fbb6ee98356802f6881f78f8e080ce7 to remote] DEBUG org.asynchttpclient.netty.request.NettyRequestSender - Using pooled Channel '[id: 0xac1abbb1, L:/127.0.0.1:58561 - R:localhost/127.0.0.1:16540]' for 'POST' to 'http://localhost:16540/session/9fbb6ee98356802f6881f78f8e080ce7/execute/sync'
10:51:04.556 [Forwarding getPageSource on session 9fbb6ee98356802f6881f78f8e080ce7 to remote] DEBUG org.asynchttpclient.netty.request.NettyRequestSender - Using open Channel [id: 0xac1abbb1, L:/127.0.0.1:58561 - R:localhost/127.0.0.1:16540] for POST '/session/9fbb6ee98356802f6881f78f8e080ce7/execute/sync'
10:51:04.571 [AsyncHttpClient-1-6] DEBUG org.asynchttpclient.netty.handler.HttpHandler - 

Request DefaultHttpRequest(decodeResult: success, version: HTTP/1.1)
POST /session/9fbb6ee98356802f6881f78f8e080ce7/execute/sync HTTP/1.1
User-Agent: selenium/4.8.1 (java windows)
Content-Length: 176
Content-Type: application/json; charset=utf-8
host: localhost:16540
accept: */*

Response DefaultHttpResponse(decodeResult: success, version: HTTP/1.1)
HTTP/1.1 200 OK
Content-Length: 22234
Content-Type: application/json; charset=utf-8
cache-control: no-cache

10:51:04.571 [AsyncHttpClient-1-6] DEBUG org.asynchttpclient.netty.channel.ChannelManager - Adding key: http://localhost:16540 for channel [id: 0xac1abbb1, L:/127.0.0.1:58561 - R:localhost/127.0.0.1:16540]
10:51:04.575 [Forwarding getCurrentUrl on session 9fbb6ee98356802f6881f78f8e080ce7 to remote] DEBUG org.asynchttpclient.netty.request.NettyRequestSender - Using pooled Channel '[id: 0xac1abbb1, L:/127.0.0.1:58561 - R:localhost/127.0.0.1:16540]' for 'GET' to 'http://localhost:16540/session/9fbb6ee98356802f6881f78f8e080ce7/url'
10:51:04.575 [Forwarding getCurrentUrl on session 9fbb6ee98356802f6881f78f8e080ce7 to remote] DEBUG org.asynchttpclient.netty.request.NettyRequestSender - Using open Channel [id: 0xac1abbb1, L:/127.0.0.1:58561 - R:localhost/127.0.0.1:16540] for GET '/session/9fbb6ee98356802f6881f78f8e080ce7/url'
10:51:04.586 [AsyncHttpClient-1-6] DEBUG org.asynchttpclient.netty.handler.HttpHandler - 

Request DefaultFullHttpRequest(decodeResult: success, version: HTTP/1.1, content: EmptyByteBufBE)
GET /session/9fbb6ee98356802f6881f78f8e080ce7/url HTTP/1.1
User-Agent: selenium/4.8.1 (java windows)
Cache-Control: no-cache
Content-Type: application/json; charset=utf-8
host: localhost:16540
accept: */*

Response DefaultHttpResponse(decodeResult: success, version: HTTP/1.1)
HTTP/1.1 200 OK
Content-Length: 54
Content-Type: application/json; charset=utf-8
cache-control: no-cache

10:51:04.587 [AsyncHttpClient-1-6] DEBUG org.asynchttpclient.netty.channel.ChannelManager - Adding key: http://localhost:16540 for channel [id: 0xac1abbb1, L:/127.0.0.1:58561 - R:localhost/127.0.0.1:16540]
10:51:04.589 [main] DEBUG net.thucydides.core.steps.StepInterceptor - STARTING STEP: IntegrationSteps.registers - inputFullName
10:51:04.593 [Forwarding findElement on session 9fbb6ee98356802f6881f78f8e080ce7 to remote] DEBUG org.asynchttpclient.netty.request.NettyRequestSender - Using pooled Channel '[id: 0xac1abbb1, L:/127.0.0.1:58561 - R:localhost/127.0.0.1:16540]' for 'POST' to 'http://localhost:16540/session/9fbb6ee98356802f6881f78f8e080ce7/element'
10:51:04.593 [Forwarding findElement on session 9fbb6ee98356802f6881f78f8e080ce7 to remote] DEBUG org.asynchttpclient.netty.request.NettyRequestSender - Using open Channel [id: 0xac1abbb1, L:/127.0.0.1:58561 - R:localhost/127.0.0.1:16540] for POST '/session/9fbb6ee98356802f6881f78f8e080ce7/element'
10:51:04.612 [AsyncHttpClient-1-6] DEBUG org.asynchttpclient.netty.handler.HttpHandler - 

Request DefaultHttpRequest(decodeResult: success, version: HTTP/1.1)
POST /session/9fbb6ee98356802f6881f78f8e080ce7/element HTTP/1.1
User-Agent: selenium/4.8.1 (java windows)
Content-Length: 55
Content-Type: application/json; charset=utf-8
host: localhost:16540
accept: */*

Response DefaultHttpResponse(decodeResult: success, version: HTTP/1.1)
HTTP/1.1 200 OK
Content-Length: 88
Content-Type: application/json; charset=utf-8
cache-control: no-cache

10:51:04.613 [AsyncHttpClient-1-6] DEBUG org.asynchttpclient.netty.channel.ChannelManager - Adding key: http://localhost:16540 for channel [id: 0xac1abbb1, L:/127.0.0.1:58561 - R:localhost/127.0.0.1:16540]
10:51:04.614 [Forwarding clearElement on session 9fbb6ee98356802f6881f78f8e080ce7 to remote] DEBUG org.asynchttpclient.netty.request.NettyRequestSender - Using pooled Channel '[id: 0xac1abbb1, L:/127.0.0.1:58561 - R:localhost/127.0.0.1:16540]' for 'POST' to 'http://localhost:16540/session/9fbb6ee98356802f6881f78f8e080ce7/element/bd22cb55-5188-401a-a1a4-4bbd35d99a21/clear'
10:51:04.614 [Forwarding clearElement on session 9fbb6ee98356802f6881f78f8e080ce7 to remote] DEBUG org.asynchttpclient.netty.request.NettyRequestSender - Using open Channel [id: 0xac1abbb1, L:/127.0.0.1:58561 - R:localhost/127.0.0.1:16540] for POST '/session/9fbb6ee98356802f6881f78f8e080ce7/element/bd22cb55-5188-401a-a1a4-4bbd35d99a21/clear'
10:51:04.663 [AsyncHttpClient-1-6] DEBUG org.asynchttpclient.netty.handler.HttpHandler - 

Request DefaultHttpRequest(decodeResult: success, version: HTTP/1.1)
POST /session/9fbb6ee98356802f6881f78f8e080ce7/element/bd22cb55-5188-401a-a1a4-4bbd35d99a21/clear HTTP/1.1
User-Agent: selenium/4.8.1 (java windows)
Content-Length: 50
Content-Type: application/json; charset=utf-8
host: localhost:16540
accept: */*

Response DefaultHttpResponse(decodeResult: success, version: HTTP/1.1)
HTTP/1.1 200 OK
Content-Length: 14
Content-Type: application/json; charset=utf-8
cache-control: no-cache

10:51:04.663 [AsyncHttpClient-1-6] DEBUG org.asynchttpclient.netty.channel.ChannelManager - Adding key: http://localhost:16540 for channel [id: 0xac1abbb1, L:/127.0.0.1:58561 - R:localhost/127.0.0.1:16540]
10:51:04.665 [Forwarding sendKeysToElement on session 9fbb6ee98356802f6881f78f8e080ce7 to remote] DEBUG org.asynchttpclient.netty.request.NettyRequestSender - Using pooled Channel '[id: 0xac1abbb1, L:/127.0.0.1:58561 - R:localhost/127.0.0.1:16540]' for 'POST' to 'http://localhost:16540/session/9fbb6ee98356802f6881f78f8e080ce7/element/bd22cb55-5188-401a-a1a4-4bbd35d99a21/value'
10:51:04.665 [Forwarding sendKeysToElement on session 9fbb6ee98356802f6881f78f8e080ce7 to remote] DEBUG org.asynchttpclient.netty.request.NettyRequestSender - Using open Channel [id: 0xac1abbb1, L:/127.0.0.1:58561 - R:localhost/127.0.0.1:16540] for POST '/session/9fbb6ee98356802f6881f78f8e080ce7/element/bd22cb55-5188-401a-a1a4-4bbd35d99a21/value'
10:51:04.808 [AsyncHttpClient-1-6] DEBUG org.asynchttpclient.netty.handler.HttpHandler - 

Request DefaultHttpRequest(decodeResult: success, version: HTTP/1.1)
POST /session/9fbb6ee98356802f6881f78f8e080ce7/element/bd22cb55-5188-401a-a1a4-4bbd35d99a21/value HTTP/1.1
User-Agent: selenium/4.8.1 (java windows)
Content-Length: 221
Content-Type: application/json; charset=utf-8
host: localhost:16540
accept: */*

Response DefaultHttpResponse(decodeResult: success, version: HTTP/1.1)
HTTP/1.1 200 OK
Content-Length: 14
Content-Type: application/json; charset=utf-8
cache-control: no-cache

10:51:04.808 [AsyncHttpClient-1-6] DEBUG org.asynchttpclient.netty.channel.ChannelManager - Adding key: http://localhost:16540 for channel [id: 0xac1abbb1, L:/127.0.0.1:58561 - R:localhost/127.0.0.1:16540]
10:51:04.815 [Forwarding getAlertText on session 9fbb6ee98356802f6881f78f8e080ce7 to remote] DEBUG org.asynchttpclient.netty.request.NettyRequestSender - Using pooled Channel '[id: 0xac1abbb1, L:/127.0.0.1:58561 - R:localhost/127.0.0.1:16540]' for 'GET' to 'http://localhost:16540/session/9fbb6ee98356802f6881f78f8e080ce7/alert/text'
10:51:04.815 [Forwarding getAlertText on session 9fbb6ee98356802f6881f78f8e080ce7 to remote] DEBUG org.asynchttpclient.netty.request.NettyRequestSender - Using open Channel [id: 0xac1abbb1, L:/127.0.0.1:58561 - R:localhost/127.0.0.1:16540] for GET '/session/9fbb6ee98356802f6881f78f8e080ce7/alert/text'
10:51:04.818 [AsyncHttpClient-1-6] DEBUG org.asynchttpclient.netty.handler.HttpHandler - 

Request DefaultFullHttpRequest(decodeResult: success, version: HTTP/1.1, content: EmptyByteBufBE)
GET /session/9fbb6ee98356802f6881f78f8e080ce7/alert/text HTTP/1.1
User-Agent: selenium/4.8.1 (java windows)
Cache-Control: no-cache
Content-Type: application/json; charset=utf-8
host: localhost:16540
accept: */*

Response DefaultHttpResponse(decodeResult: success, version: HTTP/1.1)
HTTP/1.1 404 Not Found
Content-Length: 848
Content-Type: application/json; charset=utf-8
cache-control: no-cache

10:51:04.818 [AsyncHttpClient-1-6] DEBUG org.asynchttpclient.netty.channel.ChannelManager - Adding key: http://localhost:16540 for channel [id: 0xac1abbb1, L:/127.0.0.1:58561 - R:localhost/127.0.0.1:16540]
10:51:04.819 [Forwarding getCurrentUrl on session 9fbb6ee98356802f6881f78f8e080ce7 to remote] DEBUG org.asynchttpclient.netty.request.NettyRequestSender - Using pooled Channel '[id: 0xac1abbb1, L:/127.0.0.1:58561 - R:localhost/127.0.0.1:16540]' for 'GET' to 'http://localhost:16540/session/9fbb6ee98356802f6881f78f8e080ce7/url'
10:51:04.819 [Forwarding getCurrentUrl on session 9fbb6ee98356802f6881f78f8e080ce7 to remote] DEBUG org.asynchttpclient.netty.request.NettyRequestSender - Using open Channel [id: 0xac1abbb1, L:/127.0.0.1:58561 - R:localhost/127.0.0.1:16540] for GET '/session/9fbb6ee98356802f6881f78f8e080ce7/url'
10:51:04.822 [AsyncHttpClient-1-6] DEBUG org.asynchttpclient.netty.handler.HttpHandler - 

Request DefaultFullHttpRequest(decodeResult: success, version: HTTP/1.1, content: EmptyByteBufBE)
GET /session/9fbb6ee98356802f6881f78f8e080ce7/url HTTP/1.1
User-Agent: selenium/4.8.1 (java windows)
Cache-Control: no-cache
Content-Type: application/json; charset=utf-8
host: localhost:16540
accept: */*

Response DefaultHttpResponse(decodeResult: success, version: HTTP/1.1)
HTTP/1.1 200 OK
Content-Length: 54
Content-Type: application/json; charset=utf-8
cache-control: no-cache

10:51:04.823 [AsyncHttpClient-1-6] DEBUG org.asynchttpclient.netty.channel.ChannelManager - Adding key: http://localhost:16540 for channel [id: 0xac1abbb1, L:/127.0.0.1:58561 - R:localhost/127.0.0.1:16540]
10:51:04.823 [Forwarding screenshot on session 9fbb6ee98356802f6881f78f8e080ce7 to remote] DEBUG org.asynchttpclient.netty.request.NettyRequestSender - Using pooled Channel '[id: 0xac1abbb1, L:/127.0.0.1:58561 - R:localhost/127.0.0.1:16540]' for 'GET' to 'http://localhost:16540/session/9fbb6ee98356802f6881f78f8e080ce7/screenshot'
10:51:04.823 [Forwarding screenshot on session 9fbb6ee98356802f6881f78f8e080ce7 to remote] DEBUG org.asynchttpclient.netty.request.NettyRequestSender - Using open Channel [id: 0xac1abbb1, L:/127.0.0.1:58561 - R:localhost/127.0.0.1:16540] for GET '/session/9fbb6ee98356802f6881f78f8e080ce7/screenshot'
10:51:04.975 [AsyncHttpClient-1-6] DEBUG org.asynchttpclient.netty.handler.HttpHandler - 

Request DefaultFullHttpRequest(decodeResult: success, version: HTTP/1.1, content: EmptyByteBufBE)
GET /session/9fbb6ee98356802f6881f78f8e080ce7/screenshot HTTP/1.1
User-Agent: selenium/4.8.1 (java windows)
Cache-Control: no-cache
Content-Type: application/json; charset=utf-8
host: localhost:16540
accept: */*

Response DefaultHttpResponse(decodeResult: success, version: HTTP/1.1)
HTTP/1.1 200 OK
Content-Length: 32124
Content-Type: application/json; charset=utf-8
cache-control: no-cache

10:51:04.975 [AsyncHttpClient-1-6] DEBUG org.asynchttpclient.netty.channel.ChannelManager - Adding key: http://localhost:16540 for channel [id: 0xac1abbb1, L:/127.0.0.1:58561 - R:localhost/127.0.0.1:16540]
10:51:04.976 [main] DEBUG net.serenitybdd.core.photography.Darkroom - Send negative for processing for target\site\serenity\ccfdd69a8d7dc194f01c3b7614867b7170a560ca04d8238e7c528cbd8b89b845.png
10:51:04.976 [main] DEBUG net.thucydides.core.steps.StepInterceptor - STEP DONE: inputFullName
10:51:04.977 [Darkroom Processing Line] DEBUG net.serenitybdd.core.photography.DarkroomProcessingLine - Processing screenshot image in /var/screenshots/screenshot-17375147078393502486
10:51:04.977 [Darkroom Processing Line] DEBUG net.serenitybdd.core.photography.DarkroomProcessingLine - Saving screenshot to target\site\serenity\ccfdd69a8d7dc194f01c3b7614867b7170a560ca04d8238e7c528cbd8b89b845.png
10:51:04.986 [Forwarding getPageSource on session 9fbb6ee98356802f6881f78f8e080ce7 to remote] DEBUG org.asynchttpclient.netty.request.NettyRequestSender - Using pooled Channel '[id: 0xac1abbb1, L:/127.0.0.1:58561 - R:localhost/127.0.0.1:16540]' for 'POST' to 'http://localhost:16540/session/9fbb6ee98356802f6881f78f8e080ce7/execute/sync'
10:51:04.986 [Forwarding getPageSource on session 9fbb6ee98356802f6881f78f8e080ce7 to remote] DEBUG org.asynchttpclient.netty.request.NettyRequestSender - Using open Channel [id: 0xac1abbb1, L:/127.0.0.1:58561 - R:localhost/127.0.0.1:16540] for POST '/session/9fbb6ee98356802f6881f78f8e080ce7/execute/sync'
10:51:04.992 [AsyncHttpClient-1-6] DEBUG org.asynchttpclient.netty.handler.HttpHandler - 

Request DefaultHttpRequest(decodeResult: success, version: HTTP/1.1)
POST /session/9fbb6ee98356802f6881f78f8e080ce7/execute/sync HTTP/1.1
User-Agent: selenium/4.8.1 (java windows)
Content-Length: 176
Content-Type: application/json; charset=utf-8
host: localhost:16540
accept: */*

Response DefaultHttpResponse(decodeResult: success, version: HTTP/1.1)
HTTP/1.1 200 OK
Content-Length: 22355
Content-Type: application/json; charset=utf-8
cache-control: no-cache

10:51:04.992 [AsyncHttpClient-1-6] DEBUG org.asynchttpclient.netty.channel.ChannelManager - Adding key: http://localhost:16540 for channel [id: 0xac1abbb1, L:/127.0.0.1:58561 - R:localhost/127.0.0.1:16540]
10:51:04.994 [Forwarding getCurrentUrl on session 9fbb6ee98356802f6881f78f8e080ce7 to remote] DEBUG org.asynchttpclient.netty.request.NettyRequestSender - Using pooled Channel '[id: 0xac1abbb1, L:/127.0.0.1:58561 - R:localhost/127.0.0.1:16540]' for 'GET' to 'http://localhost:16540/session/9fbb6ee98356802f6881f78f8e080ce7/url'
10:51:04.994 [Forwarding getCurrentUrl on session 9fbb6ee98356802f6881f78f8e080ce7 to remote] DEBUG org.asynchttpclient.netty.request.NettyRequestSender - Using open Channel [id: 0xac1abbb1, L:/127.0.0.1:58561 - R:localhost/127.0.0.1:16540] for GET '/session/9fbb6ee98356802f6881f78f8e080ce7/url'
10:51:05.000 [AsyncHttpClient-1-6] DEBUG org.asynchttpclient.netty.handler.HttpHandler - 

Request DefaultFullHttpRequest(decodeResult: success, version: HTTP/1.1, content: EmptyByteBufBE)
GET /session/9fbb6ee98356802f6881f78f8e080ce7/url HTTP/1.1
User-Agent: selenium/4.8.1 (java windows)
Cache-Control: no-cache
Content-Type: application/json; charset=utf-8
host: localhost:16540
accept: */*

Response DefaultHttpResponse(decodeResult: success, version: HTTP/1.1)
HTTP/1.1 200 OK
Content-Length: 54
Content-Type: application/json; charset=utf-8
cache-control: no-cache

10:51:05.000 [AsyncHttpClient-1-6] DEBUG org.asynchttpclient.netty.channel.ChannelManager - Adding key: http://localhost:16540 for channel [id: 0xac1abbb1, L:/127.0.0.1:58561 - R:localhost/127.0.0.1:16540]
10:51:05.003 [main] DEBUG net.thucydides.core.steps.StepInterceptor - STARTING STEP: IntegrationSteps.registers - inputEmail
10:51:05.007 [Forwarding findElement on session 9fbb6ee98356802f6881f78f8e080ce7 to remote] DEBUG org.asynchttpclient.netty.request.NettyRequestSender - Using pooled Channel '[id: 0xac1abbb1, L:/127.0.0.1:58561 - R:localhost/127.0.0.1:16540]' for 'POST' to 'http://localhost:16540/session/9fbb6ee98356802f6881f78f8e080ce7/element'
10:51:05.007 [Forwarding findElement on session 9fbb6ee98356802f6881f78f8e080ce7 to remote] DEBUG org.asynchttpclient.netty.request.NettyRequestSender - Using open Channel [id: 0xac1abbb1, L:/127.0.0.1:58561 - R:localhost/127.0.0.1:16540] for POST '/session/9fbb6ee98356802f6881f78f8e080ce7/element'
10:51:05.025 [AsyncHttpClient-1-6] DEBUG org.asynchttpclient.netty.handler.HttpHandler - 

Request DefaultHttpRequest(decodeResult: success, version: HTTP/1.1)
POST /session/9fbb6ee98356802f6881f78f8e080ce7/element HTTP/1.1
User-Agent: selenium/4.8.1 (java windows)
Content-Length: 55
Content-Type: application/json; charset=utf-8
host: localhost:16540
accept: */*

Response DefaultHttpResponse(decodeResult: success, version: HTTP/1.1)
HTTP/1.1 200 OK
Content-Length: 88
Content-Type: application/json; charset=utf-8
cache-control: no-cache

10:51:05.026 [AsyncHttpClient-1-6] DEBUG org.asynchttpclient.netty.channel.ChannelManager - Adding key: http://localhost:16540 for channel [id: 0xac1abbb1, L:/127.0.0.1:58561 - R:localhost/127.0.0.1:16540]
10:51:05.027 [Forwarding clearElement on session 9fbb6ee98356802f6881f78f8e080ce7 to remote] DEBUG org.asynchttpclient.netty.request.NettyRequestSender - Using pooled Channel '[id: 0xac1abbb1, L:/127.0.0.1:58561 - R:localhost/127.0.0.1:16540]' for 'POST' to 'http://localhost:16540/session/9fbb6ee98356802f6881f78f8e080ce7/element/6450493c-354b-45a5-9bff-6e0bdeb667dc/clear'
10:51:05.027 [Forwarding clearElement on session 9fbb6ee98356802f6881f78f8e080ce7 to remote] DEBUG org.asynchttpclient.netty.request.NettyRequestSender - Using open Channel [id: 0xac1abbb1, L:/127.0.0.1:58561 - R:localhost/127.0.0.1:16540] for POST '/session/9fbb6ee98356802f6881f78f8e080ce7/element/6450493c-354b-45a5-9bff-6e0bdeb667dc/clear'
10:51:05.070 [AsyncHttpClient-1-6] DEBUG org.asynchttpclient.netty.handler.HttpHandler - 

Request DefaultHttpRequest(decodeResult: success, version: HTTP/1.1)
POST /session/9fbb6ee98356802f6881f78f8e080ce7/element/6450493c-354b-45a5-9bff-6e0bdeb667dc/clear HTTP/1.1
User-Agent: selenium/4.8.1 (java windows)
Content-Length: 50
Content-Type: application/json; charset=utf-8
host: localhost:16540
accept: */*

Response DefaultHttpResponse(decodeResult: success, version: HTTP/1.1)
HTTP/1.1 200 OK
Content-Length: 14
Content-Type: application/json; charset=utf-8
cache-control: no-cache

10:51:05.070 [AsyncHttpClient-1-6] DEBUG org.asynchttpclient.netty.channel.ChannelManager - Adding key: http://localhost:16540 for channel [id: 0xac1abbb1, L:/127.0.0.1:58561 - R:localhost/127.0.0.1:16540]
10:51:05.072 [Forwarding sendKeysToElement on session 9fbb6ee98356802f6881f78f8e080ce7 to remote] DEBUG org.asynchttpclient.netty.request.NettyRequestSender - Using pooled Channel '[id: 0xac1abbb1, L:/127.0.0.1:58561 - R:localhost/127.0.0.1:16540]' for 'POST' to 'http://localhost:16540/session/9fbb6ee98356802f6881f78f8e080ce7/element/6450493c-354b-45a5-9bff-6e0bdeb667dc/value'
10:51:05.072 [Forwarding sendKeysToElement on session 9fbb6ee98356802f6881f78f8e080ce7 to remote] DEBUG org.asynchttpclient.netty.request.NettyRequestSender - Using open Channel [id: 0xac1abbb1, L:/127.0.0.1:58561 - R:localhost/127.0.0.1:16540] for POST '/session/9fbb6ee98356802f6881f78f8e080ce7/element/6450493c-354b-45a5-9bff-6e0bdeb667dc/value'
10:51:05.226 [AsyncHttpClient-1-6] DEBUG org.asynchttpclient.netty.handler.HttpHandler - 

Request DefaultHttpRequest(decodeResult: success, version: HTTP/1.1)
POST /session/9fbb6ee98356802f6881f78f8e080ce7/element/6450493c-354b-45a5-9bff-6e0bdeb667dc/value HTTP/1.1
User-Agent: selenium/4.8.1 (java windows)
Content-Length: 201
Content-Type: application/json; charset=utf-8
host: localhost:16540
accept: */*

Response DefaultHttpResponse(decodeResult: success, version: HTTP/1.1)
HTTP/1.1 200 OK
Content-Length: 14
Content-Type: application/json; charset=utf-8
cache-control: no-cache

10:51:05.226 [AsyncHttpClient-1-6] DEBUG org.asynchttpclient.netty.channel.ChannelManager - Adding key: http://localhost:16540 for channel [id: 0xac1abbb1, L:/127.0.0.1:58561 - R:localhost/127.0.0.1:16540]
10:51:05.237 [Forwarding getAlertText on session 9fbb6ee98356802f6881f78f8e080ce7 to remote] DEBUG org.asynchttpclient.netty.request.NettyRequestSender - Using pooled Channel '[id: 0xac1abbb1, L:/127.0.0.1:58561 - R:localhost/127.0.0.1:16540]' for 'GET' to 'http://localhost:16540/session/9fbb6ee98356802f6881f78f8e080ce7/alert/text'
10:51:05.237 [Forwarding getAlertText on session 9fbb6ee98356802f6881f78f8e080ce7 to remote] DEBUG org.asynchttpclient.netty.request.NettyRequestSender - Using open Channel [id: 0xac1abbb1, L:/127.0.0.1:58561 - R:localhost/127.0.0.1:16540] for GET '/session/9fbb6ee98356802f6881f78f8e080ce7/alert/text'
10:51:05.239 [AsyncHttpClient-1-6] DEBUG org.asynchttpclient.netty.handler.HttpHandler - 

Request DefaultFullHttpRequest(decodeResult: success, version: HTTP/1.1, content: EmptyByteBufBE)
GET /session/9fbb6ee98356802f6881f78f8e080ce7/alert/text HTTP/1.1
User-Agent: selenium/4.8.1 (java windows)
Cache-Control: no-cache
Content-Type: application/json; charset=utf-8
host: localhost:16540
accept: */*

Response DefaultHttpResponse(decodeResult: success, version: HTTP/1.1)
HTTP/1.1 404 Not Found
Content-Length: 848
Content-Type: application/json; charset=utf-8
cache-control: no-cache

10:51:05.239 [AsyncHttpClient-1-6] DEBUG org.asynchttpclient.netty.channel.ChannelManager - Adding key: http://localhost:16540 for channel [id: 0xac1abbb1, L:/127.0.0.1:58561 - R:localhost/127.0.0.1:16540]
10:51:05.240 [Forwarding getCurrentUrl on session 9fbb6ee98356802f6881f78f8e080ce7 to remote] DEBUG org.asynchttpclient.netty.request.NettyRequestSender - Using pooled Channel '[id: 0xac1abbb1, L:/127.0.0.1:58561 - R:localhost/127.0.0.1:16540]' for 'GET' to 'http://localhost:16540/session/9fbb6ee98356802f6881f78f8e080ce7/url'
10:51:05.240 [Forwarding getCurrentUrl on session 9fbb6ee98356802f6881f78f8e080ce7 to remote] DEBUG org.asynchttpclient.netty.request.NettyRequestSender - Using open Channel [id: 0xac1abbb1, L:/127.0.0.1:58561 - R:localhost/127.0.0.1:16540] for GET '/session/9fbb6ee98356802f6881f78f8e080ce7/url'
10:51:05.244 [AsyncHttpClient-1-6] DEBUG org.asynchttpclient.netty.handler.HttpHandler - 

Request DefaultFullHttpRequest(decodeResult: success, version: HTTP/1.1, content: EmptyByteBufBE)
GET /session/9fbb6ee98356802f6881f78f8e080ce7/url HTTP/1.1
User-Agent: selenium/4.8.1 (java windows)
Cache-Control: no-cache
Content-Type: application/json; charset=utf-8
host: localhost:16540
accept: */*

Response DefaultHttpResponse(decodeResult: success, version: HTTP/1.1)
HTTP/1.1 200 OK
Content-Length: 54
Content-Type: application/json; charset=utf-8
cache-control: no-cache

10:51:05.244 [AsyncHttpClient-1-6] DEBUG org.asynchttpclient.netty.channel.ChannelManager - Adding key: http://localhost:16540 for channel [id: 0xac1abbb1, L:/127.0.0.1:58561 - R:localhost/127.0.0.1:16540]
10:51:05.244 [Forwarding screenshot on session 9fbb6ee98356802f6881f78f8e080ce7 to remote] DEBUG org.asynchttpclient.netty.request.NettyRequestSender - Using pooled Channel '[id: 0xac1abbb1, L:/127.0.0.1:58561 - R:localhost/127.0.0.1:16540]' for 'GET' to 'http://localhost:16540/session/9fbb6ee98356802f6881f78f8e080ce7/screenshot'
10:51:05.244 [Forwarding screenshot on session 9fbb6ee98356802f6881f78f8e080ce7 to remote] DEBUG org.asynchttpclient.netty.request.NettyRequestSender - Using open Channel [id: 0xac1abbb1, L:/127.0.0.1:58561 - R:localhost/127.0.0.1:16540] for GET '/session/9fbb6ee98356802f6881f78f8e080ce7/screenshot'
10:51:05.437 [AsyncHttpClient-1-6] DEBUG org.asynchttpclient.netty.handler.HttpHandler - 

Request DefaultFullHttpRequest(decodeResult: success, version: HTTP/1.1, content: EmptyByteBufBE)
GET /session/9fbb6ee98356802f6881f78f8e080ce7/screenshot HTTP/1.1
User-Agent: selenium/4.8.1 (java windows)
Cache-Control: no-cache
Content-Type: application/json; charset=utf-8
host: localhost:16540
accept: */*

Response DefaultHttpResponse(decodeResult: success, version: HTTP/1.1)
HTTP/1.1 200 OK
Content-Length: 34868
Content-Type: application/json; charset=utf-8
cache-control: no-cache

10:51:05.437 [AsyncHttpClient-1-6] DEBUG org.asynchttpclient.netty.channel.ChannelManager - Adding key: http://localhost:16540 for channel [id: 0xac1abbb1, L:/127.0.0.1:58561 - R:localhost/127.0.0.1:16540]
10:51:05.439 [main] DEBUG net.serenitybdd.core.photography.Darkroom - Send negative for processing for target\site\serenity\fed4cae8075857188901637f7639007f30dd6261d912c63c49638ba3588c8be0.png
10:51:05.440 [main] DEBUG net.thucydides.core.steps.StepInterceptor - STEP DONE: inputEmail
10:51:05.440 [Darkroom Processing Line] DEBUG net.serenitybdd.core.photography.DarkroomProcessingLine - Processing screenshot image in /var/screenshots/screenshot-11144550511026088323
10:51:05.440 [Darkroom Processing Line] DEBUG net.serenitybdd.core.photography.DarkroomProcessingLine - Saving screenshot to target\site\serenity\fed4cae8075857188901637f7639007f30dd6261d912c63c49638ba3588c8be0.png
10:51:05.452 [Forwarding getPageSource on session 9fbb6ee98356802f6881f78f8e080ce7 to remote] DEBUG org.asynchttpclient.netty.request.NettyRequestSender - Using pooled Channel '[id: 0xac1abbb1, L:/127.0.0.1:58561 - R:localhost/127.0.0.1:16540]' for 'POST' to 'http://localhost:16540/session/9fbb6ee98356802f6881f78f8e080ce7/execute/sync'
10:51:05.452 [Forwarding getPageSource on session 9fbb6ee98356802f6881f78f8e080ce7 to remote] DEBUG org.asynchttpclient.netty.request.NettyRequestSender - Using open Channel [id: 0xac1abbb1, L:/127.0.0.1:58561 - R:localhost/127.0.0.1:16540] for POST '/session/9fbb6ee98356802f6881f78f8e080ce7/execute/sync'
10:51:05.460 [AsyncHttpClient-1-6] DEBUG org.asynchttpclient.netty.handler.HttpHandler - 

Request DefaultHttpRequest(decodeResult: success, version: HTTP/1.1)
POST /session/9fbb6ee98356802f6881f78f8e080ce7/execute/sync HTTP/1.1
User-Agent: selenium/4.8.1 (java windows)
Content-Length: 176
Content-Type: application/json; charset=utf-8
host: localhost:16540
accept: */*

Response DefaultHttpResponse(decodeResult: success, version: HTTP/1.1)
HTTP/1.1 200 OK
Content-Length: 22414
Content-Type: application/json; charset=utf-8
cache-control: no-cache

10:51:05.460 [AsyncHttpClient-1-6] DEBUG org.asynchttpclient.netty.channel.ChannelManager - Adding key: http://localhost:16540 for channel [id: 0xac1abbb1, L:/127.0.0.1:58561 - R:localhost/127.0.0.1:16540]
10:51:05.463 [Forwarding getCurrentUrl on session 9fbb6ee98356802f6881f78f8e080ce7 to remote] DEBUG org.asynchttpclient.netty.request.NettyRequestSender - Using pooled Channel '[id: 0xac1abbb1, L:/127.0.0.1:58561 - R:localhost/127.0.0.1:16540]' for 'GET' to 'http://localhost:16540/session/9fbb6ee98356802f6881f78f8e080ce7/url'
10:51:05.463 [Forwarding getCurrentUrl on session 9fbb6ee98356802f6881f78f8e080ce7 to remote] DEBUG org.asynchttpclient.netty.request.NettyRequestSender - Using open Channel [id: 0xac1abbb1, L:/127.0.0.1:58561 - R:localhost/127.0.0.1:16540] for GET '/session/9fbb6ee98356802f6881f78f8e080ce7/url'
10:51:05.469 [AsyncHttpClient-1-6] DEBUG org.asynchttpclient.netty.handler.HttpHandler - 

Request DefaultFullHttpRequest(decodeResult: success, version: HTTP/1.1, content: EmptyByteBufBE)
GET /session/9fbb6ee98356802f6881f78f8e080ce7/url HTTP/1.1
User-Agent: selenium/4.8.1 (java windows)
Cache-Control: no-cache
Content-Type: application/json; charset=utf-8
host: localhost:16540
accept: */*

Response DefaultHttpResponse(decodeResult: success, version: HTTP/1.1)
HTTP/1.1 200 OK
Content-Length: 54
Content-Type: application/json; charset=utf-8
cache-control: no-cache

10:51:05.469 [AsyncHttpClient-1-6] DEBUG org.asynchttpclient.netty.channel.ChannelManager - Adding key: http://localhost:16540 for channel [id: 0xac1abbb1, L:/127.0.0.1:58561 - R:localhost/127.0.0.1:16540]
10:51:05.472 [main] DEBUG net.thucydides.core.steps.StepInterceptor - STARTING STEP: IntegrationSteps.registers - inputPassword
10:51:05.475 [Forwarding findElement on session 9fbb6ee98356802f6881f78f8e080ce7 to remote] DEBUG org.asynchttpclient.netty.request.NettyRequestSender - Using pooled Channel '[id: 0xac1abbb1, L:/127.0.0.1:58561 - R:localhost/127.0.0.1:16540]' for 'POST' to 'http://localhost:16540/session/9fbb6ee98356802f6881f78f8e080ce7/element'
10:51:05.476 [Forwarding findElement on session 9fbb6ee98356802f6881f78f8e080ce7 to remote] DEBUG org.asynchttpclient.netty.request.NettyRequestSender - Using open Channel [id: 0xac1abbb1, L:/127.0.0.1:58561 - R:localhost/127.0.0.1:16540] for POST '/session/9fbb6ee98356802f6881f78f8e080ce7/element'
10:51:05.494 [AsyncHttpClient-1-6] DEBUG org.asynchttpclient.netty.handler.HttpHandler - 

Request DefaultHttpRequest(decodeResult: success, version: HTTP/1.1)
POST /session/9fbb6ee98356802f6881f78f8e080ce7/element HTTP/1.1
User-Agent: selenium/4.8.1 (java windows)
Content-Length: 55
Content-Type: application/json; charset=utf-8
host: localhost:16540
accept: */*

Response DefaultHttpResponse(decodeResult: success, version: HTTP/1.1)
HTTP/1.1 200 OK
Content-Length: 88
Content-Type: application/json; charset=utf-8
cache-control: no-cache

10:51:05.494 [AsyncHttpClient-1-6] DEBUG org.asynchttpclient.netty.channel.ChannelManager - Adding key: http://localhost:16540 for channel [id: 0xac1abbb1, L:/127.0.0.1:58561 - R:localhost/127.0.0.1:16540]
10:51:05.495 [Forwarding clearElement on session 9fbb6ee98356802f6881f78f8e080ce7 to remote] DEBUG org.asynchttpclient.netty.request.NettyRequestSender - Using pooled Channel '[id: 0xac1abbb1, L:/127.0.0.1:58561 - R:localhost/127.0.0.1:16540]' for 'POST' to 'http://localhost:16540/session/9fbb6ee98356802f6881f78f8e080ce7/element/ba878f96-aa7e-44ff-bd19-fe9103d71fe2/clear'
10:51:05.495 [Forwarding clearElement on session 9fbb6ee98356802f6881f78f8e080ce7 to remote] DEBUG org.asynchttpclient.netty.request.NettyRequestSender - Using open Channel [id: 0xac1abbb1, L:/127.0.0.1:58561 - R:localhost/127.0.0.1:16540] for POST '/session/9fbb6ee98356802f6881f78f8e080ce7/element/ba878f96-aa7e-44ff-bd19-fe9103d71fe2/clear'
10:51:05.557 [AsyncHttpClient-1-6] DEBUG org.asynchttpclient.netty.handler.HttpHandler - 

Request DefaultHttpRequest(decodeResult: success, version: HTTP/1.1)
POST /session/9fbb6ee98356802f6881f78f8e080ce7/element/ba878f96-aa7e-44ff-bd19-fe9103d71fe2/clear HTTP/1.1
User-Agent: selenium/4.8.1 (java windows)
Content-Length: 50
Content-Type: application/json; charset=utf-8
host: localhost:16540
accept: */*

Response DefaultHttpResponse(decodeResult: success, version: HTTP/1.1)
HTTP/1.1 200 OK
Content-Length: 14
Content-Type: application/json; charset=utf-8
cache-control: no-cache

10:51:05.557 [AsyncHttpClient-1-6] DEBUG org.asynchttpclient.netty.channel.ChannelManager - Adding key: http://localhost:16540 for channel [id: 0xac1abbb1, L:/127.0.0.1:58561 - R:localhost/127.0.0.1:16540]
10:51:05.559 [Forwarding sendKeysToElement on session 9fbb6ee98356802f6881f78f8e080ce7 to remote] DEBUG org.asynchttpclient.netty.request.NettyRequestSender - Using pooled Channel '[id: 0xac1abbb1, L:/127.0.0.1:58561 - R:localhost/127.0.0.1:16540]' for 'POST' to 'http://localhost:16540/session/9fbb6ee98356802f6881f78f8e080ce7/element/ba878f96-aa7e-44ff-bd19-fe9103d71fe2/value'
10:51:05.560 [Forwarding sendKeysToElement on session 9fbb6ee98356802f6881f78f8e080ce7 to remote] DEBUG org.asynchttpclient.netty.request.NettyRequestSender - Using open Channel [id: 0xac1abbb1, L:/127.0.0.1:58561 - R:localhost/127.0.0.1:16540] for POST '/session/9fbb6ee98356802f6881f78f8e080ce7/element/ba878f96-aa7e-44ff-bd19-fe9103d71fe2/value'
10:51:05.650 [AsyncHttpClient-1-1] DEBUG org.asynchttpclient.netty.channel.DefaultChannelPool - Entry count for : http://localhost:58563 : 1
10:51:05.681 [AsyncHttpClient-1-6] DEBUG org.asynchttpclient.netty.handler.HttpHandler - 

Request DefaultHttpRequest(decodeResult: success, version: HTTP/1.1)
POST /session/9fbb6ee98356802f6881f78f8e080ce7/element/ba878f96-aa7e-44ff-bd19-fe9103d71fe2/value HTTP/1.1
User-Agent: selenium/4.8.1 (java windows)
Content-Length: 141
Content-Type: application/json; charset=utf-8
host: localhost:16540
accept: */*

Response DefaultHttpResponse(decodeResult: success, version: HTTP/1.1)
HTTP/1.1 200 OK
Content-Length: 14
Content-Type: application/json; charset=utf-8
cache-control: no-cache

10:51:05.682 [AsyncHttpClient-1-6] DEBUG org.asynchttpclient.netty.channel.ChannelManager - Adding key: http://localhost:16540 for channel [id: 0xac1abbb1, L:/127.0.0.1:58561 - R:localhost/127.0.0.1:16540]
10:51:05.692 [Forwarding getAlertText on session 9fbb6ee98356802f6881f78f8e080ce7 to remote] DEBUG org.asynchttpclient.netty.request.NettyRequestSender - Using pooled Channel '[id: 0xac1abbb1, L:/127.0.0.1:58561 - R:localhost/127.0.0.1:16540]' for 'GET' to 'http://localhost:16540/session/9fbb6ee98356802f6881f78f8e080ce7/alert/text'
10:51:05.692 [Forwarding getAlertText on session 9fbb6ee98356802f6881f78f8e080ce7 to remote] DEBUG org.asynchttpclient.netty.request.NettyRequestSender - Using open Channel [id: 0xac1abbb1, L:/127.0.0.1:58561 - R:localhost/127.0.0.1:16540] for GET '/session/9fbb6ee98356802f6881f78f8e080ce7/alert/text'
10:51:05.694 [AsyncHttpClient-1-6] DEBUG org.asynchttpclient.netty.handler.HttpHandler - 

Request DefaultFullHttpRequest(decodeResult: success, version: HTTP/1.1, content: EmptyByteBufBE)
GET /session/9fbb6ee98356802f6881f78f8e080ce7/alert/text HTTP/1.1
User-Agent: selenium/4.8.1 (java windows)
Cache-Control: no-cache
Content-Type: application/json; charset=utf-8
host: localhost:16540
accept: */*

Response DefaultHttpResponse(decodeResult: success, version: HTTP/1.1)
HTTP/1.1 404 Not Found
Content-Length: 848
Content-Type: application/json; charset=utf-8
cache-control: no-cache

10:51:05.694 [AsyncHttpClient-1-6] DEBUG org.asynchttpclient.netty.channel.ChannelManager - Adding key: http://localhost:16540 for channel [id: 0xac1abbb1, L:/127.0.0.1:58561 - R:localhost/127.0.0.1:16540]
10:51:05.695 [Forwarding getCurrentUrl on session 9fbb6ee98356802f6881f78f8e080ce7 to remote] DEBUG org.asynchttpclient.netty.request.NettyRequestSender - Using pooled Channel '[id: 0xac1abbb1, L:/127.0.0.1:58561 - R:localhost/127.0.0.1:16540]' for 'GET' to 'http://localhost:16540/session/9fbb6ee98356802f6881f78f8e080ce7/url'
10:51:05.695 [Forwarding getCurrentUrl on session 9fbb6ee98356802f6881f78f8e080ce7 to remote] DEBUG org.asynchttpclient.netty.request.NettyRequestSender - Using open Channel [id: 0xac1abbb1, L:/127.0.0.1:58561 - R:localhost/127.0.0.1:16540] for GET '/session/9fbb6ee98356802f6881f78f8e080ce7/url'
10:51:05.704 [AsyncHttpClient-1-6] DEBUG org.asynchttpclient.netty.handler.HttpHandler - 

Request DefaultFullHttpRequest(decodeResult: success, version: HTTP/1.1, content: EmptyByteBufBE)
GET /session/9fbb6ee98356802f6881f78f8e080ce7/url HTTP/1.1
User-Agent: selenium/4.8.1 (java windows)
Cache-Control: no-cache
Content-Type: application/json; charset=utf-8
host: localhost:16540
accept: */*

Response DefaultHttpResponse(decodeResult: success, version: HTTP/1.1)
HTTP/1.1 200 OK
Content-Length: 54
Content-Type: application/json; charset=utf-8
cache-control: no-cache

10:51:05.704 [AsyncHttpClient-1-6] DEBUG org.asynchttpclient.netty.channel.ChannelManager - Adding key: http://localhost:16540 for channel [id: 0xac1abbb1, L:/127.0.0.1:58561 - R:localhost/127.0.0.1:16540]
10:51:05.705 [Forwarding screenshot on session 9fbb6ee98356802f6881f78f8e080ce7 to remote] DEBUG org.asynchttpclient.netty.request.NettyRequestSender - Using pooled Channel '[id: 0xac1abbb1, L:/127.0.0.1:58561 - R:localhost/127.0.0.1:16540]' for 'GET' to 'http://localhost:16540/session/9fbb6ee98356802f6881f78f8e080ce7/screenshot'
10:51:05.705 [Forwarding screenshot on session 9fbb6ee98356802f6881f78f8e080ce7 to remote] DEBUG org.asynchttpclient.netty.request.NettyRequestSender - Using open Channel [id: 0xac1abbb1, L:/127.0.0.1:58561 - R:localhost/127.0.0.1:16540] for GET '/session/9fbb6ee98356802f6881f78f8e080ce7/screenshot'
10:51:05.903 [AsyncHttpClient-1-6] DEBUG org.asynchttpclient.netty.handler.HttpHandler - 

Request DefaultFullHttpRequest(decodeResult: success, version: HTTP/1.1, content: EmptyByteBufBE)
GET /session/9fbb6ee98356802f6881f78f8e080ce7/screenshot HTTP/1.1
User-Agent: selenium/4.8.1 (java windows)
Cache-Control: no-cache
Content-Type: application/json; charset=utf-8
host: localhost:16540
accept: */*

Response DefaultHttpResponse(decodeResult: success, version: HTTP/1.1)
HTTP/1.1 200 OK
Content-Length: 35268
Content-Type: application/json; charset=utf-8
cache-control: no-cache

10:51:05.904 [AsyncHttpClient-1-6] DEBUG org.asynchttpclient.netty.channel.ChannelManager - Adding key: http://localhost:16540 for channel [id: 0xac1abbb1, L:/127.0.0.1:58561 - R:localhost/127.0.0.1:16540]
10:51:05.906 [main] DEBUG net.serenitybdd.core.photography.Darkroom - Send negative for processing for target\site\serenity\ffe528f9ef8f8bca54d31f6514ad395cd99a90e600f19d3f8b11189f57c1926d.png
10:51:05.906 [main] DEBUG net.thucydides.core.steps.StepInterceptor - STEP DONE: inputPassword
10:51:05.906 [Darkroom Processing Line] DEBUG net.serenitybdd.core.photography.DarkroomProcessingLine - Processing screenshot image in /var/screenshots/screenshot-10791035471277574914
10:51:05.906 [Darkroom Processing Line] DEBUG net.serenitybdd.core.photography.DarkroomProcessingLine - Saving screenshot to target\site\serenity\ffe528f9ef8f8bca54d31f6514ad395cd99a90e600f19d3f8b11189f57c1926d.png
10:51:05.917 [Forwarding getPageSource on session 9fbb6ee98356802f6881f78f8e080ce7 to remote] DEBUG org.asynchttpclient.netty.request.NettyRequestSender - Using pooled Channel '[id: 0xac1abbb1, L:/127.0.0.1:58561 - R:localhost/127.0.0.1:16540]' for 'POST' to 'http://localhost:16540/session/9fbb6ee98356802f6881f78f8e080ce7/execute/sync'
10:51:05.917 [Forwarding getPageSource on session 9fbb6ee98356802f6881f78f8e080ce7 to remote] DEBUG org.asynchttpclient.netty.request.NettyRequestSender - Using open Channel [id: 0xac1abbb1, L:/127.0.0.1:58561 - R:localhost/127.0.0.1:16540] for POST '/session/9fbb6ee98356802f6881f78f8e080ce7/execute/sync'
10:51:05.923 [AsyncHttpClient-1-6] DEBUG org.asynchttpclient.netty.handler.HttpHandler - 

Request DefaultHttpRequest(decodeResult: success, version: HTTP/1.1)
POST /session/9fbb6ee98356802f6881f78f8e080ce7/execute/sync HTTP/1.1
User-Agent: selenium/4.8.1 (java windows)
Content-Length: 176
Content-Type: application/json; charset=utf-8
host: localhost:16540
accept: */*

Response DefaultHttpResponse(decodeResult: success, version: HTTP/1.1)
HTTP/1.1 200 OK
Content-Length: 22473
Content-Type: application/json; charset=utf-8
cache-control: no-cache

10:51:05.924 [AsyncHttpClient-1-6] DEBUG org.asynchttpclient.netty.channel.ChannelManager - Adding key: http://localhost:16540 for channel [id: 0xac1abbb1, L:/127.0.0.1:58561 - R:localhost/127.0.0.1:16540]
10:51:05.926 [Forwarding getCurrentUrl on session 9fbb6ee98356802f6881f78f8e080ce7 to remote] DEBUG org.asynchttpclient.netty.request.NettyRequestSender - Using pooled Channel '[id: 0xac1abbb1, L:/127.0.0.1:58561 - R:localhost/127.0.0.1:16540]' for 'GET' to 'http://localhost:16540/session/9fbb6ee98356802f6881f78f8e080ce7/url'
10:51:05.927 [Forwarding getCurrentUrl on session 9fbb6ee98356802f6881f78f8e080ce7 to remote] DEBUG org.asynchttpclient.netty.request.NettyRequestSender - Using open Channel [id: 0xac1abbb1, L:/127.0.0.1:58561 - R:localhost/127.0.0.1:16540] for GET '/session/9fbb6ee98356802f6881f78f8e080ce7/url'
10:51:05.934 [AsyncHttpClient-1-6] DEBUG org.asynchttpclient.netty.handler.HttpHandler - 

Request DefaultFullHttpRequest(decodeResult: success, version: HTTP/1.1, content: EmptyByteBufBE)
GET /session/9fbb6ee98356802f6881f78f8e080ce7/url HTTP/1.1
User-Agent: selenium/4.8.1 (java windows)
Cache-Control: no-cache
Content-Type: application/json; charset=utf-8
host: localhost:16540
accept: */*

Response DefaultHttpResponse(decodeResult: success, version: HTTP/1.1)
HTTP/1.1 200 OK
Content-Length: 54
Content-Type: application/json; charset=utf-8
cache-control: no-cache

10:51:05.934 [AsyncHttpClient-1-6] DEBUG org.asynchttpclient.netty.channel.ChannelManager - Adding key: http://localhost:16540 for channel [id: 0xac1abbb1, L:/127.0.0.1:58561 - R:localhost/127.0.0.1:16540]
10:51:05.937 [main] DEBUG net.thucydides.core.steps.StepInterceptor - STARTING STEP: IntegrationSteps.registers - clickRegisterButton
10:51:05.939 [Forwarding setTimeout on session 9fbb6ee98356802f6881f78f8e080ce7 to remote] DEBUG org.asynchttpclient.netty.request.NettyRequestSender - Using pooled Channel '[id: 0xac1abbb1, L:/127.0.0.1:58561 - R:localhost/127.0.0.1:16540]' for 'POST' to 'http://localhost:16540/session/9fbb6ee98356802f6881f78f8e080ce7/timeouts'
10:51:05.939 [Forwarding setTimeout on session 9fbb6ee98356802f6881f78f8e080ce7 to remote] DEBUG org.asynchttpclient.netty.request.NettyRequestSender - Using open Channel [id: 0xac1abbb1, L:/127.0.0.1:58561 - R:localhost/127.0.0.1:16540] for POST '/session/9fbb6ee98356802f6881f78f8e080ce7/timeouts'
10:51:05.940 [AsyncHttpClient-1-6] DEBUG org.asynchttpclient.netty.handler.HttpHandler - 

Request DefaultHttpRequest(decodeResult: success, version: HTTP/1.1)
POST /session/9fbb6ee98356802f6881f78f8e080ce7/timeouts HTTP/1.1
User-Agent: selenium/4.8.1 (java windows)
Content-Length: 19
Content-Type: application/json; charset=utf-8
host: localhost:16540
accept: */*

Response DefaultHttpResponse(decodeResult: success, version: HTTP/1.1)
HTTP/1.1 200 OK
Content-Length: 14
Content-Type: application/json; charset=utf-8
cache-control: no-cache

10:51:05.940 [AsyncHttpClient-1-6] DEBUG org.asynchttpclient.netty.channel.ChannelManager - Adding key: http://localhost:16540 for channel [id: 0xac1abbb1, L:/127.0.0.1:58561 - R:localhost/127.0.0.1:16540]
10:51:05.944 [Forwarding findElements on session 9fbb6ee98356802f6881f78f8e080ce7 to remote] DEBUG org.asynchttpclient.netty.request.NettyRequestSender - Using pooled Channel '[id: 0xac1abbb1, L:/127.0.0.1:58561 - R:localhost/127.0.0.1:16540]' for 'POST' to 'http://localhost:16540/session/9fbb6ee98356802f6881f78f8e080ce7/elements'
10:51:05.944 [Forwarding findElements on session 9fbb6ee98356802f6881f78f8e080ce7 to remote] DEBUG org.asynchttpclient.netty.request.NettyRequestSender - Using open Channel [id: 0xac1abbb1, L:/127.0.0.1:58561 - R:localhost/127.0.0.1:16540] for POST '/session/9fbb6ee98356802f6881f78f8e080ce7/elements'
10:51:05.955 [AsyncHttpClient-1-6] DEBUG org.asynchttpclient.netty.handler.HttpHandler - 

Request DefaultHttpRequest(decodeResult: success, version: HTTP/1.1)
POST /session/9fbb6ee98356802f6881f78f8e080ce7/elements HTTP/1.1
User-Agent: selenium/4.8.1 (java windows)
Content-Length: 225
Content-Type: application/json; charset=utf-8
host: localhost:16540
accept: */*

Response DefaultHttpResponse(decodeResult: success, version: HTTP/1.1)
HTTP/1.1 200 OK
Content-Length: 90
Content-Type: application/json; charset=utf-8
cache-control: no-cache

10:51:05.955 [AsyncHttpClient-1-6] DEBUG org.asynchttpclient.netty.channel.ChannelManager - Adding key: http://localhost:16540 for channel [id: 0xac1abbb1, L:/127.0.0.1:58561 - R:localhost/127.0.0.1:16540]
10:51:05.959 [Forwarding isElementDisplayed on session 9fbb6ee98356802f6881f78f8e080ce7 to remote] DEBUG org.asynchttpclient.netty.request.NettyRequestSender - Using pooled Channel '[id: 0xac1abbb1, L:/127.0.0.1:58561 - R:localhost/127.0.0.1:16540]' for 'POST' to 'http://localhost:16540/session/9fbb6ee98356802f6881f78f8e080ce7/execute/sync'
10:51:05.959 [Forwarding isElementDisplayed on session 9fbb6ee98356802f6881f78f8e080ce7 to remote] DEBUG org.asynchttpclient.netty.request.NettyRequestSender - Using open Channel [id: 0xac1abbb1, L:/127.0.0.1:58561 - R:localhost/127.0.0.1:16540] for POST '/session/9fbb6ee98356802f6881f78f8e080ce7/execute/sync'
10:51:05.972 [AsyncHttpClient-1-6] DEBUG org.asynchttpclient.netty.handler.HttpHandler - 

Request DefaultHttpRequest(decodeResult: success, version: HTTP/1.1)
POST /session/9fbb6ee98356802f6881f78f8e080ce7/execute/sync HTTP/1.1
User-Agent: selenium/4.8.1 (java windows)
Content-Length: 48807
Content-Type: application/json; charset=utf-8
host: localhost:16540
accept: */*

Response DefaultHttpResponse(decodeResult: success, version: HTTP/1.1)
HTTP/1.1 200 OK
Content-Length: 14
Content-Type: application/json; charset=utf-8
cache-control: no-cache

10:51:05.972 [AsyncHttpClient-1-6] DEBUG org.asynchttpclient.netty.channel.ChannelManager - Adding key: http://localhost:16540 for channel [id: 0xac1abbb1, L:/127.0.0.1:58561 - R:localhost/127.0.0.1:16540]
10:51:05.976 [Forwarding findElements on session 9fbb6ee98356802f6881f78f8e080ce7 to remote] DEBUG org.asynchttpclient.netty.request.NettyRequestSender - Using pooled Channel '[id: 0xac1abbb1, L:/127.0.0.1:58561 - R:localhost/127.0.0.1:16540]' for 'POST' to 'http://localhost:16540/session/9fbb6ee98356802f6881f78f8e080ce7/elements'
10:51:05.976 [Forwarding findElements on session 9fbb6ee98356802f6881f78f8e080ce7 to remote] DEBUG org.asynchttpclient.netty.request.NettyRequestSender - Using open Channel [id: 0xac1abbb1, L:/127.0.0.1:58561 - R:localhost/127.0.0.1:16540] for POST '/session/9fbb6ee98356802f6881f78f8e080ce7/elements'
10:51:05.989 [AsyncHttpClient-1-6] DEBUG org.asynchttpclient.netty.handler.HttpHandler - 

Request DefaultHttpRequest(decodeResult: success, version: HTTP/1.1)
POST /session/9fbb6ee98356802f6881f78f8e080ce7/elements HTTP/1.1
User-Agent: selenium/4.8.1 (java windows)
Content-Length: 225
Content-Type: application/json; charset=utf-8
host: localhost:16540
accept: */*

Response DefaultHttpResponse(decodeResult: success, version: HTTP/1.1)
HTTP/1.1 200 OK
Content-Length: 90
Content-Type: application/json; charset=utf-8
cache-control: no-cache

10:51:05.989 [AsyncHttpClient-1-6] DEBUG org.asynchttpclient.netty.channel.ChannelManager - Adding key: http://localhost:16540 for channel [id: 0xac1abbb1, L:/127.0.0.1:58561 - R:localhost/127.0.0.1:16540]
10:51:05.992 [Forwarding setTimeout on session 9fbb6ee98356802f6881f78f8e080ce7 to remote] DEBUG org.asynchttpclient.netty.request.NettyRequestSender - Using pooled Channel '[id: 0xac1abbb1, L:/127.0.0.1:58561 - R:localhost/127.0.0.1:16540]' for 'POST' to 'http://localhost:16540/session/9fbb6ee98356802f6881f78f8e080ce7/timeouts'
10:51:05.992 [Forwarding setTimeout on session 9fbb6ee98356802f6881f78f8e080ce7 to remote] DEBUG org.asynchttpclient.netty.request.NettyRequestSender - Using open Channel [id: 0xac1abbb1, L:/127.0.0.1:58561 - R:localhost/127.0.0.1:16540] for POST '/session/9fbb6ee98356802f6881f78f8e080ce7/timeouts'
10:51:05.993 [AsyncHttpClient-1-6] DEBUG org.asynchttpclient.netty.handler.HttpHandler - 

Request DefaultHttpRequest(decodeResult: success, version: HTTP/1.1)
POST /session/9fbb6ee98356802f6881f78f8e080ce7/timeouts HTTP/1.1
User-Agent: selenium/4.8.1 (java windows)
Content-Length: 22
Content-Type: application/json; charset=utf-8
host: localhost:16540
accept: */*

Response DefaultHttpResponse(decodeResult: success, version: HTTP/1.1)
HTTP/1.1 200 OK
Content-Length: 14
Content-Type: application/json; charset=utf-8
cache-control: no-cache

10:51:05.993 [AsyncHttpClient-1-6] DEBUG org.asynchttpclient.netty.channel.ChannelManager - Adding key: http://localhost:16540 for channel [id: 0xac1abbb1, L:/127.0.0.1:58561 - R:localhost/127.0.0.1:16540]
10:51:05.996 [Forwarding getElementTagName on session 9fbb6ee98356802f6881f78f8e080ce7 to remote] DEBUG org.asynchttpclient.netty.request.NettyRequestSender - Using pooled Channel '[id: 0xac1abbb1, L:/127.0.0.1:58561 - R:localhost/127.0.0.1:16540]' for 'GET' to 'http://localhost:16540/session/9fbb6ee98356802f6881f78f8e080ce7/element/97d60981-d218-43e5-a02c-c4c0db1bc558/name'
10:51:05.996 [Forwarding getElementTagName on session 9fbb6ee98356802f6881f78f8e080ce7 to remote] DEBUG org.asynchttpclient.netty.request.NettyRequestSender - Using open Channel [id: 0xac1abbb1, L:/127.0.0.1:58561 - R:localhost/127.0.0.1:16540] for GET '/session/9fbb6ee98356802f6881f78f8e080ce7/element/97d60981-d218-43e5-a02c-c4c0db1bc558/name'
10:51:06.006 [AsyncHttpClient-1-6] DEBUG org.asynchttpclient.netty.handler.HttpHandler - 

Request DefaultFullHttpRequest(decodeResult: success, version: HTTP/1.1, content: EmptyByteBufBE)
GET /session/9fbb6ee98356802f6881f78f8e080ce7/element/97d60981-d218-43e5-a02c-c4c0db1bc558/name HTTP/1.1
User-Agent: selenium/4.8.1 (java windows)
Cache-Control: no-cache
Content-Type: application/json; charset=utf-8
host: localhost:16540
accept: */*

Response DefaultHttpResponse(decodeResult: success, version: HTTP/1.1)
HTTP/1.1 200 OK
Content-Length: 18
Content-Type: application/json; charset=utf-8
cache-control: no-cache

10:51:06.006 [AsyncHttpClient-1-6] DEBUG org.asynchttpclient.netty.channel.ChannelManager - Adding key: http://localhost:16540 for channel [id: 0xac1abbb1, L:/127.0.0.1:58561 - R:localhost/127.0.0.1:16540]
10:51:06.007 [Forwarding getElementTagName on session 9fbb6ee98356802f6881f78f8e080ce7 to remote] DEBUG org.asynchttpclient.netty.request.NettyRequestSender - Using pooled Channel '[id: 0xac1abbb1, L:/127.0.0.1:58561 - R:localhost/127.0.0.1:16540]' for 'GET' to 'http://localhost:16540/session/9fbb6ee98356802f6881f78f8e080ce7/element/97d60981-d218-43e5-a02c-c4c0db1bc558/name'
10:51:06.007 [Forwarding getElementTagName on session 9fbb6ee98356802f6881f78f8e080ce7 to remote] DEBUG org.asynchttpclient.netty.request.NettyRequestSender - Using open Channel [id: 0xac1abbb1, L:/127.0.0.1:58561 - R:localhost/127.0.0.1:16540] for GET '/session/9fbb6ee98356802f6881f78f8e080ce7/element/97d60981-d218-43e5-a02c-c4c0db1bc558/name'
10:51:06.012 [AsyncHttpClient-1-6] DEBUG org.asynchttpclient.netty.handler.HttpHandler - 

Request DefaultFullHttpRequest(decodeResult: success, version: HTTP/1.1, content: EmptyByteBufBE)
GET /session/9fbb6ee98356802f6881f78f8e080ce7/element/97d60981-d218-43e5-a02c-c4c0db1bc558/name HTTP/1.1
User-Agent: selenium/4.8.1 (java windows)
Cache-Control: no-cache
Content-Type: application/json; charset=utf-8
host: localhost:16540
accept: */*

Response DefaultHttpResponse(decodeResult: success, version: HTTP/1.1)
HTTP/1.1 200 OK
Content-Length: 18
Content-Type: application/json; charset=utf-8
cache-control: no-cache

10:51:06.012 [AsyncHttpClient-1-6] DEBUG org.asynchttpclient.netty.channel.ChannelManager - Adding key: http://localhost:16540 for channel [id: 0xac1abbb1, L:/127.0.0.1:58561 - R:localhost/127.0.0.1:16540]
10:51:06.017 [Forwarding isElementEnabled on session 9fbb6ee98356802f6881f78f8e080ce7 to remote] DEBUG org.asynchttpclient.netty.request.NettyRequestSender - Using pooled Channel '[id: 0xac1abbb1, L:/127.0.0.1:58561 - R:localhost/127.0.0.1:16540]' for 'GET' to 'http://localhost:16540/session/9fbb6ee98356802f6881f78f8e080ce7/element/97d60981-d218-43e5-a02c-c4c0db1bc558/enabled'
10:51:06.017 [Forwarding isElementEnabled on session 9fbb6ee98356802f6881f78f8e080ce7 to remote] DEBUG org.asynchttpclient.netty.request.NettyRequestSender - Using open Channel [id: 0xac1abbb1, L:/127.0.0.1:58561 - R:localhost/127.0.0.1:16540] for GET '/session/9fbb6ee98356802f6881f78f8e080ce7/element/97d60981-d218-43e5-a02c-c4c0db1bc558/enabled'
10:51:06.028 [AsyncHttpClient-1-6] DEBUG org.asynchttpclient.netty.handler.HttpHandler - 

Request DefaultFullHttpRequest(decodeResult: success, version: HTTP/1.1, content: EmptyByteBufBE)
GET /session/9fbb6ee98356802f6881f78f8e080ce7/element/97d60981-d218-43e5-a02c-c4c0db1bc558/enabled HTTP/1.1
User-Agent: selenium/4.8.1 (java windows)
Cache-Control: no-cache
Content-Type: application/json; charset=utf-8
host: localhost:16540
accept: */*

Response DefaultHttpResponse(decodeResult: success, version: HTTP/1.1)
HTTP/1.1 200 OK
Content-Length: 14
Content-Type: application/json; charset=utf-8
cache-control: no-cache

10:51:06.028 [AsyncHttpClient-1-6] DEBUG org.asynchttpclient.netty.channel.ChannelManager - Adding key: http://localhost:16540 for channel [id: 0xac1abbb1, L:/127.0.0.1:58561 - R:localhost/127.0.0.1:16540]
10:51:06.029 [Forwarding isElementEnabled on session 9fbb6ee98356802f6881f78f8e080ce7 to remote] DEBUG org.asynchttpclient.netty.request.NettyRequestSender - Using pooled Channel '[id: 0xac1abbb1, L:/127.0.0.1:58561 - R:localhost/127.0.0.1:16540]' for 'GET' to 'http://localhost:16540/session/9fbb6ee98356802f6881f78f8e080ce7/element/97d60981-d218-43e5-a02c-c4c0db1bc558/enabled'
10:51:06.029 [Forwarding isElementEnabled on session 9fbb6ee98356802f6881f78f8e080ce7 to remote] DEBUG org.asynchttpclient.netty.request.NettyRequestSender - Using open Channel [id: 0xac1abbb1, L:/127.0.0.1:58561 - R:localhost/127.0.0.1:16540] for GET '/session/9fbb6ee98356802f6881f78f8e080ce7/element/97d60981-d218-43e5-a02c-c4c0db1bc558/enabled'
10:51:06.037 [AsyncHttpClient-1-6] DEBUG org.asynchttpclient.netty.handler.HttpHandler - 

Request DefaultFullHttpRequest(decodeResult: success, version: HTTP/1.1, content: EmptyByteBufBE)
GET /session/9fbb6ee98356802f6881f78f8e080ce7/element/97d60981-d218-43e5-a02c-c4c0db1bc558/enabled HTTP/1.1
User-Agent: selenium/4.8.1 (java windows)
Cache-Control: no-cache
Content-Type: application/json; charset=utf-8
host: localhost:16540
accept: */*

Response DefaultHttpResponse(decodeResult: success, version: HTTP/1.1)
HTTP/1.1 200 OK
Content-Length: 14
Content-Type: application/json; charset=utf-8
cache-control: no-cache

10:51:06.037 [AsyncHttpClient-1-6] DEBUG org.asynchttpclient.netty.channel.ChannelManager - Adding key: http://localhost:16540 for channel [id: 0xac1abbb1, L:/127.0.0.1:58561 - R:localhost/127.0.0.1:16540]
10:51:06.039 [Forwarding clickElement on session 9fbb6ee98356802f6881f78f8e080ce7 to remote] DEBUG org.asynchttpclient.netty.request.NettyRequestSender - Using pooled Channel '[id: 0xac1abbb1, L:/127.0.0.1:58561 - R:localhost/127.0.0.1:16540]' for 'POST' to 'http://localhost:16540/session/9fbb6ee98356802f6881f78f8e080ce7/element/97d60981-d218-43e5-a02c-c4c0db1bc558/click'
10:51:06.039 [Forwarding clickElement on session 9fbb6ee98356802f6881f78f8e080ce7 to remote] DEBUG org.asynchttpclient.netty.request.NettyRequestSender - Using open Channel [id: 0xac1abbb1, L:/127.0.0.1:58561 - R:localhost/127.0.0.1:16540] for POST '/session/9fbb6ee98356802f6881f78f8e080ce7/element/97d60981-d218-43e5-a02c-c4c0db1bc558/click'
10:51:06.122 [AsyncHttpClient-1-6] DEBUG org.asynchttpclient.netty.handler.HttpHandler - 

Request DefaultHttpRequest(decodeResult: success, version: HTTP/1.1)
POST /session/9fbb6ee98356802f6881f78f8e080ce7/element/97d60981-d218-43e5-a02c-c4c0db1bc558/click HTTP/1.1
User-Agent: selenium/4.8.1 (java windows)
Content-Length: 50
Content-Type: application/json; charset=utf-8
host: localhost:16540
accept: */*

Response DefaultHttpResponse(decodeResult: success, version: HTTP/1.1)
HTTP/1.1 200 OK
Content-Length: 14
Content-Type: application/json; charset=utf-8
cache-control: no-cache

10:51:06.122 [AsyncHttpClient-1-6] DEBUG org.asynchttpclient.netty.channel.ChannelManager - Adding key: http://localhost:16540 for channel [id: 0xac1abbb1, L:/127.0.0.1:58561 - R:localhost/127.0.0.1:16540]
10:51:06.133 [Forwarding getAlertText on session 9fbb6ee98356802f6881f78f8e080ce7 to remote] DEBUG org.asynchttpclient.netty.request.NettyRequestSender - Using pooled Channel '[id: 0xac1abbb1, L:/127.0.0.1:58561 - R:localhost/127.0.0.1:16540]' for 'GET' to 'http://localhost:16540/session/9fbb6ee98356802f6881f78f8e080ce7/alert/text'
10:51:06.133 [Forwarding getAlertText on session 9fbb6ee98356802f6881f78f8e080ce7 to remote] DEBUG org.asynchttpclient.netty.request.NettyRequestSender - Using open Channel [id: 0xac1abbb1, L:/127.0.0.1:58561 - R:localhost/127.0.0.1:16540] for GET '/session/9fbb6ee98356802f6881f78f8e080ce7/alert/text'
10:51:06.136 [AsyncHttpClient-1-6] DEBUG org.asynchttpclient.netty.handler.HttpHandler - 

Request DefaultFullHttpRequest(decodeResult: success, version: HTTP/1.1, content: EmptyByteBufBE)
GET /session/9fbb6ee98356802f6881f78f8e080ce7/alert/text HTTP/1.1
User-Agent: selenium/4.8.1 (java windows)
Cache-Control: no-cache
Content-Type: application/json; charset=utf-8
host: localhost:16540
accept: */*

Response DefaultHttpResponse(decodeResult: success, version: HTTP/1.1)
HTTP/1.1 404 Not Found
Content-Length: 848
Content-Type: application/json; charset=utf-8
cache-control: no-cache

10:51:06.136 [AsyncHttpClient-1-6] DEBUG org.asynchttpclient.netty.channel.ChannelManager - Adding key: http://localhost:16540 for channel [id: 0xac1abbb1, L:/127.0.0.1:58561 - R:localhost/127.0.0.1:16540]
10:51:06.138 [Forwarding getCurrentUrl on session 9fbb6ee98356802f6881f78f8e080ce7 to remote] DEBUG org.asynchttpclient.netty.request.NettyRequestSender - Using pooled Channel '[id: 0xac1abbb1, L:/127.0.0.1:58561 - R:localhost/127.0.0.1:16540]' for 'GET' to 'http://localhost:16540/session/9fbb6ee98356802f6881f78f8e080ce7/url'
10:51:06.138 [Forwarding getCurrentUrl on session 9fbb6ee98356802f6881f78f8e080ce7 to remote] DEBUG org.asynchttpclient.netty.request.NettyRequestSender - Using open Channel [id: 0xac1abbb1, L:/127.0.0.1:58561 - R:localhost/127.0.0.1:16540] for GET '/session/9fbb6ee98356802f6881f78f8e080ce7/url'
10:51:06.142 [AsyncHttpClient-1-6] DEBUG org.asynchttpclient.netty.handler.HttpHandler - 

Request DefaultFullHttpRequest(decodeResult: success, version: HTTP/1.1, content: EmptyByteBufBE)
GET /session/9fbb6ee98356802f6881f78f8e080ce7/url HTTP/1.1
User-Agent: selenium/4.8.1 (java windows)
Cache-Control: no-cache
Content-Type: application/json; charset=utf-8
host: localhost:16540
accept: */*

Response DefaultHttpResponse(decodeResult: success, version: HTTP/1.1)
HTTP/1.1 200 OK
Content-Length: 54
Content-Type: application/json; charset=utf-8
cache-control: no-cache

10:51:06.142 [AsyncHttpClient-1-6] DEBUG org.asynchttpclient.netty.channel.ChannelManager - Adding key: http://localhost:16540 for channel [id: 0xac1abbb1, L:/127.0.0.1:58561 - R:localhost/127.0.0.1:16540]
10:51:06.143 [Forwarding screenshot on session 9fbb6ee98356802f6881f78f8e080ce7 to remote] DEBUG org.asynchttpclient.netty.request.NettyRequestSender - Using pooled Channel '[id: 0xac1abbb1, L:/127.0.0.1:58561 - R:localhost/127.0.0.1:16540]' for 'GET' to 'http://localhost:16540/session/9fbb6ee98356802f6881f78f8e080ce7/screenshot'
10:51:06.143 [Forwarding screenshot on session 9fbb6ee98356802f6881f78f8e080ce7 to remote] DEBUG org.asynchttpclient.netty.request.NettyRequestSender - Using open Channel [id: 0xac1abbb1, L:/127.0.0.1:58561 - R:localhost/127.0.0.1:16540] for GET '/session/9fbb6ee98356802f6881f78f8e080ce7/screenshot'
10:51:06.543 [AsyncHttpClient-1-6] DEBUG org.asynchttpclient.netty.handler.HttpHandler - 

Request DefaultFullHttpRequest(decodeResult: success, version: HTTP/1.1, content: EmptyByteBufBE)
GET /session/9fbb6ee98356802f6881f78f8e080ce7/screenshot HTTP/1.1
User-Agent: selenium/4.8.1 (java windows)
Cache-Control: no-cache
Content-Type: application/json; charset=utf-8
host: localhost:16540
accept: */*

Response DefaultHttpResponse(decodeResult: success, version: HTTP/1.1)
HTTP/1.1 200 OK
Content-Length: 34416
Content-Type: application/json; charset=utf-8
cache-control: no-cache

10:51:06.543 [AsyncHttpClient-1-6] DEBUG org.asynchttpclient.netty.channel.ChannelManager - Adding key: http://localhost:16540 for channel [id: 0xac1abbb1, L:/127.0.0.1:58561 - R:localhost/127.0.0.1:16540]
10:51:06.545 [main] DEBUG net.serenitybdd.core.photography.Darkroom - Send negative for processing for target\site\serenity\c7b3714e71272fd56a58679ab4b548737bdefade126feb023c9e43a873d4f053.png
10:51:06.546 [main] DEBUG net.thucydides.core.steps.StepInterceptor - STEP DONE: clickRegisterButton
  &amp#27;[32mWhen &amp#27;[0m&amp#27;[32mUser successfully register&amp#27;[0m                                                 &amp#27;[90m# starter.stepdefinition.IntegrationSteps.registers()&amp#27;[0m
10:51:06.546 [Darkroom Processing Line] DEBUG net.serenitybdd.core.photography.DarkroomProcessingLine - Processing screenshot image in /var/screenshots/screenshot-14598208804132269162
10:51:06.546 [Darkroom Processing Line] DEBUG net.serenitybdd.core.photography.DarkroomProcessingLine - Saving screenshot to target\site\serenity\c7b3714e71272fd56a58679ab4b548737bdefade126feb023c9e43a873d4f053.png
10:51:06.558 [Forwarding getPageSource on session 9fbb6ee98356802f6881f78f8e080ce7 to remote] DEBUG org.asynchttpclient.netty.request.NettyRequestSender - Using pooled Channel '[id: 0xac1abbb1, L:/127.0.0.1:58561 - R:localhost/127.0.0.1:16540]' for 'POST' to 'http://localhost:16540/session/9fbb6ee98356802f6881f78f8e080ce7/execute/sync'
10:51:06.558 [Forwarding getPageSource on session 9fbb6ee98356802f6881f78f8e080ce7 to remote] DEBUG org.asynchttpclient.netty.request.NettyRequestSender - Using open Channel [id: 0xac1abbb1, L:/127.0.0.1:58561 - R:localhost/127.0.0.1:16540] for POST '/session/9fbb6ee98356802f6881f78f8e080ce7/execute/sync'
10:51:06.565 [AsyncHttpClient-1-6] DEBUG org.asynchttpclient.netty.handler.HttpHandler - 

Request DefaultHttpRequest(decodeResult: success, version: HTTP/1.1)
POST /session/9fbb6ee98356802f6881f78f8e080ce7/execute/sync HTTP/1.1
User-Agent: selenium/4.8.1 (java windows)
Content-Length: 176
Content-Type: application/json; charset=utf-8
host: localhost:16540
accept: */*

Response DefaultHttpResponse(decodeResult: success, version: HTTP/1.1)
HTTP/1.1 200 OK
Content-Length: 22754
Content-Type: application/json; charset=utf-8
cache-control: no-cache

10:51:06.565 [AsyncHttpClient-1-6] DEBUG org.asynchttpclient.netty.channel.ChannelManager - Adding key: http://localhost:16540 for channel [id: 0xac1abbb1, L:/127.0.0.1:58561 - R:localhost/127.0.0.1:16540]
10:51:06.567 [Forwarding getCurrentUrl on session 9fbb6ee98356802f6881f78f8e080ce7 to remote] DEBUG org.asynchttpclient.netty.request.NettyRequestSender - Using pooled Channel '[id: 0xac1abbb1, L:/127.0.0.1:58561 - R:localhost/127.0.0.1:16540]' for 'GET' to 'http://localhost:16540/session/9fbb6ee98356802f6881f78f8e080ce7/url'
10:51:06.567 [Forwarding getCurrentUrl on session 9fbb6ee98356802f6881f78f8e080ce7 to remote] DEBUG org.asynchttpclient.netty.request.NettyRequestSender - Using open Channel [id: 0xac1abbb1, L:/127.0.0.1:58561 - R:localhost/127.0.0.1:16540] for GET '/session/9fbb6ee98356802f6881f78f8e080ce7/url'
10:51:06.571 [AsyncHttpClient-1-6] DEBUG org.asynchttpclient.netty.handler.HttpHandler - 

Request DefaultFullHttpRequest(decodeResult: success, version: HTTP/1.1, content: EmptyByteBufBE)
GET /session/9fbb6ee98356802f6881f78f8e080ce7/url HTTP/1.1
User-Agent: selenium/4.8.1 (java windows)
Cache-Control: no-cache
Content-Type: application/json; charset=utf-8
host: localhost:16540
accept: */*

Response DefaultHttpResponse(decodeResult: success, version: HTTP/1.1)
HTTP/1.1 200 OK
Content-Length: 54
Content-Type: application/json; charset=utf-8
cache-control: no-cache

10:51:06.571 [AsyncHttpClient-1-6] DEBUG org.asynchttpclient.netty.channel.ChannelManager - Adding key: http://localhost:16540 for channel [id: 0xac1abbb1, L:/127.0.0.1:58561 - R:localhost/127.0.0.1:16540]
10:51:06.587 [Forwarding getPageSource on session 9fbb6ee98356802f6881f78f8e080ce7 to remote] DEBUG org.asynchttpclient.netty.request.NettyRequestSender - Using pooled Channel '[id: 0xac1abbb1, L:/127.0.0.1:58561 - R:localhost/127.0.0.1:16540]' for 'POST' to 'http://localhost:16540/session/9fbb6ee98356802f6881f78f8e080ce7/execute/sync'
10:51:06.587 [Forwarding getPageSource on session 9fbb6ee98356802f6881f78f8e080ce7 to remote] DEBUG org.asynchttpclient.netty.request.NettyRequestSender - Using open Channel [id: 0xac1abbb1, L:/127.0.0.1:58561 - R:localhost/127.0.0.1:16540] for POST '/session/9fbb6ee98356802f6881f78f8e080ce7/execute/sync'
10:51:06.594 [AsyncHttpClient-1-6] DEBUG org.asynchttpclient.netty.handler.HttpHandler - 

Request DefaultHttpRequest(decodeResult: success, version: HTTP/1.1)
POST /session/9fbb6ee98356802f6881f78f8e080ce7/execute/sync HTTP/1.1
User-Agent: selenium/4.8.1 (java windows)
Content-Length: 176
Content-Type: application/json; charset=utf-8
host: localhost:16540
accept: */*

Response DefaultHttpResponse(decodeResult: success, version: HTTP/1.1)
HTTP/1.1 200 OK
Content-Length: 22754
Content-Type: application/json; charset=utf-8
cache-control: no-cache

10:51:06.594 [AsyncHttpClient-1-6] DEBUG org.asynchttpclient.netty.channel.ChannelManager - Adding key: http://localhost:16540 for channel [id: 0xac1abbb1, L:/127.0.0.1:58561 - R:localhost/127.0.0.1:16540]
10:51:06.598 [Forwarding getCurrentUrl on session 9fbb6ee98356802f6881f78f8e080ce7 to remote] DEBUG org.asynchttpclient.netty.request.NettyRequestSender - Using pooled Channel '[id: 0xac1abbb1, L:/127.0.0.1:58561 - R:localhost/127.0.0.1:16540]' for 'GET' to 'http://localhost:16540/session/9fbb6ee98356802f6881f78f8e080ce7/url'
10:51:06.599 [Forwarding getCurrentUrl on session 9fbb6ee98356802f6881f78f8e080ce7 to remote] DEBUG org.asynchttpclient.netty.request.NettyRequestSender - Using open Channel [id: 0xac1abbb1, L:/127.0.0.1:58561 - R:localhost/127.0.0.1:16540] for GET '/session/9fbb6ee98356802f6881f78f8e080ce7/url'
10:51:06.603 [AsyncHttpClient-1-6] DEBUG org.asynchttpclient.netty.handler.HttpHandler - 

Request DefaultFullHttpRequest(decodeResult: success, version: HTTP/1.1, content: EmptyByteBufBE)
GET /session/9fbb6ee98356802f6881f78f8e080ce7/url HTTP/1.1
User-Agent: selenium/4.8.1 (java windows)
Cache-Control: no-cache
Content-Type: application/json; charset=utf-8
host: localhost:16540
accept: */*

Response DefaultHttpResponse(decodeResult: success, version: HTTP/1.1)
HTTP/1.1 200 OK
Content-Length: 54
Content-Type: application/json; charset=utf-8
cache-control: no-cache

10:51:06.603 [AsyncHttpClient-1-6] DEBUG org.asynchttpclient.netty.channel.ChannelManager - Adding key: http://localhost:16540 for channel [id: 0xac1abbb1, L:/127.0.0.1:58561 - R:localhost/127.0.0.1:16540]
10:51:06.606 [main] DEBUG net.thucydides.core.steps.StepInterceptor - STARTING STEP: IntegrationSteps.userLogintoWebPage - inputEmail
10:51:06.610 [Forwarding findElement on session 9fbb6ee98356802f6881f78f8e080ce7 to remote] DEBUG org.asynchttpclient.netty.request.NettyRequestSender - Using pooled Channel '[id: 0xac1abbb1, L:/127.0.0.1:58561 - R:localhost/127.0.0.1:16540]' for 'POST' to 'http://localhost:16540/session/9fbb6ee98356802f6881f78f8e080ce7/element'
10:51:06.610 [Forwarding findElement on session 9fbb6ee98356802f6881f78f8e080ce7 to remote] DEBUG org.asynchttpclient.netty.request.NettyRequestSender - Using open Channel [id: 0xac1abbb1, L:/127.0.0.1:58561 - R:localhost/127.0.0.1:16540] for POST '/session/9fbb6ee98356802f6881f78f8e080ce7/element'
10:51:06.674 [AsyncHttpClient-1-6] DEBUG org.asynchttpclient.netty.handler.HttpHandler - 

Request DefaultHttpRequest(decodeResult: success, version: HTTP/1.1)
POST /session/9fbb6ee98356802f6881f78f8e080ce7/element HTTP/1.1
User-Agent: selenium/4.8.1 (java windows)
Content-Length: 55
Content-Type: application/json; charset=utf-8
host: localhost:16540
accept: */*

Response DefaultHttpResponse(decodeResult: success, version: HTTP/1.1)
HTTP/1.1 200 OK
Content-Length: 88
Content-Type: application/json; charset=utf-8
cache-control: no-cache

10:51:06.674 [AsyncHttpClient-1-6] DEBUG org.asynchttpclient.netty.channel.ChannelManager - Adding key: http://localhost:16540 for channel [id: 0xac1abbb1, L:/127.0.0.1:58561 - R:localhost/127.0.0.1:16540]
10:51:06.675 [Forwarding clearElement on session 9fbb6ee98356802f6881f78f8e080ce7 to remote] DEBUG org.asynchttpclient.netty.request.NettyRequestSender - Using pooled Channel '[id: 0xac1abbb1, L:/127.0.0.1:58561 - R:localhost/127.0.0.1:16540]' for 'POST' to 'http://localhost:16540/session/9fbb6ee98356802f6881f78f8e080ce7/element/4517e6ea-0571-4c81-9a59-a21bb1ab4a9a/clear'
10:51:06.675 [Forwarding clearElement on session 9fbb6ee98356802f6881f78f8e080ce7 to remote] DEBUG org.asynchttpclient.netty.request.NettyRequestSender - Using open Channel [id: 0xac1abbb1, L:/127.0.0.1:58561 - R:localhost/127.0.0.1:16540] for POST '/session/9fbb6ee98356802f6881f78f8e080ce7/element/4517e6ea-0571-4c81-9a59-a21bb1ab4a9a/clear'
10:51:06.716 [AsyncHttpClient-1-6] DEBUG org.asynchttpclient.netty.handler.HttpHandler - 

Request DefaultHttpRequest(decodeResult: success, version: HTTP/1.1)
POST /session/9fbb6ee98356802f6881f78f8e080ce7/element/4517e6ea-0571-4c81-9a59-a21bb1ab4a9a/clear HTTP/1.1
User-Agent: selenium/4.8.1 (java windows)
Content-Length: 50
Content-Type: application/json; charset=utf-8
host: localhost:16540
accept: */*

Response DefaultHttpResponse(decodeResult: success, version: HTTP/1.1)
HTTP/1.1 200 OK
Content-Length: 14
Content-Type: application/json; charset=utf-8
cache-control: no-cache

10:51:06.716 [AsyncHttpClient-1-6] DEBUG org.asynchttpclient.netty.channel.ChannelManager - Adding key: http://localhost:16540 for channel [id: 0xac1abbb1, L:/127.0.0.1:58561 - R:localhost/127.0.0.1:16540]
10:51:06.717 [Forwarding sendKeysToElement on session 9fbb6ee98356802f6881f78f8e080ce7 to remote] DEBUG org.asynchttpclient.netty.request.NettyRequestSender - Using pooled Channel '[id: 0xac1abbb1, L:/127.0.0.1:58561 - R:localhost/127.0.0.1:16540]' for 'POST' to 'http://localhost:16540/session/9fbb6ee98356802f6881f78f8e080ce7/element/4517e6ea-0571-4c81-9a59-a21bb1ab4a9a/value'
10:51:06.717 [Forwarding sendKeysToElement on session 9fbb6ee98356802f6881f78f8e080ce7 to remote] DEBUG org.asynchttpclient.netty.request.NettyRequestSender - Using open Channel [id: 0xac1abbb1, L:/127.0.0.1:58561 - R:localhost/127.0.0.1:16540] for POST '/session/9fbb6ee98356802f6881f78f8e080ce7/element/4517e6ea-0571-4c81-9a59-a21bb1ab4a9a/value'
10:51:06.745 [AsyncHttpClient-1-1] DEBUG org.asynchttpclient.netty.channel.DefaultChannelPool - Entry count for : http://localhost:58563 : 1
10:51:06.848 [AsyncHttpClient-1-6] DEBUG org.asynchttpclient.netty.handler.HttpHandler - 

Request DefaultHttpRequest(decodeResult: success, version: HTTP/1.1)
POST /session/9fbb6ee98356802f6881f78f8e080ce7/element/4517e6ea-0571-4c81-9a59-a21bb1ab4a9a/value HTTP/1.1
User-Agent: selenium/4.8.1 (java windows)
Content-Length: 201
Content-Type: application/json; charset=utf-8
host: localhost:16540
accept: */*

Response DefaultHttpResponse(decodeResult: success, version: HTTP/1.1)
HTTP/1.1 200 OK
Content-Length: 14
Content-Type: application/json; charset=utf-8
cache-control: no-cache

10:51:06.848 [AsyncHttpClient-1-6] DEBUG org.asynchttpclient.netty.channel.ChannelManager - Adding key: http://localhost:16540 for channel [id: 0xac1abbb1, L:/127.0.0.1:58561 - R:localhost/127.0.0.1:16540]
10:51:06.856 [Forwarding getAlertText on session 9fbb6ee98356802f6881f78f8e080ce7 to remote] DEBUG org.asynchttpclient.netty.request.NettyRequestSender - Using pooled Channel '[id: 0xac1abbb1, L:/127.0.0.1:58561 - R:localhost/127.0.0.1:16540]' for 'GET' to 'http://localhost:16540/session/9fbb6ee98356802f6881f78f8e080ce7/alert/text'
10:51:06.856 [Forwarding getAlertText on session 9fbb6ee98356802f6881f78f8e080ce7 to remote] DEBUG org.asynchttpclient.netty.request.NettyRequestSender - Using open Channel [id: 0xac1abbb1, L:/127.0.0.1:58561 - R:localhost/127.0.0.1:16540] for GET '/session/9fbb6ee98356802f6881f78f8e080ce7/alert/text'
10:51:06.858 [AsyncHttpClient-1-6] DEBUG org.asynchttpclient.netty.handler.HttpHandler - 

Request DefaultFullHttpRequest(decodeResult: success, version: HTTP/1.1, content: EmptyByteBufBE)
GET /session/9fbb6ee98356802f6881f78f8e080ce7/alert/text HTTP/1.1
User-Agent: selenium/4.8.1 (java windows)
Cache-Control: no-cache
Content-Type: application/json; charset=utf-8
host: localhost:16540
accept: */*

Response DefaultHttpResponse(decodeResult: success, version: HTTP/1.1)
HTTP/1.1 404 Not Found
Content-Length: 848
Content-Type: application/json; charset=utf-8
cache-control: no-cache

10:51:06.858 [AsyncHttpClient-1-6] DEBUG org.asynchttpclient.netty.channel.ChannelManager - Adding key: http://localhost:16540 for channel [id: 0xac1abbb1, L:/127.0.0.1:58561 - R:localhost/127.0.0.1:16540]
10:51:06.859 [Forwarding getCurrentUrl on session 9fbb6ee98356802f6881f78f8e080ce7 to remote] DEBUG org.asynchttpclient.netty.request.NettyRequestSender - Using pooled Channel '[id: 0xac1abbb1, L:/127.0.0.1:58561 - R:localhost/127.0.0.1:16540]' for 'GET' to 'http://localhost:16540/session/9fbb6ee98356802f6881f78f8e080ce7/url'
10:51:06.859 [Forwarding getCurrentUrl on session 9fbb6ee98356802f6881f78f8e080ce7 to remote] DEBUG org.asynchttpclient.netty.request.NettyRequestSender - Using open Channel [id: 0xac1abbb1, L:/127.0.0.1:58561 - R:localhost/127.0.0.1:16540] for GET '/session/9fbb6ee98356802f6881f78f8e080ce7/url'
10:51:06.864 [AsyncHttpClient-1-6] DEBUG org.asynchttpclient.netty.handler.HttpHandler - 

Request DefaultFullHttpRequest(decodeResult: success, version: HTTP/1.1, content: EmptyByteBufBE)
GET /session/9fbb6ee98356802f6881f78f8e080ce7/url HTTP/1.1
User-Agent: selenium/4.8.1 (java windows)
Cache-Control: no-cache
Content-Type: application/json; charset=utf-8
host: localhost:16540
accept: */*

Response DefaultHttpResponse(decodeResult: success, version: HTTP/1.1)
HTTP/1.1 200 OK
Content-Length: 51
Content-Type: application/json; charset=utf-8
cache-control: no-cache

10:51:06.864 [AsyncHttpClient-1-6] DEBUG org.asynchttpclient.netty.channel.ChannelManager - Adding key: http://localhost:16540 for channel [id: 0xac1abbb1, L:/127.0.0.1:58561 - R:localhost/127.0.0.1:16540]
10:51:06.865 [Forwarding screenshot on session 9fbb6ee98356802f6881f78f8e080ce7 to remote] DEBUG org.asynchttpclient.netty.request.NettyRequestSender - Using pooled Channel '[id: 0xac1abbb1, L:/127.0.0.1:58561 - R:localhost/127.0.0.1:16540]' for 'GET' to 'http://localhost:16540/session/9fbb6ee98356802f6881f78f8e080ce7/screenshot'
10:51:06.865 [Forwarding screenshot on session 9fbb6ee98356802f6881f78f8e080ce7 to remote] DEBUG org.asynchttpclient.netty.request.NettyRequestSender - Using open Channel [id: 0xac1abbb1, L:/127.0.0.1:58561 - R:localhost/127.0.0.1:16540] for GET '/session/9fbb6ee98356802f6881f78f8e080ce7/screenshot'
10:51:07.062 [AsyncHttpClient-1-6] DEBUG org.asynchttpclient.netty.handler.HttpHandler - 

Request DefaultFullHttpRequest(decodeResult: success, version: HTTP/1.1, content: EmptyByteBufBE)
GET /session/9fbb6ee98356802f6881f78f8e080ce7/screenshot HTTP/1.1
User-Agent: selenium/4.8.1 (java windows)
Cache-Control: no-cache
Content-Type: application/json; charset=utf-8
host: localhost:16540
accept: */*

Response DefaultHttpResponse(decodeResult: success, version: HTTP/1.1)
HTTP/1.1 200 OK
Content-Length: 28748
Content-Type: application/json; charset=utf-8
cache-control: no-cache

10:51:07.063 [AsyncHttpClient-1-6] DEBUG org.asynchttpclient.netty.channel.ChannelManager - Adding key: http://localhost:16540 for channel [id: 0xac1abbb1, L:/127.0.0.1:58561 - R:localhost/127.0.0.1:16540]
10:51:07.066 [main] DEBUG net.serenitybdd.core.photography.Darkroom - Send negative for processing for target\site\serenity\84ae85e2db6729c04187a8c624b99b5f7b17fd1fff4394ea212f910965ca6bdf.png
10:51:07.066 [main] DEBUG net.thucydides.core.steps.StepInterceptor - STEP DONE: inputEmail
10:51:07.066 [Darkroom Processing Line] DEBUG net.serenitybdd.core.photography.DarkroomProcessingLine - Processing screenshot image in /var/screenshots/screenshot-10359144252689411054
10:51:07.066 [Darkroom Processing Line] DEBUG net.serenitybdd.core.photography.DarkroomProcessingLine - Saving screenshot to target\site\serenity\84ae85e2db6729c04187a8c624b99b5f7b17fd1fff4394ea212f910965ca6bdf.png
10:51:07.075 [Forwarding getPageSource on session 9fbb6ee98356802f6881f78f8e080ce7 to remote] DEBUG org.asynchttpclient.netty.request.NettyRequestSender - Using pooled Channel '[id: 0xac1abbb1, L:/127.0.0.1:58561 - R:localhost/127.0.0.1:16540]' for 'POST' to 'http://localhost:16540/session/9fbb6ee98356802f6881f78f8e080ce7/execute/sync'
10:51:07.075 [Forwarding getPageSource on session 9fbb6ee98356802f6881f78f8e080ce7 to remote] DEBUG org.asynchttpclient.netty.request.NettyRequestSender - Using open Channel [id: 0xac1abbb1, L:/127.0.0.1:58561 - R:localhost/127.0.0.1:16540] for POST '/session/9fbb6ee98356802f6881f78f8e080ce7/execute/sync'
10:51:07.083 [AsyncHttpClient-1-6] DEBUG org.asynchttpclient.netty.handler.HttpHandler - 

Request DefaultHttpRequest(decodeResult: success, version: HTTP/1.1)
POST /session/9fbb6ee98356802f6881f78f8e080ce7/execute/sync HTTP/1.1
User-Agent: selenium/4.8.1 (java windows)
Content-Length: 176
Content-Type: application/json; charset=utf-8
host: localhost:16540
accept: */*

Response DefaultHttpResponse(decodeResult: success, version: HTTP/1.1)
HTTP/1.1 200 OK
Content-Length: 21863
Content-Type: application/json; charset=utf-8
cache-control: no-cache

10:51:07.084 [AsyncHttpClient-1-6] DEBUG org.asynchttpclient.netty.channel.ChannelManager - Adding key: http://localhost:16540 for channel [id: 0xac1abbb1, L:/127.0.0.1:58561 - R:localhost/127.0.0.1:16540]
10:51:07.086 [Forwarding getCurrentUrl on session 9fbb6ee98356802f6881f78f8e080ce7 to remote] DEBUG org.asynchttpclient.netty.request.NettyRequestSender - Using pooled Channel '[id: 0xac1abbb1, L:/127.0.0.1:58561 - R:localhost/127.0.0.1:16540]' for 'GET' to 'http://localhost:16540/session/9fbb6ee98356802f6881f78f8e080ce7/url'
10:51:07.086 [Forwarding getCurrentUrl on session 9fbb6ee98356802f6881f78f8e080ce7 to remote] DEBUG org.asynchttpclient.netty.request.NettyRequestSender - Using open Channel [id: 0xac1abbb1, L:/127.0.0.1:58561 - R:localhost/127.0.0.1:16540] for GET '/session/9fbb6ee98356802f6881f78f8e080ce7/url'
10:51:07.090 [AsyncHttpClient-1-6] DEBUG org.asynchttpclient.netty.handler.HttpHandler - 

Request DefaultFullHttpRequest(decodeResult: success, version: HTTP/1.1, content: EmptyByteBufBE)
GET /session/9fbb6ee98356802f6881f78f8e080ce7/url HTTP/1.1
User-Agent: selenium/4.8.1 (java windows)
Cache-Control: no-cache
Content-Type: application/json; charset=utf-8
host: localhost:16540
accept: */*

Response DefaultHttpResponse(decodeResult: success, version: HTTP/1.1)
HTTP/1.1 200 OK
Content-Length: 51
Content-Type: application/json; charset=utf-8
cache-control: no-cache

10:51:07.090 [AsyncHttpClient-1-6] DEBUG org.asynchttpclient.netty.channel.ChannelManager - Adding key: http://localhost:16540 for channel [id: 0xac1abbb1, L:/127.0.0.1:58561 - R:localhost/127.0.0.1:16540]
10:51:07.093 [main] DEBUG net.thucydides.core.steps.StepInterceptor - STARTING STEP: IntegrationSteps.userLogintoWebPage - inputPassword
10:51:07.097 [Forwarding findElement on session 9fbb6ee98356802f6881f78f8e080ce7 to remote] DEBUG org.asynchttpclient.netty.request.NettyRequestSender - Using pooled Channel '[id: 0xac1abbb1, L:/127.0.0.1:58561 - R:localhost/127.0.0.1:16540]' for 'POST' to 'http://localhost:16540/session/9fbb6ee98356802f6881f78f8e080ce7/element'
10:51:07.097 [Forwarding findElement on session 9fbb6ee98356802f6881f78f8e080ce7 to remote] DEBUG org.asynchttpclient.netty.request.NettyRequestSender - Using open Channel [id: 0xac1abbb1, L:/127.0.0.1:58561 - R:localhost/127.0.0.1:16540] for POST '/session/9fbb6ee98356802f6881f78f8e080ce7/element'
10:51:07.112 [AsyncHttpClient-1-6] DEBUG org.asynchttpclient.netty.handler.HttpHandler - 

Request DefaultHttpRequest(decodeResult: success, version: HTTP/1.1)
POST /session/9fbb6ee98356802f6881f78f8e080ce7/element HTTP/1.1
User-Agent: selenium/4.8.1 (java windows)
Content-Length: 55
Content-Type: application/json; charset=utf-8
host: localhost:16540
accept: */*

Response DefaultHttpResponse(decodeResult: success, version: HTTP/1.1)
HTTP/1.1 200 OK
Content-Length: 88
Content-Type: application/json; charset=utf-8
cache-control: no-cache

10:51:07.113 [AsyncHttpClient-1-6] DEBUG org.asynchttpclient.netty.channel.ChannelManager - Adding key: http://localhost:16540 for channel [id: 0xac1abbb1, L:/127.0.0.1:58561 - R:localhost/127.0.0.1:16540]
10:51:07.115 [Forwarding clearElement on session 9fbb6ee98356802f6881f78f8e080ce7 to remote] DEBUG org.asynchttpclient.netty.request.NettyRequestSender - Using pooled Channel '[id: 0xac1abbb1, L:/127.0.0.1:58561 - R:localhost/127.0.0.1:16540]' for 'POST' to 'http://localhost:16540/session/9fbb6ee98356802f6881f78f8e080ce7/element/0191b61b-bc3e-43c1-9646-4c221100dad5/clear'
10:51:07.115 [Forwarding clearElement on session 9fbb6ee98356802f6881f78f8e080ce7 to remote] DEBUG org.asynchttpclient.netty.request.NettyRequestSender - Using open Channel [id: 0xac1abbb1, L:/127.0.0.1:58561 - R:localhost/127.0.0.1:16540] for POST '/session/9fbb6ee98356802f6881f78f8e080ce7/element/0191b61b-bc3e-43c1-9646-4c221100dad5/clear'
10:51:07.165 [AsyncHttpClient-1-6] DEBUG org.asynchttpclient.netty.handler.HttpHandler - 

Request DefaultHttpRequest(decodeResult: success, version: HTTP/1.1)
POST /session/9fbb6ee98356802f6881f78f8e080ce7/element/0191b61b-bc3e-43c1-9646-4c221100dad5/clear HTTP/1.1
User-Agent: selenium/4.8.1 (java windows)
Content-Length: 50
Content-Type: application/json; charset=utf-8
host: localhost:16540
accept: */*

Response DefaultHttpResponse(decodeResult: success, version: HTTP/1.1)
HTTP/1.1 200 OK
Content-Length: 14
Content-Type: application/json; charset=utf-8
cache-control: no-cache

10:51:07.165 [AsyncHttpClient-1-6] DEBUG org.asynchttpclient.netty.channel.ChannelManager - Adding key: http://localhost:16540 for channel [id: 0xac1abbb1, L:/127.0.0.1:58561 - R:localhost/127.0.0.1:16540]
10:51:07.167 [Forwarding sendKeysToElement on session 9fbb6ee98356802f6881f78f8e080ce7 to remote] DEBUG org.asynchttpclient.netty.request.NettyRequestSender - Using pooled Channel '[id: 0xac1abbb1, L:/127.0.0.1:58561 - R:localhost/127.0.0.1:16540]' for 'POST' to 'http://localhost:16540/session/9fbb6ee98356802f6881f78f8e080ce7/element/0191b61b-bc3e-43c1-9646-4c221100dad5/value'
10:51:07.167 [Forwarding sendKeysToElement on session 9fbb6ee98356802f6881f78f8e080ce7 to remote] DEBUG org.asynchttpclient.netty.request.NettyRequestSender - Using open Channel [id: 0xac1abbb1, L:/127.0.0.1:58561 - R:localhost/127.0.0.1:16540] for POST '/session/9fbb6ee98356802f6881f78f8e080ce7/element/0191b61b-bc3e-43c1-9646-4c221100dad5/value'
10:51:07.278 [AsyncHttpClient-1-6] DEBUG org.asynchttpclient.netty.handler.HttpHandler - 

Request DefaultHttpRequest(decodeResult: success, version: HTTP/1.1)
POST /session/9fbb6ee98356802f6881f78f8e080ce7/element/0191b61b-bc3e-43c1-9646-4c221100dad5/value HTTP/1.1
User-Agent: selenium/4.8.1 (java windows)
Content-Length: 141
Content-Type: application/json; charset=utf-8
host: localhost:16540
accept: */*

Response DefaultHttpResponse(decodeResult: success, version: HTTP/1.1)
HTTP/1.1 200 OK
Content-Length: 14
Content-Type: application/json; charset=utf-8
cache-control: no-cache

10:51:07.278 [AsyncHttpClient-1-6] DEBUG org.asynchttpclient.netty.channel.ChannelManager - Adding key: http://localhost:16540 for channel [id: 0xac1abbb1, L:/127.0.0.1:58561 - R:localhost/127.0.0.1:16540]
10:51:07.288 [Forwarding getAlertText on session 9fbb6ee98356802f6881f78f8e080ce7 to remote] DEBUG org.asynchttpclient.netty.request.NettyRequestSender - Using pooled Channel '[id: 0xac1abbb1, L:/127.0.0.1:58561 - R:localhost/127.0.0.1:16540]' for 'GET' to 'http://localhost:16540/session/9fbb6ee98356802f6881f78f8e080ce7/alert/text'
10:51:07.288 [Forwarding getAlertText on session 9fbb6ee98356802f6881f78f8e080ce7 to remote] DEBUG org.asynchttpclient.netty.request.NettyRequestSender - Using open Channel [id: 0xac1abbb1, L:/127.0.0.1:58561 - R:localhost/127.0.0.1:16540] for GET '/session/9fbb6ee98356802f6881f78f8e080ce7/alert/text'
10:51:07.290 [AsyncHttpClient-1-6] DEBUG org.asynchttpclient.netty.handler.HttpHandler - 

Request DefaultFullHttpRequest(decodeResult: success, version: HTTP/1.1, content: EmptyByteBufBE)
GET /session/9fbb6ee98356802f6881f78f8e080ce7/alert/text HTTP/1.1
User-Agent: selenium/4.8.1 (java windows)
Cache-Control: no-cache
Content-Type: application/json; charset=utf-8
host: localhost:16540
accept: */*

Response DefaultHttpResponse(decodeResult: success, version: HTTP/1.1)
HTTP/1.1 404 Not Found
Content-Length: 848
Content-Type: application/json; charset=utf-8
cache-control: no-cache

10:51:07.290 [AsyncHttpClient-1-6] DEBUG org.asynchttpclient.netty.channel.ChannelManager - Adding key: http://localhost:16540 for channel [id: 0xac1abbb1, L:/127.0.0.1:58561 - R:localhost/127.0.0.1:16540]
10:51:07.291 [Forwarding getCurrentUrl on session 9fbb6ee98356802f6881f78f8e080ce7 to remote] DEBUG org.asynchttpclient.netty.request.NettyRequestSender - Using pooled Channel '[id: 0xac1abbb1, L:/127.0.0.1:58561 - R:localhost/127.0.0.1:16540]' for 'GET' to 'http://localhost:16540/session/9fbb6ee98356802f6881f78f8e080ce7/url'
10:51:07.291 [Forwarding getCurrentUrl on session 9fbb6ee98356802f6881f78f8e080ce7 to remote] DEBUG org.asynchttpclient.netty.request.NettyRequestSender - Using open Channel [id: 0xac1abbb1, L:/127.0.0.1:58561 - R:localhost/127.0.0.1:16540] for GET '/session/9fbb6ee98356802f6881f78f8e080ce7/url'
10:51:07.296 [AsyncHttpClient-1-6] DEBUG org.asynchttpclient.netty.handler.HttpHandler - 

Request DefaultFullHttpRequest(decodeResult: success, version: HTTP/1.1, content: EmptyByteBufBE)
GET /session/9fbb6ee98356802f6881f78f8e080ce7/url HTTP/1.1
User-Agent: selenium/4.8.1 (java windows)
Cache-Control: no-cache
Content-Type: application/json; charset=utf-8
host: localhost:16540
accept: */*

Response DefaultHttpResponse(decodeResult: success, version: HTTP/1.1)
HTTP/1.1 200 OK
Content-Length: 51
Content-Type: application/json; charset=utf-8
cache-control: no-cache

10:51:07.297 [AsyncHttpClient-1-6] DEBUG org.asynchttpclient.netty.channel.ChannelManager - Adding key: http://localhost:16540 for channel [id: 0xac1abbb1, L:/127.0.0.1:58561 - R:localhost/127.0.0.1:16540]
10:51:07.297 [Forwarding screenshot on session 9fbb6ee98356802f6881f78f8e080ce7 to remote] DEBUG org.asynchttpclient.netty.request.NettyRequestSender - Using pooled Channel '[id: 0xac1abbb1, L:/127.0.0.1:58561 - R:localhost/127.0.0.1:16540]' for 'GET' to 'http://localhost:16540/session/9fbb6ee98356802f6881f78f8e080ce7/screenshot'
10:51:07.297 [Forwarding screenshot on session 9fbb6ee98356802f6881f78f8e080ce7 to remote] DEBUG org.asynchttpclient.netty.request.NettyRequestSender - Using open Channel [id: 0xac1abbb1, L:/127.0.0.1:58561 - R:localhost/127.0.0.1:16540] for GET '/session/9fbb6ee98356802f6881f78f8e080ce7/screenshot'
10:51:07.536 [AsyncHttpClient-1-6] DEBUG org.asynchttpclient.netty.handler.HttpHandler - 

Request DefaultFullHttpRequest(decodeResult: success, version: HTTP/1.1, content: EmptyByteBufBE)
GET /session/9fbb6ee98356802f6881f78f8e080ce7/screenshot HTTP/1.1
User-Agent: selenium/4.8.1 (java windows)
Cache-Control: no-cache
Content-Type: application/json; charset=utf-8
host: localhost:16540
accept: */*

Response DefaultHttpResponse(decodeResult: success, version: HTTP/1.1)
HTTP/1.1 200 OK
Content-Length: 29152
Content-Type: application/json; charset=utf-8
cache-control: no-cache

10:51:07.536 [AsyncHttpClient-1-6] DEBUG org.asynchttpclient.netty.channel.ChannelManager - Adding key: http://localhost:16540 for channel [id: 0xac1abbb1, L:/127.0.0.1:58561 - R:localhost/127.0.0.1:16540]
10:51:07.537 [main] DEBUG net.serenitybdd.core.photography.Darkroom - Send negative for processing for target\site\serenity\00f7e8dd9de42dfd293e34602780eafea40489c7e5c7ea57c367c545291fea49.png
10:51:07.538 [main] DEBUG net.thucydides.core.steps.StepInterceptor - STEP DONE: inputPassword
10:51:07.538 [Darkroom Processing Line] DEBUG net.serenitybdd.core.photography.DarkroomProcessingLine - Processing screenshot image in /var/screenshots/screenshot-2291974420088413093
10:51:07.538 [Darkroom Processing Line] DEBUG net.serenitybdd.core.photography.DarkroomProcessingLine - Saving screenshot to target\site\serenity\00f7e8dd9de42dfd293e34602780eafea40489c7e5c7ea57c367c545291fea49.png
10:51:07.553 [Forwarding getPageSource on session 9fbb6ee98356802f6881f78f8e080ce7 to remote] DEBUG org.asynchttpclient.netty.request.NettyRequestSender - Using pooled Channel '[id: 0xac1abbb1, L:/127.0.0.1:58561 - R:localhost/127.0.0.1:16540]' for 'POST' to 'http://localhost:16540/session/9fbb6ee98356802f6881f78f8e080ce7/execute/sync'
10:51:07.553 [Forwarding getPageSource on session 9fbb6ee98356802f6881f78f8e080ce7 to remote] DEBUG org.asynchttpclient.netty.request.NettyRequestSender - Using open Channel [id: 0xac1abbb1, L:/127.0.0.1:58561 - R:localhost/127.0.0.1:16540] for POST '/session/9fbb6ee98356802f6881f78f8e080ce7/execute/sync'
10:51:07.560 [AsyncHttpClient-1-6] DEBUG org.asynchttpclient.netty.handler.HttpHandler - 

Request DefaultHttpRequest(decodeResult: success, version: HTTP/1.1)
POST /session/9fbb6ee98356802f6881f78f8e080ce7/execute/sync HTTP/1.1
User-Agent: selenium/4.8.1 (java windows)
Content-Length: 176
Content-Type: application/json; charset=utf-8
host: localhost:16540
accept: */*

Response DefaultHttpResponse(decodeResult: success, version: HTTP/1.1)
HTTP/1.1 200 OK
Content-Length: 21922
Content-Type: application/json; charset=utf-8
cache-control: no-cache

10:51:07.560 [AsyncHttpClient-1-6] DEBUG org.asynchttpclient.netty.channel.ChannelManager - Adding key: http://localhost:16540 for channel [id: 0xac1abbb1, L:/127.0.0.1:58561 - R:localhost/127.0.0.1:16540]
10:51:07.565 [Forwarding getCurrentUrl on session 9fbb6ee98356802f6881f78f8e080ce7 to remote] DEBUG org.asynchttpclient.netty.request.NettyRequestSender - Using pooled Channel '[id: 0xac1abbb1, L:/127.0.0.1:58561 - R:localhost/127.0.0.1:16540]' for 'GET' to 'http://localhost:16540/session/9fbb6ee98356802f6881f78f8e080ce7/url'
10:51:07.565 [Forwarding getCurrentUrl on session 9fbb6ee98356802f6881f78f8e080ce7 to remote] DEBUG org.asynchttpclient.netty.request.NettyRequestSender - Using open Channel [id: 0xac1abbb1, L:/127.0.0.1:58561 - R:localhost/127.0.0.1:16540] for GET '/session/9fbb6ee98356802f6881f78f8e080ce7/url'
10:51:07.569 [AsyncHttpClient-1-6] DEBUG org.asynchttpclient.netty.handler.HttpHandler - 

Request DefaultFullHttpRequest(decodeResult: success, version: HTTP/1.1, content: EmptyByteBufBE)
GET /session/9fbb6ee98356802f6881f78f8e080ce7/url HTTP/1.1
User-Agent: selenium/4.8.1 (java windows)
Cache-Control: no-cache
Content-Type: application/json; charset=utf-8
host: localhost:16540
accept: */*

Response DefaultHttpResponse(decodeResult: success, version: HTTP/1.1)
HTTP/1.1 200 OK
Content-Length: 51
Content-Type: application/json; charset=utf-8
cache-control: no-cache

10:51:07.569 [AsyncHttpClient-1-6] DEBUG org.asynchttpclient.netty.channel.ChannelManager - Adding key: http://localhost:16540 for channel [id: 0xac1abbb1, L:/127.0.0.1:58561 - R:localhost/127.0.0.1:16540]
10:51:07.572 [main] DEBUG net.thucydides.core.steps.StepInterceptor - STARTING STEP: IntegrationSteps.userLogintoWebPage - ClickLoginButton
10:51:07.574 [Forwarding setTimeout on session 9fbb6ee98356802f6881f78f8e080ce7 to remote] DEBUG org.asynchttpclient.netty.request.NettyRequestSender - Using pooled Channel '[id: 0xac1abbb1, L:/127.0.0.1:58561 - R:localhost/127.0.0.1:16540]' for 'POST' to 'http://localhost:16540/session/9fbb6ee98356802f6881f78f8e080ce7/timeouts'
10:51:07.574 [Forwarding setTimeout on session 9fbb6ee98356802f6881f78f8e080ce7 to remote] DEBUG org.asynchttpclient.netty.request.NettyRequestSender - Using open Channel [id: 0xac1abbb1, L:/127.0.0.1:58561 - R:localhost/127.0.0.1:16540] for POST '/session/9fbb6ee98356802f6881f78f8e080ce7/timeouts'
10:51:07.575 [AsyncHttpClient-1-6] DEBUG org.asynchttpclient.netty.handler.HttpHandler - 

Request DefaultHttpRequest(decodeResult: success, version: HTTP/1.1)
POST /session/9fbb6ee98356802f6881f78f8e080ce7/timeouts HTTP/1.1
User-Agent: selenium/4.8.1 (java windows)
Content-Length: 19
Content-Type: application/json; charset=utf-8
host: localhost:16540
accept: */*

Response DefaultHttpResponse(decodeResult: success, version: HTTP/1.1)
HTTP/1.1 200 OK
Content-Length: 14
Content-Type: application/json; charset=utf-8
cache-control: no-cache

10:51:07.575 [AsyncHttpClient-1-6] DEBUG org.asynchttpclient.netty.channel.ChannelManager - Adding key: http://localhost:16540 for channel [id: 0xac1abbb1, L:/127.0.0.1:58561 - R:localhost/127.0.0.1:16540]
10:51:07.578 [Forwarding findElements on session 9fbb6ee98356802f6881f78f8e080ce7 to remote] DEBUG org.asynchttpclient.netty.request.NettyRequestSender - Using pooled Channel '[id: 0xac1abbb1, L:/127.0.0.1:58561 - R:localhost/127.0.0.1:16540]' for 'POST' to 'http://localhost:16540/session/9fbb6ee98356802f6881f78f8e080ce7/elements'
10:51:07.578 [Forwarding findElements on session 9fbb6ee98356802f6881f78f8e080ce7 to remote] DEBUG org.asynchttpclient.netty.request.NettyRequestSender - Using open Channel [id: 0xac1abbb1, L:/127.0.0.1:58561 - R:localhost/127.0.0.1:16540] for POST '/session/9fbb6ee98356802f6881f78f8e080ce7/elements'
10:51:07.598 [AsyncHttpClient-1-6] DEBUG org.asynchttpclient.netty.handler.HttpHandler - 

Request DefaultHttpRequest(decodeResult: success, version: HTTP/1.1)
POST /session/9fbb6ee98356802f6881f78f8e080ce7/elements HTTP/1.1
User-Agent: selenium/4.8.1 (java windows)
Content-Length: 222
Content-Type: application/json; charset=utf-8
host: localhost:16540
accept: */*

Response DefaultHttpResponse(decodeResult: success, version: HTTP/1.1)
HTTP/1.1 200 OK
Content-Length: 90
Content-Type: application/json; charset=utf-8
cache-control: no-cache

10:51:07.598 [AsyncHttpClient-1-6] DEBUG org.asynchttpclient.netty.channel.ChannelManager - Adding key: http://localhost:16540 for channel [id: 0xac1abbb1, L:/127.0.0.1:58561 - R:localhost/127.0.0.1:16540]
10:51:07.603 [Forwarding isElementDisplayed on session 9fbb6ee98356802f6881f78f8e080ce7 to remote] DEBUG org.asynchttpclient.netty.request.NettyRequestSender - Using pooled Channel '[id: 0xac1abbb1, L:/127.0.0.1:58561 - R:localhost/127.0.0.1:16540]' for 'POST' to 'http://localhost:16540/session/9fbb6ee98356802f6881f78f8e080ce7/execute/sync'
10:51:07.603 [Forwarding isElementDisplayed on session 9fbb6ee98356802f6881f78f8e080ce7 to remote] DEBUG org.asynchttpclient.netty.request.NettyRequestSender - Using open Channel [id: 0xac1abbb1, L:/127.0.0.1:58561 - R:localhost/127.0.0.1:16540] for POST '/session/9fbb6ee98356802f6881f78f8e080ce7/execute/sync'
10:51:07.614 [AsyncHttpClient-1-6] DEBUG org.asynchttpclient.netty.handler.HttpHandler - 

Request DefaultHttpRequest(decodeResult: success, version: HTTP/1.1)
POST /session/9fbb6ee98356802f6881f78f8e080ce7/execute/sync HTTP/1.1
User-Agent: selenium/4.8.1 (java windows)
Content-Length: 48807
Content-Type: application/json; charset=utf-8
host: localhost:16540
accept: */*

Response DefaultHttpResponse(decodeResult: success, version: HTTP/1.1)
HTTP/1.1 200 OK
Content-Length: 14
Content-Type: application/json; charset=utf-8
cache-control: no-cache

10:51:07.614 [AsyncHttpClient-1-6] DEBUG org.asynchttpclient.netty.channel.ChannelManager - Adding key: http://localhost:16540 for channel [id: 0xac1abbb1, L:/127.0.0.1:58561 - R:localhost/127.0.0.1:16540]
10:51:07.617 [Forwarding findElements on session 9fbb6ee98356802f6881f78f8e080ce7 to remote] DEBUG org.asynchttpclient.netty.request.NettyRequestSender - Using pooled Channel '[id: 0xac1abbb1, L:/127.0.0.1:58561 - R:localhost/127.0.0.1:16540]' for 'POST' to 'http://localhost:16540/session/9fbb6ee98356802f6881f78f8e080ce7/elements'
10:51:07.617 [Forwarding findElements on session 9fbb6ee98356802f6881f78f8e080ce7 to remote] DEBUG org.asynchttpclient.netty.request.NettyRequestSender - Using open Channel [id: 0xac1abbb1, L:/127.0.0.1:58561 - R:localhost/127.0.0.1:16540] for POST '/session/9fbb6ee98356802f6881f78f8e080ce7/elements'
10:51:07.624 [AsyncHttpClient-1-6] DEBUG org.asynchttpclient.netty.handler.HttpHandler - 

Request DefaultHttpRequest(decodeResult: success, version: HTTP/1.1)
POST /session/9fbb6ee98356802f6881f78f8e080ce7/elements HTTP/1.1
User-Agent: selenium/4.8.1 (java windows)
Content-Length: 222
Content-Type: application/json; charset=utf-8
host: localhost:16540
accept: */*

Response DefaultHttpResponse(decodeResult: success, version: HTTP/1.1)
HTTP/1.1 200 OK
Content-Length: 90
Content-Type: application/json; charset=utf-8
cache-control: no-cache

10:51:07.624 [AsyncHttpClient-1-6] DEBUG org.asynchttpclient.netty.channel.ChannelManager - Adding key: http://localhost:16540 for channel [id: 0xac1abbb1, L:/127.0.0.1:58561 - R:localhost/127.0.0.1:16540]
10:51:07.626 [Forwarding setTimeout on session 9fbb6ee98356802f6881f78f8e080ce7 to remote] DEBUG org.asynchttpclient.netty.request.NettyRequestSender - Using pooled Channel '[id: 0xac1abbb1, L:/127.0.0.1:58561 - R:localhost/127.0.0.1:16540]' for 'POST' to 'http://localhost:16540/session/9fbb6ee98356802f6881f78f8e080ce7/timeouts'
10:51:07.626 [Forwarding setTimeout on session 9fbb6ee98356802f6881f78f8e080ce7 to remote] DEBUG org.asynchttpclient.netty.request.NettyRequestSender - Using open Channel [id: 0xac1abbb1, L:/127.0.0.1:58561 - R:localhost/127.0.0.1:16540] for POST '/session/9fbb6ee98356802f6881f78f8e080ce7/timeouts'
10:51:07.627 [AsyncHttpClient-1-6] DEBUG org.asynchttpclient.netty.handler.HttpHandler - 

Request DefaultHttpRequest(decodeResult: success, version: HTTP/1.1)
POST /session/9fbb6ee98356802f6881f78f8e080ce7/timeouts HTTP/1.1
User-Agent: selenium/4.8.1 (java windows)
Content-Length: 22
Content-Type: application/json; charset=utf-8
host: localhost:16540
accept: */*

Response DefaultHttpResponse(decodeResult: success, version: HTTP/1.1)
HTTP/1.1 200 OK
Content-Length: 14
Content-Type: application/json; charset=utf-8
cache-control: no-cache

10:51:07.627 [AsyncHttpClient-1-6] DEBUG org.asynchttpclient.netty.channel.ChannelManager - Adding key: http://localhost:16540 for channel [id: 0xac1abbb1, L:/127.0.0.1:58561 - R:localhost/127.0.0.1:16540]
10:51:07.631 [Forwarding getElementTagName on session 9fbb6ee98356802f6881f78f8e080ce7 to remote] DEBUG org.asynchttpclient.netty.request.NettyRequestSender - Using pooled Channel '[id: 0xac1abbb1, L:/127.0.0.1:58561 - R:localhost/127.0.0.1:16540]' for 'GET' to 'http://localhost:16540/session/9fbb6ee98356802f6881f78f8e080ce7/element/bf4ce0f9-c59e-4357-8f6b-12c579c13833/name'
10:51:07.631 [Forwarding getElementTagName on session 9fbb6ee98356802f6881f78f8e080ce7 to remote] DEBUG org.asynchttpclient.netty.request.NettyRequestSender - Using open Channel [id: 0xac1abbb1, L:/127.0.0.1:58561 - R:localhost/127.0.0.1:16540] for GET '/session/9fbb6ee98356802f6881f78f8e080ce7/element/bf4ce0f9-c59e-4357-8f6b-12c579c13833/name'
10:51:07.635 [AsyncHttpClient-1-6] DEBUG org.asynchttpclient.netty.handler.HttpHandler - 

Request DefaultFullHttpRequest(decodeResult: success, version: HTTP/1.1, content: EmptyByteBufBE)
GET /session/9fbb6ee98356802f6881f78f8e080ce7/element/bf4ce0f9-c59e-4357-8f6b-12c579c13833/name HTTP/1.1
User-Agent: selenium/4.8.1 (java windows)
Cache-Control: no-cache
Content-Type: application/json; charset=utf-8
host: localhost:16540
accept: */*

Response DefaultHttpResponse(decodeResult: success, version: HTTP/1.1)
HTTP/1.1 200 OK
Content-Length: 18
Content-Type: application/json; charset=utf-8
cache-control: no-cache

10:51:07.636 [AsyncHttpClient-1-6] DEBUG org.asynchttpclient.netty.channel.ChannelManager - Adding key: http://localhost:16540 for channel [id: 0xac1abbb1, L:/127.0.0.1:58561 - R:localhost/127.0.0.1:16540]
10:51:07.637 [Forwarding getElementTagName on session 9fbb6ee98356802f6881f78f8e080ce7 to remote] DEBUG org.asynchttpclient.netty.request.NettyRequestSender - Using pooled Channel '[id: 0xac1abbb1, L:/127.0.0.1:58561 - R:localhost/127.0.0.1:16540]' for 'GET' to 'http://localhost:16540/session/9fbb6ee98356802f6881f78f8e080ce7/element/bf4ce0f9-c59e-4357-8f6b-12c579c13833/name'
10:51:07.637 [Forwarding getElementTagName on session 9fbb6ee98356802f6881f78f8e080ce7 to remote] DEBUG org.asynchttpclient.netty.request.NettyRequestSender - Using open Channel [id: 0xac1abbb1, L:/127.0.0.1:58561 - R:localhost/127.0.0.1:16540] for GET '/session/9fbb6ee98356802f6881f78f8e080ce7/element/bf4ce0f9-c59e-4357-8f6b-12c579c13833/name'
10:51:07.640 [AsyncHttpClient-1-6] DEBUG org.asynchttpclient.netty.handler.HttpHandler - 

Request DefaultFullHttpRequest(decodeResult: success, version: HTTP/1.1, content: EmptyByteBufBE)
GET /session/9fbb6ee98356802f6881f78f8e080ce7/element/bf4ce0f9-c59e-4357-8f6b-12c579c13833/name HTTP/1.1
User-Agent: selenium/4.8.1 (java windows)
Cache-Control: no-cache
Content-Type: application/json; charset=utf-8
host: localhost:16540
accept: */*

Response DefaultHttpResponse(decodeResult: success, version: HTTP/1.1)
HTTP/1.1 200 OK
Content-Length: 18
Content-Type: application/json; charset=utf-8
cache-control: no-cache

10:51:07.640 [AsyncHttpClient-1-6] DEBUG org.asynchttpclient.netty.channel.ChannelManager - Adding key: http://localhost:16540 for channel [id: 0xac1abbb1, L:/127.0.0.1:58561 - R:localhost/127.0.0.1:16540]
10:51:07.642 [Forwarding isElementEnabled on session 9fbb6ee98356802f6881f78f8e080ce7 to remote] DEBUG org.asynchttpclient.netty.request.NettyRequestSender - Using pooled Channel '[id: 0xac1abbb1, L:/127.0.0.1:58561 - R:localhost/127.0.0.1:16540]' for 'GET' to 'http://localhost:16540/session/9fbb6ee98356802f6881f78f8e080ce7/element/bf4ce0f9-c59e-4357-8f6b-12c579c13833/enabled'
10:51:07.642 [Forwarding isElementEnabled on session 9fbb6ee98356802f6881f78f8e080ce7 to remote] DEBUG org.asynchttpclient.netty.request.NettyRequestSender - Using open Channel [id: 0xac1abbb1, L:/127.0.0.1:58561 - R:localhost/127.0.0.1:16540] for GET '/session/9fbb6ee98356802f6881f78f8e080ce7/element/bf4ce0f9-c59e-4357-8f6b-12c579c13833/enabled'
10:51:07.651 [AsyncHttpClient-1-6] DEBUG org.asynchttpclient.netty.handler.HttpHandler - 

Request DefaultFullHttpRequest(decodeResult: success, version: HTTP/1.1, content: EmptyByteBufBE)
GET /session/9fbb6ee98356802f6881f78f8e080ce7/element/bf4ce0f9-c59e-4357-8f6b-12c579c13833/enabled HTTP/1.1
User-Agent: selenium/4.8.1 (java windows)
Cache-Control: no-cache
Content-Type: application/json; charset=utf-8
host: localhost:16540
accept: */*

Response DefaultHttpResponse(decodeResult: success, version: HTTP/1.1)
HTTP/1.1 200 OK
Content-Length: 14
Content-Type: application/json; charset=utf-8
cache-control: no-cache

10:51:07.651 [AsyncHttpClient-1-6] DEBUG org.asynchttpclient.netty.channel.ChannelManager - Adding key: http://localhost:16540 for channel [id: 0xac1abbb1, L:/127.0.0.1:58561 - R:localhost/127.0.0.1:16540]
10:51:07.652 [Forwarding isElementEnabled on session 9fbb6ee98356802f6881f78f8e080ce7 to remote] DEBUG org.asynchttpclient.netty.request.NettyRequestSender - Using pooled Channel '[id: 0xac1abbb1, L:/127.0.0.1:58561 - R:localhost/127.0.0.1:16540]' for 'GET' to 'http://localhost:16540/session/9fbb6ee98356802f6881f78f8e080ce7/element/bf4ce0f9-c59e-4357-8f6b-12c579c13833/enabled'
10:51:07.652 [Forwarding isElementEnabled on session 9fbb6ee98356802f6881f78f8e080ce7 to remote] DEBUG org.asynchttpclient.netty.request.NettyRequestSender - Using open Channel [id: 0xac1abbb1, L:/127.0.0.1:58561 - R:localhost/127.0.0.1:16540] for GET '/session/9fbb6ee98356802f6881f78f8e080ce7/element/bf4ce0f9-c59e-4357-8f6b-12c579c13833/enabled'
10:51:07.658 [AsyncHttpClient-1-6] DEBUG org.asynchttpclient.netty.handler.HttpHandler - 

Request DefaultFullHttpRequest(decodeResult: success, version: HTTP/1.1, content: EmptyByteBufBE)
GET /session/9fbb6ee98356802f6881f78f8e080ce7/element/bf4ce0f9-c59e-4357-8f6b-12c579c13833/enabled HTTP/1.1
User-Agent: selenium/4.8.1 (java windows)
Cache-Control: no-cache
Content-Type: application/json; charset=utf-8
host: localhost:16540
accept: */*

Response DefaultHttpResponse(decodeResult: success, version: HTTP/1.1)
HTTP/1.1 200 OK
Content-Length: 14
Content-Type: application/json; charset=utf-8
cache-control: no-cache

10:51:07.658 [AsyncHttpClient-1-6] DEBUG org.asynchttpclient.netty.channel.ChannelManager - Adding key: http://localhost:16540 for channel [id: 0xac1abbb1, L:/127.0.0.1:58561 - R:localhost/127.0.0.1:16540]
10:51:07.659 [Forwarding clickElement on session 9fbb6ee98356802f6881f78f8e080ce7 to remote] DEBUG org.asynchttpclient.netty.request.NettyRequestSender - Using pooled Channel '[id: 0xac1abbb1, L:/127.0.0.1:58561 - R:localhost/127.0.0.1:16540]' for 'POST' to 'http://localhost:16540/session/9fbb6ee98356802f6881f78f8e080ce7/element/bf4ce0f9-c59e-4357-8f6b-12c579c13833/click'
10:51:07.659 [Forwarding clickElement on session 9fbb6ee98356802f6881f78f8e080ce7 to remote] DEBUG org.asynchttpclient.netty.request.NettyRequestSender - Using open Channel [id: 0xac1abbb1, L:/127.0.0.1:58561 - R:localhost/127.0.0.1:16540] for POST '/session/9fbb6ee98356802f6881f78f8e080ce7/element/bf4ce0f9-c59e-4357-8f6b-12c579c13833/click'
10:51:07.727 [AsyncHttpClient-1-6] DEBUG org.asynchttpclient.netty.handler.HttpHandler - 

Request DefaultHttpRequest(decodeResult: success, version: HTTP/1.1)
POST /session/9fbb6ee98356802f6881f78f8e080ce7/element/bf4ce0f9-c59e-4357-8f6b-12c579c13833/click HTTP/1.1
User-Agent: selenium/4.8.1 (java windows)
Content-Length: 50
Content-Type: application/json; charset=utf-8
host: localhost:16540
accept: */*

Response DefaultHttpResponse(decodeResult: success, version: HTTP/1.1)
HTTP/1.1 200 OK
Content-Length: 14
Content-Type: application/json; charset=utf-8
cache-control: no-cache

10:51:07.727 [AsyncHttpClient-1-6] DEBUG org.asynchttpclient.netty.channel.ChannelManager - Adding key: http://localhost:16540 for channel [id: 0xac1abbb1, L:/127.0.0.1:58561 - R:localhost/127.0.0.1:16540]
10:51:07.738 [Forwarding getAlertText on session 9fbb6ee98356802f6881f78f8e080ce7 to remote] DEBUG org.asynchttpclient.netty.request.NettyRequestSender - Using pooled Channel '[id: 0xac1abbb1, L:/127.0.0.1:58561 - R:localhost/127.0.0.1:16540]' for 'GET' to 'http://localhost:16540/session/9fbb6ee98356802f6881f78f8e080ce7/alert/text'
10:51:07.738 [Forwarding getAlertText on session 9fbb6ee98356802f6881f78f8e080ce7 to remote] DEBUG org.asynchttpclient.netty.request.NettyRequestSender - Using open Channel [id: 0xac1abbb1, L:/127.0.0.1:58561 - R:localhost/127.0.0.1:16540] for GET '/session/9fbb6ee98356802f6881f78f8e080ce7/alert/text'
10:51:07.739 [AsyncHttpClient-1-6] DEBUG org.asynchttpclient.netty.handler.HttpHandler - 

Request DefaultFullHttpRequest(decodeResult: success, version: HTTP/1.1, content: EmptyByteBufBE)
GET /session/9fbb6ee98356802f6881f78f8e080ce7/alert/text HTTP/1.1
User-Agent: selenium/4.8.1 (java windows)
Cache-Control: no-cache
Content-Type: application/json; charset=utf-8
host: localhost:16540
accept: */*

Response DefaultHttpResponse(decodeResult: success, version: HTTP/1.1)
HTTP/1.1 404 Not Found
Content-Length: 848
Content-Type: application/json; charset=utf-8
cache-control: no-cache

10:51:07.739 [AsyncHttpClient-1-6] DEBUG org.asynchttpclient.netty.channel.ChannelManager - Adding key: http://localhost:16540 for channel [id: 0xac1abbb1, L:/127.0.0.1:58561 - R:localhost/127.0.0.1:16540]
10:51:07.741 [Forwarding getCurrentUrl on session 9fbb6ee98356802f6881f78f8e080ce7 to remote] DEBUG org.asynchttpclient.netty.request.NettyRequestSender - Using pooled Channel '[id: 0xac1abbb1, L:/127.0.0.1:58561 - R:localhost/127.0.0.1:16540]' for 'GET' to 'http://localhost:16540/session/9fbb6ee98356802f6881f78f8e080ce7/url'
10:51:07.741 [Forwarding getCurrentUrl on session 9fbb6ee98356802f6881f78f8e080ce7 to remote] DEBUG org.asynchttpclient.netty.request.NettyRequestSender - Using open Channel [id: 0xac1abbb1, L:/127.0.0.1:58561 - R:localhost/127.0.0.1:16540] for GET '/session/9fbb6ee98356802f6881f78f8e080ce7/url'
10:51:07.748 [AsyncHttpClient-1-6] DEBUG org.asynchttpclient.netty.handler.HttpHandler - 

Request DefaultFullHttpRequest(decodeResult: success, version: HTTP/1.1, content: EmptyByteBufBE)
GET /session/9fbb6ee98356802f6881f78f8e080ce7/url HTTP/1.1
User-Agent: selenium/4.8.1 (java windows)
Cache-Control: no-cache
Content-Type: application/json; charset=utf-8
host: localhost:16540
accept: */*

Response DefaultHttpResponse(decodeResult: success, version: HTTP/1.1)
HTTP/1.1 200 OK
Content-Length: 51
Content-Type: application/json; charset=utf-8
cache-control: no-cache

10:51:07.748 [AsyncHttpClient-1-6] DEBUG org.asynchttpclient.netty.channel.ChannelManager - Adding key: http://localhost:16540 for channel [id: 0xac1abbb1, L:/127.0.0.1:58561 - R:localhost/127.0.0.1:16540]
10:51:07.749 [Forwarding screenshot on session 9fbb6ee98356802f6881f78f8e080ce7 to remote] DEBUG org.asynchttpclient.netty.request.NettyRequestSender - Using pooled Channel '[id: 0xac1abbb1, L:/127.0.0.1:58561 - R:localhost/127.0.0.1:16540]' for 'GET' to 'http://localhost:16540/session/9fbb6ee98356802f6881f78f8e080ce7/screenshot'
10:51:07.749 [Forwarding screenshot on session 9fbb6ee98356802f6881f78f8e080ce7 to remote] DEBUG org.asynchttpclient.netty.request.NettyRequestSender - Using open Channel [id: 0xac1abbb1, L:/127.0.0.1:58561 - R:localhost/127.0.0.1:16540] for GET '/session/9fbb6ee98356802f6881f78f8e080ce7/screenshot'
10:51:07.848 [AsyncHttpClient-1-1] DEBUG org.asynchttpclient.netty.channel.DefaultChannelPool - Entry count for : http://localhost:58563 : 1
10:51:08.028 [AsyncHttpClient-1-6] DEBUG org.asynchttpclient.netty.handler.HttpHandler - 

Request DefaultFullHttpRequest(decodeResult: success, version: HTTP/1.1, content: EmptyByteBufBE)
GET /session/9fbb6ee98356802f6881f78f8e080ce7/screenshot HTTP/1.1
User-Agent: selenium/4.8.1 (java windows)
Cache-Control: no-cache
Content-Type: application/json; charset=utf-8
host: localhost:16540
accept: */*

Response DefaultHttpResponse(decodeResult: success, version: HTTP/1.1)
HTTP/1.1 200 OK
Content-Length: 28452
Content-Type: application/json; charset=utf-8
cache-control: no-cache

10:51:08.029 [AsyncHttpClient-1-6] DEBUG org.asynchttpclient.netty.channel.ChannelManager - Adding key: http://localhost:16540 for channel [id: 0xac1abbb1, L:/127.0.0.1:58561 - R:localhost/127.0.0.1:16540]
10:51:08.032 [main] DEBUG net.serenitybdd.core.photography.Darkroom - Send negative for processing for target\site\serenity\110c171f63cca86d41b2145375f40b1f24608d844e75d985d7cc5b0255109360.png
10:51:08.033 [Darkroom Processing Line] DEBUG net.serenitybdd.core.photography.DarkroomProcessingLine - Processing screenshot image in /var/screenshots/screenshot-5599096546282178298
10:51:08.033 [Darkroom Processing Line] DEBUG net.serenitybdd.core.photography.DarkroomProcessingLine - Saving screenshot to target\site\serenity\110c171f63cca86d41b2145375f40b1f24608d844e75d985d7cc5b0255109360.png
10:51:08.034 [main] DEBUG net.thucydides.core.steps.StepInterceptor - STEP DONE: ClickLoginButton
  &amp#27;[32mAnd &amp#27;[0m&amp#27;[32mUser successfully to login&amp#27;[0m                                                  &amp#27;[90m# starter.stepdefinition.IntegrationSteps.userLogintoWebPage()&amp#27;[0m
10:51:08.070 [Forwarding getPageSource on session 9fbb6ee98356802f6881f78f8e080ce7 to remote] DEBUG org.asynchttpclient.netty.request.NettyRequestSender - Using pooled Channel '[id: 0xac1abbb1, L:/127.0.0.1:58561 - R:localhost/127.0.0.1:16540]' for 'POST' to 'http://localhost:16540/session/9fbb6ee98356802f6881f78f8e080ce7/execute/sync'
10:51:08.070 [Forwarding getPageSource on session 9fbb6ee98356802f6881f78f8e080ce7 to remote] DEBUG org.asynchttpclient.netty.request.NettyRequestSender - Using open Channel [id: 0xac1abbb1, L:/127.0.0.1:58561 - R:localhost/127.0.0.1:16540] for POST '/session/9fbb6ee98356802f6881f78f8e080ce7/execute/sync'
10:51:08.127 [AsyncHttpClient-1-6] DEBUG org.asynchttpclient.netty.handler.HttpHandler - 

Request DefaultHttpRequest(decodeResult: success, version: HTTP/1.1)
POST /session/9fbb6ee98356802f6881f78f8e080ce7/execute/sync HTTP/1.1
User-Agent: selenium/4.8.1 (java windows)
Content-Length: 176
Content-Type: application/json; charset=utf-8
host: localhost:16540
accept: */*

Response DefaultHttpResponse(decodeResult: success, version: HTTP/1.1)
HTTP/1.1 200 OK
Content-Length: 28881
Content-Type: application/json; charset=utf-8
cache-control: no-cache

10:51:08.127 [AsyncHttpClient-1-6] DEBUG org.asynchttpclient.netty.channel.ChannelManager - Adding key: http://localhost:16540 for channel [id: 0xac1abbb1, L:/127.0.0.1:58561 - R:localhost/127.0.0.1:16540]
10:51:08.135 [Forwarding getCurrentUrl on session 9fbb6ee98356802f6881f78f8e080ce7 to remote] DEBUG org.asynchttpclient.netty.request.NettyRequestSender - Using pooled Channel '[id: 0xac1abbb1, L:/127.0.0.1:58561 - R:localhost/127.0.0.1:16540]' for 'GET' to 'http://localhost:16540/session/9fbb6ee98356802f6881f78f8e080ce7/url'
10:51:08.135 [Forwarding getCurrentUrl on session 9fbb6ee98356802f6881f78f8e080ce7 to remote] DEBUG org.asynchttpclient.netty.request.NettyRequestSender - Using open Channel [id: 0xac1abbb1, L:/127.0.0.1:58561 - R:localhost/127.0.0.1:16540] for GET '/session/9fbb6ee98356802f6881f78f8e080ce7/url'
10:51:08.140 [AsyncHttpClient-1-6] DEBUG org.asynchttpclient.netty.handler.HttpHandler - 

Request DefaultFullHttpRequest(decodeResult: success, version: HTTP/1.1, content: EmptyByteBufBE)
GET /session/9fbb6ee98356802f6881f78f8e080ce7/url HTTP/1.1
User-Agent: selenium/4.8.1 (java windows)
Cache-Control: no-cache
Content-Type: application/json; charset=utf-8
host: localhost:16540
accept: */*

Response DefaultHttpResponse(decodeResult: success, version: HTTP/1.1)
HTTP/1.1 200 OK
Content-Length: 41
Content-Type: application/json; charset=utf-8
cache-control: no-cache

10:51:08.140 [AsyncHttpClient-1-6] DEBUG org.asynchttpclient.netty.channel.ChannelManager - Adding key: http://localhost:16540 for channel [id: 0xac1abbb1, L:/127.0.0.1:58561 - R:localhost/127.0.0.1:16540]
10:51:08.156 [Forwarding getAlertText on session 9fbb6ee98356802f6881f78f8e080ce7 to remote] DEBUG org.asynchttpclient.netty.request.NettyRequestSender - Using pooled Channel '[id: 0xac1abbb1, L:/127.0.0.1:58561 - R:localhost/127.0.0.1:16540]' for 'GET' to 'http://localhost:16540/session/9fbb6ee98356802f6881f78f8e080ce7/alert/text'
10:51:08.156 [Forwarding getAlertText on session 9fbb6ee98356802f6881f78f8e080ce7 to remote] DEBUG org.asynchttpclient.netty.request.NettyRequestSender - Using open Channel [id: 0xac1abbb1, L:/127.0.0.1:58561 - R:localhost/127.0.0.1:16540] for GET '/session/9fbb6ee98356802f6881f78f8e080ce7/alert/text'
10:51:08.158 [AsyncHttpClient-1-6] DEBUG org.asynchttpclient.netty.handler.HttpHandler - 

Request DefaultFullHttpRequest(decodeResult: success, version: HTTP/1.1, content: EmptyByteBufBE)
GET /session/9fbb6ee98356802f6881f78f8e080ce7/alert/text HTTP/1.1
User-Agent: selenium/4.8.1 (java windows)
Cache-Control: no-cache
Content-Type: application/json; charset=utf-8
host: localhost:16540
accept: */*

Response DefaultHttpResponse(decodeResult: success, version: HTTP/1.1)
HTTP/1.1 404 Not Found
Content-Length: 848
Content-Type: application/json; charset=utf-8
cache-control: no-cache

10:51:08.158 [AsyncHttpClient-1-6] DEBUG org.asynchttpclient.netty.channel.ChannelManager - Adding key: http://localhost:16540 for channel [id: 0xac1abbb1, L:/127.0.0.1:58561 - R:localhost/127.0.0.1:16540]
10:51:08.159 [Forwarding getCurrentUrl on session 9fbb6ee98356802f6881f78f8e080ce7 to remote] DEBUG org.asynchttpclient.netty.request.NettyRequestSender - Using pooled Channel '[id: 0xac1abbb1, L:/127.0.0.1:58561 - R:localhost/127.0.0.1:16540]' for 'GET' to 'http://localhost:16540/session/9fbb6ee98356802f6881f78f8e080ce7/url'
10:51:08.159 [Forwarding getCurrentUrl on session 9fbb6ee98356802f6881f78f8e080ce7 to remote] DEBUG org.asynchttpclient.netty.request.NettyRequestSender - Using open Channel [id: 0xac1abbb1, L:/127.0.0.1:58561 - R:localhost/127.0.0.1:16540] for GET '/session/9fbb6ee98356802f6881f78f8e080ce7/url'
10:51:08.167 [AsyncHttpClient-1-6] DEBUG org.asynchttpclient.netty.handler.HttpHandler - 

Request DefaultFullHttpRequest(decodeResult: success, version: HTTP/1.1, content: EmptyByteBufBE)
GET /session/9fbb6ee98356802f6881f78f8e080ce7/url HTTP/1.1
User-Agent: selenium/4.8.1 (java windows)
Cache-Control: no-cache
Content-Type: application/json; charset=utf-8
host: localhost:16540
accept: */*

Response DefaultHttpResponse(decodeResult: success, version: HTTP/1.1)
HTTP/1.1 200 OK
Content-Length: 41
Content-Type: application/json; charset=utf-8
cache-control: no-cache

10:51:08.167 [AsyncHttpClient-1-6] DEBUG org.asynchttpclient.netty.channel.ChannelManager - Adding key: http://localhost:16540 for channel [id: 0xac1abbb1, L:/127.0.0.1:58561 - R:localhost/127.0.0.1:16540]
10:51:08.168 [Forwarding screenshot on session 9fbb6ee98356802f6881f78f8e080ce7 to remote] DEBUG org.asynchttpclient.netty.request.NettyRequestSender - Using pooled Channel '[id: 0xac1abbb1, L:/127.0.0.1:58561 - R:localhost/127.0.0.1:16540]' for 'GET' to 'http://localhost:16540/session/9fbb6ee98356802f6881f78f8e080ce7/screenshot'
10:51:08.169 [Forwarding screenshot on session 9fbb6ee98356802f6881f78f8e080ce7 to remote] DEBUG org.asynchttpclient.netty.request.NettyRequestSender - Using open Channel [id: 0xac1abbb1, L:/127.0.0.1:58561 - R:localhost/127.0.0.1:16540] for GET '/session/9fbb6ee98356802f6881f78f8e080ce7/screenshot'
10:51:08.368 [AsyncHttpClient-1-6] DEBUG org.asynchttpclient.netty.handler.HttpHandler - 

Request DefaultFullHttpRequest(decodeResult: success, version: HTTP/1.1, content: EmptyByteBufBE)
GET /session/9fbb6ee98356802f6881f78f8e080ce7/screenshot HTTP/1.1
User-Agent: selenium/4.8.1 (java windows)
Cache-Control: no-cache
Content-Type: application/json; charset=utf-8
host: localhost:16540
accept: */*

Response DefaultHttpResponse(decodeResult: success, version: HTTP/1.1)
HTTP/1.1 200 OK
Content-Length: 34696
Content-Type: application/json; charset=utf-8
cache-control: no-cache

10:51:08.368 [AsyncHttpClient-1-6] DEBUG org.asynchttpclient.netty.channel.ChannelManager - Adding key: http://localhost:16540 for channel [id: 0xac1abbb1, L:/127.0.0.1:58561 - R:localhost/127.0.0.1:16540]
10:51:08.372 [main] DEBUG net.serenitybdd.core.photography.Darkroom - Send negative for processing for target\site\serenity\b563f9b2b386e50fa6f7afb9f859753da7cc2656a10526599b74d7ce2e3d7d5c.png
10:51:08.373 [Darkroom Processing Line] DEBUG net.serenitybdd.core.photography.DarkroomProcessingLine - Processing screenshot image in /var/screenshots/screenshot-3408065694263957735
10:51:08.373 [Darkroom Processing Line] DEBUG net.serenitybdd.core.photography.DarkroomProcessingLine - Saving screenshot to target\site\serenity\b563f9b2b386e50fa6f7afb9f859753da7cc2656a10526599b74d7ce2e3d7d5c.png
10:51:08.375 [Forwarding getPageSource on session 9fbb6ee98356802f6881f78f8e080ce7 to remote] DEBUG org.asynchttpclient.netty.request.NettyRequestSender - Using pooled Channel '[id: 0xac1abbb1, L:/127.0.0.1:58561 - R:localhost/127.0.0.1:16540]' for 'POST' to 'http://localhost:16540/session/9fbb6ee98356802f6881f78f8e080ce7/execute/sync'
10:51:08.375 [Forwarding getPageSource on session 9fbb6ee98356802f6881f78f8e080ce7 to remote] DEBUG org.asynchttpclient.netty.request.NettyRequestSender - Using open Channel [id: 0xac1abbb1, L:/127.0.0.1:58561 - R:localhost/127.0.0.1:16540] for POST '/session/9fbb6ee98356802f6881f78f8e080ce7/execute/sync'
10:51:08.387 [AsyncHttpClient-1-6] DEBUG org.asynchttpclient.netty.handler.HttpHandler - 

Request DefaultHttpRequest(decodeResult: success, version: HTTP/1.1)
POST /session/9fbb6ee98356802f6881f78f8e080ce7/execute/sync HTTP/1.1
User-Agent: selenium/4.8.1 (java windows)
Content-Length: 176
Content-Type: application/json; charset=utf-8
host: localhost:16540
accept: */*

Response DefaultHttpResponse(decodeResult: success, version: HTTP/1.1)
HTTP/1.1 200 OK
Content-Length: 28881
Content-Type: application/json; charset=utf-8
cache-control: no-cache

10:51:08.387 [AsyncHttpClient-1-6] DEBUG org.asynchttpclient.netty.channel.ChannelManager - Adding key: http://localhost:16540 for channel [id: 0xac1abbb1, L:/127.0.0.1:58561 - R:localhost/127.0.0.1:16540]
10:51:08.393 [Forwarding getCurrentUrl on session 9fbb6ee98356802f6881f78f8e080ce7 to remote] DEBUG org.asynchttpclient.netty.request.NettyRequestSender - Using pooled Channel '[id: 0xac1abbb1, L:/127.0.0.1:58561 - R:localhost/127.0.0.1:16540]' for 'GET' to 'http://localhost:16540/session/9fbb6ee98356802f6881f78f8e080ce7/url'
10:51:08.393 [Forwarding getCurrentUrl on session 9fbb6ee98356802f6881f78f8e080ce7 to remote] DEBUG org.asynchttpclient.netty.request.NettyRequestSender - Using open Channel [id: 0xac1abbb1, L:/127.0.0.1:58561 - R:localhost/127.0.0.1:16540] for GET '/session/9fbb6ee98356802f6881f78f8e080ce7/url'
10:51:08.401 [AsyncHttpClient-1-6] DEBUG org.asynchttpclient.netty.handler.HttpHandler - 

Request DefaultFullHttpRequest(decodeResult: success, version: HTTP/1.1, content: EmptyByteBufBE)
GET /session/9fbb6ee98356802f6881f78f8e080ce7/url HTTP/1.1
User-Agent: selenium/4.8.1 (java windows)
Cache-Control: no-cache
Content-Type: application/json; charset=utf-8
host: localhost:16540
accept: */*

Response DefaultHttpResponse(decodeResult: success, version: HTTP/1.1)
HTTP/1.1 200 OK
Content-Length: 41
Content-Type: application/json; charset=utf-8
cache-control: no-cache

10:51:08.401 [AsyncHttpClient-1-6] DEBUG org.asynchttpclient.netty.channel.ChannelManager - Adding key: http://localhost:16540 for channel [id: 0xac1abbb1, L:/127.0.0.1:58561 - R:localhost/127.0.0.1:16540]
10:51:08.405 [main] DEBUG net.thucydides.core.steps.StepInterceptor - STARTING STEP: IntegrationSteps.seeDetails - detailButton
10:51:08.410 [Forwarding findElement on session 9fbb6ee98356802f6881f78f8e080ce7 to remote] DEBUG org.asynchttpclient.netty.request.NettyRequestSender - Using pooled Channel '[id: 0xac1abbb1, L:/127.0.0.1:58561 - R:localhost/127.0.0.1:16540]' for 'POST' to 'http://localhost:16540/session/9fbb6ee98356802f6881f78f8e080ce7/element'
10:51:08.411 [Forwarding findElement on session 9fbb6ee98356802f6881f78f8e080ce7 to remote] DEBUG org.asynchttpclient.netty.request.NettyRequestSender - Using open Channel [id: 0xac1abbb1, L:/127.0.0.1:58561 - R:localhost/127.0.0.1:16540] for POST '/session/9fbb6ee98356802f6881f78f8e080ce7/element'
10:51:08.946 [AsyncHttpClient-1-1] DEBUG org.asynchttpclient.netty.channel.DefaultChannelPool - Entry count for : http://localhost:58563 : 1
10:51:10.045 [AsyncHttpClient-1-1] DEBUG org.asynchttpclient.netty.channel.DefaultChannelPool - Entry count for : http://localhost:58563 : 1
10:51:10.468 [AsyncHttpClient-1-6] DEBUG org.asynchttpclient.netty.handler.HttpHandler - 

Request DefaultHttpRequest(decodeResult: success, version: HTTP/1.1)
POST /session/9fbb6ee98356802f6881f78f8e080ce7/element HTTP/1.1
User-Agent: selenium/4.8.1 (java windows)
Content-Length: 184
Content-Type: application/json; charset=utf-8
host: localhost:16540
accept: */*

Response DefaultHttpResponse(decodeResult: success, version: HTTP/1.1)
HTTP/1.1 404 Not Found
Content-Length: 1025
Content-Type: application/json; charset=utf-8
cache-control: no-cache

10:51:10.469 [AsyncHttpClient-1-6] DEBUG org.asynchttpclient.netty.channel.ChannelManager - Adding key: http://localhost:16540 for channel [id: 0xac1abbb1, L:/127.0.0.1:58561 - R:localhost/127.0.0.1:16540]
10:51:10.586 [Forwarding findElement on session 9fbb6ee98356802f6881f78f8e080ce7 to remote] DEBUG org.asynchttpclient.netty.request.NettyRequestSender - Using pooled Channel '[id: 0xac1abbb1, L:/127.0.0.1:58561 - R:localhost/127.0.0.1:16540]' for 'POST' to 'http://localhost:16540/session/9fbb6ee98356802f6881f78f8e080ce7/element'
10:51:10.586 [Forwarding findElement on session 9fbb6ee98356802f6881f78f8e080ce7 to remote] DEBUG org.asynchttpclient.netty.request.NettyRequestSender - Using open Channel [id: 0xac1abbb1, L:/127.0.0.1:58561 - R:localhost/127.0.0.1:16540] for POST '/session/9fbb6ee98356802f6881f78f8e080ce7/element'
10:51:11.145 [AsyncHttpClient-1-1] DEBUG org.asynchttpclient.netty.channel.DefaultChannelPool - Entry count for : http://localhost:58563 : 1
10:51:12.250 [AsyncHttpClient-1-1] DEBUG org.asynchttpclient.netty.channel.DefaultChannelPool - Entry count for : http://localhost:58563 : 1
10:51:12.606 [AsyncHttpClient-1-6] DEBUG org.asynchttpclient.netty.handler.HttpHandler - 

Request DefaultHttpRequest(decodeResult: success, version: HTTP/1.1)
POST /session/9fbb6ee98356802f6881f78f8e080ce7/element HTTP/1.1
User-Agent: selenium/4.8.1 (java windows)
Content-Length: 184
Content-Type: application/json; charset=utf-8
host: localhost:16540
accept: */*

Response DefaultHttpResponse(decodeResult: success, version: HTTP/1.1)
HTTP/1.1 404 Not Found
Content-Length: 1025
Content-Type: application/json; charset=utf-8
cache-control: no-cache

10:51:12.606 [AsyncHttpClient-1-6] DEBUG org.asynchttpclient.netty.channel.ChannelManager - Adding key: http://localhost:16540 for channel [id: 0xac1abbb1, L:/127.0.0.1:58561 - R:localhost/127.0.0.1:16540]
10:51:12.712 [Forwarding findElement on session 9fbb6ee98356802f6881f78f8e080ce7 to remote] DEBUG org.asynchttpclient.netty.request.NettyRequestSender - Using pooled Channel '[id: 0xac1abbb1, L:/127.0.0.1:58561 - R:localhost/127.0.0.1:16540]' for 'POST' to 'http://localhost:16540/session/9fbb6ee98356802f6881f78f8e080ce7/element'
10:51:12.712 [Forwarding findElement on session 9fbb6ee98356802f6881f78f8e080ce7 to remote] DEBUG org.asynchttpclient.netty.request.NettyRequestSender - Using open Channel [id: 0xac1abbb1, L:/127.0.0.1:58561 - R:localhost/127.0.0.1:16540] for POST '/session/9fbb6ee98356802f6881f78f8e080ce7/element'
10:51:13.344 [AsyncHttpClient-1-1] DEBUG org.asynchttpclient.netty.channel.DefaultChannelPool - Entry count for : http://localhost:58563 : 1
10:51:14.447 [AsyncHttpClient-1-1] DEBUG org.asynchttpclient.netty.channel.DefaultChannelPool - Entry count for : http://localhost:58563 : 1
10:51:15.544 [AsyncHttpClient-1-1] DEBUG org.asynchttpclient.netty.channel.DefaultChannelPool - Entry count for : http://localhost:58563 : 1
10:51:16.645 [AsyncHttpClient-1-1] DEBUG org.asynchttpclient.netty.channel.DefaultChannelPool - Entry count for : http://localhost:58563 : 1
10:51:17.746 [AsyncHttpClient-1-1] DEBUG org.asynchttpclient.netty.channel.DefaultChannelPool - Entry count for : http://localhost:58563 : 1
10:51:18.845 [AsyncHttpClient-1-1] DEBUG org.asynchttpclient.netty.channel.DefaultChannelPool - Entry count for : http://localhost:58563 : 1
10:51:19.946 [AsyncHttpClient-1-1] DEBUG org.asynchttpclient.netty.channel.DefaultChannelPool - Entry count for : http://localhost:58563 : 1
10:51:21.047 [AsyncHttpClient-1-1] DEBUG org.asynchttpclient.netty.channel.DefaultChannelPool - Entry count for : http://localhost:58563 : 1
10:51:22.146 [AsyncHttpClient-1-1] DEBUG org.asynchttpclient.netty.channel.DefaultChannelPool - Entry count for : http://localhost:58563 : 1
10:51:23.256 [AsyncHttpClient-1-1] DEBUG org.asynchttpclient.netty.channel.DefaultChannelPool - Entry count for : http://localhost:58563 : 1
10:51:24.351 [AsyncHttpClient-1-1] DEBUG org.asynchttpclient.netty.channel.DefaultChannelPool - Entry count for : http://localhost:58563 : 1
10:51:25.489 [AsyncHttpClient-1-1] DEBUG org.asynchttpclient.netty.channel.DefaultChannelPool - Entry count for : http://localhost:58563 : 1
10:51:26.554 [AsyncHttpClient-1-1] DEBUG org.asynchttpclient.netty.channel.DefaultChannelPool - Entry count for : http://localhost:58563 : 1
10:51:27.650 [AsyncHttpClient-1-1] DEBUG org.asynchttpclient.netty.channel.DefaultChannelPool - Entry count for : http://localhost:58563 : 1
10:51:28.751 [AsyncHttpClient-1-1] DEBUG org.asynchttpclient.netty.channel.DefaultChannelPool - Entry count for : http://localhost:58563 : 1
10:51:29.847 [AsyncHttpClient-1-1] DEBUG org.asynchttpclient.netty.channel.DefaultChannelPool - Entry count for : http://localhost:58563 : 1
10:51:30.949 [AsyncHttpClient-1-1] DEBUG org.asynchttpclient.netty.channel.DefaultChannelPool - Entry count for : http://localhost:58563 : 1
10:51:32.047 [AsyncHttpClient-1-1] DEBUG org.asynchttpclient.netty.channel.DefaultChannelPool - Entry count for : http://localhost:58563 : 1
10:51:33.144 [AsyncHttpClient-1-1] DEBUG org.asynchttpclient.netty.channel.DefaultChannelPool - Entry count for : http://localhost:58563 : 1
10:51:34.250 [AsyncHttpClient-1-1] DEBUG org.asynchttpclient.netty.channel.DefaultChannelPool - Entry count for : http://localhost:58563 : 1
10:51:35.346 [AsyncHttpClient-1-1] DEBUG org.asynchttpclient.netty.channel.DefaultChannelPool - Entry count for : http://localhost:58563 : 1
10:51:36.458 [AsyncHttpClient-1-1] DEBUG org.asynchttpclient.netty.channel.DefaultChannelPool - Entry count for : http://localhost:58563 : 1
10:51:37.544 [AsyncHttpClient-1-1] DEBUG org.asynchttpclient.netty.channel.DefaultChannelPool - Entry count for : http://localhost:58563 : 1
10:51:38.649 [AsyncHttpClient-1-1] DEBUG org.asynchttpclient.netty.channel.DefaultChannelPool - Entry count for : http://localhost:58563 : 1
10:51:39.748 [AsyncHttpClient-1-1] DEBUG org.asynchttpclient.netty.channel.DefaultChannelPool - Entry count for : http://localhost:58563 : 1
10:51:40.851 [AsyncHttpClient-1-1] DEBUG org.asynchttpclient.netty.channel.DefaultChannelPool - Entry count for : http://localhost:58563 : 1
10:51:41.953 [AsyncHttpClient-1-1] DEBUG org.asynchttpclient.netty.channel.DefaultChannelPool - Entry count for : http://localhost:58563 : 1
10:51:43.045 [AsyncHttpClient-1-1] DEBUG org.asynchttpclient.netty.channel.DefaultChannelPool - Entry count for : http://localhost:58563 : 1
10:51:44.148 [AsyncHttpClient-1-1] DEBUG org.asynchttpclient.netty.channel.DefaultChannelPool - Entry count for : http://localhost:58563 : 1
10:51:45.244 [AsyncHttpClient-1-1] DEBUG org.asynchttpclient.netty.channel.DefaultChannelPool - Entry count for : http://localhost:58563 : 1
10:51:46.345 [AsyncHttpClient-1-1] DEBUG org.asynchttpclient.netty.channel.DefaultChannelPool - Entry count for : http://localhost:58563 : 1
10:51:47.445 [AsyncHttpClient-1-1] DEBUG org.asynchttpclient.netty.channel.DefaultChannelPool - Entry count for : http://localhost:58563 : 1
10:51:48.546 [AsyncHttpClient-1-1] DEBUG org.asynchttpclient.netty.channel.DefaultChannelPool - Entry count for : http://localhost:58563 : 1
10:51:49.663 [AsyncHttpClient-1-1] DEBUG org.asynchttpclient.netty.channel.DefaultChannelPool - Entry count for : http://localhost:58563 : 1
10:51:50.758 [AsyncHttpClient-1-1] DEBUG org.asynchttpclient.netty.channel.DefaultChannelPool - Entry count for : http://localhost:58563 : 1
10:51:51.846 [AsyncHttpClient-1-1] DEBUG org.asynchttpclient.netty.channel.DefaultChannelPool - Entry count for : http://localhost:58563 : 1
10:51:52.945 [AsyncHttpClient-1-1] DEBUG org.asynchttpclient.netty.channel.DefaultChannelPool - Entry count for : http://localhost:58563 : 1
10:51:54.044 [AsyncHttpClient-1-1] DEBUG org.asynchttpclient.netty.channel.DefaultChannelPool - Entry count for : http://localhost:58563 : 1
10:51:55.144 [AsyncHttpClient-1-1] DEBUG org.asynchttpclient.netty.channel.DefaultChannelPool - Entry count for : http://localhost:58563 : 1
10:51:56.250 [AsyncHttpClient-1-1] DEBUG org.asynchttpclient.netty.channel.DefaultChannelPool - Entry count for : http://localhost:58563 : 1
10:51:57.345 [AsyncHttpClient-1-1] DEBUG org.asynchttpclient.netty.channel.DefaultChannelPool - Entry count for : http://localhost:58563 : 1
10:51:58.464 [AsyncHttpClient-1-1] DEBUG org.asynchttpclient.netty.channel.DefaultChannelPool - Entry count for : http://localhost:58563 : 1
10:51:59.554 [AsyncHttpClient-1-1] DEBUG org.asynchttpclient.netty.channel.DefaultChannelPool - Entry count for : http://localhost:58563 : 1
10:52:00.667 [AsyncHttpClient-1-1] DEBUG org.asynchttpclient.netty.channel.DefaultChannelPool - Entry count for : http://localhost:58563 : 1
10:52:01.755 [AsyncHttpClient-1-1] DEBUG org.asynchttpclient.netty.channel.DefaultChannelPool - Entry count for : http://localhost:58563 : 1
10:52:02.845 [AsyncHttpClient-1-1] DEBUG org.asynchttpclient.netty.channel.DefaultChannelPool - Entry count for : http://localhost:58563 : 1
10:52:03.945 [AsyncHttpClient-1-1] DEBUG org.asynchttpclient.netty.channel.DefaultChannelPool - Entry count for : http://localhost:58563 : 1
10:52:03.945 [AsyncHttpClient-1-1] DEBUG org.asynchttpclient.netty.channel.DefaultChannelPool - Adding Candidate expired Channel [id: 0xb501e260, L:/127.0.0.1:58568 - R:localhost/127.0.0.1:58563] isIdleTimeoutExpired=true isRemotelyClosed=false isTtlExpired=false
10:52:03.945 [AsyncHttpClient-1-1] DEBUG org.asynchttpclient.netty.channel.DefaultChannelPool - Closing Idle Channel [id: 0xb501e260, L:/127.0.0.1:58568 - R:localhost/127.0.0.1:58563]
10:52:03.945 [AsyncHttpClient-1-1] DEBUG org.asynchttpclient.netty.channel.DefaultChannelPool - Closed 1 connections out of 1 in 0 ms
10:52:03.946 [AsyncHttpClient-1-7] DEBUG org.asynchttpclient.netty.handler.HttpHandler - Channel Closed: [id: 0xb501e260, L:/127.0.0.1:58568 ! R:localhost/127.0.0.1:58563] with attribute DISCARD
10:52:17.686 [AsyncHttpClient-1-6] DEBUG org.asynchttpclient.netty.handler.HttpHandler - 

Request DefaultHttpRequest(decodeResult: success, version: HTTP/1.1)
POST /session/9fbb6ee98356802f6881f78f8e080ce7/element HTTP/1.1
User-Agent: selenium/4.8.1 (java windows)
Content-Length: 184
Content-Type: application/json; charset=utf-8
host: localhost:16540
accept: */*

Response DefaultHttpResponse(decodeResult: success, version: HTTP/1.1)
HTTP/1.1 200 OK
Content-Length: 88
Content-Type: application/json; charset=utf-8
cache-control: no-cache

10:52:17.686 [AsyncHttpClient-1-6] DEBUG org.asynchttpclient.netty.channel.ChannelManager - Adding key: http://localhost:16540 for channel [id: 0xac1abbb1, L:/127.0.0.1:58561 - R:localhost/127.0.0.1:16540]
10:52:17.690 [Forwarding getElementTagName on session 9fbb6ee98356802f6881f78f8e080ce7 to remote] DEBUG org.asynchttpclient.netty.request.NettyRequestSender - Using pooled Channel '[id: 0xac1abbb1, L:/127.0.0.1:58561 - R:localhost/127.0.0.1:16540]' for 'GET' to 'http://localhost:16540/session/9fbb6ee98356802f6881f78f8e080ce7/element/e2f796d6-5bae-4a8b-9db1-2f70fd929d0b/name'
10:52:17.690 [Forwarding getElementTagName on session 9fbb6ee98356802f6881f78f8e080ce7 to remote] DEBUG org.asynchttpclient.netty.request.NettyRequestSender - Using open Channel [id: 0xac1abbb1, L:/127.0.0.1:58561 - R:localhost/127.0.0.1:16540] for GET '/session/9fbb6ee98356802f6881f78f8e080ce7/element/e2f796d6-5bae-4a8b-9db1-2f70fd929d0b/name'
10:52:17.707 [AsyncHttpClient-1-6] DEBUG org.asynchttpclient.netty.handler.HttpHandler - 

Request DefaultFullHttpRequest(decodeResult: success, version: HTTP/1.1, content: EmptyByteBufBE)
GET /session/9fbb6ee98356802f6881f78f8e080ce7/element/e2f796d6-5bae-4a8b-9db1-2f70fd929d0b/name HTTP/1.1
User-Agent: selenium/4.8.1 (java windows)
Cache-Control: no-cache
Content-Type: application/json; charset=utf-8
host: localhost:16540
accept: */*

Response DefaultHttpResponse(decodeResult: success, version: HTTP/1.1)
HTTP/1.1 200 OK
Content-Length: 18
Content-Type: application/json; charset=utf-8
cache-control: no-cache

10:52:17.707 [AsyncHttpClient-1-6] DEBUG org.asynchttpclient.netty.channel.ChannelManager - Adding key: http://localhost:16540 for channel [id: 0xac1abbb1, L:/127.0.0.1:58561 - R:localhost/127.0.0.1:16540]
10:52:17.712 [Forwarding getElementTagName on session 9fbb6ee98356802f6881f78f8e080ce7 to remote] DEBUG org.asynchttpclient.netty.request.NettyRequestSender - Using pooled Channel '[id: 0xac1abbb1, L:/127.0.0.1:58561 - R:localhost/127.0.0.1:16540]' for 'GET' to 'http://localhost:16540/session/9fbb6ee98356802f6881f78f8e080ce7/element/e2f796d6-5bae-4a8b-9db1-2f70fd929d0b/name'
10:52:17.712 [Forwarding getElementTagName on session 9fbb6ee98356802f6881f78f8e080ce7 to remote] DEBUG org.asynchttpclient.netty.request.NettyRequestSender - Using open Channel [id: 0xac1abbb1, L:/127.0.0.1:58561 - R:localhost/127.0.0.1:16540] for GET '/session/9fbb6ee98356802f6881f78f8e080ce7/element/e2f796d6-5bae-4a8b-9db1-2f70fd929d0b/name'
10:52:17.728 [AsyncHttpClient-1-6] DEBUG org.asynchttpclient.netty.handler.HttpHandler - 

Request DefaultFullHttpRequest(decodeResult: success, version: HTTP/1.1, content: EmptyByteBufBE)
GET /session/9fbb6ee98356802f6881f78f8e080ce7/element/e2f796d6-5bae-4a8b-9db1-2f70fd929d0b/name HTTP/1.1
User-Agent: selenium/4.8.1 (java windows)
Cache-Control: no-cache
Content-Type: application/json; charset=utf-8
host: localhost:16540
accept: */*

Response DefaultHttpResponse(decodeResult: success, version: HTTP/1.1)
HTTP/1.1 200 OK
Content-Length: 18
Content-Type: application/json; charset=utf-8
cache-control: no-cache

10:52:17.729 [AsyncHttpClient-1-6] DEBUG org.asynchttpclient.netty.channel.ChannelManager - Adding key: http://localhost:16540 for channel [id: 0xac1abbb1, L:/127.0.0.1:58561 - R:localhost/127.0.0.1:16540]
10:52:17.735 [Forwarding isElementEnabled on session 9fbb6ee98356802f6881f78f8e080ce7 to remote] DEBUG org.asynchttpclient.netty.request.NettyRequestSender - Using pooled Channel '[id: 0xac1abbb1, L:/127.0.0.1:58561 - R:localhost/127.0.0.1:16540]' for 'GET' to 'http://localhost:16540/session/9fbb6ee98356802f6881f78f8e080ce7/element/e2f796d6-5bae-4a8b-9db1-2f70fd929d0b/enabled'
10:52:17.735 [Forwarding isElementEnabled on session 9fbb6ee98356802f6881f78f8e080ce7 to remote] DEBUG org.asynchttpclient.netty.request.NettyRequestSender - Using open Channel [id: 0xac1abbb1, L:/127.0.0.1:58561 - R:localhost/127.0.0.1:16540] for GET '/session/9fbb6ee98356802f6881f78f8e080ce7/element/e2f796d6-5bae-4a8b-9db1-2f70fd929d0b/enabled'
10:52:17.760 [AsyncHttpClient-1-6] DEBUG org.asynchttpclient.netty.handler.HttpHandler - 

Request DefaultFullHttpRequest(decodeResult: success, version: HTTP/1.1, content: EmptyByteBufBE)
GET /session/9fbb6ee98356802f6881f78f8e080ce7/element/e2f796d6-5bae-4a8b-9db1-2f70fd929d0b/enabled HTTP/1.1
User-Agent: selenium/4.8.1 (java windows)
Cache-Control: no-cache
Content-Type: application/json; charset=utf-8
host: localhost:16540
accept: */*

Response DefaultHttpResponse(decodeResult: success, version: HTTP/1.1)
HTTP/1.1 200 OK
Content-Length: 14
Content-Type: application/json; charset=utf-8
cache-control: no-cache

10:52:17.760 [AsyncHttpClient-1-6] DEBUG org.asynchttpclient.netty.channel.ChannelManager - Adding key: http://localhost:16540 for channel [id: 0xac1abbb1, L:/127.0.0.1:58561 - R:localhost/127.0.0.1:16540]
10:52:17.763 [Forwarding isElementEnabled on session 9fbb6ee98356802f6881f78f8e080ce7 to remote] DEBUG org.asynchttpclient.netty.request.NettyRequestSender - Using pooled Channel '[id: 0xac1abbb1, L:/127.0.0.1:58561 - R:localhost/127.0.0.1:16540]' for 'GET' to 'http://localhost:16540/session/9fbb6ee98356802f6881f78f8e080ce7/element/e2f796d6-5bae-4a8b-9db1-2f70fd929d0b/enabled'
10:52:17.763 [Forwarding isElementEnabled on session 9fbb6ee98356802f6881f78f8e080ce7 to remote] DEBUG org.asynchttpclient.netty.request.NettyRequestSender - Using open Channel [id: 0xac1abbb1, L:/127.0.0.1:58561 - R:localhost/127.0.0.1:16540] for GET '/session/9fbb6ee98356802f6881f78f8e080ce7/element/e2f796d6-5bae-4a8b-9db1-2f70fd929d0b/enabled'
10:52:17.802 [AsyncHttpClient-1-6] DEBUG org.asynchttpclient.netty.handler.HttpHandler - 

Request DefaultFullHttpRequest(decodeResult: success, version: HTTP/1.1, content: EmptyByteBufBE)
GET /session/9fbb6ee98356802f6881f78f8e080ce7/element/e2f796d6-5bae-4a8b-9db1-2f70fd929d0b/enabled HTTP/1.1
User-Agent: selenium/4.8.1 (java windows)
Cache-Control: no-cache
Content-Type: application/json; charset=utf-8
host: localhost:16540
accept: */*

Response DefaultHttpResponse(decodeResult: success, version: HTTP/1.1)
HTTP/1.1 200 OK
Content-Length: 14
Content-Type: application/json; charset=utf-8
cache-control: no-cache

10:52:17.803 [AsyncHttpClient-1-6] DEBUG org.asynchttpclient.netty.channel.ChannelManager - Adding key: http://localhost:16540 for channel [id: 0xac1abbb1, L:/127.0.0.1:58561 - R:localhost/127.0.0.1:16540]
10:52:17.807 [Forwarding findElement on session 9fbb6ee98356802f6881f78f8e080ce7 to remote] DEBUG org.asynchttpclient.netty.request.NettyRequestSender - Using pooled Channel '[id: 0xac1abbb1, L:/127.0.0.1:58561 - R:localhost/127.0.0.1:16540]' for 'POST' to 'http://localhost:16540/session/9fbb6ee98356802f6881f78f8e080ce7/element'
10:52:17.807 [Forwarding findElement on session 9fbb6ee98356802f6881f78f8e080ce7 to remote] DEBUG org.asynchttpclient.netty.request.NettyRequestSender - Using open Channel [id: 0xac1abbb1, L:/127.0.0.1:58561 - R:localhost/127.0.0.1:16540] for POST '/session/9fbb6ee98356802f6881f78f8e080ce7/element'
10:52:18.045 [AsyncHttpClient-1-6] DEBUG org.asynchttpclient.netty.handler.HttpHandler - 

Request DefaultHttpRequest(decodeResult: success, version: HTTP/1.1)
POST /session/9fbb6ee98356802f6881f78f8e080ce7/element HTTP/1.1
User-Agent: selenium/4.8.1 (java windows)
Content-Length: 184
Content-Type: application/json; charset=utf-8
host: localhost:16540
accept: */*

Response DefaultHttpResponse(decodeResult: success, version: HTTP/1.1)
HTTP/1.1 200 OK
Content-Length: 88
Content-Type: application/json; charset=utf-8
cache-control: no-cache

10:52:18.045 [AsyncHttpClient-1-6] DEBUG org.asynchttpclient.netty.channel.ChannelManager - Adding key: http://localhost:16540 for channel [id: 0xac1abbb1, L:/127.0.0.1:58561 - R:localhost/127.0.0.1:16540]
10:52:18.047 [Forwarding clickElement on session 9fbb6ee98356802f6881f78f8e080ce7 to remote] DEBUG org.asynchttpclient.netty.request.NettyRequestSender - Using pooled Channel '[id: 0xac1abbb1, L:/127.0.0.1:58561 - R:localhost/127.0.0.1:16540]' for 'POST' to 'http://localhost:16540/session/9fbb6ee98356802f6881f78f8e080ce7/element/e2f796d6-5bae-4a8b-9db1-2f70fd929d0b/click'
10:52:18.047 [Forwarding clickElement on session 9fbb6ee98356802f6881f78f8e080ce7 to remote] DEBUG org.asynchttpclient.netty.request.NettyRequestSender - Using open Channel [id: 0xac1abbb1, L:/127.0.0.1:58561 - R:localhost/127.0.0.1:16540] for POST '/session/9fbb6ee98356802f6881f78f8e080ce7/element/e2f796d6-5bae-4a8b-9db1-2f70fd929d0b/click'
10:52:21.054 [AsyncHttpClient-1-6] DEBUG org.asynchttpclient.netty.handler.HttpHandler - 

Request DefaultHttpRequest(decodeResult: success, version: HTTP/1.1)
POST /session/9fbb6ee98356802f6881f78f8e080ce7/element/e2f796d6-5bae-4a8b-9db1-2f70fd929d0b/click HTTP/1.1
User-Agent: selenium/4.8.1 (java windows)
Content-Length: 50
Content-Type: application/json; charset=utf-8
host: localhost:16540
accept: */*

Response DefaultHttpResponse(decodeResult: success, version: HTTP/1.1)
HTTP/1.1 200 OK
Content-Length: 14
Content-Type: application/json; charset=utf-8
cache-control: no-cache

10:52:21.055 [AsyncHttpClient-1-6] DEBUG org.asynchttpclient.netty.channel.ChannelManager - Adding key: http://localhost:16540 for channel [id: 0xac1abbb1, L:/127.0.0.1:58561 - R:localhost/127.0.0.1:16540]
10:52:21.071 [Forwarding getAlertText on session 9fbb6ee98356802f6881f78f8e080ce7 to remote] DEBUG org.asynchttpclient.netty.request.NettyRequestSender - Using pooled Channel '[id: 0xac1abbb1, L:/127.0.0.1:58561 - R:localhost/127.0.0.1:16540]' for 'GET' to 'http://localhost:16540/session/9fbb6ee98356802f6881f78f8e080ce7/alert/text'
10:52:21.072 [Forwarding getAlertText on session 9fbb6ee98356802f6881f78f8e080ce7 to remote] DEBUG org.asynchttpclient.netty.request.NettyRequestSender - Using open Channel [id: 0xac1abbb1, L:/127.0.0.1:58561 - R:localhost/127.0.0.1:16540] for GET '/session/9fbb6ee98356802f6881f78f8e080ce7/alert/text'
10:52:21.377 [AsyncHttpClient-1-6] DEBUG org.asynchttpclient.netty.handler.HttpHandler - 

Request DefaultFullHttpRequest(decodeResult: success, version: HTTP/1.1, content: EmptyByteBufBE)
GET /session/9fbb6ee98356802f6881f78f8e080ce7/alert/text HTTP/1.1
User-Agent: selenium/4.8.1 (java windows)
Cache-Control: no-cache
Content-Type: application/json; charset=utf-8
host: localhost:16540
accept: */*

Response DefaultHttpResponse(decodeResult: success, version: HTTP/1.1)
HTTP/1.1 404 Not Found
Content-Length: 848
Content-Type: application/json; charset=utf-8
cache-control: no-cache

10:52:21.377 [AsyncHttpClient-1-6] DEBUG org.asynchttpclient.netty.channel.ChannelManager - Adding key: http://localhost:16540 for channel [id: 0xac1abbb1, L:/127.0.0.1:58561 - R:localhost/127.0.0.1:16540]
10:52:21.378 [Forwarding getCurrentUrl on session 9fbb6ee98356802f6881f78f8e080ce7 to remote] DEBUG org.asynchttpclient.netty.request.NettyRequestSender - Using pooled Channel '[id: 0xac1abbb1, L:/127.0.0.1:58561 - R:localhost/127.0.0.1:16540]' for 'GET' to 'http://localhost:16540/session/9fbb6ee98356802f6881f78f8e080ce7/url'
10:52:21.378 [Forwarding getCurrentUrl on session 9fbb6ee98356802f6881f78f8e080ce7 to remote] DEBUG org.asynchttpclient.netty.request.NettyRequestSender - Using open Channel [id: 0xac1abbb1, L:/127.0.0.1:58561 - R:localhost/127.0.0.1:16540] for GET '/session/9fbb6ee98356802f6881f78f8e080ce7/url'
10:52:51.353 [AsyncHttpClient-1-6] DEBUG org.asynchttpclient.netty.handler.HttpHandler - 

Request DefaultFullHttpRequest(decodeResult: success, version: HTTP/1.1, content: EmptyByteBufBE)
GET /session/9fbb6ee98356802f6881f78f8e080ce7/url HTTP/1.1
User-Agent: selenium/4.8.1 (java windows)
Cache-Control: no-cache
Content-Type: application/json; charset=utf-8
host: localhost:16540
accept: */*

Response DefaultHttpResponse(decodeResult: success, version: HTTP/1.1)
HTTP/1.1 200 OK
Content-Length: 55
Content-Type: application/json; charset=utf-8
cache-control: no-cache

10:52:51.354 [AsyncHttpClient-1-6] DEBUG org.asynchttpclient.netty.channel.ChannelManager - Adding key: http://localhost:16540 for channel [id: 0xac1abbb1, L:/127.0.0.1:58561 - R:localhost/127.0.0.1:16540]
10:52:51.355 [Forwarding screenshot on session 9fbb6ee98356802f6881f78f8e080ce7 to remote] DEBUG org.asynchttpclient.netty.request.NettyRequestSender - Using pooled Channel '[id: 0xac1abbb1, L:/127.0.0.1:58561 - R:localhost/127.0.0.1:16540]' for 'GET' to 'http://localhost:16540/session/9fbb6ee98356802f6881f78f8e080ce7/screenshot'
10:52:51.355 [Forwarding screenshot on session 9fbb6ee98356802f6881f78f8e080ce7 to remote] DEBUG org.asynchttpclient.netty.request.NettyRequestSender - Using open Channel [id: 0xac1abbb1, L:/127.0.0.1:58561 - R:localhost/127.0.0.1:16540] for GET '/session/9fbb6ee98356802f6881f78f8e080ce7/screenshot'
10:52:51.603 [AsyncHttpClient-1-6] DEBUG org.asynchttpclient.netty.handler.HttpHandler - 

Request DefaultFullHttpRequest(decodeResult: success, version: HTTP/1.1, content: EmptyByteBufBE)
GET /session/9fbb6ee98356802f6881f78f8e080ce7/screenshot HTTP/1.1
User-Agent: selenium/4.8.1 (java windows)
Cache-Control: no-cache
Content-Type: application/json; charset=utf-8
host: localhost:16540
accept: */*

Response DefaultHttpResponse(decodeResult: success, version: HTTP/1.1)
HTTP/1.1 200 OK
Content-Length: 28340
Content-Type: application/json; charset=utf-8
cache-control: no-cache

10:52:51.603 [AsyncHttpClient-1-6] DEBUG org.asynchttpclient.netty.channel.ChannelManager - Adding key: http://localhost:16540 for channel [id: 0xac1abbb1, L:/127.0.0.1:58561 - R:localhost/127.0.0.1:16540]
10:52:51.608 [main] DEBUG net.serenitybdd.core.photography.Darkroom - Send negative for processing for target\site\serenity\4cf29e715a7cfb7afcf9cd94f9611bc2a3c233fe2986b1ed52014cc93342c9e1.png
10:52:51.609 [main] DEBUG net.thucydides.core.steps.StepInterceptor - STEP DONE: detailButton
  &amp#27;[32mAnd &amp#27;[0m&amp#27;[32mUser successfully see detail product&amp#27;[0m                                        &amp#27;[90m# starter.stepdefinition.IntegrationSteps.seeDetails()&amp#27;[0m
10:52:51.646 [Forwarding getPageSource on session 9fbb6ee98356802f6881f78f8e080ce7 to remote] DEBUG org.asynchttpclient.netty.request.NettyRequestSender - Using pooled Channel '[id: 0xac1abbb1, L:/127.0.0.1:58561 - R:localhost/127.0.0.1:16540]' for 'POST' to 'http://localhost:16540/session/9fbb6ee98356802f6881f78f8e080ce7/execute/sync'
10:52:51.647 [Forwarding getPageSource on session 9fbb6ee98356802f6881f78f8e080ce7 to remote] DEBUG org.asynchttpclient.netty.request.NettyRequestSender - Using open Channel [id: 0xac1abbb1, L:/127.0.0.1:58561 - R:localhost/127.0.0.1:16540] for POST '/session/9fbb6ee98356802f6881f78f8e080ce7/execute/sync'
10:52:51.756 [AsyncHttpClient-1-6] DEBUG org.asynchttpclient.netty.handler.HttpHandler - 

Request DefaultHttpRequest(decodeResult: success, version: HTTP/1.1)
POST /session/9fbb6ee98356802f6881f78f8e080ce7/execute/sync HTTP/1.1
User-Agent: selenium/4.8.1 (java windows)
Content-Length: 176
Content-Type: application/json; charset=utf-8
host: localhost:16540
accept: */*

Response DefaultHttpResponse(decodeResult: success, version: HTTP/1.1)
HTTP/1.1 200 OK
Content-Length: 21786
Content-Type: application/json; charset=utf-8
cache-control: no-cache

10:52:51.756 [AsyncHttpClient-1-6] DEBUG org.asynchttpclient.netty.channel.ChannelManager - Adding key: http://localhost:16540 for channel [id: 0xac1abbb1, L:/127.0.0.1:58561 - R:localhost/127.0.0.1:16540]
10:52:51.763 [Forwarding getCurrentUrl on session 9fbb6ee98356802f6881f78f8e080ce7 to remote] DEBUG org.asynchttpclient.netty.request.NettyRequestSender - Using pooled Channel '[id: 0xac1abbb1, L:/127.0.0.1:58561 - R:localhost/127.0.0.1:16540]' for 'GET' to 'http://localhost:16540/session/9fbb6ee98356802f6881f78f8e080ce7/url'
10:52:51.763 [Forwarding getCurrentUrl on session 9fbb6ee98356802f6881f78f8e080ce7 to remote] DEBUG org.asynchttpclient.netty.request.NettyRequestSender - Using open Channel [id: 0xac1abbb1, L:/127.0.0.1:58561 - R:localhost/127.0.0.1:16540] for GET '/session/9fbb6ee98356802f6881f78f8e080ce7/url'
10:52:51.838 [AsyncHttpClient-1-6] DEBUG org.asynchttpclient.netty.handler.HttpHandler - 

Request DefaultFullHttpRequest(decodeResult: success, version: HTTP/1.1, content: EmptyByteBufBE)
GET /session/9fbb6ee98356802f6881f78f8e080ce7/url HTTP/1.1
User-Agent: selenium/4.8.1 (java windows)
Cache-Control: no-cache
Content-Type: application/json; charset=utf-8
host: localhost:16540
accept: */*

Response DefaultHttpResponse(decodeResult: success, version: HTTP/1.1)
HTTP/1.1 200 OK
Content-Length: 55
Content-Type: application/json; charset=utf-8
cache-control: no-cache

10:52:51.838 [AsyncHttpClient-1-6] DEBUG org.asynchttpclient.netty.channel.ChannelManager - Adding key: http://localhost:16540 for channel [id: 0xac1abbb1, L:/127.0.0.1:58561 - R:localhost/127.0.0.1:16540]
10:52:51.859 [Forwarding getAlertText on session 9fbb6ee98356802f6881f78f8e080ce7 to remote] DEBUG org.asynchttpclient.netty.request.NettyRequestSender - Using pooled Channel '[id: 0xac1abbb1, L:/127.0.0.1:58561 - R:localhost/127.0.0.1:16540]' for 'GET' to 'http://localhost:16540/session/9fbb6ee98356802f6881f78f8e080ce7/alert/text'
10:52:51.860 [Forwarding getAlertText on session 9fbb6ee98356802f6881f78f8e080ce7 to remote] DEBUG org.asynchttpclient.netty.request.NettyRequestSender - Using open Channel [id: 0xac1abbb1, L:/127.0.0.1:58561 - R:localhost/127.0.0.1:16540] for GET '/session/9fbb6ee98356802f6881f78f8e080ce7/alert/text'
10:52:51.893 [AsyncHttpClient-1-6] DEBUG org.asynchttpclient.netty.handler.HttpHandler - 

Request DefaultFullHttpRequest(decodeResult: success, version: HTTP/1.1, content: EmptyByteBufBE)
GET /session/9fbb6ee98356802f6881f78f8e080ce7/alert/text HTTP/1.1
User-Agent: selenium/4.8.1 (java windows)
Cache-Control: no-cache
Content-Type: application/json; charset=utf-8
host: localhost:16540
accept: */*

Response DefaultHttpResponse(decodeResult: success, version: HTTP/1.1)
HTTP/1.1 404 Not Found
Content-Length: 848
Content-Type: application/json; charset=utf-8
cache-control: no-cache

10:52:51.893 [AsyncHttpClient-1-6] DEBUG org.asynchttpclient.netty.channel.ChannelManager - Adding key: http://localhost:16540 for channel [id: 0xac1abbb1, L:/127.0.0.1:58561 - R:localhost/127.0.0.1:16540]
10:52:51.895 [Forwarding getCurrentUrl on session 9fbb6ee98356802f6881f78f8e080ce7 to remote] DEBUG org.asynchttpclient.netty.request.NettyRequestSender - Using pooled Channel '[id: 0xac1abbb1, L:/127.0.0.1:58561 - R:localhost/127.0.0.1:16540]' for 'GET' to 'http://localhost:16540/session/9fbb6ee98356802f6881f78f8e080ce7/url'
10:52:51.895 [Forwarding getCurrentUrl on session 9fbb6ee98356802f6881f78f8e080ce7 to remote] DEBUG org.asynchttpclient.netty.request.NettyRequestSender - Using open Channel [id: 0xac1abbb1, L:/127.0.0.1:58561 - R:localhost/127.0.0.1:16540] for GET '/session/9fbb6ee98356802f6881f78f8e080ce7/url'
10:52:51.950 [AsyncHttpClient-1-6] DEBUG org.asynchttpclient.netty.handler.HttpHandler - 

Request DefaultFullHttpRequest(decodeResult: success, version: HTTP/1.1, content: EmptyByteBufBE)
GET /session/9fbb6ee98356802f6881f78f8e080ce7/url HTTP/1.1
User-Agent: selenium/4.8.1 (java windows)
Cache-Control: no-cache
Content-Type: application/json; charset=utf-8
host: localhost:16540
accept: */*

Response DefaultHttpResponse(decodeResult: success, version: HTTP/1.1)
HTTP/1.1 200 OK
Content-Length: 55
Content-Type: application/json; charset=utf-8
cache-control: no-cache

10:52:51.950 [AsyncHttpClient-1-6] DEBUG org.asynchttpclient.netty.channel.ChannelManager - Adding key: http://localhost:16540 for channel [id: 0xac1abbb1, L:/127.0.0.1:58561 - R:localhost/127.0.0.1:16540]
10:52:51.951 [Forwarding screenshot on session 9fbb6ee98356802f6881f78f8e080ce7 to remote] DEBUG org.asynchttpclient.netty.request.NettyRequestSender - Using pooled Channel '[id: 0xac1abbb1, L:/127.0.0.1:58561 - R:localhost/127.0.0.1:16540]' for 'GET' to 'http://localhost:16540/session/9fbb6ee98356802f6881f78f8e080ce7/screenshot'
10:52:51.951 [Forwarding screenshot on session 9fbb6ee98356802f6881f78f8e080ce7 to remote] DEBUG org.asynchttpclient.netty.request.NettyRequestSender - Using open Channel [id: 0xac1abbb1, L:/127.0.0.1:58561 - R:localhost/127.0.0.1:16540] for GET '/session/9fbb6ee98356802f6881f78f8e080ce7/screenshot'
10:52:52.150 [AsyncHttpClient-1-6] DEBUG org.asynchttpclient.netty.handler.HttpHandler - 

Request DefaultFullHttpRequest(decodeResult: success, version: HTTP/1.1, content: EmptyByteBufBE)
GET /session/9fbb6ee98356802f6881f78f8e080ce7/screenshot HTTP/1.1
User-Agent: selenium/4.8.1 (java windows)
Cache-Control: no-cache
Content-Type: application/json; charset=utf-8
host: localhost:16540
accept: */*

Response DefaultHttpResponse(decodeResult: success, version: HTTP/1.1)
HTTP/1.1 200 OK
Content-Length: 30656
Content-Type: application/json; charset=utf-8
cache-control: no-cache

10:52:52.151 [AsyncHttpClient-1-6] DEBUG org.asynchttpclient.netty.channel.ChannelManager - Adding key: http://localhost:16540 for channel [id: 0xac1abbb1, L:/127.0.0.1:58561 - R:localhost/127.0.0.1:16540]
10:52:52.155 [main] DEBUG net.serenitybdd.core.photography.Darkroom - Send negative for processing for target\site\serenity\ba7c6143c86976b6be69ab2e532f087d8d8dc3f89100ee688d340c20b665d238.png
10:52:52.158 [Forwarding getPageSource on session 9fbb6ee98356802f6881f78f8e080ce7 to remote] DEBUG org.asynchttpclient.netty.request.NettyRequestSender - Using pooled Channel '[id: 0xac1abbb1, L:/127.0.0.1:58561 - R:localhost/127.0.0.1:16540]' for 'POST' to 'http://localhost:16540/session/9fbb6ee98356802f6881f78f8e080ce7/execute/sync'
10:52:52.158 [Forwarding getPageSource on session 9fbb6ee98356802f6881f78f8e080ce7 to remote] DEBUG org.asynchttpclient.netty.request.NettyRequestSender - Using open Channel [id: 0xac1abbb1, L:/127.0.0.1:58561 - R:localhost/127.0.0.1:16540] for POST '/session/9fbb6ee98356802f6881f78f8e080ce7/execute/sync'
10:52:52.229 [AsyncHttpClient-1-6] DEBUG org.asynchttpclient.netty.handler.HttpHandler - 

Request DefaultHttpRequest(decodeResult: success, version: HTTP/1.1)
POST /session/9fbb6ee98356802f6881f78f8e080ce7/execute/sync HTTP/1.1
User-Agent: selenium/4.8.1 (java windows)
Content-Length: 176
Content-Type: application/json; charset=utf-8
host: localhost:16540
accept: */*

Response DefaultHttpResponse(decodeResult: success, version: HTTP/1.1)
HTTP/1.1 200 OK
Content-Length: 21786
Content-Type: application/json; charset=utf-8
cache-control: no-cache

10:52:52.229 [AsyncHttpClient-1-6] DEBUG org.asynchttpclient.netty.channel.ChannelManager - Adding key: http://localhost:16540 for channel [id: 0xac1abbb1, L:/127.0.0.1:58561 - R:localhost/127.0.0.1:16540]
10:52:52.234 [Forwarding getCurrentUrl on session 9fbb6ee98356802f6881f78f8e080ce7 to remote] DEBUG org.asynchttpclient.netty.request.NettyRequestSender - Using pooled Channel '[id: 0xac1abbb1, L:/127.0.0.1:58561 - R:localhost/127.0.0.1:16540]' for 'GET' to 'http://localhost:16540/session/9fbb6ee98356802f6881f78f8e080ce7/url'
10:52:52.235 [Forwarding getCurrentUrl on session 9fbb6ee98356802f6881f78f8e080ce7 to remote] DEBUG org.asynchttpclient.netty.request.NettyRequestSender - Using open Channel [id: 0xac1abbb1, L:/127.0.0.1:58561 - R:localhost/127.0.0.1:16540] for GET '/session/9fbb6ee98356802f6881f78f8e080ce7/url'
10:52:52.329 [AsyncHttpClient-1-6] DEBUG org.asynchttpclient.netty.handler.HttpHandler - 

Request DefaultFullHttpRequest(decodeResult: success, version: HTTP/1.1, content: EmptyByteBufBE)
GET /session/9fbb6ee98356802f6881f78f8e080ce7/url HTTP/1.1
User-Agent: selenium/4.8.1 (java windows)
Cache-Control: no-cache
Content-Type: application/json; charset=utf-8
host: localhost:16540
accept: */*

Response DefaultHttpResponse(decodeResult: success, version: HTTP/1.1)
HTTP/1.1 200 OK
Content-Length: 55
Content-Type: application/json; charset=utf-8
cache-control: no-cache

10:52:52.330 [AsyncHttpClient-1-6] DEBUG org.asynchttpclient.netty.channel.ChannelManager - Adding key: http://localhost:16540 for channel [id: 0xac1abbb1, L:/127.0.0.1:58561 - R:localhost/127.0.0.1:16540]
10:52:52.333 [main] DEBUG net.thucydides.core.steps.StepInterceptor - STARTING STEP: IntegrationSteps.ratings - giveRating
10:52:52.340 [Forwarding findElement on session 9fbb6ee98356802f6881f78f8e080ce7 to remote] DEBUG org.asynchttpclient.netty.request.NettyRequestSender - Using pooled Channel '[id: 0xac1abbb1, L:/127.0.0.1:58561 - R:localhost/127.0.0.1:16540]' for 'POST' to 'http://localhost:16540/session/9fbb6ee98356802f6881f78f8e080ce7/element'
10:52:52.340 [Forwarding findElement on session 9fbb6ee98356802f6881f78f8e080ce7 to remote] DEBUG org.asynchttpclient.netty.request.NettyRequestSender - Using open Channel [id: 0xac1abbb1, L:/127.0.0.1:58561 - R:localhost/127.0.0.1:16540] for POST '/session/9fbb6ee98356802f6881f78f8e080ce7/element'
10:52:52.420 [AsyncHttpClient-1-6] DEBUG org.asynchttpclient.netty.handler.HttpHandler - 

Request DefaultHttpRequest(decodeResult: success, version: HTTP/1.1)
POST /session/9fbb6ee98356802f6881f78f8e080ce7/element HTTP/1.1
User-Agent: selenium/4.8.1 (java windows)
Content-Length: 163
Content-Type: application/json; charset=utf-8
host: localhost:16540
accept: */*

Response DefaultHttpResponse(decodeResult: success, version: HTTP/1.1)
HTTP/1.1 200 OK
Content-Length: 88
Content-Type: application/json; charset=utf-8
cache-control: no-cache

10:52:52.420 [AsyncHttpClient-1-6] DEBUG org.asynchttpclient.netty.channel.ChannelManager - Adding key: http://localhost:16540 for channel [id: 0xac1abbb1, L:/127.0.0.1:58561 - R:localhost/127.0.0.1:16540]
10:52:52.422 [Forwarding getElementTagName on session 9fbb6ee98356802f6881f78f8e080ce7 to remote] DEBUG org.asynchttpclient.netty.request.NettyRequestSender - Using pooled Channel '[id: 0xac1abbb1, L:/127.0.0.1:58561 - R:localhost/127.0.0.1:16540]' for 'GET' to 'http://localhost:16540/session/9fbb6ee98356802f6881f78f8e080ce7/element/71f75f56-934d-4c26-b46b-283e099afa28/name'
10:52:52.423 [Forwarding getElementTagName on session 9fbb6ee98356802f6881f78f8e080ce7 to remote] DEBUG org.asynchttpclient.netty.request.NettyRequestSender - Using open Channel [id: 0xac1abbb1, L:/127.0.0.1:58561 - R:localhost/127.0.0.1:16540] for GET '/session/9fbb6ee98356802f6881f78f8e080ce7/element/71f75f56-934d-4c26-b46b-283e099afa28/name'
10:52:52.476 [AsyncHttpClient-1-6] DEBUG org.asynchttpclient.netty.handler.HttpHandler - 

Request DefaultFullHttpRequest(decodeResult: success, version: HTTP/1.1, content: EmptyByteBufBE)
GET /session/9fbb6ee98356802f6881f78f8e080ce7/element/71f75f56-934d-4c26-b46b-283e099afa28/name HTTP/1.1
User-Agent: selenium/4.8.1 (java windows)
Cache-Control: no-cache
Content-Type: application/json; charset=utf-8
host: localhost:16540
accept: */*

Response DefaultHttpResponse(decodeResult: success, version: HTTP/1.1)
HTTP/1.1 200 OK
Content-Length: 18
Content-Type: application/json; charset=utf-8
cache-control: no-cache

10:52:52.476 [AsyncHttpClient-1-6] DEBUG org.asynchttpclient.netty.channel.ChannelManager - Adding key: http://localhost:16540 for channel [id: 0xac1abbb1, L:/127.0.0.1:58561 - R:localhost/127.0.0.1:16540]
10:52:52.478 [Forwarding getElementTagName on session 9fbb6ee98356802f6881f78f8e080ce7 to remote] DEBUG org.asynchttpclient.netty.request.NettyRequestSender - Using pooled Channel '[id: 0xac1abbb1, L:/127.0.0.1:58561 - R:localhost/127.0.0.1:16540]' for 'GET' to 'http://localhost:16540/session/9fbb6ee98356802f6881f78f8e080ce7/element/71f75f56-934d-4c26-b46b-283e099afa28/name'
10:52:52.478 [Forwarding getElementTagName on session 9fbb6ee98356802f6881f78f8e080ce7 to remote] DEBUG org.asynchttpclient.netty.request.NettyRequestSender - Using open Channel [id: 0xac1abbb1, L:/127.0.0.1:58561 - R:localhost/127.0.0.1:16540] for GET '/session/9fbb6ee98356802f6881f78f8e080ce7/element/71f75f56-934d-4c26-b46b-283e099afa28/name'
10:52:52.533 [AsyncHttpClient-1-6] DEBUG org.asynchttpclient.netty.handler.HttpHandler - 

Request DefaultFullHttpRequest(decodeResult: success, version: HTTP/1.1, content: EmptyByteBufBE)
GET /session/9fbb6ee98356802f6881f78f8e080ce7/element/71f75f56-934d-4c26-b46b-283e099afa28/name HTTP/1.1
User-Agent: selenium/4.8.1 (java windows)
Cache-Control: no-cache
Content-Type: application/json; charset=utf-8
host: localhost:16540
accept: */*

Response DefaultHttpResponse(decodeResult: success, version: HTTP/1.1)
HTTP/1.1 200 OK
Content-Length: 18
Content-Type: application/json; charset=utf-8
cache-control: no-cache

10:52:52.533 [AsyncHttpClient-1-6] DEBUG org.asynchttpclient.netty.channel.ChannelManager - Adding key: http://localhost:16540 for channel [id: 0xac1abbb1, L:/127.0.0.1:58561 - R:localhost/127.0.0.1:16540]
10:52:52.538 [Forwarding isElementEnabled on session 9fbb6ee98356802f6881f78f8e080ce7 to remote] DEBUG org.asynchttpclient.netty.request.NettyRequestSender - Using pooled Channel '[id: 0xac1abbb1, L:/127.0.0.1:58561 - R:localhost/127.0.0.1:16540]' for 'GET' to 'http://localhost:16540/session/9fbb6ee98356802f6881f78f8e080ce7/element/71f75f56-934d-4c26-b46b-283e099afa28/enabled'
10:52:52.538 [Forwarding isElementEnabled on session 9fbb6ee98356802f6881f78f8e080ce7 to remote] DEBUG org.asynchttpclient.netty.request.NettyRequestSender - Using open Channel [id: 0xac1abbb1, L:/127.0.0.1:58561 - R:localhost/127.0.0.1:16540] for GET '/session/9fbb6ee98356802f6881f78f8e080ce7/element/71f75f56-934d-4c26-b46b-283e099afa28/enabled'
10:52:52.618 [AsyncHttpClient-1-6] DEBUG org.asynchttpclient.netty.handler.HttpHandler - 

Request DefaultFullHttpRequest(decodeResult: success, version: HTTP/1.1, content: EmptyByteBufBE)
GET /session/9fbb6ee98356802f6881f78f8e080ce7/element/71f75f56-934d-4c26-b46b-283e099afa28/enabled HTTP/1.1
User-Agent: selenium/4.8.1 (java windows)
Cache-Control: no-cache
Content-Type: application/json; charset=utf-8
host: localhost:16540
accept: */*

Response DefaultHttpResponse(decodeResult: success, version: HTTP/1.1)
HTTP/1.1 200 OK
Content-Length: 14
Content-Type: application/json; charset=utf-8
cache-control: no-cache

10:52:52.618 [AsyncHttpClient-1-6] DEBUG org.asynchttpclient.netty.channel.ChannelManager - Adding key: http://localhost:16540 for channel [id: 0xac1abbb1, L:/127.0.0.1:58561 - R:localhost/127.0.0.1:16540]
10:52:52.620 [Forwarding isElementEnabled on session 9fbb6ee98356802f6881f78f8e080ce7 to remote] DEBUG org.asynchttpclient.netty.request.NettyRequestSender - Using pooled Channel '[id: 0xac1abbb1, L:/127.0.0.1:58561 - R:localhost/127.0.0.1:16540]' for 'GET' to 'http://localhost:16540/session/9fbb6ee98356802f6881f78f8e080ce7/element/71f75f56-934d-4c26-b46b-283e099afa28/enabled'
10:52:52.620 [Forwarding isElementEnabled on session 9fbb6ee98356802f6881f78f8e080ce7 to remote] DEBUG org.asynchttpclient.netty.request.NettyRequestSender - Using open Channel [id: 0xac1abbb1, L:/127.0.0.1:58561 - R:localhost/127.0.0.1:16540] for GET '/session/9fbb6ee98356802f6881f78f8e080ce7/element/71f75f56-934d-4c26-b46b-283e099afa28/enabled'
10:52:52.693 [AsyncHttpClient-1-6] DEBUG org.asynchttpclient.netty.handler.HttpHandler - 

Request DefaultFullHttpRequest(decodeResult: success, version: HTTP/1.1, content: EmptyByteBufBE)
GET /session/9fbb6ee98356802f6881f78f8e080ce7/element/71f75f56-934d-4c26-b46b-283e099afa28/enabled HTTP/1.1
User-Agent: selenium/4.8.1 (java windows)
Cache-Control: no-cache
Content-Type: application/json; charset=utf-8
host: localhost:16540
accept: */*

Response DefaultHttpResponse(decodeResult: success, version: HTTP/1.1)
HTTP/1.1 200 OK
Content-Length: 14
Content-Type: application/json; charset=utf-8
cache-control: no-cache

10:52:52.693 [AsyncHttpClient-1-6] DEBUG org.asynchttpclient.netty.channel.ChannelManager - Adding key: http://localhost:16540 for channel [id: 0xac1abbb1, L:/127.0.0.1:58561 - R:localhost/127.0.0.1:16540]
10:52:52.697 [Forwarding findElement on session 9fbb6ee98356802f6881f78f8e080ce7 to remote] DEBUG org.asynchttpclient.netty.request.NettyRequestSender - Using pooled Channel '[id: 0xac1abbb1, L:/127.0.0.1:58561 - R:localhost/127.0.0.1:16540]' for 'POST' to 'http://localhost:16540/session/9fbb6ee98356802f6881f78f8e080ce7/element'
10:52:52.698 [Forwarding findElement on session 9fbb6ee98356802f6881f78f8e080ce7 to remote] DEBUG org.asynchttpclient.netty.request.NettyRequestSender - Using open Channel [id: 0xac1abbb1, L:/127.0.0.1:58561 - R:localhost/127.0.0.1:16540] for POST '/session/9fbb6ee98356802f6881f78f8e080ce7/element'
10:52:52.756 [AsyncHttpClient-1-6] DEBUG org.asynchttpclient.netty.handler.HttpHandler - 

Request DefaultHttpRequest(decodeResult: success, version: HTTP/1.1)
POST /session/9fbb6ee98356802f6881f78f8e080ce7/element HTTP/1.1
User-Agent: selenium/4.8.1 (java windows)
Content-Length: 163
Content-Type: application/json; charset=utf-8
host: localhost:16540
accept: */*

Response DefaultHttpResponse(decodeResult: success, version: HTTP/1.1)
HTTP/1.1 200 OK
Content-Length: 88
Content-Type: application/json; charset=utf-8
cache-control: no-cache

10:52:52.756 [AsyncHttpClient-1-6] DEBUG org.asynchttpclient.netty.channel.ChannelManager - Adding key: http://localhost:16540 for channel [id: 0xac1abbb1, L:/127.0.0.1:58561 - R:localhost/127.0.0.1:16540]
10:52:52.758 [Forwarding clickElement on session 9fbb6ee98356802f6881f78f8e080ce7 to remote] DEBUG org.asynchttpclient.netty.request.NettyRequestSender - Using pooled Channel '[id: 0xac1abbb1, L:/127.0.0.1:58561 - R:localhost/127.0.0.1:16540]' for 'POST' to 'http://localhost:16540/session/9fbb6ee98356802f6881f78f8e080ce7/element/71f75f56-934d-4c26-b46b-283e099afa28/click'
10:52:52.758 [Forwarding clickElement on session 9fbb6ee98356802f6881f78f8e080ce7 to remote] DEBUG org.asynchttpclient.netty.request.NettyRequestSender - Using open Channel [id: 0xac1abbb1, L:/127.0.0.1:58561 - R:localhost/127.0.0.1:16540] for POST '/session/9fbb6ee98356802f6881f78f8e080ce7/element/71f75f56-934d-4c26-b46b-283e099afa28/click'
10:52:52.890 [AsyncHttpClient-1-6] DEBUG org.asynchttpclient.netty.handler.HttpHandler - 

Request DefaultHttpRequest(decodeResult: success, version: HTTP/1.1)
POST /session/9fbb6ee98356802f6881f78f8e080ce7/element/71f75f56-934d-4c26-b46b-283e099afa28/click HTTP/1.1
User-Agent: selenium/4.8.1 (java windows)
Content-Length: 50
Content-Type: application/json; charset=utf-8
host: localhost:16540
accept: */*

Response DefaultHttpResponse(decodeResult: success, version: HTTP/1.1)
HTTP/1.1 200 OK
Content-Length: 14
Content-Type: application/json; charset=utf-8
cache-control: no-cache

10:52:52.890 [AsyncHttpClient-1-6] DEBUG org.asynchttpclient.netty.channel.ChannelManager - Adding key: http://localhost:16540 for channel [id: 0xac1abbb1, L:/127.0.0.1:58561 - R:localhost/127.0.0.1:16540]
10:52:52.909 [Forwarding getAlertText on session 9fbb6ee98356802f6881f78f8e080ce7 to remote] DEBUG org.asynchttpclient.netty.request.NettyRequestSender - Using pooled Channel '[id: 0xac1abbb1, L:/127.0.0.1:58561 - R:localhost/127.0.0.1:16540]' for 'GET' to 'http://localhost:16540/session/9fbb6ee98356802f6881f78f8e080ce7/alert/text'
10:52:52.910 [Forwarding getAlertText on session 9fbb6ee98356802f6881f78f8e080ce7 to remote] DEBUG org.asynchttpclient.netty.request.NettyRequestSender - Using open Channel [id: 0xac1abbb1, L:/127.0.0.1:58561 - R:localhost/127.0.0.1:16540] for GET '/session/9fbb6ee98356802f6881f78f8e080ce7/alert/text'
10:52:53.339 [AsyncHttpClient-1-6] DEBUG org.asynchttpclient.netty.handler.HttpHandler - 

Request DefaultFullHttpRequest(decodeResult: success, version: HTTP/1.1, content: EmptyByteBufBE)
GET /session/9fbb6ee98356802f6881f78f8e080ce7/alert/text HTTP/1.1
User-Agent: selenium/4.8.1 (java windows)
Cache-Control: no-cache
Content-Type: application/json; charset=utf-8
host: localhost:16540
accept: */*

Response DefaultHttpResponse(decodeResult: success, version: HTTP/1.1)
HTTP/1.1 404 Not Found
Content-Length: 848
Content-Type: application/json; charset=utf-8
cache-control: no-cache

10:52:53.340 [AsyncHttpClient-1-6] DEBUG org.asynchttpclient.netty.channel.ChannelManager - Adding key: http://localhost:16540 for channel [id: 0xac1abbb1, L:/127.0.0.1:58561 - R:localhost/127.0.0.1:16540]
10:52:53.345 [Forwarding getCurrentUrl on session 9fbb6ee98356802f6881f78f8e080ce7 to remote] DEBUG org.asynchttpclient.netty.request.NettyRequestSender - Using pooled Channel '[id: 0xac1abbb1, L:/127.0.0.1:58561 - R:localhost/127.0.0.1:16540]' for 'GET' to 'http://localhost:16540/session/9fbb6ee98356802f6881f78f8e080ce7/url'
10:52:53.345 [Forwarding getCurrentUrl on session 9fbb6ee98356802f6881f78f8e080ce7 to remote] DEBUG org.asynchttpclient.netty.request.NettyRequestSender - Using open Channel [id: 0xac1abbb1, L:/127.0.0.1:58561 - R:localhost/127.0.0.1:16540] for GET '/session/9fbb6ee98356802f6881f78f8e080ce7/url'
10:52:53.381 [AsyncHttpClient-1-6] DEBUG org.asynchttpclient.netty.handler.HttpHandler - 

Request DefaultFullHttpRequest(decodeResult: success, version: HTTP/1.1, content: EmptyByteBufBE)
GET /session/9fbb6ee98356802f6881f78f8e080ce7/url HTTP/1.1
User-Agent: selenium/4.8.1 (java windows)
Cache-Control: no-cache
Content-Type: application/json; charset=utf-8
host: localhost:16540
accept: */*

Response DefaultHttpResponse(decodeResult: success, version: HTTP/1.1)
HTTP/1.1 200 OK
Content-Length: 55
Content-Type: application/json; charset=utf-8
cache-control: no-cache

10:52:53.382 [AsyncHttpClient-1-6] DEBUG org.asynchttpclient.netty.channel.ChannelManager - Adding key: http://localhost:16540 for channel [id: 0xac1abbb1, L:/127.0.0.1:58561 - R:localhost/127.0.0.1:16540]
10:52:53.384 [Forwarding screenshot on session 9fbb6ee98356802f6881f78f8e080ce7 to remote] DEBUG org.asynchttpclient.netty.request.NettyRequestSender - Using pooled Channel '[id: 0xac1abbb1, L:/127.0.0.1:58561 - R:localhost/127.0.0.1:16540]' for 'GET' to 'http://localhost:16540/session/9fbb6ee98356802f6881f78f8e080ce7/screenshot'
10:52:53.385 [Forwarding screenshot on session 9fbb6ee98356802f6881f78f8e080ce7 to remote] DEBUG org.asynchttpclient.netty.request.NettyRequestSender - Using open Channel [id: 0xac1abbb1, L:/127.0.0.1:58561 - R:localhost/127.0.0.1:16540] for GET '/session/9fbb6ee98356802f6881f78f8e080ce7/screenshot'
10:52:53.558 [AsyncHttpClient-1-6] DEBUG org.asynchttpclient.netty.handler.HttpHandler - 

Request DefaultFullHttpRequest(decodeResult: success, version: HTTP/1.1, content: EmptyByteBufBE)
GET /session/9fbb6ee98356802f6881f78f8e080ce7/screenshot HTTP/1.1
User-Agent: selenium/4.8.1 (java windows)
Cache-Control: no-cache
Content-Type: application/json; charset=utf-8
host: localhost:16540
accept: */*

Response DefaultHttpResponse(decodeResult: success, version: HTTP/1.1)
HTTP/1.1 200 OK
Content-Length: 13804
Content-Type: application/json; charset=utf-8
cache-control: no-cache

10:52:53.558 [AsyncHttpClient-1-6] DEBUG org.asynchttpclient.netty.channel.ChannelManager - Adding key: http://localhost:16540 for channel [id: 0xac1abbb1, L:/127.0.0.1:58561 - R:localhost/127.0.0.1:16540]
10:52:53.563 [main] DEBUG net.serenitybdd.core.photography.Darkroom - Send negative for processing for target\site\serenity\84b122918305336fc565b45d294a453215f9b27dfcf8f448f65f38c25cbd6aaf.png
10:52:53.563 [main] DEBUG net.thucydides.core.steps.StepInterceptor - STEP DONE: giveRating
  &amp#27;[32mAnd &amp#27;[0m&amp#27;[32mUser successfully assign rating&amp#27;[0m                                             &amp#27;[90m# starter.stepdefinition.IntegrationSteps.ratings()&amp#27;[0m
10:52:53.563 [Darkroom Processing Line] DEBUG net.serenitybdd.core.photography.DarkroomProcessingLine - Processing screenshot image in /var/screenshots/screenshot-6429453091482273906
10:52:53.564 [Darkroom Processing Line] DEBUG net.serenitybdd.core.photography.DarkroomProcessingLine - Saving screenshot to target\site\serenity\84b122918305336fc565b45d294a453215f9b27dfcf8f448f65f38c25cbd6aaf.png
10:52:53.588 [Forwarding getPageSource on session 9fbb6ee98356802f6881f78f8e080ce7 to remote] DEBUG org.asynchttpclient.netty.request.NettyRequestSender - Using pooled Channel '[id: 0xac1abbb1, L:/127.0.0.1:58561 - R:localhost/127.0.0.1:16540]' for 'POST' to 'http://localhost:16540/session/9fbb6ee98356802f6881f78f8e080ce7/execute/sync'
10:52:53.588 [Forwarding getPageSource on session 9fbb6ee98356802f6881f78f8e080ce7 to remote] DEBUG org.asynchttpclient.netty.request.NettyRequestSender - Using open Channel [id: 0xac1abbb1, L:/127.0.0.1:58561 - R:localhost/127.0.0.1:16540] for POST '/session/9fbb6ee98356802f6881f78f8e080ce7/execute/sync'
10:52:53.636 [AsyncHttpClient-1-6] DEBUG org.asynchttpclient.netty.handler.HttpHandler - 

Request DefaultHttpRequest(decodeResult: success, version: HTTP/1.1)
POST /session/9fbb6ee98356802f6881f78f8e080ce7/execute/sync HTTP/1.1
User-Agent: selenium/4.8.1 (java windows)
Content-Length: 176
Content-Type: application/json; charset=utf-8
host: localhost:16540
accept: */*

Response DefaultHttpResponse(decodeResult: success, version: HTTP/1.1)
HTTP/1.1 200 OK
Content-Length: 21791
Content-Type: application/json; charset=utf-8
cache-control: no-cache

10:52:53.636 [AsyncHttpClient-1-6] DEBUG org.asynchttpclient.netty.channel.ChannelManager - Adding key: http://localhost:16540 for channel [id: 0xac1abbb1, L:/127.0.0.1:58561 - R:localhost/127.0.0.1:16540]
10:52:53.649 [Forwarding getCurrentUrl on session 9fbb6ee98356802f6881f78f8e080ce7 to remote] DEBUG org.asynchttpclient.netty.request.NettyRequestSender - Using pooled Channel '[id: 0xac1abbb1, L:/127.0.0.1:58561 - R:localhost/127.0.0.1:16540]' for 'GET' to 'http://localhost:16540/session/9fbb6ee98356802f6881f78f8e080ce7/url'
10:52:53.649 [Forwarding getCurrentUrl on session 9fbb6ee98356802f6881f78f8e080ce7 to remote] DEBUG org.asynchttpclient.netty.request.NettyRequestSender - Using open Channel [id: 0xac1abbb1, L:/127.0.0.1:58561 - R:localhost/127.0.0.1:16540] for GET '/session/9fbb6ee98356802f6881f78f8e080ce7/url'
10:52:53.690 [AsyncHttpClient-1-6] DEBUG org.asynchttpclient.netty.handler.HttpHandler - 

Request DefaultFullHttpRequest(decodeResult: success, version: HTTP/1.1, content: EmptyByteBufBE)
GET /session/9fbb6ee98356802f6881f78f8e080ce7/url HTTP/1.1
User-Agent: selenium/4.8.1 (java windows)
Cache-Control: no-cache
Content-Type: application/json; charset=utf-8
host: localhost:16540
accept: */*

Response DefaultHttpResponse(decodeResult: success, version: HTTP/1.1)
HTTP/1.1 200 OK
Content-Length: 55
Content-Type: application/json; charset=utf-8
cache-control: no-cache

10:52:53.691 [AsyncHttpClient-1-6] DEBUG org.asynchttpclient.netty.channel.ChannelManager - Adding key: http://localhost:16540 for channel [id: 0xac1abbb1, L:/127.0.0.1:58561 - R:localhost/127.0.0.1:16540]
10:52:53.739 [Forwarding getAlertText on session 9fbb6ee98356802f6881f78f8e080ce7 to remote] DEBUG org.asynchttpclient.netty.request.NettyRequestSender - Using pooled Channel '[id: 0xac1abbb1, L:/127.0.0.1:58561 - R:localhost/127.0.0.1:16540]' for 'GET' to 'http://localhost:16540/session/9fbb6ee98356802f6881f78f8e080ce7/alert/text'
10:52:53.739 [Forwarding getAlertText on session 9fbb6ee98356802f6881f78f8e080ce7 to remote] DEBUG org.asynchttpclient.netty.request.NettyRequestSender - Using open Channel [id: 0xac1abbb1, L:/127.0.0.1:58561 - R:localhost/127.0.0.1:16540] for GET '/session/9fbb6ee98356802f6881f78f8e080ce7/alert/text'
10:52:53.755 [AsyncHttpClient-1-6] DEBUG org.asynchttpclient.netty.handler.HttpHandler - 

Request DefaultFullHttpRequest(decodeResult: success, version: HTTP/1.1, content: EmptyByteBufBE)
GET /session/9fbb6ee98356802f6881f78f8e080ce7/alert/text HTTP/1.1
User-Agent: selenium/4.8.1 (java windows)
Cache-Control: no-cache
Content-Type: application/json; charset=utf-8
host: localhost:16540
accept: */*

Response DefaultHttpResponse(decodeResult: success, version: HTTP/1.1)
HTTP/1.1 404 Not Found
Content-Length: 848
Content-Type: application/json; charset=utf-8
cache-control: no-cache

10:52:53.755 [AsyncHttpClient-1-6] DEBUG org.asynchttpclient.netty.channel.ChannelManager - Adding key: http://localhost:16540 for channel [id: 0xac1abbb1, L:/127.0.0.1:58561 - R:localhost/127.0.0.1:16540]
10:52:53.760 [Forwarding getCurrentUrl on session 9fbb6ee98356802f6881f78f8e080ce7 to remote] DEBUG org.asynchttpclient.netty.request.NettyRequestSender - Using pooled Channel '[id: 0xac1abbb1, L:/127.0.0.1:58561 - R:localhost/127.0.0.1:16540]' for 'GET' to 'http://localhost:16540/session/9fbb6ee98356802f6881f78f8e080ce7/url'
10:52:53.760 [Forwarding getCurrentUrl on session 9fbb6ee98356802f6881f78f8e080ce7 to remote] DEBUG org.asynchttpclient.netty.request.NettyRequestSender - Using open Channel [id: 0xac1abbb1, L:/127.0.0.1:58561 - R:localhost/127.0.0.1:16540] for GET '/session/9fbb6ee98356802f6881f78f8e080ce7/url'
10:52:53.803 [AsyncHttpClient-1-6] DEBUG org.asynchttpclient.netty.handler.HttpHandler - 

Request DefaultFullHttpRequest(decodeResult: success, version: HTTP/1.1, content: EmptyByteBufBE)
GET /session/9fbb6ee98356802f6881f78f8e080ce7/url HTTP/1.1
User-Agent: selenium/4.8.1 (java windows)
Cache-Control: no-cache
Content-Type: application/json; charset=utf-8
host: localhost:16540
accept: */*

Response DefaultHttpResponse(decodeResult: success, version: HTTP/1.1)
HTTP/1.1 200 OK
Content-Length: 55
Content-Type: application/json; charset=utf-8
cache-control: no-cache

10:52:53.803 [AsyncHttpClient-1-6] DEBUG org.asynchttpclient.netty.channel.ChannelManager - Adding key: http://localhost:16540 for channel [id: 0xac1abbb1, L:/127.0.0.1:58561 - R:localhost/127.0.0.1:16540]
10:52:53.804 [Forwarding screenshot on session 9fbb6ee98356802f6881f78f8e080ce7 to remote] DEBUG org.asynchttpclient.netty.request.NettyRequestSender - Using pooled Channel '[id: 0xac1abbb1, L:/127.0.0.1:58561 - R:localhost/127.0.0.1:16540]' for 'GET' to 'http://localhost:16540/session/9fbb6ee98356802f6881f78f8e080ce7/screenshot'
10:52:53.805 [Forwarding screenshot on session 9fbb6ee98356802f6881f78f8e080ce7 to remote] DEBUG org.asynchttpclient.netty.request.NettyRequestSender - Using open Channel [id: 0xac1abbb1, L:/127.0.0.1:58561 - R:localhost/127.0.0.1:16540] for GET '/session/9fbb6ee98356802f6881f78f8e080ce7/screenshot'
10:52:55.227 [AsyncHttpClient-1-6] DEBUG org.asynchttpclient.netty.handler.HttpHandler - 

Request DefaultFullHttpRequest(decodeResult: success, version: HTTP/1.1, content: EmptyByteBufBE)
GET /session/9fbb6ee98356802f6881f78f8e080ce7/screenshot HTTP/1.1
User-Agent: selenium/4.8.1 (java windows)
Cache-Control: no-cache
Content-Type: application/json; charset=utf-8
host: localhost:16540
accept: */*

Response DefaultHttpResponse(decodeResult: success, version: HTTP/1.1)
HTTP/1.1 200 OK
Content-Length: 30668
Content-Type: application/json; charset=utf-8
cache-control: no-cache

10:52:55.227 [AsyncHttpClient-1-6] DEBUG org.asynchttpclient.netty.channel.ChannelManager - Adding key: http://localhost:16540 for channel [id: 0xac1abbb1, L:/127.0.0.1:58561 - R:localhost/127.0.0.1:16540]
10:52:55.255 [main] DEBUG net.serenitybdd.core.photography.Darkroom - Send negative for processing for target\site\serenity\279a9feb45087fcf04afd5f1bc8a02c7d4b6188ad878ff086ebed788ee970938.png
10:52:55.256 [Darkroom Processing Line] DEBUG net.serenitybdd.core.photography.DarkroomProcessingLine - Processing screenshot image in /var/screenshots/screenshot-1225620772568493189
10:52:55.256 [Darkroom Processing Line] DEBUG net.serenitybdd.core.photography.DarkroomProcessingLine - Saving screenshot to target\site\serenity\279a9feb45087fcf04afd5f1bc8a02c7d4b6188ad878ff086ebed788ee970938.png
10:52:55.274 [Forwarding getPageSource on session 9fbb6ee98356802f6881f78f8e080ce7 to remote] DEBUG org.asynchttpclient.netty.request.NettyRequestSender - Using pooled Channel '[id: 0xac1abbb1, L:/127.0.0.1:58561 - R:localhost/127.0.0.1:16540]' for 'POST' to 'http://localhost:16540/session/9fbb6ee98356802f6881f78f8e080ce7/execute/sync'
10:52:55.275 [Forwarding getPageSource on session 9fbb6ee98356802f6881f78f8e080ce7 to remote] DEBUG org.asynchttpclient.netty.request.NettyRequestSender - Using open Channel [id: 0xac1abbb1, L:/127.0.0.1:58561 - R:localhost/127.0.0.1:16540] for POST '/session/9fbb6ee98356802f6881f78f8e080ce7/execute/sync'
10:52:55.387 [AsyncHttpClient-1-6] DEBUG org.asynchttpclient.netty.handler.HttpHandler - 

Request DefaultHttpRequest(decodeResult: success, version: HTTP/1.1)
POST /session/9fbb6ee98356802f6881f78f8e080ce7/execute/sync HTTP/1.1
User-Agent: selenium/4.8.1 (java windows)
Content-Length: 176
Content-Type: application/json; charset=utf-8
host: localhost:16540
accept: */*

Response DefaultHttpResponse(decodeResult: success, version: HTTP/1.1)
HTTP/1.1 200 OK
Content-Length: 21791
Content-Type: application/json; charset=utf-8
cache-control: no-cache

10:52:55.387 [AsyncHttpClient-1-6] DEBUG org.asynchttpclient.netty.channel.ChannelManager - Adding key: http://localhost:16540 for channel [id: 0xac1abbb1, L:/127.0.0.1:58561 - R:localhost/127.0.0.1:16540]
10:52:55.394 [Forwarding getCurrentUrl on session 9fbb6ee98356802f6881f78f8e080ce7 to remote] DEBUG org.asynchttpclient.netty.request.NettyRequestSender - Using pooled Channel '[id: 0xac1abbb1, L:/127.0.0.1:58561 - R:localhost/127.0.0.1:16540]' for 'GET' to 'http://localhost:16540/session/9fbb6ee98356802f6881f78f8e080ce7/url'
10:52:55.394 [Forwarding getCurrentUrl on session 9fbb6ee98356802f6881f78f8e080ce7 to remote] DEBUG org.asynchttpclient.netty.request.NettyRequestSender - Using open Channel [id: 0xac1abbb1, L:/127.0.0.1:58561 - R:localhost/127.0.0.1:16540] for GET '/session/9fbb6ee98356802f6881f78f8e080ce7/url'
10:52:55.426 [AsyncHttpClient-1-6] DEBUG org.asynchttpclient.netty.handler.HttpHandler - 

Request DefaultFullHttpRequest(decodeResult: success, version: HTTP/1.1, content: EmptyByteBufBE)
GET /session/9fbb6ee98356802f6881f78f8e080ce7/url HTTP/1.1
User-Agent: selenium/4.8.1 (java windows)
Cache-Control: no-cache
Content-Type: application/json; charset=utf-8
host: localhost:16540
accept: */*

Response DefaultHttpResponse(decodeResult: success, version: HTTP/1.1)
HTTP/1.1 200 OK
Content-Length: 55
Content-Type: application/json; charset=utf-8
cache-control: no-cache

10:52:55.427 [AsyncHttpClient-1-6] DEBUG org.asynchttpclient.netty.channel.ChannelManager - Adding key: http://localhost:16540 for channel [id: 0xac1abbb1, L:/127.0.0.1:58561 - R:localhost/127.0.0.1:16540]
10:52:55.430 [main] DEBUG net.thucydides.core.steps.StepInterceptor - STARTING STEP: IntegrationSteps.usrlogout - userButton
10:52:55.438 [Forwarding findElement on session 9fbb6ee98356802f6881f78f8e080ce7 to remote] DEBUG org.asynchttpclient.netty.request.NettyRequestSender - Using pooled Channel '[id: 0xac1abbb1, L:/127.0.0.1:58561 - R:localhost/127.0.0.1:16540]' for 'POST' to 'http://localhost:16540/session/9fbb6ee98356802f6881f78f8e080ce7/element'
10:52:55.439 [Forwarding findElement on session 9fbb6ee98356802f6881f78f8e080ce7 to remote] DEBUG org.asynchttpclient.netty.request.NettyRequestSender - Using open Channel [id: 0xac1abbb1, L:/127.0.0.1:58561 - R:localhost/127.0.0.1:16540] for POST '/session/9fbb6ee98356802f6881f78f8e080ce7/element'
10:52:55.494 [AsyncHttpClient-1-6] DEBUG org.asynchttpclient.netty.handler.HttpHandler - 

Request DefaultHttpRequest(decodeResult: success, version: HTTP/1.1)
POST /session/9fbb6ee98356802f6881f78f8e080ce7/element HTTP/1.1
User-Agent: selenium/4.8.1 (java windows)
Content-Length: 108
Content-Type: application/json; charset=utf-8
host: localhost:16540
accept: */*

Response DefaultHttpResponse(decodeResult: success, version: HTTP/1.1)
HTTP/1.1 200 OK
Content-Length: 88
Content-Type: application/json; charset=utf-8
cache-control: no-cache

10:52:55.494 [AsyncHttpClient-1-6] DEBUG org.asynchttpclient.netty.channel.ChannelManager - Adding key: http://localhost:16540 for channel [id: 0xac1abbb1, L:/127.0.0.1:58561 - R:localhost/127.0.0.1:16540]
10:52:55.497 [Forwarding getElementTagName on session 9fbb6ee98356802f6881f78f8e080ce7 to remote] DEBUG org.asynchttpclient.netty.request.NettyRequestSender - Using pooled Channel '[id: 0xac1abbb1, L:/127.0.0.1:58561 - R:localhost/127.0.0.1:16540]' for 'GET' to 'http://localhost:16540/session/9fbb6ee98356802f6881f78f8e080ce7/element/61a264bd-4011-43a6-bfad-d8e5d2c3e228/name'
10:52:55.501 [Forwarding getElementTagName on session 9fbb6ee98356802f6881f78f8e080ce7 to remote] DEBUG org.asynchttpclient.netty.request.NettyRequestSender - Using open Channel [id: 0xac1abbb1, L:/127.0.0.1:58561 - R:localhost/127.0.0.1:16540] for GET '/session/9fbb6ee98356802f6881f78f8e080ce7/element/61a264bd-4011-43a6-bfad-d8e5d2c3e228/name'
10:52:55.572 [AsyncHttpClient-1-6] DEBUG org.asynchttpclient.netty.handler.HttpHandler - 

Request DefaultFullHttpRequest(decodeResult: success, version: HTTP/1.1, content: EmptyByteBufBE)
GET /session/9fbb6ee98356802f6881f78f8e080ce7/element/61a264bd-4011-43a6-bfad-d8e5d2c3e228/name HTTP/1.1
User-Agent: selenium/4.8.1 (java windows)
Cache-Control: no-cache
Content-Type: application/json; charset=utf-8
host: localhost:16540
accept: */*

Response DefaultHttpResponse(decodeResult: success, version: HTTP/1.1)
HTTP/1.1 200 OK
Content-Length: 18
Content-Type: application/json; charset=utf-8
cache-control: no-cache

10:52:55.572 [AsyncHttpClient-1-6] DEBUG org.asynchttpclient.netty.channel.ChannelManager - Adding key: http://localhost:16540 for channel [id: 0xac1abbb1, L:/127.0.0.1:58561 - R:localhost/127.0.0.1:16540]
10:52:55.574 [Forwarding getElementTagName on session 9fbb6ee98356802f6881f78f8e080ce7 to remote] DEBUG org.asynchttpclient.netty.request.NettyRequestSender - Using pooled Channel '[id: 0xac1abbb1, L:/127.0.0.1:58561 - R:localhost/127.0.0.1:16540]' for 'GET' to 'http://localhost:16540/session/9fbb6ee98356802f6881f78f8e080ce7/element/61a264bd-4011-43a6-bfad-d8e5d2c3e228/name'
10:52:55.574 [Forwarding getElementTagName on session 9fbb6ee98356802f6881f78f8e080ce7 to remote] DEBUG org.asynchttpclient.netty.request.NettyRequestSender - Using open Channel [id: 0xac1abbb1, L:/127.0.0.1:58561 - R:localhost/127.0.0.1:16540] for GET '/session/9fbb6ee98356802f6881f78f8e080ce7/element/61a264bd-4011-43a6-bfad-d8e5d2c3e228/name'
10:52:55.633 [AsyncHttpClient-1-6] DEBUG org.asynchttpclient.netty.handler.HttpHandler - 

Request DefaultFullHttpRequest(decodeResult: success, version: HTTP/1.1, content: EmptyByteBufBE)
GET /session/9fbb6ee98356802f6881f78f8e080ce7/element/61a264bd-4011-43a6-bfad-d8e5d2c3e228/name HTTP/1.1
User-Agent: selenium/4.8.1 (java windows)
Cache-Control: no-cache
Content-Type: application/json; charset=utf-8
host: localhost:16540
accept: */*

Response DefaultHttpResponse(decodeResult: success, version: HTTP/1.1)
HTTP/1.1 200 OK
Content-Length: 18
Content-Type: application/json; charset=utf-8
cache-control: no-cache

10:52:55.633 [AsyncHttpClient-1-6] DEBUG org.asynchttpclient.netty.channel.ChannelManager - Adding key: http://localhost:16540 for channel [id: 0xac1abbb1, L:/127.0.0.1:58561 - R:localhost/127.0.0.1:16540]
10:52:55.636 [Forwarding isElementEnabled on session 9fbb6ee98356802f6881f78f8e080ce7 to remote] DEBUG org.asynchttpclient.netty.request.NettyRequestSender - Using pooled Channel '[id: 0xac1abbb1, L:/127.0.0.1:58561 - R:localhost/127.0.0.1:16540]' for 'GET' to 'http://localhost:16540/session/9fbb6ee98356802f6881f78f8e080ce7/element/61a264bd-4011-43a6-bfad-d8e5d2c3e228/enabled'
10:52:55.636 [Forwarding isElementEnabled on session 9fbb6ee98356802f6881f78f8e080ce7 to remote] DEBUG org.asynchttpclient.netty.request.NettyRequestSender - Using open Channel [id: 0xac1abbb1, L:/127.0.0.1:58561 - R:localhost/127.0.0.1:16540] for GET '/session/9fbb6ee98356802f6881f78f8e080ce7/element/61a264bd-4011-43a6-bfad-d8e5d2c3e228/enabled'
10:52:55.707 [AsyncHttpClient-1-6] DEBUG org.asynchttpclient.netty.handler.HttpHandler - 

Request DefaultFullHttpRequest(decodeResult: success, version: HTTP/1.1, content: EmptyByteBufBE)
GET /session/9fbb6ee98356802f6881f78f8e080ce7/element/61a264bd-4011-43a6-bfad-d8e5d2c3e228/enabled HTTP/1.1
User-Agent: selenium/4.8.1 (java windows)
Cache-Control: no-cache
Content-Type: application/json; charset=utf-8
host: localhost:16540
accept: */*

Response DefaultHttpResponse(decodeResult: success, version: HTTP/1.1)
HTTP/1.1 200 OK
Content-Length: 14
Content-Type: application/json; charset=utf-8
cache-control: no-cache

10:52:55.707 [AsyncHttpClient-1-6] DEBUG org.asynchttpclient.netty.channel.ChannelManager - Adding key: http://localhost:16540 for channel [id: 0xac1abbb1, L:/127.0.0.1:58561 - R:localhost/127.0.0.1:16540]
10:52:55.710 [Forwarding isElementEnabled on session 9fbb6ee98356802f6881f78f8e080ce7 to remote] DEBUG org.asynchttpclient.netty.request.NettyRequestSender - Using pooled Channel '[id: 0xac1abbb1, L:/127.0.0.1:58561 - R:localhost/127.0.0.1:16540]' for 'GET' to 'http://localhost:16540/session/9fbb6ee98356802f6881f78f8e080ce7/element/61a264bd-4011-43a6-bfad-d8e5d2c3e228/enabled'
10:52:55.711 [Forwarding isElementEnabled on session 9fbb6ee98356802f6881f78f8e080ce7 to remote] DEBUG org.asynchttpclient.netty.request.NettyRequestSender - Using open Channel [id: 0xac1abbb1, L:/127.0.0.1:58561 - R:localhost/127.0.0.1:16540] for GET '/session/9fbb6ee98356802f6881f78f8e080ce7/element/61a264bd-4011-43a6-bfad-d8e5d2c3e228/enabled'
10:52:55.795 [AsyncHttpClient-1-6] DEBUG org.asynchttpclient.netty.handler.HttpHandler - 

Request DefaultFullHttpRequest(decodeResult: success, version: HTTP/1.1, content: EmptyByteBufBE)
GET /session/9fbb6ee98356802f6881f78f8e080ce7/element/61a264bd-4011-43a6-bfad-d8e5d2c3e228/enabled HTTP/1.1
User-Agent: selenium/4.8.1 (java windows)
Cache-Control: no-cache
Content-Type: application/json; charset=utf-8
host: localhost:16540
accept: */*

Response DefaultHttpResponse(decodeResult: success, version: HTTP/1.1)
HTTP/1.1 200 OK
Content-Length: 14
Content-Type: application/json; charset=utf-8
cache-control: no-cache

10:52:55.795 [AsyncHttpClient-1-6] DEBUG org.asynchttpclient.netty.channel.ChannelManager - Adding key: http://localhost:16540 for channel [id: 0xac1abbb1, L:/127.0.0.1:58561 - R:localhost/127.0.0.1:16540]
10:52:55.800 [Forwarding findElement on session 9fbb6ee98356802f6881f78f8e080ce7 to remote] DEBUG org.asynchttpclient.netty.request.NettyRequestSender - Using pooled Channel '[id: 0xac1abbb1, L:/127.0.0.1:58561 - R:localhost/127.0.0.1:16540]' for 'POST' to 'http://localhost:16540/session/9fbb6ee98356802f6881f78f8e080ce7/element'
10:52:55.800 [Forwarding findElement on session 9fbb6ee98356802f6881f78f8e080ce7 to remote] DEBUG org.asynchttpclient.netty.request.NettyRequestSender - Using open Channel [id: 0xac1abbb1, L:/127.0.0.1:58561 - R:localhost/127.0.0.1:16540] for POST '/session/9fbb6ee98356802f6881f78f8e080ce7/element'
10:52:55.873 [AsyncHttpClient-1-6] DEBUG org.asynchttpclient.netty.handler.HttpHandler - 

Request DefaultHttpRequest(decodeResult: success, version: HTTP/1.1)
POST /session/9fbb6ee98356802f6881f78f8e080ce7/element HTTP/1.1
User-Agent: selenium/4.8.1 (java windows)
Content-Length: 108
Content-Type: application/json; charset=utf-8
host: localhost:16540
accept: */*

Response DefaultHttpResponse(decodeResult: success, version: HTTP/1.1)
HTTP/1.1 200 OK
Content-Length: 88
Content-Type: application/json; charset=utf-8
cache-control: no-cache

10:52:55.873 [AsyncHttpClient-1-6] DEBUG org.asynchttpclient.netty.channel.ChannelManager - Adding key: http://localhost:16540 for channel [id: 0xac1abbb1, L:/127.0.0.1:58561 - R:localhost/127.0.0.1:16540]
10:52:55.874 [Forwarding clickElement on session 9fbb6ee98356802f6881f78f8e080ce7 to remote] DEBUG org.asynchttpclient.netty.request.NettyRequestSender - Using pooled Channel '[id: 0xac1abbb1, L:/127.0.0.1:58561 - R:localhost/127.0.0.1:16540]' for 'POST' to 'http://localhost:16540/session/9fbb6ee98356802f6881f78f8e080ce7/element/61a264bd-4011-43a6-bfad-d8e5d2c3e228/click'
10:52:55.874 [Forwarding clickElement on session 9fbb6ee98356802f6881f78f8e080ce7 to remote] DEBUG org.asynchttpclient.netty.request.NettyRequestSender - Using open Channel [id: 0xac1abbb1, L:/127.0.0.1:58561 - R:localhost/127.0.0.1:16540] for POST '/session/9fbb6ee98356802f6881f78f8e080ce7/element/61a264bd-4011-43a6-bfad-d8e5d2c3e228/click'
10:52:56.156 [AsyncHttpClient-1-6] DEBUG org.asynchttpclient.netty.handler.HttpHandler - 

Request DefaultHttpRequest(decodeResult: success, version: HTTP/1.1)
POST /session/9fbb6ee98356802f6881f78f8e080ce7/element/61a264bd-4011-43a6-bfad-d8e5d2c3e228/click HTTP/1.1
User-Agent: selenium/4.8.1 (java windows)
Content-Length: 50
Content-Type: application/json; charset=utf-8
host: localhost:16540
accept: */*

Response DefaultHttpResponse(decodeResult: success, version: HTTP/1.1)
HTTP/1.1 200 OK
Content-Length: 14
Content-Type: application/json; charset=utf-8
cache-control: no-cache

10:52:56.156 [AsyncHttpClient-1-6] DEBUG org.asynchttpclient.netty.channel.ChannelManager - Adding key: http://localhost:16540 for channel [id: 0xac1abbb1, L:/127.0.0.1:58561 - R:localhost/127.0.0.1:16540]
10:52:56.172 [Forwarding getAlertText on session 9fbb6ee98356802f6881f78f8e080ce7 to remote] DEBUG org.asynchttpclient.netty.request.NettyRequestSender - Using pooled Channel '[id: 0xac1abbb1, L:/127.0.0.1:58561 - R:localhost/127.0.0.1:16540]' for 'GET' to 'http://localhost:16540/session/9fbb6ee98356802f6881f78f8e080ce7/alert/text'
10:52:56.172 [Forwarding getAlertText on session 9fbb6ee98356802f6881f78f8e080ce7 to remote] DEBUG org.asynchttpclient.netty.request.NettyRequestSender - Using open Channel [id: 0xac1abbb1, L:/127.0.0.1:58561 - R:localhost/127.0.0.1:16540] for GET '/session/9fbb6ee98356802f6881f78f8e080ce7/alert/text'
10:52:56.284 [AsyncHttpClient-1-6] DEBUG org.asynchttpclient.netty.handler.HttpHandler - 

Request DefaultFullHttpRequest(decodeResult: success, version: HTTP/1.1, content: EmptyByteBufBE)
GET /session/9fbb6ee98356802f6881f78f8e080ce7/alert/text HTTP/1.1
User-Agent: selenium/4.8.1 (java windows)
Cache-Control: no-cache
Content-Type: application/json; charset=utf-8
host: localhost:16540
accept: */*

Response DefaultHttpResponse(decodeResult: success, version: HTTP/1.1)
HTTP/1.1 404 Not Found
Content-Length: 848
Content-Type: application/json; charset=utf-8
cache-control: no-cache

10:52:56.285 [AsyncHttpClient-1-6] DEBUG org.asynchttpclient.netty.channel.ChannelManager - Adding key: http://localhost:16540 for channel [id: 0xac1abbb1, L:/127.0.0.1:58561 - R:localhost/127.0.0.1:16540]
10:52:56.286 [Forwarding getCurrentUrl on session 9fbb6ee98356802f6881f78f8e080ce7 to remote] DEBUG org.asynchttpclient.netty.request.NettyRequestSender - Using pooled Channel '[id: 0xac1abbb1, L:/127.0.0.1:58561 - R:localhost/127.0.0.1:16540]' for 'GET' to 'http://localhost:16540/session/9fbb6ee98356802f6881f78f8e080ce7/url'
10:52:56.286 [Forwarding getCurrentUrl on session 9fbb6ee98356802f6881f78f8e080ce7 to remote] DEBUG org.asynchttpclient.netty.request.NettyRequestSender - Using open Channel [id: 0xac1abbb1, L:/127.0.0.1:58561 - R:localhost/127.0.0.1:16540] for GET '/session/9fbb6ee98356802f6881f78f8e080ce7/url'
10:52:56.409 [AsyncHttpClient-1-6] DEBUG org.asynchttpclient.netty.handler.HttpHandler - 

Request DefaultFullHttpRequest(decodeResult: success, version: HTTP/1.1, content: EmptyByteBufBE)
GET /session/9fbb6ee98356802f6881f78f8e080ce7/url HTTP/1.1
User-Agent: selenium/4.8.1 (java windows)
Cache-Control: no-cache
Content-Type: application/json; charset=utf-8
host: localhost:16540
accept: */*

Response DefaultHttpResponse(decodeResult: success, version: HTTP/1.1)
HTTP/1.1 200 OK
Content-Length: 55
Content-Type: application/json; charset=utf-8
cache-control: no-cache

10:52:56.409 [AsyncHttpClient-1-6] DEBUG org.asynchttpclient.netty.channel.ChannelManager - Adding key: http://localhost:16540 for channel [id: 0xac1abbb1, L:/127.0.0.1:58561 - R:localhost/127.0.0.1:16540]
10:52:56.410 [Forwarding screenshot on session 9fbb6ee98356802f6881f78f8e080ce7 to remote] DEBUG org.asynchttpclient.netty.request.NettyRequestSender - Using pooled Channel '[id: 0xac1abbb1, L:/127.0.0.1:58561 - R:localhost/127.0.0.1:16540]' for 'GET' to 'http://localhost:16540/session/9fbb6ee98356802f6881f78f8e080ce7/screenshot'
10:52:56.410 [Forwarding screenshot on session 9fbb6ee98356802f6881f78f8e080ce7 to remote] DEBUG org.asynchttpclient.netty.request.NettyRequestSender - Using open Channel [id: 0xac1abbb1, L:/127.0.0.1:58561 - R:localhost/127.0.0.1:16540] for GET '/session/9fbb6ee98356802f6881f78f8e080ce7/screenshot'
10:52:56.661 [AsyncHttpClient-1-6] DEBUG org.asynchttpclient.netty.handler.HttpHandler - 

Request DefaultFullHttpRequest(decodeResult: success, version: HTTP/1.1, content: EmptyByteBufBE)
GET /session/9fbb6ee98356802f6881f78f8e080ce7/screenshot HTTP/1.1
User-Agent: selenium/4.8.1 (java windows)
Cache-Control: no-cache
Content-Type: application/json; charset=utf-8
host: localhost:16540
accept: */*

Response DefaultHttpResponse(decodeResult: success, version: HTTP/1.1)
HTTP/1.1 200 OK
Content-Length: 38376
Content-Type: application/json; charset=utf-8
cache-control: no-cache

10:52:56.661 [AsyncHttpClient-1-6] DEBUG org.asynchttpclient.netty.channel.ChannelManager - Adding key: http://localhost:16540 for channel [id: 0xac1abbb1, L:/127.0.0.1:58561 - R:localhost/127.0.0.1:16540]
10:52:56.664 [main] DEBUG net.serenitybdd.core.photography.Darkroom - Send negative for processing for target\site\serenity\4b8d2a9939a71ebef42c74a2eee538904ca365390e9f26cc293b62925128d9b4.png
10:52:56.664 [main] DEBUG net.thucydides.core.steps.StepInterceptor - STEP DONE: userButton
10:52:56.664 [Darkroom Processing Line] DEBUG net.serenitybdd.core.photography.DarkroomProcessingLine - Processing screenshot image in /var/screenshots/screenshot-6125752581767084277
10:52:56.665 [Darkroom Processing Line] DEBUG net.serenitybdd.core.photography.DarkroomProcessingLine - Saving screenshot to target\site\serenity\4b8d2a9939a71ebef42c74a2eee538904ca365390e9f26cc293b62925128d9b4.png
10:52:56.676 [Forwarding getPageSource on session 9fbb6ee98356802f6881f78f8e080ce7 to remote] DEBUG org.asynchttpclient.netty.request.NettyRequestSender - Using pooled Channel '[id: 0xac1abbb1, L:/127.0.0.1:58561 - R:localhost/127.0.0.1:16540]' for 'POST' to 'http://localhost:16540/session/9fbb6ee98356802f6881f78f8e080ce7/execute/sync'
10:52:56.676 [Forwarding getPageSource on session 9fbb6ee98356802f6881f78f8e080ce7 to remote] DEBUG org.asynchttpclient.netty.request.NettyRequestSender - Using open Channel [id: 0xac1abbb1, L:/127.0.0.1:58561 - R:localhost/127.0.0.1:16540] for POST '/session/9fbb6ee98356802f6881f78f8e080ce7/execute/sync'
10:52:56.715 [AsyncHttpClient-1-6] DEBUG org.asynchttpclient.netty.handler.HttpHandler - 

Request DefaultHttpRequest(decodeResult: success, version: HTTP/1.1)
POST /session/9fbb6ee98356802f6881f78f8e080ce7/execute/sync HTTP/1.1
User-Agent: selenium/4.8.1 (java windows)
Content-Length: 176
Content-Type: application/json; charset=utf-8
host: localhost:16540
accept: */*

Response DefaultHttpResponse(decodeResult: success, version: HTTP/1.1)
HTTP/1.1 200 OK
Content-Length: 22714
Content-Type: application/json; charset=utf-8
cache-control: no-cache

10:52:56.715 [AsyncHttpClient-1-6] DEBUG org.asynchttpclient.netty.channel.ChannelManager - Adding key: http://localhost:16540 for channel [id: 0xac1abbb1, L:/127.0.0.1:58561 - R:localhost/127.0.0.1:16540]
10:52:56.718 [Forwarding getCurrentUrl on session 9fbb6ee98356802f6881f78f8e080ce7 to remote] DEBUG org.asynchttpclient.netty.request.NettyRequestSender - Using pooled Channel '[id: 0xac1abbb1, L:/127.0.0.1:58561 - R:localhost/127.0.0.1:16540]' for 'GET' to 'http://localhost:16540/session/9fbb6ee98356802f6881f78f8e080ce7/url'
10:52:56.718 [Forwarding getCurrentUrl on session 9fbb6ee98356802f6881f78f8e080ce7 to remote] DEBUG org.asynchttpclient.netty.request.NettyRequestSender - Using open Channel [id: 0xac1abbb1, L:/127.0.0.1:58561 - R:localhost/127.0.0.1:16540] for GET '/session/9fbb6ee98356802f6881f78f8e080ce7/url'
10:52:56.776 [AsyncHttpClient-1-6] DEBUG org.asynchttpclient.netty.handler.HttpHandler - 

Request DefaultFullHttpRequest(decodeResult: success, version: HTTP/1.1, content: EmptyByteBufBE)
GET /session/9fbb6ee98356802f6881f78f8e080ce7/url HTTP/1.1
User-Agent: selenium/4.8.1 (java windows)
Cache-Control: no-cache
Content-Type: application/json; charset=utf-8
host: localhost:16540
accept: */*

Response DefaultHttpResponse(decodeResult: success, version: HTTP/1.1)
HTTP/1.1 200 OK
Content-Length: 55
Content-Type: application/json; charset=utf-8
cache-control: no-cache

10:52:56.776 [AsyncHttpClient-1-6] DEBUG org.asynchttpclient.netty.channel.ChannelManager - Adding key: http://localhost:16540 for channel [id: 0xac1abbb1, L:/127.0.0.1:58561 - R:localhost/127.0.0.1:16540]
10:52:56.780 [main] DEBUG net.thucydides.core.steps.StepInterceptor - STARTING STEP: IntegrationSteps.usrlogout - logoutButton
10:52:56.786 [Forwarding findElement on session 9fbb6ee98356802f6881f78f8e080ce7 to remote] DEBUG org.asynchttpclient.netty.request.NettyRequestSender - Using pooled Channel '[id: 0xac1abbb1, L:/127.0.0.1:58561 - R:localhost/127.0.0.1:16540]' for 'POST' to 'http://localhost:16540/session/9fbb6ee98356802f6881f78f8e080ce7/element'
10:52:56.786 [Forwarding findElement on session 9fbb6ee98356802f6881f78f8e080ce7 to remote] DEBUG org.asynchttpclient.netty.request.NettyRequestSender - Using open Channel [id: 0xac1abbb1, L:/127.0.0.1:58561 - R:localhost/127.0.0.1:16540] for POST '/session/9fbb6ee98356802f6881f78f8e080ce7/element'
10:52:56.857 [AsyncHttpClient-1-6] DEBUG org.asynchttpclient.netty.handler.HttpHandler - 

Request DefaultHttpRequest(decodeResult: success, version: HTTP/1.1)
POST /session/9fbb6ee98356802f6881f78f8e080ce7/element HTTP/1.1
User-Agent: selenium/4.8.1 (java windows)
Content-Length: 99
Content-Type: application/json; charset=utf-8
host: localhost:16540
accept: */*

Response DefaultHttpResponse(decodeResult: success, version: HTTP/1.1)
HTTP/1.1 200 OK
Content-Length: 88
Content-Type: application/json; charset=utf-8
cache-control: no-cache

10:52:56.857 [AsyncHttpClient-1-6] DEBUG org.asynchttpclient.netty.channel.ChannelManager - Adding key: http://localhost:16540 for channel [id: 0xac1abbb1, L:/127.0.0.1:58561 - R:localhost/127.0.0.1:16540]
10:52:56.859 [Forwarding getElementTagName on session 9fbb6ee98356802f6881f78f8e080ce7 to remote] DEBUG org.asynchttpclient.netty.request.NettyRequestSender - Using pooled Channel '[id: 0xac1abbb1, L:/127.0.0.1:58561 - R:localhost/127.0.0.1:16540]' for 'GET' to 'http://localhost:16540/session/9fbb6ee98356802f6881f78f8e080ce7/element/2231a494-6b36-444f-8bbc-91ff4bcb2eab/name'
10:52:56.860 [Forwarding getElementTagName on session 9fbb6ee98356802f6881f78f8e080ce7 to remote] DEBUG org.asynchttpclient.netty.request.NettyRequestSender - Using open Channel [id: 0xac1abbb1, L:/127.0.0.1:58561 - R:localhost/127.0.0.1:16540] for GET '/session/9fbb6ee98356802f6881f78f8e080ce7/element/2231a494-6b36-444f-8bbc-91ff4bcb2eab/name'
10:52:56.933 [AsyncHttpClient-1-6] DEBUG org.asynchttpclient.netty.handler.HttpHandler - 

Request DefaultFullHttpRequest(decodeResult: success, version: HTTP/1.1, content: EmptyByteBufBE)
GET /session/9fbb6ee98356802f6881f78f8e080ce7/element/2231a494-6b36-444f-8bbc-91ff4bcb2eab/name HTTP/1.1
User-Agent: selenium/4.8.1 (java windows)
Cache-Control: no-cache
Content-Type: application/json; charset=utf-8
host: localhost:16540
accept: */*

Response DefaultHttpResponse(decodeResult: success, version: HTTP/1.1)
HTTP/1.1 200 OK
Content-Length: 15
Content-Type: application/json; charset=utf-8
cache-control: no-cache

10:52:56.933 [AsyncHttpClient-1-6] DEBUG org.asynchttpclient.netty.channel.ChannelManager - Adding key: http://localhost:16540 for channel [id: 0xac1abbb1, L:/127.0.0.1:58561 - R:localhost/127.0.0.1:16540]
10:52:56.936 [Forwarding getElementTagName on session 9fbb6ee98356802f6881f78f8e080ce7 to remote] DEBUG org.asynchttpclient.netty.request.NettyRequestSender - Using pooled Channel '[id: 0xac1abbb1, L:/127.0.0.1:58561 - R:localhost/127.0.0.1:16540]' for 'GET' to 'http://localhost:16540/session/9fbb6ee98356802f6881f78f8e080ce7/element/2231a494-6b36-444f-8bbc-91ff4bcb2eab/name'
10:52:56.936 [Forwarding getElementTagName on session 9fbb6ee98356802f6881f78f8e080ce7 to remote] DEBUG org.asynchttpclient.netty.request.NettyRequestSender - Using open Channel [id: 0xac1abbb1, L:/127.0.0.1:58561 - R:localhost/127.0.0.1:16540] for GET '/session/9fbb6ee98356802f6881f78f8e080ce7/element/2231a494-6b36-444f-8bbc-91ff4bcb2eab/name'
10:52:56.982 [AsyncHttpClient-1-6] DEBUG org.asynchttpclient.netty.handler.HttpHandler - 

Request DefaultFullHttpRequest(decodeResult: success, version: HTTP/1.1, content: EmptyByteBufBE)
GET /session/9fbb6ee98356802f6881f78f8e080ce7/element/2231a494-6b36-444f-8bbc-91ff4bcb2eab/name HTTP/1.1
User-Agent: selenium/4.8.1 (java windows)
Cache-Control: no-cache
Content-Type: application/json; charset=utf-8
host: localhost:16540
accept: */*

Response DefaultHttpResponse(decodeResult: success, version: HTTP/1.1)
HTTP/1.1 200 OK
Content-Length: 15
Content-Type: application/json; charset=utf-8
cache-control: no-cache

10:52:56.982 [AsyncHttpClient-1-6] DEBUG org.asynchttpclient.netty.channel.ChannelManager - Adding key: http://localhost:16540 for channel [id: 0xac1abbb1, L:/127.0.0.1:58561 - R:localhost/127.0.0.1:16540]
10:52:56.986 [Forwarding findElement on session 9fbb6ee98356802f6881f78f8e080ce7 to remote] DEBUG org.asynchttpclient.netty.request.NettyRequestSender - Using pooled Channel '[id: 0xac1abbb1, L:/127.0.0.1:58561 - R:localhost/127.0.0.1:16540]' for 'POST' to 'http://localhost:16540/session/9fbb6ee98356802f6881f78f8e080ce7/element'
10:52:56.986 [Forwarding findElement on session 9fbb6ee98356802f6881f78f8e080ce7 to remote] DEBUG org.asynchttpclient.netty.request.NettyRequestSender - Using open Channel [id: 0xac1abbb1, L:/127.0.0.1:58561 - R:localhost/127.0.0.1:16540] for POST '/session/9fbb6ee98356802f6881f78f8e080ce7/element'
10:52:57.022 [AsyncHttpClient-1-6] DEBUG org.asynchttpclient.netty.handler.HttpHandler - 

Request DefaultHttpRequest(decodeResult: success, version: HTTP/1.1)
POST /session/9fbb6ee98356802f6881f78f8e080ce7/element HTTP/1.1
User-Agent: selenium/4.8.1 (java windows)
Content-Length: 99
Content-Type: application/json; charset=utf-8
host: localhost:16540
accept: */*

Response DefaultHttpResponse(decodeResult: success, version: HTTP/1.1)
HTTP/1.1 200 OK
Content-Length: 88
Content-Type: application/json; charset=utf-8
cache-control: no-cache

10:52:57.022 [AsyncHttpClient-1-6] DEBUG org.asynchttpclient.netty.channel.ChannelManager - Adding key: http://localhost:16540 for channel [id: 0xac1abbb1, L:/127.0.0.1:58561 - R:localhost/127.0.0.1:16540]
10:52:57.025 [Forwarding clickElement on session 9fbb6ee98356802f6881f78f8e080ce7 to remote] DEBUG org.asynchttpclient.netty.request.NettyRequestSender - Using pooled Channel '[id: 0xac1abbb1, L:/127.0.0.1:58561 - R:localhost/127.0.0.1:16540]' for 'POST' to 'http://localhost:16540/session/9fbb6ee98356802f6881f78f8e080ce7/element/2231a494-6b36-444f-8bbc-91ff4bcb2eab/click'
10:52:57.025 [Forwarding clickElement on session 9fbb6ee98356802f6881f78f8e080ce7 to remote] DEBUG org.asynchttpclient.netty.request.NettyRequestSender - Using open Channel [id: 0xac1abbb1, L:/127.0.0.1:58561 - R:localhost/127.0.0.1:16540] for POST '/session/9fbb6ee98356802f6881f78f8e080ce7/element/2231a494-6b36-444f-8bbc-91ff4bcb2eab/click'
10:52:57.277 [AsyncHttpClient-1-6] DEBUG org.asynchttpclient.netty.handler.HttpHandler - 

Request DefaultHttpRequest(decodeResult: success, version: HTTP/1.1)
POST /session/9fbb6ee98356802f6881f78f8e080ce7/element/2231a494-6b36-444f-8bbc-91ff4bcb2eab/click HTTP/1.1
User-Agent: selenium/4.8.1 (java windows)
Content-Length: 50
Content-Type: application/json; charset=utf-8
host: localhost:16540
accept: */*

Response DefaultHttpResponse(decodeResult: success, version: HTTP/1.1)
HTTP/1.1 200 OK
Content-Length: 14
Content-Type: application/json; charset=utf-8
cache-control: no-cache

10:52:57.277 [AsyncHttpClient-1-6] DEBUG org.asynchttpclient.netty.channel.ChannelManager - Adding key: http://localhost:16540 for channel [id: 0xac1abbb1, L:/127.0.0.1:58561 - R:localhost/127.0.0.1:16540]
10:52:57.297 [Forwarding getAlertText on session 9fbb6ee98356802f6881f78f8e080ce7 to remote] DEBUG org.asynchttpclient.netty.request.NettyRequestSender - Using pooled Channel '[id: 0xac1abbb1, L:/127.0.0.1:58561 - R:localhost/127.0.0.1:16540]' for 'GET' to 'http://localhost:16540/session/9fbb6ee98356802f6881f78f8e080ce7/alert/text'
10:52:57.298 [Forwarding getAlertText on session 9fbb6ee98356802f6881f78f8e080ce7 to remote] DEBUG org.asynchttpclient.netty.request.NettyRequestSender - Using open Channel [id: 0xac1abbb1, L:/127.0.0.1:58561 - R:localhost/127.0.0.1:16540] for GET '/session/9fbb6ee98356802f6881f78f8e080ce7/alert/text'
10:52:57.307 [AsyncHttpClient-1-6] DEBUG org.asynchttpclient.netty.handler.HttpHandler - 

Request DefaultFullHttpRequest(decodeResult: success, version: HTTP/1.1, content: EmptyByteBufBE)
GET /session/9fbb6ee98356802f6881f78f8e080ce7/alert/text HTTP/1.1
User-Agent: selenium/4.8.1 (java windows)
Cache-Control: no-cache
Content-Type: application/json; charset=utf-8
host: localhost:16540
accept: */*

Response DefaultHttpResponse(decodeResult: success, version: HTTP/1.1)
HTTP/1.1 404 Not Found
Content-Length: 848
Content-Type: application/json; charset=utf-8
cache-control: no-cache

10:52:57.307 [AsyncHttpClient-1-6] DEBUG org.asynchttpclient.netty.channel.ChannelManager - Adding key: http://localhost:16540 for channel [id: 0xac1abbb1, L:/127.0.0.1:58561 - R:localhost/127.0.0.1:16540]
10:52:57.309 [Forwarding getCurrentUrl on session 9fbb6ee98356802f6881f78f8e080ce7 to remote] DEBUG org.asynchttpclient.netty.request.NettyRequestSender - Using pooled Channel '[id: 0xac1abbb1, L:/127.0.0.1:58561 - R:localhost/127.0.0.1:16540]' for 'GET' to 'http://localhost:16540/session/9fbb6ee98356802f6881f78f8e080ce7/url'
10:52:57.310 [Forwarding getCurrentUrl on session 9fbb6ee98356802f6881f78f8e080ce7 to remote] DEBUG org.asynchttpclient.netty.request.NettyRequestSender - Using open Channel [id: 0xac1abbb1, L:/127.0.0.1:58561 - R:localhost/127.0.0.1:16540] for GET '/session/9fbb6ee98356802f6881f78f8e080ce7/url'
10:52:57.329 [AsyncHttpClient-1-6] DEBUG org.asynchttpclient.netty.handler.HttpHandler - 

Request DefaultFullHttpRequest(decodeResult: success, version: HTTP/1.1, content: EmptyByteBufBE)
GET /session/9fbb6ee98356802f6881f78f8e080ce7/url HTTP/1.1
User-Agent: selenium/4.8.1 (java windows)
Cache-Control: no-cache
Content-Type: application/json; charset=utf-8
host: localhost:16540
accept: */*

Response DefaultHttpResponse(decodeResult: success, version: HTTP/1.1)
HTTP/1.1 200 OK
Content-Length: 51
Content-Type: application/json; charset=utf-8
cache-control: no-cache

10:52:57.330 [AsyncHttpClient-1-6] DEBUG org.asynchttpclient.netty.channel.ChannelManager - Adding key: http://localhost:16540 for channel [id: 0xac1abbb1, L:/127.0.0.1:58561 - R:localhost/127.0.0.1:16540]
10:52:57.331 [Forwarding screenshot on session 9fbb6ee98356802f6881f78f8e080ce7 to remote] DEBUG org.asynchttpclient.netty.request.NettyRequestSender - Using pooled Channel '[id: 0xac1abbb1, L:/127.0.0.1:58561 - R:localhost/127.0.0.1:16540]' for 'GET' to 'http://localhost:16540/session/9fbb6ee98356802f6881f78f8e080ce7/screenshot'
10:52:57.331 [Forwarding screenshot on session 9fbb6ee98356802f6881f78f8e080ce7 to remote] DEBUG org.asynchttpclient.netty.request.NettyRequestSender - Using open Channel [id: 0xac1abbb1, L:/127.0.0.1:58561 - R:localhost/127.0.0.1:16540] for GET '/session/9fbb6ee98356802f6881f78f8e080ce7/screenshot'
10:52:57.489 [AsyncHttpClient-1-6] DEBUG org.asynchttpclient.netty.handler.HttpHandler - 

Request DefaultFullHttpRequest(decodeResult: success, version: HTTP/1.1, content: EmptyByteBufBE)
GET /session/9fbb6ee98356802f6881f78f8e080ce7/screenshot HTTP/1.1
User-Agent: selenium/4.8.1 (java windows)
Cache-Control: no-cache
Content-Type: application/json; charset=utf-8
host: localhost:16540
accept: */*

Response DefaultHttpResponse(decodeResult: success, version: HTTP/1.1)
HTTP/1.1 200 OK
Content-Length: 24984
Content-Type: application/json; charset=utf-8
cache-control: no-cache

10:52:57.490 [AsyncHttpClient-1-6] DEBUG org.asynchttpclient.netty.channel.ChannelManager - Adding key: http://localhost:16540 for channel [id: 0xac1abbb1, L:/127.0.0.1:58561 - R:localhost/127.0.0.1:16540]
10:52:57.495 [main] DEBUG net.serenitybdd.core.photography.Darkroom - Send negative for processing for target\site\serenity\5279a2677f51cd42d80df4d0bf105786ca0efdec9c31dd310d9911ecf03761b4.png
10:52:57.496 [main] DEBUG net.thucydides.core.steps.StepInterceptor - STEP DONE: logoutButton
  &amp#27;[32mAnd &amp#27;[0m&amp#27;[32mUser logout&amp#27;[0m                                                                 &amp#27;[90m# starter.stepdefinition.IntegrationSteps.usrlogout()&amp#27;[0m
10:52:57.521 [Forwarding getPageSource on session 9fbb6ee98356802f6881f78f8e080ce7 to remote] DEBUG org.asynchttpclient.netty.request.NettyRequestSender - Using pooled Channel '[id: 0xac1abbb1, L:/127.0.0.1:58561 - R:localhost/127.0.0.1:16540]' for 'POST' to 'http://localhost:16540/session/9fbb6ee98356802f6881f78f8e080ce7/execute/sync'
10:52:57.522 [Forwarding getPageSource on session 9fbb6ee98356802f6881f78f8e080ce7 to remote] DEBUG org.asynchttpclient.netty.request.NettyRequestSender - Using open Channel [id: 0xac1abbb1, L:/127.0.0.1:58561 - R:localhost/127.0.0.1:16540] for POST '/session/9fbb6ee98356802f6881f78f8e080ce7/execute/sync'
10:52:57.535 [AsyncHttpClient-1-6] DEBUG org.asynchttpclient.netty.handler.HttpHandler - 

Request DefaultHttpRequest(decodeResult: success, version: HTTP/1.1)
POST /session/9fbb6ee98356802f6881f78f8e080ce7/execute/sync HTTP/1.1
User-Agent: selenium/4.8.1 (java windows)
Content-Length: 176
Content-Type: application/json; charset=utf-8
host: localhost:16540
accept: */*

Response DefaultHttpResponse(decodeResult: success, version: HTTP/1.1)
HTTP/1.1 200 OK
Content-Length: 21916
Content-Type: application/json; charset=utf-8
cache-control: no-cache

10:52:57.536 [AsyncHttpClient-1-6] DEBUG org.asynchttpclient.netty.channel.ChannelManager - Adding key: http://localhost:16540 for channel [id: 0xac1abbb1, L:/127.0.0.1:58561 - R:localhost/127.0.0.1:16540]
10:52:57.544 [Forwarding getCurrentUrl on session 9fbb6ee98356802f6881f78f8e080ce7 to remote] DEBUG org.asynchttpclient.netty.request.NettyRequestSender - Using pooled Channel '[id: 0xac1abbb1, L:/127.0.0.1:58561 - R:localhost/127.0.0.1:16540]' for 'GET' to 'http://localhost:16540/session/9fbb6ee98356802f6881f78f8e080ce7/url'
10:52:57.545 [Forwarding getCurrentUrl on session 9fbb6ee98356802f6881f78f8e080ce7 to remote] DEBUG org.asynchttpclient.netty.request.NettyRequestSender - Using open Channel [id: 0xac1abbb1, L:/127.0.0.1:58561 - R:localhost/127.0.0.1:16540] for GET '/session/9fbb6ee98356802f6881f78f8e080ce7/url'
10:52:57.590 [AsyncHttpClient-1-6] DEBUG org.asynchttpclient.netty.handler.HttpHandler - 

Request DefaultFullHttpRequest(decodeResult: success, version: HTTP/1.1, content: EmptyByteBufBE)
GET /session/9fbb6ee98356802f6881f78f8e080ce7/url HTTP/1.1
User-Agent: selenium/4.8.1 (java windows)
Cache-Control: no-cache
Content-Type: application/json; charset=utf-8
host: localhost:16540
accept: */*

Response DefaultHttpResponse(decodeResult: success, version: HTTP/1.1)
HTTP/1.1 200 OK
Content-Length: 51
Content-Type: application/json; charset=utf-8
cache-control: no-cache

10:52:57.591 [AsyncHttpClient-1-6] DEBUG org.asynchttpclient.netty.channel.ChannelManager - Adding key: http://localhost:16540 for channel [id: 0xac1abbb1, L:/127.0.0.1:58561 - R:localhost/127.0.0.1:16540]
  &amp#27;[32mThen &amp#27;[0m&amp#27;[32mIntegration test successfully&amp#27;[0m                                              &amp#27;[90m# starter.stepdefinition.IntegrationSteps.integSuccessfully()&amp#27;[0m
10:52:57.611 [Forwarding getAlertText on session 9fbb6ee98356802f6881f78f8e080ce7 to remote] DEBUG org.asynchttpclient.netty.request.NettyRequestSender - Using pooled Channel '[id: 0xac1abbb1, L:/127.0.0.1:58561 - R:localhost/127.0.0.1:16540]' for 'GET' to 'http://localhost:16540/session/9fbb6ee98356802f6881f78f8e080ce7/alert/text'
10:52:57.611 [Forwarding getAlertText on session 9fbb6ee98356802f6881f78f8e080ce7 to remote] DEBUG org.asynchttpclient.netty.request.NettyRequestSender - Using open Channel [id: 0xac1abbb1, L:/127.0.0.1:58561 - R:localhost/127.0.0.1:16540] for GET '/session/9fbb6ee98356802f6881f78f8e080ce7/alert/text'
10:52:57.625 [AsyncHttpClient-1-6] DEBUG org.asynchttpclient.netty.handler.HttpHandler - 

Request DefaultFullHttpRequest(decodeResult: success, version: HTTP/1.1, content: EmptyByteBufBE)
GET /session/9fbb6ee98356802f6881f78f8e080ce7/alert/text HTTP/1.1
User-Agent: selenium/4.8.1 (java windows)
Cache-Control: no-cache
Content-Type: application/json; charset=utf-8
host: localhost:16540
accept: */*

Response DefaultHttpResponse(decodeResult: success, version: HTTP/1.1)
HTTP/1.1 404 Not Found
Content-Length: 848
Content-Type: application/json; charset=utf-8
cache-control: no-cache

10:52:57.626 [AsyncHttpClient-1-6] DEBUG org.asynchttpclient.netty.channel.ChannelManager - Adding key: http://localhost:16540 for channel [id: 0xac1abbb1, L:/127.0.0.1:58561 - R:localhost/127.0.0.1:16540]
10:52:57.627 [Forwarding getCurrentUrl on session 9fbb6ee98356802f6881f78f8e080ce7 to remote] DEBUG org.asynchttpclient.netty.request.NettyRequestSender - Using pooled Channel '[id: 0xac1abbb1, L:/127.0.0.1:58561 - R:localhost/127.0.0.1:16540]' for 'GET' to 'http://localhost:16540/session/9fbb6ee98356802f6881f78f8e080ce7/url'
10:52:57.629 [Forwarding getCurrentUrl on session 9fbb6ee98356802f6881f78f8e080ce7 to remote] DEBUG org.asynchttpclient.netty.request.NettyRequestSender - Using open Channel [id: 0xac1abbb1, L:/127.0.0.1:58561 - R:localhost/127.0.0.1:16540] for GET '/session/9fbb6ee98356802f6881f78f8e080ce7/url'
10:52:57.647 [AsyncHttpClient-1-6] DEBUG org.asynchttpclient.netty.handler.HttpHandler - 

Request DefaultFullHttpRequest(decodeResult: success, version: HTTP/1.1, content: EmptyByteBufBE)
GET /session/9fbb6ee98356802f6881f78f8e080ce7/url HTTP/1.1
User-Agent: selenium/4.8.1 (java windows)
Cache-Control: no-cache
Content-Type: application/json; charset=utf-8
host: localhost:16540
accept: */*

Response DefaultHttpResponse(decodeResult: success, version: HTTP/1.1)
HTTP/1.1 200 OK
Content-Length: 51
Content-Type: application/json; charset=utf-8
cache-control: no-cache

10:52:57.647 [AsyncHttpClient-1-6] DEBUG org.asynchttpclient.netty.channel.ChannelManager - Adding key: http://localhost:16540 for channel [id: 0xac1abbb1, L:/127.0.0.1:58561 - R:localhost/127.0.0.1:16540]
10:52:57.648 [Forwarding screenshot on session 9fbb6ee98356802f6881f78f8e080ce7 to remote] DEBUG org.asynchttpclient.netty.request.NettyRequestSender - Using pooled Channel '[id: 0xac1abbb1, L:/127.0.0.1:58561 - R:localhost/127.0.0.1:16540]' for 'GET' to 'http://localhost:16540/session/9fbb6ee98356802f6881f78f8e080ce7/screenshot'
10:52:57.648 [Forwarding screenshot on session 9fbb6ee98356802f6881f78f8e080ce7 to remote] DEBUG org.asynchttpclient.netty.request.NettyRequestSender - Using open Channel [id: 0xac1abbb1, L:/127.0.0.1:58561 - R:localhost/127.0.0.1:16540] for GET '/session/9fbb6ee98356802f6881f78f8e080ce7/screenshot'
10:52:57.809 [AsyncHttpClient-1-6] DEBUG org.asynchttpclient.netty.handler.HttpHandler - 

Request DefaultFullHttpRequest(decodeResult: success, version: HTTP/1.1, content: EmptyByteBufBE)
GET /session/9fbb6ee98356802f6881f78f8e080ce7/screenshot HTTP/1.1
User-Agent: selenium/4.8.1 (java windows)
Cache-Control: no-cache
Content-Type: application/json; charset=utf-8
host: localhost:16540
accept: */*

Response DefaultHttpResponse(decodeResult: success, version: HTTP/1.1)
HTTP/1.1 200 OK
Content-Length: 24984
Content-Type: application/json; charset=utf-8
cache-control: no-cache

10:52:57.810 [AsyncHttpClient-1-6] DEBUG org.asynchttpclient.netty.channel.ChannelManager - Adding key: http://localhost:16540 for channel [id: 0xac1abbb1, L:/127.0.0.1:58561 - R:localhost/127.0.0.1:16540]
10:52:57.815 [main] DEBUG net.serenitybdd.core.photography.Darkroom - Send negative for processing for target\site\serenity\5279a2677f51cd42d80df4d0bf105786ca0efdec9c31dd310d9911ecf03761b4.png
10:52:57.818 [main] INFO  - 
  _____   ___   ___   _____     ___     _     ___   ___   ___   ___  
 |_   _| | __| / __| |_   _|   | _ \   /_\   / __| / __| | __| |   \ 
   | |   | _|  \__ \   | |     |  _/  / _ \  \__ \ \__ \ | _|  | |) |
   |_|   |___| |___/   |_|     |_|   /_/ \_\ |___/ |___/ |___| |___/ 

WB030 - User register, login, see detail product, assign rating, logout
----------------------------------------------------------------------
10:52:57.822 [AsyncHttpClient-1-8] DEBUG org.asynchttpclient.netty.handler.WebSocketHandler - Channel Closed: [id: 0x453edc15, L:/127.0.0.1:58569 ! R:localhost/127.0.0.1:58563] with attribute NettyResponseFuture{currentRetry=0,
	isDone=1,
	isCancelled=0,
	asyncHandler=org.asynchttpclient.ws.WebSocketUpgradeHandler@73f4de43,
	nettyRequest=org.asynchttpclient.netty.request.NettyRequest@3d465218,
	future=java.util.concurrent.CompletableFuture@4727d9ad[Completed normally],
	uri=ws://localhost:58563/devtools/browser/27229f85-5e77-497c-9b22-2c3671d1b1d3,
	keepAlive=true,
	redirectCount=0,
	timeoutsHolder=null,
	inAuth=0,
	touch=1683777062865}
10:52:57.822 [AsyncHttpClient-1-8] DEBUG org.asynchttpclient.netty.channel.ChannelManager - Closing Channel [id: 0x453edc15, L:/127.0.0.1:58569 ! R:localhost/127.0.0.1:58563] 
10:52:57.836 [Driver Command Executor] DEBUG org.asynchttpclient.netty.request.NettyRequestSender - Using pooled Channel '[id: 0xac1abbb1, L:/127.0.0.1:58561 - R:localhost/127.0.0.1:16540]' for 'DELETE' to 'http://localhost:16540/session/9fbb6ee98356802f6881f78f8e080ce7'
10:52:57.836 [Driver Command Executor] DEBUG org.asynchttpclient.netty.request.NettyRequestSender - Using open Channel [id: 0xac1abbb1, L:/127.0.0.1:58561 - R:localhost/127.0.0.1:16540] for DELETE '/session/9fbb6ee98356802f6881f78f8e080ce7'
10:52:58.400 [AsyncHttpClient-1-6] DEBUG org.asynchttpclient.netty.handler.HttpHandler - 

Request DefaultFullHttpRequest(decodeResult: success, version: HTTP/1.1, content: EmptyByteBufBE)
DELETE /session/9fbb6ee98356802f6881f78f8e080ce7 HTTP/1.1
User-Agent: selenium/4.8.1 (java windows)
Content-Type: application/json; charset=utf-8
host: localhost:16540
accept: */*

Response DefaultHttpResponse(decodeResult: success, version: HTTP/1.1)
HTTP/1.1 200 OK
Content-Length: 14
Content-Type: application/json; charset=utf-8
cache-control: no-cache

10:52:58.401 [AsyncHttpClient-1-6] DEBUG org.asynchttpclient.netty.channel.ChannelManager - Adding key: http://localhost:16540 for channel [id: 0xac1abbb1, L:/127.0.0.1:58561 - R:localhost/127.0.0.1:16540]
10:52:58.817 [AsyncHttpClient-1-6] DEBUG org.asynchttpclient.netty.handler.HttpHandler - Channel Closed: [id: 0xac1abbb1, L:/127.0.0.1:58561 ! R:localhost/127.0.0.1:16540] with attribute DISCARD
]]></system-out>
    <system-err><![CDATA[Starting ChromeDriver 112.0.5615.49 (bd2a7bcb881c11e8cfe3078709382934e3916914-refs/branch-heads/5615@{#936}) on port 16540
Only local connections are allowed.
Please see https://chromedriver.chromium.org/security-considerations for suggestions on keeping ChromeDriver safe.
ChromeDriver was started successfully.
May 11, 2023 10:51:02 AM org.openqa.selenium.devtools.CdpVersionFinder findNearestMatch
WARNING: Unable to find an exact match for CDP version 112, so returning the closest version found: 110
]]></system-err>
  </testcase>
  <testcase name="WB031 - User register, login, add to cart, order, view transaction history, logout" classname="Integration" time="156.477">
    <system-out><![CDATA[
Scenario: WB031 - User register, login, add to cart, order, view transaction history, logout &amp#27;[90m# src/test/resources/features/06Integration.feature:43&amp#27;[0m
10:52:58.930 [main] DEBUG io.cucumber.core.plugin.SerenityReporter - Running feature from file:///C:/Users/User/IdeaProjects/IntegrationTest/src/test/resources/features/06Integration.feature
10:52:58.936 [main] INFO  - 
  _____   ___   ___   _____     ___   _____     _     ___   _____   ___   ___  
 |_   _| | __| / __| |_   _|   / __| |_   _|   /_\   | _ \ |_   _| | __| |   \ 
   | |   | _|  \__ \   | |     \__ \   | |    / _ \  |   /   | |   | _|  | |) |
   |_|   |___| |___/   |_|     |___/   |_|   /_/ \_\ |_|_\   |_|   |___| |___/ 

WB031 - User register, login, add to cart, order, view transaction history, logout(integration;wb031---user-register--login--add-to-cart--order--view-transaction-history--logout)
--------------------------------------------------------------------------------
10:52:58.944 [AsyncHttpClient-1-1] DEBUG org.asynchttpclient.netty.channel.DefaultChannelPool - Entry count for : http://localhost:16540 : 1
10:52:58.944 [AsyncHttpClient-1-1] DEBUG org.asynchttpclient.netty.channel.DefaultChannelPool - Adding Candidate expired Channel [id: 0xac1abbb1, L:/127.0.0.1:58561 ! R:localhost/127.0.0.1:16540] isIdleTimeoutExpired=false isRemotelyClosed=true isTtlExpired=false
10:52:58.944 [AsyncHttpClient-1-1] DEBUG org.asynchttpclient.netty.channel.DefaultChannelPool - Closing Idle Channel [id: 0xac1abbb1, L:/127.0.0.1:58561 ! R:localhost/127.0.0.1:16540]
10:52:58.944 [AsyncHttpClient-1-1] DEBUG org.asynchttpclient.netty.channel.DefaultChannelPool - Closed 1 connections out of 1 in 0 ms
  &amp#27;[32mGiven &amp#27;[0m&amp#27;[32mUser in the register pages&amp#27;[0m                                                           &amp#27;[90m# starter.stepdefinition.IntegrationSteps.regWebPages()&amp#27;[0m
10:52:59.095 [main] INFO net.serenitybdd.core.webdriver.driverproviders.ChromeDriverProvider - Starting Chrome driver instance with capabilities:
10:52:59.095 [main] INFO net.serenitybdd.core.webdriver.driverproviders.ChromeDriverProvider - Capabilities {acceptInsecureCerts: false, browserName: chrome, goog:chromeOptions: {args: [remote-allow-origins=*], extensions: []}}
10:52:59.908 [AsyncHttpClient-1-9] DEBUG org.asynchttpclient.netty.channel.NettyConnectListener - Using new Channel '[id: 0x0eb08554, L:/127.0.0.1:58597 - R:localhost/127.0.0.1:11490]' for 'POST' to '/session'
10:53:02.296 [AsyncHttpClient-1-9] DEBUG org.asynchttpclient.netty.handler.HttpHandler - 

Request DefaultHttpRequest(decodeResult: success, version: HTTP/1.1)
POST /session HTTP/1.1
User-Agent: selenium/4.8.1 (java windows)
Content-Length: 507
Content-Type: application/json; charset=utf-8
host: localhost:11490
accept: */*

Response DefaultHttpResponse(decodeResult: success, version: HTTP/1.1)
HTTP/1.1 200 OK
Content-Length: 858
Content-Type: application/json; charset=utf-8
cache-control: no-cache

10:53:02.296 [AsyncHttpClient-1-9] DEBUG org.asynchttpclient.netty.channel.ChannelManager - Adding key: http://localhost:11490 for channel [id: 0x0eb08554, L:/127.0.0.1:58597 - R:localhost/127.0.0.1:11490]
10:53:02.314 [AsyncHttpClient-1-2] DEBUG org.asynchttpclient.netty.channel.NettyConnectListener - Using new Channel '[id: 0x10b130da, L:/127.0.0.1:58606 - R:localhost/127.0.0.1:58598]' for 'GET' to '/json/version'
10:53:02.316 [AsyncHttpClient-1-2] DEBUG org.asynchttpclient.netty.handler.HttpHandler - 

Request DefaultFullHttpRequest(decodeResult: success, version: HTTP/1.1, content: EmptyByteBufBE)
GET /json/version HTTP/1.1
User-Agent: selenium/4.8.1 (java windows)
host: localhost:58598
accept: */*

Response DefaultHttpResponse(decodeResult: success, version: HTTP/1.1)
HTTP/1.1 200 OK
Content-Security-Policy: frame-ancestors 'none'
Content-Length: 424
Content-Type: application/json; charset=UTF-8

10:53:02.316 [AsyncHttpClient-1-2] DEBUG org.asynchttpclient.netty.channel.ChannelManager - Adding key: http://localhost:58598 for channel [id: 0x10b130da, L:/127.0.0.1:58606 - R:localhost/127.0.0.1:58598]
10:53:02.330 [AsyncHttpClient-1-3] DEBUG org.asynchttpclient.netty.channel.NettyConnectListener - Using new Channel '[id: 0xed29ecab, L:/127.0.0.1:58607 - R:localhost/127.0.0.1:58598]' for 'GET' to '/devtools/browser/470006b3-7c29-48b6-8ca5-c69f9ea1542c'
10:53:02.331 [AsyncHttpClient-1-3] DEBUG org.asynchttpclient.netty.handler.WebSocketHandler - 

Request DefaultFullHttpRequest(decodeResult: success, version: HTTP/1.1, content: EmptyByteBufBE)
GET /devtools/browser/470006b3-7c29-48b6-8ca5-c69f9ea1542c HTTP/1.1
upgrade: websocket
connection: upgrade
sec-websocket-key: 05AkIVp301+Kz83Nhrir1Q==
sec-websocket-version: 13
origin: http://localhost:58598
host: localhost:58598
accept: */*
user-agent: AHC/2.1

Response DefaultHttpResponse(decodeResult: success, version: HTTP/1.1)
HTTP/1.1 101 WebSocket Protocol Handshake
Upgrade: WebSocket
Connection: Upgrade
Sec-WebSocket-Accept: mr4W6y95gKsBsSSBwVIpu4MX3Yo=

10:53:02.339 [Forwarding maximizeCurrentWindow on session 6ebb8a055041d56dbad80987c93fea98 to remote] DEBUG org.asynchttpclient.netty.request.NettyRequestSender - Using pooled Channel '[id: 0x0eb08554, L:/127.0.0.1:58597 - R:localhost/127.0.0.1:11490]' for 'POST' to 'http://localhost:11490/session/6ebb8a055041d56dbad80987c93fea98/window/maximize'
10:53:02.339 [Forwarding maximizeCurrentWindow on session 6ebb8a055041d56dbad80987c93fea98 to remote] DEBUG org.asynchttpclient.netty.request.NettyRequestSender - Using open Channel [id: 0x0eb08554, L:/127.0.0.1:58597 - R:localhost/127.0.0.1:11490] for POST '/session/6ebb8a055041d56dbad80987c93fea98/window/maximize'
10:53:02.465 [AsyncHttpClient-1-9] DEBUG org.asynchttpclient.netty.handler.HttpHandler - 

Request DefaultHttpRequest(decodeResult: success, version: HTTP/1.1)
POST /session/6ebb8a055041d56dbad80987c93fea98/window/maximize HTTP/1.1
User-Agent: selenium/4.8.1 (java windows)
Content-Length: 3
Content-Type: application/json; charset=utf-8
host: localhost:11490
accept: */*

Response DefaultHttpResponse(decodeResult: success, version: HTTP/1.1)
HTTP/1.1 200 OK
Content-Length: 51
Content-Type: application/json; charset=utf-8
cache-control: no-cache

10:53:02.465 [AsyncHttpClient-1-9] DEBUG org.asynchttpclient.netty.channel.ChannelManager - Adding key: http://localhost:11490 for channel [id: 0x0eb08554, L:/127.0.0.1:58597 - R:localhost/127.0.0.1:11490]
10:53:02.469 [Forwarding get on session 6ebb8a055041d56dbad80987c93fea98 to remote] DEBUG org.asynchttpclient.netty.request.NettyRequestSender - Using pooled Channel '[id: 0x0eb08554, L:/127.0.0.1:58597 - R:localhost/127.0.0.1:11490]' for 'POST' to 'http://localhost:11490/session/6ebb8a055041d56dbad80987c93fea98/url'
10:53:02.469 [Forwarding get on session 6ebb8a055041d56dbad80987c93fea98 to remote] DEBUG org.asynchttpclient.netty.request.NettyRequestSender - Using open Channel [id: 0x0eb08554, L:/127.0.0.1:58597 - R:localhost/127.0.0.1:11490] for POST '/session/6ebb8a055041d56dbad80987c93fea98/url'
10:53:03.351 [AsyncHttpClient-1-1] DEBUG org.asynchttpclient.netty.channel.DefaultChannelPool - Entry count for : http://localhost:58598 : 1
10:53:03.404 [AsyncHttpClient-1-9] DEBUG org.asynchttpclient.netty.handler.HttpHandler - 

Request DefaultHttpRequest(decodeResult: success, version: HTTP/1.1)
POST /session/6ebb8a055041d56dbad80987c93fea98/url HTTP/1.1
User-Agent: selenium/4.8.1 (java windows)
Content-Length: 77
Content-Type: application/json; charset=utf-8
host: localhost:11490
accept: */*

Response DefaultHttpResponse(decodeResult: success, version: HTTP/1.1)
HTTP/1.1 200 OK
Content-Length: 14
Content-Type: application/json; charset=utf-8
cache-control: no-cache

10:53:03.404 [AsyncHttpClient-1-9] DEBUG org.asynchttpclient.netty.channel.ChannelManager - Adding key: http://localhost:11490 for channel [id: 0x0eb08554, L:/127.0.0.1:58597 - R:localhost/127.0.0.1:11490]
10:53:03.405 [Forwarding setTimeout on session 6ebb8a055041d56dbad80987c93fea98 to remote] DEBUG org.asynchttpclient.netty.request.NettyRequestSender - Using pooled Channel '[id: 0x0eb08554, L:/127.0.0.1:58597 - R:localhost/127.0.0.1:11490]' for 'POST' to 'http://localhost:11490/session/6ebb8a055041d56dbad80987c93fea98/timeouts'
10:53:03.406 [Forwarding setTimeout on session 6ebb8a055041d56dbad80987c93fea98 to remote] DEBUG org.asynchttpclient.netty.request.NettyRequestSender - Using open Channel [id: 0x0eb08554, L:/127.0.0.1:58597 - R:localhost/127.0.0.1:11490] for POST '/session/6ebb8a055041d56dbad80987c93fea98/timeouts'
10:53:03.407 [AsyncHttpClient-1-9] DEBUG org.asynchttpclient.netty.handler.HttpHandler - 

Request DefaultHttpRequest(decodeResult: success, version: HTTP/1.1)
POST /session/6ebb8a055041d56dbad80987c93fea98/timeouts HTTP/1.1
User-Agent: selenium/4.8.1 (java windows)
Content-Length: 22
Content-Type: application/json; charset=utf-8
host: localhost:11490
accept: */*

Response DefaultHttpResponse(decodeResult: success, version: HTTP/1.1)
HTTP/1.1 200 OK
Content-Length: 14
Content-Type: application/json; charset=utf-8
cache-control: no-cache

10:53:03.407 [AsyncHttpClient-1-9] DEBUG org.asynchttpclient.netty.channel.ChannelManager - Adding key: http://localhost:11490 for channel [id: 0x0eb08554, L:/127.0.0.1:58597 - R:localhost/127.0.0.1:11490]
10:53:03.425 [Forwarding getAlertText on session 6ebb8a055041d56dbad80987c93fea98 to remote] DEBUG org.asynchttpclient.netty.request.NettyRequestSender - Using pooled Channel '[id: 0x0eb08554, L:/127.0.0.1:58597 - R:localhost/127.0.0.1:11490]' for 'GET' to 'http://localhost:11490/session/6ebb8a055041d56dbad80987c93fea98/alert/text'
10:53:03.425 [Forwarding getAlertText on session 6ebb8a055041d56dbad80987c93fea98 to remote] DEBUG org.asynchttpclient.netty.request.NettyRequestSender - Using open Channel [id: 0x0eb08554, L:/127.0.0.1:58597 - R:localhost/127.0.0.1:11490] for GET '/session/6ebb8a055041d56dbad80987c93fea98/alert/text'
10:53:03.427 [AsyncHttpClient-1-9] DEBUG org.asynchttpclient.netty.handler.HttpHandler - 

Request DefaultFullHttpRequest(decodeResult: success, version: HTTP/1.1, content: EmptyByteBufBE)
GET /session/6ebb8a055041d56dbad80987c93fea98/alert/text HTTP/1.1
User-Agent: selenium/4.8.1 (java windows)
Cache-Control: no-cache
Content-Type: application/json; charset=utf-8
host: localhost:11490
accept: */*

Response DefaultHttpResponse(decodeResult: success, version: HTTP/1.1)
HTTP/1.1 404 Not Found
Content-Length: 848
Content-Type: application/json; charset=utf-8
cache-control: no-cache

10:53:03.427 [AsyncHttpClient-1-9] DEBUG org.asynchttpclient.netty.channel.ChannelManager - Adding key: http://localhost:11490 for channel [id: 0x0eb08554, L:/127.0.0.1:58597 - R:localhost/127.0.0.1:11490]
10:53:03.428 [Forwarding getCurrentUrl on session 6ebb8a055041d56dbad80987c93fea98 to remote] DEBUG org.asynchttpclient.netty.request.NettyRequestSender - Using pooled Channel '[id: 0x0eb08554, L:/127.0.0.1:58597 - R:localhost/127.0.0.1:11490]' for 'GET' to 'http://localhost:11490/session/6ebb8a055041d56dbad80987c93fea98/url'
10:53:03.428 [Forwarding getCurrentUrl on session 6ebb8a055041d56dbad80987c93fea98 to remote] DEBUG org.asynchttpclient.netty.request.NettyRequestSender - Using open Channel [id: 0x0eb08554, L:/127.0.0.1:58597 - R:localhost/127.0.0.1:11490] for GET '/session/6ebb8a055041d56dbad80987c93fea98/url'
10:53:03.449 [AsyncHttpClient-1-9] DEBUG org.asynchttpclient.netty.handler.HttpHandler - 

Request DefaultFullHttpRequest(decodeResult: success, version: HTTP/1.1, content: EmptyByteBufBE)
GET /session/6ebb8a055041d56dbad80987c93fea98/url HTTP/1.1
User-Agent: selenium/4.8.1 (java windows)
Cache-Control: no-cache
Content-Type: application/json; charset=utf-8
host: localhost:11490
accept: */*

Response DefaultHttpResponse(decodeResult: success, version: HTTP/1.1)
HTTP/1.1 200 OK
Content-Length: 54
Content-Type: application/json; charset=utf-8
cache-control: no-cache

10:53:03.449 [AsyncHttpClient-1-9] DEBUG org.asynchttpclient.netty.channel.ChannelManager - Adding key: http://localhost:11490 for channel [id: 0x0eb08554, L:/127.0.0.1:58597 - R:localhost/127.0.0.1:11490]
10:53:03.450 [Forwarding screenshot on session 6ebb8a055041d56dbad80987c93fea98 to remote] DEBUG org.asynchttpclient.netty.request.NettyRequestSender - Using pooled Channel '[id: 0x0eb08554, L:/127.0.0.1:58597 - R:localhost/127.0.0.1:11490]' for 'GET' to 'http://localhost:11490/session/6ebb8a055041d56dbad80987c93fea98/screenshot'
10:53:03.450 [Forwarding screenshot on session 6ebb8a055041d56dbad80987c93fea98 to remote] DEBUG org.asynchttpclient.netty.request.NettyRequestSender - Using open Channel [id: 0x0eb08554, L:/127.0.0.1:58597 - R:localhost/127.0.0.1:11490] for GET '/session/6ebb8a055041d56dbad80987c93fea98/screenshot'
10:53:04.013 [AsyncHttpClient-1-9] DEBUG org.asynchttpclient.netty.handler.HttpHandler - 

Request DefaultFullHttpRequest(decodeResult: success, version: HTTP/1.1, content: EmptyByteBufBE)
GET /session/6ebb8a055041d56dbad80987c93fea98/screenshot HTTP/1.1
User-Agent: selenium/4.8.1 (java windows)
Cache-Control: no-cache
Content-Type: application/json; charset=utf-8
host: localhost:11490
accept: */*

Response DefaultHttpResponse(decodeResult: success, version: HTTP/1.1)
HTTP/1.1 200 OK
Content-Length: 29668
Content-Type: application/json; charset=utf-8
cache-control: no-cache

10:53:04.013 [AsyncHttpClient-1-9] DEBUG org.asynchttpclient.netty.channel.ChannelManager - Adding key: http://localhost:11490 for channel [id: 0x0eb08554, L:/127.0.0.1:58597 - R:localhost/127.0.0.1:11490]
10:53:04.016 [main] DEBUG net.serenitybdd.core.photography.Darkroom - Send negative for processing for target\site\serenity\0ba6e8bb0dbd98adfe749502cc48ff0da377cd7b0172f40fe1ccbac8137b3703.png
10:53:04.018 [Forwarding getPageSource on session 6ebb8a055041d56dbad80987c93fea98 to remote] DEBUG org.asynchttpclient.netty.request.NettyRequestSender - Using pooled Channel '[id: 0x0eb08554, L:/127.0.0.1:58597 - R:localhost/127.0.0.1:11490]' for 'POST' to 'http://localhost:11490/session/6ebb8a055041d56dbad80987c93fea98/execute/sync'
10:53:04.018 [Forwarding getPageSource on session 6ebb8a055041d56dbad80987c93fea98 to remote] DEBUG org.asynchttpclient.netty.request.NettyRequestSender - Using open Channel [id: 0x0eb08554, L:/127.0.0.1:58597 - R:localhost/127.0.0.1:11490] for POST '/session/6ebb8a055041d56dbad80987c93fea98/execute/sync'
10:53:04.029 [AsyncHttpClient-1-9] DEBUG org.asynchttpclient.netty.handler.HttpHandler - 

Request DefaultHttpRequest(decodeResult: success, version: HTTP/1.1)
POST /session/6ebb8a055041d56dbad80987c93fea98/execute/sync HTTP/1.1
User-Agent: selenium/4.8.1 (java windows)
Content-Length: 176
Content-Type: application/json; charset=utf-8
host: localhost:11490
accept: */*

Response DefaultHttpResponse(decodeResult: success, version: HTTP/1.1)
HTTP/1.1 200 OK
Content-Length: 22234
Content-Type: application/json; charset=utf-8
cache-control: no-cache

10:53:04.029 [AsyncHttpClient-1-9] DEBUG org.asynchttpclient.netty.channel.ChannelManager - Adding key: http://localhost:11490 for channel [id: 0x0eb08554, L:/127.0.0.1:58597 - R:localhost/127.0.0.1:11490]
10:53:04.032 [Forwarding getCurrentUrl on session 6ebb8a055041d56dbad80987c93fea98 to remote] DEBUG org.asynchttpclient.netty.request.NettyRequestSender - Using pooled Channel '[id: 0x0eb08554, L:/127.0.0.1:58597 - R:localhost/127.0.0.1:11490]' for 'GET' to 'http://localhost:11490/session/6ebb8a055041d56dbad80987c93fea98/url'
10:53:04.032 [Forwarding getCurrentUrl on session 6ebb8a055041d56dbad80987c93fea98 to remote] DEBUG org.asynchttpclient.netty.request.NettyRequestSender - Using open Channel [id: 0x0eb08554, L:/127.0.0.1:58597 - R:localhost/127.0.0.1:11490] for GET '/session/6ebb8a055041d56dbad80987c93fea98/url'
10:53:04.037 [AsyncHttpClient-1-9] DEBUG org.asynchttpclient.netty.handler.HttpHandler - 

Request DefaultFullHttpRequest(decodeResult: success, version: HTTP/1.1, content: EmptyByteBufBE)
GET /session/6ebb8a055041d56dbad80987c93fea98/url HTTP/1.1
User-Agent: selenium/4.8.1 (java windows)
Cache-Control: no-cache
Content-Type: application/json; charset=utf-8
host: localhost:11490
accept: */*

Response DefaultHttpResponse(decodeResult: success, version: HTTP/1.1)
HTTP/1.1 200 OK
Content-Length: 54
Content-Type: application/json; charset=utf-8
cache-control: no-cache

10:53:04.037 [AsyncHttpClient-1-9] DEBUG org.asynchttpclient.netty.channel.ChannelManager - Adding key: http://localhost:11490 for channel [id: 0x0eb08554, L:/127.0.0.1:58597 - R:localhost/127.0.0.1:11490]
10:53:04.040 [main] DEBUG net.thucydides.core.steps.StepInterceptor - STARTING STEP: IntegrationSteps.regstoWeb - validateOnRegisterPage
10:53:04.043 [Forwarding setTimeout on session 6ebb8a055041d56dbad80987c93fea98 to remote] DEBUG org.asynchttpclient.netty.request.NettyRequestSender - Using pooled Channel '[id: 0x0eb08554, L:/127.0.0.1:58597 - R:localhost/127.0.0.1:11490]' for 'POST' to 'http://localhost:11490/session/6ebb8a055041d56dbad80987c93fea98/timeouts'
10:53:04.044 [Forwarding setTimeout on session 6ebb8a055041d56dbad80987c93fea98 to remote] DEBUG org.asynchttpclient.netty.request.NettyRequestSender - Using open Channel [id: 0x0eb08554, L:/127.0.0.1:58597 - R:localhost/127.0.0.1:11490] for POST '/session/6ebb8a055041d56dbad80987c93fea98/timeouts'
10:53:04.045 [AsyncHttpClient-1-9] DEBUG org.asynchttpclient.netty.handler.HttpHandler - 

Request DefaultHttpRequest(decodeResult: success, version: HTTP/1.1)
POST /session/6ebb8a055041d56dbad80987c93fea98/timeouts HTTP/1.1
User-Agent: selenium/4.8.1 (java windows)
Content-Length: 19
Content-Type: application/json; charset=utf-8
host: localhost:11490
accept: */*

Response DefaultHttpResponse(decodeResult: success, version: HTTP/1.1)
HTTP/1.1 200 OK
Content-Length: 14
Content-Type: application/json; charset=utf-8
cache-control: no-cache

10:53:04.045 [AsyncHttpClient-1-9] DEBUG org.asynchttpclient.netty.channel.ChannelManager - Adding key: http://localhost:11490 for channel [id: 0x0eb08554, L:/127.0.0.1:58597 - R:localhost/127.0.0.1:11490]
10:53:04.049 [Forwarding findElements on session 6ebb8a055041d56dbad80987c93fea98 to remote] DEBUG org.asynchttpclient.netty.request.NettyRequestSender - Using pooled Channel '[id: 0x0eb08554, L:/127.0.0.1:58597 - R:localhost/127.0.0.1:11490]' for 'POST' to 'http://localhost:11490/session/6ebb8a055041d56dbad80987c93fea98/elements'
10:53:04.049 [Forwarding findElements on session 6ebb8a055041d56dbad80987c93fea98 to remote] DEBUG org.asynchttpclient.netty.request.NettyRequestSender - Using open Channel [id: 0x0eb08554, L:/127.0.0.1:58597 - R:localhost/127.0.0.1:11490] for POST '/session/6ebb8a055041d56dbad80987c93fea98/elements'
10:53:04.073 [AsyncHttpClient-1-9] DEBUG org.asynchttpclient.netty.handler.HttpHandler - 

Request DefaultHttpRequest(decodeResult: success, version: HTTP/1.1)
POST /session/6ebb8a055041d56dbad80987c93fea98/elements HTTP/1.1
User-Agent: selenium/4.8.1 (java windows)
Content-Length: 225
Content-Type: application/json; charset=utf-8
host: localhost:11490
accept: */*

Response DefaultHttpResponse(decodeResult: success, version: HTTP/1.1)
HTTP/1.1 200 OK
Content-Length: 90
Content-Type: application/json; charset=utf-8
cache-control: no-cache

10:53:04.073 [AsyncHttpClient-1-9] DEBUG org.asynchttpclient.netty.channel.ChannelManager - Adding key: http://localhost:11490 for channel [id: 0x0eb08554, L:/127.0.0.1:58597 - R:localhost/127.0.0.1:11490]
10:53:04.077 [Forwarding isElementDisplayed on session 6ebb8a055041d56dbad80987c93fea98 to remote] DEBUG org.asynchttpclient.netty.request.NettyRequestSender - Using pooled Channel '[id: 0x0eb08554, L:/127.0.0.1:58597 - R:localhost/127.0.0.1:11490]' for 'POST' to 'http://localhost:11490/session/6ebb8a055041d56dbad80987c93fea98/execute/sync'
10:53:04.077 [Forwarding isElementDisplayed on session 6ebb8a055041d56dbad80987c93fea98 to remote] DEBUG org.asynchttpclient.netty.request.NettyRequestSender - Using open Channel [id: 0x0eb08554, L:/127.0.0.1:58597 - R:localhost/127.0.0.1:11490] for POST '/session/6ebb8a055041d56dbad80987c93fea98/execute/sync'
10:53:04.099 [AsyncHttpClient-1-9] DEBUG org.asynchttpclient.netty.handler.HttpHandler - 

Request DefaultHttpRequest(decodeResult: success, version: HTTP/1.1)
POST /session/6ebb8a055041d56dbad80987c93fea98/execute/sync HTTP/1.1
User-Agent: selenium/4.8.1 (java windows)
Content-Length: 48807
Content-Type: application/json; charset=utf-8
host: localhost:11490
accept: */*

Response DefaultHttpResponse(decodeResult: success, version: HTTP/1.1)
HTTP/1.1 200 OK
Content-Length: 14
Content-Type: application/json; charset=utf-8
cache-control: no-cache

10:53:04.099 [AsyncHttpClient-1-9] DEBUG org.asynchttpclient.netty.channel.ChannelManager - Adding key: http://localhost:11490 for channel [id: 0x0eb08554, L:/127.0.0.1:58597 - R:localhost/127.0.0.1:11490]
10:53:04.104 [Forwarding findElements on session 6ebb8a055041d56dbad80987c93fea98 to remote] DEBUG org.asynchttpclient.netty.request.NettyRequestSender - Using pooled Channel '[id: 0x0eb08554, L:/127.0.0.1:58597 - R:localhost/127.0.0.1:11490]' for 'POST' to 'http://localhost:11490/session/6ebb8a055041d56dbad80987c93fea98/elements'
10:53:04.104 [Forwarding findElements on session 6ebb8a055041d56dbad80987c93fea98 to remote] DEBUG org.asynchttpclient.netty.request.NettyRequestSender - Using open Channel [id: 0x0eb08554, L:/127.0.0.1:58597 - R:localhost/127.0.0.1:11490] for POST '/session/6ebb8a055041d56dbad80987c93fea98/elements'
10:53:04.123 [AsyncHttpClient-1-9] DEBUG org.asynchttpclient.netty.handler.HttpHandler - 

Request DefaultHttpRequest(decodeResult: success, version: HTTP/1.1)
POST /session/6ebb8a055041d56dbad80987c93fea98/elements HTTP/1.1
User-Agent: selenium/4.8.1 (java windows)
Content-Length: 225
Content-Type: application/json; charset=utf-8
host: localhost:11490
accept: */*

Response DefaultHttpResponse(decodeResult: success, version: HTTP/1.1)
HTTP/1.1 200 OK
Content-Length: 90
Content-Type: application/json; charset=utf-8
cache-control: no-cache

10:53:04.123 [AsyncHttpClient-1-9] DEBUG org.asynchttpclient.netty.channel.ChannelManager - Adding key: http://localhost:11490 for channel [id: 0x0eb08554, L:/127.0.0.1:58597 - R:localhost/127.0.0.1:11490]
10:53:04.127 [Forwarding setTimeout on session 6ebb8a055041d56dbad80987c93fea98 to remote] DEBUG org.asynchttpclient.netty.request.NettyRequestSender - Using pooled Channel '[id: 0x0eb08554, L:/127.0.0.1:58597 - R:localhost/127.0.0.1:11490]' for 'POST' to 'http://localhost:11490/session/6ebb8a055041d56dbad80987c93fea98/timeouts'
10:53:04.127 [Forwarding setTimeout on session 6ebb8a055041d56dbad80987c93fea98 to remote] DEBUG org.asynchttpclient.netty.request.NettyRequestSender - Using open Channel [id: 0x0eb08554, L:/127.0.0.1:58597 - R:localhost/127.0.0.1:11490] for POST '/session/6ebb8a055041d56dbad80987c93fea98/timeouts'
10:53:04.130 [AsyncHttpClient-1-9] DEBUG org.asynchttpclient.netty.handler.HttpHandler - 

Request DefaultHttpRequest(decodeResult: success, version: HTTP/1.1)
POST /session/6ebb8a055041d56dbad80987c93fea98/timeouts HTTP/1.1
User-Agent: selenium/4.8.1 (java windows)
Content-Length: 22
Content-Type: application/json; charset=utf-8
host: localhost:11490
accept: */*

Response DefaultHttpResponse(decodeResult: success, version: HTTP/1.1)
HTTP/1.1 200 OK
Content-Length: 14
Content-Type: application/json; charset=utf-8
cache-control: no-cache

10:53:04.131 [AsyncHttpClient-1-9] DEBUG org.asynchttpclient.netty.channel.ChannelManager - Adding key: http://localhost:11490 for channel [id: 0x0eb08554, L:/127.0.0.1:58597 - R:localhost/127.0.0.1:11490]
10:53:04.135 [Forwarding isElementDisplayed on session 6ebb8a055041d56dbad80987c93fea98 to remote] DEBUG org.asynchttpclient.netty.request.NettyRequestSender - Using pooled Channel '[id: 0x0eb08554, L:/127.0.0.1:58597 - R:localhost/127.0.0.1:11490]' for 'POST' to 'http://localhost:11490/session/6ebb8a055041d56dbad80987c93fea98/execute/sync'
10:53:04.135 [Forwarding isElementDisplayed on session 6ebb8a055041d56dbad80987c93fea98 to remote] DEBUG org.asynchttpclient.netty.request.NettyRequestSender - Using open Channel [id: 0x0eb08554, L:/127.0.0.1:58597 - R:localhost/127.0.0.1:11490] for POST '/session/6ebb8a055041d56dbad80987c93fea98/execute/sync'
10:53:04.163 [AsyncHttpClient-1-9] DEBUG org.asynchttpclient.netty.handler.HttpHandler - 

Request DefaultHttpRequest(decodeResult: success, version: HTTP/1.1)
POST /session/6ebb8a055041d56dbad80987c93fea98/execute/sync HTTP/1.1
User-Agent: selenium/4.8.1 (java windows)
Content-Length: 48807
Content-Type: application/json; charset=utf-8
host: localhost:11490
accept: */*

Response DefaultHttpResponse(decodeResult: success, version: HTTP/1.1)
HTTP/1.1 200 OK
Content-Length: 14
Content-Type: application/json; charset=utf-8
cache-control: no-cache

10:53:04.164 [AsyncHttpClient-1-9] DEBUG org.asynchttpclient.netty.channel.ChannelManager - Adding key: http://localhost:11490 for channel [id: 0x0eb08554, L:/127.0.0.1:58597 - R:localhost/127.0.0.1:11490]
10:53:04.174 [Forwarding getAlertText on session 6ebb8a055041d56dbad80987c93fea98 to remote] DEBUG org.asynchttpclient.netty.request.NettyRequestSender - Using pooled Channel '[id: 0x0eb08554, L:/127.0.0.1:58597 - R:localhost/127.0.0.1:11490]' for 'GET' to 'http://localhost:11490/session/6ebb8a055041d56dbad80987c93fea98/alert/text'
10:53:04.174 [Forwarding getAlertText on session 6ebb8a055041d56dbad80987c93fea98 to remote] DEBUG org.asynchttpclient.netty.request.NettyRequestSender - Using open Channel [id: 0x0eb08554, L:/127.0.0.1:58597 - R:localhost/127.0.0.1:11490] for GET '/session/6ebb8a055041d56dbad80987c93fea98/alert/text'
10:53:04.176 [AsyncHttpClient-1-9] DEBUG org.asynchttpclient.netty.handler.HttpHandler - 

Request DefaultFullHttpRequest(decodeResult: success, version: HTTP/1.1, content: EmptyByteBufBE)
GET /session/6ebb8a055041d56dbad80987c93fea98/alert/text HTTP/1.1
User-Agent: selenium/4.8.1 (java windows)
Cache-Control: no-cache
Content-Type: application/json; charset=utf-8
host: localhost:11490
accept: */*

Response DefaultHttpResponse(decodeResult: success, version: HTTP/1.1)
HTTP/1.1 404 Not Found
Content-Length: 848
Content-Type: application/json; charset=utf-8
cache-control: no-cache

10:53:04.176 [AsyncHttpClient-1-9] DEBUG org.asynchttpclient.netty.channel.ChannelManager - Adding key: http://localhost:11490 for channel [id: 0x0eb08554, L:/127.0.0.1:58597 - R:localhost/127.0.0.1:11490]
10:53:04.178 [Forwarding getCurrentUrl on session 6ebb8a055041d56dbad80987c93fea98 to remote] DEBUG org.asynchttpclient.netty.request.NettyRequestSender - Using pooled Channel '[id: 0x0eb08554, L:/127.0.0.1:58597 - R:localhost/127.0.0.1:11490]' for 'GET' to 'http://localhost:11490/session/6ebb8a055041d56dbad80987c93fea98/url'
10:53:04.178 [Forwarding getCurrentUrl on session 6ebb8a055041d56dbad80987c93fea98 to remote] DEBUG org.asynchttpclient.netty.request.NettyRequestSender - Using open Channel [id: 0x0eb08554, L:/127.0.0.1:58597 - R:localhost/127.0.0.1:11490] for GET '/session/6ebb8a055041d56dbad80987c93fea98/url'
10:53:04.184 [AsyncHttpClient-1-9] DEBUG org.asynchttpclient.netty.handler.HttpHandler - 

Request DefaultFullHttpRequest(decodeResult: success, version: HTTP/1.1, content: EmptyByteBufBE)
GET /session/6ebb8a055041d56dbad80987c93fea98/url HTTP/1.1
User-Agent: selenium/4.8.1 (java windows)
Cache-Control: no-cache
Content-Type: application/json; charset=utf-8
host: localhost:11490
accept: */*

Response DefaultHttpResponse(decodeResult: success, version: HTTP/1.1)
HTTP/1.1 200 OK
Content-Length: 54
Content-Type: application/json; charset=utf-8
cache-control: no-cache

10:53:04.184 [AsyncHttpClient-1-9] DEBUG org.asynchttpclient.netty.channel.ChannelManager - Adding key: http://localhost:11490 for channel [id: 0x0eb08554, L:/127.0.0.1:58597 - R:localhost/127.0.0.1:11490]
10:53:04.185 [Forwarding screenshot on session 6ebb8a055041d56dbad80987c93fea98 to remote] DEBUG org.asynchttpclient.netty.request.NettyRequestSender - Using pooled Channel '[id: 0x0eb08554, L:/127.0.0.1:58597 - R:localhost/127.0.0.1:11490]' for 'GET' to 'http://localhost:11490/session/6ebb8a055041d56dbad80987c93fea98/screenshot'
10:53:04.185 [Forwarding screenshot on session 6ebb8a055041d56dbad80987c93fea98 to remote] DEBUG org.asynchttpclient.netty.request.NettyRequestSender - Using open Channel [id: 0x0eb08554, L:/127.0.0.1:58597 - R:localhost/127.0.0.1:11490] for GET '/session/6ebb8a055041d56dbad80987c93fea98/screenshot'
10:53:04.318 [AsyncHttpClient-1-9] DEBUG org.asynchttpclient.netty.handler.HttpHandler - 

Request DefaultFullHttpRequest(decodeResult: success, version: HTTP/1.1, content: EmptyByteBufBE)
GET /session/6ebb8a055041d56dbad80987c93fea98/screenshot HTTP/1.1
User-Agent: selenium/4.8.1 (java windows)
Cache-Control: no-cache
Content-Type: application/json; charset=utf-8
host: localhost:11490
accept: */*

Response DefaultHttpResponse(decodeResult: success, version: HTTP/1.1)
HTTP/1.1 200 OK
Content-Length: 29668
Content-Type: application/json; charset=utf-8
cache-control: no-cache

10:53:04.319 [AsyncHttpClient-1-9] DEBUG org.asynchttpclient.netty.channel.ChannelManager - Adding key: http://localhost:11490 for channel [id: 0x0eb08554, L:/127.0.0.1:58597 - R:localhost/127.0.0.1:11490]
10:53:04.321 [main] DEBUG net.serenitybdd.core.photography.Darkroom - Send negative for processing for target\site\serenity\0ba6e8bb0dbd98adfe749502cc48ff0da377cd7b0172f40fe1ccbac8137b3703.png
10:53:04.321 [main] DEBUG net.thucydides.core.steps.StepInterceptor - STEP DONE: validateOnRegisterPage
10:53:04.333 [Forwarding getPageSource on session 6ebb8a055041d56dbad80987c93fea98 to remote] DEBUG org.asynchttpclient.netty.request.NettyRequestSender - Using pooled Channel '[id: 0x0eb08554, L:/127.0.0.1:58597 - R:localhost/127.0.0.1:11490]' for 'POST' to 'http://localhost:11490/session/6ebb8a055041d56dbad80987c93fea98/execute/sync'
10:53:04.333 [Forwarding getPageSource on session 6ebb8a055041d56dbad80987c93fea98 to remote] DEBUG org.asynchttpclient.netty.request.NettyRequestSender - Using open Channel [id: 0x0eb08554, L:/127.0.0.1:58597 - R:localhost/127.0.0.1:11490] for POST '/session/6ebb8a055041d56dbad80987c93fea98/execute/sync'
10:53:04.345 [AsyncHttpClient-1-9] DEBUG org.asynchttpclient.netty.handler.HttpHandler - 

Request DefaultHttpRequest(decodeResult: success, version: HTTP/1.1)
POST /session/6ebb8a055041d56dbad80987c93fea98/execute/sync HTTP/1.1
User-Agent: selenium/4.8.1 (java windows)
Content-Length: 176
Content-Type: application/json; charset=utf-8
host: localhost:11490
accept: */*

Response DefaultHttpResponse(decodeResult: success, version: HTTP/1.1)
HTTP/1.1 200 OK
Content-Length: 22234
Content-Type: application/json; charset=utf-8
cache-control: no-cache

10:53:04.345 [AsyncHttpClient-1-9] DEBUG org.asynchttpclient.netty.channel.ChannelManager - Adding key: http://localhost:11490 for channel [id: 0x0eb08554, L:/127.0.0.1:58597 - R:localhost/127.0.0.1:11490]
10:53:04.348 [Forwarding getCurrentUrl on session 6ebb8a055041d56dbad80987c93fea98 to remote] DEBUG org.asynchttpclient.netty.request.NettyRequestSender - Using pooled Channel '[id: 0x0eb08554, L:/127.0.0.1:58597 - R:localhost/127.0.0.1:11490]' for 'GET' to 'http://localhost:11490/session/6ebb8a055041d56dbad80987c93fea98/url'
10:53:04.348 [Forwarding getCurrentUrl on session 6ebb8a055041d56dbad80987c93fea98 to remote] DEBUG org.asynchttpclient.netty.request.NettyRequestSender - Using open Channel [id: 0x0eb08554, L:/127.0.0.1:58597 - R:localhost/127.0.0.1:11490] for GET '/session/6ebb8a055041d56dbad80987c93fea98/url'
10:53:04.371 [AsyncHttpClient-1-9] DEBUG org.asynchttpclient.netty.handler.HttpHandler - 

Request DefaultFullHttpRequest(decodeResult: success, version: HTTP/1.1, content: EmptyByteBufBE)
GET /session/6ebb8a055041d56dbad80987c93fea98/url HTTP/1.1
User-Agent: selenium/4.8.1 (java windows)
Cache-Control: no-cache
Content-Type: application/json; charset=utf-8
host: localhost:11490
accept: */*

Response DefaultHttpResponse(decodeResult: success, version: HTTP/1.1)
HTTP/1.1 200 OK
Content-Length: 54
Content-Type: application/json; charset=utf-8
cache-control: no-cache

10:53:04.372 [AsyncHttpClient-1-9] DEBUG org.asynchttpclient.netty.channel.ChannelManager - Adding key: http://localhost:11490 for channel [id: 0x0eb08554, L:/127.0.0.1:58597 - R:localhost/127.0.0.1:11490]
10:53:04.386 [main] DEBUG net.thucydides.core.steps.StepInterceptor - STARTING STEP: IntegrationSteps.regstoWeb - inputFullName
10:53:04.401 [Forwarding findElement on session 6ebb8a055041d56dbad80987c93fea98 to remote] DEBUG org.asynchttpclient.netty.request.NettyRequestSender - Using pooled Channel '[id: 0x0eb08554, L:/127.0.0.1:58597 - R:localhost/127.0.0.1:11490]' for 'POST' to 'http://localhost:11490/session/6ebb8a055041d56dbad80987c93fea98/element'
10:53:04.401 [Forwarding findElement on session 6ebb8a055041d56dbad80987c93fea98 to remote] DEBUG org.asynchttpclient.netty.request.NettyRequestSender - Using open Channel [id: 0x0eb08554, L:/127.0.0.1:58597 - R:localhost/127.0.0.1:11490] for POST '/session/6ebb8a055041d56dbad80987c93fea98/element'
10:53:04.424 [AsyncHttpClient-1-9] DEBUG org.asynchttpclient.netty.handler.HttpHandler - 

Request DefaultHttpRequest(decodeResult: success, version: HTTP/1.1)
POST /session/6ebb8a055041d56dbad80987c93fea98/element HTTP/1.1
User-Agent: selenium/4.8.1 (java windows)
Content-Length: 55
Content-Type: application/json; charset=utf-8
host: localhost:11490
accept: */*

Response DefaultHttpResponse(decodeResult: success, version: HTTP/1.1)
HTTP/1.1 200 OK
Content-Length: 88
Content-Type: application/json; charset=utf-8
cache-control: no-cache

10:53:04.424 [AsyncHttpClient-1-9] DEBUG org.asynchttpclient.netty.channel.ChannelManager - Adding key: http://localhost:11490 for channel [id: 0x0eb08554, L:/127.0.0.1:58597 - R:localhost/127.0.0.1:11490]
10:53:04.425 [Forwarding clearElement on session 6ebb8a055041d56dbad80987c93fea98 to remote] DEBUG org.asynchttpclient.netty.request.NettyRequestSender - Using pooled Channel '[id: 0x0eb08554, L:/127.0.0.1:58597 - R:localhost/127.0.0.1:11490]' for 'POST' to 'http://localhost:11490/session/6ebb8a055041d56dbad80987c93fea98/element/ed21e576-edde-4d3c-92f1-da2eb70d8c2d/clear'
10:53:04.426 [Forwarding clearElement on session 6ebb8a055041d56dbad80987c93fea98 to remote] DEBUG org.asynchttpclient.netty.request.NettyRequestSender - Using open Channel [id: 0x0eb08554, L:/127.0.0.1:58597 - R:localhost/127.0.0.1:11490] for POST '/session/6ebb8a055041d56dbad80987c93fea98/element/ed21e576-edde-4d3c-92f1-da2eb70d8c2d/clear'
10:53:04.454 [AsyncHttpClient-1-1] DEBUG org.asynchttpclient.netty.channel.DefaultChannelPool - Entry count for : http://localhost:58598 : 1
10:53:04.551 [AsyncHttpClient-1-9] DEBUG org.asynchttpclient.netty.handler.HttpHandler - 

Request DefaultHttpRequest(decodeResult: success, version: HTTP/1.1)
POST /session/6ebb8a055041d56dbad80987c93fea98/element/ed21e576-edde-4d3c-92f1-da2eb70d8c2d/clear HTTP/1.1
User-Agent: selenium/4.8.1 (java windows)
Content-Length: 50
Content-Type: application/json; charset=utf-8
host: localhost:11490
accept: */*

Response DefaultHttpResponse(decodeResult: success, version: HTTP/1.1)
HTTP/1.1 200 OK
Content-Length: 14
Content-Type: application/json; charset=utf-8
cache-control: no-cache

10:53:04.551 [AsyncHttpClient-1-9] DEBUG org.asynchttpclient.netty.channel.ChannelManager - Adding key: http://localhost:11490 for channel [id: 0x0eb08554, L:/127.0.0.1:58597 - R:localhost/127.0.0.1:11490]
10:53:04.558 [Forwarding sendKeysToElement on session 6ebb8a055041d56dbad80987c93fea98 to remote] DEBUG org.asynchttpclient.netty.request.NettyRequestSender - Using pooled Channel '[id: 0x0eb08554, L:/127.0.0.1:58597 - R:localhost/127.0.0.1:11490]' for 'POST' to 'http://localhost:11490/session/6ebb8a055041d56dbad80987c93fea98/element/ed21e576-edde-4d3c-92f1-da2eb70d8c2d/value'
10:53:04.558 [Forwarding sendKeysToElement on session 6ebb8a055041d56dbad80987c93fea98 to remote] DEBUG org.asynchttpclient.netty.request.NettyRequestSender - Using open Channel [id: 0x0eb08554, L:/127.0.0.1:58597 - R:localhost/127.0.0.1:11490] for POST '/session/6ebb8a055041d56dbad80987c93fea98/element/ed21e576-edde-4d3c-92f1-da2eb70d8c2d/value'
10:53:04.969 [AsyncHttpClient-1-9] DEBUG org.asynchttpclient.netty.handler.HttpHandler - 

Request DefaultHttpRequest(decodeResult: success, version: HTTP/1.1)
POST /session/6ebb8a055041d56dbad80987c93fea98/element/ed21e576-edde-4d3c-92f1-da2eb70d8c2d/value HTTP/1.1
User-Agent: selenium/4.8.1 (java windows)
Content-Length: 221
Content-Type: application/json; charset=utf-8
host: localhost:11490
accept: */*

Response DefaultHttpResponse(decodeResult: success, version: HTTP/1.1)
HTTP/1.1 200 OK
Content-Length: 14
Content-Type: application/json; charset=utf-8
cache-control: no-cache

10:53:04.969 [AsyncHttpClient-1-9] DEBUG org.asynchttpclient.netty.channel.ChannelManager - Adding key: http://localhost:11490 for channel [id: 0x0eb08554, L:/127.0.0.1:58597 - R:localhost/127.0.0.1:11490]
10:53:04.979 [Forwarding getAlertText on session 6ebb8a055041d56dbad80987c93fea98 to remote] DEBUG org.asynchttpclient.netty.request.NettyRequestSender - Using pooled Channel '[id: 0x0eb08554, L:/127.0.0.1:58597 - R:localhost/127.0.0.1:11490]' for 'GET' to 'http://localhost:11490/session/6ebb8a055041d56dbad80987c93fea98/alert/text'
10:53:04.979 [Forwarding getAlertText on session 6ebb8a055041d56dbad80987c93fea98 to remote] DEBUG org.asynchttpclient.netty.request.NettyRequestSender - Using open Channel [id: 0x0eb08554, L:/127.0.0.1:58597 - R:localhost/127.0.0.1:11490] for GET '/session/6ebb8a055041d56dbad80987c93fea98/alert/text'
10:53:04.982 [AsyncHttpClient-1-9] DEBUG org.asynchttpclient.netty.handler.HttpHandler - 

Request DefaultFullHttpRequest(decodeResult: success, version: HTTP/1.1, content: EmptyByteBufBE)
GET /session/6ebb8a055041d56dbad80987c93fea98/alert/text HTTP/1.1
User-Agent: selenium/4.8.1 (java windows)
Cache-Control: no-cache
Content-Type: application/json; charset=utf-8
host: localhost:11490
accept: */*

Response DefaultHttpResponse(decodeResult: success, version: HTTP/1.1)
HTTP/1.1 404 Not Found
Content-Length: 848
Content-Type: application/json; charset=utf-8
cache-control: no-cache

10:53:04.982 [AsyncHttpClient-1-9] DEBUG org.asynchttpclient.netty.channel.ChannelManager - Adding key: http://localhost:11490 for channel [id: 0x0eb08554, L:/127.0.0.1:58597 - R:localhost/127.0.0.1:11490]
10:53:04.983 [Forwarding getCurrentUrl on session 6ebb8a055041d56dbad80987c93fea98 to remote] DEBUG org.asynchttpclient.netty.request.NettyRequestSender - Using pooled Channel '[id: 0x0eb08554, L:/127.0.0.1:58597 - R:localhost/127.0.0.1:11490]' for 'GET' to 'http://localhost:11490/session/6ebb8a055041d56dbad80987c93fea98/url'
10:53:04.983 [Forwarding getCurrentUrl on session 6ebb8a055041d56dbad80987c93fea98 to remote] DEBUG org.asynchttpclient.netty.request.NettyRequestSender - Using open Channel [id: 0x0eb08554, L:/127.0.0.1:58597 - R:localhost/127.0.0.1:11490] for GET '/session/6ebb8a055041d56dbad80987c93fea98/url'
10:53:04.987 [AsyncHttpClient-1-9] DEBUG org.asynchttpclient.netty.handler.HttpHandler - 

Request DefaultFullHttpRequest(decodeResult: success, version: HTTP/1.1, content: EmptyByteBufBE)
GET /session/6ebb8a055041d56dbad80987c93fea98/url HTTP/1.1
User-Agent: selenium/4.8.1 (java windows)
Cache-Control: no-cache
Content-Type: application/json; charset=utf-8
host: localhost:11490
accept: */*

Response DefaultHttpResponse(decodeResult: success, version: HTTP/1.1)
HTTP/1.1 200 OK
Content-Length: 54
Content-Type: application/json; charset=utf-8
cache-control: no-cache

10:53:04.987 [AsyncHttpClient-1-9] DEBUG org.asynchttpclient.netty.channel.ChannelManager - Adding key: http://localhost:11490 for channel [id: 0x0eb08554, L:/127.0.0.1:58597 - R:localhost/127.0.0.1:11490]
10:53:04.988 [Forwarding screenshot on session 6ebb8a055041d56dbad80987c93fea98 to remote] DEBUG org.asynchttpclient.netty.request.NettyRequestSender - Using pooled Channel '[id: 0x0eb08554, L:/127.0.0.1:58597 - R:localhost/127.0.0.1:11490]' for 'GET' to 'http://localhost:11490/session/6ebb8a055041d56dbad80987c93fea98/screenshot'
10:53:04.988 [Forwarding screenshot on session 6ebb8a055041d56dbad80987c93fea98 to remote] DEBUG org.asynchttpclient.netty.request.NettyRequestSender - Using open Channel [id: 0x0eb08554, L:/127.0.0.1:58597 - R:localhost/127.0.0.1:11490] for GET '/session/6ebb8a055041d56dbad80987c93fea98/screenshot'
10:53:05.167 [AsyncHttpClient-1-9] DEBUG org.asynchttpclient.netty.handler.HttpHandler - 

Request DefaultFullHttpRequest(decodeResult: success, version: HTTP/1.1, content: EmptyByteBufBE)
GET /session/6ebb8a055041d56dbad80987c93fea98/screenshot HTTP/1.1
User-Agent: selenium/4.8.1 (java windows)
Cache-Control: no-cache
Content-Type: application/json; charset=utf-8
host: localhost:11490
accept: */*

Response DefaultHttpResponse(decodeResult: success, version: HTTP/1.1)
HTTP/1.1 200 OK
Content-Length: 31408
Content-Type: application/json; charset=utf-8
cache-control: no-cache

10:53:05.168 [AsyncHttpClient-1-9] DEBUG org.asynchttpclient.netty.channel.ChannelManager - Adding key: http://localhost:11490 for channel [id: 0x0eb08554, L:/127.0.0.1:58597 - R:localhost/127.0.0.1:11490]
10:53:05.170 [main] DEBUG net.serenitybdd.core.photography.Darkroom - Send negative for processing for target\site\serenity\a3167b8a6c95da23fcd820a2ac4bb86f000fc795baefaff3d4fab0f69743439f.png
10:53:05.171 [main] DEBUG net.thucydides.core.steps.StepInterceptor - STEP DONE: inputFullName
10:53:05.171 [Darkroom Processing Line] DEBUG net.serenitybdd.core.photography.DarkroomProcessingLine - Processing screenshot image in /var/screenshots/screenshot-7167340199732550405
10:53:05.171 [Darkroom Processing Line] DEBUG net.serenitybdd.core.photography.DarkroomProcessingLine - Saving screenshot to target\site\serenity\a3167b8a6c95da23fcd820a2ac4bb86f000fc795baefaff3d4fab0f69743439f.png
10:53:05.183 [Forwarding getPageSource on session 6ebb8a055041d56dbad80987c93fea98 to remote] DEBUG org.asynchttpclient.netty.request.NettyRequestSender - Using pooled Channel '[id: 0x0eb08554, L:/127.0.0.1:58597 - R:localhost/127.0.0.1:11490]' for 'POST' to 'http://localhost:11490/session/6ebb8a055041d56dbad80987c93fea98/execute/sync'
10:53:05.183 [Forwarding getPageSource on session 6ebb8a055041d56dbad80987c93fea98 to remote] DEBUG org.asynchttpclient.netty.request.NettyRequestSender - Using open Channel [id: 0x0eb08554, L:/127.0.0.1:58597 - R:localhost/127.0.0.1:11490] for POST '/session/6ebb8a055041d56dbad80987c93fea98/execute/sync'
10:53:05.193 [AsyncHttpClient-1-9] DEBUG org.asynchttpclient.netty.handler.HttpHandler - 

Request DefaultHttpRequest(decodeResult: success, version: HTTP/1.1)
POST /session/6ebb8a055041d56dbad80987c93fea98/execute/sync HTTP/1.1
User-Agent: selenium/4.8.1 (java windows)
Content-Length: 176
Content-Type: application/json; charset=utf-8
host: localhost:11490
accept: */*

Response DefaultHttpResponse(decodeResult: success, version: HTTP/1.1)
HTTP/1.1 200 OK
Content-Length: 22355
Content-Type: application/json; charset=utf-8
cache-control: no-cache

10:53:05.194 [AsyncHttpClient-1-9] DEBUG org.asynchttpclient.netty.channel.ChannelManager - Adding key: http://localhost:11490 for channel [id: 0x0eb08554, L:/127.0.0.1:58597 - R:localhost/127.0.0.1:11490]
10:53:05.199 [Forwarding getCurrentUrl on session 6ebb8a055041d56dbad80987c93fea98 to remote] DEBUG org.asynchttpclient.netty.request.NettyRequestSender - Using pooled Channel '[id: 0x0eb08554, L:/127.0.0.1:58597 - R:localhost/127.0.0.1:11490]' for 'GET' to 'http://localhost:11490/session/6ebb8a055041d56dbad80987c93fea98/url'
10:53:05.199 [Forwarding getCurrentUrl on session 6ebb8a055041d56dbad80987c93fea98 to remote] DEBUG org.asynchttpclient.netty.request.NettyRequestSender - Using open Channel [id: 0x0eb08554, L:/127.0.0.1:58597 - R:localhost/127.0.0.1:11490] for GET '/session/6ebb8a055041d56dbad80987c93fea98/url'
10:53:05.204 [AsyncHttpClient-1-9] DEBUG org.asynchttpclient.netty.handler.HttpHandler - 

Request DefaultFullHttpRequest(decodeResult: success, version: HTTP/1.1, content: EmptyByteBufBE)
GET /session/6ebb8a055041d56dbad80987c93fea98/url HTTP/1.1
User-Agent: selenium/4.8.1 (java windows)
Cache-Control: no-cache
Content-Type: application/json; charset=utf-8
host: localhost:11490
accept: */*

Response DefaultHttpResponse(decodeResult: success, version: HTTP/1.1)
HTTP/1.1 200 OK
Content-Length: 54
Content-Type: application/json; charset=utf-8
cache-control: no-cache

10:53:05.204 [AsyncHttpClient-1-9] DEBUG org.asynchttpclient.netty.channel.ChannelManager - Adding key: http://localhost:11490 for channel [id: 0x0eb08554, L:/127.0.0.1:58597 - R:localhost/127.0.0.1:11490]
10:53:05.207 [main] DEBUG net.thucydides.core.steps.StepInterceptor - STARTING STEP: IntegrationSteps.regstoWeb - inputEmail
10:53:05.211 [Forwarding findElement on session 6ebb8a055041d56dbad80987c93fea98 to remote] DEBUG org.asynchttpclient.netty.request.NettyRequestSender - Using pooled Channel '[id: 0x0eb08554, L:/127.0.0.1:58597 - R:localhost/127.0.0.1:11490]' for 'POST' to 'http://localhost:11490/session/6ebb8a055041d56dbad80987c93fea98/element'
10:53:05.211 [Forwarding findElement on session 6ebb8a055041d56dbad80987c93fea98 to remote] DEBUG org.asynchttpclient.netty.request.NettyRequestSender - Using open Channel [id: 0x0eb08554, L:/127.0.0.1:58597 - R:localhost/127.0.0.1:11490] for POST '/session/6ebb8a055041d56dbad80987c93fea98/element'
10:53:05.248 [AsyncHttpClient-1-9] DEBUG org.asynchttpclient.netty.handler.HttpHandler - 

Request DefaultHttpRequest(decodeResult: success, version: HTTP/1.1)
POST /session/6ebb8a055041d56dbad80987c93fea98/element HTTP/1.1
User-Agent: selenium/4.8.1 (java windows)
Content-Length: 55
Content-Type: application/json; charset=utf-8
host: localhost:11490
accept: */*

Response DefaultHttpResponse(decodeResult: success, version: HTTP/1.1)
HTTP/1.1 200 OK
Content-Length: 88
Content-Type: application/json; charset=utf-8
cache-control: no-cache

10:53:05.248 [AsyncHttpClient-1-9] DEBUG org.asynchttpclient.netty.channel.ChannelManager - Adding key: http://localhost:11490 for channel [id: 0x0eb08554, L:/127.0.0.1:58597 - R:localhost/127.0.0.1:11490]
10:53:05.249 [Forwarding clearElement on session 6ebb8a055041d56dbad80987c93fea98 to remote] DEBUG org.asynchttpclient.netty.request.NettyRequestSender - Using pooled Channel '[id: 0x0eb08554, L:/127.0.0.1:58597 - R:localhost/127.0.0.1:11490]' for 'POST' to 'http://localhost:11490/session/6ebb8a055041d56dbad80987c93fea98/element/09b471f5-6d56-4b38-b9cc-f2b5818c4a27/clear'
10:53:05.249 [Forwarding clearElement on session 6ebb8a055041d56dbad80987c93fea98 to remote] DEBUG org.asynchttpclient.netty.request.NettyRequestSender - Using open Channel [id: 0x0eb08554, L:/127.0.0.1:58597 - R:localhost/127.0.0.1:11490] for POST '/session/6ebb8a055041d56dbad80987c93fea98/element/09b471f5-6d56-4b38-b9cc-f2b5818c4a27/clear'
10:53:05.305 [AsyncHttpClient-1-9] DEBUG org.asynchttpclient.netty.handler.HttpHandler - 

Request DefaultHttpRequest(decodeResult: success, version: HTTP/1.1)
POST /session/6ebb8a055041d56dbad80987c93fea98/element/09b471f5-6d56-4b38-b9cc-f2b5818c4a27/clear HTTP/1.1
User-Agent: selenium/4.8.1 (java windows)
Content-Length: 50
Content-Type: application/json; charset=utf-8
host: localhost:11490
accept: */*

Response DefaultHttpResponse(decodeResult: success, version: HTTP/1.1)
HTTP/1.1 200 OK
Content-Length: 14
Content-Type: application/json; charset=utf-8
cache-control: no-cache

10:53:05.305 [AsyncHttpClient-1-9] DEBUG org.asynchttpclient.netty.channel.ChannelManager - Adding key: http://localhost:11490 for channel [id: 0x0eb08554, L:/127.0.0.1:58597 - R:localhost/127.0.0.1:11490]
10:53:05.307 [Forwarding sendKeysToElement on session 6ebb8a055041d56dbad80987c93fea98 to remote] DEBUG org.asynchttpclient.netty.request.NettyRequestSender - Using pooled Channel '[id: 0x0eb08554, L:/127.0.0.1:58597 - R:localhost/127.0.0.1:11490]' for 'POST' to 'http://localhost:11490/session/6ebb8a055041d56dbad80987c93fea98/element/09b471f5-6d56-4b38-b9cc-f2b5818c4a27/value'
10:53:05.307 [Forwarding sendKeysToElement on session 6ebb8a055041d56dbad80987c93fea98 to remote] DEBUG org.asynchttpclient.netty.request.NettyRequestSender - Using open Channel [id: 0x0eb08554, L:/127.0.0.1:58597 - R:localhost/127.0.0.1:11490] for POST '/session/6ebb8a055041d56dbad80987c93fea98/element/09b471f5-6d56-4b38-b9cc-f2b5818c4a27/value'
10:53:05.482 [AsyncHttpClient-1-9] DEBUG org.asynchttpclient.netty.handler.HttpHandler - 

Request DefaultHttpRequest(decodeResult: success, version: HTTP/1.1)
POST /session/6ebb8a055041d56dbad80987c93fea98/element/09b471f5-6d56-4b38-b9cc-f2b5818c4a27/value HTTP/1.1
User-Agent: selenium/4.8.1 (java windows)
Content-Length: 201
Content-Type: application/json; charset=utf-8
host: localhost:11490
accept: */*

Response DefaultHttpResponse(decodeResult: success, version: HTTP/1.1)
HTTP/1.1 200 OK
Content-Length: 14
Content-Type: application/json; charset=utf-8
cache-control: no-cache

10:53:05.482 [AsyncHttpClient-1-9] DEBUG org.asynchttpclient.netty.channel.ChannelManager - Adding key: http://localhost:11490 for channel [id: 0x0eb08554, L:/127.0.0.1:58597 - R:localhost/127.0.0.1:11490]
10:53:05.494 [Forwarding getAlertText on session 6ebb8a055041d56dbad80987c93fea98 to remote] DEBUG org.asynchttpclient.netty.request.NettyRequestSender - Using pooled Channel '[id: 0x0eb08554, L:/127.0.0.1:58597 - R:localhost/127.0.0.1:11490]' for 'GET' to 'http://localhost:11490/session/6ebb8a055041d56dbad80987c93fea98/alert/text'
10:53:05.495 [Forwarding getAlertText on session 6ebb8a055041d56dbad80987c93fea98 to remote] DEBUG org.asynchttpclient.netty.request.NettyRequestSender - Using open Channel [id: 0x0eb08554, L:/127.0.0.1:58597 - R:localhost/127.0.0.1:11490] for GET '/session/6ebb8a055041d56dbad80987c93fea98/alert/text'
10:53:05.498 [AsyncHttpClient-1-9] DEBUG org.asynchttpclient.netty.handler.HttpHandler - 

Request DefaultFullHttpRequest(decodeResult: success, version: HTTP/1.1, content: EmptyByteBufBE)
GET /session/6ebb8a055041d56dbad80987c93fea98/alert/text HTTP/1.1
User-Agent: selenium/4.8.1 (java windows)
Cache-Control: no-cache
Content-Type: application/json; charset=utf-8
host: localhost:11490
accept: */*

Response DefaultHttpResponse(decodeResult: success, version: HTTP/1.1)
HTTP/1.1 404 Not Found
Content-Length: 848
Content-Type: application/json; charset=utf-8
cache-control: no-cache

10:53:05.498 [AsyncHttpClient-1-9] DEBUG org.asynchttpclient.netty.channel.ChannelManager - Adding key: http://localhost:11490 for channel [id: 0x0eb08554, L:/127.0.0.1:58597 - R:localhost/127.0.0.1:11490]
10:53:05.499 [Forwarding getCurrentUrl on session 6ebb8a055041d56dbad80987c93fea98 to remote] DEBUG org.asynchttpclient.netty.request.NettyRequestSender - Using pooled Channel '[id: 0x0eb08554, L:/127.0.0.1:58597 - R:localhost/127.0.0.1:11490]' for 'GET' to 'http://localhost:11490/session/6ebb8a055041d56dbad80987c93fea98/url'
10:53:05.499 [Forwarding getCurrentUrl on session 6ebb8a055041d56dbad80987c93fea98 to remote] DEBUG org.asynchttpclient.netty.request.NettyRequestSender - Using open Channel [id: 0x0eb08554, L:/127.0.0.1:58597 - R:localhost/127.0.0.1:11490] for GET '/session/6ebb8a055041d56dbad80987c93fea98/url'
10:53:05.503 [AsyncHttpClient-1-9] DEBUG org.asynchttpclient.netty.handler.HttpHandler - 

Request DefaultFullHttpRequest(decodeResult: success, version: HTTP/1.1, content: EmptyByteBufBE)
GET /session/6ebb8a055041d56dbad80987c93fea98/url HTTP/1.1
User-Agent: selenium/4.8.1 (java windows)
Cache-Control: no-cache
Content-Type: application/json; charset=utf-8
host: localhost:11490
accept: */*

Response DefaultHttpResponse(decodeResult: success, version: HTTP/1.1)
HTTP/1.1 200 OK
Content-Length: 54
Content-Type: application/json; charset=utf-8
cache-control: no-cache

10:53:05.504 [AsyncHttpClient-1-9] DEBUG org.asynchttpclient.netty.channel.ChannelManager - Adding key: http://localhost:11490 for channel [id: 0x0eb08554, L:/127.0.0.1:58597 - R:localhost/127.0.0.1:11490]
10:53:05.504 [Forwarding screenshot on session 6ebb8a055041d56dbad80987c93fea98 to remote] DEBUG org.asynchttpclient.netty.request.NettyRequestSender - Using pooled Channel '[id: 0x0eb08554, L:/127.0.0.1:58597 - R:localhost/127.0.0.1:11490]' for 'GET' to 'http://localhost:11490/session/6ebb8a055041d56dbad80987c93fea98/screenshot'
10:53:05.504 [Forwarding screenshot on session 6ebb8a055041d56dbad80987c93fea98 to remote] DEBUG org.asynchttpclient.netty.request.NettyRequestSender - Using open Channel [id: 0x0eb08554, L:/127.0.0.1:58597 - R:localhost/127.0.0.1:11490] for GET '/session/6ebb8a055041d56dbad80987c93fea98/screenshot'
10:53:05.550 [AsyncHttpClient-1-1] DEBUG org.asynchttpclient.netty.channel.DefaultChannelPool - Entry count for : http://localhost:58598 : 1
10:53:05.690 [AsyncHttpClient-1-9] DEBUG org.asynchttpclient.netty.handler.HttpHandler - 

Request DefaultFullHttpRequest(decodeResult: success, version: HTTP/1.1, content: EmptyByteBufBE)
GET /session/6ebb8a055041d56dbad80987c93fea98/screenshot HTTP/1.1
User-Agent: selenium/4.8.1 (java windows)
Cache-Control: no-cache
Content-Type: application/json; charset=utf-8
host: localhost:11490
accept: */*

Response DefaultHttpResponse(decodeResult: success, version: HTTP/1.1)
HTTP/1.1 200 OK
Content-Length: 34544
Content-Type: application/json; charset=utf-8
cache-control: no-cache

10:53:05.691 [AsyncHttpClient-1-9] DEBUG org.asynchttpclient.netty.channel.ChannelManager - Adding key: http://localhost:11490 for channel [id: 0x0eb08554, L:/127.0.0.1:58597 - R:localhost/127.0.0.1:11490]
10:53:05.694 [main] DEBUG net.serenitybdd.core.photography.Darkroom - Send negative for processing for target\site\serenity\d9e935ca9e4e520de021dedcce4536319de8d02b929c0045d276a158667b1cf9.png
10:53:05.694 [main] DEBUG net.thucydides.core.steps.StepInterceptor - STEP DONE: inputEmail
10:53:05.696 [Darkroom Processing Line] DEBUG net.serenitybdd.core.photography.DarkroomProcessingLine - Processing screenshot image in /var/screenshots/screenshot-9245183231555935797
10:53:05.697 [Darkroom Processing Line] DEBUG net.serenitybdd.core.photography.DarkroomProcessingLine - Saving screenshot to target\site\serenity\d9e935ca9e4e520de021dedcce4536319de8d02b929c0045d276a158667b1cf9.png
10:53:05.708 [Forwarding getPageSource on session 6ebb8a055041d56dbad80987c93fea98 to remote] DEBUG org.asynchttpclient.netty.request.NettyRequestSender - Using pooled Channel '[id: 0x0eb08554, L:/127.0.0.1:58597 - R:localhost/127.0.0.1:11490]' for 'POST' to 'http://localhost:11490/session/6ebb8a055041d56dbad80987c93fea98/execute/sync'
10:53:05.708 [Forwarding getPageSource on session 6ebb8a055041d56dbad80987c93fea98 to remote] DEBUG org.asynchttpclient.netty.request.NettyRequestSender - Using open Channel [id: 0x0eb08554, L:/127.0.0.1:58597 - R:localhost/127.0.0.1:11490] for POST '/session/6ebb8a055041d56dbad80987c93fea98/execute/sync'
10:53:05.719 [AsyncHttpClient-1-9] DEBUG org.asynchttpclient.netty.handler.HttpHandler - 

Request DefaultHttpRequest(decodeResult: success, version: HTTP/1.1)
POST /session/6ebb8a055041d56dbad80987c93fea98/execute/sync HTTP/1.1
User-Agent: selenium/4.8.1 (java windows)
Content-Length: 176
Content-Type: application/json; charset=utf-8
host: localhost:11490
accept: */*

Response DefaultHttpResponse(decodeResult: success, version: HTTP/1.1)
HTTP/1.1 200 OK
Content-Length: 22414
Content-Type: application/json; charset=utf-8
cache-control: no-cache

10:53:05.719 [AsyncHttpClient-1-9] DEBUG org.asynchttpclient.netty.channel.ChannelManager - Adding key: http://localhost:11490 for channel [id: 0x0eb08554, L:/127.0.0.1:58597 - R:localhost/127.0.0.1:11490]
10:53:05.722 [Forwarding getCurrentUrl on session 6ebb8a055041d56dbad80987c93fea98 to remote] DEBUG org.asynchttpclient.netty.request.NettyRequestSender - Using pooled Channel '[id: 0x0eb08554, L:/127.0.0.1:58597 - R:localhost/127.0.0.1:11490]' for 'GET' to 'http://localhost:11490/session/6ebb8a055041d56dbad80987c93fea98/url'
10:53:05.722 [Forwarding getCurrentUrl on session 6ebb8a055041d56dbad80987c93fea98 to remote] DEBUG org.asynchttpclient.netty.request.NettyRequestSender - Using open Channel [id: 0x0eb08554, L:/127.0.0.1:58597 - R:localhost/127.0.0.1:11490] for GET '/session/6ebb8a055041d56dbad80987c93fea98/url'
10:53:05.727 [AsyncHttpClient-1-9] DEBUG org.asynchttpclient.netty.handler.HttpHandler - 

Request DefaultFullHttpRequest(decodeResult: success, version: HTTP/1.1, content: EmptyByteBufBE)
GET /session/6ebb8a055041d56dbad80987c93fea98/url HTTP/1.1
User-Agent: selenium/4.8.1 (java windows)
Cache-Control: no-cache
Content-Type: application/json; charset=utf-8
host: localhost:11490
accept: */*

Response DefaultHttpResponse(decodeResult: success, version: HTTP/1.1)
HTTP/1.1 200 OK
Content-Length: 54
Content-Type: application/json; charset=utf-8
cache-control: no-cache

10:53:05.727 [AsyncHttpClient-1-9] DEBUG org.asynchttpclient.netty.channel.ChannelManager - Adding key: http://localhost:11490 for channel [id: 0x0eb08554, L:/127.0.0.1:58597 - R:localhost/127.0.0.1:11490]
10:53:05.732 [main] DEBUG net.thucydides.core.steps.StepInterceptor - STARTING STEP: IntegrationSteps.regstoWeb - inputPassword
10:53:05.736 [Forwarding findElement on session 6ebb8a055041d56dbad80987c93fea98 to remote] DEBUG org.asynchttpclient.netty.request.NettyRequestSender - Using pooled Channel '[id: 0x0eb08554, L:/127.0.0.1:58597 - R:localhost/127.0.0.1:11490]' for 'POST' to 'http://localhost:11490/session/6ebb8a055041d56dbad80987c93fea98/element'
10:53:05.736 [Forwarding findElement on session 6ebb8a055041d56dbad80987c93fea98 to remote] DEBUG org.asynchttpclient.netty.request.NettyRequestSender - Using open Channel [id: 0x0eb08554, L:/127.0.0.1:58597 - R:localhost/127.0.0.1:11490] for POST '/session/6ebb8a055041d56dbad80987c93fea98/element'
10:53:05.753 [AsyncHttpClient-1-9] DEBUG org.asynchttpclient.netty.handler.HttpHandler - 

Request DefaultHttpRequest(decodeResult: success, version: HTTP/1.1)
POST /session/6ebb8a055041d56dbad80987c93fea98/element HTTP/1.1
User-Agent: selenium/4.8.1 (java windows)
Content-Length: 55
Content-Type: application/json; charset=utf-8
host: localhost:11490
accept: */*

Response DefaultHttpResponse(decodeResult: success, version: HTTP/1.1)
HTTP/1.1 200 OK
Content-Length: 88
Content-Type: application/json; charset=utf-8
cache-control: no-cache

10:53:05.753 [AsyncHttpClient-1-9] DEBUG org.asynchttpclient.netty.channel.ChannelManager - Adding key: http://localhost:11490 for channel [id: 0x0eb08554, L:/127.0.0.1:58597 - R:localhost/127.0.0.1:11490]
10:53:05.755 [Forwarding clearElement on session 6ebb8a055041d56dbad80987c93fea98 to remote] DEBUG org.asynchttpclient.netty.request.NettyRequestSender - Using pooled Channel '[id: 0x0eb08554, L:/127.0.0.1:58597 - R:localhost/127.0.0.1:11490]' for 'POST' to 'http://localhost:11490/session/6ebb8a055041d56dbad80987c93fea98/element/5f4ee97b-3f08-41c6-8fde-b00635f74d73/clear'
10:53:05.755 [Forwarding clearElement on session 6ebb8a055041d56dbad80987c93fea98 to remote] DEBUG org.asynchttpclient.netty.request.NettyRequestSender - Using open Channel [id: 0x0eb08554, L:/127.0.0.1:58597 - R:localhost/127.0.0.1:11490] for POST '/session/6ebb8a055041d56dbad80987c93fea98/element/5f4ee97b-3f08-41c6-8fde-b00635f74d73/clear'
10:53:05.814 [AsyncHttpClient-1-9] DEBUG org.asynchttpclient.netty.handler.HttpHandler - 

Request DefaultHttpRequest(decodeResult: success, version: HTTP/1.1)
POST /session/6ebb8a055041d56dbad80987c93fea98/element/5f4ee97b-3f08-41c6-8fde-b00635f74d73/clear HTTP/1.1
User-Agent: selenium/4.8.1 (java windows)
Content-Length: 50
Content-Type: application/json; charset=utf-8
host: localhost:11490
accept: */*

Response DefaultHttpResponse(decodeResult: success, version: HTTP/1.1)
HTTP/1.1 200 OK
Content-Length: 14
Content-Type: application/json; charset=utf-8
cache-control: no-cache

10:53:05.814 [AsyncHttpClient-1-9] DEBUG org.asynchttpclient.netty.channel.ChannelManager - Adding key: http://localhost:11490 for channel [id: 0x0eb08554, L:/127.0.0.1:58597 - R:localhost/127.0.0.1:11490]
10:53:05.816 [Forwarding sendKeysToElement on session 6ebb8a055041d56dbad80987c93fea98 to remote] DEBUG org.asynchttpclient.netty.request.NettyRequestSender - Using pooled Channel '[id: 0x0eb08554, L:/127.0.0.1:58597 - R:localhost/127.0.0.1:11490]' for 'POST' to 'http://localhost:11490/session/6ebb8a055041d56dbad80987c93fea98/element/5f4ee97b-3f08-41c6-8fde-b00635f74d73/value'
10:53:05.816 [Forwarding sendKeysToElement on session 6ebb8a055041d56dbad80987c93fea98 to remote] DEBUG org.asynchttpclient.netty.request.NettyRequestSender - Using open Channel [id: 0x0eb08554, L:/127.0.0.1:58597 - R:localhost/127.0.0.1:11490] for POST '/session/6ebb8a055041d56dbad80987c93fea98/element/5f4ee97b-3f08-41c6-8fde-b00635f74d73/value'
10:53:05.946 [AsyncHttpClient-1-9] DEBUG org.asynchttpclient.netty.handler.HttpHandler - 

Request DefaultHttpRequest(decodeResult: success, version: HTTP/1.1)
POST /session/6ebb8a055041d56dbad80987c93fea98/element/5f4ee97b-3f08-41c6-8fde-b00635f74d73/value HTTP/1.1
User-Agent: selenium/4.8.1 (java windows)
Content-Length: 141
Content-Type: application/json; charset=utf-8
host: localhost:11490
accept: */*

Response DefaultHttpResponse(decodeResult: success, version: HTTP/1.1)
HTTP/1.1 200 OK
Content-Length: 14
Content-Type: application/json; charset=utf-8
cache-control: no-cache

10:53:05.946 [AsyncHttpClient-1-9] DEBUG org.asynchttpclient.netty.channel.ChannelManager - Adding key: http://localhost:11490 for channel [id: 0x0eb08554, L:/127.0.0.1:58597 - R:localhost/127.0.0.1:11490]
10:53:05.958 [Forwarding getAlertText on session 6ebb8a055041d56dbad80987c93fea98 to remote] DEBUG org.asynchttpclient.netty.request.NettyRequestSender - Using pooled Channel '[id: 0x0eb08554, L:/127.0.0.1:58597 - R:localhost/127.0.0.1:11490]' for 'GET' to 'http://localhost:11490/session/6ebb8a055041d56dbad80987c93fea98/alert/text'
10:53:05.958 [Forwarding getAlertText on session 6ebb8a055041d56dbad80987c93fea98 to remote] DEBUG org.asynchttpclient.netty.request.NettyRequestSender - Using open Channel [id: 0x0eb08554, L:/127.0.0.1:58597 - R:localhost/127.0.0.1:11490] for GET '/session/6ebb8a055041d56dbad80987c93fea98/alert/text'
10:53:05.960 [AsyncHttpClient-1-9] DEBUG org.asynchttpclient.netty.handler.HttpHandler - 

Request DefaultFullHttpRequest(decodeResult: success, version: HTTP/1.1, content: EmptyByteBufBE)
GET /session/6ebb8a055041d56dbad80987c93fea98/alert/text HTTP/1.1
User-Agent: selenium/4.8.1 (java windows)
Cache-Control: no-cache
Content-Type: application/json; charset=utf-8
host: localhost:11490
accept: */*

Response DefaultHttpResponse(decodeResult: success, version: HTTP/1.1)
HTTP/1.1 404 Not Found
Content-Length: 848
Content-Type: application/json; charset=utf-8
cache-control: no-cache

10:53:05.960 [AsyncHttpClient-1-9] DEBUG org.asynchttpclient.netty.channel.ChannelManager - Adding key: http://localhost:11490 for channel [id: 0x0eb08554, L:/127.0.0.1:58597 - R:localhost/127.0.0.1:11490]
10:53:05.961 [Forwarding getCurrentUrl on session 6ebb8a055041d56dbad80987c93fea98 to remote] DEBUG org.asynchttpclient.netty.request.NettyRequestSender - Using pooled Channel '[id: 0x0eb08554, L:/127.0.0.1:58597 - R:localhost/127.0.0.1:11490]' for 'GET' to 'http://localhost:11490/session/6ebb8a055041d56dbad80987c93fea98/url'
10:53:05.961 [Forwarding getCurrentUrl on session 6ebb8a055041d56dbad80987c93fea98 to remote] DEBUG org.asynchttpclient.netty.request.NettyRequestSender - Using open Channel [id: 0x0eb08554, L:/127.0.0.1:58597 - R:localhost/127.0.0.1:11490] for GET '/session/6ebb8a055041d56dbad80987c93fea98/url'
10:53:05.968 [AsyncHttpClient-1-9] DEBUG org.asynchttpclient.netty.handler.HttpHandler - 

Request DefaultFullHttpRequest(decodeResult: success, version: HTTP/1.1, content: EmptyByteBufBE)
GET /session/6ebb8a055041d56dbad80987c93fea98/url HTTP/1.1
User-Agent: selenium/4.8.1 (java windows)
Cache-Control: no-cache
Content-Type: application/json; charset=utf-8
host: localhost:11490
accept: */*

Response DefaultHttpResponse(decodeResult: success, version: HTTP/1.1)
HTTP/1.1 200 OK
Content-Length: 54
Content-Type: application/json; charset=utf-8
cache-control: no-cache

10:53:05.968 [AsyncHttpClient-1-9] DEBUG org.asynchttpclient.netty.channel.ChannelManager - Adding key: http://localhost:11490 for channel [id: 0x0eb08554, L:/127.0.0.1:58597 - R:localhost/127.0.0.1:11490]
10:53:05.969 [Forwarding screenshot on session 6ebb8a055041d56dbad80987c93fea98 to remote] DEBUG org.asynchttpclient.netty.request.NettyRequestSender - Using pooled Channel '[id: 0x0eb08554, L:/127.0.0.1:58597 - R:localhost/127.0.0.1:11490]' for 'GET' to 'http://localhost:11490/session/6ebb8a055041d56dbad80987c93fea98/screenshot'
10:53:05.969 [Forwarding screenshot on session 6ebb8a055041d56dbad80987c93fea98 to remote] DEBUG org.asynchttpclient.netty.request.NettyRequestSender - Using open Channel [id: 0x0eb08554, L:/127.0.0.1:58597 - R:localhost/127.0.0.1:11490] for GET '/session/6ebb8a055041d56dbad80987c93fea98/screenshot'
10:53:06.150 [AsyncHttpClient-1-9] DEBUG org.asynchttpclient.netty.handler.HttpHandler - 

Request DefaultFullHttpRequest(decodeResult: success, version: HTTP/1.1, content: EmptyByteBufBE)
GET /session/6ebb8a055041d56dbad80987c93fea98/screenshot HTTP/1.1
User-Agent: selenium/4.8.1 (java windows)
Cache-Control: no-cache
Content-Type: application/json; charset=utf-8
host: localhost:11490
accept: */*

Response DefaultHttpResponse(decodeResult: success, version: HTTP/1.1)
HTTP/1.1 200 OK
Content-Length: 34820
Content-Type: application/json; charset=utf-8
cache-control: no-cache

10:53:06.151 [AsyncHttpClient-1-9] DEBUG org.asynchttpclient.netty.channel.ChannelManager - Adding key: http://localhost:11490 for channel [id: 0x0eb08554, L:/127.0.0.1:58597 - R:localhost/127.0.0.1:11490]
10:53:06.153 [main] DEBUG net.serenitybdd.core.photography.Darkroom - Send negative for processing for target\site\serenity\9c27690fff91d71f62d4989d80ec293ec599629476785d03042cf06e23b650e6.png
10:53:06.153 [main] DEBUG net.thucydides.core.steps.StepInterceptor - STEP DONE: inputPassword
10:53:06.154 [Darkroom Processing Line] DEBUG net.serenitybdd.core.photography.DarkroomProcessingLine - Processing screenshot image in /var/screenshots/screenshot-7884358698584915975
10:53:06.154 [Darkroom Processing Line] DEBUG net.serenitybdd.core.photography.DarkroomProcessingLine - Saving screenshot to target\site\serenity\9c27690fff91d71f62d4989d80ec293ec599629476785d03042cf06e23b650e6.png
10:53:06.167 [Forwarding getPageSource on session 6ebb8a055041d56dbad80987c93fea98 to remote] DEBUG org.asynchttpclient.netty.request.NettyRequestSender - Using pooled Channel '[id: 0x0eb08554, L:/127.0.0.1:58597 - R:localhost/127.0.0.1:11490]' for 'POST' to 'http://localhost:11490/session/6ebb8a055041d56dbad80987c93fea98/execute/sync'
10:53:06.167 [Forwarding getPageSource on session 6ebb8a055041d56dbad80987c93fea98 to remote] DEBUG org.asynchttpclient.netty.request.NettyRequestSender - Using open Channel [id: 0x0eb08554, L:/127.0.0.1:58597 - R:localhost/127.0.0.1:11490] for POST '/session/6ebb8a055041d56dbad80987c93fea98/execute/sync'
10:53:06.174 [AsyncHttpClient-1-9] DEBUG org.asynchttpclient.netty.handler.HttpHandler - 

Request DefaultHttpRequest(decodeResult: success, version: HTTP/1.1)
POST /session/6ebb8a055041d56dbad80987c93fea98/execute/sync HTTP/1.1
User-Agent: selenium/4.8.1 (java windows)
Content-Length: 176
Content-Type: application/json; charset=utf-8
host: localhost:11490
accept: */*

Response DefaultHttpResponse(decodeResult: success, version: HTTP/1.1)
HTTP/1.1 200 OK
Content-Length: 22473
Content-Type: application/json; charset=utf-8
cache-control: no-cache

10:53:06.174 [AsyncHttpClient-1-9] DEBUG org.asynchttpclient.netty.channel.ChannelManager - Adding key: http://localhost:11490 for channel [id: 0x0eb08554, L:/127.0.0.1:58597 - R:localhost/127.0.0.1:11490]
10:53:06.177 [Forwarding getCurrentUrl on session 6ebb8a055041d56dbad80987c93fea98 to remote] DEBUG org.asynchttpclient.netty.request.NettyRequestSender - Using pooled Channel '[id: 0x0eb08554, L:/127.0.0.1:58597 - R:localhost/127.0.0.1:11490]' for 'GET' to 'http://localhost:11490/session/6ebb8a055041d56dbad80987c93fea98/url'
10:53:06.177 [Forwarding getCurrentUrl on session 6ebb8a055041d56dbad80987c93fea98 to remote] DEBUG org.asynchttpclient.netty.request.NettyRequestSender - Using open Channel [id: 0x0eb08554, L:/127.0.0.1:58597 - R:localhost/127.0.0.1:11490] for GET '/session/6ebb8a055041d56dbad80987c93fea98/url'
10:53:06.184 [AsyncHttpClient-1-9] DEBUG org.asynchttpclient.netty.handler.HttpHandler - 

Request DefaultFullHttpRequest(decodeResult: success, version: HTTP/1.1, content: EmptyByteBufBE)
GET /session/6ebb8a055041d56dbad80987c93fea98/url HTTP/1.1
User-Agent: selenium/4.8.1 (java windows)
Cache-Control: no-cache
Content-Type: application/json; charset=utf-8
host: localhost:11490
accept: */*

Response DefaultHttpResponse(decodeResult: success, version: HTTP/1.1)
HTTP/1.1 200 OK
Content-Length: 54
Content-Type: application/json; charset=utf-8
cache-control: no-cache

10:53:06.184 [AsyncHttpClient-1-9] DEBUG org.asynchttpclient.netty.channel.ChannelManager - Adding key: http://localhost:11490 for channel [id: 0x0eb08554, L:/127.0.0.1:58597 - R:localhost/127.0.0.1:11490]
10:53:06.186 [main] DEBUG net.thucydides.core.steps.StepInterceptor - STARTING STEP: IntegrationSteps.regstoWeb - clickRegisterButton
10:53:06.188 [Forwarding setTimeout on session 6ebb8a055041d56dbad80987c93fea98 to remote] DEBUG org.asynchttpclient.netty.request.NettyRequestSender - Using pooled Channel '[id: 0x0eb08554, L:/127.0.0.1:58597 - R:localhost/127.0.0.1:11490]' for 'POST' to 'http://localhost:11490/session/6ebb8a055041d56dbad80987c93fea98/timeouts'
10:53:06.189 [Forwarding setTimeout on session 6ebb8a055041d56dbad80987c93fea98 to remote] DEBUG org.asynchttpclient.netty.request.NettyRequestSender - Using open Channel [id: 0x0eb08554, L:/127.0.0.1:58597 - R:localhost/127.0.0.1:11490] for POST '/session/6ebb8a055041d56dbad80987c93fea98/timeouts'
10:53:06.189 [AsyncHttpClient-1-9] DEBUG org.asynchttpclient.netty.handler.HttpHandler - 

Request DefaultHttpRequest(decodeResult: success, version: HTTP/1.1)
POST /session/6ebb8a055041d56dbad80987c93fea98/timeouts HTTP/1.1
User-Agent: selenium/4.8.1 (java windows)
Content-Length: 19
Content-Type: application/json; charset=utf-8
host: localhost:11490
accept: */*

Response DefaultHttpResponse(decodeResult: success, version: HTTP/1.1)
HTTP/1.1 200 OK
Content-Length: 14
Content-Type: application/json; charset=utf-8
cache-control: no-cache

10:53:06.189 [AsyncHttpClient-1-9] DEBUG org.asynchttpclient.netty.channel.ChannelManager - Adding key: http://localhost:11490 for channel [id: 0x0eb08554, L:/127.0.0.1:58597 - R:localhost/127.0.0.1:11490]
10:53:06.193 [Forwarding findElements on session 6ebb8a055041d56dbad80987c93fea98 to remote] DEBUG org.asynchttpclient.netty.request.NettyRequestSender - Using pooled Channel '[id: 0x0eb08554, L:/127.0.0.1:58597 - R:localhost/127.0.0.1:11490]' for 'POST' to 'http://localhost:11490/session/6ebb8a055041d56dbad80987c93fea98/elements'
10:53:06.193 [Forwarding findElements on session 6ebb8a055041d56dbad80987c93fea98 to remote] DEBUG org.asynchttpclient.netty.request.NettyRequestSender - Using open Channel [id: 0x0eb08554, L:/127.0.0.1:58597 - R:localhost/127.0.0.1:11490] for POST '/session/6ebb8a055041d56dbad80987c93fea98/elements'
10:53:06.203 [AsyncHttpClient-1-9] DEBUG org.asynchttpclient.netty.handler.HttpHandler - 

Request DefaultHttpRequest(decodeResult: success, version: HTTP/1.1)
POST /session/6ebb8a055041d56dbad80987c93fea98/elements HTTP/1.1
User-Agent: selenium/4.8.1 (java windows)
Content-Length: 225
Content-Type: application/json; charset=utf-8
host: localhost:11490
accept: */*

Response DefaultHttpResponse(decodeResult: success, version: HTTP/1.1)
HTTP/1.1 200 OK
Content-Length: 90
Content-Type: application/json; charset=utf-8
cache-control: no-cache

10:53:06.203 [AsyncHttpClient-1-9] DEBUG org.asynchttpclient.netty.channel.ChannelManager - Adding key: http://localhost:11490 for channel [id: 0x0eb08554, L:/127.0.0.1:58597 - R:localhost/127.0.0.1:11490]
10:53:06.208 [Forwarding isElementDisplayed on session 6ebb8a055041d56dbad80987c93fea98 to remote] DEBUG org.asynchttpclient.netty.request.NettyRequestSender - Using pooled Channel '[id: 0x0eb08554, L:/127.0.0.1:58597 - R:localhost/127.0.0.1:11490]' for 'POST' to 'http://localhost:11490/session/6ebb8a055041d56dbad80987c93fea98/execute/sync'
10:53:06.208 [Forwarding isElementDisplayed on session 6ebb8a055041d56dbad80987c93fea98 to remote] DEBUG org.asynchttpclient.netty.request.NettyRequestSender - Using open Channel [id: 0x0eb08554, L:/127.0.0.1:58597 - R:localhost/127.0.0.1:11490] for POST '/session/6ebb8a055041d56dbad80987c93fea98/execute/sync'
10:53:06.221 [AsyncHttpClient-1-9] DEBUG org.asynchttpclient.netty.handler.HttpHandler - 

Request DefaultHttpRequest(decodeResult: success, version: HTTP/1.1)
POST /session/6ebb8a055041d56dbad80987c93fea98/execute/sync HTTP/1.1
User-Agent: selenium/4.8.1 (java windows)
Content-Length: 48807
Content-Type: application/json; charset=utf-8
host: localhost:11490
accept: */*

Response DefaultHttpResponse(decodeResult: success, version: HTTP/1.1)
HTTP/1.1 200 OK
Content-Length: 14
Content-Type: application/json; charset=utf-8
cache-control: no-cache

10:53:06.221 [AsyncHttpClient-1-9] DEBUG org.asynchttpclient.netty.channel.ChannelManager - Adding key: http://localhost:11490 for channel [id: 0x0eb08554, L:/127.0.0.1:58597 - R:localhost/127.0.0.1:11490]
10:53:06.226 [Forwarding findElements on session 6ebb8a055041d56dbad80987c93fea98 to remote] DEBUG org.asynchttpclient.netty.request.NettyRequestSender - Using pooled Channel '[id: 0x0eb08554, L:/127.0.0.1:58597 - R:localhost/127.0.0.1:11490]' for 'POST' to 'http://localhost:11490/session/6ebb8a055041d56dbad80987c93fea98/elements'
10:53:06.226 [Forwarding findElements on session 6ebb8a055041d56dbad80987c93fea98 to remote] DEBUG org.asynchttpclient.netty.request.NettyRequestSender - Using open Channel [id: 0x0eb08554, L:/127.0.0.1:58597 - R:localhost/127.0.0.1:11490] for POST '/session/6ebb8a055041d56dbad80987c93fea98/elements'
10:53:06.250 [AsyncHttpClient-1-9] DEBUG org.asynchttpclient.netty.handler.HttpHandler - 

Request DefaultHttpRequest(decodeResult: success, version: HTTP/1.1)
POST /session/6ebb8a055041d56dbad80987c93fea98/elements HTTP/1.1
User-Agent: selenium/4.8.1 (java windows)
Content-Length: 225
Content-Type: application/json; charset=utf-8
host: localhost:11490
accept: */*

Response DefaultHttpResponse(decodeResult: success, version: HTTP/1.1)
HTTP/1.1 200 OK
Content-Length: 90
Content-Type: application/json; charset=utf-8
cache-control: no-cache

10:53:06.250 [AsyncHttpClient-1-9] DEBUG org.asynchttpclient.netty.channel.ChannelManager - Adding key: http://localhost:11490 for channel [id: 0x0eb08554, L:/127.0.0.1:58597 - R:localhost/127.0.0.1:11490]
10:53:06.253 [Forwarding setTimeout on session 6ebb8a055041d56dbad80987c93fea98 to remote] DEBUG org.asynchttpclient.netty.request.NettyRequestSender - Using pooled Channel '[id: 0x0eb08554, L:/127.0.0.1:58597 - R:localhost/127.0.0.1:11490]' for 'POST' to 'http://localhost:11490/session/6ebb8a055041d56dbad80987c93fea98/timeouts'
10:53:06.253 [Forwarding setTimeout on session 6ebb8a055041d56dbad80987c93fea98 to remote] DEBUG org.asynchttpclient.netty.request.NettyRequestSender - Using open Channel [id: 0x0eb08554, L:/127.0.0.1:58597 - R:localhost/127.0.0.1:11490] for POST '/session/6ebb8a055041d56dbad80987c93fea98/timeouts'
10:53:06.254 [AsyncHttpClient-1-9] DEBUG org.asynchttpclient.netty.handler.HttpHandler - 

Request DefaultHttpRequest(decodeResult: success, version: HTTP/1.1)
POST /session/6ebb8a055041d56dbad80987c93fea98/timeouts HTTP/1.1
User-Agent: selenium/4.8.1 (java windows)
Content-Length: 22
Content-Type: application/json; charset=utf-8
host: localhost:11490
accept: */*

Response DefaultHttpResponse(decodeResult: success, version: HTTP/1.1)
HTTP/1.1 200 OK
Content-Length: 14
Content-Type: application/json; charset=utf-8
cache-control: no-cache

10:53:06.254 [AsyncHttpClient-1-9] DEBUG org.asynchttpclient.netty.channel.ChannelManager - Adding key: http://localhost:11490 for channel [id: 0x0eb08554, L:/127.0.0.1:58597 - R:localhost/127.0.0.1:11490]
10:53:06.257 [Forwarding getElementTagName on session 6ebb8a055041d56dbad80987c93fea98 to remote] DEBUG org.asynchttpclient.netty.request.NettyRequestSender - Using pooled Channel '[id: 0x0eb08554, L:/127.0.0.1:58597 - R:localhost/127.0.0.1:11490]' for 'GET' to 'http://localhost:11490/session/6ebb8a055041d56dbad80987c93fea98/element/a45c6577-3eb9-4932-9a86-c924f3e8bf80/name'
10:53:06.258 [Forwarding getElementTagName on session 6ebb8a055041d56dbad80987c93fea98 to remote] DEBUG org.asynchttpclient.netty.request.NettyRequestSender - Using open Channel [id: 0x0eb08554, L:/127.0.0.1:58597 - R:localhost/127.0.0.1:11490] for GET '/session/6ebb8a055041d56dbad80987c93fea98/element/a45c6577-3eb9-4932-9a86-c924f3e8bf80/name'
10:53:06.291 [AsyncHttpClient-1-9] DEBUG org.asynchttpclient.netty.handler.HttpHandler - 

Request DefaultFullHttpRequest(decodeResult: success, version: HTTP/1.1, content: EmptyByteBufBE)
GET /session/6ebb8a055041d56dbad80987c93fea98/element/a45c6577-3eb9-4932-9a86-c924f3e8bf80/name HTTP/1.1
User-Agent: selenium/4.8.1 (java windows)
Cache-Control: no-cache
Content-Type: application/json; charset=utf-8
host: localhost:11490
accept: */*

Response DefaultHttpResponse(decodeResult: success, version: HTTP/1.1)
HTTP/1.1 200 OK
Content-Length: 18
Content-Type: application/json; charset=utf-8
cache-control: no-cache

10:53:06.292 [AsyncHttpClient-1-9] DEBUG org.asynchttpclient.netty.channel.ChannelManager - Adding key: http://localhost:11490 for channel [id: 0x0eb08554, L:/127.0.0.1:58597 - R:localhost/127.0.0.1:11490]
10:53:06.293 [Forwarding getElementTagName on session 6ebb8a055041d56dbad80987c93fea98 to remote] DEBUG org.asynchttpclient.netty.request.NettyRequestSender - Using pooled Channel '[id: 0x0eb08554, L:/127.0.0.1:58597 - R:localhost/127.0.0.1:11490]' for 'GET' to 'http://localhost:11490/session/6ebb8a055041d56dbad80987c93fea98/element/a45c6577-3eb9-4932-9a86-c924f3e8bf80/name'
10:53:06.293 [Forwarding getElementTagName on session 6ebb8a055041d56dbad80987c93fea98 to remote] DEBUG org.asynchttpclient.netty.request.NettyRequestSender - Using open Channel [id: 0x0eb08554, L:/127.0.0.1:58597 - R:localhost/127.0.0.1:11490] for GET '/session/6ebb8a055041d56dbad80987c93fea98/element/a45c6577-3eb9-4932-9a86-c924f3e8bf80/name'
10:53:06.300 [AsyncHttpClient-1-9] DEBUG org.asynchttpclient.netty.handler.HttpHandler - 

Request DefaultFullHttpRequest(decodeResult: success, version: HTTP/1.1, content: EmptyByteBufBE)
GET /session/6ebb8a055041d56dbad80987c93fea98/element/a45c6577-3eb9-4932-9a86-c924f3e8bf80/name HTTP/1.1
User-Agent: selenium/4.8.1 (java windows)
Cache-Control: no-cache
Content-Type: application/json; charset=utf-8
host: localhost:11490
accept: */*

Response DefaultHttpResponse(decodeResult: success, version: HTTP/1.1)
HTTP/1.1 200 OK
Content-Length: 18
Content-Type: application/json; charset=utf-8
cache-control: no-cache

10:53:06.301 [AsyncHttpClient-1-9] DEBUG org.asynchttpclient.netty.channel.ChannelManager - Adding key: http://localhost:11490 for channel [id: 0x0eb08554, L:/127.0.0.1:58597 - R:localhost/127.0.0.1:11490]
10:53:06.305 [Forwarding isElementEnabled on session 6ebb8a055041d56dbad80987c93fea98 to remote] DEBUG org.asynchttpclient.netty.request.NettyRequestSender - Using pooled Channel '[id: 0x0eb08554, L:/127.0.0.1:58597 - R:localhost/127.0.0.1:11490]' for 'GET' to 'http://localhost:11490/session/6ebb8a055041d56dbad80987c93fea98/element/a45c6577-3eb9-4932-9a86-c924f3e8bf80/enabled'
10:53:06.305 [Forwarding isElementEnabled on session 6ebb8a055041d56dbad80987c93fea98 to remote] DEBUG org.asynchttpclient.netty.request.NettyRequestSender - Using open Channel [id: 0x0eb08554, L:/127.0.0.1:58597 - R:localhost/127.0.0.1:11490] for GET '/session/6ebb8a055041d56dbad80987c93fea98/element/a45c6577-3eb9-4932-9a86-c924f3e8bf80/enabled'
10:53:06.327 [AsyncHttpClient-1-9] DEBUG org.asynchttpclient.netty.handler.HttpHandler - 

Request DefaultFullHttpRequest(decodeResult: success, version: HTTP/1.1, content: EmptyByteBufBE)
GET /session/6ebb8a055041d56dbad80987c93fea98/element/a45c6577-3eb9-4932-9a86-c924f3e8bf80/enabled HTTP/1.1
User-Agent: selenium/4.8.1 (java windows)
Cache-Control: no-cache
Content-Type: application/json; charset=utf-8
host: localhost:11490
accept: */*

Response DefaultHttpResponse(decodeResult: success, version: HTTP/1.1)
HTTP/1.1 200 OK
Content-Length: 14
Content-Type: application/json; charset=utf-8
cache-control: no-cache

10:53:06.327 [AsyncHttpClient-1-9] DEBUG org.asynchttpclient.netty.channel.ChannelManager - Adding key: http://localhost:11490 for channel [id: 0x0eb08554, L:/127.0.0.1:58597 - R:localhost/127.0.0.1:11490]
10:53:06.328 [Forwarding isElementEnabled on session 6ebb8a055041d56dbad80987c93fea98 to remote] DEBUG org.asynchttpclient.netty.request.NettyRequestSender - Using pooled Channel '[id: 0x0eb08554, L:/127.0.0.1:58597 - R:localhost/127.0.0.1:11490]' for 'GET' to 'http://localhost:11490/session/6ebb8a055041d56dbad80987c93fea98/element/a45c6577-3eb9-4932-9a86-c924f3e8bf80/enabled'
10:53:06.328 [Forwarding isElementEnabled on session 6ebb8a055041d56dbad80987c93fea98 to remote] DEBUG org.asynchttpclient.netty.request.NettyRequestSender - Using open Channel [id: 0x0eb08554, L:/127.0.0.1:58597 - R:localhost/127.0.0.1:11490] for GET '/session/6ebb8a055041d56dbad80987c93fea98/element/a45c6577-3eb9-4932-9a86-c924f3e8bf80/enabled'
10:53:06.344 [AsyncHttpClient-1-9] DEBUG org.asynchttpclient.netty.handler.HttpHandler - 

Request DefaultFullHttpRequest(decodeResult: success, version: HTTP/1.1, content: EmptyByteBufBE)
GET /session/6ebb8a055041d56dbad80987c93fea98/element/a45c6577-3eb9-4932-9a86-c924f3e8bf80/enabled HTTP/1.1
User-Agent: selenium/4.8.1 (java windows)
Cache-Control: no-cache
Content-Type: application/json; charset=utf-8
host: localhost:11490
accept: */*

Response DefaultHttpResponse(decodeResult: success, version: HTTP/1.1)
HTTP/1.1 200 OK
Content-Length: 14
Content-Type: application/json; charset=utf-8
cache-control: no-cache

10:53:06.344 [AsyncHttpClient-1-9] DEBUG org.asynchttpclient.netty.channel.ChannelManager - Adding key: http://localhost:11490 for channel [id: 0x0eb08554, L:/127.0.0.1:58597 - R:localhost/127.0.0.1:11490]
10:53:06.348 [Forwarding clickElement on session 6ebb8a055041d56dbad80987c93fea98 to remote] DEBUG org.asynchttpclient.netty.request.NettyRequestSender - Using pooled Channel '[id: 0x0eb08554, L:/127.0.0.1:58597 - R:localhost/127.0.0.1:11490]' for 'POST' to 'http://localhost:11490/session/6ebb8a055041d56dbad80987c93fea98/element/a45c6577-3eb9-4932-9a86-c924f3e8bf80/click'
10:53:06.348 [Forwarding clickElement on session 6ebb8a055041d56dbad80987c93fea98 to remote] DEBUG org.asynchttpclient.netty.request.NettyRequestSender - Using open Channel [id: 0x0eb08554, L:/127.0.0.1:58597 - R:localhost/127.0.0.1:11490] for POST '/session/6ebb8a055041d56dbad80987c93fea98/element/a45c6577-3eb9-4932-9a86-c924f3e8bf80/click'
10:53:06.438 [AsyncHttpClient-1-9] DEBUG org.asynchttpclient.netty.handler.HttpHandler - 

Request DefaultHttpRequest(decodeResult: success, version: HTTP/1.1)
POST /session/6ebb8a055041d56dbad80987c93fea98/element/a45c6577-3eb9-4932-9a86-c924f3e8bf80/click HTTP/1.1
User-Agent: selenium/4.8.1 (java windows)
Content-Length: 50
Content-Type: application/json; charset=utf-8
host: localhost:11490
accept: */*

Response DefaultHttpResponse(decodeResult: success, version: HTTP/1.1)
HTTP/1.1 200 OK
Content-Length: 14
Content-Type: application/json; charset=utf-8
cache-control: no-cache

10:53:06.438 [AsyncHttpClient-1-9] DEBUG org.asynchttpclient.netty.channel.ChannelManager - Adding key: http://localhost:11490 for channel [id: 0x0eb08554, L:/127.0.0.1:58597 - R:localhost/127.0.0.1:11490]
10:53:06.451 [Forwarding getAlertText on session 6ebb8a055041d56dbad80987c93fea98 to remote] DEBUG org.asynchttpclient.netty.request.NettyRequestSender - Using pooled Channel '[id: 0x0eb08554, L:/127.0.0.1:58597 - R:localhost/127.0.0.1:11490]' for 'GET' to 'http://localhost:11490/session/6ebb8a055041d56dbad80987c93fea98/alert/text'
10:53:06.451 [Forwarding getAlertText on session 6ebb8a055041d56dbad80987c93fea98 to remote] DEBUG org.asynchttpclient.netty.request.NettyRequestSender - Using open Channel [id: 0x0eb08554, L:/127.0.0.1:58597 - R:localhost/127.0.0.1:11490] for GET '/session/6ebb8a055041d56dbad80987c93fea98/alert/text'
10:53:06.453 [AsyncHttpClient-1-9] DEBUG org.asynchttpclient.netty.handler.HttpHandler - 

Request DefaultFullHttpRequest(decodeResult: success, version: HTTP/1.1, content: EmptyByteBufBE)
GET /session/6ebb8a055041d56dbad80987c93fea98/alert/text HTTP/1.1
User-Agent: selenium/4.8.1 (java windows)
Cache-Control: no-cache
Content-Type: application/json; charset=utf-8
host: localhost:11490
accept: */*

Response DefaultHttpResponse(decodeResult: success, version: HTTP/1.1)
HTTP/1.1 404 Not Found
Content-Length: 848
Content-Type: application/json; charset=utf-8
cache-control: no-cache

10:53:06.453 [AsyncHttpClient-1-9] DEBUG org.asynchttpclient.netty.channel.ChannelManager - Adding key: http://localhost:11490 for channel [id: 0x0eb08554, L:/127.0.0.1:58597 - R:localhost/127.0.0.1:11490]
10:53:06.454 [Forwarding getCurrentUrl on session 6ebb8a055041d56dbad80987c93fea98 to remote] DEBUG org.asynchttpclient.netty.request.NettyRequestSender - Using pooled Channel '[id: 0x0eb08554, L:/127.0.0.1:58597 - R:localhost/127.0.0.1:11490]' for 'GET' to 'http://localhost:11490/session/6ebb8a055041d56dbad80987c93fea98/url'
10:53:06.454 [Forwarding getCurrentUrl on session 6ebb8a055041d56dbad80987c93fea98 to remote] DEBUG org.asynchttpclient.netty.request.NettyRequestSender - Using open Channel [id: 0x0eb08554, L:/127.0.0.1:58597 - R:localhost/127.0.0.1:11490] for GET '/session/6ebb8a055041d56dbad80987c93fea98/url'
10:53:06.458 [AsyncHttpClient-1-9] DEBUG org.asynchttpclient.netty.handler.HttpHandler - 

Request DefaultFullHttpRequest(decodeResult: success, version: HTTP/1.1, content: EmptyByteBufBE)
GET /session/6ebb8a055041d56dbad80987c93fea98/url HTTP/1.1
User-Agent: selenium/4.8.1 (java windows)
Cache-Control: no-cache
Content-Type: application/json; charset=utf-8
host: localhost:11490
accept: */*

Response DefaultHttpResponse(decodeResult: success, version: HTTP/1.1)
HTTP/1.1 200 OK
Content-Length: 54
Content-Type: application/json; charset=utf-8
cache-control: no-cache

10:53:06.459 [AsyncHttpClient-1-9] DEBUG org.asynchttpclient.netty.channel.ChannelManager - Adding key: http://localhost:11490 for channel [id: 0x0eb08554, L:/127.0.0.1:58597 - R:localhost/127.0.0.1:11490]
10:53:06.459 [Forwarding screenshot on session 6ebb8a055041d56dbad80987c93fea98 to remote] DEBUG org.asynchttpclient.netty.request.NettyRequestSender - Using pooled Channel '[id: 0x0eb08554, L:/127.0.0.1:58597 - R:localhost/127.0.0.1:11490]' for 'GET' to 'http://localhost:11490/session/6ebb8a055041d56dbad80987c93fea98/screenshot'
10:53:06.460 [Forwarding screenshot on session 6ebb8a055041d56dbad80987c93fea98 to remote] DEBUG org.asynchttpclient.netty.request.NettyRequestSender - Using open Channel [id: 0x0eb08554, L:/127.0.0.1:58597 - R:localhost/127.0.0.1:11490] for GET '/session/6ebb8a055041d56dbad80987c93fea98/screenshot'
10:53:06.649 [AsyncHttpClient-1-1] DEBUG org.asynchttpclient.netty.channel.DefaultChannelPool - Entry count for : http://localhost:58598 : 1
10:53:06.788 [AsyncHttpClient-1-9] DEBUG org.asynchttpclient.netty.handler.HttpHandler - 

Request DefaultFullHttpRequest(decodeResult: success, version: HTTP/1.1, content: EmptyByteBufBE)
GET /session/6ebb8a055041d56dbad80987c93fea98/screenshot HTTP/1.1
User-Agent: selenium/4.8.1 (java windows)
Cache-Control: no-cache
Content-Type: application/json; charset=utf-8
host: localhost:11490
accept: */*

Response DefaultHttpResponse(decodeResult: success, version: HTTP/1.1)
HTTP/1.1 200 OK
Content-Length: 34212
Content-Type: application/json; charset=utf-8
cache-control: no-cache

10:53:06.788 [AsyncHttpClient-1-9] DEBUG org.asynchttpclient.netty.channel.ChannelManager - Adding key: http://localhost:11490 for channel [id: 0x0eb08554, L:/127.0.0.1:58597 - R:localhost/127.0.0.1:11490]
10:53:06.792 [main] DEBUG net.serenitybdd.core.photography.Darkroom - Send negative for processing for target\site\serenity\779be891ae9e46e94be87138a4abe0232e197ddccfe11de8a10e7363fbb5e360.png
10:53:06.793 [main] DEBUG net.thucydides.core.steps.StepInterceptor - STEP DONE: clickRegisterButton
  &amp#27;[32mWhen &amp#27;[0m&amp#27;[32mUser successfully register to web&amp#27;[0m                                                     &amp#27;[90m# starter.stepdefinition.IntegrationSteps.regstoWeb()&amp#27;[0m
10:53:06.797 [Darkroom Processing Line] DEBUG net.serenitybdd.core.photography.DarkroomProcessingLine - Processing screenshot image in /var/screenshots/screenshot-18250453409009107478
10:53:06.797 [Darkroom Processing Line] DEBUG net.serenitybdd.core.photography.DarkroomProcessingLine - Saving screenshot to target\site\serenity\779be891ae9e46e94be87138a4abe0232e197ddccfe11de8a10e7363fbb5e360.png
10:53:06.815 [Forwarding getPageSource on session 6ebb8a055041d56dbad80987c93fea98 to remote] DEBUG org.asynchttpclient.netty.request.NettyRequestSender - Using pooled Channel '[id: 0x0eb08554, L:/127.0.0.1:58597 - R:localhost/127.0.0.1:11490]' for 'POST' to 'http://localhost:11490/session/6ebb8a055041d56dbad80987c93fea98/execute/sync'
10:53:06.815 [Forwarding getPageSource on session 6ebb8a055041d56dbad80987c93fea98 to remote] DEBUG org.asynchttpclient.netty.request.NettyRequestSender - Using open Channel [id: 0x0eb08554, L:/127.0.0.1:58597 - R:localhost/127.0.0.1:11490] for POST '/session/6ebb8a055041d56dbad80987c93fea98/execute/sync'
10:53:06.824 [AsyncHttpClient-1-9] DEBUG org.asynchttpclient.netty.handler.HttpHandler - 

Request DefaultHttpRequest(decodeResult: success, version: HTTP/1.1)
POST /session/6ebb8a055041d56dbad80987c93fea98/execute/sync HTTP/1.1
User-Agent: selenium/4.8.1 (java windows)
Content-Length: 176
Content-Type: application/json; charset=utf-8
host: localhost:11490
accept: */*

Response DefaultHttpResponse(decodeResult: success, version: HTTP/1.1)
HTTP/1.1 200 OK
Content-Length: 21742
Content-Type: application/json; charset=utf-8
cache-control: no-cache

10:53:06.824 [AsyncHttpClient-1-9] DEBUG org.asynchttpclient.netty.channel.ChannelManager - Adding key: http://localhost:11490 for channel [id: 0x0eb08554, L:/127.0.0.1:58597 - R:localhost/127.0.0.1:11490]
10:53:06.828 [Forwarding getCurrentUrl on session 6ebb8a055041d56dbad80987c93fea98 to remote] DEBUG org.asynchttpclient.netty.request.NettyRequestSender - Using pooled Channel '[id: 0x0eb08554, L:/127.0.0.1:58597 - R:localhost/127.0.0.1:11490]' for 'GET' to 'http://localhost:11490/session/6ebb8a055041d56dbad80987c93fea98/url'
10:53:06.828 [Forwarding getCurrentUrl on session 6ebb8a055041d56dbad80987c93fea98 to remote] DEBUG org.asynchttpclient.netty.request.NettyRequestSender - Using open Channel [id: 0x0eb08554, L:/127.0.0.1:58597 - R:localhost/127.0.0.1:11490] for GET '/session/6ebb8a055041d56dbad80987c93fea98/url'
10:53:06.836 [AsyncHttpClient-1-9] DEBUG org.asynchttpclient.netty.handler.HttpHandler - 

Request DefaultFullHttpRequest(decodeResult: success, version: HTTP/1.1, content: EmptyByteBufBE)
GET /session/6ebb8a055041d56dbad80987c93fea98/url HTTP/1.1
User-Agent: selenium/4.8.1 (java windows)
Cache-Control: no-cache
Content-Type: application/json; charset=utf-8
host: localhost:11490
accept: */*

Response DefaultHttpResponse(decodeResult: success, version: HTTP/1.1)
HTTP/1.1 200 OK
Content-Length: 51
Content-Type: application/json; charset=utf-8
cache-control: no-cache

10:53:06.836 [AsyncHttpClient-1-9] DEBUG org.asynchttpclient.netty.channel.ChannelManager - Adding key: http://localhost:11490 for channel [id: 0x0eb08554, L:/127.0.0.1:58597 - R:localhost/127.0.0.1:11490]
10:53:06.851 [Forwarding getAlertText on session 6ebb8a055041d56dbad80987c93fea98 to remote] DEBUG org.asynchttpclient.netty.request.NettyRequestSender - Using pooled Channel '[id: 0x0eb08554, L:/127.0.0.1:58597 - R:localhost/127.0.0.1:11490]' for 'GET' to 'http://localhost:11490/session/6ebb8a055041d56dbad80987c93fea98/alert/text'
10:53:06.851 [Forwarding getAlertText on session 6ebb8a055041d56dbad80987c93fea98 to remote] DEBUG org.asynchttpclient.netty.request.NettyRequestSender - Using open Channel [id: 0x0eb08554, L:/127.0.0.1:58597 - R:localhost/127.0.0.1:11490] for GET '/session/6ebb8a055041d56dbad80987c93fea98/alert/text'
10:53:06.854 [AsyncHttpClient-1-9] DEBUG org.asynchttpclient.netty.handler.HttpHandler - 

Request DefaultFullHttpRequest(decodeResult: success, version: HTTP/1.1, content: EmptyByteBufBE)
GET /session/6ebb8a055041d56dbad80987c93fea98/alert/text HTTP/1.1
User-Agent: selenium/4.8.1 (java windows)
Cache-Control: no-cache
Content-Type: application/json; charset=utf-8
host: localhost:11490
accept: */*

Response DefaultHttpResponse(decodeResult: success, version: HTTP/1.1)
HTTP/1.1 404 Not Found
Content-Length: 848
Content-Type: application/json; charset=utf-8
cache-control: no-cache

10:53:06.854 [AsyncHttpClient-1-9] DEBUG org.asynchttpclient.netty.channel.ChannelManager - Adding key: http://localhost:11490 for channel [id: 0x0eb08554, L:/127.0.0.1:58597 - R:localhost/127.0.0.1:11490]
10:53:06.856 [Forwarding getCurrentUrl on session 6ebb8a055041d56dbad80987c93fea98 to remote] DEBUG org.asynchttpclient.netty.request.NettyRequestSender - Using pooled Channel '[id: 0x0eb08554, L:/127.0.0.1:58597 - R:localhost/127.0.0.1:11490]' for 'GET' to 'http://localhost:11490/session/6ebb8a055041d56dbad80987c93fea98/url'
10:53:06.856 [Forwarding getCurrentUrl on session 6ebb8a055041d56dbad80987c93fea98 to remote] DEBUG org.asynchttpclient.netty.request.NettyRequestSender - Using open Channel [id: 0x0eb08554, L:/127.0.0.1:58597 - R:localhost/127.0.0.1:11490] for GET '/session/6ebb8a055041d56dbad80987c93fea98/url'
10:53:06.863 [AsyncHttpClient-1-9] DEBUG org.asynchttpclient.netty.handler.HttpHandler - 

Request DefaultFullHttpRequest(decodeResult: success, version: HTTP/1.1, content: EmptyByteBufBE)
GET /session/6ebb8a055041d56dbad80987c93fea98/url HTTP/1.1
User-Agent: selenium/4.8.1 (java windows)
Cache-Control: no-cache
Content-Type: application/json; charset=utf-8
host: localhost:11490
accept: */*

Response DefaultHttpResponse(decodeResult: success, version: HTTP/1.1)
HTTP/1.1 200 OK
Content-Length: 51
Content-Type: application/json; charset=utf-8
cache-control: no-cache

10:53:06.864 [AsyncHttpClient-1-9] DEBUG org.asynchttpclient.netty.channel.ChannelManager - Adding key: http://localhost:11490 for channel [id: 0x0eb08554, L:/127.0.0.1:58597 - R:localhost/127.0.0.1:11490]
10:53:06.864 [Forwarding screenshot on session 6ebb8a055041d56dbad80987c93fea98 to remote] DEBUG org.asynchttpclient.netty.request.NettyRequestSender - Using pooled Channel '[id: 0x0eb08554, L:/127.0.0.1:58597 - R:localhost/127.0.0.1:11490]' for 'GET' to 'http://localhost:11490/session/6ebb8a055041d56dbad80987c93fea98/screenshot'
10:53:06.864 [Forwarding screenshot on session 6ebb8a055041d56dbad80987c93fea98 to remote] DEBUG org.asynchttpclient.netty.request.NettyRequestSender - Using open Channel [id: 0x0eb08554, L:/127.0.0.1:58597 - R:localhost/127.0.0.1:11490] for GET '/session/6ebb8a055041d56dbad80987c93fea98/screenshot'
10:53:07.003 [AsyncHttpClient-1-9] DEBUG org.asynchttpclient.netty.handler.HttpHandler - 

Request DefaultFullHttpRequest(decodeResult: success, version: HTTP/1.1, content: EmptyByteBufBE)
GET /session/6ebb8a055041d56dbad80987c93fea98/screenshot HTTP/1.1
User-Agent: selenium/4.8.1 (java windows)
Cache-Control: no-cache
Content-Type: application/json; charset=utf-8
host: localhost:11490
accept: */*

Response DefaultHttpResponse(decodeResult: success, version: HTTP/1.1)
HTTP/1.1 200 OK
Content-Length: 24984
Content-Type: application/json; charset=utf-8
cache-control: no-cache

10:53:07.004 [AsyncHttpClient-1-9] DEBUG org.asynchttpclient.netty.channel.ChannelManager - Adding key: http://localhost:11490 for channel [id: 0x0eb08554, L:/127.0.0.1:58597 - R:localhost/127.0.0.1:11490]
10:53:07.005 [main] DEBUG net.serenitybdd.core.photography.Darkroom - Send negative for processing for target\site\serenity\5279a2677f51cd42d80df4d0bf105786ca0efdec9c31dd310d9911ecf03761b4.png
10:53:07.007 [Forwarding getPageSource on session 6ebb8a055041d56dbad80987c93fea98 to remote] DEBUG org.asynchttpclient.netty.request.NettyRequestSender - Using pooled Channel '[id: 0x0eb08554, L:/127.0.0.1:58597 - R:localhost/127.0.0.1:11490]' for 'POST' to 'http://localhost:11490/session/6ebb8a055041d56dbad80987c93fea98/execute/sync'
10:53:07.007 [Forwarding getPageSource on session 6ebb8a055041d56dbad80987c93fea98 to remote] DEBUG org.asynchttpclient.netty.request.NettyRequestSender - Using open Channel [id: 0x0eb08554, L:/127.0.0.1:58597 - R:localhost/127.0.0.1:11490] for POST '/session/6ebb8a055041d56dbad80987c93fea98/execute/sync'
10:53:07.015 [AsyncHttpClient-1-9] DEBUG org.asynchttpclient.netty.handler.HttpHandler - 

Request DefaultHttpRequest(decodeResult: success, version: HTTP/1.1)
POST /session/6ebb8a055041d56dbad80987c93fea98/execute/sync HTTP/1.1
User-Agent: selenium/4.8.1 (java windows)
Content-Length: 176
Content-Type: application/json; charset=utf-8
host: localhost:11490
accept: */*

Response DefaultHttpResponse(decodeResult: success, version: HTTP/1.1)
HTTP/1.1 200 OK
Content-Length: 21742
Content-Type: application/json; charset=utf-8
cache-control: no-cache

10:53:07.015 [AsyncHttpClient-1-9] DEBUG org.asynchttpclient.netty.channel.ChannelManager - Adding key: http://localhost:11490 for channel [id: 0x0eb08554, L:/127.0.0.1:58597 - R:localhost/127.0.0.1:11490]
10:53:07.018 [Forwarding getCurrentUrl on session 6ebb8a055041d56dbad80987c93fea98 to remote] DEBUG org.asynchttpclient.netty.request.NettyRequestSender - Using pooled Channel '[id: 0x0eb08554, L:/127.0.0.1:58597 - R:localhost/127.0.0.1:11490]' for 'GET' to 'http://localhost:11490/session/6ebb8a055041d56dbad80987c93fea98/url'
10:53:07.018 [Forwarding getCurrentUrl on session 6ebb8a055041d56dbad80987c93fea98 to remote] DEBUG org.asynchttpclient.netty.request.NettyRequestSender - Using open Channel [id: 0x0eb08554, L:/127.0.0.1:58597 - R:localhost/127.0.0.1:11490] for GET '/session/6ebb8a055041d56dbad80987c93fea98/url'
10:53:07.022 [AsyncHttpClient-1-9] DEBUG org.asynchttpclient.netty.handler.HttpHandler - 

Request DefaultFullHttpRequest(decodeResult: success, version: HTTP/1.1, content: EmptyByteBufBE)
GET /session/6ebb8a055041d56dbad80987c93fea98/url HTTP/1.1
User-Agent: selenium/4.8.1 (java windows)
Cache-Control: no-cache
Content-Type: application/json; charset=utf-8
host: localhost:11490
accept: */*

Response DefaultHttpResponse(decodeResult: success, version: HTTP/1.1)
HTTP/1.1 200 OK
Content-Length: 51
Content-Type: application/json; charset=utf-8
cache-control: no-cache

10:53:07.023 [AsyncHttpClient-1-9] DEBUG org.asynchttpclient.netty.channel.ChannelManager - Adding key: http://localhost:11490 for channel [id: 0x0eb08554, L:/127.0.0.1:58597 - R:localhost/127.0.0.1:11490]
10:53:07.025 [main] DEBUG net.thucydides.core.steps.StepInterceptor - STARTING STEP: IntegrationSteps.userLogintoWeb - inputEmail
10:53:07.029 [Forwarding findElement on session 6ebb8a055041d56dbad80987c93fea98 to remote] DEBUG org.asynchttpclient.netty.request.NettyRequestSender - Using pooled Channel '[id: 0x0eb08554, L:/127.0.0.1:58597 - R:localhost/127.0.0.1:11490]' for 'POST' to 'http://localhost:11490/session/6ebb8a055041d56dbad80987c93fea98/element'
10:53:07.029 [Forwarding findElement on session 6ebb8a055041d56dbad80987c93fea98 to remote] DEBUG org.asynchttpclient.netty.request.NettyRequestSender - Using open Channel [id: 0x0eb08554, L:/127.0.0.1:58597 - R:localhost/127.0.0.1:11490] for POST '/session/6ebb8a055041d56dbad80987c93fea98/element'
10:53:07.045 [AsyncHttpClient-1-9] DEBUG org.asynchttpclient.netty.handler.HttpHandler - 

Request DefaultHttpRequest(decodeResult: success, version: HTTP/1.1)
POST /session/6ebb8a055041d56dbad80987c93fea98/element HTTP/1.1
User-Agent: selenium/4.8.1 (java windows)
Content-Length: 55
Content-Type: application/json; charset=utf-8
host: localhost:11490
accept: */*

Response DefaultHttpResponse(decodeResult: success, version: HTTP/1.1)
HTTP/1.1 200 OK
Content-Length: 88
Content-Type: application/json; charset=utf-8
cache-control: no-cache

10:53:07.046 [AsyncHttpClient-1-9] DEBUG org.asynchttpclient.netty.channel.ChannelManager - Adding key: http://localhost:11490 for channel [id: 0x0eb08554, L:/127.0.0.1:58597 - R:localhost/127.0.0.1:11490]
10:53:07.047 [Forwarding clearElement on session 6ebb8a055041d56dbad80987c93fea98 to remote] DEBUG org.asynchttpclient.netty.request.NettyRequestSender - Using pooled Channel '[id: 0x0eb08554, L:/127.0.0.1:58597 - R:localhost/127.0.0.1:11490]' for 'POST' to 'http://localhost:11490/session/6ebb8a055041d56dbad80987c93fea98/element/2bb3db7e-5983-4b83-ba8c-0ee1b3e2d4b1/clear'
10:53:07.047 [Forwarding clearElement on session 6ebb8a055041d56dbad80987c93fea98 to remote] DEBUG org.asynchttpclient.netty.request.NettyRequestSender - Using open Channel [id: 0x0eb08554, L:/127.0.0.1:58597 - R:localhost/127.0.0.1:11490] for POST '/session/6ebb8a055041d56dbad80987c93fea98/element/2bb3db7e-5983-4b83-ba8c-0ee1b3e2d4b1/clear'
10:53:07.097 [AsyncHttpClient-1-9] DEBUG org.asynchttpclient.netty.handler.HttpHandler - 

Request DefaultHttpRequest(decodeResult: success, version: HTTP/1.1)
POST /session/6ebb8a055041d56dbad80987c93fea98/element/2bb3db7e-5983-4b83-ba8c-0ee1b3e2d4b1/clear HTTP/1.1
User-Agent: selenium/4.8.1 (java windows)
Content-Length: 50
Content-Type: application/json; charset=utf-8
host: localhost:11490
accept: */*

Response DefaultHttpResponse(decodeResult: success, version: HTTP/1.1)
HTTP/1.1 200 OK
Content-Length: 14
Content-Type: application/json; charset=utf-8
cache-control: no-cache

10:53:07.097 [AsyncHttpClient-1-9] DEBUG org.asynchttpclient.netty.channel.ChannelManager - Adding key: http://localhost:11490 for channel [id: 0x0eb08554, L:/127.0.0.1:58597 - R:localhost/127.0.0.1:11490]
10:53:07.100 [Forwarding sendKeysToElement on session 6ebb8a055041d56dbad80987c93fea98 to remote] DEBUG org.asynchttpclient.netty.request.NettyRequestSender - Using pooled Channel '[id: 0x0eb08554, L:/127.0.0.1:58597 - R:localhost/127.0.0.1:11490]' for 'POST' to 'http://localhost:11490/session/6ebb8a055041d56dbad80987c93fea98/element/2bb3db7e-5983-4b83-ba8c-0ee1b3e2d4b1/value'
10:53:07.100 [Forwarding sendKeysToElement on session 6ebb8a055041d56dbad80987c93fea98 to remote] DEBUG org.asynchttpclient.netty.request.NettyRequestSender - Using open Channel [id: 0x0eb08554, L:/127.0.0.1:58597 - R:localhost/127.0.0.1:11490] for POST '/session/6ebb8a055041d56dbad80987c93fea98/element/2bb3db7e-5983-4b83-ba8c-0ee1b3e2d4b1/value'
10:53:07.242 [AsyncHttpClient-1-9] DEBUG org.asynchttpclient.netty.handler.HttpHandler - 

Request DefaultHttpRequest(decodeResult: success, version: HTTP/1.1)
POST /session/6ebb8a055041d56dbad80987c93fea98/element/2bb3db7e-5983-4b83-ba8c-0ee1b3e2d4b1/value HTTP/1.1
User-Agent: selenium/4.8.1 (java windows)
Content-Length: 201
Content-Type: application/json; charset=utf-8
host: localhost:11490
accept: */*

Response DefaultHttpResponse(decodeResult: success, version: HTTP/1.1)
HTTP/1.1 200 OK
Content-Length: 14
Content-Type: application/json; charset=utf-8
cache-control: no-cache

10:53:07.242 [AsyncHttpClient-1-9] DEBUG org.asynchttpclient.netty.channel.ChannelManager - Adding key: http://localhost:11490 for channel [id: 0x0eb08554, L:/127.0.0.1:58597 - R:localhost/127.0.0.1:11490]
10:53:07.255 [Forwarding getAlertText on session 6ebb8a055041d56dbad80987c93fea98 to remote] DEBUG org.asynchttpclient.netty.request.NettyRequestSender - Using pooled Channel '[id: 0x0eb08554, L:/127.0.0.1:58597 - R:localhost/127.0.0.1:11490]' for 'GET' to 'http://localhost:11490/session/6ebb8a055041d56dbad80987c93fea98/alert/text'
10:53:07.255 [Forwarding getAlertText on session 6ebb8a055041d56dbad80987c93fea98 to remote] DEBUG org.asynchttpclient.netty.request.NettyRequestSender - Using open Channel [id: 0x0eb08554, L:/127.0.0.1:58597 - R:localhost/127.0.0.1:11490] for GET '/session/6ebb8a055041d56dbad80987c93fea98/alert/text'
10:53:07.256 [AsyncHttpClient-1-9] DEBUG org.asynchttpclient.netty.handler.HttpHandler - 

Request DefaultFullHttpRequest(decodeResult: success, version: HTTP/1.1, content: EmptyByteBufBE)
GET /session/6ebb8a055041d56dbad80987c93fea98/alert/text HTTP/1.1
User-Agent: selenium/4.8.1 (java windows)
Cache-Control: no-cache
Content-Type: application/json; charset=utf-8
host: localhost:11490
accept: */*

Response DefaultHttpResponse(decodeResult: success, version: HTTP/1.1)
HTTP/1.1 404 Not Found
Content-Length: 848
Content-Type: application/json; charset=utf-8
cache-control: no-cache

10:53:07.256 [AsyncHttpClient-1-9] DEBUG org.asynchttpclient.netty.channel.ChannelManager - Adding key: http://localhost:11490 for channel [id: 0x0eb08554, L:/127.0.0.1:58597 - R:localhost/127.0.0.1:11490]
10:53:07.257 [Forwarding getCurrentUrl on session 6ebb8a055041d56dbad80987c93fea98 to remote] DEBUG org.asynchttpclient.netty.request.NettyRequestSender - Using pooled Channel '[id: 0x0eb08554, L:/127.0.0.1:58597 - R:localhost/127.0.0.1:11490]' for 'GET' to 'http://localhost:11490/session/6ebb8a055041d56dbad80987c93fea98/url'
10:53:07.258 [Forwarding getCurrentUrl on session 6ebb8a055041d56dbad80987c93fea98 to remote] DEBUG org.asynchttpclient.netty.request.NettyRequestSender - Using open Channel [id: 0x0eb08554, L:/127.0.0.1:58597 - R:localhost/127.0.0.1:11490] for GET '/session/6ebb8a055041d56dbad80987c93fea98/url'
10:53:07.262 [AsyncHttpClient-1-9] DEBUG org.asynchttpclient.netty.handler.HttpHandler - 

Request DefaultFullHttpRequest(decodeResult: success, version: HTTP/1.1, content: EmptyByteBufBE)
GET /session/6ebb8a055041d56dbad80987c93fea98/url HTTP/1.1
User-Agent: selenium/4.8.1 (java windows)
Cache-Control: no-cache
Content-Type: application/json; charset=utf-8
host: localhost:11490
accept: */*

Response DefaultHttpResponse(decodeResult: success, version: HTTP/1.1)
HTTP/1.1 200 OK
Content-Length: 51
Content-Type: application/json; charset=utf-8
cache-control: no-cache

10:53:07.262 [AsyncHttpClient-1-9] DEBUG org.asynchttpclient.netty.channel.ChannelManager - Adding key: http://localhost:11490 for channel [id: 0x0eb08554, L:/127.0.0.1:58597 - R:localhost/127.0.0.1:11490]
10:53:07.262 [Forwarding screenshot on session 6ebb8a055041d56dbad80987c93fea98 to remote] DEBUG org.asynchttpclient.netty.request.NettyRequestSender - Using pooled Channel '[id: 0x0eb08554, L:/127.0.0.1:58597 - R:localhost/127.0.0.1:11490]' for 'GET' to 'http://localhost:11490/session/6ebb8a055041d56dbad80987c93fea98/screenshot'
10:53:07.262 [Forwarding screenshot on session 6ebb8a055041d56dbad80987c93fea98 to remote] DEBUG org.asynchttpclient.netty.request.NettyRequestSender - Using open Channel [id: 0x0eb08554, L:/127.0.0.1:58597 - R:localhost/127.0.0.1:11490] for GET '/session/6ebb8a055041d56dbad80987c93fea98/screenshot'
10:53:07.440 [AsyncHttpClient-1-9] DEBUG org.asynchttpclient.netty.handler.HttpHandler - 

Request DefaultFullHttpRequest(decodeResult: success, version: HTTP/1.1, content: EmptyByteBufBE)
GET /session/6ebb8a055041d56dbad80987c93fea98/screenshot HTTP/1.1
User-Agent: selenium/4.8.1 (java windows)
Cache-Control: no-cache
Content-Type: application/json; charset=utf-8
host: localhost:11490
accept: */*

Response DefaultHttpResponse(decodeResult: success, version: HTTP/1.1)
HTTP/1.1 200 OK
Content-Length: 28400
Content-Type: application/json; charset=utf-8
cache-control: no-cache

10:53:07.441 [AsyncHttpClient-1-9] DEBUG org.asynchttpclient.netty.channel.ChannelManager - Adding key: http://localhost:11490 for channel [id: 0x0eb08554, L:/127.0.0.1:58597 - R:localhost/127.0.0.1:11490]
10:53:07.443 [main] DEBUG net.serenitybdd.core.photography.Darkroom - Send negative for processing for target\site\serenity\9cc18accb51c7728fdfb5aed9512544baf340fd58dbcc88acbc59ecbf10a2785.png
10:53:07.443 [main] DEBUG net.thucydides.core.steps.StepInterceptor - STEP DONE: inputEmail
10:53:07.443 [Darkroom Processing Line] DEBUG net.serenitybdd.core.photography.DarkroomProcessingLine - Processing screenshot image in /var/screenshots/screenshot-5043644295633873883
10:53:07.443 [Darkroom Processing Line] DEBUG net.serenitybdd.core.photography.DarkroomProcessingLine - Saving screenshot to target\site\serenity\9cc18accb51c7728fdfb5aed9512544baf340fd58dbcc88acbc59ecbf10a2785.png
10:53:07.456 [Forwarding getPageSource on session 6ebb8a055041d56dbad80987c93fea98 to remote] DEBUG org.asynchttpclient.netty.request.NettyRequestSender - Using pooled Channel '[id: 0x0eb08554, L:/127.0.0.1:58597 - R:localhost/127.0.0.1:11490]' for 'POST' to 'http://localhost:11490/session/6ebb8a055041d56dbad80987c93fea98/execute/sync'
10:53:07.456 [Forwarding getPageSource on session 6ebb8a055041d56dbad80987c93fea98 to remote] DEBUG org.asynchttpclient.netty.request.NettyRequestSender - Using open Channel [id: 0x0eb08554, L:/127.0.0.1:58597 - R:localhost/127.0.0.1:11490] for POST '/session/6ebb8a055041d56dbad80987c93fea98/execute/sync'
10:53:07.465 [AsyncHttpClient-1-9] DEBUG org.asynchttpclient.netty.handler.HttpHandler - 

Request DefaultHttpRequest(decodeResult: success, version: HTTP/1.1)
POST /session/6ebb8a055041d56dbad80987c93fea98/execute/sync HTTP/1.1
User-Agent: selenium/4.8.1 (java windows)
Content-Length: 176
Content-Type: application/json; charset=utf-8
host: localhost:11490
accept: */*

Response DefaultHttpResponse(decodeResult: success, version: HTTP/1.1)
HTTP/1.1 200 OK
Content-Length: 21863
Content-Type: application/json; charset=utf-8
cache-control: no-cache

10:53:07.465 [AsyncHttpClient-1-9] DEBUG org.asynchttpclient.netty.channel.ChannelManager - Adding key: http://localhost:11490 for channel [id: 0x0eb08554, L:/127.0.0.1:58597 - R:localhost/127.0.0.1:11490]
10:53:07.468 [Forwarding getCurrentUrl on session 6ebb8a055041d56dbad80987c93fea98 to remote] DEBUG org.asynchttpclient.netty.request.NettyRequestSender - Using pooled Channel '[id: 0x0eb08554, L:/127.0.0.1:58597 - R:localhost/127.0.0.1:11490]' for 'GET' to 'http://localhost:11490/session/6ebb8a055041d56dbad80987c93fea98/url'
10:53:07.468 [Forwarding getCurrentUrl on session 6ebb8a055041d56dbad80987c93fea98 to remote] DEBUG org.asynchttpclient.netty.request.NettyRequestSender - Using open Channel [id: 0x0eb08554, L:/127.0.0.1:58597 - R:localhost/127.0.0.1:11490] for GET '/session/6ebb8a055041d56dbad80987c93fea98/url'
10:53:07.472 [AsyncHttpClient-1-9] DEBUG org.asynchttpclient.netty.handler.HttpHandler - 

Request DefaultFullHttpRequest(decodeResult: success, version: HTTP/1.1, content: EmptyByteBufBE)
GET /session/6ebb8a055041d56dbad80987c93fea98/url HTTP/1.1
User-Agent: selenium/4.8.1 (java windows)
Cache-Control: no-cache
Content-Type: application/json; charset=utf-8
host: localhost:11490
accept: */*

Response DefaultHttpResponse(decodeResult: success, version: HTTP/1.1)
HTTP/1.1 200 OK
Content-Length: 51
Content-Type: application/json; charset=utf-8
cache-control: no-cache

10:53:07.472 [AsyncHttpClient-1-9] DEBUG org.asynchttpclient.netty.channel.ChannelManager - Adding key: http://localhost:11490 for channel [id: 0x0eb08554, L:/127.0.0.1:58597 - R:localhost/127.0.0.1:11490]
10:53:07.474 [main] DEBUG net.thucydides.core.steps.StepInterceptor - STARTING STEP: IntegrationSteps.userLogintoWeb - inputPassword
10:53:07.479 [Forwarding findElement on session 6ebb8a055041d56dbad80987c93fea98 to remote] DEBUG org.asynchttpclient.netty.request.NettyRequestSender - Using pooled Channel '[id: 0x0eb08554, L:/127.0.0.1:58597 - R:localhost/127.0.0.1:11490]' for 'POST' to 'http://localhost:11490/session/6ebb8a055041d56dbad80987c93fea98/element'
10:53:07.479 [Forwarding findElement on session 6ebb8a055041d56dbad80987c93fea98 to remote] DEBUG org.asynchttpclient.netty.request.NettyRequestSender - Using open Channel [id: 0x0eb08554, L:/127.0.0.1:58597 - R:localhost/127.0.0.1:11490] for POST '/session/6ebb8a055041d56dbad80987c93fea98/element'
10:53:07.498 [AsyncHttpClient-1-9] DEBUG org.asynchttpclient.netty.handler.HttpHandler - 

Request DefaultHttpRequest(decodeResult: success, version: HTTP/1.1)
POST /session/6ebb8a055041d56dbad80987c93fea98/element HTTP/1.1
User-Agent: selenium/4.8.1 (java windows)
Content-Length: 55
Content-Type: application/json; charset=utf-8
host: localhost:11490
accept: */*

Response DefaultHttpResponse(decodeResult: success, version: HTTP/1.1)
HTTP/1.1 200 OK
Content-Length: 88
Content-Type: application/json; charset=utf-8
cache-control: no-cache

10:53:07.498 [AsyncHttpClient-1-9] DEBUG org.asynchttpclient.netty.channel.ChannelManager - Adding key: http://localhost:11490 for channel [id: 0x0eb08554, L:/127.0.0.1:58597 - R:localhost/127.0.0.1:11490]
10:53:07.499 [Forwarding clearElement on session 6ebb8a055041d56dbad80987c93fea98 to remote] DEBUG org.asynchttpclient.netty.request.NettyRequestSender - Using pooled Channel '[id: 0x0eb08554, L:/127.0.0.1:58597 - R:localhost/127.0.0.1:11490]' for 'POST' to 'http://localhost:11490/session/6ebb8a055041d56dbad80987c93fea98/element/95de441d-9f44-462b-8b01-bd3cde9ea577/clear'
10:53:07.499 [Forwarding clearElement on session 6ebb8a055041d56dbad80987c93fea98 to remote] DEBUG org.asynchttpclient.netty.request.NettyRequestSender - Using open Channel [id: 0x0eb08554, L:/127.0.0.1:58597 - R:localhost/127.0.0.1:11490] for POST '/session/6ebb8a055041d56dbad80987c93fea98/element/95de441d-9f44-462b-8b01-bd3cde9ea577/clear'
10:53:07.552 [AsyncHttpClient-1-9] DEBUG org.asynchttpclient.netty.handler.HttpHandler - 

Request DefaultHttpRequest(decodeResult: success, version: HTTP/1.1)
POST /session/6ebb8a055041d56dbad80987c93fea98/element/95de441d-9f44-462b-8b01-bd3cde9ea577/clear HTTP/1.1
User-Agent: selenium/4.8.1 (java windows)
Content-Length: 50
Content-Type: application/json; charset=utf-8
host: localhost:11490
accept: */*

Response DefaultHttpResponse(decodeResult: success, version: HTTP/1.1)
HTTP/1.1 200 OK
Content-Length: 14
Content-Type: application/json; charset=utf-8
cache-control: no-cache

10:53:07.552 [AsyncHttpClient-1-9] DEBUG org.asynchttpclient.netty.channel.ChannelManager - Adding key: http://localhost:11490 for channel [id: 0x0eb08554, L:/127.0.0.1:58597 - R:localhost/127.0.0.1:11490]
10:53:07.554 [Forwarding sendKeysToElement on session 6ebb8a055041d56dbad80987c93fea98 to remote] DEBUG org.asynchttpclient.netty.request.NettyRequestSender - Using pooled Channel '[id: 0x0eb08554, L:/127.0.0.1:58597 - R:localhost/127.0.0.1:11490]' for 'POST' to 'http://localhost:11490/session/6ebb8a055041d56dbad80987c93fea98/element/95de441d-9f44-462b-8b01-bd3cde9ea577/value'
10:53:07.554 [Forwarding sendKeysToElement on session 6ebb8a055041d56dbad80987c93fea98 to remote] DEBUG org.asynchttpclient.netty.request.NettyRequestSender - Using open Channel [id: 0x0eb08554, L:/127.0.0.1:58597 - R:localhost/127.0.0.1:11490] for POST '/session/6ebb8a055041d56dbad80987c93fea98/element/95de441d-9f44-462b-8b01-bd3cde9ea577/value'
10:53:07.747 [AsyncHttpClient-1-1] DEBUG org.asynchttpclient.netty.channel.DefaultChannelPool - Entry count for : http://localhost:58598 : 1
10:53:07.758 [AsyncHttpClient-1-9] DEBUG org.asynchttpclient.netty.handler.HttpHandler - 

Request DefaultHttpRequest(decodeResult: success, version: HTTP/1.1)
POST /session/6ebb8a055041d56dbad80987c93fea98/element/95de441d-9f44-462b-8b01-bd3cde9ea577/value HTTP/1.1
User-Agent: selenium/4.8.1 (java windows)
Content-Length: 141
Content-Type: application/json; charset=utf-8
host: localhost:11490
accept: */*

Response DefaultHttpResponse(decodeResult: success, version: HTTP/1.1)
HTTP/1.1 200 OK
Content-Length: 14
Content-Type: application/json; charset=utf-8
cache-control: no-cache

10:53:07.759 [AsyncHttpClient-1-9] DEBUG org.asynchttpclient.netty.channel.ChannelManager - Adding key: http://localhost:11490 for channel [id: 0x0eb08554, L:/127.0.0.1:58597 - R:localhost/127.0.0.1:11490]
10:53:07.778 [Forwarding getAlertText on session 6ebb8a055041d56dbad80987c93fea98 to remote] DEBUG org.asynchttpclient.netty.request.NettyRequestSender - Using pooled Channel '[id: 0x0eb08554, L:/127.0.0.1:58597 - R:localhost/127.0.0.1:11490]' for 'GET' to 'http://localhost:11490/session/6ebb8a055041d56dbad80987c93fea98/alert/text'
10:53:07.778 [Forwarding getAlertText on session 6ebb8a055041d56dbad80987c93fea98 to remote] DEBUG org.asynchttpclient.netty.request.NettyRequestSender - Using open Channel [id: 0x0eb08554, L:/127.0.0.1:58597 - R:localhost/127.0.0.1:11490] for GET '/session/6ebb8a055041d56dbad80987c93fea98/alert/text'
10:53:07.786 [AsyncHttpClient-1-9] DEBUG org.asynchttpclient.netty.handler.HttpHandler - 

Request DefaultFullHttpRequest(decodeResult: success, version: HTTP/1.1, content: EmptyByteBufBE)
GET /session/6ebb8a055041d56dbad80987c93fea98/alert/text HTTP/1.1
User-Agent: selenium/4.8.1 (java windows)
Cache-Control: no-cache
Content-Type: application/json; charset=utf-8
host: localhost:11490
accept: */*

Response DefaultHttpResponse(decodeResult: success, version: HTTP/1.1)
HTTP/1.1 404 Not Found
Content-Length: 848
Content-Type: application/json; charset=utf-8
cache-control: no-cache

10:53:07.786 [AsyncHttpClient-1-9] DEBUG org.asynchttpclient.netty.channel.ChannelManager - Adding key: http://localhost:11490 for channel [id: 0x0eb08554, L:/127.0.0.1:58597 - R:localhost/127.0.0.1:11490]
10:53:07.787 [Forwarding getCurrentUrl on session 6ebb8a055041d56dbad80987c93fea98 to remote] DEBUG org.asynchttpclient.netty.request.NettyRequestSender - Using pooled Channel '[id: 0x0eb08554, L:/127.0.0.1:58597 - R:localhost/127.0.0.1:11490]' for 'GET' to 'http://localhost:11490/session/6ebb8a055041d56dbad80987c93fea98/url'
10:53:07.787 [Forwarding getCurrentUrl on session 6ebb8a055041d56dbad80987c93fea98 to remote] DEBUG org.asynchttpclient.netty.request.NettyRequestSender - Using open Channel [id: 0x0eb08554, L:/127.0.0.1:58597 - R:localhost/127.0.0.1:11490] for GET '/session/6ebb8a055041d56dbad80987c93fea98/url'
10:53:07.797 [AsyncHttpClient-1-9] DEBUG org.asynchttpclient.netty.handler.HttpHandler - 

Request DefaultFullHttpRequest(decodeResult: success, version: HTTP/1.1, content: EmptyByteBufBE)
GET /session/6ebb8a055041d56dbad80987c93fea98/url HTTP/1.1
User-Agent: selenium/4.8.1 (java windows)
Cache-Control: no-cache
Content-Type: application/json; charset=utf-8
host: localhost:11490
accept: */*

Response DefaultHttpResponse(decodeResult: success, version: HTTP/1.1)
HTTP/1.1 200 OK
Content-Length: 51
Content-Type: application/json; charset=utf-8
cache-control: no-cache

10:53:07.797 [AsyncHttpClient-1-9] DEBUG org.asynchttpclient.netty.channel.ChannelManager - Adding key: http://localhost:11490 for channel [id: 0x0eb08554, L:/127.0.0.1:58597 - R:localhost/127.0.0.1:11490]
10:53:07.798 [Forwarding screenshot on session 6ebb8a055041d56dbad80987c93fea98 to remote] DEBUG org.asynchttpclient.netty.request.NettyRequestSender - Using pooled Channel '[id: 0x0eb08554, L:/127.0.0.1:58597 - R:localhost/127.0.0.1:11490]' for 'GET' to 'http://localhost:11490/session/6ebb8a055041d56dbad80987c93fea98/screenshot'
10:53:07.798 [Forwarding screenshot on session 6ebb8a055041d56dbad80987c93fea98 to remote] DEBUG org.asynchttpclient.netty.request.NettyRequestSender - Using open Channel [id: 0x0eb08554, L:/127.0.0.1:58597 - R:localhost/127.0.0.1:11490] for GET '/session/6ebb8a055041d56dbad80987c93fea98/screenshot'
10:53:08.009 [AsyncHttpClient-1-9] DEBUG org.asynchttpclient.netty.handler.HttpHandler - 

Request DefaultFullHttpRequest(decodeResult: success, version: HTTP/1.1, content: EmptyByteBufBE)
GET /session/6ebb8a055041d56dbad80987c93fea98/screenshot HTTP/1.1
User-Agent: selenium/4.8.1 (java windows)
Cache-Control: no-cache
Content-Type: application/json; charset=utf-8
host: localhost:11490
accept: */*

Response DefaultHttpResponse(decodeResult: success, version: HTTP/1.1)
HTTP/1.1 200 OK
Content-Length: 28832
Content-Type: application/json; charset=utf-8
cache-control: no-cache

10:53:08.009 [AsyncHttpClient-1-9] DEBUG org.asynchttpclient.netty.channel.ChannelManager - Adding key: http://localhost:11490 for channel [id: 0x0eb08554, L:/127.0.0.1:58597 - R:localhost/127.0.0.1:11490]
10:53:08.012 [main] DEBUG net.serenitybdd.core.photography.Darkroom - Send negative for processing for target\site\serenity\3ffc1914b95c39b48b60f72f7b2eecb313e7870af47b1d7ddfabb8757c185544.png
10:53:08.012 [main] DEBUG net.thucydides.core.steps.StepInterceptor - STEP DONE: inputPassword
10:53:08.012 [Darkroom Processing Line] DEBUG net.serenitybdd.core.photography.DarkroomProcessingLine - Processing screenshot image in /var/screenshots/screenshot-6479303145898540591
10:53:08.012 [Darkroom Processing Line] DEBUG net.serenitybdd.core.photography.DarkroomProcessingLine - Saving screenshot to target\site\serenity\3ffc1914b95c39b48b60f72f7b2eecb313e7870af47b1d7ddfabb8757c185544.png
10:53:08.024 [Forwarding getPageSource on session 6ebb8a055041d56dbad80987c93fea98 to remote] DEBUG org.asynchttpclient.netty.request.NettyRequestSender - Using pooled Channel '[id: 0x0eb08554, L:/127.0.0.1:58597 - R:localhost/127.0.0.1:11490]' for 'POST' to 'http://localhost:11490/session/6ebb8a055041d56dbad80987c93fea98/execute/sync'
10:53:08.024 [Forwarding getPageSource on session 6ebb8a055041d56dbad80987c93fea98 to remote] DEBUG org.asynchttpclient.netty.request.NettyRequestSender - Using open Channel [id: 0x0eb08554, L:/127.0.0.1:58597 - R:localhost/127.0.0.1:11490] for POST '/session/6ebb8a055041d56dbad80987c93fea98/execute/sync'
10:53:08.032 [AsyncHttpClient-1-9] DEBUG org.asynchttpclient.netty.handler.HttpHandler - 

Request DefaultHttpRequest(decodeResult: success, version: HTTP/1.1)
POST /session/6ebb8a055041d56dbad80987c93fea98/execute/sync HTTP/1.1
User-Agent: selenium/4.8.1 (java windows)
Content-Length: 176
Content-Type: application/json; charset=utf-8
host: localhost:11490
accept: */*

Response DefaultHttpResponse(decodeResult: success, version: HTTP/1.1)
HTTP/1.1 200 OK
Content-Length: 21922
Content-Type: application/json; charset=utf-8
cache-control: no-cache

10:53:08.032 [AsyncHttpClient-1-9] DEBUG org.asynchttpclient.netty.channel.ChannelManager - Adding key: http://localhost:11490 for channel [id: 0x0eb08554, L:/127.0.0.1:58597 - R:localhost/127.0.0.1:11490]
10:53:08.035 [Forwarding getCurrentUrl on session 6ebb8a055041d56dbad80987c93fea98 to remote] DEBUG org.asynchttpclient.netty.request.NettyRequestSender - Using pooled Channel '[id: 0x0eb08554, L:/127.0.0.1:58597 - R:localhost/127.0.0.1:11490]' for 'GET' to 'http://localhost:11490/session/6ebb8a055041d56dbad80987c93fea98/url'
10:53:08.035 [Forwarding getCurrentUrl on session 6ebb8a055041d56dbad80987c93fea98 to remote] DEBUG org.asynchttpclient.netty.request.NettyRequestSender - Using open Channel [id: 0x0eb08554, L:/127.0.0.1:58597 - R:localhost/127.0.0.1:11490] for GET '/session/6ebb8a055041d56dbad80987c93fea98/url'
10:53:08.039 [AsyncHttpClient-1-9] DEBUG org.asynchttpclient.netty.handler.HttpHandler - 

Request DefaultFullHttpRequest(decodeResult: success, version: HTTP/1.1, content: EmptyByteBufBE)
GET /session/6ebb8a055041d56dbad80987c93fea98/url HTTP/1.1
User-Agent: selenium/4.8.1 (java windows)
Cache-Control: no-cache
Content-Type: application/json; charset=utf-8
host: localhost:11490
accept: */*

Response DefaultHttpResponse(decodeResult: success, version: HTTP/1.1)
HTTP/1.1 200 OK
Content-Length: 51
Content-Type: application/json; charset=utf-8
cache-control: no-cache

10:53:08.039 [AsyncHttpClient-1-9] DEBUG org.asynchttpclient.netty.channel.ChannelManager - Adding key: http://localhost:11490 for channel [id: 0x0eb08554, L:/127.0.0.1:58597 - R:localhost/127.0.0.1:11490]
10:53:08.041 [main] DEBUG net.thucydides.core.steps.StepInterceptor - STARTING STEP: IntegrationSteps.userLogintoWeb - ClickLoginButton
10:53:08.045 [Forwarding setTimeout on session 6ebb8a055041d56dbad80987c93fea98 to remote] DEBUG org.asynchttpclient.netty.request.NettyRequestSender - Using pooled Channel '[id: 0x0eb08554, L:/127.0.0.1:58597 - R:localhost/127.0.0.1:11490]' for 'POST' to 'http://localhost:11490/session/6ebb8a055041d56dbad80987c93fea98/timeouts'
10:53:08.045 [Forwarding setTimeout on session 6ebb8a055041d56dbad80987c93fea98 to remote] DEBUG org.asynchttpclient.netty.request.NettyRequestSender - Using open Channel [id: 0x0eb08554, L:/127.0.0.1:58597 - R:localhost/127.0.0.1:11490] for POST '/session/6ebb8a055041d56dbad80987c93fea98/timeouts'
10:53:08.046 [AsyncHttpClient-1-9] DEBUG org.asynchttpclient.netty.handler.HttpHandler - 

Request DefaultHttpRequest(decodeResult: success, version: HTTP/1.1)
POST /session/6ebb8a055041d56dbad80987c93fea98/timeouts HTTP/1.1
User-Agent: selenium/4.8.1 (java windows)
Content-Length: 19
Content-Type: application/json; charset=utf-8
host: localhost:11490
accept: */*

Response DefaultHttpResponse(decodeResult: success, version: HTTP/1.1)
HTTP/1.1 200 OK
Content-Length: 14
Content-Type: application/json; charset=utf-8
cache-control: no-cache

10:53:08.046 [AsyncHttpClient-1-9] DEBUG org.asynchttpclient.netty.channel.ChannelManager - Adding key: http://localhost:11490 for channel [id: 0x0eb08554, L:/127.0.0.1:58597 - R:localhost/127.0.0.1:11490]
10:53:08.050 [Forwarding findElements on session 6ebb8a055041d56dbad80987c93fea98 to remote] DEBUG org.asynchttpclient.netty.request.NettyRequestSender - Using pooled Channel '[id: 0x0eb08554, L:/127.0.0.1:58597 - R:localhost/127.0.0.1:11490]' for 'POST' to 'http://localhost:11490/session/6ebb8a055041d56dbad80987c93fea98/elements'
10:53:08.050 [Forwarding findElements on session 6ebb8a055041d56dbad80987c93fea98 to remote] DEBUG org.asynchttpclient.netty.request.NettyRequestSender - Using open Channel [id: 0x0eb08554, L:/127.0.0.1:58597 - R:localhost/127.0.0.1:11490] for POST '/session/6ebb8a055041d56dbad80987c93fea98/elements'
10:53:08.068 [AsyncHttpClient-1-9] DEBUG org.asynchttpclient.netty.handler.HttpHandler - 

Request DefaultHttpRequest(decodeResult: success, version: HTTP/1.1)
POST /session/6ebb8a055041d56dbad80987c93fea98/elements HTTP/1.1
User-Agent: selenium/4.8.1 (java windows)
Content-Length: 222
Content-Type: application/json; charset=utf-8
host: localhost:11490
accept: */*

Response DefaultHttpResponse(decodeResult: success, version: HTTP/1.1)
HTTP/1.1 200 OK
Content-Length: 90
Content-Type: application/json; charset=utf-8
cache-control: no-cache

10:53:08.069 [AsyncHttpClient-1-9] DEBUG org.asynchttpclient.netty.channel.ChannelManager - Adding key: http://localhost:11490 for channel [id: 0x0eb08554, L:/127.0.0.1:58597 - R:localhost/127.0.0.1:11490]
10:53:08.073 [Forwarding isElementDisplayed on session 6ebb8a055041d56dbad80987c93fea98 to remote] DEBUG org.asynchttpclient.netty.request.NettyRequestSender - Using pooled Channel '[id: 0x0eb08554, L:/127.0.0.1:58597 - R:localhost/127.0.0.1:11490]' for 'POST' to 'http://localhost:11490/session/6ebb8a055041d56dbad80987c93fea98/execute/sync'
10:53:08.073 [Forwarding isElementDisplayed on session 6ebb8a055041d56dbad80987c93fea98 to remote] DEBUG org.asynchttpclient.netty.request.NettyRequestSender - Using open Channel [id: 0x0eb08554, L:/127.0.0.1:58597 - R:localhost/127.0.0.1:11490] for POST '/session/6ebb8a055041d56dbad80987c93fea98/execute/sync'
10:53:08.087 [AsyncHttpClient-1-9] DEBUG org.asynchttpclient.netty.handler.HttpHandler - 

Request DefaultHttpRequest(decodeResult: success, version: HTTP/1.1)
POST /session/6ebb8a055041d56dbad80987c93fea98/execute/sync HTTP/1.1
User-Agent: selenium/4.8.1 (java windows)
Content-Length: 48807
Content-Type: application/json; charset=utf-8
host: localhost:11490
accept: */*

Response DefaultHttpResponse(decodeResult: success, version: HTTP/1.1)
HTTP/1.1 200 OK
Content-Length: 14
Content-Type: application/json; charset=utf-8
cache-control: no-cache

10:53:08.087 [AsyncHttpClient-1-9] DEBUG org.asynchttpclient.netty.channel.ChannelManager - Adding key: http://localhost:11490 for channel [id: 0x0eb08554, L:/127.0.0.1:58597 - R:localhost/127.0.0.1:11490]
10:53:08.091 [Forwarding findElements on session 6ebb8a055041d56dbad80987c93fea98 to remote] DEBUG org.asynchttpclient.netty.request.NettyRequestSender - Using pooled Channel '[id: 0x0eb08554, L:/127.0.0.1:58597 - R:localhost/127.0.0.1:11490]' for 'POST' to 'http://localhost:11490/session/6ebb8a055041d56dbad80987c93fea98/elements'
10:53:08.091 [Forwarding findElements on session 6ebb8a055041d56dbad80987c93fea98 to remote] DEBUG org.asynchttpclient.netty.request.NettyRequestSender - Using open Channel [id: 0x0eb08554, L:/127.0.0.1:58597 - R:localhost/127.0.0.1:11490] for POST '/session/6ebb8a055041d56dbad80987c93fea98/elements'
10:53:08.102 [AsyncHttpClient-1-9] DEBUG org.asynchttpclient.netty.handler.HttpHandler - 

Request DefaultHttpRequest(decodeResult: success, version: HTTP/1.1)
POST /session/6ebb8a055041d56dbad80987c93fea98/elements HTTP/1.1
User-Agent: selenium/4.8.1 (java windows)
Content-Length: 222
Content-Type: application/json; charset=utf-8
host: localhost:11490
accept: */*

Response DefaultHttpResponse(decodeResult: success, version: HTTP/1.1)
HTTP/1.1 200 OK
Content-Length: 90
Content-Type: application/json; charset=utf-8
cache-control: no-cache

10:53:08.102 [AsyncHttpClient-1-9] DEBUG org.asynchttpclient.netty.channel.ChannelManager - Adding key: http://localhost:11490 for channel [id: 0x0eb08554, L:/127.0.0.1:58597 - R:localhost/127.0.0.1:11490]
10:53:08.105 [Forwarding setTimeout on session 6ebb8a055041d56dbad80987c93fea98 to remote] DEBUG org.asynchttpclient.netty.request.NettyRequestSender - Using pooled Channel '[id: 0x0eb08554, L:/127.0.0.1:58597 - R:localhost/127.0.0.1:11490]' for 'POST' to 'http://localhost:11490/session/6ebb8a055041d56dbad80987c93fea98/timeouts'
10:53:08.105 [Forwarding setTimeout on session 6ebb8a055041d56dbad80987c93fea98 to remote] DEBUG org.asynchttpclient.netty.request.NettyRequestSender - Using open Channel [id: 0x0eb08554, L:/127.0.0.1:58597 - R:localhost/127.0.0.1:11490] for POST '/session/6ebb8a055041d56dbad80987c93fea98/timeouts'
10:53:08.105 [AsyncHttpClient-1-9] DEBUG org.asynchttpclient.netty.handler.HttpHandler - 

Request DefaultHttpRequest(decodeResult: success, version: HTTP/1.1)
POST /session/6ebb8a055041d56dbad80987c93fea98/timeouts HTTP/1.1
User-Agent: selenium/4.8.1 (java windows)
Content-Length: 22
Content-Type: application/json; charset=utf-8
host: localhost:11490
accept: */*

Response DefaultHttpResponse(decodeResult: success, version: HTTP/1.1)
HTTP/1.1 200 OK
Content-Length: 14
Content-Type: application/json; charset=utf-8
cache-control: no-cache

10:53:08.106 [AsyncHttpClient-1-9] DEBUG org.asynchttpclient.netty.channel.ChannelManager - Adding key: http://localhost:11490 for channel [id: 0x0eb08554, L:/127.0.0.1:58597 - R:localhost/127.0.0.1:11490]
10:53:08.109 [Forwarding getElementTagName on session 6ebb8a055041d56dbad80987c93fea98 to remote] DEBUG org.asynchttpclient.netty.request.NettyRequestSender - Using pooled Channel '[id: 0x0eb08554, L:/127.0.0.1:58597 - R:localhost/127.0.0.1:11490]' for 'GET' to 'http://localhost:11490/session/6ebb8a055041d56dbad80987c93fea98/element/bec03354-933b-44e9-8b5a-2eb28d9a1a36/name'
10:53:08.109 [Forwarding getElementTagName on session 6ebb8a055041d56dbad80987c93fea98 to remote] DEBUG org.asynchttpclient.netty.request.NettyRequestSender - Using open Channel [id: 0x0eb08554, L:/127.0.0.1:58597 - R:localhost/127.0.0.1:11490] for GET '/session/6ebb8a055041d56dbad80987c93fea98/element/bec03354-933b-44e9-8b5a-2eb28d9a1a36/name'
10:53:08.116 [AsyncHttpClient-1-9] DEBUG org.asynchttpclient.netty.handler.HttpHandler - 

Request DefaultFullHttpRequest(decodeResult: success, version: HTTP/1.1, content: EmptyByteBufBE)
GET /session/6ebb8a055041d56dbad80987c93fea98/element/bec03354-933b-44e9-8b5a-2eb28d9a1a36/name HTTP/1.1
User-Agent: selenium/4.8.1 (java windows)
Cache-Control: no-cache
Content-Type: application/json; charset=utf-8
host: localhost:11490
accept: */*

Response DefaultHttpResponse(decodeResult: success, version: HTTP/1.1)
HTTP/1.1 200 OK
Content-Length: 18
Content-Type: application/json; charset=utf-8
cache-control: no-cache

10:53:08.116 [AsyncHttpClient-1-9] DEBUG org.asynchttpclient.netty.channel.ChannelManager - Adding key: http://localhost:11490 for channel [id: 0x0eb08554, L:/127.0.0.1:58597 - R:localhost/127.0.0.1:11490]
10:53:08.117 [Forwarding getElementTagName on session 6ebb8a055041d56dbad80987c93fea98 to remote] DEBUG org.asynchttpclient.netty.request.NettyRequestSender - Using pooled Channel '[id: 0x0eb08554, L:/127.0.0.1:58597 - R:localhost/127.0.0.1:11490]' for 'GET' to 'http://localhost:11490/session/6ebb8a055041d56dbad80987c93fea98/element/bec03354-933b-44e9-8b5a-2eb28d9a1a36/name'
10:53:08.118 [Forwarding getElementTagName on session 6ebb8a055041d56dbad80987c93fea98 to remote] DEBUG org.asynchttpclient.netty.request.NettyRequestSender - Using open Channel [id: 0x0eb08554, L:/127.0.0.1:58597 - R:localhost/127.0.0.1:11490] for GET '/session/6ebb8a055041d56dbad80987c93fea98/element/bec03354-933b-44e9-8b5a-2eb28d9a1a36/name'
10:53:08.121 [AsyncHttpClient-1-9] DEBUG org.asynchttpclient.netty.handler.HttpHandler - 

Request DefaultFullHttpRequest(decodeResult: success, version: HTTP/1.1, content: EmptyByteBufBE)
GET /session/6ebb8a055041d56dbad80987c93fea98/element/bec03354-933b-44e9-8b5a-2eb28d9a1a36/name HTTP/1.1
User-Agent: selenium/4.8.1 (java windows)
Cache-Control: no-cache
Content-Type: application/json; charset=utf-8
host: localhost:11490
accept: */*

Response DefaultHttpResponse(decodeResult: success, version: HTTP/1.1)
HTTP/1.1 200 OK
Content-Length: 18
Content-Type: application/json; charset=utf-8
cache-control: no-cache

10:53:08.122 [AsyncHttpClient-1-9] DEBUG org.asynchttpclient.netty.channel.ChannelManager - Adding key: http://localhost:11490 for channel [id: 0x0eb08554, L:/127.0.0.1:58597 - R:localhost/127.0.0.1:11490]
10:53:08.124 [Forwarding isElementEnabled on session 6ebb8a055041d56dbad80987c93fea98 to remote] DEBUG org.asynchttpclient.netty.request.NettyRequestSender - Using pooled Channel '[id: 0x0eb08554, L:/127.0.0.1:58597 - R:localhost/127.0.0.1:11490]' for 'GET' to 'http://localhost:11490/session/6ebb8a055041d56dbad80987c93fea98/element/bec03354-933b-44e9-8b5a-2eb28d9a1a36/enabled'
10:53:08.124 [Forwarding isElementEnabled on session 6ebb8a055041d56dbad80987c93fea98 to remote] DEBUG org.asynchttpclient.netty.request.NettyRequestSender - Using open Channel [id: 0x0eb08554, L:/127.0.0.1:58597 - R:localhost/127.0.0.1:11490] for GET '/session/6ebb8a055041d56dbad80987c93fea98/element/bec03354-933b-44e9-8b5a-2eb28d9a1a36/enabled'
10:53:08.136 [AsyncHttpClient-1-9] DEBUG org.asynchttpclient.netty.handler.HttpHandler - 

Request DefaultFullHttpRequest(decodeResult: success, version: HTTP/1.1, content: EmptyByteBufBE)
GET /session/6ebb8a055041d56dbad80987c93fea98/element/bec03354-933b-44e9-8b5a-2eb28d9a1a36/enabled HTTP/1.1
User-Agent: selenium/4.8.1 (java windows)
Cache-Control: no-cache
Content-Type: application/json; charset=utf-8
host: localhost:11490
accept: */*

Response DefaultHttpResponse(decodeResult: success, version: HTTP/1.1)
HTTP/1.1 200 OK
Content-Length: 14
Content-Type: application/json; charset=utf-8
cache-control: no-cache

10:53:08.136 [AsyncHttpClient-1-9] DEBUG org.asynchttpclient.netty.channel.ChannelManager - Adding key: http://localhost:11490 for channel [id: 0x0eb08554, L:/127.0.0.1:58597 - R:localhost/127.0.0.1:11490]
10:53:08.137 [Forwarding isElementEnabled on session 6ebb8a055041d56dbad80987c93fea98 to remote] DEBUG org.asynchttpclient.netty.request.NettyRequestSender - Using pooled Channel '[id: 0x0eb08554, L:/127.0.0.1:58597 - R:localhost/127.0.0.1:11490]' for 'GET' to 'http://localhost:11490/session/6ebb8a055041d56dbad80987c93fea98/element/bec03354-933b-44e9-8b5a-2eb28d9a1a36/enabled'
10:53:08.137 [Forwarding isElementEnabled on session 6ebb8a055041d56dbad80987c93fea98 to remote] DEBUG org.asynchttpclient.netty.request.NettyRequestSender - Using open Channel [id: 0x0eb08554, L:/127.0.0.1:58597 - R:localhost/127.0.0.1:11490] for GET '/session/6ebb8a055041d56dbad80987c93fea98/element/bec03354-933b-44e9-8b5a-2eb28d9a1a36/enabled'
10:53:08.146 [AsyncHttpClient-1-9] DEBUG org.asynchttpclient.netty.handler.HttpHandler - 

Request DefaultFullHttpRequest(decodeResult: success, version: HTTP/1.1, content: EmptyByteBufBE)
GET /session/6ebb8a055041d56dbad80987c93fea98/element/bec03354-933b-44e9-8b5a-2eb28d9a1a36/enabled HTTP/1.1
User-Agent: selenium/4.8.1 (java windows)
Cache-Control: no-cache
Content-Type: application/json; charset=utf-8
host: localhost:11490
accept: */*

Response DefaultHttpResponse(decodeResult: success, version: HTTP/1.1)
HTTP/1.1 200 OK
Content-Length: 14
Content-Type: application/json; charset=utf-8
cache-control: no-cache

10:53:08.146 [AsyncHttpClient-1-9] DEBUG org.asynchttpclient.netty.channel.ChannelManager - Adding key: http://localhost:11490 for channel [id: 0x0eb08554, L:/127.0.0.1:58597 - R:localhost/127.0.0.1:11490]
10:53:08.148 [Forwarding clickElement on session 6ebb8a055041d56dbad80987c93fea98 to remote] DEBUG org.asynchttpclient.netty.request.NettyRequestSender - Using pooled Channel '[id: 0x0eb08554, L:/127.0.0.1:58597 - R:localhost/127.0.0.1:11490]' for 'POST' to 'http://localhost:11490/session/6ebb8a055041d56dbad80987c93fea98/element/bec03354-933b-44e9-8b5a-2eb28d9a1a36/click'
10:53:08.148 [Forwarding clickElement on session 6ebb8a055041d56dbad80987c93fea98 to remote] DEBUG org.asynchttpclient.netty.request.NettyRequestSender - Using open Channel [id: 0x0eb08554, L:/127.0.0.1:58597 - R:localhost/127.0.0.1:11490] for POST '/session/6ebb8a055041d56dbad80987c93fea98/element/bec03354-933b-44e9-8b5a-2eb28d9a1a36/click'
10:53:08.213 [AsyncHttpClient-1-9] DEBUG org.asynchttpclient.netty.handler.HttpHandler - 

Request DefaultHttpRequest(decodeResult: success, version: HTTP/1.1)
POST /session/6ebb8a055041d56dbad80987c93fea98/element/bec03354-933b-44e9-8b5a-2eb28d9a1a36/click HTTP/1.1
User-Agent: selenium/4.8.1 (java windows)
Content-Length: 50
Content-Type: application/json; charset=utf-8
host: localhost:11490
accept: */*

Response DefaultHttpResponse(decodeResult: success, version: HTTP/1.1)
HTTP/1.1 200 OK
Content-Length: 14
Content-Type: application/json; charset=utf-8
cache-control: no-cache

10:53:08.214 [AsyncHttpClient-1-9] DEBUG org.asynchttpclient.netty.channel.ChannelManager - Adding key: http://localhost:11490 for channel [id: 0x0eb08554, L:/127.0.0.1:58597 - R:localhost/127.0.0.1:11490]
10:53:08.225 [Forwarding getAlertText on session 6ebb8a055041d56dbad80987c93fea98 to remote] DEBUG org.asynchttpclient.netty.request.NettyRequestSender - Using pooled Channel '[id: 0x0eb08554, L:/127.0.0.1:58597 - R:localhost/127.0.0.1:11490]' for 'GET' to 'http://localhost:11490/session/6ebb8a055041d56dbad80987c93fea98/alert/text'
10:53:08.225 [Forwarding getAlertText on session 6ebb8a055041d56dbad80987c93fea98 to remote] DEBUG org.asynchttpclient.netty.request.NettyRequestSender - Using open Channel [id: 0x0eb08554, L:/127.0.0.1:58597 - R:localhost/127.0.0.1:11490] for GET '/session/6ebb8a055041d56dbad80987c93fea98/alert/text'
10:53:08.228 [AsyncHttpClient-1-9] DEBUG org.asynchttpclient.netty.handler.HttpHandler - 

Request DefaultFullHttpRequest(decodeResult: success, version: HTTP/1.1, content: EmptyByteBufBE)
GET /session/6ebb8a055041d56dbad80987c93fea98/alert/text HTTP/1.1
User-Agent: selenium/4.8.1 (java windows)
Cache-Control: no-cache
Content-Type: application/json; charset=utf-8
host: localhost:11490
accept: */*

Response DefaultHttpResponse(decodeResult: success, version: HTTP/1.1)
HTTP/1.1 404 Not Found
Content-Length: 848
Content-Type: application/json; charset=utf-8
cache-control: no-cache

10:53:08.228 [AsyncHttpClient-1-9] DEBUG org.asynchttpclient.netty.channel.ChannelManager - Adding key: http://localhost:11490 for channel [id: 0x0eb08554, L:/127.0.0.1:58597 - R:localhost/127.0.0.1:11490]
10:53:08.230 [Forwarding getCurrentUrl on session 6ebb8a055041d56dbad80987c93fea98 to remote] DEBUG org.asynchttpclient.netty.request.NettyRequestSender - Using pooled Channel '[id: 0x0eb08554, L:/127.0.0.1:58597 - R:localhost/127.0.0.1:11490]' for 'GET' to 'http://localhost:11490/session/6ebb8a055041d56dbad80987c93fea98/url'
10:53:08.230 [Forwarding getCurrentUrl on session 6ebb8a055041d56dbad80987c93fea98 to remote] DEBUG org.asynchttpclient.netty.request.NettyRequestSender - Using open Channel [id: 0x0eb08554, L:/127.0.0.1:58597 - R:localhost/127.0.0.1:11490] for GET '/session/6ebb8a055041d56dbad80987c93fea98/url'
10:53:08.234 [AsyncHttpClient-1-9] DEBUG org.asynchttpclient.netty.handler.HttpHandler - 

Request DefaultFullHttpRequest(decodeResult: success, version: HTTP/1.1, content: EmptyByteBufBE)
GET /session/6ebb8a055041d56dbad80987c93fea98/url HTTP/1.1
User-Agent: selenium/4.8.1 (java windows)
Cache-Control: no-cache
Content-Type: application/json; charset=utf-8
host: localhost:11490
accept: */*

Response DefaultHttpResponse(decodeResult: success, version: HTTP/1.1)
HTTP/1.1 200 OK
Content-Length: 51
Content-Type: application/json; charset=utf-8
cache-control: no-cache

10:53:08.235 [AsyncHttpClient-1-9] DEBUG org.asynchttpclient.netty.channel.ChannelManager - Adding key: http://localhost:11490 for channel [id: 0x0eb08554, L:/127.0.0.1:58597 - R:localhost/127.0.0.1:11490]
10:53:08.235 [Forwarding screenshot on session 6ebb8a055041d56dbad80987c93fea98 to remote] DEBUG org.asynchttpclient.netty.request.NettyRequestSender - Using pooled Channel '[id: 0x0eb08554, L:/127.0.0.1:58597 - R:localhost/127.0.0.1:11490]' for 'GET' to 'http://localhost:11490/session/6ebb8a055041d56dbad80987c93fea98/screenshot'
10:53:08.235 [Forwarding screenshot on session 6ebb8a055041d56dbad80987c93fea98 to remote] DEBUG org.asynchttpclient.netty.request.NettyRequestSender - Using open Channel [id: 0x0eb08554, L:/127.0.0.1:58597 - R:localhost/127.0.0.1:11490] for GET '/session/6ebb8a055041d56dbad80987c93fea98/screenshot'
10:53:08.438 [AsyncHttpClient-1-9] DEBUG org.asynchttpclient.netty.handler.HttpHandler - 

Request DefaultFullHttpRequest(decodeResult: success, version: HTTP/1.1, content: EmptyByteBufBE)
GET /session/6ebb8a055041d56dbad80987c93fea98/screenshot HTTP/1.1
User-Agent: selenium/4.8.1 (java windows)
Cache-Control: no-cache
Content-Type: application/json; charset=utf-8
host: localhost:11490
accept: */*

Response DefaultHttpResponse(decodeResult: success, version: HTTP/1.1)
HTTP/1.1 200 OK
Content-Length: 28492
Content-Type: application/json; charset=utf-8
cache-control: no-cache

10:53:08.439 [AsyncHttpClient-1-9] DEBUG org.asynchttpclient.netty.channel.ChannelManager - Adding key: http://localhost:11490 for channel [id: 0x0eb08554, L:/127.0.0.1:58597 - R:localhost/127.0.0.1:11490]
10:53:08.442 [main] DEBUG net.serenitybdd.core.photography.Darkroom - Send negative for processing for target\site\serenity\d698700ff9c3506223f9db1aca0d02992237d7dc684b0d18ad3c371521490cf4.png
10:53:08.442 [main] DEBUG net.thucydides.core.steps.StepInterceptor - STEP DONE: ClickLoginButton
  &amp#27;[32mAnd &amp#27;[0m&amp#27;[32mUser successfully login to web&amp#27;[0m                                                         &amp#27;[90m# starter.stepdefinition.IntegrationSteps.userLogintoWeb()&amp#27;[0m
10:53:08.446 [Darkroom Processing Line] DEBUG net.serenitybdd.core.photography.DarkroomProcessingLine - Processing screenshot image in /var/screenshots/screenshot-15285876079245416551
10:53:08.446 [Darkroom Processing Line] DEBUG net.serenitybdd.core.photography.DarkroomProcessingLine - Saving screenshot to target\site\serenity\d698700ff9c3506223f9db1aca0d02992237d7dc684b0d18ad3c371521490cf4.png
10:53:08.458 [Forwarding getPageSource on session 6ebb8a055041d56dbad80987c93fea98 to remote] DEBUG org.asynchttpclient.netty.request.NettyRequestSender - Using pooled Channel '[id: 0x0eb08554, L:/127.0.0.1:58597 - R:localhost/127.0.0.1:11490]' for 'POST' to 'http://localhost:11490/session/6ebb8a055041d56dbad80987c93fea98/execute/sync'
10:53:08.458 [Forwarding getPageSource on session 6ebb8a055041d56dbad80987c93fea98 to remote] DEBUG org.asynchttpclient.netty.request.NettyRequestSender - Using open Channel [id: 0x0eb08554, L:/127.0.0.1:58597 - R:localhost/127.0.0.1:11490] for POST '/session/6ebb8a055041d56dbad80987c93fea98/execute/sync'
10:53:08.466 [AsyncHttpClient-1-9] DEBUG org.asynchttpclient.netty.handler.HttpHandler - 

Request DefaultHttpRequest(decodeResult: success, version: HTTP/1.1)
POST /session/6ebb8a055041d56dbad80987c93fea98/execute/sync HTTP/1.1
User-Agent: selenium/4.8.1 (java windows)
Content-Length: 176
Content-Type: application/json; charset=utf-8
host: localhost:11490
accept: */*

Response DefaultHttpResponse(decodeResult: success, version: HTTP/1.1)
HTTP/1.1 200 OK
Content-Length: 28881
Content-Type: application/json; charset=utf-8
cache-control: no-cache

10:53:08.466 [AsyncHttpClient-1-9] DEBUG org.asynchttpclient.netty.channel.ChannelManager - Adding key: http://localhost:11490 for channel [id: 0x0eb08554, L:/127.0.0.1:58597 - R:localhost/127.0.0.1:11490]
10:53:08.471 [Forwarding getCurrentUrl on session 6ebb8a055041d56dbad80987c93fea98 to remote] DEBUG org.asynchttpclient.netty.request.NettyRequestSender - Using pooled Channel '[id: 0x0eb08554, L:/127.0.0.1:58597 - R:localhost/127.0.0.1:11490]' for 'GET' to 'http://localhost:11490/session/6ebb8a055041d56dbad80987c93fea98/url'
10:53:08.471 [Forwarding getCurrentUrl on session 6ebb8a055041d56dbad80987c93fea98 to remote] DEBUG org.asynchttpclient.netty.request.NettyRequestSender - Using open Channel [id: 0x0eb08554, L:/127.0.0.1:58597 - R:localhost/127.0.0.1:11490] for GET '/session/6ebb8a055041d56dbad80987c93fea98/url'
10:53:08.476 [AsyncHttpClient-1-9] DEBUG org.asynchttpclient.netty.handler.HttpHandler - 

Request DefaultFullHttpRequest(decodeResult: success, version: HTTP/1.1, content: EmptyByteBufBE)
GET /session/6ebb8a055041d56dbad80987c93fea98/url HTTP/1.1
User-Agent: selenium/4.8.1 (java windows)
Cache-Control: no-cache
Content-Type: application/json; charset=utf-8
host: localhost:11490
accept: */*

Response DefaultHttpResponse(decodeResult: success, version: HTTP/1.1)
HTTP/1.1 200 OK
Content-Length: 41
Content-Type: application/json; charset=utf-8
cache-control: no-cache

10:53:08.476 [AsyncHttpClient-1-9] DEBUG org.asynchttpclient.netty.channel.ChannelManager - Adding key: http://localhost:11490 for channel [id: 0x0eb08554, L:/127.0.0.1:58597 - R:localhost/127.0.0.1:11490]
10:53:08.492 [Forwarding getPageSource on session 6ebb8a055041d56dbad80987c93fea98 to remote] DEBUG org.asynchttpclient.netty.request.NettyRequestSender - Using pooled Channel '[id: 0x0eb08554, L:/127.0.0.1:58597 - R:localhost/127.0.0.1:11490]' for 'POST' to 'http://localhost:11490/session/6ebb8a055041d56dbad80987c93fea98/execute/sync'
10:53:08.492 [Forwarding getPageSource on session 6ebb8a055041d56dbad80987c93fea98 to remote] DEBUG org.asynchttpclient.netty.request.NettyRequestSender - Using open Channel [id: 0x0eb08554, L:/127.0.0.1:58597 - R:localhost/127.0.0.1:11490] for POST '/session/6ebb8a055041d56dbad80987c93fea98/execute/sync'
10:53:08.500 [AsyncHttpClient-1-9] DEBUG org.asynchttpclient.netty.handler.HttpHandler - 

Request DefaultHttpRequest(decodeResult: success, version: HTTP/1.1)
POST /session/6ebb8a055041d56dbad80987c93fea98/execute/sync HTTP/1.1
User-Agent: selenium/4.8.1 (java windows)
Content-Length: 176
Content-Type: application/json; charset=utf-8
host: localhost:11490
accept: */*

Response DefaultHttpResponse(decodeResult: success, version: HTTP/1.1)
HTTP/1.1 200 OK
Content-Length: 28881
Content-Type: application/json; charset=utf-8
cache-control: no-cache

10:53:08.500 [AsyncHttpClient-1-9] DEBUG org.asynchttpclient.netty.channel.ChannelManager - Adding key: http://localhost:11490 for channel [id: 0x0eb08554, L:/127.0.0.1:58597 - R:localhost/127.0.0.1:11490]
10:53:08.505 [Forwarding getCurrentUrl on session 6ebb8a055041d56dbad80987c93fea98 to remote] DEBUG org.asynchttpclient.netty.request.NettyRequestSender - Using pooled Channel '[id: 0x0eb08554, L:/127.0.0.1:58597 - R:localhost/127.0.0.1:11490]' for 'GET' to 'http://localhost:11490/session/6ebb8a055041d56dbad80987c93fea98/url'
10:53:08.505 [Forwarding getCurrentUrl on session 6ebb8a055041d56dbad80987c93fea98 to remote] DEBUG org.asynchttpclient.netty.request.NettyRequestSender - Using open Channel [id: 0x0eb08554, L:/127.0.0.1:58597 - R:localhost/127.0.0.1:11490] for GET '/session/6ebb8a055041d56dbad80987c93fea98/url'
10:53:08.509 [AsyncHttpClient-1-9] DEBUG org.asynchttpclient.netty.handler.HttpHandler - 

Request DefaultFullHttpRequest(decodeResult: success, version: HTTP/1.1, content: EmptyByteBufBE)
GET /session/6ebb8a055041d56dbad80987c93fea98/url HTTP/1.1
User-Agent: selenium/4.8.1 (java windows)
Cache-Control: no-cache
Content-Type: application/json; charset=utf-8
host: localhost:11490
accept: */*

Response DefaultHttpResponse(decodeResult: success, version: HTTP/1.1)
HTTP/1.1 200 OK
Content-Length: 41
Content-Type: application/json; charset=utf-8
cache-control: no-cache

10:53:08.510 [AsyncHttpClient-1-9] DEBUG org.asynchttpclient.netty.channel.ChannelManager - Adding key: http://localhost:11490 for channel [id: 0x0eb08554, L:/127.0.0.1:58597 - R:localhost/127.0.0.1:11490]
10:53:08.513 [main] DEBUG net.thucydides.core.steps.StepInterceptor - STARTING STEP: IntegrationSteps.addToCart - addProduct
10:53:08.520 [Forwarding findElement on session 6ebb8a055041d56dbad80987c93fea98 to remote] DEBUG org.asynchttpclient.netty.request.NettyRequestSender - Using pooled Channel '[id: 0x0eb08554, L:/127.0.0.1:58597 - R:localhost/127.0.0.1:11490]' for 'POST' to 'http://localhost:11490/session/6ebb8a055041d56dbad80987c93fea98/element'
10:53:08.521 [Forwarding findElement on session 6ebb8a055041d56dbad80987c93fea98 to remote] DEBUG org.asynchttpclient.netty.request.NettyRequestSender - Using open Channel [id: 0x0eb08554, L:/127.0.0.1:58597 - R:localhost/127.0.0.1:11490] for POST '/session/6ebb8a055041d56dbad80987c93fea98/element'
10:53:08.844 [AsyncHttpClient-1-1] DEBUG org.asynchttpclient.netty.channel.DefaultChannelPool - Entry count for : http://localhost:58598 : 1
10:53:09.944 [AsyncHttpClient-1-1] DEBUG org.asynchttpclient.netty.channel.DefaultChannelPool - Entry count for : http://localhost:58598 : 1
10:53:10.617 [AsyncHttpClient-1-9] DEBUG org.asynchttpclient.netty.handler.HttpHandler - 

Request DefaultHttpRequest(decodeResult: success, version: HTTP/1.1)
POST /session/6ebb8a055041d56dbad80987c93fea98/element HTTP/1.1
User-Agent: selenium/4.8.1 (java windows)
Content-Length: 184
Content-Type: application/json; charset=utf-8
host: localhost:11490
accept: */*

Response DefaultHttpResponse(decodeResult: success, version: HTTP/1.1)
HTTP/1.1 404 Not Found
Content-Length: 1025
Content-Type: application/json; charset=utf-8
cache-control: no-cache

10:53:10.617 [AsyncHttpClient-1-9] DEBUG org.asynchttpclient.netty.channel.ChannelManager - Adding key: http://localhost:11490 for channel [id: 0x0eb08554, L:/127.0.0.1:58597 - R:localhost/127.0.0.1:11490]
10:53:10.719 [Forwarding findElement on session 6ebb8a055041d56dbad80987c93fea98 to remote] DEBUG org.asynchttpclient.netty.request.NettyRequestSender - Using pooled Channel '[id: 0x0eb08554, L:/127.0.0.1:58597 - R:localhost/127.0.0.1:11490]' for 'POST' to 'http://localhost:11490/session/6ebb8a055041d56dbad80987c93fea98/element'
10:53:10.719 [Forwarding findElement on session 6ebb8a055041d56dbad80987c93fea98 to remote] DEBUG org.asynchttpclient.netty.request.NettyRequestSender - Using open Channel [id: 0x0eb08554, L:/127.0.0.1:58597 - R:localhost/127.0.0.1:11490] for POST '/session/6ebb8a055041d56dbad80987c93fea98/element'
10:53:11.050 [AsyncHttpClient-1-1] DEBUG org.asynchttpclient.netty.channel.DefaultChannelPool - Entry count for : http://localhost:58598 : 1
10:53:12.152 [AsyncHttpClient-1-1] DEBUG org.asynchttpclient.netty.channel.DefaultChannelPool - Entry count for : http://localhost:58598 : 1
10:53:12.739 [AsyncHttpClient-1-9] DEBUG org.asynchttpclient.netty.handler.HttpHandler - 

Request DefaultHttpRequest(decodeResult: success, version: HTTP/1.1)
POST /session/6ebb8a055041d56dbad80987c93fea98/element HTTP/1.1
User-Agent: selenium/4.8.1 (java windows)
Content-Length: 184
Content-Type: application/json; charset=utf-8
host: localhost:11490
accept: */*

Response DefaultHttpResponse(decodeResult: success, version: HTTP/1.1)
HTTP/1.1 404 Not Found
Content-Length: 1025
Content-Type: application/json; charset=utf-8
cache-control: no-cache

10:53:12.739 [AsyncHttpClient-1-9] DEBUG org.asynchttpclient.netty.channel.ChannelManager - Adding key: http://localhost:11490 for channel [id: 0x0eb08554, L:/127.0.0.1:58597 - R:localhost/127.0.0.1:11490]
10:53:12.862 [Forwarding findElement on session 6ebb8a055041d56dbad80987c93fea98 to remote] DEBUG org.asynchttpclient.netty.request.NettyRequestSender - Using pooled Channel '[id: 0x0eb08554, L:/127.0.0.1:58597 - R:localhost/127.0.0.1:11490]' for 'POST' to 'http://localhost:11490/session/6ebb8a055041d56dbad80987c93fea98/element'
10:53:12.862 [Forwarding findElement on session 6ebb8a055041d56dbad80987c93fea98 to remote] DEBUG org.asynchttpclient.netty.request.NettyRequestSender - Using open Channel [id: 0x0eb08554, L:/127.0.0.1:58597 - R:localhost/127.0.0.1:11490] for POST '/session/6ebb8a055041d56dbad80987c93fea98/element'
10:53:13.250 [AsyncHttpClient-1-1] DEBUG org.asynchttpclient.netty.channel.DefaultChannelPool - Entry count for : http://localhost:58598 : 1
10:53:14.344 [AsyncHttpClient-1-1] DEBUG org.asynchttpclient.netty.channel.DefaultChannelPool - Entry count for : http://localhost:58598 : 1
10:53:15.445 [AsyncHttpClient-1-1] DEBUG org.asynchttpclient.netty.channel.DefaultChannelPool - Entry count for : http://localhost:58598 : 1
10:53:16.550 [AsyncHttpClient-1-1] DEBUG org.asynchttpclient.netty.channel.DefaultChannelPool - Entry count for : http://localhost:58598 : 1
10:53:17.646 [AsyncHttpClient-1-1] DEBUG org.asynchttpclient.netty.channel.DefaultChannelPool - Entry count for : http://localhost:58598 : 1
10:53:18.749 [AsyncHttpClient-1-1] DEBUG org.asynchttpclient.netty.channel.DefaultChannelPool - Entry count for : http://localhost:58598 : 1
10:53:19.845 [AsyncHttpClient-1-1] DEBUG org.asynchttpclient.netty.channel.DefaultChannelPool - Entry count for : http://localhost:58598 : 1
10:53:20.946 [AsyncHttpClient-1-1] DEBUG org.asynchttpclient.netty.channel.DefaultChannelPool - Entry count for : http://localhost:58598 : 1
10:53:22.045 [AsyncHttpClient-1-1] DEBUG org.asynchttpclient.netty.channel.DefaultChannelPool - Entry count for : http://localhost:58598 : 1
10:53:23.145 [AsyncHttpClient-1-1] DEBUG org.asynchttpclient.netty.channel.DefaultChannelPool - Entry count for : http://localhost:58598 : 1
10:53:24.249 [AsyncHttpClient-1-1] DEBUG org.asynchttpclient.netty.channel.DefaultChannelPool - Entry count for : http://localhost:58598 : 1
10:53:25.345 [AsyncHttpClient-1-1] DEBUG org.asynchttpclient.netty.channel.DefaultChannelPool - Entry count for : http://localhost:58598 : 1
10:53:26.454 [AsyncHttpClient-1-1] DEBUG org.asynchttpclient.netty.channel.DefaultChannelPool - Entry count for : http://localhost:58598 : 1
10:53:27.554 [AsyncHttpClient-1-1] DEBUG org.asynchttpclient.netty.channel.DefaultChannelPool - Entry count for : http://localhost:58598 : 1
10:53:28.645 [AsyncHttpClient-1-1] DEBUG org.asynchttpclient.netty.channel.DefaultChannelPool - Entry count for : http://localhost:58598 : 1
10:53:29.746 [AsyncHttpClient-1-1] DEBUG org.asynchttpclient.netty.channel.DefaultChannelPool - Entry count for : http://localhost:58598 : 1
10:53:30.845 [AsyncHttpClient-1-1] DEBUG org.asynchttpclient.netty.channel.DefaultChannelPool - Entry count for : http://localhost:58598 : 1
10:53:31.944 [AsyncHttpClient-1-1] DEBUG org.asynchttpclient.netty.channel.DefaultChannelPool - Entry count for : http://localhost:58598 : 1
10:53:33.059 [AsyncHttpClient-1-1] DEBUG org.asynchttpclient.netty.channel.DefaultChannelPool - Entry count for : http://localhost:58598 : 1
10:53:34.148 [AsyncHttpClient-1-1] DEBUG org.asynchttpclient.netty.channel.DefaultChannelPool - Entry count for : http://localhost:58598 : 1
10:53:35.250 [AsyncHttpClient-1-1] DEBUG org.asynchttpclient.netty.channel.DefaultChannelPool - Entry count for : http://localhost:58598 : 1
10:53:36.356 [AsyncHttpClient-1-1] DEBUG org.asynchttpclient.netty.channel.DefaultChannelPool - Entry count for : http://localhost:58598 : 1
10:53:37.450 [AsyncHttpClient-1-1] DEBUG org.asynchttpclient.netty.channel.DefaultChannelPool - Entry count for : http://localhost:58598 : 1
10:53:38.552 [AsyncHttpClient-1-1] DEBUG org.asynchttpclient.netty.channel.DefaultChannelPool - Entry count for : http://localhost:58598 : 1
10:53:39.650 [AsyncHttpClient-1-1] DEBUG org.asynchttpclient.netty.channel.DefaultChannelPool - Entry count for : http://localhost:58598 : 1
10:53:40.754 [AsyncHttpClient-1-1] DEBUG org.asynchttpclient.netty.channel.DefaultChannelPool - Entry count for : http://localhost:58598 : 1
10:53:41.850 [AsyncHttpClient-1-1] DEBUG org.asynchttpclient.netty.channel.DefaultChannelPool - Entry count for : http://localhost:58598 : 1
10:53:42.944 [AsyncHttpClient-1-1] DEBUG org.asynchttpclient.netty.channel.DefaultChannelPool - Entry count for : http://localhost:58598 : 1
10:53:44.050 [AsyncHttpClient-1-1] DEBUG org.asynchttpclient.netty.channel.DefaultChannelPool - Entry count for : http://localhost:58598 : 1
10:53:45.144 [AsyncHttpClient-1-1] DEBUG org.asynchttpclient.netty.channel.DefaultChannelPool - Entry count for : http://localhost:58598 : 1
10:53:46.244 [AsyncHttpClient-1-1] DEBUG org.asynchttpclient.netty.channel.DefaultChannelPool - Entry count for : http://localhost:58598 : 1
10:53:47.350 [AsyncHttpClient-1-1] DEBUG org.asynchttpclient.netty.channel.DefaultChannelPool - Entry count for : http://localhost:58598 : 1
10:53:48.449 [AsyncHttpClient-1-1] DEBUG org.asynchttpclient.netty.channel.DefaultChannelPool - Entry count for : http://localhost:58598 : 1
10:53:49.545 [AsyncHttpClient-1-1] DEBUG org.asynchttpclient.netty.channel.DefaultChannelPool - Entry count for : http://localhost:58598 : 1
10:53:50.657 [AsyncHttpClient-1-1] DEBUG org.asynchttpclient.netty.channel.DefaultChannelPool - Entry count for : http://localhost:58598 : 1
10:53:51.749 [AsyncHttpClient-1-1] DEBUG org.asynchttpclient.netty.channel.DefaultChannelPool - Entry count for : http://localhost:58598 : 1
10:53:52.858 [AsyncHttpClient-1-1] DEBUG org.asynchttpclient.netty.channel.DefaultChannelPool - Entry count for : http://localhost:58598 : 1
10:53:53.959 [AsyncHttpClient-1-1] DEBUG org.asynchttpclient.netty.channel.DefaultChannelPool - Entry count for : http://localhost:58598 : 1
10:53:55.061 [AsyncHttpClient-1-1] DEBUG org.asynchttpclient.netty.channel.DefaultChannelPool - Entry count for : http://localhost:58598 : 1
10:53:56.146 [AsyncHttpClient-1-1] DEBUG org.asynchttpclient.netty.channel.DefaultChannelPool - Entry count for : http://localhost:58598 : 1
10:53:57.254 [AsyncHttpClient-1-1] DEBUG org.asynchttpclient.netty.channel.DefaultChannelPool - Entry count for : http://localhost:58598 : 1
10:53:58.348 [AsyncHttpClient-1-1] DEBUG org.asynchttpclient.netty.channel.DefaultChannelPool - Entry count for : http://localhost:58598 : 1
10:53:59.449 [AsyncHttpClient-1-1] DEBUG org.asynchttpclient.netty.channel.DefaultChannelPool - Entry count for : http://localhost:58598 : 1
10:54:00.551 [AsyncHttpClient-1-1] DEBUG org.asynchttpclient.netty.channel.DefaultChannelPool - Entry count for : http://localhost:58598 : 1
10:54:01.648 [AsyncHttpClient-1-1] DEBUG org.asynchttpclient.netty.channel.DefaultChannelPool - Entry count for : http://localhost:58598 : 1
10:54:02.746 [AsyncHttpClient-1-1] DEBUG org.asynchttpclient.netty.channel.DefaultChannelPool - Entry count for : http://localhost:58598 : 1
10:54:02.746 [AsyncHttpClient-1-1] DEBUG org.asynchttpclient.netty.channel.DefaultChannelPool - Adding Candidate expired Channel [id: 0x10b130da, L:/127.0.0.1:58606 - R:localhost/127.0.0.1:58598] isIdleTimeoutExpired=true isRemotelyClosed=false isTtlExpired=false
10:54:02.746 [AsyncHttpClient-1-1] DEBUG org.asynchttpclient.netty.channel.DefaultChannelPool - Closing Idle Channel [id: 0x10b130da, L:/127.0.0.1:58606 - R:localhost/127.0.0.1:58598]
10:54:02.746 [AsyncHttpClient-1-2] DEBUG org.asynchttpclient.netty.handler.HttpHandler - Channel Closed: [id: 0x10b130da, L:/127.0.0.1:58606 ! R:localhost/127.0.0.1:58598] with attribute DISCARD
10:54:02.747 [AsyncHttpClient-1-1] DEBUG org.asynchttpclient.netty.channel.DefaultChannelPool - Closed 1 connections out of 1 in 1 ms
10:54:29.041 [AsyncHttpClient-1-9] DEBUG org.asynchttpclient.netty.handler.HttpHandler - 

Request DefaultHttpRequest(decodeResult: success, version: HTTP/1.1)
POST /session/6ebb8a055041d56dbad80987c93fea98/element HTTP/1.1
User-Agent: selenium/4.8.1 (java windows)
Content-Length: 184
Content-Type: application/json; charset=utf-8
host: localhost:11490
accept: */*

Response DefaultHttpResponse(decodeResult: success, version: HTTP/1.1)
HTTP/1.1 200 OK
Content-Length: 88
Content-Type: application/json; charset=utf-8
cache-control: no-cache

10:54:29.042 [AsyncHttpClient-1-9] DEBUG org.asynchttpclient.netty.channel.ChannelManager - Adding key: http://localhost:11490 for channel [id: 0x0eb08554, L:/127.0.0.1:58597 - R:localhost/127.0.0.1:11490]
10:54:29.045 [Forwarding getElementTagName on session 6ebb8a055041d56dbad80987c93fea98 to remote] DEBUG org.asynchttpclient.netty.request.NettyRequestSender - Using pooled Channel '[id: 0x0eb08554, L:/127.0.0.1:58597 - R:localhost/127.0.0.1:11490]' for 'GET' to 'http://localhost:11490/session/6ebb8a055041d56dbad80987c93fea98/element/4cf0c67f-9031-40fe-9db6-f75d52c05378/name'
10:54:29.045 [Forwarding getElementTagName on session 6ebb8a055041d56dbad80987c93fea98 to remote] DEBUG org.asynchttpclient.netty.request.NettyRequestSender - Using open Channel [id: 0x0eb08554, L:/127.0.0.1:58597 - R:localhost/127.0.0.1:11490] for GET '/session/6ebb8a055041d56dbad80987c93fea98/element/4cf0c67f-9031-40fe-9db6-f75d52c05378/name'
10:54:29.082 [AsyncHttpClient-1-9] DEBUG org.asynchttpclient.netty.handler.HttpHandler - 

Request DefaultFullHttpRequest(decodeResult: success, version: HTTP/1.1, content: EmptyByteBufBE)
GET /session/6ebb8a055041d56dbad80987c93fea98/element/4cf0c67f-9031-40fe-9db6-f75d52c05378/name HTTP/1.1
User-Agent: selenium/4.8.1 (java windows)
Cache-Control: no-cache
Content-Type: application/json; charset=utf-8
host: localhost:11490
accept: */*

Response DefaultHttpResponse(decodeResult: success, version: HTTP/1.1)
HTTP/1.1 200 OK
Content-Length: 18
Content-Type: application/json; charset=utf-8
cache-control: no-cache

10:54:29.082 [AsyncHttpClient-1-9] DEBUG org.asynchttpclient.netty.channel.ChannelManager - Adding key: http://localhost:11490 for channel [id: 0x0eb08554, L:/127.0.0.1:58597 - R:localhost/127.0.0.1:11490]
10:54:29.085 [Forwarding getElementTagName on session 6ebb8a055041d56dbad80987c93fea98 to remote] DEBUG org.asynchttpclient.netty.request.NettyRequestSender - Using pooled Channel '[id: 0x0eb08554, L:/127.0.0.1:58597 - R:localhost/127.0.0.1:11490]' for 'GET' to 'http://localhost:11490/session/6ebb8a055041d56dbad80987c93fea98/element/4cf0c67f-9031-40fe-9db6-f75d52c05378/name'
10:54:29.085 [Forwarding getElementTagName on session 6ebb8a055041d56dbad80987c93fea98 to remote] DEBUG org.asynchttpclient.netty.request.NettyRequestSender - Using open Channel [id: 0x0eb08554, L:/127.0.0.1:58597 - R:localhost/127.0.0.1:11490] for GET '/session/6ebb8a055041d56dbad80987c93fea98/element/4cf0c67f-9031-40fe-9db6-f75d52c05378/name'
10:54:29.124 [AsyncHttpClient-1-9] DEBUG org.asynchttpclient.netty.handler.HttpHandler - 

Request DefaultFullHttpRequest(decodeResult: success, version: HTTP/1.1, content: EmptyByteBufBE)
GET /session/6ebb8a055041d56dbad80987c93fea98/element/4cf0c67f-9031-40fe-9db6-f75d52c05378/name HTTP/1.1
User-Agent: selenium/4.8.1 (java windows)
Cache-Control: no-cache
Content-Type: application/json; charset=utf-8
host: localhost:11490
accept: */*

Response DefaultHttpResponse(decodeResult: success, version: HTTP/1.1)
HTTP/1.1 200 OK
Content-Length: 18
Content-Type: application/json; charset=utf-8
cache-control: no-cache

10:54:29.125 [AsyncHttpClient-1-9] DEBUG org.asynchttpclient.netty.channel.ChannelManager - Adding key: http://localhost:11490 for channel [id: 0x0eb08554, L:/127.0.0.1:58597 - R:localhost/127.0.0.1:11490]
10:54:29.145 [Forwarding isElementEnabled on session 6ebb8a055041d56dbad80987c93fea98 to remote] DEBUG org.asynchttpclient.netty.request.NettyRequestSender - Using pooled Channel '[id: 0x0eb08554, L:/127.0.0.1:58597 - R:localhost/127.0.0.1:11490]' for 'GET' to 'http://localhost:11490/session/6ebb8a055041d56dbad80987c93fea98/element/4cf0c67f-9031-40fe-9db6-f75d52c05378/enabled'
10:54:29.145 [Forwarding isElementEnabled on session 6ebb8a055041d56dbad80987c93fea98 to remote] DEBUG org.asynchttpclient.netty.request.NettyRequestSender - Using open Channel [id: 0x0eb08554, L:/127.0.0.1:58597 - R:localhost/127.0.0.1:11490] for GET '/session/6ebb8a055041d56dbad80987c93fea98/element/4cf0c67f-9031-40fe-9db6-f75d52c05378/enabled'
10:54:29.217 [AsyncHttpClient-1-9] DEBUG org.asynchttpclient.netty.handler.HttpHandler - 

Request DefaultFullHttpRequest(decodeResult: success, version: HTTP/1.1, content: EmptyByteBufBE)
GET /session/6ebb8a055041d56dbad80987c93fea98/element/4cf0c67f-9031-40fe-9db6-f75d52c05378/enabled HTTP/1.1
User-Agent: selenium/4.8.1 (java windows)
Cache-Control: no-cache
Content-Type: application/json; charset=utf-8
host: localhost:11490
accept: */*

Response DefaultHttpResponse(decodeResult: success, version: HTTP/1.1)
HTTP/1.1 200 OK
Content-Length: 14
Content-Type: application/json; charset=utf-8
cache-control: no-cache

10:54:29.217 [AsyncHttpClient-1-9] DEBUG org.asynchttpclient.netty.channel.ChannelManager - Adding key: http://localhost:11490 for channel [id: 0x0eb08554, L:/127.0.0.1:58597 - R:localhost/127.0.0.1:11490]
10:54:29.219 [Forwarding isElementEnabled on session 6ebb8a055041d56dbad80987c93fea98 to remote] DEBUG org.asynchttpclient.netty.request.NettyRequestSender - Using pooled Channel '[id: 0x0eb08554, L:/127.0.0.1:58597 - R:localhost/127.0.0.1:11490]' for 'GET' to 'http://localhost:11490/session/6ebb8a055041d56dbad80987c93fea98/element/4cf0c67f-9031-40fe-9db6-f75d52c05378/enabled'
10:54:29.220 [Forwarding isElementEnabled on session 6ebb8a055041d56dbad80987c93fea98 to remote] DEBUG org.asynchttpclient.netty.request.NettyRequestSender - Using open Channel [id: 0x0eb08554, L:/127.0.0.1:58597 - R:localhost/127.0.0.1:11490] for GET '/session/6ebb8a055041d56dbad80987c93fea98/element/4cf0c67f-9031-40fe-9db6-f75d52c05378/enabled'
10:54:29.290 [AsyncHttpClient-1-9] DEBUG org.asynchttpclient.netty.handler.HttpHandler - 

Request DefaultFullHttpRequest(decodeResult: success, version: HTTP/1.1, content: EmptyByteBufBE)
GET /session/6ebb8a055041d56dbad80987c93fea98/element/4cf0c67f-9031-40fe-9db6-f75d52c05378/enabled HTTP/1.1
User-Agent: selenium/4.8.1 (java windows)
Cache-Control: no-cache
Content-Type: application/json; charset=utf-8
host: localhost:11490
accept: */*

Response DefaultHttpResponse(decodeResult: success, version: HTTP/1.1)
HTTP/1.1 200 OK
Content-Length: 14
Content-Type: application/json; charset=utf-8
cache-control: no-cache

10:54:29.291 [AsyncHttpClient-1-9] DEBUG org.asynchttpclient.netty.channel.ChannelManager - Adding key: http://localhost:11490 for channel [id: 0x0eb08554, L:/127.0.0.1:58597 - R:localhost/127.0.0.1:11490]
10:54:29.297 [Forwarding findElement on session 6ebb8a055041d56dbad80987c93fea98 to remote] DEBUG org.asynchttpclient.netty.request.NettyRequestSender - Using pooled Channel '[id: 0x0eb08554, L:/127.0.0.1:58597 - R:localhost/127.0.0.1:11490]' for 'POST' to 'http://localhost:11490/session/6ebb8a055041d56dbad80987c93fea98/element'
10:54:29.297 [Forwarding findElement on session 6ebb8a055041d56dbad80987c93fea98 to remote] DEBUG org.asynchttpclient.netty.request.NettyRequestSender - Using open Channel [id: 0x0eb08554, L:/127.0.0.1:58597 - R:localhost/127.0.0.1:11490] for POST '/session/6ebb8a055041d56dbad80987c93fea98/element'
10:54:29.450 [AsyncHttpClient-1-9] DEBUG org.asynchttpclient.netty.handler.HttpHandler - 

Request DefaultHttpRequest(decodeResult: success, version: HTTP/1.1)
POST /session/6ebb8a055041d56dbad80987c93fea98/element HTTP/1.1
User-Agent: selenium/4.8.1 (java windows)
Content-Length: 184
Content-Type: application/json; charset=utf-8
host: localhost:11490
accept: */*

Response DefaultHttpResponse(decodeResult: success, version: HTTP/1.1)
HTTP/1.1 200 OK
Content-Length: 88
Content-Type: application/json; charset=utf-8
cache-control: no-cache

10:54:29.451 [AsyncHttpClient-1-9] DEBUG org.asynchttpclient.netty.channel.ChannelManager - Adding key: http://localhost:11490 for channel [id: 0x0eb08554, L:/127.0.0.1:58597 - R:localhost/127.0.0.1:11490]
10:54:29.452 [Forwarding clickElement on session 6ebb8a055041d56dbad80987c93fea98 to remote] DEBUG org.asynchttpclient.netty.request.NettyRequestSender - Using pooled Channel '[id: 0x0eb08554, L:/127.0.0.1:58597 - R:localhost/127.0.0.1:11490]' for 'POST' to 'http://localhost:11490/session/6ebb8a055041d56dbad80987c93fea98/element/4cf0c67f-9031-40fe-9db6-f75d52c05378/click'
10:54:29.452 [Forwarding clickElement on session 6ebb8a055041d56dbad80987c93fea98 to remote] DEBUG org.asynchttpclient.netty.request.NettyRequestSender - Using open Channel [id: 0x0eb08554, L:/127.0.0.1:58597 - R:localhost/127.0.0.1:11490] for POST '/session/6ebb8a055041d56dbad80987c93fea98/element/4cf0c67f-9031-40fe-9db6-f75d52c05378/click'
10:54:33.508 [AsyncHttpClient-1-9] DEBUG org.asynchttpclient.netty.handler.HttpHandler - 

Request DefaultHttpRequest(decodeResult: success, version: HTTP/1.1)
POST /session/6ebb8a055041d56dbad80987c93fea98/element/4cf0c67f-9031-40fe-9db6-f75d52c05378/click HTTP/1.1
User-Agent: selenium/4.8.1 (java windows)
Content-Length: 50
Content-Type: application/json; charset=utf-8
host: localhost:11490
accept: */*

Response DefaultHttpResponse(decodeResult: success, version: HTTP/1.1)
HTTP/1.1 200 OK
Content-Length: 14
Content-Type: application/json; charset=utf-8
cache-control: no-cache

10:54:33.508 [AsyncHttpClient-1-9] DEBUG org.asynchttpclient.netty.channel.ChannelManager - Adding key: http://localhost:11490 for channel [id: 0x0eb08554, L:/127.0.0.1:58597 - R:localhost/127.0.0.1:11490]
10:54:33.526 [Forwarding getAlertText on session 6ebb8a055041d56dbad80987c93fea98 to remote] DEBUG org.asynchttpclient.netty.request.NettyRequestSender - Using pooled Channel '[id: 0x0eb08554, L:/127.0.0.1:58597 - R:localhost/127.0.0.1:11490]' for 'GET' to 'http://localhost:11490/session/6ebb8a055041d56dbad80987c93fea98/alert/text'
10:54:33.526 [Forwarding getAlertText on session 6ebb8a055041d56dbad80987c93fea98 to remote] DEBUG org.asynchttpclient.netty.request.NettyRequestSender - Using open Channel [id: 0x0eb08554, L:/127.0.0.1:58597 - R:localhost/127.0.0.1:11490] for GET '/session/6ebb8a055041d56dbad80987c93fea98/alert/text'
10:54:35.362 [AsyncHttpClient-1-9] DEBUG org.asynchttpclient.netty.handler.HttpHandler - 

Request DefaultFullHttpRequest(decodeResult: success, version: HTTP/1.1, content: EmptyByteBufBE)
GET /session/6ebb8a055041d56dbad80987c93fea98/alert/text HTTP/1.1
User-Agent: selenium/4.8.1 (java windows)
Cache-Control: no-cache
Content-Type: application/json; charset=utf-8
host: localhost:11490
accept: */*

Response DefaultHttpResponse(decodeResult: success, version: HTTP/1.1)
HTTP/1.1 404 Not Found
Content-Length: 848
Content-Type: application/json; charset=utf-8
cache-control: no-cache

10:54:35.362 [AsyncHttpClient-1-9] DEBUG org.asynchttpclient.netty.channel.ChannelManager - Adding key: http://localhost:11490 for channel [id: 0x0eb08554, L:/127.0.0.1:58597 - R:localhost/127.0.0.1:11490]
10:54:35.364 [Forwarding getCurrentUrl on session 6ebb8a055041d56dbad80987c93fea98 to remote] DEBUG org.asynchttpclient.netty.request.NettyRequestSender - Using pooled Channel '[id: 0x0eb08554, L:/127.0.0.1:58597 - R:localhost/127.0.0.1:11490]' for 'GET' to 'http://localhost:11490/session/6ebb8a055041d56dbad80987c93fea98/url'
10:54:35.364 [Forwarding getCurrentUrl on session 6ebb8a055041d56dbad80987c93fea98 to remote] DEBUG org.asynchttpclient.netty.request.NettyRequestSender - Using open Channel [id: 0x0eb08554, L:/127.0.0.1:58597 - R:localhost/127.0.0.1:11490] for GET '/session/6ebb8a055041d56dbad80987c93fea98/url'
10:54:37.184 [AsyncHttpClient-1-9] DEBUG org.asynchttpclient.netty.handler.HttpHandler - 

Request DefaultFullHttpRequest(decodeResult: success, version: HTTP/1.1, content: EmptyByteBufBE)
GET /session/6ebb8a055041d56dbad80987c93fea98/url HTTP/1.1
User-Agent: selenium/4.8.1 (java windows)
Cache-Control: no-cache
Content-Type: application/json; charset=utf-8
host: localhost:11490
accept: */*

Response DefaultHttpResponse(decodeResult: success, version: HTTP/1.1)
HTTP/1.1 200 OK
Content-Length: 41
Content-Type: application/json; charset=utf-8
cache-control: no-cache

10:54:37.184 [AsyncHttpClient-1-9] DEBUG org.asynchttpclient.netty.channel.ChannelManager - Adding key: http://localhost:11490 for channel [id: 0x0eb08554, L:/127.0.0.1:58597 - R:localhost/127.0.0.1:11490]
10:54:37.185 [Forwarding screenshot on session 6ebb8a055041d56dbad80987c93fea98 to remote] DEBUG org.asynchttpclient.netty.request.NettyRequestSender - Using pooled Channel '[id: 0x0eb08554, L:/127.0.0.1:58597 - R:localhost/127.0.0.1:11490]' for 'GET' to 'http://localhost:11490/session/6ebb8a055041d56dbad80987c93fea98/screenshot'
10:54:37.185 [Forwarding screenshot on session 6ebb8a055041d56dbad80987c93fea98 to remote] DEBUG org.asynchttpclient.netty.request.NettyRequestSender - Using open Channel [id: 0x0eb08554, L:/127.0.0.1:58597 - R:localhost/127.0.0.1:11490] for GET '/session/6ebb8a055041d56dbad80987c93fea98/screenshot'
10:54:37.335 [AsyncHttpClient-1-9] DEBUG org.asynchttpclient.netty.handler.HttpHandler - 

Request DefaultFullHttpRequest(decodeResult: success, version: HTTP/1.1, content: EmptyByteBufBE)
GET /session/6ebb8a055041d56dbad80987c93fea98/screenshot HTTP/1.1
User-Agent: selenium/4.8.1 (java windows)
Cache-Control: no-cache
Content-Type: application/json; charset=utf-8
host: localhost:11490
accept: */*

Response DefaultHttpResponse(decodeResult: success, version: HTTP/1.1)
HTTP/1.1 200 OK
Content-Length: 105484
Content-Type: application/json; charset=utf-8
cache-control: no-cache

10:54:37.338 [AsyncHttpClient-1-9] DEBUG org.asynchttpclient.netty.channel.ChannelManager - Adding key: http://localhost:11490 for channel [id: 0x0eb08554, L:/127.0.0.1:58597 - R:localhost/127.0.0.1:11490]
10:54:37.353 [main] DEBUG net.serenitybdd.core.photography.Darkroom - Send negative for processing for target\site\serenity\b36dd46495325c3d3127fd8de5e6960ec4ebff56634d1f511e24b2778f1e39f7.png
10:54:37.353 [main] DEBUG net.thucydides.core.steps.StepInterceptor - STEP DONE: addProduct
  &amp#27;[32mAnd &amp#27;[0m&amp#27;[32mUser successfully add product to cart&amp#27;[0m                                                  &amp#27;[90m# starter.stepdefinition.IntegrationSteps.addToCart()&amp#27;[0m
10:54:37.376 [Forwarding getPageSource on session 6ebb8a055041d56dbad80987c93fea98 to remote] DEBUG org.asynchttpclient.netty.request.NettyRequestSender - Using pooled Channel '[id: 0x0eb08554, L:/127.0.0.1:58597 - R:localhost/127.0.0.1:11490]' for 'POST' to 'http://localhost:11490/session/6ebb8a055041d56dbad80987c93fea98/execute/sync'
10:54:37.377 [Forwarding getPageSource on session 6ebb8a055041d56dbad80987c93fea98 to remote] DEBUG org.asynchttpclient.netty.request.NettyRequestSender - Using open Channel [id: 0x0eb08554, L:/127.0.0.1:58597 - R:localhost/127.0.0.1:11490] for POST '/session/6ebb8a055041d56dbad80987c93fea98/execute/sync'
10:54:39.486 [AsyncHttpClient-1-9] DEBUG org.asynchttpclient.netty.handler.HttpHandler - 

Request DefaultHttpRequest(decodeResult: success, version: HTTP/1.1)
POST /session/6ebb8a055041d56dbad80987c93fea98/execute/sync HTTP/1.1
User-Agent: selenium/4.8.1 (java windows)
Content-Length: 176
Content-Type: application/json; charset=utf-8
host: localhost:11490
accept: */*

Response DefaultHttpResponse(decodeResult: success, version: HTTP/1.1)
HTTP/1.1 200 OK
Content-Length: 17448144
Content-Type: application/json; charset=utf-8
cache-control: no-cache

10:54:39.664 [AsyncHttpClient-1-9] DEBUG org.asynchttpclient.netty.channel.ChannelManager - Adding key: http://localhost:11490 for channel [id: 0x0eb08554, L:/127.0.0.1:58597 - R:localhost/127.0.0.1:11490]
10:54:40.155 [AsyncHttpClient-1-1] DEBUG org.asynchttpclient.netty.channel.DefaultChannelPool - Entry count for : http://localhost:11490 : 1
10:54:41.281 [AsyncHttpClient-1-1] DEBUG org.asynchttpclient.netty.channel.DefaultChannelPool - Entry count for : http://localhost:11490 : 1
10:54:42.373 [AsyncHttpClient-1-1] DEBUG org.asynchttpclient.netty.channel.DefaultChannelPool - Entry count for : http://localhost:11490 : 1
10:54:43.451 [AsyncHttpClient-1-1] DEBUG org.asynchttpclient.netty.channel.DefaultChannelPool - Entry count for : http://localhost:11490 : 1
10:54:43.891 [Forwarding getCurrentUrl on session 6ebb8a055041d56dbad80987c93fea98 to remote] DEBUG org.asynchttpclient.netty.request.NettyRequestSender - Using pooled Channel '[id: 0x0eb08554, L:/127.0.0.1:58597 - R:localhost/127.0.0.1:11490]' for 'GET' to 'http://localhost:11490/session/6ebb8a055041d56dbad80987c93fea98/url'
10:54:43.891 [Forwarding getCurrentUrl on session 6ebb8a055041d56dbad80987c93fea98 to remote] DEBUG org.asynchttpclient.netty.request.NettyRequestSender - Using open Channel [id: 0x0eb08554, L:/127.0.0.1:58597 - R:localhost/127.0.0.1:11490] for GET '/session/6ebb8a055041d56dbad80987c93fea98/url'
10:54:43.899 [AsyncHttpClient-1-9] DEBUG org.asynchttpclient.netty.handler.HttpHandler - 

Request DefaultFullHttpRequest(decodeResult: success, version: HTTP/1.1, content: EmptyByteBufBE)
GET /session/6ebb8a055041d56dbad80987c93fea98/url HTTP/1.1
User-Agent: selenium/4.8.1 (java windows)
Cache-Control: no-cache
Content-Type: application/json; charset=utf-8
host: localhost:11490
accept: */*

Response DefaultHttpResponse(decodeResult: success, version: HTTP/1.1)
HTTP/1.1 200 OK
Content-Length: 41
Content-Type: application/json; charset=utf-8
cache-control: no-cache

10:54:43.900 [AsyncHttpClient-1-9] DEBUG org.asynchttpclient.netty.channel.ChannelManager - Adding key: http://localhost:11490 for channel [id: 0x0eb08554, L:/127.0.0.1:58597 - R:localhost/127.0.0.1:11490]
10:54:44.106 [Forwarding getAlertText on session 6ebb8a055041d56dbad80987c93fea98 to remote] DEBUG org.asynchttpclient.netty.request.NettyRequestSender - Using pooled Channel '[id: 0x0eb08554, L:/127.0.0.1:58597 - R:localhost/127.0.0.1:11490]' for 'GET' to 'http://localhost:11490/session/6ebb8a055041d56dbad80987c93fea98/alert/text'
10:54:44.106 [Forwarding getAlertText on session 6ebb8a055041d56dbad80987c93fea98 to remote] DEBUG org.asynchttpclient.netty.request.NettyRequestSender - Using open Channel [id: 0x0eb08554, L:/127.0.0.1:58597 - R:localhost/127.0.0.1:11490] for GET '/session/6ebb8a055041d56dbad80987c93fea98/alert/text'
10:54:44.108 [AsyncHttpClient-1-9] DEBUG org.asynchttpclient.netty.handler.HttpHandler - 

Request DefaultFullHttpRequest(decodeResult: success, version: HTTP/1.1, content: EmptyByteBufBE)
GET /session/6ebb8a055041d56dbad80987c93fea98/alert/text HTTP/1.1
User-Agent: selenium/4.8.1 (java windows)
Cache-Control: no-cache
Content-Type: application/json; charset=utf-8
host: localhost:11490
accept: */*

Response DefaultHttpResponse(decodeResult: success, version: HTTP/1.1)
HTTP/1.1 404 Not Found
Content-Length: 848
Content-Type: application/json; charset=utf-8
cache-control: no-cache

10:54:44.108 [AsyncHttpClient-1-9] DEBUG org.asynchttpclient.netty.channel.ChannelManager - Adding key: http://localhost:11490 for channel [id: 0x0eb08554, L:/127.0.0.1:58597 - R:localhost/127.0.0.1:11490]
10:54:44.114 [Forwarding getCurrentUrl on session 6ebb8a055041d56dbad80987c93fea98 to remote] DEBUG org.asynchttpclient.netty.request.NettyRequestSender - Using pooled Channel '[id: 0x0eb08554, L:/127.0.0.1:58597 - R:localhost/127.0.0.1:11490]' for 'GET' to 'http://localhost:11490/session/6ebb8a055041d56dbad80987c93fea98/url'
10:54:44.114 [Forwarding getCurrentUrl on session 6ebb8a055041d56dbad80987c93fea98 to remote] DEBUG org.asynchttpclient.netty.request.NettyRequestSender - Using open Channel [id: 0x0eb08554, L:/127.0.0.1:58597 - R:localhost/127.0.0.1:11490] for GET '/session/6ebb8a055041d56dbad80987c93fea98/url'
10:54:44.119 [AsyncHttpClient-1-9] DEBUG org.asynchttpclient.netty.handler.HttpHandler - 

Request DefaultFullHttpRequest(decodeResult: success, version: HTTP/1.1, content: EmptyByteBufBE)
GET /session/6ebb8a055041d56dbad80987c93fea98/url HTTP/1.1
User-Agent: selenium/4.8.1 (java windows)
Cache-Control: no-cache
Content-Type: application/json; charset=utf-8
host: localhost:11490
accept: */*

Response DefaultHttpResponse(decodeResult: success, version: HTTP/1.1)
HTTP/1.1 200 OK
Content-Length: 41
Content-Type: application/json; charset=utf-8
cache-control: no-cache

10:54:44.119 [AsyncHttpClient-1-9] DEBUG org.asynchttpclient.netty.channel.ChannelManager - Adding key: http://localhost:11490 for channel [id: 0x0eb08554, L:/127.0.0.1:58597 - R:localhost/127.0.0.1:11490]
10:54:44.120 [Forwarding screenshot on session 6ebb8a055041d56dbad80987c93fea98 to remote] DEBUG org.asynchttpclient.netty.request.NettyRequestSender - Using pooled Channel '[id: 0x0eb08554, L:/127.0.0.1:58597 - R:localhost/127.0.0.1:11490]' for 'GET' to 'http://localhost:11490/session/6ebb8a055041d56dbad80987c93fea98/screenshot'
10:54:44.120 [Forwarding screenshot on session 6ebb8a055041d56dbad80987c93fea98 to remote] DEBUG org.asynchttpclient.netty.request.NettyRequestSender - Using open Channel [id: 0x0eb08554, L:/127.0.0.1:58597 - R:localhost/127.0.0.1:11490] for GET '/session/6ebb8a055041d56dbad80987c93fea98/screenshot'
10:54:44.285 [AsyncHttpClient-1-9] DEBUG org.asynchttpclient.netty.handler.HttpHandler - 

Request DefaultFullHttpRequest(decodeResult: success, version: HTTP/1.1, content: EmptyByteBufBE)
GET /session/6ebb8a055041d56dbad80987c93fea98/screenshot HTTP/1.1
User-Agent: selenium/4.8.1 (java windows)
Cache-Control: no-cache
Content-Type: application/json; charset=utf-8
host: localhost:11490
accept: */*

Response DefaultHttpResponse(decodeResult: success, version: HTTP/1.1)
HTTP/1.1 200 OK
Content-Length: 105484
Content-Type: application/json; charset=utf-8
cache-control: no-cache

10:54:44.285 [AsyncHttpClient-1-9] DEBUG org.asynchttpclient.netty.channel.ChannelManager - Adding key: http://localhost:11490 for channel [id: 0x0eb08554, L:/127.0.0.1:58597 - R:localhost/127.0.0.1:11490]
10:54:44.295 [main] DEBUG net.serenitybdd.core.photography.Darkroom - Send negative for processing for target\site\serenity\b36dd46495325c3d3127fd8de5e6960ec4ebff56634d1f511e24b2778f1e39f7.png
10:54:44.301 [Forwarding getPageSource on session 6ebb8a055041d56dbad80987c93fea98 to remote] DEBUG org.asynchttpclient.netty.request.NettyRequestSender - Using pooled Channel '[id: 0x0eb08554, L:/127.0.0.1:58597 - R:localhost/127.0.0.1:11490]' for 'POST' to 'http://localhost:11490/session/6ebb8a055041d56dbad80987c93fea98/execute/sync'
10:54:44.301 [Forwarding getPageSource on session 6ebb8a055041d56dbad80987c93fea98 to remote] DEBUG org.asynchttpclient.netty.request.NettyRequestSender - Using open Channel [id: 0x0eb08554, L:/127.0.0.1:58597 - R:localhost/127.0.0.1:11490] for POST '/session/6ebb8a055041d56dbad80987c93fea98/execute/sync'
10:54:46.205 [AsyncHttpClient-1-9] DEBUG org.asynchttpclient.netty.handler.HttpHandler - 

Request DefaultHttpRequest(decodeResult: success, version: HTTP/1.1)
POST /session/6ebb8a055041d56dbad80987c93fea98/execute/sync HTTP/1.1
User-Agent: selenium/4.8.1 (java windows)
Content-Length: 176
Content-Type: application/json; charset=utf-8
host: localhost:11490
accept: */*

Response DefaultHttpResponse(decodeResult: success, version: HTTP/1.1)
HTTP/1.1 200 OK
Content-Length: 17448144
Content-Type: application/json; charset=utf-8
cache-control: no-cache

10:54:46.249 [AsyncHttpClient-1-9] DEBUG org.asynchttpclient.netty.channel.ChannelManager - Adding key: http://localhost:11490 for channel [id: 0x0eb08554, L:/127.0.0.1:58597 - R:localhost/127.0.0.1:11490]
10:54:46.818 [AsyncHttpClient-1-1] DEBUG org.asynchttpclient.netty.channel.DefaultChannelPool - Entry count for : http://localhost:11490 : 1
10:54:47.851 [AsyncHttpClient-1-1] DEBUG org.asynchttpclient.netty.channel.DefaultChannelPool - Entry count for : http://localhost:11490 : 1
10:54:48.967 [AsyncHttpClient-1-1] DEBUG org.asynchttpclient.netty.channel.DefaultChannelPool - Entry count for : http://localhost:11490 : 1
10:54:49.703 [Forwarding getCurrentUrl on session 6ebb8a055041d56dbad80987c93fea98 to remote] DEBUG org.asynchttpclient.netty.request.NettyRequestSender - Using pooled Channel '[id: 0x0eb08554, L:/127.0.0.1:58597 - R:localhost/127.0.0.1:11490]' for 'GET' to 'http://localhost:11490/session/6ebb8a055041d56dbad80987c93fea98/url'
10:54:49.703 [Forwarding getCurrentUrl on session 6ebb8a055041d56dbad80987c93fea98 to remote] DEBUG org.asynchttpclient.netty.request.NettyRequestSender - Using open Channel [id: 0x0eb08554, L:/127.0.0.1:58597 - R:localhost/127.0.0.1:11490] for GET '/session/6ebb8a055041d56dbad80987c93fea98/url'
10:54:49.708 [AsyncHttpClient-1-9] DEBUG org.asynchttpclient.netty.handler.HttpHandler - 

Request DefaultFullHttpRequest(decodeResult: success, version: HTTP/1.1, content: EmptyByteBufBE)
GET /session/6ebb8a055041d56dbad80987c93fea98/url HTTP/1.1
User-Agent: selenium/4.8.1 (java windows)
Cache-Control: no-cache
Content-Type: application/json; charset=utf-8
host: localhost:11490
accept: */*

Response DefaultHttpResponse(decodeResult: success, version: HTTP/1.1)
HTTP/1.1 200 OK
Content-Length: 41
Content-Type: application/json; charset=utf-8
cache-control: no-cache

10:54:49.709 [AsyncHttpClient-1-9] DEBUG org.asynchttpclient.netty.channel.ChannelManager - Adding key: http://localhost:11490 for channel [id: 0x0eb08554, L:/127.0.0.1:58597 - R:localhost/127.0.0.1:11490]
10:54:49.820 [main] DEBUG net.thucydides.core.steps.StepInterceptor - STARTING STEP: IntegrationSteps.orderProd - cartProduct
10:54:49.868 [Forwarding findElement on session 6ebb8a055041d56dbad80987c93fea98 to remote] DEBUG org.asynchttpclient.netty.request.NettyRequestSender - Using pooled Channel '[id: 0x0eb08554, L:/127.0.0.1:58597 - R:localhost/127.0.0.1:11490]' for 'POST' to 'http://localhost:11490/session/6ebb8a055041d56dbad80987c93fea98/element'
10:54:49.868 [Forwarding findElement on session 6ebb8a055041d56dbad80987c93fea98 to remote] DEBUG org.asynchttpclient.netty.request.NettyRequestSender - Using open Channel [id: 0x0eb08554, L:/127.0.0.1:58597 - R:localhost/127.0.0.1:11490] for POST '/session/6ebb8a055041d56dbad80987c93fea98/element'
10:54:50.392 [AsyncHttpClient-1-9] DEBUG org.asynchttpclient.netty.handler.HttpHandler - 

Request DefaultHttpRequest(decodeResult: success, version: HTTP/1.1)
POST /session/6ebb8a055041d56dbad80987c93fea98/element HTTP/1.1
User-Agent: selenium/4.8.1 (java windows)
Content-Length: 111
Content-Type: application/json; charset=utf-8
host: localhost:11490
accept: */*

Response DefaultHttpResponse(decodeResult: success, version: HTTP/1.1)
HTTP/1.1 200 OK
Content-Length: 88
Content-Type: application/json; charset=utf-8
cache-control: no-cache

10:54:50.392 [AsyncHttpClient-1-9] DEBUG org.asynchttpclient.netty.channel.ChannelManager - Adding key: http://localhost:11490 for channel [id: 0x0eb08554, L:/127.0.0.1:58597 - R:localhost/127.0.0.1:11490]
10:54:50.394 [Forwarding getElementTagName on session 6ebb8a055041d56dbad80987c93fea98 to remote] DEBUG org.asynchttpclient.netty.request.NettyRequestSender - Using pooled Channel '[id: 0x0eb08554, L:/127.0.0.1:58597 - R:localhost/127.0.0.1:11490]' for 'GET' to 'http://localhost:11490/session/6ebb8a055041d56dbad80987c93fea98/element/c4c19bbe-b77f-473e-a093-16bca8c0bd8c/name'
10:54:50.394 [Forwarding getElementTagName on session 6ebb8a055041d56dbad80987c93fea98 to remote] DEBUG org.asynchttpclient.netty.request.NettyRequestSender - Using open Channel [id: 0x0eb08554, L:/127.0.0.1:58597 - R:localhost/127.0.0.1:11490] for GET '/session/6ebb8a055041d56dbad80987c93fea98/element/c4c19bbe-b77f-473e-a093-16bca8c0bd8c/name'
10:54:50.630 [AsyncHttpClient-1-9] DEBUG org.asynchttpclient.netty.handler.HttpHandler - 

Request DefaultFullHttpRequest(decodeResult: success, version: HTTP/1.1, content: EmptyByteBufBE)
GET /session/6ebb8a055041d56dbad80987c93fea98/element/c4c19bbe-b77f-473e-a093-16bca8c0bd8c/name HTTP/1.1
User-Agent: selenium/4.8.1 (java windows)
Cache-Control: no-cache
Content-Type: application/json; charset=utf-8
host: localhost:11490
accept: */*

Response DefaultHttpResponse(decodeResult: success, version: HTTP/1.1)
HTTP/1.1 200 OK
Content-Length: 18
Content-Type: application/json; charset=utf-8
cache-control: no-cache

10:54:50.630 [AsyncHttpClient-1-9] DEBUG org.asynchttpclient.netty.channel.ChannelManager - Adding key: http://localhost:11490 for channel [id: 0x0eb08554, L:/127.0.0.1:58597 - R:localhost/127.0.0.1:11490]
10:54:50.808 [Forwarding getElementTagName on session 6ebb8a055041d56dbad80987c93fea98 to remote] DEBUG org.asynchttpclient.netty.request.NettyRequestSender - Using pooled Channel '[id: 0x0eb08554, L:/127.0.0.1:58597 - R:localhost/127.0.0.1:11490]' for 'GET' to 'http://localhost:11490/session/6ebb8a055041d56dbad80987c93fea98/element/c4c19bbe-b77f-473e-a093-16bca8c0bd8c/name'
10:54:50.809 [Forwarding getElementTagName on session 6ebb8a055041d56dbad80987c93fea98 to remote] DEBUG org.asynchttpclient.netty.request.NettyRequestSender - Using open Channel [id: 0x0eb08554, L:/127.0.0.1:58597 - R:localhost/127.0.0.1:11490] for GET '/session/6ebb8a055041d56dbad80987c93fea98/element/c4c19bbe-b77f-473e-a093-16bca8c0bd8c/name'
10:54:50.813 [AsyncHttpClient-1-9] DEBUG org.asynchttpclient.netty.handler.HttpHandler - 

Request DefaultFullHttpRequest(decodeResult: success, version: HTTP/1.1, content: EmptyByteBufBE)
GET /session/6ebb8a055041d56dbad80987c93fea98/element/c4c19bbe-b77f-473e-a093-16bca8c0bd8c/name HTTP/1.1
User-Agent: selenium/4.8.1 (java windows)
Cache-Control: no-cache
Content-Type: application/json; charset=utf-8
host: localhost:11490
accept: */*

Response DefaultHttpResponse(decodeResult: success, version: HTTP/1.1)
HTTP/1.1 200 OK
Content-Length: 18
Content-Type: application/json; charset=utf-8
cache-control: no-cache

10:54:50.813 [AsyncHttpClient-1-9] DEBUG org.asynchttpclient.netty.channel.ChannelManager - Adding key: http://localhost:11490 for channel [id: 0x0eb08554, L:/127.0.0.1:58597 - R:localhost/127.0.0.1:11490]
10:54:50.817 [Forwarding isElementEnabled on session 6ebb8a055041d56dbad80987c93fea98 to remote] DEBUG org.asynchttpclient.netty.request.NettyRequestSender - Using pooled Channel '[id: 0x0eb08554, L:/127.0.0.1:58597 - R:localhost/127.0.0.1:11490]' for 'GET' to 'http://localhost:11490/session/6ebb8a055041d56dbad80987c93fea98/element/c4c19bbe-b77f-473e-a093-16bca8c0bd8c/enabled'
10:54:50.817 [Forwarding isElementEnabled on session 6ebb8a055041d56dbad80987c93fea98 to remote] DEBUG org.asynchttpclient.netty.request.NettyRequestSender - Using open Channel [id: 0x0eb08554, L:/127.0.0.1:58597 - R:localhost/127.0.0.1:11490] for GET '/session/6ebb8a055041d56dbad80987c93fea98/element/c4c19bbe-b77f-473e-a093-16bca8c0bd8c/enabled'
10:54:50.829 [AsyncHttpClient-1-9] DEBUG org.asynchttpclient.netty.handler.HttpHandler - 

Request DefaultFullHttpRequest(decodeResult: success, version: HTTP/1.1, content: EmptyByteBufBE)
GET /session/6ebb8a055041d56dbad80987c93fea98/element/c4c19bbe-b77f-473e-a093-16bca8c0bd8c/enabled HTTP/1.1
User-Agent: selenium/4.8.1 (java windows)
Cache-Control: no-cache
Content-Type: application/json; charset=utf-8
host: localhost:11490
accept: */*

Response DefaultHttpResponse(decodeResult: success, version: HTTP/1.1)
HTTP/1.1 200 OK
Content-Length: 14
Content-Type: application/json; charset=utf-8
cache-control: no-cache

10:54:50.829 [AsyncHttpClient-1-9] DEBUG org.asynchttpclient.netty.channel.ChannelManager - Adding key: http://localhost:11490 for channel [id: 0x0eb08554, L:/127.0.0.1:58597 - R:localhost/127.0.0.1:11490]
10:54:50.831 [Forwarding isElementEnabled on session 6ebb8a055041d56dbad80987c93fea98 to remote] DEBUG org.asynchttpclient.netty.request.NettyRequestSender - Using pooled Channel '[id: 0x0eb08554, L:/127.0.0.1:58597 - R:localhost/127.0.0.1:11490]' for 'GET' to 'http://localhost:11490/session/6ebb8a055041d56dbad80987c93fea98/element/c4c19bbe-b77f-473e-a093-16bca8c0bd8c/enabled'
10:54:50.831 [Forwarding isElementEnabled on session 6ebb8a055041d56dbad80987c93fea98 to remote] DEBUG org.asynchttpclient.netty.request.NettyRequestSender - Using open Channel [id: 0x0eb08554, L:/127.0.0.1:58597 - R:localhost/127.0.0.1:11490] for GET '/session/6ebb8a055041d56dbad80987c93fea98/element/c4c19bbe-b77f-473e-a093-16bca8c0bd8c/enabled'
10:54:50.848 [AsyncHttpClient-1-9] DEBUG org.asynchttpclient.netty.handler.HttpHandler - 

Request DefaultFullHttpRequest(decodeResult: success, version: HTTP/1.1, content: EmptyByteBufBE)
GET /session/6ebb8a055041d56dbad80987c93fea98/element/c4c19bbe-b77f-473e-a093-16bca8c0bd8c/enabled HTTP/1.1
User-Agent: selenium/4.8.1 (java windows)
Cache-Control: no-cache
Content-Type: application/json; charset=utf-8
host: localhost:11490
accept: */*

Response DefaultHttpResponse(decodeResult: success, version: HTTP/1.1)
HTTP/1.1 200 OK
Content-Length: 14
Content-Type: application/json; charset=utf-8
cache-control: no-cache

10:54:50.848 [AsyncHttpClient-1-9] DEBUG org.asynchttpclient.netty.channel.ChannelManager - Adding key: http://localhost:11490 for channel [id: 0x0eb08554, L:/127.0.0.1:58597 - R:localhost/127.0.0.1:11490]
10:54:50.852 [Forwarding findElement on session 6ebb8a055041d56dbad80987c93fea98 to remote] DEBUG org.asynchttpclient.netty.request.NettyRequestSender - Using pooled Channel '[id: 0x0eb08554, L:/127.0.0.1:58597 - R:localhost/127.0.0.1:11490]' for 'POST' to 'http://localhost:11490/session/6ebb8a055041d56dbad80987c93fea98/element'
10:54:50.852 [Forwarding findElement on session 6ebb8a055041d56dbad80987c93fea98 to remote] DEBUG org.asynchttpclient.netty.request.NettyRequestSender - Using open Channel [id: 0x0eb08554, L:/127.0.0.1:58597 - R:localhost/127.0.0.1:11490] for POST '/session/6ebb8a055041d56dbad80987c93fea98/element'
10:54:51.109 [AsyncHttpClient-1-9] DEBUG org.asynchttpclient.netty.handler.HttpHandler - 

Request DefaultHttpRequest(decodeResult: success, version: HTTP/1.1)
POST /session/6ebb8a055041d56dbad80987c93fea98/element HTTP/1.1
User-Agent: selenium/4.8.1 (java windows)
Content-Length: 111
Content-Type: application/json; charset=utf-8
host: localhost:11490
accept: */*

Response DefaultHttpResponse(decodeResult: success, version: HTTP/1.1)
HTTP/1.1 200 OK
Content-Length: 88
Content-Type: application/json; charset=utf-8
cache-control: no-cache

10:54:51.109 [AsyncHttpClient-1-9] DEBUG org.asynchttpclient.netty.channel.ChannelManager - Adding key: http://localhost:11490 for channel [id: 0x0eb08554, L:/127.0.0.1:58597 - R:localhost/127.0.0.1:11490]
10:54:51.113 [Forwarding clickElement on session 6ebb8a055041d56dbad80987c93fea98 to remote] DEBUG org.asynchttpclient.netty.request.NettyRequestSender - Using pooled Channel '[id: 0x0eb08554, L:/127.0.0.1:58597 - R:localhost/127.0.0.1:11490]' for 'POST' to 'http://localhost:11490/session/6ebb8a055041d56dbad80987c93fea98/element/c4c19bbe-b77f-473e-a093-16bca8c0bd8c/click'
10:54:51.113 [Forwarding clickElement on session 6ebb8a055041d56dbad80987c93fea98 to remote] DEBUG org.asynchttpclient.netty.request.NettyRequestSender - Using open Channel [id: 0x0eb08554, L:/127.0.0.1:58597 - R:localhost/127.0.0.1:11490] for POST '/session/6ebb8a055041d56dbad80987c93fea98/element/c4c19bbe-b77f-473e-a093-16bca8c0bd8c/click'
10:54:51.902 [AsyncHttpClient-1-9] DEBUG org.asynchttpclient.netty.handler.HttpHandler - 

Request DefaultHttpRequest(decodeResult: success, version: HTTP/1.1)
POST /session/6ebb8a055041d56dbad80987c93fea98/element/c4c19bbe-b77f-473e-a093-16bca8c0bd8c/click HTTP/1.1
User-Agent: selenium/4.8.1 (java windows)
Content-Length: 50
Content-Type: application/json; charset=utf-8
host: localhost:11490
accept: */*

Response DefaultHttpResponse(decodeResult: success, version: HTTP/1.1)
HTTP/1.1 200 OK
Content-Length: 14
Content-Type: application/json; charset=utf-8
cache-control: no-cache

10:54:51.902 [AsyncHttpClient-1-9] DEBUG org.asynchttpclient.netty.channel.ChannelManager - Adding key: http://localhost:11490 for channel [id: 0x0eb08554, L:/127.0.0.1:58597 - R:localhost/127.0.0.1:11490]
10:54:51.917 [Forwarding getAlertText on session 6ebb8a055041d56dbad80987c93fea98 to remote] DEBUG org.asynchttpclient.netty.request.NettyRequestSender - Using pooled Channel '[id: 0x0eb08554, L:/127.0.0.1:58597 - R:localhost/127.0.0.1:11490]' for 'GET' to 'http://localhost:11490/session/6ebb8a055041d56dbad80987c93fea98/alert/text'
10:54:51.917 [Forwarding getAlertText on session 6ebb8a055041d56dbad80987c93fea98 to remote] DEBUG org.asynchttpclient.netty.request.NettyRequestSender - Using open Channel [id: 0x0eb08554, L:/127.0.0.1:58597 - R:localhost/127.0.0.1:11490] for GET '/session/6ebb8a055041d56dbad80987c93fea98/alert/text'
10:54:52.022 [AsyncHttpClient-1-9] DEBUG org.asynchttpclient.netty.handler.HttpHandler - 

Request DefaultFullHttpRequest(decodeResult: success, version: HTTP/1.1, content: EmptyByteBufBE)
GET /session/6ebb8a055041d56dbad80987c93fea98/alert/text HTTP/1.1
User-Agent: selenium/4.8.1 (java windows)
Cache-Control: no-cache
Content-Type: application/json; charset=utf-8
host: localhost:11490
accept: */*

Response DefaultHttpResponse(decodeResult: success, version: HTTP/1.1)
HTTP/1.1 404 Not Found
Content-Length: 848
Content-Type: application/json; charset=utf-8
cache-control: no-cache

10:54:52.022 [AsyncHttpClient-1-9] DEBUG org.asynchttpclient.netty.channel.ChannelManager - Adding key: http://localhost:11490 for channel [id: 0x0eb08554, L:/127.0.0.1:58597 - R:localhost/127.0.0.1:11490]
10:54:52.026 [Forwarding getCurrentUrl on session 6ebb8a055041d56dbad80987c93fea98 to remote] DEBUG org.asynchttpclient.netty.request.NettyRequestSender - Using pooled Channel '[id: 0x0eb08554, L:/127.0.0.1:58597 - R:localhost/127.0.0.1:11490]' for 'GET' to 'http://localhost:11490/session/6ebb8a055041d56dbad80987c93fea98/url'
10:54:52.026 [Forwarding getCurrentUrl on session 6ebb8a055041d56dbad80987c93fea98 to remote] DEBUG org.asynchttpclient.netty.request.NettyRequestSender - Using open Channel [id: 0x0eb08554, L:/127.0.0.1:58597 - R:localhost/127.0.0.1:11490] for GET '/session/6ebb8a055041d56dbad80987c93fea98/url'
10:55:32.060 [AsyncHttpClient-1-9] DEBUG org.asynchttpclient.netty.handler.HttpHandler - 

Request DefaultFullHttpRequest(decodeResult: success, version: HTTP/1.1, content: EmptyByteBufBE)
GET /session/6ebb8a055041d56dbad80987c93fea98/url HTTP/1.1
User-Agent: selenium/4.8.1 (java windows)
Cache-Control: no-cache
Content-Type: application/json; charset=utf-8
host: localhost:11490
accept: */*

Response DefaultHttpResponse(decodeResult: success, version: HTTP/1.1)
HTTP/1.1 200 OK
Content-Length: 46
Content-Type: application/json; charset=utf-8
cache-control: no-cache

10:55:32.061 [AsyncHttpClient-1-9] DEBUG org.asynchttpclient.netty.channel.ChannelManager - Adding key: http://localhost:11490 for channel [id: 0x0eb08554, L:/127.0.0.1:58597 - R:localhost/127.0.0.1:11490]
10:55:32.063 [Forwarding screenshot on session 6ebb8a055041d56dbad80987c93fea98 to remote] DEBUG org.asynchttpclient.netty.request.NettyRequestSender - Using pooled Channel '[id: 0x0eb08554, L:/127.0.0.1:58597 - R:localhost/127.0.0.1:11490]' for 'GET' to 'http://localhost:11490/session/6ebb8a055041d56dbad80987c93fea98/screenshot'
10:55:32.063 [Forwarding screenshot on session 6ebb8a055041d56dbad80987c93fea98 to remote] DEBUG org.asynchttpclient.netty.request.NettyRequestSender - Using open Channel [id: 0x0eb08554, L:/127.0.0.1:58597 - R:localhost/127.0.0.1:11490] for GET '/session/6ebb8a055041d56dbad80987c93fea98/screenshot'
10:55:32.186 [AsyncHttpClient-1-9] DEBUG org.asynchttpclient.netty.handler.HttpHandler - 

Request DefaultFullHttpRequest(decodeResult: success, version: HTTP/1.1, content: EmptyByteBufBE)
GET /session/6ebb8a055041d56dbad80987c93fea98/screenshot HTTP/1.1
User-Agent: selenium/4.8.1 (java windows)
Cache-Control: no-cache
Content-Type: application/json; charset=utf-8
host: localhost:11490
accept: */*

Response DefaultHttpResponse(decodeResult: success, version: HTTP/1.1)
HTTP/1.1 200 OK
Content-Length: 33652
Content-Type: application/json; charset=utf-8
cache-control: no-cache

10:55:32.188 [AsyncHttpClient-1-9] DEBUG org.asynchttpclient.netty.channel.ChannelManager - Adding key: http://localhost:11490 for channel [id: 0x0eb08554, L:/127.0.0.1:58597 - R:localhost/127.0.0.1:11490]
10:55:32.207 [main] DEBUG net.serenitybdd.core.photography.Darkroom - Send negative for processing for target\site\serenity\e927eb32a4b00e98fbec6d057613ee3acbd1d4178b56c1736a689f83956e930d.png
10:55:32.225 [Darkroom Processing Line] DEBUG net.serenitybdd.core.photography.DarkroomProcessingLine - Processing screenshot image in /var/screenshots/screenshot-10564151174575477626
10:55:32.225 [Darkroom Processing Line] DEBUG net.serenitybdd.core.photography.DarkroomProcessingLine - Saving screenshot to target\site\serenity\e927eb32a4b00e98fbec6d057613ee3acbd1d4178b56c1736a689f83956e930d.png
10:55:32.225 [main] DEBUG net.thucydides.core.steps.StepInterceptor - STEP DONE: cartProduct
10:55:32.351 [Forwarding getAlertText on session 6ebb8a055041d56dbad80987c93fea98 to remote] DEBUG org.asynchttpclient.netty.request.NettyRequestSender - Using pooled Channel '[id: 0x0eb08554, L:/127.0.0.1:58597 - R:localhost/127.0.0.1:11490]' for 'GET' to 'http://localhost:11490/session/6ebb8a055041d56dbad80987c93fea98/alert/text'
10:55:32.351 [Forwarding getAlertText on session 6ebb8a055041d56dbad80987c93fea98 to remote] DEBUG org.asynchttpclient.netty.request.NettyRequestSender - Using open Channel [id: 0x0eb08554, L:/127.0.0.1:58597 - R:localhost/127.0.0.1:11490] for GET '/session/6ebb8a055041d56dbad80987c93fea98/alert/text'
10:55:32.358 [AsyncHttpClient-1-9] DEBUG org.asynchttpclient.netty.handler.HttpHandler - 

Request DefaultFullHttpRequest(decodeResult: success, version: HTTP/1.1, content: EmptyByteBufBE)
GET /session/6ebb8a055041d56dbad80987c93fea98/alert/text HTTP/1.1
User-Agent: selenium/4.8.1 (java windows)
Cache-Control: no-cache
Content-Type: application/json; charset=utf-8
host: localhost:11490
accept: */*

Response DefaultHttpResponse(decodeResult: success, version: HTTP/1.1)
HTTP/1.1 404 Not Found
Content-Length: 848
Content-Type: application/json; charset=utf-8
cache-control: no-cache

10:55:32.358 [AsyncHttpClient-1-9] DEBUG org.asynchttpclient.netty.channel.ChannelManager - Adding key: http://localhost:11490 for channel [id: 0x0eb08554, L:/127.0.0.1:58597 - R:localhost/127.0.0.1:11490]
10:55:32.360 [Forwarding getCurrentUrl on session 6ebb8a055041d56dbad80987c93fea98 to remote] DEBUG org.asynchttpclient.netty.request.NettyRequestSender - Using pooled Channel '[id: 0x0eb08554, L:/127.0.0.1:58597 - R:localhost/127.0.0.1:11490]' for 'GET' to 'http://localhost:11490/session/6ebb8a055041d56dbad80987c93fea98/url'
10:55:32.360 [Forwarding getCurrentUrl on session 6ebb8a055041d56dbad80987c93fea98 to remote] DEBUG org.asynchttpclient.netty.request.NettyRequestSender - Using open Channel [id: 0x0eb08554, L:/127.0.0.1:58597 - R:localhost/127.0.0.1:11490] for GET '/session/6ebb8a055041d56dbad80987c93fea98/url'
10:55:32.368 [AsyncHttpClient-1-9] DEBUG org.asynchttpclient.netty.handler.HttpHandler - 

Request DefaultFullHttpRequest(decodeResult: success, version: HTTP/1.1, content: EmptyByteBufBE)
GET /session/6ebb8a055041d56dbad80987c93fea98/url HTTP/1.1
User-Agent: selenium/4.8.1 (java windows)
Cache-Control: no-cache
Content-Type: application/json; charset=utf-8
host: localhost:11490
accept: */*

Response DefaultHttpResponse(decodeResult: success, version: HTTP/1.1)
HTTP/1.1 200 OK
Content-Length: 46
Content-Type: application/json; charset=utf-8
cache-control: no-cache

10:55:32.368 [AsyncHttpClient-1-9] DEBUG org.asynchttpclient.netty.channel.ChannelManager - Adding key: http://localhost:11490 for channel [id: 0x0eb08554, L:/127.0.0.1:58597 - R:localhost/127.0.0.1:11490]
10:55:32.369 [Forwarding screenshot on session 6ebb8a055041d56dbad80987c93fea98 to remote] DEBUG org.asynchttpclient.netty.request.NettyRequestSender - Using pooled Channel '[id: 0x0eb08554, L:/127.0.0.1:58597 - R:localhost/127.0.0.1:11490]' for 'GET' to 'http://localhost:11490/session/6ebb8a055041d56dbad80987c93fea98/screenshot'
10:55:32.369 [Forwarding screenshot on session 6ebb8a055041d56dbad80987c93fea98 to remote] DEBUG org.asynchttpclient.netty.request.NettyRequestSender - Using open Channel [id: 0x0eb08554, L:/127.0.0.1:58597 - R:localhost/127.0.0.1:11490] for GET '/session/6ebb8a055041d56dbad80987c93fea98/screenshot'
10:55:32.482 [AsyncHttpClient-1-9] DEBUG org.asynchttpclient.netty.handler.HttpHandler - 

Request DefaultFullHttpRequest(decodeResult: success, version: HTTP/1.1, content: EmptyByteBufBE)
GET /session/6ebb8a055041d56dbad80987c93fea98/screenshot HTTP/1.1
User-Agent: selenium/4.8.1 (java windows)
Cache-Control: no-cache
Content-Type: application/json; charset=utf-8
host: localhost:11490
accept: */*

Response DefaultHttpResponse(decodeResult: success, version: HTTP/1.1)
HTTP/1.1 200 OK
Content-Length: 33652
Content-Type: application/json; charset=utf-8
cache-control: no-cache

10:55:32.484 [AsyncHttpClient-1-9] DEBUG org.asynchttpclient.netty.channel.ChannelManager - Adding key: http://localhost:11490 for channel [id: 0x0eb08554, L:/127.0.0.1:58597 - R:localhost/127.0.0.1:11490]
10:55:32.487 [main] DEBUG net.serenitybdd.core.photography.Darkroom - Send negative for processing for target\site\serenity\e927eb32a4b00e98fbec6d057613ee3acbd1d4178b56c1736a689f83956e930d.png
10:55:32.490 [Forwarding getPageSource on session 6ebb8a055041d56dbad80987c93fea98 to remote] DEBUG org.asynchttpclient.netty.request.NettyRequestSender - Using pooled Channel '[id: 0x0eb08554, L:/127.0.0.1:58597 - R:localhost/127.0.0.1:11490]' for 'POST' to 'http://localhost:11490/session/6ebb8a055041d56dbad80987c93fea98/execute/sync'
10:55:32.490 [Forwarding getPageSource on session 6ebb8a055041d56dbad80987c93fea98 to remote] DEBUG org.asynchttpclient.netty.request.NettyRequestSender - Using open Channel [id: 0x0eb08554, L:/127.0.0.1:58597 - R:localhost/127.0.0.1:11490] for POST '/session/6ebb8a055041d56dbad80987c93fea98/execute/sync'
10:55:32.498 [AsyncHttpClient-1-9] DEBUG org.asynchttpclient.netty.handler.HttpHandler - 

Request DefaultHttpRequest(decodeResult: success, version: HTTP/1.1)
POST /session/6ebb8a055041d56dbad80987c93fea98/execute/sync HTTP/1.1
User-Agent: selenium/4.8.1 (java windows)
Content-Length: 176
Content-Type: application/json; charset=utf-8
host: localhost:11490
accept: */*

Response DefaultHttpResponse(decodeResult: success, version: HTTP/1.1)
HTTP/1.1 200 OK
Content-Length: 22058
Content-Type: application/json; charset=utf-8
cache-control: no-cache

10:55:32.498 [AsyncHttpClient-1-9] DEBUG org.asynchttpclient.netty.channel.ChannelManager - Adding key: http://localhost:11490 for channel [id: 0x0eb08554, L:/127.0.0.1:58597 - R:localhost/127.0.0.1:11490]
10:55:32.502 [Forwarding getCurrentUrl on session 6ebb8a055041d56dbad80987c93fea98 to remote] DEBUG org.asynchttpclient.netty.request.NettyRequestSender - Using pooled Channel '[id: 0x0eb08554, L:/127.0.0.1:58597 - R:localhost/127.0.0.1:11490]' for 'GET' to 'http://localhost:11490/session/6ebb8a055041d56dbad80987c93fea98/url'
10:55:32.502 [Forwarding getCurrentUrl on session 6ebb8a055041d56dbad80987c93fea98 to remote] DEBUG org.asynchttpclient.netty.request.NettyRequestSender - Using open Channel [id: 0x0eb08554, L:/127.0.0.1:58597 - R:localhost/127.0.0.1:11490] for GET '/session/6ebb8a055041d56dbad80987c93fea98/url'
10:55:32.506 [AsyncHttpClient-1-9] DEBUG org.asynchttpclient.netty.handler.HttpHandler - 

Request DefaultFullHttpRequest(decodeResult: success, version: HTTP/1.1, content: EmptyByteBufBE)
GET /session/6ebb8a055041d56dbad80987c93fea98/url HTTP/1.1
User-Agent: selenium/4.8.1 (java windows)
Cache-Control: no-cache
Content-Type: application/json; charset=utf-8
host: localhost:11490
accept: */*

Response DefaultHttpResponse(decodeResult: success, version: HTTP/1.1)
HTTP/1.1 200 OK
Content-Length: 46
Content-Type: application/json; charset=utf-8
cache-control: no-cache

10:55:32.506 [AsyncHttpClient-1-9] DEBUG org.asynchttpclient.netty.channel.ChannelManager - Adding key: http://localhost:11490 for channel [id: 0x0eb08554, L:/127.0.0.1:58597 - R:localhost/127.0.0.1:11490]
10:55:32.509 [main] DEBUG net.thucydides.core.steps.StepInterceptor - STARTING STEP: IntegrationSteps.orderProd - bayarButtonDisplayed
10:55:32.517 [Forwarding setTimeout on session 6ebb8a055041d56dbad80987c93fea98 to remote] DEBUG org.asynchttpclient.netty.request.NettyRequestSender - Using pooled Channel '[id: 0x0eb08554, L:/127.0.0.1:58597 - R:localhost/127.0.0.1:11490]' for 'POST' to 'http://localhost:11490/session/6ebb8a055041d56dbad80987c93fea98/timeouts'
10:55:32.517 [Forwarding setTimeout on session 6ebb8a055041d56dbad80987c93fea98 to remote] DEBUG org.asynchttpclient.netty.request.NettyRequestSender - Using open Channel [id: 0x0eb08554, L:/127.0.0.1:58597 - R:localhost/127.0.0.1:11490] for POST '/session/6ebb8a055041d56dbad80987c93fea98/timeouts'
10:55:32.519 [AsyncHttpClient-1-9] DEBUG org.asynchttpclient.netty.handler.HttpHandler - 

Request DefaultHttpRequest(decodeResult: success, version: HTTP/1.1)
POST /session/6ebb8a055041d56dbad80987c93fea98/timeouts HTTP/1.1
User-Agent: selenium/4.8.1 (java windows)
Content-Length: 19
Content-Type: application/json; charset=utf-8
host: localhost:11490
accept: */*

Response DefaultHttpResponse(decodeResult: success, version: HTTP/1.1)
HTTP/1.1 200 OK
Content-Length: 14
Content-Type: application/json; charset=utf-8
cache-control: no-cache

10:55:32.519 [AsyncHttpClient-1-9] DEBUG org.asynchttpclient.netty.channel.ChannelManager - Adding key: http://localhost:11490 for channel [id: 0x0eb08554, L:/127.0.0.1:58597 - R:localhost/127.0.0.1:11490]
10:55:32.524 [Forwarding findElements on session 6ebb8a055041d56dbad80987c93fea98 to remote] DEBUG org.asynchttpclient.netty.request.NettyRequestSender - Using pooled Channel '[id: 0x0eb08554, L:/127.0.0.1:58597 - R:localhost/127.0.0.1:11490]' for 'POST' to 'http://localhost:11490/session/6ebb8a055041d56dbad80987c93fea98/elements'
10:55:32.524 [Forwarding findElements on session 6ebb8a055041d56dbad80987c93fea98 to remote] DEBUG org.asynchttpclient.netty.request.NettyRequestSender - Using open Channel [id: 0x0eb08554, L:/127.0.0.1:58597 - R:localhost/127.0.0.1:11490] for POST '/session/6ebb8a055041d56dbad80987c93fea98/elements'
10:55:32.542 [AsyncHttpClient-1-9] DEBUG org.asynchttpclient.netty.handler.HttpHandler - 

Request DefaultHttpRequest(decodeResult: success, version: HTTP/1.1)
POST /session/6ebb8a055041d56dbad80987c93fea98/elements HTTP/1.1
User-Agent: selenium/4.8.1 (java windows)
Content-Length: 222
Content-Type: application/json; charset=utf-8
host: localhost:11490
accept: */*

Response DefaultHttpResponse(decodeResult: success, version: HTTP/1.1)
HTTP/1.1 200 OK
Content-Length: 90
Content-Type: application/json; charset=utf-8
cache-control: no-cache

10:55:32.542 [AsyncHttpClient-1-9] DEBUG org.asynchttpclient.netty.channel.ChannelManager - Adding key: http://localhost:11490 for channel [id: 0x0eb08554, L:/127.0.0.1:58597 - R:localhost/127.0.0.1:11490]
10:55:32.560 [Forwarding isElementDisplayed on session 6ebb8a055041d56dbad80987c93fea98 to remote] DEBUG org.asynchttpclient.netty.request.NettyRequestSender - Using pooled Channel '[id: 0x0eb08554, L:/127.0.0.1:58597 - R:localhost/127.0.0.1:11490]' for 'POST' to 'http://localhost:11490/session/6ebb8a055041d56dbad80987c93fea98/execute/sync'
10:55:32.560 [Forwarding isElementDisplayed on session 6ebb8a055041d56dbad80987c93fea98 to remote] DEBUG org.asynchttpclient.netty.request.NettyRequestSender - Using open Channel [id: 0x0eb08554, L:/127.0.0.1:58597 - R:localhost/127.0.0.1:11490] for POST '/session/6ebb8a055041d56dbad80987c93fea98/execute/sync'
10:55:32.578 [AsyncHttpClient-1-9] DEBUG org.asynchttpclient.netty.handler.HttpHandler - 

Request DefaultHttpRequest(decodeResult: success, version: HTTP/1.1)
POST /session/6ebb8a055041d56dbad80987c93fea98/execute/sync HTTP/1.1
User-Agent: selenium/4.8.1 (java windows)
Content-Length: 48807
Content-Type: application/json; charset=utf-8
host: localhost:11490
accept: */*

Response DefaultHttpResponse(decodeResult: success, version: HTTP/1.1)
HTTP/1.1 200 OK
Content-Length: 14
Content-Type: application/json; charset=utf-8
cache-control: no-cache

10:55:32.578 [AsyncHttpClient-1-9] DEBUG org.asynchttpclient.netty.channel.ChannelManager - Adding key: http://localhost:11490 for channel [id: 0x0eb08554, L:/127.0.0.1:58597 - R:localhost/127.0.0.1:11490]
10:55:32.583 [Forwarding findElements on session 6ebb8a055041d56dbad80987c93fea98 to remote] DEBUG org.asynchttpclient.netty.request.NettyRequestSender - Using pooled Channel '[id: 0x0eb08554, L:/127.0.0.1:58597 - R:localhost/127.0.0.1:11490]' for 'POST' to 'http://localhost:11490/session/6ebb8a055041d56dbad80987c93fea98/elements'
10:55:32.583 [Forwarding findElements on session 6ebb8a055041d56dbad80987c93fea98 to remote] DEBUG org.asynchttpclient.netty.request.NettyRequestSender - Using open Channel [id: 0x0eb08554, L:/127.0.0.1:58597 - R:localhost/127.0.0.1:11490] for POST '/session/6ebb8a055041d56dbad80987c93fea98/elements'
10:55:32.591 [AsyncHttpClient-1-9] DEBUG org.asynchttpclient.netty.handler.HttpHandler - 

Request DefaultHttpRequest(decodeResult: success, version: HTTP/1.1)
POST /session/6ebb8a055041d56dbad80987c93fea98/elements HTTP/1.1
User-Agent: selenium/4.8.1 (java windows)
Content-Length: 222
Content-Type: application/json; charset=utf-8
host: localhost:11490
accept: */*

Response DefaultHttpResponse(decodeResult: success, version: HTTP/1.1)
HTTP/1.1 200 OK
Content-Length: 90
Content-Type: application/json; charset=utf-8
cache-control: no-cache

10:55:32.591 [AsyncHttpClient-1-9] DEBUG org.asynchttpclient.netty.channel.ChannelManager - Adding key: http://localhost:11490 for channel [id: 0x0eb08554, L:/127.0.0.1:58597 - R:localhost/127.0.0.1:11490]
10:55:32.594 [Forwarding setTimeout on session 6ebb8a055041d56dbad80987c93fea98 to remote] DEBUG org.asynchttpclient.netty.request.NettyRequestSender - Using pooled Channel '[id: 0x0eb08554, L:/127.0.0.1:58597 - R:localhost/127.0.0.1:11490]' for 'POST' to 'http://localhost:11490/session/6ebb8a055041d56dbad80987c93fea98/timeouts'
10:55:32.594 [Forwarding setTimeout on session 6ebb8a055041d56dbad80987c93fea98 to remote] DEBUG org.asynchttpclient.netty.request.NettyRequestSender - Using open Channel [id: 0x0eb08554, L:/127.0.0.1:58597 - R:localhost/127.0.0.1:11490] for POST '/session/6ebb8a055041d56dbad80987c93fea98/timeouts'
10:55:32.595 [AsyncHttpClient-1-9] DEBUG org.asynchttpclient.netty.handler.HttpHandler - 

Request DefaultHttpRequest(decodeResult: success, version: HTTP/1.1)
POST /session/6ebb8a055041d56dbad80987c93fea98/timeouts HTTP/1.1
User-Agent: selenium/4.8.1 (java windows)
Content-Length: 22
Content-Type: application/json; charset=utf-8
host: localhost:11490
accept: */*

Response DefaultHttpResponse(decodeResult: success, version: HTTP/1.1)
HTTP/1.1 200 OK
Content-Length: 14
Content-Type: application/json; charset=utf-8
cache-control: no-cache

10:55:32.595 [AsyncHttpClient-1-9] DEBUG org.asynchttpclient.netty.channel.ChannelManager - Adding key: http://localhost:11490 for channel [id: 0x0eb08554, L:/127.0.0.1:58597 - R:localhost/127.0.0.1:11490]
10:55:32.600 [Forwarding isElementDisplayed on session 6ebb8a055041d56dbad80987c93fea98 to remote] DEBUG org.asynchttpclient.netty.request.NettyRequestSender - Using pooled Channel '[id: 0x0eb08554, L:/127.0.0.1:58597 - R:localhost/127.0.0.1:11490]' for 'POST' to 'http://localhost:11490/session/6ebb8a055041d56dbad80987c93fea98/execute/sync'
10:55:32.600 [Forwarding isElementDisplayed on session 6ebb8a055041d56dbad80987c93fea98 to remote] DEBUG org.asynchttpclient.netty.request.NettyRequestSender - Using open Channel [id: 0x0eb08554, L:/127.0.0.1:58597 - R:localhost/127.0.0.1:11490] for POST '/session/6ebb8a055041d56dbad80987c93fea98/execute/sync'
10:55:32.617 [AsyncHttpClient-1-9] DEBUG org.asynchttpclient.netty.handler.HttpHandler - 

Request DefaultHttpRequest(decodeResult: success, version: HTTP/1.1)
POST /session/6ebb8a055041d56dbad80987c93fea98/execute/sync HTTP/1.1
User-Agent: selenium/4.8.1 (java windows)
Content-Length: 48807
Content-Type: application/json; charset=utf-8
host: localhost:11490
accept: */*

Response DefaultHttpResponse(decodeResult: success, version: HTTP/1.1)
HTTP/1.1 200 OK
Content-Length: 14
Content-Type: application/json; charset=utf-8
cache-control: no-cache

10:55:32.618 [AsyncHttpClient-1-9] DEBUG org.asynchttpclient.netty.channel.ChannelManager - Adding key: http://localhost:11490 for channel [id: 0x0eb08554, L:/127.0.0.1:58597 - R:localhost/127.0.0.1:11490]
10:55:32.627 [Forwarding getAlertText on session 6ebb8a055041d56dbad80987c93fea98 to remote] DEBUG org.asynchttpclient.netty.request.NettyRequestSender - Using pooled Channel '[id: 0x0eb08554, L:/127.0.0.1:58597 - R:localhost/127.0.0.1:11490]' for 'GET' to 'http://localhost:11490/session/6ebb8a055041d56dbad80987c93fea98/alert/text'
10:55:32.627 [Forwarding getAlertText on session 6ebb8a055041d56dbad80987c93fea98 to remote] DEBUG org.asynchttpclient.netty.request.NettyRequestSender - Using open Channel [id: 0x0eb08554, L:/127.0.0.1:58597 - R:localhost/127.0.0.1:11490] for GET '/session/6ebb8a055041d56dbad80987c93fea98/alert/text'
10:55:32.629 [AsyncHttpClient-1-9] DEBUG org.asynchttpclient.netty.handler.HttpHandler - 

Request DefaultFullHttpRequest(decodeResult: success, version: HTTP/1.1, content: EmptyByteBufBE)
GET /session/6ebb8a055041d56dbad80987c93fea98/alert/text HTTP/1.1
User-Agent: selenium/4.8.1 (java windows)
Cache-Control: no-cache
Content-Type: application/json; charset=utf-8
host: localhost:11490
accept: */*

Response DefaultHttpResponse(decodeResult: success, version: HTTP/1.1)
HTTP/1.1 404 Not Found
Content-Length: 848
Content-Type: application/json; charset=utf-8
cache-control: no-cache

10:55:32.629 [AsyncHttpClient-1-9] DEBUG org.asynchttpclient.netty.channel.ChannelManager - Adding key: http://localhost:11490 for channel [id: 0x0eb08554, L:/127.0.0.1:58597 - R:localhost/127.0.0.1:11490]
10:55:32.630 [Forwarding getCurrentUrl on session 6ebb8a055041d56dbad80987c93fea98 to remote] DEBUG org.asynchttpclient.netty.request.NettyRequestSender - Using pooled Channel '[id: 0x0eb08554, L:/127.0.0.1:58597 - R:localhost/127.0.0.1:11490]' for 'GET' to 'http://localhost:11490/session/6ebb8a055041d56dbad80987c93fea98/url'
10:55:32.630 [Forwarding getCurrentUrl on session 6ebb8a055041d56dbad80987c93fea98 to remote] DEBUG org.asynchttpclient.netty.request.NettyRequestSender - Using open Channel [id: 0x0eb08554, L:/127.0.0.1:58597 - R:localhost/127.0.0.1:11490] for GET '/session/6ebb8a055041d56dbad80987c93fea98/url'
10:55:32.635 [AsyncHttpClient-1-9] DEBUG org.asynchttpclient.netty.handler.HttpHandler - 

Request DefaultFullHttpRequest(decodeResult: success, version: HTTP/1.1, content: EmptyByteBufBE)
GET /session/6ebb8a055041d56dbad80987c93fea98/url HTTP/1.1
User-Agent: selenium/4.8.1 (java windows)
Cache-Control: no-cache
Content-Type: application/json; charset=utf-8
host: localhost:11490
accept: */*

Response DefaultHttpResponse(decodeResult: success, version: HTTP/1.1)
HTTP/1.1 200 OK
Content-Length: 46
Content-Type: application/json; charset=utf-8
cache-control: no-cache

10:55:32.635 [AsyncHttpClient-1-9] DEBUG org.asynchttpclient.netty.channel.ChannelManager - Adding key: http://localhost:11490 for channel [id: 0x0eb08554, L:/127.0.0.1:58597 - R:localhost/127.0.0.1:11490]
10:55:32.636 [Forwarding screenshot on session 6ebb8a055041d56dbad80987c93fea98 to remote] DEBUG org.asynchttpclient.netty.request.NettyRequestSender - Using pooled Channel '[id: 0x0eb08554, L:/127.0.0.1:58597 - R:localhost/127.0.0.1:11490]' for 'GET' to 'http://localhost:11490/session/6ebb8a055041d56dbad80987c93fea98/screenshot'
10:55:32.636 [Forwarding screenshot on session 6ebb8a055041d56dbad80987c93fea98 to remote] DEBUG org.asynchttpclient.netty.request.NettyRequestSender - Using open Channel [id: 0x0eb08554, L:/127.0.0.1:58597 - R:localhost/127.0.0.1:11490] for GET '/session/6ebb8a055041d56dbad80987c93fea98/screenshot'
10:55:32.761 [AsyncHttpClient-1-9] DEBUG org.asynchttpclient.netty.handler.HttpHandler - 

Request DefaultFullHttpRequest(decodeResult: success, version: HTTP/1.1, content: EmptyByteBufBE)
GET /session/6ebb8a055041d56dbad80987c93fea98/screenshot HTTP/1.1
User-Agent: selenium/4.8.1 (java windows)
Cache-Control: no-cache
Content-Type: application/json; charset=utf-8
host: localhost:11490
accept: */*

Response DefaultHttpResponse(decodeResult: success, version: HTTP/1.1)
HTTP/1.1 200 OK
Content-Length: 33652
Content-Type: application/json; charset=utf-8
cache-control: no-cache

10:55:32.761 [AsyncHttpClient-1-9] DEBUG org.asynchttpclient.netty.channel.ChannelManager - Adding key: http://localhost:11490 for channel [id: 0x0eb08554, L:/127.0.0.1:58597 - R:localhost/127.0.0.1:11490]
10:55:32.763 [main] DEBUG net.serenitybdd.core.photography.Darkroom - Send negative for processing for target\site\serenity\e927eb32a4b00e98fbec6d057613ee3acbd1d4178b56c1736a689f83956e930d.png
10:55:32.763 [main] DEBUG net.thucydides.core.steps.StepInterceptor - STEP DONE: bayarButtonDisplayed
  &amp#27;[32mAnd &amp#27;[0m&amp#27;[32mUser successfully order&amp#27;[0m                                                                &amp#27;[90m# starter.stepdefinition.IntegrationSteps.orderProd()&amp#27;[0m
10:55:32.802 [Forwarding getPageSource on session 6ebb8a055041d56dbad80987c93fea98 to remote] DEBUG org.asynchttpclient.netty.request.NettyRequestSender - Using pooled Channel '[id: 0x0eb08554, L:/127.0.0.1:58597 - R:localhost/127.0.0.1:11490]' for 'POST' to 'http://localhost:11490/session/6ebb8a055041d56dbad80987c93fea98/execute/sync'
10:55:32.802 [Forwarding getPageSource on session 6ebb8a055041d56dbad80987c93fea98 to remote] DEBUG org.asynchttpclient.netty.request.NettyRequestSender - Using open Channel [id: 0x0eb08554, L:/127.0.0.1:58597 - R:localhost/127.0.0.1:11490] for POST '/session/6ebb8a055041d56dbad80987c93fea98/execute/sync'
10:55:32.808 [AsyncHttpClient-1-9] DEBUG org.asynchttpclient.netty.handler.HttpHandler - 

Request DefaultHttpRequest(decodeResult: success, version: HTTP/1.1)
POST /session/6ebb8a055041d56dbad80987c93fea98/execute/sync HTTP/1.1
User-Agent: selenium/4.8.1 (java windows)
Content-Length: 176
Content-Type: application/json; charset=utf-8
host: localhost:11490
accept: */*

Response DefaultHttpResponse(decodeResult: success, version: HTTP/1.1)
HTTP/1.1 200 OK
Content-Length: 22058
Content-Type: application/json; charset=utf-8
cache-control: no-cache

10:55:32.808 [AsyncHttpClient-1-9] DEBUG org.asynchttpclient.netty.channel.ChannelManager - Adding key: http://localhost:11490 for channel [id: 0x0eb08554, L:/127.0.0.1:58597 - R:localhost/127.0.0.1:11490]
10:55:32.811 [Forwarding getCurrentUrl on session 6ebb8a055041d56dbad80987c93fea98 to remote] DEBUG org.asynchttpclient.netty.request.NettyRequestSender - Using pooled Channel '[id: 0x0eb08554, L:/127.0.0.1:58597 - R:localhost/127.0.0.1:11490]' for 'GET' to 'http://localhost:11490/session/6ebb8a055041d56dbad80987c93fea98/url'
10:55:32.811 [Forwarding getCurrentUrl on session 6ebb8a055041d56dbad80987c93fea98 to remote] DEBUG org.asynchttpclient.netty.request.NettyRequestSender - Using open Channel [id: 0x0eb08554, L:/127.0.0.1:58597 - R:localhost/127.0.0.1:11490] for GET '/session/6ebb8a055041d56dbad80987c93fea98/url'
10:55:32.815 [AsyncHttpClient-1-9] DEBUG org.asynchttpclient.netty.handler.HttpHandler - 

Request DefaultFullHttpRequest(decodeResult: success, version: HTTP/1.1, content: EmptyByteBufBE)
GET /session/6ebb8a055041d56dbad80987c93fea98/url HTTP/1.1
User-Agent: selenium/4.8.1 (java windows)
Cache-Control: no-cache
Content-Type: application/json; charset=utf-8
host: localhost:11490
accept: */*

Response DefaultHttpResponse(decodeResult: success, version: HTTP/1.1)
HTTP/1.1 200 OK
Content-Length: 46
Content-Type: application/json; charset=utf-8
cache-control: no-cache

10:55:32.815 [AsyncHttpClient-1-9] DEBUG org.asynchttpclient.netty.channel.ChannelManager - Adding key: http://localhost:11490 for channel [id: 0x0eb08554, L:/127.0.0.1:58597 - R:localhost/127.0.0.1:11490]
10:55:32.834 [Forwarding getAlertText on session 6ebb8a055041d56dbad80987c93fea98 to remote] DEBUG org.asynchttpclient.netty.request.NettyRequestSender - Using pooled Channel '[id: 0x0eb08554, L:/127.0.0.1:58597 - R:localhost/127.0.0.1:11490]' for 'GET' to 'http://localhost:11490/session/6ebb8a055041d56dbad80987c93fea98/alert/text'
10:55:32.834 [Forwarding getAlertText on session 6ebb8a055041d56dbad80987c93fea98 to remote] DEBUG org.asynchttpclient.netty.request.NettyRequestSender - Using open Channel [id: 0x0eb08554, L:/127.0.0.1:58597 - R:localhost/127.0.0.1:11490] for GET '/session/6ebb8a055041d56dbad80987c93fea98/alert/text'
10:55:32.836 [AsyncHttpClient-1-9] DEBUG org.asynchttpclient.netty.handler.HttpHandler - 

Request DefaultFullHttpRequest(decodeResult: success, version: HTTP/1.1, content: EmptyByteBufBE)
GET /session/6ebb8a055041d56dbad80987c93fea98/alert/text HTTP/1.1
User-Agent: selenium/4.8.1 (java windows)
Cache-Control: no-cache
Content-Type: application/json; charset=utf-8
host: localhost:11490
accept: */*

Response DefaultHttpResponse(decodeResult: success, version: HTTP/1.1)
HTTP/1.1 404 Not Found
Content-Length: 848
Content-Type: application/json; charset=utf-8
cache-control: no-cache

10:55:32.836 [AsyncHttpClient-1-9] DEBUG org.asynchttpclient.netty.channel.ChannelManager - Adding key: http://localhost:11490 for channel [id: 0x0eb08554, L:/127.0.0.1:58597 - R:localhost/127.0.0.1:11490]
10:55:32.837 [Forwarding getCurrentUrl on session 6ebb8a055041d56dbad80987c93fea98 to remote] DEBUG org.asynchttpclient.netty.request.NettyRequestSender - Using pooled Channel '[id: 0x0eb08554, L:/127.0.0.1:58597 - R:localhost/127.0.0.1:11490]' for 'GET' to 'http://localhost:11490/session/6ebb8a055041d56dbad80987c93fea98/url'
10:55:32.837 [Forwarding getCurrentUrl on session 6ebb8a055041d56dbad80987c93fea98 to remote] DEBUG org.asynchttpclient.netty.request.NettyRequestSender - Using open Channel [id: 0x0eb08554, L:/127.0.0.1:58597 - R:localhost/127.0.0.1:11490] for GET '/session/6ebb8a055041d56dbad80987c93fea98/url'
10:55:32.840 [AsyncHttpClient-1-9] DEBUG org.asynchttpclient.netty.handler.HttpHandler - 

Request DefaultFullHttpRequest(decodeResult: success, version: HTTP/1.1, content: EmptyByteBufBE)
GET /session/6ebb8a055041d56dbad80987c93fea98/url HTTP/1.1
User-Agent: selenium/4.8.1 (java windows)
Cache-Control: no-cache
Content-Type: application/json; charset=utf-8
host: localhost:11490
accept: */*

Response DefaultHttpResponse(decodeResult: success, version: HTTP/1.1)
HTTP/1.1 200 OK
Content-Length: 46
Content-Type: application/json; charset=utf-8
cache-control: no-cache

10:55:32.840 [AsyncHttpClient-1-9] DEBUG org.asynchttpclient.netty.channel.ChannelManager - Adding key: http://localhost:11490 for channel [id: 0x0eb08554, L:/127.0.0.1:58597 - R:localhost/127.0.0.1:11490]
10:55:32.841 [Forwarding screenshot on session 6ebb8a055041d56dbad80987c93fea98 to remote] DEBUG org.asynchttpclient.netty.request.NettyRequestSender - Using pooled Channel '[id: 0x0eb08554, L:/127.0.0.1:58597 - R:localhost/127.0.0.1:11490]' for 'GET' to 'http://localhost:11490/session/6ebb8a055041d56dbad80987c93fea98/screenshot'
10:55:32.841 [Forwarding screenshot on session 6ebb8a055041d56dbad80987c93fea98 to remote] DEBUG org.asynchttpclient.netty.request.NettyRequestSender - Using open Channel [id: 0x0eb08554, L:/127.0.0.1:58597 - R:localhost/127.0.0.1:11490] for GET '/session/6ebb8a055041d56dbad80987c93fea98/screenshot'
10:55:32.967 [AsyncHttpClient-1-9] DEBUG org.asynchttpclient.netty.handler.HttpHandler - 

Request DefaultFullHttpRequest(decodeResult: success, version: HTTP/1.1, content: EmptyByteBufBE)
GET /session/6ebb8a055041d56dbad80987c93fea98/screenshot HTTP/1.1
User-Agent: selenium/4.8.1 (java windows)
Cache-Control: no-cache
Content-Type: application/json; charset=utf-8
host: localhost:11490
accept: */*

Response DefaultHttpResponse(decodeResult: success, version: HTTP/1.1)
HTTP/1.1 200 OK
Content-Length: 33652
Content-Type: application/json; charset=utf-8
cache-control: no-cache

10:55:32.967 [AsyncHttpClient-1-9] DEBUG org.asynchttpclient.netty.channel.ChannelManager - Adding key: http://localhost:11490 for channel [id: 0x0eb08554, L:/127.0.0.1:58597 - R:localhost/127.0.0.1:11490]
10:55:32.969 [main] DEBUG net.serenitybdd.core.photography.Darkroom - Send negative for processing for target\site\serenity\e927eb32a4b00e98fbec6d057613ee3acbd1d4178b56c1736a689f83956e930d.png
10:55:32.971 [Forwarding getPageSource on session 6ebb8a055041d56dbad80987c93fea98 to remote] DEBUG org.asynchttpclient.netty.request.NettyRequestSender - Using pooled Channel '[id: 0x0eb08554, L:/127.0.0.1:58597 - R:localhost/127.0.0.1:11490]' for 'POST' to 'http://localhost:11490/session/6ebb8a055041d56dbad80987c93fea98/execute/sync'
10:55:32.971 [Forwarding getPageSource on session 6ebb8a055041d56dbad80987c93fea98 to remote] DEBUG org.asynchttpclient.netty.request.NettyRequestSender - Using open Channel [id: 0x0eb08554, L:/127.0.0.1:58597 - R:localhost/127.0.0.1:11490] for POST '/session/6ebb8a055041d56dbad80987c93fea98/execute/sync'
10:55:32.977 [AsyncHttpClient-1-9] DEBUG org.asynchttpclient.netty.handler.HttpHandler - 

Request DefaultHttpRequest(decodeResult: success, version: HTTP/1.1)
POST /session/6ebb8a055041d56dbad80987c93fea98/execute/sync HTTP/1.1
User-Agent: selenium/4.8.1 (java windows)
Content-Length: 176
Content-Type: application/json; charset=utf-8
host: localhost:11490
accept: */*

Response DefaultHttpResponse(decodeResult: success, version: HTTP/1.1)
HTTP/1.1 200 OK
Content-Length: 22058
Content-Type: application/json; charset=utf-8
cache-control: no-cache

10:55:32.977 [AsyncHttpClient-1-9] DEBUG org.asynchttpclient.netty.channel.ChannelManager - Adding key: http://localhost:11490 for channel [id: 0x0eb08554, L:/127.0.0.1:58597 - R:localhost/127.0.0.1:11490]
10:55:32.980 [Forwarding getCurrentUrl on session 6ebb8a055041d56dbad80987c93fea98 to remote] DEBUG org.asynchttpclient.netty.request.NettyRequestSender - Using pooled Channel '[id: 0x0eb08554, L:/127.0.0.1:58597 - R:localhost/127.0.0.1:11490]' for 'GET' to 'http://localhost:11490/session/6ebb8a055041d56dbad80987c93fea98/url'
10:55:32.980 [Forwarding getCurrentUrl on session 6ebb8a055041d56dbad80987c93fea98 to remote] DEBUG org.asynchttpclient.netty.request.NettyRequestSender - Using open Channel [id: 0x0eb08554, L:/127.0.0.1:58597 - R:localhost/127.0.0.1:11490] for GET '/session/6ebb8a055041d56dbad80987c93fea98/url'
10:55:32.983 [AsyncHttpClient-1-9] DEBUG org.asynchttpclient.netty.handler.HttpHandler - 

Request DefaultFullHttpRequest(decodeResult: success, version: HTTP/1.1, content: EmptyByteBufBE)
GET /session/6ebb8a055041d56dbad80987c93fea98/url HTTP/1.1
User-Agent: selenium/4.8.1 (java windows)
Cache-Control: no-cache
Content-Type: application/json; charset=utf-8
host: localhost:11490
accept: */*

Response DefaultHttpResponse(decodeResult: success, version: HTTP/1.1)
HTTP/1.1 200 OK
Content-Length: 46
Content-Type: application/json; charset=utf-8
cache-control: no-cache

10:55:32.983 [AsyncHttpClient-1-9] DEBUG org.asynchttpclient.netty.channel.ChannelManager - Adding key: http://localhost:11490 for channel [id: 0x0eb08554, L:/127.0.0.1:58597 - R:localhost/127.0.0.1:11490]
10:55:32.986 [main] DEBUG net.thucydides.core.steps.StepInterceptor - STARTING STEP: IntegrationSteps.orderPro - userButton
10:55:32.989 [Forwarding findElement on session 6ebb8a055041d56dbad80987c93fea98 to remote] DEBUG org.asynchttpclient.netty.request.NettyRequestSender - Using pooled Channel '[id: 0x0eb08554, L:/127.0.0.1:58597 - R:localhost/127.0.0.1:11490]' for 'POST' to 'http://localhost:11490/session/6ebb8a055041d56dbad80987c93fea98/element'
10:55:32.989 [Forwarding findElement on session 6ebb8a055041d56dbad80987c93fea98 to remote] DEBUG org.asynchttpclient.netty.request.NettyRequestSender - Using open Channel [id: 0x0eb08554, L:/127.0.0.1:58597 - R:localhost/127.0.0.1:11490] for POST '/session/6ebb8a055041d56dbad80987c93fea98/element'
10:55:33.005 [AsyncHttpClient-1-9] DEBUG org.asynchttpclient.netty.handler.HttpHandler - 

Request DefaultHttpRequest(decodeResult: success, version: HTTP/1.1)
POST /session/6ebb8a055041d56dbad80987c93fea98/element HTTP/1.1
User-Agent: selenium/4.8.1 (java windows)
Content-Length: 108
Content-Type: application/json; charset=utf-8
host: localhost:11490
accept: */*

Response DefaultHttpResponse(decodeResult: success, version: HTTP/1.1)
HTTP/1.1 200 OK
Content-Length: 88
Content-Type: application/json; charset=utf-8
cache-control: no-cache

10:55:33.005 [AsyncHttpClient-1-9] DEBUG org.asynchttpclient.netty.channel.ChannelManager - Adding key: http://localhost:11490 for channel [id: 0x0eb08554, L:/127.0.0.1:58597 - R:localhost/127.0.0.1:11490]
10:55:33.007 [Forwarding getElementTagName on session 6ebb8a055041d56dbad80987c93fea98 to remote] DEBUG org.asynchttpclient.netty.request.NettyRequestSender - Using pooled Channel '[id: 0x0eb08554, L:/127.0.0.1:58597 - R:localhost/127.0.0.1:11490]' for 'GET' to 'http://localhost:11490/session/6ebb8a055041d56dbad80987c93fea98/element/8ea38743-988e-4530-94a9-343e0081f675/name'
10:55:33.007 [Forwarding getElementTagName on session 6ebb8a055041d56dbad80987c93fea98 to remote] DEBUG org.asynchttpclient.netty.request.NettyRequestSender - Using open Channel [id: 0x0eb08554, L:/127.0.0.1:58597 - R:localhost/127.0.0.1:11490] for GET '/session/6ebb8a055041d56dbad80987c93fea98/element/8ea38743-988e-4530-94a9-343e0081f675/name'
10:55:33.011 [AsyncHttpClient-1-9] DEBUG org.asynchttpclient.netty.handler.HttpHandler - 

Request DefaultFullHttpRequest(decodeResult: success, version: HTTP/1.1, content: EmptyByteBufBE)
GET /session/6ebb8a055041d56dbad80987c93fea98/element/8ea38743-988e-4530-94a9-343e0081f675/name HTTP/1.1
User-Agent: selenium/4.8.1 (java windows)
Cache-Control: no-cache
Content-Type: application/json; charset=utf-8
host: localhost:11490
accept: */*

Response DefaultHttpResponse(decodeResult: success, version: HTTP/1.1)
HTTP/1.1 200 OK
Content-Length: 18
Content-Type: application/json; charset=utf-8
cache-control: no-cache

10:55:33.011 [AsyncHttpClient-1-9] DEBUG org.asynchttpclient.netty.channel.ChannelManager - Adding key: http://localhost:11490 for channel [id: 0x0eb08554, L:/127.0.0.1:58597 - R:localhost/127.0.0.1:11490]
10:55:33.013 [Forwarding getElementTagName on session 6ebb8a055041d56dbad80987c93fea98 to remote] DEBUG org.asynchttpclient.netty.request.NettyRequestSender - Using pooled Channel '[id: 0x0eb08554, L:/127.0.0.1:58597 - R:localhost/127.0.0.1:11490]' for 'GET' to 'http://localhost:11490/session/6ebb8a055041d56dbad80987c93fea98/element/8ea38743-988e-4530-94a9-343e0081f675/name'
10:55:33.013 [Forwarding getElementTagName on session 6ebb8a055041d56dbad80987c93fea98 to remote] DEBUG org.asynchttpclient.netty.request.NettyRequestSender - Using open Channel [id: 0x0eb08554, L:/127.0.0.1:58597 - R:localhost/127.0.0.1:11490] for GET '/session/6ebb8a055041d56dbad80987c93fea98/element/8ea38743-988e-4530-94a9-343e0081f675/name'
10:55:33.017 [AsyncHttpClient-1-9] DEBUG org.asynchttpclient.netty.handler.HttpHandler - 

Request DefaultFullHttpRequest(decodeResult: success, version: HTTP/1.1, content: EmptyByteBufBE)
GET /session/6ebb8a055041d56dbad80987c93fea98/element/8ea38743-988e-4530-94a9-343e0081f675/name HTTP/1.1
User-Agent: selenium/4.8.1 (java windows)
Cache-Control: no-cache
Content-Type: application/json; charset=utf-8
host: localhost:11490
accept: */*

Response DefaultHttpResponse(decodeResult: success, version: HTTP/1.1)
HTTP/1.1 200 OK
Content-Length: 18
Content-Type: application/json; charset=utf-8
cache-control: no-cache

10:55:33.017 [AsyncHttpClient-1-9] DEBUG org.asynchttpclient.netty.channel.ChannelManager - Adding key: http://localhost:11490 for channel [id: 0x0eb08554, L:/127.0.0.1:58597 - R:localhost/127.0.0.1:11490]
10:55:33.020 [Forwarding isElementEnabled on session 6ebb8a055041d56dbad80987c93fea98 to remote] DEBUG org.asynchttpclient.netty.request.NettyRequestSender - Using pooled Channel '[id: 0x0eb08554, L:/127.0.0.1:58597 - R:localhost/127.0.0.1:11490]' for 'GET' to 'http://localhost:11490/session/6ebb8a055041d56dbad80987c93fea98/element/8ea38743-988e-4530-94a9-343e0081f675/enabled'
10:55:33.020 [Forwarding isElementEnabled on session 6ebb8a055041d56dbad80987c93fea98 to remote] DEBUG org.asynchttpclient.netty.request.NettyRequestSender - Using open Channel [id: 0x0eb08554, L:/127.0.0.1:58597 - R:localhost/127.0.0.1:11490] for GET '/session/6ebb8a055041d56dbad80987c93fea98/element/8ea38743-988e-4530-94a9-343e0081f675/enabled'
10:55:33.031 [AsyncHttpClient-1-9] DEBUG org.asynchttpclient.netty.handler.HttpHandler - 

Request DefaultFullHttpRequest(decodeResult: success, version: HTTP/1.1, content: EmptyByteBufBE)
GET /session/6ebb8a055041d56dbad80987c93fea98/element/8ea38743-988e-4530-94a9-343e0081f675/enabled HTTP/1.1
User-Agent: selenium/4.8.1 (java windows)
Cache-Control: no-cache
Content-Type: application/json; charset=utf-8
host: localhost:11490
accept: */*

Response DefaultHttpResponse(decodeResult: success, version: HTTP/1.1)
HTTP/1.1 200 OK
Content-Length: 14
Content-Type: application/json; charset=utf-8
cache-control: no-cache

10:55:33.031 [AsyncHttpClient-1-9] DEBUG org.asynchttpclient.netty.channel.ChannelManager - Adding key: http://localhost:11490 for channel [id: 0x0eb08554, L:/127.0.0.1:58597 - R:localhost/127.0.0.1:11490]
10:55:33.033 [Forwarding isElementEnabled on session 6ebb8a055041d56dbad80987c93fea98 to remote] DEBUG org.asynchttpclient.netty.request.NettyRequestSender - Using pooled Channel '[id: 0x0eb08554, L:/127.0.0.1:58597 - R:localhost/127.0.0.1:11490]' for 'GET' to 'http://localhost:11490/session/6ebb8a055041d56dbad80987c93fea98/element/8ea38743-988e-4530-94a9-343e0081f675/enabled'
10:55:33.033 [Forwarding isElementEnabled on session 6ebb8a055041d56dbad80987c93fea98 to remote] DEBUG org.asynchttpclient.netty.request.NettyRequestSender - Using open Channel [id: 0x0eb08554, L:/127.0.0.1:58597 - R:localhost/127.0.0.1:11490] for GET '/session/6ebb8a055041d56dbad80987c93fea98/element/8ea38743-988e-4530-94a9-343e0081f675/enabled'
10:55:33.039 [AsyncHttpClient-1-9] DEBUG org.asynchttpclient.netty.handler.HttpHandler - 

Request DefaultFullHttpRequest(decodeResult: success, version: HTTP/1.1, content: EmptyByteBufBE)
GET /session/6ebb8a055041d56dbad80987c93fea98/element/8ea38743-988e-4530-94a9-343e0081f675/enabled HTTP/1.1
User-Agent: selenium/4.8.1 (java windows)
Cache-Control: no-cache
Content-Type: application/json; charset=utf-8
host: localhost:11490
accept: */*

Response DefaultHttpResponse(decodeResult: success, version: HTTP/1.1)
HTTP/1.1 200 OK
Content-Length: 14
Content-Type: application/json; charset=utf-8
cache-control: no-cache

10:55:33.039 [AsyncHttpClient-1-9] DEBUG org.asynchttpclient.netty.channel.ChannelManager - Adding key: http://localhost:11490 for channel [id: 0x0eb08554, L:/127.0.0.1:58597 - R:localhost/127.0.0.1:11490]
10:55:33.041 [Forwarding findElement on session 6ebb8a055041d56dbad80987c93fea98 to remote] DEBUG org.asynchttpclient.netty.request.NettyRequestSender - Using pooled Channel '[id: 0x0eb08554, L:/127.0.0.1:58597 - R:localhost/127.0.0.1:11490]' for 'POST' to 'http://localhost:11490/session/6ebb8a055041d56dbad80987c93fea98/element'
10:55:33.041 [Forwarding findElement on session 6ebb8a055041d56dbad80987c93fea98 to remote] DEBUG org.asynchttpclient.netty.request.NettyRequestSender - Using open Channel [id: 0x0eb08554, L:/127.0.0.1:58597 - R:localhost/127.0.0.1:11490] for POST '/session/6ebb8a055041d56dbad80987c93fea98/element'
10:55:33.048 [AsyncHttpClient-1-9] DEBUG org.asynchttpclient.netty.handler.HttpHandler - 

Request DefaultHttpRequest(decodeResult: success, version: HTTP/1.1)
POST /session/6ebb8a055041d56dbad80987c93fea98/element HTTP/1.1
User-Agent: selenium/4.8.1 (java windows)
Content-Length: 108
Content-Type: application/json; charset=utf-8
host: localhost:11490
accept: */*

Response DefaultHttpResponse(decodeResult: success, version: HTTP/1.1)
HTTP/1.1 200 OK
Content-Length: 88
Content-Type: application/json; charset=utf-8
cache-control: no-cache

10:55:33.048 [AsyncHttpClient-1-9] DEBUG org.asynchttpclient.netty.channel.ChannelManager - Adding key: http://localhost:11490 for channel [id: 0x0eb08554, L:/127.0.0.1:58597 - R:localhost/127.0.0.1:11490]
10:55:33.049 [Forwarding clickElement on session 6ebb8a055041d56dbad80987c93fea98 to remote] DEBUG org.asynchttpclient.netty.request.NettyRequestSender - Using pooled Channel '[id: 0x0eb08554, L:/127.0.0.1:58597 - R:localhost/127.0.0.1:11490]' for 'POST' to 'http://localhost:11490/session/6ebb8a055041d56dbad80987c93fea98/element/8ea38743-988e-4530-94a9-343e0081f675/click'
10:55:33.049 [Forwarding clickElement on session 6ebb8a055041d56dbad80987c93fea98 to remote] DEBUG org.asynchttpclient.netty.request.NettyRequestSender - Using open Channel [id: 0x0eb08554, L:/127.0.0.1:58597 - R:localhost/127.0.0.1:11490] for POST '/session/6ebb8a055041d56dbad80987c93fea98/element/8ea38743-988e-4530-94a9-343e0081f675/click'
10:55:33.116 [AsyncHttpClient-1-9] DEBUG org.asynchttpclient.netty.handler.HttpHandler - 

Request DefaultHttpRequest(decodeResult: success, version: HTTP/1.1)
POST /session/6ebb8a055041d56dbad80987c93fea98/element/8ea38743-988e-4530-94a9-343e0081f675/click HTTP/1.1
User-Agent: selenium/4.8.1 (java windows)
Content-Length: 50
Content-Type: application/json; charset=utf-8
host: localhost:11490
accept: */*

Response DefaultHttpResponse(decodeResult: success, version: HTTP/1.1)
HTTP/1.1 200 OK
Content-Length: 14
Content-Type: application/json; charset=utf-8
cache-control: no-cache

10:55:33.116 [AsyncHttpClient-1-9] DEBUG org.asynchttpclient.netty.channel.ChannelManager - Adding key: http://localhost:11490 for channel [id: 0x0eb08554, L:/127.0.0.1:58597 - R:localhost/127.0.0.1:11490]
10:55:33.128 [Forwarding getAlertText on session 6ebb8a055041d56dbad80987c93fea98 to remote] DEBUG org.asynchttpclient.netty.request.NettyRequestSender - Using pooled Channel '[id: 0x0eb08554, L:/127.0.0.1:58597 - R:localhost/127.0.0.1:11490]' for 'GET' to 'http://localhost:11490/session/6ebb8a055041d56dbad80987c93fea98/alert/text'
10:55:33.128 [Forwarding getAlertText on session 6ebb8a055041d56dbad80987c93fea98 to remote] DEBUG org.asynchttpclient.netty.request.NettyRequestSender - Using open Channel [id: 0x0eb08554, L:/127.0.0.1:58597 - R:localhost/127.0.0.1:11490] for GET '/session/6ebb8a055041d56dbad80987c93fea98/alert/text'
10:55:33.129 [AsyncHttpClient-1-9] DEBUG org.asynchttpclient.netty.handler.HttpHandler - 

Request DefaultFullHttpRequest(decodeResult: success, version: HTTP/1.1, content: EmptyByteBufBE)
GET /session/6ebb8a055041d56dbad80987c93fea98/alert/text HTTP/1.1
User-Agent: selenium/4.8.1 (java windows)
Cache-Control: no-cache
Content-Type: application/json; charset=utf-8
host: localhost:11490
accept: */*

Response DefaultHttpResponse(decodeResult: success, version: HTTP/1.1)
HTTP/1.1 404 Not Found
Content-Length: 848
Content-Type: application/json; charset=utf-8
cache-control: no-cache

10:55:33.130 [AsyncHttpClient-1-9] DEBUG org.asynchttpclient.netty.channel.ChannelManager - Adding key: http://localhost:11490 for channel [id: 0x0eb08554, L:/127.0.0.1:58597 - R:localhost/127.0.0.1:11490]
10:55:33.131 [Forwarding getCurrentUrl on session 6ebb8a055041d56dbad80987c93fea98 to remote] DEBUG org.asynchttpclient.netty.request.NettyRequestSender - Using pooled Channel '[id: 0x0eb08554, L:/127.0.0.1:58597 - R:localhost/127.0.0.1:11490]' for 'GET' to 'http://localhost:11490/session/6ebb8a055041d56dbad80987c93fea98/url'
10:55:33.131 [Forwarding getCurrentUrl on session 6ebb8a055041d56dbad80987c93fea98 to remote] DEBUG org.asynchttpclient.netty.request.NettyRequestSender - Using open Channel [id: 0x0eb08554, L:/127.0.0.1:58597 - R:localhost/127.0.0.1:11490] for GET '/session/6ebb8a055041d56dbad80987c93fea98/url'
10:55:33.142 [AsyncHttpClient-1-9] DEBUG org.asynchttpclient.netty.handler.HttpHandler - 

Request DefaultFullHttpRequest(decodeResult: success, version: HTTP/1.1, content: EmptyByteBufBE)
GET /session/6ebb8a055041d56dbad80987c93fea98/url HTTP/1.1
User-Agent: selenium/4.8.1 (java windows)
Cache-Control: no-cache
Content-Type: application/json; charset=utf-8
host: localhost:11490
accept: */*

Response DefaultHttpResponse(decodeResult: success, version: HTTP/1.1)
HTTP/1.1 200 OK
Content-Length: 46
Content-Type: application/json; charset=utf-8
cache-control: no-cache

10:55:33.143 [AsyncHttpClient-1-9] DEBUG org.asynchttpclient.netty.channel.ChannelManager - Adding key: http://localhost:11490 for channel [id: 0x0eb08554, L:/127.0.0.1:58597 - R:localhost/127.0.0.1:11490]
10:55:33.143 [Forwarding screenshot on session 6ebb8a055041d56dbad80987c93fea98 to remote] DEBUG org.asynchttpclient.netty.request.NettyRequestSender - Using pooled Channel '[id: 0x0eb08554, L:/127.0.0.1:58597 - R:localhost/127.0.0.1:11490]' for 'GET' to 'http://localhost:11490/session/6ebb8a055041d56dbad80987c93fea98/screenshot'
10:55:33.143 [Forwarding screenshot on session 6ebb8a055041d56dbad80987c93fea98 to remote] DEBUG org.asynchttpclient.netty.request.NettyRequestSender - Using open Channel [id: 0x0eb08554, L:/127.0.0.1:58597 - R:localhost/127.0.0.1:11490] for GET '/session/6ebb8a055041d56dbad80987c93fea98/screenshot'
10:55:33.447 [AsyncHttpClient-1-9] DEBUG org.asynchttpclient.netty.handler.HttpHandler - 

Request DefaultFullHttpRequest(decodeResult: success, version: HTTP/1.1, content: EmptyByteBufBE)
GET /session/6ebb8a055041d56dbad80987c93fea98/screenshot HTTP/1.1
User-Agent: selenium/4.8.1 (java windows)
Cache-Control: no-cache
Content-Type: application/json; charset=utf-8
host: localhost:11490
accept: */*

Response DefaultHttpResponse(decodeResult: success, version: HTTP/1.1)
HTTP/1.1 200 OK
Content-Length: 41704
Content-Type: application/json; charset=utf-8
cache-control: no-cache

10:55:33.447 [AsyncHttpClient-1-9] DEBUG org.asynchttpclient.netty.channel.ChannelManager - Adding key: http://localhost:11490 for channel [id: 0x0eb08554, L:/127.0.0.1:58597 - R:localhost/127.0.0.1:11490]
10:55:33.449 [main] DEBUG net.serenitybdd.core.photography.Darkroom - Send negative for processing for target\site\serenity\f8cd9b2e29600551f06e5cb4c780703cf78b21359b21e9b108fc942d061b251a.png
10:55:33.449 [main] DEBUG net.thucydides.core.steps.StepInterceptor - STEP DONE: userButton
10:55:33.449 [Darkroom Processing Line] DEBUG net.serenitybdd.core.photography.DarkroomProcessingLine - Processing screenshot image in /var/screenshots/screenshot-16720168042933457070
10:55:33.450 [Darkroom Processing Line] DEBUG net.serenitybdd.core.photography.DarkroomProcessingLine - Saving screenshot to target\site\serenity\f8cd9b2e29600551f06e5cb4c780703cf78b21359b21e9b108fc942d061b251a.png
10:55:33.464 [Forwarding getPageSource on session 6ebb8a055041d56dbad80987c93fea98 to remote] DEBUG org.asynchttpclient.netty.request.NettyRequestSender - Using pooled Channel '[id: 0x0eb08554, L:/127.0.0.1:58597 - R:localhost/127.0.0.1:11490]' for 'POST' to 'http://localhost:11490/session/6ebb8a055041d56dbad80987c93fea98/execute/sync'
10:55:33.464 [Forwarding getPageSource on session 6ebb8a055041d56dbad80987c93fea98 to remote] DEBUG org.asynchttpclient.netty.request.NettyRequestSender - Using open Channel [id: 0x0eb08554, L:/127.0.0.1:58597 - R:localhost/127.0.0.1:11490] for POST '/session/6ebb8a055041d56dbad80987c93fea98/execute/sync'
10:55:33.479 [AsyncHttpClient-1-9] DEBUG org.asynchttpclient.netty.handler.HttpHandler - 

Request DefaultHttpRequest(decodeResult: success, version: HTTP/1.1)
POST /session/6ebb8a055041d56dbad80987c93fea98/execute/sync HTTP/1.1
User-Agent: selenium/4.8.1 (java windows)
Content-Length: 176
Content-Type: application/json; charset=utf-8
host: localhost:11490
accept: */*

Response DefaultHttpResponse(decodeResult: success, version: HTTP/1.1)
HTTP/1.1 200 OK
Content-Length: 23294
Content-Type: application/json; charset=utf-8
cache-control: no-cache

10:55:33.479 [AsyncHttpClient-1-9] DEBUG org.asynchttpclient.netty.channel.ChannelManager - Adding key: http://localhost:11490 for channel [id: 0x0eb08554, L:/127.0.0.1:58597 - R:localhost/127.0.0.1:11490]
10:55:33.483 [Forwarding getCurrentUrl on session 6ebb8a055041d56dbad80987c93fea98 to remote] DEBUG org.asynchttpclient.netty.request.NettyRequestSender - Using pooled Channel '[id: 0x0eb08554, L:/127.0.0.1:58597 - R:localhost/127.0.0.1:11490]' for 'GET' to 'http://localhost:11490/session/6ebb8a055041d56dbad80987c93fea98/url'
10:55:33.483 [Forwarding getCurrentUrl on session 6ebb8a055041d56dbad80987c93fea98 to remote] DEBUG org.asynchttpclient.netty.request.NettyRequestSender - Using open Channel [id: 0x0eb08554, L:/127.0.0.1:58597 - R:localhost/127.0.0.1:11490] for GET '/session/6ebb8a055041d56dbad80987c93fea98/url'
10:55:33.494 [AsyncHttpClient-1-9] DEBUG org.asynchttpclient.netty.handler.HttpHandler - 

Request DefaultFullHttpRequest(decodeResult: success, version: HTTP/1.1, content: EmptyByteBufBE)
GET /session/6ebb8a055041d56dbad80987c93fea98/url HTTP/1.1
User-Agent: selenium/4.8.1 (java windows)
Cache-Control: no-cache
Content-Type: application/json; charset=utf-8
host: localhost:11490
accept: */*

Response DefaultHttpResponse(decodeResult: success, version: HTTP/1.1)
HTTP/1.1 200 OK
Content-Length: 46
Content-Type: application/json; charset=utf-8
cache-control: no-cache

10:55:33.494 [AsyncHttpClient-1-9] DEBUG org.asynchttpclient.netty.channel.ChannelManager - Adding key: http://localhost:11490 for channel [id: 0x0eb08554, L:/127.0.0.1:58597 - R:localhost/127.0.0.1:11490]
10:55:33.497 [main] DEBUG net.thucydides.core.steps.StepInterceptor - STARTING STEP: IntegrationSteps.orderPro - logoutButton
10:55:33.504 [Forwarding findElement on session 6ebb8a055041d56dbad80987c93fea98 to remote] DEBUG org.asynchttpclient.netty.request.NettyRequestSender - Using pooled Channel '[id: 0x0eb08554, L:/127.0.0.1:58597 - R:localhost/127.0.0.1:11490]' for 'POST' to 'http://localhost:11490/session/6ebb8a055041d56dbad80987c93fea98/element'
10:55:33.504 [Forwarding findElement on session 6ebb8a055041d56dbad80987c93fea98 to remote] DEBUG org.asynchttpclient.netty.request.NettyRequestSender - Using open Channel [id: 0x0eb08554, L:/127.0.0.1:58597 - R:localhost/127.0.0.1:11490] for POST '/session/6ebb8a055041d56dbad80987c93fea98/element'
10:55:33.523 [AsyncHttpClient-1-9] DEBUG org.asynchttpclient.netty.handler.HttpHandler - 

Request DefaultHttpRequest(decodeResult: success, version: HTTP/1.1)
POST /session/6ebb8a055041d56dbad80987c93fea98/element HTTP/1.1
User-Agent: selenium/4.8.1 (java windows)
Content-Length: 99
Content-Type: application/json; charset=utf-8
host: localhost:11490
accept: */*

Response DefaultHttpResponse(decodeResult: success, version: HTTP/1.1)
HTTP/1.1 200 OK
Content-Length: 88
Content-Type: application/json; charset=utf-8
cache-control: no-cache

10:55:33.523 [AsyncHttpClient-1-9] DEBUG org.asynchttpclient.netty.channel.ChannelManager - Adding key: http://localhost:11490 for channel [id: 0x0eb08554, L:/127.0.0.1:58597 - R:localhost/127.0.0.1:11490]
10:55:33.524 [Forwarding getElementTagName on session 6ebb8a055041d56dbad80987c93fea98 to remote] DEBUG org.asynchttpclient.netty.request.NettyRequestSender - Using pooled Channel '[id: 0x0eb08554, L:/127.0.0.1:58597 - R:localhost/127.0.0.1:11490]' for 'GET' to 'http://localhost:11490/session/6ebb8a055041d56dbad80987c93fea98/element/95d45546-0c0a-4763-a3f9-82bd24607f0d/name'
10:55:33.524 [Forwarding getElementTagName on session 6ebb8a055041d56dbad80987c93fea98 to remote] DEBUG org.asynchttpclient.netty.request.NettyRequestSender - Using open Channel [id: 0x0eb08554, L:/127.0.0.1:58597 - R:localhost/127.0.0.1:11490] for GET '/session/6ebb8a055041d56dbad80987c93fea98/element/95d45546-0c0a-4763-a3f9-82bd24607f0d/name'
10:55:33.529 [AsyncHttpClient-1-9] DEBUG org.asynchttpclient.netty.handler.HttpHandler - 

Request DefaultFullHttpRequest(decodeResult: success, version: HTTP/1.1, content: EmptyByteBufBE)
GET /session/6ebb8a055041d56dbad80987c93fea98/element/95d45546-0c0a-4763-a3f9-82bd24607f0d/name HTTP/1.1
User-Agent: selenium/4.8.1 (java windows)
Cache-Control: no-cache
Content-Type: application/json; charset=utf-8
host: localhost:11490
accept: */*

Response DefaultHttpResponse(decodeResult: success, version: HTTP/1.1)
HTTP/1.1 200 OK
Content-Length: 15
Content-Type: application/json; charset=utf-8
cache-control: no-cache

10:55:33.530 [AsyncHttpClient-1-9] DEBUG org.asynchttpclient.netty.channel.ChannelManager - Adding key: http://localhost:11490 for channel [id: 0x0eb08554, L:/127.0.0.1:58597 - R:localhost/127.0.0.1:11490]
10:55:33.531 [Forwarding getElementTagName on session 6ebb8a055041d56dbad80987c93fea98 to remote] DEBUG org.asynchttpclient.netty.request.NettyRequestSender - Using pooled Channel '[id: 0x0eb08554, L:/127.0.0.1:58597 - R:localhost/127.0.0.1:11490]' for 'GET' to 'http://localhost:11490/session/6ebb8a055041d56dbad80987c93fea98/element/95d45546-0c0a-4763-a3f9-82bd24607f0d/name'
10:55:33.531 [Forwarding getElementTagName on session 6ebb8a055041d56dbad80987c93fea98 to remote] DEBUG org.asynchttpclient.netty.request.NettyRequestSender - Using open Channel [id: 0x0eb08554, L:/127.0.0.1:58597 - R:localhost/127.0.0.1:11490] for GET '/session/6ebb8a055041d56dbad80987c93fea98/element/95d45546-0c0a-4763-a3f9-82bd24607f0d/name'
10:55:33.536 [AsyncHttpClient-1-9] DEBUG org.asynchttpclient.netty.handler.HttpHandler - 

Request DefaultFullHttpRequest(decodeResult: success, version: HTTP/1.1, content: EmptyByteBufBE)
GET /session/6ebb8a055041d56dbad80987c93fea98/element/95d45546-0c0a-4763-a3f9-82bd24607f0d/name HTTP/1.1
User-Agent: selenium/4.8.1 (java windows)
Cache-Control: no-cache
Content-Type: application/json; charset=utf-8
host: localhost:11490
accept: */*

Response DefaultHttpResponse(decodeResult: success, version: HTTP/1.1)
HTTP/1.1 200 OK
Content-Length: 15
Content-Type: application/json; charset=utf-8
cache-control: no-cache

10:55:33.536 [AsyncHttpClient-1-9] DEBUG org.asynchttpclient.netty.channel.ChannelManager - Adding key: http://localhost:11490 for channel [id: 0x0eb08554, L:/127.0.0.1:58597 - R:localhost/127.0.0.1:11490]
10:55:33.538 [Forwarding findElement on session 6ebb8a055041d56dbad80987c93fea98 to remote] DEBUG org.asynchttpclient.netty.request.NettyRequestSender - Using pooled Channel '[id: 0x0eb08554, L:/127.0.0.1:58597 - R:localhost/127.0.0.1:11490]' for 'POST' to 'http://localhost:11490/session/6ebb8a055041d56dbad80987c93fea98/element'
10:55:33.538 [Forwarding findElement on session 6ebb8a055041d56dbad80987c93fea98 to remote] DEBUG org.asynchttpclient.netty.request.NettyRequestSender - Using open Channel [id: 0x0eb08554, L:/127.0.0.1:58597 - R:localhost/127.0.0.1:11490] for POST '/session/6ebb8a055041d56dbad80987c93fea98/element'
10:55:33.547 [AsyncHttpClient-1-9] DEBUG org.asynchttpclient.netty.handler.HttpHandler - 

Request DefaultHttpRequest(decodeResult: success, version: HTTP/1.1)
POST /session/6ebb8a055041d56dbad80987c93fea98/element HTTP/1.1
User-Agent: selenium/4.8.1 (java windows)
Content-Length: 99
Content-Type: application/json; charset=utf-8
host: localhost:11490
accept: */*

Response DefaultHttpResponse(decodeResult: success, version: HTTP/1.1)
HTTP/1.1 200 OK
Content-Length: 88
Content-Type: application/json; charset=utf-8
cache-control: no-cache

10:55:33.547 [AsyncHttpClient-1-9] DEBUG org.asynchttpclient.netty.channel.ChannelManager - Adding key: http://localhost:11490 for channel [id: 0x0eb08554, L:/127.0.0.1:58597 - R:localhost/127.0.0.1:11490]
10:55:33.548 [Forwarding clickElement on session 6ebb8a055041d56dbad80987c93fea98 to remote] DEBUG org.asynchttpclient.netty.request.NettyRequestSender - Using pooled Channel '[id: 0x0eb08554, L:/127.0.0.1:58597 - R:localhost/127.0.0.1:11490]' for 'POST' to 'http://localhost:11490/session/6ebb8a055041d56dbad80987c93fea98/element/95d45546-0c0a-4763-a3f9-82bd24607f0d/click'
10:55:33.548 [Forwarding clickElement on session 6ebb8a055041d56dbad80987c93fea98 to remote] DEBUG org.asynchttpclient.netty.request.NettyRequestSender - Using open Channel [id: 0x0eb08554, L:/127.0.0.1:58597 - R:localhost/127.0.0.1:11490] for POST '/session/6ebb8a055041d56dbad80987c93fea98/element/95d45546-0c0a-4763-a3f9-82bd24607f0d/click'
10:55:33.632 [AsyncHttpClient-1-9] DEBUG org.asynchttpclient.netty.handler.HttpHandler - 

Request DefaultHttpRequest(decodeResult: success, version: HTTP/1.1)
POST /session/6ebb8a055041d56dbad80987c93fea98/element/95d45546-0c0a-4763-a3f9-82bd24607f0d/click HTTP/1.1
User-Agent: selenium/4.8.1 (java windows)
Content-Length: 50
Content-Type: application/json; charset=utf-8
host: localhost:11490
accept: */*

Response DefaultHttpResponse(decodeResult: success, version: HTTP/1.1)
HTTP/1.1 200 OK
Content-Length: 14
Content-Type: application/json; charset=utf-8
cache-control: no-cache

10:55:33.632 [AsyncHttpClient-1-9] DEBUG org.asynchttpclient.netty.channel.ChannelManager - Adding key: http://localhost:11490 for channel [id: 0x0eb08554, L:/127.0.0.1:58597 - R:localhost/127.0.0.1:11490]
10:55:33.644 [Forwarding getAlertText on session 6ebb8a055041d56dbad80987c93fea98 to remote] DEBUG org.asynchttpclient.netty.request.NettyRequestSender - Using pooled Channel '[id: 0x0eb08554, L:/127.0.0.1:58597 - R:localhost/127.0.0.1:11490]' for 'GET' to 'http://localhost:11490/session/6ebb8a055041d56dbad80987c93fea98/alert/text'
10:55:33.644 [Forwarding getAlertText on session 6ebb8a055041d56dbad80987c93fea98 to remote] DEBUG org.asynchttpclient.netty.request.NettyRequestSender - Using open Channel [id: 0x0eb08554, L:/127.0.0.1:58597 - R:localhost/127.0.0.1:11490] for GET '/session/6ebb8a055041d56dbad80987c93fea98/alert/text'
10:55:33.646 [AsyncHttpClient-1-9] DEBUG org.asynchttpclient.netty.handler.HttpHandler - 

Request DefaultFullHttpRequest(decodeResult: success, version: HTTP/1.1, content: EmptyByteBufBE)
GET /session/6ebb8a055041d56dbad80987c93fea98/alert/text HTTP/1.1
User-Agent: selenium/4.8.1 (java windows)
Cache-Control: no-cache
Content-Type: application/json; charset=utf-8
host: localhost:11490
accept: */*

Response DefaultHttpResponse(decodeResult: success, version: HTTP/1.1)
HTTP/1.1 404 Not Found
Content-Length: 848
Content-Type: application/json; charset=utf-8
cache-control: no-cache

10:55:33.646 [AsyncHttpClient-1-9] DEBUG org.asynchttpclient.netty.channel.ChannelManager - Adding key: http://localhost:11490 for channel [id: 0x0eb08554, L:/127.0.0.1:58597 - R:localhost/127.0.0.1:11490]
10:55:33.647 [Forwarding getCurrentUrl on session 6ebb8a055041d56dbad80987c93fea98 to remote] DEBUG org.asynchttpclient.netty.request.NettyRequestSender - Using pooled Channel '[id: 0x0eb08554, L:/127.0.0.1:58597 - R:localhost/127.0.0.1:11490]' for 'GET' to 'http://localhost:11490/session/6ebb8a055041d56dbad80987c93fea98/url'
10:55:33.647 [Forwarding getCurrentUrl on session 6ebb8a055041d56dbad80987c93fea98 to remote] DEBUG org.asynchttpclient.netty.request.NettyRequestSender - Using open Channel [id: 0x0eb08554, L:/127.0.0.1:58597 - R:localhost/127.0.0.1:11490] for GET '/session/6ebb8a055041d56dbad80987c93fea98/url'
10:55:33.652 [AsyncHttpClient-1-9] DEBUG org.asynchttpclient.netty.handler.HttpHandler - 

Request DefaultFullHttpRequest(decodeResult: success, version: HTTP/1.1, content: EmptyByteBufBE)
GET /session/6ebb8a055041d56dbad80987c93fea98/url HTTP/1.1
User-Agent: selenium/4.8.1 (java windows)
Cache-Control: no-cache
Content-Type: application/json; charset=utf-8
host: localhost:11490
accept: */*

Response DefaultHttpResponse(decodeResult: success, version: HTTP/1.1)
HTTP/1.1 200 OK
Content-Length: 51
Content-Type: application/json; charset=utf-8
cache-control: no-cache

10:55:33.653 [AsyncHttpClient-1-9] DEBUG org.asynchttpclient.netty.channel.ChannelManager - Adding key: http://localhost:11490 for channel [id: 0x0eb08554, L:/127.0.0.1:58597 - R:localhost/127.0.0.1:11490]
10:55:33.653 [Forwarding screenshot on session 6ebb8a055041d56dbad80987c93fea98 to remote] DEBUG org.asynchttpclient.netty.request.NettyRequestSender - Using pooled Channel '[id: 0x0eb08554, L:/127.0.0.1:58597 - R:localhost/127.0.0.1:11490]' for 'GET' to 'http://localhost:11490/session/6ebb8a055041d56dbad80987c93fea98/screenshot'
10:55:33.653 [Forwarding screenshot on session 6ebb8a055041d56dbad80987c93fea98 to remote] DEBUG org.asynchttpclient.netty.request.NettyRequestSender - Using open Channel [id: 0x0eb08554, L:/127.0.0.1:58597 - R:localhost/127.0.0.1:11490] for GET '/session/6ebb8a055041d56dbad80987c93fea98/screenshot'
10:55:33.791 [AsyncHttpClient-1-9] DEBUG org.asynchttpclient.netty.handler.HttpHandler - 

Request DefaultFullHttpRequest(decodeResult: success, version: HTTP/1.1, content: EmptyByteBufBE)
GET /session/6ebb8a055041d56dbad80987c93fea98/screenshot HTTP/1.1
User-Agent: selenium/4.8.1 (java windows)
Cache-Control: no-cache
Content-Type: application/json; charset=utf-8
host: localhost:11490
accept: */*

Response DefaultHttpResponse(decodeResult: success, version: HTTP/1.1)
HTTP/1.1 200 OK
Content-Length: 25344
Content-Type: application/json; charset=utf-8
cache-control: no-cache

10:55:33.791 [AsyncHttpClient-1-9] DEBUG org.asynchttpclient.netty.channel.ChannelManager - Adding key: http://localhost:11490 for channel [id: 0x0eb08554, L:/127.0.0.1:58597 - R:localhost/127.0.0.1:11490]
10:55:33.793 [main] DEBUG net.serenitybdd.core.photography.Darkroom - Send negative for processing for target\site\serenity\73dd4cd5afdaa05aebb692213b98c5ae5652a05ba610bf719c3f20713413335e.png
10:55:33.794 [main] DEBUG net.thucydides.core.steps.StepInterceptor - STEP DONE: logoutButton
10:55:33.794 [Darkroom Processing Line] DEBUG net.serenitybdd.core.photography.DarkroomProcessingLine - Processing screenshot image in /var/screenshots/screenshot-11258762601551403042
10:55:33.794 [Darkroom Processing Line] DEBUG net.serenitybdd.core.photography.DarkroomProcessingLine - Saving screenshot to target\site\serenity\73dd4cd5afdaa05aebb692213b98c5ae5652a05ba610bf719c3f20713413335e.png
  &amp#27;[32mAnd &amp#27;[0m&amp#27;[32mUser Log Out&amp#27;[0m                                                                           &amp#27;[90m# starter.stepdefinition.IntegrationSteps.orderPro()&amp#27;[0m
10:55:33.813 [Forwarding getPageSource on session 6ebb8a055041d56dbad80987c93fea98 to remote] DEBUG org.asynchttpclient.netty.request.NettyRequestSender - Using pooled Channel '[id: 0x0eb08554, L:/127.0.0.1:58597 - R:localhost/127.0.0.1:11490]' for 'POST' to 'http://localhost:11490/session/6ebb8a055041d56dbad80987c93fea98/execute/sync'
10:55:33.813 [Forwarding getPageSource on session 6ebb8a055041d56dbad80987c93fea98 to remote] DEBUG org.asynchttpclient.netty.request.NettyRequestSender - Using open Channel [id: 0x0eb08554, L:/127.0.0.1:58597 - R:localhost/127.0.0.1:11490] for POST '/session/6ebb8a055041d56dbad80987c93fea98/execute/sync'
10:55:33.821 [AsyncHttpClient-1-9] DEBUG org.asynchttpclient.netty.handler.HttpHandler - 

Request DefaultHttpRequest(decodeResult: success, version: HTTP/1.1)
POST /session/6ebb8a055041d56dbad80987c93fea98/execute/sync HTTP/1.1
User-Agent: selenium/4.8.1 (java windows)
Content-Length: 176
Content-Type: application/json; charset=utf-8
host: localhost:11490
accept: */*

Response DefaultHttpResponse(decodeResult: success, version: HTTP/1.1)
HTTP/1.1 200 OK
Content-Length: 21814
Content-Type: application/json; charset=utf-8
cache-control: no-cache

10:55:33.821 [AsyncHttpClient-1-9] DEBUG org.asynchttpclient.netty.channel.ChannelManager - Adding key: http://localhost:11490 for channel [id: 0x0eb08554, L:/127.0.0.1:58597 - R:localhost/127.0.0.1:11490]
10:55:33.826 [Forwarding getCurrentUrl on session 6ebb8a055041d56dbad80987c93fea98 to remote] DEBUG org.asynchttpclient.netty.request.NettyRequestSender - Using pooled Channel '[id: 0x0eb08554, L:/127.0.0.1:58597 - R:localhost/127.0.0.1:11490]' for 'GET' to 'http://localhost:11490/session/6ebb8a055041d56dbad80987c93fea98/url'
10:55:33.826 [Forwarding getCurrentUrl on session 6ebb8a055041d56dbad80987c93fea98 to remote] DEBUG org.asynchttpclient.netty.request.NettyRequestSender - Using open Channel [id: 0x0eb08554, L:/127.0.0.1:58597 - R:localhost/127.0.0.1:11490] for GET '/session/6ebb8a055041d56dbad80987c93fea98/url'
10:55:33.831 [AsyncHttpClient-1-9] DEBUG org.asynchttpclient.netty.handler.HttpHandler - 

Request DefaultFullHttpRequest(decodeResult: success, version: HTTP/1.1, content: EmptyByteBufBE)
GET /session/6ebb8a055041d56dbad80987c93fea98/url HTTP/1.1
User-Agent: selenium/4.8.1 (java windows)
Cache-Control: no-cache
Content-Type: application/json; charset=utf-8
host: localhost:11490
accept: */*

Response DefaultHttpResponse(decodeResult: success, version: HTTP/1.1)
HTTP/1.1 200 OK
Content-Length: 51
Content-Type: application/json; charset=utf-8
cache-control: no-cache

10:55:33.831 [AsyncHttpClient-1-9] DEBUG org.asynchttpclient.netty.channel.ChannelManager - Adding key: http://localhost:11490 for channel [id: 0x0eb08554, L:/127.0.0.1:58597 - R:localhost/127.0.0.1:11490]
  &amp#27;[32mThen &amp#27;[0m&amp#27;[32mWeb integration test successfully success&amp#27;[0m                                             &amp#27;[90m# starter.stepdefinition.IntegrationSteps.webIntegrationSuccessfully()&amp#27;[0m
10:55:33.844 [Forwarding getAlertText on session 6ebb8a055041d56dbad80987c93fea98 to remote] DEBUG org.asynchttpclient.netty.request.NettyRequestSender - Using pooled Channel '[id: 0x0eb08554, L:/127.0.0.1:58597 - R:localhost/127.0.0.1:11490]' for 'GET' to 'http://localhost:11490/session/6ebb8a055041d56dbad80987c93fea98/alert/text'
10:55:33.844 [Forwarding getAlertText on session 6ebb8a055041d56dbad80987c93fea98 to remote] DEBUG org.asynchttpclient.netty.request.NettyRequestSender - Using open Channel [id: 0x0eb08554, L:/127.0.0.1:58597 - R:localhost/127.0.0.1:11490] for GET '/session/6ebb8a055041d56dbad80987c93fea98/alert/text'
10:55:33.846 [AsyncHttpClient-1-9] DEBUG org.asynchttpclient.netty.handler.HttpHandler - 

Request DefaultFullHttpRequest(decodeResult: success, version: HTTP/1.1, content: EmptyByteBufBE)
GET /session/6ebb8a055041d56dbad80987c93fea98/alert/text HTTP/1.1
User-Agent: selenium/4.8.1 (java windows)
Cache-Control: no-cache
Content-Type: application/json; charset=utf-8
host: localhost:11490
accept: */*

Response DefaultHttpResponse(decodeResult: success, version: HTTP/1.1)
HTTP/1.1 404 Not Found
Content-Length: 848
Content-Type: application/json; charset=utf-8
cache-control: no-cache

10:55:33.846 [AsyncHttpClient-1-9] DEBUG org.asynchttpclient.netty.channel.ChannelManager - Adding key: http://localhost:11490 for channel [id: 0x0eb08554, L:/127.0.0.1:58597 - R:localhost/127.0.0.1:11490]
10:55:33.847 [Forwarding getCurrentUrl on session 6ebb8a055041d56dbad80987c93fea98 to remote] DEBUG org.asynchttpclient.netty.request.NettyRequestSender - Using pooled Channel '[id: 0x0eb08554, L:/127.0.0.1:58597 - R:localhost/127.0.0.1:11490]' for 'GET' to 'http://localhost:11490/session/6ebb8a055041d56dbad80987c93fea98/url'
10:55:33.847 [Forwarding getCurrentUrl on session 6ebb8a055041d56dbad80987c93fea98 to remote] DEBUG org.asynchttpclient.netty.request.NettyRequestSender - Using open Channel [id: 0x0eb08554, L:/127.0.0.1:58597 - R:localhost/127.0.0.1:11490] for GET '/session/6ebb8a055041d56dbad80987c93fea98/url'
10:55:33.850 [AsyncHttpClient-1-9] DEBUG org.asynchttpclient.netty.handler.HttpHandler - 

Request DefaultFullHttpRequest(decodeResult: success, version: HTTP/1.1, content: EmptyByteBufBE)
GET /session/6ebb8a055041d56dbad80987c93fea98/url HTTP/1.1
User-Agent: selenium/4.8.1 (java windows)
Cache-Control: no-cache
Content-Type: application/json; charset=utf-8
host: localhost:11490
accept: */*

Response DefaultHttpResponse(decodeResult: success, version: HTTP/1.1)
HTTP/1.1 200 OK
Content-Length: 51
Content-Type: application/json; charset=utf-8
cache-control: no-cache

10:55:33.850 [AsyncHttpClient-1-9] DEBUG org.asynchttpclient.netty.channel.ChannelManager - Adding key: http://localhost:11490 for channel [id: 0x0eb08554, L:/127.0.0.1:58597 - R:localhost/127.0.0.1:11490]
10:55:33.851 [Forwarding screenshot on session 6ebb8a055041d56dbad80987c93fea98 to remote] DEBUG org.asynchttpclient.netty.request.NettyRequestSender - Using pooled Channel '[id: 0x0eb08554, L:/127.0.0.1:58597 - R:localhost/127.0.0.1:11490]' for 'GET' to 'http://localhost:11490/session/6ebb8a055041d56dbad80987c93fea98/screenshot'
10:55:33.851 [Forwarding screenshot on session 6ebb8a055041d56dbad80987c93fea98 to remote] DEBUG org.asynchttpclient.netty.request.NettyRequestSender - Using open Channel [id: 0x0eb08554, L:/127.0.0.1:58597 - R:localhost/127.0.0.1:11490] for GET '/session/6ebb8a055041d56dbad80987c93fea98/screenshot'
10:55:33.949 [AsyncHttpClient-1-9] DEBUG org.asynchttpclient.netty.handler.HttpHandler - 

Request DefaultFullHttpRequest(decodeResult: success, version: HTTP/1.1, content: EmptyByteBufBE)
GET /session/6ebb8a055041d56dbad80987c93fea98/screenshot HTTP/1.1
User-Agent: selenium/4.8.1 (java windows)
Cache-Control: no-cache
Content-Type: application/json; charset=utf-8
host: localhost:11490
accept: */*

Response DefaultHttpResponse(decodeResult: success, version: HTTP/1.1)
HTTP/1.1 200 OK
Content-Length: 25344
Content-Type: application/json; charset=utf-8
cache-control: no-cache

10:55:33.949 [AsyncHttpClient-1-9] DEBUG org.asynchttpclient.netty.channel.ChannelManager - Adding key: http://localhost:11490 for channel [id: 0x0eb08554, L:/127.0.0.1:58597 - R:localhost/127.0.0.1:11490]
10:55:33.951 [main] DEBUG net.serenitybdd.core.photography.Darkroom - Send negative for processing for target\site\serenity\73dd4cd5afdaa05aebb692213b98c5ae5652a05ba610bf719c3f20713413335e.png
10:55:33.959 [main] INFO  - 
  _____   ___   ___   _____     ___     _     ___   ___   ___   ___  
 |_   _| | __| / __| |_   _|   | _ \   /_\   / __| / __| | __| |   \ 
   | |   | _|  \__ \   | |     |  _/  / _ \  \__ \ \__ \ | _|  | |) |
   |_|   |___| |___/   |_|     |_|   /_/ \_\ |___/ |___/ |___| |___/ 

WB031 - User register, login, add to cart, order, view transaction history, logout
----------------------------------------------------------------------
10:55:33.971 [AsyncHttpClient-1-3] DEBUG org.asynchttpclient.netty.handler.WebSocketHandler - Channel Closed: [id: 0xed29ecab, L:/127.0.0.1:58607 ! R:localhost/127.0.0.1:58598] with attribute NettyResponseFuture{currentRetry=0,
	isDone=1,
	isCancelled=0,
	asyncHandler=org.asynchttpclient.ws.WebSocketUpgradeHandler@4065e69e,
	nettyRequest=org.asynchttpclient.netty.request.NettyRequest@38f60374,
	future=java.util.concurrent.CompletableFuture@18100828[Completed normally],
	uri=ws://localhost:58598/devtools/browser/470006b3-7c29-48b6-8ca5-c69f9ea1542c,
	keepAlive=true,
	redirectCount=0,
	timeoutsHolder=null,
	inAuth=0,
	touch=1683777182332}
10:55:33.974 [AsyncHttpClient-1-3] DEBUG org.asynchttpclient.netty.channel.ChannelManager - Closing Channel [id: 0xed29ecab, L:/127.0.0.1:58607 ! R:localhost/127.0.0.1:58598] 
10:55:33.976 [Driver Command Executor] DEBUG org.asynchttpclient.netty.request.NettyRequestSender - Using pooled Channel '[id: 0x0eb08554, L:/127.0.0.1:58597 - R:localhost/127.0.0.1:11490]' for 'DELETE' to 'http://localhost:11490/session/6ebb8a055041d56dbad80987c93fea98'
10:55:33.976 [Driver Command Executor] DEBUG org.asynchttpclient.netty.request.NettyRequestSender - Using open Channel [id: 0x0eb08554, L:/127.0.0.1:58597 - R:localhost/127.0.0.1:11490] for DELETE '/session/6ebb8a055041d56dbad80987c93fea98'
10:55:34.649 [AsyncHttpClient-1-9] DEBUG org.asynchttpclient.netty.handler.HttpHandler - 

Request DefaultFullHttpRequest(decodeResult: success, version: HTTP/1.1, content: EmptyByteBufBE)
DELETE /session/6ebb8a055041d56dbad80987c93fea98 HTTP/1.1
User-Agent: selenium/4.8.1 (java windows)
Content-Type: application/json; charset=utf-8
host: localhost:11490
accept: */*

Response DefaultHttpResponse(decodeResult: success, version: HTTP/1.1)
HTTP/1.1 200 OK
Content-Length: 14
Content-Type: application/json; charset=utf-8
cache-control: no-cache

10:55:34.649 [AsyncHttpClient-1-9] DEBUG org.asynchttpclient.netty.channel.ChannelManager - Adding key: http://localhost:11490 for channel [id: 0x0eb08554, L:/127.0.0.1:58597 - R:localhost/127.0.0.1:11490]
10:55:35.144 [AsyncHttpClient-1-1] DEBUG org.asynchttpclient.netty.channel.DefaultChannelPool - Entry count for : http://localhost:11490 : 1
10:55:35.271 [AsyncHttpClient-1-9] DEBUG org.asynchttpclient.netty.handler.HttpHandler - Channel Closed: [id: 0x0eb08554, L:/127.0.0.1:58597 ! R:localhost/127.0.0.1:11490] with attribute DISCARD
]]></system-out>
    <system-err><![CDATA[Starting ChromeDriver 112.0.5615.49 (bd2a7bcb881c11e8cfe3078709382934e3916914-refs/branch-heads/5615@{#936}) on port 11490
Only local connections are allowed.
Please see https://chromedriver.chromium.org/security-considerations for suggestions on keeping ChromeDriver safe.
ChromeDriver was started successfully.
May 11, 2023 10:53:02 AM org.openqa.selenium.devtools.CdpVersionFinder findNearestMatch
WARNING: Unable to find an exact match for CDP version 112, so returning the closest version found: 110
]]></system-err>
  </testcase>
</testsuite>