<?xml version="1.0" encoding="UTF-8"?>
<testsuite xmlns:xsi="http://www.w3.org/2001/XMLSchema-instance" xsi:noNamespaceSchemaLocation="https://maven.apache.org/surefire/maven-failsafe-plugin/xsd/failsafe-test-report-3.0.xsd" version="3.0" name="starter.CucumberTestSuite" time="98.211" tests="6" errors="0" skipped="0" failures="0">
  <properties>
    <property name="java.specification.version" value="19"/>
    <property name="webdriver.chrome.driver" value="src/test/resources/webdrivers/chromedriver.exe"/>
    <property name="sun.cpu.isalist" value="amd64"/>
    <property name="sun.jnu.encoding" value="Cp1252"/>
    <property name="java.class.path" value="C:\Users\User\IdeaProjects\prioritasduaa\target\test-classes;C:\Users\User\.m2\repository\net\serenity-bdd\serenity-core\3.6.21\serenity-core-3.6.21.jar;C:\Users\User\.m2\repository\net\serenity-bdd\serenity-model\3.6.21\serenity-model-3.6.21.jar;C:\Users\User\.m2\repository\org\apache\commons\commons-text\1.10.0\commons-text-1.10.0.jar;C:\Users\User\.m2\repository\commons-net\commons-net\3.9.0\commons-net-3.9.0.jar;C:\Users\User\.m2\repository\com\google\guava\guava\31.1-jre\guava-31.1-jre.jar;C:\Users\User\.m2\repository\com\google\guava\failureaccess\1.0.1\failureaccess-1.0.1.jar;C:\Users\User\.m2\repository\com\google\guava\listenablefuture\9999.0-empty-to-avoid-conflict-with-guava\listenablefuture-9999.0-empty-to-avoid-conflict-with-guava.jar;C:\Users\User\.m2\repository\com\google\code\findbugs\jsr305\3.0.2\jsr305-3.0.2.jar;C:\Users\User\.m2\repository\org\checkerframework\checker-qual\3.12.0\checker-qual-3.12.0.jar;C:\Users\User\.m2\repository\com\google\errorprone\error_prone_annotations\2.11.0\error_prone_annotations-2.11.0.jar;C:\Users\User\.m2\repository\com\google\j2objc\j2objc-annotations\1.3\j2objc-annotations-1.3.jar;C:\Users\User\.m2\repository\com\google\inject\guice\5.1.0\guice-5.1.0.jar;C:\Users\User\.m2\repository\javax\inject\javax.inject\1\javax.inject-1.jar;C:\Users\User\.m2\repository\aopalliance\aopalliance\1.0\aopalliance-1.0.jar;C:\Users\User\.m2\repository\org\jsoup\jsoup\1.14.3\jsoup-1.14.3.jar;C:\Users\User\.m2\repository\com\thoughtworks\xstream\xstream\1.4.20\xstream-1.4.20.jar;C:\Users\User\.m2\repository\io\github\x-stream\mxparser\1.2.2\mxparser-1.2.2.jar;C:\Users\User\.m2\repository\xmlpull\xmlpull\1.1.3.1\xmlpull-1.1.3.1.jar;C:\Users\User\.m2\repository\com\typesafe\config\1.4.2\config-1.4.2.jar;C:\Users\User\.m2\repository\org\imgscalr\imgscalr-lib\4.2\imgscalr-lib-4.2.jar;C:\Users\User\.m2\repository\org\awaitility\awaitility\4.2.0\awaitility-4.2.0.jar;C:\Users\User\.m2\repository\org\freemarker\freemarker\2.3.31\freemarker-2.3.31.jar;C:\Users\User\.m2\repository\io\github\classgraph\classgraph\4.8.138\classgraph-4.8.138.jar;C:\Users\User\.m2\repository\net\sourceforge\jexcelapi\jxl\2.6.12\jxl-2.6.12.jar;C:\Users\User\.m2\repository\net\bytebuddy\byte-buddy-agent\1.14.2\byte-buddy-agent-1.14.2.jar;C:\Users\User\.m2\repository\org\objenesis\objenesis\3.3\objenesis-3.3.jar;C:\Users\User\.m2\repository\net\serenity-bdd\serenity-reports\3.6.21\serenity-reports-3.6.21.jar;C:\Users\User\.m2\repository\net\serenity-bdd\serenity-stats\3.6.21\serenity-stats-3.6.21.jar;C:\Users\User\.m2\repository\net\serenity-bdd\serenity-reports-configuration\3.6.21\serenity-reports-configuration-3.6.21.jar;C:\Users\User\.m2\repository\com\vladsch\flexmark\flexmark-all\0.62.2\flexmark-all-0.62.2.jar;C:\Users\User\.m2\repository\com\vladsch\flexmark\flexmark\0.62.2\flexmark-0.62.2.jar;C:\Users\User\.m2\repository\com\vladsch\flexmark\flexmark-ext-abbreviation\0.62.2\flexmark-ext-abbreviation-0.62.2.jar;C:\Users\User\.m2\repository\com\vladsch\flexmark\flexmark-util\0.62.2\flexmark-util-0.62.2.jar;C:\Users\User\.m2\repository\com\vladsch\flexmark\flexmark-ext-admonition\0.62.2\flexmark-ext-admonition-0.62.2.jar;C:\Users\User\.m2\repository\com\vladsch\flexmark\flexmark-ext-anchorlink\0.62.2\flexmark-ext-anchorlink-0.62.2.jar;C:\Users\User\.m2\repository\com\vladsch\flexmark\flexmark-ext-aside\0.62.2\flexmark-ext-aside-0.62.2.jar;C:\Users\User\.m2\repository\com\vladsch\flexmark\flexmark-ext-attributes\0.62.2\flexmark-ext-attributes-0.62.2.jar;C:\Users\User\.m2\repository\com\vladsch\flexmark\flexmark-ext-autolink\0.62.2\flexmark-ext-autolink-0.62.2.jar;C:\Users\User\.m2\repository\org\nibor\autolink\autolink\0.6.0\autolink-0.6.0.jar;C:\Users\User\.m2\repository\com\vladsch\flexmark\flexmark-ext-definition\0.62.2\flexmark-ext-definition-0.62.2.jar;C:\Users\User\.m2\repository\com\vladsch\flexmark\flexmark-ext-emoji\0.62.2\flexmark-ext-emoji-0.62.2.jar;C:\Users\User\.m2\repository\com\vladsch\flexmark\flexmark-ext-enumerated-reference\0.62.2\flexmark-ext-enumerated-reference-0.62.2.jar;C:\Users\User\.m2\repository\com\vladsch\flexmark\flexmark-ext-escaped-character\0.62.2\flexmark-ext-escaped-character-0.62.2.jar;C:\Users\User\.m2\repository\com\vladsch\flexmark\flexmark-ext-footnotes\0.62.2\flexmark-ext-footnotes-0.62.2.jar;C:\Users\User\.m2\repository\com\vladsch\flexmark\flexmark-ext-gfm-issues\0.62.2\flexmark-ext-gfm-issues-0.62.2.jar;C:\Users\User\.m2\repository\com\vladsch\flexmark\flexmark-ext-gfm-strikethrough\0.62.2\flexmark-ext-gfm-strikethrough-0.62.2.jar;C:\Users\User\.m2\repository\com\vladsch\flexmark\flexmark-ext-gfm-tasklist\0.62.2\flexmark-ext-gfm-tasklist-0.62.2.jar;C:\Users\User\.m2\repository\com\vladsch\flexmark\flexmark-ext-gfm-users\0.62.2\flexmark-ext-gfm-users-0.62.2.jar;C:\Users\User\.m2\repository\com\vladsch\flexmark\flexmark-ext-gitlab\0.62.2\flexmark-ext-gitlab-0.62.2.jar;C:\Users\User\.m2\repository\com\vladsch\flexmark\flexmark-ext-jekyll-front-matter\0.62.2\flexmark-ext-jekyll-front-matter-0.62.2.jar;C:\Users\User\.m2\repository\com\vladsch\flexmark\flexmark-ext-jekyll-tag\0.62.2\flexmark-ext-jekyll-tag-0.62.2.jar;C:\Users\User\.m2\repository\com\vladsch\flexmark\flexmark-ext-media-tags\0.62.2\flexmark-ext-media-tags-0.62.2.jar;C:\Users\User\.m2\repository\com\vladsch\flexmark\flexmark-ext-macros\0.62.2\flexmark-ext-macros-0.62.2.jar;C:\Users\User\.m2\repository\com\vladsch\flexmark\flexmark-ext-ins\0.62.2\flexmark-ext-ins-0.62.2.jar;C:\Users\User\.m2\repository\com\vladsch\flexmark\flexmark-ext-xwiki-macros\0.62.2\flexmark-ext-xwiki-macros-0.62.2.jar;C:\Users\User\.m2\repository\com\vladsch\flexmark\flexmark-ext-superscript\0.62.2\flexmark-ext-superscript-0.62.2.jar;C:\Users\User\.m2\repository\com\vladsch\flexmark\flexmark-ext-tables\0.62.2\flexmark-ext-tables-0.62.2.jar;C:\Users\User\.m2\repository\com\vladsch\flexmark\flexmark-ext-toc\0.62.2\flexmark-ext-toc-0.62.2.jar;C:\Users\User\.m2\repository\com\vladsch\flexmark\flexmark-ext-typographic\0.62.2\flexmark-ext-typographic-0.62.2.jar;C:\Users\User\.m2\repository\com\vladsch\flexmark\flexmark-ext-wikilink\0.62.2\flexmark-ext-wikilink-0.62.2.jar;C:\Users\User\.m2\repository\com\vladsch\flexmark\flexmark-ext-yaml-front-matter\0.62.2\flexmark-ext-yaml-front-matter-0.62.2.jar;C:\Users\User\.m2\repository\com\vladsch\flexmark\flexmark-ext-youtube-embedded\0.62.2\flexmark-ext-youtube-embedded-0.62.2.jar;C:\Users\User\.m2\repository\com\vladsch\flexmark\flexmark-html2md-converter\0.62.2\flexmark-html2md-converter-0.62.2.jar;C:\Users\User\.m2\repository\com\vladsch\flexmark\flexmark-jira-converter\0.62.2\flexmark-jira-converter-0.62.2.jar;C:\Users\User\.m2\repository\com\vladsch\flexmark\flexmark-pdf-converter\0.62.2\flexmark-pdf-converter-0.62.2.jar;C:\Users\User\.m2\repository\com\openhtmltopdf\openhtmltopdf-core\1.0.0\openhtmltopdf-core-1.0.0.jar;C:\Users\User\.m2\repository\com\openhtmltopdf\openhtmltopdf-pdfbox\1.0.0\openhtmltopdf-pdfbox-1.0.0.jar;C:\Users\User\.m2\repository\org\apache\pdfbox\pdfbox\2.0.16\pdfbox-2.0.16.jar;C:\Users\User\.m2\repository\org\apache\pdfbox\fontbox\2.0.16\fontbox-2.0.16.jar;C:\Users\User\.m2\repository\org\apache\pdfbox\xmpbox\2.0.16\xmpbox-2.0.16.jar;C:\Users\User\.m2\repository\de\rototor\pdfbox\graphics2d\0.24\graphics2d-0.24.jar;C:\Users\User\.m2\repository\com\openhtmltopdf\openhtmltopdf-rtl-support\1.0.0\openhtmltopdf-rtl-support-1.0.0.jar;C:\Users\User\.m2\repository\com\openhtmltopdf\openhtmltopdf-jsoup-dom-converter\1.0.0\openhtmltopdf-jsoup-dom-converter-1.0.0.jar;C:\Users\User\.m2\repository\com\vladsch\flexmark\flexmark-profile-pegdown\0.62.2\flexmark-profile-pegdown-0.62.2.jar;C:\Users\User\.m2\repository\com\vladsch\flexmark\flexmark-util-ast\0.62.2\flexmark-util-ast-0.62.2.jar;C:\Users\User\.m2\repository\com\vladsch\flexmark\flexmark-util-builder\0.62.2\flexmark-util-builder-0.62.2.jar;C:\Users\User\.m2\repository\com\vladsch\flexmark\flexmark-util-collection\0.62.2\flexmark-util-collection-0.62.2.jar;C:\Users\User\.m2\repository\com\vladsch\flexmark\flexmark-util-data\0.62.2\flexmark-util-data-0.62.2.jar;C:\Users\User\.m2\repository\com\vladsch\flexmark\flexmark-util-dependency\0.62.2\flexmark-util-dependency-0.62.2.jar;C:\Users\User\.m2\repository\com\vladsch\flexmark\flexmark-util-format\0.62.2\flexmark-util-format-0.62.2.jar;C:\Users\User\.m2\repository\com\vladsch\flexmark\flexmark-util-html\0.62.2\flexmark-util-html-0.62.2.jar;C:\Users\User\.m2\repository\com\vladsch\flexmark\flexmark-util-misc\0.62.2\flexmark-util-misc-0.62.2.jar;C:\Users\User\.m2\repository\com\vladsch\flexmark\flexmark-util-options\0.62.2\flexmark-util-options-0.62.2.jar;C:\Users\User\.m2\repository\com\vladsch\flexmark\flexmark-util-sequence\0.62.2\flexmark-util-sequence-0.62.2.jar;C:\Users\User\.m2\repository\com\vladsch\flexmark\flexmark-util-visitor\0.62.2\flexmark-util-visitor-0.62.2.jar;C:\Users\User\.m2\repository\com\vladsch\flexmark\flexmark-youtrack-converter\0.62.2\flexmark-youtrack-converter-0.62.2.jar;C:\Users\User\.m2\repository\com\ibm\icu\icu4j\72.1\icu4j-72.1.jar;C:\Users\User\.m2\repository\es\nitaur\markdown\txtmark\0.16\txtmark-0.16.jar;C:\Users\User\.m2\repository\net\serenity-bdd\serenity-report-resources\3.6.21\serenity-report-resources-3.6.21.jar;C:\Users\User\.m2\repository\com\google\code\gson\gson\2.10.1\gson-2.10.1.jar;C:\Users\User\.m2\repository\com\fasterxml\jackson\core\jackson-core\2.15.0-rc1\jackson-core-2.15.0-rc1.jar;C:\Users\User\.m2\repository\com\fasterxml\jackson\core\jackson-databind\2.15.0-rc1\jackson-databind-2.15.0-rc1.jar;C:\Users\User\.m2\repository\com\fasterxml\jackson\core\jackson-annotations\2.15.0-rc1\jackson-annotations-2.15.0-rc1.jar;C:\Users\User\.m2\repository\commons-codec\commons-codec\1.15\commons-codec-1.15.jar;C:\Users\User\.m2\repository\commons-io\commons-io\2.11.0\commons-io-2.11.0.jar;C:\Users\User\.m2\repository\org\apache\httpcomponents\httpclient\4.5.13\httpclient-4.5.13.jar;C:\Users\User\.m2\repository\org\apache\httpcomponents\httpcore\4.4.13\httpcore-4.4.13.jar;C:\Users\User\.m2\repository\commons-logging\commons-logging\1.2\commons-logging-1.2.jar;C:\Users\User\.m2\repository\org\seleniumhq\selenium\selenium-java\4.8.1\selenium-java-4.8.1.jar;C:\Users\User\.m2\repository\org\seleniumhq\selenium\selenium-devtools-v108\4.8.1\selenium-devtools-v108-4.8.1.jar;C:\Users\User\.m2\repository\org\seleniumhq\selenium\selenium-devtools-v109\4.8.1\selenium-devtools-v109-4.8.1.jar;C:\Users\User\.m2\repository\org\seleniumhq\selenium\selenium-devtools-v110\4.8.1\selenium-devtools-v110-4.8.1.jar;C:\Users\User\.m2\repository\org\seleniumhq\selenium\selenium-devtools-v85\4.8.1\selenium-devtools-v85-4.8.1.jar;C:\Users\User\.m2\repository\org\seleniumhq\selenium\selenium-remote-driver\4.8.1\selenium-remote-driver-4.8.1.jar;C:\Users\User\.m2\repository\com\beust\jcommander\1.82\jcommander-1.82.jar;C:\Users\User\.m2\repository\io\netty\netty-buffer\4.1.87.Final\netty-buffer-4.1.87.Final.jar;C:\Users\User\.m2\repository\io\netty\netty-codec-http\4.1.87.Final\netty-codec-http-4.1.87.Final.jar;C:\Users\User\.m2\repository\io\netty\netty-codec\4.1.87.Final\netty-codec-4.1.87.Final.jar;C:\Users\User\.m2\repository\io\netty\netty-handler\4.1.87.Final\netty-handler-4.1.87.Final.jar;C:\Users\User\.m2\repository\io\netty\netty-common\4.1.87.Final\netty-common-4.1.87.Final.jar;C:\Users\User\.m2\repository\io\netty\netty-transport-classes-epoll\4.1.87.Final\netty-transport-classes-epoll-4.1.87.Final.jar;C:\Users\User\.m2\repository\io\netty\netty-transport-classes-kqueue\4.1.87.Final\netty-transport-classes-kqueue-4.1.87.Final.jar;C:\Users\User\.m2\repository\io\netty\netty-transport-native-epoll\4.1.87.Final\netty-transport-native-epoll-4.1.87.Final.jar;C:\Users\User\.m2\repository\io\netty\netty-transport-native-kqueue\4.1.87.Final\netty-transport-native-kqueue-4.1.87.Final.jar;C:\Users\User\.m2\repository\io\netty\netty-transport-native-unix-common\4.1.87.Final\netty-transport-native-unix-common-4.1.87.Final.jar;C:\Users\User\.m2\repository\io\netty\netty-transport\4.1.87.Final\netty-transport-4.1.87.Final.jar;C:\Users\User\.m2\repository\io\netty\netty-resolver\4.1.87.Final\netty-resolver-4.1.87.Final.jar;C:\Users\User\.m2\repository\io\opentelemetry\opentelemetry-api\1.22.0\opentelemetry-api-1.22.0.jar;C:\Users\User\.m2\repository\io\opentelemetry\opentelemetry-context\1.22.0\opentelemetry-context-1.22.0.jar;C:\Users\User\.m2\repository\io\opentelemetry\opentelemetry-exporter-logging\1.22.0\opentelemetry-exporter-logging-1.22.0.jar;C:\Users\User\.m2\repository\io\opentelemetry\opentelemetry-sdk-metrics\1.22.0\opentelemetry-sdk-metrics-1.22.0.jar;C:\Users\User\.m2\repository\io\opentelemetry\opentelemetry-sdk-logs\1.22.0-alpha\opentelemetry-sdk-logs-1.22.0-alpha.jar;C:\Users\User\.m2\repository\io\opentelemetry\opentelemetry-api-logs\1.22.0-alpha\opentelemetry-api-logs-1.22.0-alpha.jar;C:\Users\User\.m2\repository\io\opentelemetry\opentelemetry-sdk-common\1.22.0\opentelemetry-sdk-common-1.22.0.jar;C:\Users\User\.m2\repository\io\opentelemetry\opentelemetry-sdk-extension-autoconfigure-spi\1.22.0\opentelemetry-sdk-extension-autoconfigure-spi-1.22.0.jar;C:\Users\User\.m2\repository\io\opentelemetry\opentelemetry-sdk-extension-autoconfigure\1.22.0-alpha\opentelemetry-sdk-extension-autoconfigure-1.22.0-alpha.jar;C:\Users\User\.m2\repository\io\opentelemetry\opentelemetry-sdk-trace\1.22.0\opentelemetry-sdk-trace-1.22.0.jar;C:\Users\User\.m2\repository\io\opentelemetry\opentelemetry-sdk\1.22.0\opentelemetry-sdk-1.22.0.jar;C:\Users\User\.m2\repository\io\opentelemetry\opentelemetry-semconv\1.22.0-alpha\opentelemetry-semconv-1.22.0-alpha.jar;C:\Users\User\.m2\repository\io\ous\jtoml\2.0.0\jtoml-2.0.0.jar;C:\Users\User\.m2\repository\org\apache\commons\commons-exec\1.3\commons-exec-1.3.jar;C:\Users\User\.m2\repository\org\asynchttpclient\async-http-client\2.12.3\async-http-client-2.12.3.jar;C:\Users\User\.m2\repository\org\asynchttpclient\async-http-client-netty-utils\2.12.3\async-http-client-netty-utils-2.12.3.jar;C:\Users\User\.m2\repository\io\netty\netty-codec-socks\4.1.60.Final\netty-codec-socks-4.1.60.Final.jar;C:\Users\User\.m2\repository\io\netty\netty-handler-proxy\4.1.60.Final\netty-handler-proxy-4.1.60.Final.jar;C:\Users\User\.m2\repository\io\netty\netty-transport-native-epoll\4.1.60.Final\netty-transport-native-epoll-4.1.60.Final-linux-x86_64.jar;C:\Users\User\.m2\repository\io\netty\netty-transport-native-kqueue\4.1.60.Final\netty-transport-native-kqueue-4.1.60.Final-osx-x86_64.jar;C:\Users\User\.m2\repository\org\reactivestreams\reactive-streams\1.0.3\reactive-streams-1.0.3.jar;C:\Users\User\.m2\repository\com\typesafe\netty\netty-reactive-streams\2.0.4\netty-reactive-streams-2.0.4.jar;C:\Users\User\.m2\repository\org\seleniumhq\selenium\selenium-manager\4.8.1\selenium-manager-4.8.1.jar;C:\Users\User\.m2\repository\org\seleniumhq\selenium\selenium-safari-driver\4.8.1\selenium-safari-driver-4.8.1.jar;C:\Users\User\.m2\repository\org\seleniumhq\selenium\selenium-api\4.8.1\selenium-api-4.8.1.jar;C:\Users\User\.m2\repository\org\seleniumhq\selenium\selenium-support\4.8.1\selenium-support-4.8.1.jar;C:\Users\User\.m2\repository\com\google\auto\service\auto-service-annotations\1.0.1\auto-service-annotations-1.0.1.jar;C:\Users\User\.m2\repository\com\google\auto\service\auto-service\1.0.1\auto-service-1.0.1.jar;C:\Users\User\.m2\repository\com\google\auto\auto-common\1.2\auto-common-1.2.jar;C:\Users\User\.m2\repository\org\seleniumhq\selenium\selenium-json\4.8.1\selenium-json-4.8.1.jar;C:\Users\User\.m2\repository\org\seleniumhq\selenium\selenium-chrome-driver\4.8.1\selenium-chrome-driver-4.8.1.jar;C:\Users\User\.m2\repository\org\seleniumhq\selenium\selenium-chromium-driver\4.8.1\selenium-chromium-driver-4.8.1.jar;C:\Users\User\.m2\repository\org\seleniumhq\selenium\selenium-firefox-driver\4.8.1\selenium-firefox-driver-4.8.1.jar;C:\Users\User\.m2\repository\org\seleniumhq\selenium\selenium-http\4.8.1\selenium-http-4.8.1.jar;C:\Users\User\.m2\repository\dev\failsafe\failsafe\3.3.0\failsafe-3.3.0.jar;C:\Users\User\.m2\repository\org\seleniumhq\selenium\selenium-edge-driver\4.8.1\selenium-edge-driver-4.8.1.jar;C:\Users\User\.m2\repository\org\seleniumhq\selenium\selenium-ie-driver\4.8.1\selenium-ie-driver-4.8.1.jar;C:\Users\User\.m2\repository\org\projectlombok\lombok\1.18.20\lombok-1.18.20.jar;C:\Users\User\.m2\repository\io\appium\java-client\8.3.0\java-client-8.3.0.jar;C:\Users\User\.m2\repository\commons-validator\commons-validator\1.7\commons-validator-1.7.jar;C:\Users\User\.m2\repository\commons-digester\commons-digester\2.1\commons-digester-2.1.jar;C:\Users\User\.m2\repository\org\apache\groovy\groovy\4.0.10\groovy-4.0.10.jar;C:\Users\User\.m2\repository\net\sf\opencsv\opencsv\2.0\opencsv-2.0.jar;C:\Users\User\.m2\repository\commons-beanutils\commons-beanutils\1.9.4\commons-beanutils-1.9.4.jar;C:\Users\User\.m2\repository\org\apache\commons\commons-lang3\3.12.0\commons-lang3-3.12.0.jar;C:\Users\User\.m2\repository\commons-collections\commons-collections\3.2.2\commons-collections-3.2.2.jar;C:\Users\User\.m2\repository\org\fluentlenium\fluentlenium-core\0.10.2\fluentlenium-core-0.10.2.jar;C:\Users\User\.m2\repository\io\github\bonigarcia\webdrivermanager\5.3.0\webdrivermanager-5.3.0.jar;C:\Users\User\.m2\repository\com\github\docker-java\docker-java\3.2.13\docker-java-3.2.13.jar;C:\Users\User\.m2\repository\com\github\docker-java\docker-java-core\3.2.13\docker-java-core-3.2.13.jar;C:\Users\User\.m2\repository\com\github\docker-java\docker-java-api\3.2.13\docker-java-api-3.2.13.jar;C:\Users\User\.m2\repository\org\apache\commons\commons-compress\1.21\commons-compress-1.21.jar;C:\Users\User\.m2\repository\org\bouncycastle\bcpkix-jdk15on\1.64\bcpkix-jdk15on-1.64.jar;C:\Users\User\.m2\repository\org\bouncycastle\bcprov-jdk15on\1.64\bcprov-jdk15on-1.64.jar;C:\Users\User\.m2\repository\org\slf4j\jcl-over-slf4j\1.7.30\jcl-over-slf4j-1.7.30.jar;C:\Users\User\.m2\repository\com\github\docker-java\docker-java-transport-httpclient5\3.2.13\docker-java-transport-httpclient5-3.2.13.jar;C:\Users\User\.m2\repository\com\github\docker-java\docker-java-transport\3.2.13\docker-java-transport-3.2.13.jar;C:\Users\User\.m2\repository\net\java\dev\jna\jna\5.8.0\jna-5.8.0.jar;C:\Users\User\.m2\repository\org\brotli\dec\0.1.2\dec-0.1.2.jar;C:\Users\User\.m2\repository\org\apache\httpcomponents\client5\httpclient5\5.1.3\httpclient5-5.1.3.jar;C:\Users\User\.m2\repository\org\apache\httpcomponents\core5\httpcore5\5.1.3\httpcore5-5.1.3.jar;C:\Users\User\.m2\repository\org\apache\httpcomponents\core5\httpcore5-h2\5.1.3\httpcore5-h2-5.1.3.jar;C:\Users\User\.m2\repository\com\jhlabs\filters\2.0.235\filters-2.0.235.jar;C:\Users\User\.m2\repository\com\paulhammant\ngwebdriver\1.1.6\ngwebdriver-1.1.6.jar;C:\Users\User\.m2\repository\joda-time\joda-time\2.12.2\joda-time-2.12.2.jar;C:\Users\User\.m2\repository\org\hamcrest\hamcrest\2.2\hamcrest-2.2.jar;C:\Users\User\.m2\repository\com\google\jimfs\jimfs\1.2\jimfs-1.2.jar;C:\Users\User\.m2\repository\org\mockito\mockito-core\3.3.3\mockito-core-3.3.3.jar;C:\Users\User\.m2\repository\javax\xml\bind\jaxb-api\2.3.1\jaxb-api-2.3.1.jar;C:\Users\User\.m2\repository\javax\activation\javax.activation-api\1.2.0\javax.activation-api-1.2.0.jar;C:\Users\User\.m2\repository\com\sun\xml\bind\jaxb-core\2.3.0.1\jaxb-core-2.3.0.1.jar;C:\Users\User\.m2\repository\com\sun\xml\bind\jaxb-impl\2.3.3\jaxb-impl-2.3.3.jar;C:\Users\User\.m2\repository\jakarta\xml\bind\jakarta.xml.bind-api\2.3.3\jakarta.xml.bind-api-2.3.3.jar;C:\Users\User\.m2\repository\com\sun\activation\jakarta.activation\1.2.2\jakarta.activation-1.2.2.jar;C:\Users\User\.m2\repository\javax\activation\activation\1.1.1\activation-1.1.1.jar;C:\Users\User\.m2\repository\net\serenity-bdd\serenity-cucumber\3.6.21\serenity-cucumber-3.6.21.jar;C:\Users\User\.m2\repository\io\cucumber\cucumber-core\7.11.0\cucumber-core-7.11.0.jar;C:\Users\User\.m2\repository\io\cucumber\cucumber-gherkin\7.11.0\cucumber-gherkin-7.11.0.jar;C:\Users\User\.m2\repository\io\cucumber\cucumber-gherkin-messages\7.11.0\cucumber-gherkin-messages-7.11.0.jar;C:\Users\User\.m2\repository\io\cucumber\gherkin\26.0.3\gherkin-26.0.3.jar;C:\Users\User\.m2\repository\io\cucumber\messages\21.0.1\messages-21.0.1.jar;C:\Users\User\.m2\repository\io\cucumber\tag-expressions\5.0.1\tag-expressions-5.0.1.jar;C:\Users\User\.m2\repository\io\cucumber\cucumber-expressions\16.1.1\cucumber-expressions-16.1.1.jar;C:\Users\User\.m2\repository\io\cucumber\datatable\7.11.0\datatable-7.11.0.jar;C:\Users\User\.m2\repository\io\cucumber\cucumber-plugin\7.11.0\cucumber-plugin-7.11.0.jar;C:\Users\User\.m2\repository\io\cucumber\docstring\7.11.0\docstring-7.11.0.jar;C:\Users\User\.m2\repository\io\cucumber\html-formatter\20.2.1\html-formatter-20.2.1.jar;C:\Users\User\.m2\repository\io\cucumber\junit-xml-formatter\0.1.0\junit-xml-formatter-0.1.0.jar;C:\Users\User\.m2\repository\io\cucumber\ci-environment\9.1.0\ci-environment-9.1.0.jar;C:\Users\User\.m2\repository\io\cucumber\cucumber-java\7.11.0\cucumber-java-7.11.0.jar;C:\Users\User\.m2\repository\io\cucumber\cucumber-junit\7.11.0\cucumber-junit-7.11.0.jar;C:\Users\User\.m2\repository\org\apache\commons\commons-csv\1.5\commons-csv-1.5.jar;C:\Users\User\.m2\repository\net\serenity-bdd\serenity-screenplay\3.6.21\serenity-screenplay-3.6.21.jar;C:\Users\User\.m2\repository\net\serenity-bdd\serenity-screenplay-webdriver\3.6.21\serenity-screenplay-webdriver-3.6.21.jar;C:\Users\User\.m2\repository\net\serenity-bdd\serenity-ensure\3.6.21\serenity-ensure-3.6.21.jar;C:\Users\User\.m2\repository\net\serenity-bdd\serenity-junit\3.6.21\serenity-junit-3.6.21.jar;C:\Users\User\.m2\repository\org\jetbrains\kotlin\kotlin-stdlib\1.8.10\kotlin-stdlib-1.8.10.jar;C:\Users\User\.m2\repository\org\jetbrains\kotlin\kotlin-stdlib-common\1.8.10\kotlin-stdlib-common-1.8.10.jar;C:\Users\User\.m2\repository\org\jetbrains\annotations\13.0\annotations-13.0.jar;C:\Users\User\.m2\repository\org\junit\platform\junit-platform-launcher\1.8.2\junit-platform-launcher-1.8.2.jar;C:\Users\User\.m2\repository\org\junit\platform\junit-platform-engine\1.8.2\junit-platform-engine-1.8.2.jar;C:\Users\User\.m2\repository\org\opentest4j\opentest4j\1.2.0\opentest4j-1.2.0.jar;C:\Users\User\.m2\repository\org\junit\platform\junit-platform-commons\1.8.2\junit-platform-commons-1.8.2.jar;C:\Users\User\.m2\repository\org\apiguardian\apiguardian-api\1.1.2\apiguardian-api-1.1.2.jar;C:\Users\User\.m2\repository\org\junit\jupiter\junit-jupiter-engine\5.8.2\junit-jupiter-engine-5.8.2.jar;C:\Users\User\.m2\repository\org\junit\jupiter\junit-jupiter-api\5.8.2\junit-jupiter-api-5.8.2.jar;C:\Users\User\.m2\repository\org\junit\vintage\junit-vintage-engine\5.8.2\junit-vintage-engine-5.8.2.jar;C:\Users\User\.m2\repository\junit\junit\4.13.2\junit-4.13.2.jar;C:\Users\User\.m2\repository\org\hamcrest\hamcrest-core\1.3\hamcrest-core-1.3.jar;C:\Users\User\.m2\repository\ch\qos\logback\logback-classic\1.2.10\logback-classic-1.2.10.jar;C:\Users\User\.m2\repository\ch\qos\logback\logback-core\1.2.10\logback-core-1.2.10.jar;C:\Users\User\.m2\repository\org\slf4j\slf4j-api\1.7.32\slf4j-api-1.7.32.jar;C:\Users\User\.m2\repository\org\assertj\assertj-core\3.23.1\assertj-core-3.23.1.jar;C:\Users\User\.m2\repository\net\bytebuddy\byte-buddy\1.12.10\byte-buddy-1.12.10.jar;"/>
    <property name="java.vm.vendor" value="Oracle Corporation"/>
    <property name="sun.arch.data.model" value="64"/>
    <property name="user.variant" value=""/>
    <property name="java.vendor.url" value="https://java.oracle.com/"/>
    <property name="user.timezone" value="Asia/Jakarta"/>
    <property name="os.name" value="Windows 10"/>
    <property name="java.vm.specification.version" value="19"/>
    <property name="sun.java.launcher" value="SUN_STANDARD"/>
    <property name="user.country" value="ID"/>
    <property name="sun.boot.library.path" value="C:\Program Files\Java\jdk-19\bin"/>
    <property name="sun.java.command" value="org.apache.maven.surefire.booter.ForkedBooter C:\Users\User\AppData\Local\Temp\surefire16863827689820188781 2023-04-06T14-02-35_711-jvmRun1 surefire18279394556597302844tmp surefire_05847719312486513359tmp"/>
    <property name="jdk.debug" value="release"/>
    <property name="surefire.test.class.path" value="C:\Users\User\IdeaProjects\prioritasduaa\target\test-classes;C:\Users\User\.m2\repository\net\serenity-bdd\serenity-core\3.6.21\serenity-core-3.6.21.jar;C:\Users\User\.m2\repository\net\serenity-bdd\serenity-model\3.6.21\serenity-model-3.6.21.jar;C:\Users\User\.m2\repository\org\apache\commons\commons-text\1.10.0\commons-text-1.10.0.jar;C:\Users\User\.m2\repository\commons-net\commons-net\3.9.0\commons-net-3.9.0.jar;C:\Users\User\.m2\repository\com\google\guava\guava\31.1-jre\guava-31.1-jre.jar;C:\Users\User\.m2\repository\com\google\guava\failureaccess\1.0.1\failureaccess-1.0.1.jar;C:\Users\User\.m2\repository\com\google\guava\listenablefuture\9999.0-empty-to-avoid-conflict-with-guava\listenablefuture-9999.0-empty-to-avoid-conflict-with-guava.jar;C:\Users\User\.m2\repository\com\google\code\findbugs\jsr305\3.0.2\jsr305-3.0.2.jar;C:\Users\User\.m2\repository\org\checkerframework\checker-qual\3.12.0\checker-qual-3.12.0.jar;C:\Users\User\.m2\repository\com\google\errorprone\error_prone_annotations\2.11.0\error_prone_annotations-2.11.0.jar;C:\Users\User\.m2\repository\com\google\j2objc\j2objc-annotations\1.3\j2objc-annotations-1.3.jar;C:\Users\User\.m2\repository\com\google\inject\guice\5.1.0\guice-5.1.0.jar;C:\Users\User\.m2\repository\javax\inject\javax.inject\1\javax.inject-1.jar;C:\Users\User\.m2\repository\aopalliance\aopalliance\1.0\aopalliance-1.0.jar;C:\Users\User\.m2\repository\org\jsoup\jsoup\1.14.3\jsoup-1.14.3.jar;C:\Users\User\.m2\repository\com\thoughtworks\xstream\xstream\1.4.20\xstream-1.4.20.jar;C:\Users\User\.m2\repository\io\github\x-stream\mxparser\1.2.2\mxparser-1.2.2.jar;C:\Users\User\.m2\repository\xmlpull\xmlpull\1.1.3.1\xmlpull-1.1.3.1.jar;C:\Users\User\.m2\repository\com\typesafe\config\1.4.2\config-1.4.2.jar;C:\Users\User\.m2\repository\org\imgscalr\imgscalr-lib\4.2\imgscalr-lib-4.2.jar;C:\Users\User\.m2\repository\org\awaitility\awaitility\4.2.0\awaitility-4.2.0.jar;C:\Users\User\.m2\repository\org\freemarker\freemarker\2.3.31\freemarker-2.3.31.jar;C:\Users\User\.m2\repository\io\github\classgraph\classgraph\4.8.138\classgraph-4.8.138.jar;C:\Users\User\.m2\repository\net\sourceforge\jexcelapi\jxl\2.6.12\jxl-2.6.12.jar;C:\Users\User\.m2\repository\net\bytebuddy\byte-buddy-agent\1.14.2\byte-buddy-agent-1.14.2.jar;C:\Users\User\.m2\repository\org\objenesis\objenesis\3.3\objenesis-3.3.jar;C:\Users\User\.m2\repository\net\serenity-bdd\serenity-reports\3.6.21\serenity-reports-3.6.21.jar;C:\Users\User\.m2\repository\net\serenity-bdd\serenity-stats\3.6.21\serenity-stats-3.6.21.jar;C:\Users\User\.m2\repository\net\serenity-bdd\serenity-reports-configuration\3.6.21\serenity-reports-configuration-3.6.21.jar;C:\Users\User\.m2\repository\com\vladsch\flexmark\flexmark-all\0.62.2\flexmark-all-0.62.2.jar;C:\Users\User\.m2\repository\com\vladsch\flexmark\flexmark\0.62.2\flexmark-0.62.2.jar;C:\Users\User\.m2\repository\com\vladsch\flexmark\flexmark-ext-abbreviation\0.62.2\flexmark-ext-abbreviation-0.62.2.jar;C:\Users\User\.m2\repository\com\vladsch\flexmark\flexmark-util\0.62.2\flexmark-util-0.62.2.jar;C:\Users\User\.m2\repository\com\vladsch\flexmark\flexmark-ext-admonition\0.62.2\flexmark-ext-admonition-0.62.2.jar;C:\Users\User\.m2\repository\com\vladsch\flexmark\flexmark-ext-anchorlink\0.62.2\flexmark-ext-anchorlink-0.62.2.jar;C:\Users\User\.m2\repository\com\vladsch\flexmark\flexmark-ext-aside\0.62.2\flexmark-ext-aside-0.62.2.jar;C:\Users\User\.m2\repository\com\vladsch\flexmark\flexmark-ext-attributes\0.62.2\flexmark-ext-attributes-0.62.2.jar;C:\Users\User\.m2\repository\com\vladsch\flexmark\flexmark-ext-autolink\0.62.2\flexmark-ext-autolink-0.62.2.jar;C:\Users\User\.m2\repository\org\nibor\autolink\autolink\0.6.0\autolink-0.6.0.jar;C:\Users\User\.m2\repository\com\vladsch\flexmark\flexmark-ext-definition\0.62.2\flexmark-ext-definition-0.62.2.jar;C:\Users\User\.m2\repository\com\vladsch\flexmark\flexmark-ext-emoji\0.62.2\flexmark-ext-emoji-0.62.2.jar;C:\Users\User\.m2\repository\com\vladsch\flexmark\flexmark-ext-enumerated-reference\0.62.2\flexmark-ext-enumerated-reference-0.62.2.jar;C:\Users\User\.m2\repository\com\vladsch\flexmark\flexmark-ext-escaped-character\0.62.2\flexmark-ext-escaped-character-0.62.2.jar;C:\Users\User\.m2\repository\com\vladsch\flexmark\flexmark-ext-footnotes\0.62.2\flexmark-ext-footnotes-0.62.2.jar;C:\Users\User\.m2\repository\com\vladsch\flexmark\flexmark-ext-gfm-issues\0.62.2\flexmark-ext-gfm-issues-0.62.2.jar;C:\Users\User\.m2\repository\com\vladsch\flexmark\flexmark-ext-gfm-strikethrough\0.62.2\flexmark-ext-gfm-strikethrough-0.62.2.jar;C:\Users\User\.m2\repository\com\vladsch\flexmark\flexmark-ext-gfm-tasklist\0.62.2\flexmark-ext-gfm-tasklist-0.62.2.jar;C:\Users\User\.m2\repository\com\vladsch\flexmark\flexmark-ext-gfm-users\0.62.2\flexmark-ext-gfm-users-0.62.2.jar;C:\Users\User\.m2\repository\com\vladsch\flexmark\flexmark-ext-gitlab\0.62.2\flexmark-ext-gitlab-0.62.2.jar;C:\Users\User\.m2\repository\com\vladsch\flexmark\flexmark-ext-jekyll-front-matter\0.62.2\flexmark-ext-jekyll-front-matter-0.62.2.jar;C:\Users\User\.m2\repository\com\vladsch\flexmark\flexmark-ext-jekyll-tag\0.62.2\flexmark-ext-jekyll-tag-0.62.2.jar;C:\Users\User\.m2\repository\com\vladsch\flexmark\flexmark-ext-media-tags\0.62.2\flexmark-ext-media-tags-0.62.2.jar;C:\Users\User\.m2\repository\com\vladsch\flexmark\flexmark-ext-macros\0.62.2\flexmark-ext-macros-0.62.2.jar;C:\Users\User\.m2\repository\com\vladsch\flexmark\flexmark-ext-ins\0.62.2\flexmark-ext-ins-0.62.2.jar;C:\Users\User\.m2\repository\com\vladsch\flexmark\flexmark-ext-xwiki-macros\0.62.2\flexmark-ext-xwiki-macros-0.62.2.jar;C:\Users\User\.m2\repository\com\vladsch\flexmark\flexmark-ext-superscript\0.62.2\flexmark-ext-superscript-0.62.2.jar;C:\Users\User\.m2\repository\com\vladsch\flexmark\flexmark-ext-tables\0.62.2\flexmark-ext-tables-0.62.2.jar;C:\Users\User\.m2\repository\com\vladsch\flexmark\flexmark-ext-toc\0.62.2\flexmark-ext-toc-0.62.2.jar;C:\Users\User\.m2\repository\com\vladsch\flexmark\flexmark-ext-typographic\0.62.2\flexmark-ext-typographic-0.62.2.jar;C:\Users\User\.m2\repository\com\vladsch\flexmark\flexmark-ext-wikilink\0.62.2\flexmark-ext-wikilink-0.62.2.jar;C:\Users\User\.m2\repository\com\vladsch\flexmark\flexmark-ext-yaml-front-matter\0.62.2\flexmark-ext-yaml-front-matter-0.62.2.jar;C:\Users\User\.m2\repository\com\vladsch\flexmark\flexmark-ext-youtube-embedded\0.62.2\flexmark-ext-youtube-embedded-0.62.2.jar;C:\Users\User\.m2\repository\com\vladsch\flexmark\flexmark-html2md-converter\0.62.2\flexmark-html2md-converter-0.62.2.jar;C:\Users\User\.m2\repository\com\vladsch\flexmark\flexmark-jira-converter\0.62.2\flexmark-jira-converter-0.62.2.jar;C:\Users\User\.m2\repository\com\vladsch\flexmark\flexmark-pdf-converter\0.62.2\flexmark-pdf-converter-0.62.2.jar;C:\Users\User\.m2\repository\com\openhtmltopdf\openhtmltopdf-core\1.0.0\openhtmltopdf-core-1.0.0.jar;C:\Users\User\.m2\repository\com\openhtmltopdf\openhtmltopdf-pdfbox\1.0.0\openhtmltopdf-pdfbox-1.0.0.jar;C:\Users\User\.m2\repository\org\apache\pdfbox\pdfbox\2.0.16\pdfbox-2.0.16.jar;C:\Users\User\.m2\repository\org\apache\pdfbox\fontbox\2.0.16\fontbox-2.0.16.jar;C:\Users\User\.m2\repository\org\apache\pdfbox\xmpbox\2.0.16\xmpbox-2.0.16.jar;C:\Users\User\.m2\repository\de\rototor\pdfbox\graphics2d\0.24\graphics2d-0.24.jar;C:\Users\User\.m2\repository\com\openhtmltopdf\openhtmltopdf-rtl-support\1.0.0\openhtmltopdf-rtl-support-1.0.0.jar;C:\Users\User\.m2\repository\com\openhtmltopdf\openhtmltopdf-jsoup-dom-converter\1.0.0\openhtmltopdf-jsoup-dom-converter-1.0.0.jar;C:\Users\User\.m2\repository\com\vladsch\flexmark\flexmark-profile-pegdown\0.62.2\flexmark-profile-pegdown-0.62.2.jar;C:\Users\User\.m2\repository\com\vladsch\flexmark\flexmark-util-ast\0.62.2\flexmark-util-ast-0.62.2.jar;C:\Users\User\.m2\repository\com\vladsch\flexmark\flexmark-util-builder\0.62.2\flexmark-util-builder-0.62.2.jar;C:\Users\User\.m2\repository\com\vladsch\flexmark\flexmark-util-collection\0.62.2\flexmark-util-collection-0.62.2.jar;C:\Users\User\.m2\repository\com\vladsch\flexmark\flexmark-util-data\0.62.2\flexmark-util-data-0.62.2.jar;C:\Users\User\.m2\repository\com\vladsch\flexmark\flexmark-util-dependency\0.62.2\flexmark-util-dependency-0.62.2.jar;C:\Users\User\.m2\repository\com\vladsch\flexmark\flexmark-util-format\0.62.2\flexmark-util-format-0.62.2.jar;C:\Users\User\.m2\repository\com\vladsch\flexmark\flexmark-util-html\0.62.2\flexmark-util-html-0.62.2.jar;C:\Users\User\.m2\repository\com\vladsch\flexmark\flexmark-util-misc\0.62.2\flexmark-util-misc-0.62.2.jar;C:\Users\User\.m2\repository\com\vladsch\flexmark\flexmark-util-options\0.62.2\flexmark-util-options-0.62.2.jar;C:\Users\User\.m2\repository\com\vladsch\flexmark\flexmark-util-sequence\0.62.2\flexmark-util-sequence-0.62.2.jar;C:\Users\User\.m2\repository\com\vladsch\flexmark\flexmark-util-visitor\0.62.2\flexmark-util-visitor-0.62.2.jar;C:\Users\User\.m2\repository\com\vladsch\flexmark\flexmark-youtrack-converter\0.62.2\flexmark-youtrack-converter-0.62.2.jar;C:\Users\User\.m2\repository\com\ibm\icu\icu4j\72.1\icu4j-72.1.jar;C:\Users\User\.m2\repository\es\nitaur\markdown\txtmark\0.16\txtmark-0.16.jar;C:\Users\User\.m2\repository\net\serenity-bdd\serenity-report-resources\3.6.21\serenity-report-resources-3.6.21.jar;C:\Users\User\.m2\repository\com\google\code\gson\gson\2.10.1\gson-2.10.1.jar;C:\Users\User\.m2\repository\com\fasterxml\jackson\core\jackson-core\2.15.0-rc1\jackson-core-2.15.0-rc1.jar;C:\Users\User\.m2\repository\com\fasterxml\jackson\core\jackson-databind\2.15.0-rc1\jackson-databind-2.15.0-rc1.jar;C:\Users\User\.m2\repository\com\fasterxml\jackson\core\jackson-annotations\2.15.0-rc1\jackson-annotations-2.15.0-rc1.jar;C:\Users\User\.m2\repository\commons-codec\commons-codec\1.15\commons-codec-1.15.jar;C:\Users\User\.m2\repository\commons-io\commons-io\2.11.0\commons-io-2.11.0.jar;C:\Users\User\.m2\repository\org\apache\httpcomponents\httpclient\4.5.13\httpclient-4.5.13.jar;C:\Users\User\.m2\repository\org\apache\httpcomponents\httpcore\4.4.13\httpcore-4.4.13.jar;C:\Users\User\.m2\repository\commons-logging\commons-logging\1.2\commons-logging-1.2.jar;C:\Users\User\.m2\repository\org\seleniumhq\selenium\selenium-java\4.8.1\selenium-java-4.8.1.jar;C:\Users\User\.m2\repository\org\seleniumhq\selenium\selenium-devtools-v108\4.8.1\selenium-devtools-v108-4.8.1.jar;C:\Users\User\.m2\repository\org\seleniumhq\selenium\selenium-devtools-v109\4.8.1\selenium-devtools-v109-4.8.1.jar;C:\Users\User\.m2\repository\org\seleniumhq\selenium\selenium-devtools-v110\4.8.1\selenium-devtools-v110-4.8.1.jar;C:\Users\User\.m2\repository\org\seleniumhq\selenium\selenium-devtools-v85\4.8.1\selenium-devtools-v85-4.8.1.jar;C:\Users\User\.m2\repository\org\seleniumhq\selenium\selenium-remote-driver\4.8.1\selenium-remote-driver-4.8.1.jar;C:\Users\User\.m2\repository\com\beust\jcommander\1.82\jcommander-1.82.jar;C:\Users\User\.m2\repository\io\netty\netty-buffer\4.1.87.Final\netty-buffer-4.1.87.Final.jar;C:\Users\User\.m2\repository\io\netty\netty-codec-http\4.1.87.Final\netty-codec-http-4.1.87.Final.jar;C:\Users\User\.m2\repository\io\netty\netty-codec\4.1.87.Final\netty-codec-4.1.87.Final.jar;C:\Users\User\.m2\repository\io\netty\netty-handler\4.1.87.Final\netty-handler-4.1.87.Final.jar;C:\Users\User\.m2\repository\io\netty\netty-common\4.1.87.Final\netty-common-4.1.87.Final.jar;C:\Users\User\.m2\repository\io\netty\netty-transport-classes-epoll\4.1.87.Final\netty-transport-classes-epoll-4.1.87.Final.jar;C:\Users\User\.m2\repository\io\netty\netty-transport-classes-kqueue\4.1.87.Final\netty-transport-classes-kqueue-4.1.87.Final.jar;C:\Users\User\.m2\repository\io\netty\netty-transport-native-epoll\4.1.87.Final\netty-transport-native-epoll-4.1.87.Final.jar;C:\Users\User\.m2\repository\io\netty\netty-transport-native-kqueue\4.1.87.Final\netty-transport-native-kqueue-4.1.87.Final.jar;C:\Users\User\.m2\repository\io\netty\netty-transport-native-unix-common\4.1.87.Final\netty-transport-native-unix-common-4.1.87.Final.jar;C:\Users\User\.m2\repository\io\netty\netty-transport\4.1.87.Final\netty-transport-4.1.87.Final.jar;C:\Users\User\.m2\repository\io\netty\netty-resolver\4.1.87.Final\netty-resolver-4.1.87.Final.jar;C:\Users\User\.m2\repository\io\opentelemetry\opentelemetry-api\1.22.0\opentelemetry-api-1.22.0.jar;C:\Users\User\.m2\repository\io\opentelemetry\opentelemetry-context\1.22.0\opentelemetry-context-1.22.0.jar;C:\Users\User\.m2\repository\io\opentelemetry\opentelemetry-exporter-logging\1.22.0\opentelemetry-exporter-logging-1.22.0.jar;C:\Users\User\.m2\repository\io\opentelemetry\opentelemetry-sdk-metrics\1.22.0\opentelemetry-sdk-metrics-1.22.0.jar;C:\Users\User\.m2\repository\io\opentelemetry\opentelemetry-sdk-logs\1.22.0-alpha\opentelemetry-sdk-logs-1.22.0-alpha.jar;C:\Users\User\.m2\repository\io\opentelemetry\opentelemetry-api-logs\1.22.0-alpha\opentelemetry-api-logs-1.22.0-alpha.jar;C:\Users\User\.m2\repository\io\opentelemetry\opentelemetry-sdk-common\1.22.0\opentelemetry-sdk-common-1.22.0.jar;C:\Users\User\.m2\repository\io\opentelemetry\opentelemetry-sdk-extension-autoconfigure-spi\1.22.0\opentelemetry-sdk-extension-autoconfigure-spi-1.22.0.jar;C:\Users\User\.m2\repository\io\opentelemetry\opentelemetry-sdk-extension-autoconfigure\1.22.0-alpha\opentelemetry-sdk-extension-autoconfigure-1.22.0-alpha.jar;C:\Users\User\.m2\repository\io\opentelemetry\opentelemetry-sdk-trace\1.22.0\opentelemetry-sdk-trace-1.22.0.jar;C:\Users\User\.m2\repository\io\opentelemetry\opentelemetry-sdk\1.22.0\opentelemetry-sdk-1.22.0.jar;C:\Users\User\.m2\repository\io\opentelemetry\opentelemetry-semconv\1.22.0-alpha\opentelemetry-semconv-1.22.0-alpha.jar;C:\Users\User\.m2\repository\io\ous\jtoml\2.0.0\jtoml-2.0.0.jar;C:\Users\User\.m2\repository\org\apache\commons\commons-exec\1.3\commons-exec-1.3.jar;C:\Users\User\.m2\repository\org\asynchttpclient\async-http-client\2.12.3\async-http-client-2.12.3.jar;C:\Users\User\.m2\repository\org\asynchttpclient\async-http-client-netty-utils\2.12.3\async-http-client-netty-utils-2.12.3.jar;C:\Users\User\.m2\repository\io\netty\netty-codec-socks\4.1.60.Final\netty-codec-socks-4.1.60.Final.jar;C:\Users\User\.m2\repository\io\netty\netty-handler-proxy\4.1.60.Final\netty-handler-proxy-4.1.60.Final.jar;C:\Users\User\.m2\repository\io\netty\netty-transport-native-epoll\4.1.60.Final\netty-transport-native-epoll-4.1.60.Final-linux-x86_64.jar;C:\Users\User\.m2\repository\io\netty\netty-transport-native-kqueue\4.1.60.Final\netty-transport-native-kqueue-4.1.60.Final-osx-x86_64.jar;C:\Users\User\.m2\repository\org\reactivestreams\reactive-streams\1.0.3\reactive-streams-1.0.3.jar;C:\Users\User\.m2\repository\com\typesafe\netty\netty-reactive-streams\2.0.4\netty-reactive-streams-2.0.4.jar;C:\Users\User\.m2\repository\org\seleniumhq\selenium\selenium-manager\4.8.1\selenium-manager-4.8.1.jar;C:\Users\User\.m2\repository\org\seleniumhq\selenium\selenium-safari-driver\4.8.1\selenium-safari-driver-4.8.1.jar;C:\Users\User\.m2\repository\org\seleniumhq\selenium\selenium-api\4.8.1\selenium-api-4.8.1.jar;C:\Users\User\.m2\repository\org\seleniumhq\selenium\selenium-support\4.8.1\selenium-support-4.8.1.jar;C:\Users\User\.m2\repository\com\google\auto\service\auto-service-annotations\1.0.1\auto-service-annotations-1.0.1.jar;C:\Users\User\.m2\repository\com\google\auto\service\auto-service\1.0.1\auto-service-1.0.1.jar;C:\Users\User\.m2\repository\com\google\auto\auto-common\1.2\auto-common-1.2.jar;C:\Users\User\.m2\repository\org\seleniumhq\selenium\selenium-json\4.8.1\selenium-json-4.8.1.jar;C:\Users\User\.m2\repository\org\seleniumhq\selenium\selenium-chrome-driver\4.8.1\selenium-chrome-driver-4.8.1.jar;C:\Users\User\.m2\repository\org\seleniumhq\selenium\selenium-chromium-driver\4.8.1\selenium-chromium-driver-4.8.1.jar;C:\Users\User\.m2\repository\org\seleniumhq\selenium\selenium-firefox-driver\4.8.1\selenium-firefox-driver-4.8.1.jar;C:\Users\User\.m2\repository\org\seleniumhq\selenium\selenium-http\4.8.1\selenium-http-4.8.1.jar;C:\Users\User\.m2\repository\dev\failsafe\failsafe\3.3.0\failsafe-3.3.0.jar;C:\Users\User\.m2\repository\org\seleniumhq\selenium\selenium-edge-driver\4.8.1\selenium-edge-driver-4.8.1.jar;C:\Users\User\.m2\repository\org\seleniumhq\selenium\selenium-ie-driver\4.8.1\selenium-ie-driver-4.8.1.jar;C:\Users\User\.m2\repository\org\projectlombok\lombok\1.18.20\lombok-1.18.20.jar;C:\Users\User\.m2\repository\io\appium\java-client\8.3.0\java-client-8.3.0.jar;C:\Users\User\.m2\repository\commons-validator\commons-validator\1.7\commons-validator-1.7.jar;C:\Users\User\.m2\repository\commons-digester\commons-digester\2.1\commons-digester-2.1.jar;C:\Users\User\.m2\repository\org\apache\groovy\groovy\4.0.10\groovy-4.0.10.jar;C:\Users\User\.m2\repository\net\sf\opencsv\opencsv\2.0\opencsv-2.0.jar;C:\Users\User\.m2\repository\commons-beanutils\commons-beanutils\1.9.4\commons-beanutils-1.9.4.jar;C:\Users\User\.m2\repository\org\apache\commons\commons-lang3\3.12.0\commons-lang3-3.12.0.jar;C:\Users\User\.m2\repository\commons-collections\commons-collections\3.2.2\commons-collections-3.2.2.jar;C:\Users\User\.m2\repository\org\fluentlenium\fluentlenium-core\0.10.2\fluentlenium-core-0.10.2.jar;C:\Users\User\.m2\repository\io\github\bonigarcia\webdrivermanager\5.3.0\webdrivermanager-5.3.0.jar;C:\Users\User\.m2\repository\com\github\docker-java\docker-java\3.2.13\docker-java-3.2.13.jar;C:\Users\User\.m2\repository\com\github\docker-java\docker-java-core\3.2.13\docker-java-core-3.2.13.jar;C:\Users\User\.m2\repository\com\github\docker-java\docker-java-api\3.2.13\docker-java-api-3.2.13.jar;C:\Users\User\.m2\repository\org\apache\commons\commons-compress\1.21\commons-compress-1.21.jar;C:\Users\User\.m2\repository\org\bouncycastle\bcpkix-jdk15on\1.64\bcpkix-jdk15on-1.64.jar;C:\Users\User\.m2\repository\org\bouncycastle\bcprov-jdk15on\1.64\bcprov-jdk15on-1.64.jar;C:\Users\User\.m2\repository\org\slf4j\jcl-over-slf4j\1.7.30\jcl-over-slf4j-1.7.30.jar;C:\Users\User\.m2\repository\com\github\docker-java\docker-java-transport-httpclient5\3.2.13\docker-java-transport-httpclient5-3.2.13.jar;C:\Users\User\.m2\repository\com\github\docker-java\docker-java-transport\3.2.13\docker-java-transport-3.2.13.jar;C:\Users\User\.m2\repository\net\java\dev\jna\jna\5.8.0\jna-5.8.0.jar;C:\Users\User\.m2\repository\org\brotli\dec\0.1.2\dec-0.1.2.jar;C:\Users\User\.m2\repository\org\apache\httpcomponents\client5\httpclient5\5.1.3\httpclient5-5.1.3.jar;C:\Users\User\.m2\repository\org\apache\httpcomponents\core5\httpcore5\5.1.3\httpcore5-5.1.3.jar;C:\Users\User\.m2\repository\org\apache\httpcomponents\core5\httpcore5-h2\5.1.3\httpcore5-h2-5.1.3.jar;C:\Users\User\.m2\repository\com\jhlabs\filters\2.0.235\filters-2.0.235.jar;C:\Users\User\.m2\repository\com\paulhammant\ngwebdriver\1.1.6\ngwebdriver-1.1.6.jar;C:\Users\User\.m2\repository\joda-time\joda-time\2.12.2\joda-time-2.12.2.jar;C:\Users\User\.m2\repository\org\hamcrest\hamcrest\2.2\hamcrest-2.2.jar;C:\Users\User\.m2\repository\com\google\jimfs\jimfs\1.2\jimfs-1.2.jar;C:\Users\User\.m2\repository\org\mockito\mockito-core\3.3.3\mockito-core-3.3.3.jar;C:\Users\User\.m2\repository\javax\xml\bind\jaxb-api\2.3.1\jaxb-api-2.3.1.jar;C:\Users\User\.m2\repository\javax\activation\javax.activation-api\1.2.0\javax.activation-api-1.2.0.jar;C:\Users\User\.m2\repository\com\sun\xml\bind\jaxb-core\2.3.0.1\jaxb-core-2.3.0.1.jar;C:\Users\User\.m2\repository\com\sun\xml\bind\jaxb-impl\2.3.3\jaxb-impl-2.3.3.jar;C:\Users\User\.m2\repository\jakarta\xml\bind\jakarta.xml.bind-api\2.3.3\jakarta.xml.bind-api-2.3.3.jar;C:\Users\User\.m2\repository\com\sun\activation\jakarta.activation\1.2.2\jakarta.activation-1.2.2.jar;C:\Users\User\.m2\repository\javax\activation\activation\1.1.1\activation-1.1.1.jar;C:\Users\User\.m2\repository\net\serenity-bdd\serenity-cucumber\3.6.21\serenity-cucumber-3.6.21.jar;C:\Users\User\.m2\repository\io\cucumber\cucumber-core\7.11.0\cucumber-core-7.11.0.jar;C:\Users\User\.m2\repository\io\cucumber\cucumber-gherkin\7.11.0\cucumber-gherkin-7.11.0.jar;C:\Users\User\.m2\repository\io\cucumber\cucumber-gherkin-messages\7.11.0\cucumber-gherkin-messages-7.11.0.jar;C:\Users\User\.m2\repository\io\cucumber\gherkin\26.0.3\gherkin-26.0.3.jar;C:\Users\User\.m2\repository\io\cucumber\messages\21.0.1\messages-21.0.1.jar;C:\Users\User\.m2\repository\io\cucumber\tag-expressions\5.0.1\tag-expressions-5.0.1.jar;C:\Users\User\.m2\repository\io\cucumber\cucumber-expressions\16.1.1\cucumber-expressions-16.1.1.jar;C:\Users\User\.m2\repository\io\cucumber\datatable\7.11.0\datatable-7.11.0.jar;C:\Users\User\.m2\repository\io\cucumber\cucumber-plugin\7.11.0\cucumber-plugin-7.11.0.jar;C:\Users\User\.m2\repository\io\cucumber\docstring\7.11.0\docstring-7.11.0.jar;C:\Users\User\.m2\repository\io\cucumber\html-formatter\20.2.1\html-formatter-20.2.1.jar;C:\Users\User\.m2\repository\io\cucumber\junit-xml-formatter\0.1.0\junit-xml-formatter-0.1.0.jar;C:\Users\User\.m2\repository\io\cucumber\ci-environment\9.1.0\ci-environment-9.1.0.jar;C:\Users\User\.m2\repository\io\cucumber\cucumber-java\7.11.0\cucumber-java-7.11.0.jar;C:\Users\User\.m2\repository\io\cucumber\cucumber-junit\7.11.0\cucumber-junit-7.11.0.jar;C:\Users\User\.m2\repository\org\apache\commons\commons-csv\1.5\commons-csv-1.5.jar;C:\Users\User\.m2\repository\net\serenity-bdd\serenity-screenplay\3.6.21\serenity-screenplay-3.6.21.jar;C:\Users\User\.m2\repository\net\serenity-bdd\serenity-screenplay-webdriver\3.6.21\serenity-screenplay-webdriver-3.6.21.jar;C:\Users\User\.m2\repository\net\serenity-bdd\serenity-ensure\3.6.21\serenity-ensure-3.6.21.jar;C:\Users\User\.m2\repository\net\serenity-bdd\serenity-junit\3.6.21\serenity-junit-3.6.21.jar;C:\Users\User\.m2\repository\org\jetbrains\kotlin\kotlin-stdlib\1.8.10\kotlin-stdlib-1.8.10.jar;C:\Users\User\.m2\repository\org\jetbrains\kotlin\kotlin-stdlib-common\1.8.10\kotlin-stdlib-common-1.8.10.jar;C:\Users\User\.m2\repository\org\jetbrains\annotations\13.0\annotations-13.0.jar;C:\Users\User\.m2\repository\org\junit\platform\junit-platform-launcher\1.8.2\junit-platform-launcher-1.8.2.jar;C:\Users\User\.m2\repository\org\junit\platform\junit-platform-engine\1.8.2\junit-platform-engine-1.8.2.jar;C:\Users\User\.m2\repository\org\opentest4j\opentest4j\1.2.0\opentest4j-1.2.0.jar;C:\Users\User\.m2\repository\org\junit\platform\junit-platform-commons\1.8.2\junit-platform-commons-1.8.2.jar;C:\Users\User\.m2\repository\org\apiguardian\apiguardian-api\1.1.2\apiguardian-api-1.1.2.jar;C:\Users\User\.m2\repository\org\junit\jupiter\junit-jupiter-engine\5.8.2\junit-jupiter-engine-5.8.2.jar;C:\Users\User\.m2\repository\org\junit\jupiter\junit-jupiter-api\5.8.2\junit-jupiter-api-5.8.2.jar;C:\Users\User\.m2\repository\org\junit\vintage\junit-vintage-engine\5.8.2\junit-vintage-engine-5.8.2.jar;C:\Users\User\.m2\repository\junit\junit\4.13.2\junit-4.13.2.jar;C:\Users\User\.m2\repository\org\hamcrest\hamcrest-core\1.3\hamcrest-core-1.3.jar;C:\Users\User\.m2\repository\ch\qos\logback\logback-classic\1.2.10\logback-classic-1.2.10.jar;C:\Users\User\.m2\repository\ch\qos\logback\logback-core\1.2.10\logback-core-1.2.10.jar;C:\Users\User\.m2\repository\org\slf4j\slf4j-api\1.7.32\slf4j-api-1.7.32.jar;C:\Users\User\.m2\repository\org\assertj\assertj-core\3.23.1\assertj-core-3.23.1.jar;C:\Users\User\.m2\repository\net\bytebuddy\byte-buddy\1.12.10\byte-buddy-1.12.10.jar;"/>
    <property name="sun.cpu.endian" value="little"/>
    <property name="user.home" value="C:\Users\User"/>
    <property name="user.language" value="en"/>
    <property name="java.specification.vendor" value="Oracle Corporation"/>
    <property name="jdk.module.path" value="C:\Users\User\IdeaProjects\prioritasduaa\target\prioritasduaa-1.0-SNAPSHOT.jar"/>
    <property name="java.version.date" value="2023-01-17"/>
    <property name="java.home" value="C:\Program Files\Java\jdk-19"/>
    <property name="file.separator" value="\"/>
    <property name="basedir" value="C:\Users\User\IdeaProjects\prioritasduaa"/>
    <property name="java.vm.compressedOopsMode" value="32-bit"/>
    <property name="line.separator" value="&#10;"/>
    <property name="java.vm.specification.vendor" value="Oracle Corporation"/>
    <property name="java.specification.name" value="Java Platform API Specification"/>
    <property name="surefire.real.class.path" value="C:\Users\User\.m2\repository\org\apache\maven\surefire\surefire-booter\3.0.0-M5\surefire-booter-3.0.0-M5.jar;C:\Users\User\.m2\repository\org\apache\maven\surefire\surefire-api\3.0.0-M5\surefire-api-3.0.0-M5.jar;C:\Users\User\.m2\repository\org\apache\maven\surefire\surefire-logger-api\3.0.0-M5\surefire-logger-api-3.0.0-M5.jar;C:\Users\User\.m2\repository\org\apache\maven\surefire\surefire-shared-utils\3.0.0-M4\surefire-shared-utils-3.0.0-M4.jar;C:\Users\User\.m2\repository\org\apache\maven\surefire\surefire-extensions-spi\3.0.0-M5\surefire-extensions-spi-3.0.0-M5.jar;C:\Users\User\IdeaProjects\prioritasduaa\target\test-classes;C:\Users\User\.m2\repository\net\serenity-bdd\serenity-core\3.6.21\serenity-core-3.6.21.jar;C:\Users\User\.m2\repository\net\serenity-bdd\serenity-model\3.6.21\serenity-model-3.6.21.jar;C:\Users\User\.m2\repository\org\apache\commons\commons-text\1.10.0\commons-text-1.10.0.jar;C:\Users\User\.m2\repository\commons-net\commons-net\3.9.0\commons-net-3.9.0.jar;C:\Users\User\.m2\repository\com\google\guava\guava\31.1-jre\guava-31.1-jre.jar;C:\Users\User\.m2\repository\com\google\guava\failureaccess\1.0.1\failureaccess-1.0.1.jar;C:\Users\User\.m2\repository\com\google\guava\listenablefuture\9999.0-empty-to-avoid-conflict-with-guava\listenablefuture-9999.0-empty-to-avoid-conflict-with-guava.jar;C:\Users\User\.m2\repository\com\google\code\findbugs\jsr305\3.0.2\jsr305-3.0.2.jar;C:\Users\User\.m2\repository\org\checkerframework\checker-qual\3.12.0\checker-qual-3.12.0.jar;C:\Users\User\.m2\repository\com\google\errorprone\error_prone_annotations\2.11.0\error_prone_annotations-2.11.0.jar;C:\Users\User\.m2\repository\com\google\j2objc\j2objc-annotations\1.3\j2objc-annotations-1.3.jar;C:\Users\User\.m2\repository\com\google\inject\guice\5.1.0\guice-5.1.0.jar;C:\Users\User\.m2\repository\javax\inject\javax.inject\1\javax.inject-1.jar;C:\Users\User\.m2\repository\aopalliance\aopalliance\1.0\aopalliance-1.0.jar;C:\Users\User\.m2\repository\org\jsoup\jsoup\1.14.3\jsoup-1.14.3.jar;C:\Users\User\.m2\repository\com\thoughtworks\xstream\xstream\1.4.20\xstream-1.4.20.jar;C:\Users\User\.m2\repository\io\github\x-stream\mxparser\1.2.2\mxparser-1.2.2.jar;C:\Users\User\.m2\repository\xmlpull\xmlpull\1.1.3.1\xmlpull-1.1.3.1.jar;C:\Users\User\.m2\repository\com\typesafe\config\1.4.2\config-1.4.2.jar;C:\Users\User\.m2\repository\org\imgscalr\imgscalr-lib\4.2\imgscalr-lib-4.2.jar;C:\Users\User\.m2\repository\org\awaitility\awaitility\4.2.0\awaitility-4.2.0.jar;C:\Users\User\.m2\repository\org\freemarker\freemarker\2.3.31\freemarker-2.3.31.jar;C:\Users\User\.m2\repository\io\github\classgraph\classgraph\4.8.138\classgraph-4.8.138.jar;C:\Users\User\.m2\repository\net\sourceforge\jexcelapi\jxl\2.6.12\jxl-2.6.12.jar;C:\Users\User\.m2\repository\net\bytebuddy\byte-buddy-agent\1.14.2\byte-buddy-agent-1.14.2.jar;C:\Users\User\.m2\repository\org\objenesis\objenesis\3.3\objenesis-3.3.jar;C:\Users\User\.m2\repository\net\serenity-bdd\serenity-reports\3.6.21\serenity-reports-3.6.21.jar;C:\Users\User\.m2\repository\net\serenity-bdd\serenity-stats\3.6.21\serenity-stats-3.6.21.jar;C:\Users\User\.m2\repository\net\serenity-bdd\serenity-reports-configuration\3.6.21\serenity-reports-configuration-3.6.21.jar;C:\Users\User\.m2\repository\com\vladsch\flexmark\flexmark-all\0.62.2\flexmark-all-0.62.2.jar;C:\Users\User\.m2\repository\com\vladsch\flexmark\flexmark\0.62.2\flexmark-0.62.2.jar;C:\Users\User\.m2\repository\com\vladsch\flexmark\flexmark-ext-abbreviation\0.62.2\flexmark-ext-abbreviation-0.62.2.jar;C:\Users\User\.m2\repository\com\vladsch\flexmark\flexmark-util\0.62.2\flexmark-util-0.62.2.jar;C:\Users\User\.m2\repository\com\vladsch\flexmark\flexmark-ext-admonition\0.62.2\flexmark-ext-admonition-0.62.2.jar;C:\Users\User\.m2\repository\com\vladsch\flexmark\flexmark-ext-anchorlink\0.62.2\flexmark-ext-anchorlink-0.62.2.jar;C:\Users\User\.m2\repository\com\vladsch\flexmark\flexmark-ext-aside\0.62.2\flexmark-ext-aside-0.62.2.jar;C:\Users\User\.m2\repository\com\vladsch\flexmark\flexmark-ext-attributes\0.62.2\flexmark-ext-attributes-0.62.2.jar;C:\Users\User\.m2\repository\com\vladsch\flexmark\flexmark-ext-autolink\0.62.2\flexmark-ext-autolink-0.62.2.jar;C:\Users\User\.m2\repository\org\nibor\autolink\autolink\0.6.0\autolink-0.6.0.jar;C:\Users\User\.m2\repository\com\vladsch\flexmark\flexmark-ext-definition\0.62.2\flexmark-ext-definition-0.62.2.jar;C:\Users\User\.m2\repository\com\vladsch\flexmark\flexmark-ext-emoji\0.62.2\flexmark-ext-emoji-0.62.2.jar;C:\Users\User\.m2\repository\com\vladsch\flexmark\flexmark-ext-enumerated-reference\0.62.2\flexmark-ext-enumerated-reference-0.62.2.jar;C:\Users\User\.m2\repository\com\vladsch\flexmark\flexmark-ext-escaped-character\0.62.2\flexmark-ext-escaped-character-0.62.2.jar;C:\Users\User\.m2\repository\com\vladsch\flexmark\flexmark-ext-footnotes\0.62.2\flexmark-ext-footnotes-0.62.2.jar;C:\Users\User\.m2\repository\com\vladsch\flexmark\flexmark-ext-gfm-issues\0.62.2\flexmark-ext-gfm-issues-0.62.2.jar;C:\Users\User\.m2\repository\com\vladsch\flexmark\flexmark-ext-gfm-strikethrough\0.62.2\flexmark-ext-gfm-strikethrough-0.62.2.jar;C:\Users\User\.m2\repository\com\vladsch\flexmark\flexmark-ext-gfm-tasklist\0.62.2\flexmark-ext-gfm-tasklist-0.62.2.jar;C:\Users\User\.m2\repository\com\vladsch\flexmark\flexmark-ext-gfm-users\0.62.2\flexmark-ext-gfm-users-0.62.2.jar;C:\Users\User\.m2\repository\com\vladsch\flexmark\flexmark-ext-gitlab\0.62.2\flexmark-ext-gitlab-0.62.2.jar;C:\Users\User\.m2\repository\com\vladsch\flexmark\flexmark-ext-jekyll-front-matter\0.62.2\flexmark-ext-jekyll-front-matter-0.62.2.jar;C:\Users\User\.m2\repository\com\vladsch\flexmark\flexmark-ext-jekyll-tag\0.62.2\flexmark-ext-jekyll-tag-0.62.2.jar;C:\Users\User\.m2\repository\com\vladsch\flexmark\flexmark-ext-media-tags\0.62.2\flexmark-ext-media-tags-0.62.2.jar;C:\Users\User\.m2\repository\com\vladsch\flexmark\flexmark-ext-macros\0.62.2\flexmark-ext-macros-0.62.2.jar;C:\Users\User\.m2\repository\com\vladsch\flexmark\flexmark-ext-ins\0.62.2\flexmark-ext-ins-0.62.2.jar;C:\Users\User\.m2\repository\com\vladsch\flexmark\flexmark-ext-xwiki-macros\0.62.2\flexmark-ext-xwiki-macros-0.62.2.jar;C:\Users\User\.m2\repository\com\vladsch\flexmark\flexmark-ext-superscript\0.62.2\flexmark-ext-superscript-0.62.2.jar;C:\Users\User\.m2\repository\com\vladsch\flexmark\flexmark-ext-tables\0.62.2\flexmark-ext-tables-0.62.2.jar;C:\Users\User\.m2\repository\com\vladsch\flexmark\flexmark-ext-toc\0.62.2\flexmark-ext-toc-0.62.2.jar;C:\Users\User\.m2\repository\com\vladsch\flexmark\flexmark-ext-typographic\0.62.2\flexmark-ext-typographic-0.62.2.jar;C:\Users\User\.m2\repository\com\vladsch\flexmark\flexmark-ext-wikilink\0.62.2\flexmark-ext-wikilink-0.62.2.jar;C:\Users\User\.m2\repository\com\vladsch\flexmark\flexmark-ext-yaml-front-matter\0.62.2\flexmark-ext-yaml-front-matter-0.62.2.jar;C:\Users\User\.m2\repository\com\vladsch\flexmark\flexmark-ext-youtube-embedded\0.62.2\flexmark-ext-youtube-embedded-0.62.2.jar;C:\Users\User\.m2\repository\com\vladsch\flexmark\flexmark-html2md-converter\0.62.2\flexmark-html2md-converter-0.62.2.jar;C:\Users\User\.m2\repository\com\vladsch\flexmark\flexmark-jira-converter\0.62.2\flexmark-jira-converter-0.62.2.jar;C:\Users\User\.m2\repository\com\vladsch\flexmark\flexmark-pdf-converter\0.62.2\flexmark-pdf-converter-0.62.2.jar;C:\Users\User\.m2\repository\com\openhtmltopdf\openhtmltopdf-core\1.0.0\openhtmltopdf-core-1.0.0.jar;C:\Users\User\.m2\repository\com\openhtmltopdf\openhtmltopdf-pdfbox\1.0.0\openhtmltopdf-pdfbox-1.0.0.jar;C:\Users\User\.m2\repository\org\apache\pdfbox\pdfbox\2.0.16\pdfbox-2.0.16.jar;C:\Users\User\.m2\repository\org\apache\pdfbox\fontbox\2.0.16\fontbox-2.0.16.jar;C:\Users\User\.m2\repository\org\apache\pdfbox\xmpbox\2.0.16\xmpbox-2.0.16.jar;C:\Users\User\.m2\repository\de\rototor\pdfbox\graphics2d\0.24\graphics2d-0.24.jar;C:\Users\User\.m2\repository\com\openhtmltopdf\openhtmltopdf-rtl-support\1.0.0\openhtmltopdf-rtl-support-1.0.0.jar;C:\Users\User\.m2\repository\com\openhtmltopdf\openhtmltopdf-jsoup-dom-converter\1.0.0\openhtmltopdf-jsoup-dom-converter-1.0.0.jar;C:\Users\User\.m2\repository\com\vladsch\flexmark\flexmark-profile-pegdown\0.62.2\flexmark-profile-pegdown-0.62.2.jar;C:\Users\User\.m2\repository\com\vladsch\flexmark\flexmark-util-ast\0.62.2\flexmark-util-ast-0.62.2.jar;C:\Users\User\.m2\repository\com\vladsch\flexmark\flexmark-util-builder\0.62.2\flexmark-util-builder-0.62.2.jar;C:\Users\User\.m2\repository\com\vladsch\flexmark\flexmark-util-collection\0.62.2\flexmark-util-collection-0.62.2.jar;C:\Users\User\.m2\repository\com\vladsch\flexmark\flexmark-util-data\0.62.2\flexmark-util-data-0.62.2.jar;C:\Users\User\.m2\repository\com\vladsch\flexmark\flexmark-util-dependency\0.62.2\flexmark-util-dependency-0.62.2.jar;C:\Users\User\.m2\repository\com\vladsch\flexmark\flexmark-util-format\0.62.2\flexmark-util-format-0.62.2.jar;C:\Users\User\.m2\repository\com\vladsch\flexmark\flexmark-util-html\0.62.2\flexmark-util-html-0.62.2.jar;C:\Users\User\.m2\repository\com\vladsch\flexmark\flexmark-util-misc\0.62.2\flexmark-util-misc-0.62.2.jar;C:\Users\User\.m2\repository\com\vladsch\flexmark\flexmark-util-options\0.62.2\flexmark-util-options-0.62.2.jar;C:\Users\User\.m2\repository\com\vladsch\flexmark\flexmark-util-sequence\0.62.2\flexmark-util-sequence-0.62.2.jar;C:\Users\User\.m2\repository\com\vladsch\flexmark\flexmark-util-visitor\0.62.2\flexmark-util-visitor-0.62.2.jar;C:\Users\User\.m2\repository\com\vladsch\flexmark\flexmark-youtrack-converter\0.62.2\flexmark-youtrack-converter-0.62.2.jar;C:\Users\User\.m2\repository\com\ibm\icu\icu4j\72.1\icu4j-72.1.jar;C:\Users\User\.m2\repository\es\nitaur\markdown\txtmark\0.16\txtmark-0.16.jar;C:\Users\User\.m2\repository\net\serenity-bdd\serenity-report-resources\3.6.21\serenity-report-resources-3.6.21.jar;C:\Users\User\.m2\repository\com\google\code\gson\gson\2.10.1\gson-2.10.1.jar;C:\Users\User\.m2\repository\com\fasterxml\jackson\core\jackson-core\2.15.0-rc1\jackson-core-2.15.0-rc1.jar;C:\Users\User\.m2\repository\com\fasterxml\jackson\core\jackson-databind\2.15.0-rc1\jackson-databind-2.15.0-rc1.jar;C:\Users\User\.m2\repository\com\fasterxml\jackson\core\jackson-annotations\2.15.0-rc1\jackson-annotations-2.15.0-rc1.jar;C:\Users\User\.m2\repository\commons-codec\commons-codec\1.15\commons-codec-1.15.jar;C:\Users\User\.m2\repository\commons-io\commons-io\2.11.0\commons-io-2.11.0.jar;C:\Users\User\.m2\repository\org\apache\httpcomponents\httpclient\4.5.13\httpclient-4.5.13.jar;C:\Users\User\.m2\repository\org\apache\httpcomponents\httpcore\4.4.13\httpcore-4.4.13.jar;C:\Users\User\.m2\repository\commons-logging\commons-logging\1.2\commons-logging-1.2.jar;C:\Users\User\.m2\repository\org\seleniumhq\selenium\selenium-java\4.8.1\selenium-java-4.8.1.jar;C:\Users\User\.m2\repository\org\seleniumhq\selenium\selenium-devtools-v108\4.8.1\selenium-devtools-v108-4.8.1.jar;C:\Users\User\.m2\repository\org\seleniumhq\selenium\selenium-devtools-v109\4.8.1\selenium-devtools-v109-4.8.1.jar;C:\Users\User\.m2\repository\org\seleniumhq\selenium\selenium-devtools-v110\4.8.1\selenium-devtools-v110-4.8.1.jar;C:\Users\User\.m2\repository\org\seleniumhq\selenium\selenium-devtools-v85\4.8.1\selenium-devtools-v85-4.8.1.jar;C:\Users\User\.m2\repository\org\seleniumhq\selenium\selenium-remote-driver\4.8.1\selenium-remote-driver-4.8.1.jar;C:\Users\User\.m2\repository\com\beust\jcommander\1.82\jcommander-1.82.jar;C:\Users\User\.m2\repository\io\netty\netty-buffer\4.1.87.Final\netty-buffer-4.1.87.Final.jar;C:\Users\User\.m2\repository\io\netty\netty-codec-http\4.1.87.Final\netty-codec-http-4.1.87.Final.jar;C:\Users\User\.m2\repository\io\netty\netty-codec\4.1.87.Final\netty-codec-4.1.87.Final.jar;C:\Users\User\.m2\repository\io\netty\netty-handler\4.1.87.Final\netty-handler-4.1.87.Final.jar;C:\Users\User\.m2\repository\io\netty\netty-common\4.1.87.Final\netty-common-4.1.87.Final.jar;C:\Users\User\.m2\repository\io\netty\netty-transport-classes-epoll\4.1.87.Final\netty-transport-classes-epoll-4.1.87.Final.jar;C:\Users\User\.m2\repository\io\netty\netty-transport-classes-kqueue\4.1.87.Final\netty-transport-classes-kqueue-4.1.87.Final.jar;C:\Users\User\.m2\repository\io\netty\netty-transport-native-epoll\4.1.87.Final\netty-transport-native-epoll-4.1.87.Final.jar;C:\Users\User\.m2\repository\io\netty\netty-transport-native-kqueue\4.1.87.Final\netty-transport-native-kqueue-4.1.87.Final.jar;C:\Users\User\.m2\repository\io\netty\netty-transport-native-unix-common\4.1.87.Final\netty-transport-native-unix-common-4.1.87.Final.jar;C:\Users\User\.m2\repository\io\netty\netty-transport\4.1.87.Final\netty-transport-4.1.87.Final.jar;C:\Users\User\.m2\repository\io\netty\netty-resolver\4.1.87.Final\netty-resolver-4.1.87.Final.jar;C:\Users\User\.m2\repository\io\opentelemetry\opentelemetry-api\1.22.0\opentelemetry-api-1.22.0.jar;C:\Users\User\.m2\repository\io\opentelemetry\opentelemetry-context\1.22.0\opentelemetry-context-1.22.0.jar;C:\Users\User\.m2\repository\io\opentelemetry\opentelemetry-exporter-logging\1.22.0\opentelemetry-exporter-logging-1.22.0.jar;C:\Users\User\.m2\repository\io\opentelemetry\opentelemetry-sdk-metrics\1.22.0\opentelemetry-sdk-metrics-1.22.0.jar;C:\Users\User\.m2\repository\io\opentelemetry\opentelemetry-sdk-logs\1.22.0-alpha\opentelemetry-sdk-logs-1.22.0-alpha.jar;C:\Users\User\.m2\repository\io\opentelemetry\opentelemetry-api-logs\1.22.0-alpha\opentelemetry-api-logs-1.22.0-alpha.jar;C:\Users\User\.m2\repository\io\opentelemetry\opentelemetry-sdk-common\1.22.0\opentelemetry-sdk-common-1.22.0.jar;C:\Users\User\.m2\repository\io\opentelemetry\opentelemetry-sdk-extension-autoconfigure-spi\1.22.0\opentelemetry-sdk-extension-autoconfigure-spi-1.22.0.jar;C:\Users\User\.m2\repository\io\opentelemetry\opentelemetry-sdk-extension-autoconfigure\1.22.0-alpha\opentelemetry-sdk-extension-autoconfigure-1.22.0-alpha.jar;C:\Users\User\.m2\repository\io\opentelemetry\opentelemetry-sdk-trace\1.22.0\opentelemetry-sdk-trace-1.22.0.jar;C:\Users\User\.m2\repository\io\opentelemetry\opentelemetry-sdk\1.22.0\opentelemetry-sdk-1.22.0.jar;C:\Users\User\.m2\repository\io\opentelemetry\opentelemetry-semconv\1.22.0-alpha\opentelemetry-semconv-1.22.0-alpha.jar;C:\Users\User\.m2\repository\io\ous\jtoml\2.0.0\jtoml-2.0.0.jar;C:\Users\User\.m2\repository\org\apache\commons\commons-exec\1.3\commons-exec-1.3.jar;C:\Users\User\.m2\repository\org\asynchttpclient\async-http-client\2.12.3\async-http-client-2.12.3.jar;C:\Users\User\.m2\repository\org\asynchttpclient\async-http-client-netty-utils\2.12.3\async-http-client-netty-utils-2.12.3.jar;C:\Users\User\.m2\repository\io\netty\netty-codec-socks\4.1.60.Final\netty-codec-socks-4.1.60.Final.jar;C:\Users\User\.m2\repository\io\netty\netty-handler-proxy\4.1.60.Final\netty-handler-proxy-4.1.60.Final.jar;C:\Users\User\.m2\repository\io\netty\netty-transport-native-epoll\4.1.60.Final\netty-transport-native-epoll-4.1.60.Final-linux-x86_64.jar;C:\Users\User\.m2\repository\io\netty\netty-transport-native-kqueue\4.1.60.Final\netty-transport-native-kqueue-4.1.60.Final-osx-x86_64.jar;C:\Users\User\.m2\repository\org\reactivestreams\reactive-streams\1.0.3\reactive-streams-1.0.3.jar;C:\Users\User\.m2\repository\com\typesafe\netty\netty-reactive-streams\2.0.4\netty-reactive-streams-2.0.4.jar;C:\Users\User\.m2\repository\org\seleniumhq\selenium\selenium-manager\4.8.1\selenium-manager-4.8.1.jar;C:\Users\User\.m2\repository\org\seleniumhq\selenium\selenium-safari-driver\4.8.1\selenium-safari-driver-4.8.1.jar;C:\Users\User\.m2\repository\org\seleniumhq\selenium\selenium-api\4.8.1\selenium-api-4.8.1.jar;C:\Users\User\.m2\repository\org\seleniumhq\selenium\selenium-support\4.8.1\selenium-support-4.8.1.jar;C:\Users\User\.m2\repository\com\google\auto\service\auto-service-annotations\1.0.1\auto-service-annotations-1.0.1.jar;C:\Users\User\.m2\repository\com\google\auto\service\auto-service\1.0.1\auto-service-1.0.1.jar;C:\Users\User\.m2\repository\com\google\auto\auto-common\1.2\auto-common-1.2.jar;C:\Users\User\.m2\repository\org\seleniumhq\selenium\selenium-json\4.8.1\selenium-json-4.8.1.jar;C:\Users\User\.m2\repository\org\seleniumhq\selenium\selenium-chrome-driver\4.8.1\selenium-chrome-driver-4.8.1.jar;C:\Users\User\.m2\repository\org\seleniumhq\selenium\selenium-chromium-driver\4.8.1\selenium-chromium-driver-4.8.1.jar;C:\Users\User\.m2\repository\org\seleniumhq\selenium\selenium-firefox-driver\4.8.1\selenium-firefox-driver-4.8.1.jar;C:\Users\User\.m2\repository\org\seleniumhq\selenium\selenium-http\4.8.1\selenium-http-4.8.1.jar;C:\Users\User\.m2\repository\dev\failsafe\failsafe\3.3.0\failsafe-3.3.0.jar;C:\Users\User\.m2\repository\org\seleniumhq\selenium\selenium-edge-driver\4.8.1\selenium-edge-driver-4.8.1.jar;C:\Users\User\.m2\repository\org\seleniumhq\selenium\selenium-ie-driver\4.8.1\selenium-ie-driver-4.8.1.jar;C:\Users\User\.m2\repository\org\projectlombok\lombok\1.18.20\lombok-1.18.20.jar;C:\Users\User\.m2\repository\io\appium\java-client\8.3.0\java-client-8.3.0.jar;C:\Users\User\.m2\repository\commons-validator\commons-validator\1.7\commons-validator-1.7.jar;C:\Users\User\.m2\repository\commons-digester\commons-digester\2.1\commons-digester-2.1.jar;C:\Users\User\.m2\repository\org\apache\groovy\groovy\4.0.10\groovy-4.0.10.jar;C:\Users\User\.m2\repository\net\sf\opencsv\opencsv\2.0\opencsv-2.0.jar;C:\Users\User\.m2\repository\commons-beanutils\commons-beanutils\1.9.4\commons-beanutils-1.9.4.jar;C:\Users\User\.m2\repository\org\apache\commons\commons-lang3\3.12.0\commons-lang3-3.12.0.jar;C:\Users\User\.m2\repository\commons-collections\commons-collections\3.2.2\commons-collections-3.2.2.jar;C:\Users\User\.m2\repository\org\fluentlenium\fluentlenium-core\0.10.2\fluentlenium-core-0.10.2.jar;C:\Users\User\.m2\repository\io\github\bonigarcia\webdrivermanager\5.3.0\webdrivermanager-5.3.0.jar;C:\Users\User\.m2\repository\com\github\docker-java\docker-java\3.2.13\docker-java-3.2.13.jar;C:\Users\User\.m2\repository\com\github\docker-java\docker-java-core\3.2.13\docker-java-core-3.2.13.jar;C:\Users\User\.m2\repository\com\github\docker-java\docker-java-api\3.2.13\docker-java-api-3.2.13.jar;C:\Users\User\.m2\repository\org\apache\commons\commons-compress\1.21\commons-compress-1.21.jar;C:\Users\User\.m2\repository\org\bouncycastle\bcpkix-jdk15on\1.64\bcpkix-jdk15on-1.64.jar;C:\Users\User\.m2\repository\org\bouncycastle\bcprov-jdk15on\1.64\bcprov-jdk15on-1.64.jar;C:\Users\User\.m2\repository\org\slf4j\jcl-over-slf4j\1.7.30\jcl-over-slf4j-1.7.30.jar;C:\Users\User\.m2\repository\com\github\docker-java\docker-java-transport-httpclient5\3.2.13\docker-java-transport-httpclient5-3.2.13.jar;C:\Users\User\.m2\repository\com\github\docker-java\docker-java-transport\3.2.13\docker-java-transport-3.2.13.jar;C:\Users\User\.m2\repository\net\java\dev\jna\jna\5.8.0\jna-5.8.0.jar;C:\Users\User\.m2\repository\org\brotli\dec\0.1.2\dec-0.1.2.jar;C:\Users\User\.m2\repository\org\apache\httpcomponents\client5\httpclient5\5.1.3\httpclient5-5.1.3.jar;C:\Users\User\.m2\repository\org\apache\httpcomponents\core5\httpcore5\5.1.3\httpcore5-5.1.3.jar;C:\Users\User\.m2\repository\org\apache\httpcomponents\core5\httpcore5-h2\5.1.3\httpcore5-h2-5.1.3.jar;C:\Users\User\.m2\repository\com\jhlabs\filters\2.0.235\filters-2.0.235.jar;C:\Users\User\.m2\repository\com\paulhammant\ngwebdriver\1.1.6\ngwebdriver-1.1.6.jar;C:\Users\User\.m2\repository\joda-time\joda-time\2.12.2\joda-time-2.12.2.jar;C:\Users\User\.m2\repository\org\hamcrest\hamcrest\2.2\hamcrest-2.2.jar;C:\Users\User\.m2\repository\com\google\jimfs\jimfs\1.2\jimfs-1.2.jar;C:\Users\User\.m2\repository\org\mockito\mockito-core\3.3.3\mockito-core-3.3.3.jar;C:\Users\User\.m2\repository\javax\xml\bind\jaxb-api\2.3.1\jaxb-api-2.3.1.jar;C:\Users\User\.m2\repository\javax\activation\javax.activation-api\1.2.0\javax.activation-api-1.2.0.jar;C:\Users\User\.m2\repository\com\sun\xml\bind\jaxb-core\2.3.0.1\jaxb-core-2.3.0.1.jar;C:\Users\User\.m2\repository\com\sun\xml\bind\jaxb-impl\2.3.3\jaxb-impl-2.3.3.jar;C:\Users\User\.m2\repository\jakarta\xml\bind\jakarta.xml.bind-api\2.3.3\jakarta.xml.bind-api-2.3.3.jar;C:\Users\User\.m2\repository\com\sun\activation\jakarta.activation\1.2.2\jakarta.activation-1.2.2.jar;C:\Users\User\.m2\repository\javax\activation\activation\1.1.1\activation-1.1.1.jar;C:\Users\User\.m2\repository\net\serenity-bdd\serenity-cucumber\3.6.21\serenity-cucumber-3.6.21.jar;C:\Users\User\.m2\repository\io\cucumber\cucumber-core\7.11.0\cucumber-core-7.11.0.jar;C:\Users\User\.m2\repository\io\cucumber\cucumber-gherkin\7.11.0\cucumber-gherkin-7.11.0.jar;C:\Users\User\.m2\repository\io\cucumber\cucumber-gherkin-messages\7.11.0\cucumber-gherkin-messages-7.11.0.jar;C:\Users\User\.m2\repository\io\cucumber\gherkin\26.0.3\gherkin-26.0.3.jar;C:\Users\User\.m2\repository\io\cucumber\messages\21.0.1\messages-21.0.1.jar;C:\Users\User\.m2\repository\io\cucumber\tag-expressions\5.0.1\tag-expressions-5.0.1.jar;C:\Users\User\.m2\repository\io\cucumber\cucumber-expressions\16.1.1\cucumber-expressions-16.1.1.jar;C:\Users\User\.m2\repository\io\cucumber\datatable\7.11.0\datatable-7.11.0.jar;C:\Users\User\.m2\repository\io\cucumber\cucumber-plugin\7.11.0\cucumber-plugin-7.11.0.jar;C:\Users\User\.m2\repository\io\cucumber\docstring\7.11.0\docstring-7.11.0.jar;C:\Users\User\.m2\repository\io\cucumber\html-formatter\20.2.1\html-formatter-20.2.1.jar;C:\Users\User\.m2\repository\io\cucumber\junit-xml-formatter\0.1.0\junit-xml-formatter-0.1.0.jar;C:\Users\User\.m2\repository\io\cucumber\ci-environment\9.1.0\ci-environment-9.1.0.jar;C:\Users\User\.m2\repository\io\cucumber\cucumber-java\7.11.0\cucumber-java-7.11.0.jar;C:\Users\User\.m2\repository\io\cucumber\cucumber-junit\7.11.0\cucumber-junit-7.11.0.jar;C:\Users\User\.m2\repository\org\apache\commons\commons-csv\1.5\commons-csv-1.5.jar;C:\Users\User\.m2\repository\net\serenity-bdd\serenity-screenplay\3.6.21\serenity-screenplay-3.6.21.jar;C:\Users\User\.m2\repository\net\serenity-bdd\serenity-screenplay-webdriver\3.6.21\serenity-screenplay-webdriver-3.6.21.jar;C:\Users\User\.m2\repository\net\serenity-bdd\serenity-ensure\3.6.21\serenity-ensure-3.6.21.jar;C:\Users\User\.m2\repository\net\serenity-bdd\serenity-junit\3.6.21\serenity-junit-3.6.21.jar;C:\Users\User\.m2\repository\org\jetbrains\kotlin\kotlin-stdlib\1.8.10\kotlin-stdlib-1.8.10.jar;C:\Users\User\.m2\repository\org\jetbrains\kotlin\kotlin-stdlib-common\1.8.10\kotlin-stdlib-common-1.8.10.jar;C:\Users\User\.m2\repository\org\jetbrains\annotations\13.0\annotations-13.0.jar;C:\Users\User\.m2\repository\org\junit\platform\junit-platform-launcher\1.8.2\junit-platform-launcher-1.8.2.jar;C:\Users\User\.m2\repository\org\junit\platform\junit-platform-engine\1.8.2\junit-platform-engine-1.8.2.jar;C:\Users\User\.m2\repository\org\opentest4j\opentest4j\1.2.0\opentest4j-1.2.0.jar;C:\Users\User\.m2\repository\org\junit\platform\junit-platform-commons\1.8.2\junit-platform-commons-1.8.2.jar;C:\Users\User\.m2\repository\org\apiguardian\apiguardian-api\1.1.2\apiguardian-api-1.1.2.jar;C:\Users\User\.m2\repository\org\junit\jupiter\junit-jupiter-engine\5.8.2\junit-jupiter-engine-5.8.2.jar;C:\Users\User\.m2\repository\org\junit\jupiter\junit-jupiter-api\5.8.2\junit-jupiter-api-5.8.2.jar;C:\Users\User\.m2\repository\org\junit\vintage\junit-vintage-engine\5.8.2\junit-vintage-engine-5.8.2.jar;C:\Users\User\.m2\repository\junit\junit\4.13.2\junit-4.13.2.jar;C:\Users\User\.m2\repository\org\hamcrest\hamcrest-core\1.3\hamcrest-core-1.3.jar;C:\Users\User\.m2\repository\ch\qos\logback\logback-classic\1.2.10\logback-classic-1.2.10.jar;C:\Users\User\.m2\repository\ch\qos\logback\logback-core\1.2.10\logback-core-1.2.10.jar;C:\Users\User\.m2\repository\org\slf4j\slf4j-api\1.7.32\slf4j-api-1.7.32.jar;C:\Users\User\.m2\repository\org\assertj\assertj-core\3.23.1\assertj-core-3.23.1.jar;C:\Users\User\.m2\repository\net\bytebuddy\byte-buddy\1.12.10\byte-buddy-1.12.10.jar;C:\Users\User\.m2\repository\org\apache\maven\surefire\surefire-junit-platform\3.0.0-M5\surefire-junit-platform-3.0.0-M5.jar;C:\Users\User\.m2\repository\org\apache\maven\surefire\common-java5\3.0.0-M5\common-java5-3.0.0-M5.jar"/>
    <property name="user.script" value=""/>
    <property name="java.protocol.handler.pkgs" value="com.google.common"/>
    <property name="sun.management.compiler" value="HotSpot 64-Bit Tiered Compilers"/>
    <property name="java.runtime.version" value="19.0.2+7-44"/>
    <property name="user.name" value="User"/>
    <property name="stdout.encoding" value="Cp1252"/>
    <property name="path.separator" value=";"/>
    <property name="os.version" value="10.0"/>
    <property name="java.runtime.name" value="Java(TM) SE Runtime Environment"/>
    <property name="file.encoding" value="UTF-8"/>
    <property name="webdriver.base.url" value=""/>
    <property name="java.vm.name" value="Java HotSpot(TM) 64-Bit Server VM"/>
    <property name="localRepository" value="C:\Users\User\.m2\repository"/>
    <property name="java.vendor.url.bug" value="https://bugreport.java.com/bugreport/"/>
    <property name="java.io.tmpdir" value="C:\Users\User\AppData\Local\Temp\"/>
    <property name="java.version" value="19.0.2"/>
    <property name="user.dir" value="C:\Users\User\IdeaProjects\prioritasduaa"/>
    <property name="os.arch" value="amd64"/>
    <property name="java.vm.specification.name" value="Java Virtual Machine Specification"/>
    <property name="sun.os.patch.level" value=""/>
    <property name="native.encoding" value="Cp1252"/>
    <property name="java.library.path" value="C:\Program Files\Java\jdk-19\bin;C:\Windows\Sun\Java\bin;C:\Windows\system32;C:\Windows;C:\Program Files\Common Files\Oracle\Java\javapath;C:\Program Files (x86)\Common Files\Oracle\Java\javapath;C:\Program Files (x86)\Common Files\Intel\Shared Libraries\redist\intel64\compiler;C:\laragon\bin\php\php-8.1.4-nts-Win32-vs16-x64;C:\Windows\system32;C:\Windows;C:\Windows\System32\Wbem;C:\Windows\System32\WindowsPowerShell\v1.0\;C:\Windows\System32\OpenSSH\;C:\Program Files\Java\jdk1.8.0_321\bin;C:\ProgramData\ComposerSetup\bin;C:\laragon\bin\mysql\mysql-5.7.33-winx64\bin;C:\Program Files\mingw-w64\x86_64-8.1.0-posix-seh-rt_v6-rev0\mingw64\bin;C:\Program Files\dotnet\;C:\Program Files\nodejs\;C:\Program Files\nodejs\node_modules\npm;C:\laragon\bin;C:\Program Files\Microsoft SQL Server\120\Tools\Binn\;D:\Aplikasi\Git\cmd;D:\Aplikasi\apache-maven-3.9.1\bin;C:\Users\User\AppData\Local\Programs\Python\Python310\Scripts\;C:\Users\User\AppData\Local\Programs\Python\Python310\;C:\laragon\bin;C:\laragon\bin\apache\httpd-2.4.47-win64-VS16\bin;C:\laragon\bin\composer;C:\laragon\bin\git\bin;C:\laragon\bin\git\cmd;C:\laragon\bin\git\mingw64\bin;C:\laragon\bin\git\usr\bin;C:\laragon\bin\laragon\utils;C:\laragon\bin\mysql\mysql-5.7.33-winx64\bin;C:\laragon\bin\nginx\nginx-1.19.10;C:\laragon\bin\ngrok;C:\laragon\bin\nodejs\node-v14;C:\laragon\bin\notepad++;C:\laragon\bin\php\php-8.1.4-nts-Win32-vs16-x64;C:\laragon\bin\redis\redis-x64-3.2.100;C:\laragon\bin\telnet;C:\laragon\usr\bin;C:\Users\User\AppData\Local\Yarn\config\global\node_modules\.bin;C:\Users\User\AppData\Roaming\Composer\vendor\bin;C:\Users\User\AppData\Roaming\npm;C:\Users\User\AppData\Local\Microsoft\WindowsApps;;C:\Users\User\AppData\Local\spicetify;."/>
    <property name="java.vm.info" value="mixed mode"/>
    <property name="stderr.encoding" value="Cp1252"/>
    <property name="java.vendor" value="Oracle Corporation"/>
    <property name="java.vm.version" value="19.0.2+7-44"/>
    <property name="sun.io.unicode.encoding" value="UnicodeLittle"/>
    <property name="java.class.version" value="63.0"/>
  </properties>
  <testcase name="As user i have be able to success login #1" classname="login" time="19.641">
    <system-out><![CDATA[14:02:41.728 [main] DEBUG net.thucydides.core.guice.Injectors - Created injector for module net.thucydides.core.guice.ThucydidesModule
14:02:42.148 [main] DEBUG io.cucumber.core.plugin.SerenityReporter - Running feature from file:///C:/Users/User/IdeaProjects/prioritasduaa/src/test/resources/features/login.feature
14:02:42.386 [main] DEBUG net.thucydides.core.guice.Injectors - Created injector for module net.thucydides.core.guice.webdriver.WebDriverModule
14:02:42.415 [main] INFO  - 

-------------------------------------------------------------------------------------
     _______. _______ .______       _______ .__   __.  __  .___________.____    ____ 
    /       ||   ____||   _  \     |   ____||  \ |  | |  | |           |\   \  /   / 
   |   (----`|  |__   |  |_)  |    |  |__   |   \|  | |  | `---|  |----` \   \/   /  
    \   \    |   __|  |      /     |   __|  |  . `  | |  |     |  |       \_    _/   
.----)   |   |  |____ |  |\  \----.|  |____ |  |\   | |  |     |  |         |  |     
|_______/    |_______|| _| `._____||_______||__| \__| |__|     |__|         |__|    
                                                                                     
 News and tutorials at http://www.serenity-bdd.info                                  
 Documentation at https://wakaleo.gitbooks.io/the-serenity-book/content/             
 Join the Serenity Community on Gitter: https://gitter.im/serenity-bdd/serenity-core 
 Serenity BDD Support and Training at http://serenity-bdd.info/#/trainingandsupport  
-------------------------------------------------------------------------------------

14:02:42.418 [main] DEBUG net.thucydides.core.steps.StepEventBus - Test suite started for story net.thucydides.core.model.Story@f388ff28
14:02:42.423 [main] INFO  - Test Suite Started: Login
14:02:42.456 [main] DEBUG io.cucumber.core.plugin.SerenityReporter - Running feature from file:///C:/Users/User/IdeaProjects/prioritasduaa/src/test/resources/features/product.feature
14:02:42.465 [main] DEBUG net.thucydides.core.steps.StepEventBus - Test suite started for story net.thucydides.core.model.Story@cfb1c0de
14:02:42.466 [main] INFO  - Test Suite Started: choose product
14:02:42.466 [main] DEBUG io.cucumber.core.plugin.SerenityReporter - Running feature from file:///C:/Users/User/IdeaProjects/prioritasduaa/src/test/resources/features/productpatment.feature
14:02:42.482 [main] DEBUG net.thucydides.core.steps.StepEventBus - Test suite started for story net.thucydides.core.model.Story@8f6ef92
14:02:42.483 [main] INFO  - Test Suite Started: product payment
14:02:42.484 [main] DEBUG io.cucumber.core.plugin.SerenityReporter - Running feature from file:///C:/Users/User/IdeaProjects/prioritasduaa/src/test/resources/features/login.feature
14:02:42.489 [main] DEBUG net.thucydides.core.steps.StepEventBus - Test suite started for story net.thucydides.core.model.Story@f388ff28
14:02:42.490 [main] INFO  - Test Suite Started: Login

@login
Scenario: As user i have be able to success login &amp#27;[90m# src/test/resources/features/login.feature:7&amp#27;[0m
14:02:42.687 [main] DEBUG io.cucumber.core.plugin.SerenityReporter - Running feature from file:///C:/Users/User/IdeaProjects/prioritasduaa/src/test/resources/features/login.feature
14:02:42.992 [main] INFO  - 
  _____   ___   ___   _____     ___   _____     _     ___   _____   ___   ___  
 |_   _| | __| / __| |_   _|   / __| |_   _|   /_\   | _ \ |_   _| | __| |   \ 
   | |   | _|  \__ \   | |     \__ \   | |    / _ \  |   /   | |   | _|  | |) |
   |_|   |___| |___/   |_|     |___/   |_|   /_/ \_\ |_|_\   |_|   |___| |___/ 

As user i have be able to success login(login;as-user-i-have-be-able-to-success-login)
--------------------------------------------------------------------------------
14:02:43.094 [main] DEBUG net.thucydides.core.requirements.model.cucumber.CucumberParser - Loading feature C:\Users\User\IdeaProjects\prioritasduaa\src\test\resources\features\login.feature
14:02:43.114 [main] DEBUG net.thucydides.core.requirements.model.cucumber.CucumberParser - Loading feature C:\Users\User\IdeaProjects\prioritasduaa\src\test\resources\features\product.feature
14:02:43.133 [main] DEBUG net.thucydides.core.requirements.model.cucumber.CucumberParser - Loading feature C:\Users\User\IdeaProjects\prioritasduaa\src\test\resources\features\productpatment.feature
14:02:44.677 [main] INFO net.serenitybdd.core.webdriver.driverproviders.ChromeDriverProvider - Starting Chrome driver instance with capabilities:
14:02:44.681 [main] INFO net.serenitybdd.core.webdriver.driverproviders.ChromeDriverProvider - Capabilities {acceptInsecureCerts: false, browserName: chrome, goog:chromeOptions: {args: [remote-allow-origins=*], extensions: []}}
14:02:44.854 [main] DEBUG io.netty.util.internal.logging.InternalLoggerFactory - Using SLF4J as the default logging framework
14:02:44.860 [main] DEBUG io.netty.util.ResourceLeakDetector - -Dio.netty.leakDetection.level: simple
14:02:44.860 [main] DEBUG io.netty.util.ResourceLeakDetector - -Dio.netty.leakDetection.targetRecords: 4
14:02:44.867 [main] DEBUG io.netty.util.ResourceLeakDetectorFactory - Loaded default ResourceLeakDetector: io.netty.util.ResourceLeakDetector@6380e9e9
14:02:44.894 [main] DEBUG io.netty.util.internal.PlatformDependent0 - -Dio.netty.noUnsafe: false
14:02:44.894 [main] DEBUG io.netty.util.internal.PlatformDependent0 - Java version: 19
14:02:44.896 [main] DEBUG io.netty.util.internal.PlatformDependent0 - sun.misc.Unsafe.theUnsafe: available
14:02:44.897 [main] DEBUG io.netty.util.internal.PlatformDependent0 - sun.misc.Unsafe.copyMemory: available
14:02:44.898 [main] DEBUG io.netty.util.internal.PlatformDependent0 - sun.misc.Unsafe.storeFence: available
14:02:44.899 [main] DEBUG io.netty.util.internal.PlatformDependent0 - java.nio.Buffer.address: available
14:02:44.900 [main] DEBUG io.netty.util.internal.PlatformDependent0 - direct buffer constructor: unavailable: Reflective setAccessible(true) disabled
14:02:44.902 [main] DEBUG io.netty.util.internal.PlatformDependent0 - java.nio.Bits.unaligned: available, true
14:02:44.904 [main] DEBUG io.netty.util.internal.PlatformDependent0 - jdk.internal.misc.Unsafe.allocateUninitializedArray(int): unavailable: class io.netty.util.internal.PlatformDependent0$7 cannot access class jdk.internal.misc.Unsafe (in module java.base) because module java.base does not export jdk.internal.misc to unnamed module @696da30b
14:02:44.908 [main] DEBUG io.netty.util.internal.PlatformDependent0 - java.nio.DirectByteBuffer.<init>(long, int): unavailable
14:02:44.908 [main] DEBUG io.netty.util.internal.PlatformDependent - sun.misc.Unsafe: available
14:02:44.910 [main] DEBUG io.netty.util.internal.PlatformDependent - maxDirectMemory: 2122317824 bytes (maybe)
14:02:44.910 [main] DEBUG io.netty.util.internal.PlatformDependent - -Dio.netty.tmpdir: C:\Users\User\AppData\Local\Temp (java.io.tmpdir)
14:02:44.910 [main] DEBUG io.netty.util.internal.PlatformDependent - -Dio.netty.bitMode: 64 (sun.arch.data.model)
14:02:44.910 [main] DEBUG io.netty.util.internal.PlatformDependent - Platform: Windows
14:02:44.912 [main] DEBUG io.netty.util.internal.PlatformDependent - -Dio.netty.maxDirectMemory: -1 bytes
14:02:44.912 [main] DEBUG io.netty.util.internal.PlatformDependent - -Dio.netty.uninitializedArrayAllocationThreshold: -1
14:02:44.914 [main] DEBUG io.netty.util.internal.CleanerJava9 - java.nio.ByteBuffer.cleaner(): available
14:02:44.914 [main] DEBUG io.netty.util.internal.PlatformDependent - -Dio.netty.noPreferDirect: false
14:02:44.925 [main] DEBUG io.netty.util.internal.PlatformDependent - org.jctools-core.MpscChunkedArrayQueue: available
14:02:44.959 [main] DEBUG io.netty.util.internal.InternalThreadLocalMap - -Dio.netty.threadLocalMap.stringBuilder.initialSize: 1024
14:02:44.959 [main] DEBUG io.netty.util.internal.InternalThreadLocalMap - -Dio.netty.threadLocalMap.stringBuilder.maxSize: 4096
14:02:45.303 [main] DEBUG io.netty.handler.ssl.JdkSslContext - Default protocols (JDK): [TLSv1.3, TLSv1.2] 
14:02:45.303 [main] DEBUG io.netty.handler.ssl.JdkSslContext - Default cipher suites (JDK): [TLS_ECDHE_ECDSA_WITH_AES_256_GCM_SHA384, TLS_ECDHE_ECDSA_WITH_AES_128_GCM_SHA256, TLS_ECDHE_RSA_WITH_AES_128_GCM_SHA256, TLS_ECDHE_RSA_WITH_AES_256_GCM_SHA384, TLS_ECDHE_RSA_WITH_AES_128_CBC_SHA, TLS_ECDHE_RSA_WITH_AES_256_CBC_SHA, TLS_RSA_WITH_AES_128_GCM_SHA256, TLS_RSA_WITH_AES_128_CBC_SHA, TLS_RSA_WITH_AES_256_CBC_SHA, TLS_AES_128_GCM_SHA256, TLS_AES_256_GCM_SHA384]
14:02:45.350 [main] DEBUG io.netty.channel.MultithreadEventLoopGroup - -Dio.netty.eventLoopThreads: 8
14:02:45.366 [main] DEBUG io.netty.channel.nio.NioEventLoop - -Dio.netty.noKeySetOptimization: false
14:02:45.366 [main] DEBUG io.netty.channel.nio.NioEventLoop - -Dio.netty.selectorAutoRebuildThreshold: 512
14:02:45.436 [main] DEBUG io.netty.buffer.PooledByteBufAllocator - -Dio.netty.allocator.numHeapArenas: 8
14:02:45.436 [main] DEBUG io.netty.buffer.PooledByteBufAllocator - -Dio.netty.allocator.numDirectArenas: 8
14:02:45.436 [main] DEBUG io.netty.buffer.PooledByteBufAllocator - -Dio.netty.allocator.pageSize: 8192
14:02:45.436 [main] DEBUG io.netty.buffer.PooledByteBufAllocator - -Dio.netty.allocator.maxOrder: 9
14:02:45.436 [main] DEBUG io.netty.buffer.PooledByteBufAllocator - -Dio.netty.allocator.chunkSize: 4194304
14:02:45.436 [main] DEBUG io.netty.buffer.PooledByteBufAllocator - -Dio.netty.allocator.smallCacheSize: 256
14:02:45.436 [main] DEBUG io.netty.buffer.PooledByteBufAllocator - -Dio.netty.allocator.normalCacheSize: 64
14:02:45.436 [main] DEBUG io.netty.buffer.PooledByteBufAllocator - -Dio.netty.allocator.maxCachedBufferCapacity: 32768
14:02:45.436 [main] DEBUG io.netty.buffer.PooledByteBufAllocator - -Dio.netty.allocator.cacheTrimInterval: 8192
14:02:45.437 [main] DEBUG io.netty.buffer.PooledByteBufAllocator - -Dio.netty.allocator.cacheTrimIntervalMillis: 0
14:02:45.437 [main] DEBUG io.netty.buffer.PooledByteBufAllocator - -Dio.netty.allocator.useCacheForAllThreads: false
14:02:45.437 [main] DEBUG io.netty.buffer.PooledByteBufAllocator - -Dio.netty.allocator.maxCachedByteBuffersPerChunk: 1023
14:02:45.453 [main] DEBUG io.netty.buffer.ByteBufUtil - -Dio.netty.allocator.type: pooled
14:02:45.453 [main] DEBUG io.netty.buffer.ByteBufUtil - -Dio.netty.threadLocalDirectBufferSize: 0
14:02:45.453 [main] DEBUG io.netty.buffer.ByteBufUtil - -Dio.netty.maxThreadLocalCharBufferSize: 16384
14:02:45.986 [Forwarding newSession on session null to remote] DEBUG io.netty.channel.DefaultChannelId - -Dio.netty.processId: 12908 (auto-detected)
14:02:45.989 [Forwarding newSession on session null to remote] DEBUG io.netty.util.NetUtil - -Djava.net.preferIPv4Stack: false
14:02:45.989 [Forwarding newSession on session null to remote] DEBUG io.netty.util.NetUtil - -Djava.net.preferIPv6Addresses: false
14:02:46.008 [Forwarding newSession on session null to remote] DEBUG io.netty.util.NetUtilInitializations - Loopback interface: lo (Software Loopback Interface 1, 127.0.0.1)
14:02:46.009 [Forwarding newSession on session null to remote] DEBUG io.netty.util.NetUtil - Failed to get SOMAXCONN from sysctl and file \proc\sys\net\core\somaxconn. Default: 200
14:02:46.048 [Forwarding newSession on session null to remote] DEBUG io.netty.channel.DefaultChannelId - -Dio.netty.machineId: 04:d3:b0:ff:fe:ce:82:c7 (auto-detected)
14:02:46.127 [AsyncHttpClient-1-2] DEBUG io.netty.buffer.AbstractByteBuf - -Dio.netty.buffer.checkAccessible: true
14:02:46.127 [AsyncHttpClient-1-2] DEBUG io.netty.buffer.AbstractByteBuf - -Dio.netty.buffer.checkBounds: true
14:02:46.127 [AsyncHttpClient-1-2] DEBUG io.netty.util.ResourceLeakDetectorFactory - Loaded default ResourceLeakDetector: io.netty.util.ResourceLeakDetector@5749ab89
14:02:46.146 [AsyncHttpClient-1-2] DEBUG org.asynchttpclient.netty.channel.NettyConnectListener - Using new Channel '[id: 0xbc74d963, L:/127.0.0.1:51338 - R:localhost/127.0.0.1:36949]' for 'POST' to '/session'
14:02:46.170 [AsyncHttpClient-1-2] DEBUG io.netty.util.Recycler - -Dio.netty.recycler.maxCapacityPerThread: 4096
14:02:46.170 [AsyncHttpClient-1-2] DEBUG io.netty.util.Recycler - -Dio.netty.recycler.ratio: 8
14:02:46.171 [AsyncHttpClient-1-2] DEBUG io.netty.util.Recycler - -Dio.netty.recycler.chunkSize: 32
14:02:46.171 [AsyncHttpClient-1-2] DEBUG io.netty.util.Recycler - -Dio.netty.recycler.blocking: false
14:02:50.261 [AsyncHttpClient-1-2] DEBUG io.netty.handler.codec.compression.Brotli - brotli4j not in the classpath; Brotli support will be unavailable.
14:02:50.261 [AsyncHttpClient-1-2] DEBUG org.asynchttpclient.netty.handler.HttpHandler - 

Request DefaultHttpRequest(decodeResult: success, version: HTTP/1.1)
POST /session HTTP/1.1
User-Agent: selenium/4.8.1 (java windows)
Content-Length: 507
Content-Type: application/json; charset=utf-8
host: localhost:36949
accept: */*

Response DefaultHttpResponse(decodeResult: success, version: HTTP/1.1)
HTTP/1.1 200 OK
Content-Length: 858
Content-Type: application/json; charset=utf-8
cache-control: no-cache

14:02:50.276 [AsyncHttpClient-1-2] DEBUG org.asynchttpclient.netty.channel.ChannelManager - Adding key: http://localhost:36949 for channel [id: 0xbc74d963, L:/127.0.0.1:51338 - R:localhost/127.0.0.1:36949]
14:02:50.406 [AsyncHttpClient-1-3] DEBUG org.asynchttpclient.netty.channel.NettyConnectListener - Using new Channel '[id: 0xc4e9bf52, L:/127.0.0.1:51347 - R:localhost/127.0.0.1:51339]' for 'GET' to '/json/version'
14:02:50.410 [AsyncHttpClient-1-3] DEBUG org.asynchttpclient.netty.handler.HttpHandler - 

Request DefaultFullHttpRequest(decodeResult: success, version: HTTP/1.1, content: EmptyByteBufBE)
GET /json/version HTTP/1.1
User-Agent: selenium/4.8.1 (java windows)
host: localhost:51339
accept: */*

Response DefaultHttpResponse(decodeResult: success, version: HTTP/1.1)
HTTP/1.1 200 OK
Content-Security-Policy: frame-ancestors 'none'
Content-Length: 424
Content-Type: application/json; charset=UTF-8

14:02:50.411 [AsyncHttpClient-1-3] DEBUG org.asynchttpclient.netty.channel.ChannelManager - Adding key: http://localhost:51339 for channel [id: 0xc4e9bf52, L:/127.0.0.1:51347 - R:localhost/127.0.0.1:51339]
14:02:50.426 [main] DEBUG io.netty.util.internal.ThreadLocalRandom - -Dio.netty.initialSeedUniquifier: 0x5ce5920095594c7d
14:02:50.432 [AsyncHttpClient-1-4] DEBUG org.asynchttpclient.netty.channel.NettyConnectListener - Using new Channel '[id: 0x21b1ddac, L:/127.0.0.1:51348 - R:localhost/127.0.0.1:51339]' for 'GET' to '/devtools/browser/8469eeb1-29a0-449d-9797-c1d5b134d329'
14:02:50.436 [AsyncHttpClient-1-4] DEBUG org.asynchttpclient.netty.handler.WebSocketHandler - 

Request DefaultFullHttpRequest(decodeResult: success, version: HTTP/1.1, content: EmptyByteBufBE)
GET /devtools/browser/8469eeb1-29a0-449d-9797-c1d5b134d329 HTTP/1.1
upgrade: websocket
connection: upgrade
sec-websocket-key: rW3z5+NuFPJcgxeeldagoA==
sec-websocket-version: 13
origin: http://localhost:51339
host: localhost:51339
accept: */*
user-agent: AHC/2.1

Response DefaultHttpResponse(decodeResult: success, version: HTTP/1.1)
HTTP/1.1 101 WebSocket Protocol Handshake
Upgrade: WebSocket
Connection: Upgrade
Sec-WebSocket-Accept: OwyN8lHgIgWvIr5t7yutAj2a0UQ=

14:02:50.686 [Forwarding get on session ea1d86595201ddd8558c78082d228157 to remote] DEBUG org.asynchttpclient.netty.request.NettyRequestSender - Using pooled Channel '[id: 0xbc74d963, L:/127.0.0.1:51338 - R:localhost/127.0.0.1:36949]' for 'POST' to 'http://localhost:36949/session/ea1d86595201ddd8558c78082d228157/url'
14:02:50.687 [Forwarding get on session ea1d86595201ddd8558c78082d228157 to remote] DEBUG org.asynchttpclient.netty.request.NettyRequestSender - Using open Channel [id: 0xbc74d963, L:/127.0.0.1:51338 - R:localhost/127.0.0.1:36949] for POST '/session/ea1d86595201ddd8558c78082d228157/url'
14:02:50.743 [AsyncHttpClient-1-1] DEBUG org.asynchttpclient.netty.channel.DefaultChannelPool - Entry count for : http://localhost:51339 : 1
14:02:51.839 [AsyncHttpClient-1-1] DEBUG org.asynchttpclient.netty.channel.DefaultChannelPool - Entry count for : http://localhost:51339 : 1
14:02:52.933 [AsyncHttpClient-1-1] DEBUG org.asynchttpclient.netty.channel.DefaultChannelPool - Entry count for : http://localhost:51339 : 1
14:02:54.038 [AsyncHttpClient-1-1] DEBUG org.asynchttpclient.netty.channel.DefaultChannelPool - Entry count for : http://localhost:51339 : 1
14:02:55.136 [AsyncHttpClient-1-1] DEBUG org.asynchttpclient.netty.channel.DefaultChannelPool - Entry count for : http://localhost:51339 : 1
14:02:56.234 [AsyncHttpClient-1-1] DEBUG org.asynchttpclient.netty.channel.DefaultChannelPool - Entry count for : http://localhost:51339 : 1
14:02:57.248 [AsyncHttpClient-1-2] DEBUG org.asynchttpclient.netty.handler.HttpHandler - 

Request DefaultHttpRequest(decodeResult: success, version: HTTP/1.1)
POST /session/ea1d86595201ddd8558c78082d228157/url HTTP/1.1
User-Agent: selenium/4.8.1 (java windows)
Content-Length: 60
Content-Type: application/json; charset=utf-8
host: localhost:36949
accept: */*

Response DefaultHttpResponse(decodeResult: success, version: HTTP/1.1)
HTTP/1.1 200 OK
Content-Length: 14
Content-Type: application/json; charset=utf-8
cache-control: no-cache

14:02:57.250 [AsyncHttpClient-1-2] DEBUG org.asynchttpclient.netty.channel.ChannelManager - Adding key: http://localhost:36949 for channel [id: 0xbc74d963, L:/127.0.0.1:51338 - R:localhost/127.0.0.1:36949]
14:02:57.266 [Forwarding setTimeout on session ea1d86595201ddd8558c78082d228157 to remote] DEBUG org.asynchttpclient.netty.request.NettyRequestSender - Using pooled Channel '[id: 0xbc74d963, L:/127.0.0.1:51338 - R:localhost/127.0.0.1:36949]' for 'POST' to 'http://localhost:36949/session/ea1d86595201ddd8558c78082d228157/timeouts'
14:02:57.266 [Forwarding setTimeout on session ea1d86595201ddd8558c78082d228157 to remote] DEBUG org.asynchttpclient.netty.request.NettyRequestSender - Using open Channel [id: 0xbc74d963, L:/127.0.0.1:51338 - R:localhost/127.0.0.1:36949] for POST '/session/ea1d86595201ddd8558c78082d228157/timeouts'
14:02:57.272 [AsyncHttpClient-1-2] DEBUG org.asynchttpclient.netty.handler.HttpHandler - 

Request DefaultHttpRequest(decodeResult: success, version: HTTP/1.1)
POST /session/ea1d86595201ddd8558c78082d228157/timeouts HTTP/1.1
User-Agent: selenium/4.8.1 (java windows)
Content-Length: 22
Content-Type: application/json; charset=utf-8
host: localhost:36949
accept: */*

Response DefaultHttpResponse(decodeResult: success, version: HTTP/1.1)
HTTP/1.1 200 OK
Content-Length: 14
Content-Type: application/json; charset=utf-8
cache-control: no-cache

14:02:57.273 [AsyncHttpClient-1-2] DEBUG org.asynchttpclient.netty.channel.ChannelManager - Adding key: http://localhost:36949 for channel [id: 0xbc74d963, L:/127.0.0.1:51338 - R:localhost/127.0.0.1:36949]
14:02:57.338 [AsyncHttpClient-1-1] DEBUG org.asynchttpclient.netty.channel.DefaultChannelPool - Entry count for : http://localhost:36949 : 1
14:02:57.338 [AsyncHttpClient-1-1] DEBUG org.asynchttpclient.netty.channel.DefaultChannelPool - Entry count for : http://localhost:51339 : 1
14:02:57.371 [main] DEBUG net.serenitybdd.core.photography.Darkroom - Opening darkroom
14:02:57.373 [Darkroom Processing Line] DEBUG net.serenitybdd.core.photography.DarkroomProcessingLine - Darkroom processing line starting up
14:02:57.396 [Forwarding getAlertText on session ea1d86595201ddd8558c78082d228157 to remote] DEBUG org.asynchttpclient.netty.request.NettyRequestSender - Using pooled Channel '[id: 0xbc74d963, L:/127.0.0.1:51338 - R:localhost/127.0.0.1:36949]' for 'GET' to 'http://localhost:36949/session/ea1d86595201ddd8558c78082d228157/alert/text'
14:02:57.396 [Forwarding getAlertText on session ea1d86595201ddd8558c78082d228157 to remote] DEBUG org.asynchttpclient.netty.request.NettyRequestSender - Using open Channel [id: 0xbc74d963, L:/127.0.0.1:51338 - R:localhost/127.0.0.1:36949] for GET '/session/ea1d86595201ddd8558c78082d228157/alert/text'
14:02:57.399 [AsyncHttpClient-1-2] DEBUG org.asynchttpclient.netty.handler.HttpHandler - 

Request DefaultFullHttpRequest(decodeResult: success, version: HTTP/1.1, content: EmptyByteBufBE)
GET /session/ea1d86595201ddd8558c78082d228157/alert/text HTTP/1.1
User-Agent: selenium/4.8.1 (java windows)
Cache-Control: no-cache
Content-Type: application/json; charset=utf-8
host: localhost:36949
accept: */*

Response DefaultHttpResponse(decodeResult: success, version: HTTP/1.1)
HTTP/1.1 404 Not Found
Content-Length: 836
Content-Type: application/json; charset=utf-8
cache-control: no-cache

14:02:57.399 [AsyncHttpClient-1-2] DEBUG org.asynchttpclient.netty.channel.ChannelManager - Adding key: http://localhost:36949 for channel [id: 0xbc74d963, L:/127.0.0.1:51338 - R:localhost/127.0.0.1:36949]
14:02:57.407 [Forwarding getCurrentUrl on session ea1d86595201ddd8558c78082d228157 to remote] DEBUG org.asynchttpclient.netty.request.NettyRequestSender - Using pooled Channel '[id: 0xbc74d963, L:/127.0.0.1:51338 - R:localhost/127.0.0.1:36949]' for 'GET' to 'http://localhost:36949/session/ea1d86595201ddd8558c78082d228157/url'
14:02:57.408 [Forwarding getCurrentUrl on session ea1d86595201ddd8558c78082d228157 to remote] DEBUG org.asynchttpclient.netty.request.NettyRequestSender - Using open Channel [id: 0xbc74d963, L:/127.0.0.1:51338 - R:localhost/127.0.0.1:36949] for GET '/session/ea1d86595201ddd8558c78082d228157/url'
14:02:57.414 [AsyncHttpClient-1-2] DEBUG org.asynchttpclient.netty.handler.HttpHandler - 

Request DefaultFullHttpRequest(decodeResult: success, version: HTTP/1.1, content: EmptyByteBufBE)
GET /session/ea1d86595201ddd8558c78082d228157/url HTTP/1.1
User-Agent: selenium/4.8.1 (java windows)
Cache-Control: no-cache
Content-Type: application/json; charset=utf-8
host: localhost:36949
accept: */*

Response DefaultHttpResponse(decodeResult: success, version: HTTP/1.1)
HTTP/1.1 200 OK
Content-Length: 42
Content-Type: application/json; charset=utf-8
cache-control: no-cache

14:02:57.415 [AsyncHttpClient-1-2] DEBUG org.asynchttpclient.netty.channel.ChannelManager - Adding key: http://localhost:36949 for channel [id: 0xbc74d963, L:/127.0.0.1:51338 - R:localhost/127.0.0.1:36949]
14:02:57.418 [Forwarding screenshot on session ea1d86595201ddd8558c78082d228157 to remote] DEBUG org.asynchttpclient.netty.request.NettyRequestSender - Using pooled Channel '[id: 0xbc74d963, L:/127.0.0.1:51338 - R:localhost/127.0.0.1:36949]' for 'GET' to 'http://localhost:36949/session/ea1d86595201ddd8558c78082d228157/screenshot'
14:02:57.418 [Forwarding screenshot on session ea1d86595201ddd8558c78082d228157 to remote] DEBUG org.asynchttpclient.netty.request.NettyRequestSender - Using open Channel [id: 0xbc74d963, L:/127.0.0.1:51338 - R:localhost/127.0.0.1:36949] for GET '/session/ea1d86595201ddd8558c78082d228157/screenshot'
14:02:57.553 [AsyncHttpClient-1-2] DEBUG org.asynchttpclient.netty.handler.HttpHandler - 

Request DefaultFullHttpRequest(decodeResult: success, version: HTTP/1.1, content: EmptyByteBufBE)
GET /session/ea1d86595201ddd8558c78082d228157/screenshot HTTP/1.1
User-Agent: selenium/4.8.1 (java windows)
Cache-Control: no-cache
Content-Type: application/json; charset=utf-8
host: localhost:36949
accept: */*

Response DefaultHttpResponse(decodeResult: success, version: HTTP/1.1)
HTTP/1.1 200 OK
Content-Length: 181972
Content-Type: application/json; charset=utf-8
cache-control: no-cache

14:02:57.556 [AsyncHttpClient-1-2] DEBUG org.asynchttpclient.netty.channel.ChannelManager - Adding key: http://localhost:36949 for channel [id: 0xbc74d963, L:/127.0.0.1:51338 - R:localhost/127.0.0.1:36949]
14:02:57.686 [main] DEBUG net.serenitybdd.core.photography.Darkroom - Send negative for processing for target\site\serenity\ec77d7c03a110d1abd5dc5da4fadce19b40cc0180d74e764ad2b2b24863b2d94.png
14:02:57.686 [Darkroom Processing Line] DEBUG net.serenitybdd.core.photography.DarkroomProcessingLine - Processing screenshot image in /var/screenshots/screenshot-17425533177027677090
14:02:57.686 [Darkroom Processing Line] DEBUG net.serenitybdd.core.photography.DarkroomProcessingLine - Saving screenshot to target\site\serenity\ec77d7c03a110d1abd5dc5da4fadce19b40cc0180d74e764ad2b2b24863b2d94.png
14:02:57.690 [Forwarding getPageSource on session ea1d86595201ddd8558c78082d228157 to remote] DEBUG org.asynchttpclient.netty.request.NettyRequestSender - Using pooled Channel '[id: 0xbc74d963, L:/127.0.0.1:51338 - R:localhost/127.0.0.1:36949]' for 'POST' to 'http://localhost:36949/session/ea1d86595201ddd8558c78082d228157/execute/sync'
14:02:57.690 [Forwarding getPageSource on session ea1d86595201ddd8558c78082d228157 to remote] DEBUG org.asynchttpclient.netty.request.NettyRequestSender - Using open Channel [id: 0xbc74d963, L:/127.0.0.1:51338 - R:localhost/127.0.0.1:36949] for POST '/session/ea1d86595201ddd8558c78082d228157/execute/sync'
14:02:57.707 [AsyncHttpClient-1-2] DEBUG org.asynchttpclient.netty.handler.HttpHandler - 

Request DefaultHttpRequest(decodeResult: success, version: HTTP/1.1)
POST /session/ea1d86595201ddd8558c78082d228157/execute/sync HTTP/1.1
User-Agent: selenium/4.8.1 (java windows)
Content-Length: 176
Content-Type: application/json; charset=utf-8
host: localhost:36949
accept: */*

Response DefaultHttpResponse(decodeResult: success, version: HTTP/1.1)
HTTP/1.1 200 OK
Content-Length: 113270
Content-Type: application/json; charset=utf-8
cache-control: no-cache

14:02:57.708 [AsyncHttpClient-1-2] DEBUG org.asynchttpclient.netty.channel.ChannelManager - Adding key: http://localhost:36949 for channel [id: 0xbc74d963, L:/127.0.0.1:51338 - R:localhost/127.0.0.1:36949]
14:02:57.838 [Forwarding getCurrentUrl on session ea1d86595201ddd8558c78082d228157 to remote] DEBUG org.asynchttpclient.netty.request.NettyRequestSender - Using pooled Channel '[id: 0xbc74d963, L:/127.0.0.1:51338 - R:localhost/127.0.0.1:36949]' for 'GET' to 'http://localhost:36949/session/ea1d86595201ddd8558c78082d228157/url'
14:02:57.838 [Forwarding getCurrentUrl on session ea1d86595201ddd8558c78082d228157 to remote] DEBUG org.asynchttpclient.netty.request.NettyRequestSender - Using open Channel [id: 0xbc74d963, L:/127.0.0.1:51338 - R:localhost/127.0.0.1:36949] for GET '/session/ea1d86595201ddd8558c78082d228157/url'
14:02:57.844 [AsyncHttpClient-1-2] DEBUG org.asynchttpclient.netty.handler.HttpHandler - 

Request DefaultFullHttpRequest(decodeResult: success, version: HTTP/1.1, content: EmptyByteBufBE)
GET /session/ea1d86595201ddd8558c78082d228157/url HTTP/1.1
User-Agent: selenium/4.8.1 (java windows)
Cache-Control: no-cache
Content-Type: application/json; charset=utf-8
host: localhost:36949
accept: */*

Response DefaultHttpResponse(decodeResult: success, version: HTTP/1.1)
HTTP/1.1 200 OK
Content-Length: 42
Content-Type: application/json; charset=utf-8
cache-control: no-cache

14:02:57.844 [AsyncHttpClient-1-2] DEBUG org.asynchttpclient.netty.channel.ChannelManager - Adding key: http://localhost:36949 for channel [id: 0xbc74d963, L:/127.0.0.1:51338 - R:localhost/127.0.0.1:36949]
14:02:57.850 [main] DEBUG net.thucydides.core.steps.StepInterceptor - STARTING STEP: LoginSteps.onTheLoginPage - validateOnLoginPage
14:02:57.869 [Forwarding findElement on session ea1d86595201ddd8558c78082d228157 to remote] DEBUG org.asynchttpclient.netty.request.NettyRequestSender - Using pooled Channel '[id: 0xbc74d963, L:/127.0.0.1:51338 - R:localhost/127.0.0.1:36949]' for 'POST' to 'http://localhost:36949/session/ea1d86595201ddd8558c78082d228157/element'
14:02:57.869 [Forwarding findElement on session ea1d86595201ddd8558c78082d228157 to remote] DEBUG org.asynchttpclient.netty.request.NettyRequestSender - Using open Channel [id: 0xbc74d963, L:/127.0.0.1:51338 - R:localhost/127.0.0.1:36949] for POST '/session/ea1d86595201ddd8558c78082d228157/element'
14:02:57.885 [AsyncHttpClient-1-2] DEBUG org.asynchttpclient.netty.handler.HttpHandler - 

Request DefaultHttpRequest(decodeResult: success, version: HTTP/1.1)
POST /session/ea1d86595201ddd8558c78082d228157/element HTTP/1.1
User-Agent: selenium/4.8.1 (java windows)
Content-Length: 57
Content-Type: application/json; charset=utf-8
host: localhost:36949
accept: */*

Response DefaultHttpResponse(decodeResult: success, version: HTTP/1.1)
HTTP/1.1 200 OK
Content-Length: 88
Content-Type: application/json; charset=utf-8
cache-control: no-cache

14:02:57.886 [AsyncHttpClient-1-2] DEBUG org.asynchttpclient.netty.channel.ChannelManager - Adding key: http://localhost:36949 for channel [id: 0xbc74d963, L:/127.0.0.1:51338 - R:localhost/127.0.0.1:36949]
14:02:57.900 [Forwarding isElementDisplayed on session ea1d86595201ddd8558c78082d228157 to remote] DEBUG org.asynchttpclient.netty.request.NettyRequestSender - Using pooled Channel '[id: 0xbc74d963, L:/127.0.0.1:51338 - R:localhost/127.0.0.1:36949]' for 'POST' to 'http://localhost:36949/session/ea1d86595201ddd8558c78082d228157/execute/sync'
14:02:57.900 [Forwarding isElementDisplayed on session ea1d86595201ddd8558c78082d228157 to remote] DEBUG org.asynchttpclient.netty.request.NettyRequestSender - Using open Channel [id: 0xbc74d963, L:/127.0.0.1:51338 - R:localhost/127.0.0.1:36949] for POST '/session/ea1d86595201ddd8558c78082d228157/execute/sync'
14:02:57.921 [AsyncHttpClient-1-2] DEBUG org.asynchttpclient.netty.handler.HttpHandler - 

Request DefaultHttpRequest(decodeResult: success, version: HTTP/1.1)
POST /session/ea1d86595201ddd8558c78082d228157/execute/sync HTTP/1.1
User-Agent: selenium/4.8.1 (java windows)
Content-Length: 48807
Content-Type: application/json; charset=utf-8
host: localhost:36949
accept: */*

Response DefaultHttpResponse(decodeResult: success, version: HTTP/1.1)
HTTP/1.1 200 OK
Content-Length: 14
Content-Type: application/json; charset=utf-8
cache-control: no-cache

14:02:57.921 [AsyncHttpClient-1-2] DEBUG org.asynchttpclient.netty.channel.ChannelManager - Adding key: http://localhost:36949 for channel [id: 0xbc74d963, L:/127.0.0.1:51338 - R:localhost/127.0.0.1:36949]
14:02:57.932 [Forwarding getAlertText on session ea1d86595201ddd8558c78082d228157 to remote] DEBUG org.asynchttpclient.netty.request.NettyRequestSender - Using pooled Channel '[id: 0xbc74d963, L:/127.0.0.1:51338 - R:localhost/127.0.0.1:36949]' for 'GET' to 'http://localhost:36949/session/ea1d86595201ddd8558c78082d228157/alert/text'
14:02:57.932 [Forwarding getAlertText on session ea1d86595201ddd8558c78082d228157 to remote] DEBUG org.asynchttpclient.netty.request.NettyRequestSender - Using open Channel [id: 0xbc74d963, L:/127.0.0.1:51338 - R:localhost/127.0.0.1:36949] for GET '/session/ea1d86595201ddd8558c78082d228157/alert/text'
14:02:57.934 [AsyncHttpClient-1-2] DEBUG org.asynchttpclient.netty.handler.HttpHandler - 

Request DefaultFullHttpRequest(decodeResult: success, version: HTTP/1.1, content: EmptyByteBufBE)
GET /session/ea1d86595201ddd8558c78082d228157/alert/text HTTP/1.1
User-Agent: selenium/4.8.1 (java windows)
Cache-Control: no-cache
Content-Type: application/json; charset=utf-8
host: localhost:36949
accept: */*

Response DefaultHttpResponse(decodeResult: success, version: HTTP/1.1)
HTTP/1.1 404 Not Found
Content-Length: 836
Content-Type: application/json; charset=utf-8
cache-control: no-cache

14:02:57.935 [AsyncHttpClient-1-2] DEBUG org.asynchttpclient.netty.channel.ChannelManager - Adding key: http://localhost:36949 for channel [id: 0xbc74d963, L:/127.0.0.1:51338 - R:localhost/127.0.0.1:36949]
14:02:57.937 [Forwarding getCurrentUrl on session ea1d86595201ddd8558c78082d228157 to remote] DEBUG org.asynchttpclient.netty.request.NettyRequestSender - Using pooled Channel '[id: 0xbc74d963, L:/127.0.0.1:51338 - R:localhost/127.0.0.1:36949]' for 'GET' to 'http://localhost:36949/session/ea1d86595201ddd8558c78082d228157/url'
14:02:57.937 [Forwarding getCurrentUrl on session ea1d86595201ddd8558c78082d228157 to remote] DEBUG org.asynchttpclient.netty.request.NettyRequestSender - Using open Channel [id: 0xbc74d963, L:/127.0.0.1:51338 - R:localhost/127.0.0.1:36949] for GET '/session/ea1d86595201ddd8558c78082d228157/url'
14:02:57.955 [AsyncHttpClient-1-2] DEBUG org.asynchttpclient.netty.handler.HttpHandler - 

Request DefaultFullHttpRequest(decodeResult: success, version: HTTP/1.1, content: EmptyByteBufBE)
GET /session/ea1d86595201ddd8558c78082d228157/url HTTP/1.1
User-Agent: selenium/4.8.1 (java windows)
Cache-Control: no-cache
Content-Type: application/json; charset=utf-8
host: localhost:36949
accept: */*

Response DefaultHttpResponse(decodeResult: success, version: HTTP/1.1)
HTTP/1.1 200 OK
Content-Length: 42
Content-Type: application/json; charset=utf-8
cache-control: no-cache

14:02:57.956 [AsyncHttpClient-1-2] DEBUG org.asynchttpclient.netty.channel.ChannelManager - Adding key: http://localhost:36949 for channel [id: 0xbc74d963, L:/127.0.0.1:51338 - R:localhost/127.0.0.1:36949]
14:02:57.965 [Forwarding screenshot on session ea1d86595201ddd8558c78082d228157 to remote] DEBUG org.asynchttpclient.netty.request.NettyRequestSender - Using pooled Channel '[id: 0xbc74d963, L:/127.0.0.1:51338 - R:localhost/127.0.0.1:36949]' for 'GET' to 'http://localhost:36949/session/ea1d86595201ddd8558c78082d228157/screenshot'
14:02:57.965 [Forwarding screenshot on session ea1d86595201ddd8558c78082d228157 to remote] DEBUG org.asynchttpclient.netty.request.NettyRequestSender - Using open Channel [id: 0xbc74d963, L:/127.0.0.1:51338 - R:localhost/127.0.0.1:36949] for GET '/session/ea1d86595201ddd8558c78082d228157/screenshot'
14:02:58.141 [AsyncHttpClient-1-2] DEBUG org.asynchttpclient.netty.handler.HttpHandler - 

Request DefaultFullHttpRequest(decodeResult: success, version: HTTP/1.1, content: EmptyByteBufBE)
GET /session/ea1d86595201ddd8558c78082d228157/screenshot HTTP/1.1
User-Agent: selenium/4.8.1 (java windows)
Cache-Control: no-cache
Content-Type: application/json; charset=utf-8
host: localhost:36949
accept: */*

Response DefaultHttpResponse(decodeResult: success, version: HTTP/1.1)
HTTP/1.1 200 OK
Content-Length: 181972
Content-Type: application/json; charset=utf-8
cache-control: no-cache

14:02:58.144 [AsyncHttpClient-1-2] DEBUG org.asynchttpclient.netty.channel.ChannelManager - Adding key: http://localhost:36949 for channel [id: 0xbc74d963, L:/127.0.0.1:51338 - R:localhost/127.0.0.1:36949]
14:02:58.172 [main] DEBUG net.serenitybdd.core.photography.Darkroom - Send negative for processing for target\site\serenity\ec77d7c03a110d1abd5dc5da4fadce19b40cc0180d74e764ad2b2b24863b2d94.png
14:02:58.180 [main] DEBUG net.thucydides.core.steps.StepInterceptor - STEP DONE: validateOnLoginPage
  &amp#27;[32mGiven &amp#27;[0m&amp#27;[32mI am on the login page&amp#27;[0m                    &amp#27;[90m# starter.stepdefinition.LoginSteps.onTheLoginPage()&amp#27;[0m
14:02:58.214 [Forwarding getPageSource on session ea1d86595201ddd8558c78082d228157 to remote] DEBUG org.asynchttpclient.netty.request.NettyRequestSender - Using pooled Channel '[id: 0xbc74d963, L:/127.0.0.1:51338 - R:localhost/127.0.0.1:36949]' for 'POST' to 'http://localhost:36949/session/ea1d86595201ddd8558c78082d228157/execute/sync'
14:02:58.214 [Forwarding getPageSource on session ea1d86595201ddd8558c78082d228157 to remote] DEBUG org.asynchttpclient.netty.request.NettyRequestSender - Using open Channel [id: 0xbc74d963, L:/127.0.0.1:51338 - R:localhost/127.0.0.1:36949] for POST '/session/ea1d86595201ddd8558c78082d228157/execute/sync'
14:02:58.233 [AsyncHttpClient-1-2] DEBUG org.asynchttpclient.netty.handler.HttpHandler - 

Request DefaultHttpRequest(decodeResult: success, version: HTTP/1.1)
POST /session/ea1d86595201ddd8558c78082d228157/execute/sync HTTP/1.1
User-Agent: selenium/4.8.1 (java windows)
Content-Length: 176
Content-Type: application/json; charset=utf-8
host: localhost:36949
accept: */*

Response DefaultHttpResponse(decodeResult: success, version: HTTP/1.1)
HTTP/1.1 200 OK
Content-Length: 113270
Content-Type: application/json; charset=utf-8
cache-control: no-cache

14:02:58.234 [AsyncHttpClient-1-2] DEBUG org.asynchttpclient.netty.channel.ChannelManager - Adding key: http://localhost:36949 for channel [id: 0xbc74d963, L:/127.0.0.1:51338 - R:localhost/127.0.0.1:36949]
14:02:58.258 [Forwarding getCurrentUrl on session ea1d86595201ddd8558c78082d228157 to remote] DEBUG org.asynchttpclient.netty.request.NettyRequestSender - Using pooled Channel '[id: 0xbc74d963, L:/127.0.0.1:51338 - R:localhost/127.0.0.1:36949]' for 'GET' to 'http://localhost:36949/session/ea1d86595201ddd8558c78082d228157/url'
14:02:58.258 [Forwarding getCurrentUrl on session ea1d86595201ddd8558c78082d228157 to remote] DEBUG org.asynchttpclient.netty.request.NettyRequestSender - Using open Channel [id: 0xbc74d963, L:/127.0.0.1:51338 - R:localhost/127.0.0.1:36949] for GET '/session/ea1d86595201ddd8558c78082d228157/url'
14:02:58.266 [AsyncHttpClient-1-2] DEBUG org.asynchttpclient.netty.handler.HttpHandler - 

Request DefaultFullHttpRequest(decodeResult: success, version: HTTP/1.1, content: EmptyByteBufBE)
GET /session/ea1d86595201ddd8558c78082d228157/url HTTP/1.1
User-Agent: selenium/4.8.1 (java windows)
Cache-Control: no-cache
Content-Type: application/json; charset=utf-8
host: localhost:36949
accept: */*

Response DefaultHttpResponse(decodeResult: success, version: HTTP/1.1)
HTTP/1.1 200 OK
Content-Length: 42
Content-Type: application/json; charset=utf-8
cache-control: no-cache

14:02:58.266 [AsyncHttpClient-1-2] DEBUG org.asynchttpclient.netty.channel.ChannelManager - Adding key: http://localhost:36949 for channel [id: 0xbc74d963, L:/127.0.0.1:51338 - R:localhost/127.0.0.1:36949]
14:02:58.296 [Forwarding getAlertText on session ea1d86595201ddd8558c78082d228157 to remote] DEBUG org.asynchttpclient.netty.request.NettyRequestSender - Using pooled Channel '[id: 0xbc74d963, L:/127.0.0.1:51338 - R:localhost/127.0.0.1:36949]' for 'GET' to 'http://localhost:36949/session/ea1d86595201ddd8558c78082d228157/alert/text'
14:02:58.296 [Forwarding getAlertText on session ea1d86595201ddd8558c78082d228157 to remote] DEBUG org.asynchttpclient.netty.request.NettyRequestSender - Using open Channel [id: 0xbc74d963, L:/127.0.0.1:51338 - R:localhost/127.0.0.1:36949] for GET '/session/ea1d86595201ddd8558c78082d228157/alert/text'
14:02:58.302 [AsyncHttpClient-1-2] DEBUG org.asynchttpclient.netty.handler.HttpHandler - 

Request DefaultFullHttpRequest(decodeResult: success, version: HTTP/1.1, content: EmptyByteBufBE)
GET /session/ea1d86595201ddd8558c78082d228157/alert/text HTTP/1.1
User-Agent: selenium/4.8.1 (java windows)
Cache-Control: no-cache
Content-Type: application/json; charset=utf-8
host: localhost:36949
accept: */*

Response DefaultHttpResponse(decodeResult: success, version: HTTP/1.1)
HTTP/1.1 404 Not Found
Content-Length: 836
Content-Type: application/json; charset=utf-8
cache-control: no-cache

14:02:58.302 [AsyncHttpClient-1-2] DEBUG org.asynchttpclient.netty.channel.ChannelManager - Adding key: http://localhost:36949 for channel [id: 0xbc74d963, L:/127.0.0.1:51338 - R:localhost/127.0.0.1:36949]
14:02:58.305 [Forwarding getCurrentUrl on session ea1d86595201ddd8558c78082d228157 to remote] DEBUG org.asynchttpclient.netty.request.NettyRequestSender - Using pooled Channel '[id: 0xbc74d963, L:/127.0.0.1:51338 - R:localhost/127.0.0.1:36949]' for 'GET' to 'http://localhost:36949/session/ea1d86595201ddd8558c78082d228157/url'
14:02:58.305 [Forwarding getCurrentUrl on session ea1d86595201ddd8558c78082d228157 to remote] DEBUG org.asynchttpclient.netty.request.NettyRequestSender - Using open Channel [id: 0xbc74d963, L:/127.0.0.1:51338 - R:localhost/127.0.0.1:36949] for GET '/session/ea1d86595201ddd8558c78082d228157/url'
14:02:58.311 [AsyncHttpClient-1-2] DEBUG org.asynchttpclient.netty.handler.HttpHandler - 

Request DefaultFullHttpRequest(decodeResult: success, version: HTTP/1.1, content: EmptyByteBufBE)
GET /session/ea1d86595201ddd8558c78082d228157/url HTTP/1.1
User-Agent: selenium/4.8.1 (java windows)
Cache-Control: no-cache
Content-Type: application/json; charset=utf-8
host: localhost:36949
accept: */*

Response DefaultHttpResponse(decodeResult: success, version: HTTP/1.1)
HTTP/1.1 200 OK
Content-Length: 42
Content-Type: application/json; charset=utf-8
cache-control: no-cache

14:02:58.312 [AsyncHttpClient-1-2] DEBUG org.asynchttpclient.netty.channel.ChannelManager - Adding key: http://localhost:36949 for channel [id: 0xbc74d963, L:/127.0.0.1:51338 - R:localhost/127.0.0.1:36949]
14:02:58.315 [Forwarding screenshot on session ea1d86595201ddd8558c78082d228157 to remote] DEBUG org.asynchttpclient.netty.request.NettyRequestSender - Using pooled Channel '[id: 0xbc74d963, L:/127.0.0.1:51338 - R:localhost/127.0.0.1:36949]' for 'GET' to 'http://localhost:36949/session/ea1d86595201ddd8558c78082d228157/screenshot'
14:02:58.315 [Forwarding screenshot on session ea1d86595201ddd8558c78082d228157 to remote] DEBUG org.asynchttpclient.netty.request.NettyRequestSender - Using open Channel [id: 0xbc74d963, L:/127.0.0.1:51338 - R:localhost/127.0.0.1:36949] for GET '/session/ea1d86595201ddd8558c78082d228157/screenshot'
14:02:58.433 [AsyncHttpClient-1-1] DEBUG org.asynchttpclient.netty.channel.DefaultChannelPool - Entry count for : http://localhost:51339 : 1
14:02:58.455 [AsyncHttpClient-1-2] DEBUG org.asynchttpclient.netty.handler.HttpHandler - 

Request DefaultFullHttpRequest(decodeResult: success, version: HTTP/1.1, content: EmptyByteBufBE)
GET /session/ea1d86595201ddd8558c78082d228157/screenshot HTTP/1.1
User-Agent: selenium/4.8.1 (java windows)
Cache-Control: no-cache
Content-Type: application/json; charset=utf-8
host: localhost:36949
accept: */*

Response DefaultHttpResponse(decodeResult: success, version: HTTP/1.1)
HTTP/1.1 200 OK
Content-Length: 181972
Content-Type: application/json; charset=utf-8
cache-control: no-cache

14:02:58.457 [AsyncHttpClient-1-2] DEBUG org.asynchttpclient.netty.channel.ChannelManager - Adding key: http://localhost:36949 for channel [id: 0xbc74d963, L:/127.0.0.1:51338 - R:localhost/127.0.0.1:36949]
14:02:58.464 [main] DEBUG net.serenitybdd.core.photography.Darkroom - Send negative for processing for target\site\serenity\ec77d7c03a110d1abd5dc5da4fadce19b40cc0180d74e764ad2b2b24863b2d94.png
14:02:58.466 [Forwarding getPageSource on session ea1d86595201ddd8558c78082d228157 to remote] DEBUG org.asynchttpclient.netty.request.NettyRequestSender - Using pooled Channel '[id: 0xbc74d963, L:/127.0.0.1:51338 - R:localhost/127.0.0.1:36949]' for 'POST' to 'http://localhost:36949/session/ea1d86595201ddd8558c78082d228157/execute/sync'
14:02:58.466 [Forwarding getPageSource on session ea1d86595201ddd8558c78082d228157 to remote] DEBUG org.asynchttpclient.netty.request.NettyRequestSender - Using open Channel [id: 0xbc74d963, L:/127.0.0.1:51338 - R:localhost/127.0.0.1:36949] for POST '/session/ea1d86595201ddd8558c78082d228157/execute/sync'
14:02:58.479 [AsyncHttpClient-1-2] DEBUG org.asynchttpclient.netty.handler.HttpHandler - 

Request DefaultHttpRequest(decodeResult: success, version: HTTP/1.1)
POST /session/ea1d86595201ddd8558c78082d228157/execute/sync HTTP/1.1
User-Agent: selenium/4.8.1 (java windows)
Content-Length: 176
Content-Type: application/json; charset=utf-8
host: localhost:36949
accept: */*

Response DefaultHttpResponse(decodeResult: success, version: HTTP/1.1)
HTTP/1.1 200 OK
Content-Length: 113270
Content-Type: application/json; charset=utf-8
cache-control: no-cache

14:02:58.480 [AsyncHttpClient-1-2] DEBUG org.asynchttpclient.netty.channel.ChannelManager - Adding key: http://localhost:36949 for channel [id: 0xbc74d963, L:/127.0.0.1:51338 - R:localhost/127.0.0.1:36949]
14:02:58.495 [Forwarding getCurrentUrl on session ea1d86595201ddd8558c78082d228157 to remote] DEBUG org.asynchttpclient.netty.request.NettyRequestSender - Using pooled Channel '[id: 0xbc74d963, L:/127.0.0.1:51338 - R:localhost/127.0.0.1:36949]' for 'GET' to 'http://localhost:36949/session/ea1d86595201ddd8558c78082d228157/url'
14:02:58.495 [Forwarding getCurrentUrl on session ea1d86595201ddd8558c78082d228157 to remote] DEBUG org.asynchttpclient.netty.request.NettyRequestSender - Using open Channel [id: 0xbc74d963, L:/127.0.0.1:51338 - R:localhost/127.0.0.1:36949] for GET '/session/ea1d86595201ddd8558c78082d228157/url'
14:02:58.501 [AsyncHttpClient-1-2] DEBUG org.asynchttpclient.netty.handler.HttpHandler - 

Request DefaultFullHttpRequest(decodeResult: success, version: HTTP/1.1, content: EmptyByteBufBE)
GET /session/ea1d86595201ddd8558c78082d228157/url HTTP/1.1
User-Agent: selenium/4.8.1 (java windows)
Cache-Control: no-cache
Content-Type: application/json; charset=utf-8
host: localhost:36949
accept: */*

Response DefaultHttpResponse(decodeResult: success, version: HTTP/1.1)
HTTP/1.1 200 OK
Content-Length: 42
Content-Type: application/json; charset=utf-8
cache-control: no-cache

14:02:58.501 [AsyncHttpClient-1-2] DEBUG org.asynchttpclient.netty.channel.ChannelManager - Adding key: http://localhost:36949 for channel [id: 0xbc74d963, L:/127.0.0.1:51338 - R:localhost/127.0.0.1:36949]
14:02:58.506 [main] DEBUG net.thucydides.core.steps.StepInterceptor - STARTING STEP: LoginSteps.enterValidUsername - inputUsername
14:02:58.514 [Forwarding findElement on session ea1d86595201ddd8558c78082d228157 to remote] DEBUG org.asynchttpclient.netty.request.NettyRequestSender - Using pooled Channel '[id: 0xbc74d963, L:/127.0.0.1:51338 - R:localhost/127.0.0.1:36949]' for 'POST' to 'http://localhost:36949/session/ea1d86595201ddd8558c78082d228157/element'
14:02:58.514 [Forwarding findElement on session ea1d86595201ddd8558c78082d228157 to remote] DEBUG org.asynchttpclient.netty.request.NettyRequestSender - Using open Channel [id: 0xbc74d963, L:/127.0.0.1:51338 - R:localhost/127.0.0.1:36949] for POST '/session/ea1d86595201ddd8558c78082d228157/element'
14:02:58.532 [AsyncHttpClient-1-2] DEBUG org.asynchttpclient.netty.handler.HttpHandler - 

Request DefaultHttpRequest(decodeResult: success, version: HTTP/1.1)
POST /session/ea1d86595201ddd8558c78082d228157/element HTTP/1.1
User-Agent: selenium/4.8.1 (java windows)
Content-Length: 50
Content-Type: application/json; charset=utf-8
host: localhost:36949
accept: */*

Response DefaultHttpResponse(decodeResult: success, version: HTTP/1.1)
HTTP/1.1 200 OK
Content-Length: 88
Content-Type: application/json; charset=utf-8
cache-control: no-cache

14:02:58.533 [AsyncHttpClient-1-2] DEBUG org.asynchttpclient.netty.channel.ChannelManager - Adding key: http://localhost:36949 for channel [id: 0xbc74d963, L:/127.0.0.1:51338 - R:localhost/127.0.0.1:36949]
14:02:58.536 [Forwarding clearElement on session ea1d86595201ddd8558c78082d228157 to remote] DEBUG org.asynchttpclient.netty.request.NettyRequestSender - Using pooled Channel '[id: 0xbc74d963, L:/127.0.0.1:51338 - R:localhost/127.0.0.1:36949]' for 'POST' to 'http://localhost:36949/session/ea1d86595201ddd8558c78082d228157/element/689bcb65-544e-4277-8418-1b5888bdb6a1/clear'
14:02:58.537 [Forwarding clearElement on session ea1d86595201ddd8558c78082d228157 to remote] DEBUG org.asynchttpclient.netty.request.NettyRequestSender - Using open Channel [id: 0xbc74d963, L:/127.0.0.1:51338 - R:localhost/127.0.0.1:36949] for POST '/session/ea1d86595201ddd8558c78082d228157/element/689bcb65-544e-4277-8418-1b5888bdb6a1/clear'
14:02:58.577 [AsyncHttpClient-1-2] DEBUG org.asynchttpclient.netty.handler.HttpHandler - 

Request DefaultHttpRequest(decodeResult: success, version: HTTP/1.1)
POST /session/ea1d86595201ddd8558c78082d228157/element/689bcb65-544e-4277-8418-1b5888bdb6a1/clear HTTP/1.1
User-Agent: selenium/4.8.1 (java windows)
Content-Length: 50
Content-Type: application/json; charset=utf-8
host: localhost:36949
accept: */*

Response DefaultHttpResponse(decodeResult: success, version: HTTP/1.1)
HTTP/1.1 200 OK
Content-Length: 14
Content-Type: application/json; charset=utf-8
cache-control: no-cache

14:02:58.578 [AsyncHttpClient-1-2] DEBUG org.asynchttpclient.netty.channel.ChannelManager - Adding key: http://localhost:36949 for channel [id: 0xbc74d963, L:/127.0.0.1:51338 - R:localhost/127.0.0.1:36949]
14:02:58.586 [Forwarding sendKeysToElement on session ea1d86595201ddd8558c78082d228157 to remote] DEBUG org.asynchttpclient.netty.request.NettyRequestSender - Using pooled Channel '[id: 0xbc74d963, L:/127.0.0.1:51338 - R:localhost/127.0.0.1:36949]' for 'POST' to 'http://localhost:36949/session/ea1d86595201ddd8558c78082d228157/element/689bcb65-544e-4277-8418-1b5888bdb6a1/value'
14:02:58.586 [Forwarding sendKeysToElement on session ea1d86595201ddd8558c78082d228157 to remote] DEBUG org.asynchttpclient.netty.request.NettyRequestSender - Using open Channel [id: 0xbc74d963, L:/127.0.0.1:51338 - R:localhost/127.0.0.1:36949] for POST '/session/ea1d86595201ddd8558c78082d228157/element/689bcb65-544e-4277-8418-1b5888bdb6a1/value'
14:02:58.838 [AsyncHttpClient-1-2] DEBUG org.asynchttpclient.netty.handler.HttpHandler - 

Request DefaultHttpRequest(decodeResult: success, version: HTTP/1.1)
POST /session/ea1d86595201ddd8558c78082d228157/element/689bcb65-544e-4277-8418-1b5888bdb6a1/value HTTP/1.1
User-Agent: selenium/4.8.1 (java windows)
Content-Length: 351
Content-Type: application/json; charset=utf-8
host: localhost:36949
accept: */*

Response DefaultHttpResponse(decodeResult: success, version: HTTP/1.1)
HTTP/1.1 200 OK
Content-Length: 14
Content-Type: application/json; charset=utf-8
cache-control: no-cache

14:02:58.839 [AsyncHttpClient-1-2] DEBUG org.asynchttpclient.netty.channel.ChannelManager - Adding key: http://localhost:36949 for channel [id: 0xbc74d963, L:/127.0.0.1:51338 - R:localhost/127.0.0.1:36949]
14:02:58.857 [Forwarding getAlertText on session ea1d86595201ddd8558c78082d228157 to remote] DEBUG org.asynchttpclient.netty.request.NettyRequestSender - Using pooled Channel '[id: 0xbc74d963, L:/127.0.0.1:51338 - R:localhost/127.0.0.1:36949]' for 'GET' to 'http://localhost:36949/session/ea1d86595201ddd8558c78082d228157/alert/text'
14:02:58.857 [Forwarding getAlertText on session ea1d86595201ddd8558c78082d228157 to remote] DEBUG org.asynchttpclient.netty.request.NettyRequestSender - Using open Channel [id: 0xbc74d963, L:/127.0.0.1:51338 - R:localhost/127.0.0.1:36949] for GET '/session/ea1d86595201ddd8558c78082d228157/alert/text'
14:02:58.860 [AsyncHttpClient-1-2] DEBUG org.asynchttpclient.netty.handler.HttpHandler - 

Request DefaultFullHttpRequest(decodeResult: success, version: HTTP/1.1, content: EmptyByteBufBE)
GET /session/ea1d86595201ddd8558c78082d228157/alert/text HTTP/1.1
User-Agent: selenium/4.8.1 (java windows)
Cache-Control: no-cache
Content-Type: application/json; charset=utf-8
host: localhost:36949
accept: */*

Response DefaultHttpResponse(decodeResult: success, version: HTTP/1.1)
HTTP/1.1 404 Not Found
Content-Length: 836
Content-Type: application/json; charset=utf-8
cache-control: no-cache

14:02:58.860 [AsyncHttpClient-1-2] DEBUG org.asynchttpclient.netty.channel.ChannelManager - Adding key: http://localhost:36949 for channel [id: 0xbc74d963, L:/127.0.0.1:51338 - R:localhost/127.0.0.1:36949]
14:02:58.864 [Forwarding getCurrentUrl on session ea1d86595201ddd8558c78082d228157 to remote] DEBUG org.asynchttpclient.netty.request.NettyRequestSender - Using pooled Channel '[id: 0xbc74d963, L:/127.0.0.1:51338 - R:localhost/127.0.0.1:36949]' for 'GET' to 'http://localhost:36949/session/ea1d86595201ddd8558c78082d228157/url'
14:02:58.864 [Forwarding getCurrentUrl on session ea1d86595201ddd8558c78082d228157 to remote] DEBUG org.asynchttpclient.netty.request.NettyRequestSender - Using open Channel [id: 0xbc74d963, L:/127.0.0.1:51338 - R:localhost/127.0.0.1:36949] for GET '/session/ea1d86595201ddd8558c78082d228157/url'
14:02:58.869 [AsyncHttpClient-1-2] DEBUG org.asynchttpclient.netty.handler.HttpHandler - 

Request DefaultFullHttpRequest(decodeResult: success, version: HTTP/1.1, content: EmptyByteBufBE)
GET /session/ea1d86595201ddd8558c78082d228157/url HTTP/1.1
User-Agent: selenium/4.8.1 (java windows)
Cache-Control: no-cache
Content-Type: application/json; charset=utf-8
host: localhost:36949
accept: */*

Response DefaultHttpResponse(decodeResult: success, version: HTTP/1.1)
HTTP/1.1 200 OK
Content-Length: 42
Content-Type: application/json; charset=utf-8
cache-control: no-cache

14:02:58.869 [AsyncHttpClient-1-2] DEBUG org.asynchttpclient.netty.channel.ChannelManager - Adding key: http://localhost:36949 for channel [id: 0xbc74d963, L:/127.0.0.1:51338 - R:localhost/127.0.0.1:36949]
14:02:58.871 [Forwarding screenshot on session ea1d86595201ddd8558c78082d228157 to remote] DEBUG org.asynchttpclient.netty.request.NettyRequestSender - Using pooled Channel '[id: 0xbc74d963, L:/127.0.0.1:51338 - R:localhost/127.0.0.1:36949]' for 'GET' to 'http://localhost:36949/session/ea1d86595201ddd8558c78082d228157/screenshot'
14:02:58.871 [Forwarding screenshot on session ea1d86595201ddd8558c78082d228157 to remote] DEBUG org.asynchttpclient.netty.request.NettyRequestSender - Using open Channel [id: 0xbc74d963, L:/127.0.0.1:51338 - R:localhost/127.0.0.1:36949] for GET '/session/ea1d86595201ddd8558c78082d228157/screenshot'
14:02:59.042 [AsyncHttpClient-1-2] DEBUG org.asynchttpclient.netty.handler.HttpHandler - 

Request DefaultFullHttpRequest(decodeResult: success, version: HTTP/1.1, content: EmptyByteBufBE)
GET /session/ea1d86595201ddd8558c78082d228157/screenshot HTTP/1.1
User-Agent: selenium/4.8.1 (java windows)
Cache-Control: no-cache
Content-Type: application/json; charset=utf-8
host: localhost:36949
accept: */*

Response DefaultHttpResponse(decodeResult: success, version: HTTP/1.1)
HTTP/1.1 200 OK
Content-Length: 185528
Content-Type: application/json; charset=utf-8
cache-control: no-cache

14:02:59.045 [AsyncHttpClient-1-2] DEBUG org.asynchttpclient.netty.channel.ChannelManager - Adding key: http://localhost:36949 for channel [id: 0xbc74d963, L:/127.0.0.1:51338 - R:localhost/127.0.0.1:36949]
14:02:59.053 [main] DEBUG net.serenitybdd.core.photography.Darkroom - Send negative for processing for target\site\serenity\39a27a2fcb0229ac35a283de462224f59b9a677a0df9edd3951fc876a496a1c7.png
14:02:59.054 [Darkroom Processing Line] DEBUG net.serenitybdd.core.photography.DarkroomProcessingLine - Processing screenshot image in /var/screenshots/screenshot-11192330674289903026
14:02:59.054 [main] DEBUG net.thucydides.core.steps.StepInterceptor - STEP DONE: inputUsername
14:02:59.054 [Darkroom Processing Line] DEBUG net.serenitybdd.core.photography.DarkroomProcessingLine - Saving screenshot to target\site\serenity\39a27a2fcb0229ac35a283de462224f59b9a677a0df9edd3951fc876a496a1c7.png
  &amp#27;[32mWhen &amp#27;[0m&amp#27;[32mI enter valid username&amp#27;[0m                     &amp#27;[90m# starter.stepdefinition.LoginSteps.enterValidUsername()&amp#27;[0m
14:02:59.077 [Forwarding getPageSource on session ea1d86595201ddd8558c78082d228157 to remote] DEBUG org.asynchttpclient.netty.request.NettyRequestSender - Using pooled Channel '[id: 0xbc74d963, L:/127.0.0.1:51338 - R:localhost/127.0.0.1:36949]' for 'POST' to 'http://localhost:36949/session/ea1d86595201ddd8558c78082d228157/execute/sync'
14:02:59.077 [Forwarding getPageSource on session ea1d86595201ddd8558c78082d228157 to remote] DEBUG org.asynchttpclient.netty.request.NettyRequestSender - Using open Channel [id: 0xbc74d963, L:/127.0.0.1:51338 - R:localhost/127.0.0.1:36949] for POST '/session/ea1d86595201ddd8558c78082d228157/execute/sync'
14:02:59.094 [AsyncHttpClient-1-2] DEBUG org.asynchttpclient.netty.handler.HttpHandler - 

Request DefaultHttpRequest(decodeResult: success, version: HTTP/1.1)
POST /session/ea1d86595201ddd8558c78082d228157/execute/sync HTTP/1.1
User-Agent: selenium/4.8.1 (java windows)
Content-Length: 176
Content-Type: application/json; charset=utf-8
host: localhost:36949
accept: */*

Response DefaultHttpResponse(decodeResult: success, version: HTTP/1.1)
HTTP/1.1 200 OK
Content-Length: 113321
Content-Type: application/json; charset=utf-8
cache-control: no-cache

14:02:59.095 [AsyncHttpClient-1-2] DEBUG org.asynchttpclient.netty.channel.ChannelManager - Adding key: http://localhost:36949 for channel [id: 0xbc74d963, L:/127.0.0.1:51338 - R:localhost/127.0.0.1:36949]
14:02:59.115 [Forwarding getCurrentUrl on session ea1d86595201ddd8558c78082d228157 to remote] DEBUG org.asynchttpclient.netty.request.NettyRequestSender - Using pooled Channel '[id: 0xbc74d963, L:/127.0.0.1:51338 - R:localhost/127.0.0.1:36949]' for 'GET' to 'http://localhost:36949/session/ea1d86595201ddd8558c78082d228157/url'
14:02:59.115 [Forwarding getCurrentUrl on session ea1d86595201ddd8558c78082d228157 to remote] DEBUG org.asynchttpclient.netty.request.NettyRequestSender - Using open Channel [id: 0xbc74d963, L:/127.0.0.1:51338 - R:localhost/127.0.0.1:36949] for GET '/session/ea1d86595201ddd8558c78082d228157/url'
14:02:59.120 [AsyncHttpClient-1-2] DEBUG org.asynchttpclient.netty.handler.HttpHandler - 

Request DefaultFullHttpRequest(decodeResult: success, version: HTTP/1.1, content: EmptyByteBufBE)
GET /session/ea1d86595201ddd8558c78082d228157/url HTTP/1.1
User-Agent: selenium/4.8.1 (java windows)
Cache-Control: no-cache
Content-Type: application/json; charset=utf-8
host: localhost:36949
accept: */*

Response DefaultHttpResponse(decodeResult: success, version: HTTP/1.1)
HTTP/1.1 200 OK
Content-Length: 42
Content-Type: application/json; charset=utf-8
cache-control: no-cache

14:02:59.121 [AsyncHttpClient-1-2] DEBUG org.asynchttpclient.netty.channel.ChannelManager - Adding key: http://localhost:36949 for channel [id: 0xbc74d963, L:/127.0.0.1:51338 - R:localhost/127.0.0.1:36949]
14:02:59.143 [Forwarding getAlertText on session ea1d86595201ddd8558c78082d228157 to remote] DEBUG org.asynchttpclient.netty.request.NettyRequestSender - Using pooled Channel '[id: 0xbc74d963, L:/127.0.0.1:51338 - R:localhost/127.0.0.1:36949]' for 'GET' to 'http://localhost:36949/session/ea1d86595201ddd8558c78082d228157/alert/text'
14:02:59.143 [Forwarding getAlertText on session ea1d86595201ddd8558c78082d228157 to remote] DEBUG org.asynchttpclient.netty.request.NettyRequestSender - Using open Channel [id: 0xbc74d963, L:/127.0.0.1:51338 - R:localhost/127.0.0.1:36949] for GET '/session/ea1d86595201ddd8558c78082d228157/alert/text'
14:02:59.145 [AsyncHttpClient-1-2] DEBUG org.asynchttpclient.netty.handler.HttpHandler - 

Request DefaultFullHttpRequest(decodeResult: success, version: HTTP/1.1, content: EmptyByteBufBE)
GET /session/ea1d86595201ddd8558c78082d228157/alert/text HTTP/1.1
User-Agent: selenium/4.8.1 (java windows)
Cache-Control: no-cache
Content-Type: application/json; charset=utf-8
host: localhost:36949
accept: */*

Response DefaultHttpResponse(decodeResult: success, version: HTTP/1.1)
HTTP/1.1 404 Not Found
Content-Length: 836
Content-Type: application/json; charset=utf-8
cache-control: no-cache

14:02:59.146 [AsyncHttpClient-1-2] DEBUG org.asynchttpclient.netty.channel.ChannelManager - Adding key: http://localhost:36949 for channel [id: 0xbc74d963, L:/127.0.0.1:51338 - R:localhost/127.0.0.1:36949]
14:02:59.148 [Forwarding getCurrentUrl on session ea1d86595201ddd8558c78082d228157 to remote] DEBUG org.asynchttpclient.netty.request.NettyRequestSender - Using pooled Channel '[id: 0xbc74d963, L:/127.0.0.1:51338 - R:localhost/127.0.0.1:36949]' for 'GET' to 'http://localhost:36949/session/ea1d86595201ddd8558c78082d228157/url'
14:02:59.148 [Forwarding getCurrentUrl on session ea1d86595201ddd8558c78082d228157 to remote] DEBUG org.asynchttpclient.netty.request.NettyRequestSender - Using open Channel [id: 0xbc74d963, L:/127.0.0.1:51338 - R:localhost/127.0.0.1:36949] for GET '/session/ea1d86595201ddd8558c78082d228157/url'
14:02:59.153 [AsyncHttpClient-1-2] DEBUG org.asynchttpclient.netty.handler.HttpHandler - 

Request DefaultFullHttpRequest(decodeResult: success, version: HTTP/1.1, content: EmptyByteBufBE)
GET /session/ea1d86595201ddd8558c78082d228157/url HTTP/1.1
User-Agent: selenium/4.8.1 (java windows)
Cache-Control: no-cache
Content-Type: application/json; charset=utf-8
host: localhost:36949
accept: */*

Response DefaultHttpResponse(decodeResult: success, version: HTTP/1.1)
HTTP/1.1 200 OK
Content-Length: 42
Content-Type: application/json; charset=utf-8
cache-control: no-cache

14:02:59.153 [AsyncHttpClient-1-2] DEBUG org.asynchttpclient.netty.channel.ChannelManager - Adding key: http://localhost:36949 for channel [id: 0xbc74d963, L:/127.0.0.1:51338 - R:localhost/127.0.0.1:36949]
14:02:59.155 [Forwarding screenshot on session ea1d86595201ddd8558c78082d228157 to remote] DEBUG org.asynchttpclient.netty.request.NettyRequestSender - Using pooled Channel '[id: 0xbc74d963, L:/127.0.0.1:51338 - R:localhost/127.0.0.1:36949]' for 'GET' to 'http://localhost:36949/session/ea1d86595201ddd8558c78082d228157/screenshot'
14:02:59.155 [Forwarding screenshot on session ea1d86595201ddd8558c78082d228157 to remote] DEBUG org.asynchttpclient.netty.request.NettyRequestSender - Using open Channel [id: 0xbc74d963, L:/127.0.0.1:51338 - R:localhost/127.0.0.1:36949] for GET '/session/ea1d86595201ddd8558c78082d228157/screenshot'
14:02:59.300 [AsyncHttpClient-1-2] DEBUG org.asynchttpclient.netty.handler.HttpHandler - 

Request DefaultFullHttpRequest(decodeResult: success, version: HTTP/1.1, content: EmptyByteBufBE)
GET /session/ea1d86595201ddd8558c78082d228157/screenshot HTTP/1.1
User-Agent: selenium/4.8.1 (java windows)
Cache-Control: no-cache
Content-Type: application/json; charset=utf-8
host: localhost:36949
accept: */*

Response DefaultHttpResponse(decodeResult: success, version: HTTP/1.1)
HTTP/1.1 200 OK
Content-Length: 185528
Content-Type: application/json; charset=utf-8
cache-control: no-cache

14:02:59.302 [AsyncHttpClient-1-2] DEBUG org.asynchttpclient.netty.channel.ChannelManager - Adding key: http://localhost:36949 for channel [id: 0xbc74d963, L:/127.0.0.1:51338 - R:localhost/127.0.0.1:36949]
14:02:59.308 [main] DEBUG net.serenitybdd.core.photography.Darkroom - Send negative for processing for target\site\serenity\39a27a2fcb0229ac35a283de462224f59b9a677a0df9edd3951fc876a496a1c7.png
14:02:59.310 [Forwarding getPageSource on session ea1d86595201ddd8558c78082d228157 to remote] DEBUG org.asynchttpclient.netty.request.NettyRequestSender - Using pooled Channel '[id: 0xbc74d963, L:/127.0.0.1:51338 - R:localhost/127.0.0.1:36949]' for 'POST' to 'http://localhost:36949/session/ea1d86595201ddd8558c78082d228157/execute/sync'
14:02:59.310 [Forwarding getPageSource on session ea1d86595201ddd8558c78082d228157 to remote] DEBUG org.asynchttpclient.netty.request.NettyRequestSender - Using open Channel [id: 0xbc74d963, L:/127.0.0.1:51338 - R:localhost/127.0.0.1:36949] for POST '/session/ea1d86595201ddd8558c78082d228157/execute/sync'
14:02:59.333 [AsyncHttpClient-1-2] DEBUG org.asynchttpclient.netty.handler.HttpHandler - 

Request DefaultHttpRequest(decodeResult: success, version: HTTP/1.1)
POST /session/ea1d86595201ddd8558c78082d228157/execute/sync HTTP/1.1
User-Agent: selenium/4.8.1 (java windows)
Content-Length: 176
Content-Type: application/json; charset=utf-8
host: localhost:36949
accept: */*

Response DefaultHttpResponse(decodeResult: success, version: HTTP/1.1)
HTTP/1.1 200 OK
Content-Length: 113321
Content-Type: application/json; charset=utf-8
cache-control: no-cache

14:02:59.334 [AsyncHttpClient-1-2] DEBUG org.asynchttpclient.netty.channel.ChannelManager - Adding key: http://localhost:36949 for channel [id: 0xbc74d963, L:/127.0.0.1:51338 - R:localhost/127.0.0.1:36949]
14:02:59.353 [Forwarding getCurrentUrl on session ea1d86595201ddd8558c78082d228157 to remote] DEBUG org.asynchttpclient.netty.request.NettyRequestSender - Using pooled Channel '[id: 0xbc74d963, L:/127.0.0.1:51338 - R:localhost/127.0.0.1:36949]' for 'GET' to 'http://localhost:36949/session/ea1d86595201ddd8558c78082d228157/url'
14:02:59.353 [Forwarding getCurrentUrl on session ea1d86595201ddd8558c78082d228157 to remote] DEBUG org.asynchttpclient.netty.request.NettyRequestSender - Using open Channel [id: 0xbc74d963, L:/127.0.0.1:51338 - R:localhost/127.0.0.1:36949] for GET '/session/ea1d86595201ddd8558c78082d228157/url'
14:02:59.358 [AsyncHttpClient-1-2] DEBUG org.asynchttpclient.netty.handler.HttpHandler - 

Request DefaultFullHttpRequest(decodeResult: success, version: HTTP/1.1, content: EmptyByteBufBE)
GET /session/ea1d86595201ddd8558c78082d228157/url HTTP/1.1
User-Agent: selenium/4.8.1 (java windows)
Cache-Control: no-cache
Content-Type: application/json; charset=utf-8
host: localhost:36949
accept: */*

Response DefaultHttpResponse(decodeResult: success, version: HTTP/1.1)
HTTP/1.1 200 OK
Content-Length: 42
Content-Type: application/json; charset=utf-8
cache-control: no-cache

14:02:59.358 [AsyncHttpClient-1-2] DEBUG org.asynchttpclient.netty.channel.ChannelManager - Adding key: http://localhost:36949 for channel [id: 0xbc74d963, L:/127.0.0.1:51338 - R:localhost/127.0.0.1:36949]
14:02:59.364 [main] DEBUG net.thucydides.core.steps.StepInterceptor - STARTING STEP: LoginSteps.enterValidPassword - inputPassword
14:02:59.370 [Forwarding findElement on session ea1d86595201ddd8558c78082d228157 to remote] DEBUG org.asynchttpclient.netty.request.NettyRequestSender - Using pooled Channel '[id: 0xbc74d963, L:/127.0.0.1:51338 - R:localhost/127.0.0.1:36949]' for 'POST' to 'http://localhost:36949/session/ea1d86595201ddd8558c78082d228157/element'
14:02:59.370 [Forwarding findElement on session ea1d86595201ddd8558c78082d228157 to remote] DEBUG org.asynchttpclient.netty.request.NettyRequestSender - Using open Channel [id: 0xbc74d963, L:/127.0.0.1:51338 - R:localhost/127.0.0.1:36949] for POST '/session/ea1d86595201ddd8558c78082d228157/element'
14:02:59.385 [AsyncHttpClient-1-2] DEBUG org.asynchttpclient.netty.handler.HttpHandler - 

Request DefaultHttpRequest(decodeResult: success, version: HTTP/1.1)
POST /session/ea1d86595201ddd8558c78082d228157/element HTTP/1.1
User-Agent: selenium/4.8.1 (java windows)
Content-Length: 53
Content-Type: application/json; charset=utf-8
host: localhost:36949
accept: */*

Response DefaultHttpResponse(decodeResult: success, version: HTTP/1.1)
HTTP/1.1 200 OK
Content-Length: 88
Content-Type: application/json; charset=utf-8
cache-control: no-cache

14:02:59.385 [AsyncHttpClient-1-2] DEBUG org.asynchttpclient.netty.channel.ChannelManager - Adding key: http://localhost:36949 for channel [id: 0xbc74d963, L:/127.0.0.1:51338 - R:localhost/127.0.0.1:36949]
14:02:59.387 [Forwarding clearElement on session ea1d86595201ddd8558c78082d228157 to remote] DEBUG org.asynchttpclient.netty.request.NettyRequestSender - Using pooled Channel '[id: 0xbc74d963, L:/127.0.0.1:51338 - R:localhost/127.0.0.1:36949]' for 'POST' to 'http://localhost:36949/session/ea1d86595201ddd8558c78082d228157/element/b523f097-cd0d-4e8d-ac0d-6e8fa6047507/clear'
14:02:59.387 [Forwarding clearElement on session ea1d86595201ddd8558c78082d228157 to remote] DEBUG org.asynchttpclient.netty.request.NettyRequestSender - Using open Channel [id: 0xbc74d963, L:/127.0.0.1:51338 - R:localhost/127.0.0.1:36949] for POST '/session/ea1d86595201ddd8558c78082d228157/element/b523f097-cd0d-4e8d-ac0d-6e8fa6047507/clear'
14:02:59.422 [AsyncHttpClient-1-2] DEBUG org.asynchttpclient.netty.handler.HttpHandler - 

Request DefaultHttpRequest(decodeResult: success, version: HTTP/1.1)
POST /session/ea1d86595201ddd8558c78082d228157/element/b523f097-cd0d-4e8d-ac0d-6e8fa6047507/clear HTTP/1.1
User-Agent: selenium/4.8.1 (java windows)
Content-Length: 50
Content-Type: application/json; charset=utf-8
host: localhost:36949
accept: */*

Response DefaultHttpResponse(decodeResult: success, version: HTTP/1.1)
HTTP/1.1 200 OK
Content-Length: 14
Content-Type: application/json; charset=utf-8
cache-control: no-cache

14:02:59.422 [AsyncHttpClient-1-2] DEBUG org.asynchttpclient.netty.channel.ChannelManager - Adding key: http://localhost:36949 for channel [id: 0xbc74d963, L:/127.0.0.1:51338 - R:localhost/127.0.0.1:36949]
14:02:59.426 [Forwarding sendKeysToElement on session ea1d86595201ddd8558c78082d228157 to remote] DEBUG org.asynchttpclient.netty.request.NettyRequestSender - Using pooled Channel '[id: 0xbc74d963, L:/127.0.0.1:51338 - R:localhost/127.0.0.1:36949]' for 'POST' to 'http://localhost:36949/session/ea1d86595201ddd8558c78082d228157/element/b523f097-cd0d-4e8d-ac0d-6e8fa6047507/value'
14:02:59.426 [Forwarding sendKeysToElement on session ea1d86595201ddd8558c78082d228157 to remote] DEBUG org.asynchttpclient.netty.request.NettyRequestSender - Using open Channel [id: 0xbc74d963, L:/127.0.0.1:51338 - R:localhost/127.0.0.1:36949] for POST '/session/ea1d86595201ddd8558c78082d228157/element/b523f097-cd0d-4e8d-ac0d-6e8fa6047507/value'
14:02:59.533 [AsyncHttpClient-1-1] DEBUG org.asynchttpclient.netty.channel.DefaultChannelPool - Entry count for : http://localhost:51339 : 1
14:02:59.550 [AsyncHttpClient-1-2] DEBUG org.asynchttpclient.netty.handler.HttpHandler - 

Request DefaultHttpRequest(decodeResult: success, version: HTTP/1.1)
POST /session/ea1d86595201ddd8558c78082d228157/element/b523f097-cd0d-4e8d-ac0d-6e8fa6047507/value HTTP/1.1
User-Agent: selenium/4.8.1 (java windows)
Content-Length: 201
Content-Type: application/json; charset=utf-8
host: localhost:36949
accept: */*

Response DefaultHttpResponse(decodeResult: success, version: HTTP/1.1)
HTTP/1.1 200 OK
Content-Length: 14
Content-Type: application/json; charset=utf-8
cache-control: no-cache

14:02:59.551 [AsyncHttpClient-1-2] DEBUG org.asynchttpclient.netty.channel.ChannelManager - Adding key: http://localhost:36949 for channel [id: 0xbc74d963, L:/127.0.0.1:51338 - R:localhost/127.0.0.1:36949]
14:02:59.566 [Forwarding getAlertText on session ea1d86595201ddd8558c78082d228157 to remote] DEBUG org.asynchttpclient.netty.request.NettyRequestSender - Using pooled Channel '[id: 0xbc74d963, L:/127.0.0.1:51338 - R:localhost/127.0.0.1:36949]' for 'GET' to 'http://localhost:36949/session/ea1d86595201ddd8558c78082d228157/alert/text'
14:02:59.566 [Forwarding getAlertText on session ea1d86595201ddd8558c78082d228157 to remote] DEBUG org.asynchttpclient.netty.request.NettyRequestSender - Using open Channel [id: 0xbc74d963, L:/127.0.0.1:51338 - R:localhost/127.0.0.1:36949] for GET '/session/ea1d86595201ddd8558c78082d228157/alert/text'
14:02:59.569 [AsyncHttpClient-1-2] DEBUG org.asynchttpclient.netty.handler.HttpHandler - 

Request DefaultFullHttpRequest(decodeResult: success, version: HTTP/1.1, content: EmptyByteBufBE)
GET /session/ea1d86595201ddd8558c78082d228157/alert/text HTTP/1.1
User-Agent: selenium/4.8.1 (java windows)
Cache-Control: no-cache
Content-Type: application/json; charset=utf-8
host: localhost:36949
accept: */*

Response DefaultHttpResponse(decodeResult: success, version: HTTP/1.1)
HTTP/1.1 404 Not Found
Content-Length: 836
Content-Type: application/json; charset=utf-8
cache-control: no-cache

14:02:59.569 [AsyncHttpClient-1-2] DEBUG org.asynchttpclient.netty.channel.ChannelManager - Adding key: http://localhost:36949 for channel [id: 0xbc74d963, L:/127.0.0.1:51338 - R:localhost/127.0.0.1:36949]
14:02:59.571 [Forwarding getCurrentUrl on session ea1d86595201ddd8558c78082d228157 to remote] DEBUG org.asynchttpclient.netty.request.NettyRequestSender - Using pooled Channel '[id: 0xbc74d963, L:/127.0.0.1:51338 - R:localhost/127.0.0.1:36949]' for 'GET' to 'http://localhost:36949/session/ea1d86595201ddd8558c78082d228157/url'
14:02:59.571 [Forwarding getCurrentUrl on session ea1d86595201ddd8558c78082d228157 to remote] DEBUG org.asynchttpclient.netty.request.NettyRequestSender - Using open Channel [id: 0xbc74d963, L:/127.0.0.1:51338 - R:localhost/127.0.0.1:36949] for GET '/session/ea1d86595201ddd8558c78082d228157/url'
14:02:59.576 [AsyncHttpClient-1-2] DEBUG org.asynchttpclient.netty.handler.HttpHandler - 

Request DefaultFullHttpRequest(decodeResult: success, version: HTTP/1.1, content: EmptyByteBufBE)
GET /session/ea1d86595201ddd8558c78082d228157/url HTTP/1.1
User-Agent: selenium/4.8.1 (java windows)
Cache-Control: no-cache
Content-Type: application/json; charset=utf-8
host: localhost:36949
accept: */*

Response DefaultHttpResponse(decodeResult: success, version: HTTP/1.1)
HTTP/1.1 200 OK
Content-Length: 42
Content-Type: application/json; charset=utf-8
cache-control: no-cache

14:02:59.576 [AsyncHttpClient-1-2] DEBUG org.asynchttpclient.netty.channel.ChannelManager - Adding key: http://localhost:36949 for channel [id: 0xbc74d963, L:/127.0.0.1:51338 - R:localhost/127.0.0.1:36949]
14:02:59.582 [Forwarding screenshot on session ea1d86595201ddd8558c78082d228157 to remote] DEBUG org.asynchttpclient.netty.request.NettyRequestSender - Using pooled Channel '[id: 0xbc74d963, L:/127.0.0.1:51338 - R:localhost/127.0.0.1:36949]' for 'GET' to 'http://localhost:36949/session/ea1d86595201ddd8558c78082d228157/screenshot'
14:02:59.582 [Forwarding screenshot on session ea1d86595201ddd8558c78082d228157 to remote] DEBUG org.asynchttpclient.netty.request.NettyRequestSender - Using open Channel [id: 0xbc74d963, L:/127.0.0.1:51338 - R:localhost/127.0.0.1:36949] for GET '/session/ea1d86595201ddd8558c78082d228157/screenshot'
14:02:59.798 [AsyncHttpClient-1-2] DEBUG org.asynchttpclient.netty.handler.HttpHandler - 

Request DefaultFullHttpRequest(decodeResult: success, version: HTTP/1.1, content: EmptyByteBufBE)
GET /session/ea1d86595201ddd8558c78082d228157/screenshot HTTP/1.1
User-Agent: selenium/4.8.1 (java windows)
Cache-Control: no-cache
Content-Type: application/json; charset=utf-8
host: localhost:36949
accept: */*

Response DefaultHttpResponse(decodeResult: success, version: HTTP/1.1)
HTTP/1.1 200 OK
Content-Length: 183128
Content-Type: application/json; charset=utf-8
cache-control: no-cache

14:02:59.801 [AsyncHttpClient-1-2] DEBUG org.asynchttpclient.netty.channel.ChannelManager - Adding key: http://localhost:36949 for channel [id: 0xbc74d963, L:/127.0.0.1:51338 - R:localhost/127.0.0.1:36949]
14:02:59.815 [main] DEBUG net.serenitybdd.core.photography.Darkroom - Send negative for processing for target\site\serenity\0c7a9bfe67271d458ea660200b27dfc63d3d53a95a63f8630639e99fe286548e.png
14:02:59.815 [main] DEBUG net.thucydides.core.steps.StepInterceptor - STEP DONE: inputPassword
14:02:59.815 [Darkroom Processing Line] DEBUG net.serenitybdd.core.photography.DarkroomProcessingLine - Processing screenshot image in /var/screenshots/screenshot-17079620193113672513
14:02:59.815 [Darkroom Processing Line] DEBUG net.serenitybdd.core.photography.DarkroomProcessingLine - Saving screenshot to target\site\serenity\0c7a9bfe67271d458ea660200b27dfc63d3d53a95a63f8630639e99fe286548e.png
  &amp#27;[32mAnd &amp#27;[0m&amp#27;[32mI enter valid password&amp#27;[0m                      &amp#27;[90m# starter.stepdefinition.LoginSteps.enterValidPassword()&amp#27;[0m
14:02:59.836 [Forwarding getPageSource on session ea1d86595201ddd8558c78082d228157 to remote] DEBUG org.asynchttpclient.netty.request.NettyRequestSender - Using pooled Channel '[id: 0xbc74d963, L:/127.0.0.1:51338 - R:localhost/127.0.0.1:36949]' for 'POST' to 'http://localhost:36949/session/ea1d86595201ddd8558c78082d228157/execute/sync'
14:02:59.837 [Forwarding getPageSource on session ea1d86595201ddd8558c78082d228157 to remote] DEBUG org.asynchttpclient.netty.request.NettyRequestSender - Using open Channel [id: 0xbc74d963, L:/127.0.0.1:51338 - R:localhost/127.0.0.1:36949] for POST '/session/ea1d86595201ddd8558c78082d228157/execute/sync'
14:02:59.873 [AsyncHttpClient-1-2] DEBUG org.asynchttpclient.netty.handler.HttpHandler - 

Request DefaultHttpRequest(decodeResult: success, version: HTTP/1.1)
POST /session/ea1d86595201ddd8558c78082d228157/execute/sync HTTP/1.1
User-Agent: selenium/4.8.1 (java windows)
Content-Length: 176
Content-Type: application/json; charset=utf-8
host: localhost:36949
accept: */*

Response DefaultHttpResponse(decodeResult: success, version: HTTP/1.1)
HTTP/1.1 200 OK
Content-Length: 113339
Content-Type: application/json; charset=utf-8
cache-control: no-cache

14:02:59.875 [AsyncHttpClient-1-2] DEBUG org.asynchttpclient.netty.channel.ChannelManager - Adding key: http://localhost:36949 for channel [id: 0xbc74d963, L:/127.0.0.1:51338 - R:localhost/127.0.0.1:36949]
14:02:59.893 [Forwarding getCurrentUrl on session ea1d86595201ddd8558c78082d228157 to remote] DEBUG org.asynchttpclient.netty.request.NettyRequestSender - Using pooled Channel '[id: 0xbc74d963, L:/127.0.0.1:51338 - R:localhost/127.0.0.1:36949]' for 'GET' to 'http://localhost:36949/session/ea1d86595201ddd8558c78082d228157/url'
14:02:59.893 [Forwarding getCurrentUrl on session ea1d86595201ddd8558c78082d228157 to remote] DEBUG org.asynchttpclient.netty.request.NettyRequestSender - Using open Channel [id: 0xbc74d963, L:/127.0.0.1:51338 - R:localhost/127.0.0.1:36949] for GET '/session/ea1d86595201ddd8558c78082d228157/url'
14:02:59.900 [AsyncHttpClient-1-2] DEBUG org.asynchttpclient.netty.handler.HttpHandler - 

Request DefaultFullHttpRequest(decodeResult: success, version: HTTP/1.1, content: EmptyByteBufBE)
GET /session/ea1d86595201ddd8558c78082d228157/url HTTP/1.1
User-Agent: selenium/4.8.1 (java windows)
Cache-Control: no-cache
Content-Type: application/json; charset=utf-8
host: localhost:36949
accept: */*

Response DefaultHttpResponse(decodeResult: success, version: HTTP/1.1)
HTTP/1.1 200 OK
Content-Length: 42
Content-Type: application/json; charset=utf-8
cache-control: no-cache

14:02:59.900 [AsyncHttpClient-1-2] DEBUG org.asynchttpclient.netty.channel.ChannelManager - Adding key: http://localhost:36949 for channel [id: 0xbc74d963, L:/127.0.0.1:51338 - R:localhost/127.0.0.1:36949]
14:02:59.938 [Forwarding getAlertText on session ea1d86595201ddd8558c78082d228157 to remote] DEBUG org.asynchttpclient.netty.request.NettyRequestSender - Using pooled Channel '[id: 0xbc74d963, L:/127.0.0.1:51338 - R:localhost/127.0.0.1:36949]' for 'GET' to 'http://localhost:36949/session/ea1d86595201ddd8558c78082d228157/alert/text'
14:02:59.939 [Forwarding getAlertText on session ea1d86595201ddd8558c78082d228157 to remote] DEBUG org.asynchttpclient.netty.request.NettyRequestSender - Using open Channel [id: 0xbc74d963, L:/127.0.0.1:51338 - R:localhost/127.0.0.1:36949] for GET '/session/ea1d86595201ddd8558c78082d228157/alert/text'
14:02:59.958 [AsyncHttpClient-1-2] DEBUG org.asynchttpclient.netty.handler.HttpHandler - 

Request DefaultFullHttpRequest(decodeResult: success, version: HTTP/1.1, content: EmptyByteBufBE)
GET /session/ea1d86595201ddd8558c78082d228157/alert/text HTTP/1.1
User-Agent: selenium/4.8.1 (java windows)
Cache-Control: no-cache
Content-Type: application/json; charset=utf-8
host: localhost:36949
accept: */*

Response DefaultHttpResponse(decodeResult: success, version: HTTP/1.1)
HTTP/1.1 404 Not Found
Content-Length: 836
Content-Type: application/json; charset=utf-8
cache-control: no-cache

14:02:59.959 [AsyncHttpClient-1-2] DEBUG org.asynchttpclient.netty.channel.ChannelManager - Adding key: http://localhost:36949 for channel [id: 0xbc74d963, L:/127.0.0.1:51338 - R:localhost/127.0.0.1:36949]
14:02:59.963 [Forwarding getCurrentUrl on session ea1d86595201ddd8558c78082d228157 to remote] DEBUG org.asynchttpclient.netty.request.NettyRequestSender - Using pooled Channel '[id: 0xbc74d963, L:/127.0.0.1:51338 - R:localhost/127.0.0.1:36949]' for 'GET' to 'http://localhost:36949/session/ea1d86595201ddd8558c78082d228157/url'
14:02:59.963 [Forwarding getCurrentUrl on session ea1d86595201ddd8558c78082d228157 to remote] DEBUG org.asynchttpclient.netty.request.NettyRequestSender - Using open Channel [id: 0xbc74d963, L:/127.0.0.1:51338 - R:localhost/127.0.0.1:36949] for GET '/session/ea1d86595201ddd8558c78082d228157/url'
14:02:59.976 [AsyncHttpClient-1-2] DEBUG org.asynchttpclient.netty.handler.HttpHandler - 

Request DefaultFullHttpRequest(decodeResult: success, version: HTTP/1.1, content: EmptyByteBufBE)
GET /session/ea1d86595201ddd8558c78082d228157/url HTTP/1.1
User-Agent: selenium/4.8.1 (java windows)
Cache-Control: no-cache
Content-Type: application/json; charset=utf-8
host: localhost:36949
accept: */*

Response DefaultHttpResponse(decodeResult: success, version: HTTP/1.1)
HTTP/1.1 200 OK
Content-Length: 42
Content-Type: application/json; charset=utf-8
cache-control: no-cache

14:02:59.976 [AsyncHttpClient-1-2] DEBUG org.asynchttpclient.netty.channel.ChannelManager - Adding key: http://localhost:36949 for channel [id: 0xbc74d963, L:/127.0.0.1:51338 - R:localhost/127.0.0.1:36949]
14:02:59.980 [Forwarding screenshot on session ea1d86595201ddd8558c78082d228157 to remote] DEBUG org.asynchttpclient.netty.request.NettyRequestSender - Using pooled Channel '[id: 0xbc74d963, L:/127.0.0.1:51338 - R:localhost/127.0.0.1:36949]' for 'GET' to 'http://localhost:36949/session/ea1d86595201ddd8558c78082d228157/screenshot'
14:02:59.980 [Forwarding screenshot on session ea1d86595201ddd8558c78082d228157 to remote] DEBUG org.asynchttpclient.netty.request.NettyRequestSender - Using open Channel [id: 0xbc74d963, L:/127.0.0.1:51338 - R:localhost/127.0.0.1:36949] for GET '/session/ea1d86595201ddd8558c78082d228157/screenshot'
14:03:00.167 [AsyncHttpClient-1-2] DEBUG org.asynchttpclient.netty.handler.HttpHandler - 

Request DefaultFullHttpRequest(decodeResult: success, version: HTTP/1.1, content: EmptyByteBufBE)
GET /session/ea1d86595201ddd8558c78082d228157/screenshot HTTP/1.1
User-Agent: selenium/4.8.1 (java windows)
Cache-Control: no-cache
Content-Type: application/json; charset=utf-8
host: localhost:36949
accept: */*

Response DefaultHttpResponse(decodeResult: success, version: HTTP/1.1)
HTTP/1.1 200 OK
Content-Length: 181380
Content-Type: application/json; charset=utf-8
cache-control: no-cache

14:03:00.169 [AsyncHttpClient-1-2] DEBUG org.asynchttpclient.netty.channel.ChannelManager - Adding key: http://localhost:36949 for channel [id: 0xbc74d963, L:/127.0.0.1:51338 - R:localhost/127.0.0.1:36949]
14:03:00.175 [main] DEBUG net.serenitybdd.core.photography.Darkroom - Send negative for processing for target\site\serenity\80d0822844995604de03f53e24fefe21932c742a6c1624312670483a7d6d6b86.png
14:03:00.176 [Darkroom Processing Line] DEBUG net.serenitybdd.core.photography.DarkroomProcessingLine - Processing screenshot image in /var/screenshots/screenshot-16464638134954056251
14:03:00.176 [Darkroom Processing Line] DEBUG net.serenitybdd.core.photography.DarkroomProcessingLine - Saving screenshot to target\site\serenity\80d0822844995604de03f53e24fefe21932c742a6c1624312670483a7d6d6b86.png
14:03:00.177 [Forwarding getPageSource on session ea1d86595201ddd8558c78082d228157 to remote] DEBUG org.asynchttpclient.netty.request.NettyRequestSender - Using pooled Channel '[id: 0xbc74d963, L:/127.0.0.1:51338 - R:localhost/127.0.0.1:36949]' for 'POST' to 'http://localhost:36949/session/ea1d86595201ddd8558c78082d228157/execute/sync'
14:03:00.177 [Forwarding getPageSource on session ea1d86595201ddd8558c78082d228157 to remote] DEBUG org.asynchttpclient.netty.request.NettyRequestSender - Using open Channel [id: 0xbc74d963, L:/127.0.0.1:51338 - R:localhost/127.0.0.1:36949] for POST '/session/ea1d86595201ddd8558c78082d228157/execute/sync'
14:03:00.193 [AsyncHttpClient-1-2] DEBUG org.asynchttpclient.netty.handler.HttpHandler - 

Request DefaultHttpRequest(decodeResult: success, version: HTTP/1.1)
POST /session/ea1d86595201ddd8558c78082d228157/execute/sync HTTP/1.1
User-Agent: selenium/4.8.1 (java windows)
Content-Length: 176
Content-Type: application/json; charset=utf-8
host: localhost:36949
accept: */*

Response DefaultHttpResponse(decodeResult: success, version: HTTP/1.1)
HTTP/1.1 200 OK
Content-Length: 113339
Content-Type: application/json; charset=utf-8
cache-control: no-cache

14:03:00.194 [AsyncHttpClient-1-2] DEBUG org.asynchttpclient.netty.channel.ChannelManager - Adding key: http://localhost:36949 for channel [id: 0xbc74d963, L:/127.0.0.1:51338 - R:localhost/127.0.0.1:36949]
14:03:00.206 [Forwarding getCurrentUrl on session ea1d86595201ddd8558c78082d228157 to remote] DEBUG org.asynchttpclient.netty.request.NettyRequestSender - Using pooled Channel '[id: 0xbc74d963, L:/127.0.0.1:51338 - R:localhost/127.0.0.1:36949]' for 'GET' to 'http://localhost:36949/session/ea1d86595201ddd8558c78082d228157/url'
14:03:00.206 [Forwarding getCurrentUrl on session ea1d86595201ddd8558c78082d228157 to remote] DEBUG org.asynchttpclient.netty.request.NettyRequestSender - Using open Channel [id: 0xbc74d963, L:/127.0.0.1:51338 - R:localhost/127.0.0.1:36949] for GET '/session/ea1d86595201ddd8558c78082d228157/url'
14:03:00.213 [AsyncHttpClient-1-2] DEBUG org.asynchttpclient.netty.handler.HttpHandler - 

Request DefaultFullHttpRequest(decodeResult: success, version: HTTP/1.1, content: EmptyByteBufBE)
GET /session/ea1d86595201ddd8558c78082d228157/url HTTP/1.1
User-Agent: selenium/4.8.1 (java windows)
Cache-Control: no-cache
Content-Type: application/json; charset=utf-8
host: localhost:36949
accept: */*

Response DefaultHttpResponse(decodeResult: success, version: HTTP/1.1)
HTTP/1.1 200 OK
Content-Length: 42
Content-Type: application/json; charset=utf-8
cache-control: no-cache

14:03:00.213 [AsyncHttpClient-1-2] DEBUG org.asynchttpclient.netty.channel.ChannelManager - Adding key: http://localhost:36949 for channel [id: 0xbc74d963, L:/127.0.0.1:51338 - R:localhost/127.0.0.1:36949]
14:03:00.219 [main] DEBUG net.thucydides.core.steps.StepInterceptor - STARTING STEP: LoginSteps.clickLoginButton - ClickLoginButton
14:03:00.234 [Forwarding findElement on session ea1d86595201ddd8558c78082d228157 to remote] DEBUG org.asynchttpclient.netty.request.NettyRequestSender - Using pooled Channel '[id: 0xbc74d963, L:/127.0.0.1:51338 - R:localhost/127.0.0.1:36949]' for 'POST' to 'http://localhost:36949/session/ea1d86595201ddd8558c78082d228157/element'
14:03:00.234 [Forwarding findElement on session ea1d86595201ddd8558c78082d228157 to remote] DEBUG org.asynchttpclient.netty.request.NettyRequestSender - Using open Channel [id: 0xbc74d963, L:/127.0.0.1:51338 - R:localhost/127.0.0.1:36949] for POST '/session/ea1d86595201ddd8558c78082d228157/element'
14:03:00.243 [AsyncHttpClient-1-2] DEBUG org.asynchttpclient.netty.handler.HttpHandler - 

Request DefaultHttpRequest(decodeResult: success, version: HTTP/1.1)
POST /session/ea1d86595201ddd8558c78082d228157/element HTTP/1.1
User-Agent: selenium/4.8.1 (java windows)
Content-Length: 57
Content-Type: application/json; charset=utf-8
host: localhost:36949
accept: */*

Response DefaultHttpResponse(decodeResult: success, version: HTTP/1.1)
HTTP/1.1 200 OK
Content-Length: 88
Content-Type: application/json; charset=utf-8
cache-control: no-cache

14:03:00.244 [AsyncHttpClient-1-2] DEBUG org.asynchttpclient.netty.channel.ChannelManager - Adding key: http://localhost:36949 for channel [id: 0xbc74d963, L:/127.0.0.1:51338 - R:localhost/127.0.0.1:36949]
14:03:00.246 [Forwarding getElementTagName on session ea1d86595201ddd8558c78082d228157 to remote] DEBUG org.asynchttpclient.netty.request.NettyRequestSender - Using pooled Channel '[id: 0xbc74d963, L:/127.0.0.1:51338 - R:localhost/127.0.0.1:36949]' for 'GET' to 'http://localhost:36949/session/ea1d86595201ddd8558c78082d228157/element/c8b9fa0d-55d0-433a-b80c-21025e782a74/name'
14:03:00.247 [Forwarding getElementTagName on session ea1d86595201ddd8558c78082d228157 to remote] DEBUG org.asynchttpclient.netty.request.NettyRequestSender - Using open Channel [id: 0xbc74d963, L:/127.0.0.1:51338 - R:localhost/127.0.0.1:36949] for GET '/session/ea1d86595201ddd8558c78082d228157/element/c8b9fa0d-55d0-433a-b80c-21025e782a74/name'
14:03:00.252 [AsyncHttpClient-1-2] DEBUG org.asynchttpclient.netty.handler.HttpHandler - 

Request DefaultFullHttpRequest(decodeResult: success, version: HTTP/1.1, content: EmptyByteBufBE)
GET /session/ea1d86595201ddd8558c78082d228157/element/c8b9fa0d-55d0-433a-b80c-21025e782a74/name HTTP/1.1
User-Agent: selenium/4.8.1 (java windows)
Cache-Control: no-cache
Content-Type: application/json; charset=utf-8
host: localhost:36949
accept: */*

Response DefaultHttpResponse(decodeResult: success, version: HTTP/1.1)
HTTP/1.1 200 OK
Content-Length: 18
Content-Type: application/json; charset=utf-8
cache-control: no-cache

14:03:00.252 [AsyncHttpClient-1-2] DEBUG org.asynchttpclient.netty.channel.ChannelManager - Adding key: http://localhost:36949 for channel [id: 0xbc74d963, L:/127.0.0.1:51338 - R:localhost/127.0.0.1:36949]
14:03:00.254 [Forwarding getElementTagName on session ea1d86595201ddd8558c78082d228157 to remote] DEBUG org.asynchttpclient.netty.request.NettyRequestSender - Using pooled Channel '[id: 0xbc74d963, L:/127.0.0.1:51338 - R:localhost/127.0.0.1:36949]' for 'GET' to 'http://localhost:36949/session/ea1d86595201ddd8558c78082d228157/element/c8b9fa0d-55d0-433a-b80c-21025e782a74/name'
14:03:00.254 [Forwarding getElementTagName on session ea1d86595201ddd8558c78082d228157 to remote] DEBUG org.asynchttpclient.netty.request.NettyRequestSender - Using open Channel [id: 0xbc74d963, L:/127.0.0.1:51338 - R:localhost/127.0.0.1:36949] for GET '/session/ea1d86595201ddd8558c78082d228157/element/c8b9fa0d-55d0-433a-b80c-21025e782a74/name'
14:03:00.258 [AsyncHttpClient-1-2] DEBUG org.asynchttpclient.netty.handler.HttpHandler - 

Request DefaultFullHttpRequest(decodeResult: success, version: HTTP/1.1, content: EmptyByteBufBE)
GET /session/ea1d86595201ddd8558c78082d228157/element/c8b9fa0d-55d0-433a-b80c-21025e782a74/name HTTP/1.1
User-Agent: selenium/4.8.1 (java windows)
Cache-Control: no-cache
Content-Type: application/json; charset=utf-8
host: localhost:36949
accept: */*

Response DefaultHttpResponse(decodeResult: success, version: HTTP/1.1)
HTTP/1.1 200 OK
Content-Length: 18
Content-Type: application/json; charset=utf-8
cache-control: no-cache

14:03:00.258 [AsyncHttpClient-1-2] DEBUG org.asynchttpclient.netty.channel.ChannelManager - Adding key: http://localhost:36949 for channel [id: 0xbc74d963, L:/127.0.0.1:51338 - R:localhost/127.0.0.1:36949]
14:03:00.265 [Forwarding isElementEnabled on session ea1d86595201ddd8558c78082d228157 to remote] DEBUG org.asynchttpclient.netty.request.NettyRequestSender - Using pooled Channel '[id: 0xbc74d963, L:/127.0.0.1:51338 - R:localhost/127.0.0.1:36949]' for 'GET' to 'http://localhost:36949/session/ea1d86595201ddd8558c78082d228157/element/c8b9fa0d-55d0-433a-b80c-21025e782a74/enabled'
14:03:00.265 [Forwarding isElementEnabled on session ea1d86595201ddd8558c78082d228157 to remote] DEBUG org.asynchttpclient.netty.request.NettyRequestSender - Using open Channel [id: 0xbc74d963, L:/127.0.0.1:51338 - R:localhost/127.0.0.1:36949] for GET '/session/ea1d86595201ddd8558c78082d228157/element/c8b9fa0d-55d0-433a-b80c-21025e782a74/enabled'
14:03:00.275 [AsyncHttpClient-1-2] DEBUG org.asynchttpclient.netty.handler.HttpHandler - 

Request DefaultFullHttpRequest(decodeResult: success, version: HTTP/1.1, content: EmptyByteBufBE)
GET /session/ea1d86595201ddd8558c78082d228157/element/c8b9fa0d-55d0-433a-b80c-21025e782a74/enabled HTTP/1.1
User-Agent: selenium/4.8.1 (java windows)
Cache-Control: no-cache
Content-Type: application/json; charset=utf-8
host: localhost:36949
accept: */*

Response DefaultHttpResponse(decodeResult: success, version: HTTP/1.1)
HTTP/1.1 200 OK
Content-Length: 14
Content-Type: application/json; charset=utf-8
cache-control: no-cache

14:03:00.276 [AsyncHttpClient-1-2] DEBUG org.asynchttpclient.netty.channel.ChannelManager - Adding key: http://localhost:36949 for channel [id: 0xbc74d963, L:/127.0.0.1:51338 - R:localhost/127.0.0.1:36949]
14:03:00.278 [Forwarding isElementEnabled on session ea1d86595201ddd8558c78082d228157 to remote] DEBUG org.asynchttpclient.netty.request.NettyRequestSender - Using pooled Channel '[id: 0xbc74d963, L:/127.0.0.1:51338 - R:localhost/127.0.0.1:36949]' for 'GET' to 'http://localhost:36949/session/ea1d86595201ddd8558c78082d228157/element/c8b9fa0d-55d0-433a-b80c-21025e782a74/enabled'
14:03:00.279 [Forwarding isElementEnabled on session ea1d86595201ddd8558c78082d228157 to remote] DEBUG org.asynchttpclient.netty.request.NettyRequestSender - Using open Channel [id: 0xbc74d963, L:/127.0.0.1:51338 - R:localhost/127.0.0.1:36949] for GET '/session/ea1d86595201ddd8558c78082d228157/element/c8b9fa0d-55d0-433a-b80c-21025e782a74/enabled'
14:03:00.285 [AsyncHttpClient-1-2] DEBUG org.asynchttpclient.netty.handler.HttpHandler - 

Request DefaultFullHttpRequest(decodeResult: success, version: HTTP/1.1, content: EmptyByteBufBE)
GET /session/ea1d86595201ddd8558c78082d228157/element/c8b9fa0d-55d0-433a-b80c-21025e782a74/enabled HTTP/1.1
User-Agent: selenium/4.8.1 (java windows)
Cache-Control: no-cache
Content-Type: application/json; charset=utf-8
host: localhost:36949
accept: */*

Response DefaultHttpResponse(decodeResult: success, version: HTTP/1.1)
HTTP/1.1 200 OK
Content-Length: 14
Content-Type: application/json; charset=utf-8
cache-control: no-cache

14:03:00.285 [AsyncHttpClient-1-2] DEBUG org.asynchttpclient.netty.channel.ChannelManager - Adding key: http://localhost:36949 for channel [id: 0xbc74d963, L:/127.0.0.1:51338 - R:localhost/127.0.0.1:36949]
14:03:00.288 [Forwarding findElement on session ea1d86595201ddd8558c78082d228157 to remote] DEBUG org.asynchttpclient.netty.request.NettyRequestSender - Using pooled Channel '[id: 0xbc74d963, L:/127.0.0.1:51338 - R:localhost/127.0.0.1:36949]' for 'POST' to 'http://localhost:36949/session/ea1d86595201ddd8558c78082d228157/element'
14:03:00.288 [Forwarding findElement on session ea1d86595201ddd8558c78082d228157 to remote] DEBUG org.asynchttpclient.netty.request.NettyRequestSender - Using open Channel [id: 0xbc74d963, L:/127.0.0.1:51338 - R:localhost/127.0.0.1:36949] for POST '/session/ea1d86595201ddd8558c78082d228157/element'
14:03:00.297 [AsyncHttpClient-1-2] DEBUG org.asynchttpclient.netty.handler.HttpHandler - 

Request DefaultHttpRequest(decodeResult: success, version: HTTP/1.1)
POST /session/ea1d86595201ddd8558c78082d228157/element HTTP/1.1
User-Agent: selenium/4.8.1 (java windows)
Content-Length: 57
Content-Type: application/json; charset=utf-8
host: localhost:36949
accept: */*

Response DefaultHttpResponse(decodeResult: success, version: HTTP/1.1)
HTTP/1.1 200 OK
Content-Length: 88
Content-Type: application/json; charset=utf-8
cache-control: no-cache

14:03:00.297 [AsyncHttpClient-1-2] DEBUG org.asynchttpclient.netty.channel.ChannelManager - Adding key: http://localhost:36949 for channel [id: 0xbc74d963, L:/127.0.0.1:51338 - R:localhost/127.0.0.1:36949]
14:03:00.299 [Forwarding clickElement on session ea1d86595201ddd8558c78082d228157 to remote] DEBUG org.asynchttpclient.netty.request.NettyRequestSender - Using pooled Channel '[id: 0xbc74d963, L:/127.0.0.1:51338 - R:localhost/127.0.0.1:36949]' for 'POST' to 'http://localhost:36949/session/ea1d86595201ddd8558c78082d228157/element/c8b9fa0d-55d0-433a-b80c-21025e782a74/click'
14:03:00.299 [Forwarding clickElement on session ea1d86595201ddd8558c78082d228157 to remote] DEBUG org.asynchttpclient.netty.request.NettyRequestSender - Using open Channel [id: 0xbc74d963, L:/127.0.0.1:51338 - R:localhost/127.0.0.1:36949] for POST '/session/ea1d86595201ddd8558c78082d228157/element/c8b9fa0d-55d0-433a-b80c-21025e782a74/click'
14:03:00.436 [AsyncHttpClient-1-2] DEBUG org.asynchttpclient.netty.handler.HttpHandler - 

Request DefaultHttpRequest(decodeResult: success, version: HTTP/1.1)
POST /session/ea1d86595201ddd8558c78082d228157/element/c8b9fa0d-55d0-433a-b80c-21025e782a74/click HTTP/1.1
User-Agent: selenium/4.8.1 (java windows)
Content-Length: 50
Content-Type: application/json; charset=utf-8
host: localhost:36949
accept: */*

Response DefaultHttpResponse(decodeResult: success, version: HTTP/1.1)
HTTP/1.1 200 OK
Content-Length: 14
Content-Type: application/json; charset=utf-8
cache-control: no-cache

14:03:00.437 [AsyncHttpClient-1-2] DEBUG org.asynchttpclient.netty.channel.ChannelManager - Adding key: http://localhost:36949 for channel [id: 0xbc74d963, L:/127.0.0.1:51338 - R:localhost/127.0.0.1:36949]
14:03:00.502 [Forwarding getAlertText on session ea1d86595201ddd8558c78082d228157 to remote] DEBUG org.asynchttpclient.netty.request.NettyRequestSender - Using pooled Channel '[id: 0xbc74d963, L:/127.0.0.1:51338 - R:localhost/127.0.0.1:36949]' for 'GET' to 'http://localhost:36949/session/ea1d86595201ddd8558c78082d228157/alert/text'
14:03:00.503 [Forwarding getAlertText on session ea1d86595201ddd8558c78082d228157 to remote] DEBUG org.asynchttpclient.netty.request.NettyRequestSender - Using open Channel [id: 0xbc74d963, L:/127.0.0.1:51338 - R:localhost/127.0.0.1:36949] for GET '/session/ea1d86595201ddd8558c78082d228157/alert/text'
14:03:00.509 [AsyncHttpClient-1-2] DEBUG org.asynchttpclient.netty.handler.HttpHandler - 

Request DefaultFullHttpRequest(decodeResult: success, version: HTTP/1.1, content: EmptyByteBufBE)
GET /session/ea1d86595201ddd8558c78082d228157/alert/text HTTP/1.1
User-Agent: selenium/4.8.1 (java windows)
Cache-Control: no-cache
Content-Type: application/json; charset=utf-8
host: localhost:36949
accept: */*

Response DefaultHttpResponse(decodeResult: success, version: HTTP/1.1)
HTTP/1.1 404 Not Found
Content-Length: 836
Content-Type: application/json; charset=utf-8
cache-control: no-cache

14:03:00.509 [AsyncHttpClient-1-2] DEBUG org.asynchttpclient.netty.channel.ChannelManager - Adding key: http://localhost:36949 for channel [id: 0xbc74d963, L:/127.0.0.1:51338 - R:localhost/127.0.0.1:36949]
14:03:00.514 [Forwarding getCurrentUrl on session ea1d86595201ddd8558c78082d228157 to remote] DEBUG org.asynchttpclient.netty.request.NettyRequestSender - Using pooled Channel '[id: 0xbc74d963, L:/127.0.0.1:51338 - R:localhost/127.0.0.1:36949]' for 'GET' to 'http://localhost:36949/session/ea1d86595201ddd8558c78082d228157/url'
14:03:00.514 [Forwarding getCurrentUrl on session ea1d86595201ddd8558c78082d228157 to remote] DEBUG org.asynchttpclient.netty.request.NettyRequestSender - Using open Channel [id: 0xbc74d963, L:/127.0.0.1:51338 - R:localhost/127.0.0.1:36949] for GET '/session/ea1d86595201ddd8558c78082d228157/url'
14:03:00.534 [AsyncHttpClient-1-2] DEBUG org.asynchttpclient.netty.handler.HttpHandler - 

Request DefaultFullHttpRequest(decodeResult: success, version: HTTP/1.1, content: EmptyByteBufBE)
GET /session/ea1d86595201ddd8558c78082d228157/url HTTP/1.1
User-Agent: selenium/4.8.1 (java windows)
Cache-Control: no-cache
Content-Type: application/json; charset=utf-8
host: localhost:36949
accept: */*

Response DefaultHttpResponse(decodeResult: success, version: HTTP/1.1)
HTTP/1.1 200 OK
Content-Length: 42
Content-Type: application/json; charset=utf-8
cache-control: no-cache

14:03:00.534 [AsyncHttpClient-1-2] DEBUG org.asynchttpclient.netty.channel.ChannelManager - Adding key: http://localhost:36949 for channel [id: 0xbc74d963, L:/127.0.0.1:51338 - R:localhost/127.0.0.1:36949]
14:03:00.536 [Forwarding screenshot on session ea1d86595201ddd8558c78082d228157 to remote] DEBUG org.asynchttpclient.netty.request.NettyRequestSender - Using pooled Channel '[id: 0xbc74d963, L:/127.0.0.1:51338 - R:localhost/127.0.0.1:36949]' for 'GET' to 'http://localhost:36949/session/ea1d86595201ddd8558c78082d228157/screenshot'
14:03:00.537 [Forwarding screenshot on session ea1d86595201ddd8558c78082d228157 to remote] DEBUG org.asynchttpclient.netty.request.NettyRequestSender - Using open Channel [id: 0xbc74d963, L:/127.0.0.1:51338 - R:localhost/127.0.0.1:36949] for GET '/session/ea1d86595201ddd8558c78082d228157/screenshot'
14:03:00.633 [AsyncHttpClient-1-1] DEBUG org.asynchttpclient.netty.channel.DefaultChannelPool - Entry count for : http://localhost:51339 : 1
14:03:00.729 [AsyncHttpClient-1-2] DEBUG org.asynchttpclient.netty.handler.HttpHandler - 

Request DefaultFullHttpRequest(decodeResult: success, version: HTTP/1.1, content: EmptyByteBufBE)
GET /session/ea1d86595201ddd8558c78082d228157/screenshot HTTP/1.1
User-Agent: selenium/4.8.1 (java windows)
Cache-Control: no-cache
Content-Type: application/json; charset=utf-8
host: localhost:36949
accept: */*

Response DefaultHttpResponse(decodeResult: success, version: HTTP/1.1)
HTTP/1.1 200 OK
Content-Length: 100372
Content-Type: application/json; charset=utf-8
cache-control: no-cache

14:03:00.730 [AsyncHttpClient-1-2] DEBUG org.asynchttpclient.netty.channel.ChannelManager - Adding key: http://localhost:36949 for channel [id: 0xbc74d963, L:/127.0.0.1:51338 - R:localhost/127.0.0.1:36949]
14:03:00.735 [main] DEBUG net.serenitybdd.core.photography.Darkroom - Send negative for processing for target\site\serenity\7f6130403ca566c652bb9d440753bcbb03c283fd925194e3061443060bca18f5.png
14:03:00.735 [main] DEBUG net.thucydides.core.steps.StepInterceptor - STEP DONE: ClickLoginButton
14:03:00.735 [Darkroom Processing Line] DEBUG net.serenitybdd.core.photography.DarkroomProcessingLine - Processing screenshot image in /var/screenshots/screenshot-3469357107440721671
14:03:00.735 [Darkroom Processing Line] DEBUG net.serenitybdd.core.photography.DarkroomProcessingLine - Saving screenshot to target\site\serenity\7f6130403ca566c652bb9d440753bcbb03c283fd925194e3061443060bca18f5.png
  &amp#27;[32mAnd &amp#27;[0m&amp#27;[32mI click login button&amp#27;[0m                        &amp#27;[90m# starter.stepdefinition.LoginSteps.clickLoginButton()&amp#27;[0m
14:03:00.752 [Forwarding getPageSource on session ea1d86595201ddd8558c78082d228157 to remote] DEBUG org.asynchttpclient.netty.request.NettyRequestSender - Using pooled Channel '[id: 0xbc74d963, L:/127.0.0.1:51338 - R:localhost/127.0.0.1:36949]' for 'POST' to 'http://localhost:36949/session/ea1d86595201ddd8558c78082d228157/execute/sync'
14:03:00.752 [Forwarding getPageSource on session ea1d86595201ddd8558c78082d228157 to remote] DEBUG org.asynchttpclient.netty.request.NettyRequestSender - Using open Channel [id: 0xbc74d963, L:/127.0.0.1:51338 - R:localhost/127.0.0.1:36949] for POST '/session/ea1d86595201ddd8558c78082d228157/execute/sync'
14:03:00.769 [AsyncHttpClient-1-2] DEBUG org.asynchttpclient.netty.handler.HttpHandler - 

Request DefaultHttpRequest(decodeResult: success, version: HTTP/1.1)
POST /session/ea1d86595201ddd8558c78082d228157/execute/sync HTTP/1.1
User-Agent: selenium/4.8.1 (java windows)
Content-Length: 176
Content-Type: application/json; charset=utf-8
host: localhost:36949
accept: */*

Response DefaultHttpResponse(decodeResult: success, version: HTTP/1.1)
HTTP/1.1 200 OK
Content-Length: 119804
Content-Type: application/json; charset=utf-8
cache-control: no-cache

14:03:00.770 [AsyncHttpClient-1-2] DEBUG org.asynchttpclient.netty.channel.ChannelManager - Adding key: http://localhost:36949 for channel [id: 0xbc74d963, L:/127.0.0.1:51338 - R:localhost/127.0.0.1:36949]
14:03:00.783 [Forwarding getCurrentUrl on session ea1d86595201ddd8558c78082d228157 to remote] DEBUG org.asynchttpclient.netty.request.NettyRequestSender - Using pooled Channel '[id: 0xbc74d963, L:/127.0.0.1:51338 - R:localhost/127.0.0.1:36949]' for 'GET' to 'http://localhost:36949/session/ea1d86595201ddd8558c78082d228157/url'
14:03:00.783 [Forwarding getCurrentUrl on session ea1d86595201ddd8558c78082d228157 to remote] DEBUG org.asynchttpclient.netty.request.NettyRequestSender - Using open Channel [id: 0xbc74d963, L:/127.0.0.1:51338 - R:localhost/127.0.0.1:36949] for GET '/session/ea1d86595201ddd8558c78082d228157/url'
14:03:00.788 [AsyncHttpClient-1-2] DEBUG org.asynchttpclient.netty.handler.HttpHandler - 

Request DefaultFullHttpRequest(decodeResult: success, version: HTTP/1.1, content: EmptyByteBufBE)
GET /session/ea1d86595201ddd8558c78082d228157/url HTTP/1.1
User-Agent: selenium/4.8.1 (java windows)
Cache-Control: no-cache
Content-Type: application/json; charset=utf-8
host: localhost:36949
accept: */*

Response DefaultHttpResponse(decodeResult: success, version: HTTP/1.1)
HTTP/1.1 200 OK
Content-Length: 42
Content-Type: application/json; charset=utf-8
cache-control: no-cache

14:03:00.788 [AsyncHttpClient-1-2] DEBUG org.asynchttpclient.netty.channel.ChannelManager - Adding key: http://localhost:36949 for channel [id: 0xbc74d963, L:/127.0.0.1:51338 - R:localhost/127.0.0.1:36949]
14:03:00.943 [Forwarding findElement on session ea1d86595201ddd8558c78082d228157 to remote] DEBUG org.asynchttpclient.netty.request.NettyRequestSender - Using pooled Channel '[id: 0xbc74d963, L:/127.0.0.1:51338 - R:localhost/127.0.0.1:36949]' for 'POST' to 'http://localhost:36949/session/ea1d86595201ddd8558c78082d228157/element'
14:03:00.943 [Forwarding findElement on session ea1d86595201ddd8558c78082d228157 to remote] DEBUG org.asynchttpclient.netty.request.NettyRequestSender - Using open Channel [id: 0xbc74d963, L:/127.0.0.1:51338 - R:localhost/127.0.0.1:36949] for POST '/session/ea1d86595201ddd8558c78082d228157/element'
14:03:00.985 [AsyncHttpClient-1-2] DEBUG org.asynchttpclient.netty.handler.HttpHandler - 

Request DefaultHttpRequest(decodeResult: success, version: HTTP/1.1)
POST /session/ea1d86595201ddd8558c78082d228157/element HTTP/1.1
User-Agent: selenium/4.8.1 (java windows)
Content-Length: 58
Content-Type: application/json; charset=utf-8
host: localhost:36949
accept: */*

Response DefaultHttpResponse(decodeResult: success, version: HTTP/1.1)
HTTP/1.1 200 OK
Content-Length: 88
Content-Type: application/json; charset=utf-8
cache-control: no-cache

14:03:00.985 [AsyncHttpClient-1-2] DEBUG org.asynchttpclient.netty.channel.ChannelManager - Adding key: http://localhost:36949 for channel [id: 0xbc74d963, L:/127.0.0.1:51338 - R:localhost/127.0.0.1:36949]
14:03:01.002 [Forwarding isElementDisplayed on session ea1d86595201ddd8558c78082d228157 to remote] DEBUG org.asynchttpclient.netty.request.NettyRequestSender - Using pooled Channel '[id: 0xbc74d963, L:/127.0.0.1:51338 - R:localhost/127.0.0.1:36949]' for 'POST' to 'http://localhost:36949/session/ea1d86595201ddd8558c78082d228157/execute/sync'
14:03:01.003 [Forwarding isElementDisplayed on session ea1d86595201ddd8558c78082d228157 to remote] DEBUG org.asynchttpclient.netty.request.NettyRequestSender - Using open Channel [id: 0xbc74d963, L:/127.0.0.1:51338 - R:localhost/127.0.0.1:36949] for POST '/session/ea1d86595201ddd8558c78082d228157/execute/sync'
14:03:01.091 [AsyncHttpClient-1-2] DEBUG org.asynchttpclient.netty.handler.HttpHandler - 

Request DefaultHttpRequest(decodeResult: success, version: HTTP/1.1)
POST /session/ea1d86595201ddd8558c78082d228157/execute/sync HTTP/1.1
User-Agent: selenium/4.8.1 (java windows)
Content-Length: 48807
Content-Type: application/json; charset=utf-8
host: localhost:36949
accept: */*

Response DefaultHttpResponse(decodeResult: success, version: HTTP/1.1)
HTTP/1.1 200 OK
Content-Length: 15
Content-Type: application/json; charset=utf-8
cache-control: no-cache

14:03:01.092 [AsyncHttpClient-1-2] DEBUG org.asynchttpclient.netty.channel.ChannelManager - Adding key: http://localhost:36949 for channel [id: 0xbc74d963, L:/127.0.0.1:51338 - R:localhost/127.0.0.1:36949]
  &amp#27;[32mThen &amp#27;[0m&amp#27;[32mI am on the home page&amp#27;[0m                      &amp#27;[90m# starter.stepdefinition.LoginSteps.onTheHomePage()&amp#27;[0m
14:03:01.108 [Forwarding getAlertText on session ea1d86595201ddd8558c78082d228157 to remote] DEBUG org.asynchttpclient.netty.request.NettyRequestSender - Using pooled Channel '[id: 0xbc74d963, L:/127.0.0.1:51338 - R:localhost/127.0.0.1:36949]' for 'GET' to 'http://localhost:36949/session/ea1d86595201ddd8558c78082d228157/alert/text'
14:03:01.109 [Forwarding getAlertText on session ea1d86595201ddd8558c78082d228157 to remote] DEBUG org.asynchttpclient.netty.request.NettyRequestSender - Using open Channel [id: 0xbc74d963, L:/127.0.0.1:51338 - R:localhost/127.0.0.1:36949] for GET '/session/ea1d86595201ddd8558c78082d228157/alert/text'
14:03:01.117 [AsyncHttpClient-1-2] DEBUG org.asynchttpclient.netty.handler.HttpHandler - 

Request DefaultFullHttpRequest(decodeResult: success, version: HTTP/1.1, content: EmptyByteBufBE)
GET /session/ea1d86595201ddd8558c78082d228157/alert/text HTTP/1.1
User-Agent: selenium/4.8.1 (java windows)
Cache-Control: no-cache
Content-Type: application/json; charset=utf-8
host: localhost:36949
accept: */*

Response DefaultHttpResponse(decodeResult: success, version: HTTP/1.1)
HTTP/1.1 404 Not Found
Content-Length: 836
Content-Type: application/json; charset=utf-8
cache-control: no-cache

14:03:01.118 [AsyncHttpClient-1-2] DEBUG org.asynchttpclient.netty.channel.ChannelManager - Adding key: http://localhost:36949 for channel [id: 0xbc74d963, L:/127.0.0.1:51338 - R:localhost/127.0.0.1:36949]
14:03:01.120 [Forwarding getCurrentUrl on session ea1d86595201ddd8558c78082d228157 to remote] DEBUG org.asynchttpclient.netty.request.NettyRequestSender - Using pooled Channel '[id: 0xbc74d963, L:/127.0.0.1:51338 - R:localhost/127.0.0.1:36949]' for 'GET' to 'http://localhost:36949/session/ea1d86595201ddd8558c78082d228157/url'
14:03:01.120 [Forwarding getCurrentUrl on session ea1d86595201ddd8558c78082d228157 to remote] DEBUG org.asynchttpclient.netty.request.NettyRequestSender - Using open Channel [id: 0xbc74d963, L:/127.0.0.1:51338 - R:localhost/127.0.0.1:36949] for GET '/session/ea1d86595201ddd8558c78082d228157/url'
14:03:01.137 [AsyncHttpClient-1-2] DEBUG org.asynchttpclient.netty.handler.HttpHandler - 

Request DefaultFullHttpRequest(decodeResult: success, version: HTTP/1.1, content: EmptyByteBufBE)
GET /session/ea1d86595201ddd8558c78082d228157/url HTTP/1.1
User-Agent: selenium/4.8.1 (java windows)
Cache-Control: no-cache
Content-Type: application/json; charset=utf-8
host: localhost:36949
accept: */*

Response DefaultHttpResponse(decodeResult: success, version: HTTP/1.1)
HTTP/1.1 200 OK
Content-Length: 42
Content-Type: application/json; charset=utf-8
cache-control: no-cache

14:03:01.138 [AsyncHttpClient-1-2] DEBUG org.asynchttpclient.netty.channel.ChannelManager - Adding key: http://localhost:36949 for channel [id: 0xbc74d963, L:/127.0.0.1:51338 - R:localhost/127.0.0.1:36949]
14:03:01.140 [Forwarding screenshot on session ea1d86595201ddd8558c78082d228157 to remote] DEBUG org.asynchttpclient.netty.request.NettyRequestSender - Using pooled Channel '[id: 0xbc74d963, L:/127.0.0.1:51338 - R:localhost/127.0.0.1:36949]' for 'GET' to 'http://localhost:36949/session/ea1d86595201ddd8558c78082d228157/screenshot'
14:03:01.140 [Forwarding screenshot on session ea1d86595201ddd8558c78082d228157 to remote] DEBUG org.asynchttpclient.netty.request.NettyRequestSender - Using open Channel [id: 0xbc74d963, L:/127.0.0.1:51338 - R:localhost/127.0.0.1:36949] for GET '/session/ea1d86595201ddd8558c78082d228157/screenshot'
14:03:01.358 [AsyncHttpClient-1-2] DEBUG org.asynchttpclient.netty.handler.HttpHandler - 

Request DefaultFullHttpRequest(decodeResult: success, version: HTTP/1.1, content: EmptyByteBufBE)
GET /session/ea1d86595201ddd8558c78082d228157/screenshot HTTP/1.1
User-Agent: selenium/4.8.1 (java windows)
Cache-Control: no-cache
Content-Type: application/json; charset=utf-8
host: localhost:36949
accept: */*

Response DefaultHttpResponse(decodeResult: success, version: HTTP/1.1)
HTTP/1.1 200 OK
Content-Length: 101464
Content-Type: application/json; charset=utf-8
cache-control: no-cache

14:03:01.361 [AsyncHttpClient-1-2] DEBUG org.asynchttpclient.netty.channel.ChannelManager - Adding key: http://localhost:36949 for channel [id: 0xbc74d963, L:/127.0.0.1:51338 - R:localhost/127.0.0.1:36949]
14:03:01.369 [main] DEBUG net.serenitybdd.core.photography.Darkroom - Send negative for processing for target\site\serenity\3863d210a49a7186087cf3373b405f87e91f65e17c7726ede7470d0b8047d6ed.png
14:03:01.369 [Darkroom Processing Line] DEBUG net.serenitybdd.core.photography.DarkroomProcessingLine - Processing screenshot image in /var/screenshots/screenshot-9075078438116767073
14:03:01.370 [Darkroom Processing Line] DEBUG net.serenitybdd.core.photography.DarkroomProcessingLine - Saving screenshot to target\site\serenity\3863d210a49a7186087cf3373b405f87e91f65e17c7726ede7470d0b8047d6ed.png
14:03:01.380 [main] INFO  - 
  _____   ___   ___   _____     ___     _     ___   ___   ___   ___  
 |_   _| | __| / __| |_   _|   | _ \   /_\   / __| / __| | __| |   \ 
   | |   | _|  \__ \   | |     |  _/  / _ \  \__ \ \__ \ | _|  | |) |
   |_|   |___| |___/   |_|     |_|   /_/ \_\ |___/ |___/ |___| |___/ 

As user i have be able to success login
----------------------------------------------------------------------
14:03:01.474 [Driver Command Executor] DEBUG org.asynchttpclient.netty.request.NettyRequestSender - Using pooled Channel '[id: 0xbc74d963, L:/127.0.0.1:51338 - R:localhost/127.0.0.1:36949]' for 'DELETE' to 'http://localhost:36949/session/ea1d86595201ddd8558c78082d228157'
14:03:01.474 [Driver Command Executor] DEBUG org.asynchttpclient.netty.request.NettyRequestSender - Using open Channel [id: 0xbc74d963, L:/127.0.0.1:51338 - R:localhost/127.0.0.1:36949] for DELETE '/session/ea1d86595201ddd8558c78082d228157'
14:03:01.480 [AsyncHttpClient-1-4] DEBUG org.asynchttpclient.netty.handler.WebSocketHandler - Channel Closed: [id: 0x21b1ddac, L:/127.0.0.1:51348 ! R:localhost/127.0.0.1:51339] with attribute NettyResponseFuture{currentRetry=0,
	isDone=1,
	isCancelled=0,
	asyncHandler=org.asynchttpclient.ws.WebSocketUpgradeHandler@2b74f25c,
	nettyRequest=org.asynchttpclient.netty.request.NettyRequest@4f5d754a,
	future=java.util.concurrent.CompletableFuture@146efe2f[Completed normally],
	uri=ws://localhost:51339/devtools/browser/8469eeb1-29a0-449d-9797-c1d5b134d329,
	keepAlive=true,
	redirectCount=0,
	timeoutsHolder=null,
	inAuth=0,
	touch=1680764570459}
14:03:01.487 [AsyncHttpClient-1-4] DEBUG org.asynchttpclient.netty.channel.ChannelManager - Closing Channel [id: 0x21b1ddac, L:/127.0.0.1:51348 ! R:localhost/127.0.0.1:51339] 
14:03:01.696 [AsyncHttpClient-1-3] DEBUG org.asynchttpclient.netty.handler.HttpHandler - Unexpected I/O exception on channel [id: 0xc4e9bf52, L:/127.0.0.1:51347 - R:localhost/127.0.0.1:51339]
java.net.SocketException: Connection reset
	at java.base/sun.nio.ch.SocketChannelImpl.throwConnectionReset(SocketChannelImpl.java:401)
	at java.base/sun.nio.ch.SocketChannelImpl.read(SocketChannelImpl.java:434)
	at io.netty.buffer.PooledByteBuf.setBytes(PooledByteBuf.java:259)
	at io.netty.buffer.AbstractByteBuf.writeBytes(AbstractByteBuf.java:1132)
	at io.netty.channel.socket.nio.NioSocketChannel.doReadBytes(NioSocketChannel.java:357)
	at io.netty.channel.nio.AbstractNioByteChannel$NioByteUnsafe.read(AbstractNioByteChannel.java:151)
	at io.netty.channel.nio.NioEventLoop.processSelectedKey(NioEventLoop.java:788)
	at io.netty.channel.nio.NioEventLoop.processSelectedKeysOptimized(NioEventLoop.java:724)
	at io.netty.channel.nio.NioEventLoop.processSelectedKeys(NioEventLoop.java:650)
	at io.netty.channel.nio.NioEventLoop.run(NioEventLoop.java:562)
	at io.netty.util.concurrent.SingleThreadEventExecutor$4.run(SingleThreadEventExecutor.java:997)
	at io.netty.util.internal.ThreadExecutorMap$2.run(ThreadExecutorMap.java:74)
	at io.netty.util.concurrent.FastThreadLocalRunnable.run(FastThreadLocalRunnable.java:30)
	at java.base/java.lang.Thread.run(Thread.java:1589)
14:03:01.696 [AsyncHttpClient-1-3] DEBUG org.asynchttpclient.netty.channel.ChannelManager - Closing Channel [id: 0xc4e9bf52, L:/127.0.0.1:51347 - R:localhost/127.0.0.1:51339] 
14:03:01.700 [AsyncHttpClient-1-3] DEBUG org.asynchttpclient.netty.handler.HttpHandler - Channel Closed: [id: 0xc4e9bf52, L:/127.0.0.1:51347 ! R:localhost/127.0.0.1:51339] with attribute DISCARD
14:03:01.729 [AsyncHttpClient-1-2] DEBUG org.asynchttpclient.netty.handler.HttpHandler - 

Request DefaultFullHttpRequest(decodeResult: success, version: HTTP/1.1, content: EmptyByteBufBE)
DELETE /session/ea1d86595201ddd8558c78082d228157 HTTP/1.1
User-Agent: selenium/4.8.1 (java windows)
Content-Type: application/json; charset=utf-8
host: localhost:36949
accept: */*

Response DefaultHttpResponse(decodeResult: success, version: HTTP/1.1)
HTTP/1.1 200 OK
Content-Length: 14
Content-Type: application/json; charset=utf-8
cache-control: no-cache

14:03:01.729 [AsyncHttpClient-1-2] DEBUG org.asynchttpclient.netty.channel.ChannelManager - Adding key: http://localhost:36949 for channel [id: 0xbc74d963, L:/127.0.0.1:51338 - R:localhost/127.0.0.1:36949]
14:03:01.735 [AsyncHttpClient-1-1] DEBUG org.asynchttpclient.netty.channel.DefaultChannelPool - Entry count for : http://localhost:36949 : 1
14:03:01.735 [AsyncHttpClient-1-1] DEBUG org.asynchttpclient.netty.channel.DefaultChannelPool - Entry count for : http://localhost:51339 : 1
14:03:01.736 [AsyncHttpClient-1-1] DEBUG org.asynchttpclient.netty.channel.DefaultChannelPool - Adding Candidate expired Channel [id: 0xc4e9bf52, L:/127.0.0.1:51347 ! R:localhost/127.0.0.1:51339] isIdleTimeoutExpired=false isRemotelyClosed=true isTtlExpired=false
14:03:01.736 [AsyncHttpClient-1-1] DEBUG org.asynchttpclient.netty.channel.DefaultChannelPool - Closing Idle Channel [id: 0xc4e9bf52, L:/127.0.0.1:51347 ! R:localhost/127.0.0.1:51339]
14:03:01.738 [AsyncHttpClient-1-1] DEBUG org.asynchttpclient.netty.channel.DefaultChannelPool - Closed 1 connections out of 2 in 1 ms
14:03:02.055 [AsyncHttpClient-1-2] DEBUG org.asynchttpclient.netty.handler.HttpHandler - Channel Closed: [id: 0xbc74d963, L:/127.0.0.1:51338 ! R:localhost/127.0.0.1:36949] with attribute DISCARD
]]></system-out>
    <system-err><![CDATA[Starting ChromeDriver 111.0.5563.64 (c710e93d5b63b7095afe8c2c17df34408078439d-refs/branch-heads/5563@{#995}) on port 36949
Only local connections are allowed.
Please see https://chromedriver.chromium.org/security-considerations for suggestions on keeping ChromeDriver safe.
ChromeDriver was started successfully.
Apr 06, 2023 2:02:50 PM org.openqa.selenium.devtools.CdpVersionFinder findNearestMatch
WARNING: Unable to find an exact match for CDP version 111, so returning the closest version found: 110
]]></system-err>
  </testcase>
  <testcase name="As user i have be able to success login #2" classname="login" time="13.998">
    <system-out><![CDATA[
@login
Scenario: As user i have be able to success login &amp#27;[90m# src/test/resources/features/login.feature:14&amp#27;[0m
14:03:02.156 [main] DEBUG io.cucumber.core.plugin.SerenityReporter - Running feature from file:///C:/Users/User/IdeaProjects/prioritasduaa/src/test/resources/features/login.feature
14:03:02.447 [main] INFO net.serenitybdd.core.webdriver.driverproviders.ChromeDriverProvider - Starting Chrome driver instance with capabilities:
14:03:02.448 [main] INFO net.serenitybdd.core.webdriver.driverproviders.ChromeDriverProvider - Capabilities {acceptInsecureCerts: false, browserName: chrome, goog:chromeOptions: {args: [remote-allow-origins=*], extensions: []}}
14:03:02.687 [AsyncHttpClient-1-5] DEBUG org.asynchttpclient.netty.channel.NettyConnectListener - Using new Channel '[id: 0x5d720e50, L:/127.0.0.1:51373 - R:localhost/127.0.0.1:3307]' for 'POST' to '/session'
14:03:02.848 [AsyncHttpClient-1-1] DEBUG org.asynchttpclient.netty.channel.DefaultChannelPool - Entry count for : http://localhost:36949 : 1
14:03:02.848 [AsyncHttpClient-1-1] DEBUG org.asynchttpclient.netty.channel.DefaultChannelPool - Adding Candidate expired Channel [id: 0xbc74d963, L:/127.0.0.1:51338 ! R:localhost/127.0.0.1:36949] isIdleTimeoutExpired=false isRemotelyClosed=true isTtlExpired=false
14:03:02.848 [AsyncHttpClient-1-1] DEBUG org.asynchttpclient.netty.channel.DefaultChannelPool - Closing Idle Channel [id: 0xbc74d963, L:/127.0.0.1:51338 ! R:localhost/127.0.0.1:36949]
14:03:02.848 [AsyncHttpClient-1-1] DEBUG org.asynchttpclient.netty.channel.DefaultChannelPool - Closed 1 connections out of 1 in 0 ms
14:03:05.254 [AsyncHttpClient-1-5] DEBUG org.asynchttpclient.netty.handler.HttpHandler - 

Request DefaultHttpRequest(decodeResult: success, version: HTTP/1.1)
POST /session HTTP/1.1
User-Agent: selenium/4.8.1 (java windows)
Content-Length: 507
Content-Type: application/json; charset=utf-8
host: localhost:3307
accept: */*

Response DefaultHttpResponse(decodeResult: success, version: HTTP/1.1)
HTTP/1.1 200 OK
Content-Length: 859
Content-Type: application/json; charset=utf-8
cache-control: no-cache

14:03:05.254 [AsyncHttpClient-1-5] DEBUG org.asynchttpclient.netty.channel.ChannelManager - Adding key: http://localhost:3307 for channel [id: 0x5d720e50, L:/127.0.0.1:51373 - R:localhost/127.0.0.1:3307]
14:03:05.269 [AsyncHttpClient-1-6] DEBUG org.asynchttpclient.netty.channel.NettyConnectListener - Using new Channel '[id: 0x48d7fea9, L:/127.0.0.1:51381 - R:localhost/127.0.0.1:51374]' for 'GET' to '/json/version'
14:03:05.277 [AsyncHttpClient-1-6] DEBUG org.asynchttpclient.netty.handler.HttpHandler - 

Request DefaultFullHttpRequest(decodeResult: success, version: HTTP/1.1, content: EmptyByteBufBE)
GET /json/version HTTP/1.1
User-Agent: selenium/4.8.1 (java windows)
host: localhost:51374
accept: */*

Response DefaultHttpResponse(decodeResult: success, version: HTTP/1.1)
HTTP/1.1 200 OK
Content-Security-Policy: frame-ancestors 'none'
Content-Length: 424
Content-Type: application/json; charset=UTF-8

14:03:05.277 [AsyncHttpClient-1-6] DEBUG org.asynchttpclient.netty.channel.ChannelManager - Adding key: http://localhost:51374 for channel [id: 0x48d7fea9, L:/127.0.0.1:51381 - R:localhost/127.0.0.1:51374]
14:03:05.298 [AsyncHttpClient-1-7] DEBUG org.asynchttpclient.netty.channel.NettyConnectListener - Using new Channel '[id: 0x8efcbfd8, L:/127.0.0.1:51382 - R:localhost/127.0.0.1:51374]' for 'GET' to '/devtools/browser/ccdad885-5b6f-4c7b-a4d5-f2a603a1bb9f'
14:03:05.304 [AsyncHttpClient-1-7] DEBUG org.asynchttpclient.netty.handler.WebSocketHandler - 

Request DefaultFullHttpRequest(decodeResult: success, version: HTTP/1.1, content: EmptyByteBufBE)
GET /devtools/browser/ccdad885-5b6f-4c7b-a4d5-f2a603a1bb9f HTTP/1.1
upgrade: websocket
connection: upgrade
sec-websocket-key: ivZuM2agYcrmhnLLeNgM5w==
sec-websocket-version: 13
origin: http://localhost:51374
host: localhost:51374
accept: */*
user-agent: AHC/2.1

Response DefaultHttpResponse(decodeResult: success, version: HTTP/1.1)
HTTP/1.1 101 WebSocket Protocol Handshake
Upgrade: WebSocket
Connection: Upgrade
Sec-WebSocket-Accept: 9OPX+0KbQmPXvWRsdQ89SK+Dsxw=

14:03:05.314 [Forwarding get on session c524be8e7590eabc19a242398f713a50 to remote] DEBUG org.asynchttpclient.netty.request.NettyRequestSender - Using pooled Channel '[id: 0x5d720e50, L:/127.0.0.1:51373 - R:localhost/127.0.0.1:3307]' for 'POST' to 'http://localhost:3307/session/c524be8e7590eabc19a242398f713a50/url'
14:03:05.315 [Forwarding get on session c524be8e7590eabc19a242398f713a50 to remote] DEBUG org.asynchttpclient.netty.request.NettyRequestSender - Using open Channel [id: 0x5d720e50, L:/127.0.0.1:51373 - R:localhost/127.0.0.1:3307] for POST '/session/c524be8e7590eabc19a242398f713a50/url'
14:03:06.136 [AsyncHttpClient-1-1] DEBUG org.asynchttpclient.netty.channel.DefaultChannelPool - Entry count for : http://localhost:51374 : 1
14:03:07.232 [AsyncHttpClient-1-1] DEBUG org.asynchttpclient.netty.channel.DefaultChannelPool - Entry count for : http://localhost:51374 : 1
14:03:08.337 [AsyncHttpClient-1-1] DEBUG org.asynchttpclient.netty.channel.DefaultChannelPool - Entry count for : http://localhost:51374 : 1
14:03:09.434 [AsyncHttpClient-1-1] DEBUG org.asynchttpclient.netty.channel.DefaultChannelPool - Entry count for : http://localhost:51374 : 1
14:03:10.532 [AsyncHttpClient-1-1] DEBUG org.asynchttpclient.netty.channel.DefaultChannelPool - Entry count for : http://localhost:51374 : 1
14:03:10.570 [AsyncHttpClient-1-5] DEBUG org.asynchttpclient.netty.handler.HttpHandler - 

Request DefaultHttpRequest(decodeResult: success, version: HTTP/1.1)
POST /session/c524be8e7590eabc19a242398f713a50/url HTTP/1.1
User-Agent: selenium/4.8.1 (java windows)
Content-Length: 60
Content-Type: application/json; charset=utf-8
host: localhost:3307
accept: */*

Response DefaultHttpResponse(decodeResult: success, version: HTTP/1.1)
HTTP/1.1 200 OK
Content-Length: 14
Content-Type: application/json; charset=utf-8
cache-control: no-cache

14:03:10.573 [AsyncHttpClient-1-5] DEBUG org.asynchttpclient.netty.channel.ChannelManager - Adding key: http://localhost:3307 for channel [id: 0x5d720e50, L:/127.0.0.1:51373 - R:localhost/127.0.0.1:3307]
14:03:10.577 [Forwarding setTimeout on session c524be8e7590eabc19a242398f713a50 to remote] DEBUG org.asynchttpclient.netty.request.NettyRequestSender - Using pooled Channel '[id: 0x5d720e50, L:/127.0.0.1:51373 - R:localhost/127.0.0.1:3307]' for 'POST' to 'http://localhost:3307/session/c524be8e7590eabc19a242398f713a50/timeouts'
14:03:10.577 [Forwarding setTimeout on session c524be8e7590eabc19a242398f713a50 to remote] DEBUG org.asynchttpclient.netty.request.NettyRequestSender - Using open Channel [id: 0x5d720e50, L:/127.0.0.1:51373 - R:localhost/127.0.0.1:3307] for POST '/session/c524be8e7590eabc19a242398f713a50/timeouts'
14:03:10.579 [AsyncHttpClient-1-5] DEBUG org.asynchttpclient.netty.handler.HttpHandler - 

Request DefaultHttpRequest(decodeResult: success, version: HTTP/1.1)
POST /session/c524be8e7590eabc19a242398f713a50/timeouts HTTP/1.1
User-Agent: selenium/4.8.1 (java windows)
Content-Length: 22
Content-Type: application/json; charset=utf-8
host: localhost:3307
accept: */*

Response DefaultHttpResponse(decodeResult: success, version: HTTP/1.1)
HTTP/1.1 200 OK
Content-Length: 14
Content-Type: application/json; charset=utf-8
cache-control: no-cache

14:03:10.579 [AsyncHttpClient-1-5] DEBUG org.asynchttpclient.netty.channel.ChannelManager - Adding key: http://localhost:3307 for channel [id: 0x5d720e50, L:/127.0.0.1:51373 - R:localhost/127.0.0.1:3307]
14:03:10.598 [Forwarding getAlertText on session c524be8e7590eabc19a242398f713a50 to remote] DEBUG org.asynchttpclient.netty.request.NettyRequestSender - Using pooled Channel '[id: 0x5d720e50, L:/127.0.0.1:51373 - R:localhost/127.0.0.1:3307]' for 'GET' to 'http://localhost:3307/session/c524be8e7590eabc19a242398f713a50/alert/text'
14:03:10.598 [Forwarding getAlertText on session c524be8e7590eabc19a242398f713a50 to remote] DEBUG org.asynchttpclient.netty.request.NettyRequestSender - Using open Channel [id: 0x5d720e50, L:/127.0.0.1:51373 - R:localhost/127.0.0.1:3307] for GET '/session/c524be8e7590eabc19a242398f713a50/alert/text'
14:03:10.601 [AsyncHttpClient-1-5] DEBUG org.asynchttpclient.netty.handler.HttpHandler - 

Request DefaultFullHttpRequest(decodeResult: success, version: HTTP/1.1, content: EmptyByteBufBE)
GET /session/c524be8e7590eabc19a242398f713a50/alert/text HTTP/1.1
User-Agent: selenium/4.8.1 (java windows)
Cache-Control: no-cache
Content-Type: application/json; charset=utf-8
host: localhost:3307
accept: */*

Response DefaultHttpResponse(decodeResult: success, version: HTTP/1.1)
HTTP/1.1 404 Not Found
Content-Length: 836
Content-Type: application/json; charset=utf-8
cache-control: no-cache

14:03:10.601 [AsyncHttpClient-1-5] DEBUG org.asynchttpclient.netty.channel.ChannelManager - Adding key: http://localhost:3307 for channel [id: 0x5d720e50, L:/127.0.0.1:51373 - R:localhost/127.0.0.1:3307]
14:03:10.604 [Forwarding getCurrentUrl on session c524be8e7590eabc19a242398f713a50 to remote] DEBUG org.asynchttpclient.netty.request.NettyRequestSender - Using pooled Channel '[id: 0x5d720e50, L:/127.0.0.1:51373 - R:localhost/127.0.0.1:3307]' for 'GET' to 'http://localhost:3307/session/c524be8e7590eabc19a242398f713a50/url'
14:03:10.604 [Forwarding getCurrentUrl on session c524be8e7590eabc19a242398f713a50 to remote] DEBUG org.asynchttpclient.netty.request.NettyRequestSender - Using open Channel [id: 0x5d720e50, L:/127.0.0.1:51373 - R:localhost/127.0.0.1:3307] for GET '/session/c524be8e7590eabc19a242398f713a50/url'
14:03:10.610 [AsyncHttpClient-1-5] DEBUG org.asynchttpclient.netty.handler.HttpHandler - 

Request DefaultFullHttpRequest(decodeResult: success, version: HTTP/1.1, content: EmptyByteBufBE)
GET /session/c524be8e7590eabc19a242398f713a50/url HTTP/1.1
User-Agent: selenium/4.8.1 (java windows)
Cache-Control: no-cache
Content-Type: application/json; charset=utf-8
host: localhost:3307
accept: */*

Response DefaultHttpResponse(decodeResult: success, version: HTTP/1.1)
HTTP/1.1 200 OK
Content-Length: 42
Content-Type: application/json; charset=utf-8
cache-control: no-cache

14:03:10.610 [AsyncHttpClient-1-5] DEBUG org.asynchttpclient.netty.channel.ChannelManager - Adding key: http://localhost:3307 for channel [id: 0x5d720e50, L:/127.0.0.1:51373 - R:localhost/127.0.0.1:3307]
14:03:10.612 [Forwarding screenshot on session c524be8e7590eabc19a242398f713a50 to remote] DEBUG org.asynchttpclient.netty.request.NettyRequestSender - Using pooled Channel '[id: 0x5d720e50, L:/127.0.0.1:51373 - R:localhost/127.0.0.1:3307]' for 'GET' to 'http://localhost:3307/session/c524be8e7590eabc19a242398f713a50/screenshot'
14:03:10.612 [Forwarding screenshot on session c524be8e7590eabc19a242398f713a50 to remote] DEBUG org.asynchttpclient.netty.request.NettyRequestSender - Using open Channel [id: 0x5d720e50, L:/127.0.0.1:51373 - R:localhost/127.0.0.1:3307] for GET '/session/c524be8e7590eabc19a242398f713a50/screenshot'
14:03:10.764 [AsyncHttpClient-1-5] DEBUG org.asynchttpclient.netty.handler.HttpHandler - 

Request DefaultFullHttpRequest(decodeResult: success, version: HTTP/1.1, content: EmptyByteBufBE)
GET /session/c524be8e7590eabc19a242398f713a50/screenshot HTTP/1.1
User-Agent: selenium/4.8.1 (java windows)
Cache-Control: no-cache
Content-Type: application/json; charset=utf-8
host: localhost:3307
accept: */*

Response DefaultHttpResponse(decodeResult: success, version: HTTP/1.1)
HTTP/1.1 200 OK
Content-Length: 181972
Content-Type: application/json; charset=utf-8
cache-control: no-cache

14:03:10.765 [AsyncHttpClient-1-5] DEBUG org.asynchttpclient.netty.channel.ChannelManager - Adding key: http://localhost:3307 for channel [id: 0x5d720e50, L:/127.0.0.1:51373 - R:localhost/127.0.0.1:3307]
14:03:10.770 [main] DEBUG net.serenitybdd.core.photography.Darkroom - Send negative for processing for target\site\serenity\ec77d7c03a110d1abd5dc5da4fadce19b40cc0180d74e764ad2b2b24863b2d94.png
14:03:10.772 [Forwarding getPageSource on session c524be8e7590eabc19a242398f713a50 to remote] DEBUG org.asynchttpclient.netty.request.NettyRequestSender - Using pooled Channel '[id: 0x5d720e50, L:/127.0.0.1:51373 - R:localhost/127.0.0.1:3307]' for 'POST' to 'http://localhost:3307/session/c524be8e7590eabc19a242398f713a50/execute/sync'
14:03:10.772 [Forwarding getPageSource on session c524be8e7590eabc19a242398f713a50 to remote] DEBUG org.asynchttpclient.netty.request.NettyRequestSender - Using open Channel [id: 0x5d720e50, L:/127.0.0.1:51373 - R:localhost/127.0.0.1:3307] for POST '/session/c524be8e7590eabc19a242398f713a50/execute/sync'
14:03:10.787 [AsyncHttpClient-1-5] DEBUG org.asynchttpclient.netty.handler.HttpHandler - 

Request DefaultHttpRequest(decodeResult: success, version: HTTP/1.1)
POST /session/c524be8e7590eabc19a242398f713a50/execute/sync HTTP/1.1
User-Agent: selenium/4.8.1 (java windows)
Content-Length: 176
Content-Type: application/json; charset=utf-8
host: localhost:3307
accept: */*

Response DefaultHttpResponse(decodeResult: success, version: HTTP/1.1)
HTTP/1.1 200 OK
Content-Length: 113270
Content-Type: application/json; charset=utf-8
cache-control: no-cache

14:03:10.788 [AsyncHttpClient-1-5] DEBUG org.asynchttpclient.netty.channel.ChannelManager - Adding key: http://localhost:3307 for channel [id: 0x5d720e50, L:/127.0.0.1:51373 - R:localhost/127.0.0.1:3307]
14:03:10.797 [Forwarding getCurrentUrl on session c524be8e7590eabc19a242398f713a50 to remote] DEBUG org.asynchttpclient.netty.request.NettyRequestSender - Using pooled Channel '[id: 0x5d720e50, L:/127.0.0.1:51373 - R:localhost/127.0.0.1:3307]' for 'GET' to 'http://localhost:3307/session/c524be8e7590eabc19a242398f713a50/url'
14:03:10.797 [Forwarding getCurrentUrl on session c524be8e7590eabc19a242398f713a50 to remote] DEBUG org.asynchttpclient.netty.request.NettyRequestSender - Using open Channel [id: 0x5d720e50, L:/127.0.0.1:51373 - R:localhost/127.0.0.1:3307] for GET '/session/c524be8e7590eabc19a242398f713a50/url'
14:03:10.802 [AsyncHttpClient-1-5] DEBUG org.asynchttpclient.netty.handler.HttpHandler - 

Request DefaultFullHttpRequest(decodeResult: success, version: HTTP/1.1, content: EmptyByteBufBE)
GET /session/c524be8e7590eabc19a242398f713a50/url HTTP/1.1
User-Agent: selenium/4.8.1 (java windows)
Cache-Control: no-cache
Content-Type: application/json; charset=utf-8
host: localhost:3307
accept: */*

Response DefaultHttpResponse(decodeResult: success, version: HTTP/1.1)
HTTP/1.1 200 OK
Content-Length: 42
Content-Type: application/json; charset=utf-8
cache-control: no-cache

14:03:10.803 [AsyncHttpClient-1-5] DEBUG org.asynchttpclient.netty.channel.ChannelManager - Adding key: http://localhost:3307 for channel [id: 0x5d720e50, L:/127.0.0.1:51373 - R:localhost/127.0.0.1:3307]
14:03:10.806 [main] DEBUG net.thucydides.core.steps.StepInterceptor - STARTING STEP: LoginSteps.onTheWebLoginPage - validateOnLoginPage
14:03:10.809 [Forwarding findElement on session c524be8e7590eabc19a242398f713a50 to remote] DEBUG org.asynchttpclient.netty.request.NettyRequestSender - Using pooled Channel '[id: 0x5d720e50, L:/127.0.0.1:51373 - R:localhost/127.0.0.1:3307]' for 'POST' to 'http://localhost:3307/session/c524be8e7590eabc19a242398f713a50/element'
14:03:10.809 [Forwarding findElement on session c524be8e7590eabc19a242398f713a50 to remote] DEBUG org.asynchttpclient.netty.request.NettyRequestSender - Using open Channel [id: 0x5d720e50, L:/127.0.0.1:51373 - R:localhost/127.0.0.1:3307] for POST '/session/c524be8e7590eabc19a242398f713a50/element'
14:03:10.831 [AsyncHttpClient-1-5] DEBUG org.asynchttpclient.netty.handler.HttpHandler - 

Request DefaultHttpRequest(decodeResult: success, version: HTTP/1.1)
POST /session/c524be8e7590eabc19a242398f713a50/element HTTP/1.1
User-Agent: selenium/4.8.1 (java windows)
Content-Length: 57
Content-Type: application/json; charset=utf-8
host: localhost:3307
accept: */*

Response DefaultHttpResponse(decodeResult: success, version: HTTP/1.1)
HTTP/1.1 200 OK
Content-Length: 88
Content-Type: application/json; charset=utf-8
cache-control: no-cache

14:03:10.832 [AsyncHttpClient-1-5] DEBUG org.asynchttpclient.netty.channel.ChannelManager - Adding key: http://localhost:3307 for channel [id: 0x5d720e50, L:/127.0.0.1:51373 - R:localhost/127.0.0.1:3307]
14:03:10.836 [Forwarding isElementDisplayed on session c524be8e7590eabc19a242398f713a50 to remote] DEBUG org.asynchttpclient.netty.request.NettyRequestSender - Using pooled Channel '[id: 0x5d720e50, L:/127.0.0.1:51373 - R:localhost/127.0.0.1:3307]' for 'POST' to 'http://localhost:3307/session/c524be8e7590eabc19a242398f713a50/execute/sync'
14:03:10.836 [Forwarding isElementDisplayed on session c524be8e7590eabc19a242398f713a50 to remote] DEBUG org.asynchttpclient.netty.request.NettyRequestSender - Using open Channel [id: 0x5d720e50, L:/127.0.0.1:51373 - R:localhost/127.0.0.1:3307] for POST '/session/c524be8e7590eabc19a242398f713a50/execute/sync'
14:03:10.858 [AsyncHttpClient-1-5] DEBUG org.asynchttpclient.netty.handler.HttpHandler - 

Request DefaultHttpRequest(decodeResult: success, version: HTTP/1.1)
POST /session/c524be8e7590eabc19a242398f713a50/execute/sync HTTP/1.1
User-Agent: selenium/4.8.1 (java windows)
Content-Length: 48807
Content-Type: application/json; charset=utf-8
host: localhost:3307
accept: */*

Response DefaultHttpResponse(decodeResult: success, version: HTTP/1.1)
HTTP/1.1 200 OK
Content-Length: 14
Content-Type: application/json; charset=utf-8
cache-control: no-cache

14:03:10.858 [AsyncHttpClient-1-5] DEBUG org.asynchttpclient.netty.channel.ChannelManager - Adding key: http://localhost:3307 for channel [id: 0x5d720e50, L:/127.0.0.1:51373 - R:localhost/127.0.0.1:3307]
14:03:10.868 [Forwarding getAlertText on session c524be8e7590eabc19a242398f713a50 to remote] DEBUG org.asynchttpclient.netty.request.NettyRequestSender - Using pooled Channel '[id: 0x5d720e50, L:/127.0.0.1:51373 - R:localhost/127.0.0.1:3307]' for 'GET' to 'http://localhost:3307/session/c524be8e7590eabc19a242398f713a50/alert/text'
14:03:10.869 [Forwarding getAlertText on session c524be8e7590eabc19a242398f713a50 to remote] DEBUG org.asynchttpclient.netty.request.NettyRequestSender - Using open Channel [id: 0x5d720e50, L:/127.0.0.1:51373 - R:localhost/127.0.0.1:3307] for GET '/session/c524be8e7590eabc19a242398f713a50/alert/text'
14:03:10.871 [AsyncHttpClient-1-5] DEBUG org.asynchttpclient.netty.handler.HttpHandler - 

Request DefaultFullHttpRequest(decodeResult: success, version: HTTP/1.1, content: EmptyByteBufBE)
GET /session/c524be8e7590eabc19a242398f713a50/alert/text HTTP/1.1
User-Agent: selenium/4.8.1 (java windows)
Cache-Control: no-cache
Content-Type: application/json; charset=utf-8
host: localhost:3307
accept: */*

Response DefaultHttpResponse(decodeResult: success, version: HTTP/1.1)
HTTP/1.1 404 Not Found
Content-Length: 836
Content-Type: application/json; charset=utf-8
cache-control: no-cache

14:03:10.871 [AsyncHttpClient-1-5] DEBUG org.asynchttpclient.netty.channel.ChannelManager - Adding key: http://localhost:3307 for channel [id: 0x5d720e50, L:/127.0.0.1:51373 - R:localhost/127.0.0.1:3307]
14:03:10.875 [Forwarding getCurrentUrl on session c524be8e7590eabc19a242398f713a50 to remote] DEBUG org.asynchttpclient.netty.request.NettyRequestSender - Using pooled Channel '[id: 0x5d720e50, L:/127.0.0.1:51373 - R:localhost/127.0.0.1:3307]' for 'GET' to 'http://localhost:3307/session/c524be8e7590eabc19a242398f713a50/url'
14:03:10.875 [Forwarding getCurrentUrl on session c524be8e7590eabc19a242398f713a50 to remote] DEBUG org.asynchttpclient.netty.request.NettyRequestSender - Using open Channel [id: 0x5d720e50, L:/127.0.0.1:51373 - R:localhost/127.0.0.1:3307] for GET '/session/c524be8e7590eabc19a242398f713a50/url'
14:03:10.879 [AsyncHttpClient-1-5] DEBUG org.asynchttpclient.netty.handler.HttpHandler - 

Request DefaultFullHttpRequest(decodeResult: success, version: HTTP/1.1, content: EmptyByteBufBE)
GET /session/c524be8e7590eabc19a242398f713a50/url HTTP/1.1
User-Agent: selenium/4.8.1 (java windows)
Cache-Control: no-cache
Content-Type: application/json; charset=utf-8
host: localhost:3307
accept: */*

Response DefaultHttpResponse(decodeResult: success, version: HTTP/1.1)
HTTP/1.1 200 OK
Content-Length: 42
Content-Type: application/json; charset=utf-8
cache-control: no-cache

14:03:10.879 [AsyncHttpClient-1-5] DEBUG org.asynchttpclient.netty.channel.ChannelManager - Adding key: http://localhost:3307 for channel [id: 0x5d720e50, L:/127.0.0.1:51373 - R:localhost/127.0.0.1:3307]
14:03:10.881 [Forwarding screenshot on session c524be8e7590eabc19a242398f713a50 to remote] DEBUG org.asynchttpclient.netty.request.NettyRequestSender - Using pooled Channel '[id: 0x5d720e50, L:/127.0.0.1:51373 - R:localhost/127.0.0.1:3307]' for 'GET' to 'http://localhost:3307/session/c524be8e7590eabc19a242398f713a50/screenshot'
14:03:10.881 [Forwarding screenshot on session c524be8e7590eabc19a242398f713a50 to remote] DEBUG org.asynchttpclient.netty.request.NettyRequestSender - Using open Channel [id: 0x5d720e50, L:/127.0.0.1:51373 - R:localhost/127.0.0.1:3307] for GET '/session/c524be8e7590eabc19a242398f713a50/screenshot'
14:03:11.040 [AsyncHttpClient-1-5] DEBUG org.asynchttpclient.netty.handler.HttpHandler - 

Request DefaultFullHttpRequest(decodeResult: success, version: HTTP/1.1, content: EmptyByteBufBE)
GET /session/c524be8e7590eabc19a242398f713a50/screenshot HTTP/1.1
User-Agent: selenium/4.8.1 (java windows)
Cache-Control: no-cache
Content-Type: application/json; charset=utf-8
host: localhost:3307
accept: */*

Response DefaultHttpResponse(decodeResult: success, version: HTTP/1.1)
HTTP/1.1 200 OK
Content-Length: 181972
Content-Type: application/json; charset=utf-8
cache-control: no-cache

14:03:11.042 [AsyncHttpClient-1-5] DEBUG org.asynchttpclient.netty.channel.ChannelManager - Adding key: http://localhost:3307 for channel [id: 0x5d720e50, L:/127.0.0.1:51373 - R:localhost/127.0.0.1:3307]
14:03:11.054 [main] DEBUG net.serenitybdd.core.photography.Darkroom - Send negative for processing for target\site\serenity\ec77d7c03a110d1abd5dc5da4fadce19b40cc0180d74e764ad2b2b24863b2d94.png
14:03:11.054 [main] DEBUG net.thucydides.core.steps.StepInterceptor - STEP DONE: validateOnLoginPage
  &amp#27;[32mGiven &amp#27;[0m&amp#27;[32mI am on the web login page&amp#27;[0m                &amp#27;[90m# starter.stepdefinition.LoginSteps.onTheWebLoginPage()&amp#27;[0m
14:03:11.066 [Forwarding getPageSource on session c524be8e7590eabc19a242398f713a50 to remote] DEBUG org.asynchttpclient.netty.request.NettyRequestSender - Using pooled Channel '[id: 0x5d720e50, L:/127.0.0.1:51373 - R:localhost/127.0.0.1:3307]' for 'POST' to 'http://localhost:3307/session/c524be8e7590eabc19a242398f713a50/execute/sync'
14:03:11.066 [Forwarding getPageSource on session c524be8e7590eabc19a242398f713a50 to remote] DEBUG org.asynchttpclient.netty.request.NettyRequestSender - Using open Channel [id: 0x5d720e50, L:/127.0.0.1:51373 - R:localhost/127.0.0.1:3307] for POST '/session/c524be8e7590eabc19a242398f713a50/execute/sync'
14:03:11.080 [AsyncHttpClient-1-5] DEBUG org.asynchttpclient.netty.handler.HttpHandler - 

Request DefaultHttpRequest(decodeResult: success, version: HTTP/1.1)
POST /session/c524be8e7590eabc19a242398f713a50/execute/sync HTTP/1.1
User-Agent: selenium/4.8.1 (java windows)
Content-Length: 176
Content-Type: application/json; charset=utf-8
host: localhost:3307
accept: */*

Response DefaultHttpResponse(decodeResult: success, version: HTTP/1.1)
HTTP/1.1 200 OK
Content-Length: 113270
Content-Type: application/json; charset=utf-8
cache-control: no-cache

14:03:11.080 [AsyncHttpClient-1-5] DEBUG org.asynchttpclient.netty.channel.ChannelManager - Adding key: http://localhost:3307 for channel [id: 0x5d720e50, L:/127.0.0.1:51373 - R:localhost/127.0.0.1:3307]
14:03:11.094 [Forwarding getCurrentUrl on session c524be8e7590eabc19a242398f713a50 to remote] DEBUG org.asynchttpclient.netty.request.NettyRequestSender - Using pooled Channel '[id: 0x5d720e50, L:/127.0.0.1:51373 - R:localhost/127.0.0.1:3307]' for 'GET' to 'http://localhost:3307/session/c524be8e7590eabc19a242398f713a50/url'
14:03:11.094 [Forwarding getCurrentUrl on session c524be8e7590eabc19a242398f713a50 to remote] DEBUG org.asynchttpclient.netty.request.NettyRequestSender - Using open Channel [id: 0x5d720e50, L:/127.0.0.1:51373 - R:localhost/127.0.0.1:3307] for GET '/session/c524be8e7590eabc19a242398f713a50/url'
14:03:11.098 [AsyncHttpClient-1-5] DEBUG org.asynchttpclient.netty.handler.HttpHandler - 

Request DefaultFullHttpRequest(decodeResult: success, version: HTTP/1.1, content: EmptyByteBufBE)
GET /session/c524be8e7590eabc19a242398f713a50/url HTTP/1.1
User-Agent: selenium/4.8.1 (java windows)
Cache-Control: no-cache
Content-Type: application/json; charset=utf-8
host: localhost:3307
accept: */*

Response DefaultHttpResponse(decodeResult: success, version: HTTP/1.1)
HTTP/1.1 200 OK
Content-Length: 42
Content-Type: application/json; charset=utf-8
cache-control: no-cache

14:03:11.099 [AsyncHttpClient-1-5] DEBUG org.asynchttpclient.netty.channel.ChannelManager - Adding key: http://localhost:3307 for channel [id: 0x5d720e50, L:/127.0.0.1:51373 - R:localhost/127.0.0.1:3307]
14:03:11.114 [Forwarding getAlertText on session c524be8e7590eabc19a242398f713a50 to remote] DEBUG org.asynchttpclient.netty.request.NettyRequestSender - Using pooled Channel '[id: 0x5d720e50, L:/127.0.0.1:51373 - R:localhost/127.0.0.1:3307]' for 'GET' to 'http://localhost:3307/session/c524be8e7590eabc19a242398f713a50/alert/text'
14:03:11.114 [Forwarding getAlertText on session c524be8e7590eabc19a242398f713a50 to remote] DEBUG org.asynchttpclient.netty.request.NettyRequestSender - Using open Channel [id: 0x5d720e50, L:/127.0.0.1:51373 - R:localhost/127.0.0.1:3307] for GET '/session/c524be8e7590eabc19a242398f713a50/alert/text'
14:03:11.116 [AsyncHttpClient-1-5] DEBUG org.asynchttpclient.netty.handler.HttpHandler - 

Request DefaultFullHttpRequest(decodeResult: success, version: HTTP/1.1, content: EmptyByteBufBE)
GET /session/c524be8e7590eabc19a242398f713a50/alert/text HTTP/1.1
User-Agent: selenium/4.8.1 (java windows)
Cache-Control: no-cache
Content-Type: application/json; charset=utf-8
host: localhost:3307
accept: */*

Response DefaultHttpResponse(decodeResult: success, version: HTTP/1.1)
HTTP/1.1 404 Not Found
Content-Length: 836
Content-Type: application/json; charset=utf-8
cache-control: no-cache

14:03:11.116 [AsyncHttpClient-1-5] DEBUG org.asynchttpclient.netty.channel.ChannelManager - Adding key: http://localhost:3307 for channel [id: 0x5d720e50, L:/127.0.0.1:51373 - R:localhost/127.0.0.1:3307]
14:03:11.118 [Forwarding getCurrentUrl on session c524be8e7590eabc19a242398f713a50 to remote] DEBUG org.asynchttpclient.netty.request.NettyRequestSender - Using pooled Channel '[id: 0x5d720e50, L:/127.0.0.1:51373 - R:localhost/127.0.0.1:3307]' for 'GET' to 'http://localhost:3307/session/c524be8e7590eabc19a242398f713a50/url'
14:03:11.118 [Forwarding getCurrentUrl on session c524be8e7590eabc19a242398f713a50 to remote] DEBUG org.asynchttpclient.netty.request.NettyRequestSender - Using open Channel [id: 0x5d720e50, L:/127.0.0.1:51373 - R:localhost/127.0.0.1:3307] for GET '/session/c524be8e7590eabc19a242398f713a50/url'
14:03:11.123 [AsyncHttpClient-1-5] DEBUG org.asynchttpclient.netty.handler.HttpHandler - 

Request DefaultFullHttpRequest(decodeResult: success, version: HTTP/1.1, content: EmptyByteBufBE)
GET /session/c524be8e7590eabc19a242398f713a50/url HTTP/1.1
User-Agent: selenium/4.8.1 (java windows)
Cache-Control: no-cache
Content-Type: application/json; charset=utf-8
host: localhost:3307
accept: */*

Response DefaultHttpResponse(decodeResult: success, version: HTTP/1.1)
HTTP/1.1 200 OK
Content-Length: 42
Content-Type: application/json; charset=utf-8
cache-control: no-cache

14:03:11.123 [AsyncHttpClient-1-5] DEBUG org.asynchttpclient.netty.channel.ChannelManager - Adding key: http://localhost:3307 for channel [id: 0x5d720e50, L:/127.0.0.1:51373 - R:localhost/127.0.0.1:3307]
14:03:11.126 [Forwarding screenshot on session c524be8e7590eabc19a242398f713a50 to remote] DEBUG org.asynchttpclient.netty.request.NettyRequestSender - Using pooled Channel '[id: 0x5d720e50, L:/127.0.0.1:51373 - R:localhost/127.0.0.1:3307]' for 'GET' to 'http://localhost:3307/session/c524be8e7590eabc19a242398f713a50/screenshot'
14:03:11.126 [Forwarding screenshot on session c524be8e7590eabc19a242398f713a50 to remote] DEBUG org.asynchttpclient.netty.request.NettyRequestSender - Using open Channel [id: 0x5d720e50, L:/127.0.0.1:51373 - R:localhost/127.0.0.1:3307] for GET '/session/c524be8e7590eabc19a242398f713a50/screenshot'
14:03:11.257 [AsyncHttpClient-1-5] DEBUG org.asynchttpclient.netty.handler.HttpHandler - 

Request DefaultFullHttpRequest(decodeResult: success, version: HTTP/1.1, content: EmptyByteBufBE)
GET /session/c524be8e7590eabc19a242398f713a50/screenshot HTTP/1.1
User-Agent: selenium/4.8.1 (java windows)
Cache-Control: no-cache
Content-Type: application/json; charset=utf-8
host: localhost:3307
accept: */*

Response DefaultHttpResponse(decodeResult: success, version: HTTP/1.1)
HTTP/1.1 200 OK
Content-Length: 181972
Content-Type: application/json; charset=utf-8
cache-control: no-cache

14:03:11.259 [AsyncHttpClient-1-5] DEBUG org.asynchttpclient.netty.channel.ChannelManager - Adding key: http://localhost:3307 for channel [id: 0x5d720e50, L:/127.0.0.1:51373 - R:localhost/127.0.0.1:3307]
14:03:11.267 [main] DEBUG net.serenitybdd.core.photography.Darkroom - Send negative for processing for target\site\serenity\ec77d7c03a110d1abd5dc5da4fadce19b40cc0180d74e764ad2b2b24863b2d94.png
14:03:11.269 [Forwarding getPageSource on session c524be8e7590eabc19a242398f713a50 to remote] DEBUG org.asynchttpclient.netty.request.NettyRequestSender - Using pooled Channel '[id: 0x5d720e50, L:/127.0.0.1:51373 - R:localhost/127.0.0.1:3307]' for 'POST' to 'http://localhost:3307/session/c524be8e7590eabc19a242398f713a50/execute/sync'
14:03:11.269 [Forwarding getPageSource on session c524be8e7590eabc19a242398f713a50 to remote] DEBUG org.asynchttpclient.netty.request.NettyRequestSender - Using open Channel [id: 0x5d720e50, L:/127.0.0.1:51373 - R:localhost/127.0.0.1:3307] for POST '/session/c524be8e7590eabc19a242398f713a50/execute/sync'
14:03:11.288 [AsyncHttpClient-1-5] DEBUG org.asynchttpclient.netty.handler.HttpHandler - 

Request DefaultHttpRequest(decodeResult: success, version: HTTP/1.1)
POST /session/c524be8e7590eabc19a242398f713a50/execute/sync HTTP/1.1
User-Agent: selenium/4.8.1 (java windows)
Content-Length: 176
Content-Type: application/json; charset=utf-8
host: localhost:3307
accept: */*

Response DefaultHttpResponse(decodeResult: success, version: HTTP/1.1)
HTTP/1.1 200 OK
Content-Length: 113270
Content-Type: application/json; charset=utf-8
cache-control: no-cache

14:03:11.289 [AsyncHttpClient-1-5] DEBUG org.asynchttpclient.netty.channel.ChannelManager - Adding key: http://localhost:3307 for channel [id: 0x5d720e50, L:/127.0.0.1:51373 - R:localhost/127.0.0.1:3307]
14:03:11.306 [Forwarding getCurrentUrl on session c524be8e7590eabc19a242398f713a50 to remote] DEBUG org.asynchttpclient.netty.request.NettyRequestSender - Using pooled Channel '[id: 0x5d720e50, L:/127.0.0.1:51373 - R:localhost/127.0.0.1:3307]' for 'GET' to 'http://localhost:3307/session/c524be8e7590eabc19a242398f713a50/url'
14:03:11.306 [Forwarding getCurrentUrl on session c524be8e7590eabc19a242398f713a50 to remote] DEBUG org.asynchttpclient.netty.request.NettyRequestSender - Using open Channel [id: 0x5d720e50, L:/127.0.0.1:51373 - R:localhost/127.0.0.1:3307] for GET '/session/c524be8e7590eabc19a242398f713a50/url'
14:03:11.319 [AsyncHttpClient-1-5] DEBUG org.asynchttpclient.netty.handler.HttpHandler - 

Request DefaultFullHttpRequest(decodeResult: success, version: HTTP/1.1, content: EmptyByteBufBE)
GET /session/c524be8e7590eabc19a242398f713a50/url HTTP/1.1
User-Agent: selenium/4.8.1 (java windows)
Cache-Control: no-cache
Content-Type: application/json; charset=utf-8
host: localhost:3307
accept: */*

Response DefaultHttpResponse(decodeResult: success, version: HTTP/1.1)
HTTP/1.1 200 OK
Content-Length: 42
Content-Type: application/json; charset=utf-8
cache-control: no-cache

14:03:11.322 [AsyncHttpClient-1-5] DEBUG org.asynchttpclient.netty.channel.ChannelManager - Adding key: http://localhost:3307 for channel [id: 0x5d720e50, L:/127.0.0.1:51373 - R:localhost/127.0.0.1:3307]
14:03:11.347 [main] DEBUG net.thucydides.core.steps.StepInterceptor - STARTING STEP: LoginSteps.enterInalidUsername - inputUsername
14:03:11.353 [Forwarding findElement on session c524be8e7590eabc19a242398f713a50 to remote] DEBUG org.asynchttpclient.netty.request.NettyRequestSender - Using pooled Channel '[id: 0x5d720e50, L:/127.0.0.1:51373 - R:localhost/127.0.0.1:3307]' for 'POST' to 'http://localhost:3307/session/c524be8e7590eabc19a242398f713a50/element'
14:03:11.353 [Forwarding findElement on session c524be8e7590eabc19a242398f713a50 to remote] DEBUG org.asynchttpclient.netty.request.NettyRequestSender - Using open Channel [id: 0x5d720e50, L:/127.0.0.1:51373 - R:localhost/127.0.0.1:3307] for POST '/session/c524be8e7590eabc19a242398f713a50/element'
14:03:11.377 [AsyncHttpClient-1-5] DEBUG org.asynchttpclient.netty.handler.HttpHandler - 

Request DefaultHttpRequest(decodeResult: success, version: HTTP/1.1)
POST /session/c524be8e7590eabc19a242398f713a50/element HTTP/1.1
User-Agent: selenium/4.8.1 (java windows)
Content-Length: 50
Content-Type: application/json; charset=utf-8
host: localhost:3307
accept: */*

Response DefaultHttpResponse(decodeResult: success, version: HTTP/1.1)
HTTP/1.1 200 OK
Content-Length: 88
Content-Type: application/json; charset=utf-8
cache-control: no-cache

14:03:11.377 [AsyncHttpClient-1-5] DEBUG org.asynchttpclient.netty.channel.ChannelManager - Adding key: http://localhost:3307 for channel [id: 0x5d720e50, L:/127.0.0.1:51373 - R:localhost/127.0.0.1:3307]
14:03:11.379 [Forwarding clearElement on session c524be8e7590eabc19a242398f713a50 to remote] DEBUG org.asynchttpclient.netty.request.NettyRequestSender - Using pooled Channel '[id: 0x5d720e50, L:/127.0.0.1:51373 - R:localhost/127.0.0.1:3307]' for 'POST' to 'http://localhost:3307/session/c524be8e7590eabc19a242398f713a50/element/1820e0bc-be26-48b6-b429-7a29ec9bfa3c/clear'
14:03:11.379 [Forwarding clearElement on session c524be8e7590eabc19a242398f713a50 to remote] DEBUG org.asynchttpclient.netty.request.NettyRequestSender - Using open Channel [id: 0x5d720e50, L:/127.0.0.1:51373 - R:localhost/127.0.0.1:3307] for POST '/session/c524be8e7590eabc19a242398f713a50/element/1820e0bc-be26-48b6-b429-7a29ec9bfa3c/clear'
14:03:11.456 [AsyncHttpClient-1-5] DEBUG org.asynchttpclient.netty.handler.HttpHandler - 

Request DefaultHttpRequest(decodeResult: success, version: HTTP/1.1)
POST /session/c524be8e7590eabc19a242398f713a50/element/1820e0bc-be26-48b6-b429-7a29ec9bfa3c/clear HTTP/1.1
User-Agent: selenium/4.8.1 (java windows)
Content-Length: 50
Content-Type: application/json; charset=utf-8
host: localhost:3307
accept: */*

Response DefaultHttpResponse(decodeResult: success, version: HTTP/1.1)
HTTP/1.1 200 OK
Content-Length: 14
Content-Type: application/json; charset=utf-8
cache-control: no-cache

14:03:11.456 [AsyncHttpClient-1-5] DEBUG org.asynchttpclient.netty.channel.ChannelManager - Adding key: http://localhost:3307 for channel [id: 0x5d720e50, L:/127.0.0.1:51373 - R:localhost/127.0.0.1:3307]
14:03:11.460 [Forwarding sendKeysToElement on session c524be8e7590eabc19a242398f713a50 to remote] DEBUG org.asynchttpclient.netty.request.NettyRequestSender - Using pooled Channel '[id: 0x5d720e50, L:/127.0.0.1:51373 - R:localhost/127.0.0.1:3307]' for 'POST' to 'http://localhost:3307/session/c524be8e7590eabc19a242398f713a50/element/1820e0bc-be26-48b6-b429-7a29ec9bfa3c/value'
14:03:11.460 [Forwarding sendKeysToElement on session c524be8e7590eabc19a242398f713a50 to remote] DEBUG org.asynchttpclient.netty.request.NettyRequestSender - Using open Channel [id: 0x5d720e50, L:/127.0.0.1:51373 - R:localhost/127.0.0.1:3307] for POST '/session/c524be8e7590eabc19a242398f713a50/element/1820e0bc-be26-48b6-b429-7a29ec9bfa3c/value'
14:03:11.639 [AsyncHttpClient-1-1] DEBUG org.asynchttpclient.netty.channel.DefaultChannelPool - Entry count for : http://localhost:51374 : 1
14:03:11.737 [AsyncHttpClient-1-5] DEBUG org.asynchttpclient.netty.handler.HttpHandler - 

Request DefaultHttpRequest(decodeResult: success, version: HTTP/1.1)
POST /session/c524be8e7590eabc19a242398f713a50/element/1820e0bc-be26-48b6-b429-7a29ec9bfa3c/value HTTP/1.1
User-Agent: selenium/4.8.1 (java windows)
Content-Length: 341
Content-Type: application/json; charset=utf-8
host: localhost:3307
accept: */*

Response DefaultHttpResponse(decodeResult: success, version: HTTP/1.1)
HTTP/1.1 200 OK
Content-Length: 14
Content-Type: application/json; charset=utf-8
cache-control: no-cache

14:03:11.738 [AsyncHttpClient-1-5] DEBUG org.asynchttpclient.netty.channel.ChannelManager - Adding key: http://localhost:3307 for channel [id: 0x5d720e50, L:/127.0.0.1:51373 - R:localhost/127.0.0.1:3307]
14:03:11.747 [Forwarding getAlertText on session c524be8e7590eabc19a242398f713a50 to remote] DEBUG org.asynchttpclient.netty.request.NettyRequestSender - Using pooled Channel '[id: 0x5d720e50, L:/127.0.0.1:51373 - R:localhost/127.0.0.1:3307]' for 'GET' to 'http://localhost:3307/session/c524be8e7590eabc19a242398f713a50/alert/text'
14:03:11.747 [Forwarding getAlertText on session c524be8e7590eabc19a242398f713a50 to remote] DEBUG org.asynchttpclient.netty.request.NettyRequestSender - Using open Channel [id: 0x5d720e50, L:/127.0.0.1:51373 - R:localhost/127.0.0.1:3307] for GET '/session/c524be8e7590eabc19a242398f713a50/alert/text'
14:03:11.749 [AsyncHttpClient-1-5] DEBUG org.asynchttpclient.netty.handler.HttpHandler - 

Request DefaultFullHttpRequest(decodeResult: success, version: HTTP/1.1, content: EmptyByteBufBE)
GET /session/c524be8e7590eabc19a242398f713a50/alert/text HTTP/1.1
User-Agent: selenium/4.8.1 (java windows)
Cache-Control: no-cache
Content-Type: application/json; charset=utf-8
host: localhost:3307
accept: */*

Response DefaultHttpResponse(decodeResult: success, version: HTTP/1.1)
HTTP/1.1 404 Not Found
Content-Length: 836
Content-Type: application/json; charset=utf-8
cache-control: no-cache

14:03:11.750 [AsyncHttpClient-1-5] DEBUG org.asynchttpclient.netty.channel.ChannelManager - Adding key: http://localhost:3307 for channel [id: 0x5d720e50, L:/127.0.0.1:51373 - R:localhost/127.0.0.1:3307]
14:03:11.752 [Forwarding getCurrentUrl on session c524be8e7590eabc19a242398f713a50 to remote] DEBUG org.asynchttpclient.netty.request.NettyRequestSender - Using pooled Channel '[id: 0x5d720e50, L:/127.0.0.1:51373 - R:localhost/127.0.0.1:3307]' for 'GET' to 'http://localhost:3307/session/c524be8e7590eabc19a242398f713a50/url'
14:03:11.752 [Forwarding getCurrentUrl on session c524be8e7590eabc19a242398f713a50 to remote] DEBUG org.asynchttpclient.netty.request.NettyRequestSender - Using open Channel [id: 0x5d720e50, L:/127.0.0.1:51373 - R:localhost/127.0.0.1:3307] for GET '/session/c524be8e7590eabc19a242398f713a50/url'
14:03:11.756 [AsyncHttpClient-1-5] DEBUG org.asynchttpclient.netty.handler.HttpHandler - 

Request DefaultFullHttpRequest(decodeResult: success, version: HTTP/1.1, content: EmptyByteBufBE)
GET /session/c524be8e7590eabc19a242398f713a50/url HTTP/1.1
User-Agent: selenium/4.8.1 (java windows)
Cache-Control: no-cache
Content-Type: application/json; charset=utf-8
host: localhost:3307
accept: */*

Response DefaultHttpResponse(decodeResult: success, version: HTTP/1.1)
HTTP/1.1 200 OK
Content-Length: 42
Content-Type: application/json; charset=utf-8
cache-control: no-cache

14:03:11.757 [AsyncHttpClient-1-5] DEBUG org.asynchttpclient.netty.channel.ChannelManager - Adding key: http://localhost:3307 for channel [id: 0x5d720e50, L:/127.0.0.1:51373 - R:localhost/127.0.0.1:3307]
14:03:11.758 [Forwarding screenshot on session c524be8e7590eabc19a242398f713a50 to remote] DEBUG org.asynchttpclient.netty.request.NettyRequestSender - Using pooled Channel '[id: 0x5d720e50, L:/127.0.0.1:51373 - R:localhost/127.0.0.1:3307]' for 'GET' to 'http://localhost:3307/session/c524be8e7590eabc19a242398f713a50/screenshot'
14:03:11.758 [Forwarding screenshot on session c524be8e7590eabc19a242398f713a50 to remote] DEBUG org.asynchttpclient.netty.request.NettyRequestSender - Using open Channel [id: 0x5d720e50, L:/127.0.0.1:51373 - R:localhost/127.0.0.1:3307] for GET '/session/c524be8e7590eabc19a242398f713a50/screenshot'
14:03:11.909 [AsyncHttpClient-1-5] DEBUG org.asynchttpclient.netty.handler.HttpHandler - 

Request DefaultFullHttpRequest(decodeResult: success, version: HTTP/1.1, content: EmptyByteBufBE)
GET /session/c524be8e7590eabc19a242398f713a50/screenshot HTTP/1.1
User-Agent: selenium/4.8.1 (java windows)
Cache-Control: no-cache
Content-Type: application/json; charset=utf-8
host: localhost:3307
accept: */*

Response DefaultHttpResponse(decodeResult: success, version: HTTP/1.1)
HTTP/1.1 200 OK
Content-Length: 185516
Content-Type: application/json; charset=utf-8
cache-control: no-cache

14:03:11.910 [AsyncHttpClient-1-5] DEBUG org.asynchttpclient.netty.channel.ChannelManager - Adding key: http://localhost:3307 for channel [id: 0x5d720e50, L:/127.0.0.1:51373 - R:localhost/127.0.0.1:3307]
14:03:11.918 [main] DEBUG net.serenitybdd.core.photography.Darkroom - Send negative for processing for target\site\serenity\2f07d5769e8ece7d21ea7d2a85f4864b49e34462e93bb36c8e80777e8d984335.png
14:03:11.919 [main] DEBUG net.thucydides.core.steps.StepInterceptor - STEP DONE: inputUsername
14:03:11.919 [Darkroom Processing Line] DEBUG net.serenitybdd.core.photography.DarkroomProcessingLine - Processing screenshot image in /var/screenshots/screenshot-8727216059284753455
14:03:11.919 [Darkroom Processing Line] DEBUG net.serenitybdd.core.photography.DarkroomProcessingLine - Saving screenshot to target\site\serenity\2f07d5769e8ece7d21ea7d2a85f4864b49e34462e93bb36c8e80777e8d984335.png
  &amp#27;[32mWhen &amp#27;[0m&amp#27;[32mI enter invalid username&amp#27;[0m                   &amp#27;[90m# starter.stepdefinition.LoginSteps.enterInalidUsername()&amp#27;[0m
14:03:11.937 [Forwarding getPageSource on session c524be8e7590eabc19a242398f713a50 to remote] DEBUG org.asynchttpclient.netty.request.NettyRequestSender - Using pooled Channel '[id: 0x5d720e50, L:/127.0.0.1:51373 - R:localhost/127.0.0.1:3307]' for 'POST' to 'http://localhost:3307/session/c524be8e7590eabc19a242398f713a50/execute/sync'
14:03:11.937 [Forwarding getPageSource on session c524be8e7590eabc19a242398f713a50 to remote] DEBUG org.asynchttpclient.netty.request.NettyRequestSender - Using open Channel [id: 0x5d720e50, L:/127.0.0.1:51373 - R:localhost/127.0.0.1:3307] for POST '/session/c524be8e7590eabc19a242398f713a50/execute/sync'
14:03:11.951 [AsyncHttpClient-1-5] DEBUG org.asynchttpclient.netty.handler.HttpHandler - 

Request DefaultHttpRequest(decodeResult: success, version: HTTP/1.1)
POST /session/c524be8e7590eabc19a242398f713a50/execute/sync HTTP/1.1
User-Agent: selenium/4.8.1 (java windows)
Content-Length: 176
Content-Type: application/json; charset=utf-8
host: localhost:3307
accept: */*

Response DefaultHttpResponse(decodeResult: success, version: HTTP/1.1)
HTTP/1.1 200 OK
Content-Length: 113320
Content-Type: application/json; charset=utf-8
cache-control: no-cache

14:03:11.952 [AsyncHttpClient-1-5] DEBUG org.asynchttpclient.netty.channel.ChannelManager - Adding key: http://localhost:3307 for channel [id: 0x5d720e50, L:/127.0.0.1:51373 - R:localhost/127.0.0.1:3307]
14:03:11.968 [Forwarding getCurrentUrl on session c524be8e7590eabc19a242398f713a50 to remote] DEBUG org.asynchttpclient.netty.request.NettyRequestSender - Using pooled Channel '[id: 0x5d720e50, L:/127.0.0.1:51373 - R:localhost/127.0.0.1:3307]' for 'GET' to 'http://localhost:3307/session/c524be8e7590eabc19a242398f713a50/url'
14:03:11.968 [Forwarding getCurrentUrl on session c524be8e7590eabc19a242398f713a50 to remote] DEBUG org.asynchttpclient.netty.request.NettyRequestSender - Using open Channel [id: 0x5d720e50, L:/127.0.0.1:51373 - R:localhost/127.0.0.1:3307] for GET '/session/c524be8e7590eabc19a242398f713a50/url'
14:03:11.973 [AsyncHttpClient-1-5] DEBUG org.asynchttpclient.netty.handler.HttpHandler - 

Request DefaultFullHttpRequest(decodeResult: success, version: HTTP/1.1, content: EmptyByteBufBE)
GET /session/c524be8e7590eabc19a242398f713a50/url HTTP/1.1
User-Agent: selenium/4.8.1 (java windows)
Cache-Control: no-cache
Content-Type: application/json; charset=utf-8
host: localhost:3307
accept: */*

Response DefaultHttpResponse(decodeResult: success, version: HTTP/1.1)
HTTP/1.1 200 OK
Content-Length: 42
Content-Type: application/json; charset=utf-8
cache-control: no-cache

14:03:11.973 [AsyncHttpClient-1-5] DEBUG org.asynchttpclient.netty.channel.ChannelManager - Adding key: http://localhost:3307 for channel [id: 0x5d720e50, L:/127.0.0.1:51373 - R:localhost/127.0.0.1:3307]
14:03:11.991 [Forwarding getAlertText on session c524be8e7590eabc19a242398f713a50 to remote] DEBUG org.asynchttpclient.netty.request.NettyRequestSender - Using pooled Channel '[id: 0x5d720e50, L:/127.0.0.1:51373 - R:localhost/127.0.0.1:3307]' for 'GET' to 'http://localhost:3307/session/c524be8e7590eabc19a242398f713a50/alert/text'
14:03:11.991 [Forwarding getAlertText on session c524be8e7590eabc19a242398f713a50 to remote] DEBUG org.asynchttpclient.netty.request.NettyRequestSender - Using open Channel [id: 0x5d720e50, L:/127.0.0.1:51373 - R:localhost/127.0.0.1:3307] for GET '/session/c524be8e7590eabc19a242398f713a50/alert/text'
14:03:11.993 [AsyncHttpClient-1-5] DEBUG org.asynchttpclient.netty.handler.HttpHandler - 

Request DefaultFullHttpRequest(decodeResult: success, version: HTTP/1.1, content: EmptyByteBufBE)
GET /session/c524be8e7590eabc19a242398f713a50/alert/text HTTP/1.1
User-Agent: selenium/4.8.1 (java windows)
Cache-Control: no-cache
Content-Type: application/json; charset=utf-8
host: localhost:3307
accept: */*

Response DefaultHttpResponse(decodeResult: success, version: HTTP/1.1)
HTTP/1.1 404 Not Found
Content-Length: 836
Content-Type: application/json; charset=utf-8
cache-control: no-cache

14:03:11.993 [AsyncHttpClient-1-5] DEBUG org.asynchttpclient.netty.channel.ChannelManager - Adding key: http://localhost:3307 for channel [id: 0x5d720e50, L:/127.0.0.1:51373 - R:localhost/127.0.0.1:3307]
14:03:11.995 [Forwarding getCurrentUrl on session c524be8e7590eabc19a242398f713a50 to remote] DEBUG org.asynchttpclient.netty.request.NettyRequestSender - Using pooled Channel '[id: 0x5d720e50, L:/127.0.0.1:51373 - R:localhost/127.0.0.1:3307]' for 'GET' to 'http://localhost:3307/session/c524be8e7590eabc19a242398f713a50/url'
14:03:11.995 [Forwarding getCurrentUrl on session c524be8e7590eabc19a242398f713a50 to remote] DEBUG org.asynchttpclient.netty.request.NettyRequestSender - Using open Channel [id: 0x5d720e50, L:/127.0.0.1:51373 - R:localhost/127.0.0.1:3307] for GET '/session/c524be8e7590eabc19a242398f713a50/url'
14:03:12.000 [AsyncHttpClient-1-5] DEBUG org.asynchttpclient.netty.handler.HttpHandler - 

Request DefaultFullHttpRequest(decodeResult: success, version: HTTP/1.1, content: EmptyByteBufBE)
GET /session/c524be8e7590eabc19a242398f713a50/url HTTP/1.1
User-Agent: selenium/4.8.1 (java windows)
Cache-Control: no-cache
Content-Type: application/json; charset=utf-8
host: localhost:3307
accept: */*

Response DefaultHttpResponse(decodeResult: success, version: HTTP/1.1)
HTTP/1.1 200 OK
Content-Length: 42
Content-Type: application/json; charset=utf-8
cache-control: no-cache

14:03:12.000 [AsyncHttpClient-1-5] DEBUG org.asynchttpclient.netty.channel.ChannelManager - Adding key: http://localhost:3307 for channel [id: 0x5d720e50, L:/127.0.0.1:51373 - R:localhost/127.0.0.1:3307]
14:03:12.002 [Forwarding screenshot on session c524be8e7590eabc19a242398f713a50 to remote] DEBUG org.asynchttpclient.netty.request.NettyRequestSender - Using pooled Channel '[id: 0x5d720e50, L:/127.0.0.1:51373 - R:localhost/127.0.0.1:3307]' for 'GET' to 'http://localhost:3307/session/c524be8e7590eabc19a242398f713a50/screenshot'
14:03:12.003 [Forwarding screenshot on session c524be8e7590eabc19a242398f713a50 to remote] DEBUG org.asynchttpclient.netty.request.NettyRequestSender - Using open Channel [id: 0x5d720e50, L:/127.0.0.1:51373 - R:localhost/127.0.0.1:3307] for GET '/session/c524be8e7590eabc19a242398f713a50/screenshot'
14:03:12.140 [AsyncHttpClient-1-5] DEBUG org.asynchttpclient.netty.handler.HttpHandler - 

Request DefaultFullHttpRequest(decodeResult: success, version: HTTP/1.1, content: EmptyByteBufBE)
GET /session/c524be8e7590eabc19a242398f713a50/screenshot HTTP/1.1
User-Agent: selenium/4.8.1 (java windows)
Cache-Control: no-cache
Content-Type: application/json; charset=utf-8
host: localhost:3307
accept: */*

Response DefaultHttpResponse(decodeResult: success, version: HTTP/1.1)
HTTP/1.1 200 OK
Content-Length: 185516
Content-Type: application/json; charset=utf-8
cache-control: no-cache

14:03:12.141 [AsyncHttpClient-1-5] DEBUG org.asynchttpclient.netty.channel.ChannelManager - Adding key: http://localhost:3307 for channel [id: 0x5d720e50, L:/127.0.0.1:51373 - R:localhost/127.0.0.1:3307]
14:03:12.147 [main] DEBUG net.serenitybdd.core.photography.Darkroom - Send negative for processing for target\site\serenity\2f07d5769e8ece7d21ea7d2a85f4864b49e34462e93bb36c8e80777e8d984335.png
14:03:12.148 [Forwarding getPageSource on session c524be8e7590eabc19a242398f713a50 to remote] DEBUG org.asynchttpclient.netty.request.NettyRequestSender - Using pooled Channel '[id: 0x5d720e50, L:/127.0.0.1:51373 - R:localhost/127.0.0.1:3307]' for 'POST' to 'http://localhost:3307/session/c524be8e7590eabc19a242398f713a50/execute/sync'
14:03:12.148 [Forwarding getPageSource on session c524be8e7590eabc19a242398f713a50 to remote] DEBUG org.asynchttpclient.netty.request.NettyRequestSender - Using open Channel [id: 0x5d720e50, L:/127.0.0.1:51373 - R:localhost/127.0.0.1:3307] for POST '/session/c524be8e7590eabc19a242398f713a50/execute/sync'
14:03:12.162 [AsyncHttpClient-1-5] DEBUG org.asynchttpclient.netty.handler.HttpHandler - 

Request DefaultHttpRequest(decodeResult: success, version: HTTP/1.1)
POST /session/c524be8e7590eabc19a242398f713a50/execute/sync HTTP/1.1
User-Agent: selenium/4.8.1 (java windows)
Content-Length: 176
Content-Type: application/json; charset=utf-8
host: localhost:3307
accept: */*

Response DefaultHttpResponse(decodeResult: success, version: HTTP/1.1)
HTTP/1.1 200 OK
Content-Length: 113320
Content-Type: application/json; charset=utf-8
cache-control: no-cache

14:03:12.162 [AsyncHttpClient-1-5] DEBUG org.asynchttpclient.netty.channel.ChannelManager - Adding key: http://localhost:3307 for channel [id: 0x5d720e50, L:/127.0.0.1:51373 - R:localhost/127.0.0.1:3307]
14:03:12.170 [Forwarding getCurrentUrl on session c524be8e7590eabc19a242398f713a50 to remote] DEBUG org.asynchttpclient.netty.request.NettyRequestSender - Using pooled Channel '[id: 0x5d720e50, L:/127.0.0.1:51373 - R:localhost/127.0.0.1:3307]' for 'GET' to 'http://localhost:3307/session/c524be8e7590eabc19a242398f713a50/url'
14:03:12.170 [Forwarding getCurrentUrl on session c524be8e7590eabc19a242398f713a50 to remote] DEBUG org.asynchttpclient.netty.request.NettyRequestSender - Using open Channel [id: 0x5d720e50, L:/127.0.0.1:51373 - R:localhost/127.0.0.1:3307] for GET '/session/c524be8e7590eabc19a242398f713a50/url'
14:03:12.175 [AsyncHttpClient-1-5] DEBUG org.asynchttpclient.netty.handler.HttpHandler - 

Request DefaultFullHttpRequest(decodeResult: success, version: HTTP/1.1, content: EmptyByteBufBE)
GET /session/c524be8e7590eabc19a242398f713a50/url HTTP/1.1
User-Agent: selenium/4.8.1 (java windows)
Cache-Control: no-cache
Content-Type: application/json; charset=utf-8
host: localhost:3307
accept: */*

Response DefaultHttpResponse(decodeResult: success, version: HTTP/1.1)
HTTP/1.1 200 OK
Content-Length: 42
Content-Type: application/json; charset=utf-8
cache-control: no-cache

14:03:12.175 [AsyncHttpClient-1-5] DEBUG org.asynchttpclient.netty.channel.ChannelManager - Adding key: http://localhost:3307 for channel [id: 0x5d720e50, L:/127.0.0.1:51373 - R:localhost/127.0.0.1:3307]
14:03:12.178 [main] DEBUG net.thucydides.core.steps.StepInterceptor - STARTING STEP: LoginSteps.enterValidUserPassword - inputPassword
14:03:12.181 [Forwarding findElement on session c524be8e7590eabc19a242398f713a50 to remote] DEBUG org.asynchttpclient.netty.request.NettyRequestSender - Using pooled Channel '[id: 0x5d720e50, L:/127.0.0.1:51373 - R:localhost/127.0.0.1:3307]' for 'POST' to 'http://localhost:3307/session/c524be8e7590eabc19a242398f713a50/element'
14:03:12.181 [Forwarding findElement on session c524be8e7590eabc19a242398f713a50 to remote] DEBUG org.asynchttpclient.netty.request.NettyRequestSender - Using open Channel [id: 0x5d720e50, L:/127.0.0.1:51373 - R:localhost/127.0.0.1:3307] for POST '/session/c524be8e7590eabc19a242398f713a50/element'
14:03:12.196 [AsyncHttpClient-1-5] DEBUG org.asynchttpclient.netty.handler.HttpHandler - 

Request DefaultHttpRequest(decodeResult: success, version: HTTP/1.1)
POST /session/c524be8e7590eabc19a242398f713a50/element HTTP/1.1
User-Agent: selenium/4.8.1 (java windows)
Content-Length: 53
Content-Type: application/json; charset=utf-8
host: localhost:3307
accept: */*

Response DefaultHttpResponse(decodeResult: success, version: HTTP/1.1)
HTTP/1.1 200 OK
Content-Length: 88
Content-Type: application/json; charset=utf-8
cache-control: no-cache

14:03:12.197 [AsyncHttpClient-1-5] DEBUG org.asynchttpclient.netty.channel.ChannelManager - Adding key: http://localhost:3307 for channel [id: 0x5d720e50, L:/127.0.0.1:51373 - R:localhost/127.0.0.1:3307]
14:03:12.198 [Forwarding clearElement on session c524be8e7590eabc19a242398f713a50 to remote] DEBUG org.asynchttpclient.netty.request.NettyRequestSender - Using pooled Channel '[id: 0x5d720e50, L:/127.0.0.1:51373 - R:localhost/127.0.0.1:3307]' for 'POST' to 'http://localhost:3307/session/c524be8e7590eabc19a242398f713a50/element/b4f3cd2c-8cb3-4917-b8e8-0587aa2e63b9/clear'
14:03:12.198 [Forwarding clearElement on session c524be8e7590eabc19a242398f713a50 to remote] DEBUG org.asynchttpclient.netty.request.NettyRequestSender - Using open Channel [id: 0x5d720e50, L:/127.0.0.1:51373 - R:localhost/127.0.0.1:3307] for POST '/session/c524be8e7590eabc19a242398f713a50/element/b4f3cd2c-8cb3-4917-b8e8-0587aa2e63b9/clear'
14:03:12.249 [AsyncHttpClient-1-5] DEBUG org.asynchttpclient.netty.handler.HttpHandler - 

Request DefaultHttpRequest(decodeResult: success, version: HTTP/1.1)
POST /session/c524be8e7590eabc19a242398f713a50/element/b4f3cd2c-8cb3-4917-b8e8-0587aa2e63b9/clear HTTP/1.1
User-Agent: selenium/4.8.1 (java windows)
Content-Length: 50
Content-Type: application/json; charset=utf-8
host: localhost:3307
accept: */*

Response DefaultHttpResponse(decodeResult: success, version: HTTP/1.1)
HTTP/1.1 200 OK
Content-Length: 14
Content-Type: application/json; charset=utf-8
cache-control: no-cache

14:03:12.250 [AsyncHttpClient-1-5] DEBUG org.asynchttpclient.netty.channel.ChannelManager - Adding key: http://localhost:3307 for channel [id: 0x5d720e50, L:/127.0.0.1:51373 - R:localhost/127.0.0.1:3307]
14:03:12.252 [Forwarding sendKeysToElement on session c524be8e7590eabc19a242398f713a50 to remote] DEBUG org.asynchttpclient.netty.request.NettyRequestSender - Using pooled Channel '[id: 0x5d720e50, L:/127.0.0.1:51373 - R:localhost/127.0.0.1:3307]' for 'POST' to 'http://localhost:3307/session/c524be8e7590eabc19a242398f713a50/element/b4f3cd2c-8cb3-4917-b8e8-0587aa2e63b9/value'
14:03:12.252 [Forwarding sendKeysToElement on session c524be8e7590eabc19a242398f713a50 to remote] DEBUG org.asynchttpclient.netty.request.NettyRequestSender - Using open Channel [id: 0x5d720e50, L:/127.0.0.1:51373 - R:localhost/127.0.0.1:3307] for POST '/session/c524be8e7590eabc19a242398f713a50/element/b4f3cd2c-8cb3-4917-b8e8-0587aa2e63b9/value'
14:03:12.406 [AsyncHttpClient-1-5] DEBUG org.asynchttpclient.netty.handler.HttpHandler - 

Request DefaultHttpRequest(decodeResult: success, version: HTTP/1.1)
POST /session/c524be8e7590eabc19a242398f713a50/element/b4f3cd2c-8cb3-4917-b8e8-0587aa2e63b9/value HTTP/1.1
User-Agent: selenium/4.8.1 (java windows)
Content-Length: 201
Content-Type: application/json; charset=utf-8
host: localhost:3307
accept: */*

Response DefaultHttpResponse(decodeResult: success, version: HTTP/1.1)
HTTP/1.1 200 OK
Content-Length: 14
Content-Type: application/json; charset=utf-8
cache-control: no-cache

14:03:12.406 [AsyncHttpClient-1-5] DEBUG org.asynchttpclient.netty.channel.ChannelManager - Adding key: http://localhost:3307 for channel [id: 0x5d720e50, L:/127.0.0.1:51373 - R:localhost/127.0.0.1:3307]
14:03:12.418 [Forwarding getAlertText on session c524be8e7590eabc19a242398f713a50 to remote] DEBUG org.asynchttpclient.netty.request.NettyRequestSender - Using pooled Channel '[id: 0x5d720e50, L:/127.0.0.1:51373 - R:localhost/127.0.0.1:3307]' for 'GET' to 'http://localhost:3307/session/c524be8e7590eabc19a242398f713a50/alert/text'
14:03:12.418 [Forwarding getAlertText on session c524be8e7590eabc19a242398f713a50 to remote] DEBUG org.asynchttpclient.netty.request.NettyRequestSender - Using open Channel [id: 0x5d720e50, L:/127.0.0.1:51373 - R:localhost/127.0.0.1:3307] for GET '/session/c524be8e7590eabc19a242398f713a50/alert/text'
14:03:12.421 [AsyncHttpClient-1-5] DEBUG org.asynchttpclient.netty.handler.HttpHandler - 

Request DefaultFullHttpRequest(decodeResult: success, version: HTTP/1.1, content: EmptyByteBufBE)
GET /session/c524be8e7590eabc19a242398f713a50/alert/text HTTP/1.1
User-Agent: selenium/4.8.1 (java windows)
Cache-Control: no-cache
Content-Type: application/json; charset=utf-8
host: localhost:3307
accept: */*

Response DefaultHttpResponse(decodeResult: success, version: HTTP/1.1)
HTTP/1.1 404 Not Found
Content-Length: 836
Content-Type: application/json; charset=utf-8
cache-control: no-cache

14:03:12.421 [AsyncHttpClient-1-5] DEBUG org.asynchttpclient.netty.channel.ChannelManager - Adding key: http://localhost:3307 for channel [id: 0x5d720e50, L:/127.0.0.1:51373 - R:localhost/127.0.0.1:3307]
14:03:12.423 [Forwarding getCurrentUrl on session c524be8e7590eabc19a242398f713a50 to remote] DEBUG org.asynchttpclient.netty.request.NettyRequestSender - Using pooled Channel '[id: 0x5d720e50, L:/127.0.0.1:51373 - R:localhost/127.0.0.1:3307]' for 'GET' to 'http://localhost:3307/session/c524be8e7590eabc19a242398f713a50/url'
14:03:12.423 [Forwarding getCurrentUrl on session c524be8e7590eabc19a242398f713a50 to remote] DEBUG org.asynchttpclient.netty.request.NettyRequestSender - Using open Channel [id: 0x5d720e50, L:/127.0.0.1:51373 - R:localhost/127.0.0.1:3307] for GET '/session/c524be8e7590eabc19a242398f713a50/url'
14:03:12.428 [AsyncHttpClient-1-5] DEBUG org.asynchttpclient.netty.handler.HttpHandler - 

Request DefaultFullHttpRequest(decodeResult: success, version: HTTP/1.1, content: EmptyByteBufBE)
GET /session/c524be8e7590eabc19a242398f713a50/url HTTP/1.1
User-Agent: selenium/4.8.1 (java windows)
Cache-Control: no-cache
Content-Type: application/json; charset=utf-8
host: localhost:3307
accept: */*

Response DefaultHttpResponse(decodeResult: success, version: HTTP/1.1)
HTTP/1.1 200 OK
Content-Length: 42
Content-Type: application/json; charset=utf-8
cache-control: no-cache

14:03:12.428 [AsyncHttpClient-1-5] DEBUG org.asynchttpclient.netty.channel.ChannelManager - Adding key: http://localhost:3307 for channel [id: 0x5d720e50, L:/127.0.0.1:51373 - R:localhost/127.0.0.1:3307]
14:03:12.429 [Forwarding screenshot on session c524be8e7590eabc19a242398f713a50 to remote] DEBUG org.asynchttpclient.netty.request.NettyRequestSender - Using pooled Channel '[id: 0x5d720e50, L:/127.0.0.1:51373 - R:localhost/127.0.0.1:3307]' for 'GET' to 'http://localhost:3307/session/c524be8e7590eabc19a242398f713a50/screenshot'
14:03:12.429 [Forwarding screenshot on session c524be8e7590eabc19a242398f713a50 to remote] DEBUG org.asynchttpclient.netty.request.NettyRequestSender - Using open Channel [id: 0x5d720e50, L:/127.0.0.1:51373 - R:localhost/127.0.0.1:3307] for GET '/session/c524be8e7590eabc19a242398f713a50/screenshot'
14:03:12.628 [AsyncHttpClient-1-5] DEBUG org.asynchttpclient.netty.handler.HttpHandler - 

Request DefaultFullHttpRequest(decodeResult: success, version: HTTP/1.1, content: EmptyByteBufBE)
GET /session/c524be8e7590eabc19a242398f713a50/screenshot HTTP/1.1
User-Agent: selenium/4.8.1 (java windows)
Cache-Control: no-cache
Content-Type: application/json; charset=utf-8
host: localhost:3307
accept: */*

Response DefaultHttpResponse(decodeResult: success, version: HTTP/1.1)
HTTP/1.1 200 OK
Content-Length: 184780
Content-Type: application/json; charset=utf-8
cache-control: no-cache

14:03:12.629 [AsyncHttpClient-1-5] DEBUG org.asynchttpclient.netty.channel.ChannelManager - Adding key: http://localhost:3307 for channel [id: 0x5d720e50, L:/127.0.0.1:51373 - R:localhost/127.0.0.1:3307]
14:03:12.636 [main] DEBUG net.serenitybdd.core.photography.Darkroom - Send negative for processing for target\site\serenity\26a87d13dfff807ed4cdd0687224c678bc90b6a6c0d53c532e9dce33c79caacd.png
14:03:12.636 [main] DEBUG net.thucydides.core.steps.StepInterceptor - STEP DONE: inputPassword
14:03:12.636 [Darkroom Processing Line] DEBUG net.serenitybdd.core.photography.DarkroomProcessingLine - Processing screenshot image in /var/screenshots/screenshot-10687653183475530868
14:03:12.636 [Darkroom Processing Line] DEBUG net.serenitybdd.core.photography.DarkroomProcessingLine - Saving screenshot to target\site\serenity\26a87d13dfff807ed4cdd0687224c678bc90b6a6c0d53c532e9dce33c79caacd.png
  &amp#27;[32mAnd &amp#27;[0m&amp#27;[32mI enter valid user password&amp#27;[0m                 &amp#27;[90m# starter.stepdefinition.LoginSteps.enterValidUserPassword()&amp#27;[0m
14:03:12.659 [Forwarding getPageSource on session c524be8e7590eabc19a242398f713a50 to remote] DEBUG org.asynchttpclient.netty.request.NettyRequestSender - Using pooled Channel '[id: 0x5d720e50, L:/127.0.0.1:51373 - R:localhost/127.0.0.1:3307]' for 'POST' to 'http://localhost:3307/session/c524be8e7590eabc19a242398f713a50/execute/sync'
14:03:12.659 [Forwarding getPageSource on session c524be8e7590eabc19a242398f713a50 to remote] DEBUG org.asynchttpclient.netty.request.NettyRequestSender - Using open Channel [id: 0x5d720e50, L:/127.0.0.1:51373 - R:localhost/127.0.0.1:3307] for POST '/session/c524be8e7590eabc19a242398f713a50/execute/sync'
14:03:12.680 [AsyncHttpClient-1-5] DEBUG org.asynchttpclient.netty.handler.HttpHandler - 

Request DefaultHttpRequest(decodeResult: success, version: HTTP/1.1)
POST /session/c524be8e7590eabc19a242398f713a50/execute/sync HTTP/1.1
User-Agent: selenium/4.8.1 (java windows)
Content-Length: 176
Content-Type: application/json; charset=utf-8
host: localhost:3307
accept: */*

Response DefaultHttpResponse(decodeResult: success, version: HTTP/1.1)
HTTP/1.1 200 OK
Content-Length: 113338
Content-Type: application/json; charset=utf-8
cache-control: no-cache

14:03:12.680 [AsyncHttpClient-1-5] DEBUG org.asynchttpclient.netty.channel.ChannelManager - Adding key: http://localhost:3307 for channel [id: 0x5d720e50, L:/127.0.0.1:51373 - R:localhost/127.0.0.1:3307]
14:03:12.694 [Forwarding getCurrentUrl on session c524be8e7590eabc19a242398f713a50 to remote] DEBUG org.asynchttpclient.netty.request.NettyRequestSender - Using pooled Channel '[id: 0x5d720e50, L:/127.0.0.1:51373 - R:localhost/127.0.0.1:3307]' for 'GET' to 'http://localhost:3307/session/c524be8e7590eabc19a242398f713a50/url'
14:03:12.694 [Forwarding getCurrentUrl on session c524be8e7590eabc19a242398f713a50 to remote] DEBUG org.asynchttpclient.netty.request.NettyRequestSender - Using open Channel [id: 0x5d720e50, L:/127.0.0.1:51373 - R:localhost/127.0.0.1:3307] for GET '/session/c524be8e7590eabc19a242398f713a50/url'
14:03:12.699 [AsyncHttpClient-1-5] DEBUG org.asynchttpclient.netty.handler.HttpHandler - 

Request DefaultFullHttpRequest(decodeResult: success, version: HTTP/1.1, content: EmptyByteBufBE)
GET /session/c524be8e7590eabc19a242398f713a50/url HTTP/1.1
User-Agent: selenium/4.8.1 (java windows)
Cache-Control: no-cache
Content-Type: application/json; charset=utf-8
host: localhost:3307
accept: */*

Response DefaultHttpResponse(decodeResult: success, version: HTTP/1.1)
HTTP/1.1 200 OK
Content-Length: 42
Content-Type: application/json; charset=utf-8
cache-control: no-cache

14:03:12.699 [AsyncHttpClient-1-5] DEBUG org.asynchttpclient.netty.channel.ChannelManager - Adding key: http://localhost:3307 for channel [id: 0x5d720e50, L:/127.0.0.1:51373 - R:localhost/127.0.0.1:3307]
14:03:12.717 [Forwarding getAlertText on session c524be8e7590eabc19a242398f713a50 to remote] DEBUG org.asynchttpclient.netty.request.NettyRequestSender - Using pooled Channel '[id: 0x5d720e50, L:/127.0.0.1:51373 - R:localhost/127.0.0.1:3307]' for 'GET' to 'http://localhost:3307/session/c524be8e7590eabc19a242398f713a50/alert/text'
14:03:12.717 [Forwarding getAlertText on session c524be8e7590eabc19a242398f713a50 to remote] DEBUG org.asynchttpclient.netty.request.NettyRequestSender - Using open Channel [id: 0x5d720e50, L:/127.0.0.1:51373 - R:localhost/127.0.0.1:3307] for GET '/session/c524be8e7590eabc19a242398f713a50/alert/text'
14:03:12.719 [AsyncHttpClient-1-5] DEBUG org.asynchttpclient.netty.handler.HttpHandler - 

Request DefaultFullHttpRequest(decodeResult: success, version: HTTP/1.1, content: EmptyByteBufBE)
GET /session/c524be8e7590eabc19a242398f713a50/alert/text HTTP/1.1
User-Agent: selenium/4.8.1 (java windows)
Cache-Control: no-cache
Content-Type: application/json; charset=utf-8
host: localhost:3307
accept: */*

Response DefaultHttpResponse(decodeResult: success, version: HTTP/1.1)
HTTP/1.1 404 Not Found
Content-Length: 836
Content-Type: application/json; charset=utf-8
cache-control: no-cache

14:03:12.719 [AsyncHttpClient-1-5] DEBUG org.asynchttpclient.netty.channel.ChannelManager - Adding key: http://localhost:3307 for channel [id: 0x5d720e50, L:/127.0.0.1:51373 - R:localhost/127.0.0.1:3307]
14:03:12.721 [Forwarding getCurrentUrl on session c524be8e7590eabc19a242398f713a50 to remote] DEBUG org.asynchttpclient.netty.request.NettyRequestSender - Using pooled Channel '[id: 0x5d720e50, L:/127.0.0.1:51373 - R:localhost/127.0.0.1:3307]' for 'GET' to 'http://localhost:3307/session/c524be8e7590eabc19a242398f713a50/url'
14:03:12.721 [Forwarding getCurrentUrl on session c524be8e7590eabc19a242398f713a50 to remote] DEBUG org.asynchttpclient.netty.request.NettyRequestSender - Using open Channel [id: 0x5d720e50, L:/127.0.0.1:51373 - R:localhost/127.0.0.1:3307] for GET '/session/c524be8e7590eabc19a242398f713a50/url'
14:03:12.725 [AsyncHttpClient-1-5] DEBUG org.asynchttpclient.netty.handler.HttpHandler - 

Request DefaultFullHttpRequest(decodeResult: success, version: HTTP/1.1, content: EmptyByteBufBE)
GET /session/c524be8e7590eabc19a242398f713a50/url HTTP/1.1
User-Agent: selenium/4.8.1 (java windows)
Cache-Control: no-cache
Content-Type: application/json; charset=utf-8
host: localhost:3307
accept: */*

Response DefaultHttpResponse(decodeResult: success, version: HTTP/1.1)
HTTP/1.1 200 OK
Content-Length: 42
Content-Type: application/json; charset=utf-8
cache-control: no-cache

14:03:12.726 [AsyncHttpClient-1-5] DEBUG org.asynchttpclient.netty.channel.ChannelManager - Adding key: http://localhost:3307 for channel [id: 0x5d720e50, L:/127.0.0.1:51373 - R:localhost/127.0.0.1:3307]
14:03:12.727 [Forwarding screenshot on session c524be8e7590eabc19a242398f713a50 to remote] DEBUG org.asynchttpclient.netty.request.NettyRequestSender - Using pooled Channel '[id: 0x5d720e50, L:/127.0.0.1:51373 - R:localhost/127.0.0.1:3307]' for 'GET' to 'http://localhost:3307/session/c524be8e7590eabc19a242398f713a50/screenshot'
14:03:12.727 [Forwarding screenshot on session c524be8e7590eabc19a242398f713a50 to remote] DEBUG org.asynchttpclient.netty.request.NettyRequestSender - Using open Channel [id: 0x5d720e50, L:/127.0.0.1:51373 - R:localhost/127.0.0.1:3307] for GET '/session/c524be8e7590eabc19a242398f713a50/screenshot'
14:03:12.732 [AsyncHttpClient-1-1] DEBUG org.asynchttpclient.netty.channel.DefaultChannelPool - Entry count for : http://localhost:51374 : 1
14:03:12.871 [AsyncHttpClient-1-5] DEBUG org.asynchttpclient.netty.handler.HttpHandler - 

Request DefaultFullHttpRequest(decodeResult: success, version: HTTP/1.1, content: EmptyByteBufBE)
GET /session/c524be8e7590eabc19a242398f713a50/screenshot HTTP/1.1
User-Agent: selenium/4.8.1 (java windows)
Cache-Control: no-cache
Content-Type: application/json; charset=utf-8
host: localhost:3307
accept: */*

Response DefaultHttpResponse(decodeResult: success, version: HTTP/1.1)
HTTP/1.1 200 OK
Content-Length: 181364
Content-Type: application/json; charset=utf-8
cache-control: no-cache

14:03:12.872 [AsyncHttpClient-1-5] DEBUG org.asynchttpclient.netty.channel.ChannelManager - Adding key: http://localhost:3307 for channel [id: 0x5d720e50, L:/127.0.0.1:51373 - R:localhost/127.0.0.1:3307]
14:03:12.877 [main] DEBUG net.serenitybdd.core.photography.Darkroom - Send negative for processing for target\site\serenity\09926abb8af0235cabc688157ebf38ed77626b0ae2740def20362ac6a264d131.png
14:03:12.877 [Darkroom Processing Line] DEBUG net.serenitybdd.core.photography.DarkroomProcessingLine - Processing screenshot image in /var/screenshots/screenshot-10454266602548628250
14:03:12.877 [Darkroom Processing Line] DEBUG net.serenitybdd.core.photography.DarkroomProcessingLine - Saving screenshot to target\site\serenity\09926abb8af0235cabc688157ebf38ed77626b0ae2740def20362ac6a264d131.png
14:03:12.879 [Forwarding getPageSource on session c524be8e7590eabc19a242398f713a50 to remote] DEBUG org.asynchttpclient.netty.request.NettyRequestSender - Using pooled Channel '[id: 0x5d720e50, L:/127.0.0.1:51373 - R:localhost/127.0.0.1:3307]' for 'POST' to 'http://localhost:3307/session/c524be8e7590eabc19a242398f713a50/execute/sync'
14:03:12.879 [Forwarding getPageSource on session c524be8e7590eabc19a242398f713a50 to remote] DEBUG org.asynchttpclient.netty.request.NettyRequestSender - Using open Channel [id: 0x5d720e50, L:/127.0.0.1:51373 - R:localhost/127.0.0.1:3307] for POST '/session/c524be8e7590eabc19a242398f713a50/execute/sync'
14:03:12.892 [AsyncHttpClient-1-5] DEBUG org.asynchttpclient.netty.handler.HttpHandler - 

Request DefaultHttpRequest(decodeResult: success, version: HTTP/1.1)
POST /session/c524be8e7590eabc19a242398f713a50/execute/sync HTTP/1.1
User-Agent: selenium/4.8.1 (java windows)
Content-Length: 176
Content-Type: application/json; charset=utf-8
host: localhost:3307
accept: */*

Response DefaultHttpResponse(decodeResult: success, version: HTTP/1.1)
HTTP/1.1 200 OK
Content-Length: 113338
Content-Type: application/json; charset=utf-8
cache-control: no-cache

14:03:12.893 [AsyncHttpClient-1-5] DEBUG org.asynchttpclient.netty.channel.ChannelManager - Adding key: http://localhost:3307 for channel [id: 0x5d720e50, L:/127.0.0.1:51373 - R:localhost/127.0.0.1:3307]
14:03:12.902 [Forwarding getCurrentUrl on session c524be8e7590eabc19a242398f713a50 to remote] DEBUG org.asynchttpclient.netty.request.NettyRequestSender - Using pooled Channel '[id: 0x5d720e50, L:/127.0.0.1:51373 - R:localhost/127.0.0.1:3307]' for 'GET' to 'http://localhost:3307/session/c524be8e7590eabc19a242398f713a50/url'
14:03:12.902 [Forwarding getCurrentUrl on session c524be8e7590eabc19a242398f713a50 to remote] DEBUG org.asynchttpclient.netty.request.NettyRequestSender - Using open Channel [id: 0x5d720e50, L:/127.0.0.1:51373 - R:localhost/127.0.0.1:3307] for GET '/session/c524be8e7590eabc19a242398f713a50/url'
14:03:12.907 [AsyncHttpClient-1-5] DEBUG org.asynchttpclient.netty.handler.HttpHandler - 

Request DefaultFullHttpRequest(decodeResult: success, version: HTTP/1.1, content: EmptyByteBufBE)
GET /session/c524be8e7590eabc19a242398f713a50/url HTTP/1.1
User-Agent: selenium/4.8.1 (java windows)
Cache-Control: no-cache
Content-Type: application/json; charset=utf-8
host: localhost:3307
accept: */*

Response DefaultHttpResponse(decodeResult: success, version: HTTP/1.1)
HTTP/1.1 200 OK
Content-Length: 42
Content-Type: application/json; charset=utf-8
cache-control: no-cache

14:03:12.907 [AsyncHttpClient-1-5] DEBUG org.asynchttpclient.netty.channel.ChannelManager - Adding key: http://localhost:3307 for channel [id: 0x5d720e50, L:/127.0.0.1:51373 - R:localhost/127.0.0.1:3307]
14:03:12.910 [main] DEBUG net.thucydides.core.steps.StepInterceptor - STARTING STEP: LoginSteps.clickTheLoginButton - ClickLoginButton
14:03:12.916 [Forwarding findElement on session c524be8e7590eabc19a242398f713a50 to remote] DEBUG org.asynchttpclient.netty.request.NettyRequestSender - Using pooled Channel '[id: 0x5d720e50, L:/127.0.0.1:51373 - R:localhost/127.0.0.1:3307]' for 'POST' to 'http://localhost:3307/session/c524be8e7590eabc19a242398f713a50/element'
14:03:12.916 [Forwarding findElement on session c524be8e7590eabc19a242398f713a50 to remote] DEBUG org.asynchttpclient.netty.request.NettyRequestSender - Using open Channel [id: 0x5d720e50, L:/127.0.0.1:51373 - R:localhost/127.0.0.1:3307] for POST '/session/c524be8e7590eabc19a242398f713a50/element'
14:03:12.928 [AsyncHttpClient-1-5] DEBUG org.asynchttpclient.netty.handler.HttpHandler - 

Request DefaultHttpRequest(decodeResult: success, version: HTTP/1.1)
POST /session/c524be8e7590eabc19a242398f713a50/element HTTP/1.1
User-Agent: selenium/4.8.1 (java windows)
Content-Length: 57
Content-Type: application/json; charset=utf-8
host: localhost:3307
accept: */*

Response DefaultHttpResponse(decodeResult: success, version: HTTP/1.1)
HTTP/1.1 200 OK
Content-Length: 88
Content-Type: application/json; charset=utf-8
cache-control: no-cache

14:03:12.928 [AsyncHttpClient-1-5] DEBUG org.asynchttpclient.netty.channel.ChannelManager - Adding key: http://localhost:3307 for channel [id: 0x5d720e50, L:/127.0.0.1:51373 - R:localhost/127.0.0.1:3307]
14:03:12.930 [Forwarding getElementTagName on session c524be8e7590eabc19a242398f713a50 to remote] DEBUG org.asynchttpclient.netty.request.NettyRequestSender - Using pooled Channel '[id: 0x5d720e50, L:/127.0.0.1:51373 - R:localhost/127.0.0.1:3307]' for 'GET' to 'http://localhost:3307/session/c524be8e7590eabc19a242398f713a50/element/e747db40-62b2-429d-9055-b36ab66ef0eb/name'
14:03:12.930 [Forwarding getElementTagName on session c524be8e7590eabc19a242398f713a50 to remote] DEBUG org.asynchttpclient.netty.request.NettyRequestSender - Using open Channel [id: 0x5d720e50, L:/127.0.0.1:51373 - R:localhost/127.0.0.1:3307] for GET '/session/c524be8e7590eabc19a242398f713a50/element/e747db40-62b2-429d-9055-b36ab66ef0eb/name'
14:03:12.938 [AsyncHttpClient-1-5] DEBUG org.asynchttpclient.netty.handler.HttpHandler - 

Request DefaultFullHttpRequest(decodeResult: success, version: HTTP/1.1, content: EmptyByteBufBE)
GET /session/c524be8e7590eabc19a242398f713a50/element/e747db40-62b2-429d-9055-b36ab66ef0eb/name HTTP/1.1
User-Agent: selenium/4.8.1 (java windows)
Cache-Control: no-cache
Content-Type: application/json; charset=utf-8
host: localhost:3307
accept: */*

Response DefaultHttpResponse(decodeResult: success, version: HTTP/1.1)
HTTP/1.1 200 OK
Content-Length: 18
Content-Type: application/json; charset=utf-8
cache-control: no-cache

14:03:12.938 [AsyncHttpClient-1-5] DEBUG org.asynchttpclient.netty.channel.ChannelManager - Adding key: http://localhost:3307 for channel [id: 0x5d720e50, L:/127.0.0.1:51373 - R:localhost/127.0.0.1:3307]
14:03:12.940 [Forwarding getElementTagName on session c524be8e7590eabc19a242398f713a50 to remote] DEBUG org.asynchttpclient.netty.request.NettyRequestSender - Using pooled Channel '[id: 0x5d720e50, L:/127.0.0.1:51373 - R:localhost/127.0.0.1:3307]' for 'GET' to 'http://localhost:3307/session/c524be8e7590eabc19a242398f713a50/element/e747db40-62b2-429d-9055-b36ab66ef0eb/name'
14:03:12.940 [Forwarding getElementTagName on session c524be8e7590eabc19a242398f713a50 to remote] DEBUG org.asynchttpclient.netty.request.NettyRequestSender - Using open Channel [id: 0x5d720e50, L:/127.0.0.1:51373 - R:localhost/127.0.0.1:3307] for GET '/session/c524be8e7590eabc19a242398f713a50/element/e747db40-62b2-429d-9055-b36ab66ef0eb/name'
14:03:12.945 [AsyncHttpClient-1-5] DEBUG org.asynchttpclient.netty.handler.HttpHandler - 

Request DefaultFullHttpRequest(decodeResult: success, version: HTTP/1.1, content: EmptyByteBufBE)
GET /session/c524be8e7590eabc19a242398f713a50/element/e747db40-62b2-429d-9055-b36ab66ef0eb/name HTTP/1.1
User-Agent: selenium/4.8.1 (java windows)
Cache-Control: no-cache
Content-Type: application/json; charset=utf-8
host: localhost:3307
accept: */*

Response DefaultHttpResponse(decodeResult: success, version: HTTP/1.1)
HTTP/1.1 200 OK
Content-Length: 18
Content-Type: application/json; charset=utf-8
cache-control: no-cache

14:03:12.945 [AsyncHttpClient-1-5] DEBUG org.asynchttpclient.netty.channel.ChannelManager - Adding key: http://localhost:3307 for channel [id: 0x5d720e50, L:/127.0.0.1:51373 - R:localhost/127.0.0.1:3307]
14:03:12.950 [Forwarding isElementEnabled on session c524be8e7590eabc19a242398f713a50 to remote] DEBUG org.asynchttpclient.netty.request.NettyRequestSender - Using pooled Channel '[id: 0x5d720e50, L:/127.0.0.1:51373 - R:localhost/127.0.0.1:3307]' for 'GET' to 'http://localhost:3307/session/c524be8e7590eabc19a242398f713a50/element/e747db40-62b2-429d-9055-b36ab66ef0eb/enabled'
14:03:12.950 [Forwarding isElementEnabled on session c524be8e7590eabc19a242398f713a50 to remote] DEBUG org.asynchttpclient.netty.request.NettyRequestSender - Using open Channel [id: 0x5d720e50, L:/127.0.0.1:51373 - R:localhost/127.0.0.1:3307] for GET '/session/c524be8e7590eabc19a242398f713a50/element/e747db40-62b2-429d-9055-b36ab66ef0eb/enabled'
14:03:12.962 [AsyncHttpClient-1-5] DEBUG org.asynchttpclient.netty.handler.HttpHandler - 

Request DefaultFullHttpRequest(decodeResult: success, version: HTTP/1.1, content: EmptyByteBufBE)
GET /session/c524be8e7590eabc19a242398f713a50/element/e747db40-62b2-429d-9055-b36ab66ef0eb/enabled HTTP/1.1
User-Agent: selenium/4.8.1 (java windows)
Cache-Control: no-cache
Content-Type: application/json; charset=utf-8
host: localhost:3307
accept: */*

Response DefaultHttpResponse(decodeResult: success, version: HTTP/1.1)
HTTP/1.1 200 OK
Content-Length: 14
Content-Type: application/json; charset=utf-8
cache-control: no-cache

14:03:12.963 [AsyncHttpClient-1-5] DEBUG org.asynchttpclient.netty.channel.ChannelManager - Adding key: http://localhost:3307 for channel [id: 0x5d720e50, L:/127.0.0.1:51373 - R:localhost/127.0.0.1:3307]
14:03:12.965 [Forwarding isElementEnabled on session c524be8e7590eabc19a242398f713a50 to remote] DEBUG org.asynchttpclient.netty.request.NettyRequestSender - Using pooled Channel '[id: 0x5d720e50, L:/127.0.0.1:51373 - R:localhost/127.0.0.1:3307]' for 'GET' to 'http://localhost:3307/session/c524be8e7590eabc19a242398f713a50/element/e747db40-62b2-429d-9055-b36ab66ef0eb/enabled'
14:03:12.965 [Forwarding isElementEnabled on session c524be8e7590eabc19a242398f713a50 to remote] DEBUG org.asynchttpclient.netty.request.NettyRequestSender - Using open Channel [id: 0x5d720e50, L:/127.0.0.1:51373 - R:localhost/127.0.0.1:3307] for GET '/session/c524be8e7590eabc19a242398f713a50/element/e747db40-62b2-429d-9055-b36ab66ef0eb/enabled'
14:03:12.973 [AsyncHttpClient-1-5] DEBUG org.asynchttpclient.netty.handler.HttpHandler - 

Request DefaultFullHttpRequest(decodeResult: success, version: HTTP/1.1, content: EmptyByteBufBE)
GET /session/c524be8e7590eabc19a242398f713a50/element/e747db40-62b2-429d-9055-b36ab66ef0eb/enabled HTTP/1.1
User-Agent: selenium/4.8.1 (java windows)
Cache-Control: no-cache
Content-Type: application/json; charset=utf-8
host: localhost:3307
accept: */*

Response DefaultHttpResponse(decodeResult: success, version: HTTP/1.1)
HTTP/1.1 200 OK
Content-Length: 14
Content-Type: application/json; charset=utf-8
cache-control: no-cache

14:03:12.973 [AsyncHttpClient-1-5] DEBUG org.asynchttpclient.netty.channel.ChannelManager - Adding key: http://localhost:3307 for channel [id: 0x5d720e50, L:/127.0.0.1:51373 - R:localhost/127.0.0.1:3307]
14:03:12.977 [Forwarding findElement on session c524be8e7590eabc19a242398f713a50 to remote] DEBUG org.asynchttpclient.netty.request.NettyRequestSender - Using pooled Channel '[id: 0x5d720e50, L:/127.0.0.1:51373 - R:localhost/127.0.0.1:3307]' for 'POST' to 'http://localhost:3307/session/c524be8e7590eabc19a242398f713a50/element'
14:03:12.977 [Forwarding findElement on session c524be8e7590eabc19a242398f713a50 to remote] DEBUG org.asynchttpclient.netty.request.NettyRequestSender - Using open Channel [id: 0x5d720e50, L:/127.0.0.1:51373 - R:localhost/127.0.0.1:3307] for POST '/session/c524be8e7590eabc19a242398f713a50/element'
14:03:12.987 [AsyncHttpClient-1-5] DEBUG org.asynchttpclient.netty.handler.HttpHandler - 

Request DefaultHttpRequest(decodeResult: success, version: HTTP/1.1)
POST /session/c524be8e7590eabc19a242398f713a50/element HTTP/1.1
User-Agent: selenium/4.8.1 (java windows)
Content-Length: 57
Content-Type: application/json; charset=utf-8
host: localhost:3307
accept: */*

Response DefaultHttpResponse(decodeResult: success, version: HTTP/1.1)
HTTP/1.1 200 OK
Content-Length: 88
Content-Type: application/json; charset=utf-8
cache-control: no-cache

14:03:12.988 [AsyncHttpClient-1-5] DEBUG org.asynchttpclient.netty.channel.ChannelManager - Adding key: http://localhost:3307 for channel [id: 0x5d720e50, L:/127.0.0.1:51373 - R:localhost/127.0.0.1:3307]
14:03:12.990 [Forwarding clickElement on session c524be8e7590eabc19a242398f713a50 to remote] DEBUG org.asynchttpclient.netty.request.NettyRequestSender - Using pooled Channel '[id: 0x5d720e50, L:/127.0.0.1:51373 - R:localhost/127.0.0.1:3307]' for 'POST' to 'http://localhost:3307/session/c524be8e7590eabc19a242398f713a50/element/e747db40-62b2-429d-9055-b36ab66ef0eb/click'
14:03:12.990 [Forwarding clickElement on session c524be8e7590eabc19a242398f713a50 to remote] DEBUG org.asynchttpclient.netty.request.NettyRequestSender - Using open Channel [id: 0x5d720e50, L:/127.0.0.1:51373 - R:localhost/127.0.0.1:3307] for POST '/session/c524be8e7590eabc19a242398f713a50/element/e747db40-62b2-429d-9055-b36ab66ef0eb/click'
14:03:13.107 [AsyncHttpClient-1-5] DEBUG org.asynchttpclient.netty.handler.HttpHandler - 

Request DefaultHttpRequest(decodeResult: success, version: HTTP/1.1)
POST /session/c524be8e7590eabc19a242398f713a50/element/e747db40-62b2-429d-9055-b36ab66ef0eb/click HTTP/1.1
User-Agent: selenium/4.8.1 (java windows)
Content-Length: 50
Content-Type: application/json; charset=utf-8
host: localhost:3307
accept: */*

Response DefaultHttpResponse(decodeResult: success, version: HTTP/1.1)
HTTP/1.1 200 OK
Content-Length: 14
Content-Type: application/json; charset=utf-8
cache-control: no-cache

14:03:13.107 [AsyncHttpClient-1-5] DEBUG org.asynchttpclient.netty.channel.ChannelManager - Adding key: http://localhost:3307 for channel [id: 0x5d720e50, L:/127.0.0.1:51373 - R:localhost/127.0.0.1:3307]
14:03:13.115 [Forwarding getAlertText on session c524be8e7590eabc19a242398f713a50 to remote] DEBUG org.asynchttpclient.netty.request.NettyRequestSender - Using pooled Channel '[id: 0x5d720e50, L:/127.0.0.1:51373 - R:localhost/127.0.0.1:3307]' for 'GET' to 'http://localhost:3307/session/c524be8e7590eabc19a242398f713a50/alert/text'
14:03:13.115 [Forwarding getAlertText on session c524be8e7590eabc19a242398f713a50 to remote] DEBUG org.asynchttpclient.netty.request.NettyRequestSender - Using open Channel [id: 0x5d720e50, L:/127.0.0.1:51373 - R:localhost/127.0.0.1:3307] for GET '/session/c524be8e7590eabc19a242398f713a50/alert/text'
14:03:13.116 [AsyncHttpClient-1-5] DEBUG org.asynchttpclient.netty.handler.HttpHandler - 

Request DefaultFullHttpRequest(decodeResult: success, version: HTTP/1.1, content: EmptyByteBufBE)
GET /session/c524be8e7590eabc19a242398f713a50/alert/text HTTP/1.1
User-Agent: selenium/4.8.1 (java windows)
Cache-Control: no-cache
Content-Type: application/json; charset=utf-8
host: localhost:3307
accept: */*

Response DefaultHttpResponse(decodeResult: success, version: HTTP/1.1)
HTTP/1.1 404 Not Found
Content-Length: 836
Content-Type: application/json; charset=utf-8
cache-control: no-cache

14:03:13.116 [AsyncHttpClient-1-5] DEBUG org.asynchttpclient.netty.channel.ChannelManager - Adding key: http://localhost:3307 for channel [id: 0x5d720e50, L:/127.0.0.1:51373 - R:localhost/127.0.0.1:3307]
14:03:13.118 [Forwarding getCurrentUrl on session c524be8e7590eabc19a242398f713a50 to remote] DEBUG org.asynchttpclient.netty.request.NettyRequestSender - Using pooled Channel '[id: 0x5d720e50, L:/127.0.0.1:51373 - R:localhost/127.0.0.1:3307]' for 'GET' to 'http://localhost:3307/session/c524be8e7590eabc19a242398f713a50/url'
14:03:13.118 [Forwarding getCurrentUrl on session c524be8e7590eabc19a242398f713a50 to remote] DEBUG org.asynchttpclient.netty.request.NettyRequestSender - Using open Channel [id: 0x5d720e50, L:/127.0.0.1:51373 - R:localhost/127.0.0.1:3307] for GET '/session/c524be8e7590eabc19a242398f713a50/url'
14:03:13.123 [AsyncHttpClient-1-5] DEBUG org.asynchttpclient.netty.handler.HttpHandler - 

Request DefaultFullHttpRequest(decodeResult: success, version: HTTP/1.1, content: EmptyByteBufBE)
GET /session/c524be8e7590eabc19a242398f713a50/url HTTP/1.1
User-Agent: selenium/4.8.1 (java windows)
Cache-Control: no-cache
Content-Type: application/json; charset=utf-8
host: localhost:3307
accept: */*

Response DefaultHttpResponse(decodeResult: success, version: HTTP/1.1)
HTTP/1.1 200 OK
Content-Length: 42
Content-Type: application/json; charset=utf-8
cache-control: no-cache

14:03:13.123 [AsyncHttpClient-1-5] DEBUG org.asynchttpclient.netty.channel.ChannelManager - Adding key: http://localhost:3307 for channel [id: 0x5d720e50, L:/127.0.0.1:51373 - R:localhost/127.0.0.1:3307]
14:03:13.124 [Forwarding screenshot on session c524be8e7590eabc19a242398f713a50 to remote] DEBUG org.asynchttpclient.netty.request.NettyRequestSender - Using pooled Channel '[id: 0x5d720e50, L:/127.0.0.1:51373 - R:localhost/127.0.0.1:3307]' for 'GET' to 'http://localhost:3307/session/c524be8e7590eabc19a242398f713a50/screenshot'
14:03:13.124 [Forwarding screenshot on session c524be8e7590eabc19a242398f713a50 to remote] DEBUG org.asynchttpclient.netty.request.NettyRequestSender - Using open Channel [id: 0x5d720e50, L:/127.0.0.1:51373 - R:localhost/127.0.0.1:3307] for GET '/session/c524be8e7590eabc19a242398f713a50/screenshot'
14:03:13.442 [AsyncHttpClient-1-5] DEBUG org.asynchttpclient.netty.handler.HttpHandler - 

Request DefaultFullHttpRequest(decodeResult: success, version: HTTP/1.1, content: EmptyByteBufBE)
GET /session/c524be8e7590eabc19a242398f713a50/screenshot HTTP/1.1
User-Agent: selenium/4.8.1 (java windows)
Cache-Control: no-cache
Content-Type: application/json; charset=utf-8
host: localhost:3307
accept: */*

Response DefaultHttpResponse(decodeResult: success, version: HTTP/1.1)
HTTP/1.1 200 OK
Content-Length: 100392
Content-Type: application/json; charset=utf-8
cache-control: no-cache

14:03:13.443 [AsyncHttpClient-1-5] DEBUG org.asynchttpclient.netty.channel.ChannelManager - Adding key: http://localhost:3307 for channel [id: 0x5d720e50, L:/127.0.0.1:51373 - R:localhost/127.0.0.1:3307]
14:03:13.447 [main] DEBUG net.serenitybdd.core.photography.Darkroom - Send negative for processing for target\site\serenity\3f89aa381a08f293c72427edeab122cad2b10b0fa14f209f3c82c9e6f685abde.png
14:03:13.447 [main] DEBUG net.thucydides.core.steps.StepInterceptor - STEP DONE: ClickLoginButton
14:03:13.447 [Darkroom Processing Line] DEBUG net.serenitybdd.core.photography.DarkroomProcessingLine - Processing screenshot image in /var/screenshots/screenshot-2186263459207267046
14:03:13.447 [Darkroom Processing Line] DEBUG net.serenitybdd.core.photography.DarkroomProcessingLine - Saving screenshot to target\site\serenity\3f89aa381a08f293c72427edeab122cad2b10b0fa14f209f3c82c9e6f685abde.png
  &amp#27;[32mAnd &amp#27;[0m&amp#27;[32mI click the login button&amp#27;[0m                    &amp#27;[90m# starter.stepdefinition.LoginSteps.clickTheLoginButton()&amp#27;[0m
14:03:13.465 [Forwarding getPageSource on session c524be8e7590eabc19a242398f713a50 to remote] DEBUG org.asynchttpclient.netty.request.NettyRequestSender - Using pooled Channel '[id: 0x5d720e50, L:/127.0.0.1:51373 - R:localhost/127.0.0.1:3307]' for 'POST' to 'http://localhost:3307/session/c524be8e7590eabc19a242398f713a50/execute/sync'
14:03:13.467 [Forwarding getPageSource on session c524be8e7590eabc19a242398f713a50 to remote] DEBUG org.asynchttpclient.netty.request.NettyRequestSender - Using open Channel [id: 0x5d720e50, L:/127.0.0.1:51373 - R:localhost/127.0.0.1:3307] for POST '/session/c524be8e7590eabc19a242398f713a50/execute/sync'
14:03:13.489 [AsyncHttpClient-1-5] DEBUG org.asynchttpclient.netty.handler.HttpHandler - 

Request DefaultHttpRequest(decodeResult: success, version: HTTP/1.1)
POST /session/c524be8e7590eabc19a242398f713a50/execute/sync HTTP/1.1
User-Agent: selenium/4.8.1 (java windows)
Content-Length: 176
Content-Type: application/json; charset=utf-8
host: localhost:3307
accept: */*

Response DefaultHttpResponse(decodeResult: success, version: HTTP/1.1)
HTTP/1.1 200 OK
Content-Length: 119804
Content-Type: application/json; charset=utf-8
cache-control: no-cache

14:03:13.490 [AsyncHttpClient-1-5] DEBUG org.asynchttpclient.netty.channel.ChannelManager - Adding key: http://localhost:3307 for channel [id: 0x5d720e50, L:/127.0.0.1:51373 - R:localhost/127.0.0.1:3307]
14:03:13.502 [Forwarding getCurrentUrl on session c524be8e7590eabc19a242398f713a50 to remote] DEBUG org.asynchttpclient.netty.request.NettyRequestSender - Using pooled Channel '[id: 0x5d720e50, L:/127.0.0.1:51373 - R:localhost/127.0.0.1:3307]' for 'GET' to 'http://localhost:3307/session/c524be8e7590eabc19a242398f713a50/url'
14:03:13.502 [Forwarding getCurrentUrl on session c524be8e7590eabc19a242398f713a50 to remote] DEBUG org.asynchttpclient.netty.request.NettyRequestSender - Using open Channel [id: 0x5d720e50, L:/127.0.0.1:51373 - R:localhost/127.0.0.1:3307] for GET '/session/c524be8e7590eabc19a242398f713a50/url'
14:03:13.510 [AsyncHttpClient-1-5] DEBUG org.asynchttpclient.netty.handler.HttpHandler - 

Request DefaultFullHttpRequest(decodeResult: success, version: HTTP/1.1, content: EmptyByteBufBE)
GET /session/c524be8e7590eabc19a242398f713a50/url HTTP/1.1
User-Agent: selenium/4.8.1 (java windows)
Cache-Control: no-cache
Content-Type: application/json; charset=utf-8
host: localhost:3307
accept: */*

Response DefaultHttpResponse(decodeResult: success, version: HTTP/1.1)
HTTP/1.1 200 OK
Content-Length: 42
Content-Type: application/json; charset=utf-8
cache-control: no-cache

14:03:13.510 [AsyncHttpClient-1-5] DEBUG org.asynchttpclient.netty.channel.ChannelManager - Adding key: http://localhost:3307 for channel [id: 0x5d720e50, L:/127.0.0.1:51373 - R:localhost/127.0.0.1:3307]
14:03:13.557 [Forwarding getAlertText on session c524be8e7590eabc19a242398f713a50 to remote] DEBUG org.asynchttpclient.netty.request.NettyRequestSender - Using pooled Channel '[id: 0x5d720e50, L:/127.0.0.1:51373 - R:localhost/127.0.0.1:3307]' for 'GET' to 'http://localhost:3307/session/c524be8e7590eabc19a242398f713a50/alert/text'
14:03:13.557 [Forwarding getAlertText on session c524be8e7590eabc19a242398f713a50 to remote] DEBUG org.asynchttpclient.netty.request.NettyRequestSender - Using open Channel [id: 0x5d720e50, L:/127.0.0.1:51373 - R:localhost/127.0.0.1:3307] for GET '/session/c524be8e7590eabc19a242398f713a50/alert/text'
14:03:13.570 [AsyncHttpClient-1-5] DEBUG org.asynchttpclient.netty.handler.HttpHandler - 

Request DefaultFullHttpRequest(decodeResult: success, version: HTTP/1.1, content: EmptyByteBufBE)
GET /session/c524be8e7590eabc19a242398f713a50/alert/text HTTP/1.1
User-Agent: selenium/4.8.1 (java windows)
Cache-Control: no-cache
Content-Type: application/json; charset=utf-8
host: localhost:3307
accept: */*

Response DefaultHttpResponse(decodeResult: success, version: HTTP/1.1)
HTTP/1.1 404 Not Found
Content-Length: 836
Content-Type: application/json; charset=utf-8
cache-control: no-cache

14:03:13.572 [AsyncHttpClient-1-5] DEBUG org.asynchttpclient.netty.channel.ChannelManager - Adding key: http://localhost:3307 for channel [id: 0x5d720e50, L:/127.0.0.1:51373 - R:localhost/127.0.0.1:3307]
14:03:13.574 [Forwarding getCurrentUrl on session c524be8e7590eabc19a242398f713a50 to remote] DEBUG org.asynchttpclient.netty.request.NettyRequestSender - Using pooled Channel '[id: 0x5d720e50, L:/127.0.0.1:51373 - R:localhost/127.0.0.1:3307]' for 'GET' to 'http://localhost:3307/session/c524be8e7590eabc19a242398f713a50/url'
14:03:13.574 [Forwarding getCurrentUrl on session c524be8e7590eabc19a242398f713a50 to remote] DEBUG org.asynchttpclient.netty.request.NettyRequestSender - Using open Channel [id: 0x5d720e50, L:/127.0.0.1:51373 - R:localhost/127.0.0.1:3307] for GET '/session/c524be8e7590eabc19a242398f713a50/url'
14:03:13.580 [AsyncHttpClient-1-5] DEBUG org.asynchttpclient.netty.handler.HttpHandler - 

Request DefaultFullHttpRequest(decodeResult: success, version: HTTP/1.1, content: EmptyByteBufBE)
GET /session/c524be8e7590eabc19a242398f713a50/url HTTP/1.1
User-Agent: selenium/4.8.1 (java windows)
Cache-Control: no-cache
Content-Type: application/json; charset=utf-8
host: localhost:3307
accept: */*

Response DefaultHttpResponse(decodeResult: success, version: HTTP/1.1)
HTTP/1.1 200 OK
Content-Length: 42
Content-Type: application/json; charset=utf-8
cache-control: no-cache

14:03:13.580 [AsyncHttpClient-1-5] DEBUG org.asynchttpclient.netty.channel.ChannelManager - Adding key: http://localhost:3307 for channel [id: 0x5d720e50, L:/127.0.0.1:51373 - R:localhost/127.0.0.1:3307]
14:03:13.584 [Forwarding screenshot on session c524be8e7590eabc19a242398f713a50 to remote] DEBUG org.asynchttpclient.netty.request.NettyRequestSender - Using pooled Channel '[id: 0x5d720e50, L:/127.0.0.1:51373 - R:localhost/127.0.0.1:3307]' for 'GET' to 'http://localhost:3307/session/c524be8e7590eabc19a242398f713a50/screenshot'
14:03:13.584 [Forwarding screenshot on session c524be8e7590eabc19a242398f713a50 to remote] DEBUG org.asynchttpclient.netty.request.NettyRequestSender - Using open Channel [id: 0x5d720e50, L:/127.0.0.1:51373 - R:localhost/127.0.0.1:3307] for GET '/session/c524be8e7590eabc19a242398f713a50/screenshot'
14:03:13.789 [AsyncHttpClient-1-5] DEBUG org.asynchttpclient.netty.handler.HttpHandler - 

Request DefaultFullHttpRequest(decodeResult: success, version: HTTP/1.1, content: EmptyByteBufBE)
GET /session/c524be8e7590eabc19a242398f713a50/screenshot HTTP/1.1
User-Agent: selenium/4.8.1 (java windows)
Cache-Control: no-cache
Content-Type: application/json; charset=utf-8
host: localhost:3307
accept: */*

Response DefaultHttpResponse(decodeResult: success, version: HTTP/1.1)
HTTP/1.1 200 OK
Content-Length: 101208
Content-Type: application/json; charset=utf-8
cache-control: no-cache

14:03:13.790 [AsyncHttpClient-1-5] DEBUG org.asynchttpclient.netty.channel.ChannelManager - Adding key: http://localhost:3307 for channel [id: 0x5d720e50, L:/127.0.0.1:51373 - R:localhost/127.0.0.1:3307]
14:03:13.795 [main] DEBUG net.serenitybdd.core.photography.Darkroom - Send negative for processing for target\site\serenity\6f7ac6d155ccbad0524300166a18ec74a3987e6ea1bd51270bad7f4f91188cef.png
14:03:13.796 [Darkroom Processing Line] DEBUG net.serenitybdd.core.photography.DarkroomProcessingLine - Processing screenshot image in /var/screenshots/screenshot-7921752084794792864
14:03:13.796 [Darkroom Processing Line] DEBUG net.serenitybdd.core.photography.DarkroomProcessingLine - Saving screenshot to target\site\serenity\6f7ac6d155ccbad0524300166a18ec74a3987e6ea1bd51270bad7f4f91188cef.png
14:03:13.798 [Forwarding getPageSource on session c524be8e7590eabc19a242398f713a50 to remote] DEBUG org.asynchttpclient.netty.request.NettyRequestSender - Using pooled Channel '[id: 0x5d720e50, L:/127.0.0.1:51373 - R:localhost/127.0.0.1:3307]' for 'POST' to 'http://localhost:3307/session/c524be8e7590eabc19a242398f713a50/execute/sync'
14:03:13.798 [Forwarding getPageSource on session c524be8e7590eabc19a242398f713a50 to remote] DEBUG org.asynchttpclient.netty.request.NettyRequestSender - Using open Channel [id: 0x5d720e50, L:/127.0.0.1:51373 - R:localhost/127.0.0.1:3307] for POST '/session/c524be8e7590eabc19a242398f713a50/execute/sync'
14:03:13.824 [AsyncHttpClient-1-5] DEBUG org.asynchttpclient.netty.handler.HttpHandler - 

Request DefaultHttpRequest(decodeResult: success, version: HTTP/1.1)
POST /session/c524be8e7590eabc19a242398f713a50/execute/sync HTTP/1.1
User-Agent: selenium/4.8.1 (java windows)
Content-Length: 176
Content-Type: application/json; charset=utf-8
host: localhost:3307
accept: */*

Response DefaultHttpResponse(decodeResult: success, version: HTTP/1.1)
HTTP/1.1 200 OK
Content-Length: 120184
Content-Type: application/json; charset=utf-8
cache-control: no-cache

14:03:13.824 [AsyncHttpClient-1-5] DEBUG org.asynchttpclient.netty.channel.ChannelManager - Adding key: http://localhost:3307 for channel [id: 0x5d720e50, L:/127.0.0.1:51373 - R:localhost/127.0.0.1:3307]
14:03:13.834 [AsyncHttpClient-1-1] DEBUG org.asynchttpclient.netty.channel.DefaultChannelPool - Entry count for : http://localhost:3307 : 1
14:03:13.834 [AsyncHttpClient-1-1] DEBUG org.asynchttpclient.netty.channel.DefaultChannelPool - Entry count for : http://localhost:51374 : 1
14:03:13.836 [Forwarding getCurrentUrl on session c524be8e7590eabc19a242398f713a50 to remote] DEBUG org.asynchttpclient.netty.request.NettyRequestSender - Using pooled Channel '[id: 0x5d720e50, L:/127.0.0.1:51373 - R:localhost/127.0.0.1:3307]' for 'GET' to 'http://localhost:3307/session/c524be8e7590eabc19a242398f713a50/url'
14:03:13.836 [Forwarding getCurrentUrl on session c524be8e7590eabc19a242398f713a50 to remote] DEBUG org.asynchttpclient.netty.request.NettyRequestSender - Using open Channel [id: 0x5d720e50, L:/127.0.0.1:51373 - R:localhost/127.0.0.1:3307] for GET '/session/c524be8e7590eabc19a242398f713a50/url'
14:03:13.842 [AsyncHttpClient-1-5] DEBUG org.asynchttpclient.netty.handler.HttpHandler - 

Request DefaultFullHttpRequest(decodeResult: success, version: HTTP/1.1, content: EmptyByteBufBE)
GET /session/c524be8e7590eabc19a242398f713a50/url HTTP/1.1
User-Agent: selenium/4.8.1 (java windows)
Cache-Control: no-cache
Content-Type: application/json; charset=utf-8
host: localhost:3307
accept: */*

Response DefaultHttpResponse(decodeResult: success, version: HTTP/1.1)
HTTP/1.1 200 OK
Content-Length: 42
Content-Type: application/json; charset=utf-8
cache-control: no-cache

14:03:13.842 [AsyncHttpClient-1-5] DEBUG org.asynchttpclient.netty.channel.ChannelManager - Adding key: http://localhost:3307 for channel [id: 0x5d720e50, L:/127.0.0.1:51373 - R:localhost/127.0.0.1:3307]
14:03:13.847 [main] DEBUG net.thucydides.core.steps.StepInterceptor - STARTING STEP: LoginSteps.warningMessage - warningMessage
14:03:13.853 [Forwarding findElement on session c524be8e7590eabc19a242398f713a50 to remote] DEBUG org.asynchttpclient.netty.request.NettyRequestSender - Using pooled Channel '[id: 0x5d720e50, L:/127.0.0.1:51373 - R:localhost/127.0.0.1:3307]' for 'POST' to 'http://localhost:3307/session/c524be8e7590eabc19a242398f713a50/element'
14:03:13.853 [Forwarding findElement on session c524be8e7590eabc19a242398f713a50 to remote] DEBUG org.asynchttpclient.netty.request.NettyRequestSender - Using open Channel [id: 0x5d720e50, L:/127.0.0.1:51373 - R:localhost/127.0.0.1:3307] for POST '/session/c524be8e7590eabc19a242398f713a50/element'
14:03:14.936 [AsyncHttpClient-1-1] DEBUG org.asynchttpclient.netty.channel.DefaultChannelPool - Entry count for : http://localhost:51374 : 1
14:03:15.257 [AsyncHttpClient-1-5] DEBUG org.asynchttpclient.netty.handler.HttpHandler - 

Request DefaultHttpRequest(decodeResult: success, version: HTTP/1.1)
POST /session/c524be8e7590eabc19a242398f713a50/element HTTP/1.1
User-Agent: selenium/4.8.1 (java windows)
Content-Length: 62
Content-Type: application/json; charset=utf-8
host: localhost:3307
accept: */*

Response DefaultHttpResponse(decodeResult: success, version: HTTP/1.1)
HTTP/1.1 200 OK
Content-Length: 88
Content-Type: application/json; charset=utf-8
cache-control: no-cache

14:03:15.257 [AsyncHttpClient-1-5] DEBUG org.asynchttpclient.netty.channel.ChannelManager - Adding key: http://localhost:3307 for channel [id: 0x5d720e50, L:/127.0.0.1:51373 - R:localhost/127.0.0.1:3307]
14:03:15.266 [Forwarding isElementDisplayed on session c524be8e7590eabc19a242398f713a50 to remote] DEBUG org.asynchttpclient.netty.request.NettyRequestSender - Using pooled Channel '[id: 0x5d720e50, L:/127.0.0.1:51373 - R:localhost/127.0.0.1:3307]' for 'POST' to 'http://localhost:3307/session/c524be8e7590eabc19a242398f713a50/execute/sync'
14:03:15.266 [Forwarding isElementDisplayed on session c524be8e7590eabc19a242398f713a50 to remote] DEBUG org.asynchttpclient.netty.request.NettyRequestSender - Using open Channel [id: 0x5d720e50, L:/127.0.0.1:51373 - R:localhost/127.0.0.1:3307] for POST '/session/c524be8e7590eabc19a242398f713a50/execute/sync'
14:03:15.293 [AsyncHttpClient-1-5] DEBUG org.asynchttpclient.netty.handler.HttpHandler - 

Request DefaultHttpRequest(decodeResult: success, version: HTTP/1.1)
POST /session/c524be8e7590eabc19a242398f713a50/execute/sync HTTP/1.1
User-Agent: selenium/4.8.1 (java windows)
Content-Length: 48807
Content-Type: application/json; charset=utf-8
host: localhost:3307
accept: */*

Response DefaultHttpResponse(decodeResult: success, version: HTTP/1.1)
HTTP/1.1 200 OK
Content-Length: 14
Content-Type: application/json; charset=utf-8
cache-control: no-cache

14:03:15.293 [AsyncHttpClient-1-5] DEBUG org.asynchttpclient.netty.channel.ChannelManager - Adding key: http://localhost:3307 for channel [id: 0x5d720e50, L:/127.0.0.1:51373 - R:localhost/127.0.0.1:3307]
14:03:15.305 [Forwarding getAlertText on session c524be8e7590eabc19a242398f713a50 to remote] DEBUG org.asynchttpclient.netty.request.NettyRequestSender - Using pooled Channel '[id: 0x5d720e50, L:/127.0.0.1:51373 - R:localhost/127.0.0.1:3307]' for 'GET' to 'http://localhost:3307/session/c524be8e7590eabc19a242398f713a50/alert/text'
14:03:15.306 [Forwarding getAlertText on session c524be8e7590eabc19a242398f713a50 to remote] DEBUG org.asynchttpclient.netty.request.NettyRequestSender - Using open Channel [id: 0x5d720e50, L:/127.0.0.1:51373 - R:localhost/127.0.0.1:3307] for GET '/session/c524be8e7590eabc19a242398f713a50/alert/text'
14:03:15.310 [AsyncHttpClient-1-5] DEBUG org.asynchttpclient.netty.handler.HttpHandler - 

Request DefaultFullHttpRequest(decodeResult: success, version: HTTP/1.1, content: EmptyByteBufBE)
GET /session/c524be8e7590eabc19a242398f713a50/alert/text HTTP/1.1
User-Agent: selenium/4.8.1 (java windows)
Cache-Control: no-cache
Content-Type: application/json; charset=utf-8
host: localhost:3307
accept: */*

Response DefaultHttpResponse(decodeResult: success, version: HTTP/1.1)
HTTP/1.1 404 Not Found
Content-Length: 836
Content-Type: application/json; charset=utf-8
cache-control: no-cache

14:03:15.310 [AsyncHttpClient-1-5] DEBUG org.asynchttpclient.netty.channel.ChannelManager - Adding key: http://localhost:3307 for channel [id: 0x5d720e50, L:/127.0.0.1:51373 - R:localhost/127.0.0.1:3307]
14:03:15.312 [Forwarding getCurrentUrl on session c524be8e7590eabc19a242398f713a50 to remote] DEBUG org.asynchttpclient.netty.request.NettyRequestSender - Using pooled Channel '[id: 0x5d720e50, L:/127.0.0.1:51373 - R:localhost/127.0.0.1:3307]' for 'GET' to 'http://localhost:3307/session/c524be8e7590eabc19a242398f713a50/url'
14:03:15.312 [Forwarding getCurrentUrl on session c524be8e7590eabc19a242398f713a50 to remote] DEBUG org.asynchttpclient.netty.request.NettyRequestSender - Using open Channel [id: 0x5d720e50, L:/127.0.0.1:51373 - R:localhost/127.0.0.1:3307] for GET '/session/c524be8e7590eabc19a242398f713a50/url'
14:03:15.317 [AsyncHttpClient-1-5] DEBUG org.asynchttpclient.netty.handler.HttpHandler - 

Request DefaultFullHttpRequest(decodeResult: success, version: HTTP/1.1, content: EmptyByteBufBE)
GET /session/c524be8e7590eabc19a242398f713a50/url HTTP/1.1
User-Agent: selenium/4.8.1 (java windows)
Cache-Control: no-cache
Content-Type: application/json; charset=utf-8
host: localhost:3307
accept: */*

Response DefaultHttpResponse(decodeResult: success, version: HTTP/1.1)
HTTP/1.1 200 OK
Content-Length: 42
Content-Type: application/json; charset=utf-8
cache-control: no-cache

14:03:15.317 [AsyncHttpClient-1-5] DEBUG org.asynchttpclient.netty.channel.ChannelManager - Adding key: http://localhost:3307 for channel [id: 0x5d720e50, L:/127.0.0.1:51373 - R:localhost/127.0.0.1:3307]
14:03:15.318 [Forwarding screenshot on session c524be8e7590eabc19a242398f713a50 to remote] DEBUG org.asynchttpclient.netty.request.NettyRequestSender - Using pooled Channel '[id: 0x5d720e50, L:/127.0.0.1:51373 - R:localhost/127.0.0.1:3307]' for 'GET' to 'http://localhost:3307/session/c524be8e7590eabc19a242398f713a50/screenshot'
14:03:15.318 [Forwarding screenshot on session c524be8e7590eabc19a242398f713a50 to remote] DEBUG org.asynchttpclient.netty.request.NettyRequestSender - Using open Channel [id: 0x5d720e50, L:/127.0.0.1:51373 - R:localhost/127.0.0.1:3307] for GET '/session/c524be8e7590eabc19a242398f713a50/screenshot'
14:03:15.459 [AsyncHttpClient-1-5] DEBUG org.asynchttpclient.netty.handler.HttpHandler - 

Request DefaultFullHttpRequest(decodeResult: success, version: HTTP/1.1, content: EmptyByteBufBE)
GET /session/c524be8e7590eabc19a242398f713a50/screenshot HTTP/1.1
User-Agent: selenium/4.8.1 (java windows)
Cache-Control: no-cache
Content-Type: application/json; charset=utf-8
host: localhost:3307
accept: */*

Response DefaultHttpResponse(decodeResult: success, version: HTTP/1.1)
HTTP/1.1 200 OK
Content-Length: 188628
Content-Type: application/json; charset=utf-8
cache-control: no-cache

14:03:15.460 [AsyncHttpClient-1-5] DEBUG org.asynchttpclient.netty.channel.ChannelManager - Adding key: http://localhost:3307 for channel [id: 0x5d720e50, L:/127.0.0.1:51373 - R:localhost/127.0.0.1:3307]
14:03:15.466 [main] DEBUG net.serenitybdd.core.photography.Darkroom - Send negative for processing for target\site\serenity\1f59cf40b9d4b4a9b92bfff74d761a4a641d92480e96249e458eede0ff55c3b6.png
14:03:15.466 [main] DEBUG net.thucydides.core.steps.StepInterceptor - STEP DONE: warningMessage
  &amp#27;[32mThen &amp#27;[0m&amp#27;[32mI am have error message&amp#27;[0m                    &amp#27;[90m# starter.stepdefinition.LoginSteps.warningMessage()&amp#27;[0m
14:03:15.466 [Darkroom Processing Line] DEBUG net.serenitybdd.core.photography.DarkroomProcessingLine - Processing screenshot image in /var/screenshots/screenshot-9919552780851463162
14:03:15.466 [Darkroom Processing Line] DEBUG net.serenitybdd.core.photography.DarkroomProcessingLine - Saving screenshot to target\site\serenity\1f59cf40b9d4b4a9b92bfff74d761a4a641d92480e96249e458eede0ff55c3b6.png
14:03:15.476 [main] INFO  - 
  _____   ___   ___   _____     ___     _     ___   ___   ___   ___  
 |_   _| | __| / __| |_   _|   | _ \   /_\   / __| / __| | __| |   \ 
   | |   | _|  \__ \   | |     |  _/  / _ \  \__ \ \__ \ | _|  | |) |
   |_|   |___| |___/   |_|     |_|   /_/ \_\ |___/ |___/ |___| |___/ 

As user i have be able to success login
----------------------------------------------------------------------
14:03:15.478 [AsyncHttpClient-1-7] DEBUG org.asynchttpclient.netty.handler.WebSocketHandler - Channel Closed: [id: 0x8efcbfd8, L:/127.0.0.1:51382 ! R:localhost/127.0.0.1:51374] with attribute NettyResponseFuture{currentRetry=0,
	isDone=1,
	isCancelled=0,
	asyncHandler=org.asynchttpclient.ws.WebSocketUpgradeHandler@4a3fc3b3,
	nettyRequest=org.asynchttpclient.netty.request.NettyRequest@f3d5490,
	future=java.util.concurrent.CompletableFuture@72c17404[Completed normally],
	uri=ws://localhost:51374/devtools/browser/ccdad885-5b6f-4c7b-a4d5-f2a603a1bb9f,
	keepAlive=true,
	redirectCount=0,
	timeoutsHolder=null,
	inAuth=0,
	touch=1680764585306}
14:03:15.478 [AsyncHttpClient-1-7] DEBUG org.asynchttpclient.netty.channel.ChannelManager - Closing Channel [id: 0x8efcbfd8, L:/127.0.0.1:51382 ! R:localhost/127.0.0.1:51374] 
14:03:15.478 [Driver Command Executor] DEBUG org.asynchttpclient.netty.request.NettyRequestSender - Using pooled Channel '[id: 0x5d720e50, L:/127.0.0.1:51373 - R:localhost/127.0.0.1:3307]' for 'DELETE' to 'http://localhost:3307/session/c524be8e7590eabc19a242398f713a50'
14:03:15.479 [Driver Command Executor] DEBUG org.asynchttpclient.netty.request.NettyRequestSender - Using open Channel [id: 0x5d720e50, L:/127.0.0.1:51373 - R:localhost/127.0.0.1:3307] for DELETE '/session/c524be8e7590eabc19a242398f713a50'
14:03:15.936 [AsyncHttpClient-1-6] DEBUG org.asynchttpclient.netty.handler.HttpHandler - Unexpected I/O exception on channel [id: 0x48d7fea9, L:/127.0.0.1:51381 - R:localhost/127.0.0.1:51374]
java.net.SocketException: Connection reset
	at java.base/sun.nio.ch.SocketChannelImpl.throwConnectionReset(SocketChannelImpl.java:401)
	at java.base/sun.nio.ch.SocketChannelImpl.read(SocketChannelImpl.java:434)
	at io.netty.buffer.PooledByteBuf.setBytes(PooledByteBuf.java:259)
	at io.netty.buffer.AbstractByteBuf.writeBytes(AbstractByteBuf.java:1132)
	at io.netty.channel.socket.nio.NioSocketChannel.doReadBytes(NioSocketChannel.java:357)
	at io.netty.channel.nio.AbstractNioByteChannel$NioByteUnsafe.read(AbstractNioByteChannel.java:151)
	at io.netty.channel.nio.NioEventLoop.processSelectedKey(NioEventLoop.java:788)
	at io.netty.channel.nio.NioEventLoop.processSelectedKeysOptimized(NioEventLoop.java:724)
	at io.netty.channel.nio.NioEventLoop.processSelectedKeys(NioEventLoop.java:650)
	at io.netty.channel.nio.NioEventLoop.run(NioEventLoop.java:562)
	at io.netty.util.concurrent.SingleThreadEventExecutor$4.run(SingleThreadEventExecutor.java:997)
	at io.netty.util.internal.ThreadExecutorMap$2.run(ThreadExecutorMap.java:74)
	at io.netty.util.concurrent.FastThreadLocalRunnable.run(FastThreadLocalRunnable.java:30)
	at java.base/java.lang.Thread.run(Thread.java:1589)
14:03:15.937 [AsyncHttpClient-1-6] DEBUG org.asynchttpclient.netty.channel.ChannelManager - Closing Channel [id: 0x48d7fea9, L:/127.0.0.1:51381 - R:localhost/127.0.0.1:51374] 
14:03:15.937 [AsyncHttpClient-1-6] DEBUG org.asynchttpclient.netty.handler.HttpHandler - Channel Closed: [id: 0x48d7fea9, L:/127.0.0.1:51381 ! R:localhost/127.0.0.1:51374] with attribute DISCARD
14:03:15.962 [AsyncHttpClient-1-5] DEBUG org.asynchttpclient.netty.handler.HttpHandler - 

Request DefaultFullHttpRequest(decodeResult: success, version: HTTP/1.1, content: EmptyByteBufBE)
DELETE /session/c524be8e7590eabc19a242398f713a50 HTTP/1.1
User-Agent: selenium/4.8.1 (java windows)
Content-Type: application/json; charset=utf-8
host: localhost:3307
accept: */*

Response DefaultHttpResponse(decodeResult: success, version: HTTP/1.1)
HTTP/1.1 200 OK
Content-Length: 14
Content-Type: application/json; charset=utf-8
cache-control: no-cache

14:03:15.962 [AsyncHttpClient-1-5] DEBUG org.asynchttpclient.netty.channel.ChannelManager - Adding key: http://localhost:3307 for channel [id: 0x5d720e50, L:/127.0.0.1:51373 - R:localhost/127.0.0.1:3307]
14:03:16.043 [AsyncHttpClient-1-1] DEBUG org.asynchttpclient.netty.channel.DefaultChannelPool - Entry count for : http://localhost:3307 : 1
14:03:16.044 [AsyncHttpClient-1-1] DEBUG org.asynchttpclient.netty.channel.DefaultChannelPool - Entry count for : http://localhost:51374 : 1
14:03:16.044 [AsyncHttpClient-1-1] DEBUG org.asynchttpclient.netty.channel.DefaultChannelPool - Adding Candidate expired Channel [id: 0x48d7fea9, L:/127.0.0.1:51381 ! R:localhost/127.0.0.1:51374] isIdleTimeoutExpired=false isRemotelyClosed=true isTtlExpired=false
14:03:16.044 [AsyncHttpClient-1-1] DEBUG org.asynchttpclient.netty.channel.DefaultChannelPool - Closing Idle Channel [id: 0x48d7fea9, L:/127.0.0.1:51381 ! R:localhost/127.0.0.1:51374]
14:03:16.044 [AsyncHttpClient-1-1] DEBUG org.asynchttpclient.netty.channel.DefaultChannelPool - Closed 1 connections out of 2 in 0 ms
14:03:16.062 [AsyncHttpClient-1-5] DEBUG org.asynchttpclient.netty.handler.HttpHandler - Channel Closed: [id: 0x5d720e50, L:/127.0.0.1:51373 ! R:localhost/127.0.0.1:3307] with attribute DISCARD
]]></system-out>
    <system-err><![CDATA[Starting ChromeDriver 111.0.5563.64 (c710e93d5b63b7095afe8c2c17df34408078439d-refs/branch-heads/5563@{#995}) on port 3307
Only local connections are allowed.
Please see https://chromedriver.chromium.org/security-considerations for suggestions on keeping ChromeDriver safe.
ChromeDriver was started successfully.
Apr 06, 2023 2:03:05 PM org.openqa.selenium.devtools.CdpVersionFinder findNearestMatch
WARNING: Unable to find an exact match for CDP version 111, so returning the closest version found: 110
]]></system-err>
  </testcase>
  <testcase name="As user i have be able to choose product" classname="choose product" time="13.706">
    <system-out><![CDATA[14:03:16.140 [main] DEBUG io.cucumber.core.plugin.SerenityReporter - Running feature from file:///C:/Users/User/IdeaProjects/prioritasduaa/src/test/resources/features/product.feature
14:03:16.145 [main] DEBUG net.thucydides.core.steps.StepEventBus - Test suite started for story net.thucydides.core.model.Story@cfb1c0de
14:03:16.146 [main] INFO  - Test Suite Started: choose product

@product
Scenario: As user i have be able to choose product &amp#27;[90m# src/test/resources/features/product.feature:7&amp#27;[0m
14:03:16.159 [main] DEBUG io.cucumber.core.plugin.SerenityReporter - Running feature from file:///C:/Users/User/IdeaProjects/prioritasduaa/src/test/resources/features/product.feature
14:03:16.166 [main] INFO  - 
  _____   ___   ___   _____     ___   _____     _     ___   _____   ___   ___  
 |_   _| | __| / __| |_   _|   / __| |_   _|   /_\   | _ \ |_   _| | __| |   \ 
   | |   | _|  \__ \   | |     \__ \   | |    / _ \  |   /   | |   | _|  | |) |
   |_|   |___| |___/   |_|     |___/   |_|   /_/ \_\ |_|_\   |_|   |___| |___/ 

As user i have be able to choose product(choose-product;as-user-i-have-be-able-to-choose-product)
--------------------------------------------------------------------------------
14:03:16.461 [main] INFO net.serenitybdd.core.webdriver.driverproviders.ChromeDriverProvider - Starting Chrome driver instance with capabilities:
14:03:16.462 [main] INFO net.serenitybdd.core.webdriver.driverproviders.ChromeDriverProvider - Capabilities {acceptInsecureCerts: false, browserName: chrome, goog:chromeOptions: {args: [remote-allow-origins=*], extensions: []}}
14:03:16.584 [AsyncHttpClient-1-8] DEBUG org.asynchttpclient.netty.channel.NettyConnectListener - Using new Channel '[id: 0x7f02a141, L:/127.0.0.1:51407 - R:localhost/127.0.0.1:39896]' for 'POST' to '/session'
14:03:17.146 [AsyncHttpClient-1-1] DEBUG org.asynchttpclient.netty.channel.DefaultChannelPool - Entry count for : http://localhost:3307 : 1
14:03:17.146 [AsyncHttpClient-1-1] DEBUG org.asynchttpclient.netty.channel.DefaultChannelPool - Adding Candidate expired Channel [id: 0x5d720e50, L:/127.0.0.1:51373 ! R:localhost/127.0.0.1:3307] isIdleTimeoutExpired=false isRemotelyClosed=true isTtlExpired=false
14:03:17.146 [AsyncHttpClient-1-1] DEBUG org.asynchttpclient.netty.channel.DefaultChannelPool - Closing Idle Channel [id: 0x5d720e50, L:/127.0.0.1:51373 ! R:localhost/127.0.0.1:3307]
14:03:17.147 [AsyncHttpClient-1-1] DEBUG org.asynchttpclient.netty.channel.DefaultChannelPool - Closed 1 connections out of 1 in 1 ms
14:03:18.370 [AsyncHttpClient-1-8] DEBUG org.asynchttpclient.netty.handler.HttpHandler - 

Request DefaultHttpRequest(decodeResult: success, version: HTTP/1.1)
POST /session HTTP/1.1
User-Agent: selenium/4.8.1 (java windows)
Content-Length: 507
Content-Type: application/json; charset=utf-8
host: localhost:39896
accept: */*

Response DefaultHttpResponse(decodeResult: success, version: HTTP/1.1)
HTTP/1.1 200 OK
Content-Length: 858
Content-Type: application/json; charset=utf-8
cache-control: no-cache

14:03:18.370 [AsyncHttpClient-1-8] DEBUG org.asynchttpclient.netty.channel.ChannelManager - Adding key: http://localhost:39896 for channel [id: 0x7f02a141, L:/127.0.0.1:51407 - R:localhost/127.0.0.1:39896]
14:03:18.400 [AsyncHttpClient-1-9] DEBUG org.asynchttpclient.netty.channel.NettyConnectListener - Using new Channel '[id: 0x5f5e9a97, L:/127.0.0.1:51416 - R:localhost/127.0.0.1:51408]' for 'GET' to '/json/version'
14:03:18.405 [AsyncHttpClient-1-9] DEBUG org.asynchttpclient.netty.handler.HttpHandler - 

Request DefaultFullHttpRequest(decodeResult: success, version: HTTP/1.1, content: EmptyByteBufBE)
GET /json/version HTTP/1.1
User-Agent: selenium/4.8.1 (java windows)
host: localhost:51408
accept: */*

Response DefaultHttpResponse(decodeResult: success, version: HTTP/1.1)
HTTP/1.1 200 OK
Content-Security-Policy: frame-ancestors 'none'
Content-Length: 424
Content-Type: application/json; charset=UTF-8

14:03:18.405 [AsyncHttpClient-1-9] DEBUG org.asynchttpclient.netty.channel.ChannelManager - Adding key: http://localhost:51408 for channel [id: 0x5f5e9a97, L:/127.0.0.1:51416 - R:localhost/127.0.0.1:51408]
14:03:18.408 [AsyncHttpClient-1-2] DEBUG org.asynchttpclient.netty.channel.NettyConnectListener - Using new Channel '[id: 0x79a9f7a9, L:/127.0.0.1:51417 - R:localhost/127.0.0.1:51408]' for 'GET' to '/devtools/browser/4e60b93b-f555-4ada-a6fc-97c47e203200'
14:03:18.413 [AsyncHttpClient-1-2] DEBUG org.asynchttpclient.netty.handler.WebSocketHandler - 

Request DefaultFullHttpRequest(decodeResult: success, version: HTTP/1.1, content: EmptyByteBufBE)
GET /devtools/browser/4e60b93b-f555-4ada-a6fc-97c47e203200 HTTP/1.1
upgrade: websocket
connection: upgrade
sec-websocket-key: xXUAA1dAf1PekhG7dPKU+Q==
sec-websocket-version: 13
origin: http://localhost:51408
host: localhost:51408
accept: */*
user-agent: AHC/2.1

Response DefaultHttpResponse(decodeResult: success, version: HTTP/1.1)
HTTP/1.1 101 WebSocket Protocol Handshake
Upgrade: WebSocket
Connection: Upgrade
Sec-WebSocket-Accept: VQTOBt34fNb2RWWTH4nWLSUGs9c=

14:03:18.419 [Forwarding get on session a40a9378cd6c368292029dc990192224 to remote] DEBUG org.asynchttpclient.netty.request.NettyRequestSender - Using pooled Channel '[id: 0x7f02a141, L:/127.0.0.1:51407 - R:localhost/127.0.0.1:39896]' for 'POST' to 'http://localhost:39896/session/a40a9378cd6c368292029dc990192224/url'
14:03:18.419 [Forwarding get on session a40a9378cd6c368292029dc990192224 to remote] DEBUG org.asynchttpclient.netty.request.NettyRequestSender - Using open Channel [id: 0x7f02a141, L:/127.0.0.1:51407 - R:localhost/127.0.0.1:39896] for POST '/session/a40a9378cd6c368292029dc990192224/url'
14:03:19.350 [AsyncHttpClient-1-1] DEBUG org.asynchttpclient.netty.channel.DefaultChannelPool - Entry count for : http://localhost:51408 : 1
14:03:20.443 [AsyncHttpClient-1-1] DEBUG org.asynchttpclient.netty.channel.DefaultChannelPool - Entry count for : http://localhost:51408 : 1
14:03:21.025 [AsyncHttpClient-1-8] DEBUG org.asynchttpclient.netty.handler.HttpHandler - 

Request DefaultHttpRequest(decodeResult: success, version: HTTP/1.1)
POST /session/a40a9378cd6c368292029dc990192224/url HTTP/1.1
User-Agent: selenium/4.8.1 (java windows)
Content-Length: 54
Content-Type: application/json; charset=utf-8
host: localhost:39896
accept: */*

Response DefaultHttpResponse(decodeResult: success, version: HTTP/1.1)
HTTP/1.1 200 OK
Content-Length: 14
Content-Type: application/json; charset=utf-8
cache-control: no-cache

14:03:21.025 [AsyncHttpClient-1-8] DEBUG org.asynchttpclient.netty.channel.ChannelManager - Adding key: http://localhost:39896 for channel [id: 0x7f02a141, L:/127.0.0.1:51407 - R:localhost/127.0.0.1:39896]
14:03:21.028 [Forwarding setTimeout on session a40a9378cd6c368292029dc990192224 to remote] DEBUG org.asynchttpclient.netty.request.NettyRequestSender - Using pooled Channel '[id: 0x7f02a141, L:/127.0.0.1:51407 - R:localhost/127.0.0.1:39896]' for 'POST' to 'http://localhost:39896/session/a40a9378cd6c368292029dc990192224/timeouts'
14:03:21.028 [Forwarding setTimeout on session a40a9378cd6c368292029dc990192224 to remote] DEBUG org.asynchttpclient.netty.request.NettyRequestSender - Using open Channel [id: 0x7f02a141, L:/127.0.0.1:51407 - R:localhost/127.0.0.1:39896] for POST '/session/a40a9378cd6c368292029dc990192224/timeouts'
14:03:21.033 [AsyncHttpClient-1-8] DEBUG org.asynchttpclient.netty.handler.HttpHandler - 

Request DefaultHttpRequest(decodeResult: success, version: HTTP/1.1)
POST /session/a40a9378cd6c368292029dc990192224/timeouts HTTP/1.1
User-Agent: selenium/4.8.1 (java windows)
Content-Length: 22
Content-Type: application/json; charset=utf-8
host: localhost:39896
accept: */*

Response DefaultHttpResponse(decodeResult: success, version: HTTP/1.1)
HTTP/1.1 200 OK
Content-Length: 14
Content-Type: application/json; charset=utf-8
cache-control: no-cache

14:03:21.033 [AsyncHttpClient-1-8] DEBUG org.asynchttpclient.netty.channel.ChannelManager - Adding key: http://localhost:39896 for channel [id: 0x7f02a141, L:/127.0.0.1:51407 - R:localhost/127.0.0.1:39896]
14:03:21.040 [Forwarding findElement on session a40a9378cd6c368292029dc990192224 to remote] DEBUG org.asynchttpclient.netty.request.NettyRequestSender - Using pooled Channel '[id: 0x7f02a141, L:/127.0.0.1:51407 - R:localhost/127.0.0.1:39896]' for 'POST' to 'http://localhost:39896/session/a40a9378cd6c368292029dc990192224/element'
14:03:21.040 [Forwarding findElement on session a40a9378cd6c368292029dc990192224 to remote] DEBUG org.asynchttpclient.netty.request.NettyRequestSender - Using open Channel [id: 0x7f02a141, L:/127.0.0.1:51407 - R:localhost/127.0.0.1:39896] for POST '/session/a40a9378cd6c368292029dc990192224/element'
14:03:21.086 [AsyncHttpClient-1-8] DEBUG org.asynchttpclient.netty.handler.HttpHandler - 

Request DefaultHttpRequest(decodeResult: success, version: HTTP/1.1)
POST /session/a40a9378cd6c368292029dc990192224/element HTTP/1.1
User-Agent: selenium/4.8.1 (java windows)
Content-Length: 58
Content-Type: application/json; charset=utf-8
host: localhost:39896
accept: */*

Response DefaultHttpResponse(decodeResult: success, version: HTTP/1.1)
HTTP/1.1 200 OK
Content-Length: 88
Content-Type: application/json; charset=utf-8
cache-control: no-cache

14:03:21.086 [AsyncHttpClient-1-8] DEBUG org.asynchttpclient.netty.channel.ChannelManager - Adding key: http://localhost:39896 for channel [id: 0x7f02a141, L:/127.0.0.1:51407 - R:localhost/127.0.0.1:39896]
14:03:21.090 [Forwarding isElementDisplayed on session a40a9378cd6c368292029dc990192224 to remote] DEBUG org.asynchttpclient.netty.request.NettyRequestSender - Using pooled Channel '[id: 0x7f02a141, L:/127.0.0.1:51407 - R:localhost/127.0.0.1:39896]' for 'POST' to 'http://localhost:39896/session/a40a9378cd6c368292029dc990192224/execute/sync'
14:03:21.090 [Forwarding isElementDisplayed on session a40a9378cd6c368292029dc990192224 to remote] DEBUG org.asynchttpclient.netty.request.NettyRequestSender - Using open Channel [id: 0x7f02a141, L:/127.0.0.1:51407 - R:localhost/127.0.0.1:39896] for POST '/session/a40a9378cd6c368292029dc990192224/execute/sync'
14:03:21.116 [AsyncHttpClient-1-8] DEBUG org.asynchttpclient.netty.handler.HttpHandler - 

Request DefaultHttpRequest(decodeResult: success, version: HTTP/1.1)
POST /session/a40a9378cd6c368292029dc990192224/execute/sync HTTP/1.1
User-Agent: selenium/4.8.1 (java windows)
Content-Length: 48807
Content-Type: application/json; charset=utf-8
host: localhost:39896
accept: */*

Response DefaultHttpResponse(decodeResult: success, version: HTTP/1.1)
HTTP/1.1 200 OK
Content-Length: 14
Content-Type: application/json; charset=utf-8
cache-control: no-cache

14:03:21.116 [AsyncHttpClient-1-8] DEBUG org.asynchttpclient.netty.channel.ChannelManager - Adding key: http://localhost:39896 for channel [id: 0x7f02a141, L:/127.0.0.1:51407 - R:localhost/127.0.0.1:39896]
  &amp#27;[32mGiven &amp#27;[0m&amp#27;[32mI already on homepage&amp#27;[0m                      &amp#27;[90m# starter.stepdefinition.ProductSteps.onHomePage()&amp#27;[0m
14:03:21.123 [main] DEBUG net.serenitybdd.core.photography.Darkroom - Opening darkroom
14:03:21.124 [Darkroom Processing Line] DEBUG net.serenitybdd.core.photography.DarkroomProcessingLine - Darkroom processing line starting up
14:03:21.125 [Forwarding getAlertText on session a40a9378cd6c368292029dc990192224 to remote] DEBUG org.asynchttpclient.netty.request.NettyRequestSender - Using pooled Channel '[id: 0x7f02a141, L:/127.0.0.1:51407 - R:localhost/127.0.0.1:39896]' for 'GET' to 'http://localhost:39896/session/a40a9378cd6c368292029dc990192224/alert/text'
14:03:21.125 [Forwarding getAlertText on session a40a9378cd6c368292029dc990192224 to remote] DEBUG org.asynchttpclient.netty.request.NettyRequestSender - Using open Channel [id: 0x7f02a141, L:/127.0.0.1:51407 - R:localhost/127.0.0.1:39896] for GET '/session/a40a9378cd6c368292029dc990192224/alert/text'
14:03:21.128 [AsyncHttpClient-1-8] DEBUG org.asynchttpclient.netty.handler.HttpHandler - 

Request DefaultFullHttpRequest(decodeResult: success, version: HTTP/1.1, content: EmptyByteBufBE)
GET /session/a40a9378cd6c368292029dc990192224/alert/text HTTP/1.1
User-Agent: selenium/4.8.1 (java windows)
Cache-Control: no-cache
Content-Type: application/json; charset=utf-8
host: localhost:39896
accept: */*

Response DefaultHttpResponse(decodeResult: success, version: HTTP/1.1)
HTTP/1.1 404 Not Found
Content-Length: 836
Content-Type: application/json; charset=utf-8
cache-control: no-cache

14:03:21.128 [AsyncHttpClient-1-8] DEBUG org.asynchttpclient.netty.channel.ChannelManager - Adding key: http://localhost:39896 for channel [id: 0x7f02a141, L:/127.0.0.1:51407 - R:localhost/127.0.0.1:39896]
14:03:21.130 [Forwarding getCurrentUrl on session a40a9378cd6c368292029dc990192224 to remote] DEBUG org.asynchttpclient.netty.request.NettyRequestSender - Using pooled Channel '[id: 0x7f02a141, L:/127.0.0.1:51407 - R:localhost/127.0.0.1:39896]' for 'GET' to 'http://localhost:39896/session/a40a9378cd6c368292029dc990192224/url'
14:03:21.130 [Forwarding getCurrentUrl on session a40a9378cd6c368292029dc990192224 to remote] DEBUG org.asynchttpclient.netty.request.NettyRequestSender - Using open Channel [id: 0x7f02a141, L:/127.0.0.1:51407 - R:localhost/127.0.0.1:39896] for GET '/session/a40a9378cd6c368292029dc990192224/url'
14:03:21.155 [AsyncHttpClient-1-8] DEBUG org.asynchttpclient.netty.handler.HttpHandler - 

Request DefaultFullHttpRequest(decodeResult: success, version: HTTP/1.1, content: EmptyByteBufBE)
GET /session/a40a9378cd6c368292029dc990192224/url HTTP/1.1
User-Agent: selenium/4.8.1 (java windows)
Cache-Control: no-cache
Content-Type: application/json; charset=utf-8
host: localhost:39896
accept: */*

Response DefaultHttpResponse(decodeResult: success, version: HTTP/1.1)
HTTP/1.1 200 OK
Content-Length: 36
Content-Type: application/json; charset=utf-8
cache-control: no-cache

14:03:21.156 [AsyncHttpClient-1-8] DEBUG org.asynchttpclient.netty.channel.ChannelManager - Adding key: http://localhost:39896 for channel [id: 0x7f02a141, L:/127.0.0.1:51407 - R:localhost/127.0.0.1:39896]
14:03:21.159 [Forwarding screenshot on session a40a9378cd6c368292029dc990192224 to remote] DEBUG org.asynchttpclient.netty.request.NettyRequestSender - Using pooled Channel '[id: 0x7f02a141, L:/127.0.0.1:51407 - R:localhost/127.0.0.1:39896]' for 'GET' to 'http://localhost:39896/session/a40a9378cd6c368292029dc990192224/screenshot'
14:03:21.159 [Forwarding screenshot on session a40a9378cd6c368292029dc990192224 to remote] DEBUG org.asynchttpclient.netty.request.NettyRequestSender - Using open Channel [id: 0x7f02a141, L:/127.0.0.1:51407 - R:localhost/127.0.0.1:39896] for GET '/session/a40a9378cd6c368292029dc990192224/screenshot'
14:03:21.397 [AsyncHttpClient-1-8] DEBUG org.asynchttpclient.netty.handler.HttpHandler - 

Request DefaultFullHttpRequest(decodeResult: success, version: HTTP/1.1, content: EmptyByteBufBE)
GET /session/a40a9378cd6c368292029dc990192224/screenshot HTTP/1.1
User-Agent: selenium/4.8.1 (java windows)
Cache-Control: no-cache
Content-Type: application/json; charset=utf-8
host: localhost:39896
accept: */*

Response DefaultHttpResponse(decodeResult: success, version: HTTP/1.1)
HTTP/1.1 200 OK
Content-Length: 148220
Content-Type: application/json; charset=utf-8
cache-control: no-cache

14:03:21.398 [AsyncHttpClient-1-8] DEBUG org.asynchttpclient.netty.channel.ChannelManager - Adding key: http://localhost:39896 for channel [id: 0x7f02a141, L:/127.0.0.1:51407 - R:localhost/127.0.0.1:39896]
14:03:21.404 [main] DEBUG net.serenitybdd.core.photography.Darkroom - Send negative for processing for target\site\serenity\ab1d04226bad0f15856035a28b2430eff14590431e02dc9ad0b73d13844ae2cf.png
14:03:21.405 [Darkroom Processing Line] DEBUG net.serenitybdd.core.photography.DarkroomProcessingLine - Processing screenshot image in /var/screenshots/screenshot-17114839075001993982
14:03:21.405 [Darkroom Processing Line] DEBUG net.serenitybdd.core.photography.DarkroomProcessingLine - Saving screenshot to target\site\serenity\ab1d04226bad0f15856035a28b2430eff14590431e02dc9ad0b73d13844ae2cf.png
14:03:21.415 [Forwarding getPageSource on session a40a9378cd6c368292029dc990192224 to remote] DEBUG org.asynchttpclient.netty.request.NettyRequestSender - Using pooled Channel '[id: 0x7f02a141, L:/127.0.0.1:51407 - R:localhost/127.0.0.1:39896]' for 'POST' to 'http://localhost:39896/session/a40a9378cd6c368292029dc990192224/execute/sync'
14:03:21.416 [Forwarding getPageSource on session a40a9378cd6c368292029dc990192224 to remote] DEBUG org.asynchttpclient.netty.request.NettyRequestSender - Using open Channel [id: 0x7f02a141, L:/127.0.0.1:51407 - R:localhost/127.0.0.1:39896] for POST '/session/a40a9378cd6c368292029dc990192224/execute/sync'
14:03:21.447 [AsyncHttpClient-1-8] DEBUG org.asynchttpclient.netty.handler.HttpHandler - 

Request DefaultHttpRequest(decodeResult: success, version: HTTP/1.1)
POST /session/a40a9378cd6c368292029dc990192224/execute/sync HTTP/1.1
User-Agent: selenium/4.8.1 (java windows)
Content-Length: 176
Content-Type: application/json; charset=utf-8
host: localhost:39896
accept: */*

Response DefaultHttpResponse(decodeResult: success, version: HTTP/1.1)
HTTP/1.1 200 OK
Content-Length: 184788
Content-Type: application/json; charset=utf-8
cache-control: no-cache

14:03:21.448 [AsyncHttpClient-1-8] DEBUG org.asynchttpclient.netty.channel.ChannelManager - Adding key: http://localhost:39896 for channel [id: 0x7f02a141, L:/127.0.0.1:51407 - R:localhost/127.0.0.1:39896]
14:03:21.569 [AsyncHttpClient-1-1] DEBUG org.asynchttpclient.netty.channel.DefaultChannelPool - Entry count for : http://localhost:51408 : 1
14:03:21.570 [AsyncHttpClient-1-1] DEBUG org.asynchttpclient.netty.channel.DefaultChannelPool - Entry count for : http://localhost:39896 : 1
14:03:21.588 [Forwarding getCurrentUrl on session a40a9378cd6c368292029dc990192224 to remote] DEBUG org.asynchttpclient.netty.request.NettyRequestSender - Using pooled Channel '[id: 0x7f02a141, L:/127.0.0.1:51407 - R:localhost/127.0.0.1:39896]' for 'GET' to 'http://localhost:39896/session/a40a9378cd6c368292029dc990192224/url'
14:03:21.588 [Forwarding getCurrentUrl on session a40a9378cd6c368292029dc990192224 to remote] DEBUG org.asynchttpclient.netty.request.NettyRequestSender - Using open Channel [id: 0x7f02a141, L:/127.0.0.1:51407 - R:localhost/127.0.0.1:39896] for GET '/session/a40a9378cd6c368292029dc990192224/url'
14:03:21.629 [AsyncHttpClient-1-8] DEBUG org.asynchttpclient.netty.handler.HttpHandler - 

Request DefaultFullHttpRequest(decodeResult: success, version: HTTP/1.1, content: EmptyByteBufBE)
GET /session/a40a9378cd6c368292029dc990192224/url HTTP/1.1
User-Agent: selenium/4.8.1 (java windows)
Cache-Control: no-cache
Content-Type: application/json; charset=utf-8
host: localhost:39896
accept: */*

Response DefaultHttpResponse(decodeResult: success, version: HTTP/1.1)
HTTP/1.1 200 OK
Content-Length: 36
Content-Type: application/json; charset=utf-8
cache-control: no-cache

14:03:21.629 [AsyncHttpClient-1-8] DEBUG org.asynchttpclient.netty.channel.ChannelManager - Adding key: http://localhost:39896 for channel [id: 0x7f02a141, L:/127.0.0.1:51407 - R:localhost/127.0.0.1:39896]
14:03:21.654 [Forwarding getAlertText on session a40a9378cd6c368292029dc990192224 to remote] DEBUG org.asynchttpclient.netty.request.NettyRequestSender - Using pooled Channel '[id: 0x7f02a141, L:/127.0.0.1:51407 - R:localhost/127.0.0.1:39896]' for 'GET' to 'http://localhost:39896/session/a40a9378cd6c368292029dc990192224/alert/text'
14:03:21.654 [Forwarding getAlertText on session a40a9378cd6c368292029dc990192224 to remote] DEBUG org.asynchttpclient.netty.request.NettyRequestSender - Using open Channel [id: 0x7f02a141, L:/127.0.0.1:51407 - R:localhost/127.0.0.1:39896] for GET '/session/a40a9378cd6c368292029dc990192224/alert/text'
14:03:21.659 [AsyncHttpClient-1-8] DEBUG org.asynchttpclient.netty.handler.HttpHandler - 

Request DefaultFullHttpRequest(decodeResult: success, version: HTTP/1.1, content: EmptyByteBufBE)
GET /session/a40a9378cd6c368292029dc990192224/alert/text HTTP/1.1
User-Agent: selenium/4.8.1 (java windows)
Cache-Control: no-cache
Content-Type: application/json; charset=utf-8
host: localhost:39896
accept: */*

Response DefaultHttpResponse(decodeResult: success, version: HTTP/1.1)
HTTP/1.1 404 Not Found
Content-Length: 836
Content-Type: application/json; charset=utf-8
cache-control: no-cache

14:03:21.659 [AsyncHttpClient-1-8] DEBUG org.asynchttpclient.netty.channel.ChannelManager - Adding key: http://localhost:39896 for channel [id: 0x7f02a141, L:/127.0.0.1:51407 - R:localhost/127.0.0.1:39896]
14:03:21.664 [Forwarding getCurrentUrl on session a40a9378cd6c368292029dc990192224 to remote] DEBUG org.asynchttpclient.netty.request.NettyRequestSender - Using pooled Channel '[id: 0x7f02a141, L:/127.0.0.1:51407 - R:localhost/127.0.0.1:39896]' for 'GET' to 'http://localhost:39896/session/a40a9378cd6c368292029dc990192224/url'
14:03:21.664 [Forwarding getCurrentUrl on session a40a9378cd6c368292029dc990192224 to remote] DEBUG org.asynchttpclient.netty.request.NettyRequestSender - Using open Channel [id: 0x7f02a141, L:/127.0.0.1:51407 - R:localhost/127.0.0.1:39896] for GET '/session/a40a9378cd6c368292029dc990192224/url'
14:03:21.679 [AsyncHttpClient-1-8] DEBUG org.asynchttpclient.netty.handler.HttpHandler - 

Request DefaultFullHttpRequest(decodeResult: success, version: HTTP/1.1, content: EmptyByteBufBE)
GET /session/a40a9378cd6c368292029dc990192224/url HTTP/1.1
User-Agent: selenium/4.8.1 (java windows)
Cache-Control: no-cache
Content-Type: application/json; charset=utf-8
host: localhost:39896
accept: */*

Response DefaultHttpResponse(decodeResult: success, version: HTTP/1.1)
HTTP/1.1 200 OK
Content-Length: 36
Content-Type: application/json; charset=utf-8
cache-control: no-cache

14:03:21.679 [AsyncHttpClient-1-8] DEBUG org.asynchttpclient.netty.channel.ChannelManager - Adding key: http://localhost:39896 for channel [id: 0x7f02a141, L:/127.0.0.1:51407 - R:localhost/127.0.0.1:39896]
14:03:21.680 [Forwarding screenshot on session a40a9378cd6c368292029dc990192224 to remote] DEBUG org.asynchttpclient.netty.request.NettyRequestSender - Using pooled Channel '[id: 0x7f02a141, L:/127.0.0.1:51407 - R:localhost/127.0.0.1:39896]' for 'GET' to 'http://localhost:39896/session/a40a9378cd6c368292029dc990192224/screenshot'
14:03:21.680 [Forwarding screenshot on session a40a9378cd6c368292029dc990192224 to remote] DEBUG org.asynchttpclient.netty.request.NettyRequestSender - Using open Channel [id: 0x7f02a141, L:/127.0.0.1:51407 - R:localhost/127.0.0.1:39896] for GET '/session/a40a9378cd6c368292029dc990192224/screenshot'
14:03:21.931 [AsyncHttpClient-1-8] DEBUG org.asynchttpclient.netty.handler.HttpHandler - 

Request DefaultFullHttpRequest(decodeResult: success, version: HTTP/1.1, content: EmptyByteBufBE)
GET /session/a40a9378cd6c368292029dc990192224/screenshot HTTP/1.1
User-Agent: selenium/4.8.1 (java windows)
Cache-Control: no-cache
Content-Type: application/json; charset=utf-8
host: localhost:39896
accept: */*

Response DefaultHttpResponse(decodeResult: success, version: HTTP/1.1)
HTTP/1.1 200 OK
Content-Length: 148768
Content-Type: application/json; charset=utf-8
cache-control: no-cache

14:03:21.932 [AsyncHttpClient-1-8] DEBUG org.asynchttpclient.netty.channel.ChannelManager - Adding key: http://localhost:39896 for channel [id: 0x7f02a141, L:/127.0.0.1:51407 - R:localhost/127.0.0.1:39896]
14:03:21.936 [main] DEBUG net.serenitybdd.core.photography.Darkroom - Send negative for processing for target\site\serenity\802a5775d41009792ed044139421b18dc0dd3a18081f69274f20827f88e1e7af.png
14:03:21.937 [Darkroom Processing Line] DEBUG net.serenitybdd.core.photography.DarkroomProcessingLine - Processing screenshot image in /var/screenshots/screenshot-9978713943107173707
14:03:21.937 [Darkroom Processing Line] DEBUG net.serenitybdd.core.photography.DarkroomProcessingLine - Saving screenshot to target\site\serenity\802a5775d41009792ed044139421b18dc0dd3a18081f69274f20827f88e1e7af.png
14:03:21.939 [Forwarding getPageSource on session a40a9378cd6c368292029dc990192224 to remote] DEBUG org.asynchttpclient.netty.request.NettyRequestSender - Using pooled Channel '[id: 0x7f02a141, L:/127.0.0.1:51407 - R:localhost/127.0.0.1:39896]' for 'POST' to 'http://localhost:39896/session/a40a9378cd6c368292029dc990192224/execute/sync'
14:03:21.939 [Forwarding getPageSource on session a40a9378cd6c368292029dc990192224 to remote] DEBUG org.asynchttpclient.netty.request.NettyRequestSender - Using open Channel [id: 0x7f02a141, L:/127.0.0.1:51407 - R:localhost/127.0.0.1:39896] for POST '/session/a40a9378cd6c368292029dc990192224/execute/sync'
14:03:21.963 [AsyncHttpClient-1-8] DEBUG org.asynchttpclient.netty.handler.HttpHandler - 

Request DefaultHttpRequest(decodeResult: success, version: HTTP/1.1)
POST /session/a40a9378cd6c368292029dc990192224/execute/sync HTTP/1.1
User-Agent: selenium/4.8.1 (java windows)
Content-Length: 176
Content-Type: application/json; charset=utf-8
host: localhost:39896
accept: */*

Response DefaultHttpResponse(decodeResult: success, version: HTTP/1.1)
HTTP/1.1 200 OK
Content-Length: 182088
Content-Type: application/json; charset=utf-8
cache-control: no-cache

14:03:21.963 [AsyncHttpClient-1-8] DEBUG org.asynchttpclient.netty.channel.ChannelManager - Adding key: http://localhost:39896 for channel [id: 0x7f02a141, L:/127.0.0.1:51407 - R:localhost/127.0.0.1:39896]
14:03:21.992 [Forwarding getCurrentUrl on session a40a9378cd6c368292029dc990192224 to remote] DEBUG org.asynchttpclient.netty.request.NettyRequestSender - Using pooled Channel '[id: 0x7f02a141, L:/127.0.0.1:51407 - R:localhost/127.0.0.1:39896]' for 'GET' to 'http://localhost:39896/session/a40a9378cd6c368292029dc990192224/url'
14:03:21.992 [Forwarding getCurrentUrl on session a40a9378cd6c368292029dc990192224 to remote] DEBUG org.asynchttpclient.netty.request.NettyRequestSender - Using open Channel [id: 0x7f02a141, L:/127.0.0.1:51407 - R:localhost/127.0.0.1:39896] for GET '/session/a40a9378cd6c368292029dc990192224/url'
14:03:21.996 [AsyncHttpClient-1-8] DEBUG org.asynchttpclient.netty.handler.HttpHandler - 

Request DefaultFullHttpRequest(decodeResult: success, version: HTTP/1.1, content: EmptyByteBufBE)
GET /session/a40a9378cd6c368292029dc990192224/url HTTP/1.1
User-Agent: selenium/4.8.1 (java windows)
Cache-Control: no-cache
Content-Type: application/json; charset=utf-8
host: localhost:39896
accept: */*

Response DefaultHttpResponse(decodeResult: success, version: HTTP/1.1)
HTTP/1.1 200 OK
Content-Length: 36
Content-Type: application/json; charset=utf-8
cache-control: no-cache

14:03:21.997 [AsyncHttpClient-1-8] DEBUG org.asynchttpclient.netty.channel.ChannelManager - Adding key: http://localhost:39896 for channel [id: 0x7f02a141, L:/127.0.0.1:51407 - R:localhost/127.0.0.1:39896]
14:03:21.999 [main] DEBUG net.thucydides.core.steps.StepInterceptor - STARTING STEP: ProductSteps.clickPulsaButton - pulsaButton
14:03:22.005 [Forwarding findElement on session a40a9378cd6c368292029dc990192224 to remote] DEBUG org.asynchttpclient.netty.request.NettyRequestSender - Using pooled Channel '[id: 0x7f02a141, L:/127.0.0.1:51407 - R:localhost/127.0.0.1:39896]' for 'POST' to 'http://localhost:39896/session/a40a9378cd6c368292029dc990192224/element'
14:03:22.005 [Forwarding findElement on session a40a9378cd6c368292029dc990192224 to remote] DEBUG org.asynchttpclient.netty.request.NettyRequestSender - Using open Channel [id: 0x7f02a141, L:/127.0.0.1:51407 - R:localhost/127.0.0.1:39896] for POST '/session/a40a9378cd6c368292029dc990192224/element'
14:03:22.025 [AsyncHttpClient-1-8] DEBUG org.asynchttpclient.netty.handler.HttpHandler - 

Request DefaultHttpRequest(decodeResult: success, version: HTTP/1.1)
POST /session/a40a9378cd6c368292029dc990192224/element HTTP/1.1
User-Agent: selenium/4.8.1 (java windows)
Content-Length: 59
Content-Type: application/json; charset=utf-8
host: localhost:39896
accept: */*

Response DefaultHttpResponse(decodeResult: success, version: HTTP/1.1)
HTTP/1.1 200 OK
Content-Length: 88
Content-Type: application/json; charset=utf-8
cache-control: no-cache

14:03:22.025 [AsyncHttpClient-1-8] DEBUG org.asynchttpclient.netty.channel.ChannelManager - Adding key: http://localhost:39896 for channel [id: 0x7f02a141, L:/127.0.0.1:51407 - R:localhost/127.0.0.1:39896]
14:03:22.027 [Forwarding getElementTagName on session a40a9378cd6c368292029dc990192224 to remote] DEBUG org.asynchttpclient.netty.request.NettyRequestSender - Using pooled Channel '[id: 0x7f02a141, L:/127.0.0.1:51407 - R:localhost/127.0.0.1:39896]' for 'GET' to 'http://localhost:39896/session/a40a9378cd6c368292029dc990192224/element/43106c43-ca5c-4d78-a016-2a853e3ffb58/name'
14:03:22.027 [Forwarding getElementTagName on session a40a9378cd6c368292029dc990192224 to remote] DEBUG org.asynchttpclient.netty.request.NettyRequestSender - Using open Channel [id: 0x7f02a141, L:/127.0.0.1:51407 - R:localhost/127.0.0.1:39896] for GET '/session/a40a9378cd6c368292029dc990192224/element/43106c43-ca5c-4d78-a016-2a853e3ffb58/name'
14:03:22.034 [AsyncHttpClient-1-8] DEBUG org.asynchttpclient.netty.handler.HttpHandler - 

Request DefaultFullHttpRequest(decodeResult: success, version: HTTP/1.1, content: EmptyByteBufBE)
GET /session/a40a9378cd6c368292029dc990192224/element/43106c43-ca5c-4d78-a016-2a853e3ffb58/name HTTP/1.1
User-Agent: selenium/4.8.1 (java windows)
Cache-Control: no-cache
Content-Type: application/json; charset=utf-8
host: localhost:39896
accept: */*

Response DefaultHttpResponse(decodeResult: success, version: HTTP/1.1)
HTTP/1.1 200 OK
Content-Length: 15
Content-Type: application/json; charset=utf-8
cache-control: no-cache

14:03:22.034 [AsyncHttpClient-1-8] DEBUG org.asynchttpclient.netty.channel.ChannelManager - Adding key: http://localhost:39896 for channel [id: 0x7f02a141, L:/127.0.0.1:51407 - R:localhost/127.0.0.1:39896]
14:03:22.035 [Forwarding getElementTagName on session a40a9378cd6c368292029dc990192224 to remote] DEBUG org.asynchttpclient.netty.request.NettyRequestSender - Using pooled Channel '[id: 0x7f02a141, L:/127.0.0.1:51407 - R:localhost/127.0.0.1:39896]' for 'GET' to 'http://localhost:39896/session/a40a9378cd6c368292029dc990192224/element/43106c43-ca5c-4d78-a016-2a853e3ffb58/name'
14:03:22.035 [Forwarding getElementTagName on session a40a9378cd6c368292029dc990192224 to remote] DEBUG org.asynchttpclient.netty.request.NettyRequestSender - Using open Channel [id: 0x7f02a141, L:/127.0.0.1:51407 - R:localhost/127.0.0.1:39896] for GET '/session/a40a9378cd6c368292029dc990192224/element/43106c43-ca5c-4d78-a016-2a853e3ffb58/name'
14:03:22.049 [AsyncHttpClient-1-8] DEBUG org.asynchttpclient.netty.handler.HttpHandler - 

Request DefaultFullHttpRequest(decodeResult: success, version: HTTP/1.1, content: EmptyByteBufBE)
GET /session/a40a9378cd6c368292029dc990192224/element/43106c43-ca5c-4d78-a016-2a853e3ffb58/name HTTP/1.1
User-Agent: selenium/4.8.1 (java windows)
Cache-Control: no-cache
Content-Type: application/json; charset=utf-8
host: localhost:39896
accept: */*

Response DefaultHttpResponse(decodeResult: success, version: HTTP/1.1)
HTTP/1.1 200 OK
Content-Length: 15
Content-Type: application/json; charset=utf-8
cache-control: no-cache

14:03:22.049 [AsyncHttpClient-1-8] DEBUG org.asynchttpclient.netty.channel.ChannelManager - Adding key: http://localhost:39896 for channel [id: 0x7f02a141, L:/127.0.0.1:51407 - R:localhost/127.0.0.1:39896]
14:03:22.053 [Forwarding findElement on session a40a9378cd6c368292029dc990192224 to remote] DEBUG org.asynchttpclient.netty.request.NettyRequestSender - Using pooled Channel '[id: 0x7f02a141, L:/127.0.0.1:51407 - R:localhost/127.0.0.1:39896]' for 'POST' to 'http://localhost:39896/session/a40a9378cd6c368292029dc990192224/element'
14:03:22.053 [Forwarding findElement on session a40a9378cd6c368292029dc990192224 to remote] DEBUG org.asynchttpclient.netty.request.NettyRequestSender - Using open Channel [id: 0x7f02a141, L:/127.0.0.1:51407 - R:localhost/127.0.0.1:39896] for POST '/session/a40a9378cd6c368292029dc990192224/element'
14:03:22.068 [AsyncHttpClient-1-8] DEBUG org.asynchttpclient.netty.handler.HttpHandler - 

Request DefaultHttpRequest(decodeResult: success, version: HTTP/1.1)
POST /session/a40a9378cd6c368292029dc990192224/element HTTP/1.1
User-Agent: selenium/4.8.1 (java windows)
Content-Length: 59
Content-Type: application/json; charset=utf-8
host: localhost:39896
accept: */*

Response DefaultHttpResponse(decodeResult: success, version: HTTP/1.1)
HTTP/1.1 200 OK
Content-Length: 88
Content-Type: application/json; charset=utf-8
cache-control: no-cache

14:03:22.068 [AsyncHttpClient-1-8] DEBUG org.asynchttpclient.netty.channel.ChannelManager - Adding key: http://localhost:39896 for channel [id: 0x7f02a141, L:/127.0.0.1:51407 - R:localhost/127.0.0.1:39896]
14:03:22.070 [Forwarding clickElement on session a40a9378cd6c368292029dc990192224 to remote] DEBUG org.asynchttpclient.netty.request.NettyRequestSender - Using pooled Channel '[id: 0x7f02a141, L:/127.0.0.1:51407 - R:localhost/127.0.0.1:39896]' for 'POST' to 'http://localhost:39896/session/a40a9378cd6c368292029dc990192224/element/43106c43-ca5c-4d78-a016-2a853e3ffb58/click'
14:03:22.070 [Forwarding clickElement on session a40a9378cd6c368292029dc990192224 to remote] DEBUG org.asynchttpclient.netty.request.NettyRequestSender - Using open Channel [id: 0x7f02a141, L:/127.0.0.1:51407 - R:localhost/127.0.0.1:39896] for POST '/session/a40a9378cd6c368292029dc990192224/element/43106c43-ca5c-4d78-a016-2a853e3ffb58/click'
14:03:22.641 [AsyncHttpClient-1-1] DEBUG org.asynchttpclient.netty.channel.DefaultChannelPool - Entry count for : http://localhost:51408 : 1
14:03:23.148 [AsyncHttpClient-1-8] DEBUG org.asynchttpclient.netty.handler.HttpHandler - 

Request DefaultHttpRequest(decodeResult: success, version: HTTP/1.1)
POST /session/a40a9378cd6c368292029dc990192224/element/43106c43-ca5c-4d78-a016-2a853e3ffb58/click HTTP/1.1
User-Agent: selenium/4.8.1 (java windows)
Content-Length: 50
Content-Type: application/json; charset=utf-8
host: localhost:39896
accept: */*

Response DefaultHttpResponse(decodeResult: success, version: HTTP/1.1)
HTTP/1.1 400 Bad Request
Content-Length: 1286
Content-Type: application/json; charset=utf-8
cache-control: no-cache

14:03:23.148 [AsyncHttpClient-1-8] DEBUG org.asynchttpclient.netty.channel.ChannelManager - Adding key: http://localhost:39896 for channel [id: 0x7f02a141, L:/127.0.0.1:51407 - R:localhost/127.0.0.1:39896]
14:03:23.416 [Forwarding clickElement on session a40a9378cd6c368292029dc990192224 to remote] DEBUG org.asynchttpclient.netty.request.NettyRequestSender - Using pooled Channel '[id: 0x7f02a141, L:/127.0.0.1:51407 - R:localhost/127.0.0.1:39896]' for 'POST' to 'http://localhost:39896/session/a40a9378cd6c368292029dc990192224/element/43106c43-ca5c-4d78-a016-2a853e3ffb58/click'
14:03:23.417 [Forwarding clickElement on session a40a9378cd6c368292029dc990192224 to remote] DEBUG org.asynchttpclient.netty.request.NettyRequestSender - Using open Channel [id: 0x7f02a141, L:/127.0.0.1:51407 - R:localhost/127.0.0.1:39896] for POST '/session/a40a9378cd6c368292029dc990192224/element/43106c43-ca5c-4d78-a016-2a853e3ffb58/click'
14:03:23.470 [AsyncHttpClient-1-8] DEBUG org.asynchttpclient.netty.handler.HttpHandler - 

Request DefaultHttpRequest(decodeResult: success, version: HTTP/1.1)
POST /session/a40a9378cd6c368292029dc990192224/element/43106c43-ca5c-4d78-a016-2a853e3ffb58/click HTTP/1.1
User-Agent: selenium/4.8.1 (java windows)
Content-Length: 50
Content-Type: application/json; charset=utf-8
host: localhost:39896
accept: */*

Response DefaultHttpResponse(decodeResult: success, version: HTTP/1.1)
HTTP/1.1 200 OK
Content-Length: 14
Content-Type: application/json; charset=utf-8
cache-control: no-cache

14:03:23.471 [AsyncHttpClient-1-8] DEBUG org.asynchttpclient.netty.channel.ChannelManager - Adding key: http://localhost:39896 for channel [id: 0x7f02a141, L:/127.0.0.1:51407 - R:localhost/127.0.0.1:39896]
14:03:23.485 [Forwarding getAlertText on session a40a9378cd6c368292029dc990192224 to remote] DEBUG org.asynchttpclient.netty.request.NettyRequestSender - Using pooled Channel '[id: 0x7f02a141, L:/127.0.0.1:51407 - R:localhost/127.0.0.1:39896]' for 'GET' to 'http://localhost:39896/session/a40a9378cd6c368292029dc990192224/alert/text'
14:03:23.485 [Forwarding getAlertText on session a40a9378cd6c368292029dc990192224 to remote] DEBUG org.asynchttpclient.netty.request.NettyRequestSender - Using open Channel [id: 0x7f02a141, L:/127.0.0.1:51407 - R:localhost/127.0.0.1:39896] for GET '/session/a40a9378cd6c368292029dc990192224/alert/text'
14:03:23.602 [AsyncHttpClient-1-8] DEBUG org.asynchttpclient.netty.handler.HttpHandler - 

Request DefaultFullHttpRequest(decodeResult: success, version: HTTP/1.1, content: EmptyByteBufBE)
GET /session/a40a9378cd6c368292029dc990192224/alert/text HTTP/1.1
User-Agent: selenium/4.8.1 (java windows)
Cache-Control: no-cache
Content-Type: application/json; charset=utf-8
host: localhost:39896
accept: */*

Response DefaultHttpResponse(decodeResult: success, version: HTTP/1.1)
HTTP/1.1 404 Not Found
Content-Length: 836
Content-Type: application/json; charset=utf-8
cache-control: no-cache

14:03:23.602 [AsyncHttpClient-1-8] DEBUG org.asynchttpclient.netty.channel.ChannelManager - Adding key: http://localhost:39896 for channel [id: 0x7f02a141, L:/127.0.0.1:51407 - R:localhost/127.0.0.1:39896]
14:03:23.606 [Forwarding getCurrentUrl on session a40a9378cd6c368292029dc990192224 to remote] DEBUG org.asynchttpclient.netty.request.NettyRequestSender - Using pooled Channel '[id: 0x7f02a141, L:/127.0.0.1:51407 - R:localhost/127.0.0.1:39896]' for 'GET' to 'http://localhost:39896/session/a40a9378cd6c368292029dc990192224/url'
14:03:23.606 [Forwarding getCurrentUrl on session a40a9378cd6c368292029dc990192224 to remote] DEBUG org.asynchttpclient.netty.request.NettyRequestSender - Using open Channel [id: 0x7f02a141, L:/127.0.0.1:51407 - R:localhost/127.0.0.1:39896] for GET '/session/a40a9378cd6c368292029dc990192224/url'
14:03:23.614 [AsyncHttpClient-1-8] DEBUG org.asynchttpclient.netty.handler.HttpHandler - 

Request DefaultFullHttpRequest(decodeResult: success, version: HTTP/1.1, content: EmptyByteBufBE)
GET /session/a40a9378cd6c368292029dc990192224/url HTTP/1.1
User-Agent: selenium/4.8.1 (java windows)
Cache-Control: no-cache
Content-Type: application/json; charset=utf-8
host: localhost:39896
accept: */*

Response DefaultHttpResponse(decodeResult: success, version: HTTP/1.1)
HTTP/1.1 200 OK
Content-Length: 53
Content-Type: application/json; charset=utf-8
cache-control: no-cache

14:03:23.615 [AsyncHttpClient-1-8] DEBUG org.asynchttpclient.netty.channel.ChannelManager - Adding key: http://localhost:39896 for channel [id: 0x7f02a141, L:/127.0.0.1:51407 - R:localhost/127.0.0.1:39896]
14:03:23.616 [Forwarding screenshot on session a40a9378cd6c368292029dc990192224 to remote] DEBUG org.asynchttpclient.netty.request.NettyRequestSender - Using pooled Channel '[id: 0x7f02a141, L:/127.0.0.1:51407 - R:localhost/127.0.0.1:39896]' for 'GET' to 'http://localhost:39896/session/a40a9378cd6c368292029dc990192224/screenshot'
14:03:23.616 [Forwarding screenshot on session a40a9378cd6c368292029dc990192224 to remote] DEBUG org.asynchttpclient.netty.request.NettyRequestSender - Using open Channel [id: 0x7f02a141, L:/127.0.0.1:51407 - R:localhost/127.0.0.1:39896] for GET '/session/a40a9378cd6c368292029dc990192224/screenshot'
14:03:23.733 [AsyncHttpClient-1-1] DEBUG org.asynchttpclient.netty.channel.DefaultChannelPool - Entry count for : http://localhost:51408 : 1
14:03:23.845 [AsyncHttpClient-1-8] DEBUG org.asynchttpclient.netty.handler.HttpHandler - 

Request DefaultFullHttpRequest(decodeResult: success, version: HTTP/1.1, content: EmptyByteBufBE)
GET /session/a40a9378cd6c368292029dc990192224/screenshot HTTP/1.1
User-Agent: selenium/4.8.1 (java windows)
Cache-Control: no-cache
Content-Type: application/json; charset=utf-8
host: localhost:39896
accept: */*

Response DefaultHttpResponse(decodeResult: success, version: HTTP/1.1)
HTTP/1.1 200 OK
Content-Length: 164340
Content-Type: application/json; charset=utf-8
cache-control: no-cache

14:03:23.846 [AsyncHttpClient-1-8] DEBUG org.asynchttpclient.netty.channel.ChannelManager - Adding key: http://localhost:39896 for channel [id: 0x7f02a141, L:/127.0.0.1:51407 - R:localhost/127.0.0.1:39896]
14:03:23.855 [main] DEBUG net.serenitybdd.core.photography.Darkroom - Send negative for processing for target\site\serenity\407ac44dda64f8e2c5dbaf47c2120091ccefaa30023c91887fda1efe6f32ed02.png
14:03:23.855 [main] DEBUG net.thucydides.core.steps.StepInterceptor - STEP DONE: pulsaButton
  &amp#27;[32mWhen &amp#27;[0m&amp#27;[32mI click Pulsa button&amp#27;[0m                        &amp#27;[90m# starter.stepdefinition.ProductSteps.clickPulsaButton()&amp#27;[0m
14:03:23.856 [Darkroom Processing Line] DEBUG net.serenitybdd.core.photography.DarkroomProcessingLine - Processing screenshot image in /var/screenshots/screenshot-8247425324516528216
14:03:23.856 [Darkroom Processing Line] DEBUG net.serenitybdd.core.photography.DarkroomProcessingLine - Saving screenshot to target\site\serenity\407ac44dda64f8e2c5dbaf47c2120091ccefaa30023c91887fda1efe6f32ed02.png
14:03:23.875 [Forwarding getPageSource on session a40a9378cd6c368292029dc990192224 to remote] DEBUG org.asynchttpclient.netty.request.NettyRequestSender - Using pooled Channel '[id: 0x7f02a141, L:/127.0.0.1:51407 - R:localhost/127.0.0.1:39896]' for 'POST' to 'http://localhost:39896/session/a40a9378cd6c368292029dc990192224/execute/sync'
14:03:23.875 [Forwarding getPageSource on session a40a9378cd6c368292029dc990192224 to remote] DEBUG org.asynchttpclient.netty.request.NettyRequestSender - Using open Channel [id: 0x7f02a141, L:/127.0.0.1:51407 - R:localhost/127.0.0.1:39896] for POST '/session/a40a9378cd6c368292029dc990192224/execute/sync'
14:03:23.899 [AsyncHttpClient-1-8] DEBUG org.asynchttpclient.netty.handler.HttpHandler - 

Request DefaultHttpRequest(decodeResult: success, version: HTTP/1.1)
POST /session/a40a9378cd6c368292029dc990192224/execute/sync HTTP/1.1
User-Agent: selenium/4.8.1 (java windows)
Content-Length: 176
Content-Type: application/json; charset=utf-8
host: localhost:39896
accept: */*

Response DefaultHttpResponse(decodeResult: success, version: HTTP/1.1)
HTTP/1.1 200 OK
Content-Length: 88472
Content-Type: application/json; charset=utf-8
cache-control: no-cache

14:03:23.899 [AsyncHttpClient-1-8] DEBUG org.asynchttpclient.netty.channel.ChannelManager - Adding key: http://localhost:39896 for channel [id: 0x7f02a141, L:/127.0.0.1:51407 - R:localhost/127.0.0.1:39896]
14:03:23.919 [Forwarding getCurrentUrl on session a40a9378cd6c368292029dc990192224 to remote] DEBUG org.asynchttpclient.netty.request.NettyRequestSender - Using pooled Channel '[id: 0x7f02a141, L:/127.0.0.1:51407 - R:localhost/127.0.0.1:39896]' for 'GET' to 'http://localhost:39896/session/a40a9378cd6c368292029dc990192224/url'
14:03:23.919 [Forwarding getCurrentUrl on session a40a9378cd6c368292029dc990192224 to remote] DEBUG org.asynchttpclient.netty.request.NettyRequestSender - Using open Channel [id: 0x7f02a141, L:/127.0.0.1:51407 - R:localhost/127.0.0.1:39896] for GET '/session/a40a9378cd6c368292029dc990192224/url'
14:03:24.079 [AsyncHttpClient-1-8] DEBUG org.asynchttpclient.netty.handler.HttpHandler - 

Request DefaultFullHttpRequest(decodeResult: success, version: HTTP/1.1, content: EmptyByteBufBE)
GET /session/a40a9378cd6c368292029dc990192224/url HTTP/1.1
User-Agent: selenium/4.8.1 (java windows)
Cache-Control: no-cache
Content-Type: application/json; charset=utf-8
host: localhost:39896
accept: */*

Response DefaultHttpResponse(decodeResult: success, version: HTTP/1.1)
HTTP/1.1 200 OK
Content-Length: 53
Content-Type: application/json; charset=utf-8
cache-control: no-cache

14:03:24.079 [AsyncHttpClient-1-8] DEBUG org.asynchttpclient.netty.channel.ChannelManager - Adding key: http://localhost:39896 for channel [id: 0x7f02a141, L:/127.0.0.1:51407 - R:localhost/127.0.0.1:39896]
14:03:24.104 [Forwarding getAlertText on session a40a9378cd6c368292029dc990192224 to remote] DEBUG org.asynchttpclient.netty.request.NettyRequestSender - Using pooled Channel '[id: 0x7f02a141, L:/127.0.0.1:51407 - R:localhost/127.0.0.1:39896]' for 'GET' to 'http://localhost:39896/session/a40a9378cd6c368292029dc990192224/alert/text'
14:03:24.104 [Forwarding getAlertText on session a40a9378cd6c368292029dc990192224 to remote] DEBUG org.asynchttpclient.netty.request.NettyRequestSender - Using open Channel [id: 0x7f02a141, L:/127.0.0.1:51407 - R:localhost/127.0.0.1:39896] for GET '/session/a40a9378cd6c368292029dc990192224/alert/text'
14:03:24.106 [AsyncHttpClient-1-8] DEBUG org.asynchttpclient.netty.handler.HttpHandler - 

Request DefaultFullHttpRequest(decodeResult: success, version: HTTP/1.1, content: EmptyByteBufBE)
GET /session/a40a9378cd6c368292029dc990192224/alert/text HTTP/1.1
User-Agent: selenium/4.8.1 (java windows)
Cache-Control: no-cache
Content-Type: application/json; charset=utf-8
host: localhost:39896
accept: */*

Response DefaultHttpResponse(decodeResult: success, version: HTTP/1.1)
HTTP/1.1 404 Not Found
Content-Length: 836
Content-Type: application/json; charset=utf-8
cache-control: no-cache

14:03:24.106 [AsyncHttpClient-1-8] DEBUG org.asynchttpclient.netty.channel.ChannelManager - Adding key: http://localhost:39896 for channel [id: 0x7f02a141, L:/127.0.0.1:51407 - R:localhost/127.0.0.1:39896]
14:03:24.108 [Forwarding getCurrentUrl on session a40a9378cd6c368292029dc990192224 to remote] DEBUG org.asynchttpclient.netty.request.NettyRequestSender - Using pooled Channel '[id: 0x7f02a141, L:/127.0.0.1:51407 - R:localhost/127.0.0.1:39896]' for 'GET' to 'http://localhost:39896/session/a40a9378cd6c368292029dc990192224/url'
14:03:24.108 [Forwarding getCurrentUrl on session a40a9378cd6c368292029dc990192224 to remote] DEBUG org.asynchttpclient.netty.request.NettyRequestSender - Using open Channel [id: 0x7f02a141, L:/127.0.0.1:51407 - R:localhost/127.0.0.1:39896] for GET '/session/a40a9378cd6c368292029dc990192224/url'
14:03:24.113 [AsyncHttpClient-1-8] DEBUG org.asynchttpclient.netty.handler.HttpHandler - 

Request DefaultFullHttpRequest(decodeResult: success, version: HTTP/1.1, content: EmptyByteBufBE)
GET /session/a40a9378cd6c368292029dc990192224/url HTTP/1.1
User-Agent: selenium/4.8.1 (java windows)
Cache-Control: no-cache
Content-Type: application/json; charset=utf-8
host: localhost:39896
accept: */*

Response DefaultHttpResponse(decodeResult: success, version: HTTP/1.1)
HTTP/1.1 200 OK
Content-Length: 53
Content-Type: application/json; charset=utf-8
cache-control: no-cache

14:03:24.114 [AsyncHttpClient-1-8] DEBUG org.asynchttpclient.netty.channel.ChannelManager - Adding key: http://localhost:39896 for channel [id: 0x7f02a141, L:/127.0.0.1:51407 - R:localhost/127.0.0.1:39896]
14:03:24.117 [Forwarding screenshot on session a40a9378cd6c368292029dc990192224 to remote] DEBUG org.asynchttpclient.netty.request.NettyRequestSender - Using pooled Channel '[id: 0x7f02a141, L:/127.0.0.1:51407 - R:localhost/127.0.0.1:39896]' for 'GET' to 'http://localhost:39896/session/a40a9378cd6c368292029dc990192224/screenshot'
14:03:24.117 [Forwarding screenshot on session a40a9378cd6c368292029dc990192224 to remote] DEBUG org.asynchttpclient.netty.request.NettyRequestSender - Using open Channel [id: 0x7f02a141, L:/127.0.0.1:51407 - R:localhost/127.0.0.1:39896] for GET '/session/a40a9378cd6c368292029dc990192224/screenshot'
14:03:24.242 [AsyncHttpClient-1-8] DEBUG org.asynchttpclient.netty.handler.HttpHandler - 

Request DefaultFullHttpRequest(decodeResult: success, version: HTTP/1.1, content: EmptyByteBufBE)
GET /session/a40a9378cd6c368292029dc990192224/screenshot HTTP/1.1
User-Agent: selenium/4.8.1 (java windows)
Cache-Control: no-cache
Content-Type: application/json; charset=utf-8
host: localhost:39896
accept: */*

Response DefaultHttpResponse(decodeResult: success, version: HTTP/1.1)
HTTP/1.1 200 OK
Content-Length: 164340
Content-Type: application/json; charset=utf-8
cache-control: no-cache

14:03:24.243 [AsyncHttpClient-1-8] DEBUG org.asynchttpclient.netty.channel.ChannelManager - Adding key: http://localhost:39896 for channel [id: 0x7f02a141, L:/127.0.0.1:51407 - R:localhost/127.0.0.1:39896]
14:03:24.249 [main] DEBUG net.serenitybdd.core.photography.Darkroom - Send negative for processing for target\site\serenity\407ac44dda64f8e2c5dbaf47c2120091ccefaa30023c91887fda1efe6f32ed02.png
14:03:24.251 [Forwarding getPageSource on session a40a9378cd6c368292029dc990192224 to remote] DEBUG org.asynchttpclient.netty.request.NettyRequestSender - Using pooled Channel '[id: 0x7f02a141, L:/127.0.0.1:51407 - R:localhost/127.0.0.1:39896]' for 'POST' to 'http://localhost:39896/session/a40a9378cd6c368292029dc990192224/execute/sync'
14:03:24.251 [Forwarding getPageSource on session a40a9378cd6c368292029dc990192224 to remote] DEBUG org.asynchttpclient.netty.request.NettyRequestSender - Using open Channel [id: 0x7f02a141, L:/127.0.0.1:51407 - R:localhost/127.0.0.1:39896] for POST '/session/a40a9378cd6c368292029dc990192224/execute/sync'
14:03:24.276 [AsyncHttpClient-1-8] DEBUG org.asynchttpclient.netty.handler.HttpHandler - 

Request DefaultHttpRequest(decodeResult: success, version: HTTP/1.1)
POST /session/a40a9378cd6c368292029dc990192224/execute/sync HTTP/1.1
User-Agent: selenium/4.8.1 (java windows)
Content-Length: 176
Content-Type: application/json; charset=utf-8
host: localhost:39896
accept: */*

Response DefaultHttpResponse(decodeResult: success, version: HTTP/1.1)
HTTP/1.1 200 OK
Content-Length: 210881
Content-Type: application/json; charset=utf-8
cache-control: no-cache

14:03:24.277 [AsyncHttpClient-1-8] DEBUG org.asynchttpclient.netty.channel.ChannelManager - Adding key: http://localhost:39896 for channel [id: 0x7f02a141, L:/127.0.0.1:51407 - R:localhost/127.0.0.1:39896]
14:03:24.307 [Forwarding getCurrentUrl on session a40a9378cd6c368292029dc990192224 to remote] DEBUG org.asynchttpclient.netty.request.NettyRequestSender - Using pooled Channel '[id: 0x7f02a141, L:/127.0.0.1:51407 - R:localhost/127.0.0.1:39896]' for 'GET' to 'http://localhost:39896/session/a40a9378cd6c368292029dc990192224/url'
14:03:24.307 [Forwarding getCurrentUrl on session a40a9378cd6c368292029dc990192224 to remote] DEBUG org.asynchttpclient.netty.request.NettyRequestSender - Using open Channel [id: 0x7f02a141, L:/127.0.0.1:51407 - R:localhost/127.0.0.1:39896] for GET '/session/a40a9378cd6c368292029dc990192224/url'
14:03:24.320 [AsyncHttpClient-1-8] DEBUG org.asynchttpclient.netty.handler.HttpHandler - 

Request DefaultFullHttpRequest(decodeResult: success, version: HTTP/1.1, content: EmptyByteBufBE)
GET /session/a40a9378cd6c368292029dc990192224/url HTTP/1.1
User-Agent: selenium/4.8.1 (java windows)
Cache-Control: no-cache
Content-Type: application/json; charset=utf-8
host: localhost:39896
accept: */*

Response DefaultHttpResponse(decodeResult: success, version: HTTP/1.1)
HTTP/1.1 200 OK
Content-Length: 53
Content-Type: application/json; charset=utf-8
cache-control: no-cache

14:03:24.320 [AsyncHttpClient-1-8] DEBUG org.asynchttpclient.netty.channel.ChannelManager - Adding key: http://localhost:39896 for channel [id: 0x7f02a141, L:/127.0.0.1:51407 - R:localhost/127.0.0.1:39896]
14:03:24.337 [main] DEBUG net.thucydides.core.steps.StepInterceptor - STARTING STEP: ProductSteps.enterValidNumber - inputNumber
14:03:24.343 [Forwarding findElement on session a40a9378cd6c368292029dc990192224 to remote] DEBUG org.asynchttpclient.netty.request.NettyRequestSender - Using pooled Channel '[id: 0x7f02a141, L:/127.0.0.1:51407 - R:localhost/127.0.0.1:39896]' for 'POST' to 'http://localhost:39896/session/a40a9378cd6c368292029dc990192224/element'
14:03:24.343 [Forwarding findElement on session a40a9378cd6c368292029dc990192224 to remote] DEBUG org.asynchttpclient.netty.request.NettyRequestSender - Using open Channel [id: 0x7f02a141, L:/127.0.0.1:51407 - R:localhost/127.0.0.1:39896] for POST '/session/a40a9378cd6c368292029dc990192224/element'
14:03:24.369 [AsyncHttpClient-1-8] DEBUG org.asynchttpclient.netty.handler.HttpHandler - 

Request DefaultHttpRequest(decodeResult: success, version: HTTP/1.1)
POST /session/a40a9378cd6c368292029dc990192224/element HTTP/1.1
User-Agent: selenium/4.8.1 (java windows)
Content-Length: 57
Content-Type: application/json; charset=utf-8
host: localhost:39896
accept: */*

Response DefaultHttpResponse(decodeResult: success, version: HTTP/1.1)
HTTP/1.1 200 OK
Content-Length: 88
Content-Type: application/json; charset=utf-8
cache-control: no-cache

14:03:24.369 [AsyncHttpClient-1-8] DEBUG org.asynchttpclient.netty.channel.ChannelManager - Adding key: http://localhost:39896 for channel [id: 0x7f02a141, L:/127.0.0.1:51407 - R:localhost/127.0.0.1:39896]
14:03:24.374 [Forwarding clearElement on session a40a9378cd6c368292029dc990192224 to remote] DEBUG org.asynchttpclient.netty.request.NettyRequestSender - Using pooled Channel '[id: 0x7f02a141, L:/127.0.0.1:51407 - R:localhost/127.0.0.1:39896]' for 'POST' to 'http://localhost:39896/session/a40a9378cd6c368292029dc990192224/element/1d72dec5-c372-4807-b7c2-0a88adc3e588/clear'
14:03:24.374 [Forwarding clearElement on session a40a9378cd6c368292029dc990192224 to remote] DEBUG org.asynchttpclient.netty.request.NettyRequestSender - Using open Channel [id: 0x7f02a141, L:/127.0.0.1:51407 - R:localhost/127.0.0.1:39896] for POST '/session/a40a9378cd6c368292029dc990192224/element/1d72dec5-c372-4807-b7c2-0a88adc3e588/clear'
14:03:24.464 [AsyncHttpClient-1-8] DEBUG org.asynchttpclient.netty.handler.HttpHandler - 

Request DefaultHttpRequest(decodeResult: success, version: HTTP/1.1)
POST /session/a40a9378cd6c368292029dc990192224/element/1d72dec5-c372-4807-b7c2-0a88adc3e588/clear HTTP/1.1
User-Agent: selenium/4.8.1 (java windows)
Content-Length: 50
Content-Type: application/json; charset=utf-8
host: localhost:39896
accept: */*

Response DefaultHttpResponse(decodeResult: success, version: HTTP/1.1)
HTTP/1.1 200 OK
Content-Length: 14
Content-Type: application/json; charset=utf-8
cache-control: no-cache

14:03:24.465 [AsyncHttpClient-1-8] DEBUG org.asynchttpclient.netty.channel.ChannelManager - Adding key: http://localhost:39896 for channel [id: 0x7f02a141, L:/127.0.0.1:51407 - R:localhost/127.0.0.1:39896]
14:03:24.467 [Forwarding sendKeysToElement on session a40a9378cd6c368292029dc990192224 to remote] DEBUG org.asynchttpclient.netty.request.NettyRequestSender - Using pooled Channel '[id: 0x7f02a141, L:/127.0.0.1:51407 - R:localhost/127.0.0.1:39896]' for 'POST' to 'http://localhost:39896/session/a40a9378cd6c368292029dc990192224/element/1d72dec5-c372-4807-b7c2-0a88adc3e588/value'
14:03:24.467 [Forwarding sendKeysToElement on session a40a9378cd6c368292029dc990192224 to remote] DEBUG org.asynchttpclient.netty.request.NettyRequestSender - Using open Channel [id: 0x7f02a141, L:/127.0.0.1:51407 - R:localhost/127.0.0.1:39896] for POST '/session/a40a9378cd6c368292029dc990192224/element/1d72dec5-c372-4807-b7c2-0a88adc3e588/value'
14:03:24.830 [AsyncHttpClient-1-8] DEBUG org.asynchttpclient.netty.handler.HttpHandler - 

Request DefaultHttpRequest(decodeResult: success, version: HTTP/1.1)
POST /session/a40a9378cd6c368292029dc990192224/element/1d72dec5-c372-4807-b7c2-0a88adc3e588/value HTTP/1.1
User-Agent: selenium/4.8.1 (java windows)
Content-Length: 201
Content-Type: application/json; charset=utf-8
host: localhost:39896
accept: */*

Response DefaultHttpResponse(decodeResult: success, version: HTTP/1.1)
HTTP/1.1 200 OK
Content-Length: 14
Content-Type: application/json; charset=utf-8
cache-control: no-cache

14:03:24.830 [AsyncHttpClient-1-8] DEBUG org.asynchttpclient.netty.channel.ChannelManager - Adding key: http://localhost:39896 for channel [id: 0x7f02a141, L:/127.0.0.1:51407 - R:localhost/127.0.0.1:39896]
14:03:24.847 [Forwarding getAlertText on session a40a9378cd6c368292029dc990192224 to remote] DEBUG org.asynchttpclient.netty.request.NettyRequestSender - Using pooled Channel '[id: 0x7f02a141, L:/127.0.0.1:51407 - R:localhost/127.0.0.1:39896]' for 'GET' to 'http://localhost:39896/session/a40a9378cd6c368292029dc990192224/alert/text'
14:03:24.847 [Forwarding getAlertText on session a40a9378cd6c368292029dc990192224 to remote] DEBUG org.asynchttpclient.netty.request.NettyRequestSender - Using open Channel [id: 0x7f02a141, L:/127.0.0.1:51407 - R:localhost/127.0.0.1:39896] for GET '/session/a40a9378cd6c368292029dc990192224/alert/text'
14:03:24.848 [AsyncHttpClient-1-1] DEBUG org.asynchttpclient.netty.channel.DefaultChannelPool - Entry count for : http://localhost:51408 : 1
14:03:24.866 [AsyncHttpClient-1-8] DEBUG org.asynchttpclient.netty.handler.HttpHandler - 

Request DefaultFullHttpRequest(decodeResult: success, version: HTTP/1.1, content: EmptyByteBufBE)
GET /session/a40a9378cd6c368292029dc990192224/alert/text HTTP/1.1
User-Agent: selenium/4.8.1 (java windows)
Cache-Control: no-cache
Content-Type: application/json; charset=utf-8
host: localhost:39896
accept: */*

Response DefaultHttpResponse(decodeResult: success, version: HTTP/1.1)
HTTP/1.1 404 Not Found
Content-Length: 836
Content-Type: application/json; charset=utf-8
cache-control: no-cache

14:03:24.867 [AsyncHttpClient-1-8] DEBUG org.asynchttpclient.netty.channel.ChannelManager - Adding key: http://localhost:39896 for channel [id: 0x7f02a141, L:/127.0.0.1:51407 - R:localhost/127.0.0.1:39896]
14:03:24.870 [Forwarding getCurrentUrl on session a40a9378cd6c368292029dc990192224 to remote] DEBUG org.asynchttpclient.netty.request.NettyRequestSender - Using pooled Channel '[id: 0x7f02a141, L:/127.0.0.1:51407 - R:localhost/127.0.0.1:39896]' for 'GET' to 'http://localhost:39896/session/a40a9378cd6c368292029dc990192224/url'
14:03:24.870 [Forwarding getCurrentUrl on session a40a9378cd6c368292029dc990192224 to remote] DEBUG org.asynchttpclient.netty.request.NettyRequestSender - Using open Channel [id: 0x7f02a141, L:/127.0.0.1:51407 - R:localhost/127.0.0.1:39896] for GET '/session/a40a9378cd6c368292029dc990192224/url'
14:03:24.886 [AsyncHttpClient-1-8] DEBUG org.asynchttpclient.netty.handler.HttpHandler - 

Request DefaultFullHttpRequest(decodeResult: success, version: HTTP/1.1, content: EmptyByteBufBE)
GET /session/a40a9378cd6c368292029dc990192224/url HTTP/1.1
User-Agent: selenium/4.8.1 (java windows)
Cache-Control: no-cache
Content-Type: application/json; charset=utf-8
host: localhost:39896
accept: */*

Response DefaultHttpResponse(decodeResult: success, version: HTTP/1.1)
HTTP/1.1 200 OK
Content-Length: 53
Content-Type: application/json; charset=utf-8
cache-control: no-cache

14:03:24.886 [AsyncHttpClient-1-8] DEBUG org.asynchttpclient.netty.channel.ChannelManager - Adding key: http://localhost:39896 for channel [id: 0x7f02a141, L:/127.0.0.1:51407 - R:localhost/127.0.0.1:39896]
14:03:24.888 [Forwarding screenshot on session a40a9378cd6c368292029dc990192224 to remote] DEBUG org.asynchttpclient.netty.request.NettyRequestSender - Using pooled Channel '[id: 0x7f02a141, L:/127.0.0.1:51407 - R:localhost/127.0.0.1:39896]' for 'GET' to 'http://localhost:39896/session/a40a9378cd6c368292029dc990192224/screenshot'
14:03:24.889 [Forwarding screenshot on session a40a9378cd6c368292029dc990192224 to remote] DEBUG org.asynchttpclient.netty.request.NettyRequestSender - Using open Channel [id: 0x7f02a141, L:/127.0.0.1:51407 - R:localhost/127.0.0.1:39896] for GET '/session/a40a9378cd6c368292029dc990192224/screenshot'
14:03:25.048 [AsyncHttpClient-1-8] DEBUG org.asynchttpclient.netty.handler.HttpHandler - 

Request DefaultFullHttpRequest(decodeResult: success, version: HTTP/1.1, content: EmptyByteBufBE)
GET /session/a40a9378cd6c368292029dc990192224/screenshot HTTP/1.1
User-Agent: selenium/4.8.1 (java windows)
Cache-Control: no-cache
Content-Type: application/json; charset=utf-8
host: localhost:39896
accept: */*

Response DefaultHttpResponse(decodeResult: success, version: HTTP/1.1)
HTTP/1.1 200 OK
Content-Length: 135224
Content-Type: application/json; charset=utf-8
cache-control: no-cache

14:03:25.048 [AsyncHttpClient-1-8] DEBUG org.asynchttpclient.netty.channel.ChannelManager - Adding key: http://localhost:39896 for channel [id: 0x7f02a141, L:/127.0.0.1:51407 - R:localhost/127.0.0.1:39896]
14:03:25.053 [main] DEBUG net.serenitybdd.core.photography.Darkroom - Send negative for processing for target\site\serenity\93b9c9fde7a18d8978a6b47680e39b41158aa37b38b5a089eb2d2f4b3da64213.png
14:03:25.053 [main] DEBUG net.thucydides.core.steps.StepInterceptor - STEP DONE: inputNumber
14:03:25.053 [Darkroom Processing Line] DEBUG net.serenitybdd.core.photography.DarkroomProcessingLine - Processing screenshot image in /var/screenshots/screenshot-6797961154573666847
14:03:25.053 [Darkroom Processing Line] DEBUG net.serenitybdd.core.photography.DarkroomProcessingLine - Saving screenshot to target\site\serenity\93b9c9fde7a18d8978a6b47680e39b41158aa37b38b5a089eb2d2f4b3da64213.png
  &amp#27;[32mAnd &amp#27;[0m&amp#27;[32mI enter my valid phone number&amp#27;[0m                &amp#27;[90m# starter.stepdefinition.ProductSteps.enterValidNumber()&amp#27;[0m
14:03:25.066 [Forwarding getPageSource on session a40a9378cd6c368292029dc990192224 to remote] DEBUG org.asynchttpclient.netty.request.NettyRequestSender - Using pooled Channel '[id: 0x7f02a141, L:/127.0.0.1:51407 - R:localhost/127.0.0.1:39896]' for 'POST' to 'http://localhost:39896/session/a40a9378cd6c368292029dc990192224/execute/sync'
14:03:25.067 [Forwarding getPageSource on session a40a9378cd6c368292029dc990192224 to remote] DEBUG org.asynchttpclient.netty.request.NettyRequestSender - Using open Channel [id: 0x7f02a141, L:/127.0.0.1:51407 - R:localhost/127.0.0.1:39896] for POST '/session/a40a9378cd6c368292029dc990192224/execute/sync'
14:03:25.087 [AsyncHttpClient-1-8] DEBUG org.asynchttpclient.netty.handler.HttpHandler - 

Request DefaultHttpRequest(decodeResult: success, version: HTTP/1.1)
POST /session/a40a9378cd6c368292029dc990192224/execute/sync HTTP/1.1
User-Agent: selenium/4.8.1 (java windows)
Content-Length: 176
Content-Type: application/json; charset=utf-8
host: localhost:39896
accept: */*

Response DefaultHttpResponse(decodeResult: success, version: HTTP/1.1)
HTTP/1.1 200 OK
Content-Length: 151929
Content-Type: application/json; charset=utf-8
cache-control: no-cache

14:03:25.088 [AsyncHttpClient-1-8] DEBUG org.asynchttpclient.netty.channel.ChannelManager - Adding key: http://localhost:39896 for channel [id: 0x7f02a141, L:/127.0.0.1:51407 - R:localhost/127.0.0.1:39896]
14:03:25.104 [Forwarding getCurrentUrl on session a40a9378cd6c368292029dc990192224 to remote] DEBUG org.asynchttpclient.netty.request.NettyRequestSender - Using pooled Channel '[id: 0x7f02a141, L:/127.0.0.1:51407 - R:localhost/127.0.0.1:39896]' for 'GET' to 'http://localhost:39896/session/a40a9378cd6c368292029dc990192224/url'
14:03:25.104 [Forwarding getCurrentUrl on session a40a9378cd6c368292029dc990192224 to remote] DEBUG org.asynchttpclient.netty.request.NettyRequestSender - Using open Channel [id: 0x7f02a141, L:/127.0.0.1:51407 - R:localhost/127.0.0.1:39896] for GET '/session/a40a9378cd6c368292029dc990192224/url'
14:03:25.110 [AsyncHttpClient-1-8] DEBUG org.asynchttpclient.netty.handler.HttpHandler - 

Request DefaultFullHttpRequest(decodeResult: success, version: HTTP/1.1, content: EmptyByteBufBE)
GET /session/a40a9378cd6c368292029dc990192224/url HTTP/1.1
User-Agent: selenium/4.8.1 (java windows)
Cache-Control: no-cache
Content-Type: application/json; charset=utf-8
host: localhost:39896
accept: */*

Response DefaultHttpResponse(decodeResult: success, version: HTTP/1.1)
HTTP/1.1 200 OK
Content-Length: 53
Content-Type: application/json; charset=utf-8
cache-control: no-cache

14:03:25.110 [AsyncHttpClient-1-8] DEBUG org.asynchttpclient.netty.channel.ChannelManager - Adding key: http://localhost:39896 for channel [id: 0x7f02a141, L:/127.0.0.1:51407 - R:localhost/127.0.0.1:39896]
14:03:25.126 [Forwarding getAlertText on session a40a9378cd6c368292029dc990192224 to remote] DEBUG org.asynchttpclient.netty.request.NettyRequestSender - Using pooled Channel '[id: 0x7f02a141, L:/127.0.0.1:51407 - R:localhost/127.0.0.1:39896]' for 'GET' to 'http://localhost:39896/session/a40a9378cd6c368292029dc990192224/alert/text'
14:03:25.126 [Forwarding getAlertText on session a40a9378cd6c368292029dc990192224 to remote] DEBUG org.asynchttpclient.netty.request.NettyRequestSender - Using open Channel [id: 0x7f02a141, L:/127.0.0.1:51407 - R:localhost/127.0.0.1:39896] for GET '/session/a40a9378cd6c368292029dc990192224/alert/text'
14:03:25.128 [AsyncHttpClient-1-8] DEBUG org.asynchttpclient.netty.handler.HttpHandler - 

Request DefaultFullHttpRequest(decodeResult: success, version: HTTP/1.1, content: EmptyByteBufBE)
GET /session/a40a9378cd6c368292029dc990192224/alert/text HTTP/1.1
User-Agent: selenium/4.8.1 (java windows)
Cache-Control: no-cache
Content-Type: application/json; charset=utf-8
host: localhost:39896
accept: */*

Response DefaultHttpResponse(decodeResult: success, version: HTTP/1.1)
HTTP/1.1 404 Not Found
Content-Length: 836
Content-Type: application/json; charset=utf-8
cache-control: no-cache

14:03:25.129 [AsyncHttpClient-1-8] DEBUG org.asynchttpclient.netty.channel.ChannelManager - Adding key: http://localhost:39896 for channel [id: 0x7f02a141, L:/127.0.0.1:51407 - R:localhost/127.0.0.1:39896]
14:03:25.130 [Forwarding getCurrentUrl on session a40a9378cd6c368292029dc990192224 to remote] DEBUG org.asynchttpclient.netty.request.NettyRequestSender - Using pooled Channel '[id: 0x7f02a141, L:/127.0.0.1:51407 - R:localhost/127.0.0.1:39896]' for 'GET' to 'http://localhost:39896/session/a40a9378cd6c368292029dc990192224/url'
14:03:25.130 [Forwarding getCurrentUrl on session a40a9378cd6c368292029dc990192224 to remote] DEBUG org.asynchttpclient.netty.request.NettyRequestSender - Using open Channel [id: 0x7f02a141, L:/127.0.0.1:51407 - R:localhost/127.0.0.1:39896] for GET '/session/a40a9378cd6c368292029dc990192224/url'
14:03:25.134 [AsyncHttpClient-1-8] DEBUG org.asynchttpclient.netty.handler.HttpHandler - 

Request DefaultFullHttpRequest(decodeResult: success, version: HTTP/1.1, content: EmptyByteBufBE)
GET /session/a40a9378cd6c368292029dc990192224/url HTTP/1.1
User-Agent: selenium/4.8.1 (java windows)
Cache-Control: no-cache
Content-Type: application/json; charset=utf-8
host: localhost:39896
accept: */*

Response DefaultHttpResponse(decodeResult: success, version: HTTP/1.1)
HTTP/1.1 200 OK
Content-Length: 53
Content-Type: application/json; charset=utf-8
cache-control: no-cache

14:03:25.135 [AsyncHttpClient-1-8] DEBUG org.asynchttpclient.netty.channel.ChannelManager - Adding key: http://localhost:39896 for channel [id: 0x7f02a141, L:/127.0.0.1:51407 - R:localhost/127.0.0.1:39896]
14:03:25.136 [Forwarding screenshot on session a40a9378cd6c368292029dc990192224 to remote] DEBUG org.asynchttpclient.netty.request.NettyRequestSender - Using pooled Channel '[id: 0x7f02a141, L:/127.0.0.1:51407 - R:localhost/127.0.0.1:39896]' for 'GET' to 'http://localhost:39896/session/a40a9378cd6c368292029dc990192224/screenshot'
14:03:25.136 [Forwarding screenshot on session a40a9378cd6c368292029dc990192224 to remote] DEBUG org.asynchttpclient.netty.request.NettyRequestSender - Using open Channel [id: 0x7f02a141, L:/127.0.0.1:51407 - R:localhost/127.0.0.1:39896] for GET '/session/a40a9378cd6c368292029dc990192224/screenshot'
14:03:25.258 [AsyncHttpClient-1-8] DEBUG org.asynchttpclient.netty.handler.HttpHandler - 

Request DefaultFullHttpRequest(decodeResult: success, version: HTTP/1.1, content: EmptyByteBufBE)
GET /session/a40a9378cd6c368292029dc990192224/screenshot HTTP/1.1
User-Agent: selenium/4.8.1 (java windows)
Cache-Control: no-cache
Content-Type: application/json; charset=utf-8
host: localhost:39896
accept: */*

Response DefaultHttpResponse(decodeResult: success, version: HTTP/1.1)
HTTP/1.1 200 OK
Content-Length: 135224
Content-Type: application/json; charset=utf-8
cache-control: no-cache

14:03:25.259 [AsyncHttpClient-1-8] DEBUG org.asynchttpclient.netty.channel.ChannelManager - Adding key: http://localhost:39896 for channel [id: 0x7f02a141, L:/127.0.0.1:51407 - R:localhost/127.0.0.1:39896]
14:03:25.264 [main] DEBUG net.serenitybdd.core.photography.Darkroom - Send negative for processing for target\site\serenity\93b9c9fde7a18d8978a6b47680e39b41158aa37b38b5a089eb2d2f4b3da64213.png
14:03:25.266 [Forwarding getPageSource on session a40a9378cd6c368292029dc990192224 to remote] DEBUG org.asynchttpclient.netty.request.NettyRequestSender - Using pooled Channel '[id: 0x7f02a141, L:/127.0.0.1:51407 - R:localhost/127.0.0.1:39896]' for 'POST' to 'http://localhost:39896/session/a40a9378cd6c368292029dc990192224/execute/sync'
14:03:25.266 [Forwarding getPageSource on session a40a9378cd6c368292029dc990192224 to remote] DEBUG org.asynchttpclient.netty.request.NettyRequestSender - Using open Channel [id: 0x7f02a141, L:/127.0.0.1:51407 - R:localhost/127.0.0.1:39896] for POST '/session/a40a9378cd6c368292029dc990192224/execute/sync'
14:03:25.281 [AsyncHttpClient-1-8] DEBUG org.asynchttpclient.netty.handler.HttpHandler - 

Request DefaultHttpRequest(decodeResult: success, version: HTTP/1.1)
POST /session/a40a9378cd6c368292029dc990192224/execute/sync HTTP/1.1
User-Agent: selenium/4.8.1 (java windows)
Content-Length: 176
Content-Type: application/json; charset=utf-8
host: localhost:39896
accept: */*

Response DefaultHttpResponse(decodeResult: success, version: HTTP/1.1)
HTTP/1.1 200 OK
Content-Length: 151929
Content-Type: application/json; charset=utf-8
cache-control: no-cache

14:03:25.282 [AsyncHttpClient-1-8] DEBUG org.asynchttpclient.netty.channel.ChannelManager - Adding key: http://localhost:39896 for channel [id: 0x7f02a141, L:/127.0.0.1:51407 - R:localhost/127.0.0.1:39896]
14:03:25.295 [Forwarding getCurrentUrl on session a40a9378cd6c368292029dc990192224 to remote] DEBUG org.asynchttpclient.netty.request.NettyRequestSender - Using pooled Channel '[id: 0x7f02a141, L:/127.0.0.1:51407 - R:localhost/127.0.0.1:39896]' for 'GET' to 'http://localhost:39896/session/a40a9378cd6c368292029dc990192224/url'
14:03:25.295 [Forwarding getCurrentUrl on session a40a9378cd6c368292029dc990192224 to remote] DEBUG org.asynchttpclient.netty.request.NettyRequestSender - Using open Channel [id: 0x7f02a141, L:/127.0.0.1:51407 - R:localhost/127.0.0.1:39896] for GET '/session/a40a9378cd6c368292029dc990192224/url'
14:03:25.305 [AsyncHttpClient-1-8] DEBUG org.asynchttpclient.netty.handler.HttpHandler - 

Request DefaultFullHttpRequest(decodeResult: success, version: HTTP/1.1, content: EmptyByteBufBE)
GET /session/a40a9378cd6c368292029dc990192224/url HTTP/1.1
User-Agent: selenium/4.8.1 (java windows)
Cache-Control: no-cache
Content-Type: application/json; charset=utf-8
host: localhost:39896
accept: */*

Response DefaultHttpResponse(decodeResult: success, version: HTTP/1.1)
HTTP/1.1 200 OK
Content-Length: 53
Content-Type: application/json; charset=utf-8
cache-control: no-cache

14:03:25.306 [AsyncHttpClient-1-8] DEBUG org.asynchttpclient.netty.channel.ChannelManager - Adding key: http://localhost:39896 for channel [id: 0x7f02a141, L:/127.0.0.1:51407 - R:localhost/127.0.0.1:39896]
14:03:25.309 [main] DEBUG net.thucydides.core.steps.StepInterceptor - STARTING STEP: ProductSteps.chooseProduct - clickProduct
14:03:25.313 [Forwarding findElement on session a40a9378cd6c368292029dc990192224 to remote] DEBUG org.asynchttpclient.netty.request.NettyRequestSender - Using pooled Channel '[id: 0x7f02a141, L:/127.0.0.1:51407 - R:localhost/127.0.0.1:39896]' for 'POST' to 'http://localhost:39896/session/a40a9378cd6c368292029dc990192224/element'
14:03:25.313 [Forwarding findElement on session a40a9378cd6c368292029dc990192224 to remote] DEBUG org.asynchttpclient.netty.request.NettyRequestSender - Using open Channel [id: 0x7f02a141, L:/127.0.0.1:51407 - R:localhost/127.0.0.1:39896] for POST '/session/a40a9378cd6c368292029dc990192224/element'
14:03:25.334 [AsyncHttpClient-1-8] DEBUG org.asynchttpclient.netty.handler.HttpHandler - 

Request DefaultHttpRequest(decodeResult: success, version: HTTP/1.1)
POST /session/a40a9378cd6c368292029dc990192224/element HTTP/1.1
User-Agent: selenium/4.8.1 (java windows)
Content-Length: 67
Content-Type: application/json; charset=utf-8
host: localhost:39896
accept: */*

Response DefaultHttpResponse(decodeResult: success, version: HTTP/1.1)
HTTP/1.1 200 OK
Content-Length: 88
Content-Type: application/json; charset=utf-8
cache-control: no-cache

14:03:25.334 [AsyncHttpClient-1-8] DEBUG org.asynchttpclient.netty.channel.ChannelManager - Adding key: http://localhost:39896 for channel [id: 0x7f02a141, L:/127.0.0.1:51407 - R:localhost/127.0.0.1:39896]
14:03:25.337 [Forwarding getElementTagName on session a40a9378cd6c368292029dc990192224 to remote] DEBUG org.asynchttpclient.netty.request.NettyRequestSender - Using pooled Channel '[id: 0x7f02a141, L:/127.0.0.1:51407 - R:localhost/127.0.0.1:39896]' for 'GET' to 'http://localhost:39896/session/a40a9378cd6c368292029dc990192224/element/9e7e3910-5805-4b96-9f76-1a0bf757c7be/name'
14:03:25.338 [Forwarding getElementTagName on session a40a9378cd6c368292029dc990192224 to remote] DEBUG org.asynchttpclient.netty.request.NettyRequestSender - Using open Channel [id: 0x7f02a141, L:/127.0.0.1:51407 - R:localhost/127.0.0.1:39896] for GET '/session/a40a9378cd6c368292029dc990192224/element/9e7e3910-5805-4b96-9f76-1a0bf757c7be/name'
14:03:25.344 [AsyncHttpClient-1-8] DEBUG org.asynchttpclient.netty.handler.HttpHandler - 

Request DefaultFullHttpRequest(decodeResult: success, version: HTTP/1.1, content: EmptyByteBufBE)
GET /session/a40a9378cd6c368292029dc990192224/element/9e7e3910-5805-4b96-9f76-1a0bf757c7be/name HTTP/1.1
User-Agent: selenium/4.8.1 (java windows)
Cache-Control: no-cache
Content-Type: application/json; charset=utf-8
host: localhost:39896
accept: */*

Response DefaultHttpResponse(decodeResult: success, version: HTTP/1.1)
HTTP/1.1 200 OK
Content-Length: 15
Content-Type: application/json; charset=utf-8
cache-control: no-cache

14:03:25.345 [AsyncHttpClient-1-8] DEBUG org.asynchttpclient.netty.channel.ChannelManager - Adding key: http://localhost:39896 for channel [id: 0x7f02a141, L:/127.0.0.1:51407 - R:localhost/127.0.0.1:39896]
14:03:25.346 [Forwarding getElementTagName on session a40a9378cd6c368292029dc990192224 to remote] DEBUG org.asynchttpclient.netty.request.NettyRequestSender - Using pooled Channel '[id: 0x7f02a141, L:/127.0.0.1:51407 - R:localhost/127.0.0.1:39896]' for 'GET' to 'http://localhost:39896/session/a40a9378cd6c368292029dc990192224/element/9e7e3910-5805-4b96-9f76-1a0bf757c7be/name'
14:03:25.347 [Forwarding getElementTagName on session a40a9378cd6c368292029dc990192224 to remote] DEBUG org.asynchttpclient.netty.request.NettyRequestSender - Using open Channel [id: 0x7f02a141, L:/127.0.0.1:51407 - R:localhost/127.0.0.1:39896] for GET '/session/a40a9378cd6c368292029dc990192224/element/9e7e3910-5805-4b96-9f76-1a0bf757c7be/name'
14:03:25.397 [AsyncHttpClient-1-8] DEBUG org.asynchttpclient.netty.handler.HttpHandler - 

Request DefaultFullHttpRequest(decodeResult: success, version: HTTP/1.1, content: EmptyByteBufBE)
GET /session/a40a9378cd6c368292029dc990192224/element/9e7e3910-5805-4b96-9f76-1a0bf757c7be/name HTTP/1.1
User-Agent: selenium/4.8.1 (java windows)
Cache-Control: no-cache
Content-Type: application/json; charset=utf-8
host: localhost:39896
accept: */*

Response DefaultHttpResponse(decodeResult: success, version: HTTP/1.1)
HTTP/1.1 200 OK
Content-Length: 15
Content-Type: application/json; charset=utf-8
cache-control: no-cache

14:03:25.397 [AsyncHttpClient-1-8] DEBUG org.asynchttpclient.netty.channel.ChannelManager - Adding key: http://localhost:39896 for channel [id: 0x7f02a141, L:/127.0.0.1:51407 - R:localhost/127.0.0.1:39896]
14:03:25.400 [Forwarding findElement on session a40a9378cd6c368292029dc990192224 to remote] DEBUG org.asynchttpclient.netty.request.NettyRequestSender - Using pooled Channel '[id: 0x7f02a141, L:/127.0.0.1:51407 - R:localhost/127.0.0.1:39896]' for 'POST' to 'http://localhost:39896/session/a40a9378cd6c368292029dc990192224/element'
14:03:25.400 [Forwarding findElement on session a40a9378cd6c368292029dc990192224 to remote] DEBUG org.asynchttpclient.netty.request.NettyRequestSender - Using open Channel [id: 0x7f02a141, L:/127.0.0.1:51407 - R:localhost/127.0.0.1:39896] for POST '/session/a40a9378cd6c368292029dc990192224/element'
14:03:25.424 [AsyncHttpClient-1-8] DEBUG org.asynchttpclient.netty.handler.HttpHandler - 

Request DefaultHttpRequest(decodeResult: success, version: HTTP/1.1)
POST /session/a40a9378cd6c368292029dc990192224/element HTTP/1.1
User-Agent: selenium/4.8.1 (java windows)
Content-Length: 67
Content-Type: application/json; charset=utf-8
host: localhost:39896
accept: */*

Response DefaultHttpResponse(decodeResult: success, version: HTTP/1.1)
HTTP/1.1 200 OK
Content-Length: 88
Content-Type: application/json; charset=utf-8
cache-control: no-cache

14:03:25.424 [AsyncHttpClient-1-8] DEBUG org.asynchttpclient.netty.channel.ChannelManager - Adding key: http://localhost:39896 for channel [id: 0x7f02a141, L:/127.0.0.1:51407 - R:localhost/127.0.0.1:39896]
14:03:25.427 [Forwarding clickElement on session a40a9378cd6c368292029dc990192224 to remote] DEBUG org.asynchttpclient.netty.request.NettyRequestSender - Using pooled Channel '[id: 0x7f02a141, L:/127.0.0.1:51407 - R:localhost/127.0.0.1:39896]' for 'POST' to 'http://localhost:39896/session/a40a9378cd6c368292029dc990192224/element/9e7e3910-5805-4b96-9f76-1a0bf757c7be/click'
14:03:25.427 [Forwarding clickElement on session a40a9378cd6c368292029dc990192224 to remote] DEBUG org.asynchttpclient.netty.request.NettyRequestSender - Using open Channel [id: 0x7f02a141, L:/127.0.0.1:51407 - R:localhost/127.0.0.1:39896] for POST '/session/a40a9378cd6c368292029dc990192224/element/9e7e3910-5805-4b96-9f76-1a0bf757c7be/click'
14:03:25.550 [AsyncHttpClient-1-8] DEBUG org.asynchttpclient.netty.handler.HttpHandler - 

Request DefaultHttpRequest(decodeResult: success, version: HTTP/1.1)
POST /session/a40a9378cd6c368292029dc990192224/element/9e7e3910-5805-4b96-9f76-1a0bf757c7be/click HTTP/1.1
User-Agent: selenium/4.8.1 (java windows)
Content-Length: 50
Content-Type: application/json; charset=utf-8
host: localhost:39896
accept: */*

Response DefaultHttpResponse(decodeResult: success, version: HTTP/1.1)
HTTP/1.1 200 OK
Content-Length: 14
Content-Type: application/json; charset=utf-8
cache-control: no-cache

14:03:25.550 [AsyncHttpClient-1-8] DEBUG org.asynchttpclient.netty.channel.ChannelManager - Adding key: http://localhost:39896 for channel [id: 0x7f02a141, L:/127.0.0.1:51407 - R:localhost/127.0.0.1:39896]
14:03:25.566 [Forwarding getAlertText on session a40a9378cd6c368292029dc990192224 to remote] DEBUG org.asynchttpclient.netty.request.NettyRequestSender - Using pooled Channel '[id: 0x7f02a141, L:/127.0.0.1:51407 - R:localhost/127.0.0.1:39896]' for 'GET' to 'http://localhost:39896/session/a40a9378cd6c368292029dc990192224/alert/text'
14:03:25.566 [Forwarding getAlertText on session a40a9378cd6c368292029dc990192224 to remote] DEBUG org.asynchttpclient.netty.request.NettyRequestSender - Using open Channel [id: 0x7f02a141, L:/127.0.0.1:51407 - R:localhost/127.0.0.1:39896] for GET '/session/a40a9378cd6c368292029dc990192224/alert/text'
14:03:25.572 [AsyncHttpClient-1-8] DEBUG org.asynchttpclient.netty.handler.HttpHandler - 

Request DefaultFullHttpRequest(decodeResult: success, version: HTTP/1.1, content: EmptyByteBufBE)
GET /session/a40a9378cd6c368292029dc990192224/alert/text HTTP/1.1
User-Agent: selenium/4.8.1 (java windows)
Cache-Control: no-cache
Content-Type: application/json; charset=utf-8
host: localhost:39896
accept: */*

Response DefaultHttpResponse(decodeResult: success, version: HTTP/1.1)
HTTP/1.1 404 Not Found
Content-Length: 836
Content-Type: application/json; charset=utf-8
cache-control: no-cache

14:03:25.573 [AsyncHttpClient-1-8] DEBUG org.asynchttpclient.netty.channel.ChannelManager - Adding key: http://localhost:39896 for channel [id: 0x7f02a141, L:/127.0.0.1:51407 - R:localhost/127.0.0.1:39896]
14:03:25.577 [Forwarding getCurrentUrl on session a40a9378cd6c368292029dc990192224 to remote] DEBUG org.asynchttpclient.netty.request.NettyRequestSender - Using pooled Channel '[id: 0x7f02a141, L:/127.0.0.1:51407 - R:localhost/127.0.0.1:39896]' for 'GET' to 'http://localhost:39896/session/a40a9378cd6c368292029dc990192224/url'
14:03:25.578 [Forwarding getCurrentUrl on session a40a9378cd6c368292029dc990192224 to remote] DEBUG org.asynchttpclient.netty.request.NettyRequestSender - Using open Channel [id: 0x7f02a141, L:/127.0.0.1:51407 - R:localhost/127.0.0.1:39896] for GET '/session/a40a9378cd6c368292029dc990192224/url'
14:03:25.582 [AsyncHttpClient-1-8] DEBUG org.asynchttpclient.netty.handler.HttpHandler - 

Request DefaultFullHttpRequest(decodeResult: success, version: HTTP/1.1, content: EmptyByteBufBE)
GET /session/a40a9378cd6c368292029dc990192224/url HTTP/1.1
User-Agent: selenium/4.8.1 (java windows)
Cache-Control: no-cache
Content-Type: application/json; charset=utf-8
host: localhost:39896
accept: */*

Response DefaultHttpResponse(decodeResult: success, version: HTTP/1.1)
HTTP/1.1 200 OK
Content-Length: 53
Content-Type: application/json; charset=utf-8
cache-control: no-cache

14:03:25.582 [AsyncHttpClient-1-8] DEBUG org.asynchttpclient.netty.channel.ChannelManager - Adding key: http://localhost:39896 for channel [id: 0x7f02a141, L:/127.0.0.1:51407 - R:localhost/127.0.0.1:39896]
14:03:25.585 [Forwarding screenshot on session a40a9378cd6c368292029dc990192224 to remote] DEBUG org.asynchttpclient.netty.request.NettyRequestSender - Using pooled Channel '[id: 0x7f02a141, L:/127.0.0.1:51407 - R:localhost/127.0.0.1:39896]' for 'GET' to 'http://localhost:39896/session/a40a9378cd6c368292029dc990192224/screenshot'
14:03:25.585 [Forwarding screenshot on session a40a9378cd6c368292029dc990192224 to remote] DEBUG org.asynchttpclient.netty.request.NettyRequestSender - Using open Channel [id: 0x7f02a141, L:/127.0.0.1:51407 - R:localhost/127.0.0.1:39896] for GET '/session/a40a9378cd6c368292029dc990192224/screenshot'
14:03:25.828 [AsyncHttpClient-1-8] DEBUG org.asynchttpclient.netty.handler.HttpHandler - 

Request DefaultFullHttpRequest(decodeResult: success, version: HTTP/1.1, content: EmptyByteBufBE)
GET /session/a40a9378cd6c368292029dc990192224/screenshot HTTP/1.1
User-Agent: selenium/4.8.1 (java windows)
Cache-Control: no-cache
Content-Type: application/json; charset=utf-8
host: localhost:39896
accept: */*

Response DefaultHttpResponse(decodeResult: success, version: HTTP/1.1)
HTTP/1.1 200 OK
Content-Length: 91284
Content-Type: application/json; charset=utf-8
cache-control: no-cache

14:03:25.829 [AsyncHttpClient-1-8] DEBUG org.asynchttpclient.netty.channel.ChannelManager - Adding key: http://localhost:39896 for channel [id: 0x7f02a141, L:/127.0.0.1:51407 - R:localhost/127.0.0.1:39896]
14:03:25.833 [main] DEBUG net.serenitybdd.core.photography.Darkroom - Send negative for processing for target\site\serenity\0c5c011c1b8b30c7f72c3a6627df90532c99afbaf0e65af03305cd8287101191.png
14:03:25.833 [main] DEBUG net.thucydides.core.steps.StepInterceptor - STEP DONE: clickProduct
14:03:25.833 [Darkroom Processing Line] DEBUG net.serenitybdd.core.photography.DarkroomProcessingLine - Processing screenshot image in /var/screenshots/screenshot-1266559638091172215
14:03:25.833 [Darkroom Processing Line] DEBUG net.serenitybdd.core.photography.DarkroomProcessingLine - Saving screenshot to target\site\serenity\0c5c011c1b8b30c7f72c3a6627df90532c99afbaf0e65af03305cd8287101191.png
  &amp#27;[32mThen &amp#27;[0m&amp#27;[32mI can choose a product&amp#27;[0m                      &amp#27;[90m# starter.stepdefinition.ProductSteps.chooseProduct()&amp#27;[0m
14:03:25.854 [Forwarding getPageSource on session a40a9378cd6c368292029dc990192224 to remote] DEBUG org.asynchttpclient.netty.request.NettyRequestSender - Using pooled Channel '[id: 0x7f02a141, L:/127.0.0.1:51407 - R:localhost/127.0.0.1:39896]' for 'POST' to 'http://localhost:39896/session/a40a9378cd6c368292029dc990192224/execute/sync'
14:03:25.854 [Forwarding getPageSource on session a40a9378cd6c368292029dc990192224 to remote] DEBUG org.asynchttpclient.netty.request.NettyRequestSender - Using open Channel [id: 0x7f02a141, L:/127.0.0.1:51407 - R:localhost/127.0.0.1:39896] for POST '/session/a40a9378cd6c368292029dc990192224/execute/sync'
14:03:25.878 [AsyncHttpClient-1-8] DEBUG org.asynchttpclient.netty.handler.HttpHandler - 

Request DefaultHttpRequest(decodeResult: success, version: HTTP/1.1)
POST /session/a40a9378cd6c368292029dc990192224/execute/sync HTTP/1.1
User-Agent: selenium/4.8.1 (java windows)
Content-Length: 176
Content-Type: application/json; charset=utf-8
host: localhost:39896
accept: */*

Response DefaultHttpResponse(decodeResult: success, version: HTTP/1.1)
HTTP/1.1 200 OK
Content-Length: 156123
Content-Type: application/json; charset=utf-8
cache-control: no-cache

14:03:25.879 [AsyncHttpClient-1-8] DEBUG org.asynchttpclient.netty.channel.ChannelManager - Adding key: http://localhost:39896 for channel [id: 0x7f02a141, L:/127.0.0.1:51407 - R:localhost/127.0.0.1:39896]
14:03:25.896 [Forwarding getCurrentUrl on session a40a9378cd6c368292029dc990192224 to remote] DEBUG org.asynchttpclient.netty.request.NettyRequestSender - Using pooled Channel '[id: 0x7f02a141, L:/127.0.0.1:51407 - R:localhost/127.0.0.1:39896]' for 'GET' to 'http://localhost:39896/session/a40a9378cd6c368292029dc990192224/url'
14:03:25.897 [Forwarding getCurrentUrl on session a40a9378cd6c368292029dc990192224 to remote] DEBUG org.asynchttpclient.netty.request.NettyRequestSender - Using open Channel [id: 0x7f02a141, L:/127.0.0.1:51407 - R:localhost/127.0.0.1:39896] for GET '/session/a40a9378cd6c368292029dc990192224/url'
14:03:25.901 [AsyncHttpClient-1-8] DEBUG org.asynchttpclient.netty.handler.HttpHandler - 

Request DefaultFullHttpRequest(decodeResult: success, version: HTTP/1.1, content: EmptyByteBufBE)
GET /session/a40a9378cd6c368292029dc990192224/url HTTP/1.1
User-Agent: selenium/4.8.1 (java windows)
Cache-Control: no-cache
Content-Type: application/json; charset=utf-8
host: localhost:39896
accept: */*

Response DefaultHttpResponse(decodeResult: success, version: HTTP/1.1)
HTTP/1.1 200 OK
Content-Length: 53
Content-Type: application/json; charset=utf-8
cache-control: no-cache

14:03:25.901 [AsyncHttpClient-1-8] DEBUG org.asynchttpclient.netty.channel.ChannelManager - Adding key: http://localhost:39896 for channel [id: 0x7f02a141, L:/127.0.0.1:51407 - R:localhost/127.0.0.1:39896]
14:03:25.918 [Forwarding getAlertText on session a40a9378cd6c368292029dc990192224 to remote] DEBUG org.asynchttpclient.netty.request.NettyRequestSender - Using pooled Channel '[id: 0x7f02a141, L:/127.0.0.1:51407 - R:localhost/127.0.0.1:39896]' for 'GET' to 'http://localhost:39896/session/a40a9378cd6c368292029dc990192224/alert/text'
14:03:25.918 [Forwarding getAlertText on session a40a9378cd6c368292029dc990192224 to remote] DEBUG org.asynchttpclient.netty.request.NettyRequestSender - Using open Channel [id: 0x7f02a141, L:/127.0.0.1:51407 - R:localhost/127.0.0.1:39896] for GET '/session/a40a9378cd6c368292029dc990192224/alert/text'
14:03:25.924 [AsyncHttpClient-1-8] DEBUG org.asynchttpclient.netty.handler.HttpHandler - 

Request DefaultFullHttpRequest(decodeResult: success, version: HTTP/1.1, content: EmptyByteBufBE)
GET /session/a40a9378cd6c368292029dc990192224/alert/text HTTP/1.1
User-Agent: selenium/4.8.1 (java windows)
Cache-Control: no-cache
Content-Type: application/json; charset=utf-8
host: localhost:39896
accept: */*

Response DefaultHttpResponse(decodeResult: success, version: HTTP/1.1)
HTTP/1.1 404 Not Found
Content-Length: 836
Content-Type: application/json; charset=utf-8
cache-control: no-cache

14:03:25.924 [AsyncHttpClient-1-8] DEBUG org.asynchttpclient.netty.channel.ChannelManager - Adding key: http://localhost:39896 for channel [id: 0x7f02a141, L:/127.0.0.1:51407 - R:localhost/127.0.0.1:39896]
14:03:25.925 [Forwarding getCurrentUrl on session a40a9378cd6c368292029dc990192224 to remote] DEBUG org.asynchttpclient.netty.request.NettyRequestSender - Using pooled Channel '[id: 0x7f02a141, L:/127.0.0.1:51407 - R:localhost/127.0.0.1:39896]' for 'GET' to 'http://localhost:39896/session/a40a9378cd6c368292029dc990192224/url'
14:03:25.925 [Forwarding getCurrentUrl on session a40a9378cd6c368292029dc990192224 to remote] DEBUG org.asynchttpclient.netty.request.NettyRequestSender - Using open Channel [id: 0x7f02a141, L:/127.0.0.1:51407 - R:localhost/127.0.0.1:39896] for GET '/session/a40a9378cd6c368292029dc990192224/url'
14:03:25.929 [AsyncHttpClient-1-8] DEBUG org.asynchttpclient.netty.handler.HttpHandler - 

Request DefaultFullHttpRequest(decodeResult: success, version: HTTP/1.1, content: EmptyByteBufBE)
GET /session/a40a9378cd6c368292029dc990192224/url HTTP/1.1
User-Agent: selenium/4.8.1 (java windows)
Cache-Control: no-cache
Content-Type: application/json; charset=utf-8
host: localhost:39896
accept: */*

Response DefaultHttpResponse(decodeResult: success, version: HTTP/1.1)
HTTP/1.1 200 OK
Content-Length: 53
Content-Type: application/json; charset=utf-8
cache-control: no-cache

14:03:25.929 [AsyncHttpClient-1-8] DEBUG org.asynchttpclient.netty.channel.ChannelManager - Adding key: http://localhost:39896 for channel [id: 0x7f02a141, L:/127.0.0.1:51407 - R:localhost/127.0.0.1:39896]
14:03:25.930 [Forwarding screenshot on session a40a9378cd6c368292029dc990192224 to remote] DEBUG org.asynchttpclient.netty.request.NettyRequestSender - Using pooled Channel '[id: 0x7f02a141, L:/127.0.0.1:51407 - R:localhost/127.0.0.1:39896]' for 'GET' to 'http://localhost:39896/session/a40a9378cd6c368292029dc990192224/screenshot'
14:03:25.930 [Forwarding screenshot on session a40a9378cd6c368292029dc990192224 to remote] DEBUG org.asynchttpclient.netty.request.NettyRequestSender - Using open Channel [id: 0x7f02a141, L:/127.0.0.1:51407 - R:localhost/127.0.0.1:39896] for GET '/session/a40a9378cd6c368292029dc990192224/screenshot'
14:03:25.935 [AsyncHttpClient-1-1] DEBUG org.asynchttpclient.netty.channel.DefaultChannelPool - Entry count for : http://localhost:51408 : 1
14:03:26.045 [AsyncHttpClient-1-8] DEBUG org.asynchttpclient.netty.handler.HttpHandler - 

Request DefaultFullHttpRequest(decodeResult: success, version: HTTP/1.1, content: EmptyByteBufBE)
GET /session/a40a9378cd6c368292029dc990192224/screenshot HTTP/1.1
User-Agent: selenium/4.8.1 (java windows)
Cache-Control: no-cache
Content-Type: application/json; charset=utf-8
host: localhost:39896
accept: */*

Response DefaultHttpResponse(decodeResult: success, version: HTTP/1.1)
HTTP/1.1 200 OK
Content-Length: 91428
Content-Type: application/json; charset=utf-8
cache-control: no-cache

14:03:26.046 [AsyncHttpClient-1-8] DEBUG org.asynchttpclient.netty.channel.ChannelManager - Adding key: http://localhost:39896 for channel [id: 0x7f02a141, L:/127.0.0.1:51407 - R:localhost/127.0.0.1:39896]
14:03:26.050 [main] DEBUG net.serenitybdd.core.photography.Darkroom - Send negative for processing for target\site\serenity\4075807f0582348ea0236504f7ca8555062b5f19cbc50a4ade00cfc778534275.png
14:03:26.050 [Darkroom Processing Line] DEBUG net.serenitybdd.core.photography.DarkroomProcessingLine - Processing screenshot image in /var/screenshots/screenshot-742346783640988077
14:03:26.050 [Darkroom Processing Line] DEBUG net.serenitybdd.core.photography.DarkroomProcessingLine - Saving screenshot to target\site\serenity\4075807f0582348ea0236504f7ca8555062b5f19cbc50a4ade00cfc778534275.png
14:03:26.052 [Forwarding getPageSource on session a40a9378cd6c368292029dc990192224 to remote] DEBUG org.asynchttpclient.netty.request.NettyRequestSender - Using pooled Channel '[id: 0x7f02a141, L:/127.0.0.1:51407 - R:localhost/127.0.0.1:39896]' for 'POST' to 'http://localhost:39896/session/a40a9378cd6c368292029dc990192224/execute/sync'
14:03:26.052 [Forwarding getPageSource on session a40a9378cd6c368292029dc990192224 to remote] DEBUG org.asynchttpclient.netty.request.NettyRequestSender - Using open Channel [id: 0x7f02a141, L:/127.0.0.1:51407 - R:localhost/127.0.0.1:39896] for POST '/session/a40a9378cd6c368292029dc990192224/execute/sync'
14:03:26.071 [AsyncHttpClient-1-8] DEBUG org.asynchttpclient.netty.handler.HttpHandler - 

Request DefaultHttpRequest(decodeResult: success, version: HTTP/1.1)
POST /session/a40a9378cd6c368292029dc990192224/execute/sync HTTP/1.1
User-Agent: selenium/4.8.1 (java windows)
Content-Length: 176
Content-Type: application/json; charset=utf-8
host: localhost:39896
accept: */*

Response DefaultHttpResponse(decodeResult: success, version: HTTP/1.1)
HTTP/1.1 200 OK
Content-Length: 156756
Content-Type: application/json; charset=utf-8
cache-control: no-cache

14:03:26.072 [AsyncHttpClient-1-8] DEBUG org.asynchttpclient.netty.channel.ChannelManager - Adding key: http://localhost:39896 for channel [id: 0x7f02a141, L:/127.0.0.1:51407 - R:localhost/127.0.0.1:39896]
14:03:26.082 [Forwarding getCurrentUrl on session a40a9378cd6c368292029dc990192224 to remote] DEBUG org.asynchttpclient.netty.request.NettyRequestSender - Using pooled Channel '[id: 0x7f02a141, L:/127.0.0.1:51407 - R:localhost/127.0.0.1:39896]' for 'GET' to 'http://localhost:39896/session/a40a9378cd6c368292029dc990192224/url'
14:03:26.082 [Forwarding getCurrentUrl on session a40a9378cd6c368292029dc990192224 to remote] DEBUG org.asynchttpclient.netty.request.NettyRequestSender - Using open Channel [id: 0x7f02a141, L:/127.0.0.1:51407 - R:localhost/127.0.0.1:39896] for GET '/session/a40a9378cd6c368292029dc990192224/url'
14:03:26.089 [AsyncHttpClient-1-8] DEBUG org.asynchttpclient.netty.handler.HttpHandler - 

Request DefaultFullHttpRequest(decodeResult: success, version: HTTP/1.1, content: EmptyByteBufBE)
GET /session/a40a9378cd6c368292029dc990192224/url HTTP/1.1
User-Agent: selenium/4.8.1 (java windows)
Cache-Control: no-cache
Content-Type: application/json; charset=utf-8
host: localhost:39896
accept: */*

Response DefaultHttpResponse(decodeResult: success, version: HTTP/1.1)
HTTP/1.1 200 OK
Content-Length: 53
Content-Type: application/json; charset=utf-8
cache-control: no-cache

14:03:26.089 [AsyncHttpClient-1-8] DEBUG org.asynchttpclient.netty.channel.ChannelManager - Adding key: http://localhost:39896 for channel [id: 0x7f02a141, L:/127.0.0.1:51407 - R:localhost/127.0.0.1:39896]
14:03:26.094 [main] DEBUG net.thucydides.core.steps.StepInterceptor - STARTING STEP: ProductSteps.redirectToPaymentPage - onThePaymentPage
14:03:26.098 [Forwarding findElement on session a40a9378cd6c368292029dc990192224 to remote] DEBUG org.asynchttpclient.netty.request.NettyRequestSender - Using pooled Channel '[id: 0x7f02a141, L:/127.0.0.1:51407 - R:localhost/127.0.0.1:39896]' for 'POST' to 'http://localhost:39896/session/a40a9378cd6c368292029dc990192224/element'
14:03:26.098 [Forwarding findElement on session a40a9378cd6c368292029dc990192224 to remote] DEBUG org.asynchttpclient.netty.request.NettyRequestSender - Using open Channel [id: 0x7f02a141, L:/127.0.0.1:51407 - R:localhost/127.0.0.1:39896] for POST '/session/a40a9378cd6c368292029dc990192224/element'
14:03:27.040 [AsyncHttpClient-1-1] DEBUG org.asynchttpclient.netty.channel.DefaultChannelPool - Entry count for : http://localhost:51408 : 1
14:03:28.108 [AsyncHttpClient-1-8] DEBUG org.asynchttpclient.netty.handler.HttpHandler - 

Request DefaultHttpRequest(decodeResult: success, version: HTTP/1.1)
POST /session/a40a9378cd6c368292029dc990192224/element HTTP/1.1
User-Agent: selenium/4.8.1 (java windows)
Content-Length: 59
Content-Type: application/json; charset=utf-8
host: localhost:39896
accept: */*

Response DefaultHttpResponse(decodeResult: success, version: HTTP/1.1)
HTTP/1.1 200 OK
Content-Length: 88
Content-Type: application/json; charset=utf-8
cache-control: no-cache

14:03:28.108 [AsyncHttpClient-1-8] DEBUG org.asynchttpclient.netty.channel.ChannelManager - Adding key: http://localhost:39896 for channel [id: 0x7f02a141, L:/127.0.0.1:51407 - R:localhost/127.0.0.1:39896]
14:03:28.115 [Forwarding isElementDisplayed on session a40a9378cd6c368292029dc990192224 to remote] DEBUG org.asynchttpclient.netty.request.NettyRequestSender - Using pooled Channel '[id: 0x7f02a141, L:/127.0.0.1:51407 - R:localhost/127.0.0.1:39896]' for 'POST' to 'http://localhost:39896/session/a40a9378cd6c368292029dc990192224/execute/sync'
14:03:28.115 [Forwarding isElementDisplayed on session a40a9378cd6c368292029dc990192224 to remote] DEBUG org.asynchttpclient.netty.request.NettyRequestSender - Using open Channel [id: 0x7f02a141, L:/127.0.0.1:51407 - R:localhost/127.0.0.1:39896] for POST '/session/a40a9378cd6c368292029dc990192224/execute/sync'
14:03:28.157 [AsyncHttpClient-1-1] DEBUG org.asynchttpclient.netty.channel.DefaultChannelPool - Entry count for : http://localhost:51408 : 1
14:03:28.190 [AsyncHttpClient-1-8] DEBUG org.asynchttpclient.netty.handler.HttpHandler - 

Request DefaultHttpRequest(decodeResult: success, version: HTTP/1.1)
POST /session/a40a9378cd6c368292029dc990192224/execute/sync HTTP/1.1
User-Agent: selenium/4.8.1 (java windows)
Content-Length: 48807
Content-Type: application/json; charset=utf-8
host: localhost:39896
accept: */*

Response DefaultHttpResponse(decodeResult: success, version: HTTP/1.1)
HTTP/1.1 200 OK
Content-Length: 14
Content-Type: application/json; charset=utf-8
cache-control: no-cache

14:03:28.190 [AsyncHttpClient-1-8] DEBUG org.asynchttpclient.netty.channel.ChannelManager - Adding key: http://localhost:39896 for channel [id: 0x7f02a141, L:/127.0.0.1:51407 - R:localhost/127.0.0.1:39896]
14:03:28.197 [Forwarding getAlertText on session a40a9378cd6c368292029dc990192224 to remote] DEBUG org.asynchttpclient.netty.request.NettyRequestSender - Using pooled Channel '[id: 0x7f02a141, L:/127.0.0.1:51407 - R:localhost/127.0.0.1:39896]' for 'GET' to 'http://localhost:39896/session/a40a9378cd6c368292029dc990192224/alert/text'
14:03:28.197 [Forwarding getAlertText on session a40a9378cd6c368292029dc990192224 to remote] DEBUG org.asynchttpclient.netty.request.NettyRequestSender - Using open Channel [id: 0x7f02a141, L:/127.0.0.1:51407 - R:localhost/127.0.0.1:39896] for GET '/session/a40a9378cd6c368292029dc990192224/alert/text'
14:03:28.204 [AsyncHttpClient-1-8] DEBUG org.asynchttpclient.netty.handler.HttpHandler - 

Request DefaultFullHttpRequest(decodeResult: success, version: HTTP/1.1, content: EmptyByteBufBE)
GET /session/a40a9378cd6c368292029dc990192224/alert/text HTTP/1.1
User-Agent: selenium/4.8.1 (java windows)
Cache-Control: no-cache
Content-Type: application/json; charset=utf-8
host: localhost:39896
accept: */*

Response DefaultHttpResponse(decodeResult: success, version: HTTP/1.1)
HTTP/1.1 404 Not Found
Content-Length: 836
Content-Type: application/json; charset=utf-8
cache-control: no-cache

14:03:28.205 [AsyncHttpClient-1-8] DEBUG org.asynchttpclient.netty.channel.ChannelManager - Adding key: http://localhost:39896 for channel [id: 0x7f02a141, L:/127.0.0.1:51407 - R:localhost/127.0.0.1:39896]
14:03:28.207 [Forwarding getCurrentUrl on session a40a9378cd6c368292029dc990192224 to remote] DEBUG org.asynchttpclient.netty.request.NettyRequestSender - Using pooled Channel '[id: 0x7f02a141, L:/127.0.0.1:51407 - R:localhost/127.0.0.1:39896]' for 'GET' to 'http://localhost:39896/session/a40a9378cd6c368292029dc990192224/url'
14:03:28.207 [Forwarding getCurrentUrl on session a40a9378cd6c368292029dc990192224 to remote] DEBUG org.asynchttpclient.netty.request.NettyRequestSender - Using open Channel [id: 0x7f02a141, L:/127.0.0.1:51407 - R:localhost/127.0.0.1:39896] for GET '/session/a40a9378cd6c368292029dc990192224/url'
14:03:28.223 [AsyncHttpClient-1-8] DEBUG org.asynchttpclient.netty.handler.HttpHandler - 

Request DefaultFullHttpRequest(decodeResult: success, version: HTTP/1.1, content: EmptyByteBufBE)
GET /session/a40a9378cd6c368292029dc990192224/url HTTP/1.1
User-Agent: selenium/4.8.1 (java windows)
Cache-Control: no-cache
Content-Type: application/json; charset=utf-8
host: localhost:39896
accept: */*

Response DefaultHttpResponse(decodeResult: success, version: HTTP/1.1)
HTTP/1.1 200 OK
Content-Length: 56
Content-Type: application/json; charset=utf-8
cache-control: no-cache

14:03:28.223 [AsyncHttpClient-1-8] DEBUG org.asynchttpclient.netty.channel.ChannelManager - Adding key: http://localhost:39896 for channel [id: 0x7f02a141, L:/127.0.0.1:51407 - R:localhost/127.0.0.1:39896]
14:03:28.224 [Forwarding screenshot on session a40a9378cd6c368292029dc990192224 to remote] DEBUG org.asynchttpclient.netty.request.NettyRequestSender - Using pooled Channel '[id: 0x7f02a141, L:/127.0.0.1:51407 - R:localhost/127.0.0.1:39896]' for 'GET' to 'http://localhost:39896/session/a40a9378cd6c368292029dc990192224/screenshot'
14:03:28.224 [Forwarding screenshot on session a40a9378cd6c368292029dc990192224 to remote] DEBUG org.asynchttpclient.netty.request.NettyRequestSender - Using open Channel [id: 0x7f02a141, L:/127.0.0.1:51407 - R:localhost/127.0.0.1:39896] for GET '/session/a40a9378cd6c368292029dc990192224/screenshot'
14:03:28.621 [AsyncHttpClient-1-8] DEBUG org.asynchttpclient.netty.handler.HttpHandler - 

Request DefaultFullHttpRequest(decodeResult: success, version: HTTP/1.1, content: EmptyByteBufBE)
GET /session/a40a9378cd6c368292029dc990192224/screenshot HTTP/1.1
User-Agent: selenium/4.8.1 (java windows)
Cache-Control: no-cache
Content-Type: application/json; charset=utf-8
host: localhost:39896
accept: */*

Response DefaultHttpResponse(decodeResult: success, version: HTTP/1.1)
HTTP/1.1 200 OK
Content-Length: 143080
Content-Type: application/json; charset=utf-8
cache-control: no-cache

14:03:28.621 [AsyncHttpClient-1-8] DEBUG org.asynchttpclient.netty.channel.ChannelManager - Adding key: http://localhost:39896 for channel [id: 0x7f02a141, L:/127.0.0.1:51407 - R:localhost/127.0.0.1:39896]
14:03:28.627 [main] DEBUG net.serenitybdd.core.photography.Darkroom - Send negative for processing for target\site\serenity\abbbdcfafe91396223568c74933c5f7643db619780679606d0d358f8c0c96b6b.png
14:03:28.628 [Darkroom Processing Line] DEBUG net.serenitybdd.core.photography.DarkroomProcessingLine - Processing screenshot image in /var/screenshots/screenshot-2034797982579071520
14:03:28.628 [Darkroom Processing Line] DEBUG net.serenitybdd.core.photography.DarkroomProcessingLine - Saving screenshot to target\site\serenity\abbbdcfafe91396223568c74933c5f7643db619780679606d0d358f8c0c96b6b.png
14:03:28.634 [main] DEBUG net.thucydides.core.steps.StepInterceptor - STEP DONE: onThePaymentPage
  &amp#27;[32mAnd &amp#27;[0m&amp#27;[32mI redirected to payment method&amp#27;[0m               &amp#27;[90m# starter.stepdefinition.ProductSteps.redirectToPaymentPage()&amp#27;[0m
14:03:28.648 [main] INFO  - 
  _____   ___   ___   _____     ___     _     ___   ___   ___   ___  
 |_   _| | __| / __| |_   _|   | _ \   /_\   / __| / __| | __| |   \ 
   | |   | _|  \__ \   | |     |  _/  / _ \  \__ \ \__ \ | _|  | |) |
   |_|   |___| |___/   |_|     |_|   /_/ \_\ |___/ |___/ |___| |___/ 

As user i have be able to choose product
----------------------------------------------------------------------
14:03:28.653 [AsyncHttpClient-1-2] DEBUG org.asynchttpclient.netty.handler.WebSocketHandler - Channel Closed: [id: 0x79a9f7a9, L:/127.0.0.1:51417 ! R:localhost/127.0.0.1:51408] with attribute NettyResponseFuture{currentRetry=0,
	isDone=1,
	isCancelled=0,
	asyncHandler=org.asynchttpclient.ws.WebSocketUpgradeHandler@6beadaab,
	nettyRequest=org.asynchttpclient.netty.request.NettyRequest@65184bf0,
	future=java.util.concurrent.CompletableFuture@73a3bb53[Completed normally],
	uri=ws://localhost:51408/devtools/browser/4e60b93b-f555-4ada-a6fc-97c47e203200,
	keepAlive=true,
	redirectCount=0,
	timeoutsHolder=null,
	inAuth=0,
	touch=1680764598413}
14:03:28.654 [Driver Command Executor] DEBUG org.asynchttpclient.netty.request.NettyRequestSender - Using pooled Channel '[id: 0x7f02a141, L:/127.0.0.1:51407 - R:localhost/127.0.0.1:39896]' for 'DELETE' to 'http://localhost:39896/session/a40a9378cd6c368292029dc990192224'
14:03:28.654 [AsyncHttpClient-1-2] DEBUG org.asynchttpclient.netty.channel.ChannelManager - Closing Channel [id: 0x79a9f7a9, L:/127.0.0.1:51417 ! R:localhost/127.0.0.1:51408] 
14:03:28.654 [Driver Command Executor] DEBUG org.asynchttpclient.netty.request.NettyRequestSender - Using open Channel [id: 0x7f02a141, L:/127.0.0.1:51407 - R:localhost/127.0.0.1:39896] for DELETE '/session/a40a9378cd6c368292029dc990192224'
14:03:28.749 [AsyncHttpClient-1-9] DEBUG org.asynchttpclient.netty.handler.HttpHandler - Unexpected I/O exception on channel [id: 0x5f5e9a97, L:/127.0.0.1:51416 - R:localhost/127.0.0.1:51408]
java.net.SocketException: Connection reset
	at java.base/sun.nio.ch.SocketChannelImpl.throwConnectionReset(SocketChannelImpl.java:401)
	at java.base/sun.nio.ch.SocketChannelImpl.read(SocketChannelImpl.java:434)
	at io.netty.buffer.PooledByteBuf.setBytes(PooledByteBuf.java:259)
	at io.netty.buffer.AbstractByteBuf.writeBytes(AbstractByteBuf.java:1132)
	at io.netty.channel.socket.nio.NioSocketChannel.doReadBytes(NioSocketChannel.java:357)
	at io.netty.channel.nio.AbstractNioByteChannel$NioByteUnsafe.read(AbstractNioByteChannel.java:151)
	at io.netty.channel.nio.NioEventLoop.processSelectedKey(NioEventLoop.java:788)
	at io.netty.channel.nio.NioEventLoop.processSelectedKeysOptimized(NioEventLoop.java:724)
	at io.netty.channel.nio.NioEventLoop.processSelectedKeys(NioEventLoop.java:650)
	at io.netty.channel.nio.NioEventLoop.run(NioEventLoop.java:562)
	at io.netty.util.concurrent.SingleThreadEventExecutor$4.run(SingleThreadEventExecutor.java:997)
	at io.netty.util.internal.ThreadExecutorMap$2.run(ThreadExecutorMap.java:74)
	at io.netty.util.concurrent.FastThreadLocalRunnable.run(FastThreadLocalRunnable.java:30)
	at java.base/java.lang.Thread.run(Thread.java:1589)
14:03:28.750 [AsyncHttpClient-1-9] DEBUG org.asynchttpclient.netty.channel.ChannelManager - Closing Channel [id: 0x5f5e9a97, L:/127.0.0.1:51416 - R:localhost/127.0.0.1:51408] 
14:03:28.750 [AsyncHttpClient-1-9] DEBUG org.asynchttpclient.netty.handler.HttpHandler - Channel Closed: [id: 0x5f5e9a97, L:/127.0.0.1:51416 ! R:localhost/127.0.0.1:51408] with attribute DISCARD
14:03:28.775 [AsyncHttpClient-1-8] DEBUG org.asynchttpclient.netty.handler.HttpHandler - 

Request DefaultFullHttpRequest(decodeResult: success, version: HTTP/1.1, content: EmptyByteBufBE)
DELETE /session/a40a9378cd6c368292029dc990192224 HTTP/1.1
User-Agent: selenium/4.8.1 (java windows)
Content-Type: application/json; charset=utf-8
host: localhost:39896
accept: */*

Response DefaultHttpResponse(decodeResult: success, version: HTTP/1.1)
HTTP/1.1 200 OK
Content-Length: 14
Content-Type: application/json; charset=utf-8
cache-control: no-cache

14:03:28.775 [AsyncHttpClient-1-8] DEBUG org.asynchttpclient.netty.channel.ChannelManager - Adding key: http://localhost:39896 for channel [id: 0x7f02a141, L:/127.0.0.1:51407 - R:localhost/127.0.0.1:39896]
14:03:29.243 [AsyncHttpClient-1-1] DEBUG org.asynchttpclient.netty.channel.DefaultChannelPool - Entry count for : http://localhost:51408 : 1
14:03:29.243 [AsyncHttpClient-1-1] DEBUG org.asynchttpclient.netty.channel.DefaultChannelPool - Entry count for : http://localhost:39896 : 1
14:03:29.243 [AsyncHttpClient-1-1] DEBUG org.asynchttpclient.netty.channel.DefaultChannelPool - Adding Candidate expired Channel [id: 0x5f5e9a97, L:/127.0.0.1:51416 ! R:localhost/127.0.0.1:51408] isIdleTimeoutExpired=false isRemotelyClosed=true isTtlExpired=false
14:03:29.243 [AsyncHttpClient-1-1] DEBUG org.asynchttpclient.netty.channel.DefaultChannelPool - Closing Idle Channel [id: 0x5f5e9a97, L:/127.0.0.1:51416 ! R:localhost/127.0.0.1:51408]
14:03:29.243 [AsyncHttpClient-1-1] DEBUG org.asynchttpclient.netty.channel.DefaultChannelPool - Closed 1 connections out of 2 in 0 ms
14:03:29.803 [AsyncHttpClient-1-8] DEBUG org.asynchttpclient.netty.handler.HttpHandler - Unexpected I/O exception on channel [id: 0x7f02a141, L:/127.0.0.1:51407 - R:localhost/127.0.0.1:39896]
java.net.SocketException: Connection reset
	at java.base/sun.nio.ch.SocketChannelImpl.throwConnectionReset(SocketChannelImpl.java:401)
	at java.base/sun.nio.ch.SocketChannelImpl.read(SocketChannelImpl.java:434)
	at io.netty.buffer.PooledByteBuf.setBytes(PooledByteBuf.java:259)
	at io.netty.buffer.AbstractByteBuf.writeBytes(AbstractByteBuf.java:1132)
	at io.netty.channel.socket.nio.NioSocketChannel.doReadBytes(NioSocketChannel.java:357)
	at io.netty.channel.nio.AbstractNioByteChannel$NioByteUnsafe.read(AbstractNioByteChannel.java:151)
	at io.netty.channel.nio.NioEventLoop.processSelectedKey(NioEventLoop.java:788)
	at io.netty.channel.nio.NioEventLoop.processSelectedKeysOptimized(NioEventLoop.java:724)
	at io.netty.channel.nio.NioEventLoop.processSelectedKeys(NioEventLoop.java:650)
	at io.netty.channel.nio.NioEventLoop.run(NioEventLoop.java:562)
	at io.netty.util.concurrent.SingleThreadEventExecutor$4.run(SingleThreadEventExecutor.java:997)
	at io.netty.util.internal.ThreadExecutorMap$2.run(ThreadExecutorMap.java:74)
	at io.netty.util.concurrent.FastThreadLocalRunnable.run(FastThreadLocalRunnable.java:30)
	at java.base/java.lang.Thread.run(Thread.java:1589)
14:03:29.803 [AsyncHttpClient-1-8] DEBUG org.asynchttpclient.netty.channel.ChannelManager - Closing Channel [id: 0x7f02a141, L:/127.0.0.1:51407 - R:localhost/127.0.0.1:39896] 
14:03:29.803 [AsyncHttpClient-1-8] DEBUG org.asynchttpclient.netty.handler.HttpHandler - Channel Closed: [id: 0x7f02a141, L:/127.0.0.1:51407 ! R:localhost/127.0.0.1:39896] with attribute DISCARD
]]></system-out>
    <system-err><![CDATA[Starting ChromeDriver 111.0.5563.64 (c710e93d5b63b7095afe8c2c17df34408078439d-refs/branch-heads/5563@{#995}) on port 39896
Only local connections are allowed.
Please see https://chromedriver.chromium.org/security-considerations for suggestions on keeping ChromeDriver safe.
ChromeDriver was started successfully.
Apr 06, 2023 2:03:18 PM org.openqa.selenium.devtools.CdpVersionFinder findNearestMatch
WARNING: Unable to find an exact match for CDP version 111, so returning the closest version found: 110
]]></system-err>
  </testcase>
  <testcase name="As user i have be able to success login" classname="choose product" time="11.531">
    <system-out><![CDATA[
@product
Scenario: As user i have be able to success login                            &amp#27;[90m# src/test/resources/features/product.feature:14&amp#27;[0m
14:03:29.860 [main] DEBUG io.cucumber.core.plugin.SerenityReporter - Running feature from file:///C:/Users/User/IdeaProjects/prioritasduaa/src/test/resources/features/product.feature
14:03:29.863 [main] INFO  - 
  _____   ___   ___   _____     ___   _____     _     ___   _____   ___   ___  
 |_   _| | __| / __| |_   _|   / __| |_   _|   /_\   | _ \ |_   _| | __| |   \ 
   | |   | _|  \__ \   | |     \__ \   | |    / _ \  |   /   | |   | _|  | |) |
   |_|   |___| |___/   |_|     |___/   |_|   /_/ \_\ |_|_\   |_|   |___| |___/ 

As user i have be able to success login(choose-product;as-user-i-have-be-able-to-success-login)
--------------------------------------------------------------------------------
14:03:30.030 [main] INFO net.serenitybdd.core.webdriver.driverproviders.ChromeDriverProvider - Starting Chrome driver instance with capabilities:
14:03:30.031 [main] INFO net.serenitybdd.core.webdriver.driverproviders.ChromeDriverProvider - Capabilities {acceptInsecureCerts: false, browserName: chrome, goog:chromeOptions: {args: [remote-allow-origins=*], extensions: []}}
14:03:30.240 [AsyncHttpClient-1-3] DEBUG org.asynchttpclient.netty.channel.NettyConnectListener - Using new Channel '[id: 0x20ba7bd8, L:/127.0.0.1:51452 - R:localhost/127.0.0.1:17128]' for 'POST' to '/session'
14:03:30.350 [AsyncHttpClient-1-1] DEBUG org.asynchttpclient.netty.channel.DefaultChannelPool - Entry count for : http://localhost:39896 : 1
14:03:30.350 [AsyncHttpClient-1-1] DEBUG org.asynchttpclient.netty.channel.DefaultChannelPool - Adding Candidate expired Channel [id: 0x7f02a141, L:/127.0.0.1:51407 ! R:localhost/127.0.0.1:39896] isIdleTimeoutExpired=false isRemotelyClosed=true isTtlExpired=false
14:03:30.350 [AsyncHttpClient-1-1] DEBUG org.asynchttpclient.netty.channel.DefaultChannelPool - Closing Idle Channel [id: 0x7f02a141, L:/127.0.0.1:51407 ! R:localhost/127.0.0.1:39896]
14:03:30.362 [AsyncHttpClient-1-1] DEBUG org.asynchttpclient.netty.channel.DefaultChannelPool - Closed 1 connections out of 1 in 12 ms
14:03:32.556 [AsyncHttpClient-1-3] DEBUG org.asynchttpclient.netty.handler.HttpHandler - 

Request DefaultHttpRequest(decodeResult: success, version: HTTP/1.1)
POST /session HTTP/1.1
User-Agent: selenium/4.8.1 (java windows)
Content-Length: 507
Content-Type: application/json; charset=utf-8
host: localhost:17128
accept: */*

Response DefaultHttpResponse(decodeResult: success, version: HTTP/1.1)
HTTP/1.1 200 OK
Content-Length: 859
Content-Type: application/json; charset=utf-8
cache-control: no-cache

14:03:32.556 [AsyncHttpClient-1-3] DEBUG org.asynchttpclient.netty.channel.ChannelManager - Adding key: http://localhost:17128 for channel [id: 0x20ba7bd8, L:/127.0.0.1:51452 - R:localhost/127.0.0.1:17128]
14:03:32.566 [AsyncHttpClient-1-4] DEBUG org.asynchttpclient.netty.channel.NettyConnectListener - Using new Channel '[id: 0x68aaff95, L:/127.0.0.1:51460 - R:localhost/127.0.0.1:51453]' for 'GET' to '/json/version'
14:03:32.587 [AsyncHttpClient-1-4] DEBUG org.asynchttpclient.netty.handler.HttpHandler - 

Request DefaultFullHttpRequest(decodeResult: success, version: HTTP/1.1, content: EmptyByteBufBE)
GET /json/version HTTP/1.1
User-Agent: selenium/4.8.1 (java windows)
host: localhost:51453
accept: */*

Response DefaultHttpResponse(decodeResult: success, version: HTTP/1.1)
HTTP/1.1 200 OK
Content-Security-Policy: frame-ancestors 'none'
Content-Length: 424
Content-Type: application/json; charset=UTF-8

14:03:32.587 [AsyncHttpClient-1-4] DEBUG org.asynchttpclient.netty.channel.ChannelManager - Adding key: http://localhost:51453 for channel [id: 0x68aaff95, L:/127.0.0.1:51460 - R:localhost/127.0.0.1:51453]
14:03:32.589 [AsyncHttpClient-1-5] DEBUG org.asynchttpclient.netty.channel.NettyConnectListener - Using new Channel '[id: 0x3e1c4cbf, L:/127.0.0.1:51461 - R:localhost/127.0.0.1:51453]' for 'GET' to '/devtools/browser/5afe13c7-b4fd-4b6d-b6f4-a100f60603a0'
14:03:32.590 [AsyncHttpClient-1-5] DEBUG org.asynchttpclient.netty.handler.WebSocketHandler - 

Request DefaultFullHttpRequest(decodeResult: success, version: HTTP/1.1, content: EmptyByteBufBE)
GET /devtools/browser/5afe13c7-b4fd-4b6d-b6f4-a100f60603a0 HTTP/1.1
upgrade: websocket
connection: upgrade
sec-websocket-key: uqMdaB9TUc0fNRq9WT9mtQ==
sec-websocket-version: 13
origin: http://localhost:51453
host: localhost:51453
accept: */*
user-agent: AHC/2.1

Response DefaultHttpResponse(decodeResult: success, version: HTTP/1.1)
HTTP/1.1 101 WebSocket Protocol Handshake
Upgrade: WebSocket
Connection: Upgrade
Sec-WebSocket-Accept: wg1k6xDli3ZzhWDLhQOcArWvt8s=

14:03:32.601 [Forwarding get on session 5f533e7c02ddefbc887b61dfd3818ad0 to remote] DEBUG org.asynchttpclient.netty.request.NettyRequestSender - Using pooled Channel '[id: 0x20ba7bd8, L:/127.0.0.1:51452 - R:localhost/127.0.0.1:17128]' for 'POST' to 'http://localhost:17128/session/5f533e7c02ddefbc887b61dfd3818ad0/url'
14:03:32.601 [Forwarding get on session 5f533e7c02ddefbc887b61dfd3818ad0 to remote] DEBUG org.asynchttpclient.netty.request.NettyRequestSender - Using open Channel [id: 0x20ba7bd8, L:/127.0.0.1:51452 - R:localhost/127.0.0.1:17128] for POST '/session/5f533e7c02ddefbc887b61dfd3818ad0/url'
14:03:33.635 [AsyncHttpClient-1-1] DEBUG org.asynchttpclient.netty.channel.DefaultChannelPool - Entry count for : http://localhost:51453 : 1
14:03:34.733 [AsyncHttpClient-1-1] DEBUG org.asynchttpclient.netty.channel.DefaultChannelPool - Entry count for : http://localhost:51453 : 1
14:03:35.844 [AsyncHttpClient-1-1] DEBUG org.asynchttpclient.netty.channel.DefaultChannelPool - Entry count for : http://localhost:51453 : 1
14:03:36.124 [AsyncHttpClient-1-3] DEBUG org.asynchttpclient.netty.handler.HttpHandler - 

Request DefaultHttpRequest(decodeResult: success, version: HTTP/1.1)
POST /session/5f533e7c02ddefbc887b61dfd3818ad0/url HTTP/1.1
User-Agent: selenium/4.8.1 (java windows)
Content-Length: 54
Content-Type: application/json; charset=utf-8
host: localhost:17128
accept: */*

Response DefaultHttpResponse(decodeResult: success, version: HTTP/1.1)
HTTP/1.1 200 OK
Content-Length: 14
Content-Type: application/json; charset=utf-8
cache-control: no-cache

14:03:36.124 [AsyncHttpClient-1-3] DEBUG org.asynchttpclient.netty.channel.ChannelManager - Adding key: http://localhost:17128 for channel [id: 0x20ba7bd8, L:/127.0.0.1:51452 - R:localhost/127.0.0.1:17128]
14:03:36.132 [Forwarding setTimeout on session 5f533e7c02ddefbc887b61dfd3818ad0 to remote] DEBUG org.asynchttpclient.netty.request.NettyRequestSender - Using pooled Channel '[id: 0x20ba7bd8, L:/127.0.0.1:51452 - R:localhost/127.0.0.1:17128]' for 'POST' to 'http://localhost:17128/session/5f533e7c02ddefbc887b61dfd3818ad0/timeouts'
14:03:36.132 [Forwarding setTimeout on session 5f533e7c02ddefbc887b61dfd3818ad0 to remote] DEBUG org.asynchttpclient.netty.request.NettyRequestSender - Using open Channel [id: 0x20ba7bd8, L:/127.0.0.1:51452 - R:localhost/127.0.0.1:17128] for POST '/session/5f533e7c02ddefbc887b61dfd3818ad0/timeouts'
14:03:36.135 [AsyncHttpClient-1-3] DEBUG org.asynchttpclient.netty.handler.HttpHandler - 

Request DefaultHttpRequest(decodeResult: success, version: HTTP/1.1)
POST /session/5f533e7c02ddefbc887b61dfd3818ad0/timeouts HTTP/1.1
User-Agent: selenium/4.8.1 (java windows)
Content-Length: 22
Content-Type: application/json; charset=utf-8
host: localhost:17128
accept: */*

Response DefaultHttpResponse(decodeResult: success, version: HTTP/1.1)
HTTP/1.1 200 OK
Content-Length: 14
Content-Type: application/json; charset=utf-8
cache-control: no-cache

14:03:36.135 [AsyncHttpClient-1-3] DEBUG org.asynchttpclient.netty.channel.ChannelManager - Adding key: http://localhost:17128 for channel [id: 0x20ba7bd8, L:/127.0.0.1:51452 - R:localhost/127.0.0.1:17128]
14:03:36.145 [Forwarding findElement on session 5f533e7c02ddefbc887b61dfd3818ad0 to remote] DEBUG org.asynchttpclient.netty.request.NettyRequestSender - Using pooled Channel '[id: 0x20ba7bd8, L:/127.0.0.1:51452 - R:localhost/127.0.0.1:17128]' for 'POST' to 'http://localhost:17128/session/5f533e7c02ddefbc887b61dfd3818ad0/element'
14:03:36.145 [Forwarding findElement on session 5f533e7c02ddefbc887b61dfd3818ad0 to remote] DEBUG org.asynchttpclient.netty.request.NettyRequestSender - Using open Channel [id: 0x20ba7bd8, L:/127.0.0.1:51452 - R:localhost/127.0.0.1:17128] for POST '/session/5f533e7c02ddefbc887b61dfd3818ad0/element'
14:03:36.175 [AsyncHttpClient-1-3] DEBUG org.asynchttpclient.netty.handler.HttpHandler - 

Request DefaultHttpRequest(decodeResult: success, version: HTTP/1.1)
POST /session/5f533e7c02ddefbc887b61dfd3818ad0/element HTTP/1.1
User-Agent: selenium/4.8.1 (java windows)
Content-Length: 58
Content-Type: application/json; charset=utf-8
host: localhost:17128
accept: */*

Response DefaultHttpResponse(decodeResult: success, version: HTTP/1.1)
HTTP/1.1 200 OK
Content-Length: 88
Content-Type: application/json; charset=utf-8
cache-control: no-cache

14:03:36.176 [AsyncHttpClient-1-3] DEBUG org.asynchttpclient.netty.channel.ChannelManager - Adding key: http://localhost:17128 for channel [id: 0x20ba7bd8, L:/127.0.0.1:51452 - R:localhost/127.0.0.1:17128]
14:03:36.181 [Forwarding isElementDisplayed on session 5f533e7c02ddefbc887b61dfd3818ad0 to remote] DEBUG org.asynchttpclient.netty.request.NettyRequestSender - Using pooled Channel '[id: 0x20ba7bd8, L:/127.0.0.1:51452 - R:localhost/127.0.0.1:17128]' for 'POST' to 'http://localhost:17128/session/5f533e7c02ddefbc887b61dfd3818ad0/execute/sync'
14:03:36.181 [Forwarding isElementDisplayed on session 5f533e7c02ddefbc887b61dfd3818ad0 to remote] DEBUG org.asynchttpclient.netty.request.NettyRequestSender - Using open Channel [id: 0x20ba7bd8, L:/127.0.0.1:51452 - R:localhost/127.0.0.1:17128] for POST '/session/5f533e7c02ddefbc887b61dfd3818ad0/execute/sync'
14:03:36.207 [AsyncHttpClient-1-3] DEBUG org.asynchttpclient.netty.handler.HttpHandler - 

Request DefaultHttpRequest(decodeResult: success, version: HTTP/1.1)
POST /session/5f533e7c02ddefbc887b61dfd3818ad0/execute/sync HTTP/1.1
User-Agent: selenium/4.8.1 (java windows)
Content-Length: 48807
Content-Type: application/json; charset=utf-8
host: localhost:17128
accept: */*

Response DefaultHttpResponse(decodeResult: success, version: HTTP/1.1)
HTTP/1.1 200 OK
Content-Length: 14
Content-Type: application/json; charset=utf-8
cache-control: no-cache

14:03:36.207 [AsyncHttpClient-1-3] DEBUG org.asynchttpclient.netty.channel.ChannelManager - Adding key: http://localhost:17128 for channel [id: 0x20ba7bd8, L:/127.0.0.1:51452 - R:localhost/127.0.0.1:17128]
  &amp#27;[32mGiven &amp#27;[0m&amp#27;[32mI already on web homepage&amp#27;[0m                                            &amp#27;[90m# starter.stepdefinition.ProductSteps.onWebHomePage()&amp#27;[0m
14:03:36.217 [Forwarding getAlertText on session 5f533e7c02ddefbc887b61dfd3818ad0 to remote] DEBUG org.asynchttpclient.netty.request.NettyRequestSender - Using pooled Channel '[id: 0x20ba7bd8, L:/127.0.0.1:51452 - R:localhost/127.0.0.1:17128]' for 'GET' to 'http://localhost:17128/session/5f533e7c02ddefbc887b61dfd3818ad0/alert/text'
14:03:36.217 [Forwarding getAlertText on session 5f533e7c02ddefbc887b61dfd3818ad0 to remote] DEBUG org.asynchttpclient.netty.request.NettyRequestSender - Using open Channel [id: 0x20ba7bd8, L:/127.0.0.1:51452 - R:localhost/127.0.0.1:17128] for GET '/session/5f533e7c02ddefbc887b61dfd3818ad0/alert/text'
14:03:36.219 [AsyncHttpClient-1-3] DEBUG org.asynchttpclient.netty.handler.HttpHandler - 

Request DefaultFullHttpRequest(decodeResult: success, version: HTTP/1.1, content: EmptyByteBufBE)
GET /session/5f533e7c02ddefbc887b61dfd3818ad0/alert/text HTTP/1.1
User-Agent: selenium/4.8.1 (java windows)
Cache-Control: no-cache
Content-Type: application/json; charset=utf-8
host: localhost:17128
accept: */*

Response DefaultHttpResponse(decodeResult: success, version: HTTP/1.1)
HTTP/1.1 404 Not Found
Content-Length: 836
Content-Type: application/json; charset=utf-8
cache-control: no-cache

14:03:36.219 [AsyncHttpClient-1-3] DEBUG org.asynchttpclient.netty.channel.ChannelManager - Adding key: http://localhost:17128 for channel [id: 0x20ba7bd8, L:/127.0.0.1:51452 - R:localhost/127.0.0.1:17128]
14:03:36.222 [Forwarding getCurrentUrl on session 5f533e7c02ddefbc887b61dfd3818ad0 to remote] DEBUG org.asynchttpclient.netty.request.NettyRequestSender - Using pooled Channel '[id: 0x20ba7bd8, L:/127.0.0.1:51452 - R:localhost/127.0.0.1:17128]' for 'GET' to 'http://localhost:17128/session/5f533e7c02ddefbc887b61dfd3818ad0/url'
14:03:36.222 [Forwarding getCurrentUrl on session 5f533e7c02ddefbc887b61dfd3818ad0 to remote] DEBUG org.asynchttpclient.netty.request.NettyRequestSender - Using open Channel [id: 0x20ba7bd8, L:/127.0.0.1:51452 - R:localhost/127.0.0.1:17128] for GET '/session/5f533e7c02ddefbc887b61dfd3818ad0/url'
14:03:36.228 [AsyncHttpClient-1-3] DEBUG org.asynchttpclient.netty.handler.HttpHandler - 

Request DefaultFullHttpRequest(decodeResult: success, version: HTTP/1.1, content: EmptyByteBufBE)
GET /session/5f533e7c02ddefbc887b61dfd3818ad0/url HTTP/1.1
User-Agent: selenium/4.8.1 (java windows)
Cache-Control: no-cache
Content-Type: application/json; charset=utf-8
host: localhost:17128
accept: */*

Response DefaultHttpResponse(decodeResult: success, version: HTTP/1.1)
HTTP/1.1 200 OK
Content-Length: 36
Content-Type: application/json; charset=utf-8
cache-control: no-cache

14:03:36.228 [AsyncHttpClient-1-3] DEBUG org.asynchttpclient.netty.channel.ChannelManager - Adding key: http://localhost:17128 for channel [id: 0x20ba7bd8, L:/127.0.0.1:51452 - R:localhost/127.0.0.1:17128]
14:03:36.229 [Forwarding screenshot on session 5f533e7c02ddefbc887b61dfd3818ad0 to remote] DEBUG org.asynchttpclient.netty.request.NettyRequestSender - Using pooled Channel '[id: 0x20ba7bd8, L:/127.0.0.1:51452 - R:localhost/127.0.0.1:17128]' for 'GET' to 'http://localhost:17128/session/5f533e7c02ddefbc887b61dfd3818ad0/screenshot'
14:03:36.229 [Forwarding screenshot on session 5f533e7c02ddefbc887b61dfd3818ad0 to remote] DEBUG org.asynchttpclient.netty.request.NettyRequestSender - Using open Channel [id: 0x20ba7bd8, L:/127.0.0.1:51452 - R:localhost/127.0.0.1:17128] for GET '/session/5f533e7c02ddefbc887b61dfd3818ad0/screenshot'
14:03:36.442 [AsyncHttpClient-1-3] DEBUG org.asynchttpclient.netty.handler.HttpHandler - 

Request DefaultFullHttpRequest(decodeResult: success, version: HTTP/1.1, content: EmptyByteBufBE)
GET /session/5f533e7c02ddefbc887b61dfd3818ad0/screenshot HTTP/1.1
User-Agent: selenium/4.8.1 (java windows)
Cache-Control: no-cache
Content-Type: application/json; charset=utf-8
host: localhost:17128
accept: */*

Response DefaultHttpResponse(decodeResult: success, version: HTTP/1.1)
HTTP/1.1 200 OK
Content-Length: 252116
Content-Type: application/json; charset=utf-8
cache-control: no-cache

14:03:36.444 [AsyncHttpClient-1-3] DEBUG org.asynchttpclient.netty.channel.ChannelManager - Adding key: http://localhost:17128 for channel [id: 0x20ba7bd8, L:/127.0.0.1:51452 - R:localhost/127.0.0.1:17128]
14:03:36.454 [main] DEBUG net.serenitybdd.core.photography.Darkroom - Send negative for processing for target\site\serenity\7b89d405c70a1f00cf5ad86f087c2768e23c4441fe319d3107affc563a12ab7e.png
14:03:36.455 [Darkroom Processing Line] DEBUG net.serenitybdd.core.photography.DarkroomProcessingLine - Processing screenshot image in /var/screenshots/screenshot-17755911185088953251
14:03:36.455 [Darkroom Processing Line] DEBUG net.serenitybdd.core.photography.DarkroomProcessingLine - Saving screenshot to target\site\serenity\7b89d405c70a1f00cf5ad86f087c2768e23c4441fe319d3107affc563a12ab7e.png
14:03:36.469 [Forwarding getPageSource on session 5f533e7c02ddefbc887b61dfd3818ad0 to remote] DEBUG org.asynchttpclient.netty.request.NettyRequestSender - Using pooled Channel '[id: 0x20ba7bd8, L:/127.0.0.1:51452 - R:localhost/127.0.0.1:17128]' for 'POST' to 'http://localhost:17128/session/5f533e7c02ddefbc887b61dfd3818ad0/execute/sync'
14:03:36.469 [Forwarding getPageSource on session 5f533e7c02ddefbc887b61dfd3818ad0 to remote] DEBUG org.asynchttpclient.netty.request.NettyRequestSender - Using open Channel [id: 0x20ba7bd8, L:/127.0.0.1:51452 - R:localhost/127.0.0.1:17128] for POST '/session/5f533e7c02ddefbc887b61dfd3818ad0/execute/sync'
14:03:36.498 [AsyncHttpClient-1-3] DEBUG org.asynchttpclient.netty.handler.HttpHandler - 

Request DefaultHttpRequest(decodeResult: success, version: HTTP/1.1)
POST /session/5f533e7c02ddefbc887b61dfd3818ad0/execute/sync HTTP/1.1
User-Agent: selenium/4.8.1 (java windows)
Content-Length: 176
Content-Type: application/json; charset=utf-8
host: localhost:17128
accept: */*

Response DefaultHttpResponse(decodeResult: success, version: HTTP/1.1)
HTTP/1.1 200 OK
Content-Length: 182088
Content-Type: application/json; charset=utf-8
cache-control: no-cache

14:03:36.499 [AsyncHttpClient-1-3] DEBUG org.asynchttpclient.netty.channel.ChannelManager - Adding key: http://localhost:17128 for channel [id: 0x20ba7bd8, L:/127.0.0.1:51452 - R:localhost/127.0.0.1:17128]
14:03:36.524 [Forwarding getCurrentUrl on session 5f533e7c02ddefbc887b61dfd3818ad0 to remote] DEBUG org.asynchttpclient.netty.request.NettyRequestSender - Using pooled Channel '[id: 0x20ba7bd8, L:/127.0.0.1:51452 - R:localhost/127.0.0.1:17128]' for 'GET' to 'http://localhost:17128/session/5f533e7c02ddefbc887b61dfd3818ad0/url'
14:03:36.524 [Forwarding getCurrentUrl on session 5f533e7c02ddefbc887b61dfd3818ad0 to remote] DEBUG org.asynchttpclient.netty.request.NettyRequestSender - Using open Channel [id: 0x20ba7bd8, L:/127.0.0.1:51452 - R:localhost/127.0.0.1:17128] for GET '/session/5f533e7c02ddefbc887b61dfd3818ad0/url'
14:03:36.536 [AsyncHttpClient-1-3] DEBUG org.asynchttpclient.netty.handler.HttpHandler - 

Request DefaultFullHttpRequest(decodeResult: success, version: HTTP/1.1, content: EmptyByteBufBE)
GET /session/5f533e7c02ddefbc887b61dfd3818ad0/url HTTP/1.1
User-Agent: selenium/4.8.1 (java windows)
Cache-Control: no-cache
Content-Type: application/json; charset=utf-8
host: localhost:17128
accept: */*

Response DefaultHttpResponse(decodeResult: success, version: HTTP/1.1)
HTTP/1.1 200 OK
Content-Length: 36
Content-Type: application/json; charset=utf-8
cache-control: no-cache

14:03:36.538 [AsyncHttpClient-1-3] DEBUG org.asynchttpclient.netty.channel.ChannelManager - Adding key: http://localhost:17128 for channel [id: 0x20ba7bd8, L:/127.0.0.1:51452 - R:localhost/127.0.0.1:17128]
14:03:36.570 [Forwarding getAlertText on session 5f533e7c02ddefbc887b61dfd3818ad0 to remote] DEBUG org.asynchttpclient.netty.request.NettyRequestSender - Using pooled Channel '[id: 0x20ba7bd8, L:/127.0.0.1:51452 - R:localhost/127.0.0.1:17128]' for 'GET' to 'http://localhost:17128/session/5f533e7c02ddefbc887b61dfd3818ad0/alert/text'
14:03:36.570 [Forwarding getAlertText on session 5f533e7c02ddefbc887b61dfd3818ad0 to remote] DEBUG org.asynchttpclient.netty.request.NettyRequestSender - Using open Channel [id: 0x20ba7bd8, L:/127.0.0.1:51452 - R:localhost/127.0.0.1:17128] for GET '/session/5f533e7c02ddefbc887b61dfd3818ad0/alert/text'
14:03:36.630 [AsyncHttpClient-1-3] DEBUG org.asynchttpclient.netty.handler.HttpHandler - 

Request DefaultFullHttpRequest(decodeResult: success, version: HTTP/1.1, content: EmptyByteBufBE)
GET /session/5f533e7c02ddefbc887b61dfd3818ad0/alert/text HTTP/1.1
User-Agent: selenium/4.8.1 (java windows)
Cache-Control: no-cache
Content-Type: application/json; charset=utf-8
host: localhost:17128
accept: */*

Response DefaultHttpResponse(decodeResult: success, version: HTTP/1.1)
HTTP/1.1 404 Not Found
Content-Length: 836
Content-Type: application/json; charset=utf-8
cache-control: no-cache

14:03:36.630 [AsyncHttpClient-1-3] DEBUG org.asynchttpclient.netty.channel.ChannelManager - Adding key: http://localhost:17128 for channel [id: 0x20ba7bd8, L:/127.0.0.1:51452 - R:localhost/127.0.0.1:17128]
14:03:36.632 [Forwarding getCurrentUrl on session 5f533e7c02ddefbc887b61dfd3818ad0 to remote] DEBUG org.asynchttpclient.netty.request.NettyRequestSender - Using pooled Channel '[id: 0x20ba7bd8, L:/127.0.0.1:51452 - R:localhost/127.0.0.1:17128]' for 'GET' to 'http://localhost:17128/session/5f533e7c02ddefbc887b61dfd3818ad0/url'
14:03:36.632 [Forwarding getCurrentUrl on session 5f533e7c02ddefbc887b61dfd3818ad0 to remote] DEBUG org.asynchttpclient.netty.request.NettyRequestSender - Using open Channel [id: 0x20ba7bd8, L:/127.0.0.1:51452 - R:localhost/127.0.0.1:17128] for GET '/session/5f533e7c02ddefbc887b61dfd3818ad0/url'
14:03:36.651 [AsyncHttpClient-1-3] DEBUG org.asynchttpclient.netty.handler.HttpHandler - 

Request DefaultFullHttpRequest(decodeResult: success, version: HTTP/1.1, content: EmptyByteBufBE)
GET /session/5f533e7c02ddefbc887b61dfd3818ad0/url HTTP/1.1
User-Agent: selenium/4.8.1 (java windows)
Cache-Control: no-cache
Content-Type: application/json; charset=utf-8
host: localhost:17128
accept: */*

Response DefaultHttpResponse(decodeResult: success, version: HTTP/1.1)
HTTP/1.1 200 OK
Content-Length: 36
Content-Type: application/json; charset=utf-8
cache-control: no-cache

14:03:36.652 [AsyncHttpClient-1-3] DEBUG org.asynchttpclient.netty.channel.ChannelManager - Adding key: http://localhost:17128 for channel [id: 0x20ba7bd8, L:/127.0.0.1:51452 - R:localhost/127.0.0.1:17128]
14:03:36.653 [Forwarding screenshot on session 5f533e7c02ddefbc887b61dfd3818ad0 to remote] DEBUG org.asynchttpclient.netty.request.NettyRequestSender - Using pooled Channel '[id: 0x20ba7bd8, L:/127.0.0.1:51452 - R:localhost/127.0.0.1:17128]' for 'GET' to 'http://localhost:17128/session/5f533e7c02ddefbc887b61dfd3818ad0/screenshot'
14:03:36.653 [Forwarding screenshot on session 5f533e7c02ddefbc887b61dfd3818ad0 to remote] DEBUG org.asynchttpclient.netty.request.NettyRequestSender - Using open Channel [id: 0x20ba7bd8, L:/127.0.0.1:51452 - R:localhost/127.0.0.1:17128] for GET '/session/5f533e7c02ddefbc887b61dfd3818ad0/screenshot'
14:03:36.827 [AsyncHttpClient-1-3] DEBUG org.asynchttpclient.netty.handler.HttpHandler - 

Request DefaultFullHttpRequest(decodeResult: success, version: HTTP/1.1, content: EmptyByteBufBE)
GET /session/5f533e7c02ddefbc887b61dfd3818ad0/screenshot HTTP/1.1
User-Agent: selenium/4.8.1 (java windows)
Cache-Control: no-cache
Content-Type: application/json; charset=utf-8
host: localhost:17128
accept: */*

Response DefaultHttpResponse(decodeResult: success, version: HTTP/1.1)
HTTP/1.1 200 OK
Content-Length: 252116
Content-Type: application/json; charset=utf-8
cache-control: no-cache

14:03:36.828 [AsyncHttpClient-1-3] DEBUG org.asynchttpclient.netty.channel.ChannelManager - Adding key: http://localhost:17128 for channel [id: 0x20ba7bd8, L:/127.0.0.1:51452 - R:localhost/127.0.0.1:17128]
14:03:36.838 [main] DEBUG net.serenitybdd.core.photography.Darkroom - Send negative for processing for target\site\serenity\7b89d405c70a1f00cf5ad86f087c2768e23c4441fe319d3107affc563a12ab7e.png
14:03:36.840 [Forwarding getPageSource on session 5f533e7c02ddefbc887b61dfd3818ad0 to remote] DEBUG org.asynchttpclient.netty.request.NettyRequestSender - Using pooled Channel '[id: 0x20ba7bd8, L:/127.0.0.1:51452 - R:localhost/127.0.0.1:17128]' for 'POST' to 'http://localhost:17128/session/5f533e7c02ddefbc887b61dfd3818ad0/execute/sync'
14:03:36.840 [Forwarding getPageSource on session 5f533e7c02ddefbc887b61dfd3818ad0 to remote] DEBUG org.asynchttpclient.netty.request.NettyRequestSender - Using open Channel [id: 0x20ba7bd8, L:/127.0.0.1:51452 - R:localhost/127.0.0.1:17128] for POST '/session/5f533e7c02ddefbc887b61dfd3818ad0/execute/sync'
14:03:36.863 [AsyncHttpClient-1-3] DEBUG org.asynchttpclient.netty.handler.HttpHandler - 

Request DefaultHttpRequest(decodeResult: success, version: HTTP/1.1)
POST /session/5f533e7c02ddefbc887b61dfd3818ad0/execute/sync HTTP/1.1
User-Agent: selenium/4.8.1 (java windows)
Content-Length: 176
Content-Type: application/json; charset=utf-8
host: localhost:17128
accept: */*

Response DefaultHttpResponse(decodeResult: success, version: HTTP/1.1)
HTTP/1.1 200 OK
Content-Length: 182088
Content-Type: application/json; charset=utf-8
cache-control: no-cache

14:03:36.864 [AsyncHttpClient-1-3] DEBUG org.asynchttpclient.netty.channel.ChannelManager - Adding key: http://localhost:17128 for channel [id: 0x20ba7bd8, L:/127.0.0.1:51452 - R:localhost/127.0.0.1:17128]
14:03:36.887 [Forwarding getCurrentUrl on session 5f533e7c02ddefbc887b61dfd3818ad0 to remote] DEBUG org.asynchttpclient.netty.request.NettyRequestSender - Using pooled Channel '[id: 0x20ba7bd8, L:/127.0.0.1:51452 - R:localhost/127.0.0.1:17128]' for 'GET' to 'http://localhost:17128/session/5f533e7c02ddefbc887b61dfd3818ad0/url'
14:03:36.887 [Forwarding getCurrentUrl on session 5f533e7c02ddefbc887b61dfd3818ad0 to remote] DEBUG org.asynchttpclient.netty.request.NettyRequestSender - Using open Channel [id: 0x20ba7bd8, L:/127.0.0.1:51452 - R:localhost/127.0.0.1:17128] for GET '/session/5f533e7c02ddefbc887b61dfd3818ad0/url'
14:03:36.891 [AsyncHttpClient-1-3] DEBUG org.asynchttpclient.netty.handler.HttpHandler - 

Request DefaultFullHttpRequest(decodeResult: success, version: HTTP/1.1, content: EmptyByteBufBE)
GET /session/5f533e7c02ddefbc887b61dfd3818ad0/url HTTP/1.1
User-Agent: selenium/4.8.1 (java windows)
Cache-Control: no-cache
Content-Type: application/json; charset=utf-8
host: localhost:17128
accept: */*

Response DefaultHttpResponse(decodeResult: success, version: HTTP/1.1)
HTTP/1.1 200 OK
Content-Length: 36
Content-Type: application/json; charset=utf-8
cache-control: no-cache

14:03:36.891 [AsyncHttpClient-1-3] DEBUG org.asynchttpclient.netty.channel.ChannelManager - Adding key: http://localhost:17128 for channel [id: 0x20ba7bd8, L:/127.0.0.1:51452 - R:localhost/127.0.0.1:17128]
14:03:36.896 [main] DEBUG net.thucydides.core.steps.StepInterceptor - STARTING STEP: ProductSteps.clickThePulsaButton - pulsaButton
14:03:36.901 [Forwarding findElement on session 5f533e7c02ddefbc887b61dfd3818ad0 to remote] DEBUG org.asynchttpclient.netty.request.NettyRequestSender - Using pooled Channel '[id: 0x20ba7bd8, L:/127.0.0.1:51452 - R:localhost/127.0.0.1:17128]' for 'POST' to 'http://localhost:17128/session/5f533e7c02ddefbc887b61dfd3818ad0/element'
14:03:36.902 [Forwarding findElement on session 5f533e7c02ddefbc887b61dfd3818ad0 to remote] DEBUG org.asynchttpclient.netty.request.NettyRequestSender - Using open Channel [id: 0x20ba7bd8, L:/127.0.0.1:51452 - R:localhost/127.0.0.1:17128] for POST '/session/5f533e7c02ddefbc887b61dfd3818ad0/element'
14:03:36.919 [AsyncHttpClient-1-3] DEBUG org.asynchttpclient.netty.handler.HttpHandler - 

Request DefaultHttpRequest(decodeResult: success, version: HTTP/1.1)
POST /session/5f533e7c02ddefbc887b61dfd3818ad0/element HTTP/1.1
User-Agent: selenium/4.8.1 (java windows)
Content-Length: 59
Content-Type: application/json; charset=utf-8
host: localhost:17128
accept: */*

Response DefaultHttpResponse(decodeResult: success, version: HTTP/1.1)
HTTP/1.1 200 OK
Content-Length: 88
Content-Type: application/json; charset=utf-8
cache-control: no-cache

14:03:36.919 [AsyncHttpClient-1-3] DEBUG org.asynchttpclient.netty.channel.ChannelManager - Adding key: http://localhost:17128 for channel [id: 0x20ba7bd8, L:/127.0.0.1:51452 - R:localhost/127.0.0.1:17128]
14:03:36.929 [Forwarding getElementTagName on session 5f533e7c02ddefbc887b61dfd3818ad0 to remote] DEBUG org.asynchttpclient.netty.request.NettyRequestSender - Using pooled Channel '[id: 0x20ba7bd8, L:/127.0.0.1:51452 - R:localhost/127.0.0.1:17128]' for 'GET' to 'http://localhost:17128/session/5f533e7c02ddefbc887b61dfd3818ad0/element/7efcf725-6c9a-44c1-8131-c21de84b6820/name'
14:03:36.929 [Forwarding getElementTagName on session 5f533e7c02ddefbc887b61dfd3818ad0 to remote] DEBUG org.asynchttpclient.netty.request.NettyRequestSender - Using open Channel [id: 0x20ba7bd8, L:/127.0.0.1:51452 - R:localhost/127.0.0.1:17128] for GET '/session/5f533e7c02ddefbc887b61dfd3818ad0/element/7efcf725-6c9a-44c1-8131-c21de84b6820/name'
14:03:36.933 [AsyncHttpClient-1-1] DEBUG org.asynchttpclient.netty.channel.DefaultChannelPool - Entry count for : http://localhost:51453 : 1
14:03:36.936 [AsyncHttpClient-1-3] DEBUG org.asynchttpclient.netty.handler.HttpHandler - 

Request DefaultFullHttpRequest(decodeResult: success, version: HTTP/1.1, content: EmptyByteBufBE)
GET /session/5f533e7c02ddefbc887b61dfd3818ad0/element/7efcf725-6c9a-44c1-8131-c21de84b6820/name HTTP/1.1
User-Agent: selenium/4.8.1 (java windows)
Cache-Control: no-cache
Content-Type: application/json; charset=utf-8
host: localhost:17128
accept: */*

Response DefaultHttpResponse(decodeResult: success, version: HTTP/1.1)
HTTP/1.1 200 OK
Content-Length: 15
Content-Type: application/json; charset=utf-8
cache-control: no-cache

14:03:36.936 [AsyncHttpClient-1-3] DEBUG org.asynchttpclient.netty.channel.ChannelManager - Adding key: http://localhost:17128 for channel [id: 0x20ba7bd8, L:/127.0.0.1:51452 - R:localhost/127.0.0.1:17128]
14:03:36.937 [Forwarding getElementTagName on session 5f533e7c02ddefbc887b61dfd3818ad0 to remote] DEBUG org.asynchttpclient.netty.request.NettyRequestSender - Using pooled Channel '[id: 0x20ba7bd8, L:/127.0.0.1:51452 - R:localhost/127.0.0.1:17128]' for 'GET' to 'http://localhost:17128/session/5f533e7c02ddefbc887b61dfd3818ad0/element/7efcf725-6c9a-44c1-8131-c21de84b6820/name'
14:03:36.937 [Forwarding getElementTagName on session 5f533e7c02ddefbc887b61dfd3818ad0 to remote] DEBUG org.asynchttpclient.netty.request.NettyRequestSender - Using open Channel [id: 0x20ba7bd8, L:/127.0.0.1:51452 - R:localhost/127.0.0.1:17128] for GET '/session/5f533e7c02ddefbc887b61dfd3818ad0/element/7efcf725-6c9a-44c1-8131-c21de84b6820/name'
14:03:36.942 [AsyncHttpClient-1-3] DEBUG org.asynchttpclient.netty.handler.HttpHandler - 

Request DefaultFullHttpRequest(decodeResult: success, version: HTTP/1.1, content: EmptyByteBufBE)
GET /session/5f533e7c02ddefbc887b61dfd3818ad0/element/7efcf725-6c9a-44c1-8131-c21de84b6820/name HTTP/1.1
User-Agent: selenium/4.8.1 (java windows)
Cache-Control: no-cache
Content-Type: application/json; charset=utf-8
host: localhost:17128
accept: */*

Response DefaultHttpResponse(decodeResult: success, version: HTTP/1.1)
HTTP/1.1 200 OK
Content-Length: 15
Content-Type: application/json; charset=utf-8
cache-control: no-cache

14:03:36.942 [AsyncHttpClient-1-3] DEBUG org.asynchttpclient.netty.channel.ChannelManager - Adding key: http://localhost:17128 for channel [id: 0x20ba7bd8, L:/127.0.0.1:51452 - R:localhost/127.0.0.1:17128]
14:03:36.947 [Forwarding findElement on session 5f533e7c02ddefbc887b61dfd3818ad0 to remote] DEBUG org.asynchttpclient.netty.request.NettyRequestSender - Using pooled Channel '[id: 0x20ba7bd8, L:/127.0.0.1:51452 - R:localhost/127.0.0.1:17128]' for 'POST' to 'http://localhost:17128/session/5f533e7c02ddefbc887b61dfd3818ad0/element'
14:03:36.948 [Forwarding findElement on session 5f533e7c02ddefbc887b61dfd3818ad0 to remote] DEBUG org.asynchttpclient.netty.request.NettyRequestSender - Using open Channel [id: 0x20ba7bd8, L:/127.0.0.1:51452 - R:localhost/127.0.0.1:17128] for POST '/session/5f533e7c02ddefbc887b61dfd3818ad0/element'
14:03:36.962 [AsyncHttpClient-1-3] DEBUG org.asynchttpclient.netty.handler.HttpHandler - 

Request DefaultHttpRequest(decodeResult: success, version: HTTP/1.1)
POST /session/5f533e7c02ddefbc887b61dfd3818ad0/element HTTP/1.1
User-Agent: selenium/4.8.1 (java windows)
Content-Length: 59
Content-Type: application/json; charset=utf-8
host: localhost:17128
accept: */*

Response DefaultHttpResponse(decodeResult: success, version: HTTP/1.1)
HTTP/1.1 200 OK
Content-Length: 88
Content-Type: application/json; charset=utf-8
cache-control: no-cache

14:03:36.962 [AsyncHttpClient-1-3] DEBUG org.asynchttpclient.netty.channel.ChannelManager - Adding key: http://localhost:17128 for channel [id: 0x20ba7bd8, L:/127.0.0.1:51452 - R:localhost/127.0.0.1:17128]
14:03:36.964 [Forwarding clickElement on session 5f533e7c02ddefbc887b61dfd3818ad0 to remote] DEBUG org.asynchttpclient.netty.request.NettyRequestSender - Using pooled Channel '[id: 0x20ba7bd8, L:/127.0.0.1:51452 - R:localhost/127.0.0.1:17128]' for 'POST' to 'http://localhost:17128/session/5f533e7c02ddefbc887b61dfd3818ad0/element/7efcf725-6c9a-44c1-8131-c21de84b6820/click'
14:03:36.964 [Forwarding clickElement on session 5f533e7c02ddefbc887b61dfd3818ad0 to remote] DEBUG org.asynchttpclient.netty.request.NettyRequestSender - Using open Channel [id: 0x20ba7bd8, L:/127.0.0.1:51452 - R:localhost/127.0.0.1:17128] for POST '/session/5f533e7c02ddefbc887b61dfd3818ad0/element/7efcf725-6c9a-44c1-8131-c21de84b6820/click'
14:03:38.034 [AsyncHttpClient-1-1] DEBUG org.asynchttpclient.netty.channel.DefaultChannelPool - Entry count for : http://localhost:51453 : 1
14:03:38.045 [AsyncHttpClient-1-3] DEBUG org.asynchttpclient.netty.handler.HttpHandler - 

Request DefaultHttpRequest(decodeResult: success, version: HTTP/1.1)
POST /session/5f533e7c02ddefbc887b61dfd3818ad0/element/7efcf725-6c9a-44c1-8131-c21de84b6820/click HTTP/1.1
User-Agent: selenium/4.8.1 (java windows)
Content-Length: 50
Content-Type: application/json; charset=utf-8
host: localhost:17128
accept: */*

Response DefaultHttpResponse(decodeResult: success, version: HTTP/1.1)
HTTP/1.1 400 Bad Request
Content-Length: 1286
Content-Type: application/json; charset=utf-8
cache-control: no-cache

14:03:38.045 [AsyncHttpClient-1-3] DEBUG org.asynchttpclient.netty.channel.ChannelManager - Adding key: http://localhost:17128 for channel [id: 0x20ba7bd8, L:/127.0.0.1:51452 - R:localhost/127.0.0.1:17128]
14:03:38.310 [Forwarding clickElement on session 5f533e7c02ddefbc887b61dfd3818ad0 to remote] DEBUG org.asynchttpclient.netty.request.NettyRequestSender - Using pooled Channel '[id: 0x20ba7bd8, L:/127.0.0.1:51452 - R:localhost/127.0.0.1:17128]' for 'POST' to 'http://localhost:17128/session/5f533e7c02ddefbc887b61dfd3818ad0/element/7efcf725-6c9a-44c1-8131-c21de84b6820/click'
14:03:38.310 [Forwarding clickElement on session 5f533e7c02ddefbc887b61dfd3818ad0 to remote] DEBUG org.asynchttpclient.netty.request.NettyRequestSender - Using open Channel [id: 0x20ba7bd8, L:/127.0.0.1:51452 - R:localhost/127.0.0.1:17128] for POST '/session/5f533e7c02ddefbc887b61dfd3818ad0/element/7efcf725-6c9a-44c1-8131-c21de84b6820/click'
14:03:38.561 [AsyncHttpClient-1-3] DEBUG org.asynchttpclient.netty.handler.HttpHandler - 

Request DefaultHttpRequest(decodeResult: success, version: HTTP/1.1)
POST /session/5f533e7c02ddefbc887b61dfd3818ad0/element/7efcf725-6c9a-44c1-8131-c21de84b6820/click HTTP/1.1
User-Agent: selenium/4.8.1 (java windows)
Content-Length: 50
Content-Type: application/json; charset=utf-8
host: localhost:17128
accept: */*

Response DefaultHttpResponse(decodeResult: success, version: HTTP/1.1)
HTTP/1.1 200 OK
Content-Length: 14
Content-Type: application/json; charset=utf-8
cache-control: no-cache

14:03:38.561 [AsyncHttpClient-1-3] DEBUG org.asynchttpclient.netty.channel.ChannelManager - Adding key: http://localhost:17128 for channel [id: 0x20ba7bd8, L:/127.0.0.1:51452 - R:localhost/127.0.0.1:17128]
14:03:38.575 [Forwarding getAlertText on session 5f533e7c02ddefbc887b61dfd3818ad0 to remote] DEBUG org.asynchttpclient.netty.request.NettyRequestSender - Using pooled Channel '[id: 0x20ba7bd8, L:/127.0.0.1:51452 - R:localhost/127.0.0.1:17128]' for 'GET' to 'http://localhost:17128/session/5f533e7c02ddefbc887b61dfd3818ad0/alert/text'
14:03:38.575 [Forwarding getAlertText on session 5f533e7c02ddefbc887b61dfd3818ad0 to remote] DEBUG org.asynchttpclient.netty.request.NettyRequestSender - Using open Channel [id: 0x20ba7bd8, L:/127.0.0.1:51452 - R:localhost/127.0.0.1:17128] for GET '/session/5f533e7c02ddefbc887b61dfd3818ad0/alert/text'
14:03:38.640 [AsyncHttpClient-1-3] DEBUG org.asynchttpclient.netty.handler.HttpHandler - 

Request DefaultFullHttpRequest(decodeResult: success, version: HTTP/1.1, content: EmptyByteBufBE)
GET /session/5f533e7c02ddefbc887b61dfd3818ad0/alert/text HTTP/1.1
User-Agent: selenium/4.8.1 (java windows)
Cache-Control: no-cache
Content-Type: application/json; charset=utf-8
host: localhost:17128
accept: */*

Response DefaultHttpResponse(decodeResult: success, version: HTTP/1.1)
HTTP/1.1 404 Not Found
Content-Length: 836
Content-Type: application/json; charset=utf-8
cache-control: no-cache

14:03:38.640 [AsyncHttpClient-1-3] DEBUG org.asynchttpclient.netty.channel.ChannelManager - Adding key: http://localhost:17128 for channel [id: 0x20ba7bd8, L:/127.0.0.1:51452 - R:localhost/127.0.0.1:17128]
14:03:38.642 [Forwarding getCurrentUrl on session 5f533e7c02ddefbc887b61dfd3818ad0 to remote] DEBUG org.asynchttpclient.netty.request.NettyRequestSender - Using pooled Channel '[id: 0x20ba7bd8, L:/127.0.0.1:51452 - R:localhost/127.0.0.1:17128]' for 'GET' to 'http://localhost:17128/session/5f533e7c02ddefbc887b61dfd3818ad0/url'
14:03:38.642 [Forwarding getCurrentUrl on session 5f533e7c02ddefbc887b61dfd3818ad0 to remote] DEBUG org.asynchttpclient.netty.request.NettyRequestSender - Using open Channel [id: 0x20ba7bd8, L:/127.0.0.1:51452 - R:localhost/127.0.0.1:17128] for GET '/session/5f533e7c02ddefbc887b61dfd3818ad0/url'
14:03:38.688 [AsyncHttpClient-1-3] DEBUG org.asynchttpclient.netty.handler.HttpHandler - 

Request DefaultFullHttpRequest(decodeResult: success, version: HTTP/1.1, content: EmptyByteBufBE)
GET /session/5f533e7c02ddefbc887b61dfd3818ad0/url HTTP/1.1
User-Agent: selenium/4.8.1 (java windows)
Cache-Control: no-cache
Content-Type: application/json; charset=utf-8
host: localhost:17128
accept: */*

Response DefaultHttpResponse(decodeResult: success, version: HTTP/1.1)
HTTP/1.1 200 OK
Content-Length: 53
Content-Type: application/json; charset=utf-8
cache-control: no-cache

14:03:38.689 [AsyncHttpClient-1-3] DEBUG org.asynchttpclient.netty.channel.ChannelManager - Adding key: http://localhost:17128 for channel [id: 0x20ba7bd8, L:/127.0.0.1:51452 - R:localhost/127.0.0.1:17128]
14:03:38.690 [Forwarding screenshot on session 5f533e7c02ddefbc887b61dfd3818ad0 to remote] DEBUG org.asynchttpclient.netty.request.NettyRequestSender - Using pooled Channel '[id: 0x20ba7bd8, L:/127.0.0.1:51452 - R:localhost/127.0.0.1:17128]' for 'GET' to 'http://localhost:17128/session/5f533e7c02ddefbc887b61dfd3818ad0/screenshot'
14:03:38.690 [Forwarding screenshot on session 5f533e7c02ddefbc887b61dfd3818ad0 to remote] DEBUG org.asynchttpclient.netty.request.NettyRequestSender - Using open Channel [id: 0x20ba7bd8, L:/127.0.0.1:51452 - R:localhost/127.0.0.1:17128] for GET '/session/5f533e7c02ddefbc887b61dfd3818ad0/screenshot'
14:03:38.930 [AsyncHttpClient-1-3] DEBUG org.asynchttpclient.netty.handler.HttpHandler - 

Request DefaultFullHttpRequest(decodeResult: success, version: HTTP/1.1, content: EmptyByteBufBE)
GET /session/5f533e7c02ddefbc887b61dfd3818ad0/screenshot HTTP/1.1
User-Agent: selenium/4.8.1 (java windows)
Cache-Control: no-cache
Content-Type: application/json; charset=utf-8
host: localhost:17128
accept: */*

Response DefaultHttpResponse(decodeResult: success, version: HTTP/1.1)
HTTP/1.1 200 OK
Content-Length: 164340
Content-Type: application/json; charset=utf-8
cache-control: no-cache

14:03:38.931 [AsyncHttpClient-1-3] DEBUG org.asynchttpclient.netty.channel.ChannelManager - Adding key: http://localhost:17128 for channel [id: 0x20ba7bd8, L:/127.0.0.1:51452 - R:localhost/127.0.0.1:17128]
14:03:38.937 [main] DEBUG net.serenitybdd.core.photography.Darkroom - Send negative for processing for target\site\serenity\407ac44dda64f8e2c5dbaf47c2120091ccefaa30023c91887fda1efe6f32ed02.png
14:03:38.937 [main] DEBUG net.thucydides.core.steps.StepInterceptor - STEP DONE: pulsaButton
  &amp#27;[32mWhen &amp#27;[0m&amp#27;[32mI click the Pulsa button&amp#27;[0m                                              &amp#27;[90m# starter.stepdefinition.ProductSteps.clickThePulsaButton()&amp#27;[0m
14:03:38.957 [Forwarding getPageSource on session 5f533e7c02ddefbc887b61dfd3818ad0 to remote] DEBUG org.asynchttpclient.netty.request.NettyRequestSender - Using pooled Channel '[id: 0x20ba7bd8, L:/127.0.0.1:51452 - R:localhost/127.0.0.1:17128]' for 'POST' to 'http://localhost:17128/session/5f533e7c02ddefbc887b61dfd3818ad0/execute/sync'
14:03:38.957 [Forwarding getPageSource on session 5f533e7c02ddefbc887b61dfd3818ad0 to remote] DEBUG org.asynchttpclient.netty.request.NettyRequestSender - Using open Channel [id: 0x20ba7bd8, L:/127.0.0.1:51452 - R:localhost/127.0.0.1:17128] for POST '/session/5f533e7c02ddefbc887b61dfd3818ad0/execute/sync'
14:03:38.975 [AsyncHttpClient-1-3] DEBUG org.asynchttpclient.netty.handler.HttpHandler - 

Request DefaultHttpRequest(decodeResult: success, version: HTTP/1.1)
POST /session/5f533e7c02ddefbc887b61dfd3818ad0/execute/sync HTTP/1.1
User-Agent: selenium/4.8.1 (java windows)
Content-Length: 176
Content-Type: application/json; charset=utf-8
host: localhost:17128
accept: */*

Response DefaultHttpResponse(decodeResult: success, version: HTTP/1.1)
HTTP/1.1 200 OK
Content-Length: 156018
Content-Type: application/json; charset=utf-8
cache-control: no-cache

14:03:38.975 [AsyncHttpClient-1-3] DEBUG org.asynchttpclient.netty.channel.ChannelManager - Adding key: http://localhost:17128 for channel [id: 0x20ba7bd8, L:/127.0.0.1:51452 - R:localhost/127.0.0.1:17128]
14:03:38.991 [Forwarding getCurrentUrl on session 5f533e7c02ddefbc887b61dfd3818ad0 to remote] DEBUG org.asynchttpclient.netty.request.NettyRequestSender - Using pooled Channel '[id: 0x20ba7bd8, L:/127.0.0.1:51452 - R:localhost/127.0.0.1:17128]' for 'GET' to 'http://localhost:17128/session/5f533e7c02ddefbc887b61dfd3818ad0/url'
14:03:38.991 [Forwarding getCurrentUrl on session 5f533e7c02ddefbc887b61dfd3818ad0 to remote] DEBUG org.asynchttpclient.netty.request.NettyRequestSender - Using open Channel [id: 0x20ba7bd8, L:/127.0.0.1:51452 - R:localhost/127.0.0.1:17128] for GET '/session/5f533e7c02ddefbc887b61dfd3818ad0/url'
14:03:38.995 [AsyncHttpClient-1-3] DEBUG org.asynchttpclient.netty.handler.HttpHandler - 

Request DefaultFullHttpRequest(decodeResult: success, version: HTTP/1.1, content: EmptyByteBufBE)
GET /session/5f533e7c02ddefbc887b61dfd3818ad0/url HTTP/1.1
User-Agent: selenium/4.8.1 (java windows)
Cache-Control: no-cache
Content-Type: application/json; charset=utf-8
host: localhost:17128
accept: */*

Response DefaultHttpResponse(decodeResult: success, version: HTTP/1.1)
HTTP/1.1 200 OK
Content-Length: 53
Content-Type: application/json; charset=utf-8
cache-control: no-cache

14:03:38.995 [AsyncHttpClient-1-3] DEBUG org.asynchttpclient.netty.channel.ChannelManager - Adding key: http://localhost:17128 for channel [id: 0x20ba7bd8, L:/127.0.0.1:51452 - R:localhost/127.0.0.1:17128]
14:03:39.008 [Forwarding getAlertText on session 5f533e7c02ddefbc887b61dfd3818ad0 to remote] DEBUG org.asynchttpclient.netty.request.NettyRequestSender - Using pooled Channel '[id: 0x20ba7bd8, L:/127.0.0.1:51452 - R:localhost/127.0.0.1:17128]' for 'GET' to 'http://localhost:17128/session/5f533e7c02ddefbc887b61dfd3818ad0/alert/text'
14:03:39.008 [Forwarding getAlertText on session 5f533e7c02ddefbc887b61dfd3818ad0 to remote] DEBUG org.asynchttpclient.netty.request.NettyRequestSender - Using open Channel [id: 0x20ba7bd8, L:/127.0.0.1:51452 - R:localhost/127.0.0.1:17128] for GET '/session/5f533e7c02ddefbc887b61dfd3818ad0/alert/text'
14:03:39.010 [AsyncHttpClient-1-3] DEBUG org.asynchttpclient.netty.handler.HttpHandler - 

Request DefaultFullHttpRequest(decodeResult: success, version: HTTP/1.1, content: EmptyByteBufBE)
GET /session/5f533e7c02ddefbc887b61dfd3818ad0/alert/text HTTP/1.1
User-Agent: selenium/4.8.1 (java windows)
Cache-Control: no-cache
Content-Type: application/json; charset=utf-8
host: localhost:17128
accept: */*

Response DefaultHttpResponse(decodeResult: success, version: HTTP/1.1)
HTTP/1.1 404 Not Found
Content-Length: 836
Content-Type: application/json; charset=utf-8
cache-control: no-cache

14:03:39.010 [AsyncHttpClient-1-3] DEBUG org.asynchttpclient.netty.channel.ChannelManager - Adding key: http://localhost:17128 for channel [id: 0x20ba7bd8, L:/127.0.0.1:51452 - R:localhost/127.0.0.1:17128]
14:03:39.012 [Forwarding getCurrentUrl on session 5f533e7c02ddefbc887b61dfd3818ad0 to remote] DEBUG org.asynchttpclient.netty.request.NettyRequestSender - Using pooled Channel '[id: 0x20ba7bd8, L:/127.0.0.1:51452 - R:localhost/127.0.0.1:17128]' for 'GET' to 'http://localhost:17128/session/5f533e7c02ddefbc887b61dfd3818ad0/url'
14:03:39.012 [Forwarding getCurrentUrl on session 5f533e7c02ddefbc887b61dfd3818ad0 to remote] DEBUG org.asynchttpclient.netty.request.NettyRequestSender - Using open Channel [id: 0x20ba7bd8, L:/127.0.0.1:51452 - R:localhost/127.0.0.1:17128] for GET '/session/5f533e7c02ddefbc887b61dfd3818ad0/url'
14:03:39.016 [AsyncHttpClient-1-3] DEBUG org.asynchttpclient.netty.handler.HttpHandler - 

Request DefaultFullHttpRequest(decodeResult: success, version: HTTP/1.1, content: EmptyByteBufBE)
GET /session/5f533e7c02ddefbc887b61dfd3818ad0/url HTTP/1.1
User-Agent: selenium/4.8.1 (java windows)
Cache-Control: no-cache
Content-Type: application/json; charset=utf-8
host: localhost:17128
accept: */*

Response DefaultHttpResponse(decodeResult: success, version: HTTP/1.1)
HTTP/1.1 200 OK
Content-Length: 53
Content-Type: application/json; charset=utf-8
cache-control: no-cache

14:03:39.017 [AsyncHttpClient-1-3] DEBUG org.asynchttpclient.netty.channel.ChannelManager - Adding key: http://localhost:17128 for channel [id: 0x20ba7bd8, L:/127.0.0.1:51452 - R:localhost/127.0.0.1:17128]
14:03:39.019 [Forwarding screenshot on session 5f533e7c02ddefbc887b61dfd3818ad0 to remote] DEBUG org.asynchttpclient.netty.request.NettyRequestSender - Using pooled Channel '[id: 0x20ba7bd8, L:/127.0.0.1:51452 - R:localhost/127.0.0.1:17128]' for 'GET' to 'http://localhost:17128/session/5f533e7c02ddefbc887b61dfd3818ad0/screenshot'
14:03:39.019 [Forwarding screenshot on session 5f533e7c02ddefbc887b61dfd3818ad0 to remote] DEBUG org.asynchttpclient.netty.request.NettyRequestSender - Using open Channel [id: 0x20ba7bd8, L:/127.0.0.1:51452 - R:localhost/127.0.0.1:17128] for GET '/session/5f533e7c02ddefbc887b61dfd3818ad0/screenshot'
14:03:39.139 [AsyncHttpClient-1-1] DEBUG org.asynchttpclient.netty.channel.DefaultChannelPool - Entry count for : http://localhost:51453 : 1
14:03:39.217 [AsyncHttpClient-1-3] DEBUG org.asynchttpclient.netty.handler.HttpHandler - 

Request DefaultFullHttpRequest(decodeResult: success, version: HTTP/1.1, content: EmptyByteBufBE)
GET /session/5f533e7c02ddefbc887b61dfd3818ad0/screenshot HTTP/1.1
User-Agent: selenium/4.8.1 (java windows)
Cache-Control: no-cache
Content-Type: application/json; charset=utf-8
host: localhost:17128
accept: */*

Response DefaultHttpResponse(decodeResult: success, version: HTTP/1.1)
HTTP/1.1 200 OK
Content-Length: 164340
Content-Type: application/json; charset=utf-8
cache-control: no-cache

14:03:39.218 [AsyncHttpClient-1-3] DEBUG org.asynchttpclient.netty.channel.ChannelManager - Adding key: http://localhost:17128 for channel [id: 0x20ba7bd8, L:/127.0.0.1:51452 - R:localhost/127.0.0.1:17128]
14:03:39.224 [main] DEBUG net.serenitybdd.core.photography.Darkroom - Send negative for processing for target\site\serenity\407ac44dda64f8e2c5dbaf47c2120091ccefaa30023c91887fda1efe6f32ed02.png
14:03:39.226 [Forwarding getPageSource on session 5f533e7c02ddefbc887b61dfd3818ad0 to remote] DEBUG org.asynchttpclient.netty.request.NettyRequestSender - Using pooled Channel '[id: 0x20ba7bd8, L:/127.0.0.1:51452 - R:localhost/127.0.0.1:17128]' for 'POST' to 'http://localhost:17128/session/5f533e7c02ddefbc887b61dfd3818ad0/execute/sync'
14:03:39.226 [Forwarding getPageSource on session 5f533e7c02ddefbc887b61dfd3818ad0 to remote] DEBUG org.asynchttpclient.netty.request.NettyRequestSender - Using open Channel [id: 0x20ba7bd8, L:/127.0.0.1:51452 - R:localhost/127.0.0.1:17128] for POST '/session/5f533e7c02ddefbc887b61dfd3818ad0/execute/sync'
14:03:39.251 [AsyncHttpClient-1-3] DEBUG org.asynchttpclient.netty.handler.HttpHandler - 

Request DefaultHttpRequest(decodeResult: success, version: HTTP/1.1)
POST /session/5f533e7c02ddefbc887b61dfd3818ad0/execute/sync HTTP/1.1
User-Agent: selenium/4.8.1 (java windows)
Content-Length: 176
Content-Type: application/json; charset=utf-8
host: localhost:17128
accept: */*

Response DefaultHttpResponse(decodeResult: success, version: HTTP/1.1)
HTTP/1.1 200 OK
Content-Length: 210881
Content-Type: application/json; charset=utf-8
cache-control: no-cache

14:03:39.252 [AsyncHttpClient-1-3] DEBUG org.asynchttpclient.netty.channel.ChannelManager - Adding key: http://localhost:17128 for channel [id: 0x20ba7bd8, L:/127.0.0.1:51452 - R:localhost/127.0.0.1:17128]
14:03:39.267 [Forwarding getCurrentUrl on session 5f533e7c02ddefbc887b61dfd3818ad0 to remote] DEBUG org.asynchttpclient.netty.request.NettyRequestSender - Using pooled Channel '[id: 0x20ba7bd8, L:/127.0.0.1:51452 - R:localhost/127.0.0.1:17128]' for 'GET' to 'http://localhost:17128/session/5f533e7c02ddefbc887b61dfd3818ad0/url'
14:03:39.267 [Forwarding getCurrentUrl on session 5f533e7c02ddefbc887b61dfd3818ad0 to remote] DEBUG org.asynchttpclient.netty.request.NettyRequestSender - Using open Channel [id: 0x20ba7bd8, L:/127.0.0.1:51452 - R:localhost/127.0.0.1:17128] for GET '/session/5f533e7c02ddefbc887b61dfd3818ad0/url'
14:03:39.275 [AsyncHttpClient-1-3] DEBUG org.asynchttpclient.netty.handler.HttpHandler - 

Request DefaultFullHttpRequest(decodeResult: success, version: HTTP/1.1, content: EmptyByteBufBE)
GET /session/5f533e7c02ddefbc887b61dfd3818ad0/url HTTP/1.1
User-Agent: selenium/4.8.1 (java windows)
Cache-Control: no-cache
Content-Type: application/json; charset=utf-8
host: localhost:17128
accept: */*

Response DefaultHttpResponse(decodeResult: success, version: HTTP/1.1)
HTTP/1.1 200 OK
Content-Length: 53
Content-Type: application/json; charset=utf-8
cache-control: no-cache

14:03:39.275 [AsyncHttpClient-1-3] DEBUG org.asynchttpclient.netty.channel.ChannelManager - Adding key: http://localhost:17128 for channel [id: 0x20ba7bd8, L:/127.0.0.1:51452 - R:localhost/127.0.0.1:17128]
14:03:39.279 [main] DEBUG net.thucydides.core.steps.StepInterceptor - STARTING STEP: ProductSteps.enter14Number - inputNumber
14:03:39.284 [Forwarding findElement on session 5f533e7c02ddefbc887b61dfd3818ad0 to remote] DEBUG org.asynchttpclient.netty.request.NettyRequestSender - Using pooled Channel '[id: 0x20ba7bd8, L:/127.0.0.1:51452 - R:localhost/127.0.0.1:17128]' for 'POST' to 'http://localhost:17128/session/5f533e7c02ddefbc887b61dfd3818ad0/element'
14:03:39.284 [Forwarding findElement on session 5f533e7c02ddefbc887b61dfd3818ad0 to remote] DEBUG org.asynchttpclient.netty.request.NettyRequestSender - Using open Channel [id: 0x20ba7bd8, L:/127.0.0.1:51452 - R:localhost/127.0.0.1:17128] for POST '/session/5f533e7c02ddefbc887b61dfd3818ad0/element'
14:03:39.300 [AsyncHttpClient-1-3] DEBUG org.asynchttpclient.netty.handler.HttpHandler - 

Request DefaultHttpRequest(decodeResult: success, version: HTTP/1.1)
POST /session/5f533e7c02ddefbc887b61dfd3818ad0/element HTTP/1.1
User-Agent: selenium/4.8.1 (java windows)
Content-Length: 57
Content-Type: application/json; charset=utf-8
host: localhost:17128
accept: */*

Response DefaultHttpResponse(decodeResult: success, version: HTTP/1.1)
HTTP/1.1 200 OK
Content-Length: 88
Content-Type: application/json; charset=utf-8
cache-control: no-cache

14:03:39.301 [AsyncHttpClient-1-3] DEBUG org.asynchttpclient.netty.channel.ChannelManager - Adding key: http://localhost:17128 for channel [id: 0x20ba7bd8, L:/127.0.0.1:51452 - R:localhost/127.0.0.1:17128]
14:03:39.306 [Forwarding clearElement on session 5f533e7c02ddefbc887b61dfd3818ad0 to remote] DEBUG org.asynchttpclient.netty.request.NettyRequestSender - Using pooled Channel '[id: 0x20ba7bd8, L:/127.0.0.1:51452 - R:localhost/127.0.0.1:17128]' for 'POST' to 'http://localhost:17128/session/5f533e7c02ddefbc887b61dfd3818ad0/element/fc162cdc-944c-49d6-9674-e491605abfcc/clear'
14:03:39.306 [Forwarding clearElement on session 5f533e7c02ddefbc887b61dfd3818ad0 to remote] DEBUG org.asynchttpclient.netty.request.NettyRequestSender - Using open Channel [id: 0x20ba7bd8, L:/127.0.0.1:51452 - R:localhost/127.0.0.1:17128] for POST '/session/5f533e7c02ddefbc887b61dfd3818ad0/element/fc162cdc-944c-49d6-9674-e491605abfcc/clear'
14:03:39.399 [AsyncHttpClient-1-3] DEBUG org.asynchttpclient.netty.handler.HttpHandler - 

Request DefaultHttpRequest(decodeResult: success, version: HTTP/1.1)
POST /session/5f533e7c02ddefbc887b61dfd3818ad0/element/fc162cdc-944c-49d6-9674-e491605abfcc/clear HTTP/1.1
User-Agent: selenium/4.8.1 (java windows)
Content-Length: 50
Content-Type: application/json; charset=utf-8
host: localhost:17128
accept: */*

Response DefaultHttpResponse(decodeResult: success, version: HTTP/1.1)
HTTP/1.1 200 OK
Content-Length: 14
Content-Type: application/json; charset=utf-8
cache-control: no-cache

14:03:39.400 [AsyncHttpClient-1-3] DEBUG org.asynchttpclient.netty.channel.ChannelManager - Adding key: http://localhost:17128 for channel [id: 0x20ba7bd8, L:/127.0.0.1:51452 - R:localhost/127.0.0.1:17128]
14:03:39.403 [Forwarding sendKeysToElement on session 5f533e7c02ddefbc887b61dfd3818ad0 to remote] DEBUG org.asynchttpclient.netty.request.NettyRequestSender - Using pooled Channel '[id: 0x20ba7bd8, L:/127.0.0.1:51452 - R:localhost/127.0.0.1:17128]' for 'POST' to 'http://localhost:17128/session/5f533e7c02ddefbc887b61dfd3818ad0/element/fc162cdc-944c-49d6-9674-e491605abfcc/value'
14:03:39.403 [Forwarding sendKeysToElement on session 5f533e7c02ddefbc887b61dfd3818ad0 to remote] DEBUG org.asynchttpclient.netty.request.NettyRequestSender - Using open Channel [id: 0x20ba7bd8, L:/127.0.0.1:51452 - R:localhost/127.0.0.1:17128] for POST '/session/5f533e7c02ddefbc887b61dfd3818ad0/element/fc162cdc-944c-49d6-9674-e491605abfcc/value'
14:03:39.795 [AsyncHttpClient-1-3] DEBUG org.asynchttpclient.netty.handler.HttpHandler - 

Request DefaultHttpRequest(decodeResult: success, version: HTTP/1.1)
POST /session/5f533e7c02ddefbc887b61dfd3818ad0/element/fc162cdc-944c-49d6-9674-e491605abfcc/value HTTP/1.1
User-Agent: selenium/4.8.1 (java windows)
Content-Length: 211
Content-Type: application/json; charset=utf-8
host: localhost:17128
accept: */*

Response DefaultHttpResponse(decodeResult: success, version: HTTP/1.1)
HTTP/1.1 200 OK
Content-Length: 14
Content-Type: application/json; charset=utf-8
cache-control: no-cache

14:03:39.795 [AsyncHttpClient-1-3] DEBUG org.asynchttpclient.netty.channel.ChannelManager - Adding key: http://localhost:17128 for channel [id: 0x20ba7bd8, L:/127.0.0.1:51452 - R:localhost/127.0.0.1:17128]
14:03:39.807 [Forwarding getAlertText on session 5f533e7c02ddefbc887b61dfd3818ad0 to remote] DEBUG org.asynchttpclient.netty.request.NettyRequestSender - Using pooled Channel '[id: 0x20ba7bd8, L:/127.0.0.1:51452 - R:localhost/127.0.0.1:17128]' for 'GET' to 'http://localhost:17128/session/5f533e7c02ddefbc887b61dfd3818ad0/alert/text'
14:03:39.807 [Forwarding getAlertText on session 5f533e7c02ddefbc887b61dfd3818ad0 to remote] DEBUG org.asynchttpclient.netty.request.NettyRequestSender - Using open Channel [id: 0x20ba7bd8, L:/127.0.0.1:51452 - R:localhost/127.0.0.1:17128] for GET '/session/5f533e7c02ddefbc887b61dfd3818ad0/alert/text'
14:03:39.809 [AsyncHttpClient-1-3] DEBUG org.asynchttpclient.netty.handler.HttpHandler - 

Request DefaultFullHttpRequest(decodeResult: success, version: HTTP/1.1, content: EmptyByteBufBE)
GET /session/5f533e7c02ddefbc887b61dfd3818ad0/alert/text HTTP/1.1
User-Agent: selenium/4.8.1 (java windows)
Cache-Control: no-cache
Content-Type: application/json; charset=utf-8
host: localhost:17128
accept: */*

Response DefaultHttpResponse(decodeResult: success, version: HTTP/1.1)
HTTP/1.1 404 Not Found
Content-Length: 836
Content-Type: application/json; charset=utf-8
cache-control: no-cache

14:03:39.809 [AsyncHttpClient-1-3] DEBUG org.asynchttpclient.netty.channel.ChannelManager - Adding key: http://localhost:17128 for channel [id: 0x20ba7bd8, L:/127.0.0.1:51452 - R:localhost/127.0.0.1:17128]
14:03:39.811 [Forwarding getCurrentUrl on session 5f533e7c02ddefbc887b61dfd3818ad0 to remote] DEBUG org.asynchttpclient.netty.request.NettyRequestSender - Using pooled Channel '[id: 0x20ba7bd8, L:/127.0.0.1:51452 - R:localhost/127.0.0.1:17128]' for 'GET' to 'http://localhost:17128/session/5f533e7c02ddefbc887b61dfd3818ad0/url'
14:03:39.811 [Forwarding getCurrentUrl on session 5f533e7c02ddefbc887b61dfd3818ad0 to remote] DEBUG org.asynchttpclient.netty.request.NettyRequestSender - Using open Channel [id: 0x20ba7bd8, L:/127.0.0.1:51452 - R:localhost/127.0.0.1:17128] for GET '/session/5f533e7c02ddefbc887b61dfd3818ad0/url'
14:03:39.825 [AsyncHttpClient-1-3] DEBUG org.asynchttpclient.netty.handler.HttpHandler - 

Request DefaultFullHttpRequest(decodeResult: success, version: HTTP/1.1, content: EmptyByteBufBE)
GET /session/5f533e7c02ddefbc887b61dfd3818ad0/url HTTP/1.1
User-Agent: selenium/4.8.1 (java windows)
Cache-Control: no-cache
Content-Type: application/json; charset=utf-8
host: localhost:17128
accept: */*

Response DefaultHttpResponse(decodeResult: success, version: HTTP/1.1)
HTTP/1.1 200 OK
Content-Length: 53
Content-Type: application/json; charset=utf-8
cache-control: no-cache

14:03:39.825 [AsyncHttpClient-1-3] DEBUG org.asynchttpclient.netty.channel.ChannelManager - Adding key: http://localhost:17128 for channel [id: 0x20ba7bd8, L:/127.0.0.1:51452 - R:localhost/127.0.0.1:17128]
14:03:39.826 [Forwarding screenshot on session 5f533e7c02ddefbc887b61dfd3818ad0 to remote] DEBUG org.asynchttpclient.netty.request.NettyRequestSender - Using pooled Channel '[id: 0x20ba7bd8, L:/127.0.0.1:51452 - R:localhost/127.0.0.1:17128]' for 'GET' to 'http://localhost:17128/session/5f533e7c02ddefbc887b61dfd3818ad0/screenshot'
14:03:39.826 [Forwarding screenshot on session 5f533e7c02ddefbc887b61dfd3818ad0 to remote] DEBUG org.asynchttpclient.netty.request.NettyRequestSender - Using open Channel [id: 0x20ba7bd8, L:/127.0.0.1:51452 - R:localhost/127.0.0.1:17128] for GET '/session/5f533e7c02ddefbc887b61dfd3818ad0/screenshot'
14:03:39.987 [AsyncHttpClient-1-3] DEBUG org.asynchttpclient.netty.handler.HttpHandler - 

Request DefaultFullHttpRequest(decodeResult: success, version: HTTP/1.1, content: EmptyByteBufBE)
GET /session/5f533e7c02ddefbc887b61dfd3818ad0/screenshot HTTP/1.1
User-Agent: selenium/4.8.1 (java windows)
Cache-Control: no-cache
Content-Type: application/json; charset=utf-8
host: localhost:17128
accept: */*

Response DefaultHttpResponse(decodeResult: success, version: HTTP/1.1)
HTTP/1.1 200 OK
Content-Length: 135480
Content-Type: application/json; charset=utf-8
cache-control: no-cache

14:03:39.988 [AsyncHttpClient-1-3] DEBUG org.asynchttpclient.netty.channel.ChannelManager - Adding key: http://localhost:17128 for channel [id: 0x20ba7bd8, L:/127.0.0.1:51452 - R:localhost/127.0.0.1:17128]
14:03:39.993 [main] DEBUG net.serenitybdd.core.photography.Darkroom - Send negative for processing for target\site\serenity\3fc00a17e3bd478d3adc28e63f686707cbf10002aca9577e7f60ca68d11f14d5.png
14:03:39.994 [main] DEBUG net.thucydides.core.steps.StepInterceptor - STEP DONE: inputNumber
14:03:39.994 [Darkroom Processing Line] DEBUG net.serenitybdd.core.photography.DarkroomProcessingLine - Processing screenshot image in /var/screenshots/screenshot-3314923816966140706
14:03:39.994 [Darkroom Processing Line] DEBUG net.serenitybdd.core.photography.DarkroomProcessingLine - Saving screenshot to target\site\serenity\3fc00a17e3bd478d3adc28e63f686707cbf10002aca9577e7f60ca68d11f14d5.png
14:03:40.003 [Forwarding getPageSource on session 5f533e7c02ddefbc887b61dfd3818ad0 to remote] DEBUG org.asynchttpclient.netty.request.NettyRequestSender - Using pooled Channel '[id: 0x20ba7bd8, L:/127.0.0.1:51452 - R:localhost/127.0.0.1:17128]' for 'POST' to 'http://localhost:17128/session/5f533e7c02ddefbc887b61dfd3818ad0/execute/sync'
14:03:40.004 [Forwarding getPageSource on session 5f533e7c02ddefbc887b61dfd3818ad0 to remote] DEBUG org.asynchttpclient.netty.request.NettyRequestSender - Using open Channel [id: 0x20ba7bd8, L:/127.0.0.1:51452 - R:localhost/127.0.0.1:17128] for POST '/session/5f533e7c02ddefbc887b61dfd3818ad0/execute/sync'
14:03:40.021 [AsyncHttpClient-1-3] DEBUG org.asynchttpclient.netty.handler.HttpHandler - 

Request DefaultHttpRequest(decodeResult: success, version: HTTP/1.1)
POST /session/5f533e7c02ddefbc887b61dfd3818ad0/execute/sync HTTP/1.1
User-Agent: selenium/4.8.1 (java windows)
Content-Length: 176
Content-Type: application/json; charset=utf-8
host: localhost:17128
accept: */*

Response DefaultHttpResponse(decodeResult: success, version: HTTP/1.1)
HTTP/1.1 200 OK
Content-Length: 151930
Content-Type: application/json; charset=utf-8
cache-control: no-cache

14:03:40.023 [AsyncHttpClient-1-3] DEBUG org.asynchttpclient.netty.channel.ChannelManager - Adding key: http://localhost:17128 for channel [id: 0x20ba7bd8, L:/127.0.0.1:51452 - R:localhost/127.0.0.1:17128]
14:03:40.034 [Forwarding getCurrentUrl on session 5f533e7c02ddefbc887b61dfd3818ad0 to remote] DEBUG org.asynchttpclient.netty.request.NettyRequestSender - Using pooled Channel '[id: 0x20ba7bd8, L:/127.0.0.1:51452 - R:localhost/127.0.0.1:17128]' for 'GET' to 'http://localhost:17128/session/5f533e7c02ddefbc887b61dfd3818ad0/url'
14:03:40.034 [Forwarding getCurrentUrl on session 5f533e7c02ddefbc887b61dfd3818ad0 to remote] DEBUG org.asynchttpclient.netty.request.NettyRequestSender - Using open Channel [id: 0x20ba7bd8, L:/127.0.0.1:51452 - R:localhost/127.0.0.1:17128] for GET '/session/5f533e7c02ddefbc887b61dfd3818ad0/url'
14:03:40.038 [AsyncHttpClient-1-3] DEBUG org.asynchttpclient.netty.handler.HttpHandler - 

Request DefaultFullHttpRequest(decodeResult: success, version: HTTP/1.1, content: EmptyByteBufBE)
GET /session/5f533e7c02ddefbc887b61dfd3818ad0/url HTTP/1.1
User-Agent: selenium/4.8.1 (java windows)
Cache-Control: no-cache
Content-Type: application/json; charset=utf-8
host: localhost:17128
accept: */*

Response DefaultHttpResponse(decodeResult: success, version: HTTP/1.1)
HTTP/1.1 200 OK
Content-Length: 53
Content-Type: application/json; charset=utf-8
cache-control: no-cache

14:03:40.038 [AsyncHttpClient-1-3] DEBUG org.asynchttpclient.netty.channel.ChannelManager - Adding key: http://localhost:17128 for channel [id: 0x20ba7bd8, L:/127.0.0.1:51452 - R:localhost/127.0.0.1:17128]
14:03:40.041 [main] DEBUG net.thucydides.core.steps.StepInterceptor - STARTING STEP: ProductSteps.enter14Number - inputNumber
14:03:40.044 [Forwarding findElement on session 5f533e7c02ddefbc887b61dfd3818ad0 to remote] DEBUG org.asynchttpclient.netty.request.NettyRequestSender - Using pooled Channel '[id: 0x20ba7bd8, L:/127.0.0.1:51452 - R:localhost/127.0.0.1:17128]' for 'POST' to 'http://localhost:17128/session/5f533e7c02ddefbc887b61dfd3818ad0/element'
14:03:40.044 [Forwarding findElement on session 5f533e7c02ddefbc887b61dfd3818ad0 to remote] DEBUG org.asynchttpclient.netty.request.NettyRequestSender - Using open Channel [id: 0x20ba7bd8, L:/127.0.0.1:51452 - R:localhost/127.0.0.1:17128] for POST '/session/5f533e7c02ddefbc887b61dfd3818ad0/element'
14:03:40.055 [AsyncHttpClient-1-3] DEBUG org.asynchttpclient.netty.handler.HttpHandler - 

Request DefaultHttpRequest(decodeResult: success, version: HTTP/1.1)
POST /session/5f533e7c02ddefbc887b61dfd3818ad0/element HTTP/1.1
User-Agent: selenium/4.8.1 (java windows)
Content-Length: 57
Content-Type: application/json; charset=utf-8
host: localhost:17128
accept: */*

Response DefaultHttpResponse(decodeResult: success, version: HTTP/1.1)
HTTP/1.1 200 OK
Content-Length: 88
Content-Type: application/json; charset=utf-8
cache-control: no-cache

14:03:40.055 [AsyncHttpClient-1-3] DEBUG org.asynchttpclient.netty.channel.ChannelManager - Adding key: http://localhost:17128 for channel [id: 0x20ba7bd8, L:/127.0.0.1:51452 - R:localhost/127.0.0.1:17128]
14:03:40.057 [Forwarding clearElement on session 5f533e7c02ddefbc887b61dfd3818ad0 to remote] DEBUG org.asynchttpclient.netty.request.NettyRequestSender - Using pooled Channel '[id: 0x20ba7bd8, L:/127.0.0.1:51452 - R:localhost/127.0.0.1:17128]' for 'POST' to 'http://localhost:17128/session/5f533e7c02ddefbc887b61dfd3818ad0/element/fc162cdc-944c-49d6-9674-e491605abfcc/clear'
14:03:40.057 [Forwarding clearElement on session 5f533e7c02ddefbc887b61dfd3818ad0 to remote] DEBUG org.asynchttpclient.netty.request.NettyRequestSender - Using open Channel [id: 0x20ba7bd8, L:/127.0.0.1:51452 - R:localhost/127.0.0.1:17128] for POST '/session/5f533e7c02ddefbc887b61dfd3818ad0/element/fc162cdc-944c-49d6-9674-e491605abfcc/clear'
14:03:40.084 [AsyncHttpClient-1-3] DEBUG org.asynchttpclient.netty.handler.HttpHandler - 

Request DefaultHttpRequest(decodeResult: success, version: HTTP/1.1)
POST /session/5f533e7c02ddefbc887b61dfd3818ad0/element/fc162cdc-944c-49d6-9674-e491605abfcc/clear HTTP/1.1
User-Agent: selenium/4.8.1 (java windows)
Content-Length: 50
Content-Type: application/json; charset=utf-8
host: localhost:17128
accept: */*

Response DefaultHttpResponse(decodeResult: success, version: HTTP/1.1)
HTTP/1.1 200 OK
Content-Length: 14
Content-Type: application/json; charset=utf-8
cache-control: no-cache

14:03:40.084 [AsyncHttpClient-1-3] DEBUG org.asynchttpclient.netty.channel.ChannelManager - Adding key: http://localhost:17128 for channel [id: 0x20ba7bd8, L:/127.0.0.1:51452 - R:localhost/127.0.0.1:17128]
14:03:40.086 [Forwarding sendKeysToElement on session 5f533e7c02ddefbc887b61dfd3818ad0 to remote] DEBUG org.asynchttpclient.netty.request.NettyRequestSender - Using pooled Channel '[id: 0x20ba7bd8, L:/127.0.0.1:51452 - R:localhost/127.0.0.1:17128]' for 'POST' to 'http://localhost:17128/session/5f533e7c02ddefbc887b61dfd3818ad0/element/fc162cdc-944c-49d6-9674-e491605abfcc/value'
14:03:40.086 [Forwarding sendKeysToElement on session 5f533e7c02ddefbc887b61dfd3818ad0 to remote] DEBUG org.asynchttpclient.netty.request.NettyRequestSender - Using open Channel [id: 0x20ba7bd8, L:/127.0.0.1:51452 - R:localhost/127.0.0.1:17128] for POST '/session/5f533e7c02ddefbc887b61dfd3818ad0/element/fc162cdc-944c-49d6-9674-e491605abfcc/value'
14:03:40.150 [AsyncHttpClient-1-3] DEBUG org.asynchttpclient.netty.handler.HttpHandler - 

Request DefaultHttpRequest(decodeResult: success, version: HTTP/1.1)
POST /session/5f533e7c02ddefbc887b61dfd3818ad0/element/fc162cdc-944c-49d6-9674-e491605abfcc/value HTTP/1.1
User-Agent: selenium/4.8.1 (java windows)
Content-Length: 91
Content-Type: application/json; charset=utf-8
host: localhost:17128
accept: */*

Response DefaultHttpResponse(decodeResult: success, version: HTTP/1.1)
HTTP/1.1 200 OK
Content-Length: 14
Content-Type: application/json; charset=utf-8
cache-control: no-cache

14:03:40.151 [AsyncHttpClient-1-3] DEBUG org.asynchttpclient.netty.channel.ChannelManager - Adding key: http://localhost:17128 for channel [id: 0x20ba7bd8, L:/127.0.0.1:51452 - R:localhost/127.0.0.1:17128]
14:03:40.164 [Forwarding getAlertText on session 5f533e7c02ddefbc887b61dfd3818ad0 to remote] DEBUG org.asynchttpclient.netty.request.NettyRequestSender - Using pooled Channel '[id: 0x20ba7bd8, L:/127.0.0.1:51452 - R:localhost/127.0.0.1:17128]' for 'GET' to 'http://localhost:17128/session/5f533e7c02ddefbc887b61dfd3818ad0/alert/text'
14:03:40.164 [Forwarding getAlertText on session 5f533e7c02ddefbc887b61dfd3818ad0 to remote] DEBUG org.asynchttpclient.netty.request.NettyRequestSender - Using open Channel [id: 0x20ba7bd8, L:/127.0.0.1:51452 - R:localhost/127.0.0.1:17128] for GET '/session/5f533e7c02ddefbc887b61dfd3818ad0/alert/text'
14:03:40.166 [AsyncHttpClient-1-3] DEBUG org.asynchttpclient.netty.handler.HttpHandler - 

Request DefaultFullHttpRequest(decodeResult: success, version: HTTP/1.1, content: EmptyByteBufBE)
GET /session/5f533e7c02ddefbc887b61dfd3818ad0/alert/text HTTP/1.1
User-Agent: selenium/4.8.1 (java windows)
Cache-Control: no-cache
Content-Type: application/json; charset=utf-8
host: localhost:17128
accept: */*

Response DefaultHttpResponse(decodeResult: success, version: HTTP/1.1)
HTTP/1.1 404 Not Found
Content-Length: 836
Content-Type: application/json; charset=utf-8
cache-control: no-cache

14:03:40.166 [AsyncHttpClient-1-3] DEBUG org.asynchttpclient.netty.channel.ChannelManager - Adding key: http://localhost:17128 for channel [id: 0x20ba7bd8, L:/127.0.0.1:51452 - R:localhost/127.0.0.1:17128]
14:03:40.168 [Forwarding getCurrentUrl on session 5f533e7c02ddefbc887b61dfd3818ad0 to remote] DEBUG org.asynchttpclient.netty.request.NettyRequestSender - Using pooled Channel '[id: 0x20ba7bd8, L:/127.0.0.1:51452 - R:localhost/127.0.0.1:17128]' for 'GET' to 'http://localhost:17128/session/5f533e7c02ddefbc887b61dfd3818ad0/url'
14:03:40.168 [Forwarding getCurrentUrl on session 5f533e7c02ddefbc887b61dfd3818ad0 to remote] DEBUG org.asynchttpclient.netty.request.NettyRequestSender - Using open Channel [id: 0x20ba7bd8, L:/127.0.0.1:51452 - R:localhost/127.0.0.1:17128] for GET '/session/5f533e7c02ddefbc887b61dfd3818ad0/url'
14:03:40.175 [AsyncHttpClient-1-3] DEBUG org.asynchttpclient.netty.handler.HttpHandler - 

Request DefaultFullHttpRequest(decodeResult: success, version: HTTP/1.1, content: EmptyByteBufBE)
GET /session/5f533e7c02ddefbc887b61dfd3818ad0/url HTTP/1.1
User-Agent: selenium/4.8.1 (java windows)
Cache-Control: no-cache
Content-Type: application/json; charset=utf-8
host: localhost:17128
accept: */*

Response DefaultHttpResponse(decodeResult: success, version: HTTP/1.1)
HTTP/1.1 200 OK
Content-Length: 53
Content-Type: application/json; charset=utf-8
cache-control: no-cache

14:03:40.175 [AsyncHttpClient-1-3] DEBUG org.asynchttpclient.netty.channel.ChannelManager - Adding key: http://localhost:17128 for channel [id: 0x20ba7bd8, L:/127.0.0.1:51452 - R:localhost/127.0.0.1:17128]
14:03:40.176 [Forwarding screenshot on session 5f533e7c02ddefbc887b61dfd3818ad0 to remote] DEBUG org.asynchttpclient.netty.request.NettyRequestSender - Using pooled Channel '[id: 0x20ba7bd8, L:/127.0.0.1:51452 - R:localhost/127.0.0.1:17128]' for 'GET' to 'http://localhost:17128/session/5f533e7c02ddefbc887b61dfd3818ad0/screenshot'
14:03:40.176 [Forwarding screenshot on session 5f533e7c02ddefbc887b61dfd3818ad0 to remote] DEBUG org.asynchttpclient.netty.request.NettyRequestSender - Using open Channel [id: 0x20ba7bd8, L:/127.0.0.1:51452 - R:localhost/127.0.0.1:17128] for GET '/session/5f533e7c02ddefbc887b61dfd3818ad0/screenshot'
14:03:40.232 [AsyncHttpClient-1-1] DEBUG org.asynchttpclient.netty.channel.DefaultChannelPool - Entry count for : http://localhost:51453 : 1
14:03:40.342 [AsyncHttpClient-1-3] DEBUG org.asynchttpclient.netty.handler.HttpHandler - 

Request DefaultFullHttpRequest(decodeResult: success, version: HTTP/1.1, content: EmptyByteBufBE)
GET /session/5f533e7c02ddefbc887b61dfd3818ad0/screenshot HTTP/1.1
User-Agent: selenium/4.8.1 (java windows)
Cache-Control: no-cache
Content-Type: application/json; charset=utf-8
host: localhost:17128
accept: */*

Response DefaultHttpResponse(decodeResult: success, version: HTTP/1.1)
HTTP/1.1 200 OK
Content-Length: 138284
Content-Type: application/json; charset=utf-8
cache-control: no-cache

14:03:40.343 [AsyncHttpClient-1-3] DEBUG org.asynchttpclient.netty.channel.ChannelManager - Adding key: http://localhost:17128 for channel [id: 0x20ba7bd8, L:/127.0.0.1:51452 - R:localhost/127.0.0.1:17128]
14:03:40.353 [main] DEBUG net.serenitybdd.core.photography.Darkroom - Send negative for processing for target\site\serenity\480352da72bec21ad61c6d390b489df42ffa4b179d873336b45e5cd24880ffbf.png
14:03:40.353 [main] DEBUG net.thucydides.core.steps.StepInterceptor - STEP DONE: inputNumber
  &amp#27;[32mAnd &amp#27;[0m&amp#27;[32mI enter 14 digit phone number&amp#27;[0m                                          &amp#27;[90m# starter.stepdefinition.ProductSteps.enter14Number()&amp#27;[0m
14:03:40.354 [Darkroom Processing Line] DEBUG net.serenitybdd.core.photography.DarkroomProcessingLine - Processing screenshot image in /var/screenshots/screenshot-2208471851055595919
14:03:40.354 [Darkroom Processing Line] DEBUG net.serenitybdd.core.photography.DarkroomProcessingLine - Saving screenshot to target\site\serenity\480352da72bec21ad61c6d390b489df42ffa4b179d873336b45e5cd24880ffbf.png
14:03:40.374 [Forwarding getPageSource on session 5f533e7c02ddefbc887b61dfd3818ad0 to remote] DEBUG org.asynchttpclient.netty.request.NettyRequestSender - Using pooled Channel '[id: 0x20ba7bd8, L:/127.0.0.1:51452 - R:localhost/127.0.0.1:17128]' for 'POST' to 'http://localhost:17128/session/5f533e7c02ddefbc887b61dfd3818ad0/execute/sync'
14:03:40.374 [Forwarding getPageSource on session 5f533e7c02ddefbc887b61dfd3818ad0 to remote] DEBUG org.asynchttpclient.netty.request.NettyRequestSender - Using open Channel [id: 0x20ba7bd8, L:/127.0.0.1:51452 - R:localhost/127.0.0.1:17128] for POST '/session/5f533e7c02ddefbc887b61dfd3818ad0/execute/sync'
14:03:40.394 [AsyncHttpClient-1-3] DEBUG org.asynchttpclient.netty.handler.HttpHandler - 

Request DefaultHttpRequest(decodeResult: success, version: HTTP/1.1)
POST /session/5f533e7c02ddefbc887b61dfd3818ad0/execute/sync HTTP/1.1
User-Agent: selenium/4.8.1 (java windows)
Content-Length: 176
Content-Type: application/json; charset=utf-8
host: localhost:17128
accept: */*

Response DefaultHttpResponse(decodeResult: success, version: HTTP/1.1)
HTTP/1.1 200 OK
Content-Length: 152039
Content-Type: application/json; charset=utf-8
cache-control: no-cache

14:03:40.394 [AsyncHttpClient-1-3] DEBUG org.asynchttpclient.netty.channel.ChannelManager - Adding key: http://localhost:17128 for channel [id: 0x20ba7bd8, L:/127.0.0.1:51452 - R:localhost/127.0.0.1:17128]
14:03:40.418 [Forwarding getCurrentUrl on session 5f533e7c02ddefbc887b61dfd3818ad0 to remote] DEBUG org.asynchttpclient.netty.request.NettyRequestSender - Using pooled Channel '[id: 0x20ba7bd8, L:/127.0.0.1:51452 - R:localhost/127.0.0.1:17128]' for 'GET' to 'http://localhost:17128/session/5f533e7c02ddefbc887b61dfd3818ad0/url'
14:03:40.419 [Forwarding getCurrentUrl on session 5f533e7c02ddefbc887b61dfd3818ad0 to remote] DEBUG org.asynchttpclient.netty.request.NettyRequestSender - Using open Channel [id: 0x20ba7bd8, L:/127.0.0.1:51452 - R:localhost/127.0.0.1:17128] for GET '/session/5f533e7c02ddefbc887b61dfd3818ad0/url'
14:03:40.448 [AsyncHttpClient-1-3] DEBUG org.asynchttpclient.netty.handler.HttpHandler - 

Request DefaultFullHttpRequest(decodeResult: success, version: HTTP/1.1, content: EmptyByteBufBE)
GET /session/5f533e7c02ddefbc887b61dfd3818ad0/url HTTP/1.1
User-Agent: selenium/4.8.1 (java windows)
Cache-Control: no-cache
Content-Type: application/json; charset=utf-8
host: localhost:17128
accept: */*

Response DefaultHttpResponse(decodeResult: success, version: HTTP/1.1)
HTTP/1.1 200 OK
Content-Length: 53
Content-Type: application/json; charset=utf-8
cache-control: no-cache

14:03:40.448 [AsyncHttpClient-1-3] DEBUG org.asynchttpclient.netty.channel.ChannelManager - Adding key: http://localhost:17128 for channel [id: 0x20ba7bd8, L:/127.0.0.1:51452 - R:localhost/127.0.0.1:17128]
14:03:40.464 [Forwarding getAlertText on session 5f533e7c02ddefbc887b61dfd3818ad0 to remote] DEBUG org.asynchttpclient.netty.request.NettyRequestSender - Using pooled Channel '[id: 0x20ba7bd8, L:/127.0.0.1:51452 - R:localhost/127.0.0.1:17128]' for 'GET' to 'http://localhost:17128/session/5f533e7c02ddefbc887b61dfd3818ad0/alert/text'
14:03:40.464 [Forwarding getAlertText on session 5f533e7c02ddefbc887b61dfd3818ad0 to remote] DEBUG org.asynchttpclient.netty.request.NettyRequestSender - Using open Channel [id: 0x20ba7bd8, L:/127.0.0.1:51452 - R:localhost/127.0.0.1:17128] for GET '/session/5f533e7c02ddefbc887b61dfd3818ad0/alert/text'
14:03:40.474 [AsyncHttpClient-1-3] DEBUG org.asynchttpclient.netty.handler.HttpHandler - 

Request DefaultFullHttpRequest(decodeResult: success, version: HTTP/1.1, content: EmptyByteBufBE)
GET /session/5f533e7c02ddefbc887b61dfd3818ad0/alert/text HTTP/1.1
User-Agent: selenium/4.8.1 (java windows)
Cache-Control: no-cache
Content-Type: application/json; charset=utf-8
host: localhost:17128
accept: */*

Response DefaultHttpResponse(decodeResult: success, version: HTTP/1.1)
HTTP/1.1 404 Not Found
Content-Length: 836
Content-Type: application/json; charset=utf-8
cache-control: no-cache

14:03:40.474 [AsyncHttpClient-1-3] DEBUG org.asynchttpclient.netty.channel.ChannelManager - Adding key: http://localhost:17128 for channel [id: 0x20ba7bd8, L:/127.0.0.1:51452 - R:localhost/127.0.0.1:17128]
14:03:40.476 [Forwarding getCurrentUrl on session 5f533e7c02ddefbc887b61dfd3818ad0 to remote] DEBUG org.asynchttpclient.netty.request.NettyRequestSender - Using pooled Channel '[id: 0x20ba7bd8, L:/127.0.0.1:51452 - R:localhost/127.0.0.1:17128]' for 'GET' to 'http://localhost:17128/session/5f533e7c02ddefbc887b61dfd3818ad0/url'
14:03:40.476 [Forwarding getCurrentUrl on session 5f533e7c02ddefbc887b61dfd3818ad0 to remote] DEBUG org.asynchttpclient.netty.request.NettyRequestSender - Using open Channel [id: 0x20ba7bd8, L:/127.0.0.1:51452 - R:localhost/127.0.0.1:17128] for GET '/session/5f533e7c02ddefbc887b61dfd3818ad0/url'
14:03:40.490 [AsyncHttpClient-1-3] DEBUG org.asynchttpclient.netty.handler.HttpHandler - 

Request DefaultFullHttpRequest(decodeResult: success, version: HTTP/1.1, content: EmptyByteBufBE)
GET /session/5f533e7c02ddefbc887b61dfd3818ad0/url HTTP/1.1
User-Agent: selenium/4.8.1 (java windows)
Cache-Control: no-cache
Content-Type: application/json; charset=utf-8
host: localhost:17128
accept: */*

Response DefaultHttpResponse(decodeResult: success, version: HTTP/1.1)
HTTP/1.1 200 OK
Content-Length: 53
Content-Type: application/json; charset=utf-8
cache-control: no-cache

14:03:40.490 [AsyncHttpClient-1-3] DEBUG org.asynchttpclient.netty.channel.ChannelManager - Adding key: http://localhost:17128 for channel [id: 0x20ba7bd8, L:/127.0.0.1:51452 - R:localhost/127.0.0.1:17128]
14:03:40.493 [Forwarding screenshot on session 5f533e7c02ddefbc887b61dfd3818ad0 to remote] DEBUG org.asynchttpclient.netty.request.NettyRequestSender - Using pooled Channel '[id: 0x20ba7bd8, L:/127.0.0.1:51452 - R:localhost/127.0.0.1:17128]' for 'GET' to 'http://localhost:17128/session/5f533e7c02ddefbc887b61dfd3818ad0/screenshot'
14:03:40.493 [Forwarding screenshot on session 5f533e7c02ddefbc887b61dfd3818ad0 to remote] DEBUG org.asynchttpclient.netty.request.NettyRequestSender - Using open Channel [id: 0x20ba7bd8, L:/127.0.0.1:51452 - R:localhost/127.0.0.1:17128] for GET '/session/5f533e7c02ddefbc887b61dfd3818ad0/screenshot'
14:03:40.664 [AsyncHttpClient-1-3] DEBUG org.asynchttpclient.netty.handler.HttpHandler - 

Request DefaultFullHttpRequest(decodeResult: success, version: HTTP/1.1, content: EmptyByteBufBE)
GET /session/5f533e7c02ddefbc887b61dfd3818ad0/screenshot HTTP/1.1
User-Agent: selenium/4.8.1 (java windows)
Cache-Control: no-cache
Content-Type: application/json; charset=utf-8
host: localhost:17128
accept: */*

Response DefaultHttpResponse(decodeResult: success, version: HTTP/1.1)
HTTP/1.1 200 OK
Content-Length: 138284
Content-Type: application/json; charset=utf-8
cache-control: no-cache

14:03:40.665 [AsyncHttpClient-1-3] DEBUG org.asynchttpclient.netty.channel.ChannelManager - Adding key: http://localhost:17128 for channel [id: 0x20ba7bd8, L:/127.0.0.1:51452 - R:localhost/127.0.0.1:17128]
14:03:40.673 [main] DEBUG net.serenitybdd.core.photography.Darkroom - Send negative for processing for target\site\serenity\480352da72bec21ad61c6d390b489df42ffa4b179d873336b45e5cd24880ffbf.png
14:03:40.675 [Forwarding getPageSource on session 5f533e7c02ddefbc887b61dfd3818ad0 to remote] DEBUG org.asynchttpclient.netty.request.NettyRequestSender - Using pooled Channel '[id: 0x20ba7bd8, L:/127.0.0.1:51452 - R:localhost/127.0.0.1:17128]' for 'POST' to 'http://localhost:17128/session/5f533e7c02ddefbc887b61dfd3818ad0/execute/sync'
14:03:40.675 [Forwarding getPageSource on session 5f533e7c02ddefbc887b61dfd3818ad0 to remote] DEBUG org.asynchttpclient.netty.request.NettyRequestSender - Using open Channel [id: 0x20ba7bd8, L:/127.0.0.1:51452 - R:localhost/127.0.0.1:17128] for POST '/session/5f533e7c02ddefbc887b61dfd3818ad0/execute/sync'
14:03:40.696 [AsyncHttpClient-1-3] DEBUG org.asynchttpclient.netty.handler.HttpHandler - 

Request DefaultHttpRequest(decodeResult: success, version: HTTP/1.1)
POST /session/5f533e7c02ddefbc887b61dfd3818ad0/execute/sync HTTP/1.1
User-Agent: selenium/4.8.1 (java windows)
Content-Length: 176
Content-Type: application/json; charset=utf-8
host: localhost:17128
accept: */*

Response DefaultHttpResponse(decodeResult: success, version: HTTP/1.1)
HTTP/1.1 200 OK
Content-Length: 152039
Content-Type: application/json; charset=utf-8
cache-control: no-cache

14:03:40.697 [AsyncHttpClient-1-3] DEBUG org.asynchttpclient.netty.channel.ChannelManager - Adding key: http://localhost:17128 for channel [id: 0x20ba7bd8, L:/127.0.0.1:51452 - R:localhost/127.0.0.1:17128]
14:03:40.716 [Forwarding getCurrentUrl on session 5f533e7c02ddefbc887b61dfd3818ad0 to remote] DEBUG org.asynchttpclient.netty.request.NettyRequestSender - Using pooled Channel '[id: 0x20ba7bd8, L:/127.0.0.1:51452 - R:localhost/127.0.0.1:17128]' for 'GET' to 'http://localhost:17128/session/5f533e7c02ddefbc887b61dfd3818ad0/url'
14:03:40.716 [Forwarding getCurrentUrl on session 5f533e7c02ddefbc887b61dfd3818ad0 to remote] DEBUG org.asynchttpclient.netty.request.NettyRequestSender - Using open Channel [id: 0x20ba7bd8, L:/127.0.0.1:51452 - R:localhost/127.0.0.1:17128] for GET '/session/5f533e7c02ddefbc887b61dfd3818ad0/url'
14:03:40.725 [AsyncHttpClient-1-3] DEBUG org.asynchttpclient.netty.handler.HttpHandler - 

Request DefaultFullHttpRequest(decodeResult: success, version: HTTP/1.1, content: EmptyByteBufBE)
GET /session/5f533e7c02ddefbc887b61dfd3818ad0/url HTTP/1.1
User-Agent: selenium/4.8.1 (java windows)
Cache-Control: no-cache
Content-Type: application/json; charset=utf-8
host: localhost:17128
accept: */*

Response DefaultHttpResponse(decodeResult: success, version: HTTP/1.1)
HTTP/1.1 200 OK
Content-Length: 53
Content-Type: application/json; charset=utf-8
cache-control: no-cache

14:03:40.725 [AsyncHttpClient-1-3] DEBUG org.asynchttpclient.netty.channel.ChannelManager - Adding key: http://localhost:17128 for channel [id: 0x20ba7bd8, L:/127.0.0.1:51452 - R:localhost/127.0.0.1:17128]
14:03:40.728 [main] DEBUG net.thucydides.core.steps.StepInterceptor - STARTING STEP: ProductSteps.warningDisplayed - warningDisplayed
14:03:40.731 [Forwarding findElement on session 5f533e7c02ddefbc887b61dfd3818ad0 to remote] DEBUG org.asynchttpclient.netty.request.NettyRequestSender - Using pooled Channel '[id: 0x20ba7bd8, L:/127.0.0.1:51452 - R:localhost/127.0.0.1:17128]' for 'POST' to 'http://localhost:17128/session/5f533e7c02ddefbc887b61dfd3818ad0/element'
14:03:40.731 [Forwarding findElement on session 5f533e7c02ddefbc887b61dfd3818ad0 to remote] DEBUG org.asynchttpclient.netty.request.NettyRequestSender - Using open Channel [id: 0x20ba7bd8, L:/127.0.0.1:51452 - R:localhost/127.0.0.1:17128] for POST '/session/5f533e7c02ddefbc887b61dfd3818ad0/element'
14:03:40.747 [AsyncHttpClient-1-3] DEBUG org.asynchttpclient.netty.handler.HttpHandler - 

Request DefaultHttpRequest(decodeResult: success, version: HTTP/1.1)
POST /session/5f533e7c02ddefbc887b61dfd3818ad0/element HTTP/1.1
User-Agent: selenium/4.8.1 (java windows)
Content-Length: 144
Content-Type: application/json; charset=utf-8
host: localhost:17128
accept: */*

Response DefaultHttpResponse(decodeResult: success, version: HTTP/1.1)
HTTP/1.1 200 OK
Content-Length: 88
Content-Type: application/json; charset=utf-8
cache-control: no-cache

14:03:40.747 [AsyncHttpClient-1-3] DEBUG org.asynchttpclient.netty.channel.ChannelManager - Adding key: http://localhost:17128 for channel [id: 0x20ba7bd8, L:/127.0.0.1:51452 - R:localhost/127.0.0.1:17128]
14:03:40.753 [Forwarding isElementDisplayed on session 5f533e7c02ddefbc887b61dfd3818ad0 to remote] DEBUG org.asynchttpclient.netty.request.NettyRequestSender - Using pooled Channel '[id: 0x20ba7bd8, L:/127.0.0.1:51452 - R:localhost/127.0.0.1:17128]' for 'POST' to 'http://localhost:17128/session/5f533e7c02ddefbc887b61dfd3818ad0/execute/sync'
14:03:40.753 [Forwarding isElementDisplayed on session 5f533e7c02ddefbc887b61dfd3818ad0 to remote] DEBUG org.asynchttpclient.netty.request.NettyRequestSender - Using open Channel [id: 0x20ba7bd8, L:/127.0.0.1:51452 - R:localhost/127.0.0.1:17128] for POST '/session/5f533e7c02ddefbc887b61dfd3818ad0/execute/sync'
14:03:40.777 [AsyncHttpClient-1-3] DEBUG org.asynchttpclient.netty.handler.HttpHandler - 

Request DefaultHttpRequest(decodeResult: success, version: HTTP/1.1)
POST /session/5f533e7c02ddefbc887b61dfd3818ad0/execute/sync HTTP/1.1
User-Agent: selenium/4.8.1 (java windows)
Content-Length: 48807
Content-Type: application/json; charset=utf-8
host: localhost:17128
accept: */*

Response DefaultHttpResponse(decodeResult: success, version: HTTP/1.1)
HTTP/1.1 200 OK
Content-Length: 14
Content-Type: application/json; charset=utf-8
cache-control: no-cache

14:03:40.777 [AsyncHttpClient-1-3] DEBUG org.asynchttpclient.netty.channel.ChannelManager - Adding key: http://localhost:17128 for channel [id: 0x20ba7bd8, L:/127.0.0.1:51452 - R:localhost/127.0.0.1:17128]
14:03:40.787 [Forwarding getAlertText on session 5f533e7c02ddefbc887b61dfd3818ad0 to remote] DEBUG org.asynchttpclient.netty.request.NettyRequestSender - Using pooled Channel '[id: 0x20ba7bd8, L:/127.0.0.1:51452 - R:localhost/127.0.0.1:17128]' for 'GET' to 'http://localhost:17128/session/5f533e7c02ddefbc887b61dfd3818ad0/alert/text'
14:03:40.787 [Forwarding getAlertText on session 5f533e7c02ddefbc887b61dfd3818ad0 to remote] DEBUG org.asynchttpclient.netty.request.NettyRequestSender - Using open Channel [id: 0x20ba7bd8, L:/127.0.0.1:51452 - R:localhost/127.0.0.1:17128] for GET '/session/5f533e7c02ddefbc887b61dfd3818ad0/alert/text'
14:03:40.791 [AsyncHttpClient-1-3] DEBUG org.asynchttpclient.netty.handler.HttpHandler - 

Request DefaultFullHttpRequest(decodeResult: success, version: HTTP/1.1, content: EmptyByteBufBE)
GET /session/5f533e7c02ddefbc887b61dfd3818ad0/alert/text HTTP/1.1
User-Agent: selenium/4.8.1 (java windows)
Cache-Control: no-cache
Content-Type: application/json; charset=utf-8
host: localhost:17128
accept: */*

Response DefaultHttpResponse(decodeResult: success, version: HTTP/1.1)
HTTP/1.1 404 Not Found
Content-Length: 836
Content-Type: application/json; charset=utf-8
cache-control: no-cache

14:03:40.791 [AsyncHttpClient-1-3] DEBUG org.asynchttpclient.netty.channel.ChannelManager - Adding key: http://localhost:17128 for channel [id: 0x20ba7bd8, L:/127.0.0.1:51452 - R:localhost/127.0.0.1:17128]
14:03:40.793 [Forwarding getCurrentUrl on session 5f533e7c02ddefbc887b61dfd3818ad0 to remote] DEBUG org.asynchttpclient.netty.request.NettyRequestSender - Using pooled Channel '[id: 0x20ba7bd8, L:/127.0.0.1:51452 - R:localhost/127.0.0.1:17128]' for 'GET' to 'http://localhost:17128/session/5f533e7c02ddefbc887b61dfd3818ad0/url'
14:03:40.793 [Forwarding getCurrentUrl on session 5f533e7c02ddefbc887b61dfd3818ad0 to remote] DEBUG org.asynchttpclient.netty.request.NettyRequestSender - Using open Channel [id: 0x20ba7bd8, L:/127.0.0.1:51452 - R:localhost/127.0.0.1:17128] for GET '/session/5f533e7c02ddefbc887b61dfd3818ad0/url'
14:03:40.808 [AsyncHttpClient-1-3] DEBUG org.asynchttpclient.netty.handler.HttpHandler - 

Request DefaultFullHttpRequest(decodeResult: success, version: HTTP/1.1, content: EmptyByteBufBE)
GET /session/5f533e7c02ddefbc887b61dfd3818ad0/url HTTP/1.1
User-Agent: selenium/4.8.1 (java windows)
Cache-Control: no-cache
Content-Type: application/json; charset=utf-8
host: localhost:17128
accept: */*

Response DefaultHttpResponse(decodeResult: success, version: HTTP/1.1)
HTTP/1.1 200 OK
Content-Length: 53
Content-Type: application/json; charset=utf-8
cache-control: no-cache

14:03:40.808 [AsyncHttpClient-1-3] DEBUG org.asynchttpclient.netty.channel.ChannelManager - Adding key: http://localhost:17128 for channel [id: 0x20ba7bd8, L:/127.0.0.1:51452 - R:localhost/127.0.0.1:17128]
14:03:40.809 [Forwarding screenshot on session 5f533e7c02ddefbc887b61dfd3818ad0 to remote] DEBUG org.asynchttpclient.netty.request.NettyRequestSender - Using pooled Channel '[id: 0x20ba7bd8, L:/127.0.0.1:51452 - R:localhost/127.0.0.1:17128]' for 'GET' to 'http://localhost:17128/session/5f533e7c02ddefbc887b61dfd3818ad0/screenshot'
14:03:40.809 [Forwarding screenshot on session 5f533e7c02ddefbc887b61dfd3818ad0 to remote] DEBUG org.asynchttpclient.netty.request.NettyRequestSender - Using open Channel [id: 0x20ba7bd8, L:/127.0.0.1:51452 - R:localhost/127.0.0.1:17128] for GET '/session/5f533e7c02ddefbc887b61dfd3818ad0/screenshot'
14:03:40.947 [AsyncHttpClient-1-3] DEBUG org.asynchttpclient.netty.handler.HttpHandler - 

Request DefaultFullHttpRequest(decodeResult: success, version: HTTP/1.1, content: EmptyByteBufBE)
GET /session/5f533e7c02ddefbc887b61dfd3818ad0/screenshot HTTP/1.1
User-Agent: selenium/4.8.1 (java windows)
Cache-Control: no-cache
Content-Type: application/json; charset=utf-8
host: localhost:17128
accept: */*

Response DefaultHttpResponse(decodeResult: success, version: HTTP/1.1)
HTTP/1.1 200 OK
Content-Length: 138252
Content-Type: application/json; charset=utf-8
cache-control: no-cache

14:03:40.948 [AsyncHttpClient-1-3] DEBUG org.asynchttpclient.netty.channel.ChannelManager - Adding key: http://localhost:17128 for channel [id: 0x20ba7bd8, L:/127.0.0.1:51452 - R:localhost/127.0.0.1:17128]
14:03:40.955 [main] DEBUG net.serenitybdd.core.photography.Darkroom - Send negative for processing for target\site\serenity\75087b2006bca6c9b72d6382f8b32ccae0852943cb60b492ac55f2d4d575b2b0.png
14:03:40.955 [main] DEBUG net.thucydides.core.steps.StepInterceptor - STEP DONE: warningDisplayed
  &amp#27;[32mThen &amp#27;[0m&amp#27;[32mA warning appears that the telephone number exceeds the maximum limit&amp#27;[0m &amp#27;[90m# starter.stepdefinition.ProductSteps.warningDisplayed()&amp#27;[0m
14:03:40.955 [Darkroom Processing Line] DEBUG net.serenitybdd.core.photography.DarkroomProcessingLine - Processing screenshot image in /var/screenshots/screenshot-18018985369271052860
14:03:40.956 [Darkroom Processing Line] DEBUG net.serenitybdd.core.photography.DarkroomProcessingLine - Saving screenshot to target\site\serenity\75087b2006bca6c9b72d6382f8b32ccae0852943cb60b492ac55f2d4d575b2b0.png
14:03:40.964 [main] INFO  - 
  _____   ___   ___   _____     ___     _     ___   ___   ___   ___  
 |_   _| | __| / __| |_   _|   | _ \   /_\   / __| / __| | __| |   \ 
   | |   | _|  \__ \   | |     |  _/  / _ \  \__ \ \__ \ | _|  | |) |
   |_|   |___| |___/   |_|     |_|   /_/ \_\ |___/ |___/ |___| |___/ 

As user i have be able to success login
----------------------------------------------------------------------
14:03:40.965 [AsyncHttpClient-1-5] DEBUG org.asynchttpclient.netty.handler.WebSocketHandler - Channel Closed: [id: 0x3e1c4cbf, L:/127.0.0.1:51461 ! R:localhost/127.0.0.1:51453] with attribute NettyResponseFuture{currentRetry=0,
	isDone=1,
	isCancelled=0,
	asyncHandler=org.asynchttpclient.ws.WebSocketUpgradeHandler@63e87495,
	nettyRequest=org.asynchttpclient.netty.request.NettyRequest@4d6a755d,
	future=java.util.concurrent.CompletableFuture@35a600f3[Completed normally],
	uri=ws://localhost:51453/devtools/browser/5afe13c7-b4fd-4b6d-b6f4-a100f60603a0,
	keepAlive=true,
	redirectCount=0,
	timeoutsHolder=null,
	inAuth=0,
	touch=1680764612591}
14:03:40.965 [AsyncHttpClient-1-5] DEBUG org.asynchttpclient.netty.channel.ChannelManager - Closing Channel [id: 0x3e1c4cbf, L:/127.0.0.1:51461 ! R:localhost/127.0.0.1:51453] 
14:03:40.966 [Driver Command Executor] DEBUG org.asynchttpclient.netty.request.NettyRequestSender - Using pooled Channel '[id: 0x20ba7bd8, L:/127.0.0.1:51452 - R:localhost/127.0.0.1:17128]' for 'DELETE' to 'http://localhost:17128/session/5f533e7c02ddefbc887b61dfd3818ad0'
14:03:40.966 [Driver Command Executor] DEBUG org.asynchttpclient.netty.request.NettyRequestSender - Using open Channel [id: 0x20ba7bd8, L:/127.0.0.1:51452 - R:localhost/127.0.0.1:17128] for DELETE '/session/5f533e7c02ddefbc887b61dfd3818ad0'
14:03:41.125 [AsyncHttpClient-1-4] DEBUG org.asynchttpclient.netty.handler.HttpHandler - Unexpected I/O exception on channel [id: 0x68aaff95, L:/127.0.0.1:51460 - R:localhost/127.0.0.1:51453]
java.net.SocketException: Connection reset
	at java.base/sun.nio.ch.SocketChannelImpl.throwConnectionReset(SocketChannelImpl.java:401)
	at java.base/sun.nio.ch.SocketChannelImpl.read(SocketChannelImpl.java:434)
	at io.netty.buffer.PooledByteBuf.setBytes(PooledByteBuf.java:259)
	at io.netty.buffer.AbstractByteBuf.writeBytes(AbstractByteBuf.java:1132)
	at io.netty.channel.socket.nio.NioSocketChannel.doReadBytes(NioSocketChannel.java:357)
	at io.netty.channel.nio.AbstractNioByteChannel$NioByteUnsafe.read(AbstractNioByteChannel.java:151)
	at io.netty.channel.nio.NioEventLoop.processSelectedKey(NioEventLoop.java:788)
	at io.netty.channel.nio.NioEventLoop.processSelectedKeysOptimized(NioEventLoop.java:724)
	at io.netty.channel.nio.NioEventLoop.processSelectedKeys(NioEventLoop.java:650)
	at io.netty.channel.nio.NioEventLoop.run(NioEventLoop.java:562)
	at io.netty.util.concurrent.SingleThreadEventExecutor$4.run(SingleThreadEventExecutor.java:997)
	at io.netty.util.internal.ThreadExecutorMap$2.run(ThreadExecutorMap.java:74)
	at io.netty.util.concurrent.FastThreadLocalRunnable.run(FastThreadLocalRunnable.java:30)
	at java.base/java.lang.Thread.run(Thread.java:1589)
14:03:41.125 [AsyncHttpClient-1-4] DEBUG org.asynchttpclient.netty.channel.ChannelManager - Closing Channel [id: 0x68aaff95, L:/127.0.0.1:51460 - R:localhost/127.0.0.1:51453] 
14:03:41.126 [AsyncHttpClient-1-4] DEBUG org.asynchttpclient.netty.handler.HttpHandler - Channel Closed: [id: 0x68aaff95, L:/127.0.0.1:51460 ! R:localhost/127.0.0.1:51453] with attribute DISCARD
14:03:41.181 [AsyncHttpClient-1-3] DEBUG org.asynchttpclient.netty.handler.HttpHandler - 

Request DefaultFullHttpRequest(decodeResult: success, version: HTTP/1.1, content: EmptyByteBufBE)
DELETE /session/5f533e7c02ddefbc887b61dfd3818ad0 HTTP/1.1
User-Agent: selenium/4.8.1 (java windows)
Content-Type: application/json; charset=utf-8
host: localhost:17128
accept: */*

Response DefaultHttpResponse(decodeResult: success, version: HTTP/1.1)
HTTP/1.1 200 OK
Content-Length: 14
Content-Type: application/json; charset=utf-8
cache-control: no-cache

14:03:41.181 [AsyncHttpClient-1-3] DEBUG org.asynchttpclient.netty.channel.ChannelManager - Adding key: http://localhost:17128 for channel [id: 0x20ba7bd8, L:/127.0.0.1:51452 - R:localhost/127.0.0.1:17128]
14:03:41.307 [AsyncHttpClient-1-3] DEBUG org.asynchttpclient.netty.handler.HttpHandler - Channel Closed: [id: 0x20ba7bd8, L:/127.0.0.1:51452 ! R:localhost/127.0.0.1:17128] with attribute DISCARD
14:03:41.336 [AsyncHttpClient-1-1] DEBUG org.asynchttpclient.netty.channel.DefaultChannelPool - Entry count for : http://localhost:17128 : 1
14:03:41.336 [AsyncHttpClient-1-1] DEBUG org.asynchttpclient.netty.channel.DefaultChannelPool - Entry count for : http://localhost:51453 : 1
14:03:41.336 [AsyncHttpClient-1-1] DEBUG org.asynchttpclient.netty.channel.DefaultChannelPool - Adding Candidate expired Channel [id: 0x20ba7bd8, L:/127.0.0.1:51452 ! R:localhost/127.0.0.1:17128] isIdleTimeoutExpired=false isRemotelyClosed=true isTtlExpired=false
14:03:41.336 [AsyncHttpClient-1-1] DEBUG org.asynchttpclient.netty.channel.DefaultChannelPool - Closing Idle Channel [id: 0x20ba7bd8, L:/127.0.0.1:51452 ! R:localhost/127.0.0.1:17128]
14:03:41.336 [AsyncHttpClient-1-1] DEBUG org.asynchttpclient.netty.channel.DefaultChannelPool - Adding Candidate expired Channel [id: 0x68aaff95, L:/127.0.0.1:51460 ! R:localhost/127.0.0.1:51453] isIdleTimeoutExpired=false isRemotelyClosed=true isTtlExpired=false
14:03:41.336 [AsyncHttpClient-1-1] DEBUG org.asynchttpclient.netty.channel.DefaultChannelPool - Closing Idle Channel [id: 0x68aaff95, L:/127.0.0.1:51460 ! R:localhost/127.0.0.1:51453]
14:03:41.336 [AsyncHttpClient-1-1] DEBUG org.asynchttpclient.netty.channel.DefaultChannelPool - Closed 2 connections out of 2 in 0 ms
]]></system-out>
    <system-err><![CDATA[Starting ChromeDriver 111.0.5563.64 (c710e93d5b63b7095afe8c2c17df34408078439d-refs/branch-heads/5563@{#995}) on port 17128
Only local connections are allowed.
Please see https://chromedriver.chromium.org/security-considerations for suggestions on keeping ChromeDriver safe.
ChromeDriver was started successfully.
Apr 06, 2023 2:03:32 PM org.openqa.selenium.devtools.CdpVersionFinder findNearestMatch
WARNING: Unable to find an exact match for CDP version 111, so returning the closest version found: 110
]]></system-err>
  </testcase>
  <testcase name="As user i have be able to do a payment #1" classname="product payment" time="14.687">
    <system-out><![CDATA[14:03:41.386 [main] DEBUG io.cucumber.core.plugin.SerenityReporter - Running feature from file:///C:/Users/User/IdeaProjects/prioritasduaa/src/test/resources/features/productpatment.feature
14:03:41.391 [main] DEBUG net.thucydides.core.steps.StepEventBus - Test suite started for story net.thucydides.core.model.Story@8f6ef92
14:03:41.392 [main] INFO  - Test Suite Started: product payment

@productPayment @PaymentB
Scenario: As user i have be able to do a payment           &amp#27;[90m# src/test/resources/features/productpatment.feature:8&amp#27;[0m
14:03:41.399 [main] DEBUG io.cucumber.core.plugin.SerenityReporter - Running feature from file:///C:/Users/User/IdeaProjects/prioritasduaa/src/test/resources/features/productpatment.feature
14:03:41.403 [main] INFO  - 
  _____   ___   ___   _____     ___   _____     _     ___   _____   ___   ___  
 |_   _| | __| / __| |_   _|   / __| |_   _|   /_\   | _ \ |_   _| | __| |   \ 
   | |   | _|  \__ \   | |     \__ \   | |    / _ \  |   /   | |   | _|  | |) |
   |_|   |___| |___/   |_|     |___/   |_|   /_/ \_\ |_|_\   |_|   |___| |___/ 

As user i have be able to do a payment(product-payment;as-user-i-have-be-able-to-do-a-payment)
--------------------------------------------------------------------------------
14:03:41.624 [main] INFO net.serenitybdd.core.webdriver.driverproviders.ChromeDriverProvider - Starting Chrome driver instance with capabilities:
14:03:41.624 [main] INFO net.serenitybdd.core.webdriver.driverproviders.ChromeDriverProvider - Capabilities {acceptInsecureCerts: false, browserName: chrome, goog:chromeOptions: {args: [remote-allow-origins=*], extensions: []}}
14:03:41.752 [AsyncHttpClient-1-6] DEBUG org.asynchttpclient.netty.channel.NettyConnectListener - Using new Channel '[id: 0x4f414ede, L:/127.0.0.1:51489 - R:localhost/127.0.0.1:38028]' for 'POST' to '/session'
14:03:43.689 [AsyncHttpClient-1-6] DEBUG org.asynchttpclient.netty.handler.HttpHandler - 

Request DefaultHttpRequest(decodeResult: success, version: HTTP/1.1)
POST /session HTTP/1.1
User-Agent: selenium/4.8.1 (java windows)
Content-Length: 507
Content-Type: application/json; charset=utf-8
host: localhost:38028
accept: */*

Response DefaultHttpResponse(decodeResult: success, version: HTTP/1.1)
HTTP/1.1 200 OK
Content-Length: 857
Content-Type: application/json; charset=utf-8
cache-control: no-cache

14:03:43.689 [AsyncHttpClient-1-6] DEBUG org.asynchttpclient.netty.channel.ChannelManager - Adding key: http://localhost:38028 for channel [id: 0x4f414ede, L:/127.0.0.1:51489 - R:localhost/127.0.0.1:38028]
14:03:43.700 [AsyncHttpClient-1-7] DEBUG org.asynchttpclient.netty.channel.NettyConnectListener - Using new Channel '[id: 0xcc5657f0, L:/127.0.0.1:51498 - R:localhost/127.0.0.1:51490]' for 'GET' to '/json/version'
14:03:43.704 [AsyncHttpClient-1-7] DEBUG org.asynchttpclient.netty.handler.HttpHandler - 

Request DefaultFullHttpRequest(decodeResult: success, version: HTTP/1.1, content: EmptyByteBufBE)
GET /json/version HTTP/1.1
User-Agent: selenium/4.8.1 (java windows)
host: localhost:51490
accept: */*

Response DefaultHttpResponse(decodeResult: success, version: HTTP/1.1)
HTTP/1.1 200 OK
Content-Security-Policy: frame-ancestors 'none'
Content-Length: 424
Content-Type: application/json; charset=UTF-8

14:03:43.704 [AsyncHttpClient-1-7] DEBUG org.asynchttpclient.netty.channel.ChannelManager - Adding key: http://localhost:51490 for channel [id: 0xcc5657f0, L:/127.0.0.1:51498 - R:localhost/127.0.0.1:51490]
14:03:43.707 [AsyncHttpClient-1-8] DEBUG org.asynchttpclient.netty.channel.NettyConnectListener - Using new Channel '[id: 0xef0ea744, L:/127.0.0.1:51499 - R:localhost/127.0.0.1:51490]' for 'GET' to '/devtools/browser/6f43b0aa-0d70-47a7-9206-7f53a1d7a091'
14:03:43.708 [AsyncHttpClient-1-8] DEBUG org.asynchttpclient.netty.handler.WebSocketHandler - 

Request DefaultFullHttpRequest(decodeResult: success, version: HTTP/1.1, content: EmptyByteBufBE)
GET /devtools/browser/6f43b0aa-0d70-47a7-9206-7f53a1d7a091 HTTP/1.1
upgrade: websocket
connection: upgrade
sec-websocket-key: Fn8zxin8Ijas3/TiKaFMlw==
sec-websocket-version: 13
origin: http://localhost:51490
host: localhost:51490
accept: */*
user-agent: AHC/2.1

Response DefaultHttpResponse(decodeResult: success, version: HTTP/1.1)
HTTP/1.1 101 WebSocket Protocol Handshake
Upgrade: WebSocket
Connection: Upgrade
Sec-WebSocket-Accept: 6XO8ZnFBF6P+JxrIiP7b8DRQUXQ=

14:03:43.718 [Forwarding get on session 49c98c64283fb433bbd32082806c90dd to remote] DEBUG org.asynchttpclient.netty.request.NettyRequestSender - Using pooled Channel '[id: 0x4f414ede, L:/127.0.0.1:51489 - R:localhost/127.0.0.1:38028]' for 'POST' to 'http://localhost:38028/session/49c98c64283fb433bbd32082806c90dd/url'
14:03:43.718 [Forwarding get on session 49c98c64283fb433bbd32082806c90dd to remote] DEBUG org.asynchttpclient.netty.request.NettyRequestSender - Using open Channel [id: 0x4f414ede, L:/127.0.0.1:51489 - R:localhost/127.0.0.1:38028] for POST '/session/49c98c64283fb433bbd32082806c90dd/url'
14:03:44.634 [AsyncHttpClient-1-1] DEBUG org.asynchttpclient.netty.channel.DefaultChannelPool - Entry count for : http://localhost:51490 : 1
14:03:45.732 [AsyncHttpClient-1-1] DEBUG org.asynchttpclient.netty.channel.DefaultChannelPool - Entry count for : http://localhost:51490 : 1
14:03:46.833 [AsyncHttpClient-1-1] DEBUG org.asynchttpclient.netty.channel.DefaultChannelPool - Entry count for : http://localhost:51490 : 1
14:03:46.903 [AsyncHttpClient-1-6] DEBUG org.asynchttpclient.netty.handler.HttpHandler - 

Request DefaultHttpRequest(decodeResult: success, version: HTTP/1.1)
POST /session/49c98c64283fb433bbd32082806c90dd/url HTTP/1.1
User-Agent: selenium/4.8.1 (java windows)
Content-Length: 54
Content-Type: application/json; charset=utf-8
host: localhost:38028
accept: */*

Response DefaultHttpResponse(decodeResult: success, version: HTTP/1.1)
HTTP/1.1 200 OK
Content-Length: 14
Content-Type: application/json; charset=utf-8
cache-control: no-cache

14:03:46.903 [AsyncHttpClient-1-6] DEBUG org.asynchttpclient.netty.channel.ChannelManager - Adding key: http://localhost:38028 for channel [id: 0x4f414ede, L:/127.0.0.1:51489 - R:localhost/127.0.0.1:38028]
14:03:46.906 [Forwarding setTimeout on session 49c98c64283fb433bbd32082806c90dd to remote] DEBUG org.asynchttpclient.netty.request.NettyRequestSender - Using pooled Channel '[id: 0x4f414ede, L:/127.0.0.1:51489 - R:localhost/127.0.0.1:38028]' for 'POST' to 'http://localhost:38028/session/49c98c64283fb433bbd32082806c90dd/timeouts'
14:03:46.906 [Forwarding setTimeout on session 49c98c64283fb433bbd32082806c90dd to remote] DEBUG org.asynchttpclient.netty.request.NettyRequestSender - Using open Channel [id: 0x4f414ede, L:/127.0.0.1:51489 - R:localhost/127.0.0.1:38028] for POST '/session/49c98c64283fb433bbd32082806c90dd/timeouts'
14:03:46.909 [AsyncHttpClient-1-6] DEBUG org.asynchttpclient.netty.handler.HttpHandler - 

Request DefaultHttpRequest(decodeResult: success, version: HTTP/1.1)
POST /session/49c98c64283fb433bbd32082806c90dd/timeouts HTTP/1.1
User-Agent: selenium/4.8.1 (java windows)
Content-Length: 22
Content-Type: application/json; charset=utf-8
host: localhost:38028
accept: */*

Response DefaultHttpResponse(decodeResult: success, version: HTTP/1.1)
HTTP/1.1 200 OK
Content-Length: 14
Content-Type: application/json; charset=utf-8
cache-control: no-cache

14:03:46.910 [AsyncHttpClient-1-6] DEBUG org.asynchttpclient.netty.channel.ChannelManager - Adding key: http://localhost:38028 for channel [id: 0x4f414ede, L:/127.0.0.1:51489 - R:localhost/127.0.0.1:38028]
14:03:46.927 [main] DEBUG net.serenitybdd.core.photography.Darkroom - Opening darkroom
14:03:46.930 [Forwarding getAlertText on session 49c98c64283fb433bbd32082806c90dd to remote] DEBUG org.asynchttpclient.netty.request.NettyRequestSender - Using pooled Channel '[id: 0x4f414ede, L:/127.0.0.1:51489 - R:localhost/127.0.0.1:38028]' for 'GET' to 'http://localhost:38028/session/49c98c64283fb433bbd32082806c90dd/alert/text'
14:03:46.930 [Forwarding getAlertText on session 49c98c64283fb433bbd32082806c90dd to remote] DEBUG org.asynchttpclient.netty.request.NettyRequestSender - Using open Channel [id: 0x4f414ede, L:/127.0.0.1:51489 - R:localhost/127.0.0.1:38028] for GET '/session/49c98c64283fb433bbd32082806c90dd/alert/text'
14:03:46.937 [Darkroom Processing Line] DEBUG net.serenitybdd.core.photography.DarkroomProcessingLine - Darkroom processing line starting up
14:03:46.939 [AsyncHttpClient-1-6] DEBUG org.asynchttpclient.netty.handler.HttpHandler - 

Request DefaultFullHttpRequest(decodeResult: success, version: HTTP/1.1, content: EmptyByteBufBE)
GET /session/49c98c64283fb433bbd32082806c90dd/alert/text HTTP/1.1
User-Agent: selenium/4.8.1 (java windows)
Cache-Control: no-cache
Content-Type: application/json; charset=utf-8
host: localhost:38028
accept: */*

Response DefaultHttpResponse(decodeResult: success, version: HTTP/1.1)
HTTP/1.1 404 Not Found
Content-Length: 836
Content-Type: application/json; charset=utf-8
cache-control: no-cache

14:03:46.940 [AsyncHttpClient-1-6] DEBUG org.asynchttpclient.netty.channel.ChannelManager - Adding key: http://localhost:38028 for channel [id: 0x4f414ede, L:/127.0.0.1:51489 - R:localhost/127.0.0.1:38028]
14:03:46.942 [Forwarding getCurrentUrl on session 49c98c64283fb433bbd32082806c90dd to remote] DEBUG org.asynchttpclient.netty.request.NettyRequestSender - Using pooled Channel '[id: 0x4f414ede, L:/127.0.0.1:51489 - R:localhost/127.0.0.1:38028]' for 'GET' to 'http://localhost:38028/session/49c98c64283fb433bbd32082806c90dd/url'
14:03:46.942 [Forwarding getCurrentUrl on session 49c98c64283fb433bbd32082806c90dd to remote] DEBUG org.asynchttpclient.netty.request.NettyRequestSender - Using open Channel [id: 0x4f414ede, L:/127.0.0.1:51489 - R:localhost/127.0.0.1:38028] for GET '/session/49c98c64283fb433bbd32082806c90dd/url'
14:03:46.948 [AsyncHttpClient-1-6] DEBUG org.asynchttpclient.netty.handler.HttpHandler - 

Request DefaultFullHttpRequest(decodeResult: success, version: HTTP/1.1, content: EmptyByteBufBE)
GET /session/49c98c64283fb433bbd32082806c90dd/url HTTP/1.1
User-Agent: selenium/4.8.1 (java windows)
Cache-Control: no-cache
Content-Type: application/json; charset=utf-8
host: localhost:38028
accept: */*

Response DefaultHttpResponse(decodeResult: success, version: HTTP/1.1)
HTTP/1.1 200 OK
Content-Length: 36
Content-Type: application/json; charset=utf-8
cache-control: no-cache

14:03:46.948 [AsyncHttpClient-1-6] DEBUG org.asynchttpclient.netty.channel.ChannelManager - Adding key: http://localhost:38028 for channel [id: 0x4f414ede, L:/127.0.0.1:51489 - R:localhost/127.0.0.1:38028]
14:03:46.959 [Forwarding screenshot on session 49c98c64283fb433bbd32082806c90dd to remote] DEBUG org.asynchttpclient.netty.request.NettyRequestSender - Using pooled Channel '[id: 0x4f414ede, L:/127.0.0.1:51489 - R:localhost/127.0.0.1:38028]' for 'GET' to 'http://localhost:38028/session/49c98c64283fb433bbd32082806c90dd/screenshot'
14:03:46.959 [Forwarding screenshot on session 49c98c64283fb433bbd32082806c90dd to remote] DEBUG org.asynchttpclient.netty.request.NettyRequestSender - Using open Channel [id: 0x4f414ede, L:/127.0.0.1:51489 - R:localhost/127.0.0.1:38028] for GET '/session/49c98c64283fb433bbd32082806c90dd/screenshot'
14:03:47.183 [AsyncHttpClient-1-6] DEBUG org.asynchttpclient.netty.handler.HttpHandler - 

Request DefaultFullHttpRequest(decodeResult: success, version: HTTP/1.1, content: EmptyByteBufBE)
GET /session/49c98c64283fb433bbd32082806c90dd/screenshot HTTP/1.1
User-Agent: selenium/4.8.1 (java windows)
Cache-Control: no-cache
Content-Type: application/json; charset=utf-8
host: localhost:38028
accept: */*

Response DefaultHttpResponse(decodeResult: success, version: HTTP/1.1)
HTTP/1.1 200 OK
Content-Length: 252116
Content-Type: application/json; charset=utf-8
cache-control: no-cache

14:03:47.184 [AsyncHttpClient-1-6] DEBUG org.asynchttpclient.netty.channel.ChannelManager - Adding key: http://localhost:38028 for channel [id: 0x4f414ede, L:/127.0.0.1:51489 - R:localhost/127.0.0.1:38028]
14:03:47.194 [main] DEBUG net.serenitybdd.core.photography.Darkroom - Send negative for processing for target\site\serenity\7b89d405c70a1f00cf5ad86f087c2768e23c4441fe319d3107affc563a12ab7e.png
14:03:47.196 [Forwarding getPageSource on session 49c98c64283fb433bbd32082806c90dd to remote] DEBUG org.asynchttpclient.netty.request.NettyRequestSender - Using pooled Channel '[id: 0x4f414ede, L:/127.0.0.1:51489 - R:localhost/127.0.0.1:38028]' for 'POST' to 'http://localhost:38028/session/49c98c64283fb433bbd32082806c90dd/execute/sync'
14:03:47.196 [Forwarding getPageSource on session 49c98c64283fb433bbd32082806c90dd to remote] DEBUG org.asynchttpclient.netty.request.NettyRequestSender - Using open Channel [id: 0x4f414ede, L:/127.0.0.1:51489 - R:localhost/127.0.0.1:38028] for POST '/session/49c98c64283fb433bbd32082806c90dd/execute/sync'
14:03:47.226 [AsyncHttpClient-1-6] DEBUG org.asynchttpclient.netty.handler.HttpHandler - 

Request DefaultHttpRequest(decodeResult: success, version: HTTP/1.1)
POST /session/49c98c64283fb433bbd32082806c90dd/execute/sync HTTP/1.1
User-Agent: selenium/4.8.1 (java windows)
Content-Length: 176
Content-Type: application/json; charset=utf-8
host: localhost:38028
accept: */*

Response DefaultHttpResponse(decodeResult: success, version: HTTP/1.1)
HTTP/1.1 200 OK
Content-Length: 182088
Content-Type: application/json; charset=utf-8
cache-control: no-cache

14:03:47.227 [AsyncHttpClient-1-6] DEBUG org.asynchttpclient.netty.channel.ChannelManager - Adding key: http://localhost:38028 for channel [id: 0x4f414ede, L:/127.0.0.1:51489 - R:localhost/127.0.0.1:38028]
14:03:47.243 [Forwarding getCurrentUrl on session 49c98c64283fb433bbd32082806c90dd to remote] DEBUG org.asynchttpclient.netty.request.NettyRequestSender - Using pooled Channel '[id: 0x4f414ede, L:/127.0.0.1:51489 - R:localhost/127.0.0.1:38028]' for 'GET' to 'http://localhost:38028/session/49c98c64283fb433bbd32082806c90dd/url'
14:03:47.243 [Forwarding getCurrentUrl on session 49c98c64283fb433bbd32082806c90dd to remote] DEBUG org.asynchttpclient.netty.request.NettyRequestSender - Using open Channel [id: 0x4f414ede, L:/127.0.0.1:51489 - R:localhost/127.0.0.1:38028] for GET '/session/49c98c64283fb433bbd32082806c90dd/url'
14:03:47.250 [AsyncHttpClient-1-6] DEBUG org.asynchttpclient.netty.handler.HttpHandler - 

Request DefaultFullHttpRequest(decodeResult: success, version: HTTP/1.1, content: EmptyByteBufBE)
GET /session/49c98c64283fb433bbd32082806c90dd/url HTTP/1.1
User-Agent: selenium/4.8.1 (java windows)
Cache-Control: no-cache
Content-Type: application/json; charset=utf-8
host: localhost:38028
accept: */*

Response DefaultHttpResponse(decodeResult: success, version: HTTP/1.1)
HTTP/1.1 200 OK
Content-Length: 36
Content-Type: application/json; charset=utf-8
cache-control: no-cache

14:03:47.250 [AsyncHttpClient-1-6] DEBUG org.asynchttpclient.netty.channel.ChannelManager - Adding key: http://localhost:38028 for channel [id: 0x4f414ede, L:/127.0.0.1:51489 - R:localhost/127.0.0.1:38028]
14:03:47.256 [main] DEBUG net.thucydides.core.steps.StepInterceptor - STARTING STEP: ProductPaymentSteps.alreadyChooseAProduct - pulsaButton
14:03:47.259 [Forwarding findElement on session 49c98c64283fb433bbd32082806c90dd to remote] DEBUG org.asynchttpclient.netty.request.NettyRequestSender - Using pooled Channel '[id: 0x4f414ede, L:/127.0.0.1:51489 - R:localhost/127.0.0.1:38028]' for 'POST' to 'http://localhost:38028/session/49c98c64283fb433bbd32082806c90dd/element'
14:03:47.260 [Forwarding findElement on session 49c98c64283fb433bbd32082806c90dd to remote] DEBUG org.asynchttpclient.netty.request.NettyRequestSender - Using open Channel [id: 0x4f414ede, L:/127.0.0.1:51489 - R:localhost/127.0.0.1:38028] for POST '/session/49c98c64283fb433bbd32082806c90dd/element'
14:03:47.287 [AsyncHttpClient-1-6] DEBUG org.asynchttpclient.netty.handler.HttpHandler - 

Request DefaultHttpRequest(decodeResult: success, version: HTTP/1.1)
POST /session/49c98c64283fb433bbd32082806c90dd/element HTTP/1.1
User-Agent: selenium/4.8.1 (java windows)
Content-Length: 59
Content-Type: application/json; charset=utf-8
host: localhost:38028
accept: */*

Response DefaultHttpResponse(decodeResult: success, version: HTTP/1.1)
HTTP/1.1 200 OK
Content-Length: 88
Content-Type: application/json; charset=utf-8
cache-control: no-cache

14:03:47.287 [AsyncHttpClient-1-6] DEBUG org.asynchttpclient.netty.channel.ChannelManager - Adding key: http://localhost:38028 for channel [id: 0x4f414ede, L:/127.0.0.1:51489 - R:localhost/127.0.0.1:38028]
14:03:47.289 [Forwarding getElementTagName on session 49c98c64283fb433bbd32082806c90dd to remote] DEBUG org.asynchttpclient.netty.request.NettyRequestSender - Using pooled Channel '[id: 0x4f414ede, L:/127.0.0.1:51489 - R:localhost/127.0.0.1:38028]' for 'GET' to 'http://localhost:38028/session/49c98c64283fb433bbd32082806c90dd/element/b84f17e4-9b24-40f4-a33a-3685d409bb78/name'
14:03:47.289 [Forwarding getElementTagName on session 49c98c64283fb433bbd32082806c90dd to remote] DEBUG org.asynchttpclient.netty.request.NettyRequestSender - Using open Channel [id: 0x4f414ede, L:/127.0.0.1:51489 - R:localhost/127.0.0.1:38028] for GET '/session/49c98c64283fb433bbd32082806c90dd/element/b84f17e4-9b24-40f4-a33a-3685d409bb78/name'
14:03:47.296 [AsyncHttpClient-1-6] DEBUG org.asynchttpclient.netty.handler.HttpHandler - 

Request DefaultFullHttpRequest(decodeResult: success, version: HTTP/1.1, content: EmptyByteBufBE)
GET /session/49c98c64283fb433bbd32082806c90dd/element/b84f17e4-9b24-40f4-a33a-3685d409bb78/name HTTP/1.1
User-Agent: selenium/4.8.1 (java windows)
Cache-Control: no-cache
Content-Type: application/json; charset=utf-8
host: localhost:38028
accept: */*

Response DefaultHttpResponse(decodeResult: success, version: HTTP/1.1)
HTTP/1.1 200 OK
Content-Length: 15
Content-Type: application/json; charset=utf-8
cache-control: no-cache

14:03:47.297 [AsyncHttpClient-1-6] DEBUG org.asynchttpclient.netty.channel.ChannelManager - Adding key: http://localhost:38028 for channel [id: 0x4f414ede, L:/127.0.0.1:51489 - R:localhost/127.0.0.1:38028]
14:03:47.298 [Forwarding getElementTagName on session 49c98c64283fb433bbd32082806c90dd to remote] DEBUG org.asynchttpclient.netty.request.NettyRequestSender - Using pooled Channel '[id: 0x4f414ede, L:/127.0.0.1:51489 - R:localhost/127.0.0.1:38028]' for 'GET' to 'http://localhost:38028/session/49c98c64283fb433bbd32082806c90dd/element/b84f17e4-9b24-40f4-a33a-3685d409bb78/name'
14:03:47.298 [Forwarding getElementTagName on session 49c98c64283fb433bbd32082806c90dd to remote] DEBUG org.asynchttpclient.netty.request.NettyRequestSender - Using open Channel [id: 0x4f414ede, L:/127.0.0.1:51489 - R:localhost/127.0.0.1:38028] for GET '/session/49c98c64283fb433bbd32082806c90dd/element/b84f17e4-9b24-40f4-a33a-3685d409bb78/name'
14:03:47.305 [AsyncHttpClient-1-6] DEBUG org.asynchttpclient.netty.handler.HttpHandler - 

Request DefaultFullHttpRequest(decodeResult: success, version: HTTP/1.1, content: EmptyByteBufBE)
GET /session/49c98c64283fb433bbd32082806c90dd/element/b84f17e4-9b24-40f4-a33a-3685d409bb78/name HTTP/1.1
User-Agent: selenium/4.8.1 (java windows)
Cache-Control: no-cache
Content-Type: application/json; charset=utf-8
host: localhost:38028
accept: */*

Response DefaultHttpResponse(decodeResult: success, version: HTTP/1.1)
HTTP/1.1 200 OK
Content-Length: 15
Content-Type: application/json; charset=utf-8
cache-control: no-cache

14:03:47.305 [AsyncHttpClient-1-6] DEBUG org.asynchttpclient.netty.channel.ChannelManager - Adding key: http://localhost:38028 for channel [id: 0x4f414ede, L:/127.0.0.1:51489 - R:localhost/127.0.0.1:38028]
14:03:47.308 [Forwarding findElement on session 49c98c64283fb433bbd32082806c90dd to remote] DEBUG org.asynchttpclient.netty.request.NettyRequestSender - Using pooled Channel '[id: 0x4f414ede, L:/127.0.0.1:51489 - R:localhost/127.0.0.1:38028]' for 'POST' to 'http://localhost:38028/session/49c98c64283fb433bbd32082806c90dd/element'
14:03:47.308 [Forwarding findElement on session 49c98c64283fb433bbd32082806c90dd to remote] DEBUG org.asynchttpclient.netty.request.NettyRequestSender - Using open Channel [id: 0x4f414ede, L:/127.0.0.1:51489 - R:localhost/127.0.0.1:38028] for POST '/session/49c98c64283fb433bbd32082806c90dd/element'
14:03:47.323 [AsyncHttpClient-1-6] DEBUG org.asynchttpclient.netty.handler.HttpHandler - 

Request DefaultHttpRequest(decodeResult: success, version: HTTP/1.1)
POST /session/49c98c64283fb433bbd32082806c90dd/element HTTP/1.1
User-Agent: selenium/4.8.1 (java windows)
Content-Length: 59
Content-Type: application/json; charset=utf-8
host: localhost:38028
accept: */*

Response DefaultHttpResponse(decodeResult: success, version: HTTP/1.1)
HTTP/1.1 200 OK
Content-Length: 88
Content-Type: application/json; charset=utf-8
cache-control: no-cache

14:03:47.323 [AsyncHttpClient-1-6] DEBUG org.asynchttpclient.netty.channel.ChannelManager - Adding key: http://localhost:38028 for channel [id: 0x4f414ede, L:/127.0.0.1:51489 - R:localhost/127.0.0.1:38028]
14:03:47.325 [Forwarding clickElement on session 49c98c64283fb433bbd32082806c90dd to remote] DEBUG org.asynchttpclient.netty.request.NettyRequestSender - Using pooled Channel '[id: 0x4f414ede, L:/127.0.0.1:51489 - R:localhost/127.0.0.1:38028]' for 'POST' to 'http://localhost:38028/session/49c98c64283fb433bbd32082806c90dd/element/b84f17e4-9b24-40f4-a33a-3685d409bb78/click'
14:03:47.325 [Forwarding clickElement on session 49c98c64283fb433bbd32082806c90dd to remote] DEBUG org.asynchttpclient.netty.request.NettyRequestSender - Using open Channel [id: 0x4f414ede, L:/127.0.0.1:51489 - R:localhost/127.0.0.1:38028] for POST '/session/49c98c64283fb433bbd32082806c90dd/element/b84f17e4-9b24-40f4-a33a-3685d409bb78/click'
14:03:47.938 [AsyncHttpClient-1-1] DEBUG org.asynchttpclient.netty.channel.DefaultChannelPool - Entry count for : http://localhost:51490 : 1
14:03:48.428 [AsyncHttpClient-1-6] DEBUG org.asynchttpclient.netty.handler.HttpHandler - 

Request DefaultHttpRequest(decodeResult: success, version: HTTP/1.1)
POST /session/49c98c64283fb433bbd32082806c90dd/element/b84f17e4-9b24-40f4-a33a-3685d409bb78/click HTTP/1.1
User-Agent: selenium/4.8.1 (java windows)
Content-Length: 50
Content-Type: application/json; charset=utf-8
host: localhost:38028
accept: */*

Response DefaultHttpResponse(decodeResult: success, version: HTTP/1.1)
HTTP/1.1 400 Bad Request
Content-Length: 1286
Content-Type: application/json; charset=utf-8
cache-control: no-cache

14:03:48.428 [AsyncHttpClient-1-6] DEBUG org.asynchttpclient.netty.channel.ChannelManager - Adding key: http://localhost:38028 for channel [id: 0x4f414ede, L:/127.0.0.1:51489 - R:localhost/127.0.0.1:38028]
14:03:48.692 [Forwarding clickElement on session 49c98c64283fb433bbd32082806c90dd to remote] DEBUG org.asynchttpclient.netty.request.NettyRequestSender - Using pooled Channel '[id: 0x4f414ede, L:/127.0.0.1:51489 - R:localhost/127.0.0.1:38028]' for 'POST' to 'http://localhost:38028/session/49c98c64283fb433bbd32082806c90dd/element/b84f17e4-9b24-40f4-a33a-3685d409bb78/click'
14:03:48.692 [Forwarding clickElement on session 49c98c64283fb433bbd32082806c90dd to remote] DEBUG org.asynchttpclient.netty.request.NettyRequestSender - Using open Channel [id: 0x4f414ede, L:/127.0.0.1:51489 - R:localhost/127.0.0.1:38028] for POST '/session/49c98c64283fb433bbd32082806c90dd/element/b84f17e4-9b24-40f4-a33a-3685d409bb78/click'
14:03:49.035 [AsyncHttpClient-1-1] DEBUG org.asynchttpclient.netty.channel.DefaultChannelPool - Entry count for : http://localhost:51490 : 1
14:03:49.188 [AsyncHttpClient-1-6] DEBUG org.asynchttpclient.netty.handler.HttpHandler - 

Request DefaultHttpRequest(decodeResult: success, version: HTTP/1.1)
POST /session/49c98c64283fb433bbd32082806c90dd/element/b84f17e4-9b24-40f4-a33a-3685d409bb78/click HTTP/1.1
User-Agent: selenium/4.8.1 (java windows)
Content-Length: 50
Content-Type: application/json; charset=utf-8
host: localhost:38028
accept: */*

Response DefaultHttpResponse(decodeResult: success, version: HTTP/1.1)
HTTP/1.1 200 OK
Content-Length: 14
Content-Type: application/json; charset=utf-8
cache-control: no-cache

14:03:49.189 [AsyncHttpClient-1-6] DEBUG org.asynchttpclient.netty.channel.ChannelManager - Adding key: http://localhost:38028 for channel [id: 0x4f414ede, L:/127.0.0.1:51489 - R:localhost/127.0.0.1:38028]
14:03:49.209 [Forwarding getAlertText on session 49c98c64283fb433bbd32082806c90dd to remote] DEBUG org.asynchttpclient.netty.request.NettyRequestSender - Using pooled Channel '[id: 0x4f414ede, L:/127.0.0.1:51489 - R:localhost/127.0.0.1:38028]' for 'GET' to 'http://localhost:38028/session/49c98c64283fb433bbd32082806c90dd/alert/text'
14:03:49.209 [Forwarding getAlertText on session 49c98c64283fb433bbd32082806c90dd to remote] DEBUG org.asynchttpclient.netty.request.NettyRequestSender - Using open Channel [id: 0x4f414ede, L:/127.0.0.1:51489 - R:localhost/127.0.0.1:38028] for GET '/session/49c98c64283fb433bbd32082806c90dd/alert/text'
14:03:49.220 [AsyncHttpClient-1-6] DEBUG org.asynchttpclient.netty.handler.HttpHandler - 

Request DefaultFullHttpRequest(decodeResult: success, version: HTTP/1.1, content: EmptyByteBufBE)
GET /session/49c98c64283fb433bbd32082806c90dd/alert/text HTTP/1.1
User-Agent: selenium/4.8.1 (java windows)
Cache-Control: no-cache
Content-Type: application/json; charset=utf-8
host: localhost:38028
accept: */*

Response DefaultHttpResponse(decodeResult: success, version: HTTP/1.1)
HTTP/1.1 404 Not Found
Content-Length: 836
Content-Type: application/json; charset=utf-8
cache-control: no-cache

14:03:49.220 [AsyncHttpClient-1-6] DEBUG org.asynchttpclient.netty.channel.ChannelManager - Adding key: http://localhost:38028 for channel [id: 0x4f414ede, L:/127.0.0.1:51489 - R:localhost/127.0.0.1:38028]
14:03:49.223 [Forwarding getCurrentUrl on session 49c98c64283fb433bbd32082806c90dd to remote] DEBUG org.asynchttpclient.netty.request.NettyRequestSender - Using pooled Channel '[id: 0x4f414ede, L:/127.0.0.1:51489 - R:localhost/127.0.0.1:38028]' for 'GET' to 'http://localhost:38028/session/49c98c64283fb433bbd32082806c90dd/url'
14:03:49.224 [Forwarding getCurrentUrl on session 49c98c64283fb433bbd32082806c90dd to remote] DEBUG org.asynchttpclient.netty.request.NettyRequestSender - Using open Channel [id: 0x4f414ede, L:/127.0.0.1:51489 - R:localhost/127.0.0.1:38028] for GET '/session/49c98c64283fb433bbd32082806c90dd/url'
14:03:49.271 [AsyncHttpClient-1-6] DEBUG org.asynchttpclient.netty.handler.HttpHandler - 

Request DefaultFullHttpRequest(decodeResult: success, version: HTTP/1.1, content: EmptyByteBufBE)
GET /session/49c98c64283fb433bbd32082806c90dd/url HTTP/1.1
User-Agent: selenium/4.8.1 (java windows)
Cache-Control: no-cache
Content-Type: application/json; charset=utf-8
host: localhost:38028
accept: */*

Response DefaultHttpResponse(decodeResult: success, version: HTTP/1.1)
HTTP/1.1 200 OK
Content-Length: 53
Content-Type: application/json; charset=utf-8
cache-control: no-cache

14:03:49.271 [AsyncHttpClient-1-6] DEBUG org.asynchttpclient.netty.channel.ChannelManager - Adding key: http://localhost:38028 for channel [id: 0x4f414ede, L:/127.0.0.1:51489 - R:localhost/127.0.0.1:38028]
14:03:49.274 [Forwarding screenshot on session 49c98c64283fb433bbd32082806c90dd to remote] DEBUG org.asynchttpclient.netty.request.NettyRequestSender - Using pooled Channel '[id: 0x4f414ede, L:/127.0.0.1:51489 - R:localhost/127.0.0.1:38028]' for 'GET' to 'http://localhost:38028/session/49c98c64283fb433bbd32082806c90dd/screenshot'
14:03:49.274 [Forwarding screenshot on session 49c98c64283fb433bbd32082806c90dd to remote] DEBUG org.asynchttpclient.netty.request.NettyRequestSender - Using open Channel [id: 0x4f414ede, L:/127.0.0.1:51489 - R:localhost/127.0.0.1:38028] for GET '/session/49c98c64283fb433bbd32082806c90dd/screenshot'
14:03:49.549 [AsyncHttpClient-1-6] DEBUG org.asynchttpclient.netty.handler.HttpHandler - 

Request DefaultFullHttpRequest(decodeResult: success, version: HTTP/1.1, content: EmptyByteBufBE)
GET /session/49c98c64283fb433bbd32082806c90dd/screenshot HTTP/1.1
User-Agent: selenium/4.8.1 (java windows)
Cache-Control: no-cache
Content-Type: application/json; charset=utf-8
host: localhost:38028
accept: */*

Response DefaultHttpResponse(decodeResult: success, version: HTTP/1.1)
HTTP/1.1 200 OK
Content-Length: 164340
Content-Type: application/json; charset=utf-8
cache-control: no-cache

14:03:49.550 [AsyncHttpClient-1-6] DEBUG org.asynchttpclient.netty.channel.ChannelManager - Adding key: http://localhost:38028 for channel [id: 0x4f414ede, L:/127.0.0.1:51489 - R:localhost/127.0.0.1:38028]
14:03:49.565 [main] DEBUG net.serenitybdd.core.photography.Darkroom - Send negative for processing for target\site\serenity\407ac44dda64f8e2c5dbaf47c2120091ccefaa30023c91887fda1efe6f32ed02.png
14:03:49.567 [main] DEBUG net.thucydides.core.steps.StepInterceptor - STEP DONE: pulsaButton
14:03:49.582 [Forwarding getPageSource on session 49c98c64283fb433bbd32082806c90dd to remote] DEBUG org.asynchttpclient.netty.request.NettyRequestSender - Using pooled Channel '[id: 0x4f414ede, L:/127.0.0.1:51489 - R:localhost/127.0.0.1:38028]' for 'POST' to 'http://localhost:38028/session/49c98c64283fb433bbd32082806c90dd/execute/sync'
14:03:49.582 [Forwarding getPageSource on session 49c98c64283fb433bbd32082806c90dd to remote] DEBUG org.asynchttpclient.netty.request.NettyRequestSender - Using open Channel [id: 0x4f414ede, L:/127.0.0.1:51489 - R:localhost/127.0.0.1:38028] for POST '/session/49c98c64283fb433bbd32082806c90dd/execute/sync'
14:03:49.608 [AsyncHttpClient-1-6] DEBUG org.asynchttpclient.netty.handler.HttpHandler - 

Request DefaultHttpRequest(decodeResult: success, version: HTTP/1.1)
POST /session/49c98c64283fb433bbd32082806c90dd/execute/sync HTTP/1.1
User-Agent: selenium/4.8.1 (java windows)
Content-Length: 176
Content-Type: application/json; charset=utf-8
host: localhost:38028
accept: */*

Response DefaultHttpResponse(decodeResult: success, version: HTTP/1.1)
HTTP/1.1 200 OK
Content-Length: 210881
Content-Type: application/json; charset=utf-8
cache-control: no-cache

14:03:49.609 [AsyncHttpClient-1-6] DEBUG org.asynchttpclient.netty.channel.ChannelManager - Adding key: http://localhost:38028 for channel [id: 0x4f414ede, L:/127.0.0.1:51489 - R:localhost/127.0.0.1:38028]
14:03:49.628 [Forwarding getCurrentUrl on session 49c98c64283fb433bbd32082806c90dd to remote] DEBUG org.asynchttpclient.netty.request.NettyRequestSender - Using pooled Channel '[id: 0x4f414ede, L:/127.0.0.1:51489 - R:localhost/127.0.0.1:38028]' for 'GET' to 'http://localhost:38028/session/49c98c64283fb433bbd32082806c90dd/url'
14:03:49.628 [Forwarding getCurrentUrl on session 49c98c64283fb433bbd32082806c90dd to remote] DEBUG org.asynchttpclient.netty.request.NettyRequestSender - Using open Channel [id: 0x4f414ede, L:/127.0.0.1:51489 - R:localhost/127.0.0.1:38028] for GET '/session/49c98c64283fb433bbd32082806c90dd/url'
14:03:49.638 [AsyncHttpClient-1-6] DEBUG org.asynchttpclient.netty.handler.HttpHandler - 

Request DefaultFullHttpRequest(decodeResult: success, version: HTTP/1.1, content: EmptyByteBufBE)
GET /session/49c98c64283fb433bbd32082806c90dd/url HTTP/1.1
User-Agent: selenium/4.8.1 (java windows)
Cache-Control: no-cache
Content-Type: application/json; charset=utf-8
host: localhost:38028
accept: */*

Response DefaultHttpResponse(decodeResult: success, version: HTTP/1.1)
HTTP/1.1 200 OK
Content-Length: 53
Content-Type: application/json; charset=utf-8
cache-control: no-cache

14:03:49.638 [AsyncHttpClient-1-6] DEBUG org.asynchttpclient.netty.channel.ChannelManager - Adding key: http://localhost:38028 for channel [id: 0x4f414ede, L:/127.0.0.1:51489 - R:localhost/127.0.0.1:38028]
14:03:49.641 [main] DEBUG net.thucydides.core.steps.StepInterceptor - STARTING STEP: ProductPaymentSteps.alreadyChooseAProduct - inputNumber
14:03:49.645 [Forwarding findElement on session 49c98c64283fb433bbd32082806c90dd to remote] DEBUG org.asynchttpclient.netty.request.NettyRequestSender - Using pooled Channel '[id: 0x4f414ede, L:/127.0.0.1:51489 - R:localhost/127.0.0.1:38028]' for 'POST' to 'http://localhost:38028/session/49c98c64283fb433bbd32082806c90dd/element'
14:03:49.645 [Forwarding findElement on session 49c98c64283fb433bbd32082806c90dd to remote] DEBUG org.asynchttpclient.netty.request.NettyRequestSender - Using open Channel [id: 0x4f414ede, L:/127.0.0.1:51489 - R:localhost/127.0.0.1:38028] for POST '/session/49c98c64283fb433bbd32082806c90dd/element'
14:03:49.668 [AsyncHttpClient-1-6] DEBUG org.asynchttpclient.netty.handler.HttpHandler - 

Request DefaultHttpRequest(decodeResult: success, version: HTTP/1.1)
POST /session/49c98c64283fb433bbd32082806c90dd/element HTTP/1.1
User-Agent: selenium/4.8.1 (java windows)
Content-Length: 57
Content-Type: application/json; charset=utf-8
host: localhost:38028
accept: */*

Response DefaultHttpResponse(decodeResult: success, version: HTTP/1.1)
HTTP/1.1 200 OK
Content-Length: 88
Content-Type: application/json; charset=utf-8
cache-control: no-cache

14:03:49.668 [AsyncHttpClient-1-6] DEBUG org.asynchttpclient.netty.channel.ChannelManager - Adding key: http://localhost:38028 for channel [id: 0x4f414ede, L:/127.0.0.1:51489 - R:localhost/127.0.0.1:38028]
14:03:49.669 [Forwarding clearElement on session 49c98c64283fb433bbd32082806c90dd to remote] DEBUG org.asynchttpclient.netty.request.NettyRequestSender - Using pooled Channel '[id: 0x4f414ede, L:/127.0.0.1:51489 - R:localhost/127.0.0.1:38028]' for 'POST' to 'http://localhost:38028/session/49c98c64283fb433bbd32082806c90dd/element/b9e951f1-fe0d-418a-bac7-0fe6854d2193/clear'
14:03:49.669 [Forwarding clearElement on session 49c98c64283fb433bbd32082806c90dd to remote] DEBUG org.asynchttpclient.netty.request.NettyRequestSender - Using open Channel [id: 0x4f414ede, L:/127.0.0.1:51489 - R:localhost/127.0.0.1:38028] for POST '/session/49c98c64283fb433bbd32082806c90dd/element/b9e951f1-fe0d-418a-bac7-0fe6854d2193/clear'
14:03:49.746 [AsyncHttpClient-1-6] DEBUG org.asynchttpclient.netty.handler.HttpHandler - 

Request DefaultHttpRequest(decodeResult: success, version: HTTP/1.1)
POST /session/49c98c64283fb433bbd32082806c90dd/element/b9e951f1-fe0d-418a-bac7-0fe6854d2193/clear HTTP/1.1
User-Agent: selenium/4.8.1 (java windows)
Content-Length: 50
Content-Type: application/json; charset=utf-8
host: localhost:38028
accept: */*

Response DefaultHttpResponse(decodeResult: success, version: HTTP/1.1)
HTTP/1.1 200 OK
Content-Length: 14
Content-Type: application/json; charset=utf-8
cache-control: no-cache

14:03:49.746 [AsyncHttpClient-1-6] DEBUG org.asynchttpclient.netty.channel.ChannelManager - Adding key: http://localhost:38028 for channel [id: 0x4f414ede, L:/127.0.0.1:51489 - R:localhost/127.0.0.1:38028]
14:03:49.749 [Forwarding sendKeysToElement on session 49c98c64283fb433bbd32082806c90dd to remote] DEBUG org.asynchttpclient.netty.request.NettyRequestSender - Using pooled Channel '[id: 0x4f414ede, L:/127.0.0.1:51489 - R:localhost/127.0.0.1:38028]' for 'POST' to 'http://localhost:38028/session/49c98c64283fb433bbd32082806c90dd/element/b9e951f1-fe0d-418a-bac7-0fe6854d2193/value'
14:03:49.749 [Forwarding sendKeysToElement on session 49c98c64283fb433bbd32082806c90dd to remote] DEBUG org.asynchttpclient.netty.request.NettyRequestSender - Using open Channel [id: 0x4f414ede, L:/127.0.0.1:51489 - R:localhost/127.0.0.1:38028] for POST '/session/49c98c64283fb433bbd32082806c90dd/element/b9e951f1-fe0d-418a-bac7-0fe6854d2193/value'
14:03:50.109 [AsyncHttpClient-1-6] DEBUG org.asynchttpclient.netty.handler.HttpHandler - 

Request DefaultHttpRequest(decodeResult: success, version: HTTP/1.1)
POST /session/49c98c64283fb433bbd32082806c90dd/element/b9e951f1-fe0d-418a-bac7-0fe6854d2193/value HTTP/1.1
User-Agent: selenium/4.8.1 (java windows)
Content-Length: 201
Content-Type: application/json; charset=utf-8
host: localhost:38028
accept: */*

Response DefaultHttpResponse(decodeResult: success, version: HTTP/1.1)
HTTP/1.1 200 OK
Content-Length: 14
Content-Type: application/json; charset=utf-8
cache-control: no-cache

14:03:50.109 [AsyncHttpClient-1-6] DEBUG org.asynchttpclient.netty.channel.ChannelManager - Adding key: http://localhost:38028 for channel [id: 0x4f414ede, L:/127.0.0.1:51489 - R:localhost/127.0.0.1:38028]
14:03:50.122 [Forwarding getAlertText on session 49c98c64283fb433bbd32082806c90dd to remote] DEBUG org.asynchttpclient.netty.request.NettyRequestSender - Using pooled Channel '[id: 0x4f414ede, L:/127.0.0.1:51489 - R:localhost/127.0.0.1:38028]' for 'GET' to 'http://localhost:38028/session/49c98c64283fb433bbd32082806c90dd/alert/text'
14:03:50.122 [Forwarding getAlertText on session 49c98c64283fb433bbd32082806c90dd to remote] DEBUG org.asynchttpclient.netty.request.NettyRequestSender - Using open Channel [id: 0x4f414ede, L:/127.0.0.1:51489 - R:localhost/127.0.0.1:38028] for GET '/session/49c98c64283fb433bbd32082806c90dd/alert/text'
14:03:50.134 [AsyncHttpClient-1-1] DEBUG org.asynchttpclient.netty.channel.DefaultChannelPool - Entry count for : http://localhost:51490 : 1
14:03:50.135 [AsyncHttpClient-1-6] DEBUG org.asynchttpclient.netty.handler.HttpHandler - 

Request DefaultFullHttpRequest(decodeResult: success, version: HTTP/1.1, content: EmptyByteBufBE)
GET /session/49c98c64283fb433bbd32082806c90dd/alert/text HTTP/1.1
User-Agent: selenium/4.8.1 (java windows)
Cache-Control: no-cache
Content-Type: application/json; charset=utf-8
host: localhost:38028
accept: */*

Response DefaultHttpResponse(decodeResult: success, version: HTTP/1.1)
HTTP/1.1 404 Not Found
Content-Length: 836
Content-Type: application/json; charset=utf-8
cache-control: no-cache

14:03:50.136 [AsyncHttpClient-1-6] DEBUG org.asynchttpclient.netty.channel.ChannelManager - Adding key: http://localhost:38028 for channel [id: 0x4f414ede, L:/127.0.0.1:51489 - R:localhost/127.0.0.1:38028]
14:03:50.137 [Forwarding getCurrentUrl on session 49c98c64283fb433bbd32082806c90dd to remote] DEBUG org.asynchttpclient.netty.request.NettyRequestSender - Using pooled Channel '[id: 0x4f414ede, L:/127.0.0.1:51489 - R:localhost/127.0.0.1:38028]' for 'GET' to 'http://localhost:38028/session/49c98c64283fb433bbd32082806c90dd/url'
14:03:50.137 [Forwarding getCurrentUrl on session 49c98c64283fb433bbd32082806c90dd to remote] DEBUG org.asynchttpclient.netty.request.NettyRequestSender - Using open Channel [id: 0x4f414ede, L:/127.0.0.1:51489 - R:localhost/127.0.0.1:38028] for GET '/session/49c98c64283fb433bbd32082806c90dd/url'
14:03:50.159 [AsyncHttpClient-1-6] DEBUG org.asynchttpclient.netty.handler.HttpHandler - 

Request DefaultFullHttpRequest(decodeResult: success, version: HTTP/1.1, content: EmptyByteBufBE)
GET /session/49c98c64283fb433bbd32082806c90dd/url HTTP/1.1
User-Agent: selenium/4.8.1 (java windows)
Cache-Control: no-cache
Content-Type: application/json; charset=utf-8
host: localhost:38028
accept: */*

Response DefaultHttpResponse(decodeResult: success, version: HTTP/1.1)
HTTP/1.1 200 OK
Content-Length: 53
Content-Type: application/json; charset=utf-8
cache-control: no-cache

14:03:50.159 [AsyncHttpClient-1-6] DEBUG org.asynchttpclient.netty.channel.ChannelManager - Adding key: http://localhost:38028 for channel [id: 0x4f414ede, L:/127.0.0.1:51489 - R:localhost/127.0.0.1:38028]
14:03:50.160 [Forwarding screenshot on session 49c98c64283fb433bbd32082806c90dd to remote] DEBUG org.asynchttpclient.netty.request.NettyRequestSender - Using pooled Channel '[id: 0x4f414ede, L:/127.0.0.1:51489 - R:localhost/127.0.0.1:38028]' for 'GET' to 'http://localhost:38028/session/49c98c64283fb433bbd32082806c90dd/screenshot'
14:03:50.160 [Forwarding screenshot on session 49c98c64283fb433bbd32082806c90dd to remote] DEBUG org.asynchttpclient.netty.request.NettyRequestSender - Using open Channel [id: 0x4f414ede, L:/127.0.0.1:51489 - R:localhost/127.0.0.1:38028] for GET '/session/49c98c64283fb433bbd32082806c90dd/screenshot'
14:03:50.332 [AsyncHttpClient-1-6] DEBUG org.asynchttpclient.netty.handler.HttpHandler - 

Request DefaultFullHttpRequest(decodeResult: success, version: HTTP/1.1, content: EmptyByteBufBE)
GET /session/49c98c64283fb433bbd32082806c90dd/screenshot HTTP/1.1
User-Agent: selenium/4.8.1 (java windows)
Cache-Control: no-cache
Content-Type: application/json; charset=utf-8
host: localhost:38028
accept: */*

Response DefaultHttpResponse(decodeResult: success, version: HTTP/1.1)
HTTP/1.1 200 OK
Content-Length: 135224
Content-Type: application/json; charset=utf-8
cache-control: no-cache

14:03:50.332 [AsyncHttpClient-1-6] DEBUG org.asynchttpclient.netty.channel.ChannelManager - Adding key: http://localhost:38028 for channel [id: 0x4f414ede, L:/127.0.0.1:51489 - R:localhost/127.0.0.1:38028]
14:03:50.336 [main] DEBUG net.serenitybdd.core.photography.Darkroom - Send negative for processing for target\site\serenity\93b9c9fde7a18d8978a6b47680e39b41158aa37b38b5a089eb2d2f4b3da64213.png
14:03:50.336 [main] DEBUG net.thucydides.core.steps.StepInterceptor - STEP DONE: inputNumber
14:03:50.343 [Forwarding getPageSource on session 49c98c64283fb433bbd32082806c90dd to remote] DEBUG org.asynchttpclient.netty.request.NettyRequestSender - Using pooled Channel '[id: 0x4f414ede, L:/127.0.0.1:51489 - R:localhost/127.0.0.1:38028]' for 'POST' to 'http://localhost:38028/session/49c98c64283fb433bbd32082806c90dd/execute/sync'
14:03:50.343 [Forwarding getPageSource on session 49c98c64283fb433bbd32082806c90dd to remote] DEBUG org.asynchttpclient.netty.request.NettyRequestSender - Using open Channel [id: 0x4f414ede, L:/127.0.0.1:51489 - R:localhost/127.0.0.1:38028] for POST '/session/49c98c64283fb433bbd32082806c90dd/execute/sync'
14:03:50.365 [AsyncHttpClient-1-6] DEBUG org.asynchttpclient.netty.handler.HttpHandler - 

Request DefaultHttpRequest(decodeResult: success, version: HTTP/1.1)
POST /session/49c98c64283fb433bbd32082806c90dd/execute/sync HTTP/1.1
User-Agent: selenium/4.8.1 (java windows)
Content-Length: 176
Content-Type: application/json; charset=utf-8
host: localhost:38028
accept: */*

Response DefaultHttpResponse(decodeResult: success, version: HTTP/1.1)
HTTP/1.1 200 OK
Content-Length: 151929
Content-Type: application/json; charset=utf-8
cache-control: no-cache

14:03:50.365 [AsyncHttpClient-1-6] DEBUG org.asynchttpclient.netty.channel.ChannelManager - Adding key: http://localhost:38028 for channel [id: 0x4f414ede, L:/127.0.0.1:51489 - R:localhost/127.0.0.1:38028]
14:03:50.375 [Forwarding getCurrentUrl on session 49c98c64283fb433bbd32082806c90dd to remote] DEBUG org.asynchttpclient.netty.request.NettyRequestSender - Using pooled Channel '[id: 0x4f414ede, L:/127.0.0.1:51489 - R:localhost/127.0.0.1:38028]' for 'GET' to 'http://localhost:38028/session/49c98c64283fb433bbd32082806c90dd/url'
14:03:50.375 [Forwarding getCurrentUrl on session 49c98c64283fb433bbd32082806c90dd to remote] DEBUG org.asynchttpclient.netty.request.NettyRequestSender - Using open Channel [id: 0x4f414ede, L:/127.0.0.1:51489 - R:localhost/127.0.0.1:38028] for GET '/session/49c98c64283fb433bbd32082806c90dd/url'
14:03:50.380 [AsyncHttpClient-1-6] DEBUG org.asynchttpclient.netty.handler.HttpHandler - 

Request DefaultFullHttpRequest(decodeResult: success, version: HTTP/1.1, content: EmptyByteBufBE)
GET /session/49c98c64283fb433bbd32082806c90dd/url HTTP/1.1
User-Agent: selenium/4.8.1 (java windows)
Cache-Control: no-cache
Content-Type: application/json; charset=utf-8
host: localhost:38028
accept: */*

Response DefaultHttpResponse(decodeResult: success, version: HTTP/1.1)
HTTP/1.1 200 OK
Content-Length: 53
Content-Type: application/json; charset=utf-8
cache-control: no-cache

14:03:50.380 [AsyncHttpClient-1-6] DEBUG org.asynchttpclient.netty.channel.ChannelManager - Adding key: http://localhost:38028 for channel [id: 0x4f414ede, L:/127.0.0.1:51489 - R:localhost/127.0.0.1:38028]
14:03:50.383 [main] DEBUG net.thucydides.core.steps.StepInterceptor - STARTING STEP: ProductPaymentSteps.alreadyChooseAProduct - clickProduct
14:03:50.386 [Forwarding findElement on session 49c98c64283fb433bbd32082806c90dd to remote] DEBUG org.asynchttpclient.netty.request.NettyRequestSender - Using pooled Channel '[id: 0x4f414ede, L:/127.0.0.1:51489 - R:localhost/127.0.0.1:38028]' for 'POST' to 'http://localhost:38028/session/49c98c64283fb433bbd32082806c90dd/element'
14:03:50.386 [Forwarding findElement on session 49c98c64283fb433bbd32082806c90dd to remote] DEBUG org.asynchttpclient.netty.request.NettyRequestSender - Using open Channel [id: 0x4f414ede, L:/127.0.0.1:51489 - R:localhost/127.0.0.1:38028] for POST '/session/49c98c64283fb433bbd32082806c90dd/element'
14:03:50.399 [AsyncHttpClient-1-6] DEBUG org.asynchttpclient.netty.handler.HttpHandler - 

Request DefaultHttpRequest(decodeResult: success, version: HTTP/1.1)
POST /session/49c98c64283fb433bbd32082806c90dd/element HTTP/1.1
User-Agent: selenium/4.8.1 (java windows)
Content-Length: 67
Content-Type: application/json; charset=utf-8
host: localhost:38028
accept: */*

Response DefaultHttpResponse(decodeResult: success, version: HTTP/1.1)
HTTP/1.1 200 OK
Content-Length: 88
Content-Type: application/json; charset=utf-8
cache-control: no-cache

14:03:50.400 [AsyncHttpClient-1-6] DEBUG org.asynchttpclient.netty.channel.ChannelManager - Adding key: http://localhost:38028 for channel [id: 0x4f414ede, L:/127.0.0.1:51489 - R:localhost/127.0.0.1:38028]
14:03:50.401 [Forwarding getElementTagName on session 49c98c64283fb433bbd32082806c90dd to remote] DEBUG org.asynchttpclient.netty.request.NettyRequestSender - Using pooled Channel '[id: 0x4f414ede, L:/127.0.0.1:51489 - R:localhost/127.0.0.1:38028]' for 'GET' to 'http://localhost:38028/session/49c98c64283fb433bbd32082806c90dd/element/921777d6-63d6-4800-ae98-283d3c51222f/name'
14:03:50.401 [Forwarding getElementTagName on session 49c98c64283fb433bbd32082806c90dd to remote] DEBUG org.asynchttpclient.netty.request.NettyRequestSender - Using open Channel [id: 0x4f414ede, L:/127.0.0.1:51489 - R:localhost/127.0.0.1:38028] for GET '/session/49c98c64283fb433bbd32082806c90dd/element/921777d6-63d6-4800-ae98-283d3c51222f/name'
14:03:50.407 [AsyncHttpClient-1-6] DEBUG org.asynchttpclient.netty.handler.HttpHandler - 

Request DefaultFullHttpRequest(decodeResult: success, version: HTTP/1.1, content: EmptyByteBufBE)
GET /session/49c98c64283fb433bbd32082806c90dd/element/921777d6-63d6-4800-ae98-283d3c51222f/name HTTP/1.1
User-Agent: selenium/4.8.1 (java windows)
Cache-Control: no-cache
Content-Type: application/json; charset=utf-8
host: localhost:38028
accept: */*

Response DefaultHttpResponse(decodeResult: success, version: HTTP/1.1)
HTTP/1.1 200 OK
Content-Length: 15
Content-Type: application/json; charset=utf-8
cache-control: no-cache

14:03:50.407 [AsyncHttpClient-1-6] DEBUG org.asynchttpclient.netty.channel.ChannelManager - Adding key: http://localhost:38028 for channel [id: 0x4f414ede, L:/127.0.0.1:51489 - R:localhost/127.0.0.1:38028]
14:03:50.409 [Forwarding getElementTagName on session 49c98c64283fb433bbd32082806c90dd to remote] DEBUG org.asynchttpclient.netty.request.NettyRequestSender - Using pooled Channel '[id: 0x4f414ede, L:/127.0.0.1:51489 - R:localhost/127.0.0.1:38028]' for 'GET' to 'http://localhost:38028/session/49c98c64283fb433bbd32082806c90dd/element/921777d6-63d6-4800-ae98-283d3c51222f/name'
14:03:50.410 [Forwarding getElementTagName on session 49c98c64283fb433bbd32082806c90dd to remote] DEBUG org.asynchttpclient.netty.request.NettyRequestSender - Using open Channel [id: 0x4f414ede, L:/127.0.0.1:51489 - R:localhost/127.0.0.1:38028] for GET '/session/49c98c64283fb433bbd32082806c90dd/element/921777d6-63d6-4800-ae98-283d3c51222f/name'
14:03:50.418 [AsyncHttpClient-1-6] DEBUG org.asynchttpclient.netty.handler.HttpHandler - 

Request DefaultFullHttpRequest(decodeResult: success, version: HTTP/1.1, content: EmptyByteBufBE)
GET /session/49c98c64283fb433bbd32082806c90dd/element/921777d6-63d6-4800-ae98-283d3c51222f/name HTTP/1.1
User-Agent: selenium/4.8.1 (java windows)
Cache-Control: no-cache
Content-Type: application/json; charset=utf-8
host: localhost:38028
accept: */*

Response DefaultHttpResponse(decodeResult: success, version: HTTP/1.1)
HTTP/1.1 200 OK
Content-Length: 15
Content-Type: application/json; charset=utf-8
cache-control: no-cache

14:03:50.418 [AsyncHttpClient-1-6] DEBUG org.asynchttpclient.netty.channel.ChannelManager - Adding key: http://localhost:38028 for channel [id: 0x4f414ede, L:/127.0.0.1:51489 - R:localhost/127.0.0.1:38028]
14:03:50.421 [Forwarding findElement on session 49c98c64283fb433bbd32082806c90dd to remote] DEBUG org.asynchttpclient.netty.request.NettyRequestSender - Using pooled Channel '[id: 0x4f414ede, L:/127.0.0.1:51489 - R:localhost/127.0.0.1:38028]' for 'POST' to 'http://localhost:38028/session/49c98c64283fb433bbd32082806c90dd/element'
14:03:50.421 [Forwarding findElement on session 49c98c64283fb433bbd32082806c90dd to remote] DEBUG org.asynchttpclient.netty.request.NettyRequestSender - Using open Channel [id: 0x4f414ede, L:/127.0.0.1:51489 - R:localhost/127.0.0.1:38028] for POST '/session/49c98c64283fb433bbd32082806c90dd/element'
14:03:50.432 [AsyncHttpClient-1-6] DEBUG org.asynchttpclient.netty.handler.HttpHandler - 

Request DefaultHttpRequest(decodeResult: success, version: HTTP/1.1)
POST /session/49c98c64283fb433bbd32082806c90dd/element HTTP/1.1
User-Agent: selenium/4.8.1 (java windows)
Content-Length: 67
Content-Type: application/json; charset=utf-8
host: localhost:38028
accept: */*

Response DefaultHttpResponse(decodeResult: success, version: HTTP/1.1)
HTTP/1.1 200 OK
Content-Length: 88
Content-Type: application/json; charset=utf-8
cache-control: no-cache

14:03:50.433 [AsyncHttpClient-1-6] DEBUG org.asynchttpclient.netty.channel.ChannelManager - Adding key: http://localhost:38028 for channel [id: 0x4f414ede, L:/127.0.0.1:51489 - R:localhost/127.0.0.1:38028]
14:03:50.435 [Forwarding clickElement on session 49c98c64283fb433bbd32082806c90dd to remote] DEBUG org.asynchttpclient.netty.request.NettyRequestSender - Using pooled Channel '[id: 0x4f414ede, L:/127.0.0.1:51489 - R:localhost/127.0.0.1:38028]' for 'POST' to 'http://localhost:38028/session/49c98c64283fb433bbd32082806c90dd/element/921777d6-63d6-4800-ae98-283d3c51222f/click'
14:03:50.435 [Forwarding clickElement on session 49c98c64283fb433bbd32082806c90dd to remote] DEBUG org.asynchttpclient.netty.request.NettyRequestSender - Using open Channel [id: 0x4f414ede, L:/127.0.0.1:51489 - R:localhost/127.0.0.1:38028] for POST '/session/49c98c64283fb433bbd32082806c90dd/element/921777d6-63d6-4800-ae98-283d3c51222f/click'
14:03:50.520 [AsyncHttpClient-1-6] DEBUG org.asynchttpclient.netty.handler.HttpHandler - 

Request DefaultHttpRequest(decodeResult: success, version: HTTP/1.1)
POST /session/49c98c64283fb433bbd32082806c90dd/element/921777d6-63d6-4800-ae98-283d3c51222f/click HTTP/1.1
User-Agent: selenium/4.8.1 (java windows)
Content-Length: 50
Content-Type: application/json; charset=utf-8
host: localhost:38028
accept: */*

Response DefaultHttpResponse(decodeResult: success, version: HTTP/1.1)
HTTP/1.1 200 OK
Content-Length: 14
Content-Type: application/json; charset=utf-8
cache-control: no-cache

14:03:50.520 [AsyncHttpClient-1-6] DEBUG org.asynchttpclient.netty.channel.ChannelManager - Adding key: http://localhost:38028 for channel [id: 0x4f414ede, L:/127.0.0.1:51489 - R:localhost/127.0.0.1:38028]
14:03:50.535 [Forwarding getAlertText on session 49c98c64283fb433bbd32082806c90dd to remote] DEBUG org.asynchttpclient.netty.request.NettyRequestSender - Using pooled Channel '[id: 0x4f414ede, L:/127.0.0.1:51489 - R:localhost/127.0.0.1:38028]' for 'GET' to 'http://localhost:38028/session/49c98c64283fb433bbd32082806c90dd/alert/text'
14:03:50.535 [Forwarding getAlertText on session 49c98c64283fb433bbd32082806c90dd to remote] DEBUG org.asynchttpclient.netty.request.NettyRequestSender - Using open Channel [id: 0x4f414ede, L:/127.0.0.1:51489 - R:localhost/127.0.0.1:38028] for GET '/session/49c98c64283fb433bbd32082806c90dd/alert/text'
14:03:50.544 [AsyncHttpClient-1-6] DEBUG org.asynchttpclient.netty.handler.HttpHandler - 

Request DefaultFullHttpRequest(decodeResult: success, version: HTTP/1.1, content: EmptyByteBufBE)
GET /session/49c98c64283fb433bbd32082806c90dd/alert/text HTTP/1.1
User-Agent: selenium/4.8.1 (java windows)
Cache-Control: no-cache
Content-Type: application/json; charset=utf-8
host: localhost:38028
accept: */*

Response DefaultHttpResponse(decodeResult: success, version: HTTP/1.1)
HTTP/1.1 404 Not Found
Content-Length: 836
Content-Type: application/json; charset=utf-8
cache-control: no-cache

14:03:50.545 [AsyncHttpClient-1-6] DEBUG org.asynchttpclient.netty.channel.ChannelManager - Adding key: http://localhost:38028 for channel [id: 0x4f414ede, L:/127.0.0.1:51489 - R:localhost/127.0.0.1:38028]
14:03:50.548 [Forwarding getCurrentUrl on session 49c98c64283fb433bbd32082806c90dd to remote] DEBUG org.asynchttpclient.netty.request.NettyRequestSender - Using pooled Channel '[id: 0x4f414ede, L:/127.0.0.1:51489 - R:localhost/127.0.0.1:38028]' for 'GET' to 'http://localhost:38028/session/49c98c64283fb433bbd32082806c90dd/url'
14:03:50.548 [Forwarding getCurrentUrl on session 49c98c64283fb433bbd32082806c90dd to remote] DEBUG org.asynchttpclient.netty.request.NettyRequestSender - Using open Channel [id: 0x4f414ede, L:/127.0.0.1:51489 - R:localhost/127.0.0.1:38028] for GET '/session/49c98c64283fb433bbd32082806c90dd/url'
14:03:50.558 [AsyncHttpClient-1-6] DEBUG org.asynchttpclient.netty.handler.HttpHandler - 

Request DefaultFullHttpRequest(decodeResult: success, version: HTTP/1.1, content: EmptyByteBufBE)
GET /session/49c98c64283fb433bbd32082806c90dd/url HTTP/1.1
User-Agent: selenium/4.8.1 (java windows)
Cache-Control: no-cache
Content-Type: application/json; charset=utf-8
host: localhost:38028
accept: */*

Response DefaultHttpResponse(decodeResult: success, version: HTTP/1.1)
HTTP/1.1 200 OK
Content-Length: 53
Content-Type: application/json; charset=utf-8
cache-control: no-cache

14:03:50.559 [AsyncHttpClient-1-6] DEBUG org.asynchttpclient.netty.channel.ChannelManager - Adding key: http://localhost:38028 for channel [id: 0x4f414ede, L:/127.0.0.1:51489 - R:localhost/127.0.0.1:38028]
14:03:50.560 [Forwarding screenshot on session 49c98c64283fb433bbd32082806c90dd to remote] DEBUG org.asynchttpclient.netty.request.NettyRequestSender - Using pooled Channel '[id: 0x4f414ede, L:/127.0.0.1:51489 - R:localhost/127.0.0.1:38028]' for 'GET' to 'http://localhost:38028/session/49c98c64283fb433bbd32082806c90dd/screenshot'
14:03:50.560 [Forwarding screenshot on session 49c98c64283fb433bbd32082806c90dd to remote] DEBUG org.asynchttpclient.netty.request.NettyRequestSender - Using open Channel [id: 0x4f414ede, L:/127.0.0.1:51489 - R:localhost/127.0.0.1:38028] for GET '/session/49c98c64283fb433bbd32082806c90dd/screenshot'
14:03:50.806 [AsyncHttpClient-1-6] DEBUG org.asynchttpclient.netty.handler.HttpHandler - 

Request DefaultFullHttpRequest(decodeResult: success, version: HTTP/1.1, content: EmptyByteBufBE)
GET /session/49c98c64283fb433bbd32082806c90dd/screenshot HTTP/1.1
User-Agent: selenium/4.8.1 (java windows)
Cache-Control: no-cache
Content-Type: application/json; charset=utf-8
host: localhost:38028
accept: */*

Response DefaultHttpResponse(decodeResult: success, version: HTTP/1.1)
HTTP/1.1 200 OK
Content-Length: 91272
Content-Type: application/json; charset=utf-8
cache-control: no-cache

14:03:50.807 [AsyncHttpClient-1-6] DEBUG org.asynchttpclient.netty.channel.ChannelManager - Adding key: http://localhost:38028 for channel [id: 0x4f414ede, L:/127.0.0.1:51489 - R:localhost/127.0.0.1:38028]
14:03:50.815 [main] DEBUG net.serenitybdd.core.photography.Darkroom - Send negative for processing for target\site\serenity\de5419ab9be24f64fac7ee79d794ab9e367e6072a21f6610440890e99cabc93d.png
14:03:50.816 [main] DEBUG net.thucydides.core.steps.StepInterceptor - STEP DONE: clickProduct
  &amp#27;[32mGiven &amp#27;[0m&amp#27;[32mI already choose a product&amp#27;[0m                         &amp#27;[90m# starter.stepdefinition.ProductPaymentSteps.alreadyChooseAProduct()&amp#27;[0m
14:03:50.816 [Darkroom Processing Line] DEBUG net.serenitybdd.core.photography.DarkroomProcessingLine - Processing screenshot image in /var/screenshots/screenshot-3231468108176213755
14:03:50.816 [Darkroom Processing Line] DEBUG net.serenitybdd.core.photography.DarkroomProcessingLine - Saving screenshot to target\site\serenity\de5419ab9be24f64fac7ee79d794ab9e367e6072a21f6610440890e99cabc93d.png
14:03:50.836 [Forwarding getPageSource on session 49c98c64283fb433bbd32082806c90dd to remote] DEBUG org.asynchttpclient.netty.request.NettyRequestSender - Using pooled Channel '[id: 0x4f414ede, L:/127.0.0.1:51489 - R:localhost/127.0.0.1:38028]' for 'POST' to 'http://localhost:38028/session/49c98c64283fb433bbd32082806c90dd/execute/sync'
14:03:50.837 [Forwarding getPageSource on session 49c98c64283fb433bbd32082806c90dd to remote] DEBUG org.asynchttpclient.netty.request.NettyRequestSender - Using open Channel [id: 0x4f414ede, L:/127.0.0.1:51489 - R:localhost/127.0.0.1:38028] for POST '/session/49c98c64283fb433bbd32082806c90dd/execute/sync'
14:03:50.860 [AsyncHttpClient-1-6] DEBUG org.asynchttpclient.netty.handler.HttpHandler - 

Request DefaultHttpRequest(decodeResult: success, version: HTTP/1.1)
POST /session/49c98c64283fb433bbd32082806c90dd/execute/sync HTTP/1.1
User-Agent: selenium/4.8.1 (java windows)
Content-Length: 176
Content-Type: application/json; charset=utf-8
host: localhost:38028
accept: */*

Response DefaultHttpResponse(decodeResult: success, version: HTTP/1.1)
HTTP/1.1 200 OK
Content-Length: 156124
Content-Type: application/json; charset=utf-8
cache-control: no-cache

14:03:50.861 [AsyncHttpClient-1-6] DEBUG org.asynchttpclient.netty.channel.ChannelManager - Adding key: http://localhost:38028 for channel [id: 0x4f414ede, L:/127.0.0.1:51489 - R:localhost/127.0.0.1:38028]
14:03:50.874 [Forwarding getCurrentUrl on session 49c98c64283fb433bbd32082806c90dd to remote] DEBUG org.asynchttpclient.netty.request.NettyRequestSender - Using pooled Channel '[id: 0x4f414ede, L:/127.0.0.1:51489 - R:localhost/127.0.0.1:38028]' for 'GET' to 'http://localhost:38028/session/49c98c64283fb433bbd32082806c90dd/url'
14:03:50.874 [Forwarding getCurrentUrl on session 49c98c64283fb433bbd32082806c90dd to remote] DEBUG org.asynchttpclient.netty.request.NettyRequestSender - Using open Channel [id: 0x4f414ede, L:/127.0.0.1:51489 - R:localhost/127.0.0.1:38028] for GET '/session/49c98c64283fb433bbd32082806c90dd/url'
14:03:50.878 [AsyncHttpClient-1-6] DEBUG org.asynchttpclient.netty.handler.HttpHandler - 

Request DefaultFullHttpRequest(decodeResult: success, version: HTTP/1.1, content: EmptyByteBufBE)
GET /session/49c98c64283fb433bbd32082806c90dd/url HTTP/1.1
User-Agent: selenium/4.8.1 (java windows)
Cache-Control: no-cache
Content-Type: application/json; charset=utf-8
host: localhost:38028
accept: */*

Response DefaultHttpResponse(decodeResult: success, version: HTTP/1.1)
HTTP/1.1 200 OK
Content-Length: 53
Content-Type: application/json; charset=utf-8
cache-control: no-cache

14:03:50.878 [AsyncHttpClient-1-6] DEBUG org.asynchttpclient.netty.channel.ChannelManager - Adding key: http://localhost:38028 for channel [id: 0x4f414ede, L:/127.0.0.1:51489 - R:localhost/127.0.0.1:38028]
14:03:50.895 [Forwarding getAlertText on session 49c98c64283fb433bbd32082806c90dd to remote] DEBUG org.asynchttpclient.netty.request.NettyRequestSender - Using pooled Channel '[id: 0x4f414ede, L:/127.0.0.1:51489 - R:localhost/127.0.0.1:38028]' for 'GET' to 'http://localhost:38028/session/49c98c64283fb433bbd32082806c90dd/alert/text'
14:03:50.895 [Forwarding getAlertText on session 49c98c64283fb433bbd32082806c90dd to remote] DEBUG org.asynchttpclient.netty.request.NettyRequestSender - Using open Channel [id: 0x4f414ede, L:/127.0.0.1:51489 - R:localhost/127.0.0.1:38028] for GET '/session/49c98c64283fb433bbd32082806c90dd/alert/text'
14:03:50.897 [AsyncHttpClient-1-6] DEBUG org.asynchttpclient.netty.handler.HttpHandler - 

Request DefaultFullHttpRequest(decodeResult: success, version: HTTP/1.1, content: EmptyByteBufBE)
GET /session/49c98c64283fb433bbd32082806c90dd/alert/text HTTP/1.1
User-Agent: selenium/4.8.1 (java windows)
Cache-Control: no-cache
Content-Type: application/json; charset=utf-8
host: localhost:38028
accept: */*

Response DefaultHttpResponse(decodeResult: success, version: HTTP/1.1)
HTTP/1.1 404 Not Found
Content-Length: 836
Content-Type: application/json; charset=utf-8
cache-control: no-cache

14:03:50.897 [AsyncHttpClient-1-6] DEBUG org.asynchttpclient.netty.channel.ChannelManager - Adding key: http://localhost:38028 for channel [id: 0x4f414ede, L:/127.0.0.1:51489 - R:localhost/127.0.0.1:38028]
14:03:50.899 [Forwarding getCurrentUrl on session 49c98c64283fb433bbd32082806c90dd to remote] DEBUG org.asynchttpclient.netty.request.NettyRequestSender - Using pooled Channel '[id: 0x4f414ede, L:/127.0.0.1:51489 - R:localhost/127.0.0.1:38028]' for 'GET' to 'http://localhost:38028/session/49c98c64283fb433bbd32082806c90dd/url'
14:03:50.899 [Forwarding getCurrentUrl on session 49c98c64283fb433bbd32082806c90dd to remote] DEBUG org.asynchttpclient.netty.request.NettyRequestSender - Using open Channel [id: 0x4f414ede, L:/127.0.0.1:51489 - R:localhost/127.0.0.1:38028] for GET '/session/49c98c64283fb433bbd32082806c90dd/url'
14:03:50.904 [AsyncHttpClient-1-6] DEBUG org.asynchttpclient.netty.handler.HttpHandler - 

Request DefaultFullHttpRequest(decodeResult: success, version: HTTP/1.1, content: EmptyByteBufBE)
GET /session/49c98c64283fb433bbd32082806c90dd/url HTTP/1.1
User-Agent: selenium/4.8.1 (java windows)
Cache-Control: no-cache
Content-Type: application/json; charset=utf-8
host: localhost:38028
accept: */*

Response DefaultHttpResponse(decodeResult: success, version: HTTP/1.1)
HTTP/1.1 200 OK
Content-Length: 53
Content-Type: application/json; charset=utf-8
cache-control: no-cache

14:03:50.904 [AsyncHttpClient-1-6] DEBUG org.asynchttpclient.netty.channel.ChannelManager - Adding key: http://localhost:38028 for channel [id: 0x4f414ede, L:/127.0.0.1:51489 - R:localhost/127.0.0.1:38028]
14:03:50.905 [Forwarding screenshot on session 49c98c64283fb433bbd32082806c90dd to remote] DEBUG org.asynchttpclient.netty.request.NettyRequestSender - Using pooled Channel '[id: 0x4f414ede, L:/127.0.0.1:51489 - R:localhost/127.0.0.1:38028]' for 'GET' to 'http://localhost:38028/session/49c98c64283fb433bbd32082806c90dd/screenshot'
14:03:50.905 [Forwarding screenshot on session 49c98c64283fb433bbd32082806c90dd to remote] DEBUG org.asynchttpclient.netty.request.NettyRequestSender - Using open Channel [id: 0x4f414ede, L:/127.0.0.1:51489 - R:localhost/127.0.0.1:38028] for GET '/session/49c98c64283fb433bbd32082806c90dd/screenshot'
14:03:51.026 [AsyncHttpClient-1-6] DEBUG org.asynchttpclient.netty.handler.HttpHandler - 

Request DefaultFullHttpRequest(decodeResult: success, version: HTTP/1.1, content: EmptyByteBufBE)
GET /session/49c98c64283fb433bbd32082806c90dd/screenshot HTTP/1.1
User-Agent: selenium/4.8.1 (java windows)
Cache-Control: no-cache
Content-Type: application/json; charset=utf-8
host: localhost:38028
accept: */*

Response DefaultHttpResponse(decodeResult: success, version: HTTP/1.1)
HTTP/1.1 200 OK
Content-Length: 91428
Content-Type: application/json; charset=utf-8
cache-control: no-cache

14:03:51.027 [AsyncHttpClient-1-6] DEBUG org.asynchttpclient.netty.channel.ChannelManager - Adding key: http://localhost:38028 for channel [id: 0x4f414ede, L:/127.0.0.1:51489 - R:localhost/127.0.0.1:38028]
14:03:51.033 [main] DEBUG net.serenitybdd.core.photography.Darkroom - Send negative for processing for target\site\serenity\4075807f0582348ea0236504f7ca8555062b5f19cbc50a4ade00cfc778534275.png
14:03:51.036 [Forwarding getPageSource on session 49c98c64283fb433bbd32082806c90dd to remote] DEBUG org.asynchttpclient.netty.request.NettyRequestSender - Using pooled Channel '[id: 0x4f414ede, L:/127.0.0.1:51489 - R:localhost/127.0.0.1:38028]' for 'POST' to 'http://localhost:38028/session/49c98c64283fb433bbd32082806c90dd/execute/sync'
14:03:51.036 [Forwarding getPageSource on session 49c98c64283fb433bbd32082806c90dd to remote] DEBUG org.asynchttpclient.netty.request.NettyRequestSender - Using open Channel [id: 0x4f414ede, L:/127.0.0.1:51489 - R:localhost/127.0.0.1:38028] for POST '/session/49c98c64283fb433bbd32082806c90dd/execute/sync'
14:03:51.060 [AsyncHttpClient-1-6] DEBUG org.asynchttpclient.netty.handler.HttpHandler - 

Request DefaultHttpRequest(decodeResult: success, version: HTTP/1.1)
POST /session/49c98c64283fb433bbd32082806c90dd/execute/sync HTTP/1.1
User-Agent: selenium/4.8.1 (java windows)
Content-Length: 176
Content-Type: application/json; charset=utf-8
host: localhost:38028
accept: */*

Response DefaultHttpResponse(decodeResult: success, version: HTTP/1.1)
HTTP/1.1 200 OK
Content-Length: 156755
Content-Type: application/json; charset=utf-8
cache-control: no-cache

14:03:51.060 [AsyncHttpClient-1-6] DEBUG org.asynchttpclient.netty.channel.ChannelManager - Adding key: http://localhost:38028 for channel [id: 0x4f414ede, L:/127.0.0.1:51489 - R:localhost/127.0.0.1:38028]
14:03:51.079 [Forwarding getCurrentUrl on session 49c98c64283fb433bbd32082806c90dd to remote] DEBUG org.asynchttpclient.netty.request.NettyRequestSender - Using pooled Channel '[id: 0x4f414ede, L:/127.0.0.1:51489 - R:localhost/127.0.0.1:38028]' for 'GET' to 'http://localhost:38028/session/49c98c64283fb433bbd32082806c90dd/url'
14:03:51.079 [Forwarding getCurrentUrl on session 49c98c64283fb433bbd32082806c90dd to remote] DEBUG org.asynchttpclient.netty.request.NettyRequestSender - Using open Channel [id: 0x4f414ede, L:/127.0.0.1:51489 - R:localhost/127.0.0.1:38028] for GET '/session/49c98c64283fb433bbd32082806c90dd/url'
14:03:51.086 [AsyncHttpClient-1-6] DEBUG org.asynchttpclient.netty.handler.HttpHandler - 

Request DefaultFullHttpRequest(decodeResult: success, version: HTTP/1.1, content: EmptyByteBufBE)
GET /session/49c98c64283fb433bbd32082806c90dd/url HTTP/1.1
User-Agent: selenium/4.8.1 (java windows)
Cache-Control: no-cache
Content-Type: application/json; charset=utf-8
host: localhost:38028
accept: */*

Response DefaultHttpResponse(decodeResult: success, version: HTTP/1.1)
HTTP/1.1 200 OK
Content-Length: 53
Content-Type: application/json; charset=utf-8
cache-control: no-cache

14:03:51.087 [AsyncHttpClient-1-6] DEBUG org.asynchttpclient.netty.channel.ChannelManager - Adding key: http://localhost:38028 for channel [id: 0x4f414ede, L:/127.0.0.1:51489 - R:localhost/127.0.0.1:38028]
14:03:51.090 [main] DEBUG net.thucydides.core.steps.StepInterceptor - STARTING STEP: ProductPaymentSteps.enterInvalidGuestEmail - enterEmail
14:03:51.094 [Forwarding findElement on session 49c98c64283fb433bbd32082806c90dd to remote] DEBUG org.asynchttpclient.netty.request.NettyRequestSender - Using pooled Channel '[id: 0x4f414ede, L:/127.0.0.1:51489 - R:localhost/127.0.0.1:38028]' for 'POST' to 'http://localhost:38028/session/49c98c64283fb433bbd32082806c90dd/element'
14:03:51.095 [Forwarding findElement on session 49c98c64283fb433bbd32082806c90dd to remote] DEBUG org.asynchttpclient.netty.request.NettyRequestSender - Using open Channel [id: 0x4f414ede, L:/127.0.0.1:51489 - R:localhost/127.0.0.1:38028] for POST '/session/49c98c64283fb433bbd32082806c90dd/element'
14:03:51.234 [AsyncHttpClient-1-1] DEBUG org.asynchttpclient.netty.channel.DefaultChannelPool - Entry count for : http://localhost:51490 : 1
14:03:51.754 [AsyncHttpClient-1-6] DEBUG org.asynchttpclient.netty.handler.HttpHandler - 

Request DefaultHttpRequest(decodeResult: success, version: HTTP/1.1)
POST /session/49c98c64283fb433bbd32082806c90dd/element HTTP/1.1
User-Agent: selenium/4.8.1 (java windows)
Content-Length: 64
Content-Type: application/json; charset=utf-8
host: localhost:38028
accept: */*

Response DefaultHttpResponse(decodeResult: success, version: HTTP/1.1)
HTTP/1.1 200 OK
Content-Length: 88
Content-Type: application/json; charset=utf-8
cache-control: no-cache

14:03:51.754 [AsyncHttpClient-1-6] DEBUG org.asynchttpclient.netty.channel.ChannelManager - Adding key: http://localhost:38028 for channel [id: 0x4f414ede, L:/127.0.0.1:51489 - R:localhost/127.0.0.1:38028]
14:03:51.756 [Forwarding clearElement on session 49c98c64283fb433bbd32082806c90dd to remote] DEBUG org.asynchttpclient.netty.request.NettyRequestSender - Using pooled Channel '[id: 0x4f414ede, L:/127.0.0.1:51489 - R:localhost/127.0.0.1:38028]' for 'POST' to 'http://localhost:38028/session/49c98c64283fb433bbd32082806c90dd/element/628b9788-1d2c-47c4-a76a-dd16e8b7da71/clear'
14:03:51.756 [Forwarding clearElement on session 49c98c64283fb433bbd32082806c90dd to remote] DEBUG org.asynchttpclient.netty.request.NettyRequestSender - Using open Channel [id: 0x4f414ede, L:/127.0.0.1:51489 - R:localhost/127.0.0.1:38028] for POST '/session/49c98c64283fb433bbd32082806c90dd/element/628b9788-1d2c-47c4-a76a-dd16e8b7da71/clear'
14:03:51.847 [AsyncHttpClient-1-6] DEBUG org.asynchttpclient.netty.handler.HttpHandler - 

Request DefaultHttpRequest(decodeResult: success, version: HTTP/1.1)
POST /session/49c98c64283fb433bbd32082806c90dd/element/628b9788-1d2c-47c4-a76a-dd16e8b7da71/clear HTTP/1.1
User-Agent: selenium/4.8.1 (java windows)
Content-Length: 50
Content-Type: application/json; charset=utf-8
host: localhost:38028
accept: */*

Response DefaultHttpResponse(decodeResult: success, version: HTTP/1.1)
HTTP/1.1 200 OK
Content-Length: 14
Content-Type: application/json; charset=utf-8
cache-control: no-cache

14:03:51.847 [AsyncHttpClient-1-6] DEBUG org.asynchttpclient.netty.channel.ChannelManager - Adding key: http://localhost:38028 for channel [id: 0x4f414ede, L:/127.0.0.1:51489 - R:localhost/127.0.0.1:38028]
14:03:51.853 [Forwarding sendKeysToElement on session 49c98c64283fb433bbd32082806c90dd to remote] DEBUG org.asynchttpclient.netty.request.NettyRequestSender - Using pooled Channel '[id: 0x4f414ede, L:/127.0.0.1:51489 - R:localhost/127.0.0.1:38028]' for 'POST' to 'http://localhost:38028/session/49c98c64283fb433bbd32082806c90dd/element/628b9788-1d2c-47c4-a76a-dd16e8b7da71/value'
14:03:51.854 [Forwarding sendKeysToElement on session 49c98c64283fb433bbd32082806c90dd to remote] DEBUG org.asynchttpclient.netty.request.NettyRequestSender - Using open Channel [id: 0x4f414ede, L:/127.0.0.1:51489 - R:localhost/127.0.0.1:38028] for POST '/session/49c98c64283fb433bbd32082806c90dd/element/628b9788-1d2c-47c4-a76a-dd16e8b7da71/value'
14:03:52.334 [AsyncHttpClient-1-1] DEBUG org.asynchttpclient.netty.channel.DefaultChannelPool - Entry count for : http://localhost:51490 : 1
14:03:52.356 [AsyncHttpClient-1-6] DEBUG org.asynchttpclient.netty.handler.HttpHandler - 

Request DefaultHttpRequest(decodeResult: success, version: HTTP/1.1)
POST /session/49c98c64283fb433bbd32082806c90dd/element/628b9788-1d2c-47c4-a76a-dd16e8b7da71/value HTTP/1.1
User-Agent: selenium/4.8.1 (java windows)
Content-Length: 331
Content-Type: application/json; charset=utf-8
host: localhost:38028
accept: */*

Response DefaultHttpResponse(decodeResult: success, version: HTTP/1.1)
HTTP/1.1 200 OK
Content-Length: 14
Content-Type: application/json; charset=utf-8
cache-control: no-cache

14:03:52.356 [AsyncHttpClient-1-6] DEBUG org.asynchttpclient.netty.channel.ChannelManager - Adding key: http://localhost:38028 for channel [id: 0x4f414ede, L:/127.0.0.1:51489 - R:localhost/127.0.0.1:38028]
14:03:52.371 [Forwarding getAlertText on session 49c98c64283fb433bbd32082806c90dd to remote] DEBUG org.asynchttpclient.netty.request.NettyRequestSender - Using pooled Channel '[id: 0x4f414ede, L:/127.0.0.1:51489 - R:localhost/127.0.0.1:38028]' for 'GET' to 'http://localhost:38028/session/49c98c64283fb433bbd32082806c90dd/alert/text'
14:03:52.371 [Forwarding getAlertText on session 49c98c64283fb433bbd32082806c90dd to remote] DEBUG org.asynchttpclient.netty.request.NettyRequestSender - Using open Channel [id: 0x4f414ede, L:/127.0.0.1:51489 - R:localhost/127.0.0.1:38028] for GET '/session/49c98c64283fb433bbd32082806c90dd/alert/text'
14:03:52.385 [AsyncHttpClient-1-6] DEBUG org.asynchttpclient.netty.handler.HttpHandler - 

Request DefaultFullHttpRequest(decodeResult: success, version: HTTP/1.1, content: EmptyByteBufBE)
GET /session/49c98c64283fb433bbd32082806c90dd/alert/text HTTP/1.1
User-Agent: selenium/4.8.1 (java windows)
Cache-Control: no-cache
Content-Type: application/json; charset=utf-8
host: localhost:38028
accept: */*

Response DefaultHttpResponse(decodeResult: success, version: HTTP/1.1)
HTTP/1.1 404 Not Found
Content-Length: 836
Content-Type: application/json; charset=utf-8
cache-control: no-cache

14:03:52.385 [AsyncHttpClient-1-6] DEBUG org.asynchttpclient.netty.channel.ChannelManager - Adding key: http://localhost:38028 for channel [id: 0x4f414ede, L:/127.0.0.1:51489 - R:localhost/127.0.0.1:38028]
14:03:52.388 [Forwarding getCurrentUrl on session 49c98c64283fb433bbd32082806c90dd to remote] DEBUG org.asynchttpclient.netty.request.NettyRequestSender - Using pooled Channel '[id: 0x4f414ede, L:/127.0.0.1:51489 - R:localhost/127.0.0.1:38028]' for 'GET' to 'http://localhost:38028/session/49c98c64283fb433bbd32082806c90dd/url'
14:03:52.388 [Forwarding getCurrentUrl on session 49c98c64283fb433bbd32082806c90dd to remote] DEBUG org.asynchttpclient.netty.request.NettyRequestSender - Using open Channel [id: 0x4f414ede, L:/127.0.0.1:51489 - R:localhost/127.0.0.1:38028] for GET '/session/49c98c64283fb433bbd32082806c90dd/url'
14:03:52.414 [AsyncHttpClient-1-6] DEBUG org.asynchttpclient.netty.handler.HttpHandler - 

Request DefaultFullHttpRequest(decodeResult: success, version: HTTP/1.1, content: EmptyByteBufBE)
GET /session/49c98c64283fb433bbd32082806c90dd/url HTTP/1.1
User-Agent: selenium/4.8.1 (java windows)
Cache-Control: no-cache
Content-Type: application/json; charset=utf-8
host: localhost:38028
accept: */*

Response DefaultHttpResponse(decodeResult: success, version: HTTP/1.1)
HTTP/1.1 200 OK
Content-Length: 56
Content-Type: application/json; charset=utf-8
cache-control: no-cache

14:03:52.414 [AsyncHttpClient-1-6] DEBUG org.asynchttpclient.netty.channel.ChannelManager - Adding key: http://localhost:38028 for channel [id: 0x4f414ede, L:/127.0.0.1:51489 - R:localhost/127.0.0.1:38028]
14:03:52.417 [Forwarding screenshot on session 49c98c64283fb433bbd32082806c90dd to remote] DEBUG org.asynchttpclient.netty.request.NettyRequestSender - Using pooled Channel '[id: 0x4f414ede, L:/127.0.0.1:51489 - R:localhost/127.0.0.1:38028]' for 'GET' to 'http://localhost:38028/session/49c98c64283fb433bbd32082806c90dd/screenshot'
14:03:52.417 [Forwarding screenshot on session 49c98c64283fb433bbd32082806c90dd to remote] DEBUG org.asynchttpclient.netty.request.NettyRequestSender - Using open Channel [id: 0x4f414ede, L:/127.0.0.1:51489 - R:localhost/127.0.0.1:38028] for GET '/session/49c98c64283fb433bbd32082806c90dd/screenshot'
14:03:52.662 [AsyncHttpClient-1-6] DEBUG org.asynchttpclient.netty.handler.HttpHandler - 

Request DefaultFullHttpRequest(decodeResult: success, version: HTTP/1.1, content: EmptyByteBufBE)
GET /session/49c98c64283fb433bbd32082806c90dd/screenshot HTTP/1.1
User-Agent: selenium/4.8.1 (java windows)
Cache-Control: no-cache
Content-Type: application/json; charset=utf-8
host: localhost:38028
accept: */*

Response DefaultHttpResponse(decodeResult: success, version: HTTP/1.1)
HTTP/1.1 200 OK
Content-Length: 141628
Content-Type: application/json; charset=utf-8
cache-control: no-cache

14:03:52.663 [AsyncHttpClient-1-6] DEBUG org.asynchttpclient.netty.channel.ChannelManager - Adding key: http://localhost:38028 for channel [id: 0x4f414ede, L:/127.0.0.1:51489 - R:localhost/127.0.0.1:38028]
14:03:52.669 [main] DEBUG net.serenitybdd.core.photography.Darkroom - Send negative for processing for target\site\serenity\2a2e448654f83fdb413f744d31cdb4f5250d19e457737350e7a91e790ac89632.png
14:03:52.669 [main] DEBUG net.thucydides.core.steps.StepInterceptor - STEP DONE: enterEmail
14:03:52.669 [Darkroom Processing Line] DEBUG net.serenitybdd.core.photography.DarkroomProcessingLine - Processing screenshot image in /var/screenshots/screenshot-79735679769244732
  &amp#27;[32mWhen &amp#27;[0m&amp#27;[32mI enter invalid email&amp#27;[0m                               &amp#27;[90m# starter.stepdefinition.ProductPaymentSteps.enterInvalidGuestEmail()&amp#27;[0m
14:03:52.669 [Darkroom Processing Line] DEBUG net.serenitybdd.core.photography.DarkroomProcessingLine - Saving screenshot to target\site\serenity\2a2e448654f83fdb413f744d31cdb4f5250d19e457737350e7a91e790ac89632.png
14:03:52.686 [Forwarding getPageSource on session 49c98c64283fb433bbd32082806c90dd to remote] DEBUG org.asynchttpclient.netty.request.NettyRequestSender - Using pooled Channel '[id: 0x4f414ede, L:/127.0.0.1:51489 - R:localhost/127.0.0.1:38028]' for 'POST' to 'http://localhost:38028/session/49c98c64283fb433bbd32082806c90dd/execute/sync'
14:03:52.686 [Forwarding getPageSource on session 49c98c64283fb433bbd32082806c90dd to remote] DEBUG org.asynchttpclient.netty.request.NettyRequestSender - Using open Channel [id: 0x4f414ede, L:/127.0.0.1:51489 - R:localhost/127.0.0.1:38028] for POST '/session/49c98c64283fb433bbd32082806c90dd/execute/sync'
14:03:52.699 [AsyncHttpClient-1-6] DEBUG org.asynchttpclient.netty.handler.HttpHandler - 

Request DefaultHttpRequest(decodeResult: success, version: HTTP/1.1)
POST /session/49c98c64283fb433bbd32082806c90dd/execute/sync HTTP/1.1
User-Agent: selenium/4.8.1 (java windows)
Content-Length: 176
Content-Type: application/json; charset=utf-8
host: localhost:38028
accept: */*

Response DefaultHttpResponse(decodeResult: success, version: HTTP/1.1)
HTTP/1.1 200 OK
Content-Length: 99412
Content-Type: application/json; charset=utf-8
cache-control: no-cache

14:03:52.699 [AsyncHttpClient-1-6] DEBUG org.asynchttpclient.netty.channel.ChannelManager - Adding key: http://localhost:38028 for channel [id: 0x4f414ede, L:/127.0.0.1:51489 - R:localhost/127.0.0.1:38028]
14:03:52.720 [Forwarding getCurrentUrl on session 49c98c64283fb433bbd32082806c90dd to remote] DEBUG org.asynchttpclient.netty.request.NettyRequestSender - Using pooled Channel '[id: 0x4f414ede, L:/127.0.0.1:51489 - R:localhost/127.0.0.1:38028]' for 'GET' to 'http://localhost:38028/session/49c98c64283fb433bbd32082806c90dd/url'
14:03:52.720 [Forwarding getCurrentUrl on session 49c98c64283fb433bbd32082806c90dd to remote] DEBUG org.asynchttpclient.netty.request.NettyRequestSender - Using open Channel [id: 0x4f414ede, L:/127.0.0.1:51489 - R:localhost/127.0.0.1:38028] for GET '/session/49c98c64283fb433bbd32082806c90dd/url'
14:03:52.737 [AsyncHttpClient-1-6] DEBUG org.asynchttpclient.netty.handler.HttpHandler - 

Request DefaultFullHttpRequest(decodeResult: success, version: HTTP/1.1, content: EmptyByteBufBE)
GET /session/49c98c64283fb433bbd32082806c90dd/url HTTP/1.1
User-Agent: selenium/4.8.1 (java windows)
Cache-Control: no-cache
Content-Type: application/json; charset=utf-8
host: localhost:38028
accept: */*

Response DefaultHttpResponse(decodeResult: success, version: HTTP/1.1)
HTTP/1.1 200 OK
Content-Length: 56
Content-Type: application/json; charset=utf-8
cache-control: no-cache

14:03:52.737 [AsyncHttpClient-1-6] DEBUG org.asynchttpclient.netty.channel.ChannelManager - Adding key: http://localhost:38028 for channel [id: 0x4f414ede, L:/127.0.0.1:51489 - R:localhost/127.0.0.1:38028]
14:03:52.756 [Forwarding getAlertText on session 49c98c64283fb433bbd32082806c90dd to remote] DEBUG org.asynchttpclient.netty.request.NettyRequestSender - Using pooled Channel '[id: 0x4f414ede, L:/127.0.0.1:51489 - R:localhost/127.0.0.1:38028]' for 'GET' to 'http://localhost:38028/session/49c98c64283fb433bbd32082806c90dd/alert/text'
14:03:52.756 [Forwarding getAlertText on session 49c98c64283fb433bbd32082806c90dd to remote] DEBUG org.asynchttpclient.netty.request.NettyRequestSender - Using open Channel [id: 0x4f414ede, L:/127.0.0.1:51489 - R:localhost/127.0.0.1:38028] for GET '/session/49c98c64283fb433bbd32082806c90dd/alert/text'
14:03:52.758 [AsyncHttpClient-1-6] DEBUG org.asynchttpclient.netty.handler.HttpHandler - 

Request DefaultFullHttpRequest(decodeResult: success, version: HTTP/1.1, content: EmptyByteBufBE)
GET /session/49c98c64283fb433bbd32082806c90dd/alert/text HTTP/1.1
User-Agent: selenium/4.8.1 (java windows)
Cache-Control: no-cache
Content-Type: application/json; charset=utf-8
host: localhost:38028
accept: */*

Response DefaultHttpResponse(decodeResult: success, version: HTTP/1.1)
HTTP/1.1 404 Not Found
Content-Length: 836
Content-Type: application/json; charset=utf-8
cache-control: no-cache

14:03:52.758 [AsyncHttpClient-1-6] DEBUG org.asynchttpclient.netty.channel.ChannelManager - Adding key: http://localhost:38028 for channel [id: 0x4f414ede, L:/127.0.0.1:51489 - R:localhost/127.0.0.1:38028]
14:03:52.760 [Forwarding getCurrentUrl on session 49c98c64283fb433bbd32082806c90dd to remote] DEBUG org.asynchttpclient.netty.request.NettyRequestSender - Using pooled Channel '[id: 0x4f414ede, L:/127.0.0.1:51489 - R:localhost/127.0.0.1:38028]' for 'GET' to 'http://localhost:38028/session/49c98c64283fb433bbd32082806c90dd/url'
14:03:52.760 [Forwarding getCurrentUrl on session 49c98c64283fb433bbd32082806c90dd to remote] DEBUG org.asynchttpclient.netty.request.NettyRequestSender - Using open Channel [id: 0x4f414ede, L:/127.0.0.1:51489 - R:localhost/127.0.0.1:38028] for GET '/session/49c98c64283fb433bbd32082806c90dd/url'
14:03:52.767 [AsyncHttpClient-1-6] DEBUG org.asynchttpclient.netty.handler.HttpHandler - 

Request DefaultFullHttpRequest(decodeResult: success, version: HTTP/1.1, content: EmptyByteBufBE)
GET /session/49c98c64283fb433bbd32082806c90dd/url HTTP/1.1
User-Agent: selenium/4.8.1 (java windows)
Cache-Control: no-cache
Content-Type: application/json; charset=utf-8
host: localhost:38028
accept: */*

Response DefaultHttpResponse(decodeResult: success, version: HTTP/1.1)
HTTP/1.1 200 OK
Content-Length: 56
Content-Type: application/json; charset=utf-8
cache-control: no-cache

14:03:52.767 [AsyncHttpClient-1-6] DEBUG org.asynchttpclient.netty.channel.ChannelManager - Adding key: http://localhost:38028 for channel [id: 0x4f414ede, L:/127.0.0.1:51489 - R:localhost/127.0.0.1:38028]
14:03:52.768 [Forwarding screenshot on session 49c98c64283fb433bbd32082806c90dd to remote] DEBUG org.asynchttpclient.netty.request.NettyRequestSender - Using pooled Channel '[id: 0x4f414ede, L:/127.0.0.1:51489 - R:localhost/127.0.0.1:38028]' for 'GET' to 'http://localhost:38028/session/49c98c64283fb433bbd32082806c90dd/screenshot'
14:03:52.768 [Forwarding screenshot on session 49c98c64283fb433bbd32082806c90dd to remote] DEBUG org.asynchttpclient.netty.request.NettyRequestSender - Using open Channel [id: 0x4f414ede, L:/127.0.0.1:51489 - R:localhost/127.0.0.1:38028] for GET '/session/49c98c64283fb433bbd32082806c90dd/screenshot'
14:03:52.882 [AsyncHttpClient-1-6] DEBUG org.asynchttpclient.netty.handler.HttpHandler - 

Request DefaultFullHttpRequest(decodeResult: success, version: HTTP/1.1, content: EmptyByteBufBE)
GET /session/49c98c64283fb433bbd32082806c90dd/screenshot HTTP/1.1
User-Agent: selenium/4.8.1 (java windows)
Cache-Control: no-cache
Content-Type: application/json; charset=utf-8
host: localhost:38028
accept: */*

Response DefaultHttpResponse(decodeResult: success, version: HTTP/1.1)
HTTP/1.1 200 OK
Content-Length: 141628
Content-Type: application/json; charset=utf-8
cache-control: no-cache

14:03:52.882 [AsyncHttpClient-1-6] DEBUG org.asynchttpclient.netty.channel.ChannelManager - Adding key: http://localhost:38028 for channel [id: 0x4f414ede, L:/127.0.0.1:51489 - R:localhost/127.0.0.1:38028]
14:03:52.888 [main] DEBUG net.serenitybdd.core.photography.Darkroom - Send negative for processing for target\site\serenity\2a2e448654f83fdb413f744d31cdb4f5250d19e457737350e7a91e790ac89632.png
14:03:52.889 [Forwarding getPageSource on session 49c98c64283fb433bbd32082806c90dd to remote] DEBUG org.asynchttpclient.netty.request.NettyRequestSender - Using pooled Channel '[id: 0x4f414ede, L:/127.0.0.1:51489 - R:localhost/127.0.0.1:38028]' for 'POST' to 'http://localhost:38028/session/49c98c64283fb433bbd32082806c90dd/execute/sync'
14:03:52.890 [Forwarding getPageSource on session 49c98c64283fb433bbd32082806c90dd to remote] DEBUG org.asynchttpclient.netty.request.NettyRequestSender - Using open Channel [id: 0x4f414ede, L:/127.0.0.1:51489 - R:localhost/127.0.0.1:38028] for POST '/session/49c98c64283fb433bbd32082806c90dd/execute/sync'
14:03:52.902 [AsyncHttpClient-1-6] DEBUG org.asynchttpclient.netty.handler.HttpHandler - 

Request DefaultHttpRequest(decodeResult: success, version: HTTP/1.1)
POST /session/49c98c64283fb433bbd32082806c90dd/execute/sync HTTP/1.1
User-Agent: selenium/4.8.1 (java windows)
Content-Length: 176
Content-Type: application/json; charset=utf-8
host: localhost:38028
accept: */*

Response DefaultHttpResponse(decodeResult: success, version: HTTP/1.1)
HTTP/1.1 200 OK
Content-Length: 99412
Content-Type: application/json; charset=utf-8
cache-control: no-cache

14:03:52.903 [AsyncHttpClient-1-6] DEBUG org.asynchttpclient.netty.channel.ChannelManager - Adding key: http://localhost:38028 for channel [id: 0x4f414ede, L:/127.0.0.1:51489 - R:localhost/127.0.0.1:38028]
14:03:52.909 [Forwarding getCurrentUrl on session 49c98c64283fb433bbd32082806c90dd to remote] DEBUG org.asynchttpclient.netty.request.NettyRequestSender - Using pooled Channel '[id: 0x4f414ede, L:/127.0.0.1:51489 - R:localhost/127.0.0.1:38028]' for 'GET' to 'http://localhost:38028/session/49c98c64283fb433bbd32082806c90dd/url'
14:03:52.909 [Forwarding getCurrentUrl on session 49c98c64283fb433bbd32082806c90dd to remote] DEBUG org.asynchttpclient.netty.request.NettyRequestSender - Using open Channel [id: 0x4f414ede, L:/127.0.0.1:51489 - R:localhost/127.0.0.1:38028] for GET '/session/49c98c64283fb433bbd32082806c90dd/url'
14:03:52.914 [AsyncHttpClient-1-6] DEBUG org.asynchttpclient.netty.handler.HttpHandler - 

Request DefaultFullHttpRequest(decodeResult: success, version: HTTP/1.1, content: EmptyByteBufBE)
GET /session/49c98c64283fb433bbd32082806c90dd/url HTTP/1.1
User-Agent: selenium/4.8.1 (java windows)
Cache-Control: no-cache
Content-Type: application/json; charset=utf-8
host: localhost:38028
accept: */*

Response DefaultHttpResponse(decodeResult: success, version: HTTP/1.1)
HTTP/1.1 200 OK
Content-Length: 56
Content-Type: application/json; charset=utf-8
cache-control: no-cache

14:03:52.914 [AsyncHttpClient-1-6] DEBUG org.asynchttpclient.netty.channel.ChannelManager - Adding key: http://localhost:38028 for channel [id: 0x4f414ede, L:/127.0.0.1:51489 - R:localhost/127.0.0.1:38028]
14:03:52.917 [main] DEBUG net.thucydides.core.steps.StepInterceptor - STARTING STEP: ProductPaymentSteps.clickThePayMethod - clickPayMethod
14:03:52.920 [Forwarding findElement on session 49c98c64283fb433bbd32082806c90dd to remote] DEBUG org.asynchttpclient.netty.request.NettyRequestSender - Using pooled Channel '[id: 0x4f414ede, L:/127.0.0.1:51489 - R:localhost/127.0.0.1:38028]' for 'POST' to 'http://localhost:38028/session/49c98c64283fb433bbd32082806c90dd/element'
14:03:52.920 [Forwarding findElement on session 49c98c64283fb433bbd32082806c90dd to remote] DEBUG org.asynchttpclient.netty.request.NettyRequestSender - Using open Channel [id: 0x4f414ede, L:/127.0.0.1:51489 - R:localhost/127.0.0.1:38028] for POST '/session/49c98c64283fb433bbd32082806c90dd/element'
14:03:52.935 [AsyncHttpClient-1-6] DEBUG org.asynchttpclient.netty.handler.HttpHandler - 

Request DefaultHttpRequest(decodeResult: success, version: HTTP/1.1)
POST /session/49c98c64283fb433bbd32082806c90dd/element HTTP/1.1
User-Agent: selenium/4.8.1 (java windows)
Content-Length: 61
Content-Type: application/json; charset=utf-8
host: localhost:38028
accept: */*

Response DefaultHttpResponse(decodeResult: success, version: HTTP/1.1)
HTTP/1.1 200 OK
Content-Length: 88
Content-Type: application/json; charset=utf-8
cache-control: no-cache

14:03:52.935 [AsyncHttpClient-1-6] DEBUG org.asynchttpclient.netty.channel.ChannelManager - Adding key: http://localhost:38028 for channel [id: 0x4f414ede, L:/127.0.0.1:51489 - R:localhost/127.0.0.1:38028]
14:03:52.937 [Forwarding getElementTagName on session 49c98c64283fb433bbd32082806c90dd to remote] DEBUG org.asynchttpclient.netty.request.NettyRequestSender - Using pooled Channel '[id: 0x4f414ede, L:/127.0.0.1:51489 - R:localhost/127.0.0.1:38028]' for 'GET' to 'http://localhost:38028/session/49c98c64283fb433bbd32082806c90dd/element/4e29d28d-b70f-44e9-b913-69cf4ccb3bc0/name'
14:03:52.937 [Forwarding getElementTagName on session 49c98c64283fb433bbd32082806c90dd to remote] DEBUG org.asynchttpclient.netty.request.NettyRequestSender - Using open Channel [id: 0x4f414ede, L:/127.0.0.1:51489 - R:localhost/127.0.0.1:38028] for GET '/session/49c98c64283fb433bbd32082806c90dd/element/4e29d28d-b70f-44e9-b913-69cf4ccb3bc0/name'
14:03:52.942 [AsyncHttpClient-1-6] DEBUG org.asynchttpclient.netty.handler.HttpHandler - 

Request DefaultFullHttpRequest(decodeResult: success, version: HTTP/1.1, content: EmptyByteBufBE)
GET /session/49c98c64283fb433bbd32082806c90dd/element/4e29d28d-b70f-44e9-b913-69cf4ccb3bc0/name HTTP/1.1
User-Agent: selenium/4.8.1 (java windows)
Cache-Control: no-cache
Content-Type: application/json; charset=utf-8
host: localhost:38028
accept: */*

Response DefaultHttpResponse(decodeResult: success, version: HTTP/1.1)
HTTP/1.1 200 OK
Content-Length: 17
Content-Type: application/json; charset=utf-8
cache-control: no-cache

14:03:52.942 [AsyncHttpClient-1-6] DEBUG org.asynchttpclient.netty.channel.ChannelManager - Adding key: http://localhost:38028 for channel [id: 0x4f414ede, L:/127.0.0.1:51489 - R:localhost/127.0.0.1:38028]
14:03:52.944 [Forwarding getElementTagName on session 49c98c64283fb433bbd32082806c90dd to remote] DEBUG org.asynchttpclient.netty.request.NettyRequestSender - Using pooled Channel '[id: 0x4f414ede, L:/127.0.0.1:51489 - R:localhost/127.0.0.1:38028]' for 'GET' to 'http://localhost:38028/session/49c98c64283fb433bbd32082806c90dd/element/4e29d28d-b70f-44e9-b913-69cf4ccb3bc0/name'
14:03:52.944 [Forwarding getElementTagName on session 49c98c64283fb433bbd32082806c90dd to remote] DEBUG org.asynchttpclient.netty.request.NettyRequestSender - Using open Channel [id: 0x4f414ede, L:/127.0.0.1:51489 - R:localhost/127.0.0.1:38028] for GET '/session/49c98c64283fb433bbd32082806c90dd/element/4e29d28d-b70f-44e9-b913-69cf4ccb3bc0/name'
14:03:52.948 [AsyncHttpClient-1-6] DEBUG org.asynchttpclient.netty.handler.HttpHandler - 

Request DefaultFullHttpRequest(decodeResult: success, version: HTTP/1.1, content: EmptyByteBufBE)
GET /session/49c98c64283fb433bbd32082806c90dd/element/4e29d28d-b70f-44e9-b913-69cf4ccb3bc0/name HTTP/1.1
User-Agent: selenium/4.8.1 (java windows)
Cache-Control: no-cache
Content-Type: application/json; charset=utf-8
host: localhost:38028
accept: */*

Response DefaultHttpResponse(decodeResult: success, version: HTTP/1.1)
HTTP/1.1 200 OK
Content-Length: 17
Content-Type: application/json; charset=utf-8
cache-control: no-cache

14:03:52.948 [AsyncHttpClient-1-6] DEBUG org.asynchttpclient.netty.channel.ChannelManager - Adding key: http://localhost:38028 for channel [id: 0x4f414ede, L:/127.0.0.1:51489 - R:localhost/127.0.0.1:38028]
14:03:52.950 [Forwarding isElementEnabled on session 49c98c64283fb433bbd32082806c90dd to remote] DEBUG org.asynchttpclient.netty.request.NettyRequestSender - Using pooled Channel '[id: 0x4f414ede, L:/127.0.0.1:51489 - R:localhost/127.0.0.1:38028]' for 'GET' to 'http://localhost:38028/session/49c98c64283fb433bbd32082806c90dd/element/4e29d28d-b70f-44e9-b913-69cf4ccb3bc0/enabled'
14:03:52.951 [Forwarding isElementEnabled on session 49c98c64283fb433bbd32082806c90dd to remote] DEBUG org.asynchttpclient.netty.request.NettyRequestSender - Using open Channel [id: 0x4f414ede, L:/127.0.0.1:51489 - R:localhost/127.0.0.1:38028] for GET '/session/49c98c64283fb433bbd32082806c90dd/element/4e29d28d-b70f-44e9-b913-69cf4ccb3bc0/enabled'
14:03:52.964 [AsyncHttpClient-1-6] DEBUG org.asynchttpclient.netty.handler.HttpHandler - 

Request DefaultFullHttpRequest(decodeResult: success, version: HTTP/1.1, content: EmptyByteBufBE)
GET /session/49c98c64283fb433bbd32082806c90dd/element/4e29d28d-b70f-44e9-b913-69cf4ccb3bc0/enabled HTTP/1.1
User-Agent: selenium/4.8.1 (java windows)
Cache-Control: no-cache
Content-Type: application/json; charset=utf-8
host: localhost:38028
accept: */*

Response DefaultHttpResponse(decodeResult: success, version: HTTP/1.1)
HTTP/1.1 200 OK
Content-Length: 14
Content-Type: application/json; charset=utf-8
cache-control: no-cache

14:03:52.964 [AsyncHttpClient-1-6] DEBUG org.asynchttpclient.netty.channel.ChannelManager - Adding key: http://localhost:38028 for channel [id: 0x4f414ede, L:/127.0.0.1:51489 - R:localhost/127.0.0.1:38028]
14:03:52.965 [Forwarding isElementEnabled on session 49c98c64283fb433bbd32082806c90dd to remote] DEBUG org.asynchttpclient.netty.request.NettyRequestSender - Using pooled Channel '[id: 0x4f414ede, L:/127.0.0.1:51489 - R:localhost/127.0.0.1:38028]' for 'GET' to 'http://localhost:38028/session/49c98c64283fb433bbd32082806c90dd/element/4e29d28d-b70f-44e9-b913-69cf4ccb3bc0/enabled'
14:03:52.965 [Forwarding isElementEnabled on session 49c98c64283fb433bbd32082806c90dd to remote] DEBUG org.asynchttpclient.netty.request.NettyRequestSender - Using open Channel [id: 0x4f414ede, L:/127.0.0.1:51489 - R:localhost/127.0.0.1:38028] for GET '/session/49c98c64283fb433bbd32082806c90dd/element/4e29d28d-b70f-44e9-b913-69cf4ccb3bc0/enabled'
14:03:52.973 [AsyncHttpClient-1-6] DEBUG org.asynchttpclient.netty.handler.HttpHandler - 

Request DefaultFullHttpRequest(decodeResult: success, version: HTTP/1.1, content: EmptyByteBufBE)
GET /session/49c98c64283fb433bbd32082806c90dd/element/4e29d28d-b70f-44e9-b913-69cf4ccb3bc0/enabled HTTP/1.1
User-Agent: selenium/4.8.1 (java windows)
Cache-Control: no-cache
Content-Type: application/json; charset=utf-8
host: localhost:38028
accept: */*

Response DefaultHttpResponse(decodeResult: success, version: HTTP/1.1)
HTTP/1.1 200 OK
Content-Length: 14
Content-Type: application/json; charset=utf-8
cache-control: no-cache

14:03:52.973 [AsyncHttpClient-1-6] DEBUG org.asynchttpclient.netty.channel.ChannelManager - Adding key: http://localhost:38028 for channel [id: 0x4f414ede, L:/127.0.0.1:51489 - R:localhost/127.0.0.1:38028]
14:03:52.975 [Forwarding findElement on session 49c98c64283fb433bbd32082806c90dd to remote] DEBUG org.asynchttpclient.netty.request.NettyRequestSender - Using pooled Channel '[id: 0x4f414ede, L:/127.0.0.1:51489 - R:localhost/127.0.0.1:38028]' for 'POST' to 'http://localhost:38028/session/49c98c64283fb433bbd32082806c90dd/element'
14:03:52.975 [Forwarding findElement on session 49c98c64283fb433bbd32082806c90dd to remote] DEBUG org.asynchttpclient.netty.request.NettyRequestSender - Using open Channel [id: 0x4f414ede, L:/127.0.0.1:51489 - R:localhost/127.0.0.1:38028] for POST '/session/49c98c64283fb433bbd32082806c90dd/element'
14:03:52.984 [AsyncHttpClient-1-6] DEBUG org.asynchttpclient.netty.handler.HttpHandler - 

Request DefaultHttpRequest(decodeResult: success, version: HTTP/1.1)
POST /session/49c98c64283fb433bbd32082806c90dd/element HTTP/1.1
User-Agent: selenium/4.8.1 (java windows)
Content-Length: 61
Content-Type: application/json; charset=utf-8
host: localhost:38028
accept: */*

Response DefaultHttpResponse(decodeResult: success, version: HTTP/1.1)
HTTP/1.1 200 OK
Content-Length: 88
Content-Type: application/json; charset=utf-8
cache-control: no-cache

14:03:52.984 [AsyncHttpClient-1-6] DEBUG org.asynchttpclient.netty.channel.ChannelManager - Adding key: http://localhost:38028 for channel [id: 0x4f414ede, L:/127.0.0.1:51489 - R:localhost/127.0.0.1:38028]
14:03:52.986 [Forwarding clickElement on session 49c98c64283fb433bbd32082806c90dd to remote] DEBUG org.asynchttpclient.netty.request.NettyRequestSender - Using pooled Channel '[id: 0x4f414ede, L:/127.0.0.1:51489 - R:localhost/127.0.0.1:38028]' for 'POST' to 'http://localhost:38028/session/49c98c64283fb433bbd32082806c90dd/element/4e29d28d-b70f-44e9-b913-69cf4ccb3bc0/click'
14:03:52.986 [Forwarding clickElement on session 49c98c64283fb433bbd32082806c90dd to remote] DEBUG org.asynchttpclient.netty.request.NettyRequestSender - Using open Channel [id: 0x4f414ede, L:/127.0.0.1:51489 - R:localhost/127.0.0.1:38028] for POST '/session/49c98c64283fb433bbd32082806c90dd/element/4e29d28d-b70f-44e9-b913-69cf4ccb3bc0/click'
14:03:53.066 [AsyncHttpClient-1-6] DEBUG org.asynchttpclient.netty.handler.HttpHandler - 

Request DefaultHttpRequest(decodeResult: success, version: HTTP/1.1)
POST /session/49c98c64283fb433bbd32082806c90dd/element/4e29d28d-b70f-44e9-b913-69cf4ccb3bc0/click HTTP/1.1
User-Agent: selenium/4.8.1 (java windows)
Content-Length: 50
Content-Type: application/json; charset=utf-8
host: localhost:38028
accept: */*

Response DefaultHttpResponse(decodeResult: success, version: HTTP/1.1)
HTTP/1.1 200 OK
Content-Length: 14
Content-Type: application/json; charset=utf-8
cache-control: no-cache

14:03:53.066 [AsyncHttpClient-1-6] DEBUG org.asynchttpclient.netty.channel.ChannelManager - Adding key: http://localhost:38028 for channel [id: 0x4f414ede, L:/127.0.0.1:51489 - R:localhost/127.0.0.1:38028]
14:03:53.073 [Forwarding getAlertText on session 49c98c64283fb433bbd32082806c90dd to remote] DEBUG org.asynchttpclient.netty.request.NettyRequestSender - Using pooled Channel '[id: 0x4f414ede, L:/127.0.0.1:51489 - R:localhost/127.0.0.1:38028]' for 'GET' to 'http://localhost:38028/session/49c98c64283fb433bbd32082806c90dd/alert/text'
14:03:53.073 [Forwarding getAlertText on session 49c98c64283fb433bbd32082806c90dd to remote] DEBUG org.asynchttpclient.netty.request.NettyRequestSender - Using open Channel [id: 0x4f414ede, L:/127.0.0.1:51489 - R:localhost/127.0.0.1:38028] for GET '/session/49c98c64283fb433bbd32082806c90dd/alert/text'
14:03:53.076 [AsyncHttpClient-1-6] DEBUG org.asynchttpclient.netty.handler.HttpHandler - 

Request DefaultFullHttpRequest(decodeResult: success, version: HTTP/1.1, content: EmptyByteBufBE)
GET /session/49c98c64283fb433bbd32082806c90dd/alert/text HTTP/1.1
User-Agent: selenium/4.8.1 (java windows)
Cache-Control: no-cache
Content-Type: application/json; charset=utf-8
host: localhost:38028
accept: */*

Response DefaultHttpResponse(decodeResult: success, version: HTTP/1.1)
HTTP/1.1 404 Not Found
Content-Length: 836
Content-Type: application/json; charset=utf-8
cache-control: no-cache

14:03:53.076 [AsyncHttpClient-1-6] DEBUG org.asynchttpclient.netty.channel.ChannelManager - Adding key: http://localhost:38028 for channel [id: 0x4f414ede, L:/127.0.0.1:51489 - R:localhost/127.0.0.1:38028]
14:03:53.080 [Forwarding getCurrentUrl on session 49c98c64283fb433bbd32082806c90dd to remote] DEBUG org.asynchttpclient.netty.request.NettyRequestSender - Using pooled Channel '[id: 0x4f414ede, L:/127.0.0.1:51489 - R:localhost/127.0.0.1:38028]' for 'GET' to 'http://localhost:38028/session/49c98c64283fb433bbd32082806c90dd/url'
14:03:53.080 [Forwarding getCurrentUrl on session 49c98c64283fb433bbd32082806c90dd to remote] DEBUG org.asynchttpclient.netty.request.NettyRequestSender - Using open Channel [id: 0x4f414ede, L:/127.0.0.1:51489 - R:localhost/127.0.0.1:38028] for GET '/session/49c98c64283fb433bbd32082806c90dd/url'
14:03:53.085 [AsyncHttpClient-1-6] DEBUG org.asynchttpclient.netty.handler.HttpHandler - 

Request DefaultFullHttpRequest(decodeResult: success, version: HTTP/1.1, content: EmptyByteBufBE)
GET /session/49c98c64283fb433bbd32082806c90dd/url HTTP/1.1
User-Agent: selenium/4.8.1 (java windows)
Cache-Control: no-cache
Content-Type: application/json; charset=utf-8
host: localhost:38028
accept: */*

Response DefaultHttpResponse(decodeResult: success, version: HTTP/1.1)
HTTP/1.1 200 OK
Content-Length: 56
Content-Type: application/json; charset=utf-8
cache-control: no-cache

14:03:53.085 [AsyncHttpClient-1-6] DEBUG org.asynchttpclient.netty.channel.ChannelManager - Adding key: http://localhost:38028 for channel [id: 0x4f414ede, L:/127.0.0.1:51489 - R:localhost/127.0.0.1:38028]
14:03:53.086 [Forwarding screenshot on session 49c98c64283fb433bbd32082806c90dd to remote] DEBUG org.asynchttpclient.netty.request.NettyRequestSender - Using pooled Channel '[id: 0x4f414ede, L:/127.0.0.1:51489 - R:localhost/127.0.0.1:38028]' for 'GET' to 'http://localhost:38028/session/49c98c64283fb433bbd32082806c90dd/screenshot'
14:03:53.086 [Forwarding screenshot on session 49c98c64283fb433bbd32082806c90dd to remote] DEBUG org.asynchttpclient.netty.request.NettyRequestSender - Using open Channel [id: 0x4f414ede, L:/127.0.0.1:51489 - R:localhost/127.0.0.1:38028] for GET '/session/49c98c64283fb433bbd32082806c90dd/screenshot'
14:03:53.300 [AsyncHttpClient-1-6] DEBUG org.asynchttpclient.netty.handler.HttpHandler - 

Request DefaultFullHttpRequest(decodeResult: success, version: HTTP/1.1, content: EmptyByteBufBE)
GET /session/49c98c64283fb433bbd32082806c90dd/screenshot HTTP/1.1
User-Agent: selenium/4.8.1 (java windows)
Cache-Control: no-cache
Content-Type: application/json; charset=utf-8
host: localhost:38028
accept: */*

Response DefaultHttpResponse(decodeResult: success, version: HTTP/1.1)
HTTP/1.1 200 OK
Content-Length: 96716
Content-Type: application/json; charset=utf-8
cache-control: no-cache

14:03:53.300 [AsyncHttpClient-1-6] DEBUG org.asynchttpclient.netty.channel.ChannelManager - Adding key: http://localhost:38028 for channel [id: 0x4f414ede, L:/127.0.0.1:51489 - R:localhost/127.0.0.1:38028]
14:03:53.304 [main] DEBUG net.serenitybdd.core.photography.Darkroom - Send negative for processing for target\site\serenity\50f292e6940e501a78a6aef13b07d7b3c75c6b8cbcda5686a8d747ee4c6d1983.png
14:03:53.304 [main] DEBUG net.thucydides.core.steps.StepInterceptor - STEP DONE: clickPayMethod
  &amp#27;[32mThen &amp#27;[0m&amp#27;[32mI click the pay method&amp#27;[0m                              &amp#27;[90m# starter.stepdefinition.ProductPaymentSteps.clickThePayMethod()&amp#27;[0m
14:03:53.304 [Darkroom Processing Line] DEBUG net.serenitybdd.core.photography.DarkroomProcessingLine - Processing screenshot image in /var/screenshots/screenshot-10657576200986747982
14:03:53.304 [Darkroom Processing Line] DEBUG net.serenitybdd.core.photography.DarkroomProcessingLine - Saving screenshot to target\site\serenity\50f292e6940e501a78a6aef13b07d7b3c75c6b8cbcda5686a8d747ee4c6d1983.png
14:03:53.320 [Forwarding getPageSource on session 49c98c64283fb433bbd32082806c90dd to remote] DEBUG org.asynchttpclient.netty.request.NettyRequestSender - Using pooled Channel '[id: 0x4f414ede, L:/127.0.0.1:51489 - R:localhost/127.0.0.1:38028]' for 'POST' to 'http://localhost:38028/session/49c98c64283fb433bbd32082806c90dd/execute/sync'
14:03:53.320 [Forwarding getPageSource on session 49c98c64283fb433bbd32082806c90dd to remote] DEBUG org.asynchttpclient.netty.request.NettyRequestSender - Using open Channel [id: 0x4f414ede, L:/127.0.0.1:51489 - R:localhost/127.0.0.1:38028] for POST '/session/49c98c64283fb433bbd32082806c90dd/execute/sync'
14:03:53.350 [AsyncHttpClient-1-6] DEBUG org.asynchttpclient.netty.handler.HttpHandler - 

Request DefaultHttpRequest(decodeResult: success, version: HTTP/1.1)
POST /session/49c98c64283fb433bbd32082806c90dd/execute/sync HTTP/1.1
User-Agent: selenium/4.8.1 (java windows)
Content-Length: 176
Content-Type: application/json; charset=utf-8
host: localhost:38028
accept: */*

Response DefaultHttpResponse(decodeResult: success, version: HTTP/1.1)
HTTP/1.1 200 OK
Content-Length: 105042
Content-Type: application/json; charset=utf-8
cache-control: no-cache

14:03:53.351 [AsyncHttpClient-1-6] DEBUG org.asynchttpclient.netty.channel.ChannelManager - Adding key: http://localhost:38028 for channel [id: 0x4f414ede, L:/127.0.0.1:51489 - R:localhost/127.0.0.1:38028]
14:03:53.365 [Forwarding getCurrentUrl on session 49c98c64283fb433bbd32082806c90dd to remote] DEBUG org.asynchttpclient.netty.request.NettyRequestSender - Using pooled Channel '[id: 0x4f414ede, L:/127.0.0.1:51489 - R:localhost/127.0.0.1:38028]' for 'GET' to 'http://localhost:38028/session/49c98c64283fb433bbd32082806c90dd/url'
14:03:53.365 [Forwarding getCurrentUrl on session 49c98c64283fb433bbd32082806c90dd to remote] DEBUG org.asynchttpclient.netty.request.NettyRequestSender - Using open Channel [id: 0x4f414ede, L:/127.0.0.1:51489 - R:localhost/127.0.0.1:38028] for GET '/session/49c98c64283fb433bbd32082806c90dd/url'
14:03:53.373 [AsyncHttpClient-1-6] DEBUG org.asynchttpclient.netty.handler.HttpHandler - 

Request DefaultFullHttpRequest(decodeResult: success, version: HTTP/1.1, content: EmptyByteBufBE)
GET /session/49c98c64283fb433bbd32082806c90dd/url HTTP/1.1
User-Agent: selenium/4.8.1 (java windows)
Cache-Control: no-cache
Content-Type: application/json; charset=utf-8
host: localhost:38028
accept: */*

Response DefaultHttpResponse(decodeResult: success, version: HTTP/1.1)
HTTP/1.1 200 OK
Content-Length: 56
Content-Type: application/json; charset=utf-8
cache-control: no-cache

14:03:53.373 [AsyncHttpClient-1-6] DEBUG org.asynchttpclient.netty.channel.ChannelManager - Adding key: http://localhost:38028 for channel [id: 0x4f414ede, L:/127.0.0.1:51489 - R:localhost/127.0.0.1:38028]
14:03:53.391 [Forwarding getAlertText on session 49c98c64283fb433bbd32082806c90dd to remote] DEBUG org.asynchttpclient.netty.request.NettyRequestSender - Using pooled Channel '[id: 0x4f414ede, L:/127.0.0.1:51489 - R:localhost/127.0.0.1:38028]' for 'GET' to 'http://localhost:38028/session/49c98c64283fb433bbd32082806c90dd/alert/text'
14:03:53.391 [Forwarding getAlertText on session 49c98c64283fb433bbd32082806c90dd to remote] DEBUG org.asynchttpclient.netty.request.NettyRequestSender - Using open Channel [id: 0x4f414ede, L:/127.0.0.1:51489 - R:localhost/127.0.0.1:38028] for GET '/session/49c98c64283fb433bbd32082806c90dd/alert/text'
14:03:53.415 [AsyncHttpClient-1-6] DEBUG org.asynchttpclient.netty.handler.HttpHandler - 

Request DefaultFullHttpRequest(decodeResult: success, version: HTTP/1.1, content: EmptyByteBufBE)
GET /session/49c98c64283fb433bbd32082806c90dd/alert/text HTTP/1.1
User-Agent: selenium/4.8.1 (java windows)
Cache-Control: no-cache
Content-Type: application/json; charset=utf-8
host: localhost:38028
accept: */*

Response DefaultHttpResponse(decodeResult: success, version: HTTP/1.1)
HTTP/1.1 404 Not Found
Content-Length: 836
Content-Type: application/json; charset=utf-8
cache-control: no-cache

14:03:53.416 [AsyncHttpClient-1-6] DEBUG org.asynchttpclient.netty.channel.ChannelManager - Adding key: http://localhost:38028 for channel [id: 0x4f414ede, L:/127.0.0.1:51489 - R:localhost/127.0.0.1:38028]
14:03:53.417 [Forwarding getCurrentUrl on session 49c98c64283fb433bbd32082806c90dd to remote] DEBUG org.asynchttpclient.netty.request.NettyRequestSender - Using pooled Channel '[id: 0x4f414ede, L:/127.0.0.1:51489 - R:localhost/127.0.0.1:38028]' for 'GET' to 'http://localhost:38028/session/49c98c64283fb433bbd32082806c90dd/url'
14:03:53.417 [Forwarding getCurrentUrl on session 49c98c64283fb433bbd32082806c90dd to remote] DEBUG org.asynchttpclient.netty.request.NettyRequestSender - Using open Channel [id: 0x4f414ede, L:/127.0.0.1:51489 - R:localhost/127.0.0.1:38028] for GET '/session/49c98c64283fb433bbd32082806c90dd/url'
14:03:53.422 [AsyncHttpClient-1-6] DEBUG org.asynchttpclient.netty.handler.HttpHandler - 

Request DefaultFullHttpRequest(decodeResult: success, version: HTTP/1.1, content: EmptyByteBufBE)
GET /session/49c98c64283fb433bbd32082806c90dd/url HTTP/1.1
User-Agent: selenium/4.8.1 (java windows)
Cache-Control: no-cache
Content-Type: application/json; charset=utf-8
host: localhost:38028
accept: */*

Response DefaultHttpResponse(decodeResult: success, version: HTTP/1.1)
HTTP/1.1 200 OK
Content-Length: 56
Content-Type: application/json; charset=utf-8
cache-control: no-cache

14:03:53.422 [AsyncHttpClient-1-6] DEBUG org.asynchttpclient.netty.channel.ChannelManager - Adding key: http://localhost:38028 for channel [id: 0x4f414ede, L:/127.0.0.1:51489 - R:localhost/127.0.0.1:38028]
14:03:53.423 [Forwarding screenshot on session 49c98c64283fb433bbd32082806c90dd to remote] DEBUG org.asynchttpclient.netty.request.NettyRequestSender - Using pooled Channel '[id: 0x4f414ede, L:/127.0.0.1:51489 - R:localhost/127.0.0.1:38028]' for 'GET' to 'http://localhost:38028/session/49c98c64283fb433bbd32082806c90dd/screenshot'
14:03:53.423 [Forwarding screenshot on session 49c98c64283fb433bbd32082806c90dd to remote] DEBUG org.asynchttpclient.netty.request.NettyRequestSender - Using open Channel [id: 0x4f414ede, L:/127.0.0.1:51489 - R:localhost/127.0.0.1:38028] for GET '/session/49c98c64283fb433bbd32082806c90dd/screenshot'
14:03:53.444 [AsyncHttpClient-1-1] DEBUG org.asynchttpclient.netty.channel.DefaultChannelPool - Entry count for : http://localhost:51490 : 1
14:03:53.632 [AsyncHttpClient-1-6] DEBUG org.asynchttpclient.netty.handler.HttpHandler - 

Request DefaultFullHttpRequest(decodeResult: success, version: HTTP/1.1, content: EmptyByteBufBE)
GET /session/49c98c64283fb433bbd32082806c90dd/screenshot HTTP/1.1
User-Agent: selenium/4.8.1 (java windows)
Cache-Control: no-cache
Content-Type: application/json; charset=utf-8
host: localhost:38028
accept: */*

Response DefaultHttpResponse(decodeResult: success, version: HTTP/1.1)
HTTP/1.1 200 OK
Content-Length: 142332
Content-Type: application/json; charset=utf-8
cache-control: no-cache

14:03:53.633 [AsyncHttpClient-1-6] DEBUG org.asynchttpclient.netty.channel.ChannelManager - Adding key: http://localhost:38028 for channel [id: 0x4f414ede, L:/127.0.0.1:51489 - R:localhost/127.0.0.1:38028]
14:03:53.637 [main] DEBUG net.serenitybdd.core.photography.Darkroom - Send negative for processing for target\site\serenity\16ebb0b7db130c7647fb4a3390a099db48603cb35e5235a4cec38d0c06f5648b.png
14:03:53.637 [Darkroom Processing Line] DEBUG net.serenitybdd.core.photography.DarkroomProcessingLine - Processing screenshot image in /var/screenshots/screenshot-7319626102876879113
14:03:53.637 [Darkroom Processing Line] DEBUG net.serenitybdd.core.photography.DarkroomProcessingLine - Saving screenshot to target\site\serenity\16ebb0b7db130c7647fb4a3390a099db48603cb35e5235a4cec38d0c06f5648b.png
14:03:53.638 [Forwarding getPageSource on session 49c98c64283fb433bbd32082806c90dd to remote] DEBUG org.asynchttpclient.netty.request.NettyRequestSender - Using pooled Channel '[id: 0x4f414ede, L:/127.0.0.1:51489 - R:localhost/127.0.0.1:38028]' for 'POST' to 'http://localhost:38028/session/49c98c64283fb433bbd32082806c90dd/execute/sync'
14:03:53.639 [Forwarding getPageSource on session 49c98c64283fb433bbd32082806c90dd to remote] DEBUG org.asynchttpclient.netty.request.NettyRequestSender - Using open Channel [id: 0x4f414ede, L:/127.0.0.1:51489 - R:localhost/127.0.0.1:38028] for POST '/session/49c98c64283fb433bbd32082806c90dd/execute/sync'
14:03:53.658 [AsyncHttpClient-1-6] DEBUG org.asynchttpclient.netty.handler.HttpHandler - 

Request DefaultHttpRequest(decodeResult: success, version: HTTP/1.1)
POST /session/49c98c64283fb433bbd32082806c90dd/execute/sync HTTP/1.1
User-Agent: selenium/4.8.1 (java windows)
Content-Length: 176
Content-Type: application/json; charset=utf-8
host: localhost:38028
accept: */*

Response DefaultHttpResponse(decodeResult: success, version: HTTP/1.1)
HTTP/1.1 200 OK
Content-Length: 100589
Content-Type: application/json; charset=utf-8
cache-control: no-cache

14:03:53.659 [AsyncHttpClient-1-6] DEBUG org.asynchttpclient.netty.channel.ChannelManager - Adding key: http://localhost:38028 for channel [id: 0x4f414ede, L:/127.0.0.1:51489 - R:localhost/127.0.0.1:38028]
14:03:53.671 [Forwarding getCurrentUrl on session 49c98c64283fb433bbd32082806c90dd to remote] DEBUG org.asynchttpclient.netty.request.NettyRequestSender - Using pooled Channel '[id: 0x4f414ede, L:/127.0.0.1:51489 - R:localhost/127.0.0.1:38028]' for 'GET' to 'http://localhost:38028/session/49c98c64283fb433bbd32082806c90dd/url'
14:03:53.672 [Forwarding getCurrentUrl on session 49c98c64283fb433bbd32082806c90dd to remote] DEBUG org.asynchttpclient.netty.request.NettyRequestSender - Using open Channel [id: 0x4f414ede, L:/127.0.0.1:51489 - R:localhost/127.0.0.1:38028] for GET '/session/49c98c64283fb433bbd32082806c90dd/url'
14:03:53.678 [AsyncHttpClient-1-6] DEBUG org.asynchttpclient.netty.handler.HttpHandler - 

Request DefaultFullHttpRequest(decodeResult: success, version: HTTP/1.1, content: EmptyByteBufBE)
GET /session/49c98c64283fb433bbd32082806c90dd/url HTTP/1.1
User-Agent: selenium/4.8.1 (java windows)
Cache-Control: no-cache
Content-Type: application/json; charset=utf-8
host: localhost:38028
accept: */*

Response DefaultHttpResponse(decodeResult: success, version: HTTP/1.1)
HTTP/1.1 200 OK
Content-Length: 56
Content-Type: application/json; charset=utf-8
cache-control: no-cache

14:03:53.678 [AsyncHttpClient-1-6] DEBUG org.asynchttpclient.netty.channel.ChannelManager - Adding key: http://localhost:38028 for channel [id: 0x4f414ede, L:/127.0.0.1:51489 - R:localhost/127.0.0.1:38028]
14:03:53.681 [main] DEBUG net.thucydides.core.steps.StepInterceptor - STARTING STEP: ProductPaymentSteps.clickThePayButton - clickPay
14:03:53.685 [Forwarding findElement on session 49c98c64283fb433bbd32082806c90dd to remote] DEBUG org.asynchttpclient.netty.request.NettyRequestSender - Using pooled Channel '[id: 0x4f414ede, L:/127.0.0.1:51489 - R:localhost/127.0.0.1:38028]' for 'POST' to 'http://localhost:38028/session/49c98c64283fb433bbd32082806c90dd/element'
14:03:53.685 [Forwarding findElement on session 49c98c64283fb433bbd32082806c90dd to remote] DEBUG org.asynchttpclient.netty.request.NettyRequestSender - Using open Channel [id: 0x4f414ede, L:/127.0.0.1:51489 - R:localhost/127.0.0.1:38028] for POST '/session/49c98c64283fb433bbd32082806c90dd/element'
14:03:53.701 [AsyncHttpClient-1-6] DEBUG org.asynchttpclient.netty.handler.HttpHandler - 

Request DefaultHttpRequest(decodeResult: success, version: HTTP/1.1)
POST /session/49c98c64283fb433bbd32082806c90dd/element HTTP/1.1
User-Agent: selenium/4.8.1 (java windows)
Content-Length: 62
Content-Type: application/json; charset=utf-8
host: localhost:38028
accept: */*

Response DefaultHttpResponse(decodeResult: success, version: HTTP/1.1)
HTTP/1.1 200 OK
Content-Length: 88
Content-Type: application/json; charset=utf-8
cache-control: no-cache

14:03:53.701 [AsyncHttpClient-1-6] DEBUG org.asynchttpclient.netty.channel.ChannelManager - Adding key: http://localhost:38028 for channel [id: 0x4f414ede, L:/127.0.0.1:51489 - R:localhost/127.0.0.1:38028]
14:03:53.703 [Forwarding getElementTagName on session 49c98c64283fb433bbd32082806c90dd to remote] DEBUG org.asynchttpclient.netty.request.NettyRequestSender - Using pooled Channel '[id: 0x4f414ede, L:/127.0.0.1:51489 - R:localhost/127.0.0.1:38028]' for 'GET' to 'http://localhost:38028/session/49c98c64283fb433bbd32082806c90dd/element/3c5046ce-16c1-4911-8d4b-368f5d8d1ea0/name'
14:03:53.703 [Forwarding getElementTagName on session 49c98c64283fb433bbd32082806c90dd to remote] DEBUG org.asynchttpclient.netty.request.NettyRequestSender - Using open Channel [id: 0x4f414ede, L:/127.0.0.1:51489 - R:localhost/127.0.0.1:38028] for GET '/session/49c98c64283fb433bbd32082806c90dd/element/3c5046ce-16c1-4911-8d4b-368f5d8d1ea0/name'
14:03:53.707 [AsyncHttpClient-1-6] DEBUG org.asynchttpclient.netty.handler.HttpHandler - 

Request DefaultFullHttpRequest(decodeResult: success, version: HTTP/1.1, content: EmptyByteBufBE)
GET /session/49c98c64283fb433bbd32082806c90dd/element/3c5046ce-16c1-4911-8d4b-368f5d8d1ea0/name HTTP/1.1
User-Agent: selenium/4.8.1 (java windows)
Cache-Control: no-cache
Content-Type: application/json; charset=utf-8
host: localhost:38028
accept: */*

Response DefaultHttpResponse(decodeResult: success, version: HTTP/1.1)
HTTP/1.1 200 OK
Content-Length: 16
Content-Type: application/json; charset=utf-8
cache-control: no-cache

14:03:53.708 [AsyncHttpClient-1-6] DEBUG org.asynchttpclient.netty.channel.ChannelManager - Adding key: http://localhost:38028 for channel [id: 0x4f414ede, L:/127.0.0.1:51489 - R:localhost/127.0.0.1:38028]
14:03:53.709 [Forwarding getElementTagName on session 49c98c64283fb433bbd32082806c90dd to remote] DEBUG org.asynchttpclient.netty.request.NettyRequestSender - Using pooled Channel '[id: 0x4f414ede, L:/127.0.0.1:51489 - R:localhost/127.0.0.1:38028]' for 'GET' to 'http://localhost:38028/session/49c98c64283fb433bbd32082806c90dd/element/3c5046ce-16c1-4911-8d4b-368f5d8d1ea0/name'
14:03:53.709 [Forwarding getElementTagName on session 49c98c64283fb433bbd32082806c90dd to remote] DEBUG org.asynchttpclient.netty.request.NettyRequestSender - Using open Channel [id: 0x4f414ede, L:/127.0.0.1:51489 - R:localhost/127.0.0.1:38028] for GET '/session/49c98c64283fb433bbd32082806c90dd/element/3c5046ce-16c1-4911-8d4b-368f5d8d1ea0/name'
14:03:53.713 [AsyncHttpClient-1-6] DEBUG org.asynchttpclient.netty.handler.HttpHandler - 

Request DefaultFullHttpRequest(decodeResult: success, version: HTTP/1.1, content: EmptyByteBufBE)
GET /session/49c98c64283fb433bbd32082806c90dd/element/3c5046ce-16c1-4911-8d4b-368f5d8d1ea0/name HTTP/1.1
User-Agent: selenium/4.8.1 (java windows)
Cache-Control: no-cache
Content-Type: application/json; charset=utf-8
host: localhost:38028
accept: */*

Response DefaultHttpResponse(decodeResult: success, version: HTTP/1.1)
HTTP/1.1 200 OK
Content-Length: 16
Content-Type: application/json; charset=utf-8
cache-control: no-cache

14:03:53.713 [AsyncHttpClient-1-6] DEBUG org.asynchttpclient.netty.channel.ChannelManager - Adding key: http://localhost:38028 for channel [id: 0x4f414ede, L:/127.0.0.1:51489 - R:localhost/127.0.0.1:38028]
14:03:53.715 [Forwarding findElement on session 49c98c64283fb433bbd32082806c90dd to remote] DEBUG org.asynchttpclient.netty.request.NettyRequestSender - Using pooled Channel '[id: 0x4f414ede, L:/127.0.0.1:51489 - R:localhost/127.0.0.1:38028]' for 'POST' to 'http://localhost:38028/session/49c98c64283fb433bbd32082806c90dd/element'
14:03:53.715 [Forwarding findElement on session 49c98c64283fb433bbd32082806c90dd to remote] DEBUG org.asynchttpclient.netty.request.NettyRequestSender - Using open Channel [id: 0x4f414ede, L:/127.0.0.1:51489 - R:localhost/127.0.0.1:38028] for POST '/session/49c98c64283fb433bbd32082806c90dd/element'
14:03:53.727 [AsyncHttpClient-1-6] DEBUG org.asynchttpclient.netty.handler.HttpHandler - 

Request DefaultHttpRequest(decodeResult: success, version: HTTP/1.1)
POST /session/49c98c64283fb433bbd32082806c90dd/element HTTP/1.1
User-Agent: selenium/4.8.1 (java windows)
Content-Length: 62
Content-Type: application/json; charset=utf-8
host: localhost:38028
accept: */*

Response DefaultHttpResponse(decodeResult: success, version: HTTP/1.1)
HTTP/1.1 200 OK
Content-Length: 88
Content-Type: application/json; charset=utf-8
cache-control: no-cache

14:03:53.727 [AsyncHttpClient-1-6] DEBUG org.asynchttpclient.netty.channel.ChannelManager - Adding key: http://localhost:38028 for channel [id: 0x4f414ede, L:/127.0.0.1:51489 - R:localhost/127.0.0.1:38028]
14:03:53.729 [Forwarding clickElement on session 49c98c64283fb433bbd32082806c90dd to remote] DEBUG org.asynchttpclient.netty.request.NettyRequestSender - Using pooled Channel '[id: 0x4f414ede, L:/127.0.0.1:51489 - R:localhost/127.0.0.1:38028]' for 'POST' to 'http://localhost:38028/session/49c98c64283fb433bbd32082806c90dd/element/3c5046ce-16c1-4911-8d4b-368f5d8d1ea0/click'
14:03:53.729 [Forwarding clickElement on session 49c98c64283fb433bbd32082806c90dd to remote] DEBUG org.asynchttpclient.netty.request.NettyRequestSender - Using open Channel [id: 0x4f414ede, L:/127.0.0.1:51489 - R:localhost/127.0.0.1:38028] for POST '/session/49c98c64283fb433bbd32082806c90dd/element/3c5046ce-16c1-4911-8d4b-368f5d8d1ea0/click'
14:03:53.815 [AsyncHttpClient-1-6] DEBUG org.asynchttpclient.netty.handler.HttpHandler - 

Request DefaultHttpRequest(decodeResult: success, version: HTTP/1.1)
POST /session/49c98c64283fb433bbd32082806c90dd/element/3c5046ce-16c1-4911-8d4b-368f5d8d1ea0/click HTTP/1.1
User-Agent: selenium/4.8.1 (java windows)
Content-Length: 50
Content-Type: application/json; charset=utf-8
host: localhost:38028
accept: */*

Response DefaultHttpResponse(decodeResult: success, version: HTTP/1.1)
HTTP/1.1 200 OK
Content-Length: 14
Content-Type: application/json; charset=utf-8
cache-control: no-cache

14:03:53.815 [AsyncHttpClient-1-6] DEBUG org.asynchttpclient.netty.channel.ChannelManager - Adding key: http://localhost:38028 for channel [id: 0x4f414ede, L:/127.0.0.1:51489 - R:localhost/127.0.0.1:38028]
14:03:53.829 [Forwarding getAlertText on session 49c98c64283fb433bbd32082806c90dd to remote] DEBUG org.asynchttpclient.netty.request.NettyRequestSender - Using pooled Channel '[id: 0x4f414ede, L:/127.0.0.1:51489 - R:localhost/127.0.0.1:38028]' for 'GET' to 'http://localhost:38028/session/49c98c64283fb433bbd32082806c90dd/alert/text'
14:03:53.829 [Forwarding getAlertText on session 49c98c64283fb433bbd32082806c90dd to remote] DEBUG org.asynchttpclient.netty.request.NettyRequestSender - Using open Channel [id: 0x4f414ede, L:/127.0.0.1:51489 - R:localhost/127.0.0.1:38028] for GET '/session/49c98c64283fb433bbd32082806c90dd/alert/text'
14:03:53.837 [AsyncHttpClient-1-6] DEBUG org.asynchttpclient.netty.handler.HttpHandler - 

Request DefaultFullHttpRequest(decodeResult: success, version: HTTP/1.1, content: EmptyByteBufBE)
GET /session/49c98c64283fb433bbd32082806c90dd/alert/text HTTP/1.1
User-Agent: selenium/4.8.1 (java windows)
Cache-Control: no-cache
Content-Type: application/json; charset=utf-8
host: localhost:38028
accept: */*

Response DefaultHttpResponse(decodeResult: success, version: HTTP/1.1)
HTTP/1.1 404 Not Found
Content-Length: 836
Content-Type: application/json; charset=utf-8
cache-control: no-cache

14:03:53.837 [AsyncHttpClient-1-6] DEBUG org.asynchttpclient.netty.channel.ChannelManager - Adding key: http://localhost:38028 for channel [id: 0x4f414ede, L:/127.0.0.1:51489 - R:localhost/127.0.0.1:38028]
14:03:53.840 [Forwarding getCurrentUrl on session 49c98c64283fb433bbd32082806c90dd to remote] DEBUG org.asynchttpclient.netty.request.NettyRequestSender - Using pooled Channel '[id: 0x4f414ede, L:/127.0.0.1:51489 - R:localhost/127.0.0.1:38028]' for 'GET' to 'http://localhost:38028/session/49c98c64283fb433bbd32082806c90dd/url'
14:03:53.840 [Forwarding getCurrentUrl on session 49c98c64283fb433bbd32082806c90dd to remote] DEBUG org.asynchttpclient.netty.request.NettyRequestSender - Using open Channel [id: 0x4f414ede, L:/127.0.0.1:51489 - R:localhost/127.0.0.1:38028] for GET '/session/49c98c64283fb433bbd32082806c90dd/url'
14:03:53.860 [AsyncHttpClient-1-6] DEBUG org.asynchttpclient.netty.handler.HttpHandler - 

Request DefaultFullHttpRequest(decodeResult: success, version: HTTP/1.1, content: EmptyByteBufBE)
GET /session/49c98c64283fb433bbd32082806c90dd/url HTTP/1.1
User-Agent: selenium/4.8.1 (java windows)
Cache-Control: no-cache
Content-Type: application/json; charset=utf-8
host: localhost:38028
accept: */*

Response DefaultHttpResponse(decodeResult: success, version: HTTP/1.1)
HTTP/1.1 200 OK
Content-Length: 56
Content-Type: application/json; charset=utf-8
cache-control: no-cache

14:03:53.861 [AsyncHttpClient-1-6] DEBUG org.asynchttpclient.netty.channel.ChannelManager - Adding key: http://localhost:38028 for channel [id: 0x4f414ede, L:/127.0.0.1:51489 - R:localhost/127.0.0.1:38028]
14:03:53.866 [Forwarding screenshot on session 49c98c64283fb433bbd32082806c90dd to remote] DEBUG org.asynchttpclient.netty.request.NettyRequestSender - Using pooled Channel '[id: 0x4f414ede, L:/127.0.0.1:51489 - R:localhost/127.0.0.1:38028]' for 'GET' to 'http://localhost:38028/session/49c98c64283fb433bbd32082806c90dd/screenshot'
14:03:53.866 [Forwarding screenshot on session 49c98c64283fb433bbd32082806c90dd to remote] DEBUG org.asynchttpclient.netty.request.NettyRequestSender - Using open Channel [id: 0x4f414ede, L:/127.0.0.1:51489 - R:localhost/127.0.0.1:38028] for GET '/session/49c98c64283fb433bbd32082806c90dd/screenshot'
14:03:54.036 [AsyncHttpClient-1-6] DEBUG org.asynchttpclient.netty.handler.HttpHandler - 

Request DefaultFullHttpRequest(decodeResult: success, version: HTTP/1.1, content: EmptyByteBufBE)
GET /session/49c98c64283fb433bbd32082806c90dd/screenshot HTTP/1.1
User-Agent: selenium/4.8.1 (java windows)
Cache-Control: no-cache
Content-Type: application/json; charset=utf-8
host: localhost:38028
accept: */*

Response DefaultHttpResponse(decodeResult: success, version: HTTP/1.1)
HTTP/1.1 200 OK
Content-Length: 97552
Content-Type: application/json; charset=utf-8
cache-control: no-cache

14:03:54.037 [AsyncHttpClient-1-6] DEBUG org.asynchttpclient.netty.channel.ChannelManager - Adding key: http://localhost:38028 for channel [id: 0x4f414ede, L:/127.0.0.1:51489 - R:localhost/127.0.0.1:38028]
14:03:54.043 [main] DEBUG net.serenitybdd.core.photography.Darkroom - Send negative for processing for target\site\serenity\b1b1580def39a758f0d4b2933536cd5c18c557c46ec3a59b50e6c6eb3a26ed17.png
14:03:54.043 [main] DEBUG net.thucydides.core.steps.StepInterceptor - STEP DONE: clickPay
  &amp#27;[32mAnd &amp#27;[0m&amp#27;[32mI click the pay button&amp#27;[0m                               &amp#27;[90m# starter.stepdefinition.ProductPaymentSteps.clickThePayButton()&amp#27;[0m
14:03:54.043 [Darkroom Processing Line] DEBUG net.serenitybdd.core.photography.DarkroomProcessingLine - Processing screenshot image in /var/screenshots/screenshot-12158794007262995675
14:03:54.044 [Darkroom Processing Line] DEBUG net.serenitybdd.core.photography.DarkroomProcessingLine - Saving screenshot to target\site\serenity\b1b1580def39a758f0d4b2933536cd5c18c557c46ec3a59b50e6c6eb3a26ed17.png
14:03:54.059 [Forwarding getPageSource on session 49c98c64283fb433bbd32082806c90dd to remote] DEBUG org.asynchttpclient.netty.request.NettyRequestSender - Using pooled Channel '[id: 0x4f414ede, L:/127.0.0.1:51489 - R:localhost/127.0.0.1:38028]' for 'POST' to 'http://localhost:38028/session/49c98c64283fb433bbd32082806c90dd/execute/sync'
14:03:54.059 [Forwarding getPageSource on session 49c98c64283fb433bbd32082806c90dd to remote] DEBUG org.asynchttpclient.netty.request.NettyRequestSender - Using open Channel [id: 0x4f414ede, L:/127.0.0.1:51489 - R:localhost/127.0.0.1:38028] for POST '/session/49c98c64283fb433bbd32082806c90dd/execute/sync'
14:03:54.076 [AsyncHttpClient-1-6] DEBUG org.asynchttpclient.netty.handler.HttpHandler - 

Request DefaultHttpRequest(decodeResult: success, version: HTTP/1.1)
POST /session/49c98c64283fb433bbd32082806c90dd/execute/sync HTTP/1.1
User-Agent: selenium/4.8.1 (java windows)
Content-Length: 176
Content-Type: application/json; charset=utf-8
host: localhost:38028
accept: */*

Response DefaultHttpResponse(decodeResult: success, version: HTTP/1.1)
HTTP/1.1 200 OK
Content-Length: 100891
Content-Type: application/json; charset=utf-8
cache-control: no-cache

14:03:54.076 [AsyncHttpClient-1-6] DEBUG org.asynchttpclient.netty.channel.ChannelManager - Adding key: http://localhost:38028 for channel [id: 0x4f414ede, L:/127.0.0.1:51489 - R:localhost/127.0.0.1:38028]
14:03:54.087 [Forwarding getCurrentUrl on session 49c98c64283fb433bbd32082806c90dd to remote] DEBUG org.asynchttpclient.netty.request.NettyRequestSender - Using pooled Channel '[id: 0x4f414ede, L:/127.0.0.1:51489 - R:localhost/127.0.0.1:38028]' for 'GET' to 'http://localhost:38028/session/49c98c64283fb433bbd32082806c90dd/url'
14:03:54.087 [Forwarding getCurrentUrl on session 49c98c64283fb433bbd32082806c90dd to remote] DEBUG org.asynchttpclient.netty.request.NettyRequestSender - Using open Channel [id: 0x4f414ede, L:/127.0.0.1:51489 - R:localhost/127.0.0.1:38028] for GET '/session/49c98c64283fb433bbd32082806c90dd/url'
14:03:54.107 [AsyncHttpClient-1-6] DEBUG org.asynchttpclient.netty.handler.HttpHandler - 

Request DefaultFullHttpRequest(decodeResult: success, version: HTTP/1.1, content: EmptyByteBufBE)
GET /session/49c98c64283fb433bbd32082806c90dd/url HTTP/1.1
User-Agent: selenium/4.8.1 (java windows)
Cache-Control: no-cache
Content-Type: application/json; charset=utf-8
host: localhost:38028
accept: */*

Response DefaultHttpResponse(decodeResult: success, version: HTTP/1.1)
HTTP/1.1 200 OK
Content-Length: 56
Content-Type: application/json; charset=utf-8
cache-control: no-cache

14:03:54.107 [AsyncHttpClient-1-6] DEBUG org.asynchttpclient.netty.channel.ChannelManager - Adding key: http://localhost:38028 for channel [id: 0x4f414ede, L:/127.0.0.1:51489 - R:localhost/127.0.0.1:38028]
14:03:54.128 [Forwarding getAlertText on session 49c98c64283fb433bbd32082806c90dd to remote] DEBUG org.asynchttpclient.netty.request.NettyRequestSender - Using pooled Channel '[id: 0x4f414ede, L:/127.0.0.1:51489 - R:localhost/127.0.0.1:38028]' for 'GET' to 'http://localhost:38028/session/49c98c64283fb433bbd32082806c90dd/alert/text'
14:03:54.128 [Forwarding getAlertText on session 49c98c64283fb433bbd32082806c90dd to remote] DEBUG org.asynchttpclient.netty.request.NettyRequestSender - Using open Channel [id: 0x4f414ede, L:/127.0.0.1:51489 - R:localhost/127.0.0.1:38028] for GET '/session/49c98c64283fb433bbd32082806c90dd/alert/text'
14:03:54.130 [AsyncHttpClient-1-6] DEBUG org.asynchttpclient.netty.handler.HttpHandler - 

Request DefaultFullHttpRequest(decodeResult: success, version: HTTP/1.1, content: EmptyByteBufBE)
GET /session/49c98c64283fb433bbd32082806c90dd/alert/text HTTP/1.1
User-Agent: selenium/4.8.1 (java windows)
Cache-Control: no-cache
Content-Type: application/json; charset=utf-8
host: localhost:38028
accept: */*

Response DefaultHttpResponse(decodeResult: success, version: HTTP/1.1)
HTTP/1.1 404 Not Found
Content-Length: 836
Content-Type: application/json; charset=utf-8
cache-control: no-cache

14:03:54.130 [AsyncHttpClient-1-6] DEBUG org.asynchttpclient.netty.channel.ChannelManager - Adding key: http://localhost:38028 for channel [id: 0x4f414ede, L:/127.0.0.1:51489 - R:localhost/127.0.0.1:38028]
14:03:54.132 [Forwarding getCurrentUrl on session 49c98c64283fb433bbd32082806c90dd to remote] DEBUG org.asynchttpclient.netty.request.NettyRequestSender - Using pooled Channel '[id: 0x4f414ede, L:/127.0.0.1:51489 - R:localhost/127.0.0.1:38028]' for 'GET' to 'http://localhost:38028/session/49c98c64283fb433bbd32082806c90dd/url'
14:03:54.133 [Forwarding getCurrentUrl on session 49c98c64283fb433bbd32082806c90dd to remote] DEBUG org.asynchttpclient.netty.request.NettyRequestSender - Using open Channel [id: 0x4f414ede, L:/127.0.0.1:51489 - R:localhost/127.0.0.1:38028] for GET '/session/49c98c64283fb433bbd32082806c90dd/url'
14:03:54.136 [AsyncHttpClient-1-6] DEBUG org.asynchttpclient.netty.handler.HttpHandler - 

Request DefaultFullHttpRequest(decodeResult: success, version: HTTP/1.1, content: EmptyByteBufBE)
GET /session/49c98c64283fb433bbd32082806c90dd/url HTTP/1.1
User-Agent: selenium/4.8.1 (java windows)
Cache-Control: no-cache
Content-Type: application/json; charset=utf-8
host: localhost:38028
accept: */*

Response DefaultHttpResponse(decodeResult: success, version: HTTP/1.1)
HTTP/1.1 200 OK
Content-Length: 56
Content-Type: application/json; charset=utf-8
cache-control: no-cache

14:03:54.136 [AsyncHttpClient-1-6] DEBUG org.asynchttpclient.netty.channel.ChannelManager - Adding key: http://localhost:38028 for channel [id: 0x4f414ede, L:/127.0.0.1:51489 - R:localhost/127.0.0.1:38028]
14:03:54.137 [Forwarding screenshot on session 49c98c64283fb433bbd32082806c90dd to remote] DEBUG org.asynchttpclient.netty.request.NettyRequestSender - Using pooled Channel '[id: 0x4f414ede, L:/127.0.0.1:51489 - R:localhost/127.0.0.1:38028]' for 'GET' to 'http://localhost:38028/session/49c98c64283fb433bbd32082806c90dd/screenshot'
14:03:54.137 [Forwarding screenshot on session 49c98c64283fb433bbd32082806c90dd to remote] DEBUG org.asynchttpclient.netty.request.NettyRequestSender - Using open Channel [id: 0x4f414ede, L:/127.0.0.1:51489 - R:localhost/127.0.0.1:38028] for GET '/session/49c98c64283fb433bbd32082806c90dd/screenshot'
14:03:54.533 [AsyncHttpClient-1-1] DEBUG org.asynchttpclient.netty.channel.DefaultChannelPool - Entry count for : http://localhost:51490 : 1
14:03:54.690 [AsyncHttpClient-1-6] DEBUG org.asynchttpclient.netty.handler.HttpHandler - 

Request DefaultFullHttpRequest(decodeResult: success, version: HTTP/1.1, content: EmptyByteBufBE)
GET /session/49c98c64283fb433bbd32082806c90dd/screenshot HTTP/1.1
User-Agent: selenium/4.8.1 (java windows)
Cache-Control: no-cache
Content-Type: application/json; charset=utf-8
host: localhost:38028
accept: */*

Response DefaultHttpResponse(decodeResult: success, version: HTTP/1.1)
HTTP/1.1 200 OK
Content-Length: 149460
Content-Type: application/json; charset=utf-8
cache-control: no-cache

14:03:54.690 [AsyncHttpClient-1-6] DEBUG org.asynchttpclient.netty.channel.ChannelManager - Adding key: http://localhost:38028 for channel [id: 0x4f414ede, L:/127.0.0.1:51489 - R:localhost/127.0.0.1:38028]
14:03:54.696 [main] DEBUG net.serenitybdd.core.photography.Darkroom - Send negative for processing for target\site\serenity\0c2343cf71e805a589e9f805452140b3b50c3c45621bdf00b760b0901da1fc5a.png
14:03:54.696 [Darkroom Processing Line] DEBUG net.serenitybdd.core.photography.DarkroomProcessingLine - Processing screenshot image in /var/screenshots/screenshot-14168727024489885972
14:03:54.696 [Darkroom Processing Line] DEBUG net.serenitybdd.core.photography.DarkroomProcessingLine - Saving screenshot to target\site\serenity\0c2343cf71e805a589e9f805452140b3b50c3c45621bdf00b760b0901da1fc5a.png
14:03:54.697 [Forwarding getPageSource on session 49c98c64283fb433bbd32082806c90dd to remote] DEBUG org.asynchttpclient.netty.request.NettyRequestSender - Using pooled Channel '[id: 0x4f414ede, L:/127.0.0.1:51489 - R:localhost/127.0.0.1:38028]' for 'POST' to 'http://localhost:38028/session/49c98c64283fb433bbd32082806c90dd/execute/sync'
14:03:54.698 [Forwarding getPageSource on session 49c98c64283fb433bbd32082806c90dd to remote] DEBUG org.asynchttpclient.netty.request.NettyRequestSender - Using open Channel [id: 0x4f414ede, L:/127.0.0.1:51489 - R:localhost/127.0.0.1:38028] for POST '/session/49c98c64283fb433bbd32082806c90dd/execute/sync'
14:03:54.710 [AsyncHttpClient-1-6] DEBUG org.asynchttpclient.netty.handler.HttpHandler - 

Request DefaultHttpRequest(decodeResult: success, version: HTTP/1.1)
POST /session/49c98c64283fb433bbd32082806c90dd/execute/sync HTTP/1.1
User-Agent: selenium/4.8.1 (java windows)
Content-Length: 176
Content-Type: application/json; charset=utf-8
host: localhost:38028
accept: */*

Response DefaultHttpResponse(decodeResult: success, version: HTTP/1.1)
HTTP/1.1 200 OK
Content-Length: 100643
Content-Type: application/json; charset=utf-8
cache-control: no-cache

14:03:54.710 [AsyncHttpClient-1-6] DEBUG org.asynchttpclient.netty.channel.ChannelManager - Adding key: http://localhost:38028 for channel [id: 0x4f414ede, L:/127.0.0.1:51489 - R:localhost/127.0.0.1:38028]
14:03:54.719 [Forwarding getCurrentUrl on session 49c98c64283fb433bbd32082806c90dd to remote] DEBUG org.asynchttpclient.netty.request.NettyRequestSender - Using pooled Channel '[id: 0x4f414ede, L:/127.0.0.1:51489 - R:localhost/127.0.0.1:38028]' for 'GET' to 'http://localhost:38028/session/49c98c64283fb433bbd32082806c90dd/url'
14:03:54.719 [Forwarding getCurrentUrl on session 49c98c64283fb433bbd32082806c90dd to remote] DEBUG org.asynchttpclient.netty.request.NettyRequestSender - Using open Channel [id: 0x4f414ede, L:/127.0.0.1:51489 - R:localhost/127.0.0.1:38028] for GET '/session/49c98c64283fb433bbd32082806c90dd/url'
14:03:54.723 [AsyncHttpClient-1-6] DEBUG org.asynchttpclient.netty.handler.HttpHandler - 

Request DefaultFullHttpRequest(decodeResult: success, version: HTTP/1.1, content: EmptyByteBufBE)
GET /session/49c98c64283fb433bbd32082806c90dd/url HTTP/1.1
User-Agent: selenium/4.8.1 (java windows)
Cache-Control: no-cache
Content-Type: application/json; charset=utf-8
host: localhost:38028
accept: */*

Response DefaultHttpResponse(decodeResult: success, version: HTTP/1.1)
HTTP/1.1 200 OK
Content-Length: 56
Content-Type: application/json; charset=utf-8
cache-control: no-cache

14:03:54.723 [AsyncHttpClient-1-6] DEBUG org.asynchttpclient.netty.channel.ChannelManager - Adding key: http://localhost:38028 for channel [id: 0x4f414ede, L:/127.0.0.1:51489 - R:localhost/127.0.0.1:38028]
14:03:54.727 [main] DEBUG net.thucydides.core.steps.StepInterceptor - STARTING STEP: ProductPaymentSteps.warningEmailInvalid - warningEmail
14:03:54.729 [Forwarding findElement on session 49c98c64283fb433bbd32082806c90dd to remote] DEBUG org.asynchttpclient.netty.request.NettyRequestSender - Using pooled Channel '[id: 0x4f414ede, L:/127.0.0.1:51489 - R:localhost/127.0.0.1:38028]' for 'POST' to 'http://localhost:38028/session/49c98c64283fb433bbd32082806c90dd/element'
14:03:54.729 [Forwarding findElement on session 49c98c64283fb433bbd32082806c90dd to remote] DEBUG org.asynchttpclient.netty.request.NettyRequestSender - Using open Channel [id: 0x4f414ede, L:/127.0.0.1:51489 - R:localhost/127.0.0.1:38028] for POST '/session/49c98c64283fb433bbd32082806c90dd/element'
14:03:54.744 [AsyncHttpClient-1-6] DEBUG org.asynchttpclient.netty.handler.HttpHandler - 

Request DefaultHttpRequest(decodeResult: success, version: HTTP/1.1)
POST /session/49c98c64283fb433bbd32082806c90dd/element HTTP/1.1
User-Agent: selenium/4.8.1 (java windows)
Content-Length: 126
Content-Type: application/json; charset=utf-8
host: localhost:38028
accept: */*

Response DefaultHttpResponse(decodeResult: success, version: HTTP/1.1)
HTTP/1.1 200 OK
Content-Length: 88
Content-Type: application/json; charset=utf-8
cache-control: no-cache

14:03:54.744 [AsyncHttpClient-1-6] DEBUG org.asynchttpclient.netty.channel.ChannelManager - Adding key: http://localhost:38028 for channel [id: 0x4f414ede, L:/127.0.0.1:51489 - R:localhost/127.0.0.1:38028]
14:03:54.747 [Forwarding isElementDisplayed on session 49c98c64283fb433bbd32082806c90dd to remote] DEBUG org.asynchttpclient.netty.request.NettyRequestSender - Using pooled Channel '[id: 0x4f414ede, L:/127.0.0.1:51489 - R:localhost/127.0.0.1:38028]' for 'POST' to 'http://localhost:38028/session/49c98c64283fb433bbd32082806c90dd/execute/sync'
14:03:54.747 [Forwarding isElementDisplayed on session 49c98c64283fb433bbd32082806c90dd to remote] DEBUG org.asynchttpclient.netty.request.NettyRequestSender - Using open Channel [id: 0x4f414ede, L:/127.0.0.1:51489 - R:localhost/127.0.0.1:38028] for POST '/session/49c98c64283fb433bbd32082806c90dd/execute/sync'
14:03:54.765 [AsyncHttpClient-1-6] DEBUG org.asynchttpclient.netty.handler.HttpHandler - 

Request DefaultHttpRequest(decodeResult: success, version: HTTP/1.1)
POST /session/49c98c64283fb433bbd32082806c90dd/execute/sync HTTP/1.1
User-Agent: selenium/4.8.1 (java windows)
Content-Length: 48807
Content-Type: application/json; charset=utf-8
host: localhost:38028
accept: */*

Response DefaultHttpResponse(decodeResult: success, version: HTTP/1.1)
HTTP/1.1 200 OK
Content-Length: 14
Content-Type: application/json; charset=utf-8
cache-control: no-cache

14:03:54.765 [AsyncHttpClient-1-6] DEBUG org.asynchttpclient.netty.channel.ChannelManager - Adding key: http://localhost:38028 for channel [id: 0x4f414ede, L:/127.0.0.1:51489 - R:localhost/127.0.0.1:38028]
14:03:54.772 [Forwarding getAlertText on session 49c98c64283fb433bbd32082806c90dd to remote] DEBUG org.asynchttpclient.netty.request.NettyRequestSender - Using pooled Channel '[id: 0x4f414ede, L:/127.0.0.1:51489 - R:localhost/127.0.0.1:38028]' for 'GET' to 'http://localhost:38028/session/49c98c64283fb433bbd32082806c90dd/alert/text'
14:03:54.772 [Forwarding getAlertText on session 49c98c64283fb433bbd32082806c90dd to remote] DEBUG org.asynchttpclient.netty.request.NettyRequestSender - Using open Channel [id: 0x4f414ede, L:/127.0.0.1:51489 - R:localhost/127.0.0.1:38028] for GET '/session/49c98c64283fb433bbd32082806c90dd/alert/text'
14:03:54.774 [AsyncHttpClient-1-6] DEBUG org.asynchttpclient.netty.handler.HttpHandler - 

Request DefaultFullHttpRequest(decodeResult: success, version: HTTP/1.1, content: EmptyByteBufBE)
GET /session/49c98c64283fb433bbd32082806c90dd/alert/text HTTP/1.1
User-Agent: selenium/4.8.1 (java windows)
Cache-Control: no-cache
Content-Type: application/json; charset=utf-8
host: localhost:38028
accept: */*

Response DefaultHttpResponse(decodeResult: success, version: HTTP/1.1)
HTTP/1.1 404 Not Found
Content-Length: 836
Content-Type: application/json; charset=utf-8
cache-control: no-cache

14:03:54.774 [AsyncHttpClient-1-6] DEBUG org.asynchttpclient.netty.channel.ChannelManager - Adding key: http://localhost:38028 for channel [id: 0x4f414ede, L:/127.0.0.1:51489 - R:localhost/127.0.0.1:38028]
14:03:54.776 [Forwarding getCurrentUrl on session 49c98c64283fb433bbd32082806c90dd to remote] DEBUG org.asynchttpclient.netty.request.NettyRequestSender - Using pooled Channel '[id: 0x4f414ede, L:/127.0.0.1:51489 - R:localhost/127.0.0.1:38028]' for 'GET' to 'http://localhost:38028/session/49c98c64283fb433bbd32082806c90dd/url'
14:03:54.776 [Forwarding getCurrentUrl on session 49c98c64283fb433bbd32082806c90dd to remote] DEBUG org.asynchttpclient.netty.request.NettyRequestSender - Using open Channel [id: 0x4f414ede, L:/127.0.0.1:51489 - R:localhost/127.0.0.1:38028] for GET '/session/49c98c64283fb433bbd32082806c90dd/url'
14:03:54.780 [AsyncHttpClient-1-6] DEBUG org.asynchttpclient.netty.handler.HttpHandler - 

Request DefaultFullHttpRequest(decodeResult: success, version: HTTP/1.1, content: EmptyByteBufBE)
GET /session/49c98c64283fb433bbd32082806c90dd/url HTTP/1.1
User-Agent: selenium/4.8.1 (java windows)
Cache-Control: no-cache
Content-Type: application/json; charset=utf-8
host: localhost:38028
accept: */*

Response DefaultHttpResponse(decodeResult: success, version: HTTP/1.1)
HTTP/1.1 200 OK
Content-Length: 56
Content-Type: application/json; charset=utf-8
cache-control: no-cache

14:03:54.780 [AsyncHttpClient-1-6] DEBUG org.asynchttpclient.netty.channel.ChannelManager - Adding key: http://localhost:38028 for channel [id: 0x4f414ede, L:/127.0.0.1:51489 - R:localhost/127.0.0.1:38028]
14:03:54.781 [Forwarding screenshot on session 49c98c64283fb433bbd32082806c90dd to remote] DEBUG org.asynchttpclient.netty.request.NettyRequestSender - Using pooled Channel '[id: 0x4f414ede, L:/127.0.0.1:51489 - R:localhost/127.0.0.1:38028]' for 'GET' to 'http://localhost:38028/session/49c98c64283fb433bbd32082806c90dd/screenshot'
14:03:54.781 [Forwarding screenshot on session 49c98c64283fb433bbd32082806c90dd to remote] DEBUG org.asynchttpclient.netty.request.NettyRequestSender - Using open Channel [id: 0x4f414ede, L:/127.0.0.1:51489 - R:localhost/127.0.0.1:38028] for GET '/session/49c98c64283fb433bbd32082806c90dd/screenshot'
14:03:54.890 [AsyncHttpClient-1-6] DEBUG org.asynchttpclient.netty.handler.HttpHandler - 

Request DefaultFullHttpRequest(decodeResult: success, version: HTTP/1.1, content: EmptyByteBufBE)
GET /session/49c98c64283fb433bbd32082806c90dd/screenshot HTTP/1.1
User-Agent: selenium/4.8.1 (java windows)
Cache-Control: no-cache
Content-Type: application/json; charset=utf-8
host: localhost:38028
accept: */*

Response DefaultHttpResponse(decodeResult: success, version: HTTP/1.1)
HTTP/1.1 200 OK
Content-Length: 149460
Content-Type: application/json; charset=utf-8
cache-control: no-cache

14:03:54.891 [AsyncHttpClient-1-6] DEBUG org.asynchttpclient.netty.channel.ChannelManager - Adding key: http://localhost:38028 for channel [id: 0x4f414ede, L:/127.0.0.1:51489 - R:localhost/127.0.0.1:38028]
14:03:54.896 [main] DEBUG net.serenitybdd.core.photography.Darkroom - Send negative for processing for target\site\serenity\0c2343cf71e805a589e9f805452140b3b50c3c45621bdf00b760b0901da1fc5a.png
14:03:54.896 [main] DEBUG net.thucydides.core.steps.StepInterceptor - STEP DONE: warningEmail
  &amp#27;[32mAnd &amp#27;[0m&amp#27;[32mA warning appears that user must enter a valid email&amp#27;[0m &amp#27;[90m# starter.stepdefinition.ProductPaymentSteps.warningEmailInvalid()&amp#27;[0m
14:03:54.902 [main] INFO  - 
  _____   ___   ___   _____     ___     _     ___   ___   ___   ___  
 |_   _| | __| / __| |_   _|   | _ \   /_\   / __| / __| | __| |   \ 
   | |   | _|  \__ \   | |     |  _/  / _ \  \__ \ \__ \ | _|  | |) |
   |_|   |___| |___/   |_|     |_|   /_/ \_\ |___/ |___/ |___| |___/ 

As user i have be able to do a payment
----------------------------------------------------------------------
14:03:54.903 [AsyncHttpClient-1-8] DEBUG org.asynchttpclient.netty.handler.WebSocketHandler - Channel Closed: [id: 0xef0ea744, L:/127.0.0.1:51499 ! R:localhost/127.0.0.1:51490] with attribute NettyResponseFuture{currentRetry=0,
	isDone=1,
	isCancelled=0,
	asyncHandler=org.asynchttpclient.ws.WebSocketUpgradeHandler@6be98d12,
	nettyRequest=org.asynchttpclient.netty.request.NettyRequest@35f46e70,
	future=java.util.concurrent.CompletableFuture@3130a8b7[Completed normally],
	uri=ws://localhost:51490/devtools/browser/6f43b0aa-0d70-47a7-9206-7f53a1d7a091,
	keepAlive=true,
	redirectCount=0,
	timeoutsHolder=null,
	inAuth=0,
	touch=1680764623709}
14:03:54.903 [AsyncHttpClient-1-8] DEBUG org.asynchttpclient.netty.channel.ChannelManager - Closing Channel [id: 0xef0ea744, L:/127.0.0.1:51499 ! R:localhost/127.0.0.1:51490] 
14:03:54.905 [Driver Command Executor] DEBUG org.asynchttpclient.netty.request.NettyRequestSender - Using pooled Channel '[id: 0x4f414ede, L:/127.0.0.1:51489 - R:localhost/127.0.0.1:38028]' for 'DELETE' to 'http://localhost:38028/session/49c98c64283fb433bbd32082806c90dd'
14:03:54.905 [Driver Command Executor] DEBUG org.asynchttpclient.netty.request.NettyRequestSender - Using open Channel [id: 0x4f414ede, L:/127.0.0.1:51489 - R:localhost/127.0.0.1:38028] for DELETE '/session/49c98c64283fb433bbd32082806c90dd'
14:03:54.964 [AsyncHttpClient-1-7] DEBUG org.asynchttpclient.netty.handler.HttpHandler - Unexpected I/O exception on channel [id: 0xcc5657f0, L:/127.0.0.1:51498 - R:localhost/127.0.0.1:51490]
java.net.SocketException: Connection reset
	at java.base/sun.nio.ch.SocketChannelImpl.throwConnectionReset(SocketChannelImpl.java:401)
	at java.base/sun.nio.ch.SocketChannelImpl.read(SocketChannelImpl.java:434)
	at io.netty.buffer.PooledByteBuf.setBytes(PooledByteBuf.java:259)
	at io.netty.buffer.AbstractByteBuf.writeBytes(AbstractByteBuf.java:1132)
	at io.netty.channel.socket.nio.NioSocketChannel.doReadBytes(NioSocketChannel.java:357)
	at io.netty.channel.nio.AbstractNioByteChannel$NioByteUnsafe.read(AbstractNioByteChannel.java:151)
	at io.netty.channel.nio.NioEventLoop.processSelectedKey(NioEventLoop.java:788)
	at io.netty.channel.nio.NioEventLoop.processSelectedKeysOptimized(NioEventLoop.java:724)
	at io.netty.channel.nio.NioEventLoop.processSelectedKeys(NioEventLoop.java:650)
	at io.netty.channel.nio.NioEventLoop.run(NioEventLoop.java:562)
	at io.netty.util.concurrent.SingleThreadEventExecutor$4.run(SingleThreadEventExecutor.java:997)
	at io.netty.util.internal.ThreadExecutorMap$2.run(ThreadExecutorMap.java:74)
	at io.netty.util.concurrent.FastThreadLocalRunnable.run(FastThreadLocalRunnable.java:30)
	at java.base/java.lang.Thread.run(Thread.java:1589)
14:03:54.964 [AsyncHttpClient-1-7] DEBUG org.asynchttpclient.netty.channel.ChannelManager - Closing Channel [id: 0xcc5657f0, L:/127.0.0.1:51498 - R:localhost/127.0.0.1:51490] 
14:03:54.964 [AsyncHttpClient-1-7] DEBUG org.asynchttpclient.netty.handler.HttpHandler - Channel Closed: [id: 0xcc5657f0, L:/127.0.0.1:51498 ! R:localhost/127.0.0.1:51490] with attribute DISCARD
14:03:55.010 [AsyncHttpClient-1-6] DEBUG org.asynchttpclient.netty.handler.HttpHandler - 

Request DefaultFullHttpRequest(decodeResult: success, version: HTTP/1.1, content: EmptyByteBufBE)
DELETE /session/49c98c64283fb433bbd32082806c90dd HTTP/1.1
User-Agent: selenium/4.8.1 (java windows)
Content-Type: application/json; charset=utf-8
host: localhost:38028
accept: */*

Response DefaultHttpResponse(decodeResult: success, version: HTTP/1.1)
HTTP/1.1 200 OK
Content-Length: 14
Content-Type: application/json; charset=utf-8
cache-control: no-cache

14:03:55.010 [AsyncHttpClient-1-6] DEBUG org.asynchttpclient.netty.channel.ChannelManager - Adding key: http://localhost:38028 for channel [id: 0x4f414ede, L:/127.0.0.1:51489 - R:localhost/127.0.0.1:38028]
14:03:55.639 [AsyncHttpClient-1-1] DEBUG org.asynchttpclient.netty.channel.DefaultChannelPool - Entry count for : http://localhost:51490 : 1
14:03:55.639 [AsyncHttpClient-1-1] DEBUG org.asynchttpclient.netty.channel.DefaultChannelPool - Entry count for : http://localhost:38028 : 1
14:03:55.639 [AsyncHttpClient-1-1] DEBUG org.asynchttpclient.netty.channel.DefaultChannelPool - Adding Candidate expired Channel [id: 0xcc5657f0, L:/127.0.0.1:51498 ! R:localhost/127.0.0.1:51490] isIdleTimeoutExpired=false isRemotelyClosed=true isTtlExpired=false
14:03:55.639 [AsyncHttpClient-1-1] DEBUG org.asynchttpclient.netty.channel.DefaultChannelPool - Closing Idle Channel [id: 0xcc5657f0, L:/127.0.0.1:51498 ! R:localhost/127.0.0.1:51490]
14:03:55.639 [AsyncHttpClient-1-1] DEBUG org.asynchttpclient.netty.channel.DefaultChannelPool - Closed 1 connections out of 2 in 0 ms
14:03:56.016 [AsyncHttpClient-1-6] DEBUG org.asynchttpclient.netty.handler.HttpHandler - Unexpected I/O exception on channel [id: 0x4f414ede, L:/127.0.0.1:51489 - R:localhost/127.0.0.1:38028]
java.net.SocketException: Connection reset
	at java.base/sun.nio.ch.SocketChannelImpl.throwConnectionReset(SocketChannelImpl.java:401)
	at java.base/sun.nio.ch.SocketChannelImpl.read(SocketChannelImpl.java:434)
	at io.netty.buffer.PooledByteBuf.setBytes(PooledByteBuf.java:259)
	at io.netty.buffer.AbstractByteBuf.writeBytes(AbstractByteBuf.java:1132)
	at io.netty.channel.socket.nio.NioSocketChannel.doReadBytes(NioSocketChannel.java:357)
	at io.netty.channel.nio.AbstractNioByteChannel$NioByteUnsafe.read(AbstractNioByteChannel.java:151)
	at io.netty.channel.nio.NioEventLoop.processSelectedKey(NioEventLoop.java:788)
	at io.netty.channel.nio.NioEventLoop.processSelectedKeysOptimized(NioEventLoop.java:724)
	at io.netty.channel.nio.NioEventLoop.processSelectedKeys(NioEventLoop.java:650)
	at io.netty.channel.nio.NioEventLoop.run(NioEventLoop.java:562)
	at io.netty.util.concurrent.SingleThreadEventExecutor$4.run(SingleThreadEventExecutor.java:997)
	at io.netty.util.internal.ThreadExecutorMap$2.run(ThreadExecutorMap.java:74)
	at io.netty.util.concurrent.FastThreadLocalRunnable.run(FastThreadLocalRunnable.java:30)
	at java.base/java.lang.Thread.run(Thread.java:1589)
14:03:56.016 [AsyncHttpClient-1-6] DEBUG org.asynchttpclient.netty.channel.ChannelManager - Closing Channel [id: 0x4f414ede, L:/127.0.0.1:51489 - R:localhost/127.0.0.1:38028] 
14:03:56.017 [AsyncHttpClient-1-6] DEBUG org.asynchttpclient.netty.handler.HttpHandler - Channel Closed: [id: 0x4f414ede, L:/127.0.0.1:51489 ! R:localhost/127.0.0.1:38028] with attribute DISCARD
]]></system-out>
    <system-err><![CDATA[Starting ChromeDriver 111.0.5563.64 (c710e93d5b63b7095afe8c2c17df34408078439d-refs/branch-heads/5563@{#995}) on port 38028
Only local connections are allowed.
Please see https://chromedriver.chromium.org/security-considerations for suggestions on keeping ChromeDriver safe.
ChromeDriver was started successfully.
Apr 06, 2023 2:03:43 PM org.openqa.selenium.devtools.CdpVersionFinder findNearestMatch
WARNING: Unable to find an exact match for CDP version 111, so returning the closest version found: 110
]]></system-err>
  </testcase>
  <testcase name="As user i have be able to do a payment #2" classname="product payment" time="14.825">
    <system-out><![CDATA[
@productPayment @PaymentA
Scenario: As user i have be able to do a payment &amp#27;[90m# src/test/resources/features/productpatment.feature:15&amp#27;[0m
14:03:56.088 [main] DEBUG io.cucumber.core.plugin.SerenityReporter - Running feature from file:///C:/Users/User/IdeaProjects/prioritasduaa/src/test/resources/features/productpatment.feature
14:03:56.211 [main] INFO net.serenitybdd.core.webdriver.driverproviders.ChromeDriverProvider - Starting Chrome driver instance with capabilities:
14:03:56.211 [main] INFO net.serenitybdd.core.webdriver.driverproviders.ChromeDriverProvider - Capabilities {acceptInsecureCerts: false, browserName: chrome, goog:chromeOptions: {args: [remote-allow-origins=*], extensions: []}}
14:03:56.337 [AsyncHttpClient-1-9] DEBUG org.asynchttpclient.netty.channel.NettyConnectListener - Using new Channel '[id: 0x4d57c5e9, L:/127.0.0.1:51533 - R:localhost/127.0.0.1:20502]' for 'POST' to '/session'
14:03:56.733 [AsyncHttpClient-1-1] DEBUG org.asynchttpclient.netty.channel.DefaultChannelPool - Entry count for : http://localhost:38028 : 1
14:03:56.733 [AsyncHttpClient-1-1] DEBUG org.asynchttpclient.netty.channel.DefaultChannelPool - Adding Candidate expired Channel [id: 0x4f414ede, L:/127.0.0.1:51489 ! R:localhost/127.0.0.1:38028] isIdleTimeoutExpired=false isRemotelyClosed=true isTtlExpired=false
14:03:56.733 [AsyncHttpClient-1-1] DEBUG org.asynchttpclient.netty.channel.DefaultChannelPool - Closing Idle Channel [id: 0x4f414ede, L:/127.0.0.1:51489 ! R:localhost/127.0.0.1:38028]
14:03:56.733 [AsyncHttpClient-1-1] DEBUG org.asynchttpclient.netty.channel.DefaultChannelPool - Closed 1 connections out of 1 in 0 ms
14:03:58.704 [AsyncHttpClient-1-9] DEBUG org.asynchttpclient.netty.handler.HttpHandler - 

Request DefaultHttpRequest(decodeResult: success, version: HTTP/1.1)
POST /session HTTP/1.1
User-Agent: selenium/4.8.1 (java windows)
Content-Length: 507
Content-Type: application/json; charset=utf-8
host: localhost:20502
accept: */*

Response DefaultHttpResponse(decodeResult: success, version: HTTP/1.1)
HTTP/1.1 200 OK
Content-Length: 859
Content-Type: application/json; charset=utf-8
cache-control: no-cache

14:03:58.704 [AsyncHttpClient-1-9] DEBUG org.asynchttpclient.netty.channel.ChannelManager - Adding key: http://localhost:20502 for channel [id: 0x4d57c5e9, L:/127.0.0.1:51533 - R:localhost/127.0.0.1:20502]
14:03:58.712 [AsyncHttpClient-1-2] DEBUG org.asynchttpclient.netty.channel.NettyConnectListener - Using new Channel '[id: 0xe5fb31bf, L:/127.0.0.1:51541 - R:localhost/127.0.0.1:51534]' for 'GET' to '/json/version'
14:03:58.713 [AsyncHttpClient-1-2] DEBUG org.asynchttpclient.netty.handler.HttpHandler - 

Request DefaultFullHttpRequest(decodeResult: success, version: HTTP/1.1, content: EmptyByteBufBE)
GET /json/version HTTP/1.1
User-Agent: selenium/4.8.1 (java windows)
host: localhost:51534
accept: */*

Response DefaultHttpResponse(decodeResult: success, version: HTTP/1.1)
HTTP/1.1 200 OK
Content-Security-Policy: frame-ancestors 'none'
Content-Length: 424
Content-Type: application/json; charset=UTF-8

14:03:58.713 [AsyncHttpClient-1-2] DEBUG org.asynchttpclient.netty.channel.ChannelManager - Adding key: http://localhost:51534 for channel [id: 0xe5fb31bf, L:/127.0.0.1:51541 - R:localhost/127.0.0.1:51534]
14:03:58.715 [AsyncHttpClient-1-3] DEBUG org.asynchttpclient.netty.channel.NettyConnectListener - Using new Channel '[id: 0x61b571e6, L:/127.0.0.1:51542 - R:localhost/127.0.0.1:51534]' for 'GET' to '/devtools/browser/18f29ed1-c6ee-44ea-b632-04cca068dcb0'
14:03:58.716 [AsyncHttpClient-1-3] DEBUG org.asynchttpclient.netty.handler.WebSocketHandler - 

Request DefaultFullHttpRequest(decodeResult: success, version: HTTP/1.1, content: EmptyByteBufBE)
GET /devtools/browser/18f29ed1-c6ee-44ea-b632-04cca068dcb0 HTTP/1.1
upgrade: websocket
connection: upgrade
sec-websocket-key: Wzy36aRwWZLGinK34855lQ==
sec-websocket-version: 13
origin: http://localhost:51534
host: localhost:51534
accept: */*
user-agent: AHC/2.1

Response DefaultHttpResponse(decodeResult: success, version: HTTP/1.1)
HTTP/1.1 101 WebSocket Protocol Handshake
Upgrade: WebSocket
Connection: Upgrade
Sec-WebSocket-Accept: izfLVdkuNrqlUBkGioFwpSEwpvc=

14:03:58.721 [Forwarding get on session f2ebd6ec9a57aa8f347db5dd31cb0643 to remote] DEBUG org.asynchttpclient.netty.request.NettyRequestSender - Using pooled Channel '[id: 0x4d57c5e9, L:/127.0.0.1:51533 - R:localhost/127.0.0.1:20502]' for 'POST' to 'http://localhost:20502/session/f2ebd6ec9a57aa8f347db5dd31cb0643/url'
14:03:58.722 [Forwarding get on session f2ebd6ec9a57aa8f347db5dd31cb0643 to remote] DEBUG org.asynchttpclient.netty.request.NettyRequestSender - Using open Channel [id: 0x4d57c5e9, L:/127.0.0.1:51533 - R:localhost/127.0.0.1:20502] for POST '/session/f2ebd6ec9a57aa8f347db5dd31cb0643/url'
14:03:58.937 [AsyncHttpClient-1-1] DEBUG org.asynchttpclient.netty.channel.DefaultChannelPool - Entry count for : http://localhost:51534 : 1
14:04:00.037 [AsyncHttpClient-1-1] DEBUG org.asynchttpclient.netty.channel.DefaultChannelPool - Entry count for : http://localhost:51534 : 1
14:04:01.134 [AsyncHttpClient-1-1] DEBUG org.asynchttpclient.netty.channel.DefaultChannelPool - Entry count for : http://localhost:51534 : 1
14:04:02.232 [AsyncHttpClient-1-1] DEBUG org.asynchttpclient.netty.channel.DefaultChannelPool - Entry count for : http://localhost:51534 : 1
14:04:03.246 [AsyncHttpClient-1-9] DEBUG org.asynchttpclient.netty.handler.HttpHandler - 

Request DefaultHttpRequest(decodeResult: success, version: HTTP/1.1)
POST /session/f2ebd6ec9a57aa8f347db5dd31cb0643/url HTTP/1.1
User-Agent: selenium/4.8.1 (java windows)
Content-Length: 54
Content-Type: application/json; charset=utf-8
host: localhost:20502
accept: */*

Response DefaultHttpResponse(decodeResult: success, version: HTTP/1.1)
HTTP/1.1 200 OK
Content-Length: 14
Content-Type: application/json; charset=utf-8
cache-control: no-cache

14:04:03.246 [AsyncHttpClient-1-9] DEBUG org.asynchttpclient.netty.channel.ChannelManager - Adding key: http://localhost:20502 for channel [id: 0x4d57c5e9, L:/127.0.0.1:51533 - R:localhost/127.0.0.1:20502]
14:04:03.247 [Forwarding setTimeout on session f2ebd6ec9a57aa8f347db5dd31cb0643 to remote] DEBUG org.asynchttpclient.netty.request.NettyRequestSender - Using pooled Channel '[id: 0x4d57c5e9, L:/127.0.0.1:51533 - R:localhost/127.0.0.1:20502]' for 'POST' to 'http://localhost:20502/session/f2ebd6ec9a57aa8f347db5dd31cb0643/timeouts'
14:04:03.247 [Forwarding setTimeout on session f2ebd6ec9a57aa8f347db5dd31cb0643 to remote] DEBUG org.asynchttpclient.netty.request.NettyRequestSender - Using open Channel [id: 0x4d57c5e9, L:/127.0.0.1:51533 - R:localhost/127.0.0.1:20502] for POST '/session/f2ebd6ec9a57aa8f347db5dd31cb0643/timeouts'
14:04:03.249 [AsyncHttpClient-1-9] DEBUG org.asynchttpclient.netty.handler.HttpHandler - 

Request DefaultHttpRequest(decodeResult: success, version: HTTP/1.1)
POST /session/f2ebd6ec9a57aa8f347db5dd31cb0643/timeouts HTTP/1.1
User-Agent: selenium/4.8.1 (java windows)
Content-Length: 22
Content-Type: application/json; charset=utf-8
host: localhost:20502
accept: */*

Response DefaultHttpResponse(decodeResult: success, version: HTTP/1.1)
HTTP/1.1 200 OK
Content-Length: 14
Content-Type: application/json; charset=utf-8
cache-control: no-cache

14:04:03.249 [AsyncHttpClient-1-9] DEBUG org.asynchttpclient.netty.channel.ChannelManager - Adding key: http://localhost:20502 for channel [id: 0x4d57c5e9, L:/127.0.0.1:51533 - R:localhost/127.0.0.1:20502]
14:04:03.261 [Forwarding getAlertText on session f2ebd6ec9a57aa8f347db5dd31cb0643 to remote] DEBUG org.asynchttpclient.netty.request.NettyRequestSender - Using pooled Channel '[id: 0x4d57c5e9, L:/127.0.0.1:51533 - R:localhost/127.0.0.1:20502]' for 'GET' to 'http://localhost:20502/session/f2ebd6ec9a57aa8f347db5dd31cb0643/alert/text'
14:04:03.262 [Forwarding getAlertText on session f2ebd6ec9a57aa8f347db5dd31cb0643 to remote] DEBUG org.asynchttpclient.netty.request.NettyRequestSender - Using open Channel [id: 0x4d57c5e9, L:/127.0.0.1:51533 - R:localhost/127.0.0.1:20502] for GET '/session/f2ebd6ec9a57aa8f347db5dd31cb0643/alert/text'
14:04:03.264 [AsyncHttpClient-1-9] DEBUG org.asynchttpclient.netty.handler.HttpHandler - 

Request DefaultFullHttpRequest(decodeResult: success, version: HTTP/1.1, content: EmptyByteBufBE)
GET /session/f2ebd6ec9a57aa8f347db5dd31cb0643/alert/text HTTP/1.1
User-Agent: selenium/4.8.1 (java windows)
Cache-Control: no-cache
Content-Type: application/json; charset=utf-8
host: localhost:20502
accept: */*

Response DefaultHttpResponse(decodeResult: success, version: HTTP/1.1)
HTTP/1.1 404 Not Found
Content-Length: 836
Content-Type: application/json; charset=utf-8
cache-control: no-cache

14:04:03.264 [AsyncHttpClient-1-9] DEBUG org.asynchttpclient.netty.channel.ChannelManager - Adding key: http://localhost:20502 for channel [id: 0x4d57c5e9, L:/127.0.0.1:51533 - R:localhost/127.0.0.1:20502]
14:04:03.265 [Forwarding getCurrentUrl on session f2ebd6ec9a57aa8f347db5dd31cb0643 to remote] DEBUG org.asynchttpclient.netty.request.NettyRequestSender - Using pooled Channel '[id: 0x4d57c5e9, L:/127.0.0.1:51533 - R:localhost/127.0.0.1:20502]' for 'GET' to 'http://localhost:20502/session/f2ebd6ec9a57aa8f347db5dd31cb0643/url'
14:04:03.265 [Forwarding getCurrentUrl on session f2ebd6ec9a57aa8f347db5dd31cb0643 to remote] DEBUG org.asynchttpclient.netty.request.NettyRequestSender - Using open Channel [id: 0x4d57c5e9, L:/127.0.0.1:51533 - R:localhost/127.0.0.1:20502] for GET '/session/f2ebd6ec9a57aa8f347db5dd31cb0643/url'
14:04:03.275 [AsyncHttpClient-1-9] DEBUG org.asynchttpclient.netty.handler.HttpHandler - 

Request DefaultFullHttpRequest(decodeResult: success, version: HTTP/1.1, content: EmptyByteBufBE)
GET /session/f2ebd6ec9a57aa8f347db5dd31cb0643/url HTTP/1.1
User-Agent: selenium/4.8.1 (java windows)
Cache-Control: no-cache
Content-Type: application/json; charset=utf-8
host: localhost:20502
accept: */*

Response DefaultHttpResponse(decodeResult: success, version: HTTP/1.1)
HTTP/1.1 200 OK
Content-Length: 36
Content-Type: application/json; charset=utf-8
cache-control: no-cache

14:04:03.275 [AsyncHttpClient-1-9] DEBUG org.asynchttpclient.netty.channel.ChannelManager - Adding key: http://localhost:20502 for channel [id: 0x4d57c5e9, L:/127.0.0.1:51533 - R:localhost/127.0.0.1:20502]
14:04:03.276 [Forwarding screenshot on session f2ebd6ec9a57aa8f347db5dd31cb0643 to remote] DEBUG org.asynchttpclient.netty.request.NettyRequestSender - Using pooled Channel '[id: 0x4d57c5e9, L:/127.0.0.1:51533 - R:localhost/127.0.0.1:20502]' for 'GET' to 'http://localhost:20502/session/f2ebd6ec9a57aa8f347db5dd31cb0643/screenshot'
14:04:03.276 [Forwarding screenshot on session f2ebd6ec9a57aa8f347db5dd31cb0643 to remote] DEBUG org.asynchttpclient.netty.request.NettyRequestSender - Using open Channel [id: 0x4d57c5e9, L:/127.0.0.1:51533 - R:localhost/127.0.0.1:20502] for GET '/session/f2ebd6ec9a57aa8f347db5dd31cb0643/screenshot'
14:04:03.333 [AsyncHttpClient-1-1] DEBUG org.asynchttpclient.netty.channel.DefaultChannelPool - Entry count for : http://localhost:51534 : 1
14:04:03.412 [AsyncHttpClient-1-9] DEBUG org.asynchttpclient.netty.handler.HttpHandler - 

Request DefaultFullHttpRequest(decodeResult: success, version: HTTP/1.1, content: EmptyByteBufBE)
GET /session/f2ebd6ec9a57aa8f347db5dd31cb0643/screenshot HTTP/1.1
User-Agent: selenium/4.8.1 (java windows)
Cache-Control: no-cache
Content-Type: application/json; charset=utf-8
host: localhost:20502
accept: */*

Response DefaultHttpResponse(decodeResult: success, version: HTTP/1.1)
HTTP/1.1 200 OK
Content-Length: 251888
Content-Type: application/json; charset=utf-8
cache-control: no-cache

14:04:03.412 [AsyncHttpClient-1-9] DEBUG org.asynchttpclient.netty.channel.ChannelManager - Adding key: http://localhost:20502 for channel [id: 0x4d57c5e9, L:/127.0.0.1:51533 - R:localhost/127.0.0.1:20502]
14:04:03.418 [main] DEBUG net.serenitybdd.core.photography.Darkroom - Send negative for processing for target\site\serenity\a29f56f25325e9651e3177a52375568173ccb24bbfec3a82f2b766ed616eb9a0.png
14:04:03.419 [Darkroom Processing Line] DEBUG net.serenitybdd.core.photography.DarkroomProcessingLine - Processing screenshot image in /var/screenshots/screenshot-4794147846630714165
14:04:03.419 [Darkroom Processing Line] DEBUG net.serenitybdd.core.photography.DarkroomProcessingLine - Saving screenshot to target\site\serenity\a29f56f25325e9651e3177a52375568173ccb24bbfec3a82f2b766ed616eb9a0.png
14:04:03.420 [Forwarding getPageSource on session f2ebd6ec9a57aa8f347db5dd31cb0643 to remote] DEBUG org.asynchttpclient.netty.request.NettyRequestSender - Using pooled Channel '[id: 0x4d57c5e9, L:/127.0.0.1:51533 - R:localhost/127.0.0.1:20502]' for 'POST' to 'http://localhost:20502/session/f2ebd6ec9a57aa8f347db5dd31cb0643/execute/sync'
14:04:03.420 [Forwarding getPageSource on session f2ebd6ec9a57aa8f347db5dd31cb0643 to remote] DEBUG org.asynchttpclient.netty.request.NettyRequestSender - Using open Channel [id: 0x4d57c5e9, L:/127.0.0.1:51533 - R:localhost/127.0.0.1:20502] for POST '/session/f2ebd6ec9a57aa8f347db5dd31cb0643/execute/sync'
14:04:03.443 [AsyncHttpClient-1-9] DEBUG org.asynchttpclient.netty.handler.HttpHandler - 

Request DefaultHttpRequest(decodeResult: success, version: HTTP/1.1)
POST /session/f2ebd6ec9a57aa8f347db5dd31cb0643/execute/sync HTTP/1.1
User-Agent: selenium/4.8.1 (java windows)
Content-Length: 176
Content-Type: application/json; charset=utf-8
host: localhost:20502
accept: */*

Response DefaultHttpResponse(decodeResult: success, version: HTTP/1.1)
HTTP/1.1 200 OK
Content-Length: 182088
Content-Type: application/json; charset=utf-8
cache-control: no-cache

14:04:03.443 [AsyncHttpClient-1-9] DEBUG org.asynchttpclient.netty.channel.ChannelManager - Adding key: http://localhost:20502 for channel [id: 0x4d57c5e9, L:/127.0.0.1:51533 - R:localhost/127.0.0.1:20502]
14:04:03.458 [Forwarding getCurrentUrl on session f2ebd6ec9a57aa8f347db5dd31cb0643 to remote] DEBUG org.asynchttpclient.netty.request.NettyRequestSender - Using pooled Channel '[id: 0x4d57c5e9, L:/127.0.0.1:51533 - R:localhost/127.0.0.1:20502]' for 'GET' to 'http://localhost:20502/session/f2ebd6ec9a57aa8f347db5dd31cb0643/url'
14:04:03.458 [Forwarding getCurrentUrl on session f2ebd6ec9a57aa8f347db5dd31cb0643 to remote] DEBUG org.asynchttpclient.netty.request.NettyRequestSender - Using open Channel [id: 0x4d57c5e9, L:/127.0.0.1:51533 - R:localhost/127.0.0.1:20502] for GET '/session/f2ebd6ec9a57aa8f347db5dd31cb0643/url'
14:04:03.462 [AsyncHttpClient-1-9] DEBUG org.asynchttpclient.netty.handler.HttpHandler - 

Request DefaultFullHttpRequest(decodeResult: success, version: HTTP/1.1, content: EmptyByteBufBE)
GET /session/f2ebd6ec9a57aa8f347db5dd31cb0643/url HTTP/1.1
User-Agent: selenium/4.8.1 (java windows)
Cache-Control: no-cache
Content-Type: application/json; charset=utf-8
host: localhost:20502
accept: */*

Response DefaultHttpResponse(decodeResult: success, version: HTTP/1.1)
HTTP/1.1 200 OK
Content-Length: 36
Content-Type: application/json; charset=utf-8
cache-control: no-cache

14:04:03.462 [AsyncHttpClient-1-9] DEBUG org.asynchttpclient.netty.channel.ChannelManager - Adding key: http://localhost:20502 for channel [id: 0x4d57c5e9, L:/127.0.0.1:51533 - R:localhost/127.0.0.1:20502]
14:04:03.464 [main] DEBUG net.thucydides.core.steps.StepInterceptor - STARTING STEP: ProductPaymentSteps.alreadyChooseProduct - pulsaButton
14:04:03.468 [Forwarding findElement on session f2ebd6ec9a57aa8f347db5dd31cb0643 to remote] DEBUG org.asynchttpclient.netty.request.NettyRequestSender - Using pooled Channel '[id: 0x4d57c5e9, L:/127.0.0.1:51533 - R:localhost/127.0.0.1:20502]' for 'POST' to 'http://localhost:20502/session/f2ebd6ec9a57aa8f347db5dd31cb0643/element'
14:04:03.468 [Forwarding findElement on session f2ebd6ec9a57aa8f347db5dd31cb0643 to remote] DEBUG org.asynchttpclient.netty.request.NettyRequestSender - Using open Channel [id: 0x4d57c5e9, L:/127.0.0.1:51533 - R:localhost/127.0.0.1:20502] for POST '/session/f2ebd6ec9a57aa8f347db5dd31cb0643/element'
14:04:03.483 [AsyncHttpClient-1-9] DEBUG org.asynchttpclient.netty.handler.HttpHandler - 

Request DefaultHttpRequest(decodeResult: success, version: HTTP/1.1)
POST /session/f2ebd6ec9a57aa8f347db5dd31cb0643/element HTTP/1.1
User-Agent: selenium/4.8.1 (java windows)
Content-Length: 59
Content-Type: application/json; charset=utf-8
host: localhost:20502
accept: */*

Response DefaultHttpResponse(decodeResult: success, version: HTTP/1.1)
HTTP/1.1 200 OK
Content-Length: 88
Content-Type: application/json; charset=utf-8
cache-control: no-cache

14:04:03.483 [AsyncHttpClient-1-9] DEBUG org.asynchttpclient.netty.channel.ChannelManager - Adding key: http://localhost:20502 for channel [id: 0x4d57c5e9, L:/127.0.0.1:51533 - R:localhost/127.0.0.1:20502]
14:04:03.484 [Forwarding getElementTagName on session f2ebd6ec9a57aa8f347db5dd31cb0643 to remote] DEBUG org.asynchttpclient.netty.request.NettyRequestSender - Using pooled Channel '[id: 0x4d57c5e9, L:/127.0.0.1:51533 - R:localhost/127.0.0.1:20502]' for 'GET' to 'http://localhost:20502/session/f2ebd6ec9a57aa8f347db5dd31cb0643/element/4abb4e5b-cf77-4eec-952c-b1c01ec9e854/name'
14:04:03.484 [Forwarding getElementTagName on session f2ebd6ec9a57aa8f347db5dd31cb0643 to remote] DEBUG org.asynchttpclient.netty.request.NettyRequestSender - Using open Channel [id: 0x4d57c5e9, L:/127.0.0.1:51533 - R:localhost/127.0.0.1:20502] for GET '/session/f2ebd6ec9a57aa8f347db5dd31cb0643/element/4abb4e5b-cf77-4eec-952c-b1c01ec9e854/name'
14:04:03.489 [AsyncHttpClient-1-9] DEBUG org.asynchttpclient.netty.handler.HttpHandler - 

Request DefaultFullHttpRequest(decodeResult: success, version: HTTP/1.1, content: EmptyByteBufBE)
GET /session/f2ebd6ec9a57aa8f347db5dd31cb0643/element/4abb4e5b-cf77-4eec-952c-b1c01ec9e854/name HTTP/1.1
User-Agent: selenium/4.8.1 (java windows)
Cache-Control: no-cache
Content-Type: application/json; charset=utf-8
host: localhost:20502
accept: */*

Response DefaultHttpResponse(decodeResult: success, version: HTTP/1.1)
HTTP/1.1 200 OK
Content-Length: 15
Content-Type: application/json; charset=utf-8
cache-control: no-cache

14:04:03.489 [AsyncHttpClient-1-9] DEBUG org.asynchttpclient.netty.channel.ChannelManager - Adding key: http://localhost:20502 for channel [id: 0x4d57c5e9, L:/127.0.0.1:51533 - R:localhost/127.0.0.1:20502]
14:04:03.490 [Forwarding getElementTagName on session f2ebd6ec9a57aa8f347db5dd31cb0643 to remote] DEBUG org.asynchttpclient.netty.request.NettyRequestSender - Using pooled Channel '[id: 0x4d57c5e9, L:/127.0.0.1:51533 - R:localhost/127.0.0.1:20502]' for 'GET' to 'http://localhost:20502/session/f2ebd6ec9a57aa8f347db5dd31cb0643/element/4abb4e5b-cf77-4eec-952c-b1c01ec9e854/name'
14:04:03.490 [Forwarding getElementTagName on session f2ebd6ec9a57aa8f347db5dd31cb0643 to remote] DEBUG org.asynchttpclient.netty.request.NettyRequestSender - Using open Channel [id: 0x4d57c5e9, L:/127.0.0.1:51533 - R:localhost/127.0.0.1:20502] for GET '/session/f2ebd6ec9a57aa8f347db5dd31cb0643/element/4abb4e5b-cf77-4eec-952c-b1c01ec9e854/name'
14:04:03.495 [AsyncHttpClient-1-9] DEBUG org.asynchttpclient.netty.handler.HttpHandler - 

Request DefaultFullHttpRequest(decodeResult: success, version: HTTP/1.1, content: EmptyByteBufBE)
GET /session/f2ebd6ec9a57aa8f347db5dd31cb0643/element/4abb4e5b-cf77-4eec-952c-b1c01ec9e854/name HTTP/1.1
User-Agent: selenium/4.8.1 (java windows)
Cache-Control: no-cache
Content-Type: application/json; charset=utf-8
host: localhost:20502
accept: */*

Response DefaultHttpResponse(decodeResult: success, version: HTTP/1.1)
HTTP/1.1 200 OK
Content-Length: 15
Content-Type: application/json; charset=utf-8
cache-control: no-cache

14:04:03.495 [AsyncHttpClient-1-9] DEBUG org.asynchttpclient.netty.channel.ChannelManager - Adding key: http://localhost:20502 for channel [id: 0x4d57c5e9, L:/127.0.0.1:51533 - R:localhost/127.0.0.1:20502]
14:04:03.497 [Forwarding findElement on session f2ebd6ec9a57aa8f347db5dd31cb0643 to remote] DEBUG org.asynchttpclient.netty.request.NettyRequestSender - Using pooled Channel '[id: 0x4d57c5e9, L:/127.0.0.1:51533 - R:localhost/127.0.0.1:20502]' for 'POST' to 'http://localhost:20502/session/f2ebd6ec9a57aa8f347db5dd31cb0643/element'
14:04:03.497 [Forwarding findElement on session f2ebd6ec9a57aa8f347db5dd31cb0643 to remote] DEBUG org.asynchttpclient.netty.request.NettyRequestSender - Using open Channel [id: 0x4d57c5e9, L:/127.0.0.1:51533 - R:localhost/127.0.0.1:20502] for POST '/session/f2ebd6ec9a57aa8f347db5dd31cb0643/element'
14:04:03.505 [AsyncHttpClient-1-9] DEBUG org.asynchttpclient.netty.handler.HttpHandler - 

Request DefaultHttpRequest(decodeResult: success, version: HTTP/1.1)
POST /session/f2ebd6ec9a57aa8f347db5dd31cb0643/element HTTP/1.1
User-Agent: selenium/4.8.1 (java windows)
Content-Length: 59
Content-Type: application/json; charset=utf-8
host: localhost:20502
accept: */*

Response DefaultHttpResponse(decodeResult: success, version: HTTP/1.1)
HTTP/1.1 200 OK
Content-Length: 88
Content-Type: application/json; charset=utf-8
cache-control: no-cache

14:04:03.505 [AsyncHttpClient-1-9] DEBUG org.asynchttpclient.netty.channel.ChannelManager - Adding key: http://localhost:20502 for channel [id: 0x4d57c5e9, L:/127.0.0.1:51533 - R:localhost/127.0.0.1:20502]
14:04:03.506 [Forwarding clickElement on session f2ebd6ec9a57aa8f347db5dd31cb0643 to remote] DEBUG org.asynchttpclient.netty.request.NettyRequestSender - Using pooled Channel '[id: 0x4d57c5e9, L:/127.0.0.1:51533 - R:localhost/127.0.0.1:20502]' for 'POST' to 'http://localhost:20502/session/f2ebd6ec9a57aa8f347db5dd31cb0643/element/4abb4e5b-cf77-4eec-952c-b1c01ec9e854/click'
14:04:03.506 [Forwarding clickElement on session f2ebd6ec9a57aa8f347db5dd31cb0643 to remote] DEBUG org.asynchttpclient.netty.request.NettyRequestSender - Using open Channel [id: 0x4d57c5e9, L:/127.0.0.1:51533 - R:localhost/127.0.0.1:20502] for POST '/session/f2ebd6ec9a57aa8f347db5dd31cb0643/element/4abb4e5b-cf77-4eec-952c-b1c01ec9e854/click'
14:04:04.433 [AsyncHttpClient-1-1] DEBUG org.asynchttpclient.netty.channel.DefaultChannelPool - Entry count for : http://localhost:51534 : 1
14:04:04.571 [AsyncHttpClient-1-9] DEBUG org.asynchttpclient.netty.handler.HttpHandler - 

Request DefaultHttpRequest(decodeResult: success, version: HTTP/1.1)
POST /session/f2ebd6ec9a57aa8f347db5dd31cb0643/element/4abb4e5b-cf77-4eec-952c-b1c01ec9e854/click HTTP/1.1
User-Agent: selenium/4.8.1 (java windows)
Content-Length: 50
Content-Type: application/json; charset=utf-8
host: localhost:20502
accept: */*

Response DefaultHttpResponse(decodeResult: success, version: HTTP/1.1)
HTTP/1.1 400 Bad Request
Content-Length: 1286
Content-Type: application/json; charset=utf-8
cache-control: no-cache

14:04:04.571 [AsyncHttpClient-1-9] DEBUG org.asynchttpclient.netty.channel.ChannelManager - Adding key: http://localhost:20502 for channel [id: 0x4d57c5e9, L:/127.0.0.1:51533 - R:localhost/127.0.0.1:20502]
14:04:04.836 [Forwarding clickElement on session f2ebd6ec9a57aa8f347db5dd31cb0643 to remote] DEBUG org.asynchttpclient.netty.request.NettyRequestSender - Using pooled Channel '[id: 0x4d57c5e9, L:/127.0.0.1:51533 - R:localhost/127.0.0.1:20502]' for 'POST' to 'http://localhost:20502/session/f2ebd6ec9a57aa8f347db5dd31cb0643/element/4abb4e5b-cf77-4eec-952c-b1c01ec9e854/click'
14:04:04.836 [Forwarding clickElement on session f2ebd6ec9a57aa8f347db5dd31cb0643 to remote] DEBUG org.asynchttpclient.netty.request.NettyRequestSender - Using open Channel [id: 0x4d57c5e9, L:/127.0.0.1:51533 - R:localhost/127.0.0.1:20502] for POST '/session/f2ebd6ec9a57aa8f347db5dd31cb0643/element/4abb4e5b-cf77-4eec-952c-b1c01ec9e854/click'
14:04:05.032 [AsyncHttpClient-1-9] DEBUG org.asynchttpclient.netty.handler.HttpHandler - 

Request DefaultHttpRequest(decodeResult: success, version: HTTP/1.1)
POST /session/f2ebd6ec9a57aa8f347db5dd31cb0643/element/4abb4e5b-cf77-4eec-952c-b1c01ec9e854/click HTTP/1.1
User-Agent: selenium/4.8.1 (java windows)
Content-Length: 50
Content-Type: application/json; charset=utf-8
host: localhost:20502
accept: */*

Response DefaultHttpResponse(decodeResult: success, version: HTTP/1.1)
HTTP/1.1 200 OK
Content-Length: 14
Content-Type: application/json; charset=utf-8
cache-control: no-cache

14:04:05.033 [AsyncHttpClient-1-9] DEBUG org.asynchttpclient.netty.channel.ChannelManager - Adding key: http://localhost:20502 for channel [id: 0x4d57c5e9, L:/127.0.0.1:51533 - R:localhost/127.0.0.1:20502]
14:04:05.045 [Forwarding getAlertText on session f2ebd6ec9a57aa8f347db5dd31cb0643 to remote] DEBUG org.asynchttpclient.netty.request.NettyRequestSender - Using pooled Channel '[id: 0x4d57c5e9, L:/127.0.0.1:51533 - R:localhost/127.0.0.1:20502]' for 'GET' to 'http://localhost:20502/session/f2ebd6ec9a57aa8f347db5dd31cb0643/alert/text'
14:04:05.045 [Forwarding getAlertText on session f2ebd6ec9a57aa8f347db5dd31cb0643 to remote] DEBUG org.asynchttpclient.netty.request.NettyRequestSender - Using open Channel [id: 0x4d57c5e9, L:/127.0.0.1:51533 - R:localhost/127.0.0.1:20502] for GET '/session/f2ebd6ec9a57aa8f347db5dd31cb0643/alert/text'
14:04:05.047 [AsyncHttpClient-1-9] DEBUG org.asynchttpclient.netty.handler.HttpHandler - 

Request DefaultFullHttpRequest(decodeResult: success, version: HTTP/1.1, content: EmptyByteBufBE)
GET /session/f2ebd6ec9a57aa8f347db5dd31cb0643/alert/text HTTP/1.1
User-Agent: selenium/4.8.1 (java windows)
Cache-Control: no-cache
Content-Type: application/json; charset=utf-8
host: localhost:20502
accept: */*

Response DefaultHttpResponse(decodeResult: success, version: HTTP/1.1)
HTTP/1.1 404 Not Found
Content-Length: 836
Content-Type: application/json; charset=utf-8
cache-control: no-cache

14:04:05.048 [AsyncHttpClient-1-9] DEBUG org.asynchttpclient.netty.channel.ChannelManager - Adding key: http://localhost:20502 for channel [id: 0x4d57c5e9, L:/127.0.0.1:51533 - R:localhost/127.0.0.1:20502]
14:04:05.053 [Forwarding getCurrentUrl on session f2ebd6ec9a57aa8f347db5dd31cb0643 to remote] DEBUG org.asynchttpclient.netty.request.NettyRequestSender - Using pooled Channel '[id: 0x4d57c5e9, L:/127.0.0.1:51533 - R:localhost/127.0.0.1:20502]' for 'GET' to 'http://localhost:20502/session/f2ebd6ec9a57aa8f347db5dd31cb0643/url'
14:04:05.053 [Forwarding getCurrentUrl on session f2ebd6ec9a57aa8f347db5dd31cb0643 to remote] DEBUG org.asynchttpclient.netty.request.NettyRequestSender - Using open Channel [id: 0x4d57c5e9, L:/127.0.0.1:51533 - R:localhost/127.0.0.1:20502] for GET '/session/f2ebd6ec9a57aa8f347db5dd31cb0643/url'
14:04:05.063 [AsyncHttpClient-1-9] DEBUG org.asynchttpclient.netty.handler.HttpHandler - 

Request DefaultFullHttpRequest(decodeResult: success, version: HTTP/1.1, content: EmptyByteBufBE)
GET /session/f2ebd6ec9a57aa8f347db5dd31cb0643/url HTTP/1.1
User-Agent: selenium/4.8.1 (java windows)
Cache-Control: no-cache
Content-Type: application/json; charset=utf-8
host: localhost:20502
accept: */*

Response DefaultHttpResponse(decodeResult: success, version: HTTP/1.1)
HTTP/1.1 200 OK
Content-Length: 53
Content-Type: application/json; charset=utf-8
cache-control: no-cache

14:04:05.063 [AsyncHttpClient-1-9] DEBUG org.asynchttpclient.netty.channel.ChannelManager - Adding key: http://localhost:20502 for channel [id: 0x4d57c5e9, L:/127.0.0.1:51533 - R:localhost/127.0.0.1:20502]
14:04:05.066 [Forwarding screenshot on session f2ebd6ec9a57aa8f347db5dd31cb0643 to remote] DEBUG org.asynchttpclient.netty.request.NettyRequestSender - Using pooled Channel '[id: 0x4d57c5e9, L:/127.0.0.1:51533 - R:localhost/127.0.0.1:20502]' for 'GET' to 'http://localhost:20502/session/f2ebd6ec9a57aa8f347db5dd31cb0643/screenshot'
14:04:05.066 [Forwarding screenshot on session f2ebd6ec9a57aa8f347db5dd31cb0643 to remote] DEBUG org.asynchttpclient.netty.request.NettyRequestSender - Using open Channel [id: 0x4d57c5e9, L:/127.0.0.1:51533 - R:localhost/127.0.0.1:20502] for GET '/session/f2ebd6ec9a57aa8f347db5dd31cb0643/screenshot'
14:04:05.305 [AsyncHttpClient-1-9] DEBUG org.asynchttpclient.netty.handler.HttpHandler - 

Request DefaultFullHttpRequest(decodeResult: success, version: HTTP/1.1, content: EmptyByteBufBE)
GET /session/f2ebd6ec9a57aa8f347db5dd31cb0643/screenshot HTTP/1.1
User-Agent: selenium/4.8.1 (java windows)
Cache-Control: no-cache
Content-Type: application/json; charset=utf-8
host: localhost:20502
accept: */*

Response DefaultHttpResponse(decodeResult: success, version: HTTP/1.1)
HTTP/1.1 200 OK
Content-Length: 164340
Content-Type: application/json; charset=utf-8
cache-control: no-cache

14:04:05.306 [AsyncHttpClient-1-9] DEBUG org.asynchttpclient.netty.channel.ChannelManager - Adding key: http://localhost:20502 for channel [id: 0x4d57c5e9, L:/127.0.0.1:51533 - R:localhost/127.0.0.1:20502]
14:04:05.312 [main] DEBUG net.serenitybdd.core.photography.Darkroom - Send negative for processing for target\site\serenity\407ac44dda64f8e2c5dbaf47c2120091ccefaa30023c91887fda1efe6f32ed02.png
14:04:05.312 [main] DEBUG net.thucydides.core.steps.StepInterceptor - STEP DONE: pulsaButton
14:04:05.326 [Forwarding getPageSource on session f2ebd6ec9a57aa8f347db5dd31cb0643 to remote] DEBUG org.asynchttpclient.netty.request.NettyRequestSender - Using pooled Channel '[id: 0x4d57c5e9, L:/127.0.0.1:51533 - R:localhost/127.0.0.1:20502]' for 'POST' to 'http://localhost:20502/session/f2ebd6ec9a57aa8f347db5dd31cb0643/execute/sync'
14:04:05.326 [Forwarding getPageSource on session f2ebd6ec9a57aa8f347db5dd31cb0643 to remote] DEBUG org.asynchttpclient.netty.request.NettyRequestSender - Using open Channel [id: 0x4d57c5e9, L:/127.0.0.1:51533 - R:localhost/127.0.0.1:20502] for POST '/session/f2ebd6ec9a57aa8f347db5dd31cb0643/execute/sync'
14:04:05.348 [AsyncHttpClient-1-9] DEBUG org.asynchttpclient.netty.handler.HttpHandler - 

Request DefaultHttpRequest(decodeResult: success, version: HTTP/1.1)
POST /session/f2ebd6ec9a57aa8f347db5dd31cb0643/execute/sync HTTP/1.1
User-Agent: selenium/4.8.1 (java windows)
Content-Length: 176
Content-Type: application/json; charset=utf-8
host: localhost:20502
accept: */*

Response DefaultHttpResponse(decodeResult: success, version: HTTP/1.1)
HTTP/1.1 200 OK
Content-Length: 138848
Content-Type: application/json; charset=utf-8
cache-control: no-cache

14:04:05.348 [AsyncHttpClient-1-9] DEBUG org.asynchttpclient.netty.channel.ChannelManager - Adding key: http://localhost:20502 for channel [id: 0x4d57c5e9, L:/127.0.0.1:51533 - R:localhost/127.0.0.1:20502]
14:04:05.362 [Forwarding getCurrentUrl on session f2ebd6ec9a57aa8f347db5dd31cb0643 to remote] DEBUG org.asynchttpclient.netty.request.NettyRequestSender - Using pooled Channel '[id: 0x4d57c5e9, L:/127.0.0.1:51533 - R:localhost/127.0.0.1:20502]' for 'GET' to 'http://localhost:20502/session/f2ebd6ec9a57aa8f347db5dd31cb0643/url'
14:04:05.362 [Forwarding getCurrentUrl on session f2ebd6ec9a57aa8f347db5dd31cb0643 to remote] DEBUG org.asynchttpclient.netty.request.NettyRequestSender - Using open Channel [id: 0x4d57c5e9, L:/127.0.0.1:51533 - R:localhost/127.0.0.1:20502] for GET '/session/f2ebd6ec9a57aa8f347db5dd31cb0643/url'
14:04:05.387 [AsyncHttpClient-1-9] DEBUG org.asynchttpclient.netty.handler.HttpHandler - 

Request DefaultFullHttpRequest(decodeResult: success, version: HTTP/1.1, content: EmptyByteBufBE)
GET /session/f2ebd6ec9a57aa8f347db5dd31cb0643/url HTTP/1.1
User-Agent: selenium/4.8.1 (java windows)
Cache-Control: no-cache
Content-Type: application/json; charset=utf-8
host: localhost:20502
accept: */*

Response DefaultHttpResponse(decodeResult: success, version: HTTP/1.1)
HTTP/1.1 200 OK
Content-Length: 53
Content-Type: application/json; charset=utf-8
cache-control: no-cache

14:04:05.387 [AsyncHttpClient-1-9] DEBUG org.asynchttpclient.netty.channel.ChannelManager - Adding key: http://localhost:20502 for channel [id: 0x4d57c5e9, L:/127.0.0.1:51533 - R:localhost/127.0.0.1:20502]
14:04:05.390 [main] DEBUG net.thucydides.core.steps.StepInterceptor - STARTING STEP: ProductPaymentSteps.alreadyChooseProduct - inputNumber
14:04:05.393 [Forwarding findElement on session f2ebd6ec9a57aa8f347db5dd31cb0643 to remote] DEBUG org.asynchttpclient.netty.request.NettyRequestSender - Using pooled Channel '[id: 0x4d57c5e9, L:/127.0.0.1:51533 - R:localhost/127.0.0.1:20502]' for 'POST' to 'http://localhost:20502/session/f2ebd6ec9a57aa8f347db5dd31cb0643/element'
14:04:05.393 [Forwarding findElement on session f2ebd6ec9a57aa8f347db5dd31cb0643 to remote] DEBUG org.asynchttpclient.netty.request.NettyRequestSender - Using open Channel [id: 0x4d57c5e9, L:/127.0.0.1:51533 - R:localhost/127.0.0.1:20502] for POST '/session/f2ebd6ec9a57aa8f347db5dd31cb0643/element'
14:04:05.418 [AsyncHttpClient-1-9] DEBUG org.asynchttpclient.netty.handler.HttpHandler - 

Request DefaultHttpRequest(decodeResult: success, version: HTTP/1.1)
POST /session/f2ebd6ec9a57aa8f347db5dd31cb0643/element HTTP/1.1
User-Agent: selenium/4.8.1 (java windows)
Content-Length: 57
Content-Type: application/json; charset=utf-8
host: localhost:20502
accept: */*

Response DefaultHttpResponse(decodeResult: success, version: HTTP/1.1)
HTTP/1.1 200 OK
Content-Length: 88
Content-Type: application/json; charset=utf-8
cache-control: no-cache

14:04:05.418 [AsyncHttpClient-1-9] DEBUG org.asynchttpclient.netty.channel.ChannelManager - Adding key: http://localhost:20502 for channel [id: 0x4d57c5e9, L:/127.0.0.1:51533 - R:localhost/127.0.0.1:20502]
14:04:05.420 [Forwarding clearElement on session f2ebd6ec9a57aa8f347db5dd31cb0643 to remote] DEBUG org.asynchttpclient.netty.request.NettyRequestSender - Using pooled Channel '[id: 0x4d57c5e9, L:/127.0.0.1:51533 - R:localhost/127.0.0.1:20502]' for 'POST' to 'http://localhost:20502/session/f2ebd6ec9a57aa8f347db5dd31cb0643/element/258b945a-611a-4c41-9cfc-6c2a48c512e7/clear'
14:04:05.420 [Forwarding clearElement on session f2ebd6ec9a57aa8f347db5dd31cb0643 to remote] DEBUG org.asynchttpclient.netty.request.NettyRequestSender - Using open Channel [id: 0x4d57c5e9, L:/127.0.0.1:51533 - R:localhost/127.0.0.1:20502] for POST '/session/f2ebd6ec9a57aa8f347db5dd31cb0643/element/258b945a-611a-4c41-9cfc-6c2a48c512e7/clear'
14:04:05.487 [AsyncHttpClient-1-9] DEBUG org.asynchttpclient.netty.handler.HttpHandler - 

Request DefaultHttpRequest(decodeResult: success, version: HTTP/1.1)
POST /session/f2ebd6ec9a57aa8f347db5dd31cb0643/element/258b945a-611a-4c41-9cfc-6c2a48c512e7/clear HTTP/1.1
User-Agent: selenium/4.8.1 (java windows)
Content-Length: 50
Content-Type: application/json; charset=utf-8
host: localhost:20502
accept: */*

Response DefaultHttpResponse(decodeResult: success, version: HTTP/1.1)
HTTP/1.1 200 OK
Content-Length: 14
Content-Type: application/json; charset=utf-8
cache-control: no-cache

14:04:05.487 [AsyncHttpClient-1-9] DEBUG org.asynchttpclient.netty.channel.ChannelManager - Adding key: http://localhost:20502 for channel [id: 0x4d57c5e9, L:/127.0.0.1:51533 - R:localhost/127.0.0.1:20502]
14:04:05.490 [Forwarding sendKeysToElement on session f2ebd6ec9a57aa8f347db5dd31cb0643 to remote] DEBUG org.asynchttpclient.netty.request.NettyRequestSender - Using pooled Channel '[id: 0x4d57c5e9, L:/127.0.0.1:51533 - R:localhost/127.0.0.1:20502]' for 'POST' to 'http://localhost:20502/session/f2ebd6ec9a57aa8f347db5dd31cb0643/element/258b945a-611a-4c41-9cfc-6c2a48c512e7/value'
14:04:05.490 [Forwarding sendKeysToElement on session f2ebd6ec9a57aa8f347db5dd31cb0643 to remote] DEBUG org.asynchttpclient.netty.request.NettyRequestSender - Using open Channel [id: 0x4d57c5e9, L:/127.0.0.1:51533 - R:localhost/127.0.0.1:20502] for POST '/session/f2ebd6ec9a57aa8f347db5dd31cb0643/element/258b945a-611a-4c41-9cfc-6c2a48c512e7/value'
14:04:05.534 [AsyncHttpClient-1-1] DEBUG org.asynchttpclient.netty.channel.DefaultChannelPool - Entry count for : http://localhost:51534 : 1
14:04:05.838 [AsyncHttpClient-1-9] DEBUG org.asynchttpclient.netty.handler.HttpHandler - 

Request DefaultHttpRequest(decodeResult: success, version: HTTP/1.1)
POST /session/f2ebd6ec9a57aa8f347db5dd31cb0643/element/258b945a-611a-4c41-9cfc-6c2a48c512e7/value HTTP/1.1
User-Agent: selenium/4.8.1 (java windows)
Content-Length: 201
Content-Type: application/json; charset=utf-8
host: localhost:20502
accept: */*

Response DefaultHttpResponse(decodeResult: success, version: HTTP/1.1)
HTTP/1.1 200 OK
Content-Length: 14
Content-Type: application/json; charset=utf-8
cache-control: no-cache

14:04:05.838 [AsyncHttpClient-1-9] DEBUG org.asynchttpclient.netty.channel.ChannelManager - Adding key: http://localhost:20502 for channel [id: 0x4d57c5e9, L:/127.0.0.1:51533 - R:localhost/127.0.0.1:20502]
14:04:05.850 [Forwarding getAlertText on session f2ebd6ec9a57aa8f347db5dd31cb0643 to remote] DEBUG org.asynchttpclient.netty.request.NettyRequestSender - Using pooled Channel '[id: 0x4d57c5e9, L:/127.0.0.1:51533 - R:localhost/127.0.0.1:20502]' for 'GET' to 'http://localhost:20502/session/f2ebd6ec9a57aa8f347db5dd31cb0643/alert/text'
14:04:05.850 [Forwarding getAlertText on session f2ebd6ec9a57aa8f347db5dd31cb0643 to remote] DEBUG org.asynchttpclient.netty.request.NettyRequestSender - Using open Channel [id: 0x4d57c5e9, L:/127.0.0.1:51533 - R:localhost/127.0.0.1:20502] for GET '/session/f2ebd6ec9a57aa8f347db5dd31cb0643/alert/text'
14:04:05.943 [AsyncHttpClient-1-9] DEBUG org.asynchttpclient.netty.handler.HttpHandler - 

Request DefaultFullHttpRequest(decodeResult: success, version: HTTP/1.1, content: EmptyByteBufBE)
GET /session/f2ebd6ec9a57aa8f347db5dd31cb0643/alert/text HTTP/1.1
User-Agent: selenium/4.8.1 (java windows)
Cache-Control: no-cache
Content-Type: application/json; charset=utf-8
host: localhost:20502
accept: */*

Response DefaultHttpResponse(decodeResult: success, version: HTTP/1.1)
HTTP/1.1 404 Not Found
Content-Length: 836
Content-Type: application/json; charset=utf-8
cache-control: no-cache

14:04:05.943 [AsyncHttpClient-1-9] DEBUG org.asynchttpclient.netty.channel.ChannelManager - Adding key: http://localhost:20502 for channel [id: 0x4d57c5e9, L:/127.0.0.1:51533 - R:localhost/127.0.0.1:20502]
14:04:05.944 [Forwarding getCurrentUrl on session f2ebd6ec9a57aa8f347db5dd31cb0643 to remote] DEBUG org.asynchttpclient.netty.request.NettyRequestSender - Using pooled Channel '[id: 0x4d57c5e9, L:/127.0.0.1:51533 - R:localhost/127.0.0.1:20502]' for 'GET' to 'http://localhost:20502/session/f2ebd6ec9a57aa8f347db5dd31cb0643/url'
14:04:05.945 [Forwarding getCurrentUrl on session f2ebd6ec9a57aa8f347db5dd31cb0643 to remote] DEBUG org.asynchttpclient.netty.request.NettyRequestSender - Using open Channel [id: 0x4d57c5e9, L:/127.0.0.1:51533 - R:localhost/127.0.0.1:20502] for GET '/session/f2ebd6ec9a57aa8f347db5dd31cb0643/url'
14:04:05.972 [AsyncHttpClient-1-9] DEBUG org.asynchttpclient.netty.handler.HttpHandler - 

Request DefaultFullHttpRequest(decodeResult: success, version: HTTP/1.1, content: EmptyByteBufBE)
GET /session/f2ebd6ec9a57aa8f347db5dd31cb0643/url HTTP/1.1
User-Agent: selenium/4.8.1 (java windows)
Cache-Control: no-cache
Content-Type: application/json; charset=utf-8
host: localhost:20502
accept: */*

Response DefaultHttpResponse(decodeResult: success, version: HTTP/1.1)
HTTP/1.1 200 OK
Content-Length: 53
Content-Type: application/json; charset=utf-8
cache-control: no-cache

14:04:05.972 [AsyncHttpClient-1-9] DEBUG org.asynchttpclient.netty.channel.ChannelManager - Adding key: http://localhost:20502 for channel [id: 0x4d57c5e9, L:/127.0.0.1:51533 - R:localhost/127.0.0.1:20502]
14:04:05.973 [Forwarding screenshot on session f2ebd6ec9a57aa8f347db5dd31cb0643 to remote] DEBUG org.asynchttpclient.netty.request.NettyRequestSender - Using pooled Channel '[id: 0x4d57c5e9, L:/127.0.0.1:51533 - R:localhost/127.0.0.1:20502]' for 'GET' to 'http://localhost:20502/session/f2ebd6ec9a57aa8f347db5dd31cb0643/screenshot'
14:04:05.973 [Forwarding screenshot on session f2ebd6ec9a57aa8f347db5dd31cb0643 to remote] DEBUG org.asynchttpclient.netty.request.NettyRequestSender - Using open Channel [id: 0x4d57c5e9, L:/127.0.0.1:51533 - R:localhost/127.0.0.1:20502] for GET '/session/f2ebd6ec9a57aa8f347db5dd31cb0643/screenshot'
14:04:06.105 [AsyncHttpClient-1-9] DEBUG org.asynchttpclient.netty.handler.HttpHandler - 

Request DefaultFullHttpRequest(decodeResult: success, version: HTTP/1.1, content: EmptyByteBufBE)
GET /session/f2ebd6ec9a57aa8f347db5dd31cb0643/screenshot HTTP/1.1
User-Agent: selenium/4.8.1 (java windows)
Cache-Control: no-cache
Content-Type: application/json; charset=utf-8
host: localhost:20502
accept: */*

Response DefaultHttpResponse(decodeResult: success, version: HTTP/1.1)
HTTP/1.1 200 OK
Content-Length: 133216
Content-Type: application/json; charset=utf-8
cache-control: no-cache

14:04:06.105 [AsyncHttpClient-1-9] DEBUG org.asynchttpclient.netty.channel.ChannelManager - Adding key: http://localhost:20502 for channel [id: 0x4d57c5e9, L:/127.0.0.1:51533 - R:localhost/127.0.0.1:20502]
14:04:06.110 [main] DEBUG net.serenitybdd.core.photography.Darkroom - Send negative for processing for target\site\serenity\3011dcc960cb888ff2d6496af9e8d1b566cde06a6787f4a94fbd247661ff1fb7.png
14:04:06.111 [main] DEBUG net.thucydides.core.steps.StepInterceptor - STEP DONE: inputNumber
14:04:06.111 [Darkroom Processing Line] DEBUG net.serenitybdd.core.photography.DarkroomProcessingLine - Processing screenshot image in /var/screenshots/screenshot-12900442313002337316
14:04:06.111 [Darkroom Processing Line] DEBUG net.serenitybdd.core.photography.DarkroomProcessingLine - Saving screenshot to target\site\serenity\3011dcc960cb888ff2d6496af9e8d1b566cde06a6787f4a94fbd247661ff1fb7.png
14:04:06.127 [Forwarding getPageSource on session f2ebd6ec9a57aa8f347db5dd31cb0643 to remote] DEBUG org.asynchttpclient.netty.request.NettyRequestSender - Using pooled Channel '[id: 0x4d57c5e9, L:/127.0.0.1:51533 - R:localhost/127.0.0.1:20502]' for 'POST' to 'http://localhost:20502/session/f2ebd6ec9a57aa8f347db5dd31cb0643/execute/sync'
14:04:06.127 [Forwarding getPageSource on session f2ebd6ec9a57aa8f347db5dd31cb0643 to remote] DEBUG org.asynchttpclient.netty.request.NettyRequestSender - Using open Channel [id: 0x4d57c5e9, L:/127.0.0.1:51533 - R:localhost/127.0.0.1:20502] for POST '/session/f2ebd6ec9a57aa8f347db5dd31cb0643/execute/sync'
14:04:06.150 [AsyncHttpClient-1-9] DEBUG org.asynchttpclient.netty.handler.HttpHandler - 

Request DefaultHttpRequest(decodeResult: success, version: HTTP/1.1)
POST /session/f2ebd6ec9a57aa8f347db5dd31cb0643/execute/sync HTTP/1.1
User-Agent: selenium/4.8.1 (java windows)
Content-Length: 176
Content-Type: application/json; charset=utf-8
host: localhost:20502
accept: */*

Response DefaultHttpResponse(decodeResult: success, version: HTTP/1.1)
HTTP/1.1 200 OK
Content-Length: 86757
Content-Type: application/json; charset=utf-8
cache-control: no-cache

14:04:06.153 [AsyncHttpClient-1-9] DEBUG org.asynchttpclient.netty.channel.ChannelManager - Adding key: http://localhost:20502 for channel [id: 0x4d57c5e9, L:/127.0.0.1:51533 - R:localhost/127.0.0.1:20502]
14:04:06.164 [Forwarding getCurrentUrl on session f2ebd6ec9a57aa8f347db5dd31cb0643 to remote] DEBUG org.asynchttpclient.netty.request.NettyRequestSender - Using pooled Channel '[id: 0x4d57c5e9, L:/127.0.0.1:51533 - R:localhost/127.0.0.1:20502]' for 'GET' to 'http://localhost:20502/session/f2ebd6ec9a57aa8f347db5dd31cb0643/url'
14:04:06.164 [Forwarding getCurrentUrl on session f2ebd6ec9a57aa8f347db5dd31cb0643 to remote] DEBUG org.asynchttpclient.netty.request.NettyRequestSender - Using open Channel [id: 0x4d57c5e9, L:/127.0.0.1:51533 - R:localhost/127.0.0.1:20502] for GET '/session/f2ebd6ec9a57aa8f347db5dd31cb0643/url'
14:04:06.179 [AsyncHttpClient-1-9] DEBUG org.asynchttpclient.netty.handler.HttpHandler - 

Request DefaultFullHttpRequest(decodeResult: success, version: HTTP/1.1, content: EmptyByteBufBE)
GET /session/f2ebd6ec9a57aa8f347db5dd31cb0643/url HTTP/1.1
User-Agent: selenium/4.8.1 (java windows)
Cache-Control: no-cache
Content-Type: application/json; charset=utf-8
host: localhost:20502
accept: */*

Response DefaultHttpResponse(decodeResult: success, version: HTTP/1.1)
HTTP/1.1 200 OK
Content-Length: 53
Content-Type: application/json; charset=utf-8
cache-control: no-cache

14:04:06.179 [AsyncHttpClient-1-9] DEBUG org.asynchttpclient.netty.channel.ChannelManager - Adding key: http://localhost:20502 for channel [id: 0x4d57c5e9, L:/127.0.0.1:51533 - R:localhost/127.0.0.1:20502]
14:04:06.186 [main] DEBUG net.thucydides.core.steps.StepInterceptor - STARTING STEP: ProductPaymentSteps.alreadyChooseProduct - clickProduct
14:04:06.190 [Forwarding findElement on session f2ebd6ec9a57aa8f347db5dd31cb0643 to remote] DEBUG org.asynchttpclient.netty.request.NettyRequestSender - Using pooled Channel '[id: 0x4d57c5e9, L:/127.0.0.1:51533 - R:localhost/127.0.0.1:20502]' for 'POST' to 'http://localhost:20502/session/f2ebd6ec9a57aa8f347db5dd31cb0643/element'
14:04:06.190 [Forwarding findElement on session f2ebd6ec9a57aa8f347db5dd31cb0643 to remote] DEBUG org.asynchttpclient.netty.request.NettyRequestSender - Using open Channel [id: 0x4d57c5e9, L:/127.0.0.1:51533 - R:localhost/127.0.0.1:20502] for POST '/session/f2ebd6ec9a57aa8f347db5dd31cb0643/element'
14:04:06.217 [AsyncHttpClient-1-9] DEBUG org.asynchttpclient.netty.handler.HttpHandler - 

Request DefaultHttpRequest(decodeResult: success, version: HTTP/1.1)
POST /session/f2ebd6ec9a57aa8f347db5dd31cb0643/element HTTP/1.1
User-Agent: selenium/4.8.1 (java windows)
Content-Length: 67
Content-Type: application/json; charset=utf-8
host: localhost:20502
accept: */*

Response DefaultHttpResponse(decodeResult: success, version: HTTP/1.1)
HTTP/1.1 200 OK
Content-Length: 88
Content-Type: application/json; charset=utf-8
cache-control: no-cache

14:04:06.217 [AsyncHttpClient-1-9] DEBUG org.asynchttpclient.netty.channel.ChannelManager - Adding key: http://localhost:20502 for channel [id: 0x4d57c5e9, L:/127.0.0.1:51533 - R:localhost/127.0.0.1:20502]
14:04:06.219 [Forwarding getElementTagName on session f2ebd6ec9a57aa8f347db5dd31cb0643 to remote] DEBUG org.asynchttpclient.netty.request.NettyRequestSender - Using pooled Channel '[id: 0x4d57c5e9, L:/127.0.0.1:51533 - R:localhost/127.0.0.1:20502]' for 'GET' to 'http://localhost:20502/session/f2ebd6ec9a57aa8f347db5dd31cb0643/element/6f79d649-2f18-4ed9-9685-9a04328996c8/name'
14:04:06.219 [Forwarding getElementTagName on session f2ebd6ec9a57aa8f347db5dd31cb0643 to remote] DEBUG org.asynchttpclient.netty.request.NettyRequestSender - Using open Channel [id: 0x4d57c5e9, L:/127.0.0.1:51533 - R:localhost/127.0.0.1:20502] for GET '/session/f2ebd6ec9a57aa8f347db5dd31cb0643/element/6f79d649-2f18-4ed9-9685-9a04328996c8/name'
14:04:06.229 [AsyncHttpClient-1-9] DEBUG org.asynchttpclient.netty.handler.HttpHandler - 

Request DefaultFullHttpRequest(decodeResult: success, version: HTTP/1.1, content: EmptyByteBufBE)
GET /session/f2ebd6ec9a57aa8f347db5dd31cb0643/element/6f79d649-2f18-4ed9-9685-9a04328996c8/name HTTP/1.1
User-Agent: selenium/4.8.1 (java windows)
Cache-Control: no-cache
Content-Type: application/json; charset=utf-8
host: localhost:20502
accept: */*

Response DefaultHttpResponse(decodeResult: success, version: HTTP/1.1)
HTTP/1.1 200 OK
Content-Length: 15
Content-Type: application/json; charset=utf-8
cache-control: no-cache

14:04:06.229 [AsyncHttpClient-1-9] DEBUG org.asynchttpclient.netty.channel.ChannelManager - Adding key: http://localhost:20502 for channel [id: 0x4d57c5e9, L:/127.0.0.1:51533 - R:localhost/127.0.0.1:20502]
14:04:06.234 [Forwarding getElementTagName on session f2ebd6ec9a57aa8f347db5dd31cb0643 to remote] DEBUG org.asynchttpclient.netty.request.NettyRequestSender - Using pooled Channel '[id: 0x4d57c5e9, L:/127.0.0.1:51533 - R:localhost/127.0.0.1:20502]' for 'GET' to 'http://localhost:20502/session/f2ebd6ec9a57aa8f347db5dd31cb0643/element/6f79d649-2f18-4ed9-9685-9a04328996c8/name'
14:04:06.234 [Forwarding getElementTagName on session f2ebd6ec9a57aa8f347db5dd31cb0643 to remote] DEBUG org.asynchttpclient.netty.request.NettyRequestSender - Using open Channel [id: 0x4d57c5e9, L:/127.0.0.1:51533 - R:localhost/127.0.0.1:20502] for GET '/session/f2ebd6ec9a57aa8f347db5dd31cb0643/element/6f79d649-2f18-4ed9-9685-9a04328996c8/name'
14:04:06.244 [AsyncHttpClient-1-9] DEBUG org.asynchttpclient.netty.handler.HttpHandler - 

Request DefaultFullHttpRequest(decodeResult: success, version: HTTP/1.1, content: EmptyByteBufBE)
GET /session/f2ebd6ec9a57aa8f347db5dd31cb0643/element/6f79d649-2f18-4ed9-9685-9a04328996c8/name HTTP/1.1
User-Agent: selenium/4.8.1 (java windows)
Cache-Control: no-cache
Content-Type: application/json; charset=utf-8
host: localhost:20502
accept: */*

Response DefaultHttpResponse(decodeResult: success, version: HTTP/1.1)
HTTP/1.1 200 OK
Content-Length: 15
Content-Type: application/json; charset=utf-8
cache-control: no-cache

14:04:06.245 [AsyncHttpClient-1-9] DEBUG org.asynchttpclient.netty.channel.ChannelManager - Adding key: http://localhost:20502 for channel [id: 0x4d57c5e9, L:/127.0.0.1:51533 - R:localhost/127.0.0.1:20502]
14:04:06.248 [Forwarding findElement on session f2ebd6ec9a57aa8f347db5dd31cb0643 to remote] DEBUG org.asynchttpclient.netty.request.NettyRequestSender - Using pooled Channel '[id: 0x4d57c5e9, L:/127.0.0.1:51533 - R:localhost/127.0.0.1:20502]' for 'POST' to 'http://localhost:20502/session/f2ebd6ec9a57aa8f347db5dd31cb0643/element'
14:04:06.248 [Forwarding findElement on session f2ebd6ec9a57aa8f347db5dd31cb0643 to remote] DEBUG org.asynchttpclient.netty.request.NettyRequestSender - Using open Channel [id: 0x4d57c5e9, L:/127.0.0.1:51533 - R:localhost/127.0.0.1:20502] for POST '/session/f2ebd6ec9a57aa8f347db5dd31cb0643/element'
14:04:06.264 [AsyncHttpClient-1-9] DEBUG org.asynchttpclient.netty.handler.HttpHandler - 

Request DefaultHttpRequest(decodeResult: success, version: HTTP/1.1)
POST /session/f2ebd6ec9a57aa8f347db5dd31cb0643/element HTTP/1.1
User-Agent: selenium/4.8.1 (java windows)
Content-Length: 67
Content-Type: application/json; charset=utf-8
host: localhost:20502
accept: */*

Response DefaultHttpResponse(decodeResult: success, version: HTTP/1.1)
HTTP/1.1 200 OK
Content-Length: 88
Content-Type: application/json; charset=utf-8
cache-control: no-cache

14:04:06.264 [AsyncHttpClient-1-9] DEBUG org.asynchttpclient.netty.channel.ChannelManager - Adding key: http://localhost:20502 for channel [id: 0x4d57c5e9, L:/127.0.0.1:51533 - R:localhost/127.0.0.1:20502]
14:04:06.265 [Forwarding clickElement on session f2ebd6ec9a57aa8f347db5dd31cb0643 to remote] DEBUG org.asynchttpclient.netty.request.NettyRequestSender - Using pooled Channel '[id: 0x4d57c5e9, L:/127.0.0.1:51533 - R:localhost/127.0.0.1:20502]' for 'POST' to 'http://localhost:20502/session/f2ebd6ec9a57aa8f347db5dd31cb0643/element/6f79d649-2f18-4ed9-9685-9a04328996c8/click'
14:04:06.266 [Forwarding clickElement on session f2ebd6ec9a57aa8f347db5dd31cb0643 to remote] DEBUG org.asynchttpclient.netty.request.NettyRequestSender - Using open Channel [id: 0x4d57c5e9, L:/127.0.0.1:51533 - R:localhost/127.0.0.1:20502] for POST '/session/f2ebd6ec9a57aa8f347db5dd31cb0643/element/6f79d649-2f18-4ed9-9685-9a04328996c8/click'
14:04:06.360 [AsyncHttpClient-1-9] DEBUG org.asynchttpclient.netty.handler.HttpHandler - 

Request DefaultHttpRequest(decodeResult: success, version: HTTP/1.1)
POST /session/f2ebd6ec9a57aa8f347db5dd31cb0643/element/6f79d649-2f18-4ed9-9685-9a04328996c8/click HTTP/1.1
User-Agent: selenium/4.8.1 (java windows)
Content-Length: 50
Content-Type: application/json; charset=utf-8
host: localhost:20502
accept: */*

Response DefaultHttpResponse(decodeResult: success, version: HTTP/1.1)
HTTP/1.1 200 OK
Content-Length: 14
Content-Type: application/json; charset=utf-8
cache-control: no-cache

14:04:06.360 [AsyncHttpClient-1-9] DEBUG org.asynchttpclient.netty.channel.ChannelManager - Adding key: http://localhost:20502 for channel [id: 0x4d57c5e9, L:/127.0.0.1:51533 - R:localhost/127.0.0.1:20502]
14:04:06.373 [Forwarding getAlertText on session f2ebd6ec9a57aa8f347db5dd31cb0643 to remote] DEBUG org.asynchttpclient.netty.request.NettyRequestSender - Using pooled Channel '[id: 0x4d57c5e9, L:/127.0.0.1:51533 - R:localhost/127.0.0.1:20502]' for 'GET' to 'http://localhost:20502/session/f2ebd6ec9a57aa8f347db5dd31cb0643/alert/text'
14:04:06.374 [Forwarding getAlertText on session f2ebd6ec9a57aa8f347db5dd31cb0643 to remote] DEBUG org.asynchttpclient.netty.request.NettyRequestSender - Using open Channel [id: 0x4d57c5e9, L:/127.0.0.1:51533 - R:localhost/127.0.0.1:20502] for GET '/session/f2ebd6ec9a57aa8f347db5dd31cb0643/alert/text'
14:04:06.376 [AsyncHttpClient-1-9] DEBUG org.asynchttpclient.netty.handler.HttpHandler - 

Request DefaultFullHttpRequest(decodeResult: success, version: HTTP/1.1, content: EmptyByteBufBE)
GET /session/f2ebd6ec9a57aa8f347db5dd31cb0643/alert/text HTTP/1.1
User-Agent: selenium/4.8.1 (java windows)
Cache-Control: no-cache
Content-Type: application/json; charset=utf-8
host: localhost:20502
accept: */*

Response DefaultHttpResponse(decodeResult: success, version: HTTP/1.1)
HTTP/1.1 404 Not Found
Content-Length: 836
Content-Type: application/json; charset=utf-8
cache-control: no-cache

14:04:06.376 [AsyncHttpClient-1-9] DEBUG org.asynchttpclient.netty.channel.ChannelManager - Adding key: http://localhost:20502 for channel [id: 0x4d57c5e9, L:/127.0.0.1:51533 - R:localhost/127.0.0.1:20502]
14:04:06.378 [Forwarding getCurrentUrl on session f2ebd6ec9a57aa8f347db5dd31cb0643 to remote] DEBUG org.asynchttpclient.netty.request.NettyRequestSender - Using pooled Channel '[id: 0x4d57c5e9, L:/127.0.0.1:51533 - R:localhost/127.0.0.1:20502]' for 'GET' to 'http://localhost:20502/session/f2ebd6ec9a57aa8f347db5dd31cb0643/url'
14:04:06.378 [Forwarding getCurrentUrl on session f2ebd6ec9a57aa8f347db5dd31cb0643 to remote] DEBUG org.asynchttpclient.netty.request.NettyRequestSender - Using open Channel [id: 0x4d57c5e9, L:/127.0.0.1:51533 - R:localhost/127.0.0.1:20502] for GET '/session/f2ebd6ec9a57aa8f347db5dd31cb0643/url'
14:04:06.386 [AsyncHttpClient-1-9] DEBUG org.asynchttpclient.netty.handler.HttpHandler - 

Request DefaultFullHttpRequest(decodeResult: success, version: HTTP/1.1, content: EmptyByteBufBE)
GET /session/f2ebd6ec9a57aa8f347db5dd31cb0643/url HTTP/1.1
User-Agent: selenium/4.8.1 (java windows)
Cache-Control: no-cache
Content-Type: application/json; charset=utf-8
host: localhost:20502
accept: */*

Response DefaultHttpResponse(decodeResult: success, version: HTTP/1.1)
HTTP/1.1 200 OK
Content-Length: 53
Content-Type: application/json; charset=utf-8
cache-control: no-cache

14:04:06.387 [AsyncHttpClient-1-9] DEBUG org.asynchttpclient.netty.channel.ChannelManager - Adding key: http://localhost:20502 for channel [id: 0x4d57c5e9, L:/127.0.0.1:51533 - R:localhost/127.0.0.1:20502]
14:04:06.387 [Forwarding screenshot on session f2ebd6ec9a57aa8f347db5dd31cb0643 to remote] DEBUG org.asynchttpclient.netty.request.NettyRequestSender - Using pooled Channel '[id: 0x4d57c5e9, L:/127.0.0.1:51533 - R:localhost/127.0.0.1:20502]' for 'GET' to 'http://localhost:20502/session/f2ebd6ec9a57aa8f347db5dd31cb0643/screenshot'
14:04:06.387 [Forwarding screenshot on session f2ebd6ec9a57aa8f347db5dd31cb0643 to remote] DEBUG org.asynchttpclient.netty.request.NettyRequestSender - Using open Channel [id: 0x4d57c5e9, L:/127.0.0.1:51533 - R:localhost/127.0.0.1:20502] for GET '/session/f2ebd6ec9a57aa8f347db5dd31cb0643/screenshot'
14:04:06.632 [AsyncHttpClient-1-1] DEBUG org.asynchttpclient.netty.channel.DefaultChannelPool - Entry count for : http://localhost:51534 : 1
14:04:06.660 [AsyncHttpClient-1-9] DEBUG org.asynchttpclient.netty.handler.HttpHandler - 

Request DefaultFullHttpRequest(decodeResult: success, version: HTTP/1.1, content: EmptyByteBufBE)
GET /session/f2ebd6ec9a57aa8f347db5dd31cb0643/screenshot HTTP/1.1
User-Agent: selenium/4.8.1 (java windows)
Cache-Control: no-cache
Content-Type: application/json; charset=utf-8
host: localhost:20502
accept: */*

Response DefaultHttpResponse(decodeResult: success, version: HTTP/1.1)
HTTP/1.1 200 OK
Content-Length: 91324
Content-Type: application/json; charset=utf-8
cache-control: no-cache

14:04:06.660 [AsyncHttpClient-1-9] DEBUG org.asynchttpclient.netty.channel.ChannelManager - Adding key: http://localhost:20502 for channel [id: 0x4d57c5e9, L:/127.0.0.1:51533 - R:localhost/127.0.0.1:20502]
14:04:06.665 [main] DEBUG net.serenitybdd.core.photography.Darkroom - Send negative for processing for target\site\serenity\9a021410814c1cb3525b39c8632dab564aa9ec2645efb29e306972ee69d75d61.png
14:04:06.666 [main] DEBUG net.thucydides.core.steps.StepInterceptor - STEP DONE: clickProduct
  &amp#27;[32mGiven &amp#27;[0m&amp#27;[32mI already choose product&amp#27;[0m                 &amp#27;[90m# starter.stepdefinition.ProductPaymentSteps.alreadyChooseProduct()&amp#27;[0m
14:04:06.666 [Darkroom Processing Line] DEBUG net.serenitybdd.core.photography.DarkroomProcessingLine - Processing screenshot image in /var/screenshots/screenshot-12344184125586773704
14:04:06.666 [Darkroom Processing Line] DEBUG net.serenitybdd.core.photography.DarkroomProcessingLine - Saving screenshot to target\site\serenity\9a021410814c1cb3525b39c8632dab564aa9ec2645efb29e306972ee69d75d61.png
14:04:06.678 [Forwarding getPageSource on session f2ebd6ec9a57aa8f347db5dd31cb0643 to remote] DEBUG org.asynchttpclient.netty.request.NettyRequestSender - Using pooled Channel '[id: 0x4d57c5e9, L:/127.0.0.1:51533 - R:localhost/127.0.0.1:20502]' for 'POST' to 'http://localhost:20502/session/f2ebd6ec9a57aa8f347db5dd31cb0643/execute/sync'
14:04:06.678 [Forwarding getPageSource on session f2ebd6ec9a57aa8f347db5dd31cb0643 to remote] DEBUG org.asynchttpclient.netty.request.NettyRequestSender - Using open Channel [id: 0x4d57c5e9, L:/127.0.0.1:51533 - R:localhost/127.0.0.1:20502] for POST '/session/f2ebd6ec9a57aa8f347db5dd31cb0643/execute/sync'
14:04:06.702 [AsyncHttpClient-1-9] DEBUG org.asynchttpclient.netty.handler.HttpHandler - 

Request DefaultHttpRequest(decodeResult: success, version: HTTP/1.1)
POST /session/f2ebd6ec9a57aa8f347db5dd31cb0643/execute/sync HTTP/1.1
User-Agent: selenium/4.8.1 (java windows)
Content-Length: 176
Content-Type: application/json; charset=utf-8
host: localhost:20502
accept: */*

Response DefaultHttpResponse(decodeResult: success, version: HTTP/1.1)
HTTP/1.1 200 OK
Content-Length: 156124
Content-Type: application/json; charset=utf-8
cache-control: no-cache

14:04:06.702 [AsyncHttpClient-1-9] DEBUG org.asynchttpclient.netty.channel.ChannelManager - Adding key: http://localhost:20502 for channel [id: 0x4d57c5e9, L:/127.0.0.1:51533 - R:localhost/127.0.0.1:20502]
14:04:06.714 [Forwarding getCurrentUrl on session f2ebd6ec9a57aa8f347db5dd31cb0643 to remote] DEBUG org.asynchttpclient.netty.request.NettyRequestSender - Using pooled Channel '[id: 0x4d57c5e9, L:/127.0.0.1:51533 - R:localhost/127.0.0.1:20502]' for 'GET' to 'http://localhost:20502/session/f2ebd6ec9a57aa8f347db5dd31cb0643/url'
14:04:06.714 [Forwarding getCurrentUrl on session f2ebd6ec9a57aa8f347db5dd31cb0643 to remote] DEBUG org.asynchttpclient.netty.request.NettyRequestSender - Using open Channel [id: 0x4d57c5e9, L:/127.0.0.1:51533 - R:localhost/127.0.0.1:20502] for GET '/session/f2ebd6ec9a57aa8f347db5dd31cb0643/url'
14:04:06.720 [AsyncHttpClient-1-9] DEBUG org.asynchttpclient.netty.handler.HttpHandler - 

Request DefaultFullHttpRequest(decodeResult: success, version: HTTP/1.1, content: EmptyByteBufBE)
GET /session/f2ebd6ec9a57aa8f347db5dd31cb0643/url HTTP/1.1
User-Agent: selenium/4.8.1 (java windows)
Cache-Control: no-cache
Content-Type: application/json; charset=utf-8
host: localhost:20502
accept: */*

Response DefaultHttpResponse(decodeResult: success, version: HTTP/1.1)
HTTP/1.1 200 OK
Content-Length: 53
Content-Type: application/json; charset=utf-8
cache-control: no-cache

14:04:06.720 [AsyncHttpClient-1-9] DEBUG org.asynchttpclient.netty.channel.ChannelManager - Adding key: http://localhost:20502 for channel [id: 0x4d57c5e9, L:/127.0.0.1:51533 - R:localhost/127.0.0.1:20502]
14:04:06.743 [Forwarding getAlertText on session f2ebd6ec9a57aa8f347db5dd31cb0643 to remote] DEBUG org.asynchttpclient.netty.request.NettyRequestSender - Using pooled Channel '[id: 0x4d57c5e9, L:/127.0.0.1:51533 - R:localhost/127.0.0.1:20502]' for 'GET' to 'http://localhost:20502/session/f2ebd6ec9a57aa8f347db5dd31cb0643/alert/text'
14:04:06.743 [Forwarding getAlertText on session f2ebd6ec9a57aa8f347db5dd31cb0643 to remote] DEBUG org.asynchttpclient.netty.request.NettyRequestSender - Using open Channel [id: 0x4d57c5e9, L:/127.0.0.1:51533 - R:localhost/127.0.0.1:20502] for GET '/session/f2ebd6ec9a57aa8f347db5dd31cb0643/alert/text'
14:04:06.745 [AsyncHttpClient-1-9] DEBUG org.asynchttpclient.netty.handler.HttpHandler - 

Request DefaultFullHttpRequest(decodeResult: success, version: HTTP/1.1, content: EmptyByteBufBE)
GET /session/f2ebd6ec9a57aa8f347db5dd31cb0643/alert/text HTTP/1.1
User-Agent: selenium/4.8.1 (java windows)
Cache-Control: no-cache
Content-Type: application/json; charset=utf-8
host: localhost:20502
accept: */*

Response DefaultHttpResponse(decodeResult: success, version: HTTP/1.1)
HTTP/1.1 404 Not Found
Content-Length: 836
Content-Type: application/json; charset=utf-8
cache-control: no-cache

14:04:06.745 [AsyncHttpClient-1-9] DEBUG org.asynchttpclient.netty.channel.ChannelManager - Adding key: http://localhost:20502 for channel [id: 0x4d57c5e9, L:/127.0.0.1:51533 - R:localhost/127.0.0.1:20502]
14:04:06.747 [Forwarding getCurrentUrl on session f2ebd6ec9a57aa8f347db5dd31cb0643 to remote] DEBUG org.asynchttpclient.netty.request.NettyRequestSender - Using pooled Channel '[id: 0x4d57c5e9, L:/127.0.0.1:51533 - R:localhost/127.0.0.1:20502]' for 'GET' to 'http://localhost:20502/session/f2ebd6ec9a57aa8f347db5dd31cb0643/url'
14:04:06.747 [Forwarding getCurrentUrl on session f2ebd6ec9a57aa8f347db5dd31cb0643 to remote] DEBUG org.asynchttpclient.netty.request.NettyRequestSender - Using open Channel [id: 0x4d57c5e9, L:/127.0.0.1:51533 - R:localhost/127.0.0.1:20502] for GET '/session/f2ebd6ec9a57aa8f347db5dd31cb0643/url'
14:04:06.752 [AsyncHttpClient-1-9] DEBUG org.asynchttpclient.netty.handler.HttpHandler - 

Request DefaultFullHttpRequest(decodeResult: success, version: HTTP/1.1, content: EmptyByteBufBE)
GET /session/f2ebd6ec9a57aa8f347db5dd31cb0643/url HTTP/1.1
User-Agent: selenium/4.8.1 (java windows)
Cache-Control: no-cache
Content-Type: application/json; charset=utf-8
host: localhost:20502
accept: */*

Response DefaultHttpResponse(decodeResult: success, version: HTTP/1.1)
HTTP/1.1 200 OK
Content-Length: 53
Content-Type: application/json; charset=utf-8
cache-control: no-cache

14:04:06.752 [AsyncHttpClient-1-9] DEBUG org.asynchttpclient.netty.channel.ChannelManager - Adding key: http://localhost:20502 for channel [id: 0x4d57c5e9, L:/127.0.0.1:51533 - R:localhost/127.0.0.1:20502]
14:04:06.754 [Forwarding screenshot on session f2ebd6ec9a57aa8f347db5dd31cb0643 to remote] DEBUG org.asynchttpclient.netty.request.NettyRequestSender - Using pooled Channel '[id: 0x4d57c5e9, L:/127.0.0.1:51533 - R:localhost/127.0.0.1:20502]' for 'GET' to 'http://localhost:20502/session/f2ebd6ec9a57aa8f347db5dd31cb0643/screenshot'
14:04:06.754 [Forwarding screenshot on session f2ebd6ec9a57aa8f347db5dd31cb0643 to remote] DEBUG org.asynchttpclient.netty.request.NettyRequestSender - Using open Channel [id: 0x4d57c5e9, L:/127.0.0.1:51533 - R:localhost/127.0.0.1:20502] for GET '/session/f2ebd6ec9a57aa8f347db5dd31cb0643/screenshot'
14:04:06.887 [AsyncHttpClient-1-9] DEBUG org.asynchttpclient.netty.handler.HttpHandler - 

Request DefaultFullHttpRequest(decodeResult: success, version: HTTP/1.1, content: EmptyByteBufBE)
GET /session/f2ebd6ec9a57aa8f347db5dd31cb0643/screenshot HTTP/1.1
User-Agent: selenium/4.8.1 (java windows)
Cache-Control: no-cache
Content-Type: application/json; charset=utf-8
host: localhost:20502
accept: */*

Response DefaultHttpResponse(decodeResult: success, version: HTTP/1.1)
HTTP/1.1 200 OK
Content-Length: 91428
Content-Type: application/json; charset=utf-8
cache-control: no-cache

14:04:06.888 [AsyncHttpClient-1-9] DEBUG org.asynchttpclient.netty.channel.ChannelManager - Adding key: http://localhost:20502 for channel [id: 0x4d57c5e9, L:/127.0.0.1:51533 - R:localhost/127.0.0.1:20502]
14:04:06.892 [main] DEBUG net.serenitybdd.core.photography.Darkroom - Send negative for processing for target\site\serenity\4075807f0582348ea0236504f7ca8555062b5f19cbc50a4ade00cfc778534275.png
14:04:06.893 [Forwarding getPageSource on session f2ebd6ec9a57aa8f347db5dd31cb0643 to remote] DEBUG org.asynchttpclient.netty.request.NettyRequestSender - Using pooled Channel '[id: 0x4d57c5e9, L:/127.0.0.1:51533 - R:localhost/127.0.0.1:20502]' for 'POST' to 'http://localhost:20502/session/f2ebd6ec9a57aa8f347db5dd31cb0643/execute/sync'
14:04:06.894 [Forwarding getPageSource on session f2ebd6ec9a57aa8f347db5dd31cb0643 to remote] DEBUG org.asynchttpclient.netty.request.NettyRequestSender - Using open Channel [id: 0x4d57c5e9, L:/127.0.0.1:51533 - R:localhost/127.0.0.1:20502] for POST '/session/f2ebd6ec9a57aa8f347db5dd31cb0643/execute/sync'
14:04:06.916 [AsyncHttpClient-1-9] DEBUG org.asynchttpclient.netty.handler.HttpHandler - 

Request DefaultHttpRequest(decodeResult: success, version: HTTP/1.1)
POST /session/f2ebd6ec9a57aa8f347db5dd31cb0643/execute/sync HTTP/1.1
User-Agent: selenium/4.8.1 (java windows)
Content-Length: 176
Content-Type: application/json; charset=utf-8
host: localhost:20502
accept: */*

Response DefaultHttpResponse(decodeResult: success, version: HTTP/1.1)
HTTP/1.1 200 OK
Content-Length: 152012
Content-Type: application/json; charset=utf-8
cache-control: no-cache

14:04:06.916 [AsyncHttpClient-1-9] DEBUG org.asynchttpclient.netty.channel.ChannelManager - Adding key: http://localhost:20502 for channel [id: 0x4d57c5e9, L:/127.0.0.1:51533 - R:localhost/127.0.0.1:20502]
14:04:06.928 [Forwarding getCurrentUrl on session f2ebd6ec9a57aa8f347db5dd31cb0643 to remote] DEBUG org.asynchttpclient.netty.request.NettyRequestSender - Using pooled Channel '[id: 0x4d57c5e9, L:/127.0.0.1:51533 - R:localhost/127.0.0.1:20502]' for 'GET' to 'http://localhost:20502/session/f2ebd6ec9a57aa8f347db5dd31cb0643/url'
14:04:06.928 [Forwarding getCurrentUrl on session f2ebd6ec9a57aa8f347db5dd31cb0643 to remote] DEBUG org.asynchttpclient.netty.request.NettyRequestSender - Using open Channel [id: 0x4d57c5e9, L:/127.0.0.1:51533 - R:localhost/127.0.0.1:20502] for GET '/session/f2ebd6ec9a57aa8f347db5dd31cb0643/url'
14:04:06.932 [AsyncHttpClient-1-9] DEBUG org.asynchttpclient.netty.handler.HttpHandler - 

Request DefaultFullHttpRequest(decodeResult: success, version: HTTP/1.1, content: EmptyByteBufBE)
GET /session/f2ebd6ec9a57aa8f347db5dd31cb0643/url HTTP/1.1
User-Agent: selenium/4.8.1 (java windows)
Cache-Control: no-cache
Content-Type: application/json; charset=utf-8
host: localhost:20502
accept: */*

Response DefaultHttpResponse(decodeResult: success, version: HTTP/1.1)
HTTP/1.1 200 OK
Content-Length: 53
Content-Type: application/json; charset=utf-8
cache-control: no-cache

14:04:06.933 [AsyncHttpClient-1-9] DEBUG org.asynchttpclient.netty.channel.ChannelManager - Adding key: http://localhost:20502 for channel [id: 0x4d57c5e9, L:/127.0.0.1:51533 - R:localhost/127.0.0.1:20502]
14:04:06.936 [main] DEBUG net.thucydides.core.steps.StepInterceptor - STARTING STEP: ProductPaymentSteps.enterGuestEmail - enterEmail
14:04:06.939 [Forwarding findElement on session f2ebd6ec9a57aa8f347db5dd31cb0643 to remote] DEBUG org.asynchttpclient.netty.request.NettyRequestSender - Using pooled Channel '[id: 0x4d57c5e9, L:/127.0.0.1:51533 - R:localhost/127.0.0.1:20502]' for 'POST' to 'http://localhost:20502/session/f2ebd6ec9a57aa8f347db5dd31cb0643/element'
14:04:06.939 [Forwarding findElement on session f2ebd6ec9a57aa8f347db5dd31cb0643 to remote] DEBUG org.asynchttpclient.netty.request.NettyRequestSender - Using open Channel [id: 0x4d57c5e9, L:/127.0.0.1:51533 - R:localhost/127.0.0.1:20502] for POST '/session/f2ebd6ec9a57aa8f347db5dd31cb0643/element'
14:04:07.735 [AsyncHttpClient-1-1] DEBUG org.asynchttpclient.netty.channel.DefaultChannelPool - Entry count for : http://localhost:51534 : 1
14:04:08.123 [AsyncHttpClient-1-9] DEBUG org.asynchttpclient.netty.handler.HttpHandler - 

Request DefaultHttpRequest(decodeResult: success, version: HTTP/1.1)
POST /session/f2ebd6ec9a57aa8f347db5dd31cb0643/element HTTP/1.1
User-Agent: selenium/4.8.1 (java windows)
Content-Length: 64
Content-Type: application/json; charset=utf-8
host: localhost:20502
accept: */*

Response DefaultHttpResponse(decodeResult: success, version: HTTP/1.1)
HTTP/1.1 200 OK
Content-Length: 88
Content-Type: application/json; charset=utf-8
cache-control: no-cache

14:04:08.123 [AsyncHttpClient-1-9] DEBUG org.asynchttpclient.netty.channel.ChannelManager - Adding key: http://localhost:20502 for channel [id: 0x4d57c5e9, L:/127.0.0.1:51533 - R:localhost/127.0.0.1:20502]
14:04:08.125 [Forwarding clearElement on session f2ebd6ec9a57aa8f347db5dd31cb0643 to remote] DEBUG org.asynchttpclient.netty.request.NettyRequestSender - Using pooled Channel '[id: 0x4d57c5e9, L:/127.0.0.1:51533 - R:localhost/127.0.0.1:20502]' for 'POST' to 'http://localhost:20502/session/f2ebd6ec9a57aa8f347db5dd31cb0643/element/2776fa49-f0b1-40cf-b415-92bcd3b8722f/clear'
14:04:08.125 [Forwarding clearElement on session f2ebd6ec9a57aa8f347db5dd31cb0643 to remote] DEBUG org.asynchttpclient.netty.request.NettyRequestSender - Using open Channel [id: 0x4d57c5e9, L:/127.0.0.1:51533 - R:localhost/127.0.0.1:20502] for POST '/session/f2ebd6ec9a57aa8f347db5dd31cb0643/element/2776fa49-f0b1-40cf-b415-92bcd3b8722f/clear'
14:04:08.173 [AsyncHttpClient-1-9] DEBUG org.asynchttpclient.netty.handler.HttpHandler - 

Request DefaultHttpRequest(decodeResult: success, version: HTTP/1.1)
POST /session/f2ebd6ec9a57aa8f347db5dd31cb0643/element/2776fa49-f0b1-40cf-b415-92bcd3b8722f/clear HTTP/1.1
User-Agent: selenium/4.8.1 (java windows)
Content-Length: 50
Content-Type: application/json; charset=utf-8
host: localhost:20502
accept: */*

Response DefaultHttpResponse(decodeResult: success, version: HTTP/1.1)
HTTP/1.1 200 OK
Content-Length: 14
Content-Type: application/json; charset=utf-8
cache-control: no-cache

14:04:08.173 [AsyncHttpClient-1-9] DEBUG org.asynchttpclient.netty.channel.ChannelManager - Adding key: http://localhost:20502 for channel [id: 0x4d57c5e9, L:/127.0.0.1:51533 - R:localhost/127.0.0.1:20502]
14:04:08.175 [Forwarding sendKeysToElement on session f2ebd6ec9a57aa8f347db5dd31cb0643 to remote] DEBUG org.asynchttpclient.netty.request.NettyRequestSender - Using pooled Channel '[id: 0x4d57c5e9, L:/127.0.0.1:51533 - R:localhost/127.0.0.1:20502]' for 'POST' to 'http://localhost:20502/session/f2ebd6ec9a57aa8f347db5dd31cb0643/element/2776fa49-f0b1-40cf-b415-92bcd3b8722f/value'
14:04:08.175 [Forwarding sendKeysToElement on session f2ebd6ec9a57aa8f347db5dd31cb0643 to remote] DEBUG org.asynchttpclient.netty.request.NettyRequestSender - Using open Channel [id: 0x4d57c5e9, L:/127.0.0.1:51533 - R:localhost/127.0.0.1:20502] for POST '/session/f2ebd6ec9a57aa8f347db5dd31cb0643/element/2776fa49-f0b1-40cf-b415-92bcd3b8722f/value'
14:04:08.469 [AsyncHttpClient-1-9] DEBUG org.asynchttpclient.netty.handler.HttpHandler - 

Request DefaultHttpRequest(decodeResult: success, version: HTTP/1.1)
POST /session/f2ebd6ec9a57aa8f347db5dd31cb0643/element/2776fa49-f0b1-40cf-b415-92bcd3b8722f/value HTTP/1.1
User-Agent: selenium/4.8.1 (java windows)
Content-Length: 251
Content-Type: application/json; charset=utf-8
host: localhost:20502
accept: */*

Response DefaultHttpResponse(decodeResult: success, version: HTTP/1.1)
HTTP/1.1 200 OK
Content-Length: 14
Content-Type: application/json; charset=utf-8
cache-control: no-cache

14:04:08.469 [AsyncHttpClient-1-9] DEBUG org.asynchttpclient.netty.channel.ChannelManager - Adding key: http://localhost:20502 for channel [id: 0x4d57c5e9, L:/127.0.0.1:51533 - R:localhost/127.0.0.1:20502]
14:04:08.484 [Forwarding getAlertText on session f2ebd6ec9a57aa8f347db5dd31cb0643 to remote] DEBUG org.asynchttpclient.netty.request.NettyRequestSender - Using pooled Channel '[id: 0x4d57c5e9, L:/127.0.0.1:51533 - R:localhost/127.0.0.1:20502]' for 'GET' to 'http://localhost:20502/session/f2ebd6ec9a57aa8f347db5dd31cb0643/alert/text'
14:04:08.484 [Forwarding getAlertText on session f2ebd6ec9a57aa8f347db5dd31cb0643 to remote] DEBUG org.asynchttpclient.netty.request.NettyRequestSender - Using open Channel [id: 0x4d57c5e9, L:/127.0.0.1:51533 - R:localhost/127.0.0.1:20502] for GET '/session/f2ebd6ec9a57aa8f347db5dd31cb0643/alert/text'
14:04:08.486 [AsyncHttpClient-1-9] DEBUG org.asynchttpclient.netty.handler.HttpHandler - 

Request DefaultFullHttpRequest(decodeResult: success, version: HTTP/1.1, content: EmptyByteBufBE)
GET /session/f2ebd6ec9a57aa8f347db5dd31cb0643/alert/text HTTP/1.1
User-Agent: selenium/4.8.1 (java windows)
Cache-Control: no-cache
Content-Type: application/json; charset=utf-8
host: localhost:20502
accept: */*

Response DefaultHttpResponse(decodeResult: success, version: HTTP/1.1)
HTTP/1.1 404 Not Found
Content-Length: 836
Content-Type: application/json; charset=utf-8
cache-control: no-cache

14:04:08.486 [AsyncHttpClient-1-9] DEBUG org.asynchttpclient.netty.channel.ChannelManager - Adding key: http://localhost:20502 for channel [id: 0x4d57c5e9, L:/127.0.0.1:51533 - R:localhost/127.0.0.1:20502]
14:04:08.488 [Forwarding getCurrentUrl on session f2ebd6ec9a57aa8f347db5dd31cb0643 to remote] DEBUG org.asynchttpclient.netty.request.NettyRequestSender - Using pooled Channel '[id: 0x4d57c5e9, L:/127.0.0.1:51533 - R:localhost/127.0.0.1:20502]' for 'GET' to 'http://localhost:20502/session/f2ebd6ec9a57aa8f347db5dd31cb0643/url'
14:04:08.488 [Forwarding getCurrentUrl on session f2ebd6ec9a57aa8f347db5dd31cb0643 to remote] DEBUG org.asynchttpclient.netty.request.NettyRequestSender - Using open Channel [id: 0x4d57c5e9, L:/127.0.0.1:51533 - R:localhost/127.0.0.1:20502] for GET '/session/f2ebd6ec9a57aa8f347db5dd31cb0643/url'
14:04:08.552 [AsyncHttpClient-1-9] DEBUG org.asynchttpclient.netty.handler.HttpHandler - 

Request DefaultFullHttpRequest(decodeResult: success, version: HTTP/1.1, content: EmptyByteBufBE)
GET /session/f2ebd6ec9a57aa8f347db5dd31cb0643/url HTTP/1.1
User-Agent: selenium/4.8.1 (java windows)
Cache-Control: no-cache
Content-Type: application/json; charset=utf-8
host: localhost:20502
accept: */*

Response DefaultHttpResponse(decodeResult: success, version: HTTP/1.1)
HTTP/1.1 200 OK
Content-Length: 56
Content-Type: application/json; charset=utf-8
cache-control: no-cache

14:04:08.552 [AsyncHttpClient-1-9] DEBUG org.asynchttpclient.netty.channel.ChannelManager - Adding key: http://localhost:20502 for channel [id: 0x4d57c5e9, L:/127.0.0.1:51533 - R:localhost/127.0.0.1:20502]
14:04:08.553 [Forwarding screenshot on session f2ebd6ec9a57aa8f347db5dd31cb0643 to remote] DEBUG org.asynchttpclient.netty.request.NettyRequestSender - Using pooled Channel '[id: 0x4d57c5e9, L:/127.0.0.1:51533 - R:localhost/127.0.0.1:20502]' for 'GET' to 'http://localhost:20502/session/f2ebd6ec9a57aa8f347db5dd31cb0643/screenshot'
14:04:08.553 [Forwarding screenshot on session f2ebd6ec9a57aa8f347db5dd31cb0643 to remote] DEBUG org.asynchttpclient.netty.request.NettyRequestSender - Using open Channel [id: 0x4d57c5e9, L:/127.0.0.1:51533 - R:localhost/127.0.0.1:20502] for GET '/session/f2ebd6ec9a57aa8f347db5dd31cb0643/screenshot'
14:04:08.834 [AsyncHttpClient-1-1] DEBUG org.asynchttpclient.netty.channel.DefaultChannelPool - Entry count for : http://localhost:51534 : 1
14:04:08.845 [AsyncHttpClient-1-9] DEBUG org.asynchttpclient.netty.handler.HttpHandler - 

Request DefaultFullHttpRequest(decodeResult: success, version: HTTP/1.1, content: EmptyByteBufBE)
GET /session/f2ebd6ec9a57aa8f347db5dd31cb0643/screenshot HTTP/1.1
User-Agent: selenium/4.8.1 (java windows)
Cache-Control: no-cache
Content-Type: application/json; charset=utf-8
host: localhost:20502
accept: */*

Response DefaultHttpResponse(decodeResult: success, version: HTTP/1.1)
HTTP/1.1 200 OK
Content-Length: 143544
Content-Type: application/json; charset=utf-8
cache-control: no-cache

14:04:08.845 [AsyncHttpClient-1-9] DEBUG org.asynchttpclient.netty.channel.ChannelManager - Adding key: http://localhost:20502 for channel [id: 0x4d57c5e9, L:/127.0.0.1:51533 - R:localhost/127.0.0.1:20502]
14:04:08.851 [main] DEBUG net.serenitybdd.core.photography.Darkroom - Send negative for processing for target\site\serenity\e94ddaca1706e005474cbcf38463b8e2ce0786ba5d5852d15ddc2b729d21896c.png
14:04:08.851 [main] DEBUG net.thucydides.core.steps.StepInterceptor - STEP DONE: enterEmail
  &amp#27;[32mWhen &amp#27;[0m&amp#27;[32mI enter my email&amp#27;[0m                          &amp#27;[90m# starter.stepdefinition.ProductPaymentSteps.enterGuestEmail()&amp#27;[0m
14:04:08.851 [Darkroom Processing Line] DEBUG net.serenitybdd.core.photography.DarkroomProcessingLine - Processing screenshot image in /var/screenshots/screenshot-15775371606125644451
14:04:08.851 [Darkroom Processing Line] DEBUG net.serenitybdd.core.photography.DarkroomProcessingLine - Saving screenshot to target\site\serenity\e94ddaca1706e005474cbcf38463b8e2ce0786ba5d5852d15ddc2b729d21896c.png
14:04:08.864 [Forwarding getPageSource on session f2ebd6ec9a57aa8f347db5dd31cb0643 to remote] DEBUG org.asynchttpclient.netty.request.NettyRequestSender - Using pooled Channel '[id: 0x4d57c5e9, L:/127.0.0.1:51533 - R:localhost/127.0.0.1:20502]' for 'POST' to 'http://localhost:20502/session/f2ebd6ec9a57aa8f347db5dd31cb0643/execute/sync'
14:04:08.865 [Forwarding getPageSource on session f2ebd6ec9a57aa8f347db5dd31cb0643 to remote] DEBUG org.asynchttpclient.netty.request.NettyRequestSender - Using open Channel [id: 0x4d57c5e9, L:/127.0.0.1:51533 - R:localhost/127.0.0.1:20502] for POST '/session/f2ebd6ec9a57aa8f347db5dd31cb0643/execute/sync'
14:04:08.878 [AsyncHttpClient-1-9] DEBUG org.asynchttpclient.netty.handler.HttpHandler - 

Request DefaultHttpRequest(decodeResult: success, version: HTTP/1.1)
POST /session/f2ebd6ec9a57aa8f347db5dd31cb0643/execute/sync HTTP/1.1
User-Agent: selenium/4.8.1 (java windows)
Content-Length: 176
Content-Type: application/json; charset=utf-8
host: localhost:20502
accept: */*

Response DefaultHttpResponse(decodeResult: success, version: HTTP/1.1)
HTTP/1.1 200 OK
Content-Length: 99404
Content-Type: application/json; charset=utf-8
cache-control: no-cache

14:04:08.879 [AsyncHttpClient-1-9] DEBUG org.asynchttpclient.netty.channel.ChannelManager - Adding key: http://localhost:20502 for channel [id: 0x4d57c5e9, L:/127.0.0.1:51533 - R:localhost/127.0.0.1:20502]
14:04:08.887 [Forwarding getCurrentUrl on session f2ebd6ec9a57aa8f347db5dd31cb0643 to remote] DEBUG org.asynchttpclient.netty.request.NettyRequestSender - Using pooled Channel '[id: 0x4d57c5e9, L:/127.0.0.1:51533 - R:localhost/127.0.0.1:20502]' for 'GET' to 'http://localhost:20502/session/f2ebd6ec9a57aa8f347db5dd31cb0643/url'
14:04:08.887 [Forwarding getCurrentUrl on session f2ebd6ec9a57aa8f347db5dd31cb0643 to remote] DEBUG org.asynchttpclient.netty.request.NettyRequestSender - Using open Channel [id: 0x4d57c5e9, L:/127.0.0.1:51533 - R:localhost/127.0.0.1:20502] for GET '/session/f2ebd6ec9a57aa8f347db5dd31cb0643/url'
14:04:08.898 [AsyncHttpClient-1-9] DEBUG org.asynchttpclient.netty.handler.HttpHandler - 

Request DefaultFullHttpRequest(decodeResult: success, version: HTTP/1.1, content: EmptyByteBufBE)
GET /session/f2ebd6ec9a57aa8f347db5dd31cb0643/url HTTP/1.1
User-Agent: selenium/4.8.1 (java windows)
Cache-Control: no-cache
Content-Type: application/json; charset=utf-8
host: localhost:20502
accept: */*

Response DefaultHttpResponse(decodeResult: success, version: HTTP/1.1)
HTTP/1.1 200 OK
Content-Length: 56
Content-Type: application/json; charset=utf-8
cache-control: no-cache

14:04:08.899 [AsyncHttpClient-1-9] DEBUG org.asynchttpclient.netty.channel.ChannelManager - Adding key: http://localhost:20502 for channel [id: 0x4d57c5e9, L:/127.0.0.1:51533 - R:localhost/127.0.0.1:20502]
14:04:08.909 [Forwarding getAlertText on session f2ebd6ec9a57aa8f347db5dd31cb0643 to remote] DEBUG org.asynchttpclient.netty.request.NettyRequestSender - Using pooled Channel '[id: 0x4d57c5e9, L:/127.0.0.1:51533 - R:localhost/127.0.0.1:20502]' for 'GET' to 'http://localhost:20502/session/f2ebd6ec9a57aa8f347db5dd31cb0643/alert/text'
14:04:08.909 [Forwarding getAlertText on session f2ebd6ec9a57aa8f347db5dd31cb0643 to remote] DEBUG org.asynchttpclient.netty.request.NettyRequestSender - Using open Channel [id: 0x4d57c5e9, L:/127.0.0.1:51533 - R:localhost/127.0.0.1:20502] for GET '/session/f2ebd6ec9a57aa8f347db5dd31cb0643/alert/text'
14:04:08.911 [AsyncHttpClient-1-9] DEBUG org.asynchttpclient.netty.handler.HttpHandler - 

Request DefaultFullHttpRequest(decodeResult: success, version: HTTP/1.1, content: EmptyByteBufBE)
GET /session/f2ebd6ec9a57aa8f347db5dd31cb0643/alert/text HTTP/1.1
User-Agent: selenium/4.8.1 (java windows)
Cache-Control: no-cache
Content-Type: application/json; charset=utf-8
host: localhost:20502
accept: */*

Response DefaultHttpResponse(decodeResult: success, version: HTTP/1.1)
HTTP/1.1 404 Not Found
Content-Length: 836
Content-Type: application/json; charset=utf-8
cache-control: no-cache

14:04:08.911 [AsyncHttpClient-1-9] DEBUG org.asynchttpclient.netty.channel.ChannelManager - Adding key: http://localhost:20502 for channel [id: 0x4d57c5e9, L:/127.0.0.1:51533 - R:localhost/127.0.0.1:20502]
14:04:08.914 [Forwarding getCurrentUrl on session f2ebd6ec9a57aa8f347db5dd31cb0643 to remote] DEBUG org.asynchttpclient.netty.request.NettyRequestSender - Using pooled Channel '[id: 0x4d57c5e9, L:/127.0.0.1:51533 - R:localhost/127.0.0.1:20502]' for 'GET' to 'http://localhost:20502/session/f2ebd6ec9a57aa8f347db5dd31cb0643/url'
14:04:08.914 [Forwarding getCurrentUrl on session f2ebd6ec9a57aa8f347db5dd31cb0643 to remote] DEBUG org.asynchttpclient.netty.request.NettyRequestSender - Using open Channel [id: 0x4d57c5e9, L:/127.0.0.1:51533 - R:localhost/127.0.0.1:20502] for GET '/session/f2ebd6ec9a57aa8f347db5dd31cb0643/url'
14:04:08.917 [AsyncHttpClient-1-9] DEBUG org.asynchttpclient.netty.handler.HttpHandler - 

Request DefaultFullHttpRequest(decodeResult: success, version: HTTP/1.1, content: EmptyByteBufBE)
GET /session/f2ebd6ec9a57aa8f347db5dd31cb0643/url HTTP/1.1
User-Agent: selenium/4.8.1 (java windows)
Cache-Control: no-cache
Content-Type: application/json; charset=utf-8
host: localhost:20502
accept: */*

Response DefaultHttpResponse(decodeResult: success, version: HTTP/1.1)
HTTP/1.1 200 OK
Content-Length: 56
Content-Type: application/json; charset=utf-8
cache-control: no-cache

14:04:08.917 [AsyncHttpClient-1-9] DEBUG org.asynchttpclient.netty.channel.ChannelManager - Adding key: http://localhost:20502 for channel [id: 0x4d57c5e9, L:/127.0.0.1:51533 - R:localhost/127.0.0.1:20502]
14:04:08.918 [Forwarding screenshot on session f2ebd6ec9a57aa8f347db5dd31cb0643 to remote] DEBUG org.asynchttpclient.netty.request.NettyRequestSender - Using pooled Channel '[id: 0x4d57c5e9, L:/127.0.0.1:51533 - R:localhost/127.0.0.1:20502]' for 'GET' to 'http://localhost:20502/session/f2ebd6ec9a57aa8f347db5dd31cb0643/screenshot'
14:04:08.918 [Forwarding screenshot on session f2ebd6ec9a57aa8f347db5dd31cb0643 to remote] DEBUG org.asynchttpclient.netty.request.NettyRequestSender - Using open Channel [id: 0x4d57c5e9, L:/127.0.0.1:51533 - R:localhost/127.0.0.1:20502] for GET '/session/f2ebd6ec9a57aa8f347db5dd31cb0643/screenshot'
14:04:09.047 [AsyncHttpClient-1-9] DEBUG org.asynchttpclient.netty.handler.HttpHandler - 

Request DefaultFullHttpRequest(decodeResult: success, version: HTTP/1.1, content: EmptyByteBufBE)
GET /session/f2ebd6ec9a57aa8f347db5dd31cb0643/screenshot HTTP/1.1
User-Agent: selenium/4.8.1 (java windows)
Cache-Control: no-cache
Content-Type: application/json; charset=utf-8
host: localhost:20502
accept: */*

Response DefaultHttpResponse(decodeResult: success, version: HTTP/1.1)
HTTP/1.1 200 OK
Content-Length: 141628
Content-Type: application/json; charset=utf-8
cache-control: no-cache

14:04:09.047 [AsyncHttpClient-1-9] DEBUG org.asynchttpclient.netty.channel.ChannelManager - Adding key: http://localhost:20502 for channel [id: 0x4d57c5e9, L:/127.0.0.1:51533 - R:localhost/127.0.0.1:20502]
14:04:09.054 [main] DEBUG net.serenitybdd.core.photography.Darkroom - Send negative for processing for target\site\serenity\2a2e448654f83fdb413f744d31cdb4f5250d19e457737350e7a91e790ac89632.png
14:04:09.055 [Forwarding getPageSource on session f2ebd6ec9a57aa8f347db5dd31cb0643 to remote] DEBUG org.asynchttpclient.netty.request.NettyRequestSender - Using pooled Channel '[id: 0x4d57c5e9, L:/127.0.0.1:51533 - R:localhost/127.0.0.1:20502]' for 'POST' to 'http://localhost:20502/session/f2ebd6ec9a57aa8f347db5dd31cb0643/execute/sync'
14:04:09.055 [Forwarding getPageSource on session f2ebd6ec9a57aa8f347db5dd31cb0643 to remote] DEBUG org.asynchttpclient.netty.request.NettyRequestSender - Using open Channel [id: 0x4d57c5e9, L:/127.0.0.1:51533 - R:localhost/127.0.0.1:20502] for POST '/session/f2ebd6ec9a57aa8f347db5dd31cb0643/execute/sync'
14:04:09.069 [AsyncHttpClient-1-9] DEBUG org.asynchttpclient.netty.handler.HttpHandler - 

Request DefaultHttpRequest(decodeResult: success, version: HTTP/1.1)
POST /session/f2ebd6ec9a57aa8f347db5dd31cb0643/execute/sync HTTP/1.1
User-Agent: selenium/4.8.1 (java windows)
Content-Length: 176
Content-Type: application/json; charset=utf-8
host: localhost:20502
accept: */*

Response DefaultHttpResponse(decodeResult: success, version: HTTP/1.1)
HTTP/1.1 200 OK
Content-Length: 99404
Content-Type: application/json; charset=utf-8
cache-control: no-cache

14:04:09.069 [AsyncHttpClient-1-9] DEBUG org.asynchttpclient.netty.channel.ChannelManager - Adding key: http://localhost:20502 for channel [id: 0x4d57c5e9, L:/127.0.0.1:51533 - R:localhost/127.0.0.1:20502]
14:04:09.077 [Forwarding getCurrentUrl on session f2ebd6ec9a57aa8f347db5dd31cb0643 to remote] DEBUG org.asynchttpclient.netty.request.NettyRequestSender - Using pooled Channel '[id: 0x4d57c5e9, L:/127.0.0.1:51533 - R:localhost/127.0.0.1:20502]' for 'GET' to 'http://localhost:20502/session/f2ebd6ec9a57aa8f347db5dd31cb0643/url'
14:04:09.077 [Forwarding getCurrentUrl on session f2ebd6ec9a57aa8f347db5dd31cb0643 to remote] DEBUG org.asynchttpclient.netty.request.NettyRequestSender - Using open Channel [id: 0x4d57c5e9, L:/127.0.0.1:51533 - R:localhost/127.0.0.1:20502] for GET '/session/f2ebd6ec9a57aa8f347db5dd31cb0643/url'
14:04:09.081 [AsyncHttpClient-1-9] DEBUG org.asynchttpclient.netty.handler.HttpHandler - 

Request DefaultFullHttpRequest(decodeResult: success, version: HTTP/1.1, content: EmptyByteBufBE)
GET /session/f2ebd6ec9a57aa8f347db5dd31cb0643/url HTTP/1.1
User-Agent: selenium/4.8.1 (java windows)
Cache-Control: no-cache
Content-Type: application/json; charset=utf-8
host: localhost:20502
accept: */*

Response DefaultHttpResponse(decodeResult: success, version: HTTP/1.1)
HTTP/1.1 200 OK
Content-Length: 56
Content-Type: application/json; charset=utf-8
cache-control: no-cache

14:04:09.081 [AsyncHttpClient-1-9] DEBUG org.asynchttpclient.netty.channel.ChannelManager - Adding key: http://localhost:20502 for channel [id: 0x4d57c5e9, L:/127.0.0.1:51533 - R:localhost/127.0.0.1:20502]
14:04:09.084 [main] DEBUG net.thucydides.core.steps.StepInterceptor - STARTING STEP: ProductPaymentSteps.clickPayMethod - clickPayMethod
14:04:09.088 [Forwarding findElement on session f2ebd6ec9a57aa8f347db5dd31cb0643 to remote] DEBUG org.asynchttpclient.netty.request.NettyRequestSender - Using pooled Channel '[id: 0x4d57c5e9, L:/127.0.0.1:51533 - R:localhost/127.0.0.1:20502]' for 'POST' to 'http://localhost:20502/session/f2ebd6ec9a57aa8f347db5dd31cb0643/element'
14:04:09.088 [Forwarding findElement on session f2ebd6ec9a57aa8f347db5dd31cb0643 to remote] DEBUG org.asynchttpclient.netty.request.NettyRequestSender - Using open Channel [id: 0x4d57c5e9, L:/127.0.0.1:51533 - R:localhost/127.0.0.1:20502] for POST '/session/f2ebd6ec9a57aa8f347db5dd31cb0643/element'
14:04:09.101 [AsyncHttpClient-1-9] DEBUG org.asynchttpclient.netty.handler.HttpHandler - 

Request DefaultHttpRequest(decodeResult: success, version: HTTP/1.1)
POST /session/f2ebd6ec9a57aa8f347db5dd31cb0643/element HTTP/1.1
User-Agent: selenium/4.8.1 (java windows)
Content-Length: 61
Content-Type: application/json; charset=utf-8
host: localhost:20502
accept: */*

Response DefaultHttpResponse(decodeResult: success, version: HTTP/1.1)
HTTP/1.1 200 OK
Content-Length: 88
Content-Type: application/json; charset=utf-8
cache-control: no-cache

14:04:09.101 [AsyncHttpClient-1-9] DEBUG org.asynchttpclient.netty.channel.ChannelManager - Adding key: http://localhost:20502 for channel [id: 0x4d57c5e9, L:/127.0.0.1:51533 - R:localhost/127.0.0.1:20502]
14:04:09.103 [Forwarding getElementTagName on session f2ebd6ec9a57aa8f347db5dd31cb0643 to remote] DEBUG org.asynchttpclient.netty.request.NettyRequestSender - Using pooled Channel '[id: 0x4d57c5e9, L:/127.0.0.1:51533 - R:localhost/127.0.0.1:20502]' for 'GET' to 'http://localhost:20502/session/f2ebd6ec9a57aa8f347db5dd31cb0643/element/310c4409-3d78-4d6d-bcc5-c6568c2c7de0/name'
14:04:09.103 [Forwarding getElementTagName on session f2ebd6ec9a57aa8f347db5dd31cb0643 to remote] DEBUG org.asynchttpclient.netty.request.NettyRequestSender - Using open Channel [id: 0x4d57c5e9, L:/127.0.0.1:51533 - R:localhost/127.0.0.1:20502] for GET '/session/f2ebd6ec9a57aa8f347db5dd31cb0643/element/310c4409-3d78-4d6d-bcc5-c6568c2c7de0/name'
14:04:09.108 [AsyncHttpClient-1-9] DEBUG org.asynchttpclient.netty.handler.HttpHandler - 

Request DefaultFullHttpRequest(decodeResult: success, version: HTTP/1.1, content: EmptyByteBufBE)
GET /session/f2ebd6ec9a57aa8f347db5dd31cb0643/element/310c4409-3d78-4d6d-bcc5-c6568c2c7de0/name HTTP/1.1
User-Agent: selenium/4.8.1 (java windows)
Cache-Control: no-cache
Content-Type: application/json; charset=utf-8
host: localhost:20502
accept: */*

Response DefaultHttpResponse(decodeResult: success, version: HTTP/1.1)
HTTP/1.1 200 OK
Content-Length: 17
Content-Type: application/json; charset=utf-8
cache-control: no-cache

14:04:09.108 [AsyncHttpClient-1-9] DEBUG org.asynchttpclient.netty.channel.ChannelManager - Adding key: http://localhost:20502 for channel [id: 0x4d57c5e9, L:/127.0.0.1:51533 - R:localhost/127.0.0.1:20502]
14:04:09.109 [Forwarding getElementTagName on session f2ebd6ec9a57aa8f347db5dd31cb0643 to remote] DEBUG org.asynchttpclient.netty.request.NettyRequestSender - Using pooled Channel '[id: 0x4d57c5e9, L:/127.0.0.1:51533 - R:localhost/127.0.0.1:20502]' for 'GET' to 'http://localhost:20502/session/f2ebd6ec9a57aa8f347db5dd31cb0643/element/310c4409-3d78-4d6d-bcc5-c6568c2c7de0/name'
14:04:09.109 [Forwarding getElementTagName on session f2ebd6ec9a57aa8f347db5dd31cb0643 to remote] DEBUG org.asynchttpclient.netty.request.NettyRequestSender - Using open Channel [id: 0x4d57c5e9, L:/127.0.0.1:51533 - R:localhost/127.0.0.1:20502] for GET '/session/f2ebd6ec9a57aa8f347db5dd31cb0643/element/310c4409-3d78-4d6d-bcc5-c6568c2c7de0/name'
14:04:09.112 [AsyncHttpClient-1-9] DEBUG org.asynchttpclient.netty.handler.HttpHandler - 

Request DefaultFullHttpRequest(decodeResult: success, version: HTTP/1.1, content: EmptyByteBufBE)
GET /session/f2ebd6ec9a57aa8f347db5dd31cb0643/element/310c4409-3d78-4d6d-bcc5-c6568c2c7de0/name HTTP/1.1
User-Agent: selenium/4.8.1 (java windows)
Cache-Control: no-cache
Content-Type: application/json; charset=utf-8
host: localhost:20502
accept: */*

Response DefaultHttpResponse(decodeResult: success, version: HTTP/1.1)
HTTP/1.1 200 OK
Content-Length: 17
Content-Type: application/json; charset=utf-8
cache-control: no-cache

14:04:09.113 [AsyncHttpClient-1-9] DEBUG org.asynchttpclient.netty.channel.ChannelManager - Adding key: http://localhost:20502 for channel [id: 0x4d57c5e9, L:/127.0.0.1:51533 - R:localhost/127.0.0.1:20502]
14:04:09.115 [Forwarding isElementEnabled on session f2ebd6ec9a57aa8f347db5dd31cb0643 to remote] DEBUG org.asynchttpclient.netty.request.NettyRequestSender - Using pooled Channel '[id: 0x4d57c5e9, L:/127.0.0.1:51533 - R:localhost/127.0.0.1:20502]' for 'GET' to 'http://localhost:20502/session/f2ebd6ec9a57aa8f347db5dd31cb0643/element/310c4409-3d78-4d6d-bcc5-c6568c2c7de0/enabled'
14:04:09.115 [Forwarding isElementEnabled on session f2ebd6ec9a57aa8f347db5dd31cb0643 to remote] DEBUG org.asynchttpclient.netty.request.NettyRequestSender - Using open Channel [id: 0x4d57c5e9, L:/127.0.0.1:51533 - R:localhost/127.0.0.1:20502] for GET '/session/f2ebd6ec9a57aa8f347db5dd31cb0643/element/310c4409-3d78-4d6d-bcc5-c6568c2c7de0/enabled'
14:04:09.125 [AsyncHttpClient-1-9] DEBUG org.asynchttpclient.netty.handler.HttpHandler - 

Request DefaultFullHttpRequest(decodeResult: success, version: HTTP/1.1, content: EmptyByteBufBE)
GET /session/f2ebd6ec9a57aa8f347db5dd31cb0643/element/310c4409-3d78-4d6d-bcc5-c6568c2c7de0/enabled HTTP/1.1
User-Agent: selenium/4.8.1 (java windows)
Cache-Control: no-cache
Content-Type: application/json; charset=utf-8
host: localhost:20502
accept: */*

Response DefaultHttpResponse(decodeResult: success, version: HTTP/1.1)
HTTP/1.1 200 OK
Content-Length: 14
Content-Type: application/json; charset=utf-8
cache-control: no-cache

14:04:09.125 [AsyncHttpClient-1-9] DEBUG org.asynchttpclient.netty.channel.ChannelManager - Adding key: http://localhost:20502 for channel [id: 0x4d57c5e9, L:/127.0.0.1:51533 - R:localhost/127.0.0.1:20502]
14:04:09.126 [Forwarding isElementEnabled on session f2ebd6ec9a57aa8f347db5dd31cb0643 to remote] DEBUG org.asynchttpclient.netty.request.NettyRequestSender - Using pooled Channel '[id: 0x4d57c5e9, L:/127.0.0.1:51533 - R:localhost/127.0.0.1:20502]' for 'GET' to 'http://localhost:20502/session/f2ebd6ec9a57aa8f347db5dd31cb0643/element/310c4409-3d78-4d6d-bcc5-c6568c2c7de0/enabled'
14:04:09.126 [Forwarding isElementEnabled on session f2ebd6ec9a57aa8f347db5dd31cb0643 to remote] DEBUG org.asynchttpclient.netty.request.NettyRequestSender - Using open Channel [id: 0x4d57c5e9, L:/127.0.0.1:51533 - R:localhost/127.0.0.1:20502] for GET '/session/f2ebd6ec9a57aa8f347db5dd31cb0643/element/310c4409-3d78-4d6d-bcc5-c6568c2c7de0/enabled'
14:04:09.133 [AsyncHttpClient-1-9] DEBUG org.asynchttpclient.netty.handler.HttpHandler - 

Request DefaultFullHttpRequest(decodeResult: success, version: HTTP/1.1, content: EmptyByteBufBE)
GET /session/f2ebd6ec9a57aa8f347db5dd31cb0643/element/310c4409-3d78-4d6d-bcc5-c6568c2c7de0/enabled HTTP/1.1
User-Agent: selenium/4.8.1 (java windows)
Cache-Control: no-cache
Content-Type: application/json; charset=utf-8
host: localhost:20502
accept: */*

Response DefaultHttpResponse(decodeResult: success, version: HTTP/1.1)
HTTP/1.1 200 OK
Content-Length: 14
Content-Type: application/json; charset=utf-8
cache-control: no-cache

14:04:09.133 [AsyncHttpClient-1-9] DEBUG org.asynchttpclient.netty.channel.ChannelManager - Adding key: http://localhost:20502 for channel [id: 0x4d57c5e9, L:/127.0.0.1:51533 - R:localhost/127.0.0.1:20502]
14:04:09.135 [Forwarding findElement on session f2ebd6ec9a57aa8f347db5dd31cb0643 to remote] DEBUG org.asynchttpclient.netty.request.NettyRequestSender - Using pooled Channel '[id: 0x4d57c5e9, L:/127.0.0.1:51533 - R:localhost/127.0.0.1:20502]' for 'POST' to 'http://localhost:20502/session/f2ebd6ec9a57aa8f347db5dd31cb0643/element'
14:04:09.135 [Forwarding findElement on session f2ebd6ec9a57aa8f347db5dd31cb0643 to remote] DEBUG org.asynchttpclient.netty.request.NettyRequestSender - Using open Channel [id: 0x4d57c5e9, L:/127.0.0.1:51533 - R:localhost/127.0.0.1:20502] for POST '/session/f2ebd6ec9a57aa8f347db5dd31cb0643/element'
14:04:09.142 [AsyncHttpClient-1-9] DEBUG org.asynchttpclient.netty.handler.HttpHandler - 

Request DefaultHttpRequest(decodeResult: success, version: HTTP/1.1)
POST /session/f2ebd6ec9a57aa8f347db5dd31cb0643/element HTTP/1.1
User-Agent: selenium/4.8.1 (java windows)
Content-Length: 61
Content-Type: application/json; charset=utf-8
host: localhost:20502
accept: */*

Response DefaultHttpResponse(decodeResult: success, version: HTTP/1.1)
HTTP/1.1 200 OK
Content-Length: 88
Content-Type: application/json; charset=utf-8
cache-control: no-cache

14:04:09.143 [AsyncHttpClient-1-9] DEBUG org.asynchttpclient.netty.channel.ChannelManager - Adding key: http://localhost:20502 for channel [id: 0x4d57c5e9, L:/127.0.0.1:51533 - R:localhost/127.0.0.1:20502]
14:04:09.144 [Forwarding clickElement on session f2ebd6ec9a57aa8f347db5dd31cb0643 to remote] DEBUG org.asynchttpclient.netty.request.NettyRequestSender - Using pooled Channel '[id: 0x4d57c5e9, L:/127.0.0.1:51533 - R:localhost/127.0.0.1:20502]' for 'POST' to 'http://localhost:20502/session/f2ebd6ec9a57aa8f347db5dd31cb0643/element/310c4409-3d78-4d6d-bcc5-c6568c2c7de0/click'
14:04:09.144 [Forwarding clickElement on session f2ebd6ec9a57aa8f347db5dd31cb0643 to remote] DEBUG org.asynchttpclient.netty.request.NettyRequestSender - Using open Channel [id: 0x4d57c5e9, L:/127.0.0.1:51533 - R:localhost/127.0.0.1:20502] for POST '/session/f2ebd6ec9a57aa8f347db5dd31cb0643/element/310c4409-3d78-4d6d-bcc5-c6568c2c7de0/click'
14:04:09.216 [AsyncHttpClient-1-9] DEBUG org.asynchttpclient.netty.handler.HttpHandler - 

Request DefaultHttpRequest(decodeResult: success, version: HTTP/1.1)
POST /session/f2ebd6ec9a57aa8f347db5dd31cb0643/element/310c4409-3d78-4d6d-bcc5-c6568c2c7de0/click HTTP/1.1
User-Agent: selenium/4.8.1 (java windows)
Content-Length: 50
Content-Type: application/json; charset=utf-8
host: localhost:20502
accept: */*

Response DefaultHttpResponse(decodeResult: success, version: HTTP/1.1)
HTTP/1.1 200 OK
Content-Length: 14
Content-Type: application/json; charset=utf-8
cache-control: no-cache

14:04:09.216 [AsyncHttpClient-1-9] DEBUG org.asynchttpclient.netty.channel.ChannelManager - Adding key: http://localhost:20502 for channel [id: 0x4d57c5e9, L:/127.0.0.1:51533 - R:localhost/127.0.0.1:20502]
14:04:09.226 [Forwarding getAlertText on session f2ebd6ec9a57aa8f347db5dd31cb0643 to remote] DEBUG org.asynchttpclient.netty.request.NettyRequestSender - Using pooled Channel '[id: 0x4d57c5e9, L:/127.0.0.1:51533 - R:localhost/127.0.0.1:20502]' for 'GET' to 'http://localhost:20502/session/f2ebd6ec9a57aa8f347db5dd31cb0643/alert/text'
14:04:09.226 [Forwarding getAlertText on session f2ebd6ec9a57aa8f347db5dd31cb0643 to remote] DEBUG org.asynchttpclient.netty.request.NettyRequestSender - Using open Channel [id: 0x4d57c5e9, L:/127.0.0.1:51533 - R:localhost/127.0.0.1:20502] for GET '/session/f2ebd6ec9a57aa8f347db5dd31cb0643/alert/text'
14:04:09.230 [AsyncHttpClient-1-9] DEBUG org.asynchttpclient.netty.handler.HttpHandler - 

Request DefaultFullHttpRequest(decodeResult: success, version: HTTP/1.1, content: EmptyByteBufBE)
GET /session/f2ebd6ec9a57aa8f347db5dd31cb0643/alert/text HTTP/1.1
User-Agent: selenium/4.8.1 (java windows)
Cache-Control: no-cache
Content-Type: application/json; charset=utf-8
host: localhost:20502
accept: */*

Response DefaultHttpResponse(decodeResult: success, version: HTTP/1.1)
HTTP/1.1 404 Not Found
Content-Length: 836
Content-Type: application/json; charset=utf-8
cache-control: no-cache

14:04:09.231 [AsyncHttpClient-1-9] DEBUG org.asynchttpclient.netty.channel.ChannelManager - Adding key: http://localhost:20502 for channel [id: 0x4d57c5e9, L:/127.0.0.1:51533 - R:localhost/127.0.0.1:20502]
14:04:09.232 [Forwarding getCurrentUrl on session f2ebd6ec9a57aa8f347db5dd31cb0643 to remote] DEBUG org.asynchttpclient.netty.request.NettyRequestSender - Using pooled Channel '[id: 0x4d57c5e9, L:/127.0.0.1:51533 - R:localhost/127.0.0.1:20502]' for 'GET' to 'http://localhost:20502/session/f2ebd6ec9a57aa8f347db5dd31cb0643/url'
14:04:09.232 [Forwarding getCurrentUrl on session f2ebd6ec9a57aa8f347db5dd31cb0643 to remote] DEBUG org.asynchttpclient.netty.request.NettyRequestSender - Using open Channel [id: 0x4d57c5e9, L:/127.0.0.1:51533 - R:localhost/127.0.0.1:20502] for GET '/session/f2ebd6ec9a57aa8f347db5dd31cb0643/url'
14:04:09.236 [AsyncHttpClient-1-9] DEBUG org.asynchttpclient.netty.handler.HttpHandler - 

Request DefaultFullHttpRequest(decodeResult: success, version: HTTP/1.1, content: EmptyByteBufBE)
GET /session/f2ebd6ec9a57aa8f347db5dd31cb0643/url HTTP/1.1
User-Agent: selenium/4.8.1 (java windows)
Cache-Control: no-cache
Content-Type: application/json; charset=utf-8
host: localhost:20502
accept: */*

Response DefaultHttpResponse(decodeResult: success, version: HTTP/1.1)
HTTP/1.1 200 OK
Content-Length: 56
Content-Type: application/json; charset=utf-8
cache-control: no-cache

14:04:09.236 [AsyncHttpClient-1-9] DEBUG org.asynchttpclient.netty.channel.ChannelManager - Adding key: http://localhost:20502 for channel [id: 0x4d57c5e9, L:/127.0.0.1:51533 - R:localhost/127.0.0.1:20502]
14:04:09.236 [Forwarding screenshot on session f2ebd6ec9a57aa8f347db5dd31cb0643 to remote] DEBUG org.asynchttpclient.netty.request.NettyRequestSender - Using pooled Channel '[id: 0x4d57c5e9, L:/127.0.0.1:51533 - R:localhost/127.0.0.1:20502]' for 'GET' to 'http://localhost:20502/session/f2ebd6ec9a57aa8f347db5dd31cb0643/screenshot'
14:04:09.236 [Forwarding screenshot on session f2ebd6ec9a57aa8f347db5dd31cb0643 to remote] DEBUG org.asynchttpclient.netty.request.NettyRequestSender - Using open Channel [id: 0x4d57c5e9, L:/127.0.0.1:51533 - R:localhost/127.0.0.1:20502] for GET '/session/f2ebd6ec9a57aa8f347db5dd31cb0643/screenshot'
14:04:09.780 [AsyncHttpClient-1-9] DEBUG org.asynchttpclient.netty.handler.HttpHandler - 

Request DefaultFullHttpRequest(decodeResult: success, version: HTTP/1.1, content: EmptyByteBufBE)
GET /session/f2ebd6ec9a57aa8f347db5dd31cb0643/screenshot HTTP/1.1
User-Agent: selenium/4.8.1 (java windows)
Cache-Control: no-cache
Content-Type: application/json; charset=utf-8
host: localhost:20502
accept: */*

Response DefaultHttpResponse(decodeResult: success, version: HTTP/1.1)
HTTP/1.1 200 OK
Content-Length: 97484
Content-Type: application/json; charset=utf-8
cache-control: no-cache

14:04:09.781 [AsyncHttpClient-1-9] DEBUG org.asynchttpclient.netty.channel.ChannelManager - Adding key: http://localhost:20502 for channel [id: 0x4d57c5e9, L:/127.0.0.1:51533 - R:localhost/127.0.0.1:20502]
14:04:09.786 [main] DEBUG net.serenitybdd.core.photography.Darkroom - Send negative for processing for target\site\serenity\4ed1cc1f0547e8d9a6f0a4d3e86a0bdf77086287171d2e9083efb232ba5aac61.png
14:04:09.787 [main] DEBUG net.thucydides.core.steps.StepInterceptor - STEP DONE: clickPayMethod
  &amp#27;[32mThen &amp#27;[0m&amp#27;[32mI click pay method&amp#27;[0m                        &amp#27;[90m# starter.stepdefinition.ProductPaymentSteps.clickPayMethod()&amp#27;[0m
14:04:09.790 [Darkroom Processing Line] DEBUG net.serenitybdd.core.photography.DarkroomProcessingLine - Processing screenshot image in /var/screenshots/screenshot-8765299131900391721
14:04:09.790 [Darkroom Processing Line] DEBUG net.serenitybdd.core.photography.DarkroomProcessingLine - Saving screenshot to target\site\serenity\4ed1cc1f0547e8d9a6f0a4d3e86a0bdf77086287171d2e9083efb232ba5aac61.png
14:04:09.813 [Forwarding getPageSource on session f2ebd6ec9a57aa8f347db5dd31cb0643 to remote] DEBUG org.asynchttpclient.netty.request.NettyRequestSender - Using pooled Channel '[id: 0x4d57c5e9, L:/127.0.0.1:51533 - R:localhost/127.0.0.1:20502]' for 'POST' to 'http://localhost:20502/session/f2ebd6ec9a57aa8f347db5dd31cb0643/execute/sync'
14:04:09.813 [Forwarding getPageSource on session f2ebd6ec9a57aa8f347db5dd31cb0643 to remote] DEBUG org.asynchttpclient.netty.request.NettyRequestSender - Using open Channel [id: 0x4d57c5e9, L:/127.0.0.1:51533 - R:localhost/127.0.0.1:20502] for POST '/session/f2ebd6ec9a57aa8f347db5dd31cb0643/execute/sync'
14:04:09.849 [AsyncHttpClient-1-9] DEBUG org.asynchttpclient.netty.handler.HttpHandler - 

Request DefaultHttpRequest(decodeResult: success, version: HTTP/1.1)
POST /session/f2ebd6ec9a57aa8f347db5dd31cb0643/execute/sync HTTP/1.1
User-Agent: selenium/4.8.1 (java windows)
Content-Length: 176
Content-Type: application/json; charset=utf-8
host: localhost:20502
accept: */*

Response DefaultHttpResponse(decodeResult: success, version: HTTP/1.1)
HTTP/1.1 200 OK
Content-Length: 100581
Content-Type: application/json; charset=utf-8
cache-control: no-cache

14:04:09.849 [AsyncHttpClient-1-9] DEBUG org.asynchttpclient.netty.channel.ChannelManager - Adding key: http://localhost:20502 for channel [id: 0x4d57c5e9, L:/127.0.0.1:51533 - R:localhost/127.0.0.1:20502]
14:04:09.859 [Forwarding getCurrentUrl on session f2ebd6ec9a57aa8f347db5dd31cb0643 to remote] DEBUG org.asynchttpclient.netty.request.NettyRequestSender - Using pooled Channel '[id: 0x4d57c5e9, L:/127.0.0.1:51533 - R:localhost/127.0.0.1:20502]' for 'GET' to 'http://localhost:20502/session/f2ebd6ec9a57aa8f347db5dd31cb0643/url'
14:04:09.859 [Forwarding getCurrentUrl on session f2ebd6ec9a57aa8f347db5dd31cb0643 to remote] DEBUG org.asynchttpclient.netty.request.NettyRequestSender - Using open Channel [id: 0x4d57c5e9, L:/127.0.0.1:51533 - R:localhost/127.0.0.1:20502] for GET '/session/f2ebd6ec9a57aa8f347db5dd31cb0643/url'
14:04:09.884 [AsyncHttpClient-1-9] DEBUG org.asynchttpclient.netty.handler.HttpHandler - 

Request DefaultFullHttpRequest(decodeResult: success, version: HTTP/1.1, content: EmptyByteBufBE)
GET /session/f2ebd6ec9a57aa8f347db5dd31cb0643/url HTTP/1.1
User-Agent: selenium/4.8.1 (java windows)
Cache-Control: no-cache
Content-Type: application/json; charset=utf-8
host: localhost:20502
accept: */*

Response DefaultHttpResponse(decodeResult: success, version: HTTP/1.1)
HTTP/1.1 200 OK
Content-Length: 56
Content-Type: application/json; charset=utf-8
cache-control: no-cache

14:04:09.885 [AsyncHttpClient-1-9] DEBUG org.asynchttpclient.netty.channel.ChannelManager - Adding key: http://localhost:20502 for channel [id: 0x4d57c5e9, L:/127.0.0.1:51533 - R:localhost/127.0.0.1:20502]
14:04:09.901 [Forwarding getAlertText on session f2ebd6ec9a57aa8f347db5dd31cb0643 to remote] DEBUG org.asynchttpclient.netty.request.NettyRequestSender - Using pooled Channel '[id: 0x4d57c5e9, L:/127.0.0.1:51533 - R:localhost/127.0.0.1:20502]' for 'GET' to 'http://localhost:20502/session/f2ebd6ec9a57aa8f347db5dd31cb0643/alert/text'
14:04:09.901 [Forwarding getAlertText on session f2ebd6ec9a57aa8f347db5dd31cb0643 to remote] DEBUG org.asynchttpclient.netty.request.NettyRequestSender - Using open Channel [id: 0x4d57c5e9, L:/127.0.0.1:51533 - R:localhost/127.0.0.1:20502] for GET '/session/f2ebd6ec9a57aa8f347db5dd31cb0643/alert/text'
14:04:09.905 [AsyncHttpClient-1-9] DEBUG org.asynchttpclient.netty.handler.HttpHandler - 

Request DefaultFullHttpRequest(decodeResult: success, version: HTTP/1.1, content: EmptyByteBufBE)
GET /session/f2ebd6ec9a57aa8f347db5dd31cb0643/alert/text HTTP/1.1
User-Agent: selenium/4.8.1 (java windows)
Cache-Control: no-cache
Content-Type: application/json; charset=utf-8
host: localhost:20502
accept: */*

Response DefaultHttpResponse(decodeResult: success, version: HTTP/1.1)
HTTP/1.1 404 Not Found
Content-Length: 836
Content-Type: application/json; charset=utf-8
cache-control: no-cache

14:04:09.905 [AsyncHttpClient-1-9] DEBUG org.asynchttpclient.netty.channel.ChannelManager - Adding key: http://localhost:20502 for channel [id: 0x4d57c5e9, L:/127.0.0.1:51533 - R:localhost/127.0.0.1:20502]
14:04:09.907 [Forwarding getCurrentUrl on session f2ebd6ec9a57aa8f347db5dd31cb0643 to remote] DEBUG org.asynchttpclient.netty.request.NettyRequestSender - Using pooled Channel '[id: 0x4d57c5e9, L:/127.0.0.1:51533 - R:localhost/127.0.0.1:20502]' for 'GET' to 'http://localhost:20502/session/f2ebd6ec9a57aa8f347db5dd31cb0643/url'
14:04:09.907 [Forwarding getCurrentUrl on session f2ebd6ec9a57aa8f347db5dd31cb0643 to remote] DEBUG org.asynchttpclient.netty.request.NettyRequestSender - Using open Channel [id: 0x4d57c5e9, L:/127.0.0.1:51533 - R:localhost/127.0.0.1:20502] for GET '/session/f2ebd6ec9a57aa8f347db5dd31cb0643/url'
14:04:09.917 [AsyncHttpClient-1-9] DEBUG org.asynchttpclient.netty.handler.HttpHandler - 

Request DefaultFullHttpRequest(decodeResult: success, version: HTTP/1.1, content: EmptyByteBufBE)
GET /session/f2ebd6ec9a57aa8f347db5dd31cb0643/url HTTP/1.1
User-Agent: selenium/4.8.1 (java windows)
Cache-Control: no-cache
Content-Type: application/json; charset=utf-8
host: localhost:20502
accept: */*

Response DefaultHttpResponse(decodeResult: success, version: HTTP/1.1)
HTTP/1.1 200 OK
Content-Length: 56
Content-Type: application/json; charset=utf-8
cache-control: no-cache

14:04:09.917 [AsyncHttpClient-1-9] DEBUG org.asynchttpclient.netty.channel.ChannelManager - Adding key: http://localhost:20502 for channel [id: 0x4d57c5e9, L:/127.0.0.1:51533 - R:localhost/127.0.0.1:20502]
14:04:09.918 [Forwarding screenshot on session f2ebd6ec9a57aa8f347db5dd31cb0643 to remote] DEBUG org.asynchttpclient.netty.request.NettyRequestSender - Using pooled Channel '[id: 0x4d57c5e9, L:/127.0.0.1:51533 - R:localhost/127.0.0.1:20502]' for 'GET' to 'http://localhost:20502/session/f2ebd6ec9a57aa8f347db5dd31cb0643/screenshot'
14:04:09.918 [Forwarding screenshot on session f2ebd6ec9a57aa8f347db5dd31cb0643 to remote] DEBUG org.asynchttpclient.netty.request.NettyRequestSender - Using open Channel [id: 0x4d57c5e9, L:/127.0.0.1:51533 - R:localhost/127.0.0.1:20502] for GET '/session/f2ebd6ec9a57aa8f347db5dd31cb0643/screenshot'
14:04:09.936 [AsyncHttpClient-1-1] DEBUG org.asynchttpclient.netty.channel.DefaultChannelPool - Entry count for : http://localhost:51534 : 1
14:04:10.056 [AsyncHttpClient-1-9] DEBUG org.asynchttpclient.netty.handler.HttpHandler - 

Request DefaultFullHttpRequest(decodeResult: success, version: HTTP/1.1, content: EmptyByteBufBE)
GET /session/f2ebd6ec9a57aa8f347db5dd31cb0643/screenshot HTTP/1.1
User-Agent: selenium/4.8.1 (java windows)
Cache-Control: no-cache
Content-Type: application/json; charset=utf-8
host: localhost:20502
accept: */*

Response DefaultHttpResponse(decodeResult: success, version: HTTP/1.1)
HTTP/1.1 200 OK
Content-Length: 142288
Content-Type: application/json; charset=utf-8
cache-control: no-cache

14:04:10.057 [AsyncHttpClient-1-9] DEBUG org.asynchttpclient.netty.channel.ChannelManager - Adding key: http://localhost:20502 for channel [id: 0x4d57c5e9, L:/127.0.0.1:51533 - R:localhost/127.0.0.1:20502]
14:04:10.062 [main] DEBUG net.serenitybdd.core.photography.Darkroom - Send negative for processing for target\site\serenity\ba4f4a4a87f5578549c81d0071ad4a91d2a9d969c39af5c1aab98598d211b1ad.png
14:04:10.063 [Darkroom Processing Line] DEBUG net.serenitybdd.core.photography.DarkroomProcessingLine - Processing screenshot image in /var/screenshots/screenshot-2933297322740266549
14:04:10.063 [Darkroom Processing Line] DEBUG net.serenitybdd.core.photography.DarkroomProcessingLine - Saving screenshot to target\site\serenity\ba4f4a4a87f5578549c81d0071ad4a91d2a9d969c39af5c1aab98598d211b1ad.png
14:04:10.064 [Forwarding getPageSource on session f2ebd6ec9a57aa8f347db5dd31cb0643 to remote] DEBUG org.asynchttpclient.netty.request.NettyRequestSender - Using pooled Channel '[id: 0x4d57c5e9, L:/127.0.0.1:51533 - R:localhost/127.0.0.1:20502]' for 'POST' to 'http://localhost:20502/session/f2ebd6ec9a57aa8f347db5dd31cb0643/execute/sync'
14:04:10.064 [Forwarding getPageSource on session f2ebd6ec9a57aa8f347db5dd31cb0643 to remote] DEBUG org.asynchttpclient.netty.request.NettyRequestSender - Using open Channel [id: 0x4d57c5e9, L:/127.0.0.1:51533 - R:localhost/127.0.0.1:20502] for POST '/session/f2ebd6ec9a57aa8f347db5dd31cb0643/execute/sync'
14:04:10.080 [AsyncHttpClient-1-9] DEBUG org.asynchttpclient.netty.handler.HttpHandler - 

Request DefaultHttpRequest(decodeResult: success, version: HTTP/1.1)
POST /session/f2ebd6ec9a57aa8f347db5dd31cb0643/execute/sync HTTP/1.1
User-Agent: selenium/4.8.1 (java windows)
Content-Length: 176
Content-Type: application/json; charset=utf-8
host: localhost:20502
accept: */*

Response DefaultHttpResponse(decodeResult: success, version: HTTP/1.1)
HTTP/1.1 200 OK
Content-Length: 100581
Content-Type: application/json; charset=utf-8
cache-control: no-cache

14:04:10.081 [AsyncHttpClient-1-9] DEBUG org.asynchttpclient.netty.channel.ChannelManager - Adding key: http://localhost:20502 for channel [id: 0x4d57c5e9, L:/127.0.0.1:51533 - R:localhost/127.0.0.1:20502]
14:04:10.089 [Forwarding getCurrentUrl on session f2ebd6ec9a57aa8f347db5dd31cb0643 to remote] DEBUG org.asynchttpclient.netty.request.NettyRequestSender - Using pooled Channel '[id: 0x4d57c5e9, L:/127.0.0.1:51533 - R:localhost/127.0.0.1:20502]' for 'GET' to 'http://localhost:20502/session/f2ebd6ec9a57aa8f347db5dd31cb0643/url'
14:04:10.089 [Forwarding getCurrentUrl on session f2ebd6ec9a57aa8f347db5dd31cb0643 to remote] DEBUG org.asynchttpclient.netty.request.NettyRequestSender - Using open Channel [id: 0x4d57c5e9, L:/127.0.0.1:51533 - R:localhost/127.0.0.1:20502] for GET '/session/f2ebd6ec9a57aa8f347db5dd31cb0643/url'
14:04:10.094 [AsyncHttpClient-1-9] DEBUG org.asynchttpclient.netty.handler.HttpHandler - 

Request DefaultFullHttpRequest(decodeResult: success, version: HTTP/1.1, content: EmptyByteBufBE)
GET /session/f2ebd6ec9a57aa8f347db5dd31cb0643/url HTTP/1.1
User-Agent: selenium/4.8.1 (java windows)
Cache-Control: no-cache
Content-Type: application/json; charset=utf-8
host: localhost:20502
accept: */*

Response DefaultHttpResponse(decodeResult: success, version: HTTP/1.1)
HTTP/1.1 200 OK
Content-Length: 56
Content-Type: application/json; charset=utf-8
cache-control: no-cache

14:04:10.094 [AsyncHttpClient-1-9] DEBUG org.asynchttpclient.netty.channel.ChannelManager - Adding key: http://localhost:20502 for channel [id: 0x4d57c5e9, L:/127.0.0.1:51533 - R:localhost/127.0.0.1:20502]
14:04:10.097 [main] DEBUG net.thucydides.core.steps.StepInterceptor - STARTING STEP: ProductPaymentSteps.clickPayButton - clickPay
14:04:10.101 [Forwarding findElement on session f2ebd6ec9a57aa8f347db5dd31cb0643 to remote] DEBUG org.asynchttpclient.netty.request.NettyRequestSender - Using pooled Channel '[id: 0x4d57c5e9, L:/127.0.0.1:51533 - R:localhost/127.0.0.1:20502]' for 'POST' to 'http://localhost:20502/session/f2ebd6ec9a57aa8f347db5dd31cb0643/element'
14:04:10.101 [Forwarding findElement on session f2ebd6ec9a57aa8f347db5dd31cb0643 to remote] DEBUG org.asynchttpclient.netty.request.NettyRequestSender - Using open Channel [id: 0x4d57c5e9, L:/127.0.0.1:51533 - R:localhost/127.0.0.1:20502] for POST '/session/f2ebd6ec9a57aa8f347db5dd31cb0643/element'
14:04:10.118 [AsyncHttpClient-1-9] DEBUG org.asynchttpclient.netty.handler.HttpHandler - 

Request DefaultHttpRequest(decodeResult: success, version: HTTP/1.1)
POST /session/f2ebd6ec9a57aa8f347db5dd31cb0643/element HTTP/1.1
User-Agent: selenium/4.8.1 (java windows)
Content-Length: 62
Content-Type: application/json; charset=utf-8
host: localhost:20502
accept: */*

Response DefaultHttpResponse(decodeResult: success, version: HTTP/1.1)
HTTP/1.1 200 OK
Content-Length: 88
Content-Type: application/json; charset=utf-8
cache-control: no-cache

14:04:10.118 [AsyncHttpClient-1-9] DEBUG org.asynchttpclient.netty.channel.ChannelManager - Adding key: http://localhost:20502 for channel [id: 0x4d57c5e9, L:/127.0.0.1:51533 - R:localhost/127.0.0.1:20502]
14:04:10.119 [Forwarding getElementTagName on session f2ebd6ec9a57aa8f347db5dd31cb0643 to remote] DEBUG org.asynchttpclient.netty.request.NettyRequestSender - Using pooled Channel '[id: 0x4d57c5e9, L:/127.0.0.1:51533 - R:localhost/127.0.0.1:20502]' for 'GET' to 'http://localhost:20502/session/f2ebd6ec9a57aa8f347db5dd31cb0643/element/ea2ca2b1-ae07-4b1e-92e8-81fd51d25b43/name'
14:04:10.119 [Forwarding getElementTagName on session f2ebd6ec9a57aa8f347db5dd31cb0643 to remote] DEBUG org.asynchttpclient.netty.request.NettyRequestSender - Using open Channel [id: 0x4d57c5e9, L:/127.0.0.1:51533 - R:localhost/127.0.0.1:20502] for GET '/session/f2ebd6ec9a57aa8f347db5dd31cb0643/element/ea2ca2b1-ae07-4b1e-92e8-81fd51d25b43/name'
14:04:10.125 [AsyncHttpClient-1-9] DEBUG org.asynchttpclient.netty.handler.HttpHandler - 

Request DefaultFullHttpRequest(decodeResult: success, version: HTTP/1.1, content: EmptyByteBufBE)
GET /session/f2ebd6ec9a57aa8f347db5dd31cb0643/element/ea2ca2b1-ae07-4b1e-92e8-81fd51d25b43/name HTTP/1.1
User-Agent: selenium/4.8.1 (java windows)
Cache-Control: no-cache
Content-Type: application/json; charset=utf-8
host: localhost:20502
accept: */*

Response DefaultHttpResponse(decodeResult: success, version: HTTP/1.1)
HTTP/1.1 200 OK
Content-Length: 16
Content-Type: application/json; charset=utf-8
cache-control: no-cache

14:04:10.125 [AsyncHttpClient-1-9] DEBUG org.asynchttpclient.netty.channel.ChannelManager - Adding key: http://localhost:20502 for channel [id: 0x4d57c5e9, L:/127.0.0.1:51533 - R:localhost/127.0.0.1:20502]
14:04:10.126 [Forwarding getElementTagName on session f2ebd6ec9a57aa8f347db5dd31cb0643 to remote] DEBUG org.asynchttpclient.netty.request.NettyRequestSender - Using pooled Channel '[id: 0x4d57c5e9, L:/127.0.0.1:51533 - R:localhost/127.0.0.1:20502]' for 'GET' to 'http://localhost:20502/session/f2ebd6ec9a57aa8f347db5dd31cb0643/element/ea2ca2b1-ae07-4b1e-92e8-81fd51d25b43/name'
14:04:10.126 [Forwarding getElementTagName on session f2ebd6ec9a57aa8f347db5dd31cb0643 to remote] DEBUG org.asynchttpclient.netty.request.NettyRequestSender - Using open Channel [id: 0x4d57c5e9, L:/127.0.0.1:51533 - R:localhost/127.0.0.1:20502] for GET '/session/f2ebd6ec9a57aa8f347db5dd31cb0643/element/ea2ca2b1-ae07-4b1e-92e8-81fd51d25b43/name'
14:04:10.139 [AsyncHttpClient-1-9] DEBUG org.asynchttpclient.netty.handler.HttpHandler - 

Request DefaultFullHttpRequest(decodeResult: success, version: HTTP/1.1, content: EmptyByteBufBE)
GET /session/f2ebd6ec9a57aa8f347db5dd31cb0643/element/ea2ca2b1-ae07-4b1e-92e8-81fd51d25b43/name HTTP/1.1
User-Agent: selenium/4.8.1 (java windows)
Cache-Control: no-cache
Content-Type: application/json; charset=utf-8
host: localhost:20502
accept: */*

Response DefaultHttpResponse(decodeResult: success, version: HTTP/1.1)
HTTP/1.1 200 OK
Content-Length: 16
Content-Type: application/json; charset=utf-8
cache-control: no-cache

14:04:10.139 [AsyncHttpClient-1-9] DEBUG org.asynchttpclient.netty.channel.ChannelManager - Adding key: http://localhost:20502 for channel [id: 0x4d57c5e9, L:/127.0.0.1:51533 - R:localhost/127.0.0.1:20502]
14:04:10.141 [Forwarding findElement on session f2ebd6ec9a57aa8f347db5dd31cb0643 to remote] DEBUG org.asynchttpclient.netty.request.NettyRequestSender - Using pooled Channel '[id: 0x4d57c5e9, L:/127.0.0.1:51533 - R:localhost/127.0.0.1:20502]' for 'POST' to 'http://localhost:20502/session/f2ebd6ec9a57aa8f347db5dd31cb0643/element'
14:04:10.142 [Forwarding findElement on session f2ebd6ec9a57aa8f347db5dd31cb0643 to remote] DEBUG org.asynchttpclient.netty.request.NettyRequestSender - Using open Channel [id: 0x4d57c5e9, L:/127.0.0.1:51533 - R:localhost/127.0.0.1:20502] for POST '/session/f2ebd6ec9a57aa8f347db5dd31cb0643/element'
14:04:10.156 [AsyncHttpClient-1-9] DEBUG org.asynchttpclient.netty.handler.HttpHandler - 

Request DefaultHttpRequest(decodeResult: success, version: HTTP/1.1)
POST /session/f2ebd6ec9a57aa8f347db5dd31cb0643/element HTTP/1.1
User-Agent: selenium/4.8.1 (java windows)
Content-Length: 62
Content-Type: application/json; charset=utf-8
host: localhost:20502
accept: */*

Response DefaultHttpResponse(decodeResult: success, version: HTTP/1.1)
HTTP/1.1 200 OK
Content-Length: 88
Content-Type: application/json; charset=utf-8
cache-control: no-cache

14:04:10.156 [AsyncHttpClient-1-9] DEBUG org.asynchttpclient.netty.channel.ChannelManager - Adding key: http://localhost:20502 for channel [id: 0x4d57c5e9, L:/127.0.0.1:51533 - R:localhost/127.0.0.1:20502]
14:04:10.157 [Forwarding clickElement on session f2ebd6ec9a57aa8f347db5dd31cb0643 to remote] DEBUG org.asynchttpclient.netty.request.NettyRequestSender - Using pooled Channel '[id: 0x4d57c5e9, L:/127.0.0.1:51533 - R:localhost/127.0.0.1:20502]' for 'POST' to 'http://localhost:20502/session/f2ebd6ec9a57aa8f347db5dd31cb0643/element/ea2ca2b1-ae07-4b1e-92e8-81fd51d25b43/click'
14:04:10.157 [Forwarding clickElement on session f2ebd6ec9a57aa8f347db5dd31cb0643 to remote] DEBUG org.asynchttpclient.netty.request.NettyRequestSender - Using open Channel [id: 0x4d57c5e9, L:/127.0.0.1:51533 - R:localhost/127.0.0.1:20502] for POST '/session/f2ebd6ec9a57aa8f347db5dd31cb0643/element/ea2ca2b1-ae07-4b1e-92e8-81fd51d25b43/click'
14:04:10.250 [AsyncHttpClient-1-9] DEBUG org.asynchttpclient.netty.handler.HttpHandler - 

Request DefaultHttpRequest(decodeResult: success, version: HTTP/1.1)
POST /session/f2ebd6ec9a57aa8f347db5dd31cb0643/element/ea2ca2b1-ae07-4b1e-92e8-81fd51d25b43/click HTTP/1.1
User-Agent: selenium/4.8.1 (java windows)
Content-Length: 50
Content-Type: application/json; charset=utf-8
host: localhost:20502
accept: */*

Response DefaultHttpResponse(decodeResult: success, version: HTTP/1.1)
HTTP/1.1 200 OK
Content-Length: 14
Content-Type: application/json; charset=utf-8
cache-control: no-cache

14:04:10.250 [AsyncHttpClient-1-9] DEBUG org.asynchttpclient.netty.channel.ChannelManager - Adding key: http://localhost:20502 for channel [id: 0x4d57c5e9, L:/127.0.0.1:51533 - R:localhost/127.0.0.1:20502]
14:04:10.266 [Forwarding getAlertText on session f2ebd6ec9a57aa8f347db5dd31cb0643 to remote] DEBUG org.asynchttpclient.netty.request.NettyRequestSender - Using pooled Channel '[id: 0x4d57c5e9, L:/127.0.0.1:51533 - R:localhost/127.0.0.1:20502]' for 'GET' to 'http://localhost:20502/session/f2ebd6ec9a57aa8f347db5dd31cb0643/alert/text'
14:04:10.266 [Forwarding getAlertText on session f2ebd6ec9a57aa8f347db5dd31cb0643 to remote] DEBUG org.asynchttpclient.netty.request.NettyRequestSender - Using open Channel [id: 0x4d57c5e9, L:/127.0.0.1:51533 - R:localhost/127.0.0.1:20502] for GET '/session/f2ebd6ec9a57aa8f347db5dd31cb0643/alert/text'
14:04:10.268 [AsyncHttpClient-1-9] DEBUG org.asynchttpclient.netty.handler.HttpHandler - 

Request DefaultFullHttpRequest(decodeResult: success, version: HTTP/1.1, content: EmptyByteBufBE)
GET /session/f2ebd6ec9a57aa8f347db5dd31cb0643/alert/text HTTP/1.1
User-Agent: selenium/4.8.1 (java windows)
Cache-Control: no-cache
Content-Type: application/json; charset=utf-8
host: localhost:20502
accept: */*

Response DefaultHttpResponse(decodeResult: success, version: HTTP/1.1)
HTTP/1.1 404 Not Found
Content-Length: 836
Content-Type: application/json; charset=utf-8
cache-control: no-cache

14:04:10.269 [AsyncHttpClient-1-9] DEBUG org.asynchttpclient.netty.channel.ChannelManager - Adding key: http://localhost:20502 for channel [id: 0x4d57c5e9, L:/127.0.0.1:51533 - R:localhost/127.0.0.1:20502]
14:04:10.270 [Forwarding getCurrentUrl on session f2ebd6ec9a57aa8f347db5dd31cb0643 to remote] DEBUG org.asynchttpclient.netty.request.NettyRequestSender - Using pooled Channel '[id: 0x4d57c5e9, L:/127.0.0.1:51533 - R:localhost/127.0.0.1:20502]' for 'GET' to 'http://localhost:20502/session/f2ebd6ec9a57aa8f347db5dd31cb0643/url'
14:04:10.270 [Forwarding getCurrentUrl on session f2ebd6ec9a57aa8f347db5dd31cb0643 to remote] DEBUG org.asynchttpclient.netty.request.NettyRequestSender - Using open Channel [id: 0x4d57c5e9, L:/127.0.0.1:51533 - R:localhost/127.0.0.1:20502] for GET '/session/f2ebd6ec9a57aa8f347db5dd31cb0643/url'
14:04:10.274 [AsyncHttpClient-1-9] DEBUG org.asynchttpclient.netty.handler.HttpHandler - 

Request DefaultFullHttpRequest(decodeResult: success, version: HTTP/1.1, content: EmptyByteBufBE)
GET /session/f2ebd6ec9a57aa8f347db5dd31cb0643/url HTTP/1.1
User-Agent: selenium/4.8.1 (java windows)
Cache-Control: no-cache
Content-Type: application/json; charset=utf-8
host: localhost:20502
accept: */*

Response DefaultHttpResponse(decodeResult: success, version: HTTP/1.1)
HTTP/1.1 200 OK
Content-Length: 56
Content-Type: application/json; charset=utf-8
cache-control: no-cache

14:04:10.274 [AsyncHttpClient-1-9] DEBUG org.asynchttpclient.netty.channel.ChannelManager - Adding key: http://localhost:20502 for channel [id: 0x4d57c5e9, L:/127.0.0.1:51533 - R:localhost/127.0.0.1:20502]
14:04:10.275 [Forwarding screenshot on session f2ebd6ec9a57aa8f347db5dd31cb0643 to remote] DEBUG org.asynchttpclient.netty.request.NettyRequestSender - Using pooled Channel '[id: 0x4d57c5e9, L:/127.0.0.1:51533 - R:localhost/127.0.0.1:20502]' for 'GET' to 'http://localhost:20502/session/f2ebd6ec9a57aa8f347db5dd31cb0643/screenshot'
14:04:10.275 [Forwarding screenshot on session f2ebd6ec9a57aa8f347db5dd31cb0643 to remote] DEBUG org.asynchttpclient.netty.request.NettyRequestSender - Using open Channel [id: 0x4d57c5e9, L:/127.0.0.1:51533 - R:localhost/127.0.0.1:20502] for GET '/session/f2ebd6ec9a57aa8f347db5dd31cb0643/screenshot'
14:04:10.467 [AsyncHttpClient-1-9] DEBUG org.asynchttpclient.netty.handler.HttpHandler - 

Request DefaultFullHttpRequest(decodeResult: success, version: HTTP/1.1, content: EmptyByteBufBE)
GET /session/f2ebd6ec9a57aa8f347db5dd31cb0643/screenshot HTTP/1.1
User-Agent: selenium/4.8.1 (java windows)
Cache-Control: no-cache
Content-Type: application/json; charset=utf-8
host: localhost:20502
accept: */*

Response DefaultHttpResponse(decodeResult: success, version: HTTP/1.1)
HTTP/1.1 200 OK
Content-Length: 97548
Content-Type: application/json; charset=utf-8
cache-control: no-cache

14:04:10.467 [AsyncHttpClient-1-9] DEBUG org.asynchttpclient.netty.channel.ChannelManager - Adding key: http://localhost:20502 for channel [id: 0x4d57c5e9, L:/127.0.0.1:51533 - R:localhost/127.0.0.1:20502]
14:04:10.472 [main] DEBUG net.serenitybdd.core.photography.Darkroom - Send negative for processing for target\site\serenity\58d1d3d76bf8e608ad295771365d5127162e4a581160e5c0aa528bf1df1694b8.png
14:04:10.472 [Darkroom Processing Line] DEBUG net.serenitybdd.core.photography.DarkroomProcessingLine - Processing screenshot image in /var/screenshots/screenshot-9633335810578576629
14:04:10.472 [Darkroom Processing Line] DEBUG net.serenitybdd.core.photography.DarkroomProcessingLine - Saving screenshot to target\site\serenity\58d1d3d76bf8e608ad295771365d5127162e4a581160e5c0aa528bf1df1694b8.png
14:04:10.473 [main] DEBUG net.thucydides.core.steps.StepInterceptor - STEP DONE: clickPay
  &amp#27;[32mAnd &amp#27;[0m&amp#27;[32mI click pay button&amp#27;[0m                         &amp#27;[90m# starter.stepdefinition.ProductPaymentSteps.clickPayButton()&amp#27;[0m
14:04:10.487 [main] INFO  - 
  _____   ___   ___   _____     ___     _     ___   ___   ___   ___  
 |_   _| | __| / __| |_   _|   | _ \   /_\   / __| / __| | __| |   \ 
   | |   | _|  \__ \   | |     |  _/  / _ \  \__ \ \__ \ | _|  | |) |
   |_|   |___| |___/   |_|     |_|   /_/ \_\ |___/ |___/ |___| |___/ 

As user i have be able to do a payment
----------------------------------------------------------------------
14:04:10.489 [AsyncHttpClient-1-3] DEBUG org.asynchttpclient.netty.handler.WebSocketHandler - Channel Closed: [id: 0x61b571e6, L:/127.0.0.1:51542 ! R:localhost/127.0.0.1:51534] with attribute NettyResponseFuture{currentRetry=0,
	isDone=1,
	isCancelled=0,
	asyncHandler=org.asynchttpclient.ws.WebSocketUpgradeHandler@17f0cd8f,
	nettyRequest=org.asynchttpclient.netty.request.NettyRequest@40fb6834,
	future=java.util.concurrent.CompletableFuture@38bf16f4[Completed normally],
	uri=ws://localhost:51534/devtools/browser/18f29ed1-c6ee-44ea-b632-04cca068dcb0,
	keepAlive=true,
	redirectCount=0,
	timeoutsHolder=null,
	inAuth=0,
	touch=1680764638716}
14:04:10.489 [AsyncHttpClient-1-3] DEBUG org.asynchttpclient.netty.channel.ChannelManager - Closing Channel [id: 0x61b571e6, L:/127.0.0.1:51542 ! R:localhost/127.0.0.1:51534] 
14:04:10.490 [Driver Command Executor] DEBUG org.asynchttpclient.netty.request.NettyRequestSender - Using pooled Channel '[id: 0x4d57c5e9, L:/127.0.0.1:51533 - R:localhost/127.0.0.1:20502]' for 'DELETE' to 'http://localhost:20502/session/f2ebd6ec9a57aa8f347db5dd31cb0643'
14:04:10.490 [Driver Command Executor] DEBUG org.asynchttpclient.netty.request.NettyRequestSender - Using open Channel [id: 0x4d57c5e9, L:/127.0.0.1:51533 - R:localhost/127.0.0.1:20502] for DELETE '/session/f2ebd6ec9a57aa8f347db5dd31cb0643'
14:04:10.575 [AsyncHttpClient-1-2] DEBUG org.asynchttpclient.netty.handler.HttpHandler - Unexpected I/O exception on channel [id: 0xe5fb31bf, L:/127.0.0.1:51541 - R:localhost/127.0.0.1:51534]
java.net.SocketException: Connection reset
	at java.base/sun.nio.ch.SocketChannelImpl.throwConnectionReset(SocketChannelImpl.java:401)
	at java.base/sun.nio.ch.SocketChannelImpl.read(SocketChannelImpl.java:434)
	at io.netty.buffer.PooledByteBuf.setBytes(PooledByteBuf.java:259)
	at io.netty.buffer.AbstractByteBuf.writeBytes(AbstractByteBuf.java:1132)
	at io.netty.channel.socket.nio.NioSocketChannel.doReadBytes(NioSocketChannel.java:357)
	at io.netty.channel.nio.AbstractNioByteChannel$NioByteUnsafe.read(AbstractNioByteChannel.java:151)
	at io.netty.channel.nio.NioEventLoop.processSelectedKey(NioEventLoop.java:788)
	at io.netty.channel.nio.NioEventLoop.processSelectedKeysOptimized(NioEventLoop.java:724)
	at io.netty.channel.nio.NioEventLoop.processSelectedKeys(NioEventLoop.java:650)
	at io.netty.channel.nio.NioEventLoop.run(NioEventLoop.java:562)
	at io.netty.util.concurrent.SingleThreadEventExecutor$4.run(SingleThreadEventExecutor.java:997)
	at io.netty.util.internal.ThreadExecutorMap$2.run(ThreadExecutorMap.java:74)
	at io.netty.util.concurrent.FastThreadLocalRunnable.run(FastThreadLocalRunnable.java:30)
	at java.base/java.lang.Thread.run(Thread.java:1589)
14:04:10.575 [AsyncHttpClient-1-2] DEBUG org.asynchttpclient.netty.channel.ChannelManager - Closing Channel [id: 0xe5fb31bf, L:/127.0.0.1:51541 - R:localhost/127.0.0.1:51534] 
14:04:10.575 [AsyncHttpClient-1-2] DEBUG org.asynchttpclient.netty.handler.HttpHandler - Channel Closed: [id: 0xe5fb31bf, L:/127.0.0.1:51541 ! R:localhost/127.0.0.1:51534] with attribute DISCARD
14:04:10.621 [AsyncHttpClient-1-9] DEBUG org.asynchttpclient.netty.handler.HttpHandler - 

Request DefaultFullHttpRequest(decodeResult: success, version: HTTP/1.1, content: EmptyByteBufBE)
DELETE /session/f2ebd6ec9a57aa8f347db5dd31cb0643 HTTP/1.1
User-Agent: selenium/4.8.1 (java windows)
Content-Type: application/json; charset=utf-8
host: localhost:20502
accept: */*

Response DefaultHttpResponse(decodeResult: success, version: HTTP/1.1)
HTTP/1.1 200 OK
Content-Length: 14
Content-Type: application/json; charset=utf-8
cache-control: no-cache

14:04:10.621 [AsyncHttpClient-1-9] DEBUG org.asynchttpclient.netty.channel.ChannelManager - Adding key: http://localhost:20502 for channel [id: 0x4d57c5e9, L:/127.0.0.1:51533 - R:localhost/127.0.0.1:20502]
14:04:10.831 [AsyncHttpClient-1-9] DEBUG org.asynchttpclient.netty.handler.HttpHandler - Channel Closed: [id: 0x4d57c5e9, L:/127.0.0.1:51533 ! R:localhost/127.0.0.1:20502] with attribute DISCARD
]]></system-out>
    <system-err><![CDATA[Starting ChromeDriver 111.0.5563.64 (c710e93d5b63b7095afe8c2c17df34408078439d-refs/branch-heads/5563@{#995}) on port 20502
Only local connections are allowed.
Please see https://chromedriver.chromium.org/security-considerations for suggestions on keeping ChromeDriver safe.
ChromeDriver was started successfully.
Apr 06, 2023 2:03:58 PM org.openqa.selenium.devtools.CdpVersionFinder findNearestMatch
WARNING: Unable to find an exact match for CDP version 111, so returning the closest version found: 110
]]></system-err>
  </testcase>
</testsuite>