<?xml version="1.0" encoding="UTF-8"?>
<testsuite xmlns:xsi="http://www.w3.org/2001/XMLSchema-instance" xsi:noNamespaceSchemaLocation="https://maven.apache.org/surefire/maven-failsafe-plugin/xsd/failsafe-test-report-3.0.xsd" version="3.0" name="starter.CucumberTestSuite" time="63.858" tests="51" errors="0" skipped="0" failures="0">
  <properties>
    <property name="java.specification.version" value="19"/>
    <property name="sun.cpu.isalist" value="amd64"/>
    <property name="sun.jnu.encoding" value="Cp1252"/>
    <property name="java.class.path" value="C:\Users\User\IdeaProjects\CodeCompetence2\target\test-classes;C:\Users\User\.m2\repository\net\serenity-bdd\serenity-core\3.5.1\serenity-core-3.5.1.jar;C:\Users\User\.m2\repository\net\serenity-bdd\serenity-model\3.5.1\serenity-model-3.5.1.jar;C:\Users\User\.m2\repository\org\apache\commons\commons-text\1.10.0\commons-text-1.10.0.jar;C:\Users\User\.m2\repository\commons-net\commons-net\3.8.0\commons-net-3.8.0.jar;C:\Users\User\.m2\repository\com\google\guava\guava\31.1-jre\guava-31.1-jre.jar;C:\Users\User\.m2\repository\com\google\guava\failureaccess\1.0.1\failureaccess-1.0.1.jar;C:\Users\User\.m2\repository\com\google\guava\listenablefuture\9999.0-empty-to-avoid-conflict-with-guava\listenablefuture-9999.0-empty-to-avoid-conflict-with-guava.jar;C:\Users\User\.m2\repository\com\google\code\findbugs\jsr305\3.0.2\jsr305-3.0.2.jar;C:\Users\User\.m2\repository\org\checkerframework\checker-qual\3.12.0\checker-qual-3.12.0.jar;C:\Users\User\.m2\repository\com\google\errorprone\error_prone_annotations\2.11.0\error_prone_annotations-2.11.0.jar;C:\Users\User\.m2\repository\com\google\j2objc\j2objc-annotations\1.3\j2objc-annotations-1.3.jar;C:\Users\User\.m2\repository\com\google\inject\guice\5.1.0\guice-5.1.0.jar;C:\Users\User\.m2\repository\javax\inject\javax.inject\1\javax.inject-1.jar;C:\Users\User\.m2\repository\aopalliance\aopalliance\1.0\aopalliance-1.0.jar;C:\Users\User\.m2\repository\org\jsoup\jsoup\1.14.3\jsoup-1.14.3.jar;C:\Users\User\.m2\repository\com\thoughtworks\xstream\xstream\1.4.19\xstream-1.4.19.jar;C:\Users\User\.m2\repository\io\github\x-stream\mxparser\1.2.2\mxparser-1.2.2.jar;C:\Users\User\.m2\repository\xmlpull\xmlpull\1.1.3.1\xmlpull-1.1.3.1.jar;C:\Users\User\.m2\repository\com\typesafe\config\1.4.2\config-1.4.2.jar;C:\Users\User\.m2\repository\org\imgscalr\imgscalr-lib\4.2\imgscalr-lib-4.2.jar;C:\Users\User\.m2\repository\org\awaitility\awaitility\4.2.0\awaitility-4.2.0.jar;C:\Users\User\.m2\repository\org\freemarker\freemarker\2.3.31\freemarker-2.3.31.jar;C:\Users\User\.m2\repository\io\github\classgraph\classgraph\4.8.138\classgraph-4.8.138.jar;C:\Users\User\.m2\repository\net\sourceforge\jexcelapi\jxl\2.6.12\jxl-2.6.12.jar;C:\Users\User\.m2\repository\net\bytebuddy\byte-buddy-agent\1.12.18\byte-buddy-agent-1.12.18.jar;C:\Users\User\.m2\repository\org\objenesis\objenesis\3.1\objenesis-3.1.jar;C:\Users\User\.m2\repository\net\serenity-bdd\serenity-reports\3.5.1\serenity-reports-3.5.1.jar;C:\Users\User\.m2\repository\net\serenity-bdd\serenity-stats\3.5.1\serenity-stats-3.5.1.jar;C:\Users\User\.m2\repository\net\serenity-bdd\serenity-reports-configuration\3.5.1\serenity-reports-configuration-3.5.1.jar;C:\Users\User\.m2\repository\com\vladsch\flexmark\flexmark-all\0.34.30\flexmark-all-0.34.30.jar;C:\Users\User\.m2\repository\com\vladsch\flexmark\flexmark\0.34.30\flexmark-0.34.30.jar;C:\Users\User\.m2\repository\com\vladsch\flexmark\flexmark-ext-abbreviation\0.34.30\flexmark-ext-abbreviation-0.34.30.jar;C:\Users\User\.m2\repository\com\vladsch\flexmark\flexmark-ext-admonition\0.34.30\flexmark-ext-admonition-0.34.30.jar;C:\Users\User\.m2\repository\com\vladsch\flexmark\flexmark-ext-anchorlink\0.34.30\flexmark-ext-anchorlink-0.34.30.jar;C:\Users\User\.m2\repository\com\vladsch\flexmark\flexmark-ext-aside\0.34.30\flexmark-ext-aside-0.34.30.jar;C:\Users\User\.m2\repository\com\vladsch\flexmark\flexmark-ext-attributes\0.34.30\flexmark-ext-attributes-0.34.30.jar;C:\Users\User\.m2\repository\com\vladsch\flexmark\flexmark-ext-autolink\0.34.30\flexmark-ext-autolink-0.34.30.jar;C:\Users\User\.m2\repository\org\nibor\autolink\autolink\0.6.0\autolink-0.6.0.jar;C:\Users\User\.m2\repository\com\vladsch\flexmark\flexmark-ext-definition\0.34.30\flexmark-ext-definition-0.34.30.jar;C:\Users\User\.m2\repository\com\vladsch\flexmark\flexmark-ext-emoji\0.34.30\flexmark-ext-emoji-0.34.30.jar;C:\Users\User\.m2\repository\com\vladsch\flexmark\flexmark-ext-enumerated-reference\0.34.30\flexmark-ext-enumerated-reference-0.34.30.jar;C:\Users\User\.m2\repository\com\vladsch\flexmark\flexmark-ext-escaped-character\0.34.30\flexmark-ext-escaped-character-0.34.30.jar;C:\Users\User\.m2\repository\com\vladsch\flexmark\flexmark-ext-footnotes\0.34.30\flexmark-ext-footnotes-0.34.30.jar;C:\Users\User\.m2\repository\com\vladsch\flexmark\flexmark-ext-gfm-issues\0.34.30\flexmark-ext-gfm-issues-0.34.30.jar;C:\Users\User\.m2\repository\com\vladsch\flexmark\flexmark-ext-gfm-strikethrough\0.34.30\flexmark-ext-gfm-strikethrough-0.34.30.jar;C:\Users\User\.m2\repository\com\vladsch\flexmark\flexmark-ext-gfm-tables\0.34.30\flexmark-ext-gfm-tables-0.34.30.jar;C:\Users\User\.m2\repository\com\vladsch\flexmark\flexmark-ext-gfm-tasklist\0.34.30\flexmark-ext-gfm-tasklist-0.34.30.jar;C:\Users\User\.m2\repository\com\vladsch\flexmark\flexmark-ext-gfm-users\0.34.30\flexmark-ext-gfm-users-0.34.30.jar;C:\Users\User\.m2\repository\com\vladsch\flexmark\flexmark-ext-gitlab\0.34.30\flexmark-ext-gitlab-0.34.30.jar;C:\Users\User\.m2\repository\com\vladsch\flexmark\flexmark-ext-jekyll-front-matter\0.34.30\flexmark-ext-jekyll-front-matter-0.34.30.jar;C:\Users\User\.m2\repository\com\vladsch\flexmark\flexmark-ext-jekyll-tag\0.34.30\flexmark-ext-jekyll-tag-0.34.30.jar;C:\Users\User\.m2\repository\com\vladsch\flexmark\flexmark-ext-media-tags\0.34.30\flexmark-ext-media-tags-0.34.30.jar;C:\Users\User\.m2\repository\com\vladsch\flexmark\flexmark-test-util\0.34.30\flexmark-test-util-0.34.30.jar;C:\Users\User\.m2\repository\com\vladsch\flexmark\flexmark-ext-ins\0.34.30\flexmark-ext-ins-0.34.30.jar;C:\Users\User\.m2\repository\com\vladsch\flexmark\flexmark-ext-xwiki-macros\0.34.30\flexmark-ext-xwiki-macros-0.34.30.jar;C:\Users\User\.m2\repository\com\vladsch\flexmark\flexmark-ext-superscript\0.34.30\flexmark-ext-superscript-0.34.30.jar;C:\Users\User\.m2\repository\com\vladsch\flexmark\flexmark-ext-tables\0.34.30\flexmark-ext-tables-0.34.30.jar;C:\Users\User\.m2\repository\com\vladsch\flexmark\flexmark-ext-toc\0.34.30\flexmark-ext-toc-0.34.30.jar;C:\Users\User\.m2\repository\com\vladsch\flexmark\flexmark-ext-typographic\0.34.30\flexmark-ext-typographic-0.34.30.jar;C:\Users\User\.m2\repository\com\vladsch\flexmark\flexmark-ext-wikilink\0.34.30\flexmark-ext-wikilink-0.34.30.jar;C:\Users\User\.m2\repository\com\vladsch\flexmark\flexmark-ext-yaml-front-matter\0.34.30\flexmark-ext-yaml-front-matter-0.34.30.jar;C:\Users\User\.m2\repository\com\vladsch\flexmark\flexmark-ext-youtube-embedded\0.34.30\flexmark-ext-youtube-embedded-0.34.30.jar;C:\Users\User\.m2\repository\com\vladsch\flexmark\flexmark-formatter\0.34.30\flexmark-formatter-0.34.30.jar;C:\Users\User\.m2\repository\com\vladsch\flexmark\flexmark-html-parser\0.34.30\flexmark-html-parser-0.34.30.jar;C:\Users\User\.m2\repository\com\vladsch\flexmark\flexmark-jira-converter\0.34.30\flexmark-jira-converter-0.34.30.jar;C:\Users\User\.m2\repository\com\vladsch\flexmark\flexmark-pdf-converter\0.34.30\flexmark-pdf-converter-0.34.30.jar;C:\Users\User\.m2\repository\com\openhtmltopdf\openhtmltopdf-core\0.0.1-RC13\openhtmltopdf-core-0.0.1-RC13.jar;C:\Users\User\.m2\repository\com\openhtmltopdf\openhtmltopdf-pdfbox\0.0.1-RC13\openhtmltopdf-pdfbox-0.0.1-RC13.jar;C:\Users\User\.m2\repository\org\apache\pdfbox\pdfbox\2.0.8\pdfbox-2.0.8.jar;C:\Users\User\.m2\repository\org\apache\pdfbox\fontbox\2.0.8\fontbox-2.0.8.jar;C:\Users\User\.m2\repository\org\apache\pdfbox\xmpbox\2.0.8\xmpbox-2.0.8.jar;C:\Users\User\.m2\repository\de\rototor\pdfbox\graphics2d\0.12\graphics2d-0.12.jar;C:\Users\User\.m2\repository\com\openhtmltopdf\openhtmltopdf-rtl-support\0.0.1-RC13\openhtmltopdf-rtl-support-0.0.1-RC13.jar;C:\Users\User\.m2\repository\com\ibm\icu\icu4j\59.1\icu4j-59.1.jar;C:\Users\User\.m2\repository\com\openhtmltopdf\openhtmltopdf-jsoup-dom-converter\0.0.1-RC13\openhtmltopdf-jsoup-dom-converter-0.0.1-RC13.jar;C:\Users\User\.m2\repository\com\vladsch\flexmark\flexmark-profile-pegdown\0.34.30\flexmark-profile-pegdown-0.34.30.jar;C:\Users\User\.m2\repository\com\vladsch\flexmark\flexmark-util\0.34.30\flexmark-util-0.34.30.jar;C:\Users\User\.m2\repository\com\vladsch\flexmark\flexmark-youtrack-converter\0.34.30\flexmark-youtrack-converter-0.34.30.jar;C:\Users\User\.m2\repository\es\nitaur\markdown\txtmark\0.16\txtmark-0.16.jar;C:\Users\User\.m2\repository\net\serenity-bdd\serenity-report-resources\3.5.1\serenity-report-resources-3.5.1.jar;C:\Users\User\.m2\repository\com\google\code\gson\gson\2.9.0\gson-2.9.0.jar;C:\Users\User\.m2\repository\com\fasterxml\jackson\core\jackson-core\2.13.4\jackson-core-2.13.4.jar;C:\Users\User\.m2\repository\com\fasterxml\jackson\core\jackson-databind\2.13.4\jackson-databind-2.13.4.jar;C:\Users\User\.m2\repository\com\fasterxml\jackson\core\jackson-annotations\2.13.4\jackson-annotations-2.13.4.jar;C:\Users\User\.m2\repository\commons-codec\commons-codec\1.15\commons-codec-1.15.jar;C:\Users\User\.m2\repository\commons-io\commons-io\2.11.0\commons-io-2.11.0.jar;C:\Users\User\.m2\repository\org\apache\httpcomponents\httpclient\4.5.13\httpclient-4.5.13.jar;C:\Users\User\.m2\repository\org\apache\httpcomponents\httpcore\4.4.13\httpcore-4.4.13.jar;C:\Users\User\.m2\repository\commons-logging\commons-logging\1.2\commons-logging-1.2.jar;C:\Users\User\.m2\repository\org\seleniumhq\selenium\selenium-java\4.7.1\selenium-java-4.7.1.jar;C:\Users\User\.m2\repository\org\seleniumhq\selenium\selenium-devtools-v106\4.7.1\selenium-devtools-v106-4.7.1.jar;C:\Users\User\.m2\repository\org\seleniumhq\selenium\selenium-devtools-v107\4.7.1\selenium-devtools-v107-4.7.1.jar;C:\Users\User\.m2\repository\org\seleniumhq\selenium\selenium-devtools-v108\4.7.1\selenium-devtools-v108-4.7.1.jar;C:\Users\User\.m2\repository\org\seleniumhq\selenium\selenium-devtools-v85\4.7.1\selenium-devtools-v85-4.7.1.jar;C:\Users\User\.m2\repository\org\seleniumhq\selenium\selenium-remote-driver\4.7.1\selenium-remote-driver-4.7.1.jar;C:\Users\User\.m2\repository\com\beust\jcommander\1.82\jcommander-1.82.jar;C:\Users\User\.m2\repository\io\netty\netty-buffer\4.1.84.Final\netty-buffer-4.1.84.Final.jar;C:\Users\User\.m2\repository\io\netty\netty-codec-http\4.1.84.Final\netty-codec-http-4.1.84.Final.jar;C:\Users\User\.m2\repository\io\netty\netty-codec\4.1.84.Final\netty-codec-4.1.84.Final.jar;C:\Users\User\.m2\repository\io\netty\netty-handler\4.1.84.Final\netty-handler-4.1.84.Final.jar;C:\Users\User\.m2\repository\io\netty\netty-common\4.1.84.Final\netty-common-4.1.84.Final.jar;C:\Users\User\.m2\repository\io\netty\netty-transport-classes-epoll\4.1.84.Final\netty-transport-classes-epoll-4.1.84.Final.jar;C:\Users\User\.m2\repository\io\netty\netty-transport-classes-kqueue\4.1.84.Final\netty-transport-classes-kqueue-4.1.84.Final.jar;C:\Users\User\.m2\repository\io\netty\netty-transport-native-epoll\4.1.84.Final\netty-transport-native-epoll-4.1.84.Final.jar;C:\Users\User\.m2\repository\io\netty\netty-transport-native-kqueue\4.1.84.Final\netty-transport-native-kqueue-4.1.84.Final.jar;C:\Users\User\.m2\repository\io\netty\netty-transport-native-unix-common\4.1.84.Final\netty-transport-native-unix-common-4.1.84.Final.jar;C:\Users\User\.m2\repository\io\netty\netty-transport\4.1.84.Final\netty-transport-4.1.84.Final.jar;C:\Users\User\.m2\repository\io\netty\netty-resolver\4.1.84.Final\netty-resolver-4.1.84.Final.jar;C:\Users\User\.m2\repository\io\opentelemetry\opentelemetry-api\1.19.0\opentelemetry-api-1.19.0.jar;C:\Users\User\.m2\repository\io\opentelemetry\opentelemetry-context\1.19.0\opentelemetry-context-1.19.0.jar;C:\Users\User\.m2\repository\io\opentelemetry\opentelemetry-exporter-logging\1.19.0\opentelemetry-exporter-logging-1.19.0.jar;C:\Users\User\.m2\repository\io\opentelemetry\opentelemetry-sdk-metrics\1.19.0\opentelemetry-sdk-metrics-1.19.0.jar;C:\Users\User\.m2\repository\io\opentelemetry\opentelemetry-sdk-logs\1.19.0-alpha\opentelemetry-sdk-logs-1.19.0-alpha.jar;C:\Users\User\.m2\repository\io\opentelemetry\opentelemetry-api-logs\1.19.0-alpha\opentelemetry-api-logs-1.19.0-alpha.jar;C:\Users\User\.m2\repository\io\opentelemetry\opentelemetry-sdk-common\1.19.0\opentelemetry-sdk-common-1.19.0.jar;C:\Users\User\.m2\repository\io\opentelemetry\opentelemetry-sdk-extension-autoconfigure-spi\1.19.0\opentelemetry-sdk-extension-autoconfigure-spi-1.19.0.jar;C:\Users\User\.m2\repository\io\opentelemetry\opentelemetry-sdk-extension-autoconfigure\1.19.0-alpha\opentelemetry-sdk-extension-autoconfigure-1.19.0-alpha.jar;C:\Users\User\.m2\repository\io\opentelemetry\opentelemetry-exporter-common\1.19.0\opentelemetry-exporter-common-1.19.0.jar;C:\Users\User\.m2\repository\io\opentelemetry\opentelemetry-sdk-trace\1.19.0\opentelemetry-sdk-trace-1.19.0.jar;C:\Users\User\.m2\repository\io\opentelemetry\opentelemetry-sdk\1.19.0\opentelemetry-sdk-1.19.0.jar;C:\Users\User\.m2\repository\io\opentelemetry\opentelemetry-semconv\1.19.0-alpha\opentelemetry-semconv-1.19.0-alpha.jar;C:\Users\User\.m2\repository\io\ous\jtoml\2.0.0\jtoml-2.0.0.jar;C:\Users\User\.m2\repository\org\apache\commons\commons-exec\1.3\commons-exec-1.3.jar;C:\Users\User\.m2\repository\org\asynchttpclient\async-http-client\2.12.3\async-http-client-2.12.3.jar;C:\Users\User\.m2\repository\org\asynchttpclient\async-http-client-netty-utils\2.12.3\async-http-client-netty-utils-2.12.3.jar;C:\Users\User\.m2\repository\io\netty\netty-codec-socks\4.1.60.Final\netty-codec-socks-4.1.60.Final.jar;C:\Users\User\.m2\repository\io\netty\netty-handler-proxy\4.1.60.Final\netty-handler-proxy-4.1.60.Final.jar;C:\Users\User\.m2\repository\io\netty\netty-transport-native-epoll\4.1.60.Final\netty-transport-native-epoll-4.1.60.Final-linux-x86_64.jar;C:\Users\User\.m2\repository\io\netty\netty-transport-native-kqueue\4.1.60.Final\netty-transport-native-kqueue-4.1.60.Final-osx-x86_64.jar;C:\Users\User\.m2\repository\org\reactivestreams\reactive-streams\1.0.3\reactive-streams-1.0.3.jar;C:\Users\User\.m2\repository\com\typesafe\netty\netty-reactive-streams\2.0.4\netty-reactive-streams-2.0.4.jar;C:\Users\User\.m2\repository\org\seleniumhq\selenium\selenium-manager\4.7.1\selenium-manager-4.7.1.jar;C:\Users\User\.m2\repository\org\seleniumhq\selenium\selenium-safari-driver\4.7.1\selenium-safari-driver-4.7.1.jar;C:\Users\User\.m2\repository\org\seleniumhq\selenium\selenium-api\4.7.1\selenium-api-4.7.1.jar;C:\Users\User\.m2\repository\org\seleniumhq\selenium\selenium-support\4.7.1\selenium-support-4.7.1.jar;C:\Users\User\.m2\repository\com\google\auto\service\auto-service-annotations\1.0.1\auto-service-annotations-1.0.1.jar;C:\Users\User\.m2\repository\com\google\auto\service\auto-service\1.0.1\auto-service-1.0.1.jar;C:\Users\User\.m2\repository\com\google\auto\auto-common\1.2\auto-common-1.2.jar;C:\Users\User\.m2\repository\org\seleniumhq\selenium\selenium-json\4.7.1\selenium-json-4.7.1.jar;C:\Users\User\.m2\repository\org\seleniumhq\selenium\selenium-chrome-driver\4.7.1\selenium-chrome-driver-4.7.1.jar;C:\Users\User\.m2\repository\org\seleniumhq\selenium\selenium-chromium-driver\4.7.1\selenium-chromium-driver-4.7.1.jar;C:\Users\User\.m2\repository\org\seleniumhq\selenium\selenium-firefox-driver\4.7.1\selenium-firefox-driver-4.7.1.jar;C:\Users\User\.m2\repository\org\seleniumhq\selenium\selenium-http\4.7.1\selenium-http-4.7.1.jar;C:\Users\User\.m2\repository\dev\failsafe\failsafe\3.3.0\failsafe-3.3.0.jar;C:\Users\User\.m2\repository\org\seleniumhq\selenium\selenium-edge-driver\4.7.1\selenium-edge-driver-4.7.1.jar;C:\Users\User\.m2\repository\org\seleniumhq\selenium\selenium-ie-driver\4.7.1\selenium-ie-driver-4.7.1.jar;C:\Users\User\.m2\repository\org\projectlombok\lombok\1.18.20\lombok-1.18.20.jar;C:\Users\User\.m2\repository\io\appium\java-client\8.3.0\java-client-8.3.0.jar;C:\Users\User\.m2\repository\commons-validator\commons-validator\1.7\commons-validator-1.7.jar;C:\Users\User\.m2\repository\commons-digester\commons-digester\2.1\commons-digester-2.1.jar;C:\Users\User\.m2\repository\org\apache\groovy\groovy\4.0.6\groovy-4.0.6.jar;C:\Users\User\.m2\repository\net\sf\opencsv\opencsv\2.0\opencsv-2.0.jar;C:\Users\User\.m2\repository\commons-beanutils\commons-beanutils\1.9.4\commons-beanutils-1.9.4.jar;C:\Users\User\.m2\repository\org\apache\commons\commons-lang3\3.12.0\commons-lang3-3.12.0.jar;C:\Users\User\.m2\repository\commons-collections\commons-collections\3.2.2\commons-collections-3.2.2.jar;C:\Users\User\.m2\repository\org\fluentlenium\fluentlenium-core\0.10.2\fluentlenium-core-0.10.2.jar;C:\Users\User\.m2\repository\io\github\bonigarcia\webdrivermanager\5.3.0\webdrivermanager-5.3.0.jar;C:\Users\User\.m2\repository\com\github\docker-java\docker-java\3.2.13\docker-java-3.2.13.jar;C:\Users\User\.m2\repository\com\github\docker-java\docker-java-core\3.2.13\docker-java-core-3.2.13.jar;C:\Users\User\.m2\repository\com\github\docker-java\docker-java-api\3.2.13\docker-java-api-3.2.13.jar;C:\Users\User\.m2\repository\org\apache\commons\commons-compress\1.21\commons-compress-1.21.jar;C:\Users\User\.m2\repository\org\bouncycastle\bcpkix-jdk15on\1.64\bcpkix-jdk15on-1.64.jar;C:\Users\User\.m2\repository\org\bouncycastle\bcprov-jdk15on\1.64\bcprov-jdk15on-1.64.jar;C:\Users\User\.m2\repository\org\slf4j\jcl-over-slf4j\1.7.30\jcl-over-slf4j-1.7.30.jar;C:\Users\User\.m2\repository\com\github\docker-java\docker-java-transport-httpclient5\3.2.13\docker-java-transport-httpclient5-3.2.13.jar;C:\Users\User\.m2\repository\com\github\docker-java\docker-java-transport\3.2.13\docker-java-transport-3.2.13.jar;C:\Users\User\.m2\repository\net\java\dev\jna\jna\5.8.0\jna-5.8.0.jar;C:\Users\User\.m2\repository\org\brotli\dec\0.1.2\dec-0.1.2.jar;C:\Users\User\.m2\repository\org\apache\httpcomponents\client5\httpclient5\5.1.3\httpclient5-5.1.3.jar;C:\Users\User\.m2\repository\org\apache\httpcomponents\core5\httpcore5\5.1.3\httpcore5-5.1.3.jar;C:\Users\User\.m2\repository\org\apache\httpcomponents\core5\httpcore5-h2\5.1.3\httpcore5-h2-5.1.3.jar;C:\Users\User\.m2\repository\com\jhlabs\filters\2.0.235\filters-2.0.235.jar;C:\Users\User\.m2\repository\com\paulhammant\ngwebdriver\1.1.6\ngwebdriver-1.1.6.jar;C:\Users\User\.m2\repository\joda-time\joda-time\2.8.2\joda-time-2.8.2.jar;C:\Users\User\.m2\repository\org\hamcrest\hamcrest\2.2\hamcrest-2.2.jar;C:\Users\User\.m2\repository\com\google\jimfs\jimfs\1.2\jimfs-1.2.jar;C:\Users\User\.m2\repository\org\mockito\mockito-core\3.3.3\mockito-core-3.3.3.jar;C:\Users\User\.m2\repository\javax\xml\bind\jaxb-api\2.3.1\jaxb-api-2.3.1.jar;C:\Users\User\.m2\repository\javax\activation\javax.activation-api\1.2.0\javax.activation-api-1.2.0.jar;C:\Users\User\.m2\repository\com\sun\xml\bind\jaxb-core\2.3.0.1\jaxb-core-2.3.0.1.jar;C:\Users\User\.m2\repository\com\sun\xml\bind\jaxb-impl\2.3.3\jaxb-impl-2.3.3.jar;C:\Users\User\.m2\repository\jakarta\xml\bind\jakarta.xml.bind-api\2.3.3\jakarta.xml.bind-api-2.3.3.jar;C:\Users\User\.m2\repository\com\sun\activation\jakarta.activation\1.2.2\jakarta.activation-1.2.2.jar;C:\Users\User\.m2\repository\javax\activation\activation\1.1.1\activation-1.1.1.jar;C:\Users\User\.m2\repository\net\serenity-bdd\serenity-rest-assured\3.5.1\serenity-rest-assured-3.5.1.jar;C:\Users\User\.m2\repository\io\rest-assured\rest-assured\5.2.0\rest-assured-5.2.0.jar;C:\Users\User\.m2\repository\org\apache\httpcomponents\httpmime\4.5.13\httpmime-4.5.13.jar;C:\Users\User\.m2\repository\org\ccil\cowan\tagsoup\tagsoup\1.2.1\tagsoup-1.2.1.jar;C:\Users\User\.m2\repository\io\rest-assured\json-path\5.2.0\json-path-5.2.0.jar;C:\Users\User\.m2\repository\io\rest-assured\rest-assured-common\5.2.0\rest-assured-common-5.2.0.jar;C:\Users\User\.m2\repository\io\rest-assured\xml-path\5.2.0\xml-path-5.2.0.jar;C:\Users\User\.m2\repository\org\apache\groovy\groovy-json\4.0.6\groovy-json-4.0.6.jar;C:\Users\User\.m2\repository\org\apache\groovy\groovy-xml\4.0.6\groovy-xml-4.0.6.jar;C:\Users\User\.m2\repository\org\opentest4j\opentest4j\1.2.0\opentest4j-1.2.0.jar;C:\Users\User\.m2\repository\net\serenity-bdd\serenity-cucumber\3.5.1\serenity-cucumber-3.5.1.jar;C:\Users\User\.m2\repository\io\cucumber\cucumber-core\7.8.1\cucumber-core-7.8.1.jar;C:\Users\User\.m2\repository\io\cucumber\cucumber-gherkin\7.8.1\cucumber-gherkin-7.8.1.jar;C:\Users\User\.m2\repository\io\cucumber\cucumber-gherkin-messages\7.8.1\cucumber-gherkin-messages-7.8.1.jar;C:\Users\User\.m2\repository\io\cucumber\gherkin\24.0.0\gherkin-24.0.0.jar;C:\Users\User\.m2\repository\io\cucumber\messages\19.1.4\messages-19.1.4.jar;C:\Users\User\.m2\repository\io\cucumber\tag-expressions\4.1.0\tag-expressions-4.1.0.jar;C:\Users\User\.m2\repository\io\cucumber\cucumber-expressions\16.0.0\cucumber-expressions-16.0.0.jar;C:\Users\User\.m2\repository\io\cucumber\datatable\7.8.1\datatable-7.8.1.jar;C:\Users\User\.m2\repository\io\cucumber\cucumber-plugin\7.8.1\cucumber-plugin-7.8.1.jar;C:\Users\User\.m2\repository\io\cucumber\docstring\7.8.1\docstring-7.8.1.jar;C:\Users\User\.m2\repository\io\cucumber\html-formatter\20.1.0\html-formatter-20.1.0.jar;C:\Users\User\.m2\repository\io\cucumber\ci-environment\9.1.0\ci-environment-9.1.0.jar;C:\Users\User\.m2\repository\io\cucumber\cucumber-java\7.8.1\cucumber-java-7.8.1.jar;C:\Users\User\.m2\repository\io\cucumber\cucumber-junit\7.8.1\cucumber-junit-7.8.1.jar;C:\Users\User\.m2\repository\org\apache\commons\commons-csv\1.5\commons-csv-1.5.jar;C:\Users\User\.m2\repository\net\serenity-bdd\serenity-screenplay\3.5.1\serenity-screenplay-3.5.1.jar;C:\Users\User\.m2\repository\net\serenity-bdd\serenity-screenplay-webdriver\3.5.1\serenity-screenplay-webdriver-3.5.1.jar;C:\Users\User\.m2\repository\net\serenity-bdd\serenity-ensure\3.5.1\serenity-ensure-3.5.1.jar;C:\Users\User\.m2\repository\net\serenity-bdd\serenity-junit\3.5.1\serenity-junit-3.5.1.jar;C:\Users\User\.m2\repository\org\jetbrains\kotlin\kotlin-stdlib\1.7.21\kotlin-stdlib-1.7.21.jar;C:\Users\User\.m2\repository\org\jetbrains\kotlin\kotlin-stdlib-common\1.7.21\kotlin-stdlib-common-1.7.21.jar;C:\Users\User\.m2\repository\org\jetbrains\annotations\13.0\annotations-13.0.jar;C:\Users\User\.m2\repository\org\junit\platform\junit-platform-launcher\1.8.2\junit-platform-launcher-1.8.2.jar;C:\Users\User\.m2\repository\org\junit\platform\junit-platform-engine\1.8.2\junit-platform-engine-1.8.2.jar;C:\Users\User\.m2\repository\org\junit\platform\junit-platform-commons\1.8.2\junit-platform-commons-1.8.2.jar;C:\Users\User\.m2\repository\org\apiguardian\apiguardian-api\1.1.2\apiguardian-api-1.1.2.jar;C:\Users\User\.m2\repository\org\junit\jupiter\junit-jupiter-engine\5.8.2\junit-jupiter-engine-5.8.2.jar;C:\Users\User\.m2\repository\org\junit\jupiter\junit-jupiter-api\5.8.2\junit-jupiter-api-5.8.2.jar;C:\Users\User\.m2\repository\org\junit\vintage\junit-vintage-engine\5.8.2\junit-vintage-engine-5.8.2.jar;C:\Users\User\.m2\repository\junit\junit\4.13.2\junit-4.13.2.jar;C:\Users\User\.m2\repository\org\hamcrest\hamcrest-core\1.3\hamcrest-core-1.3.jar;C:\Users\User\.m2\repository\ch\qos\logback\logback-classic\1.2.10\logback-classic-1.2.10.jar;C:\Users\User\.m2\repository\ch\qos\logback\logback-core\1.2.10\logback-core-1.2.10.jar;C:\Users\User\.m2\repository\org\slf4j\slf4j-api\1.7.32\slf4j-api-1.7.32.jar;C:\Users\User\.m2\repository\org\assertj\assertj-core\3.23.1\assertj-core-3.23.1.jar;C:\Users\User\.m2\repository\net\bytebuddy\byte-buddy\1.12.10\byte-buddy-1.12.10.jar;C:\Users\User\.m2\repository\com\googlecode\json-simple\json-simple\1.1.1\json-simple-1.1.1.jar;"/>
    <property name="java.vm.vendor" value="Oracle Corporation"/>
    <property name="sun.arch.data.model" value="64"/>
    <property name="user.variant" value=""/>
    <property name="java.vendor.url" value="https://java.oracle.com/"/>
    <property name="user.timezone" value="Asia/Jakarta"/>
    <property name="os.name" value="Windows 10"/>
    <property name="java.vm.specification.version" value="19"/>
    <property name="sun.java.launcher" value="SUN_STANDARD"/>
    <property name="user.country" value="ID"/>
    <property name="sun.boot.library.path" value="C:\Program Files\Java\jdk-19\bin"/>
    <property name="sun.java.command" value="org.apache.maven.surefire.booter.ForkedBooter C:\Users\User\AppData\Local\Temp\surefire16438550713696572321 2023-04-15T21-59-48_418-jvmRun1 surefire9668961178154915050tmp surefire_05035055066073743986tmp"/>
    <property name="jdk.debug" value="release"/>
    <property name="surefire.test.class.path" value="C:\Users\User\IdeaProjects\CodeCompetence2\target\test-classes;C:\Users\User\.m2\repository\net\serenity-bdd\serenity-core\3.5.1\serenity-core-3.5.1.jar;C:\Users\User\.m2\repository\net\serenity-bdd\serenity-model\3.5.1\serenity-model-3.5.1.jar;C:\Users\User\.m2\repository\org\apache\commons\commons-text\1.10.0\commons-text-1.10.0.jar;C:\Users\User\.m2\repository\commons-net\commons-net\3.8.0\commons-net-3.8.0.jar;C:\Users\User\.m2\repository\com\google\guava\guava\31.1-jre\guava-31.1-jre.jar;C:\Users\User\.m2\repository\com\google\guava\failureaccess\1.0.1\failureaccess-1.0.1.jar;C:\Users\User\.m2\repository\com\google\guava\listenablefuture\9999.0-empty-to-avoid-conflict-with-guava\listenablefuture-9999.0-empty-to-avoid-conflict-with-guava.jar;C:\Users\User\.m2\repository\com\google\code\findbugs\jsr305\3.0.2\jsr305-3.0.2.jar;C:\Users\User\.m2\repository\org\checkerframework\checker-qual\3.12.0\checker-qual-3.12.0.jar;C:\Users\User\.m2\repository\com\google\errorprone\error_prone_annotations\2.11.0\error_prone_annotations-2.11.0.jar;C:\Users\User\.m2\repository\com\google\j2objc\j2objc-annotations\1.3\j2objc-annotations-1.3.jar;C:\Users\User\.m2\repository\com\google\inject\guice\5.1.0\guice-5.1.0.jar;C:\Users\User\.m2\repository\javax\inject\javax.inject\1\javax.inject-1.jar;C:\Users\User\.m2\repository\aopalliance\aopalliance\1.0\aopalliance-1.0.jar;C:\Users\User\.m2\repository\org\jsoup\jsoup\1.14.3\jsoup-1.14.3.jar;C:\Users\User\.m2\repository\com\thoughtworks\xstream\xstream\1.4.19\xstream-1.4.19.jar;C:\Users\User\.m2\repository\io\github\x-stream\mxparser\1.2.2\mxparser-1.2.2.jar;C:\Users\User\.m2\repository\xmlpull\xmlpull\1.1.3.1\xmlpull-1.1.3.1.jar;C:\Users\User\.m2\repository\com\typesafe\config\1.4.2\config-1.4.2.jar;C:\Users\User\.m2\repository\org\imgscalr\imgscalr-lib\4.2\imgscalr-lib-4.2.jar;C:\Users\User\.m2\repository\org\awaitility\awaitility\4.2.0\awaitility-4.2.0.jar;C:\Users\User\.m2\repository\org\freemarker\freemarker\2.3.31\freemarker-2.3.31.jar;C:\Users\User\.m2\repository\io\github\classgraph\classgraph\4.8.138\classgraph-4.8.138.jar;C:\Users\User\.m2\repository\net\sourceforge\jexcelapi\jxl\2.6.12\jxl-2.6.12.jar;C:\Users\User\.m2\repository\net\bytebuddy\byte-buddy-agent\1.12.18\byte-buddy-agent-1.12.18.jar;C:\Users\User\.m2\repository\org\objenesis\objenesis\3.1\objenesis-3.1.jar;C:\Users\User\.m2\repository\net\serenity-bdd\serenity-reports\3.5.1\serenity-reports-3.5.1.jar;C:\Users\User\.m2\repository\net\serenity-bdd\serenity-stats\3.5.1\serenity-stats-3.5.1.jar;C:\Users\User\.m2\repository\net\serenity-bdd\serenity-reports-configuration\3.5.1\serenity-reports-configuration-3.5.1.jar;C:\Users\User\.m2\repository\com\vladsch\flexmark\flexmark-all\0.34.30\flexmark-all-0.34.30.jar;C:\Users\User\.m2\repository\com\vladsch\flexmark\flexmark\0.34.30\flexmark-0.34.30.jar;C:\Users\User\.m2\repository\com\vladsch\flexmark\flexmark-ext-abbreviation\0.34.30\flexmark-ext-abbreviation-0.34.30.jar;C:\Users\User\.m2\repository\com\vladsch\flexmark\flexmark-ext-admonition\0.34.30\flexmark-ext-admonition-0.34.30.jar;C:\Users\User\.m2\repository\com\vladsch\flexmark\flexmark-ext-anchorlink\0.34.30\flexmark-ext-anchorlink-0.34.30.jar;C:\Users\User\.m2\repository\com\vladsch\flexmark\flexmark-ext-aside\0.34.30\flexmark-ext-aside-0.34.30.jar;C:\Users\User\.m2\repository\com\vladsch\flexmark\flexmark-ext-attributes\0.34.30\flexmark-ext-attributes-0.34.30.jar;C:\Users\User\.m2\repository\com\vladsch\flexmark\flexmark-ext-autolink\0.34.30\flexmark-ext-autolink-0.34.30.jar;C:\Users\User\.m2\repository\org\nibor\autolink\autolink\0.6.0\autolink-0.6.0.jar;C:\Users\User\.m2\repository\com\vladsch\flexmark\flexmark-ext-definition\0.34.30\flexmark-ext-definition-0.34.30.jar;C:\Users\User\.m2\repository\com\vladsch\flexmark\flexmark-ext-emoji\0.34.30\flexmark-ext-emoji-0.34.30.jar;C:\Users\User\.m2\repository\com\vladsch\flexmark\flexmark-ext-enumerated-reference\0.34.30\flexmark-ext-enumerated-reference-0.34.30.jar;C:\Users\User\.m2\repository\com\vladsch\flexmark\flexmark-ext-escaped-character\0.34.30\flexmark-ext-escaped-character-0.34.30.jar;C:\Users\User\.m2\repository\com\vladsch\flexmark\flexmark-ext-footnotes\0.34.30\flexmark-ext-footnotes-0.34.30.jar;C:\Users\User\.m2\repository\com\vladsch\flexmark\flexmark-ext-gfm-issues\0.34.30\flexmark-ext-gfm-issues-0.34.30.jar;C:\Users\User\.m2\repository\com\vladsch\flexmark\flexmark-ext-gfm-strikethrough\0.34.30\flexmark-ext-gfm-strikethrough-0.34.30.jar;C:\Users\User\.m2\repository\com\vladsch\flexmark\flexmark-ext-gfm-tables\0.34.30\flexmark-ext-gfm-tables-0.34.30.jar;C:\Users\User\.m2\repository\com\vladsch\flexmark\flexmark-ext-gfm-tasklist\0.34.30\flexmark-ext-gfm-tasklist-0.34.30.jar;C:\Users\User\.m2\repository\com\vladsch\flexmark\flexmark-ext-gfm-users\0.34.30\flexmark-ext-gfm-users-0.34.30.jar;C:\Users\User\.m2\repository\com\vladsch\flexmark\flexmark-ext-gitlab\0.34.30\flexmark-ext-gitlab-0.34.30.jar;C:\Users\User\.m2\repository\com\vladsch\flexmark\flexmark-ext-jekyll-front-matter\0.34.30\flexmark-ext-jekyll-front-matter-0.34.30.jar;C:\Users\User\.m2\repository\com\vladsch\flexmark\flexmark-ext-jekyll-tag\0.34.30\flexmark-ext-jekyll-tag-0.34.30.jar;C:\Users\User\.m2\repository\com\vladsch\flexmark\flexmark-ext-media-tags\0.34.30\flexmark-ext-media-tags-0.34.30.jar;C:\Users\User\.m2\repository\com\vladsch\flexmark\flexmark-test-util\0.34.30\flexmark-test-util-0.34.30.jar;C:\Users\User\.m2\repository\com\vladsch\flexmark\flexmark-ext-ins\0.34.30\flexmark-ext-ins-0.34.30.jar;C:\Users\User\.m2\repository\com\vladsch\flexmark\flexmark-ext-xwiki-macros\0.34.30\flexmark-ext-xwiki-macros-0.34.30.jar;C:\Users\User\.m2\repository\com\vladsch\flexmark\flexmark-ext-superscript\0.34.30\flexmark-ext-superscript-0.34.30.jar;C:\Users\User\.m2\repository\com\vladsch\flexmark\flexmark-ext-tables\0.34.30\flexmark-ext-tables-0.34.30.jar;C:\Users\User\.m2\repository\com\vladsch\flexmark\flexmark-ext-toc\0.34.30\flexmark-ext-toc-0.34.30.jar;C:\Users\User\.m2\repository\com\vladsch\flexmark\flexmark-ext-typographic\0.34.30\flexmark-ext-typographic-0.34.30.jar;C:\Users\User\.m2\repository\com\vladsch\flexmark\flexmark-ext-wikilink\0.34.30\flexmark-ext-wikilink-0.34.30.jar;C:\Users\User\.m2\repository\com\vladsch\flexmark\flexmark-ext-yaml-front-matter\0.34.30\flexmark-ext-yaml-front-matter-0.34.30.jar;C:\Users\User\.m2\repository\com\vladsch\flexmark\flexmark-ext-youtube-embedded\0.34.30\flexmark-ext-youtube-embedded-0.34.30.jar;C:\Users\User\.m2\repository\com\vladsch\flexmark\flexmark-formatter\0.34.30\flexmark-formatter-0.34.30.jar;C:\Users\User\.m2\repository\com\vladsch\flexmark\flexmark-html-parser\0.34.30\flexmark-html-parser-0.34.30.jar;C:\Users\User\.m2\repository\com\vladsch\flexmark\flexmark-jira-converter\0.34.30\flexmark-jira-converter-0.34.30.jar;C:\Users\User\.m2\repository\com\vladsch\flexmark\flexmark-pdf-converter\0.34.30\flexmark-pdf-converter-0.34.30.jar;C:\Users\User\.m2\repository\com\openhtmltopdf\openhtmltopdf-core\0.0.1-RC13\openhtmltopdf-core-0.0.1-RC13.jar;C:\Users\User\.m2\repository\com\openhtmltopdf\openhtmltopdf-pdfbox\0.0.1-RC13\openhtmltopdf-pdfbox-0.0.1-RC13.jar;C:\Users\User\.m2\repository\org\apache\pdfbox\pdfbox\2.0.8\pdfbox-2.0.8.jar;C:\Users\User\.m2\repository\org\apache\pdfbox\fontbox\2.0.8\fontbox-2.0.8.jar;C:\Users\User\.m2\repository\org\apache\pdfbox\xmpbox\2.0.8\xmpbox-2.0.8.jar;C:\Users\User\.m2\repository\de\rototor\pdfbox\graphics2d\0.12\graphics2d-0.12.jar;C:\Users\User\.m2\repository\com\openhtmltopdf\openhtmltopdf-rtl-support\0.0.1-RC13\openhtmltopdf-rtl-support-0.0.1-RC13.jar;C:\Users\User\.m2\repository\com\ibm\icu\icu4j\59.1\icu4j-59.1.jar;C:\Users\User\.m2\repository\com\openhtmltopdf\openhtmltopdf-jsoup-dom-converter\0.0.1-RC13\openhtmltopdf-jsoup-dom-converter-0.0.1-RC13.jar;C:\Users\User\.m2\repository\com\vladsch\flexmark\flexmark-profile-pegdown\0.34.30\flexmark-profile-pegdown-0.34.30.jar;C:\Users\User\.m2\repository\com\vladsch\flexmark\flexmark-util\0.34.30\flexmark-util-0.34.30.jar;C:\Users\User\.m2\repository\com\vladsch\flexmark\flexmark-youtrack-converter\0.34.30\flexmark-youtrack-converter-0.34.30.jar;C:\Users\User\.m2\repository\es\nitaur\markdown\txtmark\0.16\txtmark-0.16.jar;C:\Users\User\.m2\repository\net\serenity-bdd\serenity-report-resources\3.5.1\serenity-report-resources-3.5.1.jar;C:\Users\User\.m2\repository\com\google\code\gson\gson\2.9.0\gson-2.9.0.jar;C:\Users\User\.m2\repository\com\fasterxml\jackson\core\jackson-core\2.13.4\jackson-core-2.13.4.jar;C:\Users\User\.m2\repository\com\fasterxml\jackson\core\jackson-databind\2.13.4\jackson-databind-2.13.4.jar;C:\Users\User\.m2\repository\com\fasterxml\jackson\core\jackson-annotations\2.13.4\jackson-annotations-2.13.4.jar;C:\Users\User\.m2\repository\commons-codec\commons-codec\1.15\commons-codec-1.15.jar;C:\Users\User\.m2\repository\commons-io\commons-io\2.11.0\commons-io-2.11.0.jar;C:\Users\User\.m2\repository\org\apache\httpcomponents\httpclient\4.5.13\httpclient-4.5.13.jar;C:\Users\User\.m2\repository\org\apache\httpcomponents\httpcore\4.4.13\httpcore-4.4.13.jar;C:\Users\User\.m2\repository\commons-logging\commons-logging\1.2\commons-logging-1.2.jar;C:\Users\User\.m2\repository\org\seleniumhq\selenium\selenium-java\4.7.1\selenium-java-4.7.1.jar;C:\Users\User\.m2\repository\org\seleniumhq\selenium\selenium-devtools-v106\4.7.1\selenium-devtools-v106-4.7.1.jar;C:\Users\User\.m2\repository\org\seleniumhq\selenium\selenium-devtools-v107\4.7.1\selenium-devtools-v107-4.7.1.jar;C:\Users\User\.m2\repository\org\seleniumhq\selenium\selenium-devtools-v108\4.7.1\selenium-devtools-v108-4.7.1.jar;C:\Users\User\.m2\repository\org\seleniumhq\selenium\selenium-devtools-v85\4.7.1\selenium-devtools-v85-4.7.1.jar;C:\Users\User\.m2\repository\org\seleniumhq\selenium\selenium-remote-driver\4.7.1\selenium-remote-driver-4.7.1.jar;C:\Users\User\.m2\repository\com\beust\jcommander\1.82\jcommander-1.82.jar;C:\Users\User\.m2\repository\io\netty\netty-buffer\4.1.84.Final\netty-buffer-4.1.84.Final.jar;C:\Users\User\.m2\repository\io\netty\netty-codec-http\4.1.84.Final\netty-codec-http-4.1.84.Final.jar;C:\Users\User\.m2\repository\io\netty\netty-codec\4.1.84.Final\netty-codec-4.1.84.Final.jar;C:\Users\User\.m2\repository\io\netty\netty-handler\4.1.84.Final\netty-handler-4.1.84.Final.jar;C:\Users\User\.m2\repository\io\netty\netty-common\4.1.84.Final\netty-common-4.1.84.Final.jar;C:\Users\User\.m2\repository\io\netty\netty-transport-classes-epoll\4.1.84.Final\netty-transport-classes-epoll-4.1.84.Final.jar;C:\Users\User\.m2\repository\io\netty\netty-transport-classes-kqueue\4.1.84.Final\netty-transport-classes-kqueue-4.1.84.Final.jar;C:\Users\User\.m2\repository\io\netty\netty-transport-native-epoll\4.1.84.Final\netty-transport-native-epoll-4.1.84.Final.jar;C:\Users\User\.m2\repository\io\netty\netty-transport-native-kqueue\4.1.84.Final\netty-transport-native-kqueue-4.1.84.Final.jar;C:\Users\User\.m2\repository\io\netty\netty-transport-native-unix-common\4.1.84.Final\netty-transport-native-unix-common-4.1.84.Final.jar;C:\Users\User\.m2\repository\io\netty\netty-transport\4.1.84.Final\netty-transport-4.1.84.Final.jar;C:\Users\User\.m2\repository\io\netty\netty-resolver\4.1.84.Final\netty-resolver-4.1.84.Final.jar;C:\Users\User\.m2\repository\io\opentelemetry\opentelemetry-api\1.19.0\opentelemetry-api-1.19.0.jar;C:\Users\User\.m2\repository\io\opentelemetry\opentelemetry-context\1.19.0\opentelemetry-context-1.19.0.jar;C:\Users\User\.m2\repository\io\opentelemetry\opentelemetry-exporter-logging\1.19.0\opentelemetry-exporter-logging-1.19.0.jar;C:\Users\User\.m2\repository\io\opentelemetry\opentelemetry-sdk-metrics\1.19.0\opentelemetry-sdk-metrics-1.19.0.jar;C:\Users\User\.m2\repository\io\opentelemetry\opentelemetry-sdk-logs\1.19.0-alpha\opentelemetry-sdk-logs-1.19.0-alpha.jar;C:\Users\User\.m2\repository\io\opentelemetry\opentelemetry-api-logs\1.19.0-alpha\opentelemetry-api-logs-1.19.0-alpha.jar;C:\Users\User\.m2\repository\io\opentelemetry\opentelemetry-sdk-common\1.19.0\opentelemetry-sdk-common-1.19.0.jar;C:\Users\User\.m2\repository\io\opentelemetry\opentelemetry-sdk-extension-autoconfigure-spi\1.19.0\opentelemetry-sdk-extension-autoconfigure-spi-1.19.0.jar;C:\Users\User\.m2\repository\io\opentelemetry\opentelemetry-sdk-extension-autoconfigure\1.19.0-alpha\opentelemetry-sdk-extension-autoconfigure-1.19.0-alpha.jar;C:\Users\User\.m2\repository\io\opentelemetry\opentelemetry-exporter-common\1.19.0\opentelemetry-exporter-common-1.19.0.jar;C:\Users\User\.m2\repository\io\opentelemetry\opentelemetry-sdk-trace\1.19.0\opentelemetry-sdk-trace-1.19.0.jar;C:\Users\User\.m2\repository\io\opentelemetry\opentelemetry-sdk\1.19.0\opentelemetry-sdk-1.19.0.jar;C:\Users\User\.m2\repository\io\opentelemetry\opentelemetry-semconv\1.19.0-alpha\opentelemetry-semconv-1.19.0-alpha.jar;C:\Users\User\.m2\repository\io\ous\jtoml\2.0.0\jtoml-2.0.0.jar;C:\Users\User\.m2\repository\org\apache\commons\commons-exec\1.3\commons-exec-1.3.jar;C:\Users\User\.m2\repository\org\asynchttpclient\async-http-client\2.12.3\async-http-client-2.12.3.jar;C:\Users\User\.m2\repository\org\asynchttpclient\async-http-client-netty-utils\2.12.3\async-http-client-netty-utils-2.12.3.jar;C:\Users\User\.m2\repository\io\netty\netty-codec-socks\4.1.60.Final\netty-codec-socks-4.1.60.Final.jar;C:\Users\User\.m2\repository\io\netty\netty-handler-proxy\4.1.60.Final\netty-handler-proxy-4.1.60.Final.jar;C:\Users\User\.m2\repository\io\netty\netty-transport-native-epoll\4.1.60.Final\netty-transport-native-epoll-4.1.60.Final-linux-x86_64.jar;C:\Users\User\.m2\repository\io\netty\netty-transport-native-kqueue\4.1.60.Final\netty-transport-native-kqueue-4.1.60.Final-osx-x86_64.jar;C:\Users\User\.m2\repository\org\reactivestreams\reactive-streams\1.0.3\reactive-streams-1.0.3.jar;C:\Users\User\.m2\repository\com\typesafe\netty\netty-reactive-streams\2.0.4\netty-reactive-streams-2.0.4.jar;C:\Users\User\.m2\repository\org\seleniumhq\selenium\selenium-manager\4.7.1\selenium-manager-4.7.1.jar;C:\Users\User\.m2\repository\org\seleniumhq\selenium\selenium-safari-driver\4.7.1\selenium-safari-driver-4.7.1.jar;C:\Users\User\.m2\repository\org\seleniumhq\selenium\selenium-api\4.7.1\selenium-api-4.7.1.jar;C:\Users\User\.m2\repository\org\seleniumhq\selenium\selenium-support\4.7.1\selenium-support-4.7.1.jar;C:\Users\User\.m2\repository\com\google\auto\service\auto-service-annotations\1.0.1\auto-service-annotations-1.0.1.jar;C:\Users\User\.m2\repository\com\google\auto\service\auto-service\1.0.1\auto-service-1.0.1.jar;C:\Users\User\.m2\repository\com\google\auto\auto-common\1.2\auto-common-1.2.jar;C:\Users\User\.m2\repository\org\seleniumhq\selenium\selenium-json\4.7.1\selenium-json-4.7.1.jar;C:\Users\User\.m2\repository\org\seleniumhq\selenium\selenium-chrome-driver\4.7.1\selenium-chrome-driver-4.7.1.jar;C:\Users\User\.m2\repository\org\seleniumhq\selenium\selenium-chromium-driver\4.7.1\selenium-chromium-driver-4.7.1.jar;C:\Users\User\.m2\repository\org\seleniumhq\selenium\selenium-firefox-driver\4.7.1\selenium-firefox-driver-4.7.1.jar;C:\Users\User\.m2\repository\org\seleniumhq\selenium\selenium-http\4.7.1\selenium-http-4.7.1.jar;C:\Users\User\.m2\repository\dev\failsafe\failsafe\3.3.0\failsafe-3.3.0.jar;C:\Users\User\.m2\repository\org\seleniumhq\selenium\selenium-edge-driver\4.7.1\selenium-edge-driver-4.7.1.jar;C:\Users\User\.m2\repository\org\seleniumhq\selenium\selenium-ie-driver\4.7.1\selenium-ie-driver-4.7.1.jar;C:\Users\User\.m2\repository\org\projectlombok\lombok\1.18.20\lombok-1.18.20.jar;C:\Users\User\.m2\repository\io\appium\java-client\8.3.0\java-client-8.3.0.jar;C:\Users\User\.m2\repository\commons-validator\commons-validator\1.7\commons-validator-1.7.jar;C:\Users\User\.m2\repository\commons-digester\commons-digester\2.1\commons-digester-2.1.jar;C:\Users\User\.m2\repository\org\apache\groovy\groovy\4.0.6\groovy-4.0.6.jar;C:\Users\User\.m2\repository\net\sf\opencsv\opencsv\2.0\opencsv-2.0.jar;C:\Users\User\.m2\repository\commons-beanutils\commons-beanutils\1.9.4\commons-beanutils-1.9.4.jar;C:\Users\User\.m2\repository\org\apache\commons\commons-lang3\3.12.0\commons-lang3-3.12.0.jar;C:\Users\User\.m2\repository\commons-collections\commons-collections\3.2.2\commons-collections-3.2.2.jar;C:\Users\User\.m2\repository\org\fluentlenium\fluentlenium-core\0.10.2\fluentlenium-core-0.10.2.jar;C:\Users\User\.m2\repository\io\github\bonigarcia\webdrivermanager\5.3.0\webdrivermanager-5.3.0.jar;C:\Users\User\.m2\repository\com\github\docker-java\docker-java\3.2.13\docker-java-3.2.13.jar;C:\Users\User\.m2\repository\com\github\docker-java\docker-java-core\3.2.13\docker-java-core-3.2.13.jar;C:\Users\User\.m2\repository\com\github\docker-java\docker-java-api\3.2.13\docker-java-api-3.2.13.jar;C:\Users\User\.m2\repository\org\apache\commons\commons-compress\1.21\commons-compress-1.21.jar;C:\Users\User\.m2\repository\org\bouncycastle\bcpkix-jdk15on\1.64\bcpkix-jdk15on-1.64.jar;C:\Users\User\.m2\repository\org\bouncycastle\bcprov-jdk15on\1.64\bcprov-jdk15on-1.64.jar;C:\Users\User\.m2\repository\org\slf4j\jcl-over-slf4j\1.7.30\jcl-over-slf4j-1.7.30.jar;C:\Users\User\.m2\repository\com\github\docker-java\docker-java-transport-httpclient5\3.2.13\docker-java-transport-httpclient5-3.2.13.jar;C:\Users\User\.m2\repository\com\github\docker-java\docker-java-transport\3.2.13\docker-java-transport-3.2.13.jar;C:\Users\User\.m2\repository\net\java\dev\jna\jna\5.8.0\jna-5.8.0.jar;C:\Users\User\.m2\repository\org\brotli\dec\0.1.2\dec-0.1.2.jar;C:\Users\User\.m2\repository\org\apache\httpcomponents\client5\httpclient5\5.1.3\httpclient5-5.1.3.jar;C:\Users\User\.m2\repository\org\apache\httpcomponents\core5\httpcore5\5.1.3\httpcore5-5.1.3.jar;C:\Users\User\.m2\repository\org\apache\httpcomponents\core5\httpcore5-h2\5.1.3\httpcore5-h2-5.1.3.jar;C:\Users\User\.m2\repository\com\jhlabs\filters\2.0.235\filters-2.0.235.jar;C:\Users\User\.m2\repository\com\paulhammant\ngwebdriver\1.1.6\ngwebdriver-1.1.6.jar;C:\Users\User\.m2\repository\joda-time\joda-time\2.8.2\joda-time-2.8.2.jar;C:\Users\User\.m2\repository\org\hamcrest\hamcrest\2.2\hamcrest-2.2.jar;C:\Users\User\.m2\repository\com\google\jimfs\jimfs\1.2\jimfs-1.2.jar;C:\Users\User\.m2\repository\org\mockito\mockito-core\3.3.3\mockito-core-3.3.3.jar;C:\Users\User\.m2\repository\javax\xml\bind\jaxb-api\2.3.1\jaxb-api-2.3.1.jar;C:\Users\User\.m2\repository\javax\activation\javax.activation-api\1.2.0\javax.activation-api-1.2.0.jar;C:\Users\User\.m2\repository\com\sun\xml\bind\jaxb-core\2.3.0.1\jaxb-core-2.3.0.1.jar;C:\Users\User\.m2\repository\com\sun\xml\bind\jaxb-impl\2.3.3\jaxb-impl-2.3.3.jar;C:\Users\User\.m2\repository\jakarta\xml\bind\jakarta.xml.bind-api\2.3.3\jakarta.xml.bind-api-2.3.3.jar;C:\Users\User\.m2\repository\com\sun\activation\jakarta.activation\1.2.2\jakarta.activation-1.2.2.jar;C:\Users\User\.m2\repository\javax\activation\activation\1.1.1\activation-1.1.1.jar;C:\Users\User\.m2\repository\net\serenity-bdd\serenity-rest-assured\3.5.1\serenity-rest-assured-3.5.1.jar;C:\Users\User\.m2\repository\io\rest-assured\rest-assured\5.2.0\rest-assured-5.2.0.jar;C:\Users\User\.m2\repository\org\apache\httpcomponents\httpmime\4.5.13\httpmime-4.5.13.jar;C:\Users\User\.m2\repository\org\ccil\cowan\tagsoup\tagsoup\1.2.1\tagsoup-1.2.1.jar;C:\Users\User\.m2\repository\io\rest-assured\json-path\5.2.0\json-path-5.2.0.jar;C:\Users\User\.m2\repository\io\rest-assured\rest-assured-common\5.2.0\rest-assured-common-5.2.0.jar;C:\Users\User\.m2\repository\io\rest-assured\xml-path\5.2.0\xml-path-5.2.0.jar;C:\Users\User\.m2\repository\org\apache\groovy\groovy-json\4.0.6\groovy-json-4.0.6.jar;C:\Users\User\.m2\repository\org\apache\groovy\groovy-xml\4.0.6\groovy-xml-4.0.6.jar;C:\Users\User\.m2\repository\org\opentest4j\opentest4j\1.2.0\opentest4j-1.2.0.jar;C:\Users\User\.m2\repository\net\serenity-bdd\serenity-cucumber\3.5.1\serenity-cucumber-3.5.1.jar;C:\Users\User\.m2\repository\io\cucumber\cucumber-core\7.8.1\cucumber-core-7.8.1.jar;C:\Users\User\.m2\repository\io\cucumber\cucumber-gherkin\7.8.1\cucumber-gherkin-7.8.1.jar;C:\Users\User\.m2\repository\io\cucumber\cucumber-gherkin-messages\7.8.1\cucumber-gherkin-messages-7.8.1.jar;C:\Users\User\.m2\repository\io\cucumber\gherkin\24.0.0\gherkin-24.0.0.jar;C:\Users\User\.m2\repository\io\cucumber\messages\19.1.4\messages-19.1.4.jar;C:\Users\User\.m2\repository\io\cucumber\tag-expressions\4.1.0\tag-expressions-4.1.0.jar;C:\Users\User\.m2\repository\io\cucumber\cucumber-expressions\16.0.0\cucumber-expressions-16.0.0.jar;C:\Users\User\.m2\repository\io\cucumber\datatable\7.8.1\datatable-7.8.1.jar;C:\Users\User\.m2\repository\io\cucumber\cucumber-plugin\7.8.1\cucumber-plugin-7.8.1.jar;C:\Users\User\.m2\repository\io\cucumber\docstring\7.8.1\docstring-7.8.1.jar;C:\Users\User\.m2\repository\io\cucumber\html-formatter\20.1.0\html-formatter-20.1.0.jar;C:\Users\User\.m2\repository\io\cucumber\ci-environment\9.1.0\ci-environment-9.1.0.jar;C:\Users\User\.m2\repository\io\cucumber\cucumber-java\7.8.1\cucumber-java-7.8.1.jar;C:\Users\User\.m2\repository\io\cucumber\cucumber-junit\7.8.1\cucumber-junit-7.8.1.jar;C:\Users\User\.m2\repository\org\apache\commons\commons-csv\1.5\commons-csv-1.5.jar;C:\Users\User\.m2\repository\net\serenity-bdd\serenity-screenplay\3.5.1\serenity-screenplay-3.5.1.jar;C:\Users\User\.m2\repository\net\serenity-bdd\serenity-screenplay-webdriver\3.5.1\serenity-screenplay-webdriver-3.5.1.jar;C:\Users\User\.m2\repository\net\serenity-bdd\serenity-ensure\3.5.1\serenity-ensure-3.5.1.jar;C:\Users\User\.m2\repository\net\serenity-bdd\serenity-junit\3.5.1\serenity-junit-3.5.1.jar;C:\Users\User\.m2\repository\org\jetbrains\kotlin\kotlin-stdlib\1.7.21\kotlin-stdlib-1.7.21.jar;C:\Users\User\.m2\repository\org\jetbrains\kotlin\kotlin-stdlib-common\1.7.21\kotlin-stdlib-common-1.7.21.jar;C:\Users\User\.m2\repository\org\jetbrains\annotations\13.0\annotations-13.0.jar;C:\Users\User\.m2\repository\org\junit\platform\junit-platform-launcher\1.8.2\junit-platform-launcher-1.8.2.jar;C:\Users\User\.m2\repository\org\junit\platform\junit-platform-engine\1.8.2\junit-platform-engine-1.8.2.jar;C:\Users\User\.m2\repository\org\junit\platform\junit-platform-commons\1.8.2\junit-platform-commons-1.8.2.jar;C:\Users\User\.m2\repository\org\apiguardian\apiguardian-api\1.1.2\apiguardian-api-1.1.2.jar;C:\Users\User\.m2\repository\org\junit\jupiter\junit-jupiter-engine\5.8.2\junit-jupiter-engine-5.8.2.jar;C:\Users\User\.m2\repository\org\junit\jupiter\junit-jupiter-api\5.8.2\junit-jupiter-api-5.8.2.jar;C:\Users\User\.m2\repository\org\junit\vintage\junit-vintage-engine\5.8.2\junit-vintage-engine-5.8.2.jar;C:\Users\User\.m2\repository\junit\junit\4.13.2\junit-4.13.2.jar;C:\Users\User\.m2\repository\org\hamcrest\hamcrest-core\1.3\hamcrest-core-1.3.jar;C:\Users\User\.m2\repository\ch\qos\logback\logback-classic\1.2.10\logback-classic-1.2.10.jar;C:\Users\User\.m2\repository\ch\qos\logback\logback-core\1.2.10\logback-core-1.2.10.jar;C:\Users\User\.m2\repository\org\slf4j\slf4j-api\1.7.32\slf4j-api-1.7.32.jar;C:\Users\User\.m2\repository\org\assertj\assertj-core\3.23.1\assertj-core-3.23.1.jar;C:\Users\User\.m2\repository\net\bytebuddy\byte-buddy\1.12.10\byte-buddy-1.12.10.jar;C:\Users\User\.m2\repository\com\googlecode\json-simple\json-simple\1.1.1\json-simple-1.1.1.jar;"/>
    <property name="sun.cpu.endian" value="little"/>
    <property name="user.home" value="C:\Users\User"/>
    <property name="user.language" value="en"/>
    <property name="java.specification.vendor" value="Oracle Corporation"/>
    <property name="jdk.module.path" value="C:\Users\User\IdeaProjects\CodeCompetence2\target\CodeCompetence2-1.0-SNAPSHOT.jar"/>
    <property name="java.version.date" value="2023-01-17"/>
    <property name="java.home" value="C:\Program Files\Java\jdk-19"/>
    <property name="file.separator" value="\"/>
    <property name="basedir" value="C:\Users\User\IdeaProjects\CodeCompetence2"/>
    <property name="java.vm.compressedOopsMode" value="32-bit"/>
    <property name="line.separator" value="&#10;"/>
    <property name="java.vm.specification.vendor" value="Oracle Corporation"/>
    <property name="java.specification.name" value="Java Platform API Specification"/>
    <property name="surefire.real.class.path" value="C:\Users\User\.m2\repository\org\apache\maven\surefire\surefire-booter\3.0.0-M5\surefire-booter-3.0.0-M5.jar;C:\Users\User\.m2\repository\org\apache\maven\surefire\surefire-api\3.0.0-M5\surefire-api-3.0.0-M5.jar;C:\Users\User\.m2\repository\org\apache\maven\surefire\surefire-logger-api\3.0.0-M5\surefire-logger-api-3.0.0-M5.jar;C:\Users\User\.m2\repository\org\apache\maven\surefire\surefire-shared-utils\3.0.0-M4\surefire-shared-utils-3.0.0-M4.jar;C:\Users\User\.m2\repository\org\apache\maven\surefire\surefire-extensions-spi\3.0.0-M5\surefire-extensions-spi-3.0.0-M5.jar;C:\Users\User\IdeaProjects\CodeCompetence2\target\test-classes;C:\Users\User\.m2\repository\net\serenity-bdd\serenity-core\3.5.1\serenity-core-3.5.1.jar;C:\Users\User\.m2\repository\net\serenity-bdd\serenity-model\3.5.1\serenity-model-3.5.1.jar;C:\Users\User\.m2\repository\org\apache\commons\commons-text\1.10.0\commons-text-1.10.0.jar;C:\Users\User\.m2\repository\commons-net\commons-net\3.8.0\commons-net-3.8.0.jar;C:\Users\User\.m2\repository\com\google\guava\guava\31.1-jre\guava-31.1-jre.jar;C:\Users\User\.m2\repository\com\google\guava\failureaccess\1.0.1\failureaccess-1.0.1.jar;C:\Users\User\.m2\repository\com\google\guava\listenablefuture\9999.0-empty-to-avoid-conflict-with-guava\listenablefuture-9999.0-empty-to-avoid-conflict-with-guava.jar;C:\Users\User\.m2\repository\com\google\code\findbugs\jsr305\3.0.2\jsr305-3.0.2.jar;C:\Users\User\.m2\repository\org\checkerframework\checker-qual\3.12.0\checker-qual-3.12.0.jar;C:\Users\User\.m2\repository\com\google\errorprone\error_prone_annotations\2.11.0\error_prone_annotations-2.11.0.jar;C:\Users\User\.m2\repository\com\google\j2objc\j2objc-annotations\1.3\j2objc-annotations-1.3.jar;C:\Users\User\.m2\repository\com\google\inject\guice\5.1.0\guice-5.1.0.jar;C:\Users\User\.m2\repository\javax\inject\javax.inject\1\javax.inject-1.jar;C:\Users\User\.m2\repository\aopalliance\aopalliance\1.0\aopalliance-1.0.jar;C:\Users\User\.m2\repository\org\jsoup\jsoup\1.14.3\jsoup-1.14.3.jar;C:\Users\User\.m2\repository\com\thoughtworks\xstream\xstream\1.4.19\xstream-1.4.19.jar;C:\Users\User\.m2\repository\io\github\x-stream\mxparser\1.2.2\mxparser-1.2.2.jar;C:\Users\User\.m2\repository\xmlpull\xmlpull\1.1.3.1\xmlpull-1.1.3.1.jar;C:\Users\User\.m2\repository\com\typesafe\config\1.4.2\config-1.4.2.jar;C:\Users\User\.m2\repository\org\imgscalr\imgscalr-lib\4.2\imgscalr-lib-4.2.jar;C:\Users\User\.m2\repository\org\awaitility\awaitility\4.2.0\awaitility-4.2.0.jar;C:\Users\User\.m2\repository\org\freemarker\freemarker\2.3.31\freemarker-2.3.31.jar;C:\Users\User\.m2\repository\io\github\classgraph\classgraph\4.8.138\classgraph-4.8.138.jar;C:\Users\User\.m2\repository\net\sourceforge\jexcelapi\jxl\2.6.12\jxl-2.6.12.jar;C:\Users\User\.m2\repository\net\bytebuddy\byte-buddy-agent\1.12.18\byte-buddy-agent-1.12.18.jar;C:\Users\User\.m2\repository\org\objenesis\objenesis\3.1\objenesis-3.1.jar;C:\Users\User\.m2\repository\net\serenity-bdd\serenity-reports\3.5.1\serenity-reports-3.5.1.jar;C:\Users\User\.m2\repository\net\serenity-bdd\serenity-stats\3.5.1\serenity-stats-3.5.1.jar;C:\Users\User\.m2\repository\net\serenity-bdd\serenity-reports-configuration\3.5.1\serenity-reports-configuration-3.5.1.jar;C:\Users\User\.m2\repository\com\vladsch\flexmark\flexmark-all\0.34.30\flexmark-all-0.34.30.jar;C:\Users\User\.m2\repository\com\vladsch\flexmark\flexmark\0.34.30\flexmark-0.34.30.jar;C:\Users\User\.m2\repository\com\vladsch\flexmark\flexmark-ext-abbreviation\0.34.30\flexmark-ext-abbreviation-0.34.30.jar;C:\Users\User\.m2\repository\com\vladsch\flexmark\flexmark-ext-admonition\0.34.30\flexmark-ext-admonition-0.34.30.jar;C:\Users\User\.m2\repository\com\vladsch\flexmark\flexmark-ext-anchorlink\0.34.30\flexmark-ext-anchorlink-0.34.30.jar;C:\Users\User\.m2\repository\com\vladsch\flexmark\flexmark-ext-aside\0.34.30\flexmark-ext-aside-0.34.30.jar;C:\Users\User\.m2\repository\com\vladsch\flexmark\flexmark-ext-attributes\0.34.30\flexmark-ext-attributes-0.34.30.jar;C:\Users\User\.m2\repository\com\vladsch\flexmark\flexmark-ext-autolink\0.34.30\flexmark-ext-autolink-0.34.30.jar;C:\Users\User\.m2\repository\org\nibor\autolink\autolink\0.6.0\autolink-0.6.0.jar;C:\Users\User\.m2\repository\com\vladsch\flexmark\flexmark-ext-definition\0.34.30\flexmark-ext-definition-0.34.30.jar;C:\Users\User\.m2\repository\com\vladsch\flexmark\flexmark-ext-emoji\0.34.30\flexmark-ext-emoji-0.34.30.jar;C:\Users\User\.m2\repository\com\vladsch\flexmark\flexmark-ext-enumerated-reference\0.34.30\flexmark-ext-enumerated-reference-0.34.30.jar;C:\Users\User\.m2\repository\com\vladsch\flexmark\flexmark-ext-escaped-character\0.34.30\flexmark-ext-escaped-character-0.34.30.jar;C:\Users\User\.m2\repository\com\vladsch\flexmark\flexmark-ext-footnotes\0.34.30\flexmark-ext-footnotes-0.34.30.jar;C:\Users\User\.m2\repository\com\vladsch\flexmark\flexmark-ext-gfm-issues\0.34.30\flexmark-ext-gfm-issues-0.34.30.jar;C:\Users\User\.m2\repository\com\vladsch\flexmark\flexmark-ext-gfm-strikethrough\0.34.30\flexmark-ext-gfm-strikethrough-0.34.30.jar;C:\Users\User\.m2\repository\com\vladsch\flexmark\flexmark-ext-gfm-tables\0.34.30\flexmark-ext-gfm-tables-0.34.30.jar;C:\Users\User\.m2\repository\com\vladsch\flexmark\flexmark-ext-gfm-tasklist\0.34.30\flexmark-ext-gfm-tasklist-0.34.30.jar;C:\Users\User\.m2\repository\com\vladsch\flexmark\flexmark-ext-gfm-users\0.34.30\flexmark-ext-gfm-users-0.34.30.jar;C:\Users\User\.m2\repository\com\vladsch\flexmark\flexmark-ext-gitlab\0.34.30\flexmark-ext-gitlab-0.34.30.jar;C:\Users\User\.m2\repository\com\vladsch\flexmark\flexmark-ext-jekyll-front-matter\0.34.30\flexmark-ext-jekyll-front-matter-0.34.30.jar;C:\Users\User\.m2\repository\com\vladsch\flexmark\flexmark-ext-jekyll-tag\0.34.30\flexmark-ext-jekyll-tag-0.34.30.jar;C:\Users\User\.m2\repository\com\vladsch\flexmark\flexmark-ext-media-tags\0.34.30\flexmark-ext-media-tags-0.34.30.jar;C:\Users\User\.m2\repository\com\vladsch\flexmark\flexmark-test-util\0.34.30\flexmark-test-util-0.34.30.jar;C:\Users\User\.m2\repository\com\vladsch\flexmark\flexmark-ext-ins\0.34.30\flexmark-ext-ins-0.34.30.jar;C:\Users\User\.m2\repository\com\vladsch\flexmark\flexmark-ext-xwiki-macros\0.34.30\flexmark-ext-xwiki-macros-0.34.30.jar;C:\Users\User\.m2\repository\com\vladsch\flexmark\flexmark-ext-superscript\0.34.30\flexmark-ext-superscript-0.34.30.jar;C:\Users\User\.m2\repository\com\vladsch\flexmark\flexmark-ext-tables\0.34.30\flexmark-ext-tables-0.34.30.jar;C:\Users\User\.m2\repository\com\vladsch\flexmark\flexmark-ext-toc\0.34.30\flexmark-ext-toc-0.34.30.jar;C:\Users\User\.m2\repository\com\vladsch\flexmark\flexmark-ext-typographic\0.34.30\flexmark-ext-typographic-0.34.30.jar;C:\Users\User\.m2\repository\com\vladsch\flexmark\flexmark-ext-wikilink\0.34.30\flexmark-ext-wikilink-0.34.30.jar;C:\Users\User\.m2\repository\com\vladsch\flexmark\flexmark-ext-yaml-front-matter\0.34.30\flexmark-ext-yaml-front-matter-0.34.30.jar;C:\Users\User\.m2\repository\com\vladsch\flexmark\flexmark-ext-youtube-embedded\0.34.30\flexmark-ext-youtube-embedded-0.34.30.jar;C:\Users\User\.m2\repository\com\vladsch\flexmark\flexmark-formatter\0.34.30\flexmark-formatter-0.34.30.jar;C:\Users\User\.m2\repository\com\vladsch\flexmark\flexmark-html-parser\0.34.30\flexmark-html-parser-0.34.30.jar;C:\Users\User\.m2\repository\com\vladsch\flexmark\flexmark-jira-converter\0.34.30\flexmark-jira-converter-0.34.30.jar;C:\Users\User\.m2\repository\com\vladsch\flexmark\flexmark-pdf-converter\0.34.30\flexmark-pdf-converter-0.34.30.jar;C:\Users\User\.m2\repository\com\openhtmltopdf\openhtmltopdf-core\0.0.1-RC13\openhtmltopdf-core-0.0.1-RC13.jar;C:\Users\User\.m2\repository\com\openhtmltopdf\openhtmltopdf-pdfbox\0.0.1-RC13\openhtmltopdf-pdfbox-0.0.1-RC13.jar;C:\Users\User\.m2\repository\org\apache\pdfbox\pdfbox\2.0.8\pdfbox-2.0.8.jar;C:\Users\User\.m2\repository\org\apache\pdfbox\fontbox\2.0.8\fontbox-2.0.8.jar;C:\Users\User\.m2\repository\org\apache\pdfbox\xmpbox\2.0.8\xmpbox-2.0.8.jar;C:\Users\User\.m2\repository\de\rototor\pdfbox\graphics2d\0.12\graphics2d-0.12.jar;C:\Users\User\.m2\repository\com\openhtmltopdf\openhtmltopdf-rtl-support\0.0.1-RC13\openhtmltopdf-rtl-support-0.0.1-RC13.jar;C:\Users\User\.m2\repository\com\ibm\icu\icu4j\59.1\icu4j-59.1.jar;C:\Users\User\.m2\repository\com\openhtmltopdf\openhtmltopdf-jsoup-dom-converter\0.0.1-RC13\openhtmltopdf-jsoup-dom-converter-0.0.1-RC13.jar;C:\Users\User\.m2\repository\com\vladsch\flexmark\flexmark-profile-pegdown\0.34.30\flexmark-profile-pegdown-0.34.30.jar;C:\Users\User\.m2\repository\com\vladsch\flexmark\flexmark-util\0.34.30\flexmark-util-0.34.30.jar;C:\Users\User\.m2\repository\com\vladsch\flexmark\flexmark-youtrack-converter\0.34.30\flexmark-youtrack-converter-0.34.30.jar;C:\Users\User\.m2\repository\es\nitaur\markdown\txtmark\0.16\txtmark-0.16.jar;C:\Users\User\.m2\repository\net\serenity-bdd\serenity-report-resources\3.5.1\serenity-report-resources-3.5.1.jar;C:\Users\User\.m2\repository\com\google\code\gson\gson\2.9.0\gson-2.9.0.jar;C:\Users\User\.m2\repository\com\fasterxml\jackson\core\jackson-core\2.13.4\jackson-core-2.13.4.jar;C:\Users\User\.m2\repository\com\fasterxml\jackson\core\jackson-databind\2.13.4\jackson-databind-2.13.4.jar;C:\Users\User\.m2\repository\com\fasterxml\jackson\core\jackson-annotations\2.13.4\jackson-annotations-2.13.4.jar;C:\Users\User\.m2\repository\commons-codec\commons-codec\1.15\commons-codec-1.15.jar;C:\Users\User\.m2\repository\commons-io\commons-io\2.11.0\commons-io-2.11.0.jar;C:\Users\User\.m2\repository\org\apache\httpcomponents\httpclient\4.5.13\httpclient-4.5.13.jar;C:\Users\User\.m2\repository\org\apache\httpcomponents\httpcore\4.4.13\httpcore-4.4.13.jar;C:\Users\User\.m2\repository\commons-logging\commons-logging\1.2\commons-logging-1.2.jar;C:\Users\User\.m2\repository\org\seleniumhq\selenium\selenium-java\4.7.1\selenium-java-4.7.1.jar;C:\Users\User\.m2\repository\org\seleniumhq\selenium\selenium-devtools-v106\4.7.1\selenium-devtools-v106-4.7.1.jar;C:\Users\User\.m2\repository\org\seleniumhq\selenium\selenium-devtools-v107\4.7.1\selenium-devtools-v107-4.7.1.jar;C:\Users\User\.m2\repository\org\seleniumhq\selenium\selenium-devtools-v108\4.7.1\selenium-devtools-v108-4.7.1.jar;C:\Users\User\.m2\repository\org\seleniumhq\selenium\selenium-devtools-v85\4.7.1\selenium-devtools-v85-4.7.1.jar;C:\Users\User\.m2\repository\org\seleniumhq\selenium\selenium-remote-driver\4.7.1\selenium-remote-driver-4.7.1.jar;C:\Users\User\.m2\repository\com\beust\jcommander\1.82\jcommander-1.82.jar;C:\Users\User\.m2\repository\io\netty\netty-buffer\4.1.84.Final\netty-buffer-4.1.84.Final.jar;C:\Users\User\.m2\repository\io\netty\netty-codec-http\4.1.84.Final\netty-codec-http-4.1.84.Final.jar;C:\Users\User\.m2\repository\io\netty\netty-codec\4.1.84.Final\netty-codec-4.1.84.Final.jar;C:\Users\User\.m2\repository\io\netty\netty-handler\4.1.84.Final\netty-handler-4.1.84.Final.jar;C:\Users\User\.m2\repository\io\netty\netty-common\4.1.84.Final\netty-common-4.1.84.Final.jar;C:\Users\User\.m2\repository\io\netty\netty-transport-classes-epoll\4.1.84.Final\netty-transport-classes-epoll-4.1.84.Final.jar;C:\Users\User\.m2\repository\io\netty\netty-transport-classes-kqueue\4.1.84.Final\netty-transport-classes-kqueue-4.1.84.Final.jar;C:\Users\User\.m2\repository\io\netty\netty-transport-native-epoll\4.1.84.Final\netty-transport-native-epoll-4.1.84.Final.jar;C:\Users\User\.m2\repository\io\netty\netty-transport-native-kqueue\4.1.84.Final\netty-transport-native-kqueue-4.1.84.Final.jar;C:\Users\User\.m2\repository\io\netty\netty-transport-native-unix-common\4.1.84.Final\netty-transport-native-unix-common-4.1.84.Final.jar;C:\Users\User\.m2\repository\io\netty\netty-transport\4.1.84.Final\netty-transport-4.1.84.Final.jar;C:\Users\User\.m2\repository\io\netty\netty-resolver\4.1.84.Final\netty-resolver-4.1.84.Final.jar;C:\Users\User\.m2\repository\io\opentelemetry\opentelemetry-api\1.19.0\opentelemetry-api-1.19.0.jar;C:\Users\User\.m2\repository\io\opentelemetry\opentelemetry-context\1.19.0\opentelemetry-context-1.19.0.jar;C:\Users\User\.m2\repository\io\opentelemetry\opentelemetry-exporter-logging\1.19.0\opentelemetry-exporter-logging-1.19.0.jar;C:\Users\User\.m2\repository\io\opentelemetry\opentelemetry-sdk-metrics\1.19.0\opentelemetry-sdk-metrics-1.19.0.jar;C:\Users\User\.m2\repository\io\opentelemetry\opentelemetry-sdk-logs\1.19.0-alpha\opentelemetry-sdk-logs-1.19.0-alpha.jar;C:\Users\User\.m2\repository\io\opentelemetry\opentelemetry-api-logs\1.19.0-alpha\opentelemetry-api-logs-1.19.0-alpha.jar;C:\Users\User\.m2\repository\io\opentelemetry\opentelemetry-sdk-common\1.19.0\opentelemetry-sdk-common-1.19.0.jar;C:\Users\User\.m2\repository\io\opentelemetry\opentelemetry-sdk-extension-autoconfigure-spi\1.19.0\opentelemetry-sdk-extension-autoconfigure-spi-1.19.0.jar;C:\Users\User\.m2\repository\io\opentelemetry\opentelemetry-sdk-extension-autoconfigure\1.19.0-alpha\opentelemetry-sdk-extension-autoconfigure-1.19.0-alpha.jar;C:\Users\User\.m2\repository\io\opentelemetry\opentelemetry-exporter-common\1.19.0\opentelemetry-exporter-common-1.19.0.jar;C:\Users\User\.m2\repository\io\opentelemetry\opentelemetry-sdk-trace\1.19.0\opentelemetry-sdk-trace-1.19.0.jar;C:\Users\User\.m2\repository\io\opentelemetry\opentelemetry-sdk\1.19.0\opentelemetry-sdk-1.19.0.jar;C:\Users\User\.m2\repository\io\opentelemetry\opentelemetry-semconv\1.19.0-alpha\opentelemetry-semconv-1.19.0-alpha.jar;C:\Users\User\.m2\repository\io\ous\jtoml\2.0.0\jtoml-2.0.0.jar;C:\Users\User\.m2\repository\org\apache\commons\commons-exec\1.3\commons-exec-1.3.jar;C:\Users\User\.m2\repository\org\asynchttpclient\async-http-client\2.12.3\async-http-client-2.12.3.jar;C:\Users\User\.m2\repository\org\asynchttpclient\async-http-client-netty-utils\2.12.3\async-http-client-netty-utils-2.12.3.jar;C:\Users\User\.m2\repository\io\netty\netty-codec-socks\4.1.60.Final\netty-codec-socks-4.1.60.Final.jar;C:\Users\User\.m2\repository\io\netty\netty-handler-proxy\4.1.60.Final\netty-handler-proxy-4.1.60.Final.jar;C:\Users\User\.m2\repository\io\netty\netty-transport-native-epoll\4.1.60.Final\netty-transport-native-epoll-4.1.60.Final-linux-x86_64.jar;C:\Users\User\.m2\repository\io\netty\netty-transport-native-kqueue\4.1.60.Final\netty-transport-native-kqueue-4.1.60.Final-osx-x86_64.jar;C:\Users\User\.m2\repository\org\reactivestreams\reactive-streams\1.0.3\reactive-streams-1.0.3.jar;C:\Users\User\.m2\repository\com\typesafe\netty\netty-reactive-streams\2.0.4\netty-reactive-streams-2.0.4.jar;C:\Users\User\.m2\repository\org\seleniumhq\selenium\selenium-manager\4.7.1\selenium-manager-4.7.1.jar;C:\Users\User\.m2\repository\org\seleniumhq\selenium\selenium-safari-driver\4.7.1\selenium-safari-driver-4.7.1.jar;C:\Users\User\.m2\repository\org\seleniumhq\selenium\selenium-api\4.7.1\selenium-api-4.7.1.jar;C:\Users\User\.m2\repository\org\seleniumhq\selenium\selenium-support\4.7.1\selenium-support-4.7.1.jar;C:\Users\User\.m2\repository\com\google\auto\service\auto-service-annotations\1.0.1\auto-service-annotations-1.0.1.jar;C:\Users\User\.m2\repository\com\google\auto\service\auto-service\1.0.1\auto-service-1.0.1.jar;C:\Users\User\.m2\repository\com\google\auto\auto-common\1.2\auto-common-1.2.jar;C:\Users\User\.m2\repository\org\seleniumhq\selenium\selenium-json\4.7.1\selenium-json-4.7.1.jar;C:\Users\User\.m2\repository\org\seleniumhq\selenium\selenium-chrome-driver\4.7.1\selenium-chrome-driver-4.7.1.jar;C:\Users\User\.m2\repository\org\seleniumhq\selenium\selenium-chromium-driver\4.7.1\selenium-chromium-driver-4.7.1.jar;C:\Users\User\.m2\repository\org\seleniumhq\selenium\selenium-firefox-driver\4.7.1\selenium-firefox-driver-4.7.1.jar;C:\Users\User\.m2\repository\org\seleniumhq\selenium\selenium-http\4.7.1\selenium-http-4.7.1.jar;C:\Users\User\.m2\repository\dev\failsafe\failsafe\3.3.0\failsafe-3.3.0.jar;C:\Users\User\.m2\repository\org\seleniumhq\selenium\selenium-edge-driver\4.7.1\selenium-edge-driver-4.7.1.jar;C:\Users\User\.m2\repository\org\seleniumhq\selenium\selenium-ie-driver\4.7.1\selenium-ie-driver-4.7.1.jar;C:\Users\User\.m2\repository\org\projectlombok\lombok\1.18.20\lombok-1.18.20.jar;C:\Users\User\.m2\repository\io\appium\java-client\8.3.0\java-client-8.3.0.jar;C:\Users\User\.m2\repository\commons-validator\commons-validator\1.7\commons-validator-1.7.jar;C:\Users\User\.m2\repository\commons-digester\commons-digester\2.1\commons-digester-2.1.jar;C:\Users\User\.m2\repository\org\apache\groovy\groovy\4.0.6\groovy-4.0.6.jar;C:\Users\User\.m2\repository\net\sf\opencsv\opencsv\2.0\opencsv-2.0.jar;C:\Users\User\.m2\repository\commons-beanutils\commons-beanutils\1.9.4\commons-beanutils-1.9.4.jar;C:\Users\User\.m2\repository\org\apache\commons\commons-lang3\3.12.0\commons-lang3-3.12.0.jar;C:\Users\User\.m2\repository\commons-collections\commons-collections\3.2.2\commons-collections-3.2.2.jar;C:\Users\User\.m2\repository\org\fluentlenium\fluentlenium-core\0.10.2\fluentlenium-core-0.10.2.jar;C:\Users\User\.m2\repository\io\github\bonigarcia\webdrivermanager\5.3.0\webdrivermanager-5.3.0.jar;C:\Users\User\.m2\repository\com\github\docker-java\docker-java\3.2.13\docker-java-3.2.13.jar;C:\Users\User\.m2\repository\com\github\docker-java\docker-java-core\3.2.13\docker-java-core-3.2.13.jar;C:\Users\User\.m2\repository\com\github\docker-java\docker-java-api\3.2.13\docker-java-api-3.2.13.jar;C:\Users\User\.m2\repository\org\apache\commons\commons-compress\1.21\commons-compress-1.21.jar;C:\Users\User\.m2\repository\org\bouncycastle\bcpkix-jdk15on\1.64\bcpkix-jdk15on-1.64.jar;C:\Users\User\.m2\repository\org\bouncycastle\bcprov-jdk15on\1.64\bcprov-jdk15on-1.64.jar;C:\Users\User\.m2\repository\org\slf4j\jcl-over-slf4j\1.7.30\jcl-over-slf4j-1.7.30.jar;C:\Users\User\.m2\repository\com\github\docker-java\docker-java-transport-httpclient5\3.2.13\docker-java-transport-httpclient5-3.2.13.jar;C:\Users\User\.m2\repository\com\github\docker-java\docker-java-transport\3.2.13\docker-java-transport-3.2.13.jar;C:\Users\User\.m2\repository\net\java\dev\jna\jna\5.8.0\jna-5.8.0.jar;C:\Users\User\.m2\repository\org\brotli\dec\0.1.2\dec-0.1.2.jar;C:\Users\User\.m2\repository\org\apache\httpcomponents\client5\httpclient5\5.1.3\httpclient5-5.1.3.jar;C:\Users\User\.m2\repository\org\apache\httpcomponents\core5\httpcore5\5.1.3\httpcore5-5.1.3.jar;C:\Users\User\.m2\repository\org\apache\httpcomponents\core5\httpcore5-h2\5.1.3\httpcore5-h2-5.1.3.jar;C:\Users\User\.m2\repository\com\jhlabs\filters\2.0.235\filters-2.0.235.jar;C:\Users\User\.m2\repository\com\paulhammant\ngwebdriver\1.1.6\ngwebdriver-1.1.6.jar;C:\Users\User\.m2\repository\joda-time\joda-time\2.8.2\joda-time-2.8.2.jar;C:\Users\User\.m2\repository\org\hamcrest\hamcrest\2.2\hamcrest-2.2.jar;C:\Users\User\.m2\repository\com\google\jimfs\jimfs\1.2\jimfs-1.2.jar;C:\Users\User\.m2\repository\org\mockito\mockito-core\3.3.3\mockito-core-3.3.3.jar;C:\Users\User\.m2\repository\javax\xml\bind\jaxb-api\2.3.1\jaxb-api-2.3.1.jar;C:\Users\User\.m2\repository\javax\activation\javax.activation-api\1.2.0\javax.activation-api-1.2.0.jar;C:\Users\User\.m2\repository\com\sun\xml\bind\jaxb-core\2.3.0.1\jaxb-core-2.3.0.1.jar;C:\Users\User\.m2\repository\com\sun\xml\bind\jaxb-impl\2.3.3\jaxb-impl-2.3.3.jar;C:\Users\User\.m2\repository\jakarta\xml\bind\jakarta.xml.bind-api\2.3.3\jakarta.xml.bind-api-2.3.3.jar;C:\Users\User\.m2\repository\com\sun\activation\jakarta.activation\1.2.2\jakarta.activation-1.2.2.jar;C:\Users\User\.m2\repository\javax\activation\activation\1.1.1\activation-1.1.1.jar;C:\Users\User\.m2\repository\net\serenity-bdd\serenity-rest-assured\3.5.1\serenity-rest-assured-3.5.1.jar;C:\Users\User\.m2\repository\io\rest-assured\rest-assured\5.2.0\rest-assured-5.2.0.jar;C:\Users\User\.m2\repository\org\apache\httpcomponents\httpmime\4.5.13\httpmime-4.5.13.jar;C:\Users\User\.m2\repository\org\ccil\cowan\tagsoup\tagsoup\1.2.1\tagsoup-1.2.1.jar;C:\Users\User\.m2\repository\io\rest-assured\json-path\5.2.0\json-path-5.2.0.jar;C:\Users\User\.m2\repository\io\rest-assured\rest-assured-common\5.2.0\rest-assured-common-5.2.0.jar;C:\Users\User\.m2\repository\io\rest-assured\xml-path\5.2.0\xml-path-5.2.0.jar;C:\Users\User\.m2\repository\org\apache\groovy\groovy-json\4.0.6\groovy-json-4.0.6.jar;C:\Users\User\.m2\repository\org\apache\groovy\groovy-xml\4.0.6\groovy-xml-4.0.6.jar;C:\Users\User\.m2\repository\org\opentest4j\opentest4j\1.2.0\opentest4j-1.2.0.jar;C:\Users\User\.m2\repository\net\serenity-bdd\serenity-cucumber\3.5.1\serenity-cucumber-3.5.1.jar;C:\Users\User\.m2\repository\io\cucumber\cucumber-core\7.8.1\cucumber-core-7.8.1.jar;C:\Users\User\.m2\repository\io\cucumber\cucumber-gherkin\7.8.1\cucumber-gherkin-7.8.1.jar;C:\Users\User\.m2\repository\io\cucumber\cucumber-gherkin-messages\7.8.1\cucumber-gherkin-messages-7.8.1.jar;C:\Users\User\.m2\repository\io\cucumber\gherkin\24.0.0\gherkin-24.0.0.jar;C:\Users\User\.m2\repository\io\cucumber\messages\19.1.4\messages-19.1.4.jar;C:\Users\User\.m2\repository\io\cucumber\tag-expressions\4.1.0\tag-expressions-4.1.0.jar;C:\Users\User\.m2\repository\io\cucumber\cucumber-expressions\16.0.0\cucumber-expressions-16.0.0.jar;C:\Users\User\.m2\repository\io\cucumber\datatable\7.8.1\datatable-7.8.1.jar;C:\Users\User\.m2\repository\io\cucumber\cucumber-plugin\7.8.1\cucumber-plugin-7.8.1.jar;C:\Users\User\.m2\repository\io\cucumber\docstring\7.8.1\docstring-7.8.1.jar;C:\Users\User\.m2\repository\io\cucumber\html-formatter\20.1.0\html-formatter-20.1.0.jar;C:\Users\User\.m2\repository\io\cucumber\ci-environment\9.1.0\ci-environment-9.1.0.jar;C:\Users\User\.m2\repository\io\cucumber\cucumber-java\7.8.1\cucumber-java-7.8.1.jar;C:\Users\User\.m2\repository\io\cucumber\cucumber-junit\7.8.1\cucumber-junit-7.8.1.jar;C:\Users\User\.m2\repository\org\apache\commons\commons-csv\1.5\commons-csv-1.5.jar;C:\Users\User\.m2\repository\net\serenity-bdd\serenity-screenplay\3.5.1\serenity-screenplay-3.5.1.jar;C:\Users\User\.m2\repository\net\serenity-bdd\serenity-screenplay-webdriver\3.5.1\serenity-screenplay-webdriver-3.5.1.jar;C:\Users\User\.m2\repository\net\serenity-bdd\serenity-ensure\3.5.1\serenity-ensure-3.5.1.jar;C:\Users\User\.m2\repository\net\serenity-bdd\serenity-junit\3.5.1\serenity-junit-3.5.1.jar;C:\Users\User\.m2\repository\org\jetbrains\kotlin\kotlin-stdlib\1.7.21\kotlin-stdlib-1.7.21.jar;C:\Users\User\.m2\repository\org\jetbrains\kotlin\kotlin-stdlib-common\1.7.21\kotlin-stdlib-common-1.7.21.jar;C:\Users\User\.m2\repository\org\jetbrains\annotations\13.0\annotations-13.0.jar;C:\Users\User\.m2\repository\org\junit\platform\junit-platform-launcher\1.8.2\junit-platform-launcher-1.8.2.jar;C:\Users\User\.m2\repository\org\junit\platform\junit-platform-engine\1.8.2\junit-platform-engine-1.8.2.jar;C:\Users\User\.m2\repository\org\junit\platform\junit-platform-commons\1.8.2\junit-platform-commons-1.8.2.jar;C:\Users\User\.m2\repository\org\apiguardian\apiguardian-api\1.1.2\apiguardian-api-1.1.2.jar;C:\Users\User\.m2\repository\org\junit\jupiter\junit-jupiter-engine\5.8.2\junit-jupiter-engine-5.8.2.jar;C:\Users\User\.m2\repository\org\junit\jupiter\junit-jupiter-api\5.8.2\junit-jupiter-api-5.8.2.jar;C:\Users\User\.m2\repository\org\junit\vintage\junit-vintage-engine\5.8.2\junit-vintage-engine-5.8.2.jar;C:\Users\User\.m2\repository\junit\junit\4.13.2\junit-4.13.2.jar;C:\Users\User\.m2\repository\org\hamcrest\hamcrest-core\1.3\hamcrest-core-1.3.jar;C:\Users\User\.m2\repository\ch\qos\logback\logback-classic\1.2.10\logback-classic-1.2.10.jar;C:\Users\User\.m2\repository\ch\qos\logback\logback-core\1.2.10\logback-core-1.2.10.jar;C:\Users\User\.m2\repository\org\slf4j\slf4j-api\1.7.32\slf4j-api-1.7.32.jar;C:\Users\User\.m2\repository\org\assertj\assertj-core\3.23.1\assertj-core-3.23.1.jar;C:\Users\User\.m2\repository\net\bytebuddy\byte-buddy\1.12.10\byte-buddy-1.12.10.jar;C:\Users\User\.m2\repository\com\googlecode\json-simple\json-simple\1.1.1\json-simple-1.1.1.jar;C:\Users\User\.m2\repository\org\apache\maven\surefire\surefire-junit-platform\3.0.0-M5\surefire-junit-platform-3.0.0-M5.jar;C:\Users\User\.m2\repository\org\apache\maven\surefire\common-java5\3.0.0-M5\common-java5-3.0.0-M5.jar"/>
    <property name="user.script" value=""/>
    <property name="sun.management.compiler" value="HotSpot 64-Bit Tiered Compilers"/>
    <property name="java.runtime.version" value="19.0.2+7-44"/>
    <property name="user.name" value="User"/>
    <property name="stdout.encoding" value="Cp1252"/>
    <property name="path.separator" value=";"/>
    <property name="os.version" value="10.0"/>
    <property name="java.runtime.name" value="Java(TM) SE Runtime Environment"/>
    <property name="file.encoding" value="UTF-8"/>
    <property name="webdriver.base.url" value=""/>
    <property name="java.vm.name" value="Java HotSpot(TM) 64-Bit Server VM"/>
    <property name="localRepository" value="C:\Users\User\.m2\repository"/>
    <property name="java.vendor.url.bug" value="https://bugreport.java.com/bugreport/"/>
    <property name="java.io.tmpdir" value="C:\Users\User\AppData\Local\Temp\"/>
    <property name="java.version" value="19.0.2"/>
    <property name="user.dir" value="C:\Users\User\IdeaProjects\CodeCompetence2"/>
    <property name="os.arch" value="amd64"/>
    <property name="java.vm.specification.name" value="Java Virtual Machine Specification"/>
    <property name="sun.os.patch.level" value=""/>
    <property name="native.encoding" value="Cp1252"/>
    <property name="java.library.path" value="C:\Program Files\Java\jdk-19\bin;C:\Windows\Sun\Java\bin;C:\Windows\system32;C:\Windows;C:\Program Files\Java\jdk-19;C:\Users\User\AppData\Local\Android\Sdk\platform-tools;C:\Program Files (x86)\Common Files\Oracle\Java\javapath;C:\Program Files (x86)\Common Files\Intel\Shared Libraries\redist\intel64\compiler;C:\laragon\bin\php\php-8.1.4-nts-Win32-vs16-x64;C:\Windows\system32;C:\Windows;C:\Windows\System32\Wbem;C:\Windows\System32\WindowsPowerShell\v1.0\;C:\Windows\System32\OpenSSH\;C:\ProgramData\ComposerSetup\bin;C:\laragon\bin\mysql\mysql-5.7.33-winx64\bin;C:\Program Files\mingw-w64\x86_64-8.1.0-posix-seh-rt_v6-rev0\mingw64\bin;C:\Program Files\dotnet\;C:\Program Files\nodejs\;C:\Program Files\nodejs\node_modules\npm;C:\laragon\bin;D:\Aplikasi\Git\cmd;D:\Aplikasi\apache-maven-3.9.1\bin;%ANDROID_STUDIO%\platform-tools;C:\Users\User\AppData\Local\Programs\Python\Python310\Scripts\;C:\Users\User\AppData\Local\Programs\Python\Python310\;C:\laragon\bin;C:\laragon\bin\apache\httpd-2.4.47-win64-VS16\bin;C:\laragon\bin\composer;C:\laragon\bin\git\bin;C:\laragon\bin\git\cmd;C:\laragon\bin\git\mingw64\bin;C:\laragon\bin\git\usr\bin;C:\laragon\bin\laragon\utils;C:\laragon\bin\mysql\mysql-5.7.33-winx64\bin;C:\laragon\bin\nginx\nginx-1.19.10;C:\laragon\bin\ngrok;C:\laragon\bin\nodejs\node-v14;C:\laragon\bin\notepad++;C:\laragon\bin\php\php-8.1.4-nts-Win32-vs16-x64;C:\laragon\bin\redis\redis-x64-3.2.100;C:\laragon\bin\telnet;C:\laragon\usr\bin;C:\Users\User\AppData\Local\Yarn\config\global\node_modules\.bin;C:\Users\User\AppData\Roaming\Composer\vendor\bin;C:\Users\User\AppData\Roaming\npm;C:\Users\User\AppData\Local\Microsoft\WindowsApps;;C:\Users\User\AppData\Local\spicetify;."/>
    <property name="java.vm.info" value="mixed mode"/>
    <property name="stderr.encoding" value="Cp1252"/>
    <property name="java.vendor" value="Oracle Corporation"/>
    <property name="java.vm.version" value="19.0.2+7-44"/>
    <property name="sun.io.unicode.encoding" value="UnicodeLittle"/>
    <property name="java.class.version" value="63.0"/>
  </properties>
  <testcase name="CART - GET detail data cart" classname="Cart" time="7.616">
    <system-out><![CDATA[21:59:53.583 [main] DEBUG net.thucydides.core.guice.Injectors - Created injector for module net.thucydides.core.guice.ThucydidesModule
21:59:54.100 [main] INFO io.cucumber.core.plugin.SerenityReporter - Running feature from file:///C:/Users/User/IdeaProjects/CodeCompetence2/src/test/resources/api/cart.feature
21:59:54.101 [main] WARN io.cucumber.core.plugin.SerenityReporter - Feature from file:///C:/Users/User/IdeaProjects/CodeCompetence2/src/test/resources/api/cart.feature is not under the 'features' directory. Requirements report will not be correctly generated!
21:59:54.414 [main] DEBUG net.thucydides.core.guice.Injectors - Created injector for module net.thucydides.core.guice.webdriver.WebDriverModule
21:59:54.451 [main] INFO  - 

-------------------------------------------------------------------------------------
     _______. _______ .______       _______ .__   __.  __  .___________.____    ____ 
    /       ||   ____||   _  \     |   ____||  \ |  | |  | |           |\   \  /   / 
   |   (----`|  |__   |  |_)  |    |  |__   |   \|  | |  | `---|  |----` \   \/   /  
    \   \    |   __|  |      /     |   __|  |  . `  | |  |     |  |       \_    _/   
.----)   |   |  |____ |  |\  \----.|  |____ |  |\   | |  |     |  |         |  |     
|_______/    |_______|| _| `._____||_______||__| \__| |__|     |__|         |__|    
                                                                                     
 News and tutorials at http://www.serenity-bdd.info                                  
 Documentation at https://wakaleo.gitbooks.io/the-serenity-book/content/             
 Join the Serenity Community on Gitter: https://gitter.im/serenity-bdd/serenity-core 
 Serenity BDD Support and Training at http://serenity-bdd.info/#/trainingandsupport  
-------------------------------------------------------------------------------------

21:59:54.454 [main] DEBUG net.thucydides.core.steps.StepEventBus - Test suite started for story net.thucydides.core.model.Story@4162f7de
21:59:54.459 [main] INFO  - Test Suite Started: Cart
21:59:54.482 [main] INFO io.cucumber.core.plugin.SerenityReporter - Running feature from file:///C:/Users/User/IdeaProjects/CodeCompetence2/src/test/resources/api/login.feature
21:59:54.482 [main] WARN io.cucumber.core.plugin.SerenityReporter - Feature from file:///C:/Users/User/IdeaProjects/CodeCompetence2/src/test/resources/api/login.feature is not under the 'features' directory. Requirements report will not be correctly generated!
21:59:54.490 [main] DEBUG net.thucydides.core.steps.StepEventBus - Test suite started for story net.thucydides.core.model.Story@bf0480f0
21:59:54.490 [main] INFO  - Test Suite Started: User
21:59:54.491 [main] INFO io.cucumber.core.plugin.SerenityReporter - Running feature from file:///C:/Users/User/IdeaProjects/CodeCompetence2/src/test/resources/api/product.feature
21:59:54.491 [main] WARN io.cucumber.core.plugin.SerenityReporter - Feature from file:///C:/Users/User/IdeaProjects/CodeCompetence2/src/test/resources/api/product.feature is not under the 'features' directory. Requirements report will not be correctly generated!
21:59:54.501 [main] DEBUG net.thucydides.core.steps.StepEventBus - Test suite started for story net.thucydides.core.model.Story@9521e952
21:59:54.502 [main] INFO  - Test Suite Started: Product
21:59:54.502 [main] INFO io.cucumber.core.plugin.SerenityReporter - Running feature from file:///C:/Users/User/IdeaProjects/CodeCompetence2/src/test/resources/api/user.feature
21:59:54.502 [main] WARN io.cucumber.core.plugin.SerenityReporter - Feature from file:///C:/Users/User/IdeaProjects/CodeCompetence2/src/test/resources/api/user.feature is not under the 'features' directory. Requirements report will not be correctly generated!
21:59:54.511 [main] DEBUG net.thucydides.core.steps.StepEventBus - Test suite started for story net.thucydides.core.model.Story@b4b7323e
21:59:54.512 [main] INFO  - Test Suite Started: User
21:59:54.513 [main] INFO io.cucumber.core.plugin.SerenityReporter - Running feature from file:///C:/Users/User/IdeaProjects/CodeCompetence2/src/test/resources/api/cart.feature
21:59:54.513 [main] WARN io.cucumber.core.plugin.SerenityReporter - Feature from file:///C:/Users/User/IdeaProjects/CodeCompetence2/src/test/resources/api/cart.feature is not under the 'features' directory. Requirements report will not be correctly generated!
21:59:54.520 [main] DEBUG net.thucydides.core.steps.StepEventBus - Test suite started for story net.thucydides.core.model.Story@4162f7de
21:59:54.521 [main] INFO  - Test Suite Started: Cart

Scenario: CART - GET detail data cart              &amp#27;[90m# src/test/resources/api/cart.feature:3&amp#27;[0m
21:59:54.721 [main] INFO io.cucumber.core.plugin.SerenityReporter - Running feature from file:///C:/Users/User/IdeaProjects/CodeCompetence2/src/test/resources/api/cart.feature
21:59:54.721 [main] WARN io.cucumber.core.plugin.SerenityReporter - Feature from file:///C:/Users/User/IdeaProjects/CodeCompetence2/src/test/resources/api/cart.feature is not under the 'features' directory. Requirements report will not be correctly generated!
21:59:54.915 [main] INFO  - 
  _____   ___   ___   _____     ___   _____     _     ___   _____   ___   ___  
 |_   _| | __| / __| |_   _|   / __| |_   _|   /_\   | _ \ |_   _| | __| |   \ 
   | |   | _|  \__ \   | |     \__ \   | |    / _ \  |   /   | |   | _|  | |) |
   |_|   |___| |___/   |_|     |___/   |_|   /_/ \_\ |_|_\   |_|   |___| |___/ 

CART - GET detail data cart(cart;cart---get-detail-data-cart)
--------------------------------------------------------------------------------
21:59:55.789 [main] DEBUG net.thucydides.core.steps.StepInterceptor - STARTING STEP: CartSteps.setGetChartEndpoint - I GET API cart endpoints
21:59:55.793 [main] DEBUG net.thucydides.core.steps.StepInterceptor - STEP DONE: I GET API cart endpoints
  &amp#27;[32mGiven &amp#27;[0m&amp#27;[32mI GET API cart endpoints&amp#27;[0m                   &amp#27;[90m# starter.stepdefinition.CartSteps.setGetChartEndpoint()&amp#27;[0m
21:59:55.810 [main] DEBUG net.thucydides.core.steps.StepInterceptor - STARTING STEP: CartSteps.getChartRequestUrl - I GET HTTP request cart data
21:59:58.445 [main] DEBUG net.thucydides.core.steps.StepInterceptor - STARTING STEP: Cart.getCartRequest - I GET API cart endpoints
21:59:58.446 [main] DEBUG net.thucydides.core.steps.StepInterceptor - STEP DONE: I GET API cart endpoints
21:59:59.692 [main] DEBUG org.apache.http.impl.conn.BasicClientConnectionManager - Get connection for route {s}->https://fakestoreapi.com:443
21:59:59.939 [main] DEBUG org.apache.http.impl.conn.DefaultClientConnectionOperator - Connecting to fakestoreapi.com:443
22:00:00.342 [main] DEBUG org.apache.http.client.protocol.RequestAddCookies - CookieSpec selected: ignoreCookies
22:00:00.343 [main] DEBUG org.apache.http.client.protocol.RequestAuthCache - Auth cache not set in the context
22:00:00.344 [main] DEBUG org.apache.http.client.protocol.RequestTargetAuthentication - Target auth state: UNCHALLENGED
22:00:00.344 [main] DEBUG org.apache.http.client.protocol.RequestProxyAuthentication - Proxy auth state: UNCHALLENGED
22:00:00.344 [main] DEBUG org.apache.http.impl.client.DefaultHttpClient - Attempt 1 to execute request
22:00:00.345 [main] DEBUG org.apache.http.impl.conn.DefaultClientConnection - Sending request: GET /carts/5 HTTP/1.1
22:00:00.345 [main] DEBUG org.apache.http.wire -  >> "GET /carts/5 HTTP/1.1[\r][\n]"
22:00:00.346 [main] DEBUG org.apache.http.wire -  >> "Accept: */*[\r][\n]"
22:00:00.346 [main] DEBUG org.apache.http.wire -  >> "Host: fakestoreapi.com[\r][\n]"
22:00:00.346 [main] DEBUG org.apache.http.wire -  >> "Connection: Keep-Alive[\r][\n]"
22:00:00.346 [main] DEBUG org.apache.http.wire -  >> "User-Agent: Apache-HttpClient/4.5.13 (Java/19.0.2)[\r][\n]"
22:00:00.346 [main] DEBUG org.apache.http.wire -  >> "Accept-Encoding: gzip,deflate[\r][\n]"
22:00:00.346 [main] DEBUG org.apache.http.wire -  >> "[\r][\n]"
22:00:00.346 [main] DEBUG org.apache.http.headers - >> GET /carts/5 HTTP/1.1
22:00:00.346 [main] DEBUG org.apache.http.headers - >> Accept: */*
22:00:00.346 [main] DEBUG org.apache.http.headers - >> Host: fakestoreapi.com
22:00:00.346 [main] DEBUG org.apache.http.headers - >> Connection: Keep-Alive
22:00:00.346 [main] DEBUG org.apache.http.headers - >> User-Agent: Apache-HttpClient/4.5.13 (Java/19.0.2)
22:00:00.346 [main] DEBUG org.apache.http.headers - >> Accept-Encoding: gzip,deflate
22:00:01.183 [main] DEBUG org.apache.http.wire -  << "HTTP/1.1 200 OK[\r][\n]"
22:00:01.185 [main] DEBUG org.apache.http.wire -  << "Date: Sat, 15 Apr 2023 15:00:01 GMT[\r][\n]"
22:00:01.185 [main] DEBUG org.apache.http.wire -  << "Content-Type: application/json; charset=utf-8[\r][\n]"
22:00:01.185 [main] DEBUG org.apache.http.wire -  << "Transfer-Encoding: chunked[\r][\n]"
22:00:01.185 [main] DEBUG org.apache.http.wire -  << "Connection: keep-alive[\r][\n]"
22:00:01.185 [main] DEBUG org.apache.http.wire -  << "Access-Control-Allow-Origin: *[\r][\n]"
22:00:01.185 [main] DEBUG org.apache.http.wire -  << "Etag: W/"84-gdIyDDM4F2vHdbWZQxEVv0T8aPA"[\r][\n]"
22:00:01.185 [main] DEBUG org.apache.http.wire -  << "X-Powered-By: Express[\r][\n]"
22:00:01.185 [main] DEBUG org.apache.http.wire -  << "CF-Cache-Status: DYNAMIC[\r][\n]"
22:00:01.185 [main] DEBUG org.apache.http.wire -  << "Report-To: {"endpoints":[{"url":"https:\/\/a.nel.cloudflare.com\/report\/v3?s=4HW4eelA%2B%2FRWRG5A%2F%2FNE9CLlfKYdsxRHy6m3QFNblonlXXVfWkqy2DsOLURijlVEFMvdFbK8bHHLTj0gD4wDZ13EL%2B35E1xoNF1rU5%2FJtpXcDueduQSynbmX48StnkrgDaY9"}],"group":"cf-nel","max_age":604800}[\r][\n]"
22:00:01.185 [main] DEBUG org.apache.http.wire -  << "NEL: {"success_fraction":0,"report_to":"cf-nel","max_age":604800}[\r][\n]"
22:00:01.185 [main] DEBUG org.apache.http.wire -  << "Server: cloudflare[\r][\n]"
22:00:01.186 [main] DEBUG org.apache.http.wire -  << "CF-RAY: 7b850e3d4d013e62-SIN[\r][\n]"
22:00:01.186 [main] DEBUG org.apache.http.wire -  << "Content-Encoding: gzip[\r][\n]"
22:00:01.186 [main] DEBUG org.apache.http.wire -  << "alt-svc: h3=":443"; ma=86400, h3-29=":443"; ma=86400[\r][\n]"
22:00:01.186 [main] DEBUG org.apache.http.wire -  << "[\r][\n]"
22:00:01.186 [main] DEBUG org.apache.http.impl.conn.DefaultClientConnection - Receiving response: HTTP/1.1 200 OK
22:00:01.186 [main] DEBUG org.apache.http.headers - << HTTP/1.1 200 OK
22:00:01.187 [main] DEBUG org.apache.http.headers - << Date: Sat, 15 Apr 2023 15:00:01 GMT
22:00:01.187 [main] DEBUG org.apache.http.headers - << Content-Type: application/json; charset=utf-8
22:00:01.187 [main] DEBUG org.apache.http.headers - << Transfer-Encoding: chunked
22:00:01.187 [main] DEBUG org.apache.http.headers - << Connection: keep-alive
22:00:01.187 [main] DEBUG org.apache.http.headers - << Access-Control-Allow-Origin: *
22:00:01.187 [main] DEBUG org.apache.http.headers - << Etag: W/"84-gdIyDDM4F2vHdbWZQxEVv0T8aPA"
22:00:01.187 [main] DEBUG org.apache.http.headers - << X-Powered-By: Express
22:00:01.187 [main] DEBUG org.apache.http.headers - << CF-Cache-Status: DYNAMIC
22:00:01.187 [main] DEBUG org.apache.http.headers - << Report-To: {"endpoints":[{"url":"https:\/\/a.nel.cloudflare.com\/report\/v3?s=4HW4eelA%2B%2FRWRG5A%2F%2FNE9CLlfKYdsxRHy6m3QFNblonlXXVfWkqy2DsOLURijlVEFMvdFbK8bHHLTj0gD4wDZ13EL%2B35E1xoNF1rU5%2FJtpXcDueduQSynbmX48StnkrgDaY9"}],"group":"cf-nel","max_age":604800}
22:00:01.187 [main] DEBUG org.apache.http.headers - << NEL: {"success_fraction":0,"report_to":"cf-nel","max_age":604800}
22:00:01.187 [main] DEBUG org.apache.http.headers - << Server: cloudflare
22:00:01.187 [main] DEBUG org.apache.http.headers - << CF-RAY: 7b850e3d4d013e62-SIN
22:00:01.187 [main] DEBUG org.apache.http.headers - << Content-Encoding: gzip
22:00:01.187 [main] DEBUG org.apache.http.headers - << alt-svc: h3=":443"; ma=86400, h3-29=":443"; ma=86400
22:00:01.196 [main] DEBUG org.apache.http.impl.client.DefaultHttpClient - Connection can be kept alive indefinitely
22:00:01.204 [main] DEBUG io.restassured.internal.RestAssuredHttpBuilder - Parsing response as: application/json; charset=utf-8
22:00:01.205 [main] DEBUG org.apache.http.wire -  << "78[\r][\n]"
22:00:01.205 [main] DEBUG org.apache.http.wire -  << "[0x1f][0x8b][0x8][0x0][0x0][0x0][0x0][0x0][0x0][0x3]T[0x8b][0xcd][\n]"
22:00:01.205 [main] DEBUG org.apache.http.wire -  << "@@[0x14]F[0xdf][0xe5][_[0xfa][0x98]D[0xf7][\r][0xec][0xad]H[0x92][0xb1][0xb0][0xf1];[0xa3]$[0xef].[0xca]B[0x9d][0xcd][0xe9]tN[0xc][0x16][0x9a][0x8][0xfc][0xd6][0xaf][0xb9][0x85][0x1a][0x81]m][0xf]E[0xcc][0x98][0x1]M[0xc0][0xa8] [0xf5]%$YB0[0xaf][0x93][0xf5][0x9d][0xdb][0xa0][0xd5][0xf9][0xc9]3[0xa7][0x82][0xc5][0xb7][0xa3][0x1b][0xdc][0x1][0x8d].[0xf9][0xc5][0xec][0x1f]kA[0xd3][0xec]P^7[0x0][0x0][0x0][0xff][0xff][0x3][0x0][0x1b][0xb4][0x9]}[0x84][0x0][0x0][0x0]"
22:00:01.205 [main] DEBUG org.apache.http.wire -  << "[\r][\n]"
22:00:01.205 [main] DEBUG org.apache.http.wire -  << "0[\r][\n]"
22:00:01.206 [main] DEBUG org.apache.http.wire -  << "[\r][\n]"
22:00:01.206 [main] DEBUG io.restassured.internal.RestAssuredHttpBuilder - Parsed data to instance of: class org.apache.http.conn.EofSensorInputStream
22:00:01.289 [main] DEBUG org.apache.http.impl.conn.BasicClientConnectionManager - Releasing connection org.apache.http.impl.conn.ManagedClientConnectionImpl@450d10cb
22:00:01.289 [main] DEBUG org.apache.http.impl.conn.BasicClientConnectionManager - Connection can be kept alive indefinitely
22:00:01.327 [main] DEBUG net.thucydides.core.steps.StepInterceptor - STEP DONE: I GET HTTP request cart data
  &amp#27;[32mWhen &amp#27;[0m&amp#27;[32mI GET HTTP request cart data&amp#27;[0m                &amp#27;[90m# starter.stepdefinition.CartSteps.getChartRequestUrl()&amp#27;[0m
22:00:01.333 [main] DEBUG net.thucydides.core.steps.StepInterceptor - STARTING STEP: CartSteps.validDataCart - I receive valid data for detail cart
22:00:02.090 [main] DEBUG net.thucydides.core.steps.StepInterceptor - STEP DONE: I receive valid data for detail cart
  &amp#27;[32mAnd &amp#27;[0m&amp#27;[32mI receive valid data for detail cart&amp#27;[0m         &amp#27;[90m# starter.stepdefinition.CartSteps.validDataCart()&amp#27;[0m
22:00:02.099 [main] DEBUG net.thucydides.core.steps.StepInterceptor - STARTING STEP: CartSteps.responseCartValid - I receive valid cart HTTP response code 200
22:00:02.127 [main] DEBUG net.thucydides.core.steps.StepInterceptor - STEP DONE: I receive valid cart HTTP response code 200
  &amp#27;[32mThen &amp#27;[0m&amp#27;[32mI receive valid cart HTTP response code 200&amp#27;[0m &amp#27;[90m# starter.stepdefinition.CartSteps.responseCartValid()&amp#27;[0m
22:00:02.134 [main] INFO  - 
  _____   ___   ___   _____     ___     _     ___   ___   ___   ___  
 |_   _| | __| / __| |_   _|   | _ \   /_\   / __| / __| | __| |   \ 
   | |   | _|  \__ \   | |     |  _/  / _ \  \__ \ \__ \ | _|  | |) |
   |_|   |___| |___/   |_|     |_|   /_/ \_\ |___/ |___/ |___| |___/ 

CART - GET detail data cart
----------------------------------------------------------------------
]]></system-out>
  </testcase>
  <testcase name="CART - GET a single cart with invalid url" classname="Cart" time="0.898">
    <system-out><![CDATA[
Scenario: CART - GET a single cart with invalid url         &amp#27;[90m# src/test/resources/api/cart.feature:9&amp#27;[0m
22:00:02.212 [main] INFO io.cucumber.core.plugin.SerenityReporter - Running feature from file:///C:/Users/User/IdeaProjects/CodeCompetence2/src/test/resources/api/cart.feature
22:00:02.212 [main] WARN io.cucumber.core.plugin.SerenityReporter - Feature from file:///C:/Users/User/IdeaProjects/CodeCompetence2/src/test/resources/api/cart.feature is not under the 'features' directory. Requirements report will not be correctly generated!
22:00:02.217 [main] INFO  - 
  _____   ___   ___   _____     ___   _____     _     ___   _____   ___   ___  
 |_   _| | __| / __| |_   _|   / __| |_   _|   /_\   | _ \ |_   _| | __| |   \ 
   | |   | _|  \__ \   | |     \__ \   | |    / _ \  |   /   | |   | _|  | |) |
   |_|   |___| |___/   |_|     |___/   |_|   /_/ \_\ |_|_\   |_|   |___| |___/ 

CART - GET a single cart with invalid url(cart;cart---get-a-single-cart-with-invalid-url)
--------------------------------------------------------------------------------
22:00:02.240 [main] DEBUG net.thucydides.core.steps.StepInterceptor - STARTING STEP: CartSteps.setGetWrongSingleCartEndpoint - I GET API single cart with invalid url
22:00:02.240 [main] DEBUG net.thucydides.core.steps.StepInterceptor - STEP DONE: I GET API single cart with invalid url
  &amp#27;[32mGiven &amp#27;[0m&amp#27;[32mI GET API single cart with invalid url&amp#27;[0m              &amp#27;[90m# starter.stepdefinition.CartSteps.setGetWrongSingleCartEndpoint()&amp#27;[0m
22:00:02.248 [main] DEBUG net.thucydides.core.steps.StepInterceptor - STARTING STEP: CartSteps.getWrongCartRequest - I GET HTTP request single cart data with invalid url
22:00:02.251 [main] DEBUG net.thucydides.core.steps.StepInterceptor - STARTING STEP: Cart.getWrongCartRequest - I GET API single cart with invalid url
22:00:02.251 [main] DEBUG net.thucydides.core.steps.StepInterceptor - STEP DONE: I GET API single cart with invalid url
22:00:02.285 [main] DEBUG org.apache.http.impl.conn.BasicClientConnectionManager - Get connection for route {s}->https://fakestoreapi.com:443
22:00:02.286 [main] DEBUG org.apache.http.impl.conn.DefaultClientConnectionOperator - Connecting to fakestoreapi.com:443
22:00:02.441 [main] DEBUG org.apache.http.client.protocol.RequestAddCookies - CookieSpec selected: ignoreCookies
22:00:02.441 [main] DEBUG org.apache.http.client.protocol.RequestAuthCache - Auth cache not set in the context
22:00:02.441 [main] DEBUG org.apache.http.client.protocol.RequestTargetAuthentication - Target auth state: UNCHALLENGED
22:00:02.441 [main] DEBUG org.apache.http.client.protocol.RequestProxyAuthentication - Proxy auth state: UNCHALLENGED
22:00:02.442 [main] DEBUG org.apache.http.impl.client.DefaultHttpClient - Attempt 1 to execute request
22:00:02.442 [main] DEBUG org.apache.http.impl.conn.DefaultClientConnection - Sending request: GET /cart/5 HTTP/1.1
22:00:02.442 [main] DEBUG org.apache.http.wire -  >> "GET /cart/5 HTTP/1.1[\r][\n]"
22:00:02.442 [main] DEBUG org.apache.http.wire -  >> "Accept: */*[\r][\n]"
22:00:02.442 [main] DEBUG org.apache.http.wire -  >> "Host: fakestoreapi.com[\r][\n]"
22:00:02.442 [main] DEBUG org.apache.http.wire -  >> "Connection: Keep-Alive[\r][\n]"
22:00:02.442 [main] DEBUG org.apache.http.wire -  >> "User-Agent: Apache-HttpClient/4.5.13 (Java/19.0.2)[\r][\n]"
22:00:02.442 [main] DEBUG org.apache.http.wire -  >> "Accept-Encoding: gzip,deflate[\r][\n]"
22:00:02.442 [main] DEBUG org.apache.http.wire -  >> "[\r][\n]"
22:00:02.443 [main] DEBUG org.apache.http.headers - >> GET /cart/5 HTTP/1.1
22:00:02.443 [main] DEBUG org.apache.http.headers - >> Accept: */*
22:00:02.443 [main] DEBUG org.apache.http.headers - >> Host: fakestoreapi.com
22:00:02.443 [main] DEBUG org.apache.http.headers - >> Connection: Keep-Alive
22:00:02.443 [main] DEBUG org.apache.http.headers - >> User-Agent: Apache-HttpClient/4.5.13 (Java/19.0.2)
22:00:02.443 [main] DEBUG org.apache.http.headers - >> Accept-Encoding: gzip,deflate
22:00:02.836 [main] DEBUG org.apache.http.wire -  << "HTTP/1.1 404 Not Found[\r][\n]"
22:00:02.836 [main] DEBUG org.apache.http.wire -  << "Date: Sat, 15 Apr 2023 15:00:02 GMT[\r][\n]"
22:00:02.836 [main] DEBUG org.apache.http.wire -  << "Content-Type: text/html; charset=utf-8[\r][\n]"
22:00:02.837 [main] DEBUG org.apache.http.wire -  << "Transfer-Encoding: chunked[\r][\n]"
22:00:02.837 [main] DEBUG org.apache.http.wire -  << "Connection: keep-alive[\r][\n]"
22:00:02.837 [main] DEBUG org.apache.http.wire -  << "Access-Control-Allow-Origin: *[\r][\n]"
22:00:02.837 [main] DEBUG org.apache.http.wire -  << "Content-Security-Policy: default-src 'none'[\r][\n]"
22:00:02.837 [main] DEBUG org.apache.http.wire -  << "X-Content-Type-Options: nosniff[\r][\n]"
22:00:02.837 [main] DEBUG org.apache.http.wire -  << "X-Powered-By: Express[\r][\n]"
22:00:02.837 [main] DEBUG org.apache.http.wire -  << "CF-Cache-Status: DYNAMIC[\r][\n]"
22:00:02.837 [main] DEBUG org.apache.http.wire -  << "Report-To: {"endpoints":[{"url":"https:\/\/a.nel.cloudflare.com\/report\/v3?s=FDdFn3%2Fs29TmUsFJe%2BNlfYAbNCNoGKKDghDerdB7wxeIb8liPuUYGfYoehfewuVwvFGHwAfsnc10eL%2BV%2FFjPFxWEz1E0aFAtmeR4rj39DDJRfgipoqr%2BbP7W6KI7gRovxvor"}],"group":"cf-nel","max_age":604800}[\r][\n]"
22:00:02.837 [main] DEBUG org.apache.http.wire -  << "NEL: {"success_fraction":0,"report_to":"cf-nel","max_age":604800}[\r][\n]"
22:00:02.837 [main] DEBUG org.apache.http.wire -  << "Server: cloudflare[\r][\n]"
22:00:02.837 [main] DEBUG org.apache.http.wire -  << "CF-RAY: 7b850e4a6a553e56-SIN[\r][\n]"
22:00:02.837 [main] DEBUG org.apache.http.wire -  << "Content-Encoding: gzip[\r][\n]"
22:00:02.837 [main] DEBUG org.apache.http.wire -  << "alt-svc: h3=":443"; ma=86400, h3-29=":443"; ma=86400[\r][\n]"
22:00:02.837 [main] DEBUG org.apache.http.wire -  << "[\r][\n]"
22:00:02.837 [main] DEBUG org.apache.http.impl.conn.DefaultClientConnection - Receiving response: HTTP/1.1 404 Not Found
22:00:02.837 [main] DEBUG org.apache.http.headers - << HTTP/1.1 404 Not Found
22:00:02.838 [main] DEBUG org.apache.http.headers - << Date: Sat, 15 Apr 2023 15:00:02 GMT
22:00:02.838 [main] DEBUG org.apache.http.headers - << Content-Type: text/html; charset=utf-8
22:00:02.838 [main] DEBUG org.apache.http.headers - << Transfer-Encoding: chunked
22:00:02.838 [main] DEBUG org.apache.http.headers - << Connection: keep-alive
22:00:02.838 [main] DEBUG org.apache.http.headers - << Access-Control-Allow-Origin: *
22:00:02.838 [main] DEBUG org.apache.http.headers - << Content-Security-Policy: default-src 'none'
22:00:02.838 [main] DEBUG org.apache.http.headers - << X-Content-Type-Options: nosniff
22:00:02.838 [main] DEBUG org.apache.http.headers - << X-Powered-By: Express
22:00:02.838 [main] DEBUG org.apache.http.headers - << CF-Cache-Status: DYNAMIC
22:00:02.838 [main] DEBUG org.apache.http.headers - << Report-To: {"endpoints":[{"url":"https:\/\/a.nel.cloudflare.com\/report\/v3?s=FDdFn3%2Fs29TmUsFJe%2BNlfYAbNCNoGKKDghDerdB7wxeIb8liPuUYGfYoehfewuVwvFGHwAfsnc10eL%2BV%2FFjPFxWEz1E0aFAtmeR4rj39DDJRfgipoqr%2BbP7W6KI7gRovxvor"}],"group":"cf-nel","max_age":604800}
22:00:02.838 [main] DEBUG org.apache.http.headers - << NEL: {"success_fraction":0,"report_to":"cf-nel","max_age":604800}
22:00:02.838 [main] DEBUG org.apache.http.headers - << Server: cloudflare
22:00:02.838 [main] DEBUG org.apache.http.headers - << CF-RAY: 7b850e4a6a553e56-SIN
22:00:02.838 [main] DEBUG org.apache.http.headers - << Content-Encoding: gzip
22:00:02.838 [main] DEBUG org.apache.http.headers - << alt-svc: h3=":443"; ma=86400, h3-29=":443"; ma=86400
22:00:02.838 [main] DEBUG org.apache.http.impl.client.DefaultHttpClient - Connection can be kept alive indefinitely
22:00:02.838 [main] DEBUG io.restassured.internal.RestAssuredHttpBuilder - Parsing response as: text/html; charset=utf-8
22:00:02.839 [main] DEBUG org.apache.http.wire -  << "8f[\r][\n]"
22:00:02.839 [main] DEBUG org.apache.http.wire -  << "[0x1f][0x8b][0x8][0x0][0x0][0x0][0x0][0x0][0x0][0x3],[0x8e][0xb1][0xe][0xc2]0[0xc]DwE[0xc8][0x8e]<!1[0xb8]^J[0xc4][0x8]C[0x17]F[0xd3][0x1a][0x8a][0x94]&[0xc8][0x98][0x81][0xbf]G[0x81]N[0xa7]{w'[0x1d]m[0xe][0xa7]~[0xb8][0x9c]S[0x98]}[0xc9][0xc][0xd4]$d)[0xf7].j[0x89][\r][0xa8]L[0xc][0xb4][0xa8]K[0x18]g[0xb1][0x97]z[0x17][0xdf]~[0xdb][0xee][[0xea][0xf][0xcf][0xca][0xc9][0xac][0x1a][0xe1][0xdf][0x0][0xe1][0xba][0xb9][0xd6][0xe9][0xc3]@OS[0xee][0xa5][0x94][0xea][0xe1][0x98][0x86][0x80][0xa3][0x98][0xe3][0x8e][0xb0]q \[[0xf8];[0xf0][0x5][0x0][0x0][0xff][0xff][0xe3][0x2][0x0][0xec][0xc7][0x1f][0xb5][0x91][0x0][0x0][0x0]"
22:00:02.839 [main] DEBUG org.apache.http.wire -  << "[\r][\n]"
22:00:02.839 [main] DEBUG org.apache.http.wire -  << "0[\r][\n]"
22:00:02.839 [main] DEBUG org.apache.http.wire -  << "[\r][\n]"
22:00:02.839 [main] DEBUG io.restassured.internal.RestAssuredHttpBuilder - Parsed data to instance of: class org.apache.http.conn.EofSensorInputStream
22:00:02.842 [main] DEBUG org.apache.http.impl.conn.BasicClientConnectionManager - Releasing connection org.apache.http.impl.conn.ManagedClientConnectionImpl@cea67b1
22:00:02.842 [main] DEBUG org.apache.http.impl.conn.BasicClientConnectionManager - Connection can be kept alive indefinitely
22:00:03.013 [main] DEBUG net.thucydides.core.steps.StepInterceptor - STEP DONE: I GET HTTP request single cart data with invalid url
  &amp#27;[32mWhen &amp#27;[0m&amp#27;[32mI GET HTTP request single cart data with invalid url&amp#27;[0m &amp#27;[90m# starter.stepdefinition.CartSteps.getWrongCartRequest()&amp#27;[0m
22:00:03.020 [main] DEBUG net.thucydides.core.steps.StepInterceptor - STARTING STEP: CartSteps.receiveInvalidDataForSingleUser - I receive invalid data for single cart
22:00:03.028 [main] DEBUG net.thucydides.core.steps.StepInterceptor - STEP DONE: I receive invalid data for single cart
  &amp#27;[32mAnd &amp#27;[0m&amp#27;[32mI receive invalid data for single cart&amp#27;[0m                &amp#27;[90m# starter.stepdefinition.CartSteps.receiveInvalidDataForSingleUser()&amp#27;[0m
22:00:03.034 [main] DEBUG net.thucydides.core.steps.StepInterceptor - STARTING STEP: CartSteps.responseUserCartValid404 - I receive invalid GET single cart response code 404
22:00:03.035 [main] DEBUG net.thucydides.core.steps.StepInterceptor - STEP DONE: I receive invalid GET single cart response code 404
  &amp#27;[32mThen &amp#27;[0m&amp#27;[32mI receive invalid GET single cart response code 404&amp#27;[0m  &amp#27;[90m# starter.stepdefinition.CartSteps.responseUserCartValid404()&amp#27;[0m
22:00:03.039 [main] INFO  - 
  _____   ___   ___   _____     ___     _     ___   ___   ___   ___  
 |_   _| | __| / __| |_   _|   | _ \   /_\   / __| / __| | __| |   \ 
   | |   | _|  \__ \   | |     |  _/  / _ \  \__ \ \__ \ | _|  | |) |
   |_|   |___| |___/   |_|     |_|   /_/ \_\ |___/ |___/ |___| |___/ 

CART - GET a single cart with invalid url
----------------------------------------------------------------------
]]></system-out>
  </testcase>
  <testcase name="CART - GET result in descending sort" classname="Cart" time="1.075">
    <system-out><![CDATA[
Scenario: CART - GET result in descending sort                      &amp#27;[90m# src/test/resources/api/cart.feature:15&amp#27;[0m
22:00:03.081 [main] INFO io.cucumber.core.plugin.SerenityReporter - Running feature from file:///C:/Users/User/IdeaProjects/CodeCompetence2/src/test/resources/api/cart.feature
22:00:03.081 [main] WARN io.cucumber.core.plugin.SerenityReporter - Feature from file:///C:/Users/User/IdeaProjects/CodeCompetence2/src/test/resources/api/cart.feature is not under the 'features' directory. Requirements report will not be correctly generated!
22:00:03.087 [main] INFO  - 
  _____   ___   ___   _____     ___   _____     _     ___   _____   ___   ___  
 |_   _| | __| / __| |_   _|   / __| |_   _|   /_\   | _ \ |_   _| | __| |   \ 
   | |   | _|  \__ \   | |     \__ \   | |    / _ \  |   /   | |   | _|  | |) |
   |_|   |___| |___/   |_|     |___/   |_|   /_/ \_\ |_|_\   |_|   |___| |___/ 

CART - GET result in descending sort(cart;cart---get-result-in-descending-sort)
--------------------------------------------------------------------------------
22:00:03.114 [main] DEBUG net.thucydides.core.steps.StepInterceptor - STARTING STEP: CartSteps.setGetWrongCartEndpoint - I GET wrong API cart endpoint
22:00:03.115 [main] DEBUG net.thucydides.core.steps.StepInterceptor - STEP DONE: I GET wrong API cart endpoint
  &amp#27;[32mGiven &amp#27;[0m&amp#27;[32mI GET wrong API cart endpoint&amp#27;[0m                               &amp#27;[90m# starter.stepdefinition.CartSteps.setGetWrongCartEndpoint()&amp#27;[0m
22:00:03.127 [main] DEBUG net.thucydides.core.steps.StepInterceptor - STARTING STEP: CartSteps.getWrongCartWithSort - I GET wrong HTTP request cart with decending sort
22:00:03.132 [main] DEBUG net.thucydides.core.steps.StepInterceptor - STARTING STEP: Cart.getWrongSortCartRequest - I GET wrong API cart endpoint
22:00:03.133 [main] DEBUG net.thucydides.core.steps.StepInterceptor - STEP DONE: I GET wrong API cart endpoint
22:00:03.180 [main] DEBUG org.apache.http.impl.conn.BasicClientConnectionManager - Get connection for route {s}->https://fakestoreapi.com:443
22:00:03.180 [main] DEBUG org.apache.http.impl.conn.DefaultClientConnectionOperator - Connecting to fakestoreapi.com:443
22:00:03.337 [main] DEBUG org.apache.http.client.protocol.RequestAddCookies - CookieSpec selected: ignoreCookies
22:00:03.337 [main] DEBUG org.apache.http.client.protocol.RequestAuthCache - Auth cache not set in the context
22:00:03.337 [main] DEBUG org.apache.http.client.protocol.RequestTargetAuthentication - Target auth state: UNCHALLENGED
22:00:03.337 [main] DEBUG org.apache.http.client.protocol.RequestProxyAuthentication - Proxy auth state: UNCHALLENGED
22:00:03.337 [main] DEBUG org.apache.http.impl.client.DefaultHttpClient - Attempt 1 to execute request
22:00:03.337 [main] DEBUG org.apache.http.impl.conn.DefaultClientConnection - Sending request: GET /keranjang?sort=desc HTTP/1.1
22:00:03.337 [main] DEBUG org.apache.http.wire -  >> "GET /keranjang?sort=desc HTTP/1.1[\r][\n]"
22:00:03.337 [main] DEBUG org.apache.http.wire -  >> "Accept: */*[\r][\n]"
22:00:03.338 [main] DEBUG org.apache.http.wire -  >> "Host: fakestoreapi.com[\r][\n]"
22:00:03.338 [main] DEBUG org.apache.http.wire -  >> "Connection: Keep-Alive[\r][\n]"
22:00:03.338 [main] DEBUG org.apache.http.wire -  >> "User-Agent: Apache-HttpClient/4.5.13 (Java/19.0.2)[\r][\n]"
22:00:03.338 [main] DEBUG org.apache.http.wire -  >> "Accept-Encoding: gzip,deflate[\r][\n]"
22:00:03.338 [main] DEBUG org.apache.http.wire -  >> "[\r][\n]"
22:00:03.338 [main] DEBUG org.apache.http.headers - >> GET /keranjang?sort=desc HTTP/1.1
22:00:03.338 [main] DEBUG org.apache.http.headers - >> Accept: */*
22:00:03.338 [main] DEBUG org.apache.http.headers - >> Host: fakestoreapi.com
22:00:03.338 [main] DEBUG org.apache.http.headers - >> Connection: Keep-Alive
22:00:03.338 [main] DEBUG org.apache.http.headers - >> User-Agent: Apache-HttpClient/4.5.13 (Java/19.0.2)
22:00:03.338 [main] DEBUG org.apache.http.headers - >> Accept-Encoding: gzip,deflate
22:00:04.095 [main] DEBUG org.apache.http.wire -  << "HTTP/1.1 404 Not Found[\r][\n]"
22:00:04.096 [main] DEBUG org.apache.http.wire -  << "Date: Sat, 15 Apr 2023 15:00:03 GMT[\r][\n]"
22:00:04.096 [main] DEBUG org.apache.http.wire -  << "Content-Type: text/html; charset=utf-8[\r][\n]"
22:00:04.096 [main] DEBUG org.apache.http.wire -  << "Transfer-Encoding: chunked[\r][\n]"
22:00:04.096 [main] DEBUG org.apache.http.wire -  << "Connection: keep-alive[\r][\n]"
22:00:04.096 [main] DEBUG org.apache.http.wire -  << "Access-Control-Allow-Origin: *[\r][\n]"
22:00:04.096 [main] DEBUG org.apache.http.wire -  << "Content-Security-Policy: default-src 'none'[\r][\n]"
22:00:04.096 [main] DEBUG org.apache.http.wire -  << "X-Content-Type-Options: nosniff[\r][\n]"
22:00:04.096 [main] DEBUG org.apache.http.wire -  << "X-Powered-By: Express[\r][\n]"
22:00:04.096 [main] DEBUG org.apache.http.wire -  << "CF-Cache-Status: DYNAMIC[\r][\n]"
22:00:04.096 [main] DEBUG org.apache.http.wire -  << "Report-To: {"endpoints":[{"url":"https:\/\/a.nel.cloudflare.com\/report\/v3?s=GHgU1D8tfKEAxOO31i408Gk1I%2FzGOLjRbYmMNGpoN1wsgApUmzm6IDqBcUqJUmsIjEwxpcP9Fh2Vu8ydsxw5b3pi4skQpGuqmVRNPYLW4qOU4ssMC1%2FYce7RCVjYUwNZyRet"}],"group":"cf-nel","max_age":604800}[\r][\n]"
22:00:04.096 [main] DEBUG org.apache.http.wire -  << "NEL: {"success_fraction":0,"report_to":"cf-nel","max_age":604800}[\r][\n]"
22:00:04.096 [main] DEBUG org.apache.http.wire -  << "Server: cloudflare[\r][\n]"
22:00:04.096 [main] DEBUG org.apache.http.wire -  << "CF-RAY: 7b850e501e38881a-SIN[\r][\n]"
22:00:04.096 [main] DEBUG org.apache.http.wire -  << "Content-Encoding: gzip[\r][\n]"
22:00:04.096 [main] DEBUG org.apache.http.wire -  << "alt-svc: h3=":443"; ma=86400, h3-29=":443"; ma=86400[\r][\n]"
22:00:04.096 [main] DEBUG org.apache.http.wire -  << "[\r][\n]"
22:00:04.097 [main] DEBUG org.apache.http.impl.conn.DefaultClientConnection - Receiving response: HTTP/1.1 404 Not Found
22:00:04.097 [main] DEBUG org.apache.http.headers - << HTTP/1.1 404 Not Found
22:00:04.097 [main] DEBUG org.apache.http.headers - << Date: Sat, 15 Apr 2023 15:00:03 GMT
22:00:04.097 [main] DEBUG org.apache.http.headers - << Content-Type: text/html; charset=utf-8
22:00:04.097 [main] DEBUG org.apache.http.headers - << Transfer-Encoding: chunked
22:00:04.097 [main] DEBUG org.apache.http.headers - << Connection: keep-alive
22:00:04.097 [main] DEBUG org.apache.http.headers - << Access-Control-Allow-Origin: *
22:00:04.097 [main] DEBUG org.apache.http.headers - << Content-Security-Policy: default-src 'none'
22:00:04.097 [main] DEBUG org.apache.http.headers - << X-Content-Type-Options: nosniff
22:00:04.097 [main] DEBUG org.apache.http.headers - << X-Powered-By: Express
22:00:04.097 [main] DEBUG org.apache.http.headers - << CF-Cache-Status: DYNAMIC
22:00:04.097 [main] DEBUG org.apache.http.headers - << Report-To: {"endpoints":[{"url":"https:\/\/a.nel.cloudflare.com\/report\/v3?s=GHgU1D8tfKEAxOO31i408Gk1I%2FzGOLjRbYmMNGpoN1wsgApUmzm6IDqBcUqJUmsIjEwxpcP9Fh2Vu8ydsxw5b3pi4skQpGuqmVRNPYLW4qOU4ssMC1%2FYce7RCVjYUwNZyRet"}],"group":"cf-nel","max_age":604800}
22:00:04.097 [main] DEBUG org.apache.http.headers - << NEL: {"success_fraction":0,"report_to":"cf-nel","max_age":604800}
22:00:04.097 [main] DEBUG org.apache.http.headers - << Server: cloudflare
22:00:04.097 [main] DEBUG org.apache.http.headers - << CF-RAY: 7b850e501e38881a-SIN
22:00:04.097 [main] DEBUG org.apache.http.headers - << Content-Encoding: gzip
22:00:04.097 [main] DEBUG org.apache.http.headers - << alt-svc: h3=":443"; ma=86400, h3-29=":443"; ma=86400
22:00:04.097 [main] DEBUG org.apache.http.impl.client.DefaultHttpClient - Connection can be kept alive indefinitely
22:00:04.098 [main] DEBUG io.restassured.internal.RestAssuredHttpBuilder - Parsing response as: text/html; charset=utf-8
22:00:04.098 [main] DEBUG org.apache.http.wire -  << "86[\r][\n]"
22:00:04.098 [main] DEBUG org.apache.http.wire -  << "[0x1f][0x8b][0x8][0x0][0x0][0x0][0x0][0x0][0x0][0x3],[0x8e][0xb1][0xe][0xc2]0[0xc]D[0xf7]|E[0xc8][0x8e][0xbc]2[0xb8]YJ[0xc4]H[0x87].[0x1d][\r]5-[0x90]:[0xc8][0xb8][0x3][0x8f][0x2][0x9d]Nw[0xef]N:[0xdc][0x1d][0xcf]m?t[0xc9][0xcf][0xb6][0xe4][0xe8][0xb0][0x8a][0xcf]$S[0x13]XB[\r][0x98][0xc6][0xe8]pa#[0x9d]I[0xdf]lMX[0xed][0xb6]?Tjw[0xcb][0x1c][0x93]jQ[0x84][0xbf]q[0x8][0xdb][0xe6]R[0xc6]Ot[0xf8]R[0x8e]-[0x89][0x14][0xf3][0xa7][0xd4]{x[0xb2][0x92]<H&[0x84][0x8a][0x1c][0xc2]V[0x84][0xdf][0x87]/[0x0][0x0][0x0][0xff][0xff]"
22:00:04.098 [main] DEBUG org.apache.http.wire -  << "[\r][\n]"
22:00:04.098 [main] DEBUG org.apache.http.wire -  << "b[\r][\n]"
22:00:04.098 [main] DEBUG org.apache.http.wire -  << "[0xe3][0x2][0x0][0xcf]t[0xd6]<[0x94][0x0][0x0][0x0]"
22:00:04.098 [main] DEBUG org.apache.http.wire -  << "[\r][\n]"
22:00:04.099 [main] DEBUG org.apache.http.wire -  << "0[\r][\n]"
22:00:04.099 [main] DEBUG org.apache.http.wire -  << "[\r][\n]"
22:00:04.099 [main] DEBUG io.restassured.internal.RestAssuredHttpBuilder - Parsed data to instance of: class org.apache.http.conn.EofSensorInputStream
22:00:04.101 [main] DEBUG org.apache.http.impl.conn.BasicClientConnectionManager - Releasing connection org.apache.http.impl.conn.ManagedClientConnectionImpl@5ca8c904
22:00:04.101 [main] DEBUG org.apache.http.impl.conn.BasicClientConnectionManager - Connection can be kept alive indefinitely
22:00:04.104 [main] DEBUG net.thucydides.core.steps.StepInterceptor - STEP DONE: I GET wrong HTTP request cart with decending sort
  &amp#27;[32mWhen &amp#27;[0m&amp#27;[32mI GET wrong HTTP request cart with decending sort&amp#27;[0m            &amp#27;[90m# starter.stepdefinition.CartSteps.getWrongCartWithSort()&amp#27;[0m
22:00:04.110 [main] DEBUG net.thucydides.core.steps.StepInterceptor - STARTING STEP: CartSteps.responseSortinvalid404 - I receive invalid get descending cart HTTP response code 404
22:00:04.111 [main] DEBUG net.thucydides.core.steps.StepInterceptor - STEP DONE: I receive invalid get descending cart HTTP response code 404
  &amp#27;[32mThen &amp#27;[0m&amp#27;[32mI receive invalid get descending cart HTTP response code 404&amp#27;[0m &amp#27;[90m# starter.stepdefinition.CartSteps.responseSortinvalid404()&amp#27;[0m
22:00:04.115 [main] INFO  - 
  _____   ___   ___   _____     ___     _     ___   ___   ___   ___  
 |_   _| | __| / __| |_   _|   | _ \   /_\   / __| / __| | __| |   \ 
   | |   | _|  \__ \   | |     |  _/  / _ \  \__ \ \__ \ | _|  | |) |
   |_|   |___| |___/   |_|     |_|   /_/ \_\ |___/ |___/ |___| |___/ 

CART - GET result in descending sort
----------------------------------------------------------------------
]]></system-out>
  </testcase>
  <testcase name="CART - GET ALL detail data cart" classname="Cart" time="1.187">
    <system-out><![CDATA[
Scenario: CART - GET ALL detail data cart                  &amp#27;[90m# src/test/resources/api/cart.feature:20&amp#27;[0m
22:00:04.150 [main] INFO io.cucumber.core.plugin.SerenityReporter - Running feature from file:///C:/Users/User/IdeaProjects/CodeCompetence2/src/test/resources/api/cart.feature
22:00:04.150 [main] WARN io.cucumber.core.plugin.SerenityReporter - Feature from file:///C:/Users/User/IdeaProjects/CodeCompetence2/src/test/resources/api/cart.feature is not under the 'features' directory. Requirements report will not be correctly generated!
22:00:04.155 [main] INFO  - 
  _____   ___   ___   _____     ___   _____     _     ___   _____   ___   ___  
 |_   _| | __| / __| |_   _|   / __| |_   _|   /_\   | _ \ |_   _| | __| |   \ 
   | |   | _|  \__ \   | |     \__ \   | |    / _ \  |   /   | |   | _|  | |) |
   |_|   |___| |___/   |_|     |___/   |_|   /_/ \_\ |_|_\   |_|   |___| |___/ 

CART - GET ALL detail data cart(cart;cart---get-all-detail-data-cart)
--------------------------------------------------------------------------------
22:00:04.191 [main] DEBUG net.thucydides.core.steps.StepInterceptor - STARTING STEP: CartSteps.setGetAllCartEndpoint - I GET API all cart endpoints
22:00:04.192 [main] DEBUG net.thucydides.core.steps.StepInterceptor - STEP DONE: I GET API all cart endpoints
  &amp#27;[32mGiven &amp#27;[0m&amp#27;[32mI GET API all cart endpoints&amp#27;[0m                       &amp#27;[90m# starter.stepdefinition.CartSteps.setGetAllCartEndpoint()&amp#27;[0m
22:00:04.200 [main] DEBUG net.thucydides.core.steps.StepInterceptor - STARTING STEP: CartSteps.getAllCartRequest - I GET HTTP request cart data
22:00:04.204 [main] DEBUG net.thucydides.core.steps.StepInterceptor - STARTING STEP: Cart.getAllCartRequest - I GET API all cart endpoints
22:00:04.204 [main] DEBUG net.thucydides.core.steps.StepInterceptor - STEP DONE: I GET API all cart endpoints
22:00:04.236 [main] DEBUG org.apache.http.impl.conn.BasicClientConnectionManager - Get connection for route {s}->https://fakestoreapi.com:443
22:00:04.237 [main] DEBUG org.apache.http.impl.conn.DefaultClientConnectionOperator - Connecting to fakestoreapi.com:443
22:00:04.674 [main] DEBUG org.apache.http.client.protocol.RequestAddCookies - CookieSpec selected: ignoreCookies
22:00:04.674 [main] DEBUG org.apache.http.client.protocol.RequestAuthCache - Auth cache not set in the context
22:00:04.675 [main] DEBUG org.apache.http.client.protocol.RequestTargetAuthentication - Target auth state: UNCHALLENGED
22:00:04.675 [main] DEBUG org.apache.http.client.protocol.RequestProxyAuthentication - Proxy auth state: UNCHALLENGED
22:00:04.675 [main] DEBUG org.apache.http.impl.client.DefaultHttpClient - Attempt 1 to execute request
22:00:04.675 [main] DEBUG org.apache.http.impl.conn.DefaultClientConnection - Sending request: GET /carts HTTP/1.1
22:00:04.675 [main] DEBUG org.apache.http.wire -  >> "GET /carts HTTP/1.1[\r][\n]"
22:00:04.675 [main] DEBUG org.apache.http.wire -  >> "Accept: */*[\r][\n]"
22:00:04.675 [main] DEBUG org.apache.http.wire -  >> "Host: fakestoreapi.com[\r][\n]"
22:00:04.675 [main] DEBUG org.apache.http.wire -  >> "Connection: Keep-Alive[\r][\n]"
22:00:04.675 [main] DEBUG org.apache.http.wire -  >> "User-Agent: Apache-HttpClient/4.5.13 (Java/19.0.2)[\r][\n]"
22:00:04.675 [main] DEBUG org.apache.http.wire -  >> "Accept-Encoding: gzip,deflate[\r][\n]"
22:00:04.675 [main] DEBUG org.apache.http.wire -  >> "[\r][\n]"
22:00:04.675 [main] DEBUG org.apache.http.headers - >> GET /carts HTTP/1.1
22:00:04.675 [main] DEBUG org.apache.http.headers - >> Accept: */*
22:00:04.675 [main] DEBUG org.apache.http.headers - >> Host: fakestoreapi.com
22:00:04.675 [main] DEBUG org.apache.http.headers - >> Connection: Keep-Alive
22:00:04.675 [main] DEBUG org.apache.http.headers - >> User-Agent: Apache-HttpClient/4.5.13 (Java/19.0.2)
22:00:04.675 [main] DEBUG org.apache.http.headers - >> Accept-Encoding: gzip,deflate
22:00:05.278 [main] DEBUG org.apache.http.wire -  << "HTTP/1.1 200 OK[\r][\n]"
22:00:05.278 [main] DEBUG org.apache.http.wire -  << "Date: Sat, 15 Apr 2023 15:00:05 GMT[\r][\n]"
22:00:05.278 [main] DEBUG org.apache.http.wire -  << "Content-Type: application/json; charset=utf-8[\r][\n]"
22:00:05.278 [main] DEBUG org.apache.http.wire -  << "Transfer-Encoding: chunked[\r][\n]"
22:00:05.278 [main] DEBUG org.apache.http.wire -  << "Connection: keep-alive[\r][\n]"
22:00:05.278 [main] DEBUG org.apache.http.wire -  << "Access-Control-Allow-Origin: *[\r][\n]"
22:00:05.278 [main] DEBUG org.apache.http.wire -  << "Etag: W/"3a8-j3C8983spvK8GpaSYa+SyYlAS2A"[\r][\n]"
22:00:05.278 [main] DEBUG org.apache.http.wire -  << "X-Powered-By: Express[\r][\n]"
22:00:05.278 [main] DEBUG org.apache.http.wire -  << "CF-Cache-Status: DYNAMIC[\r][\n]"
22:00:05.279 [main] DEBUG org.apache.http.wire -  << "Report-To: {"endpoints":[{"url":"https:\/\/a.nel.cloudflare.com\/report\/v3?s=iDqjP%2BUOmrOEvAIqEay36C5GoLsMSsBXn56PEAVro%2FJhvrZgJvQNiycQyb2LtpCWKSy3Tn0yAd%2FaEWHYn4F02bz4adBf8a61uW4Ctfm1vYduU6uXjfOXSTpoNl2VVekfh74Q"}],"group":"cf-nel","max_age":604800}[\r][\n]"
22:00:05.279 [main] DEBUG org.apache.http.wire -  << "NEL: {"success_fraction":0,"report_to":"cf-nel","max_age":604800}[\r][\n]"
22:00:05.279 [main] DEBUG org.apache.http.wire -  << "Server: cloudflare[\r][\n]"
22:00:05.279 [main] DEBUG org.apache.http.wire -  << "CF-RAY: 7b850e587bbe87cc-SIN[\r][\n]"
22:00:05.279 [main] DEBUG org.apache.http.wire -  << "Content-Encoding: gzip[\r][\n]"
22:00:05.279 [main] DEBUG org.apache.http.wire -  << "alt-svc: h3=":443"; ma=86400, h3-29=":443"; ma=86400[\r][\n]"
22:00:05.279 [main] DEBUG org.apache.http.wire -  << "[\r][\n]"
22:00:05.279 [main] DEBUG org.apache.http.impl.conn.DefaultClientConnection - Receiving response: HTTP/1.1 200 OK
22:00:05.279 [main] DEBUG org.apache.http.headers - << HTTP/1.1 200 OK
22:00:05.279 [main] DEBUG org.apache.http.headers - << Date: Sat, 15 Apr 2023 15:00:05 GMT
22:00:05.279 [main] DEBUG org.apache.http.headers - << Content-Type: application/json; charset=utf-8
22:00:05.280 [main] DEBUG org.apache.http.headers - << Transfer-Encoding: chunked
22:00:05.280 [main] DEBUG org.apache.http.headers - << Connection: keep-alive
22:00:05.280 [main] DEBUG org.apache.http.headers - << Access-Control-Allow-Origin: *
22:00:05.280 [main] DEBUG org.apache.http.headers - << Etag: W/"3a8-j3C8983spvK8GpaSYa+SyYlAS2A"
22:00:05.280 [main] DEBUG org.apache.http.headers - << X-Powered-By: Express
22:00:05.280 [main] DEBUG org.apache.http.headers - << CF-Cache-Status: DYNAMIC
22:00:05.280 [main] DEBUG org.apache.http.headers - << Report-To: {"endpoints":[{"url":"https:\/\/a.nel.cloudflare.com\/report\/v3?s=iDqjP%2BUOmrOEvAIqEay36C5GoLsMSsBXn56PEAVro%2FJhvrZgJvQNiycQyb2LtpCWKSy3Tn0yAd%2FaEWHYn4F02bz4adBf8a61uW4Ctfm1vYduU6uXjfOXSTpoNl2VVekfh74Q"}],"group":"cf-nel","max_age":604800}
22:00:05.280 [main] DEBUG org.apache.http.headers - << NEL: {"success_fraction":0,"report_to":"cf-nel","max_age":604800}
22:00:05.280 [main] DEBUG org.apache.http.headers - << Server: cloudflare
22:00:05.280 [main] DEBUG org.apache.http.headers - << CF-RAY: 7b850e587bbe87cc-SIN
22:00:05.280 [main] DEBUG org.apache.http.headers - << Content-Encoding: gzip
22:00:05.280 [main] DEBUG org.apache.http.headers - << alt-svc: h3=":443"; ma=86400, h3-29=":443"; ma=86400
22:00:05.280 [main] DEBUG org.apache.http.impl.client.DefaultHttpClient - Connection can be kept alive indefinitely
22:00:05.280 [main] DEBUG io.restassured.internal.RestAssuredHttpBuilder - Parsing response as: application/json; charset=utf-8
22:00:05.280 [main] DEBUG org.apache.http.wire -  << "da[\r][\n]"
22:00:05.280 [main] DEBUG org.apache.http.wire -  << "[0x1f][0x8b][0x8][0x0][0x0][0x0][0x0][0x0][0x0][0x3][0xa4][0x92][0xcb][\n]"
22:00:05.280 [main] DEBUG org.apache.http.wire -  << "[0x83]0[0x10]E[0xff]e[0xd6][0xb1]L&[0xbe][0x9a]?[0xe8][0xbe][0xab][0x8a][0x88]T[0x17]n[0xfa][0xd0]X([0xe2][0xbf][0x97][0xd6][0x96][0x98][0x4]-*d[0x91]p3[0xcc][0xb9]w&[0xe9][0xa0]*@r[0x6]mS[0xd6][0x87][0xe1]Z[0xe4][0xaa][0x4][0x9][0x84][0x84][0x1e][\n]"
22:00:05.280 [main] DEBUG org.apache.http.wire -  << "[0xf][0xe9][0x88](?g[0x87][0x88]'`p[0xab][0xaf]E{V[\r][0xc8][0xa4][0xfb]=[0xbe][0xc5][0xf7]6[0xbf][0xa8]J=A[0xfa]=3D[0x1a][0x8b][0xdc][0x12][0xc5]X[0xc][0xfb][0x94]A[0x96]=@[0xe2][0xfb][5[0x14]O[0x11][0xf2]%[0x84]4Gh[0xe0]s[0xb4][0xd4]`[0xac][0x92][0x8b](4"[0xb9]![0xf2]u![0x92][0x5][0xb1]7Ct |[\r]![0xdc][0x9c][0xf8][0xda]I:}[0x82][0xe9]>[0x8b][0xcc]FsK[0x11][0xff]1[0x1b]j[0x8]S[0xe2]8[0x17]97vF[0xb8][0x18][0x91][0xc6][0x88]7aL[0xfa]M_[0x0][0x0][0x0][0xff][0xff][0x3][0x0][0xa4]c}[0x94][0xa8][0x3][0x0][0x0]"
22:00:05.280 [main] DEBUG org.apache.http.wire -  << "[\r][\n]"
22:00:05.281 [main] DEBUG org.apache.http.wire -  << "0[\r][\n]"
22:00:05.281 [main] DEBUG org.apache.http.wire -  << "[\r][\n]"
22:00:05.281 [main] DEBUG io.restassured.internal.RestAssuredHttpBuilder - Parsed data to instance of: class org.apache.http.conn.EofSensorInputStream
22:00:05.283 [main] DEBUG org.apache.http.impl.conn.BasicClientConnectionManager - Releasing connection org.apache.http.impl.conn.ManagedClientConnectionImpl@285b491f
22:00:05.283 [main] DEBUG org.apache.http.impl.conn.BasicClientConnectionManager - Connection can be kept alive indefinitely
22:00:05.290 [main] DEBUG net.thucydides.core.steps.StepInterceptor - STEP DONE: I GET HTTP request cart data
  &amp#27;[32mWhen &amp#27;[0m&amp#27;[32mI GET HTTP request all cart data&amp#27;[0m                    &amp#27;[90m# starter.stepdefinition.CartSteps.getAllCartRequest()&amp#27;[0m
22:00:05.298 [main] DEBUG net.thucydides.core.steps.StepInterceptor - STARTING STEP: CartSteps.responseValid200 - I receive valid user HTTP response code 200
22:00:05.300 [main] DEBUG net.thucydides.core.steps.StepInterceptor - STEP DONE: I receive valid user HTTP response code 200
  &amp#27;[32mThen &amp#27;[0m&amp#27;[32mI receive valid get all cart HTTP response code 200&amp#27;[0m &amp#27;[90m# starter.stepdefinition.CartSteps.responseValid200()&amp#27;[0m
22:00:05.304 [main] INFO  - 
  _____   ___   ___   _____     ___     _     ___   ___   ___   ___  
 |_   _| | __| / __| |_   _|   | _ \   /_\   / __| / __| | __| |   \ 
   | |   | _|  \__ \   | |     |  _/  / _ \  \__ \ \__ \ | _|  | |) |
   |_|   |___| |___/   |_|     |_|   /_/ \_\ |___/ |___/ |___| |___/ 

CART - GET ALL detail data cart
----------------------------------------------------------------------
]]></system-out>
  </testcase>
  <testcase name="CART - GET limit result cart with valid param" classname="Cart" time="0.879">
    <system-out><![CDATA[
Scenario: CART - GET limit result cart with valid param        &amp#27;[90m# src/test/resources/api/cart.feature:25&amp#27;[0m
22:00:05.330 [main] INFO io.cucumber.core.plugin.SerenityReporter - Running feature from file:///C:/Users/User/IdeaProjects/CodeCompetence2/src/test/resources/api/cart.feature
22:00:05.330 [main] WARN io.cucumber.core.plugin.SerenityReporter - Feature from file:///C:/Users/User/IdeaProjects/CodeCompetence2/src/test/resources/api/cart.feature is not under the 'features' directory. Requirements report will not be correctly generated!
22:00:05.334 [main] INFO  - 
  _____   ___   ___   _____     ___   _____     _     ___   _____   ___   ___  
 |_   _| | __| / __| |_   _|   / __| |_   _|   /_\   | _ \ |_   _| | __| |   \ 
   | |   | _|  \__ \   | |     \__ \   | |    / _ \  |   /   | |   | _|  | |) |
   |_|   |___| |___/   |_|     |___/   |_|   /_/ \_\ |_|_\   |_|   |___| |___/ 

CART - GET limit result cart with valid param(cart;cart---get-limit-result-cart-with-valid-param)
--------------------------------------------------------------------------------
22:00:05.363 [main] DEBUG net.thucydides.core.steps.StepInterceptor - STARTING STEP: CartSteps.getLimitCartValidRequest - I GET user limit result cart with valid param
22:00:05.364 [main] DEBUG net.thucydides.core.steps.StepInterceptor - STEP DONE: I GET user limit result cart with valid param
  &amp#27;[32mGiven &amp#27;[0m&amp#27;[32mI GET user limit result cart with valid param&amp#27;[0m          &amp#27;[90m# starter.stepdefinition.CartSteps.getLimitCartValidRequest()&amp#27;[0m
22:00:05.376 [main] DEBUG net.thucydides.core.steps.StepInterceptor - STARTING STEP: CartSteps.getHTTPValidRequestWithLimitCartParam - I GET HTTP request limit result cart with valid param
22:00:05.381 [main] DEBUG net.thucydides.core.steps.StepInterceptor - STARTING STEP: Cart.getHTTPValidRequestWithLimitCartParam - I GET user limit result cart with valid param
22:00:05.381 [main] DEBUG net.thucydides.core.steps.StepInterceptor - STEP DONE: I GET user limit result cart with valid param
22:00:05.421 [main] DEBUG org.apache.http.impl.conn.BasicClientConnectionManager - Get connection for route {s}->https://fakestoreapi.com:443
22:00:05.421 [main] DEBUG org.apache.http.impl.conn.DefaultClientConnectionOperator - Connecting to fakestoreapi.com:443
22:00:05.514 [main] DEBUG org.apache.http.client.protocol.RequestAddCookies - CookieSpec selected: ignoreCookies
22:00:05.514 [main] DEBUG org.apache.http.client.protocol.RequestAuthCache - Auth cache not set in the context
22:00:05.514 [main] DEBUG org.apache.http.client.protocol.RequestTargetAuthentication - Target auth state: UNCHALLENGED
22:00:05.514 [main] DEBUG org.apache.http.client.protocol.RequestProxyAuthentication - Proxy auth state: UNCHALLENGED
22:00:05.514 [main] DEBUG org.apache.http.impl.client.DefaultHttpClient - Attempt 1 to execute request
22:00:05.514 [main] DEBUG org.apache.http.impl.conn.DefaultClientConnection - Sending request: GET /carts?limit=5 HTTP/1.1
22:00:05.514 [main] DEBUG org.apache.http.wire -  >> "GET /carts?limit=5 HTTP/1.1[\r][\n]"
22:00:05.514 [main] DEBUG org.apache.http.wire -  >> "Accept: */*[\r][\n]"
22:00:05.514 [main] DEBUG org.apache.http.wire -  >> "Host: fakestoreapi.com[\r][\n]"
22:00:05.514 [main] DEBUG org.apache.http.wire -  >> "Connection: Keep-Alive[\r][\n]"
22:00:05.514 [main] DEBUG org.apache.http.wire -  >> "User-Agent: Apache-HttpClient/4.5.13 (Java/19.0.2)[\r][\n]"
22:00:05.514 [main] DEBUG org.apache.http.wire -  >> "Accept-Encoding: gzip,deflate[\r][\n]"
22:00:05.514 [main] DEBUG org.apache.http.wire -  >> "[\r][\n]"
22:00:05.514 [main] DEBUG org.apache.http.headers - >> GET /carts?limit=5 HTTP/1.1
22:00:05.514 [main] DEBUG org.apache.http.headers - >> Accept: */*
22:00:05.515 [main] DEBUG org.apache.http.headers - >> Host: fakestoreapi.com
22:00:05.515 [main] DEBUG org.apache.http.headers - >> Connection: Keep-Alive
22:00:05.515 [main] DEBUG org.apache.http.headers - >> User-Agent: Apache-HttpClient/4.5.13 (Java/19.0.2)
22:00:05.515 [main] DEBUG org.apache.http.headers - >> Accept-Encoding: gzip,deflate
22:00:06.067 [main] DEBUG org.apache.http.wire -  << "HTTP/1.1 200 OK[\r][\n]"
22:00:06.067 [main] DEBUG org.apache.http.wire -  << "Date: Sat, 15 Apr 2023 15:00:05 GMT[\r][\n]"
22:00:06.067 [main] DEBUG org.apache.http.wire -  << "Content-Type: application/json; charset=utf-8[\r][\n]"
22:00:06.067 [main] DEBUG org.apache.http.wire -  << "Transfer-Encoding: chunked[\r][\n]"
22:00:06.067 [main] DEBUG org.apache.http.wire -  << "Connection: keep-alive[\r][\n]"
22:00:06.067 [main] DEBUG org.apache.http.wire -  << "Access-Control-Allow-Origin: *[\r][\n]"
22:00:06.067 [main] DEBUG org.apache.http.wire -  << "Etag: W/"2b8-bxJn825MWHOywV0kxdnZiZBgns8"[\r][\n]"
22:00:06.067 [main] DEBUG org.apache.http.wire -  << "X-Powered-By: Express[\r][\n]"
22:00:06.067 [main] DEBUG org.apache.http.wire -  << "CF-Cache-Status: DYNAMIC[\r][\n]"
22:00:06.067 [main] DEBUG org.apache.http.wire -  << "Report-To: {"endpoints":[{"url":"https:\/\/a.nel.cloudflare.com\/report\/v3?s=347vNsfzMN23LLk35IBtTjzhD49FlJJc767VLF6sMCWGQXftIwQpLQhAfY0eCXcvH60p5Koe%2Fd0csg%2F7wqBAfOEyJIccxVNkbeHUjIJjuxRgUrI50VVCS86Lsm4LZtcZXuQv"}],"group":"cf-nel","max_age":604800}[\r][\n]"
22:00:06.068 [main] DEBUG org.apache.http.wire -  << "NEL: {"success_fraction":0,"report_to":"cf-nel","max_age":604800}[\r][\n]"
22:00:06.068 [main] DEBUG org.apache.http.wire -  << "Server: cloudflare[\r][\n]"
22:00:06.068 [main] DEBUG org.apache.http.wire -  << "CF-RAY: 7b850e5db9c8a029-SIN[\r][\n]"
22:00:06.068 [main] DEBUG org.apache.http.wire -  << "Content-Encoding: gzip[\r][\n]"
22:00:06.068 [main] DEBUG org.apache.http.wire -  << "alt-svc: h3=":443"; ma=86400, h3-29=":443"; ma=86400[\r][\n]"
22:00:06.068 [main] DEBUG org.apache.http.wire -  << "[\r][\n]"
22:00:06.068 [main] DEBUG org.apache.http.impl.conn.DefaultClientConnection - Receiving response: HTTP/1.1 200 OK
22:00:06.068 [main] DEBUG org.apache.http.headers - << HTTP/1.1 200 OK
22:00:06.068 [main] DEBUG org.apache.http.headers - << Date: Sat, 15 Apr 2023 15:00:05 GMT
22:00:06.068 [main] DEBUG org.apache.http.headers - << Content-Type: application/json; charset=utf-8
22:00:06.068 [main] DEBUG org.apache.http.headers - << Transfer-Encoding: chunked
22:00:06.068 [main] DEBUG org.apache.http.headers - << Connection: keep-alive
22:00:06.068 [main] DEBUG org.apache.http.headers - << Access-Control-Allow-Origin: *
22:00:06.068 [main] DEBUG org.apache.http.headers - << Etag: W/"2b8-bxJn825MWHOywV0kxdnZiZBgns8"
22:00:06.068 [main] DEBUG org.apache.http.headers - << X-Powered-By: Express
22:00:06.068 [main] DEBUG org.apache.http.headers - << CF-Cache-Status: DYNAMIC
22:00:06.068 [main] DEBUG org.apache.http.headers - << Report-To: {"endpoints":[{"url":"https:\/\/a.nel.cloudflare.com\/report\/v3?s=347vNsfzMN23LLk35IBtTjzhD49FlJJc767VLF6sMCWGQXftIwQpLQhAfY0eCXcvH60p5Koe%2Fd0csg%2F7wqBAfOEyJIccxVNkbeHUjIJjuxRgUrI50VVCS86Lsm4LZtcZXuQv"}],"group":"cf-nel","max_age":604800}
22:00:06.068 [main] DEBUG org.apache.http.headers - << NEL: {"success_fraction":0,"report_to":"cf-nel","max_age":604800}
22:00:06.068 [main] DEBUG org.apache.http.headers - << Server: cloudflare
22:00:06.068 [main] DEBUG org.apache.http.headers - << CF-RAY: 7b850e5db9c8a029-SIN
22:00:06.068 [main] DEBUG org.apache.http.headers - << Content-Encoding: gzip
22:00:06.068 [main] DEBUG org.apache.http.headers - << alt-svc: h3=":443"; ma=86400, h3-29=":443"; ma=86400
22:00:06.069 [main] DEBUG org.apache.http.impl.client.DefaultHttpClient - Connection can be kept alive indefinitely
22:00:06.069 [main] DEBUG io.restassured.internal.RestAssuredHttpBuilder - Parsing response as: application/json; charset=utf-8
22:00:06.069 [main] DEBUG org.apache.http.wire -  << "c3[\r][\n]"
22:00:06.069 [main] DEBUG org.apache.http.wire -  << "[0x1f][0x8b][0x8][0x0][0x0][0x0][0x0][0x0][0x0][0x3][0x9c][0x92][0xcb][\n]"
22:00:06.069 [main] DEBUG org.apache.http.wire -  << "[0x83]0[0x10]E[0xff]e[0xd6][0xb1]L&[0xda]G[0xfe][0xa0][0xfb][0xae]*"[0xd2][0xb8]p[0xd3][0x87]&[0x85]"[0xfe]{im1[0xf]"(d[0x91]p2[0xcc][0x99][0x9b][0xe4]=4[\n]"
22:00:06.069 [main] DEBUG org.apache.http.wire -  << "$g`[0xba][0xba]=[0x8e][U[0xe9][0x1a]$[0x10][0x12]&([0x12][0xa4][0x13][0xa2][0xfc][0xae][\r]"[0x9e][0x81][0xc1][0xbd][0xbd])s[0xd1][0x1d][0xc8][0xbc][0xff][0x1f]~[0xc5][0xf]S]u[0xa3]_ [0xd3][0x81]9[0x90]l[0xc8]=(l[0xb8][0x1d][\n]"
22:00:06.070 [main] DEBUG org.apache.http.wire -  << "[0x6]e[0xf9][0x4][0x89][0x9f]k[0xcd]X[0x1c]3[0xe4]K[0xc]i[0xce][0xd0][0xd1][0xe7][0xe8][0xd1][0xcc][0xa6][0x14]*[0x8a]I[0x91][0xc2][0x10][0xf9][0xba][0x10][0xc9][0x93]8[0xb8]![0x6][0x12][0xe9]$![0xc2][0x9c][0xf8][0xda][0x97][0xc][0xfa]d[0xf1]>[0x8b][0x86][0xdd][0xcd]}[0x8a]}l[0xd8][0xe2][\r][0x0][0x0][0xff][0xff][0x3][0x0][0xf3][0x8][0xc4][0xf9][0xb8][0x2][0x0][0x0]"
22:00:06.070 [main] DEBUG org.apache.http.wire -  << "[\r][\n]"
22:00:06.070 [main] DEBUG org.apache.http.wire -  << "0[\r][\n]"
22:00:06.070 [main] DEBUG org.apache.http.wire -  << "[\r][\n]"
22:00:06.070 [main] DEBUG io.restassured.internal.RestAssuredHttpBuilder - Parsed data to instance of: class org.apache.http.conn.EofSensorInputStream
22:00:06.073 [main] DEBUG org.apache.http.impl.conn.BasicClientConnectionManager - Releasing connection org.apache.http.impl.conn.ManagedClientConnectionImpl@5c459194
22:00:06.073 [main] DEBUG org.apache.http.impl.conn.BasicClientConnectionManager - Connection can be kept alive indefinitely
22:00:06.078 [main] DEBUG net.thucydides.core.steps.StepInterceptor - STEP DONE: I GET HTTP request limit result cart with valid param
  &amp#27;[32mWhen &amp#27;[0m&amp#27;[32mI GET HTTP request limit result cart with valid param&amp#27;[0m   &amp#27;[90m# starter.stepdefinition.CartSteps.getHTTPValidRequestWithLimitCartParam()&amp#27;[0m
22:00:06.084 [main] DEBUG net.thucydides.core.steps.StepInterceptor - STARTING STEP: CartSteps.receiveLimitCartWithValidRequestParam - I receive limit result cart with request param
22:00:06.142 [main] DEBUG net.thucydides.core.steps.StepInterceptor - STEP DONE: I receive limit result cart with request param
  &amp#27;[32mAnd &amp#27;[0m&amp#27;[32mI receive limit result cart with request param&amp#27;[0m           &amp#27;[90m# starter.stepdefinition.CartSteps.receiveLimitCartWithValidRequestParam()&amp#27;[0m
22:00:06.150 [main] DEBUG net.thucydides.core.steps.StepInterceptor - STARTING STEP: CartSteps.receiveValidLimitCartResponseCode200 - I receive valid GET limit result cart response code 200
22:00:06.152 [main] DEBUG net.thucydides.core.steps.StepInterceptor - STEP DONE: I receive valid GET limit result cart response code 200
  &amp#27;[32mThen &amp#27;[0m&amp#27;[32mI receive valid GET limit result cart response code 200&amp#27;[0m &amp#27;[90m# starter.stepdefinition.CartSteps.receiveValidLimitCartResponseCode200()&amp#27;[0m
22:00:06.156 [main] INFO  - 
  _____   ___   ___   _____     ___     _     ___   ___   ___   ___  
 |_   _| | __| / __| |_   _|   | _ \   /_\   / __| / __| | __| |   \ 
   | |   | _|  \__ \   | |     |  _/  / _ \  \__ \ \__ \ | _|  | |) |
   |_|   |___| |___/   |_|     |_|   /_/ \_\ |___/ |___/ |___| |___/ 

CART - GET limit result cart with valid param
----------------------------------------------------------------------
]]></system-out>
  </testcase>
  <testcase name="CART - GET limit result cart with invalid param" classname="Cart" time="1.1">
    <system-out><![CDATA[22:00:06.186 [Finalizer] DEBUG org.apache.http.impl.conn.DefaultClientConnection - Connection 0.0.0.0:57055<->172.67.130.225:443 closed
22:00:06.187 [Finalizer] DEBUG org.apache.http.impl.conn.DefaultClientConnection - Connection 0.0.0.0:57054<->172.67.130.225:443 closed
22:00:06.194 [Finalizer] DEBUG org.apache.http.impl.conn.DefaultClientConnection - Connection 0.0.0.0:57057<->172.67.130.225:443 closed

Scenario: CART - GET limit result cart with invalid param        &amp#27;[90m# src/test/resources/api/cart.feature:31&amp#27;[0m
22:00:06.221 [main] INFO io.cucumber.core.plugin.SerenityReporter - Running feature from file:///C:/Users/User/IdeaProjects/CodeCompetence2/src/test/resources/api/cart.feature
22:00:06.221 [main] WARN io.cucumber.core.plugin.SerenityReporter - Feature from file:///C:/Users/User/IdeaProjects/CodeCompetence2/src/test/resources/api/cart.feature is not under the 'features' directory. Requirements report will not be correctly generated!
22:00:06.226 [main] INFO  - 
  _____   ___   ___   _____     ___   _____     _     ___   _____   ___   ___  
 |_   _| | __| / __| |_   _|   / __| |_   _|   /_\   | _ \ |_   _| | __| |   \ 
   | |   | _|  \__ \   | |     \__ \   | |    / _ \  |   /   | |   | _|  | |) |
   |_|   |___| |___/   |_|     |___/   |_|   /_/ \_\ |_|_\   |_|   |___| |___/ 

CART - GET limit result cart with invalid param(cart;cart---get-limit-result-cart-with-invalid-param)
--------------------------------------------------------------------------------
22:00:06.303 [main] DEBUG net.thucydides.core.steps.StepInterceptor - STARTING STEP: CartSteps.getLimitCartInvalidRequest - I GET user limit result cart with invalid param
22:00:06.304 [main] DEBUG net.thucydides.core.steps.StepInterceptor - STEP DONE: I GET user limit result cart with invalid param
  &amp#27;[32mGiven &amp#27;[0m&amp#27;[32mI GET user limit result cart with invalid param&amp#27;[0m          &amp#27;[90m# starter.stepdefinition.CartSteps.getLimitCartInvalidRequest()&amp#27;[0m
22:00:06.318 [main] DEBUG net.thucydides.core.steps.StepInterceptor - STARTING STEP: CartSteps.getHTTPInvalidRequestWithLimitCartParam - I GET HTTP request limit result cart with invalid param
22:00:06.321 [main] DEBUG net.thucydides.core.steps.StepInterceptor - STARTING STEP: Cart.getHTTPInvalidRequestWithLimitCartParam - I GET user limit result cart with invalid param
22:00:06.322 [main] DEBUG net.thucydides.core.steps.StepInterceptor - STEP DONE: I GET user limit result cart with invalid param
22:00:06.377 [main] DEBUG org.apache.http.impl.conn.BasicClientConnectionManager - Get connection for route {s}->https://fakestoreapi.com:443
22:00:06.378 [main] DEBUG org.apache.http.impl.conn.DefaultClientConnectionOperator - Connecting to fakestoreapi.com:443
22:00:06.527 [main] DEBUG org.apache.http.client.protocol.RequestAddCookies - CookieSpec selected: ignoreCookies
22:00:06.527 [main] DEBUG org.apache.http.client.protocol.RequestAuthCache - Auth cache not set in the context
22:00:06.527 [main] DEBUG org.apache.http.client.protocol.RequestTargetAuthentication - Target auth state: UNCHALLENGED
22:00:06.527 [main] DEBUG org.apache.http.client.protocol.RequestProxyAuthentication - Proxy auth state: UNCHALLENGED
22:00:06.527 [main] DEBUG org.apache.http.impl.client.DefaultHttpClient - Attempt 1 to execute request
22:00:06.527 [main] DEBUG org.apache.http.impl.conn.DefaultClientConnection - Sending request: GET /cart?limit=5 HTTP/1.1
22:00:06.527 [main] DEBUG org.apache.http.wire -  >> "GET /cart?limit=5 HTTP/1.1[\r][\n]"
22:00:06.528 [main] DEBUG org.apache.http.wire -  >> "Accept: */*[\r][\n]"
22:00:06.528 [main] DEBUG org.apache.http.wire -  >> "Host: fakestoreapi.com[\r][\n]"
22:00:06.528 [main] DEBUG org.apache.http.wire -  >> "Connection: Keep-Alive[\r][\n]"
22:00:06.528 [main] DEBUG org.apache.http.wire -  >> "User-Agent: Apache-HttpClient/4.5.13 (Java/19.0.2)[\r][\n]"
22:00:06.528 [main] DEBUG org.apache.http.wire -  >> "Accept-Encoding: gzip,deflate[\r][\n]"
22:00:06.528 [main] DEBUG org.apache.http.wire -  >> "[\r][\n]"
22:00:06.528 [main] DEBUG org.apache.http.headers - >> GET /cart?limit=5 HTTP/1.1
22:00:06.528 [main] DEBUG org.apache.http.headers - >> Accept: */*
22:00:06.528 [main] DEBUG org.apache.http.headers - >> Host: fakestoreapi.com
22:00:06.528 [main] DEBUG org.apache.http.headers - >> Connection: Keep-Alive
22:00:06.528 [main] DEBUG org.apache.http.headers - >> User-Agent: Apache-HttpClient/4.5.13 (Java/19.0.2)
22:00:06.528 [main] DEBUG org.apache.http.headers - >> Accept-Encoding: gzip,deflate
22:00:07.263 [main] DEBUG org.apache.http.wire -  << "HTTP/1.1 404 Not Found[\r][\n]"
22:00:07.263 [main] DEBUG org.apache.http.wire -  << "Date: Sat, 15 Apr 2023 15:00:07 GMT[\r][\n]"
22:00:07.263 [main] DEBUG org.apache.http.wire -  << "Content-Type: text/html; charset=utf-8[\r][\n]"
22:00:07.263 [main] DEBUG org.apache.http.wire -  << "Transfer-Encoding: chunked[\r][\n]"
22:00:07.263 [main] DEBUG org.apache.http.wire -  << "Connection: keep-alive[\r][\n]"
22:00:07.263 [main] DEBUG org.apache.http.wire -  << "Access-Control-Allow-Origin: *[\r][\n]"
22:00:07.263 [main] DEBUG org.apache.http.wire -  << "Content-Security-Policy: default-src 'none'[\r][\n]"
22:00:07.263 [main] DEBUG org.apache.http.wire -  << "X-Content-Type-Options: nosniff[\r][\n]"
22:00:07.263 [main] DEBUG org.apache.http.wire -  << "X-Powered-By: Express[\r][\n]"
22:00:07.263 [main] DEBUG org.apache.http.wire -  << "CF-Cache-Status: DYNAMIC[\r][\n]"
22:00:07.263 [main] DEBUG org.apache.http.wire -  << "Report-To: {"endpoints":[{"url":"https:\/\/a.nel.cloudflare.com\/report\/v3?s=ctWuDB7lBDRh5nlriJoKoDfzBNu4UUUC3OkDAoBL7CoLlrGa0fuZWLpiTWUplpyXouNvcBnCjOki%2Bd96gWgLzyFysI8pSCQ4Xrwa%2B29%2B%2FRaujITZq%2Boz4SwwsUYk%2BBxJyjoa"}],"group":"cf-nel","max_age":604800}[\r][\n]"
22:00:07.263 [main] DEBUG org.apache.http.wire -  << "NEL: {"success_fraction":0,"report_to":"cf-nel","max_age":604800}[\r][\n]"
22:00:07.263 [main] DEBUG org.apache.http.wire -  << "Server: cloudflare[\r][\n]"
22:00:07.263 [main] DEBUG org.apache.http.wire -  << "CF-RAY: 7b850e640c0518f4-SIN[\r][\n]"
22:00:07.263 [main] DEBUG org.apache.http.wire -  << "Content-Encoding: gzip[\r][\n]"
22:00:07.263 [main] DEBUG org.apache.http.wire -  << "alt-svc: h3=":443"; ma=86400, h3-29=":443"; ma=86400[\r][\n]"
22:00:07.263 [main] DEBUG org.apache.http.wire -  << "[\r][\n]"
22:00:07.263 [main] DEBUG org.apache.http.impl.conn.DefaultClientConnection - Receiving response: HTTP/1.1 404 Not Found
22:00:07.264 [main] DEBUG org.apache.http.headers - << HTTP/1.1 404 Not Found
22:00:07.264 [main] DEBUG org.apache.http.headers - << Date: Sat, 15 Apr 2023 15:00:07 GMT
22:00:07.264 [main] DEBUG org.apache.http.headers - << Content-Type: text/html; charset=utf-8
22:00:07.264 [main] DEBUG org.apache.http.headers - << Transfer-Encoding: chunked
22:00:07.264 [main] DEBUG org.apache.http.headers - << Connection: keep-alive
22:00:07.264 [main] DEBUG org.apache.http.headers - << Access-Control-Allow-Origin: *
22:00:07.264 [main] DEBUG org.apache.http.headers - << Content-Security-Policy: default-src 'none'
22:00:07.264 [main] DEBUG org.apache.http.headers - << X-Content-Type-Options: nosniff
22:00:07.264 [main] DEBUG org.apache.http.headers - << X-Powered-By: Express
22:00:07.264 [main] DEBUG org.apache.http.headers - << CF-Cache-Status: DYNAMIC
22:00:07.264 [main] DEBUG org.apache.http.headers - << Report-To: {"endpoints":[{"url":"https:\/\/a.nel.cloudflare.com\/report\/v3?s=ctWuDB7lBDRh5nlriJoKoDfzBNu4UUUC3OkDAoBL7CoLlrGa0fuZWLpiTWUplpyXouNvcBnCjOki%2Bd96gWgLzyFysI8pSCQ4Xrwa%2B29%2B%2FRaujITZq%2Boz4SwwsUYk%2BBxJyjoa"}],"group":"cf-nel","max_age":604800}
22:00:07.264 [main] DEBUG org.apache.http.headers - << NEL: {"success_fraction":0,"report_to":"cf-nel","max_age":604800}
22:00:07.264 [main] DEBUG org.apache.http.headers - << Server: cloudflare
22:00:07.264 [main] DEBUG org.apache.http.headers - << CF-RAY: 7b850e640c0518f4-SIN
22:00:07.264 [main] DEBUG org.apache.http.headers - << Content-Encoding: gzip
22:00:07.264 [main] DEBUG org.apache.http.headers - << alt-svc: h3=":443"; ma=86400, h3-29=":443"; ma=86400
22:00:07.264 [main] DEBUG org.apache.http.impl.client.DefaultHttpClient - Connection can be kept alive indefinitely
22:00:07.265 [main] DEBUG io.restassured.internal.RestAssuredHttpBuilder - Parsing response as: text/html; charset=utf-8
22:00:07.265 [main] DEBUG org.apache.http.wire -  << "8c[\r][\n]"
22:00:07.265 [main] DEBUG org.apache.http.wire -  << "[0x1f][0x8b][0x8][0x0][0x0][0x0][0x0][0x0][0x0][0x3],[0x8d][0xb1][0xe][0xc2]0[0xc]D[0xf7]|[0x85][0xc9][0x8e][0xbc]2[0xb8]^J[0xc4][0x8]C[0x17]F[0xd3][0x1a][0x8a][0x94]&[0x95]1[0x3][0x8f][0x2][0x9d]N[0xf7][0xee]NG[0xbb][0xe3][0xb9][0x1f][0xae][0x97][0x4][0xb3]/[0x99][0x3]5[0x81],[0xe5][0xd1]E-[0xb1][0x1][0x95][0x89][0x3]-[0xea][0x2][0xe3],[0xf6]R[0xef][0xe2][0xdb][0xef][0xfb]CK[0xfd][0xe9]Y9[0x99]U#[0xfc][0x9b]@[0xb8]mnu[0xfa]p[0xa0][0xd5][0x94]{)[0xa5]:[0x9c][0xd2][0x0]8[0x8a]9a[0xa3][0x81]p[0xeb][0xe0][0xef][0xfe][0xb][0x0][0x0][0xff][0xff][0xe3][0x2][0x0]0E[0xcf][0xb4][0x8f][0x0][0x0][0x0]"
22:00:07.265 [main] DEBUG org.apache.http.wire -  << "[\r][\n]"
22:00:07.266 [main] DEBUG org.apache.http.wire -  << "0[\r][\n]"
22:00:07.266 [main] DEBUG org.apache.http.wire -  << "[\r][\n]"
22:00:07.266 [main] DEBUG io.restassured.internal.RestAssuredHttpBuilder - Parsed data to instance of: class org.apache.http.conn.EofSensorInputStream
22:00:07.268 [main] DEBUG org.apache.http.impl.conn.BasicClientConnectionManager - Releasing connection org.apache.http.impl.conn.ManagedClientConnectionImpl@4b360a82
22:00:07.268 [main] DEBUG org.apache.http.impl.conn.BasicClientConnectionManager - Connection can be kept alive indefinitely
22:00:07.271 [main] DEBUG net.thucydides.core.steps.StepInterceptor - STEP DONE: I GET HTTP request limit result cart with invalid param
  &amp#27;[32mWhen &amp#27;[0m&amp#27;[32mI GET HTTP request limit result cart with invalid param&amp#27;[0m   &amp#27;[90m# starter.stepdefinition.CartSteps.getHTTPInvalidRequestWithLimitCartParam()&amp#27;[0m
22:00:07.276 [main] DEBUG net.thucydides.core.steps.StepInterceptor - STARTING STEP: CartSteps.receiveLimitCartWitInvalidhRequestParam - I receive limit result cart with invalid request param
22:00:07.278 [main] DEBUG net.thucydides.core.steps.StepInterceptor - STEP DONE: I receive limit result cart with invalid request param
  &amp#27;[32mAnd &amp#27;[0m&amp#27;[32mI receive limit result cart with invalid request param&amp#27;[0m     &amp#27;[90m# starter.stepdefinition.CartSteps.receiveLimitCartWitInvalidhRequestParam()&amp#27;[0m
22:00:07.292 [main] DEBUG net.thucydides.core.steps.StepInterceptor - STARTING STEP: CartSteps.receiveInvalidLimitCartResponseCode404 - I receive invalid GET limit result cart response code 404
22:00:07.293 [main] DEBUG net.thucydides.core.steps.StepInterceptor - STEP DONE: I receive invalid GET limit result cart response code 404
  &amp#27;[32mThen &amp#27;[0m&amp#27;[32mI receive invalid GET limit result cart response code 404&amp#27;[0m &amp#27;[90m# starter.stepdefinition.CartSteps.receiveInvalidLimitCartResponseCode404()&amp#27;[0m
22:00:07.297 [main] INFO  - 
  _____   ___   ___   _____     ___     _     ___   ___   ___   ___  
 |_   _| | __| / __| |_   _|   | _ \   /_\   / __| / __| | __| |   \ 
   | |   | _|  \__ \   | |     |  _/  / _ \  \__ \ \__ \ | _|  | |) |
   |_|   |___| |___/   |_|     |_|   /_/ \_\ |___/ |___/ |___| |___/ 

CART - GET limit result cart with invalid param
----------------------------------------------------------------------
]]></system-out>
  </testcase>
  <testcase name="CART - GET result cart in descending sort" classname="Cart" time="1.217">
    <system-out><![CDATA[
Scenario: CART - GET result cart in descending sort               &amp#27;[90m# src/test/resources/api/cart.feature:37&amp#27;[0m
22:00:07.325 [main] INFO io.cucumber.core.plugin.SerenityReporter - Running feature from file:///C:/Users/User/IdeaProjects/CodeCompetence2/src/test/resources/api/cart.feature
22:00:07.325 [main] WARN io.cucumber.core.plugin.SerenityReporter - Feature from file:///C:/Users/User/IdeaProjects/CodeCompetence2/src/test/resources/api/cart.feature is not under the 'features' directory. Requirements report will not be correctly generated!
22:00:07.347 [main] INFO  - 
  _____   ___   ___   _____     ___   _____     _     ___   _____   ___   ___  
 |_   _| | __| / __| |_   _|   / __| |_   _|   /_\   | _ \ |_   _| | __| |   \ 
   | |   | _|  \__ \   | |     \__ \   | |    / _ \  |   /   | |   | _|  | |) |
   |_|   |___| |___/   |_|     |___/   |_|   /_/ \_\ |_|_\   |_|   |___| |___/ 

CART - GET result cart in descending sort(cart;cart---get-result-cart-in-descending-sort)
--------------------------------------------------------------------------------
22:00:07.382 [main] DEBUG net.thucydides.core.steps.StepInterceptor - STARTING STEP: CartSteps.setGetCartEndpoint - I GET API cart endpoint
22:00:07.383 [main] DEBUG net.thucydides.core.steps.StepInterceptor - STEP DONE: I GET API cart endpoint
  &amp#27;[32mGiven &amp#27;[0m&amp#27;[32mI GET API cart endpoint&amp#27;[0m                                   &amp#27;[90m# starter.stepdefinition.CartSteps.setGetCartEndpoint()&amp#27;[0m
22:00:07.392 [main] DEBUG net.thucydides.core.steps.StepInterceptor - STARTING STEP: CartSteps.getProductWithSort - I GET HTTP request cart with decending sort
22:00:07.396 [main] DEBUG net.thucydides.core.steps.StepInterceptor - STARTING STEP: Cart.getSortCartRequest - I GET API cart endpoint
22:00:07.397 [main] DEBUG net.thucydides.core.steps.StepInterceptor - STEP DONE: I GET API cart endpoint
22:00:07.452 [main] DEBUG org.apache.http.impl.conn.BasicClientConnectionManager - Get connection for route {s}->https://fakestoreapi.com:443
22:00:07.452 [main] DEBUG org.apache.http.impl.conn.DefaultClientConnectionOperator - Connecting to fakestoreapi.com:443
22:00:07.614 [main] DEBUG org.apache.http.client.protocol.RequestAddCookies - CookieSpec selected: ignoreCookies
22:00:07.614 [main] DEBUG org.apache.http.client.protocol.RequestAuthCache - Auth cache not set in the context
22:00:07.614 [main] DEBUG org.apache.http.client.protocol.RequestTargetAuthentication - Target auth state: UNCHALLENGED
22:00:07.614 [main] DEBUG org.apache.http.client.protocol.RequestProxyAuthentication - Proxy auth state: UNCHALLENGED
22:00:07.614 [main] DEBUG org.apache.http.impl.client.DefaultHttpClient - Attempt 1 to execute request
22:00:07.614 [main] DEBUG org.apache.http.impl.conn.DefaultClientConnection - Sending request: GET /carts?sort=desc HTTP/1.1
22:00:07.614 [main] DEBUG org.apache.http.wire -  >> "GET /carts?sort=desc HTTP/1.1[\r][\n]"
22:00:07.614 [main] DEBUG org.apache.http.wire -  >> "Accept: */*[\r][\n]"
22:00:07.614 [main] DEBUG org.apache.http.wire -  >> "Host: fakestoreapi.com[\r][\n]"
22:00:07.614 [main] DEBUG org.apache.http.wire -  >> "Connection: Keep-Alive[\r][\n]"
22:00:07.614 [main] DEBUG org.apache.http.wire -  >> "User-Agent: Apache-HttpClient/4.5.13 (Java/19.0.2)[\r][\n]"
22:00:07.614 [main] DEBUG org.apache.http.wire -  >> "Accept-Encoding: gzip,deflate[\r][\n]"
22:00:07.614 [main] DEBUG org.apache.http.wire -  >> "[\r][\n]"
22:00:07.614 [main] DEBUG org.apache.http.headers - >> GET /carts?sort=desc HTTP/1.1
22:00:07.615 [main] DEBUG org.apache.http.headers - >> Accept: */*
22:00:07.615 [main] DEBUG org.apache.http.headers - >> Host: fakestoreapi.com
22:00:07.615 [main] DEBUG org.apache.http.headers - >> Connection: Keep-Alive
22:00:07.615 [main] DEBUG org.apache.http.headers - >> User-Agent: Apache-HttpClient/4.5.13 (Java/19.0.2)
22:00:07.615 [main] DEBUG org.apache.http.headers - >> Accept-Encoding: gzip,deflate
22:00:08.497 [main] DEBUG org.apache.http.wire -  << "HTTP/1.1 200 OK[\r][\n]"
22:00:08.497 [main] DEBUG org.apache.http.wire -  << "Date: Sat, 15 Apr 2023 15:00:08 GMT[\r][\n]"
22:00:08.497 [main] DEBUG org.apache.http.wire -  << "Content-Type: application/json; charset=utf-8[\r][\n]"
22:00:08.497 [main] DEBUG org.apache.http.wire -  << "Transfer-Encoding: chunked[\r][\n]"
22:00:08.497 [main] DEBUG org.apache.http.wire -  << "Connection: keep-alive[\r][\n]"
22:00:08.497 [main] DEBUG org.apache.http.wire -  << "Access-Control-Allow-Origin: *[\r][\n]"
22:00:08.498 [main] DEBUG org.apache.http.wire -  << "Etag: W/"3a8-nb02RQT3OuKfcepxTeTynGjWm8Q"[\r][\n]"
22:00:08.498 [main] DEBUG org.apache.http.wire -  << "X-Powered-By: Express[\r][\n]"
22:00:08.498 [main] DEBUG org.apache.http.wire -  << "CF-Cache-Status: DYNAMIC[\r][\n]"
22:00:08.498 [main] DEBUG org.apache.http.wire -  << "Report-To: {"endpoints":[{"url":"https:\/\/a.nel.cloudflare.com\/report\/v3?s=mR59zA5dhW%2FWK9Isip95OAfyyxOGuDtOJWQjTZgwf4Ph4cmFbIJpCO%2FIAzNfLE2JcXFAYQOwAXnf0Tni16adISZZnns7bsVPkoUuFjpfoLLxjBiPqIKPMRY9UIPnB7J7UeKY"}],"group":"cf-nel","max_age":604800}[\r][\n]"
22:00:08.498 [main] DEBUG org.apache.http.wire -  << "NEL: {"success_fraction":0,"report_to":"cf-nel","max_age":604800}[\r][\n]"
22:00:08.498 [main] DEBUG org.apache.http.wire -  << "Server: cloudflare[\r][\n]"
22:00:08.498 [main] DEBUG org.apache.http.wire -  << "CF-RAY: 7b850e6adc229e38-SIN[\r][\n]"
22:00:08.498 [main] DEBUG org.apache.http.wire -  << "Content-Encoding: gzip[\r][\n]"
22:00:08.498 [main] DEBUG org.apache.http.wire -  << "alt-svc: h3=":443"; ma=86400, h3-29=":443"; ma=86400[\r][\n]"
22:00:08.498 [main] DEBUG org.apache.http.wire -  << "[\r][\n]"
22:00:08.498 [main] DEBUG org.apache.http.impl.conn.DefaultClientConnection - Receiving response: HTTP/1.1 200 OK
22:00:08.498 [main] DEBUG org.apache.http.headers - << HTTP/1.1 200 OK
22:00:08.498 [main] DEBUG org.apache.http.headers - << Date: Sat, 15 Apr 2023 15:00:08 GMT
22:00:08.498 [main] DEBUG org.apache.http.headers - << Content-Type: application/json; charset=utf-8
22:00:08.498 [main] DEBUG org.apache.http.headers - << Transfer-Encoding: chunked
22:00:08.498 [main] DEBUG org.apache.http.headers - << Connection: keep-alive
22:00:08.498 [main] DEBUG org.apache.http.headers - << Access-Control-Allow-Origin: *
22:00:08.498 [main] DEBUG org.apache.http.headers - << Etag: W/"3a8-nb02RQT3OuKfcepxTeTynGjWm8Q"
22:00:08.498 [main] DEBUG org.apache.http.headers - << X-Powered-By: Express
22:00:08.498 [main] DEBUG org.apache.http.headers - << CF-Cache-Status: DYNAMIC
22:00:08.498 [main] DEBUG org.apache.http.headers - << Report-To: {"endpoints":[{"url":"https:\/\/a.nel.cloudflare.com\/report\/v3?s=mR59zA5dhW%2FWK9Isip95OAfyyxOGuDtOJWQjTZgwf4Ph4cmFbIJpCO%2FIAzNfLE2JcXFAYQOwAXnf0Tni16adISZZnns7bsVPkoUuFjpfoLLxjBiPqIKPMRY9UIPnB7J7UeKY"}],"group":"cf-nel","max_age":604800}
22:00:08.498 [main] DEBUG org.apache.http.headers - << NEL: {"success_fraction":0,"report_to":"cf-nel","max_age":604800}
22:00:08.498 [main] DEBUG org.apache.http.headers - << Server: cloudflare
22:00:08.498 [main] DEBUG org.apache.http.headers - << CF-RAY: 7b850e6adc229e38-SIN
22:00:08.498 [main] DEBUG org.apache.http.headers - << Content-Encoding: gzip
22:00:08.498 [main] DEBUG org.apache.http.headers - << alt-svc: h3=":443"; ma=86400, h3-29=":443"; ma=86400
22:00:08.499 [main] DEBUG org.apache.http.impl.client.DefaultHttpClient - Connection can be kept alive indefinitely
22:00:08.499 [main] DEBUG io.restassured.internal.RestAssuredHttpBuilder - Parsing response as: application/json; charset=utf-8
22:00:08.499 [main] DEBUG org.apache.http.wire -  << "db[\r][\n]"
22:00:08.499 [main] DEBUG org.apache.http.wire -  << "[0x1f][0x8b][0x8][0x0][0x0][0x0][0x0][0x0][0x0][0x3][0xa4][0x92][0xcb][\n]"
22:00:08.499 [main] DEBUG org.apache.http.wire -  << "[0x83]0[0x10]E[0xff]e[0xd6][0xb1]L&[0xbe][0x9a]?[0xe8][0xbe][0xab][0x8a][0x88]4.[0xdc][0xf4][0xa1][0xb1]P[0xc4]/[0xb6][0x94]$[\r]jE[0xc8]F.[0xf1][0x9c]{I[0xd6]C[0xad]@&[0xc][0xba][0xb6]j[0xe][\n]"
22:00:08.499 [main] DEBUG org.apache.http.wire -  << "d[0xca]@[0x95][0xba][0x2][0x9][0x84][0x84][0x1][0x8a][0x0][0xf9][0x11]Q[0xbe][0xcf][0xe][0x11]O[0xc0][0xe0][0xd6]\Uw[0xd6]-[0xc8][0xac][0xff]~[0x8c][0x97]y[0xca][0xe0][0xde][0x95][0x17]][0xeb]'H>[0xe4][0xc][0x8a][0xe2][0x1][0x12][0x7][0xf6][0x1][0xc5][0x6][0x14]n[0x2][0xa1][\r][0xa2][0xf1][0xf7]vJv*|[0x8d][0xc8]h[0x88]-[0x1a][0x89][[0xd7][0xb5]X[0xda]"[0x9c][0x96][0xe0][0xab][0xb6][0xb0]9[0xa1][0xcf][0x11][0x86]C[0x9b]6[0x9f][0x9b]|[0xbf]P[0x96][0x8c][0x4][0xf7][0xcb][0xd2][0xdf][0x12][0xe4][0x96]e[0xd3][0x86][0x1c][0xd2][0xc8][0xf5][0xf7][0x14][0xf9][0xb4][0xa2]X[0xa3][0xc8][0xe7][0x14]i[0xee][0xc5][0x8];[0x8c]-[0xc3][0xfc][0x5][0x0][0x0][0xff][0xff][0x3][0x0]A3[0x1d][0xbb][0xa8][0x3][0x0][0x0]"
22:00:08.499 [main] DEBUG org.apache.http.wire -  << "[\r][\n]"
22:00:08.500 [main] DEBUG org.apache.http.wire -  << "0[\r][\n]"
22:00:08.500 [main] DEBUG org.apache.http.wire -  << "[\r][\n]"
22:00:08.500 [main] DEBUG io.restassured.internal.RestAssuredHttpBuilder - Parsed data to instance of: class org.apache.http.conn.EofSensorInputStream
22:00:08.502 [main] DEBUG org.apache.http.impl.conn.BasicClientConnectionManager - Releasing connection org.apache.http.impl.conn.ManagedClientConnectionImpl@61648dd2
22:00:08.502 [main] DEBUG org.apache.http.impl.conn.BasicClientConnectionManager - Connection can be kept alive indefinitely
22:00:08.505 [main] DEBUG net.thucydides.core.steps.StepInterceptor - STEP DONE: I GET HTTP request cart with decending sort
  &amp#27;[32mWhen &amp#27;[0m&amp#27;[32mI GET HTTP request cart with decending sort&amp#27;[0m                &amp#27;[90m# starter.stepdefinition.CartSteps.getProductWithSort()&amp#27;[0m
22:00:08.512 [main] DEBUG net.thucydides.core.steps.StepInterceptor - STARTING STEP: CartSteps.responseSortValid200 - I receive invalid get descending cart HTTP response code 200
22:00:08.514 [main] DEBUG net.thucydides.core.steps.StepInterceptor - STEP DONE: I receive invalid get descending cart HTTP response code 200
  &amp#27;[32mThen &amp#27;[0m&amp#27;[32mI receive valid get descending cart HTTP response code 200&amp#27;[0m &amp#27;[90m# starter.stepdefinition.CartSteps.responseSortValid200()&amp#27;[0m
22:00:08.517 [main] INFO  - 
  _____   ___   ___   _____     ___     _     ___   ___   ___   ___  
 |_   _| | __| / __| |_   _|   | _ \   /_\   / __| / __| | __| |   \ 
   | |   | _|  \__ \   | |     |  _/  / _ \  \__ \ \__ \ | _|  | |) |
   |_|   |___| |___/   |_|     |_|   /_/ \_\ |___/ |___/ |___| |___/ 

CART - GET result cart in descending sort
----------------------------------------------------------------------
]]></system-out>
  </testcase>
  <testcase name="CART - GET ALL detail data user cart with invalid url" classname="Cart" time="2.299">
    <system-out><![CDATA[
Scenario: CART - GET ALL detail data user cart with invalid url &amp#27;[90m# src/test/resources/api/cart.feature:42&amp#27;[0m
22:00:08.537 [main] INFO io.cucumber.core.plugin.SerenityReporter - Running feature from file:///C:/Users/User/IdeaProjects/CodeCompetence2/src/test/resources/api/cart.feature
22:00:08.537 [main] WARN io.cucumber.core.plugin.SerenityReporter - Feature from file:///C:/Users/User/IdeaProjects/CodeCompetence2/src/test/resources/api/cart.feature is not under the 'features' directory. Requirements report will not be correctly generated!
22:00:08.541 [main] INFO  - 
  _____   ___   ___   _____     ___   _____     _     ___   _____   ___   ___  
 |_   _| | __| / __| |_   _|   / __| |_   _|   /_\   | _ \ |_   _| | __| |   \ 
   | |   | _|  \__ \   | |     \__ \   | |    / _ \  |   /   | |   | _|  | |) |
   |_|   |___| |___/   |_|     |___/   |_|   /_/ \_\ |_|_\   |_|   |___| |___/ 

CART - GET ALL detail data user cart with invalid url(cart;cart---get-all-detail-data-user-cart-with-invalid-url)
--------------------------------------------------------------------------------
22:00:08.562 [main] DEBUG net.thucydides.core.steps.StepInterceptor - STARTING STEP: CartSteps.setGetAllProductEndpointUrl - I GET Wrong API all product endpoints
22:00:08.562 [main] DEBUG net.thucydides.core.steps.StepInterceptor - STEP DONE: I GET Wrong API all product endpoints
  &amp#27;[32mGiven &amp#27;[0m&amp#27;[32mI GET Wrong API all cart url endpoints&amp#27;[0m                  &amp#27;[90m# starter.stepdefinition.CartSteps.setGetAllProductEndpointUrl()&amp#27;[0m
22:00:08.572 [main] DEBUG net.thucydides.core.steps.StepInterceptor - STARTING STEP: CartSteps.getAllProductRequestUrl - I GET HTTP request user data
22:00:08.579 [main] DEBUG net.thucydides.core.steps.StepInterceptor - STARTING STEP: Cart.getAllCartRequestUrl - I GET Wrong API all product endpoints
22:00:08.580 [main] DEBUG net.thucydides.core.steps.StepInterceptor - STEP DONE: I GET Wrong API all product endpoints
22:00:08.607 [main] DEBUG org.apache.http.impl.conn.BasicClientConnectionManager - Get connection for route {s}->https://fakestoreapi.com:443
22:00:08.608 [main] DEBUG org.apache.http.impl.conn.DefaultClientConnectionOperator - Connecting to fakestoreapi.com:443
22:00:10.093 [main] DEBUG org.apache.http.client.protocol.RequestAddCookies - CookieSpec selected: ignoreCookies
22:00:10.093 [main] DEBUG org.apache.http.client.protocol.RequestAuthCache - Auth cache not set in the context
22:00:10.093 [main] DEBUG org.apache.http.client.protocol.RequestTargetAuthentication - Target auth state: UNCHALLENGED
22:00:10.093 [main] DEBUG org.apache.http.client.protocol.RequestProxyAuthentication - Proxy auth state: UNCHALLENGED
22:00:10.093 [main] DEBUG org.apache.http.impl.client.DefaultHttpClient - Attempt 1 to execute request
22:00:10.093 [main] DEBUG org.apache.http.impl.conn.DefaultClientConnection - Sending request: GET /keranjang HTTP/1.1
22:00:10.093 [main] DEBUG org.apache.http.wire -  >> "GET /keranjang HTTP/1.1[\r][\n]"
22:00:10.093 [main] DEBUG org.apache.http.wire -  >> "Accept: */*[\r][\n]"
22:00:10.093 [main] DEBUG org.apache.http.wire -  >> "Host: fakestoreapi.com[\r][\n]"
22:00:10.093 [main] DEBUG org.apache.http.wire -  >> "Connection: Keep-Alive[\r][\n]"
22:00:10.093 [main] DEBUG org.apache.http.wire -  >> "User-Agent: Apache-HttpClient/4.5.13 (Java/19.0.2)[\r][\n]"
22:00:10.093 [main] DEBUG org.apache.http.wire -  >> "Accept-Encoding: gzip,deflate[\r][\n]"
22:00:10.093 [main] DEBUG org.apache.http.wire -  >> "[\r][\n]"
22:00:10.093 [main] DEBUG org.apache.http.headers - >> GET /keranjang HTTP/1.1
22:00:10.093 [main] DEBUG org.apache.http.headers - >> Accept: */*
22:00:10.093 [main] DEBUG org.apache.http.headers - >> Host: fakestoreapi.com
22:00:10.093 [main] DEBUG org.apache.http.headers - >> Connection: Keep-Alive
22:00:10.094 [main] DEBUG org.apache.http.headers - >> User-Agent: Apache-HttpClient/4.5.13 (Java/19.0.2)
22:00:10.094 [main] DEBUG org.apache.http.headers - >> Accept-Encoding: gzip,deflate
22:00:10.800 [main] DEBUG org.apache.http.wire -  << "HTTP/1.1 404 Not Found[\r][\n]"
22:00:10.801 [main] DEBUG org.apache.http.wire -  << "Date: Sat, 15 Apr 2023 15:00:10 GMT[\r][\n]"
22:00:10.801 [main] DEBUG org.apache.http.wire -  << "Content-Type: text/html; charset=utf-8[\r][\n]"
22:00:10.801 [main] DEBUG org.apache.http.wire -  << "Transfer-Encoding: chunked[\r][\n]"
22:00:10.801 [main] DEBUG org.apache.http.wire -  << "Connection: keep-alive[\r][\n]"
22:00:10.801 [main] DEBUG org.apache.http.wire -  << "Access-Control-Allow-Origin: *[\r][\n]"
22:00:10.801 [main] DEBUG org.apache.http.wire -  << "Content-Security-Policy: default-src 'none'[\r][\n]"
22:00:10.801 [main] DEBUG org.apache.http.wire -  << "X-Content-Type-Options: nosniff[\r][\n]"
22:00:10.801 [main] DEBUG org.apache.http.wire -  << "X-Powered-By: Express[\r][\n]"
22:00:10.801 [main] DEBUG org.apache.http.wire -  << "CF-Cache-Status: DYNAMIC[\r][\n]"
22:00:10.801 [main] DEBUG org.apache.http.wire -  << "Report-To: {"endpoints":[{"url":"https:\/\/a.nel.cloudflare.com\/report\/v3?s=Z56%2BAjT8EeKsUcFRod63lwBTPHlfMQ534AS0z4mgpSiccyrs99mfOP9bPtcPOwvJA1xVCl9aD8T%2FQuOfJnPYkxIHBaGMiYijUejtzqiQuDjaAedz8%2FnhZ0getHpkay0Ug0L7"}],"group":"cf-nel","max_age":604800}[\r][\n]"
22:00:10.801 [main] DEBUG org.apache.http.wire -  << "NEL: {"success_fraction":0,"report_to":"cf-nel","max_age":604800}[\r][\n]"
22:00:10.801 [main] DEBUG org.apache.http.wire -  << "Server: cloudflare[\r][\n]"
22:00:10.801 [main] DEBUG org.apache.http.wire -  << "CF-RAY: 7b850e7a4f20411b-SIN[\r][\n]"
22:00:10.801 [main] DEBUG org.apache.http.wire -  << "Content-Encoding: gzip[\r][\n]"
22:00:10.801 [main] DEBUG org.apache.http.wire -  << "alt-svc: h3=":443"; ma=86400, h3-29=":443"; ma=86400[\r][\n]"
22:00:10.801 [main] DEBUG org.apache.http.wire -  << "[\r][\n]"
22:00:10.801 [main] DEBUG org.apache.http.impl.conn.DefaultClientConnection - Receiving response: HTTP/1.1 404 Not Found
22:00:10.801 [main] DEBUG org.apache.http.headers - << HTTP/1.1 404 Not Found
22:00:10.801 [main] DEBUG org.apache.http.headers - << Date: Sat, 15 Apr 2023 15:00:10 GMT
22:00:10.801 [main] DEBUG org.apache.http.headers - << Content-Type: text/html; charset=utf-8
22:00:10.801 [main] DEBUG org.apache.http.headers - << Transfer-Encoding: chunked
22:00:10.801 [main] DEBUG org.apache.http.headers - << Connection: keep-alive
22:00:10.801 [main] DEBUG org.apache.http.headers - << Access-Control-Allow-Origin: *
22:00:10.801 [main] DEBUG org.apache.http.headers - << Content-Security-Policy: default-src 'none'
22:00:10.801 [main] DEBUG org.apache.http.headers - << X-Content-Type-Options: nosniff
22:00:10.801 [main] DEBUG org.apache.http.headers - << X-Powered-By: Express
22:00:10.801 [main] DEBUG org.apache.http.headers - << CF-Cache-Status: DYNAMIC
22:00:10.801 [main] DEBUG org.apache.http.headers - << Report-To: {"endpoints":[{"url":"https:\/\/a.nel.cloudflare.com\/report\/v3?s=Z56%2BAjT8EeKsUcFRod63lwBTPHlfMQ534AS0z4mgpSiccyrs99mfOP9bPtcPOwvJA1xVCl9aD8T%2FQuOfJnPYkxIHBaGMiYijUejtzqiQuDjaAedz8%2FnhZ0getHpkay0Ug0L7"}],"group":"cf-nel","max_age":604800}
22:00:10.801 [main] DEBUG org.apache.http.headers - << NEL: {"success_fraction":0,"report_to":"cf-nel","max_age":604800}
22:00:10.801 [main] DEBUG org.apache.http.headers - << Server: cloudflare
22:00:10.801 [main] DEBUG org.apache.http.headers - << CF-RAY: 7b850e7a4f20411b-SIN
22:00:10.801 [main] DEBUG org.apache.http.headers - << Content-Encoding: gzip
22:00:10.801 [main] DEBUG org.apache.http.headers - << alt-svc: h3=":443"; ma=86400, h3-29=":443"; ma=86400
22:00:10.801 [main] DEBUG org.apache.http.impl.client.DefaultHttpClient - Connection can be kept alive indefinitely
22:00:10.802 [main] DEBUG io.restassured.internal.RestAssuredHttpBuilder - Parsing response as: text/html; charset=utf-8
22:00:10.802 [main] DEBUG org.apache.http.wire -  << "91[\r][\n]"
22:00:10.802 [main] DEBUG org.apache.http.wire -  << "[0x1f][0x8b][0x8][0x0][0x0][0x0][0x0][0x0][0x0][0x3],[0x8e][0xb1][0xe][0xc2]0[0xc]D[0xf7]|E[0xc8][0x8e][0xbc]2[0xb8]YJ[0xc4]H[0x87].[0x1d][\r]5-[0x90]:[0xc8][0xb8][0x3][0x8f][0x2][0x9d]Nw[0xef]N:[0xdc][0x1d][0xcf]m?t[0xc9][0xcf][0xb6][0xe4][0xe8][0xb0][0x8a][0xcf]$S[0x13]XB[\r][0x98][0xc6][0xe8]pa#[0x9d]I[0xdf]lMX[0xed][0xb6]?Tjw[0xcb][0x1c][0x93]jQ[0x84][0xbf]q[0x8][0xdb][0xe6]R[0xc6]Ot[0xf8]R[0x8e]-[0x89][0x14][0xf3][0xa7][0xd4]{x[0xb2][0x92]<H&[0x84][0x8a][0x1c][0xc2]V[0x84][0xdf][0x87]/[0x0][0x0][0x0][0xff][0xff][0xe3][0x2][0x0][0xcf]t[0xd6]<[0x94][0x0][0x0][0x0]"
22:00:10.802 [main] DEBUG org.apache.http.wire -  << "[\r][\n]"
22:00:10.802 [main] DEBUG org.apache.http.wire -  << "0[\r][\n]"
22:00:10.802 [main] DEBUG org.apache.http.wire -  << "[\r][\n]"
22:00:10.802 [main] DEBUG io.restassured.internal.RestAssuredHttpBuilder - Parsed data to instance of: class org.apache.http.conn.EofSensorInputStream
22:00:10.804 [main] DEBUG org.apache.http.impl.conn.BasicClientConnectionManager - Releasing connection org.apache.http.impl.conn.ManagedClientConnectionImpl@556843a5
22:00:10.804 [main] DEBUG org.apache.http.impl.conn.BasicClientConnectionManager - Connection can be kept alive indefinitely
22:00:10.807 [main] DEBUG net.thucydides.core.steps.StepInterceptor - STEP DONE: I GET HTTP request user data
  &amp#27;[32mWhen &amp#27;[0m&amp#27;[32mI GET HTTP url request all cart data&amp#27;[0m                     &amp#27;[90m# starter.stepdefinition.CartSteps.getAllProductRequestUrl()&amp#27;[0m
22:00:10.812 [main] DEBUG net.thucydides.core.steps.StepInterceptor - STARTING STEP: CartSteps.responseUrlInvalid404 - I receive valid user HTTP response code 200
22:00:10.814 [main] DEBUG net.thucydides.core.steps.StepInterceptor - STEP DONE: I receive valid user HTTP response code 200
  &amp#27;[32mThen &amp#27;[0m&amp#27;[32mI receive valid get all cart HTTP response code 404&amp#27;[0m      &amp#27;[90m# starter.stepdefinition.CartSteps.responseUrlInvalid404()&amp#27;[0m
22:00:10.817 [main] INFO  - 
  _____   ___   ___   _____     ___     _     ___   ___   ___   ___  
 |_   _| | __| / __| |_   _|   | _ \   /_\   / __| / __| | __| |   \ 
   | |   | _|  \__ \   | |     |  _/  / _ \  \__ \ \__ \ | _|  | |) |
   |_|   |___| |___/   |_|     |_|   /_/ \_\ |___/ |___/ |___| |___/ 

CART - GET ALL detail data user cart with invalid url
----------------------------------------------------------------------
]]></system-out>
  </testcase>
  <testcase name="CART - GET detail data user cart with invalid url" classname="Cart" time="0.81">
    <system-out><![CDATA[
Scenario: CART - GET detail data user cart with invalid url &amp#27;[90m# src/test/resources/api/cart.feature:47&amp#27;[0m
22:00:10.837 [main] INFO io.cucumber.core.plugin.SerenityReporter - Running feature from file:///C:/Users/User/IdeaProjects/CodeCompetence2/src/test/resources/api/cart.feature
22:00:10.837 [main] WARN io.cucumber.core.plugin.SerenityReporter - Feature from file:///C:/Users/User/IdeaProjects/CodeCompetence2/src/test/resources/api/cart.feature is not under the 'features' directory. Requirements report will not be correctly generated!
22:00:10.840 [main] INFO  - 
  _____   ___   ___   _____     ___   _____     _     ___   _____   ___   ___  
 |_   _| | __| / __| |_   _|   / __| |_   _|   /_\   | _ \ |_   _| | __| |   \ 
   | |   | _|  \__ \   | |     \__ \   | |    / _ \  |   /   | |   | _|  | |) |
   |_|   |___| |___/   |_|     |___/   |_|   /_/ \_\ |_|_\   |_|   |___| |___/ 

CART - GET detail data user cart with invalid url(cart;cart---get-detail-data-user-cart-with-invalid-url)
--------------------------------------------------------------------------------
22:00:10.854 [main] DEBUG net.thucydides.core.steps.StepInterceptor - STARTING STEP: CartSteps.setGetUserCartEndpoint - I GET API user cart endpoints
22:00:10.854 [main] DEBUG net.thucydides.core.steps.StepInterceptor - STEP DONE: I GET API user cart endpoints
  &amp#27;[32mGiven &amp#27;[0m&amp#27;[32mI GET API user cart url endpoints&amp#27;[0m                   &amp#27;[90m# starter.stepdefinition.CartSteps.setGetUserCartEndpoint()&amp#27;[0m
22:00:10.861 [main] DEBUG net.thucydides.core.steps.StepInterceptor - STARTING STEP: CartSteps.getUserCartRequest - I GET HTTP url request user cart data
22:00:10.863 [main] DEBUG net.thucydides.core.steps.StepInterceptor - STARTING STEP: Cart.getUserCartRequest - I GET API user cart endpoints
22:00:10.864 [main] DEBUG net.thucydides.core.steps.StepInterceptor - STEP DONE: I GET API user cart endpoints
22:00:10.879 [main] DEBUG org.apache.http.impl.conn.BasicClientConnectionManager - Get connection for route {s}->https://fakestoreapi.com:443
22:00:10.879 [main] DEBUG org.apache.http.impl.conn.DefaultClientConnectionOperator - Connecting to fakestoreapi.com:443
22:00:11.050 [main] DEBUG org.apache.http.client.protocol.RequestAddCookies - CookieSpec selected: ignoreCookies
22:00:11.050 [main] DEBUG org.apache.http.client.protocol.RequestAuthCache - Auth cache not set in the context
22:00:11.050 [main] DEBUG org.apache.http.client.protocol.RequestTargetAuthentication - Target auth state: UNCHALLENGED
22:00:11.050 [main] DEBUG org.apache.http.client.protocol.RequestProxyAuthentication - Proxy auth state: UNCHALLENGED
22:00:11.050 [main] DEBUG org.apache.http.impl.client.DefaultHttpClient - Attempt 1 to execute request
22:00:11.050 [main] DEBUG org.apache.http.impl.conn.DefaultClientConnection - Sending request: GET /carts HTTP/1.1
22:00:11.050 [main] DEBUG org.apache.http.wire -  >> "GET /carts HTTP/1.1[\r][\n]"
22:00:11.051 [main] DEBUG org.apache.http.wire -  >> "Accept: */*[\r][\n]"
22:00:11.051 [main] DEBUG org.apache.http.wire -  >> "Host: fakestoreapi.com[\r][\n]"
22:00:11.051 [main] DEBUG org.apache.http.wire -  >> "Connection: Keep-Alive[\r][\n]"
22:00:11.051 [main] DEBUG org.apache.http.wire -  >> "User-Agent: Apache-HttpClient/4.5.13 (Java/19.0.2)[\r][\n]"
22:00:11.051 [main] DEBUG org.apache.http.wire -  >> "Accept-Encoding: gzip,deflate[\r][\n]"
22:00:11.051 [main] DEBUG org.apache.http.wire -  >> "[\r][\n]"
22:00:11.051 [main] DEBUG org.apache.http.headers - >> GET /carts HTTP/1.1
22:00:11.051 [main] DEBUG org.apache.http.headers - >> Accept: */*
22:00:11.051 [main] DEBUG org.apache.http.headers - >> Host: fakestoreapi.com
22:00:11.051 [main] DEBUG org.apache.http.headers - >> Connection: Keep-Alive
22:00:11.051 [main] DEBUG org.apache.http.headers - >> User-Agent: Apache-HttpClient/4.5.13 (Java/19.0.2)
22:00:11.051 [main] DEBUG org.apache.http.headers - >> Accept-Encoding: gzip,deflate
22:00:11.612 [main] DEBUG org.apache.http.wire -  << "HTTP/1.1 200 OK[\r][\n]"
22:00:11.612 [main] DEBUG org.apache.http.wire -  << "Date: Sat, 15 Apr 2023 15:00:11 GMT[\r][\n]"
22:00:11.612 [main] DEBUG org.apache.http.wire -  << "Content-Type: application/json; charset=utf-8[\r][\n]"
22:00:11.612 [main] DEBUG org.apache.http.wire -  << "Transfer-Encoding: chunked[\r][\n]"
22:00:11.612 [main] DEBUG org.apache.http.wire -  << "Connection: keep-alive[\r][\n]"
22:00:11.612 [main] DEBUG org.apache.http.wire -  << "Access-Control-Allow-Origin: *[\r][\n]"
22:00:11.612 [main] DEBUG org.apache.http.wire -  << "Etag: W/"3a8-j3C8983spvK8GpaSYa+SyYlAS2A"[\r][\n]"
22:00:11.612 [main] DEBUG org.apache.http.wire -  << "X-Powered-By: Express[\r][\n]"
22:00:11.612 [main] DEBUG org.apache.http.wire -  << "CF-Cache-Status: DYNAMIC[\r][\n]"
22:00:11.612 [main] DEBUG org.apache.http.wire -  << "Report-To: {"endpoints":[{"url":"https:\/\/a.nel.cloudflare.com\/report\/v3?s=0katI3NvwXSTMKb8IH%2BgHnjyAm%2F7VuqvQiSeVeOBTPJPaxKY8DRw%2BjuykYOZzUZjdPuNI8ocZHQkWbOyrmZyfGDD3P4whMtzxzanTEXT6ynvvSiamf7kPTBg%2FSRTcK9pcKY3"}],"group":"cf-nel","max_age":604800}[\r][\n]"
22:00:11.612 [main] DEBUG org.apache.http.wire -  << "NEL: {"success_fraction":0,"report_to":"cf-nel","max_age":604800}[\r][\n]"
22:00:11.612 [main] DEBUG org.apache.http.wire -  << "Server: cloudflare[\r][\n]"
22:00:11.612 [main] DEBUG org.apache.http.wire -  << "CF-RAY: 7b850e805bd49e41-SIN[\r][\n]"
22:00:11.612 [main] DEBUG org.apache.http.wire -  << "Content-Encoding: gzip[\r][\n]"
22:00:11.612 [main] DEBUG org.apache.http.wire -  << "alt-svc: h3=":443"; ma=86400, h3-29=":443"; ma=86400[\r][\n]"
22:00:11.612 [main] DEBUG org.apache.http.wire -  << "[\r][\n]"
22:00:11.612 [main] DEBUG org.apache.http.impl.conn.DefaultClientConnection - Receiving response: HTTP/1.1 200 OK
22:00:11.612 [main] DEBUG org.apache.http.headers - << HTTP/1.1 200 OK
22:00:11.612 [main] DEBUG org.apache.http.headers - << Date: Sat, 15 Apr 2023 15:00:11 GMT
22:00:11.612 [main] DEBUG org.apache.http.headers - << Content-Type: application/json; charset=utf-8
22:00:11.612 [main] DEBUG org.apache.http.headers - << Transfer-Encoding: chunked
22:00:11.612 [main] DEBUG org.apache.http.headers - << Connection: keep-alive
22:00:11.612 [main] DEBUG org.apache.http.headers - << Access-Control-Allow-Origin: *
22:00:11.612 [main] DEBUG org.apache.http.headers - << Etag: W/"3a8-j3C8983spvK8GpaSYa+SyYlAS2A"
22:00:11.612 [main] DEBUG org.apache.http.headers - << X-Powered-By: Express
22:00:11.612 [main] DEBUG org.apache.http.headers - << CF-Cache-Status: DYNAMIC
22:00:11.612 [main] DEBUG org.apache.http.headers - << Report-To: {"endpoints":[{"url":"https:\/\/a.nel.cloudflare.com\/report\/v3?s=0katI3NvwXSTMKb8IH%2BgHnjyAm%2F7VuqvQiSeVeOBTPJPaxKY8DRw%2BjuykYOZzUZjdPuNI8ocZHQkWbOyrmZyfGDD3P4whMtzxzanTEXT6ynvvSiamf7kPTBg%2FSRTcK9pcKY3"}],"group":"cf-nel","max_age":604800}
22:00:11.612 [main] DEBUG org.apache.http.headers - << NEL: {"success_fraction":0,"report_to":"cf-nel","max_age":604800}
22:00:11.612 [main] DEBUG org.apache.http.headers - << Server: cloudflare
22:00:11.612 [main] DEBUG org.apache.http.headers - << CF-RAY: 7b850e805bd49e41-SIN
22:00:11.612 [main] DEBUG org.apache.http.headers - << Content-Encoding: gzip
22:00:11.612 [main] DEBUG org.apache.http.headers - << alt-svc: h3=":443"; ma=86400, h3-29=":443"; ma=86400
22:00:11.612 [main] DEBUG org.apache.http.impl.client.DefaultHttpClient - Connection can be kept alive indefinitely
22:00:11.613 [main] DEBUG io.restassured.internal.RestAssuredHttpBuilder - Parsing response as: application/json; charset=utf-8
22:00:11.613 [main] DEBUG org.apache.http.wire -  << "da[\r][\n]"
22:00:11.613 [main] DEBUG org.apache.http.wire -  << "[0x1f][0x8b][0x8][0x0][0x0][0x0][0x0][0x0][0x0][0x3][0xa4][0x92][0xcb][\n]"
22:00:11.613 [main] DEBUG org.apache.http.wire -  << "[0x83]0[0x10]E[0xff]e[0xd6][0xb1]L&[0xbe][0x9a]?[0xe8][0xbe][0xab][0x8a][0x88]T[0x17]n[0xfa][0xd0]X([0xe2][0xbf][0x97][0xd6][0x96][0x98][0x4]-*d[0x91]p3[0xcc][0xb9]w&[0xe9][0xa0]*@r[0x6]mS[0xd6][0x87][0xe1]Z[0xe4][0xaa][0x4][0x9][0x84][0x84][0x1e][\n]"
22:00:11.613 [main] DEBUG org.apache.http.wire -  << "[0xf][0xe9][0x88](?g[0x87][0x88]'`p[0xab][0xaf]E{V[\r][0xc8][0xa4][0xfb]=[0xbe][0xc5][0xf7]6[0xbf][0xa8]J=A[0xfa]=3D[0x1a][0x8b][0xdc][0x12][0xc5]X[0xc][0xfb][0x94]A[0x96]=@[0xe2][0xfb][5[0x14]O[0x11][0xf2]%[0x84]4Gh[0xe0]s[0xb4][0xd4]`[0xac][0x92][0x8b](4"[0xb9]![0xf2]u![0x92][0x5][0xb1]7Ct |[\r]![0xdc][0x9c][0xf8][0xda]I:}[0x82][0xe9]>[0x8b][0xcc]FsK[0x11][0xff]1[0x1b]j[0x8]S[0xe2]8[0x17]97vF[0xb8][0x18][0x91][0xc6][0x88]7aL[0xfa]M_[0x0][0x0][0x0][0xff][0xff][0x3][0x0][0xa4]c}[0x94][0xa8][0x3][0x0][0x0]"
22:00:11.613 [main] DEBUG org.apache.http.wire -  << "[\r][\n]"
22:00:11.613 [main] DEBUG org.apache.http.wire -  << "0[\r][\n]"
22:00:11.613 [main] DEBUG org.apache.http.wire -  << "[\r][\n]"
22:00:11.613 [main] DEBUG io.restassured.internal.RestAssuredHttpBuilder - Parsed data to instance of: class org.apache.http.conn.EofSensorInputStream
22:00:11.616 [main] DEBUG org.apache.http.impl.conn.BasicClientConnectionManager - Releasing connection org.apache.http.impl.conn.ManagedClientConnectionImpl@1e75af65
22:00:11.616 [main] DEBUG org.apache.http.impl.conn.BasicClientConnectionManager - Connection can be kept alive indefinitely
22:00:11.618 [main] DEBUG net.thucydides.core.steps.StepInterceptor - STEP DONE: I GET HTTP url request user cart data
  &amp#27;[32mWhen &amp#27;[0m&amp#27;[32mI GET HTTP url request user cart data&amp#27;[0m                &amp#27;[90m# starter.stepdefinition.CartSteps.getUserCartRequest()&amp#27;[0m
22:00:11.624 [main] DEBUG net.thucydides.core.steps.StepInterceptor - STARTING STEP: CartSteps.responseUserCartValid200 - I receive valid get user cart HTTP response code 404
22:00:11.625 [main] DEBUG net.thucydides.core.steps.StepInterceptor - STEP DONE: I receive valid get user cart HTTP response code 404
  &amp#27;[32mThen &amp#27;[0m&amp#27;[32mI receive valid get user cart HTTP response code 404&amp#27;[0m &amp#27;[90m# starter.stepdefinition.CartSteps.responseUserCartValid200()&amp#27;[0m
22:00:11.628 [main] INFO  - 
  _____   ___   ___   _____     ___     _     ___   ___   ___   ___  
 |_   _| | __| / __| |_   _|   | _ \   /_\   / __| / __| | __| |   \ 
   | |   | _|  \__ \   | |     |  _/  / _ \  \__ \ \__ \ | _|  | |) |
   |_|   |___| |___/   |_|     |_|   /_/ \_\ |___/ |___/ |___| |___/ 

CART - GET detail data user cart with invalid url
----------------------------------------------------------------------
]]></system-out>
  </testcase>
  <testcase name="CART - GET in date range cart with valid data" classname="Cart" time="0.895">
    <system-out><![CDATA[
Scenario: CART - GET in date range cart with valid data         &amp#27;[90m# src/test/resources/api/cart.feature:52&amp#27;[0m
22:00:11.649 [main] INFO io.cucumber.core.plugin.SerenityReporter - Running feature from file:///C:/Users/User/IdeaProjects/CodeCompetence2/src/test/resources/api/cart.feature
22:00:11.649 [main] WARN io.cucumber.core.plugin.SerenityReporter - Feature from file:///C:/Users/User/IdeaProjects/CodeCompetence2/src/test/resources/api/cart.feature is not under the 'features' directory. Requirements report will not be correctly generated!
22:00:11.653 [main] INFO  - 
  _____   ___   ___   _____     ___   _____     _     ___   _____   ___   ___  
 |_   _| | __| / __| |_   _|   / __| |_   _|   /_\   | _ \ |_   _| | __| |   \ 
   | |   | _|  \__ \   | |     \__ \   | |    / _ \  |   /   | |   | _|  | |) |
   |_|   |___| |___/   |_|     |___/   |_|   /_/ \_\ |_|_\   |_|   |___| |___/ 

CART - GET in date range cart with valid data(cart;cart---get-in-date-range-cart-with-valid-data)
--------------------------------------------------------------------------------
22:00:11.668 [main] DEBUG net.thucydides.core.steps.StepInterceptor - STARTING STEP: CartSteps.getAPIDateRangeCartWithValidData - I GET API in date range cart param with valid data
22:00:11.669 [main] DEBUG net.thucydides.core.steps.StepInterceptor - STEP DONE: I GET API in date range cart param with valid data
  &amp#27;[32mGiven &amp#27;[0m&amp#27;[32mI GET API in date range cart param with valid data&amp#27;[0m      &amp#27;[90m# starter.stepdefinition.CartSteps.getAPIDateRangeCartWithValidData()&amp#27;[0m
22:00:11.674 [main] DEBUG net.thucydides.core.steps.StepInterceptor - STARTING STEP: CartSteps.getHTTPRequestValidWithDataRangeCart - I GET HTTP request data range cart param with valid data
22:00:11.678 [main] DEBUG net.thucydides.core.steps.StepInterceptor - STARTING STEP: Cart.getHTTPRequestValidWithDataRangeCart - I GET API in date range cart param with valid data
22:00:11.678 [main] DEBUG net.thucydides.core.steps.StepInterceptor - STEP DONE: I GET API in date range cart param with valid data
22:00:11.698 [main] DEBUG org.apache.http.impl.conn.BasicClientConnectionManager - Get connection for route {s}->https://fakestoreapi.com:443
22:00:11.698 [main] DEBUG org.apache.http.impl.conn.DefaultClientConnectionOperator - Connecting to fakestoreapi.com:443
22:00:11.892 [main] DEBUG org.apache.http.client.protocol.RequestAddCookies - CookieSpec selected: ignoreCookies
22:00:11.892 [main] DEBUG org.apache.http.client.protocol.RequestAuthCache - Auth cache not set in the context
22:00:11.892 [main] DEBUG org.apache.http.client.protocol.RequestTargetAuthentication - Target auth state: UNCHALLENGED
22:00:11.892 [main] DEBUG org.apache.http.client.protocol.RequestProxyAuthentication - Proxy auth state: UNCHALLENGED
22:00:11.892 [main] DEBUG org.apache.http.impl.client.DefaultHttpClient - Attempt 1 to execute request
22:00:11.892 [main] DEBUG org.apache.http.impl.conn.DefaultClientConnection - Sending request: GET /carts?startdate=2019-12-10&enddate=2020-10-10 HTTP/1.1
22:00:11.892 [main] DEBUG org.apache.http.wire -  >> "GET /carts?startdate=2019-12-10&enddate=2020-10-10 HTTP/1.1[\r][\n]"
22:00:11.892 [main] DEBUG org.apache.http.wire -  >> "Accept: */*[\r][\n]"
22:00:11.892 [main] DEBUG org.apache.http.wire -  >> "Host: fakestoreapi.com[\r][\n]"
22:00:11.892 [main] DEBUG org.apache.http.wire -  >> "Connection: Keep-Alive[\r][\n]"
22:00:11.892 [main] DEBUG org.apache.http.wire -  >> "User-Agent: Apache-HttpClient/4.5.13 (Java/19.0.2)[\r][\n]"
22:00:11.892 [main] DEBUG org.apache.http.wire -  >> "Accept-Encoding: gzip,deflate[\r][\n]"
22:00:11.892 [main] DEBUG org.apache.http.wire -  >> "[\r][\n]"
22:00:11.892 [main] DEBUG org.apache.http.headers - >> GET /carts?startdate=2019-12-10&enddate=2020-10-10 HTTP/1.1
22:00:11.892 [main] DEBUG org.apache.http.headers - >> Accept: */*
22:00:11.892 [main] DEBUG org.apache.http.headers - >> Host: fakestoreapi.com
22:00:11.892 [main] DEBUG org.apache.http.headers - >> Connection: Keep-Alive
22:00:11.893 [main] DEBUG org.apache.http.headers - >> User-Agent: Apache-HttpClient/4.5.13 (Java/19.0.2)
22:00:11.893 [main] DEBUG org.apache.http.headers - >> Accept-Encoding: gzip,deflate
22:00:12.481 [main] DEBUG org.apache.http.wire -  << "HTTP/1.1 200 OK[\r][\n]"
22:00:12.481 [main] DEBUG org.apache.http.wire -  << "Date: Sat, 15 Apr 2023 15:00:12 GMT[\r][\n]"
22:00:12.481 [main] DEBUG org.apache.http.wire -  << "Content-Type: application/json; charset=utf-8[\r][\n]"
22:00:12.481 [main] DEBUG org.apache.http.wire -  << "Transfer-Encoding: chunked[\r][\n]"
22:00:12.481 [main] DEBUG org.apache.http.wire -  << "Connection: keep-alive[\r][\n]"
22:00:12.481 [main] DEBUG org.apache.http.wire -  << "Access-Control-Allow-Origin: *[\r][\n]"
22:00:12.481 [main] DEBUG org.apache.http.wire -  << "Etag: W/"3a8-j3C8983spvK8GpaSYa+SyYlAS2A"[\r][\n]"
22:00:12.481 [main] DEBUG org.apache.http.wire -  << "X-Powered-By: Express[\r][\n]"
22:00:12.481 [main] DEBUG org.apache.http.wire -  << "CF-Cache-Status: DYNAMIC[\r][\n]"
22:00:12.481 [main] DEBUG org.apache.http.wire -  << "Report-To: {"endpoints":[{"url":"https:\/\/a.nel.cloudflare.com\/report\/v3?s=X%2FMux4xEI23N0R010f0YUIbtL7ij5qlteR5YB8%2FHdoSWB2exOcSK2JdUBElEaWIndlkgprZvedrzrYfeYWp%2Bt1C3W8lbaJpsinsZm6GEC2qDvnxtAgo%2F5OgFl0%2Bhs8iKEMQC"}],"group":"cf-nel","max_age":604800}[\r][\n]"
22:00:12.481 [main] DEBUG org.apache.http.wire -  << "NEL: {"success_fraction":0,"report_to":"cf-nel","max_age":604800}[\r][\n]"
22:00:12.481 [main] DEBUG org.apache.http.wire -  << "Server: cloudflare[\r][\n]"
22:00:12.481 [main] DEBUG org.apache.http.wire -  << "CF-RAY: 7b850e8588364097-SIN[\r][\n]"
22:00:12.481 [main] DEBUG org.apache.http.wire -  << "Content-Encoding: gzip[\r][\n]"
22:00:12.481 [main] DEBUG org.apache.http.wire -  << "alt-svc: h3=":443"; ma=86400, h3-29=":443"; ma=86400[\r][\n]"
22:00:12.481 [main] DEBUG org.apache.http.wire -  << "[\r][\n]"
22:00:12.481 [main] DEBUG org.apache.http.impl.conn.DefaultClientConnection - Receiving response: HTTP/1.1 200 OK
22:00:12.481 [main] DEBUG org.apache.http.headers - << HTTP/1.1 200 OK
22:00:12.481 [main] DEBUG org.apache.http.headers - << Date: Sat, 15 Apr 2023 15:00:12 GMT
22:00:12.481 [main] DEBUG org.apache.http.headers - << Content-Type: application/json; charset=utf-8
22:00:12.481 [main] DEBUG org.apache.http.headers - << Transfer-Encoding: chunked
22:00:12.481 [main] DEBUG org.apache.http.headers - << Connection: keep-alive
22:00:12.481 [main] DEBUG org.apache.http.headers - << Access-Control-Allow-Origin: *
22:00:12.481 [main] DEBUG org.apache.http.headers - << Etag: W/"3a8-j3C8983spvK8GpaSYa+SyYlAS2A"
22:00:12.481 [main] DEBUG org.apache.http.headers - << X-Powered-By: Express
22:00:12.481 [main] DEBUG org.apache.http.headers - << CF-Cache-Status: DYNAMIC
22:00:12.481 [main] DEBUG org.apache.http.headers - << Report-To: {"endpoints":[{"url":"https:\/\/a.nel.cloudflare.com\/report\/v3?s=X%2FMux4xEI23N0R010f0YUIbtL7ij5qlteR5YB8%2FHdoSWB2exOcSK2JdUBElEaWIndlkgprZvedrzrYfeYWp%2Bt1C3W8lbaJpsinsZm6GEC2qDvnxtAgo%2F5OgFl0%2Bhs8iKEMQC"}],"group":"cf-nel","max_age":604800}
22:00:12.481 [main] DEBUG org.apache.http.headers - << NEL: {"success_fraction":0,"report_to":"cf-nel","max_age":604800}
22:00:12.481 [main] DEBUG org.apache.http.headers - << Server: cloudflare
22:00:12.481 [main] DEBUG org.apache.http.headers - << CF-RAY: 7b850e8588364097-SIN
22:00:12.481 [main] DEBUG org.apache.http.headers - << Content-Encoding: gzip
22:00:12.481 [main] DEBUG org.apache.http.headers - << alt-svc: h3=":443"; ma=86400, h3-29=":443"; ma=86400
22:00:12.481 [main] DEBUG org.apache.http.impl.client.DefaultHttpClient - Connection can be kept alive indefinitely
22:00:12.481 [main] DEBUG io.restassured.internal.RestAssuredHttpBuilder - Parsing response as: application/json; charset=utf-8
22:00:12.481 [main] DEBUG org.apache.http.wire -  << "da[\r][\n]"
22:00:12.481 [main] DEBUG org.apache.http.wire -  << "[0x1f][0x8b][0x8][0x0][0x0][0x0][0x0][0x0][0x0][0x3][0xa4][0x92][0xcb][\n]"
22:00:12.481 [main] DEBUG org.apache.http.wire -  << "[0x83]0[0x10]E[0xff]e[0xd6][0xb1]L&[0xbe][0x9a]?[0xe8][0xbe][0xab][0x8a][0x88]T[0x17]n[0xfa][0xd0]X([0xe2][0xbf][0x97][0xd6][0x96][0x98][0x4]-*d[0x91]p3[0xcc][0xb9]w&[0xe9][0xa0]*@r[0x6]mS[0xd6][0x87][0xe1]Z[0xe4][0xaa][0x4][0x9][0x84][0x84][0x1e][\n]"
22:00:12.482 [main] DEBUG org.apache.http.wire -  << "[0xf][0xe9][0x88](?g[0x87][0x88]'`p[0xab][0xaf]E{V[\r][0xc8][0xa4][0xfb]=[0xbe][0xc5][0xf7]6[0xbf][0xa8]J=A[0xfa]=3D[0x1a][0x8b][0xdc][0x12][0xc5]X[0xc][0xfb][0x94]A[0x96]=@[0xe2][0xfb][5[0x14]O[0x11][0xf2]%[0x84]4Gh[0xe0]s[0xb4][0xd4]`[0xac][0x92][0x8b](4"[0xb9]![0xf2]u![0x92][0x5][0xb1]7Ct |[\r]![0xdc][0x9c][0xf8][0xda]I:}[0x82][0xe9]>[0x8b][0xcc]FsK[0x11][0xff]1[0x1b]j[0x8]S[0xe2]8[0x17]97vF[0xb8][0x18][0x91][0xc6][0x88]7aL[0xfa]M_[0x0][0x0][0x0][0xff][0xff][0x3][0x0][0xa4]c}[0x94][0xa8][0x3][0x0][0x0]"
22:00:12.482 [main] DEBUG org.apache.http.wire -  << "[\r][\n]"
22:00:12.482 [main] DEBUG org.apache.http.wire -  << "0[\r][\n]"
22:00:12.482 [main] DEBUG org.apache.http.wire -  << "[\r][\n]"
22:00:12.482 [main] DEBUG io.restassured.internal.RestAssuredHttpBuilder - Parsed data to instance of: class org.apache.http.conn.EofSensorInputStream
22:00:12.484 [main] DEBUG org.apache.http.impl.conn.BasicClientConnectionManager - Releasing connection org.apache.http.impl.conn.ManagedClientConnectionImpl@10d97b64
22:00:12.484 [main] DEBUG org.apache.http.impl.conn.BasicClientConnectionManager - Connection can be kept alive indefinitely
22:00:12.486 [main] DEBUG net.thucydides.core.steps.StepInterceptor - STEP DONE: I GET HTTP request data range cart param with valid data
  &amp#27;[32mWhen &amp#27;[0m&amp#27;[32mI GET HTTP request data range cart param with valid data&amp#27;[0m &amp#27;[90m# starter.stepdefinition.CartSteps.getHTTPRequestValidWithDataRangeCart()&amp#27;[0m
22:00:12.491 [main] DEBUG net.thucydides.core.steps.StepInterceptor - STARTING STEP: CartSteps.receiveValidDataRange - I receive valid data with data range cart param
22:00:12.516 [main] DEBUG net.thucydides.core.steps.StepInterceptor - STEP DONE: I receive valid data with data range cart param
  &amp#27;[32mAnd &amp#27;[0m&amp#27;[32mI receive valid data with data range cart param&amp#27;[0m           &amp#27;[90m# starter.stepdefinition.CartSteps.receiveValidDataRange()&amp#27;[0m
22:00:12.521 [main] DEBUG net.thucydides.core.steps.StepInterceptor - STARTING STEP: CartSteps.receiveValidGETDataRangeCartResponseCode200 - I receive valid GET data range cart response code 200
22:00:12.522 [main] DEBUG net.thucydides.core.steps.StepInterceptor - STEP DONE: I receive valid GET data range cart response code 200
  &amp#27;[32mThen &amp#27;[0m&amp#27;[32mI receive valid GET data range cart response code 200&amp#27;[0m    &amp#27;[90m# starter.stepdefinition.CartSteps.receiveValidGETDataRangeCartResponseCode200()&amp#27;[0m
22:00:12.525 [main] INFO  - 
  _____   ___   ___   _____     ___     _     ___   ___   ___   ___  
 |_   _| | __| / __| |_   _|   | _ \   /_\   / __| / __| | __| |   \ 
   | |   | _|  \__ \   | |     |  _/  / _ \  \__ \ \__ \ | _|  | |) |
   |_|   |___| |___/   |_|     |_|   /_/ \_\ |___/ |___/ |___| |___/ 

CART - GET in date range cart with valid data
----------------------------------------------------------------------
]]></system-out>
  </testcase>
  <testcase name="CART - GET in date range cart with invalid data" classname="Cart" time="0.64">
    <system-out><![CDATA[
Scenario: CART - GET in date range cart with invalid data         &amp#27;[90m# src/test/resources/api/cart.feature:58&amp#27;[0m
22:00:12.545 [main] INFO io.cucumber.core.plugin.SerenityReporter - Running feature from file:///C:/Users/User/IdeaProjects/CodeCompetence2/src/test/resources/api/cart.feature
22:00:12.545 [main] WARN io.cucumber.core.plugin.SerenityReporter - Feature from file:///C:/Users/User/IdeaProjects/CodeCompetence2/src/test/resources/api/cart.feature is not under the 'features' directory. Requirements report will not be correctly generated!
22:00:12.551 [main] INFO  - 
  _____   ___   ___   _____     ___   _____     _     ___   _____   ___   ___  
 |_   _| | __| / __| |_   _|   / __| |_   _|   /_\   | _ \ |_   _| | __| |   \ 
   | |   | _|  \__ \   | |     \__ \   | |    / _ \  |   /   | |   | _|  | |) |
   |_|   |___| |___/   |_|     |___/   |_|   /_/ \_\ |_|_\   |_|   |___| |___/ 

CART - GET in date range cart with invalid data(cart;cart---get-in-date-range-cart-with-invalid-data)
--------------------------------------------------------------------------------
22:00:12.568 [main] DEBUG net.thucydides.core.steps.StepInterceptor - STARTING STEP: CartSteps.getAPIDateRangeCartWithInvalidData - I GET API in date range cart param with invalid data
22:00:12.569 [main] DEBUG net.thucydides.core.steps.StepInterceptor - STEP DONE: I GET API in date range cart param with invalid data
  &amp#27;[32mGiven &amp#27;[0m&amp#27;[32mI GET API in date range cart param with invalid data&amp#27;[0m      &amp#27;[90m# starter.stepdefinition.CartSteps.getAPIDateRangeCartWithInvalidData()&amp#27;[0m
22:00:12.575 [main] DEBUG net.thucydides.core.steps.StepInterceptor - STARTING STEP: CartSteps.getHTTPRequestInvalidWithDataRangeCart - I GET HTTP request data range cart param with invalid data
22:00:12.578 [main] DEBUG net.thucydides.core.steps.StepInterceptor - STARTING STEP: Cart.getHTTPRequestInvalidWithDataRangeCart - I GET API in date range cart param with invalid data
22:00:12.578 [main] DEBUG net.thucydides.core.steps.StepInterceptor - STEP DONE: I GET API in date range cart param with invalid data
22:00:12.598 [main] DEBUG org.apache.http.impl.conn.BasicClientConnectionManager - Get connection for route {s}->https://fakestoreapi.com:443
22:00:12.599 [main] DEBUG org.apache.http.impl.conn.DefaultClientConnectionOperator - Connecting to fakestoreapi.com:443
22:00:12.770 [main] DEBUG org.apache.http.client.protocol.RequestAddCookies - CookieSpec selected: ignoreCookies
22:00:12.770 [main] DEBUG org.apache.http.client.protocol.RequestAuthCache - Auth cache not set in the context
22:00:12.770 [main] DEBUG org.apache.http.client.protocol.RequestTargetAuthentication - Target auth state: UNCHALLENGED
22:00:12.770 [main] DEBUG org.apache.http.client.protocol.RequestProxyAuthentication - Proxy auth state: UNCHALLENGED
22:00:12.770 [main] DEBUG org.apache.http.impl.client.DefaultHttpClient - Attempt 1 to execute request
22:00:12.770 [main] DEBUG org.apache.http.impl.conn.DefaultClientConnection - Sending request: GET /cart?startdate=2019-12-10&enddate=2020-10-10 HTTP/1.1
22:00:12.770 [main] DEBUG org.apache.http.wire -  >> "GET /cart?startdate=2019-12-10&enddate=2020-10-10 HTTP/1.1[\r][\n]"
22:00:12.770 [main] DEBUG org.apache.http.wire -  >> "Accept: */*[\r][\n]"
22:00:12.770 [main] DEBUG org.apache.http.wire -  >> "Host: fakestoreapi.com[\r][\n]"
22:00:12.770 [main] DEBUG org.apache.http.wire -  >> "Connection: Keep-Alive[\r][\n]"
22:00:12.770 [main] DEBUG org.apache.http.wire -  >> "User-Agent: Apache-HttpClient/4.5.13 (Java/19.0.2)[\r][\n]"
22:00:12.770 [main] DEBUG org.apache.http.wire -  >> "Accept-Encoding: gzip,deflate[\r][\n]"
22:00:12.770 [main] DEBUG org.apache.http.wire -  >> "[\r][\n]"
22:00:12.770 [main] DEBUG org.apache.http.headers - >> GET /cart?startdate=2019-12-10&enddate=2020-10-10 HTTP/1.1
22:00:12.770 [main] DEBUG org.apache.http.headers - >> Accept: */*
22:00:12.770 [main] DEBUG org.apache.http.headers - >> Host: fakestoreapi.com
22:00:12.770 [main] DEBUG org.apache.http.headers - >> Connection: Keep-Alive
22:00:12.770 [main] DEBUG org.apache.http.headers - >> User-Agent: Apache-HttpClient/4.5.13 (Java/19.0.2)
22:00:12.770 [main] DEBUG org.apache.http.headers - >> Accept-Encoding: gzip,deflate
22:00:13.149 [main] DEBUG org.apache.http.wire -  << "HTTP/1.1 404 Not Found[\r][\n]"
22:00:13.149 [main] DEBUG org.apache.http.wire -  << "Date: Sat, 15 Apr 2023 15:00:12 GMT[\r][\n]"
22:00:13.149 [main] DEBUG org.apache.http.wire -  << "Content-Type: text/html; charset=utf-8[\r][\n]"
22:00:13.149 [main] DEBUG org.apache.http.wire -  << "Transfer-Encoding: chunked[\r][\n]"
22:00:13.149 [main] DEBUG org.apache.http.wire -  << "Connection: keep-alive[\r][\n]"
22:00:13.149 [main] DEBUG org.apache.http.wire -  << "Access-Control-Allow-Origin: *[\r][\n]"
22:00:13.149 [main] DEBUG org.apache.http.wire -  << "Content-Security-Policy: default-src 'none'[\r][\n]"
22:00:13.149 [main] DEBUG org.apache.http.wire -  << "X-Content-Type-Options: nosniff[\r][\n]"
22:00:13.149 [main] DEBUG org.apache.http.wire -  << "X-Powered-By: Express[\r][\n]"
22:00:13.149 [main] DEBUG org.apache.http.wire -  << "CF-Cache-Status: DYNAMIC[\r][\n]"
22:00:13.149 [main] DEBUG org.apache.http.wire -  << "Report-To: {"endpoints":[{"url":"https:\/\/a.nel.cloudflare.com\/report\/v3?s=haC4Eyn7IIeT4mbUciCU197ArI4r8CTJ99Llyw%2B202W64EgHaLLSHzmFM8qGVdimm0nGFMO35MvQqw45jWm5hVtMhM4CIfmE0pbI%2BvQGTWJ56cAILRfCGdOysi4SnNHWe9Km"}],"group":"cf-nel","max_age":604800}[\r][\n]"
22:00:13.150 [main] DEBUG org.apache.http.wire -  << "NEL: {"success_fraction":0,"report_to":"cf-nel","max_age":604800}[\r][\n]"
22:00:13.150 [main] DEBUG org.apache.http.wire -  << "Server: cloudflare[\r][\n]"
22:00:13.150 [main] DEBUG org.apache.http.wire -  << "CF-RAY: 7b850e8af8303f8e-SIN[\r][\n]"
22:00:13.150 [main] DEBUG org.apache.http.wire -  << "Content-Encoding: gzip[\r][\n]"
22:00:13.150 [main] DEBUG org.apache.http.wire -  << "alt-svc: h3=":443"; ma=86400, h3-29=":443"; ma=86400[\r][\n]"
22:00:13.150 [main] DEBUG org.apache.http.wire -  << "[\r][\n]"
22:00:13.150 [main] DEBUG org.apache.http.impl.conn.DefaultClientConnection - Receiving response: HTTP/1.1 404 Not Found
22:00:13.150 [main] DEBUG org.apache.http.headers - << HTTP/1.1 404 Not Found
22:00:13.150 [main] DEBUG org.apache.http.headers - << Date: Sat, 15 Apr 2023 15:00:12 GMT
22:00:13.150 [main] DEBUG org.apache.http.headers - << Content-Type: text/html; charset=utf-8
22:00:13.150 [main] DEBUG org.apache.http.headers - << Transfer-Encoding: chunked
22:00:13.150 [main] DEBUG org.apache.http.headers - << Connection: keep-alive
22:00:13.150 [main] DEBUG org.apache.http.headers - << Access-Control-Allow-Origin: *
22:00:13.150 [main] DEBUG org.apache.http.headers - << Content-Security-Policy: default-src 'none'
22:00:13.150 [main] DEBUG org.apache.http.headers - << X-Content-Type-Options: nosniff
22:00:13.150 [main] DEBUG org.apache.http.headers - << X-Powered-By: Express
22:00:13.150 [main] DEBUG org.apache.http.headers - << CF-Cache-Status: DYNAMIC
22:00:13.150 [main] DEBUG org.apache.http.headers - << Report-To: {"endpoints":[{"url":"https:\/\/a.nel.cloudflare.com\/report\/v3?s=haC4Eyn7IIeT4mbUciCU197ArI4r8CTJ99Llyw%2B202W64EgHaLLSHzmFM8qGVdimm0nGFMO35MvQqw45jWm5hVtMhM4CIfmE0pbI%2BvQGTWJ56cAILRfCGdOysi4SnNHWe9Km"}],"group":"cf-nel","max_age":604800}
22:00:13.150 [main] DEBUG org.apache.http.headers - << NEL: {"success_fraction":0,"report_to":"cf-nel","max_age":604800}
22:00:13.150 [main] DEBUG org.apache.http.headers - << Server: cloudflare
22:00:13.150 [main] DEBUG org.apache.http.headers - << CF-RAY: 7b850e8af8303f8e-SIN
22:00:13.150 [main] DEBUG org.apache.http.headers - << Content-Encoding: gzip
22:00:13.150 [main] DEBUG org.apache.http.headers - << alt-svc: h3=":443"; ma=86400, h3-29=":443"; ma=86400
22:00:13.150 [main] DEBUG org.apache.http.impl.client.DefaultHttpClient - Connection can be kept alive indefinitely
22:00:13.150 [main] DEBUG io.restassured.internal.RestAssuredHttpBuilder - Parsing response as: text/html; charset=utf-8
22:00:13.150 [main] DEBUG org.apache.http.wire -  << "81[\r][\n]"
22:00:13.150 [main] DEBUG org.apache.http.wire -  << "[0x1f][0x8b][0x8][0x0][0x0][0x0][0x0][0x0][0x0][0x3],[0x8d][0xb1][0xe][0xc2]0[0xc]D[0xf7]|[0x85][0xc9][0x8e][0xbc]2[0xb8]^J[0xc4][0x8]C[0x17]F[0xd3][0x1a][0x8a][0x94]&[0x95]1[0x3][0x8f][0x2][0x9d]N[0xf7][0xee]NG[0xbb][0xe3][0xb9][0x1f][0xae][0x97][0x4][0xb3]/[0x99][0x3]5[0x81],[0xe5][0xd1]E-[0xb1][0x1][0x95][0x89][0x3]-[0xea][0x2][0xe3],[0xf6]R[0xef][0xe2][0xdb][0xef][0xfb]CK[0xfd][0xe9]Y9[0x99]U#[0xfc][0x9b]@[0xb8]mnu[0xfa]p[0xa0][0xd5][0x94]{)[0xa5]:[0x9c][0xd2][0x0]8[0x8a]9a[0xa3][0x81]p[0xeb][0xe0][0xef][0xfe][0xb][0x0][0x0][0xff][0xff]"
22:00:13.150 [main] DEBUG org.apache.http.wire -  << "[\r][\n]"
22:00:13.150 [main] DEBUG org.apache.http.wire -  << "b[\r][\n]"
22:00:13.150 [main] DEBUG org.apache.http.wire -  << "[0xe3][0x2][0x0]0E[0xcf][0xb4][0x8f][0x0][0x0][0x0]"
22:00:13.150 [main] DEBUG org.apache.http.wire -  << "[\r][\n]"
22:00:13.150 [main] DEBUG org.apache.http.wire -  << "0[\r][\n]"
22:00:13.150 [main] DEBUG org.apache.http.wire -  << "[\r][\n]"
22:00:13.150 [main] DEBUG io.restassured.internal.RestAssuredHttpBuilder - Parsed data to instance of: class org.apache.http.conn.EofSensorInputStream
22:00:13.152 [main] DEBUG org.apache.http.impl.conn.BasicClientConnectionManager - Releasing connection org.apache.http.impl.conn.ManagedClientConnectionImpl@2fc0ad21
22:00:13.152 [main] DEBUG org.apache.http.impl.conn.BasicClientConnectionManager - Connection can be kept alive indefinitely
22:00:13.153 [main] DEBUG net.thucydides.core.steps.StepInterceptor - STEP DONE: I GET HTTP request data range cart param with invalid data
  &amp#27;[32mWhen &amp#27;[0m&amp#27;[32mI GET HTTP request data range cart param with invalid data&amp#27;[0m &amp#27;[90m# starter.stepdefinition.CartSteps.getHTTPRequestInvalidWithDataRangeCart()&amp#27;[0m
22:00:13.157 [main] DEBUG net.thucydides.core.steps.StepInterceptor - STARTING STEP: CartSteps.receiveInvalidDataRange - I receive invalid data with data range cart param
22:00:13.159 [main] DEBUG net.thucydides.core.steps.StepInterceptor - STEP DONE: I receive invalid data with data range cart param
  &amp#27;[32mAnd &amp#27;[0m&amp#27;[32mI receive invalid data with data range cart param&amp#27;[0m           &amp#27;[90m# starter.stepdefinition.CartSteps.receiveInvalidDataRange()&amp#27;[0m
22:00:13.163 [main] DEBUG net.thucydides.core.steps.StepInterceptor - STARTING STEP: CartSteps.receiveInvalidGETDataRangeCartResponseCode404 - I receive invalid GET data range cart response code 404
22:00:13.164 [main] DEBUG net.thucydides.core.steps.StepInterceptor - STEP DONE: I receive invalid GET data range cart response code 404
  &amp#27;[32mThen &amp#27;[0m&amp#27;[32mI receive invalid GET data range cart response code 404&amp#27;[0m    &amp#27;[90m# starter.stepdefinition.CartSteps.receiveInvalidGETDataRangeCartResponseCode404()&amp#27;[0m
22:00:13.167 [main] INFO  - 
  _____   ___   ___   _____     ___     _     ___   ___   ___   ___  
 |_   _| | __| / __| |_   _|   | _ \   /_\   / __| / __| | __| |   \ 
   | |   | _|  \__ \   | |     |  _/  / _ \  \__ \ \__ \ | _|  | |) |
   |_|   |___| |___/   |_|     |_|   /_/ \_\ |___/ |___/ |___| |___/ 

CART - GET in date range cart with invalid data
----------------------------------------------------------------------
]]></system-out>
  </testcase>
  <testcase name="CART - POST new cart with valid data" classname="Cart" time="0.637">
    <system-out><![CDATA[
Scenario: CART - POST new cart with valid data  &amp#27;[90m# src/test/resources/api/cart.feature:64&amp#27;[0m
22:00:13.185 [main] INFO io.cucumber.core.plugin.SerenityReporter - Running feature from file:///C:/Users/User/IdeaProjects/CodeCompetence2/src/test/resources/api/cart.feature
22:00:13.185 [main] WARN io.cucumber.core.plugin.SerenityReporter - Feature from file:///C:/Users/User/IdeaProjects/CodeCompetence2/src/test/resources/api/cart.feature is not under the 'features' directory. Requirements report will not be correctly generated!
22:00:13.188 [main] INFO  - 
  _____   ___   ___   _____     ___   _____     _     ___   _____   ___   ___  
 |_   _| | __| / __| |_   _|   / __| |_   _|   /_\   | _ \ |_   _| | __| |   \ 
   | |   | _|  \__ \   | |     \__ \   | |    / _ \  |   /   | |   | _|  | |) |
   |_|   |___| |___/   |_|     |___/   |_|   /_/ \_\ |_|_\   |_|   |___| |___/ 

CART - POST new cart with valid data(cart;cart---post-new-cart-with-valid-data)
--------------------------------------------------------------------------------
22:00:13.200 [main] DEBUG net.thucydides.core.steps.StepInterceptor - STARTING STEP: CartSteps.setPostCartEndpoint - I POST API cart endpoints
22:00:13.200 [main] DEBUG net.thucydides.core.steps.StepInterceptor - STEP DONE: I POST API cart endpoints
  &amp#27;[32mGiven &amp#27;[0m&amp#27;[32mI POST API cart endpoints&amp#27;[0m               &amp#27;[90m# starter.stepdefinition.CartSteps.setPostCartEndpoint()&amp#27;[0m
22:00:13.206 [main] DEBUG net.thucydides.core.steps.StepInterceptor - STARTING STEP: CartSteps.postCartRequestUrl - I POST HTTP request with valid data cart
22:00:13.216 [main] DEBUG net.thucydides.core.steps.StepInterceptor - STARTING STEP: Cart.postCartRequest - I POST API cart endpoints
22:00:13.216 [main] DEBUG net.thucydides.core.steps.StepInterceptor - STEP DONE: I POST API cart endpoints
22:00:13.250 [main] DEBUG org.apache.http.impl.conn.BasicClientConnectionManager - Get connection for route {s}->https://fakestoreapi.com:443
22:00:13.250 [main] DEBUG org.apache.http.impl.conn.DefaultClientConnectionOperator - Connecting to fakestoreapi.com:443
22:00:13.377 [main] DEBUG org.apache.http.client.protocol.RequestAddCookies - CookieSpec selected: ignoreCookies
22:00:13.378 [main] DEBUG org.apache.http.client.protocol.RequestAuthCache - Auth cache not set in the context
22:00:13.378 [main] DEBUG org.apache.http.client.protocol.RequestTargetAuthentication - Target auth state: UNCHALLENGED
22:00:13.378 [main] DEBUG org.apache.http.client.protocol.RequestProxyAuthentication - Proxy auth state: UNCHALLENGED
22:00:13.378 [main] DEBUG org.apache.http.impl.client.DefaultHttpClient - Attempt 1 to execute request
22:00:13.378 [main] DEBUG org.apache.http.impl.conn.DefaultClientConnection - Sending request: POST /carts HTTP/1.1
22:00:13.378 [main] DEBUG org.apache.http.wire -  >> "POST /carts HTTP/1.1[\r][\n]"
22:00:13.378 [main] DEBUG org.apache.http.wire -  >> "Accept: */*[\r][\n]"
22:00:13.378 [main] DEBUG org.apache.http.wire -  >> "Content-Type: application/json[\r][\n]"
22:00:13.378 [main] DEBUG org.apache.http.wire -  >> "Content-Length: 12[\r][\n]"
22:00:13.378 [main] DEBUG org.apache.http.wire -  >> "Host: fakestoreapi.com[\r][\n]"
22:00:13.378 [main] DEBUG org.apache.http.wire -  >> "Connection: Keep-Alive[\r][\n]"
22:00:13.378 [main] DEBUG org.apache.http.wire -  >> "User-Agent: Apache-HttpClient/4.5.13 (Java/19.0.2)[\r][\n]"
22:00:13.378 [main] DEBUG org.apache.http.wire -  >> "Accept-Encoding: gzip,deflate[\r][\n]"
22:00:13.378 [main] DEBUG org.apache.http.wire -  >> "[\r][\n]"
22:00:13.378 [main] DEBUG org.apache.http.headers - >> POST /carts HTTP/1.1
22:00:13.378 [main] DEBUG org.apache.http.headers - >> Accept: */*
22:00:13.378 [main] DEBUG org.apache.http.headers - >> Content-Type: application/json
22:00:13.378 [main] DEBUG org.apache.http.headers - >> Content-Length: 12
22:00:13.378 [main] DEBUG org.apache.http.headers - >> Host: fakestoreapi.com
22:00:13.378 [main] DEBUG org.apache.http.headers - >> Connection: Keep-Alive
22:00:13.378 [main] DEBUG org.apache.http.headers - >> User-Agent: Apache-HttpClient/4.5.13 (Java/19.0.2)
22:00:13.378 [main] DEBUG org.apache.http.headers - >> Accept-Encoding: gzip,deflate
22:00:13.378 [main] DEBUG org.apache.http.wire -  >> "{"userId":5}"
22:00:13.768 [main] DEBUG org.apache.http.wire -  << "HTTP/1.1 200 OK[\r][\n]"
22:00:13.768 [main] DEBUG org.apache.http.wire -  << "Date: Sat, 15 Apr 2023 15:00:13 GMT[\r][\n]"
22:00:13.768 [main] DEBUG org.apache.http.wire -  << "Content-Type: application/json; charset=utf-8[\r][\n]"
22:00:13.768 [main] DEBUG org.apache.http.wire -  << "Content-Length: 20[\r][\n]"
22:00:13.768 [main] DEBUG org.apache.http.wire -  << "Connection: keep-alive[\r][\n]"
22:00:13.768 [main] DEBUG org.apache.http.wire -  << "Access-Control-Allow-Origin: *[\r][\n]"
22:00:13.768 [main] DEBUG org.apache.http.wire -  << "Etag: W/"14-uL5V+jLof3UekSnhRJhfDJZ2ykM"[\r][\n]"
22:00:13.768 [main] DEBUG org.apache.http.wire -  << "X-Powered-By: Express[\r][\n]"
22:00:13.768 [main] DEBUG org.apache.http.wire -  << "CF-Cache-Status: DYNAMIC[\r][\n]"
22:00:13.768 [main] DEBUG org.apache.http.wire -  << "Report-To: {"endpoints":[{"url":"https:\/\/a.nel.cloudflare.com\/report\/v3?s=JMqFFO2fGUxhZEIyOYU0UssA8L8rdNL4%2BcDW60XPcgf%2F5GCe6U7q8kexIYF64m%2F6EKEn5LwPSPifXrrH4gBTAyPQDL6QOgnFH525KQPKWkKCyNBg2qVPwxFKTny90Qb9pG%2B7"}],"group":"cf-nel","max_age":604800}[\r][\n]"
22:00:13.768 [main] DEBUG org.apache.http.wire -  << "NEL: {"success_fraction":0,"report_to":"cf-nel","max_age":604800}[\r][\n]"
22:00:13.768 [main] DEBUG org.apache.http.wire -  << "Server: cloudflare[\r][\n]"
22:00:13.768 [main] DEBUG org.apache.http.wire -  << "CF-RAY: 7b850e8eb90b49b4-SIN[\r][\n]"
22:00:13.768 [main] DEBUG org.apache.http.wire -  << "alt-svc: h3=":443"; ma=86400, h3-29=":443"; ma=86400[\r][\n]"
22:00:13.768 [main] DEBUG org.apache.http.wire -  << "[\r][\n]"
22:00:13.768 [main] DEBUG org.apache.http.impl.conn.DefaultClientConnection - Receiving response: HTTP/1.1 200 OK
22:00:13.768 [main] DEBUG org.apache.http.headers - << HTTP/1.1 200 OK
22:00:13.768 [main] DEBUG org.apache.http.headers - << Date: Sat, 15 Apr 2023 15:00:13 GMT
22:00:13.769 [main] DEBUG org.apache.http.headers - << Content-Type: application/json; charset=utf-8
22:00:13.769 [main] DEBUG org.apache.http.headers - << Content-Length: 20
22:00:13.769 [main] DEBUG org.apache.http.headers - << Connection: keep-alive
22:00:13.769 [main] DEBUG org.apache.http.headers - << Access-Control-Allow-Origin: *
22:00:13.769 [main] DEBUG org.apache.http.headers - << Etag: W/"14-uL5V+jLof3UekSnhRJhfDJZ2ykM"
22:00:13.769 [main] DEBUG org.apache.http.headers - << X-Powered-By: Express
22:00:13.769 [main] DEBUG org.apache.http.headers - << CF-Cache-Status: DYNAMIC
22:00:13.769 [main] DEBUG org.apache.http.headers - << Report-To: {"endpoints":[{"url":"https:\/\/a.nel.cloudflare.com\/report\/v3?s=JMqFFO2fGUxhZEIyOYU0UssA8L8rdNL4%2BcDW60XPcgf%2F5GCe6U7q8kexIYF64m%2F6EKEn5LwPSPifXrrH4gBTAyPQDL6QOgnFH525KQPKWkKCyNBg2qVPwxFKTny90Qb9pG%2B7"}],"group":"cf-nel","max_age":604800}
22:00:13.769 [main] DEBUG org.apache.http.headers - << NEL: {"success_fraction":0,"report_to":"cf-nel","max_age":604800}
22:00:13.769 [main] DEBUG org.apache.http.headers - << Server: cloudflare
22:00:13.769 [main] DEBUG org.apache.http.headers - << CF-RAY: 7b850e8eb90b49b4-SIN
22:00:13.769 [main] DEBUG org.apache.http.headers - << alt-svc: h3=":443"; ma=86400, h3-29=":443"; ma=86400
22:00:13.769 [main] DEBUG org.apache.http.impl.client.DefaultHttpClient - Connection can be kept alive indefinitely
22:00:13.769 [main] DEBUG io.restassured.internal.RestAssuredHttpBuilder - Parsing response as: application/json; charset=utf-8
22:00:13.769 [main] DEBUG io.restassured.internal.RestAssuredHttpBuilder - Parsed data to instance of: class org.apache.http.conn.EofSensorInputStream
22:00:13.771 [main] DEBUG org.apache.http.wire -  << "{"id":11,"userId":5}"
22:00:13.771 [main] DEBUG org.apache.http.impl.conn.BasicClientConnectionManager - Releasing connection org.apache.http.impl.conn.ManagedClientConnectionImpl@14ee143a
22:00:13.771 [main] DEBUG org.apache.http.impl.conn.BasicClientConnectionManager - Connection can be kept alive indefinitely
22:00:13.772 [main] DEBUG net.thucydides.core.steps.StepInterceptor - STEP DONE: I POST HTTP request with valid data cart
  &amp#27;[32mWhen &amp#27;[0m&amp#27;[32mI POST HTTP request with valid data cart&amp#27;[0m &amp#27;[90m# starter.stepdefinition.CartSteps.postCartRequestUrl()&amp#27;[0m
22:00:13.776 [main] DEBUG net.thucydides.core.steps.StepInterceptor - STARTING STEP: CartSteps.validNewDataCart - I receive valid data for new cart
22:00:13.792 [main] DEBUG net.thucydides.core.steps.StepInterceptor - STEP DONE: I receive valid data for new cart
  &amp#27;[32mAnd &amp#27;[0m&amp#27;[32mI receive valid data for new cart&amp#27;[0m         &amp#27;[90m# starter.stepdefinition.CartSteps.validNewDataCart()&amp#27;[0m
22:00:13.798 [main] DEBUG net.thucydides.core.steps.StepInterceptor - STARTING STEP: CartSteps.responseNewCartValid - I receive valid cart response 200
22:00:13.799 [main] DEBUG net.thucydides.core.steps.StepInterceptor - STEP DONE: I receive valid cart response 200
  &amp#27;[32mThen &amp#27;[0m&amp#27;[32mI receive valid cart response 200&amp#27;[0m        &amp#27;[90m# starter.stepdefinition.CartSteps.responseNewCartValid()&amp#27;[0m
22:00:13.803 [main] INFO  - 
  _____   ___   ___   _____     ___     _     ___   ___   ___   ___  
 |_   _| | __| / __| |_   _|   | _ \   /_\   / __| / __| | __| |   \ 
   | |   | _|  \__ \   | |     |  _/  / _ \  \__ \ \__ \ | _|  | |) |
   |_|   |___| |___/   |_|     |_|   /_/ \_\ |___/ |___/ |___| |___/ 

CART - POST new cart with valid data
----------------------------------------------------------------------
]]></system-out>
  </testcase>
  <testcase name="CART - POST new cart with invalid data" classname="Cart" time="0.947">
    <system-out><![CDATA[
Scenario: CART - POST new cart with invalid data         &amp#27;[90m# src/test/resources/api/cart.feature:70&amp#27;[0m
22:00:13.822 [main] INFO io.cucumber.core.plugin.SerenityReporter - Running feature from file:///C:/Users/User/IdeaProjects/CodeCompetence2/src/test/resources/api/cart.feature
22:00:13.822 [main] WARN io.cucumber.core.plugin.SerenityReporter - Feature from file:///C:/Users/User/IdeaProjects/CodeCompetence2/src/test/resources/api/cart.feature is not under the 'features' directory. Requirements report will not be correctly generated!
22:00:13.825 [main] INFO  - 
  _____   ___   ___   _____     ___   _____     _     ___   _____   ___   ___  
 |_   _| | __| / __| |_   _|   / __| |_   _|   /_\   | _ \ |_   _| | __| |   \ 
   | |   | _|  \__ \   | |     \__ \   | |    / _ \  |   /   | |   | _|  | |) |
   |_|   |___| |___/   |_|     |___/   |_|   /_/ \_\ |_|_\   |_|   |___| |___/ 

CART - POST new cart with invalid data(cart;cart---post-new-cart-with-invalid-data)
--------------------------------------------------------------------------------
22:00:13.837 [main] DEBUG net.thucydides.core.steps.StepInterceptor - STARTING STEP: CartSteps.postNewCartWithInvalidEndpoint - I POST API new cart with invalid endpoints
22:00:13.837 [main] DEBUG net.thucydides.core.steps.StepInterceptor - STEP DONE: I POST API new cart with invalid endpoints
  &amp#27;[32mGiven &amp#27;[0m&amp#27;[32mI POST API new cart with invalid endpoints&amp#27;[0m       &amp#27;[90m# starter.stepdefinition.CartSteps.postNewCartWithInvalidEndpoint()&amp#27;[0m
22:00:13.842 [main] DEBUG net.thucydides.core.steps.StepInterceptor - STARTING STEP: CartSteps.postHTTPRequestWithInvalidDataCart - I POST HTTP request with invalid data cart
22:00:13.845 [main] DEBUG net.thucydides.core.steps.StepInterceptor - STARTING STEP: Cart.postHTTPRequestWithInvalidDataCart - I POST API new cart with invalid endpoints
22:00:13.845 [main] DEBUG net.thucydides.core.steps.StepInterceptor - STEP DONE: I POST API new cart with invalid endpoints
22:00:13.864 [main] DEBUG org.apache.http.impl.conn.BasicClientConnectionManager - Get connection for route {s}->https://fakestoreapi.com:443
22:00:13.865 [main] DEBUG org.apache.http.impl.conn.DefaultClientConnectionOperator - Connecting to fakestoreapi.com:443
22:00:14.351 [main] DEBUG org.apache.http.client.protocol.RequestAddCookies - CookieSpec selected: ignoreCookies
22:00:14.351 [main] DEBUG org.apache.http.client.protocol.RequestAuthCache - Auth cache not set in the context
22:00:14.351 [main] DEBUG org.apache.http.client.protocol.RequestTargetAuthentication - Target auth state: UNCHALLENGED
22:00:14.351 [main] DEBUG org.apache.http.client.protocol.RequestProxyAuthentication - Proxy auth state: UNCHALLENGED
22:00:14.351 [main] DEBUG org.apache.http.impl.client.DefaultHttpClient - Attempt 1 to execute request
22:00:14.351 [main] DEBUG org.apache.http.impl.conn.DefaultClientConnection - Sending request: POST /keranjan/5 HTTP/1.1
22:00:14.352 [main] DEBUG org.apache.http.wire -  >> "POST /keranjan/5 HTTP/1.1[\r][\n]"
22:00:14.352 [main] DEBUG org.apache.http.wire -  >> "Accept: */*[\r][\n]"
22:00:14.352 [main] DEBUG org.apache.http.wire -  >> "Content-Type: application/json[\r][\n]"
22:00:14.352 [main] DEBUG org.apache.http.wire -  >> "Content-Length: 12[\r][\n]"
22:00:14.352 [main] DEBUG org.apache.http.wire -  >> "Host: fakestoreapi.com[\r][\n]"
22:00:14.352 [main] DEBUG org.apache.http.wire -  >> "Connection: Keep-Alive[\r][\n]"
22:00:14.352 [main] DEBUG org.apache.http.wire -  >> "User-Agent: Apache-HttpClient/4.5.13 (Java/19.0.2)[\r][\n]"
22:00:14.352 [main] DEBUG org.apache.http.wire -  >> "Accept-Encoding: gzip,deflate[\r][\n]"
22:00:14.352 [main] DEBUG org.apache.http.wire -  >> "[\r][\n]"
22:00:14.352 [main] DEBUG org.apache.http.headers - >> POST /keranjan/5 HTTP/1.1
22:00:14.352 [main] DEBUG org.apache.http.headers - >> Accept: */*
22:00:14.352 [main] DEBUG org.apache.http.headers - >> Content-Type: application/json
22:00:14.352 [main] DEBUG org.apache.http.headers - >> Content-Length: 12
22:00:14.352 [main] DEBUG org.apache.http.headers - >> Host: fakestoreapi.com
22:00:14.352 [main] DEBUG org.apache.http.headers - >> Connection: Keep-Alive
22:00:14.352 [main] DEBUG org.apache.http.headers - >> User-Agent: Apache-HttpClient/4.5.13 (Java/19.0.2)
22:00:14.352 [main] DEBUG org.apache.http.headers - >> Accept-Encoding: gzip,deflate
22:00:14.352 [main] DEBUG org.apache.http.wire -  >> "{"userId":5}"
22:00:14.734 [main] DEBUG org.apache.http.wire -  << "HTTP/1.1 404 Not Found[\r][\n]"
22:00:14.734 [main] DEBUG org.apache.http.wire -  << "Date: Sat, 15 Apr 2023 15:00:14 GMT[\r][\n]"
22:00:14.734 [main] DEBUG org.apache.http.wire -  << "Content-Type: text/html; charset=utf-8[\r][\n]"
22:00:14.734 [main] DEBUG org.apache.http.wire -  << "Transfer-Encoding: chunked[\r][\n]"
22:00:14.734 [main] DEBUG org.apache.http.wire -  << "Connection: keep-alive[\r][\n]"
22:00:14.734 [main] DEBUG org.apache.http.wire -  << "Access-Control-Allow-Origin: *[\r][\n]"
22:00:14.734 [main] DEBUG org.apache.http.wire -  << "Content-Security-Policy: default-src 'none'[\r][\n]"
22:00:14.734 [main] DEBUG org.apache.http.wire -  << "X-Content-Type-Options: nosniff[\r][\n]"
22:00:14.734 [main] DEBUG org.apache.http.wire -  << "X-Powered-By: Express[\r][\n]"
22:00:14.734 [main] DEBUG org.apache.http.wire -  << "CF-Cache-Status: DYNAMIC[\r][\n]"
22:00:14.734 [main] DEBUG org.apache.http.wire -  << "Report-To: {"endpoints":[{"url":"https:\/\/a.nel.cloudflare.com\/report\/v3?s=VMnjwpA5qabUEELei%2BnHDZEbptOarfbqNDFTSxi926nOGnFMZwAsL3BkVsDxsuRFzil1XOWQJvik41GYE5yIW6QGeFCQCzxfM56gSt4K37LC%2B7MznQpGUXIQpKJHWq9X%2FK68"}],"group":"cf-nel","max_age":604800}[\r][\n]"
22:00:14.735 [main] DEBUG org.apache.http.wire -  << "NEL: {"success_fraction":0,"report_to":"cf-nel","max_age":604800}[\r][\n]"
22:00:14.735 [main] DEBUG org.apache.http.wire -  << "Server: cloudflare[\r][\n]"
22:00:14.735 [main] DEBUG org.apache.http.wire -  << "CF-RAY: 7b850e94da2c3e3e-SIN[\r][\n]"
22:00:14.735 [main] DEBUG org.apache.http.wire -  << "Content-Encoding: gzip[\r][\n]"
22:00:14.735 [main] DEBUG org.apache.http.wire -  << "alt-svc: h3=":443"; ma=86400, h3-29=":443"; ma=86400[\r][\n]"
22:00:14.735 [main] DEBUG org.apache.http.wire -  << "[\r][\n]"
22:00:14.735 [main] DEBUG org.apache.http.impl.conn.DefaultClientConnection - Receiving response: HTTP/1.1 404 Not Found
22:00:14.735 [main] DEBUG org.apache.http.headers - << HTTP/1.1 404 Not Found
22:00:14.735 [main] DEBUG org.apache.http.headers - << Date: Sat, 15 Apr 2023 15:00:14 GMT
22:00:14.735 [main] DEBUG org.apache.http.headers - << Content-Type: text/html; charset=utf-8
22:00:14.735 [main] DEBUG org.apache.http.headers - << Transfer-Encoding: chunked
22:00:14.735 [main] DEBUG org.apache.http.headers - << Connection: keep-alive
22:00:14.735 [main] DEBUG org.apache.http.headers - << Access-Control-Allow-Origin: *
22:00:14.735 [main] DEBUG org.apache.http.headers - << Content-Security-Policy: default-src 'none'
22:00:14.735 [main] DEBUG org.apache.http.headers - << X-Content-Type-Options: nosniff
22:00:14.735 [main] DEBUG org.apache.http.headers - << X-Powered-By: Express
22:00:14.735 [main] DEBUG org.apache.http.headers - << CF-Cache-Status: DYNAMIC
22:00:14.735 [main] DEBUG org.apache.http.headers - << Report-To: {"endpoints":[{"url":"https:\/\/a.nel.cloudflare.com\/report\/v3?s=VMnjwpA5qabUEELei%2BnHDZEbptOarfbqNDFTSxi926nOGnFMZwAsL3BkVsDxsuRFzil1XOWQJvik41GYE5yIW6QGeFCQCzxfM56gSt4K37LC%2B7MznQpGUXIQpKJHWq9X%2FK68"}],"group":"cf-nel","max_age":604800}
22:00:14.735 [main] DEBUG org.apache.http.headers - << NEL: {"success_fraction":0,"report_to":"cf-nel","max_age":604800}
22:00:14.735 [main] DEBUG org.apache.http.headers - << Server: cloudflare
22:00:14.735 [main] DEBUG org.apache.http.headers - << CF-RAY: 7b850e94da2c3e3e-SIN
22:00:14.735 [main] DEBUG org.apache.http.headers - << Content-Encoding: gzip
22:00:14.735 [main] DEBUG org.apache.http.headers - << alt-svc: h3=":443"; ma=86400, h3-29=":443"; ma=86400
22:00:14.735 [main] DEBUG org.apache.http.impl.client.DefaultHttpClient - Connection can be kept alive indefinitely
22:00:14.735 [main] DEBUG io.restassured.internal.RestAssuredHttpBuilder - Parsing response as: text/html; charset=utf-8
22:00:14.735 [main] DEBUG org.apache.http.wire -  << "93[\r][\n]"
22:00:14.735 [main] DEBUG org.apache.http.wire -  << "[0x1f][0x8b][0x8][0x0][0x0][0x0][0x0][0x0][0x0][0x3],[0x8e][0xb1][0xe][0xc2]0[0xc]D[0xf7]|E[0xc8][0x8e]<!1[0xb8]YJ[0xe7]V[0xa2][0xb][0xa3][0xa1][0x86][0x2][0xa9]S[0xb9][0xee][0xc0][0xdf][0xa3]@[0xa7][0xd3][0xdd][0xbb][0x93][0xe]w[0xa7][0xb6][0xee]/][0xe3]G[0x9b]RtX[0xc4]'[0x92]G[0x15]XB[0x9][0x98][0x86][0xe8]pb#[0x1b]I[0x17][0xb6]*[0xac]v[0xdf][0x1f][0xb][0xb5][0xa7]%[0x8e][0x8d]jV[0x84][0xbf]q[0x8][0xdb][0xe6][0x9a][0x87]Ot8+[0xc7][0x9a]D[0xb2][0xf9][0xae]=[0xf7][0x1e][0xde][0xac]$/[0x12]8 [0x14][0xe8][0x10][0xb6]*[0xfc]^|[0x1][0x0][0x0][0xff][0xff][0xe3][0x2][0x0][0xbf][0xde][0xe][0xfe][0x96][0x0][0x0][0x0]"
22:00:14.735 [main] DEBUG org.apache.http.wire -  << "[\r][\n]"
22:00:14.735 [main] DEBUG org.apache.http.wire -  << "0[\r][\n]"
22:00:14.735 [main] DEBUG org.apache.http.wire -  << "[\r][\n]"
22:00:14.735 [main] DEBUG io.restassured.internal.RestAssuredHttpBuilder - Parsed data to instance of: class org.apache.http.conn.EofSensorInputStream
22:00:14.737 [main] DEBUG org.apache.http.impl.conn.BasicClientConnectionManager - Releasing connection org.apache.http.impl.conn.ManagedClientConnectionImpl@426a4301
22:00:14.737 [main] DEBUG org.apache.http.impl.conn.BasicClientConnectionManager - Connection can be kept alive indefinitely
22:00:14.739 [main] DEBUG net.thucydides.core.steps.StepInterceptor - STEP DONE: I POST HTTP request with invalid data cart
  &amp#27;[32mWhen &amp#27;[0m&amp#27;[32mI POST HTTP request with invalid data cart&amp#27;[0m        &amp#27;[90m# starter.stepdefinition.CartSteps.postHTTPRequestWithInvalidDataCart()&amp#27;[0m
22:00:14.743 [main] DEBUG net.thucydides.core.steps.StepInterceptor - STARTING STEP: CartSteps.receiveInvalidDataForNewCart - I receive invalid data for new cart
22:00:14.744 [main] DEBUG net.thucydides.core.steps.StepInterceptor - STEP DONE: I receive invalid data for new cart
  &amp#27;[32mAnd &amp#27;[0m&amp#27;[32mI receive invalid data for new cart&amp#27;[0m                &amp#27;[90m# starter.stepdefinition.CartSteps.receiveInvalidDataForNewCart()&amp#27;[0m
22:00:14.748 [main] DEBUG net.thucydides.core.steps.StepInterceptor - STARTING STEP: CartSteps.receiveInvalidPOSTNewCartResponseCode404 - I receive invalid POST new cart response code 404
22:00:14.749 [main] DEBUG net.thucydides.core.steps.StepInterceptor - STEP DONE: I receive invalid POST new cart response code 404
  &amp#27;[32mThen &amp#27;[0m&amp#27;[32mI receive invalid POST new cart response code 404&amp#27;[0m &amp#27;[90m# starter.stepdefinition.CartSteps.receiveInvalidPOSTNewCartResponseCode404()&amp#27;[0m
22:00:14.751 [main] INFO  - 
  _____   ___   ___   _____     ___     _     ___   ___   ___   ___  
 |_   _| | __| / __| |_   _|   | _ \   /_\   / __| / __| | __| |   \ 
   | |   | _|  \__ \   | |     |  _/  / _ \  \__ \ \__ \ | _|  | |) |
   |_|   |___| |___/   |_|     |_|   /_/ \_\ |___/ |___/ |___| |___/ 

CART - POST new cart with invalid data
----------------------------------------------------------------------
]]></system-out>
  </testcase>
  <testcase name="CART - PUT existing cart" classname="Cart" time="0.976">
    <system-out><![CDATA[
Scenario: CART - PUT existing cart           &amp#27;[90m# src/test/resources/api/cart.feature:76&amp#27;[0m
22:00:14.769 [main] INFO io.cucumber.core.plugin.SerenityReporter - Running feature from file:///C:/Users/User/IdeaProjects/CodeCompetence2/src/test/resources/api/cart.feature
22:00:14.770 [main] WARN io.cucumber.core.plugin.SerenityReporter - Feature from file:///C:/Users/User/IdeaProjects/CodeCompetence2/src/test/resources/api/cart.feature is not under the 'features' directory. Requirements report will not be correctly generated!
22:00:14.772 [main] INFO  - 
  _____   ___   ___   _____     ___   _____     _     ___   _____   ___   ___  
 |_   _| | __| / __| |_   _|   / __| |_   _|   /_\   | _ \ |_   _| | __| |   \ 
   | |   | _|  \__ \   | |     \__ \   | |    / _ \  |   /   | |   | _|  | |) |
   |_|   |___| |___/   |_|     |___/   |_|   /_/ \_\ |_|_\   |_|   |___| |___/ 

CART - PUT existing cart(cart;cart---put-existing-cart)
--------------------------------------------------------------------------------
22:00:14.784 [main] DEBUG net.thucydides.core.steps.StepInterceptor - STARTING STEP: CartSteps.setPutCartEndpoint - I PUT cart API endpoints
22:00:14.784 [main] DEBUG net.thucydides.core.steps.StepInterceptor - STEP DONE: I PUT cart API endpoints
  &amp#27;[32mGiven &amp#27;[0m&amp#27;[32mI PUT cart API endpoints&amp#27;[0m             &amp#27;[90m# starter.stepdefinition.CartSteps.setPutCartEndpoint()&amp#27;[0m
22:00:14.790 [main] DEBUG net.thucydides.core.steps.StepInterceptor - STARTING STEP: CartSteps.putCartRequestUrl - I PUT cart HTTP request
22:00:14.792 [main] DEBUG net.thucydides.core.steps.StepInterceptor - STARTING STEP: Cart.putCartRequest - I PUT cart API endpoints
22:00:14.792 [main] DEBUG net.thucydides.core.steps.StepInterceptor - STEP DONE: I PUT cart API endpoints
22:00:14.835 [main] DEBUG org.apache.http.impl.conn.BasicClientConnectionManager - Get connection for route {s}->https://fakestoreapi.com:443
22:00:14.835 [main] DEBUG org.apache.http.impl.conn.DefaultClientConnectionOperator - Connecting to fakestoreapi.com:443
22:00:14.965 [main] DEBUG org.apache.http.client.protocol.RequestAddCookies - CookieSpec selected: ignoreCookies
22:00:14.965 [main] DEBUG org.apache.http.client.protocol.RequestAuthCache - Auth cache not set in the context
22:00:14.965 [main] DEBUG org.apache.http.client.protocol.RequestTargetAuthentication - Target auth state: UNCHALLENGED
22:00:14.965 [main] DEBUG org.apache.http.client.protocol.RequestProxyAuthentication - Proxy auth state: UNCHALLENGED
22:00:14.965 [main] DEBUG org.apache.http.impl.client.DefaultHttpClient - Attempt 1 to execute request
22:00:14.965 [main] DEBUG org.apache.http.impl.conn.DefaultClientConnection - Sending request: PUT /carts/7 HTTP/1.1
22:00:14.965 [main] DEBUG org.apache.http.wire -  >> "PUT /carts/7 HTTP/1.1[\r][\n]"
22:00:14.965 [main] DEBUG org.apache.http.wire -  >> "Accept: */*[\r][\n]"
22:00:14.965 [main] DEBUG org.apache.http.wire -  >> "Content-Type: application/json[\r][\n]"
22:00:14.965 [main] DEBUG org.apache.http.wire -  >> "Content-Length: 12[\r][\n]"
22:00:14.965 [main] DEBUG org.apache.http.wire -  >> "Host: fakestoreapi.com[\r][\n]"
22:00:14.965 [main] DEBUG org.apache.http.wire -  >> "Connection: Keep-Alive[\r][\n]"
22:00:14.965 [main] DEBUG org.apache.http.wire -  >> "User-Agent: Apache-HttpClient/4.5.13 (Java/19.0.2)[\r][\n]"
22:00:14.965 [main] DEBUG org.apache.http.wire -  >> "Accept-Encoding: gzip,deflate[\r][\n]"
22:00:14.965 [main] DEBUG org.apache.http.wire -  >> "[\r][\n]"
22:00:14.965 [main] DEBUG org.apache.http.headers - >> PUT /carts/7 HTTP/1.1
22:00:14.965 [main] DEBUG org.apache.http.headers - >> Accept: */*
22:00:14.965 [main] DEBUG org.apache.http.headers - >> Content-Type: application/json
22:00:14.965 [main] DEBUG org.apache.http.headers - >> Content-Length: 12
22:00:14.965 [main] DEBUG org.apache.http.headers - >> Host: fakestoreapi.com
22:00:14.965 [main] DEBUG org.apache.http.headers - >> Connection: Keep-Alive
22:00:14.965 [main] DEBUG org.apache.http.headers - >> User-Agent: Apache-HttpClient/4.5.13 (Java/19.0.2)
22:00:14.965 [main] DEBUG org.apache.http.headers - >> Accept-Encoding: gzip,deflate
22:00:14.965 [main] DEBUG org.apache.http.wire -  >> "{"userId":3}"
22:00:15.659 [main] DEBUG org.apache.http.wire -  << "HTTP/1.1 200 OK[\r][\n]"
22:00:15.659 [main] DEBUG org.apache.http.wire -  << "Date: Sat, 15 Apr 2023 15:00:15 GMT[\r][\n]"
22:00:15.659 [main] DEBUG org.apache.http.wire -  << "Content-Type: application/json; charset=utf-8[\r][\n]"
22:00:15.659 [main] DEBUG org.apache.http.wire -  << "Content-Length: 19[\r][\n]"
22:00:15.659 [main] DEBUG org.apache.http.wire -  << "Connection: keep-alive[\r][\n]"
22:00:15.659 [main] DEBUG org.apache.http.wire -  << "Access-Control-Allow-Origin: *[\r][\n]"
22:00:15.659 [main] DEBUG org.apache.http.wire -  << "Etag: W/"13-/VDKlmydQYgoa2lAyj3nKx1L5fE"[\r][\n]"
22:00:15.659 [main] DEBUG org.apache.http.wire -  << "X-Powered-By: Express[\r][\n]"
22:00:15.659 [main] DEBUG org.apache.http.wire -  << "CF-Cache-Status: DYNAMIC[\r][\n]"
22:00:15.659 [main] DEBUG org.apache.http.wire -  << "Report-To: {"endpoints":[{"url":"https:\/\/a.nel.cloudflare.com\/report\/v3?s=OsqgAUnI2IY0yfQT%2Byu5HqK9DASicZbujGsJavA6455AaUY3bXKJpmUboCIw2A%2BNCOxJPP2rpFv44kGR5zMjYy5LsWy03A0nX3OQ6MNyOpkLVSbqM778Ta%2FDlSfJ8m5SOoGv"}],"group":"cf-nel","max_age":604800}[\r][\n]"
22:00:15.659 [main] DEBUG org.apache.http.wire -  << "NEL: {"success_fraction":0,"report_to":"cf-nel","max_age":604800}[\r][\n]"
22:00:15.659 [main] DEBUG org.apache.http.wire -  << "Server: cloudflare[\r][\n]"
22:00:15.659 [main] DEBUG org.apache.http.wire -  << "CF-RAY: 7b850e98bf3b3fb1-SIN[\r][\n]"
22:00:15.659 [main] DEBUG org.apache.http.wire -  << "alt-svc: h3=":443"; ma=86400, h3-29=":443"; ma=86400[\r][\n]"
22:00:15.659 [main] DEBUG org.apache.http.wire -  << "[\r][\n]"
22:00:15.659 [main] DEBUG org.apache.http.impl.conn.DefaultClientConnection - Receiving response: HTTP/1.1 200 OK
22:00:15.659 [main] DEBUG org.apache.http.headers - << HTTP/1.1 200 OK
22:00:15.659 [main] DEBUG org.apache.http.headers - << Date: Sat, 15 Apr 2023 15:00:15 GMT
22:00:15.659 [main] DEBUG org.apache.http.headers - << Content-Type: application/json; charset=utf-8
22:00:15.659 [main] DEBUG org.apache.http.headers - << Content-Length: 19
22:00:15.659 [main] DEBUG org.apache.http.headers - << Connection: keep-alive
22:00:15.659 [main] DEBUG org.apache.http.headers - << Access-Control-Allow-Origin: *
22:00:15.659 [main] DEBUG org.apache.http.headers - << Etag: W/"13-/VDKlmydQYgoa2lAyj3nKx1L5fE"
22:00:15.659 [main] DEBUG org.apache.http.headers - << X-Powered-By: Express
22:00:15.659 [main] DEBUG org.apache.http.headers - << CF-Cache-Status: DYNAMIC
22:00:15.659 [main] DEBUG org.apache.http.headers - << Report-To: {"endpoints":[{"url":"https:\/\/a.nel.cloudflare.com\/report\/v3?s=OsqgAUnI2IY0yfQT%2Byu5HqK9DASicZbujGsJavA6455AaUY3bXKJpmUboCIw2A%2BNCOxJPP2rpFv44kGR5zMjYy5LsWy03A0nX3OQ6MNyOpkLVSbqM778Ta%2FDlSfJ8m5SOoGv"}],"group":"cf-nel","max_age":604800}
22:00:15.659 [main] DEBUG org.apache.http.headers - << NEL: {"success_fraction":0,"report_to":"cf-nel","max_age":604800}
22:00:15.659 [main] DEBUG org.apache.http.headers - << Server: cloudflare
22:00:15.659 [main] DEBUG org.apache.http.headers - << CF-RAY: 7b850e98bf3b3fb1-SIN
22:00:15.659 [main] DEBUG org.apache.http.headers - << alt-svc: h3=":443"; ma=86400, h3-29=":443"; ma=86400
22:00:15.659 [main] DEBUG org.apache.http.impl.client.DefaultHttpClient - Connection can be kept alive indefinitely
22:00:15.659 [main] DEBUG io.restassured.internal.RestAssuredHttpBuilder - Parsing response as: application/json; charset=utf-8
22:00:15.659 [main] DEBUG io.restassured.internal.RestAssuredHttpBuilder - Parsed data to instance of: class org.apache.http.conn.EofSensorInputStream
22:00:15.661 [main] DEBUG org.apache.http.wire -  << "{"id":7,"userId":3}"
22:00:15.661 [main] DEBUG org.apache.http.impl.conn.BasicClientConnectionManager - Releasing connection org.apache.http.impl.conn.ManagedClientConnectionImpl@2dec57c5
22:00:15.661 [main] DEBUG org.apache.http.impl.conn.BasicClientConnectionManager - Connection can be kept alive indefinitely
22:00:15.662 [main] DEBUG net.thucydides.core.steps.StepInterceptor - STEP DONE: I PUT cart HTTP request
  &amp#27;[32mWhen &amp#27;[0m&amp#27;[32mI PUT cart HTTP request&amp#27;[0m               &amp#27;[90m# starter.stepdefinition.CartSteps.putCartRequestUrl()&amp#27;[0m
22:00:15.697 [Finalizer] DEBUG org.apache.http.impl.conn.DefaultClientConnection - Connection 0.0.0.0:57064<->172.67.130.225:443 closed
22:00:15.697 [Finalizer] DEBUG org.apache.http.impl.conn.DefaultClientConnection - Connection 0.0.0.0:57065<->172.67.130.225:443 closed
22:00:15.698 [Finalizer] DEBUG org.apache.http.impl.conn.DefaultClientConnection - Connection 0.0.0.0:57066<->172.67.130.225:443 closed
22:00:15.698 [Finalizer] DEBUG org.apache.http.impl.conn.DefaultClientConnection - Connection 0.0.0.0:57059<->172.67.130.225:443 closed
22:00:15.699 [Finalizer] DEBUG org.apache.http.impl.conn.DefaultClientConnection - Connection 0.0.0.0:57060<->172.67.130.225:443 closed
22:00:15.699 [Finalizer] DEBUG org.apache.http.impl.conn.DefaultClientConnection - Connection 0.0.0.0:57061<->172.67.130.225:443 closed
22:00:15.700 [Finalizer] DEBUG org.apache.http.impl.conn.DefaultClientConnection - Connection 0.0.0.0:57062<->172.67.130.225:443 closed
22:00:15.700 [Finalizer] DEBUG org.apache.http.impl.conn.DefaultClientConnection - Connection 0.0.0.0:57063<->172.67.130.225:443 closed
22:00:15.702 [main] DEBUG net.thucydides.core.steps.StepInterceptor - STARTING STEP: CartSteps.validUpdatedDataCart - I receive valid data for updated cart
22:00:15.716 [main] DEBUG net.thucydides.core.steps.StepInterceptor - STEP DONE: I receive valid data for updated cart
  &amp#27;[32mAnd &amp#27;[0m&amp#27;[32mI receive valid data for updated cart&amp#27;[0m  &amp#27;[90m# starter.stepdefinition.CartSteps.validUpdatedDataCart()&amp#27;[0m
22:00:15.723 [main] DEBUG net.thucydides.core.steps.StepInterceptor - STARTING STEP: CartSteps.responseUpdatedCartValid - I receive valid PUT cart response 200
22:00:15.724 [main] DEBUG net.thucydides.core.steps.StepInterceptor - STEP DONE: I receive valid PUT cart response 200
  &amp#27;[32mThen &amp#27;[0m&amp#27;[32mI receive valid PUT cart response 200&amp#27;[0m &amp#27;[90m# starter.stepdefinition.CartSteps.responseUpdatedCartValid()&amp#27;[0m
22:00:15.727 [main] INFO  - 
  _____   ___   ___   _____     ___     _     ___   ___   ___   ___  
 |_   _| | __| / __| |_   _|   | _ \   /_\   / __| / __| | __| |   \ 
   | |   | _|  \__ \   | |     |  _/  / _ \  \__ \ \__ \ | _|  | |) |
   |_|   |___| |___/   |_|     |_|   /_/ \_\ |___/ |___/ |___| |___/ 

CART - PUT existing cart
----------------------------------------------------------------------
]]></system-out>
  </testcase>
  <testcase name="CART - PUT existing cart with invalid data" classname="Cart" time="1.049">
    <system-out><![CDATA[
Scenario: CART - PUT existing cart with invalid data  &amp#27;[90m# src/test/resources/api/cart.feature:82&amp#27;[0m
22:00:15.751 [main] INFO io.cucumber.core.plugin.SerenityReporter - Running feature from file:///C:/Users/User/IdeaProjects/CodeCompetence2/src/test/resources/api/cart.feature
22:00:15.751 [main] WARN io.cucumber.core.plugin.SerenityReporter - Feature from file:///C:/Users/User/IdeaProjects/CodeCompetence2/src/test/resources/api/cart.feature is not under the 'features' directory. Requirements report will not be correctly generated!
22:00:15.754 [main] INFO  - 
  _____   ___   ___   _____     ___   _____     _     ___   _____   ___   ___  
 |_   _| | __| / __| |_   _|   / __| |_   _|   /_\   | _ \ |_   _| | __| |   \ 
   | |   | _|  \__ \   | |     \__ \   | |    / _ \  |   /   | |   | _|  | |) |
   |_|   |___| |___/   |_|     |___/   |_|   /_/ \_\ |_|_\   |_|   |___| |___/ 

CART - PUT existing cart with invalid data(cart;cart---put-existing-cart-with-invalid-data)
--------------------------------------------------------------------------------
22:00:15.770 [main] DEBUG net.thucydides.core.steps.StepInterceptor - STARTING STEP: CartSteps.putCartWithInvalidEndpoint - I PUT cart API with invalid endpoints
22:00:15.771 [main] DEBUG net.thucydides.core.steps.StepInterceptor - STEP DONE: I PUT cart API with invalid endpoints
  &amp#27;[32mGiven &amp#27;[0m&amp#27;[32mI PUT cart API with invalid endpoints&amp#27;[0m         &amp#27;[90m# starter.stepdefinition.CartSteps.putCartWithInvalidEndpoint()&amp#27;[0m
22:00:15.775 [main] DEBUG net.thucydides.core.steps.StepInterceptor - STARTING STEP: CartSteps.putCartRequestWithInvalidDataCart - I PUT cart HTTP request with invalid data cart
22:00:15.778 [main] DEBUG net.thucydides.core.steps.StepInterceptor - STARTING STEP: Cart.putCartRequestWithInvalidDataCart - I PUT cart API with invalid endpoints
22:00:15.778 [main] DEBUG net.thucydides.core.steps.StepInterceptor - STEP DONE: I PUT cart API with invalid endpoints
22:00:15.811 [main] DEBUG org.apache.http.impl.conn.BasicClientConnectionManager - Get connection for route {s}->https://fakestoreapi.com:443
22:00:15.811 [main] DEBUG org.apache.http.impl.conn.DefaultClientConnectionOperator - Connecting to fakestoreapi.com:443
22:00:15.977 [main] DEBUG org.apache.http.client.protocol.RequestAddCookies - CookieSpec selected: ignoreCookies
22:00:15.977 [main] DEBUG org.apache.http.client.protocol.RequestAuthCache - Auth cache not set in the context
22:00:15.977 [main] DEBUG org.apache.http.client.protocol.RequestTargetAuthentication - Target auth state: UNCHALLENGED
22:00:15.977 [main] DEBUG org.apache.http.client.protocol.RequestProxyAuthentication - Proxy auth state: UNCHALLENGED
22:00:15.977 [main] DEBUG org.apache.http.impl.client.DefaultHttpClient - Attempt 1 to execute request
22:00:15.977 [main] DEBUG org.apache.http.impl.conn.DefaultClientConnection - Sending request: PUT /cart/7 HTTP/1.1
22:00:15.977 [main] DEBUG org.apache.http.wire -  >> "PUT /cart/7 HTTP/1.1[\r][\n]"
22:00:15.977 [main] DEBUG org.apache.http.wire -  >> "Accept: */*[\r][\n]"
22:00:15.977 [main] DEBUG org.apache.http.wire -  >> "Content-Type: application/json[\r][\n]"
22:00:15.977 [main] DEBUG org.apache.http.wire -  >> "Content-Length: 12[\r][\n]"
22:00:15.977 [main] DEBUG org.apache.http.wire -  >> "Host: fakestoreapi.com[\r][\n]"
22:00:15.977 [main] DEBUG org.apache.http.wire -  >> "Connection: Keep-Alive[\r][\n]"
22:00:15.977 [main] DEBUG org.apache.http.wire -  >> "User-Agent: Apache-HttpClient/4.5.13 (Java/19.0.2)[\r][\n]"
22:00:15.977 [main] DEBUG org.apache.http.wire -  >> "Accept-Encoding: gzip,deflate[\r][\n]"
22:00:15.977 [main] DEBUG org.apache.http.wire -  >> "[\r][\n]"
22:00:15.977 [main] DEBUG org.apache.http.headers - >> PUT /cart/7 HTTP/1.1
22:00:15.977 [main] DEBUG org.apache.http.headers - >> Accept: */*
22:00:15.977 [main] DEBUG org.apache.http.headers - >> Content-Type: application/json
22:00:15.977 [main] DEBUG org.apache.http.headers - >> Content-Length: 12
22:00:15.977 [main] DEBUG org.apache.http.headers - >> Host: fakestoreapi.com
22:00:15.977 [main] DEBUG org.apache.http.headers - >> Connection: Keep-Alive
22:00:15.977 [main] DEBUG org.apache.http.headers - >> User-Agent: Apache-HttpClient/4.5.13 (Java/19.0.2)
22:00:15.977 [main] DEBUG org.apache.http.headers - >> Accept-Encoding: gzip,deflate
22:00:15.977 [main] DEBUG org.apache.http.wire -  >> "{"userId":7}"
22:00:16.757 [main] DEBUG org.apache.http.wire -  << "HTTP/1.1 404 Not Found[\r][\n]"
22:00:16.757 [main] DEBUG org.apache.http.wire -  << "Date: Sat, 15 Apr 2023 15:00:16 GMT[\r][\n]"
22:00:16.757 [main] DEBUG org.apache.http.wire -  << "Content-Type: text/html; charset=utf-8[\r][\n]"
22:00:16.757 [main] DEBUG org.apache.http.wire -  << "Transfer-Encoding: chunked[\r][\n]"
22:00:16.757 [main] DEBUG org.apache.http.wire -  << "Connection: keep-alive[\r][\n]"
22:00:16.757 [main] DEBUG org.apache.http.wire -  << "Access-Control-Allow-Origin: *[\r][\n]"
22:00:16.757 [main] DEBUG org.apache.http.wire -  << "Content-Security-Policy: default-src 'none'[\r][\n]"
22:00:16.757 [main] DEBUG org.apache.http.wire -  << "X-Content-Type-Options: nosniff[\r][\n]"
22:00:16.757 [main] DEBUG org.apache.http.wire -  << "X-Powered-By: Express[\r][\n]"
22:00:16.757 [main] DEBUG org.apache.http.wire -  << "CF-Cache-Status: DYNAMIC[\r][\n]"
22:00:16.757 [main] DEBUG org.apache.http.wire -  << "Report-To: {"endpoints":[{"url":"https:\/\/a.nel.cloudflare.com\/report\/v3?s=xZm%2B0ShxdJCjMAoB59s57%2FUg2ifTNd0bw6L6zQwwe5DXmlztY%2B%2FPY9OqwF45moO8tfzxtnQCQcduH9CkLoCDy8bZcT7FsIpX5jix5wCohXIrJY3Q4ldE6ldWBV%2FxM9HZrVzG"}],"group":"cf-nel","max_age":604800}[\r][\n]"
22:00:16.757 [main] DEBUG org.apache.http.wire -  << "NEL: {"success_fraction":0,"report_to":"cf-nel","max_age":604800}[\r][\n]"
22:00:16.757 [main] DEBUG org.apache.http.wire -  << "Server: cloudflare[\r][\n]"
22:00:16.757 [main] DEBUG org.apache.http.wire -  << "CF-RAY: 7b850e9f0a0f89b2-SIN[\r][\n]"
22:00:16.757 [main] DEBUG org.apache.http.wire -  << "Content-Encoding: gzip[\r][\n]"
22:00:16.757 [main] DEBUG org.apache.http.wire -  << "alt-svc: h3=":443"; ma=86400, h3-29=":443"; ma=86400[\r][\n]"
22:00:16.757 [main] DEBUG org.apache.http.wire -  << "[\r][\n]"
22:00:16.757 [main] DEBUG org.apache.http.impl.conn.DefaultClientConnection - Receiving response: HTTP/1.1 404 Not Found
22:00:16.757 [main] DEBUG org.apache.http.headers - << HTTP/1.1 404 Not Found
22:00:16.757 [main] DEBUG org.apache.http.headers - << Date: Sat, 15 Apr 2023 15:00:16 GMT
22:00:16.757 [main] DEBUG org.apache.http.headers - << Content-Type: text/html; charset=utf-8
22:00:16.757 [main] DEBUG org.apache.http.headers - << Transfer-Encoding: chunked
22:00:16.757 [main] DEBUG org.apache.http.headers - << Connection: keep-alive
22:00:16.757 [main] DEBUG org.apache.http.headers - << Access-Control-Allow-Origin: *
22:00:16.757 [main] DEBUG org.apache.http.headers - << Content-Security-Policy: default-src 'none'
22:00:16.757 [main] DEBUG org.apache.http.headers - << X-Content-Type-Options: nosniff
22:00:16.757 [main] DEBUG org.apache.http.headers - << X-Powered-By: Express
22:00:16.757 [main] DEBUG org.apache.http.headers - << CF-Cache-Status: DYNAMIC
22:00:16.757 [main] DEBUG org.apache.http.headers - << Report-To: {"endpoints":[{"url":"https:\/\/a.nel.cloudflare.com\/report\/v3?s=xZm%2B0ShxdJCjMAoB59s57%2FUg2ifTNd0bw6L6zQwwe5DXmlztY%2B%2FPY9OqwF45moO8tfzxtnQCQcduH9CkLoCDy8bZcT7FsIpX5jix5wCohXIrJY3Q4ldE6ldWBV%2FxM9HZrVzG"}],"group":"cf-nel","max_age":604800}
22:00:16.757 [main] DEBUG org.apache.http.headers - << NEL: {"success_fraction":0,"report_to":"cf-nel","max_age":604800}
22:00:16.757 [main] DEBUG org.apache.http.headers - << Server: cloudflare
22:00:16.757 [main] DEBUG org.apache.http.headers - << CF-RAY: 7b850e9f0a0f89b2-SIN
22:00:16.757 [main] DEBUG org.apache.http.headers - << Content-Encoding: gzip
22:00:16.757 [main] DEBUG org.apache.http.headers - << alt-svc: h3=":443"; ma=86400, h3-29=":443"; ma=86400
22:00:16.757 [main] DEBUG org.apache.http.impl.client.DefaultHttpClient - Connection can be kept alive indefinitely
22:00:16.758 [main] DEBUG io.restassured.internal.RestAssuredHttpBuilder - Parsing response as: text/html; charset=utf-8
22:00:16.758 [main] DEBUG org.apache.http.wire -  << "8e[\r][\n]"
22:00:16.758 [main] DEBUG org.apache.http.wire -  << "[0x1f][0x8b][0x8][0x0][0x0][0x0][0x0][0x0][0x0][0x3],[0x8e][0xb1][0xe][0xc2]0[0xc]DwE[0xc8][0x8e]<[0xc2][0xe0]z)[0x9d][0xe9]P[0x6]F[0xd3][0x1a][0x8a][0x94]&[0x95]1[0x3][0x8f][0x2][0x9d]N[0xf7][0xee]N:[0xda][0x9d][0xce][0xed]p[0xed][0xbb]0[0xfb][0x92][0x18][0xa8]JH[0x92][0x1f]M[0xd4][0x1c]+P[0x99][0x18]hQ[0x97]0[0xce]b/[0xf5]&[0xbe][0xfd][0xbe]?[0xd6][0xd4][0x9f][0x9e][0x94];[0xb3]b[0x84][0x3][0x84][0xdb][0xe6]V[0xa6][0xf][0x3][0xad][0xa6][0xdc]J[0xce][0xc5]C[0x19][0x2][0x8e]b[0x8e][0x7][0xc2][0xca][0x81]pk[0xe1][0xef][0xc0][0x17][0x0][0x0][0xff][0xff][0xe3][0x2][0x0]p[0xa6][0xd6]o[0x91][0x0][0x0][0x0]"
22:00:16.758 [main] DEBUG org.apache.http.wire -  << "[\r][\n]"
22:00:16.758 [main] DEBUG org.apache.http.wire -  << "0[\r][\n]"
22:00:16.758 [main] DEBUG org.apache.http.wire -  << "[\r][\n]"
22:00:16.758 [main] DEBUG io.restassured.internal.RestAssuredHttpBuilder - Parsed data to instance of: class org.apache.http.conn.EofSensorInputStream
22:00:16.759 [main] DEBUG org.apache.http.impl.conn.BasicClientConnectionManager - Releasing connection org.apache.http.impl.conn.ManagedClientConnectionImpl@3e0b1f03
22:00:16.759 [main] DEBUG org.apache.http.impl.conn.BasicClientConnectionManager - Connection can be kept alive indefinitely
22:00:16.761 [main] DEBUG net.thucydides.core.steps.StepInterceptor - STEP DONE: I PUT cart HTTP request with invalid data cart
  &amp#27;[32mWhen &amp#27;[0m&amp#27;[32mI PUT cart HTTP request with invalid data cart&amp#27;[0m &amp#27;[90m# starter.stepdefinition.CartSteps.putCartRequestWithInvalidDataCart()&amp#27;[0m
22:00:16.765 [main] DEBUG net.thucydides.core.steps.StepInterceptor - STARTING STEP: CartSteps.receiveInvalidDataForUpdatedCart - I receive invalid data for updated cart
22:00:16.767 [main] DEBUG net.thucydides.core.steps.StepInterceptor - STEP DONE: I receive invalid data for updated cart
  &amp#27;[32mAnd &amp#27;[0m&amp#27;[32mI receive invalid data for updated cart&amp#27;[0m         &amp#27;[90m# starter.stepdefinition.CartSteps.receiveInvalidDataForUpdatedCart()&amp#27;[0m
22:00:16.772 [main] DEBUG net.thucydides.core.steps.StepInterceptor - STARTING STEP: CartSteps.receiveInvalidPUTCartResponseCode2404 - I receive invalid PUT cart response code 404
22:00:16.773 [main] DEBUG net.thucydides.core.steps.StepInterceptor - STEP DONE: I receive invalid PUT cart response code 404
  &amp#27;[32mThen &amp#27;[0m&amp#27;[32mI receive invalid PUT cart response code 404&amp#27;[0m   &amp#27;[90m# starter.stepdefinition.CartSteps.receiveInvalidPUTCartResponseCode2404()&amp#27;[0m
22:00:16.776 [main] INFO  - 
  _____   ___   ___   _____     ___     _     ___   ___   ___   ___  
 |_   _| | __| / __| |_   _|   | _ \   /_\   / __| / __| | __| |   \ 
   | |   | _|  \__ \   | |     |  _/  / _ \  \__ \ \__ \ | _|  | |) |
   |_|   |___| |___/   |_|     |_|   /_/ \_\ |___/ |___/ |___| |___/ 

CART - PUT existing cart with invalid data
----------------------------------------------------------------------
]]></system-out>
  </testcase>
  <testcase name="CART - DELETE existing cart with valid id" classname="Cart" time="1.014">
    <system-out><![CDATA[
Scenario: CART - DELETE existing cart with valid id &amp#27;[90m# src/test/resources/api/cart.feature:88&amp#27;[0m
22:00:16.794 [main] INFO io.cucumber.core.plugin.SerenityReporter - Running feature from file:///C:/Users/User/IdeaProjects/CodeCompetence2/src/test/resources/api/cart.feature
22:00:16.794 [main] WARN io.cucumber.core.plugin.SerenityReporter - Feature from file:///C:/Users/User/IdeaProjects/CodeCompetence2/src/test/resources/api/cart.feature is not under the 'features' directory. Requirements report will not be correctly generated!
22:00:16.797 [main] INFO  - 
  _____   ___   ___   _____     ___   _____     _     ___   _____   ___   ___  
 |_   _| | __| / __| |_   _|   / __| |_   _|   /_\   | _ \ |_   _| | __| |   \ 
   | |   | _|  \__ \   | |     \__ \   | |    / _ \  |   /   | |   | _|  | |) |
   |_|   |___| |___/   |_|     |___/   |_|   /_/ \_\ |_|_\   |_|   |___| |___/ 

CART - DELETE existing cart with valid id(cart;cart---delete-existing-cart-with-valid-id)
--------------------------------------------------------------------------------
22:00:16.812 [main] DEBUG net.thucydides.core.steps.StepInterceptor - STARTING STEP: CartSteps.setDeleteCartEndpoint - I DELETE API cart endpoints
22:00:16.812 [main] DEBUG net.thucydides.core.steps.StepInterceptor - STEP DONE: I DELETE API cart endpoints
  &amp#27;[32mGiven &amp#27;[0m&amp#27;[32mI DELETE API cart endpoints&amp#27;[0m                 &amp#27;[90m# starter.stepdefinition.CartSteps.setDeleteCartEndpoint()&amp#27;[0m
22:00:16.818 [main] DEBUG net.thucydides.core.steps.StepInterceptor - STARTING STEP: CartSteps.deleteCartWithNewId - I DELETE cart HTTP request with valid id
22:00:16.820 [main] DEBUG net.thucydides.core.steps.StepInterceptor - STARTING STEP: Cart.deleteCartHTTPRequest - I DELETE API cart endpoints
22:00:16.820 [main] DEBUG net.thucydides.core.steps.StepInterceptor - STEP DONE: I DELETE API cart endpoints
22:00:16.834 [main] DEBUG org.apache.http.impl.conn.BasicClientConnectionManager - Get connection for route {s}->https://fakestoreapi.com:443
22:00:16.834 [main] DEBUG org.apache.http.impl.conn.DefaultClientConnectionOperator - Connecting to fakestoreapi.com:443
22:00:16.918 [main] DEBUG org.apache.http.client.protocol.RequestAddCookies - CookieSpec selected: ignoreCookies
22:00:16.918 [main] DEBUG org.apache.http.client.protocol.RequestAuthCache - Auth cache not set in the context
22:00:16.918 [main] DEBUG org.apache.http.client.protocol.RequestTargetAuthentication - Target auth state: UNCHALLENGED
22:00:16.918 [main] DEBUG org.apache.http.client.protocol.RequestProxyAuthentication - Proxy auth state: UNCHALLENGED
22:00:16.918 [main] DEBUG org.apache.http.impl.client.DefaultHttpClient - Attempt 1 to execute request
22:00:16.918 [main] DEBUG org.apache.http.impl.conn.DefaultClientConnection - Sending request: DELETE /products/6 HTTP/1.1
22:00:16.918 [main] DEBUG org.apache.http.wire -  >> "DELETE /products/6 HTTP/1.1[\r][\n]"
22:00:16.918 [main] DEBUG org.apache.http.wire -  >> "Accept: */*[\r][\n]"
22:00:16.918 [main] DEBUG org.apache.http.wire -  >> "Host: fakestoreapi.com[\r][\n]"
22:00:16.918 [main] DEBUG org.apache.http.wire -  >> "Connection: Keep-Alive[\r][\n]"
22:00:16.918 [main] DEBUG org.apache.http.wire -  >> "User-Agent: Apache-HttpClient/4.5.13 (Java/19.0.2)[\r][\n]"
22:00:16.918 [main] DEBUG org.apache.http.wire -  >> "Accept-Encoding: gzip,deflate[\r][\n]"
22:00:16.918 [main] DEBUG org.apache.http.wire -  >> "[\r][\n]"
22:00:16.918 [main] DEBUG org.apache.http.headers - >> DELETE /products/6 HTTP/1.1
22:00:16.918 [main] DEBUG org.apache.http.headers - >> Accept: */*
22:00:16.918 [main] DEBUG org.apache.http.headers - >> Host: fakestoreapi.com
22:00:16.918 [main] DEBUG org.apache.http.headers - >> Connection: Keep-Alive
22:00:16.919 [main] DEBUG org.apache.http.headers - >> User-Agent: Apache-HttpClient/4.5.13 (Java/19.0.2)
22:00:16.919 [main] DEBUG org.apache.http.headers - >> Accept-Encoding: gzip,deflate
22:00:17.781 [main] DEBUG org.apache.http.wire -  << "HTTP/1.1 200 OK[\r][\n]"
22:00:17.781 [main] DEBUG org.apache.http.wire -  << "Date: Sat, 15 Apr 2023 15:00:17 GMT[\r][\n]"
22:00:17.781 [main] DEBUG org.apache.http.wire -  << "Content-Type: application/json; charset=utf-8[\r][\n]"
22:00:17.781 [main] DEBUG org.apache.http.wire -  << "Transfer-Encoding: chunked[\r][\n]"
22:00:17.781 [main] DEBUG org.apache.http.wire -  << "Connection: keep-alive[\r][\n]"
22:00:17.781 [main] DEBUG org.apache.http.wire -  << "Access-Control-Allow-Origin: *[\r][\n]"
22:00:17.781 [main] DEBUG org.apache.http.wire -  << "Etag: W/"191-EV97H53ZS0vezbgpImU4b+hiAfg"[\r][\n]"
22:00:17.781 [main] DEBUG org.apache.http.wire -  << "X-Powered-By: Express[\r][\n]"
22:00:17.781 [main] DEBUG org.apache.http.wire -  << "CF-Cache-Status: DYNAMIC[\r][\n]"
22:00:17.781 [main] DEBUG org.apache.http.wire -  << "Report-To: {"endpoints":[{"url":"https:\/\/a.nel.cloudflare.com\/report\/v3?s=MwWHOcsTaQ5PzRYUOSxKbilEaT34uYQUxOxAUy82iVZro%2BFYpPSnBHE%2BuKW1hyGEtZkneI2V%2B89s1ZdWrqbRs9GpuWQbfQEBwROkc3AhCruauPN715thhqUQJk%2FRQxAiuLgd"}],"group":"cf-nel","max_age":604800}[\r][\n]"
22:00:17.781 [main] DEBUG org.apache.http.wire -  << "NEL: {"success_fraction":0,"report_to":"cf-nel","max_age":604800}[\r][\n]"
22:00:17.781 [main] DEBUG org.apache.http.wire -  << "Server: cloudflare[\r][\n]"
22:00:17.781 [main] DEBUG org.apache.http.wire -  << "CF-RAY: 7b850ea4db0f4631-SIN[\r][\n]"
22:00:17.781 [main] DEBUG org.apache.http.wire -  << "Content-Encoding: gzip[\r][\n]"
22:00:17.781 [main] DEBUG org.apache.http.wire -  << "alt-svc: h3=":443"; ma=86400, h3-29=":443"; ma=86400[\r][\n]"
22:00:17.781 [main] DEBUG org.apache.http.wire -  << "[\r][\n]"
22:00:17.781 [main] DEBUG org.apache.http.impl.conn.DefaultClientConnection - Receiving response: HTTP/1.1 200 OK
22:00:17.781 [main] DEBUG org.apache.http.headers - << HTTP/1.1 200 OK
22:00:17.781 [main] DEBUG org.apache.http.headers - << Date: Sat, 15 Apr 2023 15:00:17 GMT
22:00:17.781 [main] DEBUG org.apache.http.headers - << Content-Type: application/json; charset=utf-8
22:00:17.781 [main] DEBUG org.apache.http.headers - << Transfer-Encoding: chunked
22:00:17.781 [main] DEBUG org.apache.http.headers - << Connection: keep-alive
22:00:17.781 [main] DEBUG org.apache.http.headers - << Access-Control-Allow-Origin: *
22:00:17.781 [main] DEBUG org.apache.http.headers - << Etag: W/"191-EV97H53ZS0vezbgpImU4b+hiAfg"
22:00:17.781 [main] DEBUG org.apache.http.headers - << X-Powered-By: Express
22:00:17.781 [main] DEBUG org.apache.http.headers - << CF-Cache-Status: DYNAMIC
22:00:17.781 [main] DEBUG org.apache.http.headers - << Report-To: {"endpoints":[{"url":"https:\/\/a.nel.cloudflare.com\/report\/v3?s=MwWHOcsTaQ5PzRYUOSxKbilEaT34uYQUxOxAUy82iVZro%2BFYpPSnBHE%2BuKW1hyGEtZkneI2V%2B89s1ZdWrqbRs9GpuWQbfQEBwROkc3AhCruauPN715thhqUQJk%2FRQxAiuLgd"}],"group":"cf-nel","max_age":604800}
22:00:17.781 [main] DEBUG org.apache.http.headers - << NEL: {"success_fraction":0,"report_to":"cf-nel","max_age":604800}
22:00:17.781 [main] DEBUG org.apache.http.headers - << Server: cloudflare
22:00:17.781 [main] DEBUG org.apache.http.headers - << CF-RAY: 7b850ea4db0f4631-SIN
22:00:17.781 [main] DEBUG org.apache.http.headers - << Content-Encoding: gzip
22:00:17.781 [main] DEBUG org.apache.http.headers - << alt-svc: h3=":443"; ma=86400, h3-29=":443"; ma=86400
22:00:17.781 [main] DEBUG org.apache.http.impl.client.DefaultHttpClient - Connection can be kept alive indefinitely
22:00:17.781 [main] DEBUG io.restassured.internal.RestAssuredHttpBuilder - Parsing response as: application/json; charset=utf-8
22:00:17.781 [main] DEBUG org.apache.http.wire -  << "11c[\r][\n]"
22:00:17.781 [main] DEBUG org.apache.http.wire -  << "[0x1f][0x8b][0x8][0x0][0x0][0x0][0x0][0x0][0x0][0x3][0xac][0x90][0xc1]N[0xc3]0[0x10]De[0xb5]g[0xcb]iU[0x8][0xe0][0x1b]*R9[0xa4][0x12]P[0xf5][0x1c]-[0xf6]6[0xd9][0x92][0xda][0x91][0xbd][0xa5][0x84][0xaa][0xff][0x8e][0xf2][0xf][0xdc]f[0xe]O[0xf3]4W[0x94][0x80][0xae]6[0xa8][0xa2][0x3][0xa3][0xc3]][0x1a]$[0xc0]&[\r][0x1][0xde]XE[0x19][0xb6][0xe2]s[0x1a][0xe9][0x9b][0x1][\r][0x8e]Y<[0xa3][[0xd6][0x8f][0x6][0x3][0x17][0x9f]eTIq[0x6]I[0xa5][0x1c][0xc8][0xcf][0x15]6g[0xca][0x14][0x95]9X[0xf8]`=[0xe7][0x8])[0x3][0xff][0xf8][0x9e]b[0xc7]@q[0x82][0x94][0x3]g[0xb8][0x88][0xf6][0x12]a[0xb5][0x80]@S[0xb1]/\[0xa4][0x8b][0x1c][0x80]b[0x80]2K|N[0xf0]J[0x7][0xe6]_XsT[0xce] [0x11][0xb4]g[0xd8]GQ[0xe][0xb0]SR.[0x16][0xfe]e[0x1d][\r]zR[0xee]R[0x9e][0xd0][0xe1][0x91]/<p[0x9e][0xd0][0xa0][0x9c][0xa8][0x9b][0xcf][0xe9]U[0xc7][0xe2][0xaa][0xea]@_\4e[0xa6]Q[0xac]O[0xa7]JN]U/[0xcb][0xe7]V[0xf6]1m[0x1a][0xdb]>[0xaf][0xdb]}S[0xdf]-[0xda][0xf7][0xa6][0xbe]o[0xb7][0xcd][0xaa][0xb5][0xc7][0xb1]C[0x83][0x99]Tb[0x87][0xee]:'F[0xb7][0xb2]O[0x6]}:GE[0xf7][0xb0][0xb8][0xdd][0xfe][0x0][0x0][0x0][0xff][0xff][0x3][0x0]b[0xe4][0xde]@[0x91][0x1][0x0][0x0]"
22:00:17.781 [main] DEBUG org.apache.http.wire -  << "[\r][\n]"
22:00:17.781 [main] DEBUG org.apache.http.wire -  << "0[\r][\n]"
22:00:17.781 [main] DEBUG org.apache.http.wire -  << "[\r][\n]"
22:00:17.781 [main] DEBUG io.restassured.internal.RestAssuredHttpBuilder - Parsed data to instance of: class org.apache.http.conn.EofSensorInputStream
22:00:17.783 [main] DEBUG org.apache.http.impl.conn.BasicClientConnectionManager - Releasing connection org.apache.http.impl.conn.ManagedClientConnectionImpl@1d126f07
22:00:17.783 [main] DEBUG org.apache.http.impl.conn.BasicClientConnectionManager - Connection can be kept alive indefinitely
22:00:17.784 [main] DEBUG net.thucydides.core.steps.StepInterceptor - STEP DONE: I DELETE cart HTTP request with valid id
  &amp#27;[32mWhen &amp#27;[0m&amp#27;[32mI DELETE cart HTTP request with valid id&amp#27;[0m     &amp#27;[90m# starter.stepdefinition.CartSteps.deleteCartWithNewId()&amp#27;[0m
22:00:17.787 [main] DEBUG net.thucydides.core.steps.StepInterceptor - STARTING STEP: CartSteps.responseDeleteCartInvalid - I receive valid DELETE cart response code 200
22:00:17.788 [main] DEBUG net.thucydides.core.steps.StepInterceptor - STEP DONE: I receive valid DELETE cart response code 200
  &amp#27;[32mAnd &amp#27;[0m&amp#27;[32mI receive valid DELETE cart response code 200&amp#27;[0m &amp#27;[90m# starter.stepdefinition.CartSteps.responseDeleteCartInvalid()&amp#27;[0m
22:00:17.790 [main] INFO  - 
  _____   ___   ___   _____     ___     _     ___   ___   ___   ___  
 |_   _| | __| / __| |_   _|   | _ \   /_\   / __| / __| | __| |   \ 
   | |   | _|  \__ \   | |     |  _/  / _ \  \__ \ \__ \ | _|  | |) |
   |_|   |___| |___/   |_|     |_|   /_/ \_\ |___/ |___/ |___| |___/ 

CART - DELETE existing cart with valid id
----------------------------------------------------------------------
]]></system-out>
  </testcase>
  <testcase name="CART - DELETE existing cart with invalid id" classname="Cart" time="0.578">
    <system-out><![CDATA[
Scenario: CART - DELETE existing cart with invalid id &amp#27;[90m# src/test/resources/api/cart.feature:93&amp#27;[0m
22:00:17.809 [main] INFO io.cucumber.core.plugin.SerenityReporter - Running feature from file:///C:/Users/User/IdeaProjects/CodeCompetence2/src/test/resources/api/cart.feature
22:00:17.809 [main] WARN io.cucumber.core.plugin.SerenityReporter - Feature from file:///C:/Users/User/IdeaProjects/CodeCompetence2/src/test/resources/api/cart.feature is not under the 'features' directory. Requirements report will not be correctly generated!
22:00:17.812 [main] INFO  - 
  _____   ___   ___   _____     ___   _____     _     ___   _____   ___   ___  
 |_   _| | __| / __| |_   _|   / __| |_   _|   /_\   | _ \ |_   _| | __| |   \ 
   | |   | _|  \__ \   | |     \__ \   | |    / _ \  |   /   | |   | _|  | |) |
   |_|   |___| |___/   |_|     |___/   |_|   /_/ \_\ |_|_\   |_|   |___| |___/ 

CART - DELETE existing cart with invalid id(cart;cart---delete-existing-cart-with-invalid-id)
--------------------------------------------------------------------------------
22:00:17.826 [main] DEBUG net.thucydides.core.steps.StepInterceptor - STARTING STEP: CartSteps.deleteAPICartWithInvalidIDEndpoint - I DELETE API cart with invalid id endpoints
22:00:17.826 [main] DEBUG net.thucydides.core.steps.StepInterceptor - STEP DONE: I DELETE API cart with invalid id endpoints
  &amp#27;[32mGiven &amp#27;[0m&amp#27;[32mI DELETE API cart with invalid id endpoints&amp#27;[0m   &amp#27;[90m# starter.stepdefinition.CartSteps.deleteAPICartWithInvalidIDEndpoint()&amp#27;[0m
22:00:17.832 [main] DEBUG net.thucydides.core.steps.StepInterceptor - STARTING STEP: CartSteps.deleteCartInvalidIDRequest - I DELETE cart HTTP request with invalid id
22:00:17.834 [main] DEBUG net.thucydides.core.steps.StepInterceptor - STARTING STEP: Cart.deleteCartInvalidIDRequest - I DELETE API cart with invalid id endpoints
22:00:17.834 [main] DEBUG net.thucydides.core.steps.StepInterceptor - STEP DONE: I DELETE API cart with invalid id endpoints
22:00:17.845 [main] DEBUG org.apache.http.impl.conn.BasicClientConnectionManager - Get connection for route {s}->https://fakestoreapi.com:443
22:00:17.845 [main] DEBUG org.apache.http.impl.conn.DefaultClientConnectionOperator - Connecting to fakestoreapi.com:443
22:00:17.969 [main] DEBUG org.apache.http.client.protocol.RequestAddCookies - CookieSpec selected: ignoreCookies
22:00:17.969 [main] DEBUG org.apache.http.client.protocol.RequestAuthCache - Auth cache not set in the context
22:00:17.969 [main] DEBUG org.apache.http.client.protocol.RequestTargetAuthentication - Target auth state: UNCHALLENGED
22:00:17.969 [main] DEBUG org.apache.http.client.protocol.RequestProxyAuthentication - Proxy auth state: UNCHALLENGED
22:00:17.969 [main] DEBUG org.apache.http.impl.client.DefaultHttpClient - Attempt 1 to execute request
22:00:17.969 [main] DEBUG org.apache.http.impl.conn.DefaultClientConnection - Sending request: DELETE /product/6 HTTP/1.1
22:00:17.969 [main] DEBUG org.apache.http.wire -  >> "DELETE /product/6 HTTP/1.1[\r][\n]"
22:00:17.969 [main] DEBUG org.apache.http.wire -  >> "Accept: */*[\r][\n]"
22:00:17.969 [main] DEBUG org.apache.http.wire -  >> "Host: fakestoreapi.com[\r][\n]"
22:00:17.969 [main] DEBUG org.apache.http.wire -  >> "Connection: Keep-Alive[\r][\n]"
22:00:17.969 [main] DEBUG org.apache.http.wire -  >> "User-Agent: Apache-HttpClient/4.5.13 (Java/19.0.2)[\r][\n]"
22:00:17.969 [main] DEBUG org.apache.http.wire -  >> "Accept-Encoding: gzip,deflate[\r][\n]"
22:00:17.969 [main] DEBUG org.apache.http.wire -  >> "[\r][\n]"
22:00:17.969 [main] DEBUG org.apache.http.headers - >> DELETE /product/6 HTTP/1.1
22:00:17.969 [main] DEBUG org.apache.http.headers - >> Accept: */*
22:00:17.969 [main] DEBUG org.apache.http.headers - >> Host: fakestoreapi.com
22:00:17.969 [main] DEBUG org.apache.http.headers - >> Connection: Keep-Alive
22:00:17.969 [main] DEBUG org.apache.http.headers - >> User-Agent: Apache-HttpClient/4.5.13 (Java/19.0.2)
22:00:17.969 [main] DEBUG org.apache.http.headers - >> Accept-Encoding: gzip,deflate
22:00:18.358 [main] DEBUG org.apache.http.wire -  << "HTTP/1.1 404 Not Found[\r][\n]"
22:00:18.358 [main] DEBUG org.apache.http.wire -  << "Date: Sat, 15 Apr 2023 15:00:18 GMT[\r][\n]"
22:00:18.358 [main] DEBUG org.apache.http.wire -  << "Content-Type: text/html; charset=utf-8[\r][\n]"
22:00:18.358 [main] DEBUG org.apache.http.wire -  << "Transfer-Encoding: chunked[\r][\n]"
22:00:18.358 [main] DEBUG org.apache.http.wire -  << "Connection: keep-alive[\r][\n]"
22:00:18.358 [main] DEBUG org.apache.http.wire -  << "Access-Control-Allow-Origin: *[\r][\n]"
22:00:18.358 [main] DEBUG org.apache.http.wire -  << "Content-Security-Policy: default-src 'none'[\r][\n]"
22:00:18.358 [main] DEBUG org.apache.http.wire -  << "X-Content-Type-Options: nosniff[\r][\n]"
22:00:18.358 [main] DEBUG org.apache.http.wire -  << "X-Powered-By: Express[\r][\n]"
22:00:18.358 [main] DEBUG org.apache.http.wire -  << "CF-Cache-Status: DYNAMIC[\r][\n]"
22:00:18.358 [main] DEBUG org.apache.http.wire -  << "Report-To: {"endpoints":[{"url":"https:\/\/a.nel.cloudflare.com\/report\/v3?s=CTc5lrjOe8n1gqI1Iy%2BzinJufIiXAuA813yvDzCLSTLNcsIktuYIIR4MhSW4uyD02zRae1RLJ7DGS8LnrekpXr0p7eDUVTipmndVp4QhqUrAVM2d15%2F78%2BL854PCLw0F083h"}],"group":"cf-nel","max_age":604800}[\r][\n]"
22:00:18.358 [main] DEBUG org.apache.http.wire -  << "NEL: {"success_fraction":0,"report_to":"cf-nel","max_age":604800}[\r][\n]"
22:00:18.358 [main] DEBUG org.apache.http.wire -  << "Server: cloudflare[\r][\n]"
22:00:18.358 [main] DEBUG org.apache.http.wire -  << "CF-RAY: 7b850eab6ab34104-SIN[\r][\n]"
22:00:18.358 [main] DEBUG org.apache.http.wire -  << "Content-Encoding: gzip[\r][\n]"
22:00:18.358 [main] DEBUG org.apache.http.wire -  << "alt-svc: h3=":443"; ma=86400, h3-29=":443"; ma=86400[\r][\n]"
22:00:18.358 [main] DEBUG org.apache.http.wire -  << "[\r][\n]"
22:00:18.358 [main] DEBUG org.apache.http.impl.conn.DefaultClientConnection - Receiving response: HTTP/1.1 404 Not Found
22:00:18.358 [main] DEBUG org.apache.http.headers - << HTTP/1.1 404 Not Found
22:00:18.358 [main] DEBUG org.apache.http.headers - << Date: Sat, 15 Apr 2023 15:00:18 GMT
22:00:18.358 [main] DEBUG org.apache.http.headers - << Content-Type: text/html; charset=utf-8
22:00:18.358 [main] DEBUG org.apache.http.headers - << Transfer-Encoding: chunked
22:00:18.358 [main] DEBUG org.apache.http.headers - << Connection: keep-alive
22:00:18.358 [main] DEBUG org.apache.http.headers - << Access-Control-Allow-Origin: *
22:00:18.358 [main] DEBUG org.apache.http.headers - << Content-Security-Policy: default-src 'none'
22:00:18.358 [main] DEBUG org.apache.http.headers - << X-Content-Type-Options: nosniff
22:00:18.358 [main] DEBUG org.apache.http.headers - << X-Powered-By: Express
22:00:18.358 [main] DEBUG org.apache.http.headers - << CF-Cache-Status: DYNAMIC
22:00:18.358 [main] DEBUG org.apache.http.headers - << Report-To: {"endpoints":[{"url":"https:\/\/a.nel.cloudflare.com\/report\/v3?s=CTc5lrjOe8n1gqI1Iy%2BzinJufIiXAuA813yvDzCLSTLNcsIktuYIIR4MhSW4uyD02zRae1RLJ7DGS8LnrekpXr0p7eDUVTipmndVp4QhqUrAVM2d15%2F78%2BL854PCLw0F083h"}],"group":"cf-nel","max_age":604800}
22:00:18.358 [main] DEBUG org.apache.http.headers - << NEL: {"success_fraction":0,"report_to":"cf-nel","max_age":604800}
22:00:18.358 [main] DEBUG org.apache.http.headers - << Server: cloudflare
22:00:18.358 [main] DEBUG org.apache.http.headers - << CF-RAY: 7b850eab6ab34104-SIN
22:00:18.358 [main] DEBUG org.apache.http.headers - << Content-Encoding: gzip
22:00:18.358 [main] DEBUG org.apache.http.headers - << alt-svc: h3=":443"; ma=86400, h3-29=":443"; ma=86400
22:00:18.358 [main] DEBUG org.apache.http.impl.client.DefaultHttpClient - Connection can be kept alive indefinitely
22:00:18.358 [main] DEBUG io.restassured.internal.RestAssuredHttpBuilder - Parsing response as: text/html; charset=utf-8
22:00:18.358 [main] DEBUG org.apache.http.wire -  << "94[\r][\n]"
22:00:18.358 [main] DEBUG org.apache.http.wire -  << "[0x1f][0x8b][0x8][0x0][0x0][0x0][0x0][0x0][0x0][0x3],[0x8e][0xb1][0xe][0xc2]0[0xc]D[0xf7]|E[0xc8][0x8e][0xbc][0xa1][0xe]n[0x96]6[0x1b]R[0x19][0xba]0[0x9a][0xc6]P[0xa4]4[0xa9][0x8c];[0xf4][0xef]Q[0xa0][0xd3][0xe9][0xee][0xdd]I[0x87][0xa7]~[0xe8][0xc6][0xfb]-[0xd8]Y[0x97][0xe4][\r]V[0xb1][0x89][0xf2][0xab]u[0x9c]][\r][0x98][0xa2]7[0xb8][0xb0][0x92][0x9d]f[0x92][0xf]k[0xeb]6}[0x9e][0x9b]J[0xf5][0xad][0x89]}[0x10])[0x82][0xf0]7[0x6][0xe1][0xd8]<J[0xdc][0xbd][0xc1]U[0xd8]w[0x94]sQ[0xdb][0x87]k[0x18][0x83][0x85]UJ[0xdc]&[0x85][0xb]B[0xa5][0x6][0xe1][0xe8][0xc2][0xef][0xc6][0x17][0x0][0x0][0xff][0xff][0xe3][0x2][0x0][0x17]+v[0x1c][0x97][0x0][0x0][0x0]"
22:00:18.358 [main] DEBUG org.apache.http.wire -  << "[\r][\n]"
22:00:18.358 [main] DEBUG org.apache.http.wire -  << "0[\r][\n]"
22:00:18.358 [main] DEBUG org.apache.http.wire -  << "[\r][\n]"
22:00:18.358 [main] DEBUG io.restassured.internal.RestAssuredHttpBuilder - Parsed data to instance of: class org.apache.http.conn.EofSensorInputStream
22:00:18.359 [main] DEBUG org.apache.http.impl.conn.BasicClientConnectionManager - Releasing connection org.apache.http.impl.conn.ManagedClientConnectionImpl@2fd05b15
22:00:18.359 [main] DEBUG org.apache.http.impl.conn.BasicClientConnectionManager - Connection can be kept alive indefinitely
22:00:18.361 [main] DEBUG net.thucydides.core.steps.StepInterceptor - STEP DONE: I DELETE cart HTTP request with invalid id
  &amp#27;[32mWhen &amp#27;[0m&amp#27;[32mI DELETE cart HTTP request with invalid id&amp#27;[0m     &amp#27;[90m# starter.stepdefinition.CartSteps.deleteCartInvalidIDRequest()&amp#27;[0m
22:00:18.366 [main] DEBUG net.thucydides.core.steps.StepInterceptor - STARTING STEP: CartSteps.receiveInvalidDELETECartResponseCode404 - I receive invalid DELETE cart response code 404
22:00:18.367 [main] DEBUG net.thucydides.core.steps.StepInterceptor - STEP DONE: I receive invalid DELETE cart response code 404
  &amp#27;[32mAnd &amp#27;[0m&amp#27;[32mI receive invalid DELETE cart response code 404&amp#27;[0m &amp#27;[90m# starter.stepdefinition.CartSteps.receiveInvalidDELETECartResponseCode404()&amp#27;[0m
22:00:18.369 [main] INFO  - 
  _____   ___   ___   _____     ___     _     ___   ___   ___   ___  
 |_   _| | __| / __| |_   _|   | _ \   /_\   / __| / __| | __| |   \ 
   | |   | _|  \__ \   | |     |  _/  / _ \  \__ \ \__ \ | _|  | |) |
   |_|   |___| |___/   |_|     |_|   /_/ \_\ |___/ |___/ |___| |___/ 

CART - DELETE existing cart with invalid id
----------------------------------------------------------------------
]]></system-out>
  </testcase>
  <testcase name="LOGIN - As admin I have be able to login #1" classname="User #1" time="0.78">
    <system-out><![CDATA[22:00:18.373 [main] INFO io.cucumber.core.plugin.SerenityReporter - Running feature from file:///C:/Users/User/IdeaProjects/CodeCompetence2/src/test/resources/api/login.feature
22:00:18.373 [main] WARN io.cucumber.core.plugin.SerenityReporter - Feature from file:///C:/Users/User/IdeaProjects/CodeCompetence2/src/test/resources/api/login.feature is not under the 'features' directory. Requirements report will not be correctly generated!
22:00:18.376 [main] DEBUG net.thucydides.core.steps.StepEventBus - Test suite started for story net.thucydides.core.model.Story@bf0480f0
22:00:18.377 [main] INFO  - Test Suite Started: User

Scenario: LOGIN - As admin I have be able to login &amp#27;[90m# src/test/resources/api/login.feature:6&amp#27;[0m
22:00:18.395 [main] INFO io.cucumber.core.plugin.SerenityReporter - Running feature from file:///C:/Users/User/IdeaProjects/CodeCompetence2/src/test/resources/api/login.feature
22:00:18.395 [main] WARN io.cucumber.core.plugin.SerenityReporter - Feature from file:///C:/Users/User/IdeaProjects/CodeCompetence2/src/test/resources/api/login.feature is not under the 'features' directory. Requirements report will not be correctly generated!
22:00:18.399 [main] INFO  - 
  _____   ___   ___   _____     ___   _____     _     ___   _____   ___   ___  
 |_   _| | __| / __| |_   _|   / __| |_   _|   /_\   | _ \ |_   _| | __| |   \ 
   | |   | _|  \__ \   | |     \__ \   | |    / _ \  |   /   | |   | _|  | |) |
   |_|   |___| |___/   |_|     |___/   |_|   /_/ \_\ |_|_\   |_|   |___| |___/ 

LOGIN - As admin I have be able to login(user;login---as-admin-i-have-be-able-to-login)
--------------------------------------------------------------------------------
22:00:18.423 [main] DEBUG net.thucydides.core.steps.StepInterceptor - STARTING STEP: LoginSteps.setGetEndpointsUrl - I set GET endpoints url
22:00:18.424 [main] DEBUG net.thucydides.core.steps.StepInterceptor - STEP DONE: I set GET endpoints url
  &amp#27;[32mGiven &amp#27;[0m&amp#27;[32mI set POST endpoints url&amp#27;[0m                   &amp#27;[90m# starter.stepdefinition.LoginSteps.setGetEndpointsUrl()&amp#27;[0m
22:00:18.428 [main] DEBUG net.thucydides.core.steps.StepInterceptor - STARTING STEP: LoginSteps.getHTTPrequestUrl - I send GET HTTP request url
22:00:18.432 [main] DEBUG net.thucydides.core.steps.StepInterceptor - STARTING STEP: Login.getHTTPrequest - I set GET endpoints url
22:00:18.432 [main] DEBUG net.thucydides.core.steps.StepInterceptor - STEP DONE: I set GET endpoints url
22:00:18.449 [main] DEBUG org.apache.http.impl.conn.BasicClientConnectionManager - Get connection for route {s}->https://fakestoreapi.com:443
22:00:18.449 [main] DEBUG org.apache.http.impl.conn.DefaultClientConnectionOperator - Connecting to fakestoreapi.com:443
22:00:18.554 [main] DEBUG org.apache.http.client.protocol.RequestAddCookies - CookieSpec selected: ignoreCookies
22:00:18.554 [main] DEBUG org.apache.http.client.protocol.RequestAuthCache - Auth cache not set in the context
22:00:18.554 [main] DEBUG org.apache.http.client.protocol.RequestTargetAuthentication - Target auth state: UNCHALLENGED
22:00:18.554 [main] DEBUG org.apache.http.client.protocol.RequestProxyAuthentication - Proxy auth state: UNCHALLENGED
22:00:18.554 [main] DEBUG org.apache.http.impl.client.DefaultHttpClient - Attempt 1 to execute request
22:00:18.554 [main] DEBUG org.apache.http.impl.conn.DefaultClientConnection - Sending request: POST /auth/login HTTP/1.1
22:00:18.554 [main] DEBUG org.apache.http.wire -  >> "POST /auth/login HTTP/1.1[\r][\n]"
22:00:18.554 [main] DEBUG org.apache.http.wire -  >> "Accept: */*[\r][\n]"
22:00:18.554 [main] DEBUG org.apache.http.wire -  >> "Content-Type: application/json[\r][\n]"
22:00:18.554 [main] DEBUG org.apache.http.wire -  >> "Content-Length: 43[\r][\n]"
22:00:18.554 [main] DEBUG org.apache.http.wire -  >> "Host: fakestoreapi.com[\r][\n]"
22:00:18.554 [main] DEBUG org.apache.http.wire -  >> "Connection: Keep-Alive[\r][\n]"
22:00:18.554 [main] DEBUG org.apache.http.wire -  >> "User-Agent: Apache-HttpClient/4.5.13 (Java/19.0.2)[\r][\n]"
22:00:18.554 [main] DEBUG org.apache.http.wire -  >> "Accept-Encoding: gzip,deflate[\r][\n]"
22:00:18.554 [main] DEBUG org.apache.http.wire -  >> "[\r][\n]"
22:00:18.554 [main] DEBUG org.apache.http.headers - >> POST /auth/login HTTP/1.1
22:00:18.554 [main] DEBUG org.apache.http.headers - >> Accept: */*
22:00:18.554 [main] DEBUG org.apache.http.headers - >> Content-Type: application/json
22:00:18.554 [main] DEBUG org.apache.http.headers - >> Content-Length: 43
22:00:18.554 [main] DEBUG org.apache.http.headers - >> Host: fakestoreapi.com
22:00:18.554 [main] DEBUG org.apache.http.headers - >> Connection: Keep-Alive
22:00:18.554 [main] DEBUG org.apache.http.headers - >> User-Agent: Apache-HttpClient/4.5.13 (Java/19.0.2)
22:00:18.554 [main] DEBUG org.apache.http.headers - >> Accept-Encoding: gzip,deflate
22:00:18.554 [main] DEBUG org.apache.http.wire -  >> "{"password":"83r5^_","username":"mor_2314"}"
22:00:19.106 [main] DEBUG org.apache.http.wire -  << "HTTP/1.1 200 OK[\r][\n]"
22:00:19.106 [main] DEBUG org.apache.http.wire -  << "Date: Sat, 15 Apr 2023 15:00:18 GMT[\r][\n]"
22:00:19.106 [main] DEBUG org.apache.http.wire -  << "Content-Type: application/json; charset=utf-8[\r][\n]"
22:00:19.106 [main] DEBUG org.apache.http.wire -  << "Transfer-Encoding: chunked[\r][\n]"
22:00:19.106 [main] DEBUG org.apache.http.wire -  << "Connection: keep-alive[\r][\n]"
22:00:19.106 [main] DEBUG org.apache.http.wire -  << "Access-Control-Allow-Origin: *[\r][\n]"
22:00:19.106 [main] DEBUG org.apache.http.wire -  << "Etag: W/"98-bYeDjjRsmRNpG1ZVFXCvnWyH9UU"[\r][\n]"
22:00:19.106 [main] DEBUG org.apache.http.wire -  << "X-Powered-By: Express[\r][\n]"
22:00:19.106 [main] DEBUG org.apache.http.wire -  << "CF-Cache-Status: DYNAMIC[\r][\n]"
22:00:19.106 [main] DEBUG org.apache.http.wire -  << "Report-To: {"endpoints":[{"url":"https:\/\/a.nel.cloudflare.com\/report\/v3?s=WeG2BVmMKFkpvYk27Swte%2Ft%2FJJyE8f%2BFkuAoYXlOnTeMK4tPty8pccgQ067xzGKo1tSPerJOPXlRMUbVFKam%2BGAucOShFLF3G%2FOo2lBUNswWaXaf6yaqtfm%2Bhmtzyh4EvOry"}],"group":"cf-nel","max_age":604800}[\r][\n]"
22:00:19.106 [main] DEBUG org.apache.http.wire -  << "NEL: {"success_fraction":0,"report_to":"cf-nel","max_age":604800}[\r][\n]"
22:00:19.106 [main] DEBUG org.apache.http.wire -  << "Server: cloudflare[\r][\n]"
22:00:19.106 [main] DEBUG org.apache.http.wire -  << "CF-RAY: 7b850eaf08dc4ac6-SIN[\r][\n]"
22:00:19.106 [main] DEBUG org.apache.http.wire -  << "Content-Encoding: gzip[\r][\n]"
22:00:19.106 [main] DEBUG org.apache.http.wire -  << "alt-svc: h3=":443"; ma=86400, h3-29=":443"; ma=86400[\r][\n]"
22:00:19.106 [main] DEBUG org.apache.http.wire -  << "[\r][\n]"
22:00:19.106 [main] DEBUG org.apache.http.impl.conn.DefaultClientConnection - Receiving response: HTTP/1.1 200 OK
22:00:19.106 [main] DEBUG org.apache.http.headers - << HTTP/1.1 200 OK
22:00:19.106 [main] DEBUG org.apache.http.headers - << Date: Sat, 15 Apr 2023 15:00:18 GMT
22:00:19.106 [main] DEBUG org.apache.http.headers - << Content-Type: application/json; charset=utf-8
22:00:19.106 [main] DEBUG org.apache.http.headers - << Transfer-Encoding: chunked
22:00:19.106 [main] DEBUG org.apache.http.headers - << Connection: keep-alive
22:00:19.106 [main] DEBUG org.apache.http.headers - << Access-Control-Allow-Origin: *
22:00:19.106 [main] DEBUG org.apache.http.headers - << Etag: W/"98-bYeDjjRsmRNpG1ZVFXCvnWyH9UU"
22:00:19.106 [main] DEBUG org.apache.http.headers - << X-Powered-By: Express
22:00:19.106 [main] DEBUG org.apache.http.headers - << CF-Cache-Status: DYNAMIC
22:00:19.106 [main] DEBUG org.apache.http.headers - << Report-To: {"endpoints":[{"url":"https:\/\/a.nel.cloudflare.com\/report\/v3?s=WeG2BVmMKFkpvYk27Swte%2Ft%2FJJyE8f%2BFkuAoYXlOnTeMK4tPty8pccgQ067xzGKo1tSPerJOPXlRMUbVFKam%2BGAucOShFLF3G%2FOo2lBUNswWaXaf6yaqtfm%2Bhmtzyh4EvOry"}],"group":"cf-nel","max_age":604800}
22:00:19.106 [main] DEBUG org.apache.http.headers - << NEL: {"success_fraction":0,"report_to":"cf-nel","max_age":604800}
22:00:19.106 [main] DEBUG org.apache.http.headers - << Server: cloudflare
22:00:19.106 [main] DEBUG org.apache.http.headers - << CF-RAY: 7b850eaf08dc4ac6-SIN
22:00:19.106 [main] DEBUG org.apache.http.headers - << Content-Encoding: gzip
22:00:19.106 [main] DEBUG org.apache.http.headers - << alt-svc: h3=":443"; ma=86400, h3-29=":443"; ma=86400
22:00:19.106 [main] DEBUG org.apache.http.impl.client.DefaultHttpClient - Connection can be kept alive indefinitely
22:00:19.106 [main] DEBUG io.restassured.internal.RestAssuredHttpBuilder - Parsing response as: application/json; charset=utf-8
22:00:19.106 [main] DEBUG org.apache.http.wire -  << "a5[\r][\n]"
22:00:19.106 [main] DEBUG org.apache.http.wire -  << "[0x1f][0x8b][0x8][0x0][0x0][0x0][0x0][0x0][0x0][0x3][0x14][0xcb][0xdb][\n]"
22:00:19.106 [main] DEBUG org.apache.http.wire -  << "[0x82]0[0x18][0x0][0xe0]w[0xd9][0x3]H[0xe2][0x1][0xea].[0x16][0xac]4[0x7][0xa2][0xa6]]z[0x98];y [0x7][0xa9][0xd1][0xbb][0x87][0xd7][0x1f][0xdf][0x17][0xb9][0xc9]t#[0xba][0xa0]n[0xa3][0xb2]&[0x8d][0xe2][0x8a]B[0xbe][0x83][0x9f](X`L[0xa3][0x6]C[0xc]f.[0xb]L[0xcf]^[0xb7][0xd1][0xbd]}[0x82][0xe2][0xfa][0xc0]b[0x95]p[0x4]W[0x7]T0[0xcd][0xd6][0x4][0xc3][0x2][0x83][0x95]-[0x86][0x98]eU[0xc8][0xb2]<`[0xb7]~[0xe5][0xf7][0x93][0xf7][0x8e][0xf4]f[0x9c][0xd0]N[0x96][0xe9]H[0x84])>3[0x98]![0xcc][0xb8]oE?W[0x11][0x9e],&V2[0xf2][0xb8][0xa2][0xdf][0x1f][0x0][0x0][0xff][0xff][0x3][0x0][0x8c]b[0xd8]0[0x98][0x0][0x0][0x0]"
22:00:19.106 [main] DEBUG org.apache.http.wire -  << "[\r][\n]"
22:00:19.107 [main] DEBUG org.apache.http.wire -  << "0[\r][\n]"
22:00:19.107 [main] DEBUG org.apache.http.wire -  << "[\r][\n]"
22:00:19.107 [main] DEBUG io.restassured.internal.RestAssuredHttpBuilder - Parsed data to instance of: class org.apache.http.conn.EofSensorInputStream
22:00:19.108 [main] DEBUG org.apache.http.impl.conn.BasicClientConnectionManager - Releasing connection org.apache.http.impl.conn.ManagedClientConnectionImpl@5b53c3c5
22:00:19.108 [main] DEBUG org.apache.http.impl.conn.BasicClientConnectionManager - Connection can be kept alive indefinitely
22:00:19.109 [main] DEBUG net.thucydides.core.steps.StepInterceptor - STEP DONE: I send GET HTTP request url
  &amp#27;[32mWhen &amp#27;[0m&amp#27;[32mI send POST HTTP request url&amp#27;[0m                &amp#27;[90m# starter.stepdefinition.LoginSteps.getHTTPrequestUrl()&amp#27;[0m
22:00:19.113 [main] DEBUG net.thucydides.core.steps.StepInterceptor - STARTING STEP: LoginSteps.response - I received status code 201 and token
22:00:19.155 [main] DEBUG net.thucydides.core.steps.StepInterceptor - STEP DONE: I received status code 201 and token
  &amp#27;[32mAnd &amp#27;[0m&amp#27;[32mI received status code 201 and token&amp#27;[0m         &amp#27;[90m# starter.stepdefinition.LoginSteps.response()&amp#27;[0m
22:00:19.158 [main] INFO  - 
  _____   ___   ___   _____     ___     _     ___   ___   ___   ___  
 |_   _| | __| / __| |_   _|   | _ \   /_\   / __| / __| | __| |   \ 
   | |   | _|  \__ \   | |     |  _/  / _ \  \__ \ \__ \ | _|  | |) |
   |_|   |___| |___/   |_|     |_|   /_/ \_\ |___/ |___/ |___| |___/ 

LOGIN - As admin I have be able to login
----------------------------------------------------------------------
]]></system-out>
  </testcase>
  <testcase name="LOGIN - As admin I have be able to login #2" classname="User #1" time="0.59">
    <system-out><![CDATA[
Scenario: LOGIN - As admin I have be able to login &amp#27;[90m# src/test/resources/api/login.feature:11&amp#27;[0m
22:00:19.183 [main] INFO io.cucumber.core.plugin.SerenityReporter - Running feature from file:///C:/Users/User/IdeaProjects/CodeCompetence2/src/test/resources/api/login.feature
22:00:19.184 [main] WARN io.cucumber.core.plugin.SerenityReporter - Feature from file:///C:/Users/User/IdeaProjects/CodeCompetence2/src/test/resources/api/login.feature is not under the 'features' directory. Requirements report will not be correctly generated!
22:00:19.192 [main] DEBUG net.thucydides.core.steps.StepInterceptor - STARTING STEP: LoginSteps.setGetEndpoints - I set wrong POST endpoints
22:00:19.192 [main] DEBUG net.thucydides.core.steps.StepInterceptor - STEP DONE: I set wrong POST endpoints
  &amp#27;[32mGiven &amp#27;[0m&amp#27;[32mI set wrong POST endpoints&amp#27;[0m                 &amp#27;[90m# starter.stepdefinition.LoginSteps.setGetEndpoints()&amp#27;[0m
22:00:19.198 [main] DEBUG net.thucydides.core.steps.StepInterceptor - STARTING STEP: LoginSteps.getHTTPrequest - Username and password is empty
22:00:19.200 [main] DEBUG net.thucydides.core.steps.StepInterceptor - STARTING STEP: Login.getInvalidHTTPRequest - I set GET endpoints url
22:00:19.201 [main] DEBUG net.thucydides.core.steps.StepInterceptor - STEP DONE: I set GET endpoints url
22:00:19.216 [main] DEBUG org.apache.http.impl.conn.BasicClientConnectionManager - Get connection for route {s}->https://fakestoreapi.com:443
22:00:19.216 [main] DEBUG org.apache.http.impl.conn.DefaultClientConnectionOperator - Connecting to fakestoreapi.com:443
22:00:19.358 [main] DEBUG org.apache.http.client.protocol.RequestAddCookies - CookieSpec selected: ignoreCookies
22:00:19.358 [main] DEBUG org.apache.http.client.protocol.RequestAuthCache - Auth cache not set in the context
22:00:19.358 [main] DEBUG org.apache.http.client.protocol.RequestTargetAuthentication - Target auth state: UNCHALLENGED
22:00:19.358 [main] DEBUG org.apache.http.client.protocol.RequestProxyAuthentication - Proxy auth state: UNCHALLENGED
22:00:19.358 [main] DEBUG org.apache.http.impl.client.DefaultHttpClient - Attempt 1 to execute request
22:00:19.358 [main] DEBUG org.apache.http.impl.conn.DefaultClientConnection - Sending request: POST /auth/login HTTP/1.1
22:00:19.358 [main] DEBUG org.apache.http.wire -  >> "POST /auth/login HTTP/1.1[\r][\n]"
22:00:19.358 [main] DEBUG org.apache.http.wire -  >> "Accept: */*[\r][\n]"
22:00:19.358 [main] DEBUG org.apache.http.wire -  >> "Content-Type: application/json[\r][\n]"
22:00:19.359 [main] DEBUG org.apache.http.wire -  >> "Content-Length: 2[\r][\n]"
22:00:19.359 [main] DEBUG org.apache.http.wire -  >> "Host: fakestoreapi.com[\r][\n]"
22:00:19.359 [main] DEBUG org.apache.http.wire -  >> "Connection: Keep-Alive[\r][\n]"
22:00:19.359 [main] DEBUG org.apache.http.wire -  >> "User-Agent: Apache-HttpClient/4.5.13 (Java/19.0.2)[\r][\n]"
22:00:19.359 [main] DEBUG org.apache.http.wire -  >> "Accept-Encoding: gzip,deflate[\r][\n]"
22:00:19.359 [main] DEBUG org.apache.http.wire -  >> "[\r][\n]"
22:00:19.359 [main] DEBUG org.apache.http.headers - >> POST /auth/login HTTP/1.1
22:00:19.359 [main] DEBUG org.apache.http.headers - >> Accept: */*
22:00:19.359 [main] DEBUG org.apache.http.headers - >> Content-Type: application/json
22:00:19.359 [main] DEBUG org.apache.http.headers - >> Content-Length: 2
22:00:19.359 [main] DEBUG org.apache.http.headers - >> Host: fakestoreapi.com
22:00:19.359 [main] DEBUG org.apache.http.headers - >> Connection: Keep-Alive
22:00:19.359 [main] DEBUG org.apache.http.headers - >> User-Agent: Apache-HttpClient/4.5.13 (Java/19.0.2)
22:00:19.359 [main] DEBUG org.apache.http.headers - >> Accept-Encoding: gzip,deflate
22:00:19.359 [main] DEBUG org.apache.http.wire -  >> "{}"
22:00:19.737 [main] DEBUG org.apache.http.wire -  << "HTTP/1.1 400 Bad Request[\r][\n]"
22:00:19.737 [main] DEBUG org.apache.http.wire -  << "Date: Sat, 15 Apr 2023 15:00:19 GMT[\r][\n]"
22:00:19.737 [main] DEBUG org.apache.http.wire -  << "Content-Type: text/html; charset=utf-8[\r][\n]"
22:00:19.737 [main] DEBUG org.apache.http.wire -  << "Transfer-Encoding: chunked[\r][\n]"
22:00:19.737 [main] DEBUG org.apache.http.wire -  << "Connection: keep-alive[\r][\n]"
22:00:19.737 [main] DEBUG org.apache.http.wire -  << "Access-Control-Allow-Origin: *[\r][\n]"
22:00:19.737 [main] DEBUG org.apache.http.wire -  << "X-Powered-By: Express[\r][\n]"
22:00:19.737 [main] DEBUG org.apache.http.wire -  << "CF-Cache-Status: DYNAMIC[\r][\n]"
22:00:19.737 [main] DEBUG org.apache.http.wire -  << "Report-To: {"endpoints":[{"url":"https:\/\/a.nel.cloudflare.com\/report\/v3?s=gQlAFrfyCINQg6dJWn28cH8fchllT5rdIyPNTrFT33HuOV24LKS%2FCNdRr4iXChGQXqJYOzxiw8PtbZh0wVXVop1OGQ%2Bjs5tHaMKrH5KqIhF%2BHBURdDvJN4INh9DkBpeii2O2"}],"group":"cf-nel","max_age":604800}[\r][\n]"
22:00:19.737 [main] DEBUG org.apache.http.wire -  << "NEL: {"success_fraction":0,"report_to":"cf-nel","max_age":604800}[\r][\n]"
22:00:19.737 [main] DEBUG org.apache.http.wire -  << "Server: cloudflare[\r][\n]"
22:00:19.737 [main] DEBUG org.apache.http.wire -  << "CF-RAY: 7b850eb419244715-SIN[\r][\n]"
22:00:19.737 [main] DEBUG org.apache.http.wire -  << "alt-svc: h3=":443"; ma=86400, h3-29=":443"; ma=86400[\r][\n]"
22:00:19.737 [main] DEBUG org.apache.http.wire -  << "[\r][\n]"
22:00:19.737 [main] DEBUG org.apache.http.impl.conn.DefaultClientConnection - Receiving response: HTTP/1.1 400 Bad Request
22:00:19.737 [main] DEBUG org.apache.http.headers - << HTTP/1.1 400 Bad Request
22:00:19.737 [main] DEBUG org.apache.http.headers - << Date: Sat, 15 Apr 2023 15:00:19 GMT
22:00:19.737 [main] DEBUG org.apache.http.headers - << Content-Type: text/html; charset=utf-8
22:00:19.737 [main] DEBUG org.apache.http.headers - << Transfer-Encoding: chunked
22:00:19.737 [main] DEBUG org.apache.http.headers - << Connection: keep-alive
22:00:19.737 [main] DEBUG org.apache.http.headers - << Access-Control-Allow-Origin: *
22:00:19.737 [main] DEBUG org.apache.http.headers - << X-Powered-By: Express
22:00:19.737 [main] DEBUG org.apache.http.headers - << CF-Cache-Status: DYNAMIC
22:00:19.737 [main] DEBUG org.apache.http.headers - << Report-To: {"endpoints":[{"url":"https:\/\/a.nel.cloudflare.com\/report\/v3?s=gQlAFrfyCINQg6dJWn28cH8fchllT5rdIyPNTrFT33HuOV24LKS%2FCNdRr4iXChGQXqJYOzxiw8PtbZh0wVXVop1OGQ%2Bjs5tHaMKrH5KqIhF%2BHBURdDvJN4INh9DkBpeii2O2"}],"group":"cf-nel","max_age":604800}
22:00:19.737 [main] DEBUG org.apache.http.headers - << NEL: {"success_fraction":0,"report_to":"cf-nel","max_age":604800}
22:00:19.737 [main] DEBUG org.apache.http.headers - << Server: cloudflare
22:00:19.737 [main] DEBUG org.apache.http.headers - << CF-RAY: 7b850eb419244715-SIN
22:00:19.737 [main] DEBUG org.apache.http.headers - << alt-svc: h3=":443"; ma=86400, h3-29=":443"; ma=86400
22:00:19.737 [main] DEBUG org.apache.http.impl.client.DefaultHttpClient - Connection can be kept alive indefinitely
22:00:19.737 [main] DEBUG io.restassured.internal.RestAssuredHttpBuilder - Parsing response as: text/html; charset=utf-8
22:00:19.737 [main] DEBUG io.restassured.internal.RestAssuredHttpBuilder - Parsed data to instance of: class org.apache.http.conn.EofSensorInputStream
22:00:19.739 [main] DEBUG org.apache.http.wire -  << "35[\r][\n]"
22:00:19.739 [main] DEBUG org.apache.http.wire -  << "username and password are not provided in JSON format"
22:00:19.739 [main] DEBUG org.apache.http.wire -  << "[\r][\n]"
22:00:19.739 [main] DEBUG org.apache.http.wire -  << "0[\r][\n]"
22:00:19.739 [main] DEBUG org.apache.http.wire -  << "[\r][\n]"
22:00:19.739 [main] DEBUG org.apache.http.impl.conn.BasicClientConnectionManager - Releasing connection org.apache.http.impl.conn.ManagedClientConnectionImpl@76ebd595
22:00:19.740 [main] DEBUG org.apache.http.impl.conn.BasicClientConnectionManager - Connection can be kept alive indefinitely
22:00:19.741 [main] DEBUG net.thucydides.core.steps.StepInterceptor - STEP DONE: Username and password is empty
  &amp#27;[32mWhen &amp#27;[0m&amp#27;[32mUsername and password is empty&amp#27;[0m              &amp#27;[90m# starter.stepdefinition.LoginSteps.getHTTPrequest()&amp#27;[0m
22:00:19.745 [main] DEBUG net.thucydides.core.steps.StepInterceptor - STARTING STEP: LoginSteps.invalidLoginResponse -  receive invalid HTTP response code 400
22:00:19.746 [main] DEBUG net.thucydides.core.steps.StepInterceptor - STEP DONE:  receive invalid HTTP response code 400
  &amp#27;[32mThen &amp#27;[0m&amp#27;[32mI receive invalid HTTP response code 400&amp#27;[0m    &amp#27;[90m# starter.stepdefinition.LoginSteps.invalidLoginResponse()&amp#27;[0m
22:00:19.749 [main] INFO  - 
  _____   ___   ___   _____     ___     _     ___   ___   ___   ___  
 |_   _| | __| / __| |_   _|   | _ \   /_\   / __| / __| | __| |   \ 
   | |   | _|  \__ \   | |     |  _/  / _ \  \__ \ \__ \ | _|  | |) |
   |_|   |___| |___/   |_|     |_|   /_/ \_\ |___/ |___/ |___| |___/ 

LOGIN - As admin I have be able to login
----------------------------------------------------------------------
]]></system-out>
  </testcase>
  <testcase name="PRODUCT - GET detail data product" classname="Product" time="0.596">
    <system-out><![CDATA[22:00:19.751 [main] INFO io.cucumber.core.plugin.SerenityReporter - Running feature from file:///C:/Users/User/IdeaProjects/CodeCompetence2/src/test/resources/api/product.feature
22:00:19.751 [main] WARN io.cucumber.core.plugin.SerenityReporter - Feature from file:///C:/Users/User/IdeaProjects/CodeCompetence2/src/test/resources/api/product.feature is not under the 'features' directory. Requirements report will not be correctly generated!
22:00:19.754 [main] DEBUG net.thucydides.core.steps.StepEventBus - Test suite started for story net.thucydides.core.model.Story@9521e952
22:00:19.755 [main] INFO  - Test Suite Started: Product

Scenario: PRODUCT - GET detail data product   &amp#27;[90m# src/test/resources/api/product.feature:3&amp#27;[0m
22:00:19.771 [main] INFO io.cucumber.core.plugin.SerenityReporter - Running feature from file:///C:/Users/User/IdeaProjects/CodeCompetence2/src/test/resources/api/product.feature
22:00:19.771 [main] WARN io.cucumber.core.plugin.SerenityReporter - Feature from file:///C:/Users/User/IdeaProjects/CodeCompetence2/src/test/resources/api/product.feature is not under the 'features' directory. Requirements report will not be correctly generated!
22:00:19.773 [main] INFO  - 
  _____   ___   ___   _____     ___   _____     _     ___   _____   ___   ___  
 |_   _| | __| / __| |_   _|   / __| |_   _|   /_\   | _ \ |_   _| | __| |   \ 
   | |   | _|  \__ \   | |     \__ \   | |    / _ \  |   /   | |   | _|  | |) |
   |_|   |___| |___/   |_|     |___/   |_|   /_/ \_\ |_|_\   |_|   |___| |___/ 

PRODUCT - GET detail data product(product;product---get-detail-data-product)
--------------------------------------------------------------------------------
22:00:19.852 [main] DEBUG net.thucydides.core.steps.StepInterceptor - STARTING STEP: ProductSteps.setGetHTTPEndpoint - I GET API products endpoints
22:00:19.852 [main] DEBUG net.thucydides.core.steps.StepInterceptor - STEP DONE: I GET API products endpoints
  &amp#27;[32mGiven &amp#27;[0m&amp#27;[32mI GET API products endpoints&amp#27;[0m          &amp#27;[90m# starter.stepdefinition.ProductSteps.setGetHTTPEndpoint()&amp#27;[0m
22:00:19.858 [main] DEBUG net.thucydides.core.steps.StepInterceptor - STARTING STEP: ProductSteps.getHTTPrequestUrl - I GET HTTP request
22:00:19.861 [main] DEBUG net.thucydides.core.steps.StepInterceptor - STARTING STEP: Product.getHTTPRequest - I GET API products endpoints
22:00:19.861 [main] DEBUG net.thucydides.core.steps.StepInterceptor - STEP DONE: I GET API products endpoints
22:00:19.871 [main] DEBUG org.apache.http.impl.conn.BasicClientConnectionManager - Get connection for route {s}->https://fakestoreapi.com:443
22:00:19.871 [main] DEBUG org.apache.http.impl.conn.DefaultClientConnectionOperator - Connecting to fakestoreapi.com:443
22:00:19.952 [main] DEBUG org.apache.http.client.protocol.RequestAddCookies - CookieSpec selected: ignoreCookies
22:00:19.952 [main] DEBUG org.apache.http.client.protocol.RequestAuthCache - Auth cache not set in the context
22:00:19.953 [main] DEBUG org.apache.http.client.protocol.RequestTargetAuthentication - Target auth state: UNCHALLENGED
22:00:19.953 [main] DEBUG org.apache.http.client.protocol.RequestProxyAuthentication - Proxy auth state: UNCHALLENGED
22:00:19.953 [main] DEBUG org.apache.http.impl.client.DefaultHttpClient - Attempt 1 to execute request
22:00:19.953 [main] DEBUG org.apache.http.impl.conn.DefaultClientConnection - Sending request: GET /products/1 HTTP/1.1
22:00:19.953 [main] DEBUG org.apache.http.wire -  >> "GET /products/1 HTTP/1.1[\r][\n]"
22:00:19.953 [main] DEBUG org.apache.http.wire -  >> "Accept: */*[\r][\n]"
22:00:19.953 [main] DEBUG org.apache.http.wire -  >> "Host: fakestoreapi.com[\r][\n]"
22:00:19.953 [main] DEBUG org.apache.http.wire -  >> "Connection: Keep-Alive[\r][\n]"
22:00:19.953 [main] DEBUG org.apache.http.wire -  >> "User-Agent: Apache-HttpClient/4.5.13 (Java/19.0.2)[\r][\n]"
22:00:19.953 [main] DEBUG org.apache.http.wire -  >> "Accept-Encoding: gzip,deflate[\r][\n]"
22:00:19.953 [main] DEBUG org.apache.http.wire -  >> "[\r][\n]"
22:00:19.953 [main] DEBUG org.apache.http.headers - >> GET /products/1 HTTP/1.1
22:00:19.953 [main] DEBUG org.apache.http.headers - >> Accept: */*
22:00:19.953 [main] DEBUG org.apache.http.headers - >> Host: fakestoreapi.com
22:00:19.953 [main] DEBUG org.apache.http.headers - >> Connection: Keep-Alive
22:00:19.953 [main] DEBUG org.apache.http.headers - >> User-Agent: Apache-HttpClient/4.5.13 (Java/19.0.2)
22:00:19.953 [main] DEBUG org.apache.http.headers - >> Accept-Encoding: gzip,deflate
22:00:20.309 [main] DEBUG org.apache.http.wire -  << "HTTP/1.1 200 OK[\r][\n]"
22:00:20.309 [main] DEBUG org.apache.http.wire -  << "Date: Sat, 15 Apr 2023 15:00:20 GMT[\r][\n]"
22:00:20.309 [main] DEBUG org.apache.http.wire -  << "Content-Type: application/json; charset=utf-8[\r][\n]"
22:00:20.309 [main] DEBUG org.apache.http.wire -  << "Transfer-Encoding: chunked[\r][\n]"
22:00:20.309 [main] DEBUG org.apache.http.wire -  << "Connection: keep-alive[\r][\n]"
22:00:20.309 [main] DEBUG org.apache.http.wire -  << "Access-Control-Allow-Origin: *[\r][\n]"
22:00:20.309 [main] DEBUG org.apache.http.wire -  << "Etag: W/"16c-MMdrqY6N0sTiefLdsgtBej9eunY"[\r][\n]"
22:00:20.309 [main] DEBUG org.apache.http.wire -  << "X-Powered-By: Express[\r][\n]"
22:00:20.309 [main] DEBUG org.apache.http.wire -  << "CF-Cache-Status: DYNAMIC[\r][\n]"
22:00:20.309 [main] DEBUG org.apache.http.wire -  << "Report-To: {"endpoints":[{"url":"https:\/\/a.nel.cloudflare.com\/report\/v3?s=XRP%2F4HMDYNY5oCpy3M6gUS3%2F1SP9Vc7CAdwlg1lFyGl4ACNoqlngGPl2K2uk9z8hcf%2B14z3bFD4LCwpGx186XVExNmyEkjYs5Q90l466MnRhe0ik82399V%2BeVBwf8nUndbtn"}],"group":"cf-nel","max_age":604800}[\r][\n]"
22:00:20.309 [main] DEBUG org.apache.http.wire -  << "NEL: {"success_fraction":0,"report_to":"cf-nel","max_age":604800}[\r][\n]"
22:00:20.309 [main] DEBUG org.apache.http.wire -  << "Server: cloudflare[\r][\n]"
22:00:20.309 [main] DEBUG org.apache.http.wire -  << "CF-RAY: 7b850eb7c89f9faa-SIN[\r][\n]"
22:00:20.310 [main] DEBUG org.apache.http.wire -  << "Content-Encoding: gzip[\r][\n]"
22:00:20.310 [main] DEBUG org.apache.http.wire -  << "alt-svc: h3=":443"; ma=86400, h3-29=":443"; ma=86400[\r][\n]"
22:00:20.310 [main] DEBUG org.apache.http.wire -  << "[\r][\n]"
22:00:20.310 [main] DEBUG org.apache.http.impl.conn.DefaultClientConnection - Receiving response: HTTP/1.1 200 OK
22:00:20.310 [main] DEBUG org.apache.http.headers - << HTTP/1.1 200 OK
22:00:20.310 [main] DEBUG org.apache.http.headers - << Date: Sat, 15 Apr 2023 15:00:20 GMT
22:00:20.310 [main] DEBUG org.apache.http.headers - << Content-Type: application/json; charset=utf-8
22:00:20.310 [main] DEBUG org.apache.http.headers - << Transfer-Encoding: chunked
22:00:20.310 [main] DEBUG org.apache.http.headers - << Connection: keep-alive
22:00:20.310 [main] DEBUG org.apache.http.headers - << Access-Control-Allow-Origin: *
22:00:20.310 [main] DEBUG org.apache.http.headers - << Etag: W/"16c-MMdrqY6N0sTiefLdsgtBej9eunY"
22:00:20.310 [main] DEBUG org.apache.http.headers - << X-Powered-By: Express
22:00:20.310 [main] DEBUG org.apache.http.headers - << CF-Cache-Status: DYNAMIC
22:00:20.310 [main] DEBUG org.apache.http.headers - << Report-To: {"endpoints":[{"url":"https:\/\/a.nel.cloudflare.com\/report\/v3?s=XRP%2F4HMDYNY5oCpy3M6gUS3%2F1SP9Vc7CAdwlg1lFyGl4ACNoqlngGPl2K2uk9z8hcf%2B14z3bFD4LCwpGx186XVExNmyEkjYs5Q90l466MnRhe0ik82399V%2BeVBwf8nUndbtn"}],"group":"cf-nel","max_age":604800}
22:00:20.310 [main] DEBUG org.apache.http.headers - << NEL: {"success_fraction":0,"report_to":"cf-nel","max_age":604800}
22:00:20.310 [main] DEBUG org.apache.http.headers - << Server: cloudflare
22:00:20.310 [main] DEBUG org.apache.http.headers - << CF-RAY: 7b850eb7c89f9faa-SIN
22:00:20.310 [main] DEBUG org.apache.http.headers - << Content-Encoding: gzip
22:00:20.310 [main] DEBUG org.apache.http.headers - << alt-svc: h3=":443"; ma=86400, h3-29=":443"; ma=86400
22:00:20.310 [main] DEBUG org.apache.http.impl.client.DefaultHttpClient - Connection can be kept alive indefinitely
22:00:20.310 [main] DEBUG io.restassured.internal.RestAssuredHttpBuilder - Parsing response as: application/json; charset=utf-8
22:00:20.310 [main] DEBUG org.apache.http.wire -  << "124[\r][\n]"
22:00:20.310 [main] DEBUG org.apache.http.wire -  << "[0x1f][0x8b][0x8][0x0][0x0][0x0][0x0][0x0][0x0][0x3]4[0x8f]Mk[0xc3]0[0x10]D[0xff][0xca][0xb2][0x97][0xb6][0xa0][0xf8]#%[0xd0][0xe8][0x96][0x16]ri([0x85][0x9c]r[\n]"
22:00:20.310 [main] DEBUG org.apache.http.wire -  << "BZ[0xdb][0x8a]eIH[0xeb][0x14][0x13][0xf2][0xdf][0x8b]Zr[0x9b][0xc3][0xcc]{[0xcc][\r][0xad]A[0xd9][\n]"
22:00:20.310 [main] DEBUG org.apache.http.wire -  << "d[0xcb][0x8e]P[0xe2][0xfe][0xa2][0x9c]K[0xea]J[0x1e]V[0xb0][0xf][0xce]d[0xa5]G[0xf8][\n]"
22:00:20.310 [main] DEBUG org.apache.http.wire -  << "[0x15][0xb4][0xf0][0xae][0xf4][0x18][0x95][0x1e][0x5][0xec]-gh7pP[0x91]C[0xcc](0&[0xab][0x9]e[0xdb]l[0xab][0xed]F[0xa0][0xa1][0xac][0x93][0x8d]l[0x83]G[0x89][0xa7]0'[0x88][0x94]:[0xd2][0xc][0x85][0x0]]H@WJ[0x8b]Q[0xb][0xcc][0x99]@y[0x3]?[0xca][0x8d][0x19][0xac][0x7][0x1e][0xa8]4(s[0x5]GVy[0x80][0xa5][0x10][0xdc][0x9f][\r][0x9e][0xe7][0x8][0x1c][0x8a][0xde]z=P~yL[0xa2]2[0x86][0xc]dGt%[0xf1][0xbf]yHP[0xa0]VL}H[0xb]J[0x9c][0xc8]?e[0xd0].[0xf0]`}[0x8f][0x2][0xed][0xa4][0xfa]r`[0x8e]Y[0xd6]u[0xa7]F[0xca][0x1c][0x12][0xa9]h+[0x1d][0xa6][0xda]N}[0xfd][0xd6]v[0xdf][0x9f]f[0xb5][0xde][0x9d][0xe][0xd5]y[0xf7]q>[0x1e][0xda]M[0xd3][0x9c][0xab]K,[0x88][0xa4][0xb8][0xb0][0xe4][0xad]$B[0xf9]Zm[0x5][0xea]0{F[0xd9][0xae][0x9b][0xfb][0xfd][0x17][0x0][0x0][0xff][0xff][0x3][0x0]hW[0xe2][0x13]l[0x1][0x0][0x0]"
22:00:20.310 [main] DEBUG org.apache.http.wire -  << "[\r][\n]"
22:00:20.310 [main] DEBUG org.apache.http.wire -  << "0[\r][\n]"
22:00:20.310 [main] DEBUG org.apache.http.wire -  << "[\r][\n]"
22:00:20.310 [main] DEBUG io.restassured.internal.RestAssuredHttpBuilder - Parsed data to instance of: class org.apache.http.conn.EofSensorInputStream
22:00:20.312 [main] DEBUG org.apache.http.impl.conn.BasicClientConnectionManager - Releasing connection org.apache.http.impl.conn.ManagedClientConnectionImpl@6b247ef6
22:00:20.312 [main] DEBUG org.apache.http.impl.conn.BasicClientConnectionManager - Connection can be kept alive indefinitely
22:00:20.313 [main] DEBUG net.thucydides.core.steps.StepInterceptor - STEP DONE: I GET HTTP request
  &amp#27;[32mWhen &amp#27;[0m&amp#27;[32mI GET HTTP request&amp#27;[0m                     &amp#27;[90m# starter.stepdefinition.ProductSteps.getHTTPrequestUrl()&amp#27;[0m
22:00:20.318 [main] DEBUG net.thucydides.core.steps.StepInterceptor - STARTING STEP: ProductSteps.validData - I receive valid data for detail product
22:00:20.344 [main] DEBUG net.thucydides.core.steps.StepInterceptor - STEP DONE: I receive valid data for detail product
  &amp#27;[32mAnd &amp#27;[0m&amp#27;[32mI receive valid data for detail product&amp#27;[0m &amp#27;[90m# starter.stepdefinition.ProductSteps.validData()&amp#27;[0m
22:00:20.348 [main] DEBUG net.thucydides.core.steps.StepInterceptor - STARTING STEP: ProductSteps.response - I I receive valid HTTP response code 200
22:00:20.348 [main] DEBUG net.thucydides.core.steps.StepInterceptor - STEP DONE: I I receive valid HTTP response code 200
  &amp#27;[32mThen &amp#27;[0m&amp#27;[32mI receive valid HTTP response code 200&amp#27;[0m &amp#27;[90m# starter.stepdefinition.ProductSteps.response()&amp#27;[0m
22:00:20.351 [main] INFO  - 
  _____   ___   ___   _____     ___     _     ___   ___   ___   ___  
 |_   _| | __| / __| |_   _|   | _ \   /_\   / __| / __| | __| |   \ 
   | |   | _|  \__ \   | |     |  _/  / _ \  \__ \ \__ \ | _|  | |) |
   |_|   |___| |___/   |_|     |_|   /_/ \_\ |___/ |___/ |___| |___/ 

PRODUCT - GET detail data product
----------------------------------------------------------------------
]]></system-out>
  </testcase>
  <testcase name="PRODUCT - GET a single product with invalid endpoint" classname="Product" time="0.547">
    <system-out><![CDATA[
Scenario: PRODUCT - GET a single product with invalid endpoint &amp#27;[90m# src/test/resources/api/product.feature:9&amp#27;[0m
22:00:20.369 [main] INFO io.cucumber.core.plugin.SerenityReporter - Running feature from file:///C:/Users/User/IdeaProjects/CodeCompetence2/src/test/resources/api/product.feature
22:00:20.369 [main] WARN io.cucumber.core.plugin.SerenityReporter - Feature from file:///C:/Users/User/IdeaProjects/CodeCompetence2/src/test/resources/api/product.feature is not under the 'features' directory. Requirements report will not be correctly generated!
22:00:20.372 [main] INFO  - 
  _____   ___   ___   _____     ___   _____     _     ___   _____   ___   ___  
 |_   _| | __| / __| |_   _|   / __| |_   _|   /_\   | _ \ |_   _| | __| |   \ 
   | |   | _|  \__ \   | |     \__ \   | |    / _ \  |   /   | |   | _|  | |) |
   |_|   |___| |___/   |_|     |___/   |_|   /_/ \_\ |_|_\   |_|   |___| |___/ 

PRODUCT - GET a single product with invalid endpoint(product;product---get-a-single-product-with-invalid-endpoint)
--------------------------------------------------------------------------------
22:00:20.405 [main] DEBUG net.thucydides.core.steps.StepInterceptor - STARTING STEP: ProductSteps.getAPIProductInvalid - I GET API products with invalid endpoints
22:00:20.405 [main] DEBUG net.thucydides.core.steps.StepInterceptor - STEP DONE: I GET API products with invalid endpoints
  &amp#27;[32mGiven &amp#27;[0m&amp#27;[32mI GET API products with invalid endpoints&amp#27;[0m              &amp#27;[90m# starter.stepdefinition.ProductSteps.getAPIProductInvalid()&amp#27;[0m
22:00:20.411 [main] DEBUG net.thucydides.core.steps.StepInterceptor - STARTING STEP: ProductSteps.getHTTPInvalidRequest - I GET HTTP request with invalid endpoint
22:00:20.414 [main] DEBUG net.thucydides.core.steps.StepInterceptor - STARTING STEP: Product.getHTTPInvalidRequest - I GET API products with invalid endpoints
22:00:20.415 [main] DEBUG net.thucydides.core.steps.StepInterceptor - STEP DONE: I GET API products with invalid endpoints
22:00:20.433 [main] DEBUG org.apache.http.impl.conn.BasicClientConnectionManager - Get connection for route {s}->https://fakestoreapi.com:443
22:00:20.434 [main] DEBUG org.apache.http.impl.conn.DefaultClientConnectionOperator - Connecting to fakestoreapi.com:443
22:00:20.524 [main] DEBUG org.apache.http.client.protocol.RequestAddCookies - CookieSpec selected: ignoreCookies
22:00:20.524 [main] DEBUG org.apache.http.client.protocol.RequestAuthCache - Auth cache not set in the context
22:00:20.524 [main] DEBUG org.apache.http.client.protocol.RequestTargetAuthentication - Target auth state: UNCHALLENGED
22:00:20.524 [main] DEBUG org.apache.http.client.protocol.RequestProxyAuthentication - Proxy auth state: UNCHALLENGED
22:00:20.524 [main] DEBUG org.apache.http.impl.client.DefaultHttpClient - Attempt 1 to execute request
22:00:20.524 [main] DEBUG org.apache.http.impl.conn.DefaultClientConnection - Sending request: GET /product/1 HTTP/1.1
22:00:20.524 [main] DEBUG org.apache.http.wire -  >> "GET /product/1 HTTP/1.1[\r][\n]"
22:00:20.524 [main] DEBUG org.apache.http.wire -  >> "Accept: */*[\r][\n]"
22:00:20.524 [main] DEBUG org.apache.http.wire -  >> "Host: fakestoreapi.com[\r][\n]"
22:00:20.524 [main] DEBUG org.apache.http.wire -  >> "Connection: Keep-Alive[\r][\n]"
22:00:20.524 [main] DEBUG org.apache.http.wire -  >> "User-Agent: Apache-HttpClient/4.5.13 (Java/19.0.2)[\r][\n]"
22:00:20.524 [main] DEBUG org.apache.http.wire -  >> "Accept-Encoding: gzip,deflate[\r][\n]"
22:00:20.524 [main] DEBUG org.apache.http.wire -  >> "[\r][\n]"
22:00:20.524 [main] DEBUG org.apache.http.headers - >> GET /product/1 HTTP/1.1
22:00:20.524 [main] DEBUG org.apache.http.headers - >> Accept: */*
22:00:20.524 [main] DEBUG org.apache.http.headers - >> Host: fakestoreapi.com
22:00:20.524 [main] DEBUG org.apache.http.headers - >> Connection: Keep-Alive
22:00:20.524 [main] DEBUG org.apache.http.headers - >> User-Agent: Apache-HttpClient/4.5.13 (Java/19.0.2)
22:00:20.524 [main] DEBUG org.apache.http.headers - >> Accept-Encoding: gzip,deflate
22:00:20.882 [main] DEBUG org.apache.http.wire -  << "HTTP/1.1 404 Not Found[\r][\n]"
22:00:20.882 [main] DEBUG org.apache.http.wire -  << "Date: Sat, 15 Apr 2023 15:00:20 GMT[\r][\n]"
22:00:20.882 [main] DEBUG org.apache.http.wire -  << "Content-Type: text/html; charset=utf-8[\r][\n]"
22:00:20.882 [main] DEBUG org.apache.http.wire -  << "Transfer-Encoding: chunked[\r][\n]"
22:00:20.882 [main] DEBUG org.apache.http.wire -  << "Connection: keep-alive[\r][\n]"
22:00:20.882 [main] DEBUG org.apache.http.wire -  << "Access-Control-Allow-Origin: *[\r][\n]"
22:00:20.882 [main] DEBUG org.apache.http.wire -  << "Content-Security-Policy: default-src 'none'[\r][\n]"
22:00:20.882 [main] DEBUG org.apache.http.wire -  << "X-Content-Type-Options: nosniff[\r][\n]"
22:00:20.882 [main] DEBUG org.apache.http.wire -  << "X-Powered-By: Express[\r][\n]"
22:00:20.882 [main] DEBUG org.apache.http.wire -  << "CF-Cache-Status: DYNAMIC[\r][\n]"
22:00:20.882 [main] DEBUG org.apache.http.wire -  << "Report-To: {"endpoints":[{"url":"https:\/\/a.nel.cloudflare.com\/report\/v3?s=EsGMGEWFPpVl3c9OuTspTlJQYQTAjTxeUoYinbrdgCJHUGs%2FY3Fm0I83UvLhfALAstZj0quQJgFQAy2nSqArPhGhYCI4CJs5RsONFtabQ3LmNXh%2Feyj0t4yOUa%2BW%2F%2F8JA%2F8I"}],"group":"cf-nel","max_age":604800}[\r][\n]"
22:00:20.882 [main] DEBUG org.apache.http.wire -  << "NEL: {"success_fraction":0,"report_to":"cf-nel","max_age":604800}[\r][\n]"
22:00:20.882 [main] DEBUG org.apache.http.wire -  << "Server: cloudflare[\r][\n]"
22:00:20.882 [main] DEBUG org.apache.http.wire -  << "CF-RAY: 7b850ebb587a9fbb-SIN[\r][\n]"
22:00:20.882 [main] DEBUG org.apache.http.wire -  << "Content-Encoding: gzip[\r][\n]"
22:00:20.882 [main] DEBUG org.apache.http.wire -  << "alt-svc: h3=":443"; ma=86400, h3-29=":443"; ma=86400[\r][\n]"
22:00:20.882 [main] DEBUG org.apache.http.wire -  << "[\r][\n]"
22:00:20.882 [main] DEBUG org.apache.http.impl.conn.DefaultClientConnection - Receiving response: HTTP/1.1 404 Not Found
22:00:20.882 [main] DEBUG org.apache.http.headers - << HTTP/1.1 404 Not Found
22:00:20.882 [main] DEBUG org.apache.http.headers - << Date: Sat, 15 Apr 2023 15:00:20 GMT
22:00:20.882 [main] DEBUG org.apache.http.headers - << Content-Type: text/html; charset=utf-8
22:00:20.882 [main] DEBUG org.apache.http.headers - << Transfer-Encoding: chunked
22:00:20.882 [main] DEBUG org.apache.http.headers - << Connection: keep-alive
22:00:20.882 [main] DEBUG org.apache.http.headers - << Access-Control-Allow-Origin: *
22:00:20.882 [main] DEBUG org.apache.http.headers - << Content-Security-Policy: default-src 'none'
22:00:20.882 [main] DEBUG org.apache.http.headers - << X-Content-Type-Options: nosniff
22:00:20.882 [main] DEBUG org.apache.http.headers - << X-Powered-By: Express
22:00:20.882 [main] DEBUG org.apache.http.headers - << CF-Cache-Status: DYNAMIC
22:00:20.882 [main] DEBUG org.apache.http.headers - << Report-To: {"endpoints":[{"url":"https:\/\/a.nel.cloudflare.com\/report\/v3?s=EsGMGEWFPpVl3c9OuTspTlJQYQTAjTxeUoYinbrdgCJHUGs%2FY3Fm0I83UvLhfALAstZj0quQJgFQAy2nSqArPhGhYCI4CJs5RsONFtabQ3LmNXh%2Feyj0t4yOUa%2BW%2F%2F8JA%2F8I"}],"group":"cf-nel","max_age":604800}
22:00:20.882 [main] DEBUG org.apache.http.headers - << NEL: {"success_fraction":0,"report_to":"cf-nel","max_age":604800}
22:00:20.882 [main] DEBUG org.apache.http.headers - << Server: cloudflare
22:00:20.882 [main] DEBUG org.apache.http.headers - << CF-RAY: 7b850ebb587a9fbb-SIN
22:00:20.882 [main] DEBUG org.apache.http.headers - << Content-Encoding: gzip
22:00:20.882 [main] DEBUG org.apache.http.headers - << alt-svc: h3=":443"; ma=86400, h3-29=":443"; ma=86400
22:00:20.882 [main] DEBUG org.apache.http.impl.client.DefaultHttpClient - Connection can be kept alive indefinitely
22:00:20.882 [main] DEBUG io.restassured.internal.RestAssuredHttpBuilder - Parsing response as: text/html; charset=utf-8
22:00:20.882 [main] DEBUG org.apache.http.wire -  << "91[\r][\n]"
22:00:20.882 [main] DEBUG org.apache.http.wire -  << "[0x1f][0x8b][0x8][0x0][0x0][0x0][0x0][0x0][0x0][0x3],[0x8e][0xb1][0xe][0xc2]0[0xc]D[0xf7]|[0x85][0xc9][0x8e],6[0x6][0xd7]K[0x89][0x18]a[0xe8][0xc2][0x18][0x1a]C[0x91][0xd2][0xa4]2[0xee][0xc0][0xdf][0xa3]@[0xa7][0xd3][0xdd][0xbb][0x93][0x8e]v[0xa7]K?[0xdc][0xae][0x1]&[0x9b]3;j[0x2]9[0x96]g[0xe7][0xa5][0xf8][0x16]HL[0xec]h[0x16][0x8b]0NQ[0xdf]b[0x9d]_[0xed][0xb1]?6j/[0xcb][0xc2]A[0xb5]*[0xe1][0xdf]8[0xc2]ms[0xaf][0xe9][0xc3][0x8e][0x16][0x15][0xee]c)[0xd5][0xe0][0x1c][0x6][0xc0]EkZG[0xc3][0x3]aC[0x8e]p+[0xe2][0xef][0xc3][0x17][0x0][0x0][0xff][0xff][0xe3][0x2][0x0][0xfe][0x83][0x8a]T[0x94][0x0][0x0][0x0]"
22:00:20.882 [main] DEBUG org.apache.http.wire -  << "[\r][\n]"
22:00:20.883 [main] DEBUG org.apache.http.wire -  << "0[\r][\n]"
22:00:20.883 [main] DEBUG org.apache.http.wire -  << "[\r][\n]"
22:00:20.883 [main] DEBUG io.restassured.internal.RestAssuredHttpBuilder - Parsed data to instance of: class org.apache.http.conn.EofSensorInputStream
22:00:20.884 [main] DEBUG org.apache.http.impl.conn.BasicClientConnectionManager - Releasing connection org.apache.http.impl.conn.ManagedClientConnectionImpl@641255d1
22:00:20.884 [main] DEBUG org.apache.http.impl.conn.BasicClientConnectionManager - Connection can be kept alive indefinitely
22:00:20.885 [main] DEBUG net.thucydides.core.steps.StepInterceptor - STEP DONE: I GET HTTP request with invalid endpoint
  &amp#27;[32mWhen &amp#27;[0m&amp#27;[32mI GET HTTP request with invalid endpoint&amp#27;[0m                &amp#27;[90m# starter.stepdefinition.ProductSteps.getHTTPInvalidRequest()&amp#27;[0m
22:00:20.890 [main] DEBUG net.thucydides.core.steps.StepInterceptor - STARTING STEP: ProductSteps.receiveInvalidDetailProduct - I receive invalid data for detail product
22:00:20.891 [main] DEBUG net.thucydides.core.steps.StepInterceptor - STEP DONE: I receive invalid data for detail product
  &amp#27;[32mAnd &amp#27;[0m&amp#27;[32mI receive invalid data for detail product&amp#27;[0m                &amp#27;[90m# starter.stepdefinition.ProductSteps.receiveInvalidDetailProduct()&amp#27;[0m
22:00:20.896 [main] DEBUG net.thucydides.core.steps.StepInterceptor - STARTING STEP: ProductSteps.receiveInvalidGETResponseCode404 - I receive invalid GET response code 404
22:00:20.897 [main] DEBUG net.thucydides.core.steps.StepInterceptor - STEP DONE: I receive invalid GET response code 404
  &amp#27;[32mThen &amp#27;[0m&amp#27;[32mI receive invalid GET response code 404&amp#27;[0m                 &amp#27;[90m# starter.stepdefinition.ProductSteps.receiveInvalidGETResponseCode404()&amp#27;[0m
22:00:20.899 [main] INFO  - 
  _____   ___   ___   _____     ___     _     ___   ___   ___   ___  
 |_   _| | __| / __| |_   _|   | _ \   /_\   / __| / __| | __| |   \ 
   | |   | _|  \__ \   | |     |  _/  / _ \  \__ \ \__ \ | _|  | |) |
   |_|   |___| |___/   |_|     |_|   /_/ \_\ |___/ |___/ |___| |___/ 

PRODUCT - GET a single product with invalid endpoint
----------------------------------------------------------------------
]]></system-out>
  </testcase>
  <testcase name="PRODUCT - GET ALL detail data product" classname="Product" time="1.031">
    <system-out><![CDATA[
Scenario: PRODUCT - GET ALL detail data product               &amp#27;[90m# src/test/resources/api/product.feature:15&amp#27;[0m
22:00:21.002 [main] INFO io.cucumber.core.plugin.SerenityReporter - Running feature from file:///C:/Users/User/IdeaProjects/CodeCompetence2/src/test/resources/api/product.feature
22:00:21.002 [main] WARN io.cucumber.core.plugin.SerenityReporter - Feature from file:///C:/Users/User/IdeaProjects/CodeCompetence2/src/test/resources/api/product.feature is not under the 'features' directory. Requirements report will not be correctly generated!
22:00:21.008 [main] INFO  - 
  _____   ___   ___   _____     ___   _____     _     ___   _____   ___   ___  
 |_   _| | __| / __| |_   _|   / __| |_   _|   /_\   | _ \ |_   _| | __| |   \ 
   | |   | _|  \__ \   | |     \__ \   | |    / _ \  |   /   | |   | _|  | |) |
   |_|   |___| |___/   |_|     |___/   |_|   /_/ \_\ |_|_\   |_|   |___| |___/ 

PRODUCT - GET ALL detail data product(product;product---get-all-detail-data-product)
--------------------------------------------------------------------------------
22:00:21.031 [main] DEBUG net.thucydides.core.steps.StepInterceptor - STARTING STEP: ProductSteps.setGetAllProductEndpoint - I GET API all product endpoints
22:00:21.032 [main] DEBUG net.thucydides.core.steps.StepInterceptor - STEP DONE: I GET API all product endpoints
  &amp#27;[32mGiven &amp#27;[0m&amp#27;[32mI GET API all product endpoints&amp#27;[0m                       &amp#27;[90m# starter.stepdefinition.ProductSteps.setGetAllProductEndpoint()&amp#27;[0m
22:00:21.039 [main] DEBUG net.thucydides.core.steps.StepInterceptor - STARTING STEP: ProductSteps.getAllProductRequest - I GET HTTP request product data
22:00:21.041 [main] DEBUG net.thucydides.core.steps.StepInterceptor - STARTING STEP: Product.getAllProductRequest - I GET API all product endpoints
22:00:21.042 [main] DEBUG net.thucydides.core.steps.StepInterceptor - STEP DONE: I GET API all product endpoints
22:00:21.056 [main] DEBUG org.apache.http.impl.conn.BasicClientConnectionManager - Get connection for route {s}->https://fakestoreapi.com:443
22:00:21.056 [main] DEBUG org.apache.http.impl.conn.DefaultClientConnectionOperator - Connecting to fakestoreapi.com:443
22:00:21.173 [main] DEBUG org.apache.http.client.protocol.RequestAddCookies - CookieSpec selected: ignoreCookies
22:00:21.173 [main] DEBUG org.apache.http.client.protocol.RequestAuthCache - Auth cache not set in the context
22:00:21.173 [main] DEBUG org.apache.http.client.protocol.RequestTargetAuthentication - Target auth state: UNCHALLENGED
22:00:21.173 [main] DEBUG org.apache.http.client.protocol.RequestProxyAuthentication - Proxy auth state: UNCHALLENGED
22:00:21.173 [main] DEBUG org.apache.http.impl.client.DefaultHttpClient - Attempt 1 to execute request
22:00:21.173 [main] DEBUG org.apache.http.impl.conn.DefaultClientConnection - Sending request: GET /products HTTP/1.1
22:00:21.174 [main] DEBUG org.apache.http.wire -  >> "GET /products HTTP/1.1[\r][\n]"
22:00:21.174 [main] DEBUG org.apache.http.wire -  >> "Accept: */*[\r][\n]"
22:00:21.174 [main] DEBUG org.apache.http.wire -  >> "Host: fakestoreapi.com[\r][\n]"
22:00:21.174 [main] DEBUG org.apache.http.wire -  >> "Connection: Keep-Alive[\r][\n]"
22:00:21.174 [main] DEBUG org.apache.http.wire -  >> "User-Agent: Apache-HttpClient/4.5.13 (Java/19.0.2)[\r][\n]"
22:00:21.174 [main] DEBUG org.apache.http.wire -  >> "Accept-Encoding: gzip,deflate[\r][\n]"
22:00:21.174 [main] DEBUG org.apache.http.wire -  >> "[\r][\n]"
22:00:21.174 [main] DEBUG org.apache.http.headers - >> GET /products HTTP/1.1
22:00:21.174 [main] DEBUG org.apache.http.headers - >> Accept: */*
22:00:21.174 [main] DEBUG org.apache.http.headers - >> Host: fakestoreapi.com
22:00:21.174 [main] DEBUG org.apache.http.headers - >> Connection: Keep-Alive
22:00:21.174 [main] DEBUG org.apache.http.headers - >> User-Agent: Apache-HttpClient/4.5.13 (Java/19.0.2)
22:00:21.174 [main] DEBUG org.apache.http.headers - >> Accept-Encoding: gzip,deflate
22:00:21.902 [main] DEBUG org.apache.http.wire -  << "HTTP/1.1 200 OK[\r][\n]"
22:00:21.902 [main] DEBUG org.apache.http.wire -  << "Date: Sat, 15 Apr 2023 15:00:21 GMT[\r][\n]"
22:00:21.902 [main] DEBUG org.apache.http.wire -  << "Content-Type: application/json; charset=utf-8[\r][\n]"
22:00:21.902 [main] DEBUG org.apache.http.wire -  << "Transfer-Encoding: chunked[\r][\n]"
22:00:21.902 [main] DEBUG org.apache.http.wire -  << "Connection: keep-alive[\r][\n]"
22:00:21.902 [main] DEBUG org.apache.http.wire -  << "Access-Control-Allow-Origin: *[\r][\n]"
22:00:21.902 [main] DEBUG org.apache.http.wire -  << "Etag: W/"297c-h+n6NsR3M51S6528jZo3BluzvtU"[\r][\n]"
22:00:21.902 [main] DEBUG org.apache.http.wire -  << "X-Powered-By: Express[\r][\n]"
22:00:21.902 [main] DEBUG org.apache.http.wire -  << "CF-Cache-Status: DYNAMIC[\r][\n]"
22:00:21.902 [main] DEBUG org.apache.http.wire -  << "Report-To: {"endpoints":[{"url":"https:\/\/a.nel.cloudflare.com\/report\/v3?s=DcYFfz9IUMqBzFbyN51TBBvVAdY4J4ZOuWNIMDIFDR8gseMMjLUyqEni5eQsKpVXUQ%2B64kdoZxY60PyX8GnBhxIC%2FRk%2FkTZQZPiTIL6jWdpZW3%2BJVX4PeEcaapG7HyPkU%2BYx"}],"group":"cf-nel","max_age":604800}[\r][\n]"
22:00:21.902 [main] DEBUG org.apache.http.wire -  << "NEL: {"success_fraction":0,"report_to":"cf-nel","max_age":604800}[\r][\n]"
22:00:21.902 [main] DEBUG org.apache.http.wire -  << "Server: cloudflare[\r][\n]"
22:00:21.902 [main] DEBUG org.apache.http.wire -  << "CF-RAY: 7b850ebf6f423df6-SIN[\r][\n]"
22:00:21.902 [main] DEBUG org.apache.http.wire -  << "Content-Encoding: gzip[\r][\n]"
22:00:21.902 [main] DEBUG org.apache.http.wire -  << "alt-svc: h3=":443"; ma=86400, h3-29=":443"; ma=86400[\r][\n]"
22:00:21.902 [main] DEBUG org.apache.http.wire -  << "[\r][\n]"
22:00:21.902 [main] DEBUG org.apache.http.impl.conn.DefaultClientConnection - Receiving response: HTTP/1.1 200 OK
22:00:21.902 [main] DEBUG org.apache.http.headers - << HTTP/1.1 200 OK
22:00:21.902 [main] DEBUG org.apache.http.headers - << Date: Sat, 15 Apr 2023 15:00:21 GMT
22:00:21.902 [main] DEBUG org.apache.http.headers - << Content-Type: application/json; charset=utf-8
22:00:21.902 [main] DEBUG org.apache.http.headers - << Transfer-Encoding: chunked
22:00:21.902 [main] DEBUG org.apache.http.headers - << Connection: keep-alive
22:00:21.902 [main] DEBUG org.apache.http.headers - << Access-Control-Allow-Origin: *
22:00:21.902 [main] DEBUG org.apache.http.headers - << Etag: W/"297c-h+n6NsR3M51S6528jZo3BluzvtU"
22:00:21.902 [main] DEBUG org.apache.http.headers - << X-Powered-By: Express
22:00:21.902 [main] DEBUG org.apache.http.headers - << CF-Cache-Status: DYNAMIC
22:00:21.902 [main] DEBUG org.apache.http.headers - << Report-To: {"endpoints":[{"url":"https:\/\/a.nel.cloudflare.com\/report\/v3?s=DcYFfz9IUMqBzFbyN51TBBvVAdY4J4ZOuWNIMDIFDR8gseMMjLUyqEni5eQsKpVXUQ%2B64kdoZxY60PyX8GnBhxIC%2FRk%2FkTZQZPiTIL6jWdpZW3%2BJVX4PeEcaapG7HyPkU%2BYx"}],"group":"cf-nel","max_age":604800}
22:00:21.902 [main] DEBUG org.apache.http.headers - << NEL: {"success_fraction":0,"report_to":"cf-nel","max_age":604800}
22:00:21.902 [main] DEBUG org.apache.http.headers - << Server: cloudflare
22:00:21.902 [main] DEBUG org.apache.http.headers - << CF-RAY: 7b850ebf6f423df6-SIN
22:00:21.902 [main] DEBUG org.apache.http.headers - << Content-Encoding: gzip
22:00:21.902 [main] DEBUG org.apache.http.headers - << alt-svc: h3=":443"; ma=86400, h3-29=":443"; ma=86400
22:00:21.902 [main] DEBUG org.apache.http.impl.client.DefaultHttpClient - Connection can be kept alive indefinitely
22:00:21.902 [main] DEBUG io.restassured.internal.RestAssuredHttpBuilder - Parsing response as: application/json; charset=utf-8
22:00:21.902 [main] DEBUG org.apache.http.wire -  << "114d[\r][\n]"
22:00:21.902 [main] DEBUG org.apache.http.wire -  << "[0x1f][0x8b][0x8][0x0][0x0][0x0][0x0][0x0][0x0][0x3][0xac]Z[0xdd]r[0x1a][0xc9][0x92]~[0x95][0xc]Ex[0xc6][0x8e][0xd3][0xb4][0x0][0x81][0xfe][0xe6][\n]"
22:00:21.902 [main] DEBUG org.apache.http.wire -  << "[0x1][0x12][0xf8][0x0][0x92]idY[0xde][0xd8]p[0x14][0xdd][0x9]][0xa6][0xba][0xaa][0xa7][0xaa]Z[0x18][0x9d][0x99][0x88]y[0x87][0xbd][0xda][0x8b]}[0xb9]y[0x92][0x8d][0xac]j[0xa0]e[0xcb]g=;[0xba][0xe2][0xa7][0xab][0xeb]'[0xf3][0xcb][0xcc]/3[0xeb]?[0xfe]u[0xc0][0x93][0x83][0xf3]Fp`[0xb9][0x15]xp~p[0xf9][0x99][0x9][0xa1][0xd9][0x3]J[0xa8][0xc1][0xa5][0x12][0x89]a[0xf1][\n]"
22:00:21.902 [main] DEBUG org.apache.http.wire -  << "&*[0x84][0x6]\[0xb0]x[0x95][0xb3]x[0x15][0xc0]%[0xb7][0x6][0x1a]m[0x18][0xb1][0xdc][0xaa][0xdc][0x1c][0x4][0x7][0xb9][0xe6]1[0x1e][0x9c]7[0xea]g[0xe1]Y;8H[0xd0][0xc4][0x9a][0xe7][0x96]+yp~p[0xaf][\n]"
22:00:21.902 [main] DEBUG org.apache.http.wire -  << "[\r]9[0xea][0x5][0xc6][0x16]h[0x6]X([\r][0xf8][0x80]z[0x93][0xb0][\r][0x14][0x6][0x81][0xc9][0x4][0xd6]L[0xac][0xc]p[0x9]6E[0x1a][0x81][0xc6][0x86][0x10]YfR[0xd8][0xd0][0xc][0xc2][0xad][0x6][0xaf][0x8b][0x1c][0xac][0xa2][0xe5][0xb9][0x8c]S4o[0xb6][0xaf][0xe4],I0[0x1]#[0x10][0x1f]0[0xf0][0xef]l[0x17]9[0x8][0xe]bfq[0xa9][0xf4][0xe6][0xe0][0xfc] C[0xf9][0xb3][0x81]X([0x9b]r[0xb9]<[0x8][0xe]x[0xc6][0x96]t[0xfc][0xd4][0xda][0xdc][0x9c][0x1f][0x1e].[0xd8][\n]"
22:00:21.902 [main] DEBUG org.apache.http.wire -  << "[0x8d]U[0x1a]Y[0xce][0xc3]Xe[0x87]<[[0x1e][0x9e]6[0x16]7[0xff]Lj[0xcd][0xce][0xfd]([0xfc][0xd4][0xe9]~[0x8a]F[0x8d]v[0xbd][0xfe])[0xfc][0x9c][0xd3][0x14][0x9a]Y[0x9a][0xeb][0xfc]_[0xf4][\r][0xf][0xce][0x8f][0xc2][0xb3][0xe0] V[0x85][0xb4][0x7][0xe7][0x8d]f[0xfd][0xf7][0xdf][0x3]/[0xec][0xe6]^[0xd8]c[0x94][0x6][0xba][0xcc][0x14]L[0xc0][0x8d][0xc6][0x8c][0x17][0x19]D[0x82]g$_[0x98][0xd5][0xa2][0x94]kk`/[0xdd]f3<[0xfa]Z[0xb6]4[0xbe][0xb6][0xe0][0x96][0x16][0x7]c7[0x2][0x3][0x88][0x95][0xb4][0x9a][0x19][0xb][0x9a]-[0x5][0x93] [0x14]=+[0xc5]bS[0x8d]X[0x9b][0x17][0xd6]*[0x9])J[0x81][0x1b][0xc8][0x5][0x8b]Wh[0x3][0x10]|[0x99]ZX[0xa3][0xfb][0xf8][0x9][0x8c]ZXX[0xb0][0xb9][0xe6][0xb1]S[0xd9]\#[0xb3])[0x9b][0xb][0xaf][0xb0]Xe[0xb][0xa5][0xad][0xfb][0xbd]F[0xa6][0xb9]\[0x86][0xd0][0x91][0x9]DJ[0xf0][0x4][0x8c][0xe5]6NI#[0xfe] knS[0xd0][0xaa][0x90][0x9]H[0x8c]W[0x90][0xb1][0xc4][0xe9][0x19][0x92]B[0xb3]9[0x17][0xdc]n[0xdc][0xb4][0xc][0x96][0xb4][0xe],[0xb8]u[0x8f]c/[0xa1][0x5]3)W[0xd2][0xad][0xe4][0xc6]%[0x1c]S[0xa6][0x13][0x98]3[0x83]s&h[0x84]4![0xcc]R[0x84][0x81]?[0x97][0x93]GeI[0xc1]%[0x12]jD[0x91][0xa0][0x1][0xf6]T[0x16][0xa5][0x10][0xc2][0x97][0x80][0xca]I[0xa3]v4[0xf8]|5[0xe9][0xdd][0x96]P[0xb9]?=9[0xb]?E[0x1f][0xc2]O[0xb7][0x1f][0xc2]O[0xd1]}[0xf8][0xe9][0xf6][0xfe]{[0xc8]i[0x85][0x8d][0x1d]r[0x9a][0xed][0xb3][0x1d]r[0x8e][0xbe]F[0x8e]r[0xfb]~[0xeb][0xb6][0xbd]GI[0xbb][0x1d][0x9e][0x9d]}[\r][0x13]/QUX[0xd4]N"
22:00:21.904 [main] DEBUG org.apache.http.wire -  << "~[0x9f][0xdd]K[0xc6][0xc9]7[0xca]Is[0x87][0x9d][0xc2][0x16][0x99]<[0xbc][0xe3][0xd2][0xa2][0xe][0xc0][0x14][0xdc]k[0x96][0x86]dLn@[0xc5]13\IC[0xf][0xe3][0x14][0x98][0x81][0xb5][0xd2]+.[0x97][0x1][0xa4][0xdc][0xc6],[0xcb][0xdd][0x97][0x8c][0xf6][0xcf][0xb8]<[0xd4]*^A,x6[0xf7][0x3]6[0xb1]p_,y[0x19][0xfa][\n]"
22:00:21.904 [main] DEBUG org.apache.http.wire -  << "J[0x83][0xb2])j[0xda]^[0xa2][0x94]6!\)[0x95][0xc0][0x92]/,[0xc4][0xa9][0xe2][0xb1][0xdf][0xc4]F[0x15][0xe0]?4,X[0xc6][0xc5][0x6]2[0xcc][0xe6][0xa8]C[0xe8][0xc0][0x9a][0xe9][0xc]Rd[0xda]b[0x2]B= [0xf9][0x88]KF[0xf3][0x6][0x90][0x16]fN[0x88]Q[0x1a][0x8c][0x92][0xde]_p[0x3]6ere[0x96][0xfc][0xa1][0xdc]E7[0xd5][0xdc][0xd8][0x8c][0x19][0xe8][0xb1][0xcd][0xb][0xe1]@[0xf0]Z[0xf1][0xd9][0x8a][0x12][0x7][0xb7][0x1f][0x8e]O[0xce][0xbe][0xaf][0xf7][0x93][0x9d][0xde][0xdb][0xf5][0xbd][0xc7]h=[0xef]1[0xb6][0x9e][0xa2][0xe2]}[0x9f][0xd3]<[0x99]C[0xac][0x4][0xd9][0x91]*D[0x2]s[0x4][0xe3][0xcc]\l [0xe1][0x8b][0x5]j[0x94][0x16][0xe6]h[0xd7][0x88][0x12][0x94]w[0xa5]&[0xd6][0xf4][0x8b]d[0xc6]%[0xe4][0x9a][0xc5][0x96][0xc7][0x18][0xc2]![0xdc][0x8]d[0x6]A*[0x8b]$?[0xb]s[0x95]l`^p[0x91][0x18]x`z[0x3][0xf3][\r][0xf9]z[0xa3]$[0xf9][0x1a][0xd4]H[0x9e]<[0x80][0x4]-[0xe3][0x82][0x9c][0x1]$[0x1b]\([0x9d]1[0xda]"[0x98]t[0xbb]/[0x8d][0xf][0x1c][0xd7]H[0xdf][0x85]Zo[0xf7][0x92]k[0x95][0x14][0xb1][0x85][0xca][0xb1]^H7[0xf7][0x1f][0x1e][0xf1][0xba]0[0xa2][0xd4][\r][0xd9][0xe8][0xf7]t[0xd3][0xac][0xd8]d[0xeb]h[0xaf][0x9b][0xf6]^7oU*a[0xc0]t[0xb2][0x81];[0xe5][0xb7]4[0xc2]%[0xca][0xc4][0xc0][0x84]-[0x19]\)[0x91][0xc0]O[0x10]q[0xf1][0x80][0x1a]z[0x9a]-[0x95][0xa4][0xf0][0xe6][0x84][0xd0]M[0x19][0x97]p[0xa1]Y[0x8c][0xa2]j[0xcc][0xc7][0xdf]F[0xd3]K[0xad]2 [0x1b][0xd8][0xce][0xde]UB`LO[0x9d][0xc4][0xfd]jkF[0xa1][0xd4][0xe4]\[0x93]<7[0xee]A[0xb6][0xb1])[0x8f][0x99][0x80]5[0xb3][0xa8]![0xf1][pZ[0xcc][0xb5][0xb2][0x18][[0xe3][0xc6][0xa9][0x18][0x19]m?G[0xa6]E[0x8]w[0xe4]0[0x16],&+[0xe1]rM.[0xd7]*[0xd2][0xd7][0x9c][0x84]J[0xfa]r[0x9e][0xdd][0x19][0x9d][0xf3][0xdf][0xf3]B&L[0xc6][0x18]8[0xd3].[0xac]{[0x85],[0xb8]\[0xe5][[\r]~[0xc6]5[\n]"
22:00:21.904 [main] DEBUG org.apache.http.wire -  << "[0xd4][0x9b][0x1f][0xd7]]~[0xf7][0x98]&o'[0xeb]Rw[0xa3][0xe3]V[0xfd][0xd3][0xbb][0xd1]q[0xfb][0xd3]xt[0xf4]}[0x3];[0xde]+[0xb1]b`[0xc7]{%[0xfa][0xc8][0xe5]Tu[0x83][0x96][[0x84]1[0x8f][0xb5][0xca][0xd9][0x3]V[0x2]q[0xe3][0xf8][0xf4][0x9b]8[0xcc],7[0xb][0xe6][0xe][0x7]W[0x5][0xd3]LZ[0xc4]$[0x84])[0xda]BK[0x92][0x4]~[0x89]S&[0x97]$[0xa4][\r]([0x9d][0xa0]v[0x82][0xe3][0x12][0x8e][0xea][0x90][0xb0][0x8d][0x9]{h[0xf8]Rb[0xe2][0xc4]hh[0x13][0xf3][\r][0xc][0xd8][0x2][0xf1][0x11][0xba]H~y[0xcb]un%'GG[0xf0]A[0x13][0xc2][0x8b][0xac][0xfe][0xf7]Tr[0xdc]0[0xf3]1[0xbf][0x95][0xea][0xea][0xaf][0xa8][0xa4][0xca][0x92]N[0xf6][0x1a]9[0xd9]k[0xe4].%-x[0x8d][0x8]F[0x87][0xbe][0xd1]\[0xc6]h*[0xb4][0xf3][0xec][0x19][0xbf][0xd7][0x15][0xcc][0x18][0x1e]C[0x97]"[0x1f]&p[0x87]IB[0x8][0xee][0xcb]%[bFN[0x8f][0x94]m[0x19][0xd7][0x8]=[0xce]2%ij[0x95]q[0x83]0[0xa5][0x91][0x84][0xd8][0x1]E[0x97]+[0xbe] [0xcb]P`r[0xc5]EIF[0x9][0xed][0x99][0xd2]>4[0xed]'[\r][0xb6][0xb][0x5][0xd0][0x91][0x92]?[0xa0]6Lo[0x2]x[0xcf][0x4]J[0xcb]%[0xfe][0xec][0xa3]K[0xf8][0xb7]-[0xe0][0xbe]3[0xbc][0xbc]m[0x9d][0xe][0xff][0x92][0xb8][0x9f][0xc5][0xff][0xe9]^[0xda]7[0x1c]u[0x8c][0x9]\[0xaf][0x5]L[0x95]y*[0xf8][0x88][0x2][0xba]@c [0xb2][0x88][0x2]z[0xaa][0x98][0xb][0xac][0xb2][0xff]g[0xf4][0xf0][0xcd],[0xfe]-[0xb8][0x14][0x8c]\[0xd3][0xac][0x90][0x12][0x5][0xdc][0x88]b[0x9]}[0xa6][0x89][0x89][0x98][0x10][0xc6]D[\r][0xd5][0x2][0x8e][0x1a][0xc7][0xa3][0xaf][0x97][0xfd]{rk7n{[0xfd][0xc7][0xf1][0xdb][0xf7][0xf9]_[0x91][[0xa3]J[0xe6]+[0x92];[0xab][0xe0][0xb4][0x7][0xcd][0xd9][0x5][0xf4][0x85][0x83][0x81][0x81][0x9b]-3[0xee][0xb1][0xa8]%[0x13].6@O[0xf3][0x7][0x84][0x1a][0xdc]F[0x17]p[0x14][0xd6]+N[0xe5][0xb8][0xf5][0xb5][0xe8][0xb6]c[0xc8][0x1b][0xd0][0xf7]fX[0x87][0xae][0xca]rfyI[0x97]/[0x89][0xe5]'[0xcc]2[0xa2]S[0xd2],P[0x1b][0x18]f[0xb9]&p[0xde]t[0xe1][0x6][0xb5][0x8b][0xb3]2F[0x18][0xf0]e[\n]"
22:00:21.904 [main] DEBUG org.apache.http.wire -  << "][0x96][0xb3][0x98][0xdb][0xcd]/_[0xcf][0xe3][0xa2]1ig2[0xbb][0x8c][0x1c][0xa4][0xef][0xb8]L[0xd4][0xda]@[0xa3][0x1e][0xec][0xbe][0x9f][0x86][0x8d][0xfd][0x8f][0x93]_`[0x8a]>[0x8c][0xbb][0xe4]#c[0x1b][0x1f][0xc4]-\[0xd0]Y[0xec]y][0x8e]^[0xa0]`6[0xc6]bf[0xbe]^[0x9e]^u[0xdc]![0xc1][0x1c][0xa5]3S%)/[0xd4][0xfe][0xf1][0xdf][0x6][0x88][0xe5][0xaf][0x99]&[0x1e]#[0x17]|Yh[0x1f]3[0x1d][0xa3][0xfb]j[0xea][0xa7][0xe0]@[0x8a][0x8b]ZI[0x1e][0x9b][0x1f]wc[0xc3][0x8b][0x8b][0xf7]o[0x1f][0xa2]^[0x85][0xb9][0xdf]{[0xed][\r][0xaa]Y?[0xda][0xc1][0xa2]Q[0xaf]D[0x14]&{[0xdc][0xac] [0x8a]zp3[0xba][0x8d][0xa0]1[0xbb][0x80][0xa1],1A[0xff][0xd6] [0xea][0xcc]:0[0x1c][0xe][0xe1][0x18][0xae][0xe6][0x87]O[0xf3][0xe9][0xaf]A[0xd1]gf[0x3]E[0xbe][0xd4][0xdb][0xec]i[0xc1][0xc][0x5][0x86][0xb9]R[0x16][0x8a]<[0x0][0x93][0x12][0x8d]^[0xcb][0x0]X[0x9e][0xb][0x1e]{a[0x9][0xc5]|X[0xd1]hr%[\r][0xc2][0xeb][0x8e][0xa1][0xc].wfh[0x15][0xb4][[0xf5]:Lo[0xc6]~7[0xcd][0xb0][0xfd][0xe7][0x1f][0xff][0xe3]D[0xf][0x9]a[0xf6][0x17][0xb8]`[0x6][0x13]RL^[0xcc][0x5]7.[0xb3][0xcb]1[0xe6][0x8b]r[\r]S[0xf2][0xc5][0xf2]hs[0x94]q[0x9a]1[0x97] [0x80]Ec[\r][0x14][0x86][0xbe][0xdf]t[0xc7]L[0xaf][0xe0][0x81]I[0xcb][0x96][0xc4]5)[0xd5][0x3][0x17]J[0xd1][0x98]y[0xa1][0x8d][0x85][0xb5]&[0xaf][0x9f][0xef][0xf1][0x1b]@[0xc6][0xdc]L[0xdc][0x2]O[0x90][0xf2]A[0xa5][0xc1]nrGhn[0xba].[0x15][0xa1]C[0x1a][0x97][0x0]n[0xab][\r]s&[0x1c][0xfa][0xd5][0xa2]:Y)[0x8][0xc1][0xb7]i[0xe7][0x14]Yr[0xe8][0xd7]49bb[0xe8][0x5]_gh[0x1f][0xb5][0xc7][0x17][0x87][0xe6][0xb0][0xd5][0xae][0xd3]'[0xbc][0xde][0x89]awR:[0x1c][0x97][0xcb]_[0x9e][0xd8]"
22:00:21.906 [main] DEBUG org.apache.http.wire -  << "[0xdb]3[0x98].r%[0xbd]0!.[\r]1[0x80]T[0x91][0x9][0xe3][0x3][0xa7]3^G[0x9e]A[0xed][0x15][0x17][0xbe]y[0x1]H[0xdf][0x9e][0xcc][0x1a]+[0xf5][0xee][0xd7][0x12][0xd2][0xff].[0x9]iV<][0xab][0x12][0x91][0x1b][0x95]"Q[0xc4][0x5][0x8f][0x95][0x84][0x1b][0xb5]F[\r][0xcd][0xf6][0xf1][0xd5][0x85][0x3][0xf2]Q[0xf]&[0x9d]I[0xf]:[0xed]6D[0xa3].tY[0x9c][0xe2][0x13][0xa1]8[0x1d][0xef][0xe1][0xde][0xc][0xdb][0xff][0x16][0xeb][0xdb][0x9][0x17][0x82][0x8a]@[0xe4][0x1][0x9c]d<^[0x13][0x14][0x14]^!%[0xc7][0xb6]u[[0xf5]M[0x91][0x90][0xe7][0xfc][0xef][0xd7][0x8f][0x1c][0xdf]E[0xe9]s[0xdb][0xbd][0xed][0x14][0xb9][0x87][0xaf][0xf7][0x9e][0x9][0xa8][0x7][0xd4]TT[0xf0]~[0xa5][0x8a][0x1e]_b`[0xc9][0x3][0xfd]H*'[0x9d]a[0x9c]J%[0xd4]r[0x3]L[0x8][0xf2][0x91]U[0xcc][0xcd][0xdd][0xd9]i[\r][0xaa][0xc7][0xa0][0x6][0xc1][0x17]hr&[0xe1]$[0xcb]('[0xcb]([0xc5][0xe1]K[0xf9]4[0xf5][0xbe][0x15]V[0xb3][0xb9]R+o^[0xee]g[0xcd][0x8d][0xa6][0x1c][0xcc]=[0x8]!*[0xf2]\Q[0x8d]e6[0x1d][0x8e][0xc9][0xaa]3&[0x93][0x0][0xae][0x98][0x9e][0x93][0x89][0xed]3[0x4][0xb0][0xbb]=[0x6]0[0xed][0xc]{[0x81][0x9b][0xb5][0xdf][0xed][0xc2][0xeb][0xbe][0xd6].[0x9][0xc6][0xd8][0x19][0xda]O[0xd0]UZ[0xfb][0xd7][0xde][0x90][0xc0]I0<A[0x9f]"[0xe4][0x96]g[0xfc][0x11][0x93]o[0xcc][\n]"
22:00:21.906 [main] DEBUG org.apache.http.wire -  << "e[0xea][0xe5]R[0xb1][0xaf][0xf0]oc[0xf8][0xa4][0xb1][0xba][0xdb]d[0x1f][0xff][0x11][0xff][0xe3][0x7]0[0xdc][\n]"
22:00:21.906 [main] DEBUG org.apache.http.wire -  << "Ow[0x18]>j[0xec][0xb]([0x8d][0xe6][0x93]p[0xdd][0x9a]][0xc0][0x15][0xcb][0xe8][0xac]>*[0xdf])[0xbd]*[0xcb]T7[0x82]mL[0x99][0x9b][0xb5][0xfe]m,[0xaf][0x0][0xb8][0xf1]M[0x4][0xef][0xc9]I&[0x8e]1[0xde]D-X[0xfa][0xe5][0xf0]K[0x8e][0x9a][0xa3]sk[0xb4][0x12]q[0xf2]5[0xe5][0xca]>[0xa0];12[0xb3][0x9][0xc0] [0xe1]2[0x12][0x88][0xab]-8[0xdc][0xf6][0x1c][0xe6][0xf7]>[0xe4][0xa8][0xb6][0xa1][0x1c]-c[0xb2][0xa0]$[0xa0][0xd0][0xa8]6 x[0xe6][0x92][0x84]5[0xd3][0x94][0xf]l^[0xc0][0x91]dvt[0xdc][0xee][0xb5][0xe2][0xbf][0xa8][0x84]*[0xd9]lT[0xca]X[0x9d][0x18]5D[0x17][0xcd]f[0xfd][0x1d][0xcc]94[0x1b][0xe1][0xb6][0xa8][0xb][0x97][0x85][0x10]0[0xe8][0xc1][0xeb][0xc6]Y[0xb3][0xe]_[0xa0]Q?[0xad][0xbf][0x81][0xe1]MTZ[0xc0],[0xe5][0xb2]R[0xf3][0xfa][0x96]w6[0x1b]![0xfc][0x1f][0xb3][0xad][0xb9]{[0x85]*[0x1d]4q[0xc2]MN[0xca][0xa0][\n]"
22:00:21.906 [main] DEBUG org.apache.http.wire -  << "[0xe6][0x94]%[0xa8]$,4"D[0x1b][0x19]W[0xec]&[0x84][0x89][0xf2][0x81]s[0xc7]_[0xc8]N[0xdf][0xf7][0xa3][0xe][0x8c][0xe9][0xbc]D[0x8b]4[0x9a][0x14][0xa6][0xcc][0xe2]9[0x9c][0xb4][0x7][0x8f]D[0xf8]\[0xec][0x1b][0xf4][0xc6]C S[0x85][0x8f][0xa8]Um[0xa1]Y[0x86][[0xcd][0xfe][0x6][0x85];[0x9a]K[0xca]~[0x83]Vf[0xf6][0xc1][0xda][0xf2][0xc][0xe1]7[0xb7][0xcd][0x9c][0x11]a[0xee]P[0xe8][0xa5][\n]"
22:00:21.906 [main] DEBUG org.apache.http.wire -  << "[0xaf][0xe5][\n]"
22:00:21.906 [main] DEBUG org.apache.http.wire -  << "j[0xd0]8>[0x87][0xb3][0x90][0xc][0x9d][\n]"
22:00:21.906 [main] DEBUG org.apache.http.wire -  << "z[0xde][0x1b]`[0xe2][0x1e][0x84]p[0x2][0x19][0x17][0x82][0xa0][0xec][\n]"
22:00:21.906 [main] DEBUG org.apache.http.wire -  << "A&[0x84][0xb]M[0x15] I[0x9c][0xba][0x6][0xcd]v[0x1d]$U[0x9c][0xb9] [0xec]-[0x5]B[0xad][\r][0x9].[0xe9][0xf0][0xbe][0xd2][0xee][0x84]0P[0x9a]?*i[0x99][0x0]*[0xd5][0xd0][0x89][0xdc][0xb][0xb5][0xc6][0xc9][0xe9]n[0xd0]{[0xd4][0xd6]E[0xe5][0xef][\r][0x81][0x93]6[0xa4][0xa8][0xed][0xe3][0xdf]F[0xe4]i[0xe3]][0xbe][0x1a][0xc6][0xf6][0xd7][0x9b][0xbf][0x18][0xda][0x9a][0xed][\n]"
22:00:21.906 [main] DEBUG org.apache.http.wire -  << ""[U[0xb6][0x96][0x99]B.[0xa1]uV[0x1b][0xca]8[0x85][0xee][0xe0][0xea][0xac][0xe][0x8d]Vk[0xf0][0x8][0xdd]BS`(][0xc6]XIn[0x95][0x86][0xd7][0xa3]n[0xeb][0x8c]F[0xf5][0xc6][0x93][0xf][0x1f];o[0xe0][0xcf]?[0xfe][0x8b]4[0x80][0xa5][0xeb]&[0x90]A[0xe4]Q[0xf6]n[0xd4][0xef]U[0x18][0xff][0xd9][0xd9]s[0x89]k[0xeb][0xc][0x86][0x93][0xee][0x0][0xa2][0xdb][0x9b][0xfe][0x14]nG[0xb3]i[0xe7]n[0xd8][0xeb][0xc3]Q[0xf3][0xfc][0xc][0xba][0xb7][0xd3][0xf7][0xfd][0x1e]\u[0xc6][0xc3][0xc9][0x15][0x8c][0xaf]'[0xc3][0xd9][0xf5][0xd4][0xfb][0x84][0x84][0x8a][0x82][0xcd][0x13][0x7][0xf9]m[0x1][0xcf][0xd0][0xe2][0xf3][0x8d][0xff]|w[0xdb][0x99][0xcc]n[0xc7][0xd0][0xbb][0x9e][0xc1]k[0xda][0xca][0x1b][0x98][0xf5][0xbb][0x83][0xc9][0xf5][0xe8][0xfa][0xea]>[0x80]Ao[\n]"
22:00:21.906 [main] DEBUG org.apache.http.wire -  << "[0xc6]#[0xc7]y [0xf2]$Jo f[0x82][0xcf]K[0xca]][0x86][0x0][0x3][0xc6][0x16]Rr[0xb9][0x14][0x1b][0xd0][0xc8][0x4]7[0x96][0xc7][0x9e][0xba][0xc4]1[0xf1][0xf3]m[0xcd][0xd1][0xb7][0x9][0xca]v[0x4][0x89][0xf1]#[0xc][0x86]W[0x3][0x98][0xf6]/[0xa7][0xfd]h[0x0][0xd3][0xce][0xac][0xef][0x6]52[0xe3][0xe1][0xef]b[0xf2]W[0xc0]'nGHDri[0x92]f[0xcf][0x94][0xdb][0xcf]\[0x14]:[0x80]%q([0x97]r{^[0x97][0x14]1[0x95][0x18][0xf3][0xc2][0x82]`[0xcb][0x17][0x0][0xd9]G[0xdb]jr[0xd5]][0xfe][0x10][0xc8][0x9a][0xfb]L[0xb1]U[0x1]Y[0xa5]Rx1[0xbc][0x1f]u[0xba][0xa3]~[0xd4][0x9f][0xec]J[0x85]G5.k[\r][0x88][0xa4]Z[0xcf][0x15][0x5][0x17]_[0xd6][0x7]_[0x8e][0x87][0xae]b[0xb6][0x92][0x17][0xb4][0x8f][0x9f][0x1][0xce]DY<'j[0xf2][0xb6],[0xee]s[0x3][0xb7][0x11][0x18][0xcb]dB3R[0xe5]5[0xd8][0x16]p[0xe3]TQb[0xee][0xaa][0xb1][0xcc][0xf8][0x8]U[0xb8][0xba][0xb2][0xeb][0xf][0x8c][0xa9]B[0xc8][0x99]8[0x87]F[0xbd][0xfe][\n]"
22:00:21.906 [main] DEBUG org.apache.http.wire -  << "n[0x94][0xd8] Q[0xa5]_[0xa0][0x87][0x96][0xc5][0xbe][0x7]4[0xe2][0x12]5\[0xba][0xfe][0xd0]9[0xdc]Q[0x5][0xfe]R [0x12]C[0xaa][0x8c][0xba],[0xa4][0xe3][0x10]L[0xf8][0x17][0xce]!Zq[0x9][0x97][0x14][0x0][0x13][0xb1][0x9]`D[0xbe][0x88]zN[0x1e]w4O[0x18][0xd1][0xa6][0x1d]oa[0xba]\[0xe7]s[0xd9][0xa3]Z![0xe6][0xae][0x17][0xe0]J[0xfe][0xdc]9[0xb5][0x84]vM[0xb9]f[0x8][0x1f]y[0x9e]#[0xa5]47[0xca]I[0xe1][0x1c][0x9a][0xfb][0xff][0x6]4k[0xf9] [0xa8]>([0xff][0x3]W[0x8a]Ec[0xe1]5JU[0x10][0xb1]T~[0xc1][0x98]i[0xca][\n]"
22:00:21.906 [main] DEBUG org.apache.http.wire -  << "4[0xac]pc[0xde]8[0xc4][0xc2][0x80]'[0x9][0xca][0xf2]][0x18]J[0xb2][0xb2][0xf0][0xd9][0xb5][0xdc][0xc1][0x9e][0xe][0xdf][0x1e]C[0x83][0xab]Z[0x1b]0[0x18][0x17][0x9a]|l[0x91]1[0xe9][0xa8][0x95]/[0x7][0x9e]C'[0xf9]\[0x18][0xbb]k[0xbb]Ud;[0xa0]>[0x9][0xfd]W[0x19][0x12][0x17][0x8b][0x85][0xa7]k[0xf8]@U.[0xa2]kk.[0x93][0xb2][0xc7]J[0xcd][0x1d][0x8a]W[0xec]I[0xfb]n[0xc1]m[0x8]G$[0xcd]Fu~[0xbf][0x83][0x1d][0xf3]s[0xf5][0xae]X[0xc9][0x7][0x94]%{!=[0xc4]L[0x82][0xc1][0x9c]9[0xb3][0xb7][0xae][0xdd]"
22:00:21.908 [main] DEBUG org.apache.http.wire -  << "[0xc0]l[0x99][0xb][0x92][0xe2][0x98][0x1][0x89][0x98]`[0xe2][0xea][0xc1][0xe]^[0xdc][0x82]UK[0xf4][0x1a][0x1b]ZB[0xea][0x13][0xd2][0xbb]oL[0x18]d[0xa6][0xcc][0xf5]S[0x14]^[0xf1],a[0xb9]u)[0xc0]n[0x18]5[0x98][0xa8][0x14][0xfa][0xd4][0xd8][0xd7][0xea][0xff][0xd7][0x1a]h7[0xee][0xdb][0x93]am[0xd8][0xfe][0xfc][0x3]m[0x9b]f[0xa5][0xaa][0xdc]<j[0xef]-[0xbe]RV[0x1e]Q[0x13][0x8c][0xce]0R[0x8e]g[0xfa]mM1S[0xf];=b[0x2][0x97][0xac][0xf8][0x2]#[0x8f]d[0x18]+[0xab][0xe0][0x82][0xaf]P[0xd3][0xe2]k>[0xd7]e[0xf7][0x86]z=[0xba][0xbf][0x9d][0xf6]g[0x83][0xce][0xa4][0xff][0xda][0xa4]([0xc4][0x1b][0xd8]=[0xe8]G[0xb3][0xfe][0xf4][0xb5][0xe0][0xe4][0xb8][0xdf][0xc0]I[0xbb][0xf2]/4[0xdb][0xaf][0xa0]{=[0x9b]]O[0xe0]ut[0xd7][0xef][0xcc][0xfa][0xd3]7[0x81][0xdf][0x90](7[0x94][0x95]>[0xc1]i[0xc8][0xb7]V+]`8[0x84]&[0xe4][3Z[0xc0]B+[0xaa][0x86]6k[0x97]J[0xd7][0xae][0xe5][0xee][0x8c][0x9]J[0x9e][0x95][0xaf]/[0xaa][0xd3]o[0xed][0xfb][0xc2][0xb7]c}[0xc3][0x88][0xc]r[0xcd][0xb8][0xa1][0xe9]{[0xfe][0x1f][0xdf]Vv[0xbc][0xc2][0xba][0xc0]f[0x2][0x18]P[0x96]x[0xd7][0x89][0x6]p=[0x19][0xdd][0xd3][0xd8]k[0x98]\[0xcf][0xe0]b[0xd4][0xef]t[0x7]p[0x8][0xa3][0xe1][0xa4][0xf][0xbd]i[0xe5][0xd1]pz=y[0x19][0xb4][0x9c]6>[0xc][0xea]x[0xba][0xc0][0xc5][0xf]5[0x92][0xf6]$[0xe4][0xa8][0x1a][0x1f]*%[0xef])[0xf5][0x82][0xb6][0xfe][0x9f]6[0xe5]jn[0xd4]|'0DV[0xf3][0x1c][0x13][0xe8][0x96]=U[0xa0][0xe1][0xf1][0xd3][0xf8]p[0xf4][0x1c][0xb1][0xd8][0xf9][0xd9][0xd4][0xfa][0xfa][0x88]o[0xaf][0xd3]t[0xb0]o[0xb3][0x93]}[0xd6]j[0xb5][0xd1][0xfe][0xce]@[0x99]r8[0xf5][0x5][0xc0][0xf6][0x9e]&[0xd1]lm,[0x95]lK[0x1d]y"[0x1b]nUH[0xe8]xt[0xee][0xd0][0xa3][0x81]$k[\n]"
22:00:21.908 [main] DEBUG org.apache.http.wire -  << "[0x8d][0xa0][0xcb][0x1d][0x7][0xb0]([0x84][0xa0]>=[0x1d][0xc9]8G[0xef][0xfd][0x14][0x85][0xb1][0xed][0xb9] e[0x6][0x9a][0x9e][0xc3]l[0x1][0xe6]j[0x1][0xb0]$[0xf7][0xe7]B[0x98]U[0x90]R[0x18][0xa0][0x8c]}[0xc5][0xa5]/[0xe0]x[0xc7][0x1a][0x90][0xb7][0x89])[0x9d][0xf7][0xdd][0xad][0x94][0xe7][0xc6]3[0x5][0xf7][0x8b][0xa6][0xe0][0x6][0x96](Q[0xab][0x82][0xea]O[0x16][0x12][0x85]F[0xfe]l][\r] Q[0xc0]m[0xd8][0xb1][0xe4][0x13]I[0xea][0xbe][0xe9][0xee]w[0xea][0xdc][0xaf][0x93]N[0xc5][0xff][0xf6]vR1[0xb0][0xa4][0xb4][0x92][`[0x8e]%y[0xd4]S[0xfe][0xaf]V[0xe1][0xcb]`[0xef][0xa4]1[0x98][0x8b][0xce][0xc0][0xb4][0xbf]T[0xb1]Wk~[0xb7]`[0xb9]O[0xca][0x8e]O*[0x99]q[0xa5][0x5]0[0xbe]x[0xbb][0xf3]P[0xbe][0x1d][0x16][0xa5]d[0xdf][0x91][0x7][0xc3][0x5]idB[0xf7]7[0xde]W[0xa9]lx[0xfa][0x8d]C:k[0xbf][0x82]i[0xe7][0xfe]z[0x2][0xed]W[0x10][0xdd]t&[0xbd][0xfe][0x87][0xc0][0x97][0xf6][0xb9][0x84][0xdb][0xa8]C[0xa8][0x1b]f>U[0x9][0xa0][0xa7]`[0xa2],\[0x8]dqZa[0x5][0xe9][0xee][\n]"
22:00:21.908 [main] DEBUG org.apache.http.wire -  << "[0x8a][0x93][0xb4][0xbf][0xc9]`[0xac]F[0x1b][0xa7][0xfe]~[0x88]w@[0x1]L[0xf9]|[0xee]Ks[0x1e][0xb8]>[0xec][0xee].~[0x1c]n[[0xf]{[0xf]B[0x14][0x92][0x14]JW[0x7][0xb2][0x97][0xd2][0xc8][0xe3][0xd1]*[0x1f]w[0xee][0xcd][0xf]x[0x83]j[0xcb][0xbf]Qi+7*[0x8d][0x85][0xeb]\[0xb2][0xbd]B[0xaa][0xaa][0x18]+n([0xd9][0xdf][0xab][0xe1][0xe4][0xbb]qaK[0xe0]H[0x1]tv[0xa4][0xe]q[0x1a][0xf8][0xe0][0xe0]K[0x8d]<[0x86]|;[0xcc][0x17]7[0x85][0xa2][0xdb]^[0xdb][0x17][0xee][0xa8][0x8][0xf7][0x13][0xdd]T[0x82]([0xd5][0x85][0xf4][0xd7][0xb8][0x18]\9[0x8d]\r[0xfb]Di[0x1]h[0xa5]2[0xa3][0x87][0xca][0x15]bS[0xbd]>[0xe4]T[0x99][0x95][0xfb][0x87]5[0xf7]%[0xa7][0xad][0x9e]S[0x1e][0xa7].[0xdc][0x9b][0x1d][0xff][0xda][0x8d]ek[0xb6][0x9] [0xa2][0x9b]IU[0x88]\V R%6[0xef]k[0xee][0xae]Q[0xec][0x99][0xa4][0xbf]^D[0xd5][0xb3][0x8c][0x9c][0x12]m[0xb9],#[0x1a][0xf7]?[0xe2]*([0xbb]z[0x98]Q[0x9c]$[0x86],RU[0xa0][0xb5]X[0x12][0xad][0xc4]y[0x1][0xb7][0xc2]K[0xb1][\r]\[0xb6][0xdb][0xc5]][0x96][0xfc][0xd0]%[0x91]v%[0xbf]8[0xde]_+[0xab][0xb4][0x1c]z[0x9d][0xc9][0xfb][0xeb][0xdb]{[0xf][0x1a][0x3]3p7[0xc9][0xb6][0xf7]FJ[0xf][0xe6][0x90]T)^5[0x9f][0x89][0x18]g[0xed]W~t[0xd0]~[0x15]Q%[0xb][0xbf][0x4]p[0x89][0x8c][0x14]a[0xce][0xcb][0x9][0x83]'[0xa0][0xc]`D[0xb2][0xd2][0xae]Kk[0x83][0xf7]5r[0x15][0xc1]eywk[0x86][0x14][0xad][0xc9][0xb9][0x97][0xaa]&[0xe2]G[0xaa]t(a[0xf4]#[0xc3][0xad]q[0x87][0x1]\[0x97]W[0x8e][0xb6]k[0x1d]^/[0x16]<[0xc6][0xc3][0xb][0xf2][0x11][0x87][0x11]%1[0xe2]p[0xa0]2<[0x8c][0xac]F[0xa4][0xfb][0x82][0x8e]/[0x9e][0x97][0x97][0x9a][0x82][0xa8] M[0x7][0xfe]nS[0xe0][0x93][0xa9][0x17]r[0xbd][0xc7][0x8d]|[0xd0][0xe9][0xbf]mM[0xc6]?[0xa0][0xb6][0xa3][\n]"
22:00:21.908 [main] DEBUG org.apache.http.wire -  << "Il[0xb4][0xda][0xbf][0xff][0xfe][0x9f][0xff][0xb][0x0][0x0][0xff][0xff][0x3][0x0]L[0xf][0xa7][0xc9]|)[0x0][0x0]"
22:00:21.908 [main] DEBUG org.apache.http.wire -  << "[\r][\n]"
22:00:21.909 [main] DEBUG org.apache.http.wire -  << "0[\r][\n]"
22:00:21.909 [main] DEBUG org.apache.http.wire -  << "[\r][\n]"
22:00:21.909 [main] DEBUG io.restassured.internal.RestAssuredHttpBuilder - Parsed data to instance of: class org.apache.http.conn.EofSensorInputStream
22:00:21.910 [main] DEBUG org.apache.http.impl.conn.BasicClientConnectionManager - Releasing connection org.apache.http.impl.conn.ManagedClientConnectionImpl@261b27db
22:00:21.910 [main] DEBUG org.apache.http.impl.conn.BasicClientConnectionManager - Connection can be kept alive indefinitely
22:00:21.922 [main] DEBUG net.thucydides.core.steps.StepInterceptor - STEP DONE: I GET HTTP request product data
  &amp#27;[32mWhen &amp#27;[0m&amp#27;[32mI GET HTTP request all product data&amp#27;[0m                    &amp#27;[90m# starter.stepdefinition.ProductSteps.getAllProductRequest()&amp#27;[0m
22:00:21.927 [main] DEBUG net.thucydides.core.steps.StepInterceptor - STARTING STEP: ProductSteps.responseValid200 - I receive valid user HTTP response code 200
22:00:21.928 [main] DEBUG net.thucydides.core.steps.StepInterceptor - STEP DONE: I receive valid user HTTP response code 200
  &amp#27;[32mThen &amp#27;[0m&amp#27;[32mI receive valid get all product HTTP response code 200&amp#27;[0m &amp#27;[90m# starter.stepdefinition.ProductSteps.responseValid200()&amp#27;[0m
22:00:21.931 [main] INFO  - 
  _____   ___   ___   _____     ___     _     ___   ___   ___   ___  
 |_   _| | __| / __| |_   _|   | _ \   /_\   / __| / __| | __| |   \ 
   | |   | _|  \__ \   | |     |  _/  / _ \  \__ \ \__ \ | _|  | |) |
   |_|   |___| |___/   |_|     |_|   /_/ \_\ |___/ |___/ |___| |___/ 

PRODUCT - GET ALL detail data product
----------------------------------------------------------------------
]]></system-out>
  </testcase>
  <testcase name="PRODUCT - GET ALL detail data product with invalid url" classname="Product" time="0.549">
    <system-out><![CDATA[
Scenario: PRODUCT - GET ALL detail data product with invalid url &amp#27;[90m# src/test/resources/api/product.feature:20&amp#27;[0m
22:00:21.949 [main] INFO io.cucumber.core.plugin.SerenityReporter - Running feature from file:///C:/Users/User/IdeaProjects/CodeCompetence2/src/test/resources/api/product.feature
22:00:21.949 [main] WARN io.cucumber.core.plugin.SerenityReporter - Feature from file:///C:/Users/User/IdeaProjects/CodeCompetence2/src/test/resources/api/product.feature is not under the 'features' directory. Requirements report will not be correctly generated!
22:00:21.952 [main] INFO  - 
  _____   ___   ___   _____     ___   _____     _     ___   _____   ___   ___  
 |_   _| | __| / __| |_   _|   / __| |_   _|   /_\   | _ \ |_   _| | __| |   \ 
   | |   | _|  \__ \   | |     \__ \   | |    / _ \  |   /   | |   | _|  | |) |
   |_|   |___| |___/   |_|     |___/   |_|   /_/ \_\ |_|_\   |_|   |___| |___/ 

PRODUCT - GET ALL detail data product with invalid url(product;product---get-all-detail-data-product-with-invalid-url)
--------------------------------------------------------------------------------
22:00:21.967 [main] DEBUG net.thucydides.core.steps.StepInterceptor - STARTING STEP: ProductSteps.setGetAllProductEndpointUrl - I GET Wrong API all product endpoints
22:00:21.967 [main] DEBUG net.thucydides.core.steps.StepInterceptor - STEP DONE: I GET Wrong API all product endpoints
  &amp#27;[32mGiven &amp#27;[0m&amp#27;[32mI GET Wrong API all product url endpoints&amp#27;[0m                &amp#27;[90m# starter.stepdefinition.ProductSteps.setGetAllProductEndpointUrl()&amp#27;[0m
22:00:21.973 [main] DEBUG net.thucydides.core.steps.StepInterceptor - STARTING STEP: ProductSteps.getAllProductRequestUrl - I GET HTTP request user data
22:00:21.976 [main] DEBUG net.thucydides.core.steps.StepInterceptor - STARTING STEP: Product.getAllProductRequestUrl - I GET Wrong API all product endpoints
22:00:21.976 [main] DEBUG net.thucydides.core.steps.StepInterceptor - STEP DONE: I GET Wrong API all product endpoints
22:00:21.994 [main] DEBUG org.apache.http.impl.conn.BasicClientConnectionManager - Get connection for route {s}->https://fakestoreapi.com:443
22:00:21.994 [main] DEBUG org.apache.http.impl.conn.DefaultClientConnectionOperator - Connecting to fakestoreapi.com:443
22:00:22.071 [main] DEBUG org.apache.http.client.protocol.RequestAddCookies - CookieSpec selected: ignoreCookies
22:00:22.071 [main] DEBUG org.apache.http.client.protocol.RequestAuthCache - Auth cache not set in the context
22:00:22.071 [main] DEBUG org.apache.http.client.protocol.RequestTargetAuthentication - Target auth state: UNCHALLENGED
22:00:22.071 [main] DEBUG org.apache.http.client.protocol.RequestProxyAuthentication - Proxy auth state: UNCHALLENGED
22:00:22.071 [main] DEBUG org.apache.http.impl.client.DefaultHttpClient - Attempt 1 to execute request
22:00:22.071 [main] DEBUG org.apache.http.impl.conn.DefaultClientConnection - Sending request: GET /barang HTTP/1.1
22:00:22.071 [main] DEBUG org.apache.http.wire -  >> "GET /barang HTTP/1.1[\r][\n]"
22:00:22.072 [main] DEBUG org.apache.http.wire -  >> "Accept: */*[\r][\n]"
22:00:22.072 [main] DEBUG org.apache.http.wire -  >> "Host: fakestoreapi.com[\r][\n]"
22:00:22.072 [main] DEBUG org.apache.http.wire -  >> "Connection: Keep-Alive[\r][\n]"
22:00:22.072 [main] DEBUG org.apache.http.wire -  >> "User-Agent: Apache-HttpClient/4.5.13 (Java/19.0.2)[\r][\n]"
22:00:22.072 [main] DEBUG org.apache.http.wire -  >> "Accept-Encoding: gzip,deflate[\r][\n]"
22:00:22.072 [main] DEBUG org.apache.http.wire -  >> "[\r][\n]"
22:00:22.072 [main] DEBUG org.apache.http.headers - >> GET /barang HTTP/1.1
22:00:22.072 [main] DEBUG org.apache.http.headers - >> Accept: */*
22:00:22.072 [main] DEBUG org.apache.http.headers - >> Host: fakestoreapi.com
22:00:22.072 [main] DEBUG org.apache.http.headers - >> Connection: Keep-Alive
22:00:22.072 [main] DEBUG org.apache.http.headers - >> User-Agent: Apache-HttpClient/4.5.13 (Java/19.0.2)
22:00:22.072 [main] DEBUG org.apache.http.headers - >> Accept-Encoding: gzip,deflate
22:00:22.464 [main] DEBUG org.apache.http.wire -  << "HTTP/1.1 404 Not Found[\r][\n]"
22:00:22.464 [main] DEBUG org.apache.http.wire -  << "Date: Sat, 15 Apr 2023 15:00:22 GMT[\r][\n]"
22:00:22.464 [main] DEBUG org.apache.http.wire -  << "Content-Type: text/html; charset=utf-8[\r][\n]"
22:00:22.464 [main] DEBUG org.apache.http.wire -  << "Transfer-Encoding: chunked[\r][\n]"
22:00:22.464 [main] DEBUG org.apache.http.wire -  << "Connection: keep-alive[\r][\n]"
22:00:22.464 [main] DEBUG org.apache.http.wire -  << "Access-Control-Allow-Origin: *[\r][\n]"
22:00:22.464 [main] DEBUG org.apache.http.wire -  << "Content-Security-Policy: default-src 'none'[\r][\n]"
22:00:22.464 [main] DEBUG org.apache.http.wire -  << "X-Content-Type-Options: nosniff[\r][\n]"
22:00:22.464 [main] DEBUG org.apache.http.wire -  << "X-Powered-By: Express[\r][\n]"
22:00:22.464 [main] DEBUG org.apache.http.wire -  << "CF-Cache-Status: DYNAMIC[\r][\n]"
22:00:22.464 [main] DEBUG org.apache.http.wire -  << "Report-To: {"endpoints":[{"url":"https:\/\/a.nel.cloudflare.com\/report\/v3?s=SUn2FkcH%2FKXCP5uOhB9VQYkl1UdEtu5d0sd%2FUrTJkv9ywasQFUNnTBoKKw5G%2FO4DSjAkb0ID6F%2FO8G5IOkMcqA3y1TbCzdT9exvJWGJYlaDzFW30N2DbHEQNEuCVCSSx32oU"}],"group":"cf-nel","max_age":604800}[\r][\n]"
22:00:22.464 [main] DEBUG org.apache.http.wire -  << "NEL: {"success_fraction":0,"report_to":"cf-nel","max_age":604800}[\r][\n]"
22:00:22.464 [main] DEBUG org.apache.http.wire -  << "Server: cloudflare[\r][\n]"
22:00:22.464 [main] DEBUG org.apache.http.wire -  << "CF-RAY: 7b850ec518c86bc1-SIN[\r][\n]"
22:00:22.464 [main] DEBUG org.apache.http.wire -  << "Content-Encoding: gzip[\r][\n]"
22:00:22.464 [main] DEBUG org.apache.http.wire -  << "alt-svc: h3=":443"; ma=86400, h3-29=":443"; ma=86400[\r][\n]"
22:00:22.464 [main] DEBUG org.apache.http.wire -  << "[\r][\n]"
22:00:22.464 [main] DEBUG org.apache.http.impl.conn.DefaultClientConnection - Receiving response: HTTP/1.1 404 Not Found
22:00:22.464 [main] DEBUG org.apache.http.headers - << HTTP/1.1 404 Not Found
22:00:22.464 [main] DEBUG org.apache.http.headers - << Date: Sat, 15 Apr 2023 15:00:22 GMT
22:00:22.464 [main] DEBUG org.apache.http.headers - << Content-Type: text/html; charset=utf-8
22:00:22.464 [main] DEBUG org.apache.http.headers - << Transfer-Encoding: chunked
22:00:22.464 [main] DEBUG org.apache.http.headers - << Connection: keep-alive
22:00:22.464 [main] DEBUG org.apache.http.headers - << Access-Control-Allow-Origin: *
22:00:22.464 [main] DEBUG org.apache.http.headers - << Content-Security-Policy: default-src 'none'
22:00:22.464 [main] DEBUG org.apache.http.headers - << X-Content-Type-Options: nosniff
22:00:22.464 [main] DEBUG org.apache.http.headers - << X-Powered-By: Express
22:00:22.464 [main] DEBUG org.apache.http.headers - << CF-Cache-Status: DYNAMIC
22:00:22.464 [main] DEBUG org.apache.http.headers - << Report-To: {"endpoints":[{"url":"https:\/\/a.nel.cloudflare.com\/report\/v3?s=SUn2FkcH%2FKXCP5uOhB9VQYkl1UdEtu5d0sd%2FUrTJkv9ywasQFUNnTBoKKw5G%2FO4DSjAkb0ID6F%2FO8G5IOkMcqA3y1TbCzdT9exvJWGJYlaDzFW30N2DbHEQNEuCVCSSx32oU"}],"group":"cf-nel","max_age":604800}
22:00:22.464 [main] DEBUG org.apache.http.headers - << NEL: {"success_fraction":0,"report_to":"cf-nel","max_age":604800}
22:00:22.464 [main] DEBUG org.apache.http.headers - << Server: cloudflare
22:00:22.464 [main] DEBUG org.apache.http.headers - << CF-RAY: 7b850ec518c86bc1-SIN
22:00:22.464 [main] DEBUG org.apache.http.headers - << Content-Encoding: gzip
22:00:22.464 [main] DEBUG org.apache.http.headers - << alt-svc: h3=":443"; ma=86400, h3-29=":443"; ma=86400
22:00:22.464 [main] DEBUG org.apache.http.impl.client.DefaultHttpClient - Connection can be kept alive indefinitely
22:00:22.464 [main] DEBUG io.restassured.internal.RestAssuredHttpBuilder - Parsing response as: text/html; charset=utf-8
22:00:22.464 [main] DEBUG org.apache.http.wire -  << "83[\r][\n]"
22:00:22.464 [main] DEBUG org.apache.http.wire -  << "[0x1f][0x8b][0x8][0x0][0x0][0x0][0x0][0x0][0x0][0x3],[0x8e][0xb1][0xe][0xc2]0[0xc]D[0xf7]|[0x85][0xc9][0x8e][0xbc]2[0xb8]YJ[0xc4][0x8]C[0x17]F[0x97][0x9a][0x16])u[0x90]1[0x3][0x8f][0x2][0x9d]N[0xf7][0xee]N:[0xda][0x1d][0xcf][0xfd]p[0xbd]dX|-)P[0x13]([0xac]s[0x17]Ec[0x3][0xc2]S[\n]"
22:00:22.464 [main] DEBUG org.apache.http.wire -  << "[0xb4][0x8a]3[0xdc][0x16][0xb6][0x97]x[0x17][0xdf]~[0xdf][0x1f]Z[0xea][0xf]/[0x92][0xb2]Y5[0xc2][0xbf][0x9][0x84][0xdb]f[0xac][0xd3]'[0x5]z[0x9a][0xa4][0x9e]U[0xab][0xc3])[0xf][0x80]#[0x1b][0xeb]L[0xd8]x [0xdc]Z[0xf8];[0xf0][0x5][0x0][0x0][0xff][0xff]"
22:00:22.464 [main] DEBUG org.apache.http.wire -  << "[\r][\n]"
22:00:22.465 [main] DEBUG org.apache.http.wire -  << "b[\r][\n]"
22:00:22.465 [main] DEBUG org.apache.http.wire -  << "[0xe3][0x2][0x0][0x89]7[0xe9]/[0x91][0x0][0x0][0x0]"
22:00:22.465 [main] DEBUG org.apache.http.wire -  << "[\r][\n]"
22:00:22.465 [main] DEBUG org.apache.http.wire -  << "0[\r][\n]"
22:00:22.465 [main] DEBUG org.apache.http.wire -  << "[\r][\n]"
22:00:22.465 [main] DEBUG io.restassured.internal.RestAssuredHttpBuilder - Parsed data to instance of: class org.apache.http.conn.EofSensorInputStream
22:00:22.466 [main] DEBUG org.apache.http.impl.conn.BasicClientConnectionManager - Releasing connection org.apache.http.impl.conn.ManagedClientConnectionImpl@603a34e5
22:00:22.466 [main] DEBUG org.apache.http.impl.conn.BasicClientConnectionManager - Connection can be kept alive indefinitely
22:00:22.468 [main] DEBUG net.thucydides.core.steps.StepInterceptor - STEP DONE: I GET HTTP request user data
  &amp#27;[32mWhen &amp#27;[0m&amp#27;[32mI GET HTTP url request all product data&amp#27;[0m                   &amp#27;[90m# starter.stepdefinition.ProductSteps.getAllProductRequestUrl()&amp#27;[0m
22:00:22.471 [main] DEBUG net.thucydides.core.steps.StepInterceptor - STARTING STEP: ProductSteps.responseUrlInvalid404 - I receive valid user HTTP response code 200
22:00:22.477 [main] DEBUG net.thucydides.core.steps.StepInterceptor - STEP DONE: I receive valid user HTTP response code 200
22:00:22.477 [Finalizer] DEBUG org.apache.http.impl.conn.DefaultClientConnection - Connection 0.0.0.0:57072<->172.67.130.225:443 closed
  &amp#27;[32mThen &amp#27;[0m&amp#27;[32mI receive valid get all product HTTP response code 404&amp#27;[0m    &amp#27;[90m# starter.stepdefinition.ProductSteps.responseUrlInvalid404()&amp#27;[0m
22:00:22.478 [Finalizer] DEBUG org.apache.http.impl.conn.DefaultClientConnection - Connection 0.0.0.0:57073<->172.67.130.225:443 closed
22:00:22.478 [Finalizer] DEBUG org.apache.http.impl.conn.DefaultClientConnection - Connection 0.0.0.0:57074<->172.67.130.225:443 closed
22:00:22.479 [Finalizer] DEBUG org.apache.http.impl.conn.DefaultClientConnection - Connection 0.0.0.0:57075<->172.67.130.225:443 closed
22:00:22.480 [Finalizer] DEBUG org.apache.http.impl.conn.DefaultClientConnection - Connection 0.0.0.0:57071<->172.67.130.225:443 closed
22:00:22.480 [main] INFO  - 
  _____   ___   ___   _____     ___     _     ___   ___   ___   ___  
 |_   _| | __| / __| |_   _|   | _ \   /_\   / __| / __| | __| |   \ 
   | |   | _|  \__ \   | |     |  _/  / _ \  \__ \ \__ \ | _|  | |) |
   |_|   |___| |___/   |_|     |_|   /_/ \_\ |___/ |___/ |___| |___/ 

PRODUCT - GET ALL detail data product with invalid url
----------------------------------------------------------------------
22:00:22.480 [Finalizer] DEBUG org.apache.http.impl.conn.DefaultClientConnection - Connection 0.0.0.0:57067<->172.67.130.225:443 closed
22:00:22.481 [Finalizer] DEBUG org.apache.http.impl.conn.DefaultClientConnection - Connection 0.0.0.0:57068<->172.67.130.225:443 closed
22:00:22.481 [Finalizer] DEBUG org.apache.http.impl.conn.DefaultClientConnection - Connection 0.0.0.0:57069<->172.67.130.225:443 closed
]]></system-out>
  </testcase>
  <testcase name="PRODUCT - GET limit result product with valid param" classname="Product" time="5.668">
    <system-out><![CDATA[22:00:22.482 [Finalizer] DEBUG org.apache.http.impl.conn.DefaultClientConnection - Connection 0.0.0.0:57070<->172.67.130.225:443 closed

Scenario: PRODUCT - GET limit result product with valid param     &amp#27;[90m# src/test/resources/api/product.feature:25&amp#27;[0m
22:00:22.500 [main] INFO io.cucumber.core.plugin.SerenityReporter - Running feature from file:///C:/Users/User/IdeaProjects/CodeCompetence2/src/test/resources/api/product.feature
22:00:22.500 [main] WARN io.cucumber.core.plugin.SerenityReporter - Feature from file:///C:/Users/User/IdeaProjects/CodeCompetence2/src/test/resources/api/product.feature is not under the 'features' directory. Requirements report will not be correctly generated!
22:00:22.503 [main] INFO  - 
  _____   ___   ___   _____     ___   _____     _     ___   _____   ___   ___  
 |_   _| | __| / __| |_   _|   / __| |_   _|   /_\   | _ \ |_   _| | __| |   \ 
   | |   | _|  \__ \   | |     \__ \   | |    / _ \  |   /   | |   | _|  | |) |
   |_|   |___| |___/   |_|     |___/   |_|   /_/ \_\ |_|_\   |_|   |___| |___/ 

PRODUCT - GET limit result product with valid param(product;product---get-limit-result-product-with-valid-param)
--------------------------------------------------------------------------------
22:00:22.519 [main] DEBUG net.thucydides.core.steps.StepInterceptor - STARTING STEP: ProductSteps.getValidLimitProduct - I GET user limit result product with valid param
22:00:22.519 [main] DEBUG net.thucydides.core.steps.StepInterceptor - STEP DONE: I GET user limit result product with valid param
  &amp#27;[32mGiven &amp#27;[0m&amp#27;[32mI GET user limit result product with valid param&amp#27;[0m          &amp#27;[90m# starter.stepdefinition.ProductSteps.getValidLimitProduct()&amp#27;[0m
22:00:22.528 [main] DEBUG net.thucydides.core.steps.StepInterceptor - STARTING STEP: ProductSteps.getInvalidRequestLimitProduct - I GET HTTP request limit result product with valid param
22:00:22.531 [main] DEBUG net.thucydides.core.steps.StepInterceptor - STARTING STEP: Product.getInvalidRequestLimitProduct - I GET user limit result product with valid param
22:00:22.531 [main] DEBUG net.thucydides.core.steps.StepInterceptor - STEP DONE: I GET user limit result product with valid param
22:00:22.547 [main] DEBUG org.apache.http.impl.conn.BasicClientConnectionManager - Get connection for route {s}->https://fakestoreapi.com:443
22:00:22.547 [main] DEBUG org.apache.http.impl.conn.DefaultClientConnectionOperator - Connecting to fakestoreapi.com:443
22:00:27.740 [main] DEBUG org.apache.http.client.protocol.RequestAddCookies - CookieSpec selected: ignoreCookies
22:00:27.741 [main] DEBUG org.apache.http.client.protocol.RequestAuthCache - Auth cache not set in the context
22:00:27.741 [main] DEBUG org.apache.http.client.protocol.RequestTargetAuthentication - Target auth state: UNCHALLENGED
22:00:27.741 [main] DEBUG org.apache.http.client.protocol.RequestProxyAuthentication - Proxy auth state: UNCHALLENGED
22:00:27.741 [main] DEBUG org.apache.http.impl.client.DefaultHttpClient - Attempt 1 to execute request
22:00:27.741 [main] DEBUG org.apache.http.impl.conn.DefaultClientConnection - Sending request: GET /products?limit=5 HTTP/1.1
22:00:27.741 [main] DEBUG org.apache.http.wire -  >> "GET /products?limit=5 HTTP/1.1[\r][\n]"
22:00:27.741 [main] DEBUG org.apache.http.wire -  >> "Accept: */*[\r][\n]"
22:00:27.741 [main] DEBUG org.apache.http.wire -  >> "Host: fakestoreapi.com[\r][\n]"
22:00:27.741 [main] DEBUG org.apache.http.wire -  >> "Connection: Keep-Alive[\r][\n]"
22:00:27.741 [main] DEBUG org.apache.http.wire -  >> "User-Agent: Apache-HttpClient/4.5.13 (Java/19.0.2)[\r][\n]"
22:00:27.741 [main] DEBUG org.apache.http.wire -  >> "Accept-Encoding: gzip,deflate[\r][\n]"
22:00:27.741 [main] DEBUG org.apache.http.wire -  >> "[\r][\n]"
22:00:27.741 [main] DEBUG org.apache.http.headers - >> GET /products?limit=5 HTTP/1.1
22:00:27.741 [main] DEBUG org.apache.http.headers - >> Accept: */*
22:00:27.741 [main] DEBUG org.apache.http.headers - >> Host: fakestoreapi.com
22:00:27.741 [main] DEBUG org.apache.http.headers - >> Connection: Keep-Alive
22:00:27.741 [main] DEBUG org.apache.http.headers - >> User-Agent: Apache-HttpClient/4.5.13 (Java/19.0.2)
22:00:27.741 [main] DEBUG org.apache.http.headers - >> Accept-Encoding: gzip,deflate
22:00:28.112 [main] DEBUG org.apache.http.wire -  << "HTTP/1.1 200 OK[\r][\n]"
22:00:28.112 [main] DEBUG org.apache.http.wire -  << "Date: Sat, 15 Apr 2023 15:00:27 GMT[\r][\n]"
22:00:28.112 [main] DEBUG org.apache.http.wire -  << "Content-Type: application/json; charset=utf-8[\r][\n]"
22:00:28.112 [main] DEBUG org.apache.http.wire -  << "Transfer-Encoding: chunked[\r][\n]"
22:00:28.112 [main] DEBUG org.apache.http.wire -  << "Connection: keep-alive[\r][\n]"
22:00:28.112 [main] DEBUG org.apache.http.wire -  << "Access-Control-Allow-Origin: *[\r][\n]"
22:00:28.112 [main] DEBUG org.apache.http.wire -  << "Etag: W/"901-RZCdFEZQ+j7q2G9bMJOMuLfz40Y"[\r][\n]"
22:00:28.112 [main] DEBUG org.apache.http.wire -  << "X-Powered-By: Express[\r][\n]"
22:00:28.112 [main] DEBUG org.apache.http.wire -  << "CF-Cache-Status: DYNAMIC[\r][\n]"
22:00:28.112 [main] DEBUG org.apache.http.wire -  << "Report-To: {"endpoints":[{"url":"https:\/\/a.nel.cloudflare.com\/report\/v3?s=tul9OZrwpnbY2vONpxzIfJZeRfL%2Flr1474UlCXICHlrutXr3Je82NX6my9j%2BEk8fqhV54895yryMP0zLQiXcpn2DNxlNzg0u6aRhCfAYORjpF5yNrHt8HP3vG571zayXfCOw"}],"group":"cf-nel","max_age":604800}[\r][\n]"
22:00:28.112 [main] DEBUG org.apache.http.wire -  << "NEL: {"success_fraction":0,"report_to":"cf-nel","max_age":604800}[\r][\n]"
22:00:28.112 [main] DEBUG org.apache.http.wire -  << "Server: cloudflare[\r][\n]"
22:00:28.112 [main] DEBUG org.apache.http.wire -  << "CF-RAY: 7b850ee87c234096-SIN[\r][\n]"
22:00:28.112 [main] DEBUG org.apache.http.wire -  << "Content-Encoding: gzip[\r][\n]"
22:00:28.112 [main] DEBUG org.apache.http.wire -  << "alt-svc: h3=":443"; ma=86400, h3-29=":443"; ma=86400[\r][\n]"
22:00:28.112 [main] DEBUG org.apache.http.wire -  << "[\r][\n]"
22:00:28.112 [main] DEBUG org.apache.http.impl.conn.DefaultClientConnection - Receiving response: HTTP/1.1 200 OK
22:00:28.112 [main] DEBUG org.apache.http.headers - << HTTP/1.1 200 OK
22:00:28.112 [main] DEBUG org.apache.http.headers - << Date: Sat, 15 Apr 2023 15:00:27 GMT
22:00:28.112 [main] DEBUG org.apache.http.headers - << Content-Type: application/json; charset=utf-8
22:00:28.112 [main] DEBUG org.apache.http.headers - << Transfer-Encoding: chunked
22:00:28.112 [main] DEBUG org.apache.http.headers - << Connection: keep-alive
22:00:28.112 [main] DEBUG org.apache.http.headers - << Access-Control-Allow-Origin: *
22:00:28.112 [main] DEBUG org.apache.http.headers - << Etag: W/"901-RZCdFEZQ+j7q2G9bMJOMuLfz40Y"
22:00:28.112 [main] DEBUG org.apache.http.headers - << X-Powered-By: Express
22:00:28.112 [main] DEBUG org.apache.http.headers - << CF-Cache-Status: DYNAMIC
22:00:28.112 [main] DEBUG org.apache.http.headers - << Report-To: {"endpoints":[{"url":"https:\/\/a.nel.cloudflare.com\/report\/v3?s=tul9OZrwpnbY2vONpxzIfJZeRfL%2Flr1474UlCXICHlrutXr3Je82NX6my9j%2BEk8fqhV54895yryMP0zLQiXcpn2DNxlNzg0u6aRhCfAYORjpF5yNrHt8HP3vG571zayXfCOw"}],"group":"cf-nel","max_age":604800}
22:00:28.112 [main] DEBUG org.apache.http.headers - << NEL: {"success_fraction":0,"report_to":"cf-nel","max_age":604800}
22:00:28.112 [main] DEBUG org.apache.http.headers - << Server: cloudflare
22:00:28.112 [main] DEBUG org.apache.http.headers - << CF-RAY: 7b850ee87c234096-SIN
22:00:28.112 [main] DEBUG org.apache.http.headers - << Content-Encoding: gzip
22:00:28.112 [main] DEBUG org.apache.http.headers - << alt-svc: h3=":443"; ma=86400, h3-29=":443"; ma=86400
22:00:28.112 [main] DEBUG org.apache.http.impl.client.DefaultHttpClient - Connection can be kept alive indefinitely
22:00:28.112 [main] DEBUG io.restassured.internal.RestAssuredHttpBuilder - Parsing response as: application/json; charset=utf-8
22:00:28.112 [main] DEBUG org.apache.http.wire -  << "46c[\r][\n]"
22:00:28.112 [main] DEBUG org.apache.http.wire -  << "[0x1f][0x8b][0x8][0x0][0x0][0x0][0x0][0x0][0x0][0x3][0xac]U[0xc1]n[0xdb]8[0x10][0xfd][0x95][0x81][0xe][0xdd]]@[0x96]c'Nj[0xdf][0xd2][0x14]i[0xd1]M[0xd3].[0xdc] [0x9][0x16][0xb]cD[0x8e]D[0xc6][0x14])[0x90]#[0xb]j[0xd1]_[0x90]r[0xea]l[0xdb][0x0]{[0xe8]I[0x14]8[0x9c][0x19][0xbe]7[0xef][0xf1][0xef]/[0x99][0x96][0xd9]j[0x96]g[0xac][0xd9]P[0xb6][0xca].[0x1f][0xd0][0x18][0x8f];[0xb2]0[0x81]Kgd@[0xb1][0x85]kW[0xc0][0xc]^[0xa1][0xd8][0xb6]([0xb6]9\j[0xe]0[[0xc0][0x15][0xb6][0xec][0xda][0x90][0xe5]Y[0xeb][0xb5][0xa0]l5;Z[0x16][0xcb]E[0x9e]I[\n]"
22:00:28.113 [main] DEBUG org.apache.http.wire -  << "[0xc2][0xeb][0x96][0xb5][0xb3][0xd9]*[0xbb]w[0x9d][0x87][0x96]|E[0x82]!f[0x80][0xca]y[0xa0][0x1d][0xf9]A[0xe2][0x0]] @+[0xa1]G[0xb3][\r][0xa0]-[0xb0][0xa2][0x18]A[0x81][0xb]X3[0x6][0x5]C[0xcc]`R5[0xf8][0xbd]k[0x81]],[0xaf][0xad]P[0x14][0xfe]x<[0xd2][0xa2][0x94]$![0x18][0xa2][0x1d][0xe5][0xe3][0x99][0xc7]"Y[0x9e][0x9]d[0xaa][0x9d][0x1f][0xb2]U[0xd6][0x90][0xfd]-[0x80]0[0x8e][0x95][0xb6]u[0x96]g[0xba][0xc1]:^_1[0xb7]a5[0x9d]V[0xb8][0xa5][0xc0][0xce][0x13][0xb6][0xba][0x10][0xae][0x99][0xea][0xa6][0x9e][0xbe][0x9c]U[0x1f][0xff][0x94][0x93][0xf9][0xf9][0xfd]U[0xb1]9[0xbf][0xd8][0xac][0xaf]f[0x8b][0xa3][0xa3]M[0xf1][0xd0][0xc6][0x14][0x1e]9[0xe6]Z}[0x89]+[0xca]V[0xc7][0xc5]2[0xcf][0x84][0xeb],g[0xab][0xd9][0xfc][0xe8][0xeb][0xd7]|[0x4]{~[0x0][0xfb]=[0xd9][0x0][0x17][0x18]:4[0xf0][0xd1]S[0xa3][0xbb][0x6][0xd6]F7[0x11]_[0xf8]4Y+[0xed]9[0xc0][0x1][0xdd][0xf9][0xbc]8[0xfe][0x1e][0xdb][0x18]?[0xa9]4[0xc7][0xe2][0x10]x0[0x94][0x83]p[0x96]=[0x6][0x6][0x8f][0xb5]A[0xb][0xc6][0xc5][0xbd]=,[0xac]<[0xd1][0xa4][0xec][0x98][0x9d][0x5]E[0xd6][0xd0][0x0][0xad]A[0xb1]%[0xce][0xc1][0xe8]Z1[0xf4][0x94]>/ [0xb8][0x8a][0xa1][0xc2][0xd2]k[0x91](+=!+,[0xcd]H[0x98]pM[0xe5]<[0xa7][0xff][0x9e][0xd0]k[[0x17]pn%[0xac][0x9d][0xd1][0x12][0x2]k[0x16]*22^[0xa4][0xd7][0xac][0xc0][0xbb][0xce]J[0xb0]$[0xb6][0xd0][0xa0]L<[0x83][0xec]<[0x96][0xda]h[0x1e]RZ[0x84]:[0xd6][0x81]Js[0xda][0x16]#B[0x15][0x6][0xa5][0x9d]M[0x95]R[0x9c][0xd4][0xa4][0xd0]K(1P[0x89]&F[0xd8]P[0xc0]'E[0xf0]v[0xbc]W[0xc2][0xe3]II[0xa3]-[0xc5][0xa9]1[0x9d][0xa4][0x0][0xf8]_,[0xf6] [0x14][0xbf]bT[0xce]f[0x93][0xe3][0xb7][0xf]o[0xae]_[0xdf][0xec]G[0xe5][0xfe][0xe5][0xd9][0xb2][0xd8][0xac][0xef][0x8a][0xcd][0xcd]][0xb1]Y[0xdf][0x17][0x9b][0x9b][0xfb][0xe7]&[0xe7][0xa4][0x98]}[0x9b][0x9c][0xf9]b[0xf9]mr[0x8e][0xbf][0x9f][0x1c][0x97][0xfa]~[0x97][0xda]>L[0xc9]bQ,[0x97][0xdf][0x8f][0xc9][0x88][0xa8][0xeb][0x98]|[0xc2][0xef]![0x1d][\n]"
22:00:28.113 [main] DEBUG org.apache.http.wire -  << "[0x9][0xdf]u[0x1b][0x99][0x9b][0x9e]w[0xdc]5vz[0xab]-[0x93][0xcf]!tzd6[0x86]4h[0x7]pB`[0xd0][0xce][0x86][0xb8])[0x14]`[0x80][0xde][0xf9][0xad][0xb6]u[0xe]"
22:00:28.113 [main] DEBUG org.apache.http.wire -  << "J[0x8f]_[0x81]M[0x9b][0x16]M[0xec][0x1f][0xb5][0x9d]z'[0xb6] [0x8c]n[0xca]1`[0x10]&-8[0xba]L\[0x82][0xf3][0xe0]X[0x91][0x8f][0xed]I[0xe7]|([0xe0][0x8d]s[0x12]j]1[0x8][0xe5][0xb4][0x18][0x9b][0x18]\[0x7][0xe3][0xc7]C[0x85][0x8d]6[0x3]4[0xd4][0x94][0xe4][0xb]8[0x87][0x1e]}[0x3][0x8a][0xd0]3I0nG[0xd1]#.1[0xe6][0xcd]Au[0xa1][0x8c][0x13][0xe3]<[0x4]gG[0xbf][0xd0][0x1]X[0xa1][0xdd][0x86]Z[0xef][0xf6]]\([0xaf][0x3]7[0x18][0xe0]5[0xe][0xbf]h[0xe][0x8c][0x9e]t[0xf]l[0xf6]spswz[0xb6]|[0x9e][0xf7][0xb3]o[0xbc]/[0x8e][0xe][0x8e]q[0xf2]s[0xc7]xt[0x8a]'[0xee][0xfb]3[0xe6][0xa3][0x1c][0x84]3QG[0xae]3[0x12]J[0x82][0x90]dn[0x6][0x90][0xba][0xaa][0xc8][0x93]e([0x89]{"[0xb]n[0xb4][0xd2] |[0xfc][0x8b][0x98]i[0xb][0xad]G[0xc1]ZP[0x1]S[0xf8]h[0x8][0x3][0x81]uL[0x11]?[0x86][0xd2][0xc9][0x1][0xca]N[0x1b][0x19]`[0x87]~[0x80]r[0x88]^[0x1f][0x9c][0x8d]^C[0x9e][0xa2][0x93][0xe7] [0x89]Q[0x9b]h[0x6][0xfa]s[0xd4]`[0xe5]|[0x83][0xb1]E[0x8][0xea][0xb1]/O;M=[0xc5][0xb5]q[0xfd]c/[0xad]w[0xb2][0x13][0xc]O[0xae][0xf5][0x8b][0xb8][0xb9][0xbf][0xfb]L[0x1f][0xba]`[0xf6][0xdc]D[0x8d]>[0xc7][0xcd][0xfc][0x89]&O[0x8e][0xf][0xdc],[0xe][0xdc][0xbc]s[0xca][0xc2][[0xf4]r[0x80][7[0xb6]tE5Y[0x19][0xe0][0x1a]k[0x84]7[0xce]Hx[0x1]kmv[0xe4][0xe1][0xb5][0xc7][0xda][0xd9][0xf8][0xbc]%[0x10].[0x14]j[0xb][0xaf]<[\n]"
22:00:28.113 [main] DEBUG org.apache.http.wire -  << "2O[0xc5]|[0xfa][0xe3]kz[0xe9]][0x3]Q[0x3][0x8f][0xd9]/[0x9c]1$[0xe2]nB|[0xac][0xd6]c|JC[0xab]}[0xc4]sH[0x1b][0xcd][0xc0]J[0xb]4[0xd0]#[0x93][0x7]9[0xb6][0x90]Xl[0xbd]c[0x12][0x1c]R[0x9c][0x13][0x84][0xb1][0xfd][0x96][0xd0][0x9b][0x2]n[0xa3]aT([0xa2]J[0xb4][0xed][0xa3][0xe5][0xb2][0x8b]|[0x95][0x11][0xd4][0xc8]Wr[0xf6]$[0xba][0xe4][0xdf]eg%ZAy[0x92]v[0xc7][0xe9]HT[0xf0][0xbe][0xca][0x8f][0xc]>PO[0x86][0xfc][0xf0][0xff][0xb9]ko?+[0xf9][0xee][0xba][0xdf]swuzr[0xb4][0xf9][0xeb][0xea]t[0xb1]yu[0xfc][0xbc][0xc0]N[0xf]$F[0x81][0xfd][0xf3]/[0x0][0x0][0x0][0xff][0xff][0x3][0x0][0xad]~[0xa4][0xf2][0x1][0x9][0x0][0x0]"
22:00:28.113 [main] DEBUG org.apache.http.wire -  << "[\r][\n]"
22:00:28.113 [main] DEBUG org.apache.http.wire -  << "0[\r][\n]"
22:00:28.113 [main] DEBUG org.apache.http.wire -  << "[\r][\n]"
22:00:28.113 [main] DEBUG io.restassured.internal.RestAssuredHttpBuilder - Parsed data to instance of: class org.apache.http.conn.EofSensorInputStream
22:00:28.116 [main] DEBUG org.apache.http.impl.conn.BasicClientConnectionManager - Releasing connection org.apache.http.impl.conn.ManagedClientConnectionImpl@52e34db
22:00:28.116 [main] DEBUG org.apache.http.impl.conn.BasicClientConnectionManager - Connection can be kept alive indefinitely
22:00:28.118 [main] DEBUG net.thucydides.core.steps.StepInterceptor - STEP DONE: I GET HTTP request limit result product with valid param
  &amp#27;[32mWhen &amp#27;[0m&amp#27;[32mI GET HTTP request limit result product with valid param&amp#27;[0m   &amp#27;[90m# starter.stepdefinition.ProductSteps.getInvalidRequestLimitProduct()&amp#27;[0m
22:00:28.125 [main] DEBUG net.thucydides.core.steps.StepInterceptor - STARTING STEP: ProductSteps.receiveLimitProductRequestParam - I receive limit result product with request param
22:00:28.142 [main] DEBUG net.thucydides.core.steps.StepInterceptor - STEP DONE: I receive limit result product with request param
  &amp#27;[32mAnd &amp#27;[0m&amp#27;[32mI receive limit result product with request param&amp#27;[0m           &amp#27;[90m# starter.stepdefinition.ProductSteps.receiveLimitProductRequestParam()&amp#27;[0m
22:00:28.146 [main] DEBUG net.thucydides.core.steps.StepInterceptor - STARTING STEP: ProductSteps.receiveInvalidLimitProductResponseCode200 - I receive valid GET limit result product response code 200
22:00:28.147 [main] DEBUG net.thucydides.core.steps.StepInterceptor - STEP DONE: I receive valid GET limit result product response code 200
  &amp#27;[32mThen &amp#27;[0m&amp#27;[32mI receive valid GET limit result product response code 200&amp#27;[0m &amp#27;[90m# starter.stepdefinition.ProductSteps.receiveInvalidLimitProductResponseCode200()&amp#27;[0m
22:00:28.149 [main] INFO  - 
  _____   ___   ___   _____     ___     _     ___   ___   ___   ___  
 |_   _| | __| / __| |_   _|   | _ \   /_\   / __| / __| | __| |   \ 
   | |   | _|  \__ \   | |     |  _/  / _ \  \__ \ \__ \ | _|  | |) |
   |_|   |___| |___/   |_|     |_|   /_/ \_\ |___/ |___/ |___| |___/ 

PRODUCT - GET limit result product with valid param
----------------------------------------------------------------------
]]></system-out>
  </testcase>
  <testcase name="PRODUCT - GET limit result product with invalid param" classname="Product" time="0.509">
    <system-out><![CDATA[
Scenario: PRODUCT - GET limit result product with invalid param     &amp#27;[90m# src/test/resources/api/product.feature:31&amp#27;[0m
22:00:28.166 [main] INFO io.cucumber.core.plugin.SerenityReporter - Running feature from file:///C:/Users/User/IdeaProjects/CodeCompetence2/src/test/resources/api/product.feature
22:00:28.166 [main] WARN io.cucumber.core.plugin.SerenityReporter - Feature from file:///C:/Users/User/IdeaProjects/CodeCompetence2/src/test/resources/api/product.feature is not under the 'features' directory. Requirements report will not be correctly generated!
22:00:28.169 [main] INFO  - 
  _____   ___   ___   _____     ___   _____     _     ___   _____   ___   ___  
 |_   _| | __| / __| |_   _|   / __| |_   _|   /_\   | _ \ |_   _| | __| |   \ 
   | |   | _|  \__ \   | |     \__ \   | |    / _ \  |   /   | |   | _|  | |) |
   |_|   |___| |___/   |_|     |___/   |_|   /_/ \_\ |_|_\   |_|   |___| |___/ 

PRODUCT - GET limit result product with invalid param(product;product---get-limit-result-product-with-invalid-param)
--------------------------------------------------------------------------------
22:00:28.179 [main] DEBUG net.thucydides.core.steps.StepInterceptor - STARTING STEP: ProductSteps.getLimitProductRequestInvalid - I GET user limit result product with invalid param
22:00:28.179 [main] DEBUG net.thucydides.core.steps.StepInterceptor - STEP DONE: I GET user limit result product with invalid param
  &amp#27;[32mGiven &amp#27;[0m&amp#27;[32mI GET user limit result product with invalid param&amp#27;[0m          &amp#27;[90m# starter.stepdefinition.ProductSteps.getLimitProductRequestInvalid()&amp#27;[0m
22:00:28.183 [main] DEBUG net.thucydides.core.steps.StepInterceptor - STARTING STEP: ProductSteps.getHTTPInvalidRequestWithLimitProduct - I GET HTTP request limit result product with invalid param
22:00:28.185 [main] DEBUG net.thucydides.core.steps.StepInterceptor - STARTING STEP: Product.getHTTPInvalidRequestWithLimitProduct - I GET user limit result product with invalid param
22:00:28.185 [main] DEBUG net.thucydides.core.steps.StepInterceptor - STEP DONE: I GET user limit result product with invalid param
22:00:28.194 [main] DEBUG org.apache.http.impl.conn.BasicClientConnectionManager - Get connection for route {s}->https://fakestoreapi.com:443
22:00:28.194 [main] DEBUG org.apache.http.impl.conn.DefaultClientConnectionOperator - Connecting to fakestoreapi.com:443
22:00:28.272 [main] DEBUG org.apache.http.client.protocol.RequestAddCookies - CookieSpec selected: ignoreCookies
22:00:28.272 [main] DEBUG org.apache.http.client.protocol.RequestAuthCache - Auth cache not set in the context
22:00:28.272 [main] DEBUG org.apache.http.client.protocol.RequestTargetAuthentication - Target auth state: UNCHALLENGED
22:00:28.272 [main] DEBUG org.apache.http.client.protocol.RequestProxyAuthentication - Proxy auth state: UNCHALLENGED
22:00:28.272 [main] DEBUG org.apache.http.impl.client.DefaultHttpClient - Attempt 1 to execute request
22:00:28.272 [main] DEBUG org.apache.http.impl.conn.DefaultClientConnection - Sending request: GET /product?limit=5 HTTP/1.1
22:00:28.272 [main] DEBUG org.apache.http.wire -  >> "GET /product?limit=5 HTTP/1.1[\r][\n]"
22:00:28.272 [main] DEBUG org.apache.http.wire -  >> "Accept: */*[\r][\n]"
22:00:28.272 [main] DEBUG org.apache.http.wire -  >> "Host: fakestoreapi.com[\r][\n]"
22:00:28.272 [main] DEBUG org.apache.http.wire -  >> "Connection: Keep-Alive[\r][\n]"
22:00:28.272 [main] DEBUG org.apache.http.wire -  >> "User-Agent: Apache-HttpClient/4.5.13 (Java/19.0.2)[\r][\n]"
22:00:28.272 [main] DEBUG org.apache.http.wire -  >> "Accept-Encoding: gzip,deflate[\r][\n]"
22:00:28.272 [main] DEBUG org.apache.http.wire -  >> "[\r][\n]"
22:00:28.272 [main] DEBUG org.apache.http.headers - >> GET /product?limit=5 HTTP/1.1
22:00:28.272 [main] DEBUG org.apache.http.headers - >> Accept: */*
22:00:28.272 [main] DEBUG org.apache.http.headers - >> Host: fakestoreapi.com
22:00:28.272 [main] DEBUG org.apache.http.headers - >> Connection: Keep-Alive
22:00:28.272 [main] DEBUG org.apache.http.headers - >> User-Agent: Apache-HttpClient/4.5.13 (Java/19.0.2)
22:00:28.272 [main] DEBUG org.apache.http.headers - >> Accept-Encoding: gzip,deflate
22:00:28.644 [main] DEBUG org.apache.http.wire -  << "HTTP/1.1 404 Not Found[\r][\n]"
22:00:28.644 [main] DEBUG org.apache.http.wire -  << "Date: Sat, 15 Apr 2023 15:00:28 GMT[\r][\n]"
22:00:28.644 [main] DEBUG org.apache.http.wire -  << "Content-Type: text/html; charset=utf-8[\r][\n]"
22:00:28.644 [main] DEBUG org.apache.http.wire -  << "Transfer-Encoding: chunked[\r][\n]"
22:00:28.644 [main] DEBUG org.apache.http.wire -  << "Connection: keep-alive[\r][\n]"
22:00:28.644 [main] DEBUG org.apache.http.wire -  << "Access-Control-Allow-Origin: *[\r][\n]"
22:00:28.644 [main] DEBUG org.apache.http.wire -  << "Content-Security-Policy: default-src 'none'[\r][\n]"
22:00:28.644 [main] DEBUG org.apache.http.wire -  << "X-Content-Type-Options: nosniff[\r][\n]"
22:00:28.644 [main] DEBUG org.apache.http.wire -  << "X-Powered-By: Express[\r][\n]"
22:00:28.644 [main] DEBUG org.apache.http.wire -  << "CF-Cache-Status: DYNAMIC[\r][\n]"
22:00:28.644 [main] DEBUG org.apache.http.wire -  << "Report-To: {"endpoints":[{"url":"https:\/\/a.nel.cloudflare.com\/report\/v3?s=Zpo2DkuiJzMSIHc0zq8zitDm7P9hn3bgSuwWYI7fjbY%2Ba1DjwmTUb8cs2fM82gi%2FHgbhB%2BeSY20bMODKQ5JTfphjhXE77ZRSmqxiJKga3LhNdeX0tC9p4lH2%2BIKGH%2BOzz3Az"}],"group":"cf-nel","max_age":604800}[\r][\n]"
22:00:28.644 [main] DEBUG org.apache.http.wire -  << "NEL: {"success_fraction":0,"report_to":"cf-nel","max_age":604800}[\r][\n]"
22:00:28.644 [main] DEBUG org.apache.http.wire -  << "Server: cloudflare[\r][\n]"
22:00:28.644 [main] DEBUG org.apache.http.wire -  << "CF-RAY: 7b850eebdd213f80-SIN[\r][\n]"
22:00:28.644 [main] DEBUG org.apache.http.wire -  << "Content-Encoding: gzip[\r][\n]"
22:00:28.644 [main] DEBUG org.apache.http.wire -  << "alt-svc: h3=":443"; ma=86400, h3-29=":443"; ma=86400[\r][\n]"
22:00:28.644 [main] DEBUG org.apache.http.wire -  << "[\r][\n]"
22:00:28.644 [main] DEBUG org.apache.http.impl.conn.DefaultClientConnection - Receiving response: HTTP/1.1 404 Not Found
22:00:28.644 [main] DEBUG org.apache.http.headers - << HTTP/1.1 404 Not Found
22:00:28.644 [main] DEBUG org.apache.http.headers - << Date: Sat, 15 Apr 2023 15:00:28 GMT
22:00:28.644 [main] DEBUG org.apache.http.headers - << Content-Type: text/html; charset=utf-8
22:00:28.644 [main] DEBUG org.apache.http.headers - << Transfer-Encoding: chunked
22:00:28.644 [main] DEBUG org.apache.http.headers - << Connection: keep-alive
22:00:28.644 [main] DEBUG org.apache.http.headers - << Access-Control-Allow-Origin: *
22:00:28.644 [main] DEBUG org.apache.http.headers - << Content-Security-Policy: default-src 'none'
22:00:28.645 [main] DEBUG org.apache.http.headers - << X-Content-Type-Options: nosniff
22:00:28.645 [main] DEBUG org.apache.http.headers - << X-Powered-By: Express
22:00:28.645 [main] DEBUG org.apache.http.headers - << CF-Cache-Status: DYNAMIC
22:00:28.645 [main] DEBUG org.apache.http.headers - << Report-To: {"endpoints":[{"url":"https:\/\/a.nel.cloudflare.com\/report\/v3?s=Zpo2DkuiJzMSIHc0zq8zitDm7P9hn3bgSuwWYI7fjbY%2Ba1DjwmTUb8cs2fM82gi%2FHgbhB%2BeSY20bMODKQ5JTfphjhXE77ZRSmqxiJKga3LhNdeX0tC9p4lH2%2BIKGH%2BOzz3Az"}],"group":"cf-nel","max_age":604800}
22:00:28.645 [main] DEBUG org.apache.http.headers - << NEL: {"success_fraction":0,"report_to":"cf-nel","max_age":604800}
22:00:28.645 [main] DEBUG org.apache.http.headers - << Server: cloudflare
22:00:28.645 [main] DEBUG org.apache.http.headers - << CF-RAY: 7b850eebdd213f80-SIN
22:00:28.645 [main] DEBUG org.apache.http.headers - << Content-Encoding: gzip
22:00:28.645 [main] DEBUG org.apache.http.headers - << alt-svc: h3=":443"; ma=86400, h3-29=":443"; ma=86400
22:00:28.645 [main] DEBUG org.apache.http.impl.client.DefaultHttpClient - Connection can be kept alive indefinitely
22:00:28.645 [main] DEBUG io.restassured.internal.RestAssuredHttpBuilder - Parsing response as: text/html; charset=utf-8
22:00:28.645 [main] DEBUG org.apache.http.wire -  << "8f[\r][\n]"
22:00:28.645 [main] DEBUG org.apache.http.wire -  << "[0x1f][0x8b][0x8][0x0][0x0][0x0][0x0][0x0][0x0][0x3],[0x8e][0xb1][0xe][0xc2]0[0xc]D[0xf7]|[0x85][0xc9][0x8e][0xbc]2[0xb8]^J[0xc4]H[0x87].[0x8c][0xa1]1[0x14])M*[0xe3][0xe][0xfc]=[\n]"
22:00:28.645 [main] DEBUG org.apache.http.wire -  << "t:[0xdd][0xbd];[0xe9][0xe8]p[0xbe][0xf6][0xe3]m[0x8]0[0xdb][0x92][0xd9]Q[0x13][0xc8][0xb1]<;/[0xc5][0xb7]@bbG[0x8b]X[0x84]i[0x8e][0xfa][0x16][0xeb][0xfc]f[0x8f][0xe3][0xa9]Q{Y[0x16][0xe][0xaa]U[0x9][0xff][0xc6][0x11][0xee][0x9b]{M[0x1f]v[0xb4][0xaa]p[0x1f]K[0xa9][0x6][0x97]0[0x2][0xae]Z[0xd3]6[0x19]a[0x3][0x8e]p[0xaf][0xe1][0xef][0xc1][0x17][0x0][0x0][0xff][0xff][0xe3][0x2][0x0][0xf0]-[0xa6]P[0x92][0x0][0x0][0x0]"
22:00:28.645 [main] DEBUG org.apache.http.wire -  << "[\r][\n]"
22:00:28.645 [main] DEBUG org.apache.http.wire -  << "0[\r][\n]"
22:00:28.645 [main] DEBUG org.apache.http.wire -  << "[\r][\n]"
22:00:28.645 [main] DEBUG io.restassured.internal.RestAssuredHttpBuilder - Parsed data to instance of: class org.apache.http.conn.EofSensorInputStream
22:00:28.647 [main] DEBUG org.apache.http.impl.conn.BasicClientConnectionManager - Releasing connection org.apache.http.impl.conn.ManagedClientConnectionImpl@20524816
22:00:28.647 [main] DEBUG org.apache.http.impl.conn.BasicClientConnectionManager - Connection can be kept alive indefinitely
22:00:28.648 [main] DEBUG net.thucydides.core.steps.StepInterceptor - STEP DONE: I GET HTTP request limit result product with invalid param
  &amp#27;[32mWhen &amp#27;[0m&amp#27;[32mI GET HTTP request limit result product with invalid param&amp#27;[0m   &amp#27;[90m# starter.stepdefinition.ProductSteps.getHTTPInvalidRequestWithLimitProduct()&amp#27;[0m
22:00:28.653 [main] DEBUG net.thucydides.core.steps.StepInterceptor - STARTING STEP: ProductSteps.receiveLimitProductWithInvalidRequest - I receive limit result product with invalid request param
22:00:28.654 [main] DEBUG net.thucydides.core.steps.StepInterceptor - STEP DONE: I receive limit result product with invalid request param
  &amp#27;[32mAnd &amp#27;[0m&amp#27;[32mI receive limit result product with invalid request param&amp#27;[0m     &amp#27;[90m# starter.stepdefinition.ProductSteps.receiveLimitProductWithInvalidRequest()&amp#27;[0m
22:00:28.657 [main] DEBUG net.thucydides.core.steps.StepInterceptor - STARTING STEP: ProductSteps.receiveInvalidLimitResponseCode404 - I receive invalid GET limit result product response code 404
22:00:28.658 [main] DEBUG net.thucydides.core.steps.StepInterceptor - STEP DONE: I receive invalid GET limit result product response code 404
  &amp#27;[32mThen &amp#27;[0m&amp#27;[32mI receive invalid GET limit result product response code 404&amp#27;[0m &amp#27;[90m# starter.stepdefinition.ProductSteps.receiveInvalidLimitResponseCode404()&amp#27;[0m
22:00:28.659 [main] INFO  - 
  _____   ___   ___   _____     ___     _     ___   ___   ___   ___  
 |_   _| | __| / __| |_   _|   | _ \   /_\   / __| / __| | __| |   \ 
   | |   | _|  \__ \   | |     |  _/  / _ \  \__ \ \__ \ | _|  | |) |
   |_|   |___| |___/   |_|     |_|   /_/ \_\ |___/ |___/ |___| |___/ 

PRODUCT - GET limit result product with invalid param
----------------------------------------------------------------------
]]></system-out>
  </testcase>
  <testcase name="PRODUCT - GET result in descending sort" classname="Product" time="0.516">
    <system-out><![CDATA[
Scenario: PRODUCT - GET result in descending sort                    &amp#27;[90m# src/test/resources/api/product.feature:37&amp#27;[0m
22:00:28.677 [main] INFO io.cucumber.core.plugin.SerenityReporter - Running feature from file:///C:/Users/User/IdeaProjects/CodeCompetence2/src/test/resources/api/product.feature
22:00:28.677 [main] WARN io.cucumber.core.plugin.SerenityReporter - Feature from file:///C:/Users/User/IdeaProjects/CodeCompetence2/src/test/resources/api/product.feature is not under the 'features' directory. Requirements report will not be correctly generated!
22:00:28.680 [main] INFO  - 
  _____   ___   ___   _____     ___   _____     _     ___   _____   ___   ___  
 |_   _| | __| / __| |_   _|   / __| |_   _|   /_\   | _ \ |_   _| | __| |   \ 
   | |   | _|  \__ \   | |     \__ \   | |    / _ \  |   /   | |   | _|  | |) |
   |_|   |___| |___/   |_|     |___/   |_|   /_/ \_\ |_|_\   |_|   |___| |___/ 

PRODUCT - GET result in descending sort(product;product---get-result-in-descending-sort)
--------------------------------------------------------------------------------
22:00:28.690 [main] DEBUG net.thucydides.core.steps.StepInterceptor - STARTING STEP: ProductSteps.setGetProductEndpoint - I GET API product endpoints
22:00:28.690 [main] DEBUG net.thucydides.core.steps.StepInterceptor - STEP DONE: I GET API product endpoints
  &amp#27;[32mGiven &amp#27;[0m&amp#27;[32mI GET API product endpoints&amp#27;[0m                                  &amp#27;[90m# starter.stepdefinition.ProductSteps.setGetProductEndpoint()&amp#27;[0m
22:00:28.694 [main] DEBUG net.thucydides.core.steps.StepInterceptor - STARTING STEP: ProductSteps.getProductWithSort - I GET HTTP request product with decending sort
22:00:28.695 [main] DEBUG net.thucydides.core.steps.StepInterceptor - STARTING STEP: Product.getSortProductRequest - I GET API product endpoints
22:00:28.695 [main] DEBUG net.thucydides.core.steps.StepInterceptor - STEP DONE: I GET API product endpoints
22:00:28.710 [main] DEBUG org.apache.http.impl.conn.BasicClientConnectionManager - Get connection for route {s}->https://fakestoreapi.com:443
22:00:28.710 [main] DEBUG org.apache.http.impl.conn.DefaultClientConnectionOperator - Connecting to fakestoreapi.com:443
22:00:28.784 [main] DEBUG org.apache.http.client.protocol.RequestAddCookies - CookieSpec selected: ignoreCookies
22:00:28.784 [main] DEBUG org.apache.http.client.protocol.RequestAuthCache - Auth cache not set in the context
22:00:28.784 [main] DEBUG org.apache.http.client.protocol.RequestTargetAuthentication - Target auth state: UNCHALLENGED
22:00:28.784 [main] DEBUG org.apache.http.client.protocol.RequestProxyAuthentication - Proxy auth state: UNCHALLENGED
22:00:28.784 [main] DEBUG org.apache.http.impl.client.DefaultHttpClient - Attempt 1 to execute request
22:00:28.784 [main] DEBUG org.apache.http.impl.conn.DefaultClientConnection - Sending request: GET /products?sort=desc HTTP/1.1
22:00:28.784 [main] DEBUG org.apache.http.wire -  >> "GET /products?sort=desc HTTP/1.1[\r][\n]"
22:00:28.784 [main] DEBUG org.apache.http.wire -  >> "Accept: */*[\r][\n]"
22:00:28.784 [main] DEBUG org.apache.http.wire -  >> "Host: fakestoreapi.com[\r][\n]"
22:00:28.784 [main] DEBUG org.apache.http.wire -  >> "Connection: Keep-Alive[\r][\n]"
22:00:28.784 [main] DEBUG org.apache.http.wire -  >> "User-Agent: Apache-HttpClient/4.5.13 (Java/19.0.2)[\r][\n]"
22:00:28.784 [main] DEBUG org.apache.http.wire -  >> "Accept-Encoding: gzip,deflate[\r][\n]"
22:00:28.784 [main] DEBUG org.apache.http.wire -  >> "[\r][\n]"
22:00:28.784 [main] DEBUG org.apache.http.headers - >> GET /products?sort=desc HTTP/1.1
22:00:28.785 [main] DEBUG org.apache.http.headers - >> Accept: */*
22:00:28.785 [main] DEBUG org.apache.http.headers - >> Host: fakestoreapi.com
22:00:28.785 [main] DEBUG org.apache.http.headers - >> Connection: Keep-Alive
22:00:28.785 [main] DEBUG org.apache.http.headers - >> User-Agent: Apache-HttpClient/4.5.13 (Java/19.0.2)
22:00:28.785 [main] DEBUG org.apache.http.headers - >> Accept-Encoding: gzip,deflate
22:00:29.151 [main] DEBUG org.apache.http.wire -  << "HTTP/1.1 200 OK[\r][\n]"
22:00:29.151 [main] DEBUG org.apache.http.wire -  << "Date: Sat, 15 Apr 2023 15:00:28 GMT[\r][\n]"
22:00:29.151 [main] DEBUG org.apache.http.wire -  << "Content-Type: application/json; charset=utf-8[\r][\n]"
22:00:29.151 [main] DEBUG org.apache.http.wire -  << "Transfer-Encoding: chunked[\r][\n]"
22:00:29.151 [main] DEBUG org.apache.http.wire -  << "Connection: keep-alive[\r][\n]"
22:00:29.151 [main] DEBUG org.apache.http.wire -  << "Access-Control-Allow-Origin: *[\r][\n]"
22:00:29.151 [main] DEBUG org.apache.http.wire -  << "Etag: W/"297c-kgtAqsPV+9MMR0dzy4sqhhSyR9Q"[\r][\n]"
22:00:29.151 [main] DEBUG org.apache.http.wire -  << "X-Powered-By: Express[\r][\n]"
22:00:29.151 [main] DEBUG org.apache.http.wire -  << "CF-Cache-Status: DYNAMIC[\r][\n]"
22:00:29.151 [main] DEBUG org.apache.http.wire -  << "Report-To: {"endpoints":[{"url":"https:\/\/a.nel.cloudflare.com\/report\/v3?s=mUk3MLTRcJfY%2Ba4XAFme7yfuLhLK8cItAPre3fPOKTbBtUUCSio%2Bqg57emqQgw6%2ByuBOOjSHhfacFEna%2BtH0CKsLDBw74LHX0LhNRL5GeaxxIDv53jJeO%2Fc1ovXlWlm0aVfT"}],"group":"cf-nel","max_age":604800}[\r][\n]"
22:00:29.151 [main] DEBUG org.apache.http.wire -  << "NEL: {"success_fraction":0,"report_to":"cf-nel","max_age":604800}[\r][\n]"
22:00:29.151 [main] DEBUG org.apache.http.wire -  << "Server: cloudflare[\r][\n]"
22:00:29.151 [main] DEBUG org.apache.http.wire -  << "CF-RAY: 7b850eef080f407f-SIN[\r][\n]"
22:00:29.151 [main] DEBUG org.apache.http.wire -  << "Content-Encoding: gzip[\r][\n]"
22:00:29.151 [main] DEBUG org.apache.http.wire -  << "alt-svc: h3=":443"; ma=86400, h3-29=":443"; ma=86400[\r][\n]"
22:00:29.151 [main] DEBUG org.apache.http.wire -  << "[\r][\n]"
22:00:29.151 [main] DEBUG org.apache.http.impl.conn.DefaultClientConnection - Receiving response: HTTP/1.1 200 OK
22:00:29.151 [main] DEBUG org.apache.http.headers - << HTTP/1.1 200 OK
22:00:29.151 [main] DEBUG org.apache.http.headers - << Date: Sat, 15 Apr 2023 15:00:28 GMT
22:00:29.151 [main] DEBUG org.apache.http.headers - << Content-Type: application/json; charset=utf-8
22:00:29.151 [main] DEBUG org.apache.http.headers - << Transfer-Encoding: chunked
22:00:29.151 [main] DEBUG org.apache.http.headers - << Connection: keep-alive
22:00:29.151 [main] DEBUG org.apache.http.headers - << Access-Control-Allow-Origin: *
22:00:29.151 [main] DEBUG org.apache.http.headers - << Etag: W/"297c-kgtAqsPV+9MMR0dzy4sqhhSyR9Q"
22:00:29.151 [main] DEBUG org.apache.http.headers - << X-Powered-By: Express
22:00:29.151 [main] DEBUG org.apache.http.headers - << CF-Cache-Status: DYNAMIC
22:00:29.151 [main] DEBUG org.apache.http.headers - << Report-To: {"endpoints":[{"url":"https:\/\/a.nel.cloudflare.com\/report\/v3?s=mUk3MLTRcJfY%2Ba4XAFme7yfuLhLK8cItAPre3fPOKTbBtUUCSio%2Bqg57emqQgw6%2ByuBOOjSHhfacFEna%2BtH0CKsLDBw74LHX0LhNRL5GeaxxIDv53jJeO%2Fc1ovXlWlm0aVfT"}],"group":"cf-nel","max_age":604800}
22:00:29.151 [main] DEBUG org.apache.http.headers - << NEL: {"success_fraction":0,"report_to":"cf-nel","max_age":604800}
22:00:29.151 [main] DEBUG org.apache.http.headers - << Server: cloudflare
22:00:29.151 [main] DEBUG org.apache.http.headers - << CF-RAY: 7b850eef080f407f-SIN
22:00:29.151 [main] DEBUG org.apache.http.headers - << Content-Encoding: gzip
22:00:29.151 [main] DEBUG org.apache.http.headers - << alt-svc: h3=":443"; ma=86400, h3-29=":443"; ma=86400
22:00:29.151 [main] DEBUG org.apache.http.impl.client.DefaultHttpClient - Connection can be kept alive indefinitely
22:00:29.151 [main] DEBUG io.restassured.internal.RestAssuredHttpBuilder - Parsing response as: application/json; charset=utf-8
22:00:29.151 [main] DEBUG org.apache.http.wire -  << "1153[\r][\n]"
22:00:29.151 [main] DEBUG org.apache.http.wire -  << "[0x1f][0x8b][0x8][0x0][0x0][0x0][0x0][0x0][0x0][0x3][0xac]Z[0xdd]r[0xdb][0xb8][0x92]~[0x95].W[0xcd]LR[0x87][0xa2][0xf5][0xeb][0xbf][0xb9][0x92]%[0xd9]R[0x8e]$;[0xa2][0x1c][0xc7][0xd9][0xda]JAdKD[0x4][0x2][0x1c][0x0][0xb4]"[0x9f][0x99][0xaa]y[0x87][0xbd][0xda][0x8b]}[0xb9][0xf3]$[[\r]P[0x16][0xed]xf3;[0xbe][0xb1],[0x11][0xc4]O[0xf7][0xd7][0xdd]_w[0xe3]?[0xfe]u[0xc0][0x93][0x83][0xb3]f=8[0xb0][0xdc][\n]"
22:00:29.151 [main] DEBUG org.apache.http.wire -  << "<8;[0xe8]w[0xa7][0x1f][0xae]n[0xee][0xe0]Ve([\r][0xcc]!J[0xb9][0xb6][0xd0]c[0xa6]`[0x2]z[0xca]Z%!J[0x95][0xb6][0x7][0xc1]A[0xae]y[0x8c][0x7]g[0x8d]fxz[0x1a][0x1c]$hb[0xcd]s[0xcb][0x95]<8;8[0xed][0xfc][0xe0]G[0x7][0x9d][0x1f][0xa2][0x9c][0xc9][0x4][0xbf][0x6]p[0x81][0xcc][0x16][0x1a][0xcd]Y9a[0xe0][0xa7][0x82]H [0xde]c[0x0]c[0xb4][0x16]5\k.m[0xf0][0xa1]6[0xc5]x[0x1d]\0[0x93]r%a[0x8e]h[0x2][0x98][0xa7][0x8]K[0xb6][0xd0]<[0x6]n[0xc0][0xa8][0xa5][0x5]&[0x13]H[0x19]}[0xc9][0x10][0x8c][0xd5]h[0xe3]4[0xc][0xe0]*[0x8e][0x99][0xe1]J[0xee][0xd6]:[0xbc]Z.y[0x8c][0x87][0xe7][0xc8][0xe2][0xf4]0[0x8a]S[0xa5][0xc4][0xe1]Pex[0x18]Y[0x8d]hC[0x88][0x90][0x19][0x1a][0x1f][0xe5][0x9a][0xcb]U[0x10][0x15]Y[0x86]:[0xe8][0x16][0xb6][0xc8]dp[0xcb][0xa5]E[0x1d][0x1e][0x4][0x7]1[0xb3][0xb8]Rz{pv[0xb0]!)[0xfd]d [0x16][0xca][0xa6]\[0xae][0xe][0x82][0x3][0x9e][0xb1][0x15][0x9]2[0xb5]67g[0x87][0x87]K[0xb6]Fc[0x95]F[0x96][0xf3]0V[0xd9]![0xcf]V[0x87]G[0x8d]|[0xd8][0x1d][0xbc]kO'[0xe3][0xf0]s[0xb7][0xf7][0xf9][0xe6][0xe3][0xd1][0xf1][0xe9][0xe7][0xf0]KN3hfi[0xaa][0xb3][0xd1]xp[0xd6][\n]"
22:00:29.151 [main] DEBUG org.apache.http.wire -  << "[0x8f][0x82][0x83]X[0x15][0xd2][0x1e][0x9c]5[0xda][0x9d][0xdf]~[0xb][0xbc][0xda][0x1a][0xa7]{[0xb5]][0xe5][0x92]y[0x9d][0xfd]d[0x9e][0xc8][0x14]&[0x8a][0x1b][0x92][0xf9]^][0xc7][0xe1]i[0xe7][0xb9][0xb6][0x1a][0xf5][0xfa][0xf]p[0xad][0xc4][0x16][0x8d]E[0x1d][0xc0][0x84][0xc5])[0x97][0x8][0x1b]f[0xd2][0x0][0xdc][0xd3][0x98][0xd1]X[0x1e]C[0xbe][0x1b][0x6]N$B[0xc5][0xeb][0xfd][0xb][0xb7][0xcc][0xa4][0xf0]#\k[0x84]([0xd5][0x85]\[0xc3]Ri`p[0xa9][0x91]Y[0xb8][0xe0]6[0x80]1_[0xa5]v[0x83][0xf4]7[0x0][0xad]T[0xb6][0xf5]*[0xe4][0xab]TlaA[0x3]S[0xb6][0x10][0x8][0x1b]nS[0xc8][0xca][0xfd][0xc3][0x86][0xc7]k.W;[0xed]oR[0x1e][0xa7][0x90][0xa2][0xc8][\r]X[0x5]k[0xc4]|?[0x96]m[0xd8]6[0x80][0x88][0xd0]QY[\r].[0xca]Wi[0xde]XeK[0xa5][0xad][[0xe8]CMb[0xbc][0x86]X[0x9][0xc1][0xb4][0xdb][0xc][0x3]#8[0xa9][0x1f][0x96][0xb4][0xe5][0x4][0x5][0xbf]Gm[0xdc][0xef][0x88][0xeb][0x0]2[0xa5][0x11][0x96][0x98]qI[0xa7]6\[0xa4][0xaa] [0xf0][0xba][0xb7][0xbb]I[0x82][0x9][0xf4][0xfc][\n]"
22:00:29.151 [main] DEBUG org.apache.http.wire -  << "[0xaf][0x83][0x98]N[0x3]W[0x9d]Nq[0x9b]%[0xdf][0x81][0x98]v[0xd8]"
22:00:29.152 [main] DEBUG org.apache.http.wire -  << "[0xa9] [0xe6]h[0x8f][0x98][0x93]=b&[0xe7][0xef][0xf6][0x80]Q[0x82]'Oas[0xae][0x98][0x5][0xb2]?[0xf8][0x0]{[0xe8][0x9c][0x86]'[0x9d][0x17][0xc][0x1d]f[0xdd][0xbb][0xab])t~[0x80][0xe8][0xba];[0xed][0xf]>[0x12][0x1e][0x12][0x4].[0xe1]&[0xea][0x82][0xd2]0[0xca]r[0xa5]-&[0x1][0xf4][0x15]L[0x95][0x85]sAf[0xf8][0x4][0xc][0x8f][0x9a]%[0xf5][0xac][0x1c]^Jkv[0x18]*[0x15][0x16][0xc0][0x8c]/[0x16][0x98][0x80][0x92]N[0x17][0xf7]h[0x9c][0xcc]I[0x83][0x82]tq[0x8]}U[0x90]V[0x8d][0xe5][0x96]@[0xb9][0xa2][0xa1][0xb][0xf2]E[0x19][0xa4][0x98][0xbd][0x8e]>[0x8e][0x1b][0xf][0xad]u>[0xe9][0xde][0x99]R[0x1f]w'[0xa6][0x8f][0xe3][0xbd]>Z[0xf5][0xbd]>[0x8e][0xf7][0xfa][0x98]1.[0xe1][0x1d][0x8b][0xd7]h[0xbd]^[0xe0][0x96][0xcb][0x84][0xac]a[0x8d][0x1a]"[0xab]yN[0x98][0x12]<[[0xd0][0x91]hx[0xac][0x98]5{[0xe5][0xb4]N_p[0xc3]U[0xf9][0xe6][0xa8][0x97]h[0x9d]0i:[0xd2]K[0xec][0xfd][0xfa][0x6][0x99][0xae][0xd5]jc%W[0xa5]P[0xbd][0x16]R[0xa5][0x12]R[0x1a]K[0xbe][0x14][0xc6][0xdb]J[0xa2][0xd9][0xc6]Xr[0x90][0xb0]a[0xdc]XH[0xd0][0xf0][0x95][0xc][0xe1][0xbc]p[0xb1][0x81]t[0xf1][0xc0][0xf3][0x9c]LG+iI[0xb2][0x86]lR[0x97];[0xe]`Y[0x8][0xb1]%[0xdd][0xf2][0x1c][\r][0x8c][0xb9][0xc4][0xc4][0xbd]F[0xbe]}w.[0xe7][0xd1][0x9b]`x[0x82][0x90]+[0x92][0x8a][0x1]F[0x96][\r]+[0xa5][0x12]0[0xfc][0x1][0xc9][0xec]S%[0x12]`B[0xc0][0x9a][0xcb][0xc4][0x80]Z[0x82][0xd3][0xa2][0x9][0x80][[0x88][0x95][0xb3]Y[0x9b]"[0xa4]<7[0x81][[0xc4]}[0xa3])[0xb8][0x81][0x15]J[0xd4][0xaa]0[0xb0](,$[\n]"
22:00:29.152 [main] DEBUG org.apache.http.wire -  << "[0x8d][0xfc][0xc9][0x2][0xbd][0x94]([0xe0]6[0xec]Z[0xcb][0xe2][0xd4]Y[0xb2];[0x9a][0xdf][0xe9][0x90]^v[0xd2][0xe9][0xee][0xa5][0xd2][0x94][0x8a][0x81][0x15][0xbf]GZ[0x9e][0x81]F&[0xc0][0xd8][0xad][0xc0][0x4][0x84]R[0xeb][0xf0][0xb5][0xb0]7\[0x88][0xee][0xd0]t[0xbe]V[0xb1]Wk[0xfe]a[0xfc]8yD[0xdf][0xd1][0xf1][0xe9][0x1e]}G{[0xf4][0x8d]U[0xbc]v[0xe2][0x19][0xab]{|[0xf4][0xb]3[0xcc][0xd4][0xbd];[0xdf][0xd0][0x1][0x1].X[0xf1][0x15][0xc6][0xe4][0xa0]Q[0xc3]DY[0x5][0xe7][0x9c][0xe0][0xe9]q[0xbb][0x87]b[0xf3][0xf4][0xf]c[0xcc][0xd5][0xf8][0xee]f6[0x98][0xf][0xbb][0xd3][0xc1][0x1b][0x93][0xa2][0x10]o[0xe1][0xf1][0xc1] [0x9a][0xf]fo[0x4][0xf9][0xd4][0xd5][8[0xee]T~[0x85]f[0xe7][0x7][0xe8]][0xcd][0xe7]WSx[0x13][0xdd][0xe][0xba][0xf3][0xc1][0xec]m[0xe0]7$[0xca][\r]e[0xcc][0xa2][0xe6]L8[0x84];[0xb1][0xbb]#[0x95][0x8e][0x3][0xe][0xa1][0xf9][0x8]%[0xb5][0xf4][0xe8][0xc][0xa0]Y[0xbb]P[0xba]v%[0x1f][0xcf][0x98][0xa0][0xe4]Y[0xf9][0xfa][0xb2]:[0xfd][0x17]w[0xc8]`[0x7][0xf4][0x4]-[0xe3][0x82]|[0x8b][0xb7][0x83]C[0xe8][0xfb]_[0xf6]~[0x87]<[0x18]O[0x88][0xb6][0xc][0xbb][0xd3]>[0xdc]v[0xa3]!\M[0xc7]w4[0xf6][\n]"
22:00:29.152 [main] DEBUG org.apache.http.wire -  << "[0xa6]Ws8[0x1f][0xf][0xba][0xbd]![0x1c][0xc2]x4[0x1d]@Vy4[0x9a]]M_[0x7]/'[0x8d][0x8f][0xc3]:[0x9e],q[0xf9][0x1d][0xbe][0xaa][0x19][0x9e]>[0xa2][0xa5][0xd5][0xae][0xf8][0xaa][0xce][0x1e]-[0xe7][0xa3][0xbb]q[0xb7]7[0x1e]D[0x83][0xe9]#VZ5.k[\r][0x88][0xa4][0xda],[0x14][0xd3][0xc9][0xa3]/s$[0x1]zO}U[0xe7][0xe8][0x5]_5U[0x16][0xcf][0xc8][0x9][0xf8]W[\r][0x99][0xe8]M[0x4][0xc6]2[0x99][0xd0][0x8c]d[0xf4][0x1]\[0xb]d[0x6][0x81][0xf8][0x9b]A[0xef][0x8][0x98][0x81][0xad]*4[0x14][0x8f][0xce][0xc]&%[0x16][0xce][0xe0])[0xb5][0xf9][0xd9]i)[0xf6][0x4][0x83][0xc]Z[0x97][0xac][0xe0][0xc]n[0x99][0xce][0xe0]B [0xc6][0x18]VG][0x14]2[0xa6][0x1d]2[0xe1]_8[0x83]h[0xcd]%\h[0x8e]2[0x11][0xdb]J[0xc][0xf3]\[0x94][0xe6][0x9]#[0xda]4[0xf4]<[0xa3][0xf0][0xeb][0xec][0xf0][0xe3][0xa8][0xca]V[0x15][0xb0][0xa1][0x5][0xb9]$[0xde][0x91][0xd0][0xae][0x9]e!|r[0xce][0x13][0x13][0xb8][0xf6]X=[0x83][0xe6][0xfe][0xb7]![0xcd]Z>[0x8][0xaa][0xf][0xae]w[0xc0][0x96][0xd0]K[0xd1]Xx[0x83]R[0x15][0xab][0xf4][0x91][0x1b][0xc5]L[0x93][0x83][0xd4][0xb0][0xc6][0xad]yK[0xd3]4`[0xc8][0x93][0x4]e[0xf9].[0x8c]$[0x81]5|q-w[0xb0][0xa7][0xc3]w[0xc7][0xd0][0xa5][0xcb][0x5][0x83]q[0xa1]1[0x84]a[0x91]1[0xc9][0x1f]0[0x81][0xbe][0xb][\r]gUGI[0xf3]Td[0xeb][0x9c][0xa9][0xa7]L[0x8f]C[0xe2]b[0xb9][0xa4]m[0xe7][0x1a][0xef]QZ[0xe7][0xb1]7\[0xfa]q[0x1b][0xd2]k[0xe0]9e[0x95][0xc2]-[0xb9][\r][0xa1]E[0xd2]lT[0xe7][0xf7];[0x80]\[0xab]{[0x8a]$[0x8e][0xb5][0xc5]J[0xde][0xa3][0xe4](c[0xc][0x9c][0x1e]b&[0xc1]`[0xce][0xc8][0x0][0xdc]j.[0x0][0xd1]j\[0x92][0xe2][0x98][0x1][0x89][0xe8][0x2][0xa1][0xd2][0x1e]^[0xdc][0x82]U+[0xf4][0x1a][0x1b]Y[0x97][0x8b][0x14][0xbc][0xdc][0x8a][0xd2][0x90][0xf0][0xe5][0x12]5[0xed][0xde][0xb8][0xa4][0xc2]3\[0x14]^[0xf1],a9MP[0x19][0x16][0xb]N[0xee][0xcb][0xbc][0x16][[0xbc][0xeb]LG[0xb5]Q[0xe7][0xcb]w[0xb0][0xc5]f%[0xbf]h[0xb6]*[0xf9]E{o[0xf1][0x11][0xcb]L!W[0xd0]>[0xad][0x8d]d[0x9c]BoxyZ[0x87]F[0xbb]=|[0x80]^[0xa1][0xef]1[0x81]K[0x96][0x91][0xcf][0x9b]([0xc9][0xad][0xd2][0xf0]f[0xdc]k[0x9f][0xd2][0xa8][0xfe]d[0xfa][0xf1]S[0xf7]-[0xfc][0xfb][0xf7][0xff][0x82][0xa8] ^p#[0xac]f[0x1b][0xd2]G[0x14]kD[0x9][0xef][0xc7][0x83]~[0x95]e[0x9e][0xbe][0xc4]d[0xda][0xa7]0[0x9a][0xf6][0x86][0x10][0xdd]\[0xf]fp3[0x9e][0xcf][0xba][0xb7][0xa3][0xfe][0x0]Z[0xcd][0xb3]S[0xe8][0xdd][0xcc]>[0xc][0xfa]p[0xd9][0x9d][0x8c][0xa6][0x97]0[0xb9][0x9a][0x8e][0xe6]W3[0x1f][0xa5][0x13][0xf2][0x9][0xcd]c[0xe0][0xb4]o[0xe3][0x17]t[0xb4]b[0xb1][0xf5][0x9f][0xef]o[0xba][0xd3][0xf9][0xcd][0x4][0xfa]WsxC[y[0xb][0xf3]Ao8[0xbd][0x1a]_][0xde][0x5]0[0xec][0xcf][0xc0][0x14]9[0xf1]W[0xa7][0xc5]%[0x8b][0xad][0xd2][[0x88][0x99][0xe0][0xb][0xed][0x92][0xa2][0x1d][0xbe][0xc][0x18][H[0x8a]^b[0xeb][0x82]?7[0x96][0xc7]>[0xa1][0x88][0xe3][0xc2][0xe1]+VB[0xe9]2.I[0xab][0x99][0xb1]N[0x8c][0x9f]`8[0xba][0x1c][0xc2]lp1[0x1b]DC[0x98]u[0xe7][0x3]7[0xa8][0x91][0x19](H^[0xb0][0xa4][0xa1][0x1a]M[0xae][0xa4]A[0xb0]<C[0xd8]([0xbd]&[0x18][0xa1][0xe0][0x19][0x97]4{[0xa6][0xdc]~[0x16][0xa2][0xd0][0x1][0xac]ReH[0xd5][0x9e][0xf8]hL[0x8a][0x98]8y^X[0x10]l[0xf5][0x14]i(0[0xb6][0x9a][0xf2];"
22:00:29.154 [main] DEBUG org.apache.http.wire -  << "[0xf3][0xfd]a[0xe5][0x93]m7[0xb9][0xea][0xad]<[0xc8][0xa2]?[0x7]Y[0xb3][0x92][0x92]T[0xc2]Jk[0xf][0xb2]nLL[0xf7][0xbc][0xd9][0xac][0xbf][0x87][0x5][0x87]f#[0xec]8[0xad][0xa1][0x81][0x8b]B[0x8][0x18][0xf6][0xe1]M[0xe3][0xb4]Y[0x87][0xaf][0xd0][0xa8][0x9f][0xd4][0xdf][0xc2][0xe8]:[0xf2]`[0xaa][0xcd]S.+[0xd1][0xe5][[0xf4]4[0x1b]![0xfc][0x1f][0xb3][0x11]"K|[0xd0][0xc4][0x9]7[0xb9]`[[0xe8][0xca][0x4]f,A%a[0xa9][0x11]![0xda][0xca][0x18],[0xc6][0xa9]TB[0xad][0xb6]!L[0x15]y[0xa2][0x9c]Y[0xbe][0xe0][0x82][0xdb][0xad]s[0x0][0x1f][0x6]Q[0x17]&t^[0x98][0xe1]R[0xa3]Ia[0xc6],[0x9e][0xc1]qg[0xf8][0x0]5[0xb8]1d,[0xc3][0xfe]d[0x4][0xe]Y[0x9f]P[0xab][0xda]R[0xb3][0xc]KB[\r][0xbf]z[0xbd][0xd7][0xc8][0xf0][0xe1]Whg[0xe6][0x99][0xf6]u[0xdb][0xcc][0x99]D[0x1]][0x93]cl[0xc1][0xc1][0x11]j[0xd0]8:[0x83][0xd3][0x90][0xc2][0x8f][0xd2]dt>[0xf9]r[0xf]B8[0x86][0x8c][0xb]A0qX4![0x9c]k[0x8a]`[0x12][0x8d][0x81][0x1a]4;u[0x90][0xdc][0xc2][0x9c][0xb][0x2][0xfc]J [0xd4]:[0x90][0xe0][0x8a][0xe]o[0x15]4v_B[0x18]*[0xcd][0x1f][0x94][0xb4]L[0xc0]=[0xc7][0x8d][0xa3]<[0xf4]B[0xad]q|[0xf2]8[0xe8][0x3]j[0xcb][0xe3]?[0x19][0x2][0xc7][0x1d]HQ[0xdb][0x87]W@[0xe4][0xfb]|=[0x8a][0xed]/[0xd7][0xdf][0x85][0xc8]=[0xd1]iv*[0x88]l[0xee][0x11]y[0xdb][0x87][0xf6][0xfc]|[0xe7][0xda][0xfa][0x9a];r[0xac][0xd7][0xc6][0xbb][0x96]k[0xc1][0xb6][0xc6]z[0x17][0xd0][0x86][0xeb]],[0x1a]|[0xb5][0xa8][0x89].[0xc][0x89][0xb5][0xb8][0xb7]*[0xc5]2r[0xab]O[0xb1]9[0xf8]J[0xf5]1[0x1f]K[0xaf][0xa3]6[0xac][0xfc]r[0xf8]5G][0x86])Z[0x9][0x98][0xdc]nR[0xd4][0x8][0x17][0xe4][\n]"
22:00:29.154 [main] DEBUG org.apache.http.wire -  << "[0xe8][0x15]df[0x1b][0x80]A[[0xe4].q_[0xef][0xc0][0xe3][0xb3]7[0xbe]J!f9[0x8b][0xb9][0xdd][0x6][0xd0][0xaa]m)teL[0x16][0xe4][0xc3][\n]"
22:00:29.154 [main] DEBUG org.apache.http.wire -  << "[0x8d][0xfa]'[0x3][0xe4]:[0x8][0x1b][0x1b][0xa6]5[0x93]v[0xfb][0xb7][0x95]p[0xd4][0xc8][0xec][0xf8][0xa8][0xd3]o[0xc7][0xdf][0xa1][0x84]v%7i[0xd7]+JhTb[0xf][0x17]<V[0xc4];6[0xa8][0xa1][0xd9]9[0xba]<[0x87]([0xea]C[0xab][0xf]S[0xa2][0xd5][0xdd]N[0x7][0xa2]q[0xf]z[0x94][0xac][0xc1]5[0xea][0xa5][0xd2][0x19][0x93]1[0x15]1[0x94][0xb1][0x10]u[0xe7]][0x18][0x8d]F[0xd0][0xc];[0x15]=[0xd4][0xbf][0xf1][0x11][0xbb][0x9][0x97][0x82][0x8a]X.[0xdb][0xcc]s[0xc1]1q[0xa1][0xda][0x97][0x80][0xbc]P[0xad]f[0xd2],Q[0x83][0xc9][0x11][0x13][0x97](1[0xbd]v[0xca][0xfe][0xc8][0xa6][0xcc][0x2]J[0xcf][0xc][0x98]+[0x9b]-[0x94]"[0x85]9[0x82][0x91]Q[0xe8][0xa0]j[0xc6]=j[0xca]c[0xcd][0xd6]X[0xcc]\[0xaa]^[0x9e]"ty1K[0xee][0xe9]KR9[0xe9][0xfc][0xd1][0x7]Q[0x6][0xac]6[0xa6][0xfa][0x16]-R[0x82]D([0xb9]B[\r][0x82]/[0xd1][0xe4]L[0xc2]q[0x96][0xb9][0xea][0xd6][0xe]+O[0x88][0x8b]s[0xa7][0xb][0xa5][0xd6][0x9e][0xf2]y[0xef][0xea]FKe[0xd1]=[0x8]w[0x1e][0xc5][0xc0]|6[0x9a][0x90][0xf3][0xcb][0x98]L[0x2][0xb8]dz[0xc1]V[0xe8]X/:[0xca]\[0xf1][0x93][0x1][0xcc][0xba][0xa3][0xbe][0xf]E[0x83]^[0xf][0xde][0xc][0xb4]V[0x9a][0xc8][0xaa]/[0xeb][0xfd][0x8]=[0xa5][0xb5][0xed][0xad][0xa7][0x9e][0xb3][0x11]!S[0xb9][0xe5][0x99][0xa3][0x94][0xd5]#:[0xb][0x90][0xa9][0x97][0x8b]F[0xc1][0x99]w[0xc0][0xe1][0xdf][0xc6][0xf0]qc}[0xbb][0xcd]>[0xfd]#[0xfe][0xc7]_[0xc4]p[0xab]Q[0xc9][0xaf][0xeb]U[0xfe]$[0xfb][0xdc][0xac][0x1d]n[0xaf][0xc7]7[0x11]4[0xe6][0xe7]0[0x92][0xa5][0x9f][0xa0]_k{[0x9c][0x1e][0xc1][0xe5][0xe2][0xd0][0xfc])T[0x7][0xcc]l[0xa1][0xc8]W[0x9a][0xca]l[0xa4][0xb7][\n]"
22:00:29.154 [main] DEBUG org.apache.http.wire -  << "[0xb4][0xa0][0xc8][0x3]0ia[0x13][0xb5][0x91][0x81][0xc7][0xb0]/[0xde][0x82]P,)[0xc9]@[0x19]I[0xde]t[0x8d][0x8f]^[0xda][0xc3][0xbc][0xd3][0xae][0xd7]av=[0xf1][0xbb]i[0x86][0x9d][0xff][0xfe]?[0x90][0x92][0x1f]K[0xc8][0x8f][0xfd][0xc][0xe7][0xcc][0xf8][0xe2][^,[0x4]7T[0x1e][0xa1][0xd8][0xc3][0x97][0xe5][0x1a][0xa6]$[0xce][0xe5][0xd1][0x16]([0xe3][0x94][0x8c][0x83]tl[0xd1]X[0x3][0x85][0xb]}[0xd7][0xbd][0x9][0xd3]k[0xb8]g[0xd2][0x12]fL[0xac]4[0x9a][0xb7][0xde]d[0xa9] [0xa3][0x8d][0x85][0x8d][0xe6][0x16][0xab]*[0xf] cn&n[0x81]'X[0xa6][0xfa]v[0x9b][0xbb][0x0]s[0xdd]s[0x8c][0x88][0xe]i[0x9c][0xd1][0xb8][0x82]Wla[0xc1][0x84][0x3][0x8c]Z~[0x83][0x9f][\n]"
22:00:29.154 [main] DEBUG org.apache.http.wire -  << "l`[0x86],9[0xf4]k[0x96][0xc6][0xab][0x96]P[0xe4]N,[0xad][0xce][0xe4][0xfc][0xd0][0x1c][0xb6];u[0xfa][0x84]7[0x8f]bx<)[0x1d][0x8e][0xcb][0xd5][0xcf]O<P[0xc6][0xb6]p[0xcf][0xf4][0x16][0x12][0xcc]Q&[0xb4][0xf5]"[0xa7][0xe2][0x81][0xb]%{[0xdf]LL[\r][0x12][0xbc][0xe7]t[0xc6][0xab][0xc8]S[0xc6][0xbd][0xe2][0xc2][0xb7][0xaf][0xe0][0x96]o[0x8e][0xe7][0x8d][0xb5]z[0xff][0xcb]_[0x8c][0x8d][0xed][0xe3][0xbd][>}[0x12][0x1a][0x9b][0xf3]s[0x18][0x8][0xcc]PZ[0xf3][0xa7][0xd1][0x8f][0xf8]Nt[0xe][0xad][0xb0]^a[0xf9]G[0xdf][0xc4][0xc1][0xdd][0x18][0xe7]x[0xa2]sh[0x86]u*[0xa2]W[0x98][0x95][0xb]|[0x9][0xb3][0xec][0xd1][0xcd][0x1a]*-[0x93][0xb]%[0xed]W%?$?[0xdd]+[0x5][0xfc][0xf3][0xf3]yh[0x94][0xa5][0xb0]7[0x9d]_D[0xe]DTm%[0x1f][0xda][0xa8][0x7][0x8f][0xff][0x9f][0x84][0x8d][0xfd][0x97][0xe3][0x9f][0x89][0xc9][0xf9][0x17]I[0x8f][0xa4][0xda][0x5][0x82][0xc6]_[\n]"
22:00:29.154 [main] DEBUG org.apache.http.wire -  << "N[0xc6]C[0x93](W(R9z[0x81][0x96][0xde][0xdc]<_[0xfe][0x5]T([0x9][0x85]A[0xfd][0xef][0xdf][0xff][0xdb]8s[0xdb]0[0x9f][0xa9].[0xf9][0xaa]([0x93][0xc][0x12][0xcb][0xf3][0xa9]_[0x1][0x16][0xa3][0xf3][0xf3][0xf][0xef][0xee][0xa3]~[0x9][0x8b]?[0xab][\r][0xb5][0xc2][0xd6][0x9e]2[0xd5][[0x8f][0xb0][0xa8][0xb4][0x15][0xae]9jr[0xc7]W[0x1b][0x1]3*[0xd0]\Rq[0xe3]Z0[0x12]vd[0x19][0x97][0x82]hfd[0x11]EY[0xa8][0xaf]:[0xba][0x17][0xf2][0xbe]of)[0xcb][0xfb][0x17][0xc2][0xf9][0xac]y![0x89][0x0]_[0x8b]b[0x5][0x3][0xa6]][0x9]6[0xf4][0xed][0x7][0xb5][0x84]V[0xe3]h[0xfc]|[0xd9][0xa7]2[0xfb][0x82][0x1b][0x14][0xa8][0xb7][0xdf][0x9f]Z[0xdf][0xf4][0x7][0xf][0x93]w[0x1f][0xf2]2[0xb5][0x1e][0x1f][0xb5][0xeb][0x9f][0xdf][0x8f][0x8f]:[0x9f]'[0xe3][0xd6][0x1f]I[0xae]Q1[0xa8]F[0x85][0xe7]T[0x1a][0x0][0xb7])9[0x9e][0xea]A[0xa9][\r][0x1a][0xa3]1[0xd5][0xfe][0xcb][0xb7][0xf2][0xe9][0x9]f[0xc][0x8f][0xa1]G[0x1d][0x13]L[0xe0][0x16][0x13][0x87]"
22:00:29.157 [main] DEBUG org.apache.http.wire -  << "[0xa8][0x81]\[0xb1][0x95]3N[0xd7][0xdf][0xb1][0x8c]k[0x84]>g[0x99][0xa2][0xb2][0x8e]V[0x19]7[0x8]3[0xd7]QS[0x1a][0x86]T[0xc8][0xb8][0xe4]K[0xeb][0xba]i&W\xB*[0xc8][0xb6]|[0xb7]K[0xe9][0xca][0xa4][0xc1]n[0xa1][0x0][0xba]R[0xba][0xee][0x18][0xd3][0xdb][0x0]>0[0x81][0xd2]r[0x89]?[0x19][0xe8][0xb3]m[0x18][0x86]O[0xde][0xc7][0x8d][0xbb][0xee][0xe8][0xe2][0xa6]}2[0xfa]+[0xf2]n[0xbd][0xc8]*+[0x5]o[0xdf][0xf2][0xf2][0xd2]FK[0x92][0x9f][0xf0]X[0xab][0x9c][0xdd]c[0xc5]G5[0x8e]N[0x9e][0x8b];b[0x96][0x1b][0xe2][0xcf]d[0x92][0x97][0x5]#[0xd2][0x8c][0x98][0x84]0C[hI[0x15]"[0xfc][0x1a][0xa7]L[0xae]([0xc0]lA[0xe9][0x4][0xb5][0xe3][0xe3]\B[0xab][0xe][0x9][0xdb][0x9a][0xd0][0x97][0xa5][0xca][0xb6][0x87][0xa1]M,[0xb6]0dK[0xc4][0x7][0xe8][0xa1][0xf4][0xbd]U[0xc7]|n$/-[0xc7]"1[0xaf][0xd7]X[0xfd][0xef])[0xe4][0xa8]a[0x16][0x13]~#[0xd5][0xe5]_RH[0xc5][0x0]*[0x1][0xa5]RT~[0xa7]R[0xe9]b[0xc6][0xf6][0xb1][0xa6]<[0xc6][0x15]R[g[0xca]V[0xcc][0xeb][0xea]G[0x88][0xb8] [0x1a][0xde][0xd7]lE7[0x11][0xca][0xec][0xab][0x97]R[0xfb][0xec]\[0xb3][0x18]E[0xb5][0x11]q[0xf4]m[0x1b][0xe2]B[0xab][0xc][0x8][0xd9][0xbb][0xd9][0xf7]t5p"w[0xab]m[0x98][0x1].M[0xee]\[0xfb]b[0xeb][0x1e]d[[0x9b]:[0xa2][0xe1][0x8a][0x90][0xd4][0x9][0xa3]-8[0x82][0x9f]ke1[0xb6][0xbe][0xd9][0xa4]bd[0xb4][0xfd][0x1c][0x99][0x16]![0xdc]R[0xd6][0xb5]d[0xb1][0xe3]-rCQ[0xd1]*[\n]"
22:00:29.157 [main] DEBUG org.apache.http.wire -  << "[0x1d][0xb][0x12][0xee][0x6][0xcb]n[0x92]34[0x17][0xf7][0x17][0x85]L<[0xdb][0xa1][0x90]RX[0xf7][\n]"
22:00:29.157 [main] DEBUG org.apache.http.wire -  << "Y_[0xb9][\n]"
22:00:29.157 [main] DEBUG org.apache.http.wire -  << "[0x11][0x82][0xbf]kT[0xf9][0xed]C[0x9a][0xbc][0x9b]n[0xfe][0x8a][0xe][0xdb][0x95]Ba[0xd5][0xac]*u[0xc2][0x9]][0x1a])/[0x8b]D[0x94]5\[0xf0][0xea]E[0x91][0xce][0xb][0xfe]k[0x9e][0xee][0x8a]b[0xb1]*[0xc8][0x12][0x90][0xb2][0x93]Uj[0xc5][0xb6]R[0x1f]][0xa0][0xdd]PeFy[0xb3]([0xeb]4[0x9e]jB[0xae][0xc9]"(U:[0xdc][0xb5][0x7]([[0xf1][0xaa]Y[0xa8]d[0xb][0x8b][0x82][0x8b][0xc4][0xf8][0xa0][0xbb][0xd8][0x12][0xb]4[0xa5][0xba]5[0xc5]t[0xc][0xca]v[0xe][0x96][0xad]E.}[0xa4]'l[0x99]t[0xb7]/[0x8d]T[0xc3] @[0xa0]P[0x9b][0xdd]^r[0xad][0x92]"v[0x8d][0xd0][0xdd][0xb1][0x9e][0xa9][0xe7][0xff][0xdb][0xe6][0xbb][0xfb][0xf8][0x80]W[0x85][0x11][0xdf][0xd5][0xb6]i[0xec]uSi1[0xb7][0x9e][0xeb][0xc6][0xb7]2[0x9f]7[0xec]:/i[0xc6][0xf7][0xe0]UaQ[0xbb][0xa2][0xf7][0x97][0xb2]-CP[0xf4]wd[0xe][0xfd][0xe5][0x98]C[0xdf][0xe4][0x9][0x9e][0xa6][0x92][0x99]s@[0xe5]-[0x1c]C[0xf][0xe3][0x94]j[0xe9][0xc4][0xd1]][0xdc]H[0xb9][0xff][0x8c]Y[0x96][0xbb]2[0xda]?[0xe3][0xf2]PS;2.{[0xdd][0x1][0xc4][0xdb]X[0xb8][0xac]f[0xf7]([0x1c]_z$[[0x94][0xe7][0xb8]*[0xd6]%[0xf5][0x12]V|i[0xa9]7[0xc4]c[0xbf][0x9]*[0xb7][0xfb][0xf][0xb2][0xc1][0x8c][0x8b]-d[0x98]-([0xda]u}[0x3]&E[0xe6][0x8a]c[0xce][0xfe][0xac][0x82][0xb][0xd7][0x87][0x9] -[0xcc][0xc2]Q.[\r][0xc6][0xf1]|[0xea]s[0xb8]|^[0xae][0xcd][0x8a][0xdf][0x97][0xbb][0xe8][0xa5][0x9a][0x1b][0x9b]1[0x1f][0xed]^G[0xef][0x82][0xd7][0x8a]/V[0xdc]|[0xd7]U[0x8f][0xfd][0xd5][0x82]N[0xc5]&[0x9b]/[0xdb][0xe4][0xb5][0xc6][0x8c][0x17][0xd9][0xa3]m[0xc2][0xbc][0xe6].x[0x99]J[0xd0]k6[0x89][0xe6]=[0x8b]z[0x82]g[0xb5]%[0xf7][0xcc][0xd7][0xf5]F[0x83]}[0xfd]Z[0xb3][0x95]`[0xd2][0xd5][0x19][0xca][0xdb][0x3]dY[0x1a][0xb1][0xb6][0xf0][0xad][0xd2][0x14][0xa5][0xc0]-[0xe4][0xa2][0xec][0x80]9[0xf3][0x86][0xf2]V[0xc2][0x8f][0xfe][0x16]Wy[0xf9][0x83]tV[0xb9][0x2]T[0xe9][0xdf][0xfa]+A[0xc8][0x8]w[0xa1][0xab][0xca][0xfa][0x18][0xee][0xdb][0xad]d[0xb8][0xfe] [0xce][0x99]jU[0x94]wB [0xdb][0xa5][0xc8]I[0xa1]w[0x99][0x9e][0xbf][0xe2][0xe3][0xf1][0xbd][0xe4][0xfe]JDy[0x15]bY^7s[0x88][0xa7]q[0x9]G[0x97][0xff].[0x98][0xc1][0x5][0x95]h[0x96]L[0x1a]_[0x94][0x19][0xfa]s[0xf9]^[0xf1]~Iw[\r][0x85][0xcb]X[0x14][0xd4][0x12]`OeQ[\n]"
22:00:29.157 [main] DEBUG org.apache.http.wire -  << "[0xe1][0x95][0x90]Rk[\r][0xbf]\N[0xfb]7[0x15][0xf2][0x1e]~[0x8e]>[0x86][0x9f]o>[0x86][0x9f][0xa3][0xbb][0xf0][0xf3][0xcd][0xdd][0x1f]#[0xa7]Q[0xa9]V[0xca][0x16]{[0xe4]\|aB[0x90][0xc9]I[0xa8][0xc1][0x85][0x12][0x89]a[0xf1][0x1a][0xa6]*[0x84][0x6][0x9c][0xb3]x[0x9d]3[0xba][0xfa]u[0xc1][0xad][0xa1][0xaa][0xf0][0x98][0xe5]V[0xe5]O[0xeb][0x16]/\[0x3][0xb8]#S[0xdc]e[0xe6]4[0x83][0x93]>[0xde][0xa3][0xde]&lKYP[0xd9][0xe8][0x13]k[0xb3]cA[0xe4][0xa2][\r][0xdd][0xd0][0xb3]T[0x99][0xf3][0xbc][0xd4][0xad][0x6]o|~[0xde][0xd8][0xd5][0xf6][0xdf][0xee]^[0xc9][0x99][0xbb][0x84][0xb5][0xc3][0xa3]{g[0xb7][0xc8]k[0xc8][0xfe][0xa4][0xb1][0xbc][0xfe]gRkv[0xef]J[0xd9][0x8f][0x1b][0x9d]z[0xfd]{[0xe8]O[0xa3]Y[0xff][0xed][0xb7][0xff][0xfc]_[0x0][0x0][0x0][0xff][0xff][0x3][0x0][0xf6][0x8e][0xcf][0xe5]|)[0x0][0x0]"
22:00:29.157 [main] DEBUG org.apache.http.wire -  << "[\r][\n]"
22:00:29.157 [main] DEBUG org.apache.http.wire -  << "0[\r][\n]"
22:00:29.157 [main] DEBUG org.apache.http.wire -  << "[\r][\n]"
22:00:29.157 [main] DEBUG io.restassured.internal.RestAssuredHttpBuilder - Parsed data to instance of: class org.apache.http.conn.EofSensorInputStream
22:00:29.159 [main] DEBUG org.apache.http.impl.conn.BasicClientConnectionManager - Releasing connection org.apache.http.impl.conn.ManagedClientConnectionImpl@af04d6d
22:00:29.159 [main] DEBUG org.apache.http.impl.conn.BasicClientConnectionManager - Connection can be kept alive indefinitely
22:00:29.166 [main] DEBUG net.thucydides.core.steps.StepInterceptor - STEP DONE: I GET HTTP request product with decending sort
  &amp#27;[32mWhen &amp#27;[0m&amp#27;[32mI GET HTTP request product with decending sort&amp#27;[0m                &amp#27;[90m# starter.stepdefinition.ProductSteps.getProductWithSort()&amp#27;[0m
22:00:29.171 [main] DEBUG net.thucydides.core.steps.StepInterceptor - STARTING STEP: ProductSteps.responseSortValid200 - I receive valid get descending product HTTP response code 200
22:00:29.172 [main] DEBUG net.thucydides.core.steps.StepInterceptor - STEP DONE: I receive valid get descending product HTTP response code 200
  &amp#27;[32mThen &amp#27;[0m&amp#27;[32mI receive valid get descending product HTTP response code 200&amp#27;[0m &amp#27;[90m# starter.stepdefinition.ProductSteps.responseSortValid200()&amp#27;[0m
22:00:29.175 [main] INFO  - 
  _____   ___   ___   _____     ___     _     ___   ___   ___   ___  
 |_   _| | __| / __| |_   _|   | _ \   /_\   / __| / __| | __| |   \ 
   | |   | _|  \__ \   | |     |  _/  / _ \  \__ \ \__ \ | _|  | |) |
   |_|   |___| |___/   |_|     |_|   /_/ \_\ |___/ |___/ |___| |___/ 

PRODUCT - GET result in descending sort
----------------------------------------------------------------------
]]></system-out>
  </testcase>
  <testcase name="PRODUCT - GET result in descending sort (Baru ditambahin)" classname="Product" time="0.97">
    <system-out><![CDATA[
Scenario: PRODUCT - GET result in descending sort (Baru ditambahin)    &amp#27;[90m# src/test/resources/api/product.feature:42&amp#27;[0m
22:00:29.193 [main] INFO io.cucumber.core.plugin.SerenityReporter - Running feature from file:///C:/Users/User/IdeaProjects/CodeCompetence2/src/test/resources/api/product.feature
22:00:29.193 [main] WARN io.cucumber.core.plugin.SerenityReporter - Feature from file:///C:/Users/User/IdeaProjects/CodeCompetence2/src/test/resources/api/product.feature is not under the 'features' directory. Requirements report will not be correctly generated!
22:00:29.197 [main] INFO  - 
  _____   ___   ___   _____     ___   _____     _     ___   _____   ___   ___  
 |_   _| | __| / __| |_   _|   / __| |_   _|   /_\   | _ \ |_   _| | __| |   \ 
   | |   | _|  \__ \   | |     \__ \   | |    / _ \  |   /   | |   | _|  | |) |
   |_|   |___| |___/   |_|     |___/   |_|   /_/ \_\ |_|_\   |_|   |___| |___/ 

PRODUCT - GET result in descending sort (Baru ditambahin)(product;product---get-result-in-descending-sort-(baru-ditambahin))
--------------------------------------------------------------------------------
22:00:29.210 [main] DEBUG net.thucydides.core.steps.StepInterceptor - STARTING STEP: ProductSteps.setGetWrongProductEndpoint - I GET wrong API product endpoints
22:00:29.211 [main] DEBUG net.thucydides.core.steps.StepInterceptor - STEP DONE: I GET wrong API product endpoints
  &amp#27;[32mGiven &amp#27;[0m&amp#27;[32mI GET wrong API product endpoints&amp#27;[0m                              &amp#27;[90m# starter.stepdefinition.ProductSteps.setGetWrongProductEndpoint()&amp#27;[0m
22:00:29.217 [main] DEBUG net.thucydides.core.steps.StepInterceptor - STARTING STEP: ProductSteps.getWrongProductWithSort - I GET wrong HTTP request product with decending sort
22:00:29.219 [main] DEBUG net.thucydides.core.steps.StepInterceptor - STARTING STEP: Product.getWrongSortProductRequest - I GET wrong API product endpoints
22:00:29.219 [main] DEBUG net.thucydides.core.steps.StepInterceptor - STEP DONE: I GET wrong API product endpoints
22:00:29.257 [main] DEBUG org.apache.http.impl.conn.BasicClientConnectionManager - Get connection for route {s}->https://fakestoreapi.com:443
22:00:29.257 [main] DEBUG org.apache.http.impl.conn.DefaultClientConnectionOperator - Connecting to fakestoreapi.com:443
22:00:29.375 [main] DEBUG org.apache.http.client.protocol.RequestAddCookies - CookieSpec selected: ignoreCookies
22:00:29.375 [main] DEBUG org.apache.http.client.protocol.RequestAuthCache - Auth cache not set in the context
22:00:29.375 [main] DEBUG org.apache.http.client.protocol.RequestTargetAuthentication - Target auth state: UNCHALLENGED
22:00:29.375 [main] DEBUG org.apache.http.client.protocol.RequestProxyAuthentication - Proxy auth state: UNCHALLENGED
22:00:29.375 [main] DEBUG org.apache.http.impl.client.DefaultHttpClient - Attempt 1 to execute request
22:00:29.375 [main] DEBUG org.apache.http.impl.conn.DefaultClientConnection - Sending request: GET /barang?sort=desc HTTP/1.1
22:00:29.375 [main] DEBUG org.apache.http.wire -  >> "GET /barang?sort=desc HTTP/1.1[\r][\n]"
22:00:29.375 [main] DEBUG org.apache.http.wire -  >> "Accept: */*[\r][\n]"
22:00:29.375 [main] DEBUG org.apache.http.wire -  >> "Host: fakestoreapi.com[\r][\n]"
22:00:29.375 [main] DEBUG org.apache.http.wire -  >> "Connection: Keep-Alive[\r][\n]"
22:00:29.375 [main] DEBUG org.apache.http.wire -  >> "User-Agent: Apache-HttpClient/4.5.13 (Java/19.0.2)[\r][\n]"
22:00:29.375 [main] DEBUG org.apache.http.wire -  >> "Accept-Encoding: gzip,deflate[\r][\n]"
22:00:29.375 [main] DEBUG org.apache.http.wire -  >> "[\r][\n]"
22:00:29.375 [main] DEBUG org.apache.http.headers - >> GET /barang?sort=desc HTTP/1.1
22:00:29.375 [main] DEBUG org.apache.http.headers - >> Accept: */*
22:00:29.375 [main] DEBUG org.apache.http.headers - >> Host: fakestoreapi.com
22:00:29.375 [main] DEBUG org.apache.http.headers - >> Connection: Keep-Alive
22:00:29.375 [main] DEBUG org.apache.http.headers - >> User-Agent: Apache-HttpClient/4.5.13 (Java/19.0.2)
22:00:29.375 [main] DEBUG org.apache.http.headers - >> Accept-Encoding: gzip,deflate
22:00:30.133 [main] DEBUG org.apache.http.wire -  << "HTTP/1.1 404 Not Found[\r][\n]"
22:00:30.134 [main] DEBUG org.apache.http.wire -  << "Date: Sat, 15 Apr 2023 15:00:29 GMT[\r][\n]"
22:00:30.134 [main] DEBUG org.apache.http.wire -  << "Content-Type: text/html; charset=utf-8[\r][\n]"
22:00:30.134 [main] DEBUG org.apache.http.wire -  << "Transfer-Encoding: chunked[\r][\n]"
22:00:30.134 [main] DEBUG org.apache.http.wire -  << "Connection: keep-alive[\r][\n]"
22:00:30.134 [main] DEBUG org.apache.http.wire -  << "Access-Control-Allow-Origin: *[\r][\n]"
22:00:30.134 [main] DEBUG org.apache.http.wire -  << "Content-Security-Policy: default-src 'none'[\r][\n]"
22:00:30.134 [main] DEBUG org.apache.http.wire -  << "X-Content-Type-Options: nosniff[\r][\n]"
22:00:30.134 [main] DEBUG org.apache.http.wire -  << "X-Powered-By: Express[\r][\n]"
22:00:30.134 [main] DEBUG org.apache.http.wire -  << "CF-Cache-Status: DYNAMIC[\r][\n]"
22:00:30.134 [main] DEBUG org.apache.http.wire -  << "Report-To: {"endpoints":[{"url":"https:\/\/a.nel.cloudflare.com\/report\/v3?s=emIKoTmYxiEIBzxy9HgqpNxUN6%2BwSXeb9CDya3sWKNKe%2BlddChbefoFo10gT4tU910PKPayijPiP11BgOyK%2BjsI0jkaGzYNFU8tkj5sQcsOXkFTPOXtgDM8Jv%2F0KMJdYQcTr"}],"group":"cf-nel","max_age":604800}[\r][\n]"
22:00:30.134 [main] DEBUG org.apache.http.wire -  << "NEL: {"success_fraction":0,"report_to":"cf-nel","max_age":604800}[\r][\n]"
22:00:30.134 [main] DEBUG org.apache.http.wire -  << "Server: cloudflare[\r][\n]"
22:00:30.134 [main] DEBUG org.apache.http.wire -  << "CF-RAY: 7b850ef2ccb2a07b-SIN[\r][\n]"
22:00:30.134 [main] DEBUG org.apache.http.wire -  << "Content-Encoding: gzip[\r][\n]"
22:00:30.134 [main] DEBUG org.apache.http.wire -  << "alt-svc: h3=":443"; ma=86400, h3-29=":443"; ma=86400[\r][\n]"
22:00:30.134 [main] DEBUG org.apache.http.wire -  << "[\r][\n]"
22:00:30.134 [main] DEBUG org.apache.http.impl.conn.DefaultClientConnection - Receiving response: HTTP/1.1 404 Not Found
22:00:30.134 [main] DEBUG org.apache.http.headers - << HTTP/1.1 404 Not Found
22:00:30.134 [main] DEBUG org.apache.http.headers - << Date: Sat, 15 Apr 2023 15:00:29 GMT
22:00:30.134 [main] DEBUG org.apache.http.headers - << Content-Type: text/html; charset=utf-8
22:00:30.134 [main] DEBUG org.apache.http.headers - << Transfer-Encoding: chunked
22:00:30.134 [main] DEBUG org.apache.http.headers - << Connection: keep-alive
22:00:30.134 [main] DEBUG org.apache.http.headers - << Access-Control-Allow-Origin: *
22:00:30.134 [main] DEBUG org.apache.http.headers - << Content-Security-Policy: default-src 'none'
22:00:30.134 [main] DEBUG org.apache.http.headers - << X-Content-Type-Options: nosniff
22:00:30.134 [main] DEBUG org.apache.http.headers - << X-Powered-By: Express
22:00:30.134 [main] DEBUG org.apache.http.headers - << CF-Cache-Status: DYNAMIC
22:00:30.134 [main] DEBUG org.apache.http.headers - << Report-To: {"endpoints":[{"url":"https:\/\/a.nel.cloudflare.com\/report\/v3?s=emIKoTmYxiEIBzxy9HgqpNxUN6%2BwSXeb9CDya3sWKNKe%2BlddChbefoFo10gT4tU910PKPayijPiP11BgOyK%2BjsI0jkaGzYNFU8tkj5sQcsOXkFTPOXtgDM8Jv%2F0KMJdYQcTr"}],"group":"cf-nel","max_age":604800}
22:00:30.134 [main] DEBUG org.apache.http.headers - << NEL: {"success_fraction":0,"report_to":"cf-nel","max_age":604800}
22:00:30.134 [main] DEBUG org.apache.http.headers - << Server: cloudflare
22:00:30.134 [main] DEBUG org.apache.http.headers - << CF-RAY: 7b850ef2ccb2a07b-SIN
22:00:30.134 [main] DEBUG org.apache.http.headers - << Content-Encoding: gzip
22:00:30.134 [main] DEBUG org.apache.http.headers - << alt-svc: h3=":443"; ma=86400, h3-29=":443"; ma=86400
22:00:30.134 [main] DEBUG org.apache.http.impl.client.DefaultHttpClient - Connection can be kept alive indefinitely
22:00:30.134 [main] DEBUG io.restassured.internal.RestAssuredHttpBuilder - Parsing response as: text/html; charset=utf-8
22:00:30.134 [main] DEBUG org.apache.http.wire -  << "83[\r][\n]"
22:00:30.134 [main] DEBUG org.apache.http.wire -  << "[0x1f][0x8b][0x8][0x0][0x0][0x0][0x0][0x0][0x0][0x3],[0x8e][0xb1][0xe][0xc2]0[0xc]D[0xf7]|[0x85][0xc9][0x8e][0xbc]2[0xb8]YJ[0xc4][0x8]C[0x17]F[0x97][0x9a][0x16])u[0x90]1[0x3][0x8f][0x2][0x9d]N[0xf7][0xee]N:[0xda][0x1d][0xcf][0xfd]p[0xbd]dX|-)P[0x13]([0xac]s[0x17]Ec[0x3][0xc2]S[\n]"
22:00:30.134 [main] DEBUG org.apache.http.wire -  << "[0xb4][0x8a]3[0xdc][0x16][0xb6][0x97]x[0x17][0xdf]~[0xdf][0x1f]Z[0xea][0xf]/[0x92][0xb2]Y5[0xc2][0xbf][0x9][0x84][0xdb]f[0xac][0xd3]'[0x5]z[0x9a][0xa4][0x9e]U[0xab][0xc3])[0xf][0x80]#[0x1b][0xeb]L[0xd8]x [0xdc]Z[0xf8];[0xf0][0x5][0x0][0x0][0xff][0xff]"
22:00:30.134 [main] DEBUG org.apache.http.wire -  << "[\r][\n]"
22:00:30.134 [main] DEBUG org.apache.http.wire -  << "b[\r][\n]"
22:00:30.134 [main] DEBUG org.apache.http.wire -  << "[0xe3][0x2][0x0][0x89]7[0xe9]/[0x91][0x0][0x0][0x0]"
22:00:30.134 [main] DEBUG org.apache.http.wire -  << "[\r][\n]"
22:00:30.134 [main] DEBUG org.apache.http.wire -  << "0[\r][\n]"
22:00:30.134 [main] DEBUG org.apache.http.wire -  << "[\r][\n]"
22:00:30.134 [main] DEBUG io.restassured.internal.RestAssuredHttpBuilder - Parsed data to instance of: class org.apache.http.conn.EofSensorInputStream
22:00:30.136 [main] DEBUG org.apache.http.impl.conn.BasicClientConnectionManager - Releasing connection org.apache.http.impl.conn.ManagedClientConnectionImpl@6c502018
22:00:30.136 [main] DEBUG org.apache.http.impl.conn.BasicClientConnectionManager - Connection can be kept alive indefinitely
22:00:30.137 [main] DEBUG net.thucydides.core.steps.StepInterceptor - STEP DONE: I GET wrong HTTP request product with decending sort
  &amp#27;[32mWhen &amp#27;[0m&amp#27;[32mI GET wrong HTTP request product with decending sort&amp#27;[0m            &amp#27;[90m# starter.stepdefinition.ProductSteps.getWrongProductWithSort()&amp#27;[0m
22:00:30.142 [main] DEBUG net.thucydides.core.steps.StepInterceptor - STARTING STEP: ProductSteps.responseSortinvalid404 - I receive invalid get descending product HTTP response code 404
22:00:30.143 [main] DEBUG net.thucydides.core.steps.StepInterceptor - STEP DONE: I receive invalid get descending product HTTP response code 404
  &amp#27;[32mThen &amp#27;[0m&amp#27;[32mI receive invalid get descending product HTTP response code 404&amp#27;[0m &amp#27;[90m# starter.stepdefinition.ProductSteps.responseSortinvalid404()&amp#27;[0m
22:00:30.145 [main] INFO  - 
  _____   ___   ___   _____     ___     _     ___   ___   ___   ___  
 |_   _| | __| / __| |_   _|   | _ \   /_\   / __| / __| | __| |   \ 
   | |   | _|  \__ \   | |     |  _/  / _ \  \__ \ \__ \ | _|  | |) |
   |_|   |___| |___/   |_|     |_|   /_/ \_\ |___/ |___/ |___| |___/ 

PRODUCT - GET result in descending sort (Baru ditambahin)
----------------------------------------------------------------------
]]></system-out>
  </testcase>
  <testcase name="PRODUCT - GET ALL categories product #1" classname="Product" time="0.516">
    <system-out><![CDATA[
Scenario: PRODUCT - GET ALL categories product                           &amp#27;[90m# src/test/resources/api/product.feature:47&amp#27;[0m
22:00:30.164 [main] INFO io.cucumber.core.plugin.SerenityReporter - Running feature from file:///C:/Users/User/IdeaProjects/CodeCompetence2/src/test/resources/api/product.feature
22:00:30.164 [main] WARN io.cucumber.core.plugin.SerenityReporter - Feature from file:///C:/Users/User/IdeaProjects/CodeCompetence2/src/test/resources/api/product.feature is not under the 'features' directory. Requirements report will not be correctly generated!
22:00:30.167 [main] INFO  - 
  _____   ___   ___   _____     ___   _____     _     ___   _____   ___   ___  
 |_   _| | __| / __| |_   _|   / __| |_   _|   /_\   | _ \ |_   _| | __| |   \ 
   | |   | _|  \__ \   | |     \__ \   | |    / _ \  |   /   | |   | _|  | |) |
   |_|   |___| |___/   |_|     |___/   |_|   /_/ \_\ |_|_\   |_|   |___| |___/ 

PRODUCT - GET ALL categories product(product;product---get-all-categories-product)
--------------------------------------------------------------------------------
22:00:30.180 [main] DEBUG net.thucydides.core.steps.StepInterceptor - STARTING STEP: ProductSteps.setGetAllCategoriesProductEndpoint - I GET API all categories product endpoints
22:00:30.181 [main] DEBUG net.thucydides.core.steps.StepInterceptor - STEP DONE: I GET API all categories product endpoints
  &amp#27;[32mGiven &amp#27;[0m&amp#27;[32mI GET API all categories product endpoints&amp#27;[0m                       &amp#27;[90m# starter.stepdefinition.ProductSteps.setGetAllCategoriesProductEndpoint()&amp#27;[0m
22:00:30.184 [main] DEBUG net.thucydides.core.steps.StepInterceptor - STARTING STEP: ProductSteps.getAllCategoriesProductRequest - I GET HTTP request all categories product data
22:00:30.187 [main] DEBUG net.thucydides.core.steps.StepInterceptor - STARTING STEP: Product.getAllCategoriesProductRequest - I GET API all categories product endpoints
22:00:30.187 [main] DEBUG net.thucydides.core.steps.StepInterceptor - STEP DONE: I GET API all categories product endpoints
22:00:30.195 [main] DEBUG org.apache.http.impl.conn.BasicClientConnectionManager - Get connection for route {s}->https://fakestoreapi.com:443
22:00:30.196 [main] DEBUG org.apache.http.impl.conn.DefaultClientConnectionOperator - Connecting to fakestoreapi.com:443
22:00:30.290 [main] DEBUG org.apache.http.client.protocol.RequestAddCookies - CookieSpec selected: ignoreCookies
22:00:30.290 [main] DEBUG org.apache.http.client.protocol.RequestAuthCache - Auth cache not set in the context
22:00:30.290 [main] DEBUG org.apache.http.client.protocol.RequestTargetAuthentication - Target auth state: UNCHALLENGED
22:00:30.290 [main] DEBUG org.apache.http.client.protocol.RequestProxyAuthentication - Proxy auth state: UNCHALLENGED
22:00:30.290 [main] DEBUG org.apache.http.impl.client.DefaultHttpClient - Attempt 1 to execute request
22:00:30.290 [main] DEBUG org.apache.http.impl.conn.DefaultClientConnection - Sending request: GET /products/categories HTTP/1.1
22:00:30.290 [main] DEBUG org.apache.http.wire -  >> "GET /products/categories HTTP/1.1[\r][\n]"
22:00:30.290 [main] DEBUG org.apache.http.wire -  >> "Accept: */*[\r][\n]"
22:00:30.290 [main] DEBUG org.apache.http.wire -  >> "Host: fakestoreapi.com[\r][\n]"
22:00:30.291 [main] DEBUG org.apache.http.wire -  >> "Connection: Keep-Alive[\r][\n]"
22:00:30.291 [main] DEBUG org.apache.http.wire -  >> "User-Agent: Apache-HttpClient/4.5.13 (Java/19.0.2)[\r][\n]"
22:00:30.291 [main] DEBUG org.apache.http.wire -  >> "Accept-Encoding: gzip,deflate[\r][\n]"
22:00:30.291 [main] DEBUG org.apache.http.wire -  >> "[\r][\n]"
22:00:30.291 [main] DEBUG org.apache.http.headers - >> GET /products/categories HTTP/1.1
22:00:30.291 [main] DEBUG org.apache.http.headers - >> Accept: */*
22:00:30.291 [main] DEBUG org.apache.http.headers - >> Host: fakestoreapi.com
22:00:30.291 [main] DEBUG org.apache.http.headers - >> Connection: Keep-Alive
22:00:30.291 [main] DEBUG org.apache.http.headers - >> User-Agent: Apache-HttpClient/4.5.13 (Java/19.0.2)
22:00:30.291 [main] DEBUG org.apache.http.headers - >> Accept-Encoding: gzip,deflate
22:00:30.653 [main] DEBUG org.apache.http.wire -  << "HTTP/1.1 200 OK[\r][\n]"
22:00:30.654 [main] DEBUG org.apache.http.wire -  << "Date: Sat, 15 Apr 2023 15:00:30 GMT[\r][\n]"
22:00:30.654 [main] DEBUG org.apache.http.wire -  << "Content-Type: application/json; charset=utf-8[\r][\n]"
22:00:30.654 [main] DEBUG org.apache.http.wire -  << "Transfer-Encoding: chunked[\r][\n]"
22:00:30.654 [main] DEBUG org.apache.http.wire -  << "Connection: keep-alive[\r][\n]"
22:00:30.654 [main] DEBUG org.apache.http.wire -  << "Access-Control-Allow-Origin: *[\r][\n]"
22:00:30.654 [main] DEBUG org.apache.http.wire -  << "Etag: W/"3e-cdq81BKoKIRIQmboBVN84Vj+vkM"[\r][\n]"
22:00:30.654 [main] DEBUG org.apache.http.wire -  << "X-Powered-By: Express[\r][\n]"
22:00:30.654 [main] DEBUG org.apache.http.wire -  << "CF-Cache-Status: DYNAMIC[\r][\n]"
22:00:30.654 [main] DEBUG org.apache.http.wire -  << "Report-To: {"endpoints":[{"url":"https:\/\/a.nel.cloudflare.com\/report\/v3?s=%2F72f03EyIDjPTbUxievvZfzN4kcwK%2B1lh40Y4ftJRhEtgUpeZOuDr8w5xt%2BMw8rDSesRXUdeNCtQxOP1ChOhm0LkGgNXgGd2WYw0%2BHF6GUGEA2ZUr3AY4RK20WISQ6tQBeRd"}],"group":"cf-nel","max_age":604800}[\r][\n]"
22:00:30.654 [main] DEBUG org.apache.http.wire -  << "NEL: {"success_fraction":0,"report_to":"cf-nel","max_age":604800}[\r][\n]"
22:00:30.654 [main] DEBUG org.apache.http.wire -  << "Server: cloudflare[\r][\n]"
22:00:30.654 [main] DEBUG org.apache.http.wire -  << "CF-RAY: 7b850ef86ade9fe6-SIN[\r][\n]"
22:00:30.654 [main] DEBUG org.apache.http.wire -  << "Content-Encoding: gzip[\r][\n]"
22:00:30.654 [main] DEBUG org.apache.http.wire -  << "alt-svc: h3=":443"; ma=86400, h3-29=":443"; ma=86400[\r][\n]"
22:00:30.654 [main] DEBUG org.apache.http.wire -  << "[\r][\n]"
22:00:30.654 [main] DEBUG org.apache.http.impl.conn.DefaultClientConnection - Receiving response: HTTP/1.1 200 OK
22:00:30.654 [main] DEBUG org.apache.http.headers - << HTTP/1.1 200 OK
22:00:30.654 [main] DEBUG org.apache.http.headers - << Date: Sat, 15 Apr 2023 15:00:30 GMT
22:00:30.654 [main] DEBUG org.apache.http.headers - << Content-Type: application/json; charset=utf-8
22:00:30.654 [main] DEBUG org.apache.http.headers - << Transfer-Encoding: chunked
22:00:30.654 [main] DEBUG org.apache.http.headers - << Connection: keep-alive
22:00:30.654 [main] DEBUG org.apache.http.headers - << Access-Control-Allow-Origin: *
22:00:30.654 [main] DEBUG org.apache.http.headers - << Etag: W/"3e-cdq81BKoKIRIQmboBVN84Vj+vkM"
22:00:30.654 [main] DEBUG org.apache.http.headers - << X-Powered-By: Express
22:00:30.654 [main] DEBUG org.apache.http.headers - << CF-Cache-Status: DYNAMIC
22:00:30.654 [main] DEBUG org.apache.http.headers - << Report-To: {"endpoints":[{"url":"https:\/\/a.nel.cloudflare.com\/report\/v3?s=%2F72f03EyIDjPTbUxievvZfzN4kcwK%2B1lh40Y4ftJRhEtgUpeZOuDr8w5xt%2BMw8rDSesRXUdeNCtQxOP1ChOhm0LkGgNXgGd2WYw0%2BHF6GUGEA2ZUr3AY4RK20WISQ6tQBeRd"}],"group":"cf-nel","max_age":604800}
22:00:30.654 [main] DEBUG org.apache.http.headers - << NEL: {"success_fraction":0,"report_to":"cf-nel","max_age":604800}
22:00:30.654 [main] DEBUG org.apache.http.headers - << Server: cloudflare
22:00:30.654 [main] DEBUG org.apache.http.headers - << CF-RAY: 7b850ef86ade9fe6-SIN
22:00:30.654 [main] DEBUG org.apache.http.headers - << Content-Encoding: gzip
22:00:30.654 [main] DEBUG org.apache.http.headers - << alt-svc: h3=":443"; ma=86400, h3-29=":443"; ma=86400
22:00:30.654 [main] DEBUG org.apache.http.impl.client.DefaultHttpClient - Connection can be kept alive indefinitely
22:00:30.654 [main] DEBUG io.restassured.internal.RestAssuredHttpBuilder - Parsing response as: application/json; charset=utf-8
22:00:30.654 [main] DEBUG org.apache.http.wire -  << "4b[\r][\n]"
22:00:30.654 [main] DEBUG org.apache.http.wire -  << "[0x1f][0x8b][0x8][0x0][0x0][0x0][0x0][0x0][0x0][0x3][0x8a]VJ[0xcd]IM.)[0xca][0xcf][0xcb]L.V[0xd2]Q[0xca]J-O[0xcd]I-[0xaa]T[0xd2]Q[0xca]M[0xcd]S/VH[0xce][0xc9]/[0xc9][0xc8][0xcc]KW[0xd2]Q*[0xcf]G[0x13][0x8a][0x5][0x0][0x0][0x0][0xff][0xff][0x3][0x0]hx[0x4][0xed]>[0x0][0x0][0x0]"
22:00:30.654 [main] DEBUG org.apache.http.wire -  << "[\r][\n]"
22:00:30.654 [main] DEBUG org.apache.http.wire -  << "0[\r][\n]"
22:00:30.654 [main] DEBUG org.apache.http.wire -  << "[\r][\n]"
22:00:30.654 [main] DEBUG io.restassured.internal.RestAssuredHttpBuilder - Parsed data to instance of: class org.apache.http.conn.EofSensorInputStream
22:00:30.654 [main] DEBUG org.apache.http.impl.conn.BasicClientConnectionManager - Releasing connection org.apache.http.impl.conn.ManagedClientConnectionImpl@6e4ac3f5
22:00:30.654 [main] DEBUG org.apache.http.impl.conn.BasicClientConnectionManager - Connection can be kept alive indefinitely
22:00:30.655 [main] DEBUG net.thucydides.core.steps.StepInterceptor - STEP DONE: I GET HTTP request all categories product data
  &amp#27;[32mWhen &amp#27;[0m&amp#27;[32mI GET HTTP request all categories product data&amp#27;[0m                    &amp#27;[90m# starter.stepdefinition.ProductSteps.getAllCategoriesProductRequest()&amp#27;[0m
22:00:30.659 [main] DEBUG net.thucydides.core.steps.StepInterceptor - STARTING STEP: ProductSteps.responseAllCategoriesValid200 - I receive valid get all categories product HTTP response code 200
22:00:30.659 [main] DEBUG net.thucydides.core.steps.StepInterceptor - STEP DONE: I receive valid get all categories product HTTP response code 200
  &amp#27;[32mThen &amp#27;[0m&amp#27;[32mI receive valid get all categories product HTTP response code 200&amp#27;[0m &amp#27;[90m# starter.stepdefinition.ProductSteps.responseAllCategoriesValid200()&amp#27;[0m
22:00:30.663 [main] INFO  - 
  _____   ___   ___   _____     ___     _     ___   ___   ___   ___  
 |_   _| | __| / __| |_   _|   | _ \   /_\   / __| / __| | __| |   \ 
   | |   | _|  \__ \   | |     |  _/  / _ \  \__ \ \__ \ | _|  | |) |
   |_|   |___| |___/   |_|     |_|   /_/ \_\ |___/ |___/ |___| |___/ 

PRODUCT - GET ALL categories product
----------------------------------------------------------------------
]]></system-out>
  </testcase>
  <testcase name="PRODUCT - GET ALL categories product #2" classname="Product" time="0.551">
    <system-out><![CDATA[
Scenario: PRODUCT - GET ALL categories product                             &amp#27;[90m# src/test/resources/api/product.feature:52&amp#27;[0m
22:00:30.682 [main] INFO io.cucumber.core.plugin.SerenityReporter - Running feature from file:///C:/Users/User/IdeaProjects/CodeCompetence2/src/test/resources/api/product.feature
22:00:30.682 [main] WARN io.cucumber.core.plugin.SerenityReporter - Feature from file:///C:/Users/User/IdeaProjects/CodeCompetence2/src/test/resources/api/product.feature is not under the 'features' directory. Requirements report will not be correctly generated!
22:00:30.692 [main] DEBUG net.thucydides.core.steps.StepInterceptor - STARTING STEP: ProductSteps.setGetWrongAllCategoriesProductEndpoint - I GET wrong API all categories product endpoints
22:00:30.692 [main] DEBUG net.thucydides.core.steps.StepInterceptor - STEP DONE: I GET wrong API all categories product endpoints
  &amp#27;[32mGiven &amp#27;[0m&amp#27;[32mI GET wrong API all categories product endpoints&amp#27;[0m                   &amp#27;[90m# starter.stepdefinition.ProductSteps.setGetWrongAllCategoriesProductEndpoint()&amp#27;[0m
22:00:30.696 [main] DEBUG net.thucydides.core.steps.StepInterceptor - STARTING STEP: ProductSteps.getWrongAllCategoriesProductRequest - I GET HTTP request all categories product data
22:00:30.699 [main] DEBUG net.thucydides.core.steps.StepInterceptor - STARTING STEP: Product.getWrongAllCategoriesProductRequest - I GET wrong API all categories product endpoints
22:00:30.699 [main] DEBUG net.thucydides.core.steps.StepInterceptor - STEP DONE: I GET wrong API all categories product endpoints
22:00:30.710 [main] DEBUG org.apache.http.impl.conn.BasicClientConnectionManager - Get connection for route {s}->https://fakestoreapi.com:443
22:00:30.710 [main] DEBUG org.apache.http.impl.conn.DefaultClientConnectionOperator - Connecting to fakestoreapi.com:443
22:00:30.803 [main] DEBUG org.apache.http.client.protocol.RequestAddCookies - CookieSpec selected: ignoreCookies
22:00:30.804 [main] DEBUG org.apache.http.client.protocol.RequestAuthCache - Auth cache not set in the context
22:00:30.804 [main] DEBUG org.apache.http.client.protocol.RequestTargetAuthentication - Target auth state: UNCHALLENGED
22:00:30.804 [main] DEBUG org.apache.http.client.protocol.RequestProxyAuthentication - Proxy auth state: UNCHALLENGED
22:00:30.804 [main] DEBUG org.apache.http.impl.client.DefaultHttpClient - Attempt 1 to execute request
22:00:30.804 [main] DEBUG org.apache.http.impl.conn.DefaultClientConnection - Sending request: GET /barang/kategori HTTP/1.1
22:00:30.804 [main] DEBUG org.apache.http.wire -  >> "GET /barang/kategori HTTP/1.1[\r][\n]"
22:00:30.804 [main] DEBUG org.apache.http.wire -  >> "Accept: */*[\r][\n]"
22:00:30.804 [main] DEBUG org.apache.http.wire -  >> "Host: fakestoreapi.com[\r][\n]"
22:00:30.804 [main] DEBUG org.apache.http.wire -  >> "Connection: Keep-Alive[\r][\n]"
22:00:30.804 [main] DEBUG org.apache.http.wire -  >> "User-Agent: Apache-HttpClient/4.5.13 (Java/19.0.2)[\r][\n]"
22:00:30.804 [main] DEBUG org.apache.http.wire -  >> "Accept-Encoding: gzip,deflate[\r][\n]"
22:00:30.804 [main] DEBUG org.apache.http.wire -  >> "[\r][\n]"
22:00:30.804 [main] DEBUG org.apache.http.headers - >> GET /barang/kategori HTTP/1.1
22:00:30.804 [main] DEBUG org.apache.http.headers - >> Accept: */*
22:00:30.804 [main] DEBUG org.apache.http.headers - >> Host: fakestoreapi.com
22:00:30.804 [main] DEBUG org.apache.http.headers - >> Connection: Keep-Alive
22:00:30.804 [main] DEBUG org.apache.http.headers - >> User-Agent: Apache-HttpClient/4.5.13 (Java/19.0.2)
22:00:30.804 [main] DEBUG org.apache.http.headers - >> Accept-Encoding: gzip,deflate
22:00:31.204 [main] DEBUG org.apache.http.wire -  << "HTTP/1.1 404 Not Found[\r][\n]"
22:00:31.204 [main] DEBUG org.apache.http.wire -  << "Date: Sat, 15 Apr 2023 15:00:31 GMT[\r][\n]"
22:00:31.204 [main] DEBUG org.apache.http.wire -  << "Content-Type: text/html; charset=utf-8[\r][\n]"
22:00:31.204 [main] DEBUG org.apache.http.wire -  << "Transfer-Encoding: chunked[\r][\n]"
22:00:31.204 [main] DEBUG org.apache.http.wire -  << "Connection: keep-alive[\r][\n]"
22:00:31.204 [main] DEBUG org.apache.http.wire -  << "Access-Control-Allow-Origin: *[\r][\n]"
22:00:31.204 [main] DEBUG org.apache.http.wire -  << "Content-Security-Policy: default-src 'none'[\r][\n]"
22:00:31.204 [main] DEBUG org.apache.http.wire -  << "X-Content-Type-Options: nosniff[\r][\n]"
22:00:31.204 [main] DEBUG org.apache.http.wire -  << "X-Powered-By: Express[\r][\n]"
22:00:31.204 [main] DEBUG org.apache.http.wire -  << "CF-Cache-Status: DYNAMIC[\r][\n]"
22:00:31.204 [main] DEBUG org.apache.http.wire -  << "Report-To: {"endpoints":[{"url":"https:\/\/a.nel.cloudflare.com\/report\/v3?s=LMh4qGsPNMOfml734hM%2BYDLvZN38kLzo4XG47AI7KOspcgrnHMSXi2dN54eiM9%2FrUfOrdxwKMYv7BF3460X0kSD6hB202BaIyM4PKXMzNZjdHHHt051rmfOxKhTXMK4Em5YQ"}],"group":"cf-nel","max_age":604800}[\r][\n]"
22:00:31.204 [main] DEBUG org.apache.http.wire -  << "NEL: {"success_fraction":0,"report_to":"cf-nel","max_age":604800}[\r][\n]"
22:00:31.204 [main] DEBUG org.apache.http.wire -  << "Server: cloudflare[\r][\n]"
22:00:31.204 [main] DEBUG org.apache.http.wire -  << "CF-RAY: 7b850efb98bf4d4b-SIN[\r][\n]"
22:00:31.204 [main] DEBUG org.apache.http.wire -  << "Content-Encoding: gzip[\r][\n]"
22:00:31.204 [main] DEBUG org.apache.http.wire -  << "alt-svc: h3=":443"; ma=86400, h3-29=":443"; ma=86400[\r][\n]"
22:00:31.204 [main] DEBUG org.apache.http.wire -  << "[\r][\n]"
22:00:31.204 [main] DEBUG org.apache.http.impl.conn.DefaultClientConnection - Receiving response: HTTP/1.1 404 Not Found
22:00:31.204 [main] DEBUG org.apache.http.headers - << HTTP/1.1 404 Not Found
22:00:31.204 [main] DEBUG org.apache.http.headers - << Date: Sat, 15 Apr 2023 15:00:31 GMT
22:00:31.204 [main] DEBUG org.apache.http.headers - << Content-Type: text/html; charset=utf-8
22:00:31.204 [main] DEBUG org.apache.http.headers - << Transfer-Encoding: chunked
22:00:31.204 [main] DEBUG org.apache.http.headers - << Connection: keep-alive
22:00:31.204 [main] DEBUG org.apache.http.headers - << Access-Control-Allow-Origin: *
22:00:31.204 [main] DEBUG org.apache.http.headers - << Content-Security-Policy: default-src 'none'
22:00:31.204 [main] DEBUG org.apache.http.headers - << X-Content-Type-Options: nosniff
22:00:31.204 [main] DEBUG org.apache.http.headers - << X-Powered-By: Express
22:00:31.204 [main] DEBUG org.apache.http.headers - << CF-Cache-Status: DYNAMIC
22:00:31.204 [main] DEBUG org.apache.http.headers - << Report-To: {"endpoints":[{"url":"https:\/\/a.nel.cloudflare.com\/report\/v3?s=LMh4qGsPNMOfml734hM%2BYDLvZN38kLzo4XG47AI7KOspcgrnHMSXi2dN54eiM9%2FrUfOrdxwKMYv7BF3460X0kSD6hB202BaIyM4PKXMzNZjdHHHt051rmfOxKhTXMK4Em5YQ"}],"group":"cf-nel","max_age":604800}
22:00:31.204 [main] DEBUG org.apache.http.headers - << NEL: {"success_fraction":0,"report_to":"cf-nel","max_age":604800}
22:00:31.204 [main] DEBUG org.apache.http.headers - << Server: cloudflare
22:00:31.204 [main] DEBUG org.apache.http.headers - << CF-RAY: 7b850efb98bf4d4b-SIN
22:00:31.204 [main] DEBUG org.apache.http.headers - << Content-Encoding: gzip
22:00:31.204 [main] DEBUG org.apache.http.headers - << alt-svc: h3=":443"; ma=86400, h3-29=":443"; ma=86400
22:00:31.205 [main] DEBUG org.apache.http.impl.client.DefaultHttpClient - Connection can be kept alive indefinitely
22:00:31.205 [main] DEBUG io.restassured.internal.RestAssuredHttpBuilder - Parsing response as: text/html; charset=utf-8
22:00:31.205 [main] DEBUG org.apache.http.wire -  << "89[\r][\n]"
22:00:31.205 [main] DEBUG org.apache.http.wire -  << "[0x1f][0x8b][0x8][0x0][0x0][0x0][0x0][0x0][0x0][0x3],[0x8e][0xb1][0xe][0xc2]0[0xc]DwE[0xc8][0x8e][0xbc]2[0xb8]YJ[0xc4][0x8]C[0x17]F[0x97][0x9a][0xb4]"M[0x90]1[0x3][0x8f][0x2][0x9d]Nw[0xf7]N:[0xda][0x1d][0xcf][0xfd]p[0xbd]D7[0xdb][0x9a][0x3]P[0x13][0x97][0xb9][0xa4][0xce]K[0xf1]-[0x10][0x9e][0x2][0xd0]*[0xc6][0xee]6[0xb3][0xbe][0xc4]:[0xff][0xb6][0xfb][0xfe][0xd0]Z[,K[0x88][0xaa]U[0x9][0xff][0x6][0x8][0xb7][0xcd]X[0xa7]O[0x0]z[0xaa][0x84][0x9e]K[0xa9][0xe6]Nqp8[0xb2]rI[0xf8]`[0x93]Tu!l[0x0][0x10]n8[0xfe][0x9e]|[0x1][0x0][0x0][0xff][0xff]"
22:00:31.205 [main] DEBUG org.apache.http.wire -  << "[\r][\n]"
22:00:31.205 [main] DEBUG org.apache.http.wire -  << "b[\r][\n]"
22:00:31.205 [main] DEBUG org.apache.http.wire -  << "[0xe3][0x2][0x0][0xd2][0x1e][0x5]_[0x9a][0x0][0x0][0x0]"
22:00:31.205 [main] DEBUG org.apache.http.wire -  << "[\r][\n]"
22:00:31.205 [main] DEBUG org.apache.http.wire -  << "0[\r][\n]"
22:00:31.205 [main] DEBUG org.apache.http.wire -  << "[\r][\n]"
22:00:31.205 [main] DEBUG io.restassured.internal.RestAssuredHttpBuilder - Parsed data to instance of: class org.apache.http.conn.EofSensorInputStream
22:00:31.206 [main] DEBUG org.apache.http.impl.conn.BasicClientConnectionManager - Releasing connection org.apache.http.impl.conn.ManagedClientConnectionImpl@551976c2
22:00:31.206 [main] DEBUG org.apache.http.impl.conn.BasicClientConnectionManager - Connection can be kept alive indefinitely
22:00:31.207 [main] DEBUG net.thucydides.core.steps.StepInterceptor - STEP DONE: I GET HTTP request all categories product data
  &amp#27;[32mWhen &amp#27;[0m&amp#27;[32mI GET wrong HTTP request all categories product data&amp#27;[0m                &amp#27;[90m# starter.stepdefinition.ProductSteps.getWrongAllCategoriesProductRequest()&amp#27;[0m
22:00:31.212 [main] DEBUG net.thucydides.core.steps.StepInterceptor - STARTING STEP: ProductSteps.responseAllCategoriesValid404 - I receive invalid get all categories product HTTP response code 404
22:00:31.213 [main] DEBUG net.thucydides.core.steps.StepInterceptor - STEP DONE: I receive invalid get all categories product HTTP response code 404
  &amp#27;[32mThen &amp#27;[0m&amp#27;[32mI receive invalid get all categories product HTTP response code 404&amp#27;[0m &amp#27;[90m# starter.stepdefinition.ProductSteps.responseAllCategoriesValid404()&amp#27;[0m
22:00:31.215 [main] INFO  - 
  _____   ___   ___   _____     ___     _     ___   ___   ___   ___  
 |_   _| | __| / __| |_   _|   | _ \   /_\   / __| / __| | __| |   \ 
   | |   | _|  \__ \   | |     |  _/  / _ \  \__ \ \__ \ | _|  | |) |
   |_|   |___| |___/   |_|     |_|   /_/ \_\ |___/ |___/ |___| |___/ 

PRODUCT - GET ALL categories product
----------------------------------------------------------------------
]]></system-out>
  </testcase>
  <testcase name="PRODUCT - GET in categories product #1" classname="Product" time="0.963">
    <system-out><![CDATA[
Scenario: PRODUCT - GET in categories product                        &amp#27;[90m# src/test/resources/api/product.feature:57&amp#27;[0m
22:00:31.232 [main] INFO io.cucumber.core.plugin.SerenityReporter - Running feature from file:///C:/Users/User/IdeaProjects/CodeCompetence2/src/test/resources/api/product.feature
22:00:31.232 [main] WARN io.cucumber.core.plugin.SerenityReporter - Feature from file:///C:/Users/User/IdeaProjects/CodeCompetence2/src/test/resources/api/product.feature is not under the 'features' directory. Requirements report will not be correctly generated!
22:00:31.235 [main] INFO  - 
  _____   ___   ___   _____     ___   _____     _     ___   _____   ___   ___  
 |_   _| | __| / __| |_   _|   / __| |_   _|   /_\   | _ \ |_   _| | __| |   \ 
   | |   | _|  \__ \   | |     \__ \   | |    / _ \  |   /   | |   | _|  | |) |
   |_|   |___| |___/   |_|     |___/   |_|   /_/ \_\ |_|_\   |_|   |___| |___/ 

PRODUCT - GET in categories product(product;product---get-in-categories-product)
--------------------------------------------------------------------------------
22:00:31.245 [main] DEBUG net.thucydides.core.steps.StepInterceptor - STARTING STEP: ProductSteps.setGetCategoriesProductEndpoint - I GET API categories product endpoints
22:00:31.245 [main] DEBUG net.thucydides.core.steps.StepInterceptor - STEP DONE: I GET API categories product endpoints
  &amp#27;[32mGiven &amp#27;[0m&amp#27;[32mI GET API categories product endpoints&amp#27;[0m                       &amp#27;[90m# starter.stepdefinition.ProductSteps.setGetCategoriesProductEndpoint()&amp#27;[0m
22:00:31.250 [main] DEBUG net.thucydides.core.steps.StepInterceptor - STARTING STEP: ProductSteps.getCategoriesProductRequest - I GET HTTP request categories product data
22:00:31.253 [main] DEBUG net.thucydides.core.steps.StepInterceptor - STARTING STEP: Product.getCategoriesProductRequest - I GET API categories product endpoints
22:00:31.253 [main] DEBUG net.thucydides.core.steps.StepInterceptor - STEP DONE: I GET API categories product endpoints
22:00:31.259 [main] DEBUG org.apache.http.impl.conn.BasicClientConnectionManager - Get connection for route {s}->https://fakestoreapi.com:443
22:00:31.259 [main] DEBUG org.apache.http.impl.conn.DefaultClientConnectionOperator - Connecting to fakestoreapi.com:443
22:00:31.334 [main] DEBUG org.apache.http.client.protocol.RequestAddCookies - CookieSpec selected: ignoreCookies
22:00:31.334 [main] DEBUG org.apache.http.client.protocol.RequestAuthCache - Auth cache not set in the context
22:00:31.334 [main] DEBUG org.apache.http.client.protocol.RequestTargetAuthentication - Target auth state: UNCHALLENGED
22:00:31.334 [main] DEBUG org.apache.http.client.protocol.RequestProxyAuthentication - Proxy auth state: UNCHALLENGED
22:00:31.334 [main] DEBUG org.apache.http.impl.client.DefaultHttpClient - Attempt 1 to execute request
22:00:31.334 [main] DEBUG org.apache.http.impl.conn.DefaultClientConnection - Sending request: GET /products/category/jewelry HTTP/1.1
22:00:31.335 [main] DEBUG org.apache.http.wire -  >> "GET /products/category/jewelry HTTP/1.1[\r][\n]"
22:00:31.335 [main] DEBUG org.apache.http.wire -  >> "Accept: */*[\r][\n]"
22:00:31.335 [main] DEBUG org.apache.http.wire -  >> "Host: fakestoreapi.com[\r][\n]"
22:00:31.335 [main] DEBUG org.apache.http.wire -  >> "Connection: Keep-Alive[\r][\n]"
22:00:31.335 [main] DEBUG org.apache.http.wire -  >> "User-Agent: Apache-HttpClient/4.5.13 (Java/19.0.2)[\r][\n]"
22:00:31.335 [main] DEBUG org.apache.http.wire -  >> "Accept-Encoding: gzip,deflate[\r][\n]"
22:00:31.335 [main] DEBUG org.apache.http.wire -  >> "[\r][\n]"
22:00:31.335 [main] DEBUG org.apache.http.headers - >> GET /products/category/jewelry HTTP/1.1
22:00:31.335 [main] DEBUG org.apache.http.headers - >> Accept: */*
22:00:31.335 [main] DEBUG org.apache.http.headers - >> Host: fakestoreapi.com
22:00:31.335 [main] DEBUG org.apache.http.headers - >> Connection: Keep-Alive
22:00:31.335 [main] DEBUG org.apache.http.headers - >> User-Agent: Apache-HttpClient/4.5.13 (Java/19.0.2)
22:00:31.335 [main] DEBUG org.apache.http.headers - >> Accept-Encoding: gzip,deflate
22:00:32.170 [main] DEBUG org.apache.http.wire -  << "HTTP/1.1 200 OK[\r][\n]"
22:00:32.170 [main] DEBUG org.apache.http.wire -  << "Date: Sat, 15 Apr 2023 15:00:31 GMT[\r][\n]"
22:00:32.170 [main] DEBUG org.apache.http.wire -  << "Content-Type: application/json; charset=utf-8[\r][\n]"
22:00:32.170 [main] DEBUG org.apache.http.wire -  << "Content-Length: 2[\r][\n]"
22:00:32.170 [main] DEBUG org.apache.http.wire -  << "Connection: keep-alive[\r][\n]"
22:00:32.170 [main] DEBUG org.apache.http.wire -  << "Access-Control-Allow-Origin: *[\r][\n]"
22:00:32.170 [main] DEBUG org.apache.http.wire -  << "Etag: W/"2-l9Fw4VUO7kr8CvBlt4zaMCqXZ0w"[\r][\n]"
22:00:32.170 [main] DEBUG org.apache.http.wire -  << "X-Powered-By: Express[\r][\n]"
22:00:32.170 [main] DEBUG org.apache.http.wire -  << "CF-Cache-Status: DYNAMIC[\r][\n]"
22:00:32.170 [main] DEBUG org.apache.http.wire -  << "Report-To: {"endpoints":[{"url":"https:\/\/a.nel.cloudflare.com\/report\/v3?s=8JIbLeYJVg0fpKqN9nW1btRhz9YSZcSGtr37cpQJS%2F7P4iIjHuH2aF25X6dmQdwKAEI%2BVO5Q%2Bk5tvz8ccUm%2FTeHLiSPMFMRJRW2hp4psPXLcoQcrLqcuTQuGyw6rbL7ciyfG"}],"group":"cf-nel","max_age":604800}[\r][\n]"
22:00:32.170 [main] DEBUG org.apache.http.wire -  << "NEL: {"success_fraction":0,"report_to":"cf-nel","max_age":604800}[\r][\n]"
22:00:32.170 [main] DEBUG org.apache.http.wire -  << "Server: cloudflare[\r][\n]"
22:00:32.170 [main] DEBUG org.apache.http.wire -  << "CF-RAY: 7b850efeec783fa4-SIN[\r][\n]"
22:00:32.170 [main] DEBUG org.apache.http.wire -  << "alt-svc: h3=":443"; ma=86400, h3-29=":443"; ma=86400[\r][\n]"
22:00:32.170 [main] DEBUG org.apache.http.wire -  << "[\r][\n]"
22:00:32.170 [main] DEBUG org.apache.http.impl.conn.DefaultClientConnection - Receiving response: HTTP/1.1 200 OK
22:00:32.170 [main] DEBUG org.apache.http.headers - << HTTP/1.1 200 OK
22:00:32.170 [main] DEBUG org.apache.http.headers - << Date: Sat, 15 Apr 2023 15:00:31 GMT
22:00:32.170 [main] DEBUG org.apache.http.headers - << Content-Type: application/json; charset=utf-8
22:00:32.170 [main] DEBUG org.apache.http.headers - << Content-Length: 2
22:00:32.170 [main] DEBUG org.apache.http.headers - << Connection: keep-alive
22:00:32.170 [main] DEBUG org.apache.http.headers - << Access-Control-Allow-Origin: *
22:00:32.171 [main] DEBUG org.apache.http.headers - << Etag: W/"2-l9Fw4VUO7kr8CvBlt4zaMCqXZ0w"
22:00:32.171 [main] DEBUG org.apache.http.headers - << X-Powered-By: Express
22:00:32.171 [main] DEBUG org.apache.http.headers - << CF-Cache-Status: DYNAMIC
22:00:32.171 [main] DEBUG org.apache.http.headers - << Report-To: {"endpoints":[{"url":"https:\/\/a.nel.cloudflare.com\/report\/v3?s=8JIbLeYJVg0fpKqN9nW1btRhz9YSZcSGtr37cpQJS%2F7P4iIjHuH2aF25X6dmQdwKAEI%2BVO5Q%2Bk5tvz8ccUm%2FTeHLiSPMFMRJRW2hp4psPXLcoQcrLqcuTQuGyw6rbL7ciyfG"}],"group":"cf-nel","max_age":604800}
22:00:32.171 [main] DEBUG org.apache.http.headers - << NEL: {"success_fraction":0,"report_to":"cf-nel","max_age":604800}
22:00:32.171 [main] DEBUG org.apache.http.headers - << Server: cloudflare
22:00:32.171 [main] DEBUG org.apache.http.headers - << CF-RAY: 7b850efeec783fa4-SIN
22:00:32.171 [main] DEBUG org.apache.http.headers - << alt-svc: h3=":443"; ma=86400, h3-29=":443"; ma=86400
22:00:32.171 [main] DEBUG org.apache.http.impl.client.DefaultHttpClient - Connection can be kept alive indefinitely
22:00:32.171 [main] DEBUG io.restassured.internal.RestAssuredHttpBuilder - Parsing response as: application/json; charset=utf-8
22:00:32.171 [main] DEBUG io.restassured.internal.RestAssuredHttpBuilder - Parsed data to instance of: class org.apache.http.conn.EofSensorInputStream
22:00:32.172 [main] DEBUG org.apache.http.wire -  << "[]"
22:00:32.172 [main] DEBUG org.apache.http.impl.conn.BasicClientConnectionManager - Releasing connection org.apache.http.impl.conn.ManagedClientConnectionImpl@5dfc7b3f
22:00:32.172 [main] DEBUG org.apache.http.impl.conn.BasicClientConnectionManager - Connection can be kept alive indefinitely
22:00:32.172 [main] DEBUG net.thucydides.core.steps.StepInterceptor - STEP DONE: I GET HTTP request categories product data
  &amp#27;[32mWhen &amp#27;[0m&amp#27;[32mI GET HTTP request categories product data&amp#27;[0m                    &amp#27;[90m# starter.stepdefinition.ProductSteps.getCategoriesProductRequest()&amp#27;[0m
22:00:32.175 [main] DEBUG net.thucydides.core.steps.StepInterceptor - STARTING STEP: ProductSteps.responseCategoriesValid200 - I receive valid get categories product HTTP response code 200
22:00:32.176 [main] DEBUG net.thucydides.core.steps.StepInterceptor - STEP DONE: I receive valid get categories product HTTP response code 200
  &amp#27;[32mThen &amp#27;[0m&amp#27;[32mI receive valid get categories product HTTP response code 200&amp#27;[0m &amp#27;[90m# starter.stepdefinition.ProductSteps.responseCategoriesValid200()&amp#27;[0m
22:00:32.178 [main] INFO  - 
  _____   ___   ___   _____     ___     _     ___   ___   ___   ___  
 |_   _| | __| / __| |_   _|   | _ \   /_\   / __| / __| | __| |   \ 
   | |   | _|  \__ \   | |     |  _/  / _ \  \__ \ \__ \ | _|  | |) |
   |_|   |___| |___/   |_|     |_|   /_/ \_\ |___/ |___/ |___| |___/ 

PRODUCT - GET in categories product
----------------------------------------------------------------------
]]></system-out>
  </testcase>
  <testcase name="PRODUCT - GET in categories product #2" classname="Product" time="0.495">
    <system-out><![CDATA[
Scenario: PRODUCT - GET in categories product                          &amp#27;[90m# src/test/resources/api/product.feature:62&amp#27;[0m
22:00:32.195 [main] INFO io.cucumber.core.plugin.SerenityReporter - Running feature from file:///C:/Users/User/IdeaProjects/CodeCompetence2/src/test/resources/api/product.feature
22:00:32.195 [main] WARN io.cucumber.core.plugin.SerenityReporter - Feature from file:///C:/Users/User/IdeaProjects/CodeCompetence2/src/test/resources/api/product.feature is not under the 'features' directory. Requirements report will not be correctly generated!
22:00:32.203 [main] DEBUG net.thucydides.core.steps.StepInterceptor - STARTING STEP: ProductSteps.setGetWrongCategoriesProductEndpoint - I GET wrong API categories product endpoints
22:00:32.203 [main] DEBUG net.thucydides.core.steps.StepInterceptor - STEP DONE: I GET wrong API categories product endpoints
  &amp#27;[32mGiven &amp#27;[0m&amp#27;[32mI GET wrong API categories product endpoints&amp#27;[0m                   &amp#27;[90m# starter.stepdefinition.ProductSteps.setGetWrongCategoriesProductEndpoint()&amp#27;[0m
22:00:32.207 [main] DEBUG net.thucydides.core.steps.StepInterceptor - STARTING STEP: ProductSteps.getWrongCategoriesProductRequest - I GET wrong HTTP request categories product data
22:00:32.209 [main] DEBUG net.thucydides.core.steps.StepInterceptor - STARTING STEP: Product.getWrongCategoriesProductRequest - I GET wrong API categories product endpoints
22:00:32.209 [main] DEBUG net.thucydides.core.steps.StepInterceptor - STEP DONE: I GET wrong API categories product endpoints
22:00:32.220 [main] DEBUG org.apache.http.impl.conn.BasicClientConnectionManager - Get connection for route {s}->https://fakestoreapi.com:443
22:00:32.220 [main] DEBUG org.apache.http.impl.conn.DefaultClientConnectionOperator - Connecting to fakestoreapi.com:443
22:00:32.295 [main] DEBUG org.apache.http.client.protocol.RequestAddCookies - CookieSpec selected: ignoreCookies
22:00:32.295 [main] DEBUG org.apache.http.client.protocol.RequestAuthCache - Auth cache not set in the context
22:00:32.295 [main] DEBUG org.apache.http.client.protocol.RequestTargetAuthentication - Target auth state: UNCHALLENGED
22:00:32.295 [main] DEBUG org.apache.http.client.protocol.RequestProxyAuthentication - Proxy auth state: UNCHALLENGED
22:00:32.295 [main] DEBUG org.apache.http.impl.client.DefaultHttpClient - Attempt 1 to execute request
22:00:32.295 [main] DEBUG org.apache.http.impl.conn.DefaultClientConnection - Sending request: GET /barang/category/jewelry HTTP/1.1
22:00:32.295 [main] DEBUG org.apache.http.wire -  >> "GET /barang/category/jewelry HTTP/1.1[\r][\n]"
22:00:32.295 [main] DEBUG org.apache.http.wire -  >> "Accept: */*[\r][\n]"
22:00:32.296 [main] DEBUG org.apache.http.wire -  >> "Host: fakestoreapi.com[\r][\n]"
22:00:32.296 [main] DEBUG org.apache.http.wire -  >> "Connection: Keep-Alive[\r][\n]"
22:00:32.296 [main] DEBUG org.apache.http.wire -  >> "User-Agent: Apache-HttpClient/4.5.13 (Java/19.0.2)[\r][\n]"
22:00:32.296 [main] DEBUG org.apache.http.wire -  >> "Accept-Encoding: gzip,deflate[\r][\n]"
22:00:32.296 [main] DEBUG org.apache.http.wire -  >> "[\r][\n]"
22:00:32.296 [main] DEBUG org.apache.http.headers - >> GET /barang/category/jewelry HTTP/1.1
22:00:32.296 [main] DEBUG org.apache.http.headers - >> Accept: */*
22:00:32.296 [main] DEBUG org.apache.http.headers - >> Host: fakestoreapi.com
22:00:32.296 [main] DEBUG org.apache.http.headers - >> Connection: Keep-Alive
22:00:32.296 [main] DEBUG org.apache.http.headers - >> User-Agent: Apache-HttpClient/4.5.13 (Java/19.0.2)
22:00:32.296 [main] DEBUG org.apache.http.headers - >> Accept-Encoding: gzip,deflate
22:00:32.665 [main] DEBUG org.apache.http.wire -  << "HTTP/1.1 404 Not Found[\r][\n]"
22:00:32.665 [main] DEBUG org.apache.http.wire -  << "Date: Sat, 15 Apr 2023 15:00:32 GMT[\r][\n]"
22:00:32.665 [main] DEBUG org.apache.http.wire -  << "Content-Type: text/html; charset=utf-8[\r][\n]"
22:00:32.665 [main] DEBUG org.apache.http.wire -  << "Transfer-Encoding: chunked[\r][\n]"
22:00:32.665 [main] DEBUG org.apache.http.wire -  << "Connection: keep-alive[\r][\n]"
22:00:32.665 [main] DEBUG org.apache.http.wire -  << "Access-Control-Allow-Origin: *[\r][\n]"
22:00:32.665 [main] DEBUG org.apache.http.wire -  << "Content-Security-Policy: default-src 'none'[\r][\n]"
22:00:32.665 [main] DEBUG org.apache.http.wire -  << "X-Content-Type-Options: nosniff[\r][\n]"
22:00:32.665 [main] DEBUG org.apache.http.wire -  << "X-Powered-By: Express[\r][\n]"
22:00:32.665 [main] DEBUG org.apache.http.wire -  << "CF-Cache-Status: DYNAMIC[\r][\n]"
22:00:32.666 [main] DEBUG org.apache.http.wire -  << "Report-To: {"endpoints":[{"url":"https:\/\/a.nel.cloudflare.com\/report\/v3?s=2tZfHkjNYGj61kQid5YK9wS1dfmtCcftvcWdA1mmvI1MxjelbWtmb8zwGtdl5C4iG%2BEvlbN5tOAJuNo9cioziPvsuxLYH9w2ENnLqOxMPPKVeBC7Zt6iTNBNA47X4hNWwkPe"}],"group":"cf-nel","max_age":604800}[\r][\n]"
22:00:32.666 [main] DEBUG org.apache.http.wire -  << "NEL: {"success_fraction":0,"report_to":"cf-nel","max_age":604800}[\r][\n]"
22:00:32.666 [main] DEBUG org.apache.http.wire -  << "Server: cloudflare[\r][\n]"
22:00:32.666 [main] DEBUG org.apache.http.wire -  << "CF-RAY: 7b850f04ed4840a6-SIN[\r][\n]"
22:00:32.666 [main] DEBUG org.apache.http.wire -  << "Content-Encoding: gzip[\r][\n]"
22:00:32.666 [main] DEBUG org.apache.http.wire -  << "alt-svc: h3=":443"; ma=86400, h3-29=":443"; ma=86400[\r][\n]"
22:00:32.666 [main] DEBUG org.apache.http.wire -  << "[\r][\n]"
22:00:32.666 [main] DEBUG org.apache.http.impl.conn.DefaultClientConnection - Receiving response: HTTP/1.1 404 Not Found
22:00:32.666 [main] DEBUG org.apache.http.headers - << HTTP/1.1 404 Not Found
22:00:32.666 [main] DEBUG org.apache.http.headers - << Date: Sat, 15 Apr 2023 15:00:32 GMT
22:00:32.666 [main] DEBUG org.apache.http.headers - << Content-Type: text/html; charset=utf-8
22:00:32.666 [main] DEBUG org.apache.http.headers - << Transfer-Encoding: chunked
22:00:32.666 [main] DEBUG org.apache.http.headers - << Connection: keep-alive
22:00:32.666 [main] DEBUG org.apache.http.headers - << Access-Control-Allow-Origin: *
22:00:32.666 [main] DEBUG org.apache.http.headers - << Content-Security-Policy: default-src 'none'
22:00:32.666 [main] DEBUG org.apache.http.headers - << X-Content-Type-Options: nosniff
22:00:32.666 [main] DEBUG org.apache.http.headers - << X-Powered-By: Express
22:00:32.666 [main] DEBUG org.apache.http.headers - << CF-Cache-Status: DYNAMIC
22:00:32.666 [main] DEBUG org.apache.http.headers - << Report-To: {"endpoints":[{"url":"https:\/\/a.nel.cloudflare.com\/report\/v3?s=2tZfHkjNYGj61kQid5YK9wS1dfmtCcftvcWdA1mmvI1MxjelbWtmb8zwGtdl5C4iG%2BEvlbN5tOAJuNo9cioziPvsuxLYH9w2ENnLqOxMPPKVeBC7Zt6iTNBNA47X4hNWwkPe"}],"group":"cf-nel","max_age":604800}
22:00:32.666 [main] DEBUG org.apache.http.headers - << NEL: {"success_fraction":0,"report_to":"cf-nel","max_age":604800}
22:00:32.666 [main] DEBUG org.apache.http.headers - << Server: cloudflare
22:00:32.666 [main] DEBUG org.apache.http.headers - << CF-RAY: 7b850f04ed4840a6-SIN
22:00:32.666 [main] DEBUG org.apache.http.headers - << Content-Encoding: gzip
22:00:32.666 [main] DEBUG org.apache.http.headers - << alt-svc: h3=":443"; ma=86400, h3-29=":443"; ma=86400
22:00:32.666 [main] DEBUG org.apache.http.impl.client.DefaultHttpClient - Connection can be kept alive indefinitely
22:00:32.666 [main] DEBUG io.restassured.internal.RestAssuredHttpBuilder - Parsing response as: text/html; charset=utf-8
22:00:32.666 [main] DEBUG org.apache.http.wire -  << "8e[\r][\n]"
22:00:32.666 [main] DEBUG org.apache.http.wire -  << "[0x1f][0x8b][0x8][0x0][0x0][0x0][0x0][0x0][0x0][0x3],[0x8e][0xbd][0xe][0xc2]0[0xc][0x84][0xf7]<E[0xc8][0x8e][0xbc]2[0xb8]YJ[0xc4][0x8]C[0x17]F[0xb7]5)(M[0x90]1By{[0x14][0xe8]t[0xba][0x9f]O:[0xdc][0x1d][0xcf][0xfd]p[0xbd][0x4][0xbb][0xe8][0x9a][0xbc][0xc1]&6Q[0x8e][0x9d][0xe3][0xec]Z[0xc0]4{[0x83]++[0xd9]i!y[0xb1]v[0xee][0xad][0xb7][0xfd][0xa1][0xb5]z[0xd7][0xc4]>[0x88][0x14]A[0xf8][0x1b][0x83][0xb0]1c[0x99][0xab]7[0xf8][0x14][0xf6]=[0xe5]\[0xd4][0x9e][0xc2]`a$[0xa1][0x1c]a"[0xe5]X[0xa4][0xc2][0x83]?[0x9c][0xa4]"[0xb4][0xa1]A[0xd8]0[0xf8]=[0xfa][0x2][0x0][0x0][0xff][0xff]"
22:00:32.666 [main] DEBUG org.apache.http.wire -  << "[\r][\n]"
22:00:32.666 [main] DEBUG org.apache.http.wire -  << "b[\r][\n]"
22:00:32.666 [main] DEBUG org.apache.http.wire -  << "[0xe3][0x2][0x0][0x9b][0xcb][0xec][0x99][0xa2][0x0][0x0][0x0]"
22:00:32.666 [main] DEBUG org.apache.http.wire -  << "[\r][\n]"
22:00:32.666 [main] DEBUG org.apache.http.wire -  << "0[\r][\n]"
22:00:32.666 [main] DEBUG org.apache.http.wire -  << "[\r][\n]"
22:00:32.666 [main] DEBUG io.restassured.internal.RestAssuredHttpBuilder - Parsed data to instance of: class org.apache.http.conn.EofSensorInputStream
22:00:32.667 [main] DEBUG org.apache.http.impl.conn.BasicClientConnectionManager - Releasing connection org.apache.http.impl.conn.ManagedClientConnectionImpl@35b70f9d
22:00:32.667 [main] DEBUG org.apache.http.impl.conn.BasicClientConnectionManager - Connection can be kept alive indefinitely
22:00:32.668 [main] DEBUG net.thucydides.core.steps.StepInterceptor - STEP DONE: I GET wrong HTTP request categories product data
  &amp#27;[32mWhen &amp#27;[0m&amp#27;[32mI GET wrong HTTP request categories product data&amp#27;[0m                &amp#27;[90m# starter.stepdefinition.ProductSteps.getWrongCategoriesProductRequest()&amp#27;[0m
22:00:32.671 [main] DEBUG net.thucydides.core.steps.StepInterceptor - STARTING STEP: ProductSteps.responseCategoriesValid404 - I receive invalid get categories product HTTP response code 404
22:00:32.672 [main] DEBUG net.thucydides.core.steps.StepInterceptor - STEP DONE: I receive invalid get categories product HTTP response code 404
  &amp#27;[32mThen &amp#27;[0m&amp#27;[32mI receive invalid get categories product HTTP response code 404&amp#27;[0m &amp#27;[90m# starter.stepdefinition.ProductSteps.responseCategoriesValid404()&amp#27;[0m
22:00:32.674 [main] INFO  - 
  _____   ___   ___   _____     ___     _     ___   ___   ___   ___  
 |_   _| | __| / __| |_   _|   | _ \   /_\   / __| / __| | __| |   \ 
   | |   | _|  \__ \   | |     |  _/  / _ \  \__ \ \__ \ | _|  | |) |
   |_|   |___| |___/   |_|     |_|   /_/ \_\ |___/ |___/ |___| |___/ 

PRODUCT - GET in categories product
----------------------------------------------------------------------
]]></system-out>
  </testcase>
  <testcase name="PRODUCT - POST new product with valid data" classname="Product" time="0.579">
    <system-out><![CDATA[
Scenario: PRODUCT - POST new product with valid data &amp#27;[90m# src/test/resources/api/product.feature:67&amp#27;[0m
22:00:32.691 [main] INFO io.cucumber.core.plugin.SerenityReporter - Running feature from file:///C:/Users/User/IdeaProjects/CodeCompetence2/src/test/resources/api/product.feature
22:00:32.691 [main] WARN io.cucumber.core.plugin.SerenityReporter - Feature from file:///C:/Users/User/IdeaProjects/CodeCompetence2/src/test/resources/api/product.feature is not under the 'features' directory. Requirements report will not be correctly generated!
22:00:32.694 [main] INFO  - 
  _____   ___   ___   _____     ___   _____     _     ___   _____   ___   ___  
 |_   _| | __| / __| |_   _|   / __| |_   _|   /_\   | _ \ |_   _| | __| |   \ 
   | |   | _|  \__ \   | |     \__ \   | |    / _ \  |   /   | |   | _|  | |) |
   |_|   |___| |___/   |_|     |___/   |_|   /_/ \_\ |_|_\   |_|   |___| |___/ 

PRODUCT - POST new product with valid data(product;product---post-new-product-with-valid-data)
--------------------------------------------------------------------------------
22:00:32.706 [main] DEBUG net.thucydides.core.steps.StepInterceptor - STARTING STEP: ProductSteps.setPostHTTPEndpoint - I POST API product endpoints
22:00:32.706 [main] DEBUG net.thucydides.core.steps.StepInterceptor - STEP DONE: I POST API product endpoints
  &amp#27;[32mGiven &amp#27;[0m&amp#27;[32mI POST API product endpoints&amp#27;[0m                 &amp#27;[90m# starter.stepdefinition.ProductSteps.setPostHTTPEndpoint()&amp#27;[0m
22:00:32.709 [main] DEBUG net.thucydides.core.steps.StepInterceptor - STARTING STEP: ProductSteps.postHTTPrequestUrl - I POST HTTP request with valid data
22:00:32.711 [main] DEBUG net.thucydides.core.steps.StepInterceptor - STARTING STEP: Product.postHTTPRequest - I POST API product endpoints
22:00:32.712 [main] DEBUG net.thucydides.core.steps.StepInterceptor - STEP DONE: I POST API product endpoints
22:00:32.725 [main] DEBUG org.apache.http.impl.conn.BasicClientConnectionManager - Get connection for route {s}->https://fakestoreapi.com:443
22:00:32.725 [main] DEBUG org.apache.http.impl.conn.DefaultClientConnectionOperator - Connecting to fakestoreapi.com:443
22:00:32.803 [main] DEBUG org.apache.http.client.protocol.RequestAddCookies - CookieSpec selected: ignoreCookies
22:00:32.803 [main] DEBUG org.apache.http.client.protocol.RequestAuthCache - Auth cache not set in the context
22:00:32.803 [main] DEBUG org.apache.http.client.protocol.RequestTargetAuthentication - Target auth state: UNCHALLENGED
22:00:32.803 [main] DEBUG org.apache.http.client.protocol.RequestProxyAuthentication - Proxy auth state: UNCHALLENGED
22:00:32.803 [main] DEBUG org.apache.http.impl.client.DefaultHttpClient - Attempt 1 to execute request
22:00:32.803 [main] DEBUG org.apache.http.impl.conn.DefaultClientConnection - Sending request: POST /products HTTP/1.1
22:00:32.803 [main] DEBUG org.apache.http.wire -  >> "POST /products HTTP/1.1[\r][\n]"
22:00:32.803 [main] DEBUG org.apache.http.wire -  >> "Accept: */*[\r][\n]"
22:00:32.803 [main] DEBUG org.apache.http.wire -  >> "Content-Type: application/json[\r][\n]"
22:00:32.803 [main] DEBUG org.apache.http.wire -  >> "Content-Length: 129[\r][\n]"
22:00:32.803 [main] DEBUG org.apache.http.wire -  >> "Host: fakestoreapi.com[\r][\n]"
22:00:32.803 [main] DEBUG org.apache.http.wire -  >> "Connection: Keep-Alive[\r][\n]"
22:00:32.803 [main] DEBUG org.apache.http.wire -  >> "User-Agent: Apache-HttpClient/4.5.13 (Java/19.0.2)[\r][\n]"
22:00:32.803 [main] DEBUG org.apache.http.wire -  >> "Accept-Encoding: gzip,deflate[\r][\n]"
22:00:32.803 [main] DEBUG org.apache.http.wire -  >> "[\r][\n]"
22:00:32.803 [main] DEBUG org.apache.http.headers - >> POST /products HTTP/1.1
22:00:32.803 [main] DEBUG org.apache.http.headers - >> Accept: */*
22:00:32.803 [main] DEBUG org.apache.http.headers - >> Content-Type: application/json
22:00:32.803 [main] DEBUG org.apache.http.headers - >> Content-Length: 129
22:00:32.803 [main] DEBUG org.apache.http.headers - >> Host: fakestoreapi.com
22:00:32.803 [main] DEBUG org.apache.http.headers - >> Connection: Keep-Alive
22:00:32.803 [main] DEBUG org.apache.http.headers - >> User-Agent: Apache-HttpClient/4.5.13 (Java/19.0.2)
22:00:32.803 [main] DEBUG org.apache.http.headers - >> Accept-Encoding: gzip,deflate
22:00:32.803 [main] DEBUG org.apache.http.wire -  >> "{"image":"https:\/\/i.pravatar.cc","price":"13.5","description":"lorem ipsum set","title":"test product","category":"eceltronic"}"
22:00:33.189 [main] DEBUG org.apache.http.wire -  << "HTTP/1.1 200 OK[\r][\n]"
22:00:33.189 [main] DEBUG org.apache.http.wire -  << "Date: Sat, 15 Apr 2023 15:00:32 GMT[\r][\n]"
22:00:33.189 [main] DEBUG org.apache.http.wire -  << "Content-Type: application/json; charset=utf-8[\r][\n]"
22:00:33.189 [main] DEBUG org.apache.http.wire -  << "Transfer-Encoding: chunked[\r][\n]"
22:00:33.189 [main] DEBUG org.apache.http.wire -  << "Connection: keep-alive[\r][\n]"
22:00:33.189 [main] DEBUG org.apache.http.wire -  << "Access-Control-Allow-Origin: *[\r][\n]"
22:00:33.189 [main] DEBUG org.apache.http.wire -  << "Etag: W/"87-7Suh5RVaa7gsAgY4/Ohdx+mHDy0"[\r][\n]"
22:00:33.189 [main] DEBUG org.apache.http.wire -  << "X-Powered-By: Express[\r][\n]"
22:00:33.189 [main] DEBUG org.apache.http.wire -  << "CF-Cache-Status: DYNAMIC[\r][\n]"
22:00:33.189 [main] DEBUG org.apache.http.wire -  << "Report-To: {"endpoints":[{"url":"https:\/\/a.nel.cloudflare.com\/report\/v3?s=bet24aY8BzQtfDjh1F2iQAcA8K4u5YsslHUCLiCgXGUmWT62JYqlaM9swfKieXH3yg1MM8NbxAN7W997wT%2BVf9sLpOa%2FMXqvsm91d9vFs1fnW6Ax7zr9afEuw5eLeOcsxg%2Fz"}],"group":"cf-nel","max_age":604800}[\r][\n]"
22:00:33.189 [main] DEBUG org.apache.http.wire -  << "NEL: {"success_fraction":0,"report_to":"cf-nel","max_age":604800}[\r][\n]"
22:00:33.189 [main] DEBUG org.apache.http.wire -  << "Server: cloudflare[\r][\n]"
22:00:33.189 [main] DEBUG org.apache.http.wire -  << "CF-RAY: 7b850f081ee53d81-SIN[\r][\n]"
22:00:33.189 [main] DEBUG org.apache.http.wire -  << "Content-Encoding: gzip[\r][\n]"
22:00:33.189 [main] DEBUG org.apache.http.wire -  << "alt-svc: h3=":443"; ma=86400, h3-29=":443"; ma=86400[\r][\n]"
22:00:33.189 [main] DEBUG org.apache.http.wire -  << "[\r][\n]"
22:00:33.189 [main] DEBUG org.apache.http.impl.conn.DefaultClientConnection - Receiving response: HTTP/1.1 200 OK
22:00:33.189 [main] DEBUG org.apache.http.headers - << HTTP/1.1 200 OK
22:00:33.189 [main] DEBUG org.apache.http.headers - << Date: Sat, 15 Apr 2023 15:00:32 GMT
22:00:33.189 [main] DEBUG org.apache.http.headers - << Content-Type: application/json; charset=utf-8
22:00:33.189 [main] DEBUG org.apache.http.headers - << Transfer-Encoding: chunked
22:00:33.189 [main] DEBUG org.apache.http.headers - << Connection: keep-alive
22:00:33.189 [main] DEBUG org.apache.http.headers - << Access-Control-Allow-Origin: *
22:00:33.189 [main] DEBUG org.apache.http.headers - << Etag: W/"87-7Suh5RVaa7gsAgY4/Ohdx+mHDy0"
22:00:33.189 [main] DEBUG org.apache.http.headers - << X-Powered-By: Express
22:00:33.189 [main] DEBUG org.apache.http.headers - << CF-Cache-Status: DYNAMIC
22:00:33.189 [main] DEBUG org.apache.http.headers - << Report-To: {"endpoints":[{"url":"https:\/\/a.nel.cloudflare.com\/report\/v3?s=bet24aY8BzQtfDjh1F2iQAcA8K4u5YsslHUCLiCgXGUmWT62JYqlaM9swfKieXH3yg1MM8NbxAN7W997wT%2BVf9sLpOa%2FMXqvsm91d9vFs1fnW6Ax7zr9afEuw5eLeOcsxg%2Fz"}],"group":"cf-nel","max_age":604800}
22:00:33.189 [main] DEBUG org.apache.http.headers - << NEL: {"success_fraction":0,"report_to":"cf-nel","max_age":604800}
22:00:33.189 [main] DEBUG org.apache.http.headers - << Server: cloudflare
22:00:33.189 [main] DEBUG org.apache.http.headers - << CF-RAY: 7b850f081ee53d81-SIN
22:00:33.189 [main] DEBUG org.apache.http.headers - << Content-Encoding: gzip
22:00:33.189 [main] DEBUG org.apache.http.headers - << alt-svc: h3=":443"; ma=86400, h3-29=":443"; ma=86400
22:00:33.189 [main] DEBUG org.apache.http.impl.client.DefaultHttpClient - Connection can be kept alive indefinitely
22:00:33.189 [main] DEBUG io.restassured.internal.RestAssuredHttpBuilder - Parsing response as: application/json; charset=utf-8
22:00:33.189 [main] DEBUG org.apache.http.wire -  << "83[\r][\n]"
22:00:33.189 [main] DEBUG org.apache.http.wire -  << "[0x1f][0x8b][0x8][0x0][0x0][0x0][0x0][0x0][0x0][0x3][0x14][0xca]A[\n]"
22:00:33.189 [main] DEBUG org.apache.http.wire -  << "[0x3]![0xc][0x5][0xd0][0xab][0xc8]_[0x8b][0xc3][0xb4]t[0xe3]m$[0x86][0x99][0x80][0x8e]!f[\n]"
22:00:33.189 [main] DEBUG org.apache.http.wire -  << "[0xa5][0xf4][0xee][0xc5][0xed][0xe3]}![0x15][0xf9][0xb1]G[0xb8]xcd8O[0xf]j[0xa3][0xde][0xe4][0x88]P[0x13]Z[0xbc]?[0xd3][0xb][0x11][0x95]'[0x99][0xa8][0xcb][0xb8][0x90][0xd1][0x86]q[0xf][0xa2][0xf3][0xee]a[0xf2][0xea][0xd2][0xcb][0xb1][0xfa][0xe9][0xae]3o[0x9b]$[0xb5][0xf2].^,[0x11]![0x82][0x8a][0xf3]1[0xec][0x83][0xc]&nn[0xe3][0x12][0xc2][0xef][0xf][0x0][0x0][0xff][0xff][0x3][0x0][0x95]|[0xb7]9[0x87][0x0][0x0][0x0]"
22:00:33.189 [main] DEBUG org.apache.http.wire -  << "[\r][\n]"
22:00:33.231 [main] DEBUG org.apache.http.wire -  << "0[\r][\n]"
22:00:33.231 [main] DEBUG org.apache.http.wire -  << "[\r][\n]"
22:00:33.231 [main] DEBUG io.restassured.internal.RestAssuredHttpBuilder - Parsed data to instance of: class org.apache.http.conn.EofSensorInputStream
22:00:33.233 [main] DEBUG org.apache.http.impl.conn.BasicClientConnectionManager - Releasing connection org.apache.http.impl.conn.ManagedClientConnectionImpl@5e89e527
22:00:33.233 [main] DEBUG org.apache.http.impl.conn.BasicClientConnectionManager - Connection can be kept alive indefinitely
22:00:33.233 [main] DEBUG net.thucydides.core.steps.StepInterceptor - STEP DONE: I POST HTTP request with valid data
  &amp#27;[32mWhen &amp#27;[0m&amp#27;[32mI POST HTTP request with valid data&amp#27;[0m           &amp#27;[90m# starter.stepdefinition.ProductSteps.postHTTPrequestUrl()&amp#27;[0m
22:00:33.237 [main] DEBUG net.thucydides.core.steps.StepInterceptor - STARTING STEP: ProductSteps.validBody - I receive valid data for new product
22:00:33.248 [main] DEBUG net.thucydides.core.steps.StepInterceptor - STEP DONE: I receive valid data for new product
  &amp#27;[32mAnd &amp#27;[0m&amp#27;[32mI receive valid data for new product&amp#27;[0m           &amp#27;[90m# starter.stepdefinition.ProductSteps.validBody()&amp#27;[0m
22:00:33.251 [main] DEBUG net.thucydides.core.steps.StepInterceptor - STARTING STEP: ProductSteps.responsePost200 - I receive valid HTTP response code 200
22:00:33.252 [main] DEBUG net.thucydides.core.steps.StepInterceptor - STEP DONE: I receive valid HTTP response code 200
  &amp#27;[32mThen &amp#27;[0m&amp#27;[32mI receive valid HTTP response 200&amp#27;[0m             &amp#27;[90m# starter.stepdefinition.ProductSteps.responsePost200()&amp#27;[0m
22:00:33.253 [main] INFO  - 
  _____   ___   ___   _____     ___     _     ___   ___   ___   ___  
 |_   _| | __| / __| |_   _|   | _ \   /_\   / __| / __| | __| |   \ 
   | |   | _|  \__ \   | |     |  _/  / _ \  \__ \ \__ \ | _|  | |) |
   |_|   |___| |___/   |_|     |_|   /_/ \_\ |___/ |___/ |___| |___/ 

PRODUCT - POST new product with valid data
----------------------------------------------------------------------
]]></system-out>
  </testcase>
  <testcase name="PRODUCT - POST new product with invalid data" classname="Product" time="0.494">
    <system-out><![CDATA[
Scenario: PRODUCT - POST new product with invalid data &amp#27;[90m# src/test/resources/api/product.feature:73&amp#27;[0m
22:00:33.270 [main] INFO io.cucumber.core.plugin.SerenityReporter - Running feature from file:///C:/Users/User/IdeaProjects/CodeCompetence2/src/test/resources/api/product.feature
22:00:33.270 [main] WARN io.cucumber.core.plugin.SerenityReporter - Feature from file:///C:/Users/User/IdeaProjects/CodeCompetence2/src/test/resources/api/product.feature is not under the 'features' directory. Requirements report will not be correctly generated!
22:00:33.272 [main] INFO  - 
  _____   ___   ___   _____     ___   _____     _     ___   _____   ___   ___  
 |_   _| | __| / __| |_   _|   / __| |_   _|   /_\   | _ \ |_   _| | __| |   \ 
   | |   | _|  \__ \   | |     \__ \   | |    / _ \  |   /   | |   | _|  | |) |
   |_|   |___| |___/   |_|     |___/   |_|   /_/ \_\ |_|_\   |_|   |___| |___/ 

PRODUCT - POST new product with invalid data(product;product---post-new-product-with-invalid-data)
--------------------------------------------------------------------------------
22:00:33.281 [main] DEBUG net.thucydides.core.steps.StepInterceptor - STARTING STEP: ProductSteps.setPostApiEndpoint - I POST the API product endpoints
22:00:33.281 [main] DEBUG net.thucydides.core.steps.StepInterceptor - STEP DONE: I POST the API product endpoints
  &amp#27;[32mGiven &amp#27;[0m&amp#27;[32mI POST the API product endpoints&amp#27;[0m               &amp#27;[90m# starter.stepdefinition.ProductSteps.setPostApiEndpoint()&amp#27;[0m
22:00:33.286 [main] DEBUG net.thucydides.core.steps.StepInterceptor - STARTING STEP: ProductSteps.postWrongHttpRequest - I POST wrong HTTP request with valid data
22:00:33.288 [main] DEBUG net.thucydides.core.steps.StepInterceptor - STARTING STEP: Product.postWrongHttpRequest - I POST the API product endpoints
22:00:33.288 [main] DEBUG net.thucydides.core.steps.StepInterceptor - STEP DONE: I POST the API product endpoints
22:00:33.297 [main] DEBUG org.apache.http.impl.conn.BasicClientConnectionManager - Get connection for route {s}->https://fakestoreapi.com:443
22:00:33.297 [main] DEBUG org.apache.http.impl.conn.DefaultClientConnectionOperator - Connecting to fakestoreapi.com:443
22:00:33.375 [main] DEBUG org.apache.http.client.protocol.RequestAddCookies - CookieSpec selected: ignoreCookies
22:00:33.375 [main] DEBUG org.apache.http.client.protocol.RequestAuthCache - Auth cache not set in the context
22:00:33.375 [main] DEBUG org.apache.http.client.protocol.RequestTargetAuthentication - Target auth state: UNCHALLENGED
22:00:33.375 [main] DEBUG org.apache.http.client.protocol.RequestProxyAuthentication - Proxy auth state: UNCHALLENGED
22:00:33.375 [main] DEBUG org.apache.http.impl.client.DefaultHttpClient - Attempt 1 to execute request
22:00:33.375 [main] DEBUG org.apache.http.impl.conn.DefaultClientConnection - Sending request: POST /barang HTTP/1.1
22:00:33.380 [main] DEBUG org.apache.http.wire -  >> "POST /barang HTTP/1.1[\r][\n]"
22:00:33.380 [main] DEBUG org.apache.http.wire -  >> "Accept: */*[\r][\n]"
22:00:33.380 [main] DEBUG org.apache.http.wire -  >> "Content-Type: application/json[\r][\n]"
22:00:33.380 [main] DEBUG org.apache.http.wire -  >> "Content-Length: 129[\r][\n]"
22:00:33.380 [main] DEBUG org.apache.http.wire -  >> "Host: fakestoreapi.com[\r][\n]"
22:00:33.380 [main] DEBUG org.apache.http.wire -  >> "Connection: Keep-Alive[\r][\n]"
22:00:33.380 [main] DEBUG org.apache.http.wire -  >> "User-Agent: Apache-HttpClient/4.5.13 (Java/19.0.2)[\r][\n]"
22:00:33.380 [main] DEBUG org.apache.http.wire -  >> "Accept-Encoding: gzip,deflate[\r][\n]"
22:00:33.380 [main] DEBUG org.apache.http.wire -  >> "[\r][\n]"
22:00:33.380 [main] DEBUG org.apache.http.headers - >> POST /barang HTTP/1.1
22:00:33.380 [main] DEBUG org.apache.http.headers - >> Accept: */*
22:00:33.380 [main] DEBUG org.apache.http.headers - >> Content-Type: application/json
22:00:33.380 [main] DEBUG org.apache.http.headers - >> Content-Length: 129
22:00:33.380 [main] DEBUG org.apache.http.headers - >> Host: fakestoreapi.com
22:00:33.380 [main] DEBUG org.apache.http.headers - >> Connection: Keep-Alive
22:00:33.380 [main] DEBUG org.apache.http.headers - >> User-Agent: Apache-HttpClient/4.5.13 (Java/19.0.2)
22:00:33.380 [main] DEBUG org.apache.http.headers - >> Accept-Encoding: gzip,deflate
22:00:33.380 [main] DEBUG org.apache.http.wire -  >> "{"image":"https:\/\/i.pravatar.cc","price":"13.5","description":"lorem ipsum set","title":"test product","category":"eceltronic"}"
22:00:33.381 [Finalizer] DEBUG org.apache.http.impl.conn.DefaultClientConnection - Connection 0.0.0.0:57079<->172.67.130.225:443 closed
22:00:33.381 [Finalizer] DEBUG org.apache.http.impl.conn.DefaultClientConnection - Connection 0.0.0.0:57078<->172.67.130.225:443 closed
22:00:33.381 [Finalizer] DEBUG org.apache.http.impl.conn.DefaultClientConnection - Connection 0.0.0.0:57077<->172.67.130.225:443 closed
22:00:33.382 [Finalizer] DEBUG org.apache.http.impl.conn.DefaultClientConnection - Connection 0.0.0.0:57076<->172.67.130.225:443 closed
22:00:33.382 [Finalizer] DEBUG org.apache.http.impl.conn.DefaultClientConnection - Connection 0.0.0.0:57081<->172.67.130.225:443 closed
22:00:33.383 [Finalizer] DEBUG org.apache.http.impl.conn.DefaultClientConnection - Connection 0.0.0.0:57080<->172.67.130.225:443 closed
22:00:33.383 [Finalizer] DEBUG org.apache.http.impl.conn.DefaultClientConnection - Connection 0.0.0.0:57085<->172.67.130.225:443 closed
22:00:33.383 [Finalizer] DEBUG org.apache.http.impl.conn.DefaultClientConnection - Connection 0.0.0.0:57084<->172.67.130.225:443 closed
22:00:33.384 [Finalizer] DEBUG org.apache.http.impl.conn.DefaultClientConnection - Connection 0.0.0.0:57083<->172.67.130.225:443 closed
22:00:33.384 [Finalizer] DEBUG org.apache.http.impl.conn.DefaultClientConnection - Connection 0.0.0.0:57082<->172.67.130.225:443 closed
22:00:33.737 [main] DEBUG org.apache.http.wire -  << "HTTP/1.1 404 Not Found[\r][\n]"
22:00:33.737 [main] DEBUG org.apache.http.wire -  << "Date: Sat, 15 Apr 2023 15:00:33 GMT[\r][\n]"
22:00:33.737 [main] DEBUG org.apache.http.wire -  << "Content-Type: text/html; charset=utf-8[\r][\n]"
22:00:33.737 [main] DEBUG org.apache.http.wire -  << "Transfer-Encoding: chunked[\r][\n]"
22:00:33.737 [main] DEBUG org.apache.http.wire -  << "Connection: keep-alive[\r][\n]"
22:00:33.737 [main] DEBUG org.apache.http.wire -  << "Access-Control-Allow-Origin: *[\r][\n]"
22:00:33.737 [main] DEBUG org.apache.http.wire -  << "Content-Security-Policy: default-src 'none'[\r][\n]"
22:00:33.737 [main] DEBUG org.apache.http.wire -  << "X-Content-Type-Options: nosniff[\r][\n]"
22:00:33.737 [main] DEBUG org.apache.http.wire -  << "X-Powered-By: Express[\r][\n]"
22:00:33.737 [main] DEBUG org.apache.http.wire -  << "CF-Cache-Status: DYNAMIC[\r][\n]"
22:00:33.737 [main] DEBUG org.apache.http.wire -  << "Report-To: {"endpoints":[{"url":"https:\/\/a.nel.cloudflare.com\/report\/v3?s=1V2QeCnfs3%2BG3WeWnW46qdLZBzAJWNf3PI31kIB5BB%2BupOO%2FiU5l51vDCede6huwyvw%2F2yXCROmkaEL1p%2B%2B6RnyGekxXPngFwY%2BXCgH8VaavbpjQScmeKHjHHd%2B8yDE%2ByP1b"}],"group":"cf-nel","max_age":604800}[\r][\n]"
22:00:33.737 [main] DEBUG org.apache.http.wire -  << "NEL: {"success_fraction":0,"report_to":"cf-nel","max_age":604800}[\r][\n]"
22:00:33.737 [main] DEBUG org.apache.http.wire -  << "Server: cloudflare[\r][\n]"
22:00:33.737 [main] DEBUG org.apache.http.wire -  << "CF-RAY: 7b850f0bba7244a1-SIN[\r][\n]"
22:00:33.737 [main] DEBUG org.apache.http.wire -  << "Content-Encoding: gzip[\r][\n]"
22:00:33.737 [main] DEBUG org.apache.http.wire -  << "alt-svc: h3=":443"; ma=86400, h3-29=":443"; ma=86400[\r][\n]"
22:00:33.737 [main] DEBUG org.apache.http.wire -  << "[\r][\n]"
22:00:33.737 [main] DEBUG org.apache.http.impl.conn.DefaultClientConnection - Receiving response: HTTP/1.1 404 Not Found
22:00:33.737 [main] DEBUG org.apache.http.headers - << HTTP/1.1 404 Not Found
22:00:33.737 [main] DEBUG org.apache.http.headers - << Date: Sat, 15 Apr 2023 15:00:33 GMT
22:00:33.737 [main] DEBUG org.apache.http.headers - << Content-Type: text/html; charset=utf-8
22:00:33.737 [main] DEBUG org.apache.http.headers - << Transfer-Encoding: chunked
22:00:33.737 [main] DEBUG org.apache.http.headers - << Connection: keep-alive
22:00:33.737 [main] DEBUG org.apache.http.headers - << Access-Control-Allow-Origin: *
22:00:33.737 [main] DEBUG org.apache.http.headers - << Content-Security-Policy: default-src 'none'
22:00:33.737 [main] DEBUG org.apache.http.headers - << X-Content-Type-Options: nosniff
22:00:33.737 [main] DEBUG org.apache.http.headers - << X-Powered-By: Express
22:00:33.737 [main] DEBUG org.apache.http.headers - << CF-Cache-Status: DYNAMIC
22:00:33.737 [main] DEBUG org.apache.http.headers - << Report-To: {"endpoints":[{"url":"https:\/\/a.nel.cloudflare.com\/report\/v3?s=1V2QeCnfs3%2BG3WeWnW46qdLZBzAJWNf3PI31kIB5BB%2BupOO%2FiU5l51vDCede6huwyvw%2F2yXCROmkaEL1p%2B%2B6RnyGekxXPngFwY%2BXCgH8VaavbpjQScmeKHjHHd%2B8yDE%2ByP1b"}],"group":"cf-nel","max_age":604800}
22:00:33.737 [main] DEBUG org.apache.http.headers - << NEL: {"success_fraction":0,"report_to":"cf-nel","max_age":604800}
22:00:33.737 [main] DEBUG org.apache.http.headers - << Server: cloudflare
22:00:33.737 [main] DEBUG org.apache.http.headers - << CF-RAY: 7b850f0bba7244a1-SIN
22:00:33.737 [main] DEBUG org.apache.http.headers - << Content-Encoding: gzip
22:00:33.737 [main] DEBUG org.apache.http.headers - << alt-svc: h3=":443"; ma=86400, h3-29=":443"; ma=86400
22:00:33.737 [main] DEBUG org.apache.http.impl.client.DefaultHttpClient - Connection can be kept alive indefinitely
22:00:33.737 [main] DEBUG io.restassured.internal.RestAssuredHttpBuilder - Parsing response as: text/html; charset=utf-8
22:00:33.737 [main] DEBUG org.apache.http.wire -  << "8f[\r][\n]"
22:00:33.737 [main] DEBUG org.apache.http.wire -  << "[0x1f][0x8b][0x8][0x0][0x0][0x0][0x0][0x0][0x0][0x3],[0x8e][0xb1][0xe][0xc2]0[0xc]D[0xf7]|[0x85][0xc9][0x8e][0xbc]2[0xb8]YJ[0xe7]V[0xa2][0xb][0xa3]KM[0x8b][0x94]:[0xc8][0x98][0x81][0xbf]G[0x81]N[0xa7][0xbb]w'[0x1d][0x1d][0xce]};^[0x87][0xe]V[0xdf]r[\n]"
22:00:33.737 [main] DEBUG org.apache.http.wire -  << "T[0x5]2[0xeb][0xd2]D[0xd1]X[0x3][0xe1]9[0x5][0xda][0xc4][0x19]n+[0xdb]K[0xbc][0x89]o[0xbf][0x1f]O[0x95][0xfa][0xc3][0xb3][0xa4][0xce][0xac][0x18][0xe1][0xdf][0x4][0xc2]}3[0x95][0xf9][0x93][0x2]=MR[0xcb][0xaa][0xc5]a[0xe8]/#[0xe0][0xc4][0xc6][0xba][0x10]V[0x10][0x8][0xf7][0x1a][0xfe][0x1e]|[0x1][0x0][0x0][0xff][0xff][0xe3][0x2][0x0][0xfc][0xa7]"[\n]"
22:00:33.737 [main] DEBUG org.apache.http.wire -  << "[0x92][0x0][0x0][0x0]"
22:00:33.737 [main] DEBUG org.apache.http.wire -  << "[\r][\n]"
22:00:33.737 [main] DEBUG org.apache.http.wire -  << "0[\r][\n]"
22:00:33.737 [main] DEBUG org.apache.http.wire -  << "[\r][\n]"
22:00:33.737 [main] DEBUG io.restassured.internal.RestAssuredHttpBuilder - Parsed data to instance of: class org.apache.http.conn.EofSensorInputStream
22:00:33.739 [main] DEBUG org.apache.http.impl.conn.BasicClientConnectionManager - Releasing connection org.apache.http.impl.conn.ManagedClientConnectionImpl@39d44217
22:00:33.739 [main] DEBUG org.apache.http.impl.conn.BasicClientConnectionManager - Connection can be kept alive indefinitely
22:00:33.740 [main] DEBUG net.thucydides.core.steps.StepInterceptor - STEP DONE: I POST wrong HTTP request with valid data
  &amp#27;[32mWhen &amp#27;[0m&amp#27;[32mI POST wrong HTTP request with valid data&amp#27;[0m       &amp#27;[90m# starter.stepdefinition.ProductSteps.postWrongHttpRequest()&amp#27;[0m
22:00:33.745 [main] DEBUG net.thucydides.core.steps.StepInterceptor - STARTING STEP: ProductSteps.validResponsePost200 - I receive invalid response code 404
22:00:33.746 [main] DEBUG net.thucydides.core.steps.StepInterceptor - STEP DONE: I receive invalid response code 404
  &amp#27;[32mThen &amp#27;[0m&amp#27;[32mI receive invalid response code 404&amp#27;[0m             &amp#27;[90m# starter.stepdefinition.ProductSteps.validResponsePost200()&amp#27;[0m
22:00:33.749 [main] INFO  - 
  _____   ___   ___   _____     ___     _     ___   ___   ___   ___  
 |_   _| | __| / __| |_   _|   | _ \   /_\   / __| / __| | __| |   \ 
   | |   | _|  \__ \   | |     |  _/  / _ \  \__ \ \__ \ | _|  | |) |
   |_|   |___| |___/   |_|     |_|   /_/ \_\ |___/ |___/ |___| |___/ 

PRODUCT - POST new product with invalid data
----------------------------------------------------------------------
]]></system-out>
  </testcase>
  <testcase name="PRODUCT - PUT existing product" classname="Product" time="0.55">
    <system-out><![CDATA[
Scenario: PRODUCT - PUT existing product       &amp#27;[90m# src/test/resources/api/product.feature:78&amp#27;[0m
22:00:33.763 [main] INFO io.cucumber.core.plugin.SerenityReporter - Running feature from file:///C:/Users/User/IdeaProjects/CodeCompetence2/src/test/resources/api/product.feature
22:00:33.763 [main] WARN io.cucumber.core.plugin.SerenityReporter - Feature from file:///C:/Users/User/IdeaProjects/CodeCompetence2/src/test/resources/api/product.feature is not under the 'features' directory. Requirements report will not be correctly generated!
22:00:33.765 [main] INFO  - 
  _____   ___   ___   _____     ___   _____     _     ___   _____   ___   ___  
 |_   _| | __| / __| |_   _|   / __| |_   _|   /_\   | _ \ |_   _| | __| |   \ 
   | |   | _|  \__ \   | |     \__ \   | |    / _ \  |   /   | |   | _|  | |) |
   |_|   |___| |___/   |_|     |___/   |_|   /_/ \_\ |_|_\   |_|   |___| |___/ 

PRODUCT - PUT existing product(product;product---put-existing-product)
--------------------------------------------------------------------------------
22:00:33.776 [main] DEBUG net.thucydides.core.steps.StepInterceptor - STARTING STEP: ProductSteps.setPutApiEndpoint - I PUT API endpoints
22:00:33.776 [main] DEBUG net.thucydides.core.steps.StepInterceptor - STEP DONE: I PUT API endpoints
  &amp#27;[32mGiven &amp#27;[0m&amp#27;[32mI PUT API endpoints&amp#27;[0m                    &amp#27;[90m# starter.stepdefinition.ProductSteps.setPutApiEndpoint()&amp#27;[0m
22:00:33.780 [main] DEBUG net.thucydides.core.steps.StepInterceptor - STARTING STEP: ProductSteps.putHttpRequest - I PUT HTTP request
22:00:33.805 [main] DEBUG net.thucydides.core.steps.StepInterceptor - STARTING STEP: Product.putHTTPRequest - I POST API product endpoints
22:00:33.805 [main] DEBUG net.thucydides.core.steps.StepInterceptor - STEP DONE: I POST API product endpoints
22:00:33.817 [main] DEBUG org.apache.http.impl.conn.BasicClientConnectionManager - Get connection for route {s}->https://fakestoreapi.com:443
22:00:33.817 [main] DEBUG org.apache.http.impl.conn.DefaultClientConnectionOperator - Connecting to fakestoreapi.com:443
22:00:33.907 [main] DEBUG org.apache.http.client.protocol.RequestAddCookies - CookieSpec selected: ignoreCookies
22:00:33.907 [main] DEBUG org.apache.http.client.protocol.RequestAuthCache - Auth cache not set in the context
22:00:33.907 [main] DEBUG org.apache.http.client.protocol.RequestTargetAuthentication - Target auth state: UNCHALLENGED
22:00:33.907 [main] DEBUG org.apache.http.client.protocol.RequestProxyAuthentication - Proxy auth state: UNCHALLENGED
22:00:33.907 [main] DEBUG org.apache.http.impl.client.DefaultHttpClient - Attempt 1 to execute request
22:00:33.907 [main] DEBUG org.apache.http.impl.conn.DefaultClientConnection - Sending request: POST /products HTTP/1.1
22:00:33.907 [main] DEBUG org.apache.http.wire -  >> "POST /products HTTP/1.1[\r][\n]"
22:00:33.907 [main] DEBUG org.apache.http.wire -  >> "Accept: */*[\r][\n]"
22:00:33.907 [main] DEBUG org.apache.http.wire -  >> "Content-Type: application/json[\r][\n]"
22:00:33.907 [main] DEBUG org.apache.http.wire -  >> "Content-Length: 129[\r][\n]"
22:00:33.908 [main] DEBUG org.apache.http.wire -  >> "Host: fakestoreapi.com[\r][\n]"
22:00:33.908 [main] DEBUG org.apache.http.wire -  >> "Connection: Keep-Alive[\r][\n]"
22:00:33.908 [main] DEBUG org.apache.http.wire -  >> "User-Agent: Apache-HttpClient/4.5.13 (Java/19.0.2)[\r][\n]"
22:00:33.908 [main] DEBUG org.apache.http.wire -  >> "Accept-Encoding: gzip,deflate[\r][\n]"
22:00:33.908 [main] DEBUG org.apache.http.wire -  >> "[\r][\n]"
22:00:33.908 [main] DEBUG org.apache.http.headers - >> POST /products HTTP/1.1
22:00:33.908 [main] DEBUG org.apache.http.headers - >> Accept: */*
22:00:33.908 [main] DEBUG org.apache.http.headers - >> Content-Type: application/json
22:00:33.908 [main] DEBUG org.apache.http.headers - >> Content-Length: 129
22:00:33.908 [main] DEBUG org.apache.http.headers - >> Host: fakestoreapi.com
22:00:33.908 [main] DEBUG org.apache.http.headers - >> Connection: Keep-Alive
22:00:33.908 [main] DEBUG org.apache.http.headers - >> User-Agent: Apache-HttpClient/4.5.13 (Java/19.0.2)
22:00:33.908 [main] DEBUG org.apache.http.headers - >> Accept-Encoding: gzip,deflate
22:00:33.908 [main] DEBUG org.apache.http.wire -  >> "{"image":"https:\/\/i.pravatar.cc","price":"13.5","description":"lorem ipsum set","title":"test product","category":"eceltronic"}"
22:00:34.270 [main] DEBUG org.apache.http.wire -  << "HTTP/1.1 200 OK[\r][\n]"
22:00:34.270 [main] DEBUG org.apache.http.wire -  << "Date: Sat, 15 Apr 2023 15:00:34 GMT[\r][\n]"
22:00:34.270 [main] DEBUG org.apache.http.wire -  << "Content-Type: application/json; charset=utf-8[\r][\n]"
22:00:34.270 [main] DEBUG org.apache.http.wire -  << "Transfer-Encoding: chunked[\r][\n]"
22:00:34.270 [main] DEBUG org.apache.http.wire -  << "Connection: keep-alive[\r][\n]"
22:00:34.270 [main] DEBUG org.apache.http.wire -  << "Access-Control-Allow-Origin: *[\r][\n]"
22:00:34.270 [main] DEBUG org.apache.http.wire -  << "Etag: W/"87-7Suh5RVaa7gsAgY4/Ohdx+mHDy0"[\r][\n]"
22:00:34.270 [main] DEBUG org.apache.http.wire -  << "X-Powered-By: Express[\r][\n]"
22:00:34.270 [main] DEBUG org.apache.http.wire -  << "CF-Cache-Status: DYNAMIC[\r][\n]"
22:00:34.270 [main] DEBUG org.apache.http.wire -  << "Report-To: {"endpoints":[{"url":"https:\/\/a.nel.cloudflare.com\/report\/v3?s=75I9diMfsGlNOfNA4Z9ODaBZzJuPVR8OrgkGyxS%2BWZlcwLGKlf4vZzkNsYX5arHQxGgKg%2Fj8ipvYoCji%2Fw6EYcfLSroS1rl77PY4jJT5xwrRFgiYmOS62UUFWCNawkN98WDN"}],"group":"cf-nel","max_age":604800}[\r][\n]"
22:00:34.270 [main] DEBUG org.apache.http.wire -  << "NEL: {"success_fraction":0,"report_to":"cf-nel","max_age":604800}[\r][\n]"
22:00:34.270 [main] DEBUG org.apache.http.wire -  << "Server: cloudflare[\r][\n]"
22:00:34.270 [main] DEBUG org.apache.http.wire -  << "CF-RAY: 7b850f0f0f4fa138-SIN[\r][\n]"
22:00:34.270 [main] DEBUG org.apache.http.wire -  << "Content-Encoding: gzip[\r][\n]"
22:00:34.270 [main] DEBUG org.apache.http.wire -  << "alt-svc: h3=":443"; ma=86400, h3-29=":443"; ma=86400[\r][\n]"
22:00:34.270 [main] DEBUG org.apache.http.wire -  << "[\r][\n]"
22:00:34.270 [main] DEBUG org.apache.http.impl.conn.DefaultClientConnection - Receiving response: HTTP/1.1 200 OK
22:00:34.270 [main] DEBUG org.apache.http.headers - << HTTP/1.1 200 OK
22:00:34.270 [main] DEBUG org.apache.http.headers - << Date: Sat, 15 Apr 2023 15:00:34 GMT
22:00:34.271 [main] DEBUG org.apache.http.headers - << Content-Type: application/json; charset=utf-8
22:00:34.271 [main] DEBUG org.apache.http.headers - << Transfer-Encoding: chunked
22:00:34.271 [main] DEBUG org.apache.http.headers - << Connection: keep-alive
22:00:34.271 [main] DEBUG org.apache.http.headers - << Access-Control-Allow-Origin: *
22:00:34.271 [main] DEBUG org.apache.http.headers - << Etag: W/"87-7Suh5RVaa7gsAgY4/Ohdx+mHDy0"
22:00:34.271 [main] DEBUG org.apache.http.headers - << X-Powered-By: Express
22:00:34.271 [main] DEBUG org.apache.http.headers - << CF-Cache-Status: DYNAMIC
22:00:34.271 [main] DEBUG org.apache.http.headers - << Report-To: {"endpoints":[{"url":"https:\/\/a.nel.cloudflare.com\/report\/v3?s=75I9diMfsGlNOfNA4Z9ODaBZzJuPVR8OrgkGyxS%2BWZlcwLGKlf4vZzkNsYX5arHQxGgKg%2Fj8ipvYoCji%2Fw6EYcfLSroS1rl77PY4jJT5xwrRFgiYmOS62UUFWCNawkN98WDN"}],"group":"cf-nel","max_age":604800}
22:00:34.271 [main] DEBUG org.apache.http.headers - << NEL: {"success_fraction":0,"report_to":"cf-nel","max_age":604800}
22:00:34.271 [main] DEBUG org.apache.http.headers - << Server: cloudflare
22:00:34.271 [main] DEBUG org.apache.http.headers - << CF-RAY: 7b850f0f0f4fa138-SIN
22:00:34.271 [main] DEBUG org.apache.http.headers - << Content-Encoding: gzip
22:00:34.271 [main] DEBUG org.apache.http.headers - << alt-svc: h3=":443"; ma=86400, h3-29=":443"; ma=86400
22:00:34.271 [main] DEBUG org.apache.http.impl.client.DefaultHttpClient - Connection can be kept alive indefinitely
22:00:34.271 [main] DEBUG io.restassured.internal.RestAssuredHttpBuilder - Parsing response as: application/json; charset=utf-8
22:00:34.271 [main] DEBUG org.apache.http.wire -  << "83[\r][\n]"
22:00:34.271 [main] DEBUG org.apache.http.wire -  << "[0x1f][0x8b][0x8][0x0][0x0][0x0][0x0][0x0][0x0][0x3][0x14][0xca]A[\n]"
22:00:34.271 [main] DEBUG org.apache.http.wire -  << "[0x3]![0xc][0x5][0xd0][0xab][0xc8]_[0x8b][0xc3][0xb4]t[0xe3]m$[0x86][0x99][0x80][0x8e]!f[\n]"
22:00:34.271 [main] DEBUG org.apache.http.wire -  << "[0xa5][0xf4][0xee][0xc5][0xed][0xe3]}![0x15][0xf9][0xb1]G[0xb8]xcd8O[0xf]j[0xa3][0xde][0xe4][0x88]P[0x13]Z[0xbc]?[0xd3][0xb][0x11][0x95]'[0x99][0xa8][0xcb][0xb8][0x90][0xd1][0x86]q[0xf][0xa2][0xf3][0xee]a[0xf2][0xea][0xd2][0xcb][0xb1][0xfa][0xe9][0xae]3o[0x9b]$[0xb5][0xf2].^,[0x11]![0x82][0x8a][0xf3]1[0xec][0x83][0xc]&nn[0xe3][0x12][0xc2][0xef][0xf][0x0][0x0][0xff][0xff][0x3][0x0][0x95]|[0xb7]9[0x87][0x0][0x0][0x0]"
22:00:34.271 [main] DEBUG org.apache.http.wire -  << "[\r][\n]"
22:00:34.271 [main] DEBUG org.apache.http.wire -  << "0[\r][\n]"
22:00:34.271 [main] DEBUG org.apache.http.wire -  << "[\r][\n]"
22:00:34.271 [main] DEBUG io.restassured.internal.RestAssuredHttpBuilder - Parsed data to instance of: class org.apache.http.conn.EofSensorInputStream
22:00:34.273 [main] DEBUG org.apache.http.impl.conn.BasicClientConnectionManager - Releasing connection org.apache.http.impl.conn.ManagedClientConnectionImpl@f0deba2
22:00:34.273 [main] DEBUG org.apache.http.impl.conn.BasicClientConnectionManager - Connection can be kept alive indefinitely
22:00:34.273 [main] DEBUG net.thucydides.core.steps.StepInterceptor - STEP DONE: I PUT HTTP request
  &amp#27;[32mWhen &amp#27;[0m&amp#27;[32mI PUT HTTP request&amp#27;[0m                      &amp#27;[90m# starter.stepdefinition.ProductSteps.putHttpRequest()&amp#27;[0m
22:00:34.279 [main] DEBUG net.thucydides.core.steps.StepInterceptor - STARTING STEP: ProductSteps.validUpdatedData - I receive valid data for updated product
22:00:34.291 [main] DEBUG net.thucydides.core.steps.StepInterceptor - STEP DONE: I receive valid data for updated product
  &amp#27;[32mAnd &amp#27;[0m&amp#27;[32mI receive valid data for updated product&amp#27;[0m &amp#27;[90m# starter.stepdefinition.ProductSteps.validUpdatedData()&amp#27;[0m
22:00:34.295 [main] DEBUG net.thucydides.core.steps.StepInterceptor - STARTING STEP: ProductSteps.validResponsePut200 - I receive valid PUT response 200
22:00:34.296 [main] DEBUG net.thucydides.core.steps.StepInterceptor - STEP DONE: I receive valid PUT response 200
  &amp#27;[32mThen &amp#27;[0m&amp#27;[32mI receive valid PUT response 200&amp#27;[0m        &amp#27;[90m# starter.stepdefinition.ProductSteps.validResponsePut200()&amp#27;[0m
22:00:34.298 [main] INFO  - 
  _____   ___   ___   _____     ___     _     ___   ___   ___   ___  
 |_   _| | __| / __| |_   _|   | _ \   /_\   / __| / __| | __| |   \ 
   | |   | _|  \__ \   | |     |  _/  / _ \  \__ \ \__ \ | _|  | |) |
   |_|   |___| |___/   |_|     |_|   /_/ \_\ |___/ |___/ |___| |___/ 

PRODUCT - PUT existing product
----------------------------------------------------------------------
]]></system-out>
  </testcase>
  <testcase name="PRODUCT - PUT existing product with invalid endpoints" classname="Product" time="0.817">
    <system-out><![CDATA[
Scenario: PRODUCT - PUT existing product with invalid endpoints &amp#27;[90m# src/test/resources/api/product.feature:84&amp#27;[0m
22:00:34.316 [main] INFO io.cucumber.core.plugin.SerenityReporter - Running feature from file:///C:/Users/User/IdeaProjects/CodeCompetence2/src/test/resources/api/product.feature
22:00:34.316 [main] WARN io.cucumber.core.plugin.SerenityReporter - Feature from file:///C:/Users/User/IdeaProjects/CodeCompetence2/src/test/resources/api/product.feature is not under the 'features' directory. Requirements report will not be correctly generated!
22:00:34.319 [main] INFO  - 
  _____   ___   ___   _____     ___   _____     _     ___   _____   ___   ___  
 |_   _| | __| / __| |_   _|   / __| |_   _|   /_\   | _ \ |_   _| | __| |   \ 
   | |   | _|  \__ \   | |     \__ \   | |    / _ \  |   /   | |   | _|  | |) |
   |_|   |___| |___/   |_|     |___/   |_|   /_/ \_\ |_|_\   |_|   |___| |___/ 

PRODUCT - PUT existing product with invalid endpoints(product;product---put-existing-product-with-invalid-endpoints)
--------------------------------------------------------------------------------
22:00:34.334 [main] DEBUG net.thucydides.core.steps.StepInterceptor - STARTING STEP: ProductSteps.setPutInvalidEndpoint - I PUT API with invalid endpoints
22:00:34.335 [main] DEBUG net.thucydides.core.steps.StepInterceptor - STEP DONE: I PUT API with invalid endpoints
  &amp#27;[32mGiven &amp#27;[0m&amp#27;[32mI PUT API with invalid endpoints&amp#27;[0m                        &amp#27;[90m# starter.stepdefinition.ProductSteps.setPutInvalidEndpoint()&amp#27;[0m
22:00:34.340 [main] DEBUG net.thucydides.core.steps.StepInterceptor - STARTING STEP: ProductSteps.putHTTPInvalidRequest - I PUT HTTP request with invalid endpoints
22:00:34.343 [main] DEBUG net.thucydides.core.steps.StepInterceptor - STARTING STEP: Product.putHTTPInvalidRequest - I PUT API with invalid endpoints
22:00:34.343 [main] DEBUG net.thucydides.core.steps.StepInterceptor - STEP DONE: I PUT API with invalid endpoints
22:00:34.356 [main] DEBUG org.apache.http.impl.conn.BasicClientConnectionManager - Get connection for route {s}->https://fakestoreapi.com:443
22:00:34.356 [main] DEBUG org.apache.http.impl.conn.DefaultClientConnectionOperator - Connecting to fakestoreapi.com:443
22:00:34.430 [main] DEBUG org.apache.http.client.protocol.RequestAddCookies - CookieSpec selected: ignoreCookies
22:00:34.430 [main] DEBUG org.apache.http.client.protocol.RequestAuthCache - Auth cache not set in the context
22:00:34.430 [main] DEBUG org.apache.http.client.protocol.RequestTargetAuthentication - Target auth state: UNCHALLENGED
22:00:34.430 [main] DEBUG org.apache.http.client.protocol.RequestProxyAuthentication - Proxy auth state: UNCHALLENGED
22:00:34.430 [main] DEBUG org.apache.http.impl.client.DefaultHttpClient - Attempt 1 to execute request
22:00:34.430 [main] DEBUG org.apache.http.impl.conn.DefaultClientConnection - Sending request: PUT /product/7 HTTP/1.1
22:00:34.430 [main] DEBUG org.apache.http.wire -  >> "PUT /product/7 HTTP/1.1[\r][\n]"
22:00:34.430 [main] DEBUG org.apache.http.wire -  >> "Accept: */*[\r][\n]"
22:00:34.430 [main] DEBUG org.apache.http.wire -  >> "Content-Type: application/json[\r][\n]"
22:00:34.430 [main] DEBUG org.apache.http.wire -  >> "Content-Length: 129[\r][\n]"
22:00:34.430 [main] DEBUG org.apache.http.wire -  >> "Host: fakestoreapi.com[\r][\n]"
22:00:34.430 [main] DEBUG org.apache.http.wire -  >> "Connection: Keep-Alive[\r][\n]"
22:00:34.430 [main] DEBUG org.apache.http.wire -  >> "User-Agent: Apache-HttpClient/4.5.13 (Java/19.0.2)[\r][\n]"
22:00:34.430 [main] DEBUG org.apache.http.wire -  >> "Accept-Encoding: gzip,deflate[\r][\n]"
22:00:34.430 [main] DEBUG org.apache.http.wire -  >> "[\r][\n]"
22:00:34.430 [main] DEBUG org.apache.http.headers - >> PUT /product/7 HTTP/1.1
22:00:34.430 [main] DEBUG org.apache.http.headers - >> Accept: */*
22:00:34.430 [main] DEBUG org.apache.http.headers - >> Content-Type: application/json
22:00:34.430 [main] DEBUG org.apache.http.headers - >> Content-Length: 129
22:00:34.430 [main] DEBUG org.apache.http.headers - >> Host: fakestoreapi.com
22:00:34.430 [main] DEBUG org.apache.http.headers - >> Connection: Keep-Alive
22:00:34.430 [main] DEBUG org.apache.http.headers - >> User-Agent: Apache-HttpClient/4.5.13 (Java/19.0.2)
22:00:34.430 [main] DEBUG org.apache.http.headers - >> Accept-Encoding: gzip,deflate
22:00:34.430 [main] DEBUG org.apache.http.wire -  >> "{"image":"https:\/\/i.pravatar.cc","price":"13.5","description":"lorem ipsum set","title":"test product","category":"eceltronic"}"
22:00:35.100 [main] DEBUG org.apache.http.wire -  << "HTTP/1.1 404 Not Found[\r][\n]"
22:00:35.100 [main] DEBUG org.apache.http.wire -  << "Date: Sat, 15 Apr 2023 15:00:34 GMT[\r][\n]"
22:00:35.100 [main] DEBUG org.apache.http.wire -  << "Content-Type: text/html; charset=utf-8[\r][\n]"
22:00:35.100 [main] DEBUG org.apache.http.wire -  << "Transfer-Encoding: chunked[\r][\n]"
22:00:35.100 [main] DEBUG org.apache.http.wire -  << "Connection: keep-alive[\r][\n]"
22:00:35.100 [main] DEBUG org.apache.http.wire -  << "Access-Control-Allow-Origin: *[\r][\n]"
22:00:35.100 [main] DEBUG org.apache.http.wire -  << "Content-Security-Policy: default-src 'none'[\r][\n]"
22:00:35.100 [main] DEBUG org.apache.http.wire -  << "X-Content-Type-Options: nosniff[\r][\n]"
22:00:35.100 [main] DEBUG org.apache.http.wire -  << "X-Powered-By: Express[\r][\n]"
22:00:35.100 [main] DEBUG org.apache.http.wire -  << "CF-Cache-Status: DYNAMIC[\r][\n]"
22:00:35.100 [main] DEBUG org.apache.http.wire -  << "Report-To: {"endpoints":[{"url":"https:\/\/a.nel.cloudflare.com\/report\/v3?s=RWd0%2FiBcjqvv%2FDjQ57hA%2B%2Fs7mO5Og5PafvjSQUzPKHTZNlz6pA2T0fpG2hSq5LUCwvRJqWq16BEeuG5lhGx6qS0GQtIe3Z1eL2TdPh3v2nDx13PGduzu8s7QYmvsifIawm9M"}],"group":"cf-nel","max_age":604800}[\r][\n]"
22:00:35.100 [main] DEBUG org.apache.http.wire -  << "NEL: {"success_fraction":0,"report_to":"cf-nel","max_age":604800}[\r][\n]"
22:00:35.100 [main] DEBUG org.apache.http.wire -  << "Server: cloudflare[\r][\n]"
22:00:35.100 [main] DEBUG org.apache.http.wire -  << "CF-RAY: 7b850f124b654a29-SIN[\r][\n]"
22:00:35.100 [main] DEBUG org.apache.http.wire -  << "Content-Encoding: gzip[\r][\n]"
22:00:35.100 [main] DEBUG org.apache.http.wire -  << "alt-svc: h3=":443"; ma=86400, h3-29=":443"; ma=86400[\r][\n]"
22:00:35.100 [main] DEBUG org.apache.http.wire -  << "[\r][\n]"
22:00:35.101 [main] DEBUG org.apache.http.impl.conn.DefaultClientConnection - Receiving response: HTTP/1.1 404 Not Found
22:00:35.101 [main] DEBUG org.apache.http.headers - << HTTP/1.1 404 Not Found
22:00:35.101 [main] DEBUG org.apache.http.headers - << Date: Sat, 15 Apr 2023 15:00:34 GMT
22:00:35.101 [main] DEBUG org.apache.http.headers - << Content-Type: text/html; charset=utf-8
22:00:35.101 [main] DEBUG org.apache.http.headers - << Transfer-Encoding: chunked
22:00:35.101 [main] DEBUG org.apache.http.headers - << Connection: keep-alive
22:00:35.101 [main] DEBUG org.apache.http.headers - << Access-Control-Allow-Origin: *
22:00:35.101 [main] DEBUG org.apache.http.headers - << Content-Security-Policy: default-src 'none'
22:00:35.101 [main] DEBUG org.apache.http.headers - << X-Content-Type-Options: nosniff
22:00:35.101 [main] DEBUG org.apache.http.headers - << X-Powered-By: Express
22:00:35.101 [main] DEBUG org.apache.http.headers - << CF-Cache-Status: DYNAMIC
22:00:35.101 [main] DEBUG org.apache.http.headers - << Report-To: {"endpoints":[{"url":"https:\/\/a.nel.cloudflare.com\/report\/v3?s=RWd0%2FiBcjqvv%2FDjQ57hA%2B%2Fs7mO5Og5PafvjSQUzPKHTZNlz6pA2T0fpG2hSq5LUCwvRJqWq16BEeuG5lhGx6qS0GQtIe3Z1eL2TdPh3v2nDx13PGduzu8s7QYmvsifIawm9M"}],"group":"cf-nel","max_age":604800}
22:00:35.101 [main] DEBUG org.apache.http.headers - << NEL: {"success_fraction":0,"report_to":"cf-nel","max_age":604800}
22:00:35.101 [main] DEBUG org.apache.http.headers - << Server: cloudflare
22:00:35.101 [main] DEBUG org.apache.http.headers - << CF-RAY: 7b850f124b654a29-SIN
22:00:35.101 [main] DEBUG org.apache.http.headers - << Content-Encoding: gzip
22:00:35.101 [main] DEBUG org.apache.http.headers - << alt-svc: h3=":443"; ma=86400, h3-29=":443"; ma=86400
22:00:35.101 [main] DEBUG org.apache.http.impl.client.DefaultHttpClient - Connection can be kept alive indefinitely
22:00:35.101 [main] DEBUG io.restassured.internal.RestAssuredHttpBuilder - Parsing response as: text/html; charset=utf-8
22:00:35.101 [main] DEBUG org.apache.http.wire -  << "86[\r][\n]"
22:00:35.101 [main] DEBUG org.apache.http.wire -  << "[0x1f][0x8b][0x8][0x0][0x0][0x0][0x0][0x0][0x0][0x3],[0x8e][0xb1][0xe][0xc2]0[0xc]D[0xf7]|[0x85][0xc9][0x8e]<[0xc2][0xe0]z)[0x9d][0xe9]P[0x6][0xc6][0xd0][0x18][0x8a][0x94]&[0x95][0xeb][0xe][0xfc]=[\n]"
22:00:35.101 [main] DEBUG org.apache.http.wire -  << "t:[0xdd][0xbd];[0xe9][0xe8]p[0xb9][0xb6][0xc3][0xbd][0xef]`[0xb2]9[0xb1][0xa3]*[0x90]B~5^[0xb2][0xaf][0x81][0x84][0xc8][0x8e]f[0xb1][0x0][0xe3][0x14]t[0x15]k[0xfc]f[0xcf][0xe3][0xb9]R{[[0x12][0xee]T[0x8b][0x12][0xfe][0x8d]#[0xdc]7[0x8f][0x12]?[0xec]hQ[0xe1]6[0xe4]\[0xc][0xfa][0xdb][0x0][0xb8]h[0x89][0xdb]hx"[0xac][0xc8][0x11][0xee]E[0xfc]}[0xf8][0x2][0x0][0x0][0xff][0xff]"
22:00:35.101 [main] DEBUG org.apache.http.wire -  << "[\r][\n]"
22:00:35.101 [main] DEBUG org.apache.http.wire -  << "b[\r][\n]"
22:00:35.101 [main] DEBUG org.apache.http.wire -  << "[0xe3][0x2][0x0][0x90][0x86][0xf8]S[0x94][0x0][0x0][0x0]"
22:00:35.101 [main] DEBUG org.apache.http.wire -  << "[\r][\n]"
22:00:35.101 [main] DEBUG org.apache.http.wire -  << "0[\r][\n]"
22:00:35.101 [main] DEBUG org.apache.http.wire -  << "[\r][\n]"
22:00:35.101 [main] DEBUG io.restassured.internal.RestAssuredHttpBuilder - Parsed data to instance of: class org.apache.http.conn.EofSensorInputStream
22:00:35.103 [main] DEBUG org.apache.http.impl.conn.BasicClientConnectionManager - Releasing connection org.apache.http.impl.conn.ManagedClientConnectionImpl@116fe252
22:00:35.103 [main] DEBUG org.apache.http.impl.conn.BasicClientConnectionManager - Connection can be kept alive indefinitely
22:00:35.105 [main] DEBUG net.thucydides.core.steps.StepInterceptor - STEP DONE: I PUT HTTP request with invalid endpoints
  &amp#27;[32mWhen &amp#27;[0m&amp#27;[32mI PUT HTTP request with invalid endpoints&amp#27;[0m                &amp#27;[90m# starter.stepdefinition.ProductSteps.putHTTPInvalidRequest()&amp#27;[0m
22:00:35.109 [main] DEBUG net.thucydides.core.steps.StepInterceptor - STARTING STEP: ProductSteps.receiveInvalidUpdatedProduct - I receive invalid data for updated product
22:00:35.110 [main] DEBUG net.thucydides.core.steps.StepInterceptor - STEP DONE: I receive invalid data for updated product
  &amp#27;[32mAnd &amp#27;[0m&amp#27;[32mI receive invalid data for updated product&amp#27;[0m                &amp#27;[90m# starter.stepdefinition.ProductSteps.receiveInvalidUpdatedProduct()&amp#27;[0m
22:00:35.114 [main] DEBUG net.thucydides.core.steps.StepInterceptor - STARTING STEP: ProductSteps.receiveInvalidPUTResponseCode404 - I receive invalid PUT response 404
22:00:35.115 [main] DEBUG net.thucydides.core.steps.StepInterceptor - STEP DONE: I receive invalid PUT response 404
  &amp#27;[32mThen &amp#27;[0m&amp#27;[32mI receive invalid PUT response 404&amp#27;[0m                       &amp#27;[90m# starter.stepdefinition.ProductSteps.receiveInvalidPUTResponseCode404()&amp#27;[0m
22:00:35.116 [main] INFO  - 
  _____   ___   ___   _____     ___     _     ___   ___   ___   ___  
 |_   _| | __| / __| |_   _|   | _ \   /_\   / __| / __| | __| |   \ 
   | |   | _|  \__ \   | |     |  _/  / _ \  \__ \ \__ \ | _|  | |) |
   |_|   |___| |___/   |_|     |_|   /_/ \_\ |___/ |___/ |___| |___/ 

PRODUCT - PUT existing product with invalid endpoints
----------------------------------------------------------------------
]]></system-out>
  </testcase>
  <testcase name="PRODUCT - DELETE existing product with valid id" classname="Product" time="1.138">
    <system-out><![CDATA[
Scenario: PRODUCT - DELETE existing product with valid id &amp#27;[90m# src/test/resources/api/product.feature:90&amp#27;[0m
22:00:35.133 [main] INFO io.cucumber.core.plugin.SerenityReporter - Running feature from file:///C:/Users/User/IdeaProjects/CodeCompetence2/src/test/resources/api/product.feature
22:00:35.133 [main] WARN io.cucumber.core.plugin.SerenityReporter - Feature from file:///C:/Users/User/IdeaProjects/CodeCompetence2/src/test/resources/api/product.feature is not under the 'features' directory. Requirements report will not be correctly generated!
22:00:35.136 [main] INFO  - 
  _____   ___   ___   _____     ___   _____     _     ___   _____   ___   ___  
 |_   _| | __| / __| |_   _|   / __| |_   _|   /_\   | _ \ |_   _| | __| |   \ 
   | |   | _|  \__ \   | |     \__ \   | |    / _ \  |   /   | |   | _|  | |) |
   |_|   |___| |___/   |_|     |___/   |_|   /_/ \_\ |_|_\   |_|   |___| |___/ 

PRODUCT - DELETE existing product with valid id(product;product---delete-existing-product-with-valid-id)
--------------------------------------------------------------------------------
22:00:35.151 [main] DEBUG net.thucydides.core.steps.StepInterceptor - STARTING STEP: ProductSteps.setDeleteApiEndpoint - I PUT API endpoints
22:00:35.151 [main] DEBUG net.thucydides.core.steps.StepInterceptor - STEP DONE: I PUT API endpoints
  &amp#27;[32mGiven &amp#27;[0m&amp#27;[32mI DELETE API endpoints&amp#27;[0m                            &amp#27;[90m# starter.stepdefinition.ProductSteps.setDeleteApiEndpoint()&amp#27;[0m
22:00:35.157 [main] DEBUG net.thucydides.core.steps.StepInterceptor - STARTING STEP: ProductSteps.deleteHttpRequest - I DELETE HTTP request with valid id
22:00:35.160 [main] DEBUG net.thucydides.core.steps.StepInterceptor - STARTING STEP: Product.deleteHTTPRequest - I DELETE API endpoints
22:00:35.160 [main] DEBUG net.thucydides.core.steps.StepInterceptor - STEP DONE: I DELETE API endpoints
22:00:35.173 [main] DEBUG org.apache.http.impl.conn.BasicClientConnectionManager - Get connection for route {s}->https://fakestoreapi.com:443
22:00:35.173 [main] DEBUG org.apache.http.impl.conn.DefaultClientConnectionOperator - Connecting to fakestoreapi.com:443
22:00:35.730 [main] DEBUG org.apache.http.client.protocol.RequestAddCookies - CookieSpec selected: ignoreCookies
22:00:35.730 [main] DEBUG org.apache.http.client.protocol.RequestAuthCache - Auth cache not set in the context
22:00:35.730 [main] DEBUG org.apache.http.client.protocol.RequestTargetAuthentication - Target auth state: UNCHALLENGED
22:00:35.730 [main] DEBUG org.apache.http.client.protocol.RequestProxyAuthentication - Proxy auth state: UNCHALLENGED
22:00:35.730 [main] DEBUG org.apache.http.impl.client.DefaultHttpClient - Attempt 1 to execute request
22:00:35.730 [main] DEBUG org.apache.http.impl.conn.DefaultClientConnection - Sending request: DELETE /products/6 HTTP/1.1
22:00:35.730 [main] DEBUG org.apache.http.wire -  >> "DELETE /products/6 HTTP/1.1[\r][\n]"
22:00:35.730 [main] DEBUG org.apache.http.wire -  >> "Accept: */*[\r][\n]"
22:00:35.730 [main] DEBUG org.apache.http.wire -  >> "Host: fakestoreapi.com[\r][\n]"
22:00:35.730 [main] DEBUG org.apache.http.wire -  >> "Connection: Keep-Alive[\r][\n]"
22:00:35.730 [main] DEBUG org.apache.http.wire -  >> "User-Agent: Apache-HttpClient/4.5.13 (Java/19.0.2)[\r][\n]"
22:00:35.731 [main] DEBUG org.apache.http.wire -  >> "Accept-Encoding: gzip,deflate[\r][\n]"
22:00:35.731 [main] DEBUG org.apache.http.wire -  >> "[\r][\n]"
22:00:35.731 [main] DEBUG org.apache.http.headers - >> DELETE /products/6 HTTP/1.1
22:00:35.731 [main] DEBUG org.apache.http.headers - >> Accept: */*
22:00:35.731 [main] DEBUG org.apache.http.headers - >> Host: fakestoreapi.com
22:00:35.731 [main] DEBUG org.apache.http.headers - >> Connection: Keep-Alive
22:00:35.731 [main] DEBUG org.apache.http.headers - >> User-Agent: Apache-HttpClient/4.5.13 (Java/19.0.2)
22:00:35.731 [main] DEBUG org.apache.http.headers - >> Accept-Encoding: gzip,deflate
22:00:36.246 [main] DEBUG org.apache.http.wire -  << "HTTP/1.1 200 OK[\r][\n]"
22:00:36.246 [main] DEBUG org.apache.http.wire -  << "Date: Sat, 15 Apr 2023 15:00:36 GMT[\r][\n]"
22:00:36.246 [main] DEBUG org.apache.http.wire -  << "Content-Type: application/json; charset=utf-8[\r][\n]"
22:00:36.246 [main] DEBUG org.apache.http.wire -  << "Transfer-Encoding: chunked[\r][\n]"
22:00:36.246 [main] DEBUG org.apache.http.wire -  << "Connection: keep-alive[\r][\n]"
22:00:36.247 [main] DEBUG org.apache.http.wire -  << "Access-Control-Allow-Origin: *[\r][\n]"
22:00:36.247 [main] DEBUG org.apache.http.wire -  << "Etag: W/"191-EV97H53ZS0vezbgpImU4b+hiAfg"[\r][\n]"
22:00:36.247 [main] DEBUG org.apache.http.wire -  << "X-Powered-By: Express[\r][\n]"
22:00:36.247 [main] DEBUG org.apache.http.wire -  << "CF-Cache-Status: DYNAMIC[\r][\n]"
22:00:36.247 [main] DEBUG org.apache.http.wire -  << "Report-To: {"endpoints":[{"url":"https:\/\/a.nel.cloudflare.com\/report\/v3?s=LL9Y3qV7%2BC6UevKCKBkhavQSxkMmAZ8YZ3ippQjbjs2LJP9zrl8SAdzM1LoMBZ3osoNdPsqDoBdGMU2mSJDa01roISXGHjcyF89TUubI7WJGprtxzDqamyoi1bSOhWtlOYt7"}],"group":"cf-nel","max_age":604800}[\r][\n]"
22:00:36.247 [main] DEBUG org.apache.http.wire -  << "NEL: {"success_fraction":0,"report_to":"cf-nel","max_age":604800}[\r][\n]"
22:00:36.247 [main] DEBUG org.apache.http.wire -  << "Server: cloudflare[\r][\n]"
22:00:36.247 [main] DEBUG org.apache.http.wire -  << "CF-RAY: 7b850f1a6a333f7c-SIN[\r][\n]"
22:00:36.247 [main] DEBUG org.apache.http.wire -  << "Content-Encoding: gzip[\r][\n]"
22:00:36.247 [main] DEBUG org.apache.http.wire -  << "alt-svc: h3=":443"; ma=86400, h3-29=":443"; ma=86400[\r][\n]"
22:00:36.247 [main] DEBUG org.apache.http.wire -  << "[\r][\n]"
22:00:36.247 [main] DEBUG org.apache.http.impl.conn.DefaultClientConnection - Receiving response: HTTP/1.1 200 OK
22:00:36.247 [main] DEBUG org.apache.http.headers - << HTTP/1.1 200 OK
22:00:36.247 [main] DEBUG org.apache.http.headers - << Date: Sat, 15 Apr 2023 15:00:36 GMT
22:00:36.247 [main] DEBUG org.apache.http.headers - << Content-Type: application/json; charset=utf-8
22:00:36.247 [main] DEBUG org.apache.http.headers - << Transfer-Encoding: chunked
22:00:36.247 [main] DEBUG org.apache.http.headers - << Connection: keep-alive
22:00:36.247 [main] DEBUG org.apache.http.headers - << Access-Control-Allow-Origin: *
22:00:36.247 [main] DEBUG org.apache.http.headers - << Etag: W/"191-EV97H53ZS0vezbgpImU4b+hiAfg"
22:00:36.247 [main] DEBUG org.apache.http.headers - << X-Powered-By: Express
22:00:36.247 [main] DEBUG org.apache.http.headers - << CF-Cache-Status: DYNAMIC
22:00:36.247 [main] DEBUG org.apache.http.headers - << Report-To: {"endpoints":[{"url":"https:\/\/a.nel.cloudflare.com\/report\/v3?s=LL9Y3qV7%2BC6UevKCKBkhavQSxkMmAZ8YZ3ippQjbjs2LJP9zrl8SAdzM1LoMBZ3osoNdPsqDoBdGMU2mSJDa01roISXGHjcyF89TUubI7WJGprtxzDqamyoi1bSOhWtlOYt7"}],"group":"cf-nel","max_age":604800}
22:00:36.247 [main] DEBUG org.apache.http.headers - << NEL: {"success_fraction":0,"report_to":"cf-nel","max_age":604800}
22:00:36.247 [main] DEBUG org.apache.http.headers - << Server: cloudflare
22:00:36.247 [main] DEBUG org.apache.http.headers - << CF-RAY: 7b850f1a6a333f7c-SIN
22:00:36.247 [main] DEBUG org.apache.http.headers - << Content-Encoding: gzip
22:00:36.247 [main] DEBUG org.apache.http.headers - << alt-svc: h3=":443"; ma=86400, h3-29=":443"; ma=86400
22:00:36.247 [main] DEBUG org.apache.http.impl.client.DefaultHttpClient - Connection can be kept alive indefinitely
22:00:36.247 [main] DEBUG io.restassured.internal.RestAssuredHttpBuilder - Parsing response as: application/json; charset=utf-8
22:00:36.247 [main] DEBUG org.apache.http.wire -  << "11c[\r][\n]"
22:00:36.247 [main] DEBUG org.apache.http.wire -  << "[0x1f][0x8b][0x8][0x0][0x0][0x0][0x0][0x0][0x0][0x3][0xac][0x90][0xc1]N[0xc3]0[0x10]De[0xb5]g[0xcb]iU[0x8][0xe0][0x1b]*R9[0xa4][0x12]P[0xf5][0x1c]-[0xf6]6[0xd9][0x92][0xda][0x91][0xbd][0xa5][0x84][0xaa][0xff][0x8e][0xf2][0xf][0xdc]f[0xe]O[0xf3]4W[0x94][0x80][0xae]6[0xa8][0xa2][0x3][0xa3][0xc3]][0x1a]$[0xc0]&[\r][0x1][0xde]XE[0x19][0xb6][0xe2]s[0x1a][0xe9][0x9b][0x1][\r][0x8e]Y<[0xa3][[0xd6][0x8f][0x6][0x3][0x17][0x9f]eTIq[0x6]I[0xa5][0x1c][0xc8][0xcf][0x15]6g[0xca][0x14][0x95]9X[0xf8]`=[0xe7][0x8])[0x3][0xff][0xf8][0x9e]b[0xc7]@q[0x82][0x94][0x3]g[0xb8][0x88][0xf6][0x12]a[0xb5][0x80]@S[0xb1]/\[0xa4][0x8b][0x1c][0x80]b[0x80]2K|N[0xf0]J[0x7][0xe6]_XsT[0xce] [0x11][0xb4]g[0xd8]GQ[0xe][0xb0]SR.[0x16][0xfe]e[0x1d][\r]zR[0xee]R[0x9e][0xd0][0xe1][0x91]/<p[0x9e][0xd0][0xa0][0x9c][0xa8][0x9b][0xcf][0xe9]U[0xc7][0xe2][0xaa][0xea]@_\4e[0xa6]Q[0xac]O[0xa7]JN]U/[0xcb][0xe7]V[0xf6]1m[0x1a][0xdb]>[0xaf][0xdb]}S[0xdf]-[0xda][0xf7][0xa6][0xbe]o[0xb7][0xcd][0xaa][0xb5][0xc7][0xb1]C[0x83][0x99]Tb[0x87][0xee]:'F[0xb7][0xb2]O[0x6]}:GE[0xf7][0xb0][0xb8][0xdd][0xfe][0x0][0x0][0x0][0xff][0xff][0x3][0x0]b[0xe4][0xde]@[0x91][0x1][0x0][0x0]"
22:00:36.247 [main] DEBUG org.apache.http.wire -  << "[\r][\n]"
22:00:36.247 [main] DEBUG org.apache.http.wire -  << "0[\r][\n]"
22:00:36.247 [main] DEBUG org.apache.http.wire -  << "[\r][\n]"
22:00:36.247 [main] DEBUG io.restassured.internal.RestAssuredHttpBuilder - Parsed data to instance of: class org.apache.http.conn.EofSensorInputStream
22:00:36.249 [main] DEBUG org.apache.http.impl.conn.BasicClientConnectionManager - Releasing connection org.apache.http.impl.conn.ManagedClientConnectionImpl@2250deae
22:00:36.249 [main] DEBUG org.apache.http.impl.conn.BasicClientConnectionManager - Connection can be kept alive indefinitely
22:00:36.249 [main] DEBUG net.thucydides.core.steps.StepInterceptor - STEP DONE: I DELETE HTTP request with valid id
  &amp#27;[32mWhen &amp#27;[0m&amp#27;[32mI DELETE HTTP request with valid id&amp#27;[0m                &amp#27;[90m# starter.stepdefinition.ProductSteps.deleteHttpRequest()&amp#27;[0m
22:00:36.252 [main] DEBUG net.thucydides.core.steps.StepInterceptor - STARTING STEP: ProductSteps.validResponseDelete200 - I receive valid DELETE response code 200
22:00:36.253 [main] DEBUG net.thucydides.core.steps.StepInterceptor - STEP DONE: I receive valid DELETE response code 200
  &amp#27;[32mAnd &amp#27;[0m&amp#27;[32mI receive valid DELETE response code 200&amp#27;[0m            &amp#27;[90m# starter.stepdefinition.ProductSteps.validResponseDelete200()&amp#27;[0m
22:00:36.255 [main] INFO  - 
  _____   ___   ___   _____     ___     _     ___   ___   ___   ___  
 |_   _| | __| / __| |_   _|   | _ \   /_\   / __| / __| | __| |   \ 
   | |   | _|  \__ \   | |     |  _/  / _ \  \__ \ \__ \ | _|  | |) |
   |_|   |___| |___/   |_|     |_|   /_/ \_\ |___/ |___/ |___| |___/ 

PRODUCT - DELETE existing product with valid id
----------------------------------------------------------------------
]]></system-out>
  </testcase>
  <testcase name="PRODUCT - DELETE existing cart with invalid id" classname="Product" time="0.493">
    <system-out><![CDATA[
Scenario: PRODUCT - DELETE existing cart with invalid id &amp#27;[90m# src/test/resources/api/product.feature:95&amp#27;[0m
22:00:36.272 [main] INFO io.cucumber.core.plugin.SerenityReporter - Running feature from file:///C:/Users/User/IdeaProjects/CodeCompetence2/src/test/resources/api/product.feature
22:00:36.272 [main] WARN io.cucumber.core.plugin.SerenityReporter - Feature from file:///C:/Users/User/IdeaProjects/CodeCompetence2/src/test/resources/api/product.feature is not under the 'features' directory. Requirements report will not be correctly generated!
22:00:36.274 [main] INFO  - 
  _____   ___   ___   _____     ___   _____     _     ___   _____   ___   ___  
 |_   _| | __| / __| |_   _|   / __| |_   _|   /_\   | _ \ |_   _| | __| |   \ 
   | |   | _|  \__ \   | |     \__ \   | |    / _ \  |   /   | |   | _|  | |) |
   |_|   |___| |___/   |_|     |___/   |_|   /_/ \_\ |_|_\   |_|   |___| |___/ 

PRODUCT - DELETE existing cart with invalid id(product;product---delete-existing-cart-with-invalid-id)
--------------------------------------------------------------------------------
22:00:36.285 [main] DEBUG net.thucydides.core.steps.StepInterceptor - STARTING STEP: ProductSteps.setDeleteProductWithInvalidIDEndpoint - I DELETE API product with invalid id endpoints
22:00:36.285 [main] DEBUG net.thucydides.core.steps.StepInterceptor - STEP DONE: I DELETE API product with invalid id endpoints
  &amp#27;[32mGiven &amp#27;[0m&amp#27;[32mI DELETE API product with invalid id endpoints&amp#27;[0m   &amp#27;[90m# starter.stepdefinition.ProductSteps.setDeleteProductWithInvalidIDEndpoint()&amp#27;[0m
22:00:36.289 [main] DEBUG net.thucydides.core.steps.StepInterceptor - STARTING STEP: ProductSteps.deleteHTTPInvalidRequestWithProduct - I DELETE product HTTP request with invalid id
22:00:36.290 [main] DEBUG net.thucydides.core.steps.StepInterceptor - STARTING STEP: Product.deleteHTTPInvalidRequestWithProduct - I DELETE API product with invalid id endpoints
22:00:36.290 [main] DEBUG net.thucydides.core.steps.StepInterceptor - STEP DONE: I DELETE API product with invalid id endpoints
22:00:36.300 [main] DEBUG org.apache.http.impl.conn.BasicClientConnectionManager - Get connection for route {s}->https://fakestoreapi.com:443
22:00:36.300 [main] DEBUG org.apache.http.impl.conn.DefaultClientConnectionOperator - Connecting to fakestoreapi.com:443
22:00:36.377 [main] DEBUG org.apache.http.client.protocol.RequestAddCookies - CookieSpec selected: ignoreCookies
22:00:36.377 [main] DEBUG org.apache.http.client.protocol.RequestAuthCache - Auth cache not set in the context
22:00:36.377 [main] DEBUG org.apache.http.client.protocol.RequestTargetAuthentication - Target auth state: UNCHALLENGED
22:00:36.377 [main] DEBUG org.apache.http.client.protocol.RequestProxyAuthentication - Proxy auth state: UNCHALLENGED
22:00:36.377 [main] DEBUG org.apache.http.impl.client.DefaultHttpClient - Attempt 1 to execute request
22:00:36.377 [main] DEBUG org.apache.http.impl.conn.DefaultClientConnection - Sending request: DELETE /product/6 HTTP/1.1
22:00:36.377 [main] DEBUG org.apache.http.wire -  >> "DELETE /product/6 HTTP/1.1[\r][\n]"
22:00:36.377 [main] DEBUG org.apache.http.wire -  >> "Accept: */*[\r][\n]"
22:00:36.377 [main] DEBUG org.apache.http.wire -  >> "Host: fakestoreapi.com[\r][\n]"
22:00:36.377 [main] DEBUG org.apache.http.wire -  >> "Connection: Keep-Alive[\r][\n]"
22:00:36.377 [main] DEBUG org.apache.http.wire -  >> "User-Agent: Apache-HttpClient/4.5.13 (Java/19.0.2)[\r][\n]"
22:00:36.377 [main] DEBUG org.apache.http.wire -  >> "Accept-Encoding: gzip,deflate[\r][\n]"
22:00:36.377 [main] DEBUG org.apache.http.wire -  >> "[\r][\n]"
22:00:36.377 [main] DEBUG org.apache.http.headers - >> DELETE /product/6 HTTP/1.1
22:00:36.377 [main] DEBUG org.apache.http.headers - >> Accept: */*
22:00:36.377 [main] DEBUG org.apache.http.headers - >> Host: fakestoreapi.com
22:00:36.377 [main] DEBUG org.apache.http.headers - >> Connection: Keep-Alive
22:00:36.377 [main] DEBUG org.apache.http.headers - >> User-Agent: Apache-HttpClient/4.5.13 (Java/19.0.2)
22:00:36.377 [main] DEBUG org.apache.http.headers - >> Accept-Encoding: gzip,deflate
22:00:36.738 [main] DEBUG org.apache.http.wire -  << "HTTP/1.1 404 Not Found[\r][\n]"
22:00:36.738 [main] DEBUG org.apache.http.wire -  << "Date: Sat, 15 Apr 2023 15:00:36 GMT[\r][\n]"
22:00:36.738 [main] DEBUG org.apache.http.wire -  << "Content-Type: text/html; charset=utf-8[\r][\n]"
22:00:36.738 [main] DEBUG org.apache.http.wire -  << "Transfer-Encoding: chunked[\r][\n]"
22:00:36.738 [main] DEBUG org.apache.http.wire -  << "Connection: keep-alive[\r][\n]"
22:00:36.738 [main] DEBUG org.apache.http.wire -  << "Access-Control-Allow-Origin: *[\r][\n]"
22:00:36.738 [main] DEBUG org.apache.http.wire -  << "Content-Security-Policy: default-src 'none'[\r][\n]"
22:00:36.738 [main] DEBUG org.apache.http.wire -  << "X-Content-Type-Options: nosniff[\r][\n]"
22:00:36.738 [main] DEBUG org.apache.http.wire -  << "X-Powered-By: Express[\r][\n]"
22:00:36.738 [main] DEBUG org.apache.http.wire -  << "CF-Cache-Status: DYNAMIC[\r][\n]"
22:00:36.738 [main] DEBUG org.apache.http.wire -  << "Report-To: {"endpoints":[{"url":"https:\/\/a.nel.cloudflare.com\/report\/v3?s=e940fPtuJElfhKB36M2BUM2Ri1Ve%2FlinzlPhmQx2Ul2R0FA5feS3bzQh1jFeagMZFCbAeITD8yvdE0v2mRoBjW44PO6yCW0yu%2FXjedF5k0Btg%2FVQ%2BKV27BvNOEuPIThpWnui"}],"group":"cf-nel","max_age":604800}[\r][\n]"
22:00:36.738 [main] DEBUG org.apache.http.wire -  << "NEL: {"success_fraction":0,"report_to":"cf-nel","max_age":604800}[\r][\n]"
22:00:36.738 [main] DEBUG org.apache.http.wire -  << "Server: cloudflare[\r][\n]"
22:00:36.738 [main] DEBUG org.apache.http.wire -  << "CF-RAY: 7b850f1e7ae63f63-SIN[\r][\n]"
22:00:36.738 [main] DEBUG org.apache.http.wire -  << "Content-Encoding: gzip[\r][\n]"
22:00:36.738 [main] DEBUG org.apache.http.wire -  << "alt-svc: h3=":443"; ma=86400, h3-29=":443"; ma=86400[\r][\n]"
22:00:36.738 [main] DEBUG org.apache.http.wire -  << "[\r][\n]"
22:00:36.738 [main] DEBUG org.apache.http.impl.conn.DefaultClientConnection - Receiving response: HTTP/1.1 404 Not Found
22:00:36.738 [main] DEBUG org.apache.http.headers - << HTTP/1.1 404 Not Found
22:00:36.738 [main] DEBUG org.apache.http.headers - << Date: Sat, 15 Apr 2023 15:00:36 GMT
22:00:36.738 [main] DEBUG org.apache.http.headers - << Content-Type: text/html; charset=utf-8
22:00:36.738 [main] DEBUG org.apache.http.headers - << Transfer-Encoding: chunked
22:00:36.738 [main] DEBUG org.apache.http.headers - << Connection: keep-alive
22:00:36.738 [main] DEBUG org.apache.http.headers - << Access-Control-Allow-Origin: *
22:00:36.738 [main] DEBUG org.apache.http.headers - << Content-Security-Policy: default-src 'none'
22:00:36.738 [main] DEBUG org.apache.http.headers - << X-Content-Type-Options: nosniff
22:00:36.738 [main] DEBUG org.apache.http.headers - << X-Powered-By: Express
22:00:36.738 [main] DEBUG org.apache.http.headers - << CF-Cache-Status: DYNAMIC
22:00:36.738 [main] DEBUG org.apache.http.headers - << Report-To: {"endpoints":[{"url":"https:\/\/a.nel.cloudflare.com\/report\/v3?s=e940fPtuJElfhKB36M2BUM2Ri1Ve%2FlinzlPhmQx2Ul2R0FA5feS3bzQh1jFeagMZFCbAeITD8yvdE0v2mRoBjW44PO6yCW0yu%2FXjedF5k0Btg%2FVQ%2BKV27BvNOEuPIThpWnui"}],"group":"cf-nel","max_age":604800}
22:00:36.738 [main] DEBUG org.apache.http.headers - << NEL: {"success_fraction":0,"report_to":"cf-nel","max_age":604800}
22:00:36.738 [main] DEBUG org.apache.http.headers - << Server: cloudflare
22:00:36.738 [main] DEBUG org.apache.http.headers - << CF-RAY: 7b850f1e7ae63f63-SIN
22:00:36.738 [main] DEBUG org.apache.http.headers - << Content-Encoding: gzip
22:00:36.738 [main] DEBUG org.apache.http.headers - << alt-svc: h3=":443"; ma=86400, h3-29=":443"; ma=86400
22:00:36.738 [main] DEBUG org.apache.http.impl.client.DefaultHttpClient - Connection can be kept alive indefinitely
22:00:36.739 [main] DEBUG io.restassured.internal.RestAssuredHttpBuilder - Parsing response as: text/html; charset=utf-8
22:00:36.739 [main] DEBUG org.apache.http.wire -  << "94[\r][\n]"
22:00:36.739 [main] DEBUG org.apache.http.wire -  << "[0x1f][0x8b][0x8][0x0][0x0][0x0][0x0][0x0][0x0][0x3],[0x8e][0xb1][0xe][0xc2]0[0xc]D[0xf7]|E[0xc8][0x8e][0xbc][0xa1][0xe]n[0x96]6[0x1b]R[0x19][0xba]0[0x9a][0xc6]P[0xa4]4[0xa9][0x8c];[0xf4][0xef]Q[0xa0][0xd3][0xe9][0xee][0xdd]I[0x87][0xa7]~[0xe8][0xc6][0xfb]-[0xd8]Y[0x97][0xe4][\r]V[0xb1][0x89][0xf2][0xab]u[0x9c]][\r][0x98][0xa2]7[0xb8][0xb0][0x92][0x9d]f[0x92][0xf]k[0xeb]6}[0x9e][0x9b]J[0xf5][0xad][0x89]}[0x10])[0x82][0xf0]7[0x6][0xe1][0xd8]<J[0xdc][0xbd][0xc1]U[0xd8]w[0x94]sQ[0xdb][0x87]k[0x18][0x83][0x85]UJ[0xdc]&[0x85][0xb]B[0xa5][0x6][0xe1][0xe8][0xc2][0xef][0xc6][0x17][0x0][0x0][0xff][0xff][0xe3][0x2][0x0][0x17]+v[0x1c][0x97][0x0][0x0][0x0]"
22:00:36.739 [main] DEBUG org.apache.http.wire -  << "[\r][\n]"
22:00:36.739 [main] DEBUG org.apache.http.wire -  << "0[\r][\n]"
22:00:36.739 [main] DEBUG org.apache.http.wire -  << "[\r][\n]"
22:00:36.739 [main] DEBUG io.restassured.internal.RestAssuredHttpBuilder - Parsed data to instance of: class org.apache.http.conn.EofSensorInputStream
22:00:36.740 [main] DEBUG org.apache.http.impl.conn.BasicClientConnectionManager - Releasing connection org.apache.http.impl.conn.ManagedClientConnectionImpl@6ec9f664
22:00:36.740 [main] DEBUG org.apache.http.impl.conn.BasicClientConnectionManager - Connection can be kept alive indefinitely
22:00:36.741 [main] DEBUG net.thucydides.core.steps.StepInterceptor - STEP DONE: I DELETE product HTTP request with invalid id
  &amp#27;[32mWhen &amp#27;[0m&amp#27;[32mI DELETE product HTTP request with invalid id&amp#27;[0m     &amp#27;[90m# starter.stepdefinition.ProductSteps.deleteHTTPInvalidRequestWithProduct()&amp#27;[0m
22:00:36.745 [main] DEBUG net.thucydides.core.steps.StepInterceptor - STARTING STEP: ProductSteps.receiveInvalidDELETEProductResponseCode404 - I receive invalid DELETE product response code 404
22:00:36.745 [main] DEBUG net.thucydides.core.steps.StepInterceptor - STEP DONE: I receive invalid DELETE product response code 404
  &amp#27;[32mAnd &amp#27;[0m&amp#27;[32mI receive invalid DELETE product response code 404&amp#27;[0m &amp#27;[90m# starter.stepdefinition.ProductSteps.receiveInvalidDELETEProductResponseCode404()&amp#27;[0m
22:00:36.748 [main] INFO  - 
  _____   ___   ___   _____     ___     _     ___   ___   ___   ___  
 |_   _| | __| / __| |_   _|   | _ \   /_\   / __| / __| | __| |   \ 
   | |   | _|  \__ \   | |     |  _/  / _ \  \__ \ \__ \ | _|  | |) |
   |_|   |___| |___/   |_|     |_|   /_/ \_\ |___/ |___/ |___| |___/ 

PRODUCT - DELETE existing cart with invalid id
----------------------------------------------------------------------
]]></system-out>
  </testcase>
  <testcase name="USER - GET detail data user" classname="User #2" time="1.043">
    <system-out><![CDATA[22:00:36.749 [main] INFO io.cucumber.core.plugin.SerenityReporter - Running feature from file:///C:/Users/User/IdeaProjects/CodeCompetence2/src/test/resources/api/user.feature
22:00:36.749 [main] WARN io.cucumber.core.plugin.SerenityReporter - Feature from file:///C:/Users/User/IdeaProjects/CodeCompetence2/src/test/resources/api/user.feature is not under the 'features' directory. Requirements report will not be correctly generated!
22:00:36.753 [main] DEBUG net.thucydides.core.steps.StepEventBus - Test suite started for story net.thucydides.core.model.Story@b4b7323e
22:00:36.753 [main] INFO  - Test Suite Started: User

Scenario: USER - GET detail data user              &amp#27;[90m# src/test/resources/api/user.feature:3&amp#27;[0m
22:00:36.767 [main] INFO io.cucumber.core.plugin.SerenityReporter - Running feature from file:///C:/Users/User/IdeaProjects/CodeCompetence2/src/test/resources/api/user.feature
22:00:36.767 [main] WARN io.cucumber.core.plugin.SerenityReporter - Feature from file:///C:/Users/User/IdeaProjects/CodeCompetence2/src/test/resources/api/user.feature is not under the 'features' directory. Requirements report will not be correctly generated!
22:00:36.769 [main] INFO  - 
  _____   ___   ___   _____     ___   _____     _     ___   _____   ___   ___  
 |_   _| | __| / __| |_   _|   / __| |_   _|   /_\   | _ \ |_   _| | __| |   \ 
   | |   | _|  \__ \   | |     \__ \   | |    / _ \  |   /   | |   | _|  | |) |
   |_|   |___| |___/   |_|     |___/   |_|   /_/ \_\ |_|_\   |_|   |___| |___/ 

USER - GET detail data user(user;user---get-detail-data-user)
--------------------------------------------------------------------------------
22:00:36.812 [main] DEBUG net.thucydides.core.steps.StepInterceptor - STARTING STEP: UserSteps.setGetUserEndpoint - I GET API user endpoints
22:00:36.812 [main] DEBUG net.thucydides.core.steps.StepInterceptor - STEP DONE: I GET API user endpoints
  &amp#27;[32mGiven &amp#27;[0m&amp#27;[32mI GET API user endpoints&amp#27;[0m                   &amp#27;[90m# starter.stepdefinition.UserSteps.setGetUserEndpoint()&amp#27;[0m
22:00:36.818 [main] DEBUG net.thucydides.core.steps.StepInterceptor - STARTING STEP: UserSteps.getUserRequestUrl - I GET HTTP request user data
22:00:36.820 [main] DEBUG net.thucydides.core.steps.StepInterceptor - STARTING STEP: User.getUserRequest - I GET API user endpoints
22:00:36.820 [main] DEBUG net.thucydides.core.steps.StepInterceptor - STEP DONE: I GET API user endpoints
22:00:36.830 [main] DEBUG org.apache.http.impl.conn.BasicClientConnectionManager - Get connection for route {s}->https://fakestoreapi.com:443
22:00:36.830 [main] DEBUG org.apache.http.impl.conn.DefaultClientConnectionOperator - Connecting to fakestoreapi.com:443
22:00:36.906 [main] DEBUG org.apache.http.client.protocol.RequestAddCookies - CookieSpec selected: ignoreCookies
22:00:36.906 [main] DEBUG org.apache.http.client.protocol.RequestAuthCache - Auth cache not set in the context
22:00:36.906 [main] DEBUG org.apache.http.client.protocol.RequestTargetAuthentication - Target auth state: UNCHALLENGED
22:00:36.906 [main] DEBUG org.apache.http.client.protocol.RequestProxyAuthentication - Proxy auth state: UNCHALLENGED
22:00:36.906 [main] DEBUG org.apache.http.impl.client.DefaultHttpClient - Attempt 1 to execute request
22:00:36.906 [main] DEBUG org.apache.http.impl.conn.DefaultClientConnection - Sending request: GET /users/1 HTTP/1.1
22:00:36.906 [main] DEBUG org.apache.http.wire -  >> "GET /users/1 HTTP/1.1[\r][\n]"
22:00:36.906 [main] DEBUG org.apache.http.wire -  >> "Accept: */*[\r][\n]"
22:00:36.906 [main] DEBUG org.apache.http.wire -  >> "Host: fakestoreapi.com[\r][\n]"
22:00:36.906 [main] DEBUG org.apache.http.wire -  >> "Connection: Keep-Alive[\r][\n]"
22:00:36.906 [main] DEBUG org.apache.http.wire -  >> "User-Agent: Apache-HttpClient/4.5.13 (Java/19.0.2)[\r][\n]"
22:00:36.906 [main] DEBUG org.apache.http.wire -  >> "Accept-Encoding: gzip,deflate[\r][\n]"
22:00:36.906 [main] DEBUG org.apache.http.wire -  >> "[\r][\n]"
22:00:36.906 [main] DEBUG org.apache.http.headers - >> GET /users/1 HTTP/1.1
22:00:36.906 [main] DEBUG org.apache.http.headers - >> Accept: */*
22:00:36.906 [main] DEBUG org.apache.http.headers - >> Host: fakestoreapi.com
22:00:36.906 [main] DEBUG org.apache.http.headers - >> Connection: Keep-Alive
22:00:36.906 [main] DEBUG org.apache.http.headers - >> User-Agent: Apache-HttpClient/4.5.13 (Java/19.0.2)
22:00:36.906 [main] DEBUG org.apache.http.headers - >> Accept-Encoding: gzip,deflate
22:00:37.770 [main] DEBUG org.apache.http.wire -  << "HTTP/1.1 200 OK[\r][\n]"
22:00:37.770 [main] DEBUG org.apache.http.wire -  << "Date: Sat, 15 Apr 2023 15:00:37 GMT[\r][\n]"
22:00:37.770 [main] DEBUG org.apache.http.wire -  << "Content-Type: application/json; charset=utf-8[\r][\n]"
22:00:37.770 [main] DEBUG org.apache.http.wire -  << "Transfer-Encoding: chunked[\r][\n]"
22:00:37.770 [main] DEBUG org.apache.http.wire -  << "Connection: keep-alive[\r][\n]"
22:00:37.770 [main] DEBUG org.apache.http.wire -  << "Access-Control-Allow-Origin: *[\r][\n]"
22:00:37.770 [main] DEBUG org.apache.http.wire -  << "Etag: W/"120-HNMhv14aQeBJetA9fBvavCZ+gdk"[\r][\n]"
22:00:37.770 [main] DEBUG org.apache.http.wire -  << "X-Powered-By: Express[\r][\n]"
22:00:37.770 [main] DEBUG org.apache.http.wire -  << "CF-Cache-Status: DYNAMIC[\r][\n]"
22:00:37.770 [main] DEBUG org.apache.http.wire -  << "Report-To: {"endpoints":[{"url":"https:\/\/a.nel.cloudflare.com\/report\/v3?s=Nv0SJBsrLmI2sz%2FdouKHc7F%2Fr9qdRxtSqkZx1LYtwU%2BgZBUOaHxDmKeoP%2F8w6lB2R%2F%2BmcCMB6oZJHN2vDnjmQ2lMbbrXnI%2FNW%2BCCmGhZ404mLWZM3DDe4PL9MOQv%2BWGyMNPv"}],"group":"cf-nel","max_age":604800}[\r][\n]"
22:00:37.770 [main] DEBUG org.apache.http.wire -  << "NEL: {"success_fraction":0,"report_to":"cf-nel","max_age":604800}[\r][\n]"
22:00:37.770 [main] DEBUG org.apache.http.wire -  << "Server: cloudflare[\r][\n]"
22:00:37.770 [main] DEBUG org.apache.http.wire -  << "CF-RAY: 7b850f21c86b3e48-SIN[\r][\n]"
22:00:37.770 [main] DEBUG org.apache.http.wire -  << "Content-Encoding: gzip[\r][\n]"
22:00:37.770 [main] DEBUG org.apache.http.wire -  << "alt-svc: h3=":443"; ma=86400, h3-29=":443"; ma=86400[\r][\n]"
22:00:37.770 [main] DEBUG org.apache.http.wire -  << "[\r][\n]"
22:00:37.770 [main] DEBUG org.apache.http.impl.conn.DefaultClientConnection - Receiving response: HTTP/1.1 200 OK
22:00:37.770 [main] DEBUG org.apache.http.headers - << HTTP/1.1 200 OK
22:00:37.770 [main] DEBUG org.apache.http.headers - << Date: Sat, 15 Apr 2023 15:00:37 GMT
22:00:37.770 [main] DEBUG org.apache.http.headers - << Content-Type: application/json; charset=utf-8
22:00:37.770 [main] DEBUG org.apache.http.headers - << Transfer-Encoding: chunked
22:00:37.770 [main] DEBUG org.apache.http.headers - << Connection: keep-alive
22:00:37.770 [main] DEBUG org.apache.http.headers - << Access-Control-Allow-Origin: *
22:00:37.770 [main] DEBUG org.apache.http.headers - << Etag: W/"120-HNMhv14aQeBJetA9fBvavCZ+gdk"
22:00:37.770 [main] DEBUG org.apache.http.headers - << X-Powered-By: Express
22:00:37.770 [main] DEBUG org.apache.http.headers - << CF-Cache-Status: DYNAMIC
22:00:37.770 [main] DEBUG org.apache.http.headers - << Report-To: {"endpoints":[{"url":"https:\/\/a.nel.cloudflare.com\/report\/v3?s=Nv0SJBsrLmI2sz%2FdouKHc7F%2Fr9qdRxtSqkZx1LYtwU%2BgZBUOaHxDmKeoP%2F8w6lB2R%2F%2BmcCMB6oZJHN2vDnjmQ2lMbbrXnI%2FNW%2BCCmGhZ404mLWZM3DDe4PL9MOQv%2BWGyMNPv"}],"group":"cf-nel","max_age":604800}
22:00:37.770 [main] DEBUG org.apache.http.headers - << NEL: {"success_fraction":0,"report_to":"cf-nel","max_age":604800}
22:00:37.770 [main] DEBUG org.apache.http.headers - << Server: cloudflare
22:00:37.770 [main] DEBUG org.apache.http.headers - << CF-RAY: 7b850f21c86b3e48-SIN
22:00:37.770 [main] DEBUG org.apache.http.headers - << Content-Encoding: gzip
22:00:37.770 [main] DEBUG org.apache.http.headers - << alt-svc: h3=":443"; ma=86400, h3-29=":443"; ma=86400
22:00:37.770 [main] DEBUG org.apache.http.impl.client.DefaultHttpClient - Connection can be kept alive indefinitely
22:00:37.771 [main] DEBUG io.restassured.internal.RestAssuredHttpBuilder - Parsing response as: application/json; charset=utf-8
22:00:37.771 [main] DEBUG org.apache.http.wire -  << "e3[\r][\n]"
22:00:37.771 [main] DEBUG org.apache.http.wire -  << "[0x1f][0x8b][0x8][0x0][0x0][0x0][0x0][0x0][0x0][0x3]LO[0xcb]N[0xc3]0[0x10][0xfc][0x15]4[0xe2][0xe8]DI[0xdc][0xc6][0x89]O=[0xf1][0x1b][0x95][0x89][0x97][0xd4]`{#[0xdb][0xa5][0x82][0xa8][0xff][0x8e]\![0xc4]qvv^;[0x8c][0xb5][0x89]r[0x86][0xde][0xb1][0x12]{^Lq[0x1c]+[0xf4][0xa6]@[0xa3][0x91][0xaa][0x95][0xfd]q[0x86][0x80][0xe7][0xb8]Bc[0xea][0xdb][0xfe]0[0x8f][0xb8][0xb],[0xae]|A[0xe3][0xc3][0xf9][0x85][0xd9][0x13][0x4]rIDU[0x17][0xe9][0xf6][0x94][0xd8]X[0x8][0xc4]kx[0xa5][0x4][0xad][0xc6]i[0x10][0xf8]v[0xdb][0xc2][0x96][0xa0][0xd1][0xf][0xf3]06rR[0x87][0xea][0xe5],t/@[0xc1]8[0xf][0x8d]w[0xbe][0xc4][0xd3]ZA[0xbb]p[0x80][0xc0]5S[0x8a]&[0xd0]/W[0x8d]7[0x93][0xf3][0x8d][0x93][0x85]F[0x90]S[\n]"
22:00:37.771 [main] DEBUG org.apache.http.wire -  << "/[0xcf]5[0xed][0xf1][0xb3][0xe3][0xcd][0xa5]\[0xfe][0x9][0xea][0x0][0xf3]w[0xb1]L5t[0xbb]p|Ti[0x8e][0xaa]k[0x6]96[0xaa][0x93][0x12][0x2][0xe7][0xf3]'tw[0xff][0x1][0x0][0x0][0xff][0xff][0x3][0x0][0xee][0xd7][0xb6][0xa6] [0x1][0x0][0x0]"
22:00:37.771 [main] DEBUG org.apache.http.wire -  << "[\r][\n]"
22:00:37.771 [main] DEBUG org.apache.http.wire -  << "0[\r][\n]"
22:00:37.771 [main] DEBUG org.apache.http.wire -  << "[\r][\n]"
22:00:37.771 [main] DEBUG io.restassured.internal.RestAssuredHttpBuilder - Parsed data to instance of: class org.apache.http.conn.EofSensorInputStream
22:00:37.772 [main] DEBUG org.apache.http.impl.conn.BasicClientConnectionManager - Releasing connection org.apache.http.impl.conn.ManagedClientConnectionImpl@828e2d8
22:00:37.772 [main] DEBUG org.apache.http.impl.conn.BasicClientConnectionManager - Connection can be kept alive indefinitely
22:00:37.772 [main] DEBUG net.thucydides.core.steps.StepInterceptor - STEP DONE: I GET HTTP request user data
  &amp#27;[32mWhen &amp#27;[0m&amp#27;[32mI GET HTTP request user data&amp#27;[0m                &amp#27;[90m# starter.stepdefinition.UserSteps.getUserRequestUrl()&amp#27;[0m
22:00:37.776 [main] DEBUG net.thucydides.core.steps.StepInterceptor - STARTING STEP: UserSteps.validDataUser - I receive valid data for detail cart
22:00:37.790 [main] DEBUG net.thucydides.core.steps.StepInterceptor - STEP DONE: I receive valid data for detail cart
  &amp#27;[32mAnd &amp#27;[0m&amp#27;[32mI receive valid data for detail user&amp#27;[0m         &amp#27;[90m# starter.stepdefinition.UserSteps.validDataUser()&amp#27;[0m
22:00:37.794 [main] DEBUG net.thucydides.core.steps.StepInterceptor - STARTING STEP: UserSteps.responseUserValid - I receive valid cart HTTP response code 200
22:00:37.794 [main] DEBUG net.thucydides.core.steps.StepInterceptor - STEP DONE: I receive valid cart HTTP response code 200
  &amp#27;[32mThen &amp#27;[0m&amp#27;[32mI receive valid user HTTP response code 200&amp#27;[0m &amp#27;[90m# starter.stepdefinition.UserSteps.responseUserValid()&amp#27;[0m
22:00:37.796 [main] INFO  - 
  _____   ___   ___   _____     ___     _     ___   ___   ___   ___  
 |_   _| | __| / __| |_   _|   | _ \   /_\   / __| / __| | __| |   \ 
   | |   | _|  \__ \   | |     |  _/  / _ \  \__ \ \__ \ | _|  | |) |
   |_|   |___| |___/   |_|     |_|   /_/ \_\ |___/ |___/ |___| |___/ 

USER - GET detail data user
----------------------------------------------------------------------
]]></system-out>
  </testcase>
  <testcase name="USER - GET a single user with invalid endpoints" classname="User #2" time="0.809">
    <system-out><![CDATA[
Scenario: USER - GET a single user with invalid endpoints    &amp#27;[90m# src/test/resources/api/user.feature:9&amp#27;[0m
22:00:37.813 [main] INFO io.cucumber.core.plugin.SerenityReporter - Running feature from file:///C:/Users/User/IdeaProjects/CodeCompetence2/src/test/resources/api/user.feature
22:00:37.813 [main] WARN io.cucumber.core.plugin.SerenityReporter - Feature from file:///C:/Users/User/IdeaProjects/CodeCompetence2/src/test/resources/api/user.feature is not under the 'features' directory. Requirements report will not be correctly generated!
22:00:37.815 [main] INFO  - 
  _____   ___   ___   _____     ___   _____     _     ___   _____   ___   ___  
 |_   _| | __| / __| |_   _|   / __| |_   _|   /_\   | _ \ |_   _| | __| |   \ 
   | |   | _|  \__ \   | |     \__ \   | |    / _ \  |   /   | |   | _|  | |) |
   |_|   |___| |___/   |_|     |___/   |_|   /_/ \_\ |_|_\   |_|   |___| |___/ 

USER - GET a single user with invalid endpoints(user;user---get-a-single-user-with-invalid-endpoints)
--------------------------------------------------------------------------------
22:00:37.824 [main] DEBUG net.thucydides.core.steps.StepInterceptor - STARTING STEP: UserSteps.getSingleUserInvalidEndpoint - I GET API single user with invalid endpoints
22:00:37.825 [main] DEBUG net.thucydides.core.steps.StepInterceptor - STEP DONE: I GET API single user with invalid endpoints
  &amp#27;[32mGiven &amp#27;[0m&amp#27;[32mI GET API single user with invalid endpoints&amp#27;[0m         &amp#27;[90m# starter.stepdefinition.UserSteps.getSingleUserInvalidEndpoint()&amp#27;[0m
22:00:37.831 [main] DEBUG net.thucydides.core.steps.StepInterceptor - STARTING STEP: UserSteps.getSingleUserInvalidRequest - I GET HTTP request single user with invalid endpoints
22:00:37.834 [main] DEBUG net.thucydides.core.steps.StepInterceptor - STARTING STEP: User.getSingleUserInvalidRequest - I GET API single user with invalid endpoints
22:00:37.834 [main] DEBUG net.thucydides.core.steps.StepInterceptor - STEP DONE: I GET API single user with invalid endpoints
22:00:37.844 [main] DEBUG org.apache.http.impl.conn.BasicClientConnectionManager - Get connection for route {s}->https://fakestoreapi.com:443
22:00:37.844 [main] DEBUG org.apache.http.impl.conn.DefaultClientConnectionOperator - Connecting to fakestoreapi.com:443
22:00:37.922 [main] DEBUG org.apache.http.client.protocol.RequestAddCookies - CookieSpec selected: ignoreCookies
22:00:37.922 [main] DEBUG org.apache.http.client.protocol.RequestAuthCache - Auth cache not set in the context
22:00:37.922 [main] DEBUG org.apache.http.client.protocol.RequestTargetAuthentication - Target auth state: UNCHALLENGED
22:00:37.922 [main] DEBUG org.apache.http.client.protocol.RequestProxyAuthentication - Proxy auth state: UNCHALLENGED
22:00:37.922 [main] DEBUG org.apache.http.impl.client.DefaultHttpClient - Attempt 1 to execute request
22:00:37.922 [main] DEBUG org.apache.http.impl.conn.DefaultClientConnection - Sending request: GET /user/1 HTTP/1.1
22:00:37.922 [main] DEBUG org.apache.http.wire -  >> "GET /user/1 HTTP/1.1[\r][\n]"
22:00:37.922 [main] DEBUG org.apache.http.wire -  >> "Accept: */*[\r][\n]"
22:00:37.922 [main] DEBUG org.apache.http.wire -  >> "Host: fakestoreapi.com[\r][\n]"
22:00:37.922 [main] DEBUG org.apache.http.wire -  >> "Connection: Keep-Alive[\r][\n]"
22:00:37.922 [main] DEBUG org.apache.http.wire -  >> "User-Agent: Apache-HttpClient/4.5.13 (Java/19.0.2)[\r][\n]"
22:00:37.922 [main] DEBUG org.apache.http.wire -  >> "Accept-Encoding: gzip,deflate[\r][\n]"
22:00:37.922 [main] DEBUG org.apache.http.wire -  >> "[\r][\n]"
22:00:37.922 [main] DEBUG org.apache.http.headers - >> GET /user/1 HTTP/1.1
22:00:37.922 [main] DEBUG org.apache.http.headers - >> Accept: */*
22:00:37.922 [main] DEBUG org.apache.http.headers - >> Host: fakestoreapi.com
22:00:37.922 [main] DEBUG org.apache.http.headers - >> Connection: Keep-Alive
22:00:37.922 [main] DEBUG org.apache.http.headers - >> User-Agent: Apache-HttpClient/4.5.13 (Java/19.0.2)
22:00:37.922 [main] DEBUG org.apache.http.headers - >> Accept-Encoding: gzip,deflate
22:00:38.590 [main] DEBUG org.apache.http.wire -  << "HTTP/1.1 404 Not Found[\r][\n]"
22:00:38.590 [main] DEBUG org.apache.http.wire -  << "Date: Sat, 15 Apr 2023 15:00:38 GMT[\r][\n]"
22:00:38.590 [main] DEBUG org.apache.http.wire -  << "Content-Type: text/html; charset=utf-8[\r][\n]"
22:00:38.590 [main] DEBUG org.apache.http.wire -  << "Transfer-Encoding: chunked[\r][\n]"
22:00:38.590 [main] DEBUG org.apache.http.wire -  << "Connection: keep-alive[\r][\n]"
22:00:38.590 [main] DEBUG org.apache.http.wire -  << "Access-Control-Allow-Origin: *[\r][\n]"
22:00:38.590 [main] DEBUG org.apache.http.wire -  << "Content-Security-Policy: default-src 'none'[\r][\n]"
22:00:38.590 [main] DEBUG org.apache.http.wire -  << "X-Content-Type-Options: nosniff[\r][\n]"
22:00:38.590 [main] DEBUG org.apache.http.wire -  << "X-Powered-By: Express[\r][\n]"
22:00:38.590 [main] DEBUG org.apache.http.wire -  << "CF-Cache-Status: DYNAMIC[\r][\n]"
22:00:38.591 [main] DEBUG org.apache.http.wire -  << "Report-To: {"endpoints":[{"url":"https:\/\/a.nel.cloudflare.com\/report\/v3?s=g27%2FB2ic6QxmAtU2o2VukxFojOd%2FbdEDYgcws%2FdZE%2FSRDh3uMrMkKA54dNZZGRo%2Bo9DfYaAxFnAizv0C3MAjoG2kDxC6PmRhXo0ALI1wT%2BcA82WX32r2z8BgEE%2BiBZU7u55x"}],"group":"cf-nel","max_age":604800}[\r][\n]"
22:00:38.591 [main] DEBUG org.apache.http.wire -  << "NEL: {"success_fraction":0,"report_to":"cf-nel","max_age":604800}[\r][\n]"
22:00:38.591 [main] DEBUG org.apache.http.wire -  << "Server: cloudflare[\r][\n]"
22:00:38.591 [main] DEBUG org.apache.http.wire -  << "CF-RAY: 7b850f281e7e91ad-SIN[\r][\n]"
22:00:38.591 [main] DEBUG org.apache.http.wire -  << "Content-Encoding: gzip[\r][\n]"
22:00:38.591 [main] DEBUG org.apache.http.wire -  << "alt-svc: h3=":443"; ma=86400, h3-29=":443"; ma=86400[\r][\n]"
22:00:38.591 [main] DEBUG org.apache.http.wire -  << "[\r][\n]"
22:00:38.591 [main] DEBUG org.apache.http.impl.conn.DefaultClientConnection - Receiving response: HTTP/1.1 404 Not Found
22:00:38.591 [main] DEBUG org.apache.http.headers - << HTTP/1.1 404 Not Found
22:00:38.591 [main] DEBUG org.apache.http.headers - << Date: Sat, 15 Apr 2023 15:00:38 GMT
22:00:38.591 [main] DEBUG org.apache.http.headers - << Content-Type: text/html; charset=utf-8
22:00:38.591 [main] DEBUG org.apache.http.headers - << Transfer-Encoding: chunked
22:00:38.591 [main] DEBUG org.apache.http.headers - << Connection: keep-alive
22:00:38.591 [main] DEBUG org.apache.http.headers - << Access-Control-Allow-Origin: *
22:00:38.591 [main] DEBUG org.apache.http.headers - << Content-Security-Policy: default-src 'none'
22:00:38.591 [main] DEBUG org.apache.http.headers - << X-Content-Type-Options: nosniff
22:00:38.591 [main] DEBUG org.apache.http.headers - << X-Powered-By: Express
22:00:38.591 [main] DEBUG org.apache.http.headers - << CF-Cache-Status: DYNAMIC
22:00:38.591 [main] DEBUG org.apache.http.headers - << Report-To: {"endpoints":[{"url":"https:\/\/a.nel.cloudflare.com\/report\/v3?s=g27%2FB2ic6QxmAtU2o2VukxFojOd%2FbdEDYgcws%2FdZE%2FSRDh3uMrMkKA54dNZZGRo%2Bo9DfYaAxFnAizv0C3MAjoG2kDxC6PmRhXo0ALI1wT%2BcA82WX32r2z8BgEE%2BiBZU7u55x"}],"group":"cf-nel","max_age":604800}
22:00:38.591 [main] DEBUG org.apache.http.headers - << NEL: {"success_fraction":0,"report_to":"cf-nel","max_age":604800}
22:00:38.591 [main] DEBUG org.apache.http.headers - << Server: cloudflare
22:00:38.591 [main] DEBUG org.apache.http.headers - << CF-RAY: 7b850f281e7e91ad-SIN
22:00:38.591 [main] DEBUG org.apache.http.headers - << Content-Encoding: gzip
22:00:38.591 [main] DEBUG org.apache.http.headers - << alt-svc: h3=":443"; ma=86400, h3-29=":443"; ma=86400
22:00:38.591 [main] DEBUG org.apache.http.impl.client.DefaultHttpClient - Connection can be kept alive indefinitely
22:00:38.591 [main] DEBUG io.restassured.internal.RestAssuredHttpBuilder - Parsing response as: text/html; charset=utf-8
22:00:38.591 [main] DEBUG org.apache.http.wire -  << "85[\r][\n]"
22:00:38.591 [main] DEBUG org.apache.http.wire -  << "[0x1f][0x8b][0x8][0x0][0x0][0x0][0x0][0x0][0x0][0x3],[0x8e][0xb1][0xe][0xc2]0[0xc]Dw[0x85][0xc9][0x8e],6[0x6]7K[0x89][0x18]a[0xe8][0xd2]1PC[0x91][0xd2][0xa4]r[0xdd][0x81][0xbf][0xaf][0x2][0x9d]N[0xf7][0xee]N:>\nm[0xd7][0xdf][0x3][0x8e]6%[0xf]\[0x5]S[0xcc][0xef][0xc6]Iv[0x15]H[0x1c]<[0xf0]$[0x16][0xf1]9F][0xc4][0x1a][0xb7][0xda][0xeb]x[0xae][0xa9]},[0x89][0xf][0xaa]E[0x99][0xfe][0x6][0x98][0xf6][0xcd][0xa3][0xc]_[0xf]<[0xab][0xf8]6[0xe6]\[0xc][0xaf][0xa1]CZ[0x17]Q:1U[0xe]L{[0x8b]~[0x7]6[0x0][0x0][0x0][0xff][0xff]"
22:00:38.591 [main] DEBUG org.apache.http.wire -  << "[\r][\n]"
22:00:38.591 [main] DEBUG org.apache.http.wire -  << "b[\r][\n]"
22:00:38.591 [main] DEBUG org.apache.http.wire -  << "[0xe3][0x2][0x0][0xa7][0x1f][0xfb]`[0x91][0x0][0x0][0x0]"
22:00:38.591 [main] DEBUG org.apache.http.wire -  << "[\r][\n]"
22:00:38.591 [main] DEBUG org.apache.http.wire -  << "0[\r][\n]"
22:00:38.591 [main] DEBUG org.apache.http.wire -  << "[\r][\n]"
22:00:38.591 [main] DEBUG io.restassured.internal.RestAssuredHttpBuilder - Parsed data to instance of: class org.apache.http.conn.EofSensorInputStream
22:00:38.592 [main] DEBUG org.apache.http.impl.conn.BasicClientConnectionManager - Releasing connection org.apache.http.impl.conn.ManagedClientConnectionImpl@724e483f
22:00:38.592 [main] DEBUG org.apache.http.impl.conn.BasicClientConnectionManager - Connection can be kept alive indefinitely
22:00:38.593 [main] DEBUG net.thucydides.core.steps.StepInterceptor - STEP DONE: I GET HTTP request single user with invalid endpoints
  &amp#27;[32mWhen &amp#27;[0m&amp#27;[32mI GET HTTP request single user with invalid endpoints&amp#27;[0m &amp#27;[90m# starter.stepdefinition.UserSteps.getSingleUserInvalidRequest()&amp#27;[0m
22:00:38.597 [main] DEBUG net.thucydides.core.steps.StepInterceptor - STARTING STEP: UserSteps.receiveInvalidDataForSingleUser - I receive invalid data for single user
22:00:38.599 [main] DEBUG net.thucydides.core.steps.StepInterceptor - STEP DONE: I receive invalid data for single user
  &amp#27;[32mAnd &amp#27;[0m&amp#27;[32mI receive invalid data for single user&amp#27;[0m                 &amp#27;[90m# starter.stepdefinition.UserSteps.receiveInvalidDataForSingleUser()&amp#27;[0m
22:00:38.603 [main] DEBUG net.thucydides.core.steps.StepInterceptor - STARTING STEP: UserSteps.receiveInvalidSingleUserResponseCode404 - I receive invalid GET single user response code 404
22:00:38.604 [main] DEBUG net.thucydides.core.steps.StepInterceptor - STEP DONE: I receive invalid GET single user response code 404
  &amp#27;[32mThen &amp#27;[0m&amp#27;[32mI receive invalid GET single user response code 404&amp#27;[0m   &amp#27;[90m# starter.stepdefinition.UserSteps.receiveInvalidSingleUserResponseCode404()&amp#27;[0m
22:00:38.606 [main] INFO  - 
  _____   ___   ___   _____     ___     _     ___   ___   ___   ___  
 |_   _| | __| / __| |_   _|   | _ \   /_\   / __| / __| | __| |   \ 
   | |   | _|  \__ \   | |     |  _/  / _ \  \__ \ \__ \ | _|  | |) |
   |_|   |___| |___/   |_|     |_|   /_/ \_\ |___/ |___/ |___| |___/ 

USER - GET a single user with invalid endpoints
----------------------------------------------------------------------
]]></system-out>
  </testcase>
  <testcase name="USER - GET ALL detail data user" classname="User #2" time="1.114">
    <system-out><![CDATA[
Scenario: USER - GET ALL detail data user                  &amp#27;[90m# src/test/resources/api/user.feature:15&amp#27;[0m
22:00:38.622 [main] INFO io.cucumber.core.plugin.SerenityReporter - Running feature from file:///C:/Users/User/IdeaProjects/CodeCompetence2/src/test/resources/api/user.feature
22:00:38.622 [main] WARN io.cucumber.core.plugin.SerenityReporter - Feature from file:///C:/Users/User/IdeaProjects/CodeCompetence2/src/test/resources/api/user.feature is not under the 'features' directory. Requirements report will not be correctly generated!
22:00:38.624 [main] INFO  - 
  _____   ___   ___   _____     ___   _____     _     ___   _____   ___   ___  
 |_   _| | __| / __| |_   _|   / __| |_   _|   /_\   | _ \ |_   _| | __| |   \ 
   | |   | _|  \__ \   | |     \__ \   | |    / _ \  |   /   | |   | _|  | |) |
   |_|   |___| |___/   |_|     |___/   |_|   /_/ \_\ |_|_\   |_|   |___| |___/ 

USER - GET ALL detail data user(user;user---get-all-detail-data-user)
--------------------------------------------------------------------------------
22:00:38.637 [main] DEBUG net.thucydides.core.steps.StepInterceptor - STARTING STEP: UserSteps.setGetAllUserEndpoint - I GET API all user endpoints
22:00:38.637 [main] DEBUG net.thucydides.core.steps.StepInterceptor - STEP DONE: I GET API all user endpoints
  &amp#27;[32mGiven &amp#27;[0m&amp#27;[32mI GET API all user endpoints&amp#27;[0m                       &amp#27;[90m# starter.stepdefinition.UserSteps.setGetAllUserEndpoint()&amp#27;[0m
22:00:38.642 [main] DEBUG net.thucydides.core.steps.StepInterceptor - STARTING STEP: UserSteps.getAllUserRequest - I GET HTTP request user data
22:00:38.643 [main] DEBUG net.thucydides.core.steps.StepInterceptor - STARTING STEP: User.getAllUserRequest - I GET API all user endpoints
22:00:38.643 [main] DEBUG net.thucydides.core.steps.StepInterceptor - STEP DONE: I GET API all user endpoints
22:00:38.652 [main] DEBUG org.apache.http.impl.conn.BasicClientConnectionManager - Get connection for route {s}->https://fakestoreapi.com:443
22:00:38.653 [main] DEBUG org.apache.http.impl.conn.DefaultClientConnectionOperator - Connecting to fakestoreapi.com:443
22:00:38.786 [main] DEBUG org.apache.http.client.protocol.RequestAddCookies - CookieSpec selected: ignoreCookies
22:00:38.786 [main] DEBUG org.apache.http.client.protocol.RequestAuthCache - Auth cache not set in the context
22:00:38.786 [main] DEBUG org.apache.http.client.protocol.RequestTargetAuthentication - Target auth state: UNCHALLENGED
22:00:38.786 [main] DEBUG org.apache.http.client.protocol.RequestProxyAuthentication - Proxy auth state: UNCHALLENGED
22:00:38.786 [main] DEBUG org.apache.http.impl.client.DefaultHttpClient - Attempt 1 to execute request
22:00:38.786 [main] DEBUG org.apache.http.impl.conn.DefaultClientConnection - Sending request: GET /users HTTP/1.1
22:00:38.786 [main] DEBUG org.apache.http.wire -  >> "GET /users HTTP/1.1[\r][\n]"
22:00:38.786 [main] DEBUG org.apache.http.wire -  >> "Accept: */*[\r][\n]"
22:00:38.787 [main] DEBUG org.apache.http.wire -  >> "Host: fakestoreapi.com[\r][\n]"
22:00:38.787 [main] DEBUG org.apache.http.wire -  >> "Connection: Keep-Alive[\r][\n]"
22:00:38.787 [main] DEBUG org.apache.http.wire -  >> "User-Agent: Apache-HttpClient/4.5.13 (Java/19.0.2)[\r][\n]"
22:00:38.787 [main] DEBUG org.apache.http.wire -  >> "Accept-Encoding: gzip,deflate[\r][\n]"
22:00:38.787 [main] DEBUG org.apache.http.wire -  >> "[\r][\n]"
22:00:38.787 [main] DEBUG org.apache.http.headers - >> GET /users HTTP/1.1
22:00:38.787 [main] DEBUG org.apache.http.headers - >> Accept: */*
22:00:38.787 [main] DEBUG org.apache.http.headers - >> Host: fakestoreapi.com
22:00:38.787 [main] DEBUG org.apache.http.headers - >> Connection: Keep-Alive
22:00:38.787 [main] DEBUG org.apache.http.headers - >> User-Agent: Apache-HttpClient/4.5.13 (Java/19.0.2)
22:00:38.787 [main] DEBUG org.apache.http.headers - >> Accept-Encoding: gzip,deflate
22:00:39.709 [main] DEBUG org.apache.http.wire -  << "HTTP/1.1 200 OK[\r][\n]"
22:00:39.709 [main] DEBUG org.apache.http.wire -  << "Date: Sat, 15 Apr 2023 15:00:39 GMT[\r][\n]"
22:00:39.709 [main] DEBUG org.apache.http.wire -  << "Content-Type: application/json; charset=utf-8[\r][\n]"
22:00:39.709 [main] DEBUG org.apache.http.wire -  << "Transfer-Encoding: chunked[\r][\n]"
22:00:39.709 [main] DEBUG org.apache.http.wire -  << "Connection: keep-alive[\r][\n]"
22:00:39.709 [main] DEBUG org.apache.http.wire -  << "Access-Control-Allow-Origin: *[\r][\n]"
22:00:39.709 [main] DEBUG org.apache.http.wire -  << "Etag: W/"bae-Vi0JNVg0EAD6LcGk4v18ASK0bgA"[\r][\n]"
22:00:39.709 [main] DEBUG org.apache.http.wire -  << "X-Powered-By: Express[\r][\n]"
22:00:39.709 [main] DEBUG org.apache.http.wire -  << "CF-Cache-Status: DYNAMIC[\r][\n]"
22:00:39.709 [main] DEBUG org.apache.http.wire -  << "Report-To: {"endpoints":[{"url":"https:\/\/a.nel.cloudflare.com\/report\/v3?s=fkWvvnWhjHw6njtlipxvSkN3Q3EMauGa577QPd05PobCGhyECub8twsZEbjdEX1dildBgGNECWJ2jzVn4SzIKjvX4KeaKnKoI%2FnYHjDl%2B9fcWNwbDWfswOfbKjKrb2pYeCt%2F"}],"group":"cf-nel","max_age":604800}[\r][\n]"
22:00:39.709 [main] DEBUG org.apache.http.wire -  << "NEL: {"success_fraction":0,"report_to":"cf-nel","max_age":604800}[\r][\n]"
22:00:39.709 [main] DEBUG org.apache.http.wire -  << "Server: cloudflare[\r][\n]"
22:00:39.709 [main] DEBUG org.apache.http.wire -  << "CF-RAY: 7b850f2d9bb94631-SIN[\r][\n]"
22:00:39.709 [main] DEBUG org.apache.http.wire -  << "Content-Encoding: gzip[\r][\n]"
22:00:39.709 [main] DEBUG org.apache.http.wire -  << "alt-svc: h3=":443"; ma=86400, h3-29=":443"; ma=86400[\r][\n]"
22:00:39.709 [main] DEBUG org.apache.http.wire -  << "[\r][\n]"
22:00:39.709 [main] DEBUG org.apache.http.impl.conn.DefaultClientConnection - Receiving response: HTTP/1.1 200 OK
22:00:39.709 [main] DEBUG org.apache.http.headers - << HTTP/1.1 200 OK
22:00:39.709 [main] DEBUG org.apache.http.headers - << Date: Sat, 15 Apr 2023 15:00:39 GMT
22:00:39.709 [main] DEBUG org.apache.http.headers - << Content-Type: application/json; charset=utf-8
22:00:39.709 [main] DEBUG org.apache.http.headers - << Transfer-Encoding: chunked
22:00:39.709 [main] DEBUG org.apache.http.headers - << Connection: keep-alive
22:00:39.709 [main] DEBUG org.apache.http.headers - << Access-Control-Allow-Origin: *
22:00:39.709 [main] DEBUG org.apache.http.headers - << Etag: W/"bae-Vi0JNVg0EAD6LcGk4v18ASK0bgA"
22:00:39.709 [main] DEBUG org.apache.http.headers - << X-Powered-By: Express
22:00:39.709 [main] DEBUG org.apache.http.headers - << CF-Cache-Status: DYNAMIC
22:00:39.709 [main] DEBUG org.apache.http.headers - << Report-To: {"endpoints":[{"url":"https:\/\/a.nel.cloudflare.com\/report\/v3?s=fkWvvnWhjHw6njtlipxvSkN3Q3EMauGa577QPd05PobCGhyECub8twsZEbjdEX1dildBgGNECWJ2jzVn4SzIKjvX4KeaKnKoI%2FnYHjDl%2B9fcWNwbDWfswOfbKjKrb2pYeCt%2F"}],"group":"cf-nel","max_age":604800}
22:00:39.709 [main] DEBUG org.apache.http.headers - << NEL: {"success_fraction":0,"report_to":"cf-nel","max_age":604800}
22:00:39.709 [main] DEBUG org.apache.http.headers - << Server: cloudflare
22:00:39.709 [main] DEBUG org.apache.http.headers - << CF-RAY: 7b850f2d9bb94631-SIN
22:00:39.709 [main] DEBUG org.apache.http.headers - << Content-Encoding: gzip
22:00:39.709 [main] DEBUG org.apache.http.headers - << alt-svc: h3=":443"; ma=86400, h3-29=":443"; ma=86400
22:00:39.709 [main] DEBUG org.apache.http.impl.client.DefaultHttpClient - Connection can be kept alive indefinitely
22:00:39.709 [main] DEBUG io.restassured.internal.RestAssuredHttpBuilder - Parsing response as: application/json; charset=utf-8
22:00:39.709 [main] DEBUG org.apache.http.wire -  << "37f[\r][\n]"
22:00:39.709 [main] DEBUG org.apache.http.wire -  << "[0x1f][0x8b][0x8][0x0][0x0][0x0][0x0][0x0][0x0][0x3][0xb4][0xd6]O[0x8f][0xe3]&[0x14][0x0][0xf0][0xaf]b[0xb1][0xdb][0x1e][0xa2][0x10][0xf1][0x1f][0xdb][0xa7][0xa9][0xa6]Z[0xf5][0xb0][0xb7]=[0xf4]P[0xb5][0x11][0x8d][0xc9][0x84]1[0x86][0x8][0x9c]D[0xd3][0xd1]~[0xf7][0xca][0x9e]d[0x2]N[0xbd][0xda][0xa8][0xed][0xd1]![0xef][0x81]z~[0x8f][0xdf]^[0x81]j[0x9a][0xa0]c[0x4][0xf5]+x[0xd2][0xde][0xfa][0x8d][0xea][0x8d]w[0xc3][0xa3]U=[0xa8][0x1][0xa4]rE1[0xaf][0xc0][0x12]X[0xef][0x9e]@[\r]J[0xbc][0xc2][0xac][0x12][0xe0][0xeb][0x12]lL[0xff][0x2]j[0xd0][0x1a][0xbb][0xf1][0xde]j[0xb0][0x4][0xb1][0xf]Z[0xf]qN[0x9f][0x8a][0xe0]U[0x3][0x96][0xc0][0x1d][0xba]?u[0x0][0xb5][0x14]%Y[0x82][0xbf][0xcc]~[0xe3][0x1b][\r]j[0x80]IE[0x4][0xa4][0xa5]dC.[0xd3][0x80][0x1a]/[0x81][0xee][0x94][0xb1][0xa0][0x6][0xcf]~[0xe7][0x1e][0x9e][0x86][0x87][0xd5][0xc6]w`[0x9][0xe]Q[0x7][0xa7]:}^[0x1b][0x12][0xef]U[0x8c]'[0x1f][0x1a]P[0x83][0x8e][0x96][0xa1][0xfb][0xf4]q[0xd8]m[0xfc][0xcf]+[0xd8][0x9a][0x10][0xfb]$`x[0x1][0xf5][0xfe]K[0xe3][0xf5][0xb0][0xe9]~[0xe7][0xdd]x[0x14][0xc8]%[0x82][0x84][\n]"
22:00:39.709 [main] DEBUG org.apache.http.wire -  << "([0x11][0xa5]`[0x9][0xd6][0xeb]#[0xa8][0xd1][0xd7][0xe5][0xff][0x7][0xf4][0xd9][0x1f]u[0x88][0xc5]g[0x97][\n]"
22:00:39.709 [main] DEBUG org.apache.http.wire -  << "[0x11]![0xbf]-D[0xae]B[0x9d][0xf][0xc1]D?[0xab][0xd4][0xf9][0xb0]&[0x14][0xb3][0x1c][0xaa][0xa4][0x81][0xff][0xb1][0x9e]qj[0xd4][0xd1]49[0xd4]e[0x97][0xff]H[0x8b][0xa1][0x15]eB^[0xb1] E+L1J[0xb4][0x1e][0xf][0xd6]v[0xca][0xa5]X[0x9f][0x82]r[0x1b][0x1d][0x8b][0xc7]>[0xd1]*EjE*.$[0xc4][0x8c][0x93][0x8b][0x15][0xbd]Z[0xb5][0xfa]hf[0xa1][0xc6][0xc5][0xf0]2[0xee][0x98]H[0xb5][0xfa][0x88]HE[0xe5][0xc3][0xc][0xd6][0x18][0x96]c[0x8d]Ir(!![0xaa][0x18][0xc4][0x94][0xf1][0xbb][0xa0][0xf8][\r][0x14][0xb9][0x81][0xfa][0xa2]\[0xf1][0x93][0xeb][0xbd]3>[0xc5][0xfa][0xe5][0xe0][0xfa][0xa1][0xb4][0x1e][0x83][0xd6]m[0xf1]sH[0xc8][0x4][0xe3],E[0xab]JB[0x19][0xc4][0x92][0xbe][0x17][0x18][0xbb][0xa2]5[0xf3][0xb5][0xd5]x[0xa7][0x83][0xcf][0xbd][0xf4]I7[0xde][0xcd]U[0x96][0x9f]R[0xf9]N[0x87][0xdc]J[\n]"
22:00:39.709 [main] DEBUG org.apache.http.wire -  << "[0xe]eYA1[0x1c][0xe7][0xdf][0x15][0x15][0xbb][0xb1][0x8a][0xff]l[0xa5][0x1a][0xd5][0xc5][0xe2]KZV[0x84][0xf1][0x94][0xa8]D[0xb2][0x12][0x10][0x93]+[0x11]O[0x88]t[0xd0][0xed],[0xd2][0xb0][0x98][0x1b]=[0xb7][0xf6]i[0xb1][0xe6]bN[0xe9][0x1c][0x91]8[0xed][0xfd]I[[0x9b]CU\@[0x84]0[0xc4][0xd5][0x9d]E5[0x94][0x90][0x90])[0x14]F+![0xcb]*[0x81][0xd2][0xb6][0xd8][0xab][0x98]![0xed][0x83][0x8f]{[0xbd][0xe9][0x8b][0x98]:a[0xc2][0xf2]^E[0x99][0x80][0x88]qqq[0x12][0x89][0xd3][0xd0]X[0xd6]aV[0xea]m9[0xb7][0xa2]L[0x96][0x8b][0xf][0x9c]}[0xaf][\n]"
22:00:39.709 [main] DEBUG org.apache.http.wire -  << "[0x87][0x18]o[0xb0][0x84],!e[0x1c]V[0xe5][0xc8][0xfe][0xfd]Xx[0xa8][0xaa]1[0xe6][0x8c]E[0xd0]J0[0x9c]Zm[0x83][0x8e].[0xa3][0x8a][0xaa]i[0xac][0x9e]@Q[0x96][0xcd][0xbd]JPYBD[0x18][0xbf]H[0xc9][0xa4][0xab]"
22:00:39.709 [main] DEBUG org.apache.http.wire -  << "[0x9b]`T7[0x7][0x15][0xdd]K[0xa3]'N[B[0xcb][0x1f][0x1f][0x16]s[0xb3][0xef]-a[0xe]uN[0x93]9aBa[0xc5](D\[0xd0][0xfb];U[0xea][0x84]o[0x9c]:[0x1d]U[0xaa]tT[0xd6][0xbe][0x14]G[0xa3]O[0x85]uwI[0x95]W[0xa9][0x93][0xb1][0xf6][0x1b]T;[0xbf]o[0x8d][0x8b][0xb9][0xd5][0xaf]o1\|[0xdc]=[0xcf]x[0x9d][0xd3][0xe6]`[0x97]d[0x99][0x18][0x1b][0xce][0x86]0De[0x85][0xee][0xed]W[0x98]LK[0x8b]O[0xc8][0x8c][0xea]L[0xd6][0xa9][0x8e][0xde]5[0xca][0xea]B[0x1d]uBF[0xf3]nu+V%SP[0xf5]zv[0x8][0xaa]^[0xaf]w[0x93][0x9][0xb8][0xd5][0xcf][0xed][0xc3]b[0xee][0xb6]0[0x84]L[0x98][0x94][0xd5][0xb7]_[0x1f][0xe3][0x2][0xe2][0xea][0xce][0x9e]N[0xd1][0x8a]0Y[0x96][0xf9][0x0][0xe4]l[0xc2][0xb4][0xf5][0xa1]/N[0xea][0xc5]ew+[0xaf][0xda][0xc2][0xaa][0x93][0x9b]Xq[0x92][0xdd][0x18]0"\@[0xc6][0xe9][0xfb][0x8d][0x1][0xa3][0xe4][0x2]j[0xba][0xce][0xcc]r[0xbd][0xad][0xae]'[0xed][0xbd][0xb5][0xda][0xb8][0xc5][0x87][0x1f][0x16]s[0xf7][0xd0]1*7[0x1b]c&[0x9f]"bca1>[0xe][0xb5]3[0xda][0xef][0x3][0x0][0x0][0xff][0xff][0x3][0x0]z[\r][0xe]b[0xae][0xb][0x0][0x0]"
22:00:39.709 [main] DEBUG org.apache.http.wire -  << "[\r][\n]"
22:00:39.709 [main] DEBUG org.apache.http.wire -  << "0[\r][\n]"
22:00:39.709 [main] DEBUG org.apache.http.wire -  << "[\r][\n]"
22:00:39.709 [main] DEBUG io.restassured.internal.RestAssuredHttpBuilder - Parsed data to instance of: class org.apache.http.conn.EofSensorInputStream
22:00:39.711 [main] DEBUG org.apache.http.impl.conn.BasicClientConnectionManager - Releasing connection org.apache.http.impl.conn.ManagedClientConnectionImpl@58f259bd
22:00:39.711 [main] DEBUG org.apache.http.impl.conn.BasicClientConnectionManager - Connection can be kept alive indefinitely
22:00:39.714 [main] DEBUG net.thucydides.core.steps.StepInterceptor - STEP DONE: I GET HTTP request user data
  &amp#27;[32mWhen &amp#27;[0m&amp#27;[32mI GET HTTP request all user data&amp#27;[0m                    &amp#27;[90m# starter.stepdefinition.UserSteps.getAllUserRequest()&amp#27;[0m
22:00:39.718 [main] DEBUG net.thucydides.core.steps.StepInterceptor - STARTING STEP: UserSteps.responseValid - I receive valid user HTTP response code 200
22:00:39.718 [main] DEBUG net.thucydides.core.steps.StepInterceptor - STEP DONE: I receive valid user HTTP response code 200
  &amp#27;[32mThen &amp#27;[0m&amp#27;[32mI receive valid get all user HTTP response code 200&amp#27;[0m &amp#27;[90m# starter.stepdefinition.UserSteps.responseValid()&amp#27;[0m
22:00:39.721 [main] INFO  - 
  _____   ___   ___   _____     ___     _     ___   ___   ___   ___  
 |_   _| | __| / __| |_   _|   | _ \   /_\   / __| / __| | __| |   \ 
   | |   | _|  \__ \   | |     |  _/  / _ \  \__ \ \__ \ | _|  | |) |
   |_|   |___| |___/   |_|     |_|   /_/ \_\ |___/ |___/ |___| |___/ 

USER - GET ALL detail data user
----------------------------------------------------------------------
]]></system-out>
  </testcase>
  <testcase name="USER - GET ALL detail data user with invalid url" classname="User #2" time="0.514">
    <system-out><![CDATA[
Scenario: USER - GET ALL detail data user with invalid url &amp#27;[90m# src/test/resources/api/user.feature:20&amp#27;[0m
22:00:39.736 [main] INFO io.cucumber.core.plugin.SerenityReporter - Running feature from file:///C:/Users/User/IdeaProjects/CodeCompetence2/src/test/resources/api/user.feature
22:00:39.736 [main] WARN io.cucumber.core.plugin.SerenityReporter - Feature from file:///C:/Users/User/IdeaProjects/CodeCompetence2/src/test/resources/api/user.feature is not under the 'features' directory. Requirements report will not be correctly generated!
22:00:39.739 [main] INFO  - 
  _____   ___   ___   _____     ___   _____     _     ___   _____   ___   ___  
 |_   _| | __| / __| |_   _|   / __| |_   _|   /_\   | _ \ |_   _| | __| |   \ 
   | |   | _|  \__ \   | |     \__ \   | |    / _ \  |   /   | |   | _|  | |) |
   |_|   |___| |___/   |_|     |___/   |_|   /_/ \_\ |_|_\   |_|   |___| |___/ 

USER - GET ALL detail data user with invalid url(user;user---get-all-detail-data-user-with-invalid-url)
--------------------------------------------------------------------------------
22:00:39.752 [main] DEBUG net.thucydides.core.steps.StepInterceptor - STARTING STEP: UserSteps.setGetAllUserEndpointUrl - I GET Wrong API all user endpoints
22:00:39.752 [main] DEBUG net.thucydides.core.steps.StepInterceptor - STEP DONE: I GET Wrong API all user endpoints
  &amp#27;[32mGiven &amp#27;[0m&amp#27;[32mI GET Wrong API all user url endpoints&amp#27;[0m             &amp#27;[90m# starter.stepdefinition.UserSteps.setGetAllUserEndpointUrl()&amp#27;[0m
22:00:39.755 [main] DEBUG net.thucydides.core.steps.StepInterceptor - STARTING STEP: UserSteps.getAllUserRequestUrl - I GET HTTP request user data
22:00:39.756 [main] DEBUG net.thucydides.core.steps.StepInterceptor - STARTING STEP: User.getAllUserRequestUrl - I GET Wrong API all user endpoints
22:00:39.757 [main] DEBUG net.thucydides.core.steps.StepInterceptor - STEP DONE: I GET Wrong API all user endpoints
22:00:39.764 [main] DEBUG org.apache.http.impl.conn.BasicClientConnectionManager - Get connection for route {s}->https://fakestoreapi.com:443
22:00:39.764 [main] DEBUG org.apache.http.impl.conn.DefaultClientConnectionOperator - Connecting to fakestoreapi.com:443
22:00:39.836 [main] DEBUG org.apache.http.client.protocol.RequestAddCookies - CookieSpec selected: ignoreCookies
22:00:39.836 [main] DEBUG org.apache.http.client.protocol.RequestAuthCache - Auth cache not set in the context
22:00:39.836 [main] DEBUG org.apache.http.client.protocol.RequestTargetAuthentication - Target auth state: UNCHALLENGED
22:00:39.836 [main] DEBUG org.apache.http.client.protocol.RequestProxyAuthentication - Proxy auth state: UNCHALLENGED
22:00:39.836 [main] DEBUG org.apache.http.impl.client.DefaultHttpClient - Attempt 1 to execute request
22:00:39.836 [main] DEBUG org.apache.http.impl.conn.DefaultClientConnection - Sending request: GET /pengguna HTTP/1.1
22:00:39.836 [main] DEBUG org.apache.http.wire -  >> "GET /pengguna HTTP/1.1[\r][\n]"
22:00:39.836 [main] DEBUG org.apache.http.wire -  >> "Accept: */*[\r][\n]"
22:00:39.836 [main] DEBUG org.apache.http.wire -  >> "Host: fakestoreapi.com[\r][\n]"
22:00:39.836 [main] DEBUG org.apache.http.wire -  >> "Connection: Keep-Alive[\r][\n]"
22:00:39.836 [main] DEBUG org.apache.http.wire -  >> "User-Agent: Apache-HttpClient/4.5.13 (Java/19.0.2)[\r][\n]"
22:00:39.836 [main] DEBUG org.apache.http.wire -  >> "Accept-Encoding: gzip,deflate[\r][\n]"
22:00:39.836 [main] DEBUG org.apache.http.wire -  >> "[\r][\n]"
22:00:39.836 [main] DEBUG org.apache.http.headers - >> GET /pengguna HTTP/1.1
22:00:39.836 [main] DEBUG org.apache.http.headers - >> Accept: */*
22:00:39.836 [main] DEBUG org.apache.http.headers - >> Host: fakestoreapi.com
22:00:39.836 [main] DEBUG org.apache.http.headers - >> Connection: Keep-Alive
22:00:39.836 [main] DEBUG org.apache.http.headers - >> User-Agent: Apache-HttpClient/4.5.13 (Java/19.0.2)
22:00:39.836 [main] DEBUG org.apache.http.headers - >> Accept-Encoding: gzip,deflate
22:00:40.224 [main] DEBUG org.apache.http.wire -  << "HTTP/1.1 404 Not Found[\r][\n]"
22:00:40.224 [main] DEBUG org.apache.http.wire -  << "Date: Sat, 15 Apr 2023 15:00:40 GMT[\r][\n]"
22:00:40.224 [main] DEBUG org.apache.http.wire -  << "Content-Type: text/html; charset=utf-8[\r][\n]"
22:00:40.224 [main] DEBUG org.apache.http.wire -  << "Transfer-Encoding: chunked[\r][\n]"
22:00:40.224 [main] DEBUG org.apache.http.wire -  << "Connection: keep-alive[\r][\n]"
22:00:40.224 [main] DEBUG org.apache.http.wire -  << "Access-Control-Allow-Origin: *[\r][\n]"
22:00:40.224 [main] DEBUG org.apache.http.wire -  << "Content-Security-Policy: default-src 'none'[\r][\n]"
22:00:40.224 [main] DEBUG org.apache.http.wire -  << "X-Content-Type-Options: nosniff[\r][\n]"
22:00:40.224 [main] DEBUG org.apache.http.wire -  << "X-Powered-By: Express[\r][\n]"
22:00:40.224 [main] DEBUG org.apache.http.wire -  << "CF-Cache-Status: DYNAMIC[\r][\n]"
22:00:40.225 [main] DEBUG org.apache.http.wire -  << "Report-To: {"endpoints":[{"url":"https:\/\/a.nel.cloudflare.com\/report\/v3?s=VBML2GakIjw3xeGy8ikhwtd4DlcfvzxtBSpwHQkKqpJRi2xWtJ60X9jq%2BESBhdCtbuQ64pyy4%2BqbjgLnL3ShNX%2BE1Wui1dn%2FOUHaWa7nXzNNYDo7o32sGwatOKBUtNxzzKVr"}],"group":"cf-nel","max_age":604800}[\r][\n]"
22:00:40.225 [main] DEBUG org.apache.http.wire -  << "NEL: {"success_fraction":0,"report_to":"cf-nel","max_age":604800}[\r][\n]"
22:00:40.225 [main] DEBUG org.apache.http.wire -  << "Server: cloudflare[\r][\n]"
22:00:40.225 [main] DEBUG org.apache.http.wire -  << "CF-RAY: 7b850f341cb56c06-SIN[\r][\n]"
22:00:40.225 [main] DEBUG org.apache.http.wire -  << "Content-Encoding: gzip[\r][\n]"
22:00:40.225 [main] DEBUG org.apache.http.wire -  << "alt-svc: h3=":443"; ma=86400, h3-29=":443"; ma=86400[\r][\n]"
22:00:40.225 [main] DEBUG org.apache.http.wire -  << "[\r][\n]"
22:00:40.225 [main] DEBUG org.apache.http.impl.conn.DefaultClientConnection - Receiving response: HTTP/1.1 404 Not Found
22:00:40.225 [main] DEBUG org.apache.http.headers - << HTTP/1.1 404 Not Found
22:00:40.225 [main] DEBUG org.apache.http.headers - << Date: Sat, 15 Apr 2023 15:00:40 GMT
22:00:40.225 [main] DEBUG org.apache.http.headers - << Content-Type: text/html; charset=utf-8
22:00:40.225 [main] DEBUG org.apache.http.headers - << Transfer-Encoding: chunked
22:00:40.225 [main] DEBUG org.apache.http.headers - << Connection: keep-alive
22:00:40.225 [main] DEBUG org.apache.http.headers - << Access-Control-Allow-Origin: *
22:00:40.225 [main] DEBUG org.apache.http.headers - << Content-Security-Policy: default-src 'none'
22:00:40.225 [main] DEBUG org.apache.http.headers - << X-Content-Type-Options: nosniff
22:00:40.225 [main] DEBUG org.apache.http.headers - << X-Powered-By: Express
22:00:40.225 [main] DEBUG org.apache.http.headers - << CF-Cache-Status: DYNAMIC
22:00:40.225 [main] DEBUG org.apache.http.headers - << Report-To: {"endpoints":[{"url":"https:\/\/a.nel.cloudflare.com\/report\/v3?s=VBML2GakIjw3xeGy8ikhwtd4DlcfvzxtBSpwHQkKqpJRi2xWtJ60X9jq%2BESBhdCtbuQ64pyy4%2BqbjgLnL3ShNX%2BE1Wui1dn%2FOUHaWa7nXzNNYDo7o32sGwatOKBUtNxzzKVr"}],"group":"cf-nel","max_age":604800}
22:00:40.225 [main] DEBUG org.apache.http.headers - << NEL: {"success_fraction":0,"report_to":"cf-nel","max_age":604800}
22:00:40.225 [main] DEBUG org.apache.http.headers - << Server: cloudflare
22:00:40.225 [main] DEBUG org.apache.http.headers - << CF-RAY: 7b850f341cb56c06-SIN
22:00:40.225 [main] DEBUG org.apache.http.headers - << Content-Encoding: gzip
22:00:40.225 [main] DEBUG org.apache.http.headers - << alt-svc: h3=":443"; ma=86400, h3-29=":443"; ma=86400
22:00:40.225 [main] DEBUG org.apache.http.impl.client.DefaultHttpClient - Connection can be kept alive indefinitely
22:00:40.225 [main] DEBUG io.restassured.internal.RestAssuredHttpBuilder - Parsing response as: text/html; charset=utf-8
22:00:40.225 [main] DEBUG org.apache.http.wire -  << "90[\r][\n]"
22:00:40.225 [main] DEBUG org.apache.http.wire -  << "[0x1f][0x8b][0x8][0x0][0x0][0x0][0x0][0x0][0x0][0x3],[0x8e][0xb1][0xe][0xc2]0[0xc]DwE[0xc8][0x8e][0xbc]2[0xb8]YJ[0xc4]H[0x87].[0x8c][0x86][0x9a][0x14])u[0xaa][0xe0][0xe][0xfc]=[\n]"
22:00:40.225 [main] DEBUG org.apache.http.wire -  << "t:[0xdd][0xbd];[0xe9][0xe8]p[0xbe][0xf6][0xe3]m[0x88]n[0xb6]%[0x7][0xa0]&.[0xb3][0xa6][0xce][0x8b][0xfa][0x16][0x8]O[0x1]h[0x11]c[0xf7][0x98][0xb9][0xbe][0xc5]:[0xbf][0xd9][0xf3]xj[0xd4]^[0x96]%[0xc4]ZK%[0xfc][0x1b] [0xdc]7[0xf7]2}[0x2][0xd0]Z%[0xf4][0xac]Z[0xcc]][0xe2][0xe8]p[0x15]MiS&l[0x4][0x8][0xf7][0x1e][0xfe].|[0x1][0x0][0x0][0xff][0xff][0xe3][0x2][0x0]}`[0xe6]{[0x93][0x0][0x0][0x0]"
22:00:40.225 [main] DEBUG org.apache.http.wire -  << "[\r][\n]"
22:00:40.225 [main] DEBUG org.apache.http.wire -  << "0[\r][\n]"
22:00:40.225 [main] DEBUG org.apache.http.wire -  << "[\r][\n]"
22:00:40.225 [main] DEBUG io.restassured.internal.RestAssuredHttpBuilder - Parsed data to instance of: class org.apache.http.conn.EofSensorInputStream
22:00:40.227 [main] DEBUG org.apache.http.impl.conn.BasicClientConnectionManager - Releasing connection org.apache.http.impl.conn.ManagedClientConnectionImpl@1da53092
22:00:40.227 [main] DEBUG org.apache.http.impl.conn.BasicClientConnectionManager - Connection can be kept alive indefinitely
22:00:40.228 [main] DEBUG net.thucydides.core.steps.StepInterceptor - STEP DONE: I GET HTTP request user data
  &amp#27;[32mWhen &amp#27;[0m&amp#27;[32mI GET HTTP url request all user data&amp#27;[0m                &amp#27;[90m# starter.stepdefinition.UserSteps.getAllUserRequestUrl()&amp#27;[0m
22:00:40.232 [main] DEBUG net.thucydides.core.steps.StepInterceptor - STARTING STEP: UserSteps.responseUrlInvalid - I receive valid user HTTP response code 200
22:00:40.233 [main] DEBUG net.thucydides.core.steps.StepInterceptor - STEP DONE: I receive valid user HTTP response code 200
  &amp#27;[32mThen &amp#27;[0m&amp#27;[32mI receive valid get all user HTTP response code 404&amp#27;[0m &amp#27;[90m# starter.stepdefinition.UserSteps.responseUrlInvalid()&amp#27;[0m
22:00:40.235 [main] INFO  - 
  _____   ___   ___   _____     ___     _     ___   ___   ___   ___  
 |_   _| | __| / __| |_   _|   | _ \   /_\   / __| / __| | __| |   \ 
   | |   | _|  \__ \   | |     |  _/  / _ \  \__ \ \__ \ | _|  | |) |
   |_|   |___| |___/   |_|     |_|   /_/ \_\ |___/ |___/ |___| |___/ 

USER - GET ALL detail data user with invalid url
----------------------------------------------------------------------
]]></system-out>
  </testcase>
  <testcase name="USER - GET limit result with valid param" classname="User #2" time="1.041">
    <system-out><![CDATA[
Scenario: USER - GET limit result with valid param        &amp#27;[90m# src/test/resources/api/user.feature:25&amp#27;[0m
22:00:40.250 [main] INFO io.cucumber.core.plugin.SerenityReporter - Running feature from file:///C:/Users/User/IdeaProjects/CodeCompetence2/src/test/resources/api/user.feature
22:00:40.251 [main] WARN io.cucumber.core.plugin.SerenityReporter - Feature from file:///C:/Users/User/IdeaProjects/CodeCompetence2/src/test/resources/api/user.feature is not under the 'features' directory. Requirements report will not be correctly generated!
22:00:40.253 [main] INFO  - 
  _____   ___   ___   _____     ___   _____     _     ___   _____   ___   ___  
 |_   _| | __| / __| |_   _|   / __| |_   _|   /_\   | _ \ |_   _| | __| |   \ 
   | |   | _|  \__ \   | |     \__ \   | |    / _ \  |   /   | |   | _|  | |) |
   |_|   |___| |___/   |_|     |___/   |_|   /_/ \_\ |_|_\   |_|   |___| |___/ 

USER - GET limit result with valid param(user;user---get-limit-result-with-valid-param)
--------------------------------------------------------------------------------
22:00:40.265 [main] DEBUG net.thucydides.core.steps.StepInterceptor - STARTING STEP: UserSteps.getLimitUserRequest - I GET user limit result
22:00:40.265 [main] DEBUG net.thucydides.core.steps.StepInterceptor - STEP DONE: I GET user limit result
  &amp#27;[32mGiven &amp#27;[0m&amp#27;[32mI GET user limit result&amp#27;[0m                           &amp#27;[90m# starter.stepdefinition.UserSteps.getLimitUserRequest()&amp#27;[0m
22:00:40.269 [main] DEBUG net.thucydides.core.steps.StepInterceptor - STARTING STEP: UserSteps.getHTTPRequestWithLimitUserParam - I GET HTTP request with valid param
22:00:40.270 [main] DEBUG net.thucydides.core.steps.StepInterceptor - STARTING STEP: User.getHTTPRequestWithLimitUserParam - I GET user limit result
22:00:40.270 [main] DEBUG net.thucydides.core.steps.StepInterceptor - STEP DONE: I GET user limit result
22:00:40.278 [main] DEBUG org.apache.http.impl.conn.BasicClientConnectionManager - Get connection for route {s}->https://fakestoreapi.com:443
22:00:40.278 [main] DEBUG org.apache.http.impl.conn.DefaultClientConnectionOperator - Connecting to fakestoreapi.com:443
22:00:40.370 [main] DEBUG org.apache.http.client.protocol.RequestAddCookies - CookieSpec selected: ignoreCookies
22:00:40.370 [main] DEBUG org.apache.http.client.protocol.RequestAuthCache - Auth cache not set in the context
22:00:40.370 [main] DEBUG org.apache.http.client.protocol.RequestTargetAuthentication - Target auth state: UNCHALLENGED
22:00:40.370 [main] DEBUG org.apache.http.client.protocol.RequestProxyAuthentication - Proxy auth state: UNCHALLENGED
22:00:40.370 [main] DEBUG org.apache.http.impl.client.DefaultHttpClient - Attempt 1 to execute request
22:00:40.370 [main] DEBUG org.apache.http.impl.conn.DefaultClientConnection - Sending request: GET /users?limit=5 HTTP/1.1
22:00:40.370 [main] DEBUG org.apache.http.wire -  >> "GET /users?limit=5 HTTP/1.1[\r][\n]"
22:00:40.370 [main] DEBUG org.apache.http.wire -  >> "Accept: */*[\r][\n]"
22:00:40.370 [main] DEBUG org.apache.http.wire -  >> "Host: fakestoreapi.com[\r][\n]"
22:00:40.370 [main] DEBUG org.apache.http.wire -  >> "Connection: Keep-Alive[\r][\n]"
22:00:40.370 [main] DEBUG org.apache.http.wire -  >> "User-Agent: Apache-HttpClient/4.5.13 (Java/19.0.2)[\r][\n]"
22:00:40.370 [main] DEBUG org.apache.http.wire -  >> "Accept-Encoding: gzip,deflate[\r][\n]"
22:00:40.370 [main] DEBUG org.apache.http.wire -  >> "[\r][\n]"
22:00:40.370 [main] DEBUG org.apache.http.headers - >> GET /users?limit=5 HTTP/1.1
22:00:40.370 [main] DEBUG org.apache.http.headers - >> Accept: */*
22:00:40.370 [main] DEBUG org.apache.http.headers - >> Host: fakestoreapi.com
22:00:40.370 [main] DEBUG org.apache.http.headers - >> Connection: Keep-Alive
22:00:40.370 [main] DEBUG org.apache.http.headers - >> User-Agent: Apache-HttpClient/4.5.13 (Java/19.0.2)
22:00:40.370 [main] DEBUG org.apache.http.headers - >> Accept-Encoding: gzip,deflate
22:00:41.232 [main] DEBUG org.apache.http.wire -  << "HTTP/1.1 200 OK[\r][\n]"
22:00:41.232 [main] DEBUG org.apache.http.wire -  << "Date: Sat, 15 Apr 2023 15:00:41 GMT[\r][\n]"
22:00:41.232 [main] DEBUG org.apache.http.wire -  << "Content-Type: application/json; charset=utf-8[\r][\n]"
22:00:41.232 [main] DEBUG org.apache.http.wire -  << "Transfer-Encoding: chunked[\r][\n]"
22:00:41.232 [main] DEBUG org.apache.http.wire -  << "Connection: keep-alive[\r][\n]"
22:00:41.232 [main] DEBUG org.apache.http.wire -  << "Access-Control-Allow-Origin: *[\r][\n]"
22:00:41.232 [main] DEBUG org.apache.http.wire -  << "Etag: W/"5ce-+0GJhAfCK2NBgUwTph+dnA6PeEY"[\r][\n]"
22:00:41.232 [main] DEBUG org.apache.http.wire -  << "X-Powered-By: Express[\r][\n]"
22:00:41.232 [main] DEBUG org.apache.http.wire -  << "CF-Cache-Status: DYNAMIC[\r][\n]"
22:00:41.232 [main] DEBUG org.apache.http.wire -  << "Report-To: {"endpoints":[{"url":"https:\/\/a.nel.cloudflare.com\/report\/v3?s=inTcvE5jdBqscvdXHyLVxE2vssqrHkLrnTqexTMsH34nnrTfb6FPygV3XkF3uGgPjFVGEagll5Y7COPaCsrUkqoMdBo9z%2FCizV4D1rquCiVSrTX7dbF2M8hM%2BU22Kvh9eAbk"}],"group":"cf-nel","max_age":604800}[\r][\n]"
22:00:41.232 [main] DEBUG org.apache.http.wire -  << "NEL: {"success_fraction":0,"report_to":"cf-nel","max_age":604800}[\r][\n]"
22:00:41.232 [main] DEBUG org.apache.http.wire -  << "Server: cloudflare[\r][\n]"
22:00:41.232 [main] DEBUG org.apache.http.wire -  << "CF-RAY: 7b850f376dc56bee-SIN[\r][\n]"
22:00:41.232 [main] DEBUG org.apache.http.wire -  << "Content-Encoding: gzip[\r][\n]"
22:00:41.232 [main] DEBUG org.apache.http.wire -  << "alt-svc: h3=":443"; ma=86400, h3-29=":443"; ma=86400[\r][\n]"
22:00:41.232 [main] DEBUG org.apache.http.wire -  << "[\r][\n]"
22:00:41.232 [main] DEBUG org.apache.http.impl.conn.DefaultClientConnection - Receiving response: HTTP/1.1 200 OK
22:00:41.232 [main] DEBUG org.apache.http.headers - << HTTP/1.1 200 OK
22:00:41.232 [main] DEBUG org.apache.http.headers - << Date: Sat, 15 Apr 2023 15:00:41 GMT
22:00:41.232 [main] DEBUG org.apache.http.headers - << Content-Type: application/json; charset=utf-8
22:00:41.232 [main] DEBUG org.apache.http.headers - << Transfer-Encoding: chunked
22:00:41.232 [main] DEBUG org.apache.http.headers - << Connection: keep-alive
22:00:41.232 [main] DEBUG org.apache.http.headers - << Access-Control-Allow-Origin: *
22:00:41.232 [main] DEBUG org.apache.http.headers - << Etag: W/"5ce-+0GJhAfCK2NBgUwTph+dnA6PeEY"
22:00:41.232 [main] DEBUG org.apache.http.headers - << X-Powered-By: Express
22:00:41.232 [main] DEBUG org.apache.http.headers - << CF-Cache-Status: DYNAMIC
22:00:41.232 [main] DEBUG org.apache.http.headers - << Report-To: {"endpoints":[{"url":"https:\/\/a.nel.cloudflare.com\/report\/v3?s=inTcvE5jdBqscvdXHyLVxE2vssqrHkLrnTqexTMsH34nnrTfb6FPygV3XkF3uGgPjFVGEagll5Y7COPaCsrUkqoMdBo9z%2FCizV4D1rquCiVSrTX7dbF2M8hM%2BU22Kvh9eAbk"}],"group":"cf-nel","max_age":604800}
22:00:41.232 [main] DEBUG org.apache.http.headers - << NEL: {"success_fraction":0,"report_to":"cf-nel","max_age":604800}
22:00:41.232 [main] DEBUG org.apache.http.headers - << Server: cloudflare
22:00:41.232 [main] DEBUG org.apache.http.headers - << CF-RAY: 7b850f376dc56bee-SIN
22:00:41.232 [main] DEBUG org.apache.http.headers - << Content-Encoding: gzip
22:00:41.232 [main] DEBUG org.apache.http.headers - << alt-svc: h3=":443"; ma=86400, h3-29=":443"; ma=86400
22:00:41.233 [main] DEBUG org.apache.http.impl.client.DefaultHttpClient - Connection can be kept alive indefinitely
22:00:41.233 [main] DEBUG io.restassured.internal.RestAssuredHttpBuilder - Parsing response as: application/json; charset=utf-8
22:00:41.233 [main] DEBUG org.apache.http.wire -  << "20d[\r][\n]"
22:00:41.233 [main] DEBUG org.apache.http.wire -  << "[0x1f][0x8b][0x8][0x0][0x0][0x0][0x0][0x0][0x0][0x3][0xb4][0xd2]Mo[0xd3]@[0x10][0x6][0xe0][0xbf][0x12][0x8d]8!o[0xe4][0xfd][0xb6]}*[\n]"
22:00:41.233 [main] DEBUG org.apache.http.wire -  << "[0xaa]8[0xf4][0xd6]#[0x82]h[0xeb][0x1d]R7[0xf6]N[0xb4]v[0x12][0x95][0xaa][0xff][0x1d]9j[0x9b]5[0xc1]H[0x8]8[0xae][0xc7]3[0xb3][0xfb][0xe8][0xfd][0xfc][0x4][0xce][0xfb][0x88]}[0xf][0xd5][0x13]l[0x90]Z[0xaa][0xdd][0xd0]P[0x18][0x8f][0xad][0x1b][0xa0][0x2]&[0xed]Rr]B[0x6]-[0x85][\r]TP[0xf0]%W[0xa5][0x81][0xe7][0xc][0xea]fx[0x84][\n]"
22:00:41.233 [main] DEBUG org.apache.http.wire -  << "[0xb6]M[[0x13][0xb5][0x8][0x19][0xf4]CD[0x1c][0xfb][0x2][0x1e][0x17][0x91][0x9c][0x87][0xc][0xc2][0xbe][0xbb][0xc3][0x8][0x95]5[0x85][0xc8][0xe0]{[0xb3][0xab][0xc9]#T[0xc0]E)[0xc][0x93][0x85]U[0xe3][0xac][0xc6]C[0xc5]3[0xc0][0xce]5-T[0xf0]@[0xf7][0xe1]j3[0x1e][0x96]5u[0x90][0xc1][0xbe][0xc7][0x18]\[0x87]/[0xb5]q[0xf0][0xce][0xf5][0xfd][0x91][0xa2][0x87][\n]"
22:00:41.233 [main] DEBUG org.apache.http.wire -  << ":Y[0xc4][0xee][0xfa][0xdd][0xb8][0xed][0xf4][0xcf][0x13]|kb?$[\r][0xe3][0x3][0xdc][0xdb][0x17]O8.[0xdd][0xdd]S8][0x85]i[0x9b]3![\r][0xb3][0xb9][0x94][0x90][0xc1]z}[0x80]*[0xce][0xfe][0x1f][0xd0][\r][0x1d]0[0xf6][0x8b][0x9b][0x90][\n]"
22:00:41.233 [main] DEBUG org.apache.http.wire -  << "[0x9]c/$[0xce]B[0x1d][0xc5][0xd8][0xf4]4[0xab][0xd4]Q\[0xb][0xc9][0xd5][0x14][0xaa][0x90]Q][0xcf]8ywh[0xfc][0x14][0xea]u[0xcb]?[0xd2]R[0xf9]R*c[0xcf]XL[0xe6]K.y[0x9e]h[0xad][0xf6]m[0xdb][0xb9][0x90]b]G[0x17]j[0xec][0x17][0xab]![0xd1]*Lj%Jm,[0xe3]J[0x8b]W+y[0xb6][0xda][0xe2][0xa1][0x99][0x85]:[0x15][0xe3][0xe3]ic"[0xb5][0xc5]C.Ji[0xaf]f[0xb0]NmS[0xac][0xd3][0x90])[0x94][0xb1],/[0x15][0xe3]R[0xe9]?[0x82][0xd2][0x17]P[0xe2][0x2][0xea][0xd6][0x85][0xc5][0x87]0Ph([0xc5][0xfa][0xb4][0xf][0xc3][0x18][0xad]UD[0xdc].>[0xc6][0x84][0xcc]([0xad]R[0xb4][0xb2][0x10]R1n[0xe5][[0xc0][0xd4][0x19][0xcd][0xcf]g[0xcb]S[0xc0]HS/<[0xa2][0xa7]0[0x97],[0xfa][0x99][0x8a]:[0x8c]S+k4[0xb3]E[0xc9][0xcc]x[0x9d][0xbf][0xb][0x95][0xba][0xb0][0xea]m[0xe5][0xbc][0xeb][0xfa][0xc5]m[0x1a]+[0xa1]tJT[0xe4][0xb6]4[0x8c][0x8b]3[0x91]N[0x88]0[0xe2]v[0x16]i,N[0x8d][0x1e][0xb6][0xed][0xe6][0xfd]Z[0x9b]9[0xa5][0x97][0x8e][0xc4]iGGl[0xdb])T[0xa9][\r][0xcb]s[0xce]x[0x99][0x86][0xea][0xcb][0xf][0x0][0x0][0x0][0xff][0xff][0x3][0x0][0xfa]L[0xa2][0x82][0xce][0x5][0x0][0x0]"
22:00:41.233 [main] DEBUG org.apache.http.wire -  << "[\r][\n]"
22:00:41.233 [main] DEBUG org.apache.http.wire -  << "0[\r][\n]"
22:00:41.233 [main] DEBUG org.apache.http.wire -  << "[\r][\n]"
22:00:41.233 [main] DEBUG io.restassured.internal.RestAssuredHttpBuilder - Parsed data to instance of: class org.apache.http.conn.EofSensorInputStream
22:00:41.235 [main] DEBUG org.apache.http.impl.conn.BasicClientConnectionManager - Releasing connection org.apache.http.impl.conn.ManagedClientConnectionImpl@5ce34685
22:00:41.235 [main] DEBUG org.apache.http.impl.conn.BasicClientConnectionManager - Connection can be kept alive indefinitely
22:00:41.237 [main] DEBUG net.thucydides.core.steps.StepInterceptor - STEP DONE: I GET HTTP request with valid param
  &amp#27;[32mWhen &amp#27;[0m&amp#27;[32mI GET HTTP request with valid param&amp#27;[0m                &amp#27;[90m# starter.stepdefinition.UserSteps.getHTTPRequestWithLimitUserParam()&amp#27;[0m
22:00:41.242 [main] DEBUG net.thucydides.core.steps.StepInterceptor - STARTING STEP: UserSteps.receiveLimitResultWithRequestParam - I receive limit result with request param
22:00:41.266 [main] DEBUG net.thucydides.core.steps.StepInterceptor - STEP DONE: I receive limit result with request param
  &amp#27;[32mAnd &amp#27;[0m&amp#27;[32mI receive limit result with request param&amp#27;[0m           &amp#27;[90m# starter.stepdefinition.UserSteps.receiveLimitResultWithRequestParam()&amp#27;[0m
22:00:41.271 [main] DEBUG net.thucydides.core.steps.StepInterceptor - STARTING STEP: UserSteps.receiveValidLimitResponseCode200 - I receive valid GET limit result response code 200
22:00:41.272 [main] DEBUG net.thucydides.core.steps.StepInterceptor - STEP DONE: I receive valid GET limit result response code 200
  &amp#27;[32mThen &amp#27;[0m&amp#27;[32mI receive valid GET limit result response code 200&amp#27;[0m &amp#27;[90m# starter.stepdefinition.UserSteps.receiveValidLimitResponseCode200()&amp#27;[0m
22:00:41.275 [main] INFO  - 
  _____   ___   ___   _____     ___     _     ___   ___   ___   ___  
 |_   _| | __| / __| |_   _|   | _ \   /_\   / __| / __| | __| |   \ 
   | |   | _|  \__ \   | |     |  _/  / _ \  \__ \ \__ \ | _|  | |) |
   |_|   |___| |___/   |_|     |_|   /_/ \_\ |___/ |___/ |___| |___/ 

USER - GET limit result with valid param
----------------------------------------------------------------------
]]></system-out>
  </testcase>
  <testcase name="USER - GET limit result with invalid param" classname="User #2" time="1.213">
    <system-out><![CDATA[22:00:41.284 [Finalizer] DEBUG org.apache.http.impl.conn.DefaultClientConnection - Connection 0.0.0.0:57089<->172.67.130.225:443 closed
22:00:41.285 [Finalizer] DEBUG org.apache.http.impl.conn.DefaultClientConnection - Connection 0.0.0.0:57088<->172.67.130.225:443 closed
22:00:41.285 [Finalizer] DEBUG org.apache.http.impl.conn.DefaultClientConnection - Connection 0.0.0.0:57087<->172.67.130.225:443 closed
22:00:41.286 [Finalizer] DEBUG org.apache.http.impl.conn.DefaultClientConnection - Connection 0.0.0.0:57086<->172.67.130.225:443 closed
22:00:41.286 [Finalizer] DEBUG org.apache.http.impl.conn.DefaultClientConnection - Connection 0.0.0.0:57090<->172.67.130.225:443 closed
22:00:41.286 [Finalizer] DEBUG org.apache.http.impl.conn.DefaultClientConnection - Connection 0.0.0.0:57094<->172.67.130.225:443 closed
22:00:41.287 [Finalizer] DEBUG org.apache.http.impl.conn.DefaultClientConnection - Connection 0.0.0.0:57093<->172.67.130.225:443 closed
22:00:41.287 [Finalizer] DEBUG org.apache.http.impl.conn.DefaultClientConnection - Connection 0.0.0.0:57092<->172.67.130.225:443 closed
22:00:41.288 [Finalizer] DEBUG org.apache.http.impl.conn.DefaultClientConnection - Connection 0.0.0.0:57091<->172.67.130.225:443 closed

Scenario: USER - GET limit result with invalid param        &amp#27;[90m# src/test/resources/api/user.feature:31&amp#27;[0m
22:00:41.299 [main] INFO io.cucumber.core.plugin.SerenityReporter - Running feature from file:///C:/Users/User/IdeaProjects/CodeCompetence2/src/test/resources/api/user.feature
22:00:41.300 [main] WARN io.cucumber.core.plugin.SerenityReporter - Feature from file:///C:/Users/User/IdeaProjects/CodeCompetence2/src/test/resources/api/user.feature is not under the 'features' directory. Requirements report will not be correctly generated!
22:00:41.302 [main] INFO  - 
  _____   ___   ___   _____     ___   _____     _     ___   _____   ___   ___  
 |_   _| | __| / __| |_   _|   / __| |_   _|   /_\   | _ \ |_   _| | __| |   \ 
   | |   | _|  \__ \   | |     \__ \   | |    / _ \  |   /   | |   | _|  | |) |
   |_|   |___| |___/   |_|     |___/   |_|   /_/ \_\ |_|_\   |_|   |___| |___/ 

USER - GET limit result with invalid param(user;user---get-limit-result-with-invalid-param)
--------------------------------------------------------------------------------
22:00:41.316 [main] DEBUG net.thucydides.core.steps.StepInterceptor - STARTING STEP: UserSteps.getLimitUserRequestInvalid - I GET user limit result invalid param
22:00:41.316 [main] DEBUG net.thucydides.core.steps.StepInterceptor - STEP DONE: I GET user limit result invalid param
  &amp#27;[32mGiven &amp#27;[0m&amp#27;[32mI GET user limit result invalid param&amp#27;[0m               &amp#27;[90m# starter.stepdefinition.UserSteps.getLimitUserRequestInvalid()&amp#27;[0m
22:00:41.320 [main] DEBUG net.thucydides.core.steps.StepInterceptor - STARTING STEP: UserSteps.getHTTPInvalidRequestWithLimitParam - I GET HTTP request with invalid param
22:00:41.322 [main] DEBUG net.thucydides.core.steps.StepInterceptor - STARTING STEP: User.getHTTPInvalidRequestWithLimitParam - I GET user limit result invalid param
22:00:41.322 [main] DEBUG net.thucydides.core.steps.StepInterceptor - STEP DONE: I GET user limit result invalid param
22:00:41.333 [main] DEBUG org.apache.http.impl.conn.BasicClientConnectionManager - Get connection for route {s}->https://fakestoreapi.com:443
22:00:41.333 [main] DEBUG org.apache.http.impl.conn.DefaultClientConnectionOperator - Connecting to fakestoreapi.com:443
22:00:41.436 [main] DEBUG org.apache.http.client.protocol.RequestAddCookies - CookieSpec selected: ignoreCookies
22:00:41.436 [main] DEBUG org.apache.http.client.protocol.RequestAuthCache - Auth cache not set in the context
22:00:41.436 [main] DEBUG org.apache.http.client.protocol.RequestTargetAuthentication - Target auth state: UNCHALLENGED
22:00:41.436 [main] DEBUG org.apache.http.client.protocol.RequestProxyAuthentication - Proxy auth state: UNCHALLENGED
22:00:41.436 [main] DEBUG org.apache.http.impl.client.DefaultHttpClient - Attempt 1 to execute request
22:00:41.436 [main] DEBUG org.apache.http.impl.conn.DefaultClientConnection - Sending request: GET /user?limit=5 HTTP/1.1
22:00:41.436 [main] DEBUG org.apache.http.wire -  >> "GET /user?limit=5 HTTP/1.1[\r][\n]"
22:00:41.436 [main] DEBUG org.apache.http.wire -  >> "Accept: */*[\r][\n]"
22:00:41.436 [main] DEBUG org.apache.http.wire -  >> "Host: fakestoreapi.com[\r][\n]"
22:00:41.436 [main] DEBUG org.apache.http.wire -  >> "Connection: Keep-Alive[\r][\n]"
22:00:41.436 [main] DEBUG org.apache.http.wire -  >> "User-Agent: Apache-HttpClient/4.5.13 (Java/19.0.2)[\r][\n]"
22:00:41.436 [main] DEBUG org.apache.http.wire -  >> "Accept-Encoding: gzip,deflate[\r][\n]"
22:00:41.436 [main] DEBUG org.apache.http.wire -  >> "[\r][\n]"
22:00:41.436 [main] DEBUG org.apache.http.headers - >> GET /user?limit=5 HTTP/1.1
22:00:41.436 [main] DEBUG org.apache.http.headers - >> Accept: */*
22:00:41.436 [main] DEBUG org.apache.http.headers - >> Host: fakestoreapi.com
22:00:41.436 [main] DEBUG org.apache.http.headers - >> Connection: Keep-Alive
22:00:41.436 [main] DEBUG org.apache.http.headers - >> User-Agent: Apache-HttpClient/4.5.13 (Java/19.0.2)
22:00:41.436 [main] DEBUG org.apache.http.headers - >> Accept-Encoding: gzip,deflate
22:00:42.469 [main] DEBUG org.apache.http.wire -  << "HTTP/1.1 404 Not Found[\r][\n]"
22:00:42.469 [main] DEBUG org.apache.http.wire -  << "Date: Sat, 15 Apr 2023 15:00:41 GMT[\r][\n]"
22:00:42.469 [main] DEBUG org.apache.http.wire -  << "Content-Type: text/html; charset=utf-8[\r][\n]"
22:00:42.469 [main] DEBUG org.apache.http.wire -  << "Transfer-Encoding: chunked[\r][\n]"
22:00:42.469 [main] DEBUG org.apache.http.wire -  << "Connection: keep-alive[\r][\n]"
22:00:42.469 [main] DEBUG org.apache.http.wire -  << "Access-Control-Allow-Origin: *[\r][\n]"
22:00:42.469 [main] DEBUG org.apache.http.wire -  << "Content-Security-Policy: default-src 'none'[\r][\n]"
22:00:42.469 [main] DEBUG org.apache.http.wire -  << "X-Content-Type-Options: nosniff[\r][\n]"
22:00:42.469 [main] DEBUG org.apache.http.wire -  << "X-Powered-By: Express[\r][\n]"
22:00:42.469 [main] DEBUG org.apache.http.wire -  << "CF-Cache-Status: DYNAMIC[\r][\n]"
22:00:42.469 [main] DEBUG org.apache.http.wire -  << "Report-To: {"endpoints":[{"url":"https:\/\/a.nel.cloudflare.com\/report\/v3?s=G42ZrRPKCO4CS6J6dKpsxZqJYOpiLURshNIw1EWxY0xcaL6ycCsoiCZtWxD%2FOkL%2F9Lg6byxoGr4nR3GVmdTe2139ybV0Q1YQduN7voF6Ovk6dMzyyruzOYulqd%2F6Zs42mWN7"}],"group":"cf-nel","max_age":604800}[\r][\n]"
22:00:42.469 [main] DEBUG org.apache.http.wire -  << "NEL: {"success_fraction":0,"report_to":"cf-nel","max_age":604800}[\r][\n]"
22:00:42.469 [main] DEBUG org.apache.http.wire -  << "Server: cloudflare[\r][\n]"
22:00:42.469 [main] DEBUG org.apache.http.wire -  << "CF-RAY: 7b850f3e29b66c0b-SIN[\r][\n]"
22:00:42.469 [main] DEBUG org.apache.http.wire -  << "Content-Encoding: gzip[\r][\n]"
22:00:42.469 [main] DEBUG org.apache.http.wire -  << "alt-svc: h3=":443"; ma=86400, h3-29=":443"; ma=86400[\r][\n]"
22:00:42.469 [main] DEBUG org.apache.http.wire -  << "[\r][\n]"
22:00:42.469 [main] DEBUG org.apache.http.impl.conn.DefaultClientConnection - Receiving response: HTTP/1.1 404 Not Found
22:00:42.469 [main] DEBUG org.apache.http.headers - << HTTP/1.1 404 Not Found
22:00:42.469 [main] DEBUG org.apache.http.headers - << Date: Sat, 15 Apr 2023 15:00:41 GMT
22:00:42.469 [main] DEBUG org.apache.http.headers - << Content-Type: text/html; charset=utf-8
22:00:42.469 [main] DEBUG org.apache.http.headers - << Transfer-Encoding: chunked
22:00:42.469 [main] DEBUG org.apache.http.headers - << Connection: keep-alive
22:00:42.469 [main] DEBUG org.apache.http.headers - << Access-Control-Allow-Origin: *
22:00:42.469 [main] DEBUG org.apache.http.headers - << Content-Security-Policy: default-src 'none'
22:00:42.469 [main] DEBUG org.apache.http.headers - << X-Content-Type-Options: nosniff
22:00:42.469 [main] DEBUG org.apache.http.headers - << X-Powered-By: Express
22:00:42.469 [main] DEBUG org.apache.http.headers - << CF-Cache-Status: DYNAMIC
22:00:42.469 [main] DEBUG org.apache.http.headers - << Report-To: {"endpoints":[{"url":"https:\/\/a.nel.cloudflare.com\/report\/v3?s=G42ZrRPKCO4CS6J6dKpsxZqJYOpiLURshNIw1EWxY0xcaL6ycCsoiCZtWxD%2FOkL%2F9Lg6byxoGr4nR3GVmdTe2139ybV0Q1YQduN7voF6Ovk6dMzyyruzOYulqd%2F6Zs42mWN7"}],"group":"cf-nel","max_age":604800}
22:00:42.469 [main] DEBUG org.apache.http.headers - << NEL: {"success_fraction":0,"report_to":"cf-nel","max_age":604800}
22:00:42.469 [main] DEBUG org.apache.http.headers - << Server: cloudflare
22:00:42.469 [main] DEBUG org.apache.http.headers - << CF-RAY: 7b850f3e29b66c0b-SIN
22:00:42.469 [main] DEBUG org.apache.http.headers - << Content-Encoding: gzip
22:00:42.469 [main] DEBUG org.apache.http.headers - << alt-svc: h3=":443"; ma=86400, h3-29=":443"; ma=86400
22:00:42.470 [main] DEBUG org.apache.http.impl.client.DefaultHttpClient - Connection can be kept alive indefinitely
22:00:42.470 [main] DEBUG io.restassured.internal.RestAssuredHttpBuilder - Parsing response as: text/html; charset=utf-8
22:00:42.470 [main] DEBUG org.apache.http.wire -  << "8d[\r][\n]"
22:00:42.470 [main] DEBUG org.apache.http.wire -  << "[0x1f][0x8b][0x8][0x0][0x0][0x0][0x0][0x0][0x0][0x3],[0x8d][0xb1][0xe][0xc2]0[0xc]Dw[0x85][0xc9][0x8e][0xbc]2[0xb8]YJ[0xc4][0x8]C[0x17]FC[\r]EJ[0x13][0xe4][0xba][0x3][0x8f][0x2][0x9d]N[0xf7][0xee]N[0xc7][0xbb][0xe3][0xb9][0x1f][0xae][0x97][0x84][0x93][0xcf]9[0x2]7[0xc1],[0xe5][0xd9][0x5]-[0xa1][0x1][0x95]1[0x2][0xcf][0xea][0x82][0xf7]IlQ[0xef][0xc2][0xea][0x8f][0xfd][0xa1][0xa5][0xfe][0xf2][0xac]1[0x99]Uc[0xfa][0x1b]`[0xda]6[0xb7]:~"[0xf0][0xdb]4[0xf6]RJu<[0xa5][0x1]i][0xd4][0x98][0x1a][0x5][0xa6][0xad]C[0xbf][0xfb]/[0x0][0x0][0x0][0xff][0xff][0xe3][0x2][0x0]#*[0x80][0xcf][0x8f][0x0][0x0][0x0]"
22:00:42.470 [main] DEBUG org.apache.http.wire -  << "[\r][\n]"
22:00:42.470 [main] DEBUG org.apache.http.wire -  << "0[\r][\n]"
22:00:42.470 [main] DEBUG org.apache.http.wire -  << "[\r][\n]"
22:00:42.470 [main] DEBUG io.restassured.internal.RestAssuredHttpBuilder - Parsed data to instance of: class org.apache.http.conn.EofSensorInputStream
22:00:42.473 [main] DEBUG org.apache.http.impl.conn.BasicClientConnectionManager - Releasing connection org.apache.http.impl.conn.ManagedClientConnectionImpl@22cf6c9c
22:00:42.473 [main] DEBUG org.apache.http.impl.conn.BasicClientConnectionManager - Connection can be kept alive indefinitely
22:00:42.474 [main] DEBUG net.thucydides.core.steps.StepInterceptor - STEP DONE: I GET HTTP request with invalid param
  &amp#27;[32mWhen &amp#27;[0m&amp#27;[32mI GET HTTP request with invalid param&amp#27;[0m                &amp#27;[90m# starter.stepdefinition.UserSteps.getHTTPInvalidRequestWithLimitParam()&amp#27;[0m
22:00:42.479 [main] DEBUG net.thucydides.core.steps.StepInterceptor - STARTING STEP: UserSteps.receiveLimitResultWithInvalidRequestParam - I receive limit result with invalid request param
22:00:42.480 [main] DEBUG net.thucydides.core.steps.StepInterceptor - STEP DONE: I receive limit result with invalid request param
  &amp#27;[32mAnd &amp#27;[0m&amp#27;[32mI receive limit result with invalid request param&amp#27;[0m     &amp#27;[90m# starter.stepdefinition.UserSteps.receiveLimitResultWithInvalidRequestParam()&amp#27;[0m
22:00:42.485 [main] DEBUG net.thucydides.core.steps.StepInterceptor - STARTING STEP: UserSteps.receiveInvalidLimitResponseCode404 - I receive invalid GET limit result response code 404
22:00:42.486 [main] DEBUG net.thucydides.core.steps.StepInterceptor - STEP DONE: I receive invalid GET limit result response code 404
  &amp#27;[32mThen &amp#27;[0m&amp#27;[32mI receive invalid GET limit result response code 404&amp#27;[0m &amp#27;[90m# starter.stepdefinition.UserSteps.receiveInvalidLimitResponseCode404()&amp#27;[0m
22:00:42.489 [main] INFO  - 
  _____   ___   ___   _____     ___     _     ___   ___   ___   ___  
 |_   _| | __| / __| |_   _|   | _ \   /_\   / __| / __| | __| |   \ 
   | |   | _|  \__ \   | |     |  _/  / _ \  \__ \ \__ \ | _|  | |) |
   |_|   |___| |___/   |_|     |_|   /_/ \_\ |___/ |___/ |___| |___/ 

USER - GET limit result with invalid param
----------------------------------------------------------------------
]]></system-out>
  </testcase>
  <testcase name="USER - GET result user in descending sort #1" classname="User #2" time="0.722">
    <system-out><![CDATA[
Scenario: USER - GET result user in descending sort               &amp#27;[90m# src/test/resources/api/user.feature:37&amp#27;[0m
22:00:42.504 [main] INFO io.cucumber.core.plugin.SerenityReporter - Running feature from file:///C:/Users/User/IdeaProjects/CodeCompetence2/src/test/resources/api/user.feature
22:00:42.504 [main] WARN io.cucumber.core.plugin.SerenityReporter - Feature from file:///C:/Users/User/IdeaProjects/CodeCompetence2/src/test/resources/api/user.feature is not under the 'features' directory. Requirements report will not be correctly generated!
22:00:42.506 [main] INFO  - 
  _____   ___   ___   _____     ___   _____     _     ___   _____   ___   ___  
 |_   _| | __| / __| |_   _|   / __| |_   _|   /_\   | _ \ |_   _| | __| |   \ 
   | |   | _|  \__ \   | |     \__ \   | |    / _ \  |   /   | |   | _|  | |) |
   |_|   |___| |___/   |_|     |___/   |_|   /_/ \_\ |_|_\   |_|   |___| |___/ 

USER - GET result user in descending sort(user;user---get-result-user-in-descending-sort)
--------------------------------------------------------------------------------
22:00:42.518 [main] DEBUG net.thucydides.core.steps.StepInterceptor - STARTING STEP: UserSteps.setGetSortUserEndpoint - I GET API user endpoint
22:00:42.518 [main] DEBUG net.thucydides.core.steps.StepInterceptor - STEP DONE: I GET API user endpoint
  &amp#27;[32mGiven &amp#27;[0m&amp#27;[32mI GET API user endpoint&amp#27;[0m                                   &amp#27;[90m# starter.stepdefinition.UserSteps.setGetSortUserEndpoint()&amp#27;[0m
22:00:42.523 [main] DEBUG net.thucydides.core.steps.StepInterceptor - STARTING STEP: UserSteps.getUserWithSort - I GET HTTP request user with decending sort
22:00:42.526 [main] DEBUG net.thucydides.core.steps.StepInterceptor - STARTING STEP: User.getSortUserRequest - I GET API user endpoint
22:00:42.526 [main] DEBUG net.thucydides.core.steps.StepInterceptor - STEP DONE: I GET API user endpoint
22:00:42.534 [main] DEBUG org.apache.http.impl.conn.BasicClientConnectionManager - Get connection for route {s}->https://fakestoreapi.com:443
22:00:42.534 [main] DEBUG org.apache.http.impl.conn.DefaultClientConnectionOperator - Connecting to fakestoreapi.com:443
22:00:42.619 [main] DEBUG org.apache.http.client.protocol.RequestAddCookies - CookieSpec selected: ignoreCookies
22:00:42.619 [main] DEBUG org.apache.http.client.protocol.RequestAuthCache - Auth cache not set in the context
22:00:42.619 [main] DEBUG org.apache.http.client.protocol.RequestTargetAuthentication - Target auth state: UNCHALLENGED
22:00:42.619 [main] DEBUG org.apache.http.client.protocol.RequestProxyAuthentication - Proxy auth state: UNCHALLENGED
22:00:42.619 [main] DEBUG org.apache.http.impl.client.DefaultHttpClient - Attempt 1 to execute request
22:00:42.619 [main] DEBUG org.apache.http.impl.conn.DefaultClientConnection - Sending request: GET /users?sort=desc HTTP/1.1
22:00:42.619 [main] DEBUG org.apache.http.wire -  >> "GET /users?sort=desc HTTP/1.1[\r][\n]"
22:00:42.619 [main] DEBUG org.apache.http.wire -  >> "Accept: */*[\r][\n]"
22:00:42.619 [main] DEBUG org.apache.http.wire -  >> "Host: fakestoreapi.com[\r][\n]"
22:00:42.619 [main] DEBUG org.apache.http.wire -  >> "Connection: Keep-Alive[\r][\n]"
22:00:42.619 [main] DEBUG org.apache.http.wire -  >> "User-Agent: Apache-HttpClient/4.5.13 (Java/19.0.2)[\r][\n]"
22:00:42.619 [main] DEBUG org.apache.http.wire -  >> "Accept-Encoding: gzip,deflate[\r][\n]"
22:00:42.619 [main] DEBUG org.apache.http.wire -  >> "[\r][\n]"
22:00:42.619 [main] DEBUG org.apache.http.headers - >> GET /users?sort=desc HTTP/1.1
22:00:42.619 [main] DEBUG org.apache.http.headers - >> Accept: */*
22:00:42.619 [main] DEBUG org.apache.http.headers - >> Host: fakestoreapi.com
22:00:42.619 [main] DEBUG org.apache.http.headers - >> Connection: Keep-Alive
22:00:42.619 [main] DEBUG org.apache.http.headers - >> User-Agent: Apache-HttpClient/4.5.13 (Java/19.0.2)
22:00:42.619 [main] DEBUG org.apache.http.headers - >> Accept-Encoding: gzip,deflate
22:00:43.197 [main] DEBUG org.apache.http.wire -  << "HTTP/1.1 200 OK[\r][\n]"
22:00:43.197 [main] DEBUG org.apache.http.wire -  << "Date: Sat, 15 Apr 2023 15:00:42 GMT[\r][\n]"
22:00:43.198 [main] DEBUG org.apache.http.wire -  << "Content-Type: application/json; charset=utf-8[\r][\n]"
22:00:43.198 [main] DEBUG org.apache.http.wire -  << "Transfer-Encoding: chunked[\r][\n]"
22:00:43.198 [main] DEBUG org.apache.http.wire -  << "Connection: keep-alive[\r][\n]"
22:00:43.198 [main] DEBUG org.apache.http.wire -  << "Access-Control-Allow-Origin: *[\r][\n]"
22:00:43.198 [main] DEBUG org.apache.http.wire -  << "Etag: W/"bae-RmXgfZyGPwU9Dh6EKhIQkuNoVzY"[\r][\n]"
22:00:43.198 [main] DEBUG org.apache.http.wire -  << "X-Powered-By: Express[\r][\n]"
22:00:43.198 [main] DEBUG org.apache.http.wire -  << "CF-Cache-Status: DYNAMIC[\r][\n]"
22:00:43.198 [main] DEBUG org.apache.http.wire -  << "Report-To: {"endpoints":[{"url":"https:\/\/a.nel.cloudflare.com\/report\/v3?s=0DBs%2FjCPGvxLG%2BNsBuOMofnfPsssdNbCgvDPF%2BZbCAqD11WYITRP4qKAua2tl5vDVk8qQOZrxGl%2Blta%2BY%2BTgbmUEQOYBCeWdYb%2BLbLOa6h1xNjivjAfX8F03uoo6oMZ3Tmnx"}],"group":"cf-nel","max_age":604800}[\r][\n]"
22:00:43.198 [main] DEBUG org.apache.http.wire -  << "NEL: {"success_fraction":0,"report_to":"cf-nel","max_age":604800}[\r][\n]"
22:00:43.198 [main] DEBUG org.apache.http.wire -  << "Server: cloudflare[\r][\n]"
22:00:43.198 [main] DEBUG org.apache.http.wire -  << "CF-RAY: 7b850f4578a887d2-SIN[\r][\n]"
22:00:43.198 [main] DEBUG org.apache.http.wire -  << "Content-Encoding: gzip[\r][\n]"
22:00:43.198 [main] DEBUG org.apache.http.wire -  << "alt-svc: h3=":443"; ma=86400, h3-29=":443"; ma=86400[\r][\n]"
22:00:43.198 [main] DEBUG org.apache.http.wire -  << "[\r][\n]"
22:00:43.198 [main] DEBUG org.apache.http.impl.conn.DefaultClientConnection - Receiving response: HTTP/1.1 200 OK
22:00:43.198 [main] DEBUG org.apache.http.headers - << HTTP/1.1 200 OK
22:00:43.198 [main] DEBUG org.apache.http.headers - << Date: Sat, 15 Apr 2023 15:00:42 GMT
22:00:43.198 [main] DEBUG org.apache.http.headers - << Content-Type: application/json; charset=utf-8
22:00:43.198 [main] DEBUG org.apache.http.headers - << Transfer-Encoding: chunked
22:00:43.198 [main] DEBUG org.apache.http.headers - << Connection: keep-alive
22:00:43.198 [main] DEBUG org.apache.http.headers - << Access-Control-Allow-Origin: *
22:00:43.198 [main] DEBUG org.apache.http.headers - << Etag: W/"bae-RmXgfZyGPwU9Dh6EKhIQkuNoVzY"
22:00:43.198 [main] DEBUG org.apache.http.headers - << X-Powered-By: Express
22:00:43.198 [main] DEBUG org.apache.http.headers - << CF-Cache-Status: DYNAMIC
22:00:43.198 [main] DEBUG org.apache.http.headers - << Report-To: {"endpoints":[{"url":"https:\/\/a.nel.cloudflare.com\/report\/v3?s=0DBs%2FjCPGvxLG%2BNsBuOMofnfPsssdNbCgvDPF%2BZbCAqD11WYITRP4qKAua2tl5vDVk8qQOZrxGl%2Blta%2BY%2BTgbmUEQOYBCeWdYb%2BLbLOa6h1xNjivjAfX8F03uoo6oMZ3Tmnx"}],"group":"cf-nel","max_age":604800}
22:00:43.198 [main] DEBUG org.apache.http.headers - << NEL: {"success_fraction":0,"report_to":"cf-nel","max_age":604800}
22:00:43.198 [main] DEBUG org.apache.http.headers - << Server: cloudflare
22:00:43.198 [main] DEBUG org.apache.http.headers - << CF-RAY: 7b850f4578a887d2-SIN
22:00:43.198 [main] DEBUG org.apache.http.headers - << Content-Encoding: gzip
22:00:43.198 [main] DEBUG org.apache.http.headers - << alt-svc: h3=":443"; ma=86400, h3-29=":443"; ma=86400
22:00:43.198 [main] DEBUG org.apache.http.impl.client.DefaultHttpClient - Connection can be kept alive indefinitely
22:00:43.198 [main] DEBUG io.restassured.internal.RestAssuredHttpBuilder - Parsing response as: application/json; charset=utf-8
22:00:43.198 [main] DEBUG org.apache.http.wire -  << "37f[\r][\n]"
22:00:43.198 [main] DEBUG org.apache.http.wire -  << "[0x1f][0x8b][0x8][0x0][0x0][0x0][0x0][0x0][0x0][0x3][0xbc][0xd6]O[0x8f][0xe3]&[0x14][0x0][0xf0][0xaf]b[0xb1][0xdb][0x1e][0xa2][0x10][0xf1][0x1f][0xdb][0xa7][0xa9][0xa6]Z[0xf5][0xb0][0xb7]=[0xf4]P[0xb5][0x11][0x8d][0xc9][0x84][0x9][0x86][0x8][0x9c]D[0xe9]h[0xbf]{[0x85]73[0x81]d=[0xdd]\z[0xb4][0x9f][0x1f][0xc6]??[0x1e][0xfc][0xf1][0x2]T[0xd7][0x5][0x1d]#h_[0xc0][0x93][0xf6][0xd6][0xaf][0xd4]`[0xbc]K[0x97]V[\r][0xa0][0x5][0x14]-[0x8][0x93]u[\r][0xe6][0xc0]z[0xf7][0x4]Z[0x0][0x9]Zp[0xc6][0x19]n[0xc0][0xd7]9X[0x99][0xe1][0x4]Z[0xb0][0xf6]a[0xa8][0x8e][0xea][0xe4]4[0x98][0x83]8[0x4][0xad]S[0xb2]W[0xdb][0xca][0xaa][0xa3][0xab][0xd4]![0xdd]w[0xfb][0xfe]o[0x1d]@[0xcb][0x89][0x98][0x83][0xcc]n[0xe5];[\r]Z[0x80][0x11][0xe1][0x2]2NI[0x1a][0xd0]t[0xa0][0xc5]h[0xe]t[0xaf][0x8c][0x5]-x6}o[0xf4][0xc3]S[0xba]\[0xac]|[0xf][0xe6]`[0x1f]up[0xaa][0xd7]o[0xd1][0xe5][0x16][0xcc][0xc1]N[0xc5]x[0xf4][0xa1][0x3]-[0xd8]Zm[0xdc][0xec][0xc3]O[0xb3][0xf4][0xd2][0xf1][0xc1][0x17][0xb0]6![0xe]EV[0xfa]$[0xf5]vo[0xcc]I[0x13][0xd8]m[0xbc][0x1b][0xa7][0x5]1b[0x10]![0xc][0x19][0x17][0x12][0xcc][0xc1]ry[0x0]-[0xfa]:[0xff]o4[0x86][0x16][0x98]0..h[0xa3]Y![0xd6][0x1b][0xd5][0x9b][0x1c]K[0x1d][0xbc][0xeb][0x94][0xd5]WX[0x94][0xf1][0x1c][0xab][0x11]T[0xd6][0x10][0x11][0xc6]_[0xb1][0x9a][0x8b][0xd5]V[\r][0x93]R)[0xb6][0xdc]\9[0xad][0xf5][0xf3][0xf6]a[0xb6][0x9c]`J)%[0xd2]FY][0x1a][0x9]Y'[0x1f][0x88][0x1b][0xca][0xee]2[0xe2]hA[0xb]"[0x8c][0x16][0xe2][0x8a]HG[0x95][0xb][0x1d][0x94][0xb5][0xa7][0xea]`[0xf4][0xb1][0xb2].#[0xc2][0x94][0x91][0xf7][0x8d][0xea][0x8b][0xd1][0xd1]XkT?[0xc5][0xb4][0xf1][0xbb][0xad]q[0xb1]t[0xfa][0xfd][[0xe][0x17][0x1f]7[0xcf][0x13]V[0xe7]a[0xaf][0xb8][0xce][0x83][0x15]b,[0xcd][\r]a[0x88][0xea][0x6][0xdd]%[0x86][0xaf][0xc5][0xc8][0x8d][0xd8]:[0xe8][0xe8]|n[0x16]U[0xd7]Y][0xc5][0xe1]./y[0xf1][0xea]Mx[0x87]+[0xba]S[0xa7]C[0xa9][0xb5]&[0xb4][0xfe][0xf9]a[0xf6]qB[0xea][0xdb][0x80]%[0xd4]y[0x98]r[0xf5][0x11][\n]"
22:00:43.198 [main] DEBUG org.apache.http.wire -  << "[0x1b]F![0xe2][0x82][0xde][0xe5]D[0xd0][0x2][0xb])[0xb3][0x8e][0x95]JK[0xd6]9[0x94][0xb6][0xd5]N[0xc5]Bj[0x17]|[0xdc][0xe9][0xd5]peEX[0xd1][0xab][0x8]e[0x2][0xa2][0xf4][0x1b][0xce]T[0xe2]B[0xd5][0xa9][0x83][0xe9][0x96]a[0xca][0xea][0x1c].[0xb1]([0x93][0xf5][0xec][0x3]g[0x13]XcNi[0x15][0xf6]1jko[0x97]!e[0x1c]6[0xf5]X w[0xb5]*[0xca]D[0x8e][0x95][0x9a][0x17][0xc5]([0xc3][0x8a][0xca]U[0xbf][0xb8][0xc1];S[0x80][0xa9]N[0xf5][0xb1][0xfa][0x92]k[0x91][0xb2]Y[0xd5]H6"[0xfd]H[0xf6][0xaa][0xc5]3-[0x1d][0xf4]v[0xd2]*[0x5]K[0xa9][0xe7][0xad]}[0x9a]-[0xc7][0xcf][0xfb][0xae][0xd4]9#[0x93][0xda][0xf9][0xe3][\r]T[0xc3][0xc5][0xb8][0xfa]p[0xc3][0xf8][0xfd][0xfd][0xaa][0x80]"7P_"
22:00:43.198 [main] DEBUG org.apache.http.wire -  << "[0xbe][0xf][0xf5][0xdb][0xde][\r]:[0xc4][0xea]1h[0xbd][0xad]~[\r][0x19][0x98]`[0xbc][0xa8][0xaf][0xa6]&[0x94]A,/b,[0x13][0xf3]n[0xd2][0xcb];[0x1d]|[0x9][0xa6][0x8f][0xba][0xf3]n[0x8a]k[0x8c][0xe4]e[0xe5][0xfb][0xeb][0x15]([0x5][0x87][0xb2]n[0xa0][0x90]w[0xf6][0xf6][0xdb][0xa2][0xa2]7V[0x8f]{k{[0xe5]r[0xa7]OA[0xb9][0x95][0x8e][0xd5]c^RuqV [\r][0x17][0x12]b[0xc6][0xdf][0xce][\n]"
22:00:43.198 [main] DEBUG org.apache.http.wire -  << "4[0xdb][0xfe][0xf4][0xc1]L[\n]"
22:00:43.198 [main] DEBUG org.apache.http.wire -  << "[0x8d][0xc1]p[0x1a][0xdf][0x98]o[0x81][0xfa][0x80]HC[0xe5][0xc3][0xd4][0x1e][0x98][0xd2][0xae][0xa4][0xd2] [0x5]T[0x9a][0x13]j[0x18][0xc4][0xf4][0xce][0xa2][0x82]T.([0xe6][0xcd]E[0xaa][0xc6][0xb][0xcc][0x1a][0x91]Am[0x8d]]yo[0x8b][0x83][0xd5]gH[0x5][0xf5]9[0xdf][0x5]%[0x11][0xb2]lU[\r][0x11][0x90][0xd6][0xf2][0xad][0x94]H[0xd6][0xd5]}[0x8]&N[0xd7]S[0xef][0xc3][0x92]P[0xcc]J[0xac][0x9a][0x6][0xfe][0xd7][0xf2][0xc7][[0xd5][0xeb][[0xae][0xb4]$[0x82][0x84][\n]"
22:00:43.198 [main] DEBUG org.apache.http.wire -  << "([0x11][0xa5][0xff][0x8b][0x96][0xd3][0xc7]*x[0xd5][0xe5]X[0xa2]&[0xef]c[0xe1][0xec][0x8][0xea]7[0x93]P)[0xd6][0x95]J=[0xad]C[0xff]ij[0xfb]K[0x9][0xa5]R[0xe7][0xf5][0x8f][0x0][0xfd][0xf9]/[0x0][0x0][0x0][0xff][0xff][0x3][0x0]{[0xfb][0x97][0xa6][0xae][0xb][0x0][0x0]"
22:00:43.198 [main] DEBUG org.apache.http.wire -  << "[\r][\n]"
22:00:43.199 [main] DEBUG org.apache.http.wire -  << "0[\r][\n]"
22:00:43.199 [main] DEBUG org.apache.http.wire -  << "[\r][\n]"
22:00:43.199 [main] DEBUG io.restassured.internal.RestAssuredHttpBuilder - Parsed data to instance of: class org.apache.http.conn.EofSensorInputStream
22:00:43.200 [main] DEBUG org.apache.http.impl.conn.BasicClientConnectionManager - Releasing connection org.apache.http.impl.conn.ManagedClientConnectionImpl@610115e8
22:00:43.200 [main] DEBUG org.apache.http.impl.conn.BasicClientConnectionManager - Connection can be kept alive indefinitely
22:00:43.203 [main] DEBUG net.thucydides.core.steps.StepInterceptor - STEP DONE: I GET HTTP request user with decending sort
  &amp#27;[32mWhen &amp#27;[0m&amp#27;[32mI GET HTTP request user with decending sort&amp#27;[0m                &amp#27;[90m# starter.stepdefinition.UserSteps.getUserWithSort()&amp#27;[0m
22:00:43.208 [main] DEBUG net.thucydides.core.steps.StepInterceptor - STARTING STEP: UserSteps.responseSortValid200 - I receive invalid get descending user HTTP response code 200
22:00:43.209 [main] DEBUG net.thucydides.core.steps.StepInterceptor - STEP DONE: I receive invalid get descending user HTTP response code 200
  &amp#27;[32mThen &amp#27;[0m&amp#27;[32mI receive valid get descending user HTTP response code 200&amp#27;[0m &amp#27;[90m# starter.stepdefinition.UserSteps.responseSortValid200()&amp#27;[0m
22:00:43.212 [main] INFO  - 
  _____   ___   ___   _____     ___     _     ___   ___   ___   ___  
 |_   _| | __| / __| |_   _|   | _ \   /_\   / __| / __| | __| |   \ 
   | |   | _|  \__ \   | |     |  _/  / _ \  \__ \ \__ \ | _|  | |) |
   |_|   |___| |___/   |_|     |_|   /_/ \_\ |___/ |___/ |___| |___/ 

USER - GET result user in descending sort
----------------------------------------------------------------------
]]></system-out>
  </testcase>
  <testcase name="USER - GET result user in descending sort #2" classname="User #2" time="0.601">
    <system-out><![CDATA[
Scenario: USER - GET result user in descending sort                 &amp#27;[90m# src/test/resources/api/user.feature:42&amp#27;[0m
22:00:43.230 [main] INFO io.cucumber.core.plugin.SerenityReporter - Running feature from file:///C:/Users/User/IdeaProjects/CodeCompetence2/src/test/resources/api/user.feature
22:00:43.230 [main] WARN io.cucumber.core.plugin.SerenityReporter - Feature from file:///C:/Users/User/IdeaProjects/CodeCompetence2/src/test/resources/api/user.feature is not under the 'features' directory. Requirements report will not be correctly generated!
22:00:43.251 [main] DEBUG net.thucydides.core.steps.StepInterceptor - STARTING STEP: UserSteps.setGetWrongUserEndpoint - I GET wrong API user endpoint
22:00:43.251 [main] DEBUG net.thucydides.core.steps.StepInterceptor - STEP DONE: I GET wrong API user endpoint
  &amp#27;[32mGiven &amp#27;[0m&amp#27;[32mI GET wrong API user endpoint&amp#27;[0m                               &amp#27;[90m# starter.stepdefinition.UserSteps.setGetWrongUserEndpoint()&amp#27;[0m
22:00:43.260 [main] DEBUG net.thucydides.core.steps.StepInterceptor - STARTING STEP: UserSteps.getWrongUserWithSort - I GET wrong HTTP request user with decending sort
22:00:43.263 [main] DEBUG net.thucydides.core.steps.StepInterceptor - STARTING STEP: User.getWrongSortUserRequest - I GET wrong API user endpoint
22:00:43.263 [main] DEBUG net.thucydides.core.steps.StepInterceptor - STEP DONE: I GET wrong API user endpoint
22:00:43.298 [main] DEBUG org.apache.http.impl.conn.BasicClientConnectionManager - Get connection for route {s}->https://fakestoreapi.com:443
22:00:43.298 [main] DEBUG org.apache.http.impl.conn.DefaultClientConnectionOperator - Connecting to fakestoreapi.com:443
22:00:43.423 [main] DEBUG org.apache.http.client.protocol.RequestAddCookies - CookieSpec selected: ignoreCookies
22:00:43.424 [main] DEBUG org.apache.http.client.protocol.RequestAuthCache - Auth cache not set in the context
22:00:43.425 [main] DEBUG org.apache.http.client.protocol.RequestTargetAuthentication - Target auth state: UNCHALLENGED
22:00:43.425 [main] DEBUG org.apache.http.client.protocol.RequestProxyAuthentication - Proxy auth state: UNCHALLENGED
22:00:43.425 [main] DEBUG org.apache.http.impl.client.DefaultHttpClient - Attempt 1 to execute request
22:00:43.425 [main] DEBUG org.apache.http.impl.conn.DefaultClientConnection - Sending request: GET /pengguna?sort=desc HTTP/1.1
22:00:43.425 [main] DEBUG org.apache.http.wire -  >> "GET /pengguna?sort=desc HTTP/1.1[\r][\n]"
22:00:43.425 [main] DEBUG org.apache.http.wire -  >> "Accept: */*[\r][\n]"
22:00:43.425 [main] DEBUG org.apache.http.wire -  >> "Host: fakestoreapi.com[\r][\n]"
22:00:43.425 [main] DEBUG org.apache.http.wire -  >> "Connection: Keep-Alive[\r][\n]"
22:00:43.425 [main] DEBUG org.apache.http.wire -  >> "User-Agent: Apache-HttpClient/4.5.13 (Java/19.0.2)[\r][\n]"
22:00:43.425 [main] DEBUG org.apache.http.wire -  >> "Accept-Encoding: gzip,deflate[\r][\n]"
22:00:43.425 [main] DEBUG org.apache.http.wire -  >> "[\r][\n]"
22:00:43.425 [main] DEBUG org.apache.http.headers - >> GET /pengguna?sort=desc HTTP/1.1
22:00:43.425 [main] DEBUG org.apache.http.headers - >> Accept: */*
22:00:43.425 [main] DEBUG org.apache.http.headers - >> Host: fakestoreapi.com
22:00:43.425 [main] DEBUG org.apache.http.headers - >> Connection: Keep-Alive
22:00:43.425 [main] DEBUG org.apache.http.headers - >> User-Agent: Apache-HttpClient/4.5.13 (Java/19.0.2)
22:00:43.425 [main] DEBUG org.apache.http.headers - >> Accept-Encoding: gzip,deflate
22:00:43.796 [main] DEBUG org.apache.http.wire -  << "HTTP/1.1 404 Not Found[\r][\n]"
22:00:43.797 [main] DEBUG org.apache.http.wire -  << "Date: Sat, 15 Apr 2023 15:00:43 GMT[\r][\n]"
22:00:43.797 [main] DEBUG org.apache.http.wire -  << "Content-Type: text/html; charset=utf-8[\r][\n]"
22:00:43.797 [main] DEBUG org.apache.http.wire -  << "Transfer-Encoding: chunked[\r][\n]"
22:00:43.797 [main] DEBUG org.apache.http.wire -  << "Connection: keep-alive[\r][\n]"
22:00:43.797 [main] DEBUG org.apache.http.wire -  << "Access-Control-Allow-Origin: *[\r][\n]"
22:00:43.797 [main] DEBUG org.apache.http.wire -  << "Content-Security-Policy: default-src 'none'[\r][\n]"
22:00:43.797 [main] DEBUG org.apache.http.wire -  << "X-Content-Type-Options: nosniff[\r][\n]"
22:00:43.797 [main] DEBUG org.apache.http.wire -  << "X-Powered-By: Express[\r][\n]"
22:00:43.797 [main] DEBUG org.apache.http.wire -  << "CF-Cache-Status: DYNAMIC[\r][\n]"
22:00:43.797 [main] DEBUG org.apache.http.wire -  << "Report-To: {"endpoints":[{"url":"https:\/\/a.nel.cloudflare.com\/report\/v3?s=yp2e%2Bui%2BfWEakpkS3%2Fs%2BXdmnIegciVbF4sIdNxQMwvtN6Yo9qLr%2FuZeujr%2FrXIzlZ1Q1GA8p4aieibNJGDfAFrg%2BQOkHPrvVEkI8igfmoSr7F%2Fuz310pldEsZ4RRK6CB5aBD"}],"group":"cf-nel","max_age":604800}[\r][\n]"
22:00:43.797 [main] DEBUG org.apache.http.wire -  << "NEL: {"success_fraction":0,"report_to":"cf-nel","max_age":604800}[\r][\n]"
22:00:43.797 [main] DEBUG org.apache.http.wire -  << "Server: cloudflare[\r][\n]"
22:00:43.797 [main] DEBUG org.apache.http.wire -  << "CF-RAY: 7b850f4a7bd03feb-SIN[\r][\n]"
22:00:43.797 [main] DEBUG org.apache.http.wire -  << "Content-Encoding: gzip[\r][\n]"
22:00:43.797 [main] DEBUG org.apache.http.wire -  << "alt-svc: h3=":443"; ma=86400, h3-29=":443"; ma=86400[\r][\n]"
22:00:43.797 [main] DEBUG org.apache.http.wire -  << "[\r][\n]"
22:00:43.797 [main] DEBUG org.apache.http.impl.conn.DefaultClientConnection - Receiving response: HTTP/1.1 404 Not Found
22:00:43.797 [main] DEBUG org.apache.http.headers - << HTTP/1.1 404 Not Found
22:00:43.797 [main] DEBUG org.apache.http.headers - << Date: Sat, 15 Apr 2023 15:00:43 GMT
22:00:43.797 [main] DEBUG org.apache.http.headers - << Content-Type: text/html; charset=utf-8
22:00:43.797 [main] DEBUG org.apache.http.headers - << Transfer-Encoding: chunked
22:00:43.797 [main] DEBUG org.apache.http.headers - << Connection: keep-alive
22:00:43.797 [main] DEBUG org.apache.http.headers - << Access-Control-Allow-Origin: *
22:00:43.797 [main] DEBUG org.apache.http.headers - << Content-Security-Policy: default-src 'none'
22:00:43.797 [main] DEBUG org.apache.http.headers - << X-Content-Type-Options: nosniff
22:00:43.797 [main] DEBUG org.apache.http.headers - << X-Powered-By: Express
22:00:43.797 [main] DEBUG org.apache.http.headers - << CF-Cache-Status: DYNAMIC
22:00:43.797 [main] DEBUG org.apache.http.headers - << Report-To: {"endpoints":[{"url":"https:\/\/a.nel.cloudflare.com\/report\/v3?s=yp2e%2Bui%2BfWEakpkS3%2Fs%2BXdmnIegciVbF4sIdNxQMwvtN6Yo9qLr%2FuZeujr%2FrXIzlZ1Q1GA8p4aieibNJGDfAFrg%2BQOkHPrvVEkI8igfmoSr7F%2Fuz310pldEsZ4RRK6CB5aBD"}],"group":"cf-nel","max_age":604800}
22:00:43.797 [main] DEBUG org.apache.http.headers - << NEL: {"success_fraction":0,"report_to":"cf-nel","max_age":604800}
22:00:43.797 [main] DEBUG org.apache.http.headers - << Server: cloudflare
22:00:43.797 [main] DEBUG org.apache.http.headers - << CF-RAY: 7b850f4a7bd03feb-SIN
22:00:43.797 [main] DEBUG org.apache.http.headers - << Content-Encoding: gzip
22:00:43.797 [main] DEBUG org.apache.http.headers - << alt-svc: h3=":443"; ma=86400, h3-29=":443"; ma=86400
22:00:43.797 [main] DEBUG org.apache.http.impl.client.DefaultHttpClient - Connection can be kept alive indefinitely
22:00:43.797 [main] DEBUG io.restassured.internal.RestAssuredHttpBuilder - Parsing response as: text/html; charset=utf-8
22:00:43.797 [main] DEBUG org.apache.http.wire -  << "90[\r][\n]"
22:00:43.797 [main] DEBUG org.apache.http.wire -  << "[0x1f][0x8b][0x8][0x0][0x0][0x0][0x0][0x0][0x0][0x3],[0x8e][0xb1][0xe][0xc2]0[0xc]DwE[0xc8][0x8e][0xbc]2[0xb8]YJ[0xc4]H[0x87].[0x8c][0x86][0x9a][0x14])u[0xaa][0xe0][0xe][0xfc]=[\n]"
22:00:43.797 [main] DEBUG org.apache.http.wire -  << "t:[0xdd][0xbd];[0xe9][0xe8]p[0xbe][0xf6][0xe3]m[0x88]n[0xb6]%[0x7][0xa0]&.[0xb3][0xa6][0xce][0x8b][0xfa][0x16][0x8]O[0x1]h[0x11]c[0xf7][0x98][0xb9][0xbe][0xc5]:[0xbf][0xd9][0xf3]xj[0xd4]^[0x96]%[0xc4]ZK%[0xfc][0x1b] [0xdc]7[0xf7]2}[0x2][0xd0]Z%[0xf4][0xac]Z[0xcc]][0xe2][0xe8]p[0x15]MiS&l[0x4][0x8][0xf7][0x1e][0xfe].|[0x1][0x0][0x0][0xff][0xff][0xe3][0x2][0x0]}`[0xe6]{[0x93][0x0][0x0][0x0]"
22:00:43.797 [main] DEBUG org.apache.http.wire -  << "[\r][\n]"
22:00:43.797 [main] DEBUG org.apache.http.wire -  << "0[\r][\n]"
22:00:43.797 [main] DEBUG org.apache.http.wire -  << "[\r][\n]"
22:00:43.797 [main] DEBUG io.restassured.internal.RestAssuredHttpBuilder - Parsed data to instance of: class org.apache.http.conn.EofSensorInputStream
22:00:43.799 [main] DEBUG org.apache.http.impl.conn.BasicClientConnectionManager - Releasing connection org.apache.http.impl.conn.ManagedClientConnectionImpl@7bb78381
22:00:43.799 [main] DEBUG org.apache.http.impl.conn.BasicClientConnectionManager - Connection can be kept alive indefinitely
22:00:43.801 [main] DEBUG net.thucydides.core.steps.StepInterceptor - STEP DONE: I GET wrong HTTP request user with decending sort
  &amp#27;[32mWhen &amp#27;[0m&amp#27;[32mI GET wrong HTTP request user with decending sort&amp#27;[0m            &amp#27;[90m# starter.stepdefinition.UserSteps.getWrongUserWithSort()&amp#27;[0m
22:00:43.807 [main] DEBUG net.thucydides.core.steps.StepInterceptor - STARTING STEP: UserSteps.responseSortinvalid404 - I receive invalid get descending user HTTP response code 404
22:00:43.809 [main] DEBUG net.thucydides.core.steps.StepInterceptor - STEP DONE: I receive invalid get descending user HTTP response code 404
  &amp#27;[32mThen &amp#27;[0m&amp#27;[32mI receive invalid get descending user HTTP response code 404&amp#27;[0m &amp#27;[90m# starter.stepdefinition.UserSteps.responseSortinvalid404()&amp#27;[0m
22:00:43.812 [main] INFO  - 
  _____   ___   ___   _____     ___     _     ___   ___   ___   ___  
 |_   _| | __| / __| |_   _|   | _ \   /_\   / __| / __| | __| |   \ 
   | |   | _|  \__ \   | |     |  _/  / _ \  \__ \ \__ \ | _|  | |) |
   |_|   |___| |___/   |_|     |_|   /_/ \_\ |___/ |___/ |___| |___/ 

USER - GET result user in descending sort
----------------------------------------------------------------------
]]></system-out>
  </testcase>
  <testcase name="USER - USER POST new product with valid data" classname="User #2" time="0.704">
    <system-out><![CDATA[
Scenario: USER - USER POST new product with valid data &amp#27;[90m# src/test/resources/api/user.feature:47&amp#27;[0m
22:00:43.831 [main] INFO io.cucumber.core.plugin.SerenityReporter - Running feature from file:///C:/Users/User/IdeaProjects/CodeCompetence2/src/test/resources/api/user.feature
22:00:43.831 [main] WARN io.cucumber.core.plugin.SerenityReporter - Feature from file:///C:/Users/User/IdeaProjects/CodeCompetence2/src/test/resources/api/user.feature is not under the 'features' directory. Requirements report will not be correctly generated!
22:00:43.834 [main] INFO  - 
  _____   ___   ___   _____     ___   _____     _     ___   _____   ___   ___  
 |_   _| | __| / __| |_   _|   / __| |_   _|   /_\   | _ \ |_   _| | __| |   \ 
   | |   | _|  \__ \   | |     \__ \   | |    / _ \  |   /   | |   | _|  | |) |
   |_|   |___| |___/   |_|     |___/   |_|   /_/ \_\ |_|_\   |_|   |___| |___/ 

USER - USER POST new product with valid data(user;user---user-post-new-product-with-valid-data)
--------------------------------------------------------------------------------
22:00:43.849 [main] DEBUG net.thucydides.core.steps.StepInterceptor - STARTING STEP: UserSteps.setPostUserEndpoint - I access POST API user endpoints
22:00:43.849 [main] DEBUG net.thucydides.core.steps.StepInterceptor - STEP DONE: I access POST API user endpoints
  &amp#27;[32mGiven &amp#27;[0m&amp#27;[32mI access POST API user endpoints&amp#27;[0m               &amp#27;[90m# starter.stepdefinition.UserSteps.setPostUserEndpoint()&amp#27;[0m
22:00:43.854 [main] DEBUG net.thucydides.core.steps.StepInterceptor - STARTING STEP: UserSteps.postUserHTTPRequest - I POST HTTP request with a valid data
22:00:43.858 [main] DEBUG net.thucydides.core.steps.StepInterceptor - STARTING STEP: User.postUserHTTPRequest - I access POST API user endpoints
22:00:43.858 [main] DEBUG net.thucydides.core.steps.StepInterceptor - STEP DONE: I access POST API user endpoints
22:00:43.873 [main] DEBUG org.apache.http.impl.conn.BasicClientConnectionManager - Get connection for route {s}->https://fakestoreapi.com:443
22:00:43.873 [main] DEBUG org.apache.http.impl.conn.DefaultClientConnectionOperator - Connecting to fakestoreapi.com:443
22:00:43.956 [main] DEBUG org.apache.http.client.protocol.RequestAddCookies - CookieSpec selected: ignoreCookies
22:00:43.956 [main] DEBUG org.apache.http.client.protocol.RequestAuthCache - Auth cache not set in the context
22:00:43.956 [main] DEBUG org.apache.http.client.protocol.RequestTargetAuthentication - Target auth state: UNCHALLENGED
22:00:43.956 [main] DEBUG org.apache.http.client.protocol.RequestProxyAuthentication - Proxy auth state: UNCHALLENGED
22:00:43.956 [main] DEBUG org.apache.http.impl.client.DefaultHttpClient - Attempt 1 to execute request
22:00:43.956 [main] DEBUG org.apache.http.impl.conn.DefaultClientConnection - Sending request: POST /users HTTP/1.1
22:00:43.956 [main] DEBUG org.apache.http.wire -  >> "POST /users HTTP/1.1[\r][\n]"
22:00:43.956 [main] DEBUG org.apache.http.wire -  >> "Accept: */*[\r][\n]"
22:00:43.956 [main] DEBUG org.apache.http.wire -  >> "Content-Type: application/json[\r][\n]"
22:00:43.956 [main] DEBUG org.apache.http.wire -  >> "Content-Length: 274[\r][\n]"
22:00:43.956 [main] DEBUG org.apache.http.wire -  >> "Host: fakestoreapi.com[\r][\n]"
22:00:43.956 [main] DEBUG org.apache.http.wire -  >> "Connection: Keep-Alive[\r][\n]"
22:00:43.956 [main] DEBUG org.apache.http.wire -  >> "User-Agent: Apache-HttpClient/4.5.13 (Java/19.0.2)[\r][\n]"
22:00:43.956 [main] DEBUG org.apache.http.wire -  >> "Accept-Encoding: gzip,deflate[\r][\n]"
22:00:43.956 [main] DEBUG org.apache.http.wire -  >> "[\r][\n]"
22:00:43.956 [main] DEBUG org.apache.http.headers - >> POST /users HTTP/1.1
22:00:43.956 [main] DEBUG org.apache.http.headers - >> Accept: */*
22:00:43.956 [main] DEBUG org.apache.http.headers - >> Content-Type: application/json
22:00:43.956 [main] DEBUG org.apache.http.headers - >> Content-Length: 274
22:00:43.956 [main] DEBUG org.apache.http.headers - >> Host: fakestoreapi.com
22:00:43.956 [main] DEBUG org.apache.http.headers - >> Connection: Keep-Alive
22:00:43.956 [main] DEBUG org.apache.http.headers - >> User-Agent: Apache-HttpClient/4.5.13 (Java/19.0.2)
22:00:43.956 [main] DEBUG org.apache.http.headers - >> Accept-Encoding: gzip,deflate
22:00:43.956 [main] DEBUG org.apache.http.wire -  >> "{"password":"m38rmF$","address":{"zipcode":"12926-3874","number":3,"city":"kilcoole","street":"7835 new road","geolocation":{"lat":"-37.3159","long":"81.1496"}},"phone":"1-570-236-7033","name":{"firstname":"John","lastname":"Doe"},"email":"John@gmail.com","username":"john"}"
22:00:44.494 [main] DEBUG org.apache.http.wire -  << "HTTP/1.1 200 OK[\r][\n]"
22:00:44.494 [main] DEBUG org.apache.http.wire -  << "Date: Sat, 15 Apr 2023 15:00:44 GMT[\r][\n]"
22:00:44.494 [main] DEBUG org.apache.http.wire -  << "Content-Type: application/json; charset=utf-8[\r][\n]"
22:00:44.494 [main] DEBUG org.apache.http.wire -  << "Content-Length: 9[\r][\n]"
22:00:44.494 [main] DEBUG org.apache.http.wire -  << "Connection: keep-alive[\r][\n]"
22:00:44.494 [main] DEBUG org.apache.http.wire -  << "Access-Control-Allow-Origin: *[\r][\n]"
22:00:44.494 [main] DEBUG org.apache.http.wire -  << "Etag: W/"9-hVv0cNJophUD7CGn+ZqXp8tVGo0"[\r][\n]"
22:00:44.494 [main] DEBUG org.apache.http.wire -  << "X-Powered-By: Express[\r][\n]"
22:00:44.494 [main] DEBUG org.apache.http.wire -  << "CF-Cache-Status: DYNAMIC[\r][\n]"
22:00:44.494 [main] DEBUG org.apache.http.wire -  << "Report-To: {"endpoints":[{"url":"https:\/\/a.nel.cloudflare.com\/report\/v3?s=incqHKQA4GiFSA9UdETZku3DVXNyEuAd%2Bz%2FQ%2FNMymB4jL%2Fm0lPlRVDR3DVvEr0KYh%2BGUAtBDcDVzyZV43rsz4j2fsMBJBBfJjJQicJ9KKDj5GP1MT0nGK9E0YfEwPvUTg0Sl"}],"group":"cf-nel","max_age":604800}[\r][\n]"
22:00:44.494 [main] DEBUG org.apache.http.wire -  << "NEL: {"success_fraction":0,"report_to":"cf-nel","max_age":604800}[\r][\n]"
22:00:44.494 [main] DEBUG org.apache.http.wire -  << "Server: cloudflare[\r][\n]"
22:00:44.494 [main] DEBUG org.apache.http.wire -  << "CF-RAY: 7b850f4dda466bb8-SIN[\r][\n]"
22:00:44.494 [main] DEBUG org.apache.http.wire -  << "alt-svc: h3=":443"; ma=86400, h3-29=":443"; ma=86400[\r][\n]"
22:00:44.494 [main] DEBUG org.apache.http.wire -  << "[\r][\n]"
22:00:44.494 [main] DEBUG org.apache.http.impl.conn.DefaultClientConnection - Receiving response: HTTP/1.1 200 OK
22:00:44.494 [main] DEBUG org.apache.http.headers - << HTTP/1.1 200 OK
22:00:44.494 [main] DEBUG org.apache.http.headers - << Date: Sat, 15 Apr 2023 15:00:44 GMT
22:00:44.494 [main] DEBUG org.apache.http.headers - << Content-Type: application/json; charset=utf-8
22:00:44.494 [main] DEBUG org.apache.http.headers - << Content-Length: 9
22:00:44.494 [main] DEBUG org.apache.http.headers - << Connection: keep-alive
22:00:44.494 [main] DEBUG org.apache.http.headers - << Access-Control-Allow-Origin: *
22:00:44.494 [main] DEBUG org.apache.http.headers - << Etag: W/"9-hVv0cNJophUD7CGn+ZqXp8tVGo0"
22:00:44.494 [main] DEBUG org.apache.http.headers - << X-Powered-By: Express
22:00:44.494 [main] DEBUG org.apache.http.headers - << CF-Cache-Status: DYNAMIC
22:00:44.494 [main] DEBUG org.apache.http.headers - << Report-To: {"endpoints":[{"url":"https:\/\/a.nel.cloudflare.com\/report\/v3?s=incqHKQA4GiFSA9UdETZku3DVXNyEuAd%2Bz%2FQ%2FNMymB4jL%2Fm0lPlRVDR3DVvEr0KYh%2BGUAtBDcDVzyZV43rsz4j2fsMBJBBfJjJQicJ9KKDj5GP1MT0nGK9E0YfEwPvUTg0Sl"}],"group":"cf-nel","max_age":604800}
22:00:44.494 [main] DEBUG org.apache.http.headers - << NEL: {"success_fraction":0,"report_to":"cf-nel","max_age":604800}
22:00:44.494 [main] DEBUG org.apache.http.headers - << Server: cloudflare
22:00:44.494 [main] DEBUG org.apache.http.headers - << CF-RAY: 7b850f4dda466bb8-SIN
22:00:44.494 [main] DEBUG org.apache.http.headers - << alt-svc: h3=":443"; ma=86400, h3-29=":443"; ma=86400
22:00:44.494 [main] DEBUG org.apache.http.impl.client.DefaultHttpClient - Connection can be kept alive indefinitely
22:00:44.494 [main] DEBUG io.restassured.internal.RestAssuredHttpBuilder - Parsing response as: application/json; charset=utf-8
22:00:44.494 [main] DEBUG io.restassured.internal.RestAssuredHttpBuilder - Parsed data to instance of: class org.apache.http.conn.EofSensorInputStream
22:00:44.495 [main] DEBUG org.apache.http.wire -  << "{"id":11}"
22:00:44.495 [main] DEBUG org.apache.http.impl.conn.BasicClientConnectionManager - Releasing connection org.apache.http.impl.conn.ManagedClientConnectionImpl@3272c5b3
22:00:44.495 [main] DEBUG org.apache.http.impl.conn.BasicClientConnectionManager - Connection can be kept alive indefinitely
22:00:44.496 [main] DEBUG net.thucydides.core.steps.StepInterceptor - STEP DONE: I POST HTTP request with a valid data
  &amp#27;[32mWhen &amp#27;[0m&amp#27;[32mI POST HTTP request with a valid data&amp#27;[0m           &amp#27;[90m# starter.stepdefinition.UserSteps.postUserHTTPRequest()&amp#27;[0m
22:00:44.499 [main] DEBUG net.thucydides.core.steps.StepInterceptor - STARTING STEP: UserSteps.validResponsePostUser - I receive valid data for new user
22:00:44.511 [main] DEBUG net.thucydides.core.steps.StepInterceptor - STEP DONE: I receive valid data for new user
  &amp#27;[32mAnd &amp#27;[0m&amp#27;[32mI receive valid data for new user&amp#27;[0m                &amp#27;[90m# starter.stepdefinition.UserSteps.validResponsePostUser()&amp#27;[0m
22:00:44.514 [main] DEBUG net.thucydides.core.steps.StepInterceptor - STARTING STEP: UserSteps.receiveResponsePostUser200 - I receive valid HTTP response code 200
22:00:44.515 [main] DEBUG net.thucydides.core.steps.StepInterceptor - STEP DONE: I receive valid HTTP response code 200
  &amp#27;[32mThen &amp#27;[0m&amp#27;[32mI receive an valid POST response code 200&amp#27;[0m       &amp#27;[90m# starter.stepdefinition.UserSteps.receiveResponsePostUser200()&amp#27;[0m
22:00:44.517 [main] INFO  - 
  _____   ___   ___   _____     ___     _     ___   ___   ___   ___  
 |_   _| | __| / __| |_   _|   | _ \   /_\   / __| / __| | __| |   \ 
   | |   | _|  \__ \   | |     |  _/  / _ \  \__ \ \__ \ | _|  | |) |
   |_|   |___| |___/   |_|     |_|   /_/ \_\ |___/ |___/ |___| |___/ 

USER - USER POST new product with valid data
----------------------------------------------------------------------
]]></system-out>
  </testcase>
  <testcase name="USER - USER POST new product with invalid data" classname="User #2" time="0.845">
    <system-out><![CDATA[
Scenario: USER - USER POST new product with invalid data &amp#27;[90m# src/test/resources/api/user.feature:53&amp#27;[0m
22:00:44.532 [main] INFO io.cucumber.core.plugin.SerenityReporter - Running feature from file:///C:/Users/User/IdeaProjects/CodeCompetence2/src/test/resources/api/user.feature
22:00:44.533 [main] WARN io.cucumber.core.plugin.SerenityReporter - Feature from file:///C:/Users/User/IdeaProjects/CodeCompetence2/src/test/resources/api/user.feature is not under the 'features' directory. Requirements report will not be correctly generated!
22:00:44.535 [main] INFO  - 
  _____   ___   ___   _____     ___   _____     _     ___   _____   ___   ___  
 |_   _| | __| / __| |_   _|   / __| |_   _|   /_\   | _ \ |_   _| | __| |   \ 
   | |   | _|  \__ \   | |     \__ \   | |    / _ \  |   /   | |   | _|  | |) |
   |_|   |___| |___/   |_|     |___/   |_|   /_/ \_\ |_|_\   |_|   |___| |___/ 

USER - USER POST new product with invalid data(user;user---user-post-new-product-with-invalid-data)
--------------------------------------------------------------------------------
22:00:44.542 [main] DEBUG net.thucydides.core.steps.StepInterceptor - STARTING STEP: UserSteps.postAPIUserEndpointsInvalid - I POST the API user endpoints invalid
22:00:44.542 [main] DEBUG net.thucydides.core.steps.StepInterceptor - STEP DONE: I POST the API user endpoints invalid
  &amp#27;[32mGiven &amp#27;[0m&amp#27;[32mI POST the API user endpoints invalid&amp#27;[0m            &amp#27;[90m# starter.stepdefinition.UserSteps.postAPIUserEndpointsInvalid()&amp#27;[0m
22:00:44.545 [main] DEBUG net.thucydides.core.steps.StepInterceptor - STARTING STEP: UserSteps.postHTTPRequestInvalidData - I POST HTTP request with an invalid data
22:00:44.546 [main] DEBUG net.thucydides.core.steps.StepInterceptor - STARTING STEP: User.postUserInvalidHTTPRequest - I POST the API user endpoints invalid
22:00:44.547 [main] DEBUG net.thucydides.core.steps.StepInterceptor - STEP DONE: I POST the API user endpoints invalid
22:00:44.556 [main] DEBUG org.apache.http.impl.conn.BasicClientConnectionManager - Get connection for route {s}->https://fakestoreapi.com:443
22:00:44.557 [main] DEBUG org.apache.http.impl.conn.DefaultClientConnectionOperator - Connecting to fakestoreapi.com:443
22:00:44.644 [main] DEBUG org.apache.http.client.protocol.RequestAddCookies - CookieSpec selected: ignoreCookies
22:00:44.644 [main] DEBUG org.apache.http.client.protocol.RequestAuthCache - Auth cache not set in the context
22:00:44.644 [main] DEBUG org.apache.http.client.protocol.RequestTargetAuthentication - Target auth state: UNCHALLENGED
22:00:44.644 [main] DEBUG org.apache.http.client.protocol.RequestProxyAuthentication - Proxy auth state: UNCHALLENGED
22:00:44.644 [main] DEBUG org.apache.http.impl.client.DefaultHttpClient - Attempt 1 to execute request
22:00:44.644 [main] DEBUG org.apache.http.impl.conn.DefaultClientConnection - Sending request: POST /user HTTP/1.1
22:00:44.644 [main] DEBUG org.apache.http.wire -  >> "POST /user HTTP/1.1[\r][\n]"
22:00:44.644 [main] DEBUG org.apache.http.wire -  >> "Accept: */*[\r][\n]"
22:00:44.644 [main] DEBUG org.apache.http.wire -  >> "Content-Type: application/json[\r][\n]"
22:00:44.644 [main] DEBUG org.apache.http.wire -  >> "Content-Length: 274[\r][\n]"
22:00:44.644 [main] DEBUG org.apache.http.wire -  >> "Host: fakestoreapi.com[\r][\n]"
22:00:44.644 [main] DEBUG org.apache.http.wire -  >> "Connection: Keep-Alive[\r][\n]"
22:00:44.644 [main] DEBUG org.apache.http.wire -  >> "User-Agent: Apache-HttpClient/4.5.13 (Java/19.0.2)[\r][\n]"
22:00:44.644 [main] DEBUG org.apache.http.wire -  >> "Accept-Encoding: gzip,deflate[\r][\n]"
22:00:44.644 [main] DEBUG org.apache.http.wire -  >> "[\r][\n]"
22:00:44.644 [main] DEBUG org.apache.http.headers - >> POST /user HTTP/1.1
22:00:44.644 [main] DEBUG org.apache.http.headers - >> Accept: */*
22:00:44.644 [main] DEBUG org.apache.http.headers - >> Content-Type: application/json
22:00:44.644 [main] DEBUG org.apache.http.headers - >> Content-Length: 274
22:00:44.644 [main] DEBUG org.apache.http.headers - >> Host: fakestoreapi.com
22:00:44.644 [main] DEBUG org.apache.http.headers - >> Connection: Keep-Alive
22:00:44.644 [main] DEBUG org.apache.http.headers - >> User-Agent: Apache-HttpClient/4.5.13 (Java/19.0.2)
22:00:44.644 [main] DEBUG org.apache.http.headers - >> Accept-Encoding: gzip,deflate
22:00:44.644 [main] DEBUG org.apache.http.wire -  >> "{"password":"m38rmF$","address":{"zipcode":"12926-3874","number":3,"city":"kilcoole","street":"7835 new road","geolocation":{"lat":"-37.3159","long":"81.1496"}},"phone":"1-570-236-7033","name":{"firstname":"John","lastname":"Doe"},"email":"John@gmail.com","username":"john"}"
22:00:45.346 [main] DEBUG org.apache.http.wire -  << "HTTP/1.1 404 Not Found[\r][\n]"
22:00:45.346 [main] DEBUG org.apache.http.wire -  << "Date: Sat, 15 Apr 2023 15:00:45 GMT[\r][\n]"
22:00:45.346 [main] DEBUG org.apache.http.wire -  << "Content-Type: text/html; charset=utf-8[\r][\n]"
22:00:45.346 [main] DEBUG org.apache.http.wire -  << "Transfer-Encoding: chunked[\r][\n]"
22:00:45.346 [main] DEBUG org.apache.http.wire -  << "Connection: keep-alive[\r][\n]"
22:00:45.346 [main] DEBUG org.apache.http.wire -  << "Access-Control-Allow-Origin: *[\r][\n]"
22:00:45.346 [main] DEBUG org.apache.http.wire -  << "Content-Security-Policy: default-src 'none'[\r][\n]"
22:00:45.346 [main] DEBUG org.apache.http.wire -  << "X-Content-Type-Options: nosniff[\r][\n]"
22:00:45.346 [main] DEBUG org.apache.http.wire -  << "X-Powered-By: Express[\r][\n]"
22:00:45.346 [main] DEBUG org.apache.http.wire -  << "CF-Cache-Status: DYNAMIC[\r][\n]"
22:00:45.346 [main] DEBUG org.apache.http.wire -  << "Report-To: {"endpoints":[{"url":"https:\/\/a.nel.cloudflare.com\/report\/v3?s=RCl%2FTSjcoN5DOcU2pk4uLSJRc0airb0oNBoLjaMEyi3S4syIRLWDbZ%2BfxYV6QlKBb37GUllb6NPN2FyeFmj0z%2FNmTcpn8h3g24BKQxXgqfPLHhY6Qc26OsKSS9a1ALeznjqp"}],"group":"cf-nel","max_age":604800}[\r][\n]"
22:00:45.346 [main] DEBUG org.apache.http.wire -  << "NEL: {"success_fraction":0,"report_to":"cf-nel","max_age":604800}[\r][\n]"
22:00:45.346 [main] DEBUG org.apache.http.wire -  << "Server: cloudflare[\r][\n]"
22:00:45.346 [main] DEBUG org.apache.http.wire -  << "CF-RAY: 7b850f521fec40da-SIN[\r][\n]"
22:00:45.346 [main] DEBUG org.apache.http.wire -  << "Content-Encoding: gzip[\r][\n]"
22:00:45.346 [main] DEBUG org.apache.http.wire -  << "alt-svc: h3=":443"; ma=86400, h3-29=":443"; ma=86400[\r][\n]"
22:00:45.346 [main] DEBUG org.apache.http.wire -  << "[\r][\n]"
22:00:45.346 [main] DEBUG org.apache.http.impl.conn.DefaultClientConnection - Receiving response: HTTP/1.1 404 Not Found
22:00:45.346 [main] DEBUG org.apache.http.headers - << HTTP/1.1 404 Not Found
22:00:45.346 [main] DEBUG org.apache.http.headers - << Date: Sat, 15 Apr 2023 15:00:45 GMT
22:00:45.346 [main] DEBUG org.apache.http.headers - << Content-Type: text/html; charset=utf-8
22:00:45.346 [main] DEBUG org.apache.http.headers - << Transfer-Encoding: chunked
22:00:45.346 [main] DEBUG org.apache.http.headers - << Connection: keep-alive
22:00:45.346 [main] DEBUG org.apache.http.headers - << Access-Control-Allow-Origin: *
22:00:45.346 [main] DEBUG org.apache.http.headers - << Content-Security-Policy: default-src 'none'
22:00:45.346 [main] DEBUG org.apache.http.headers - << X-Content-Type-Options: nosniff
22:00:45.346 [main] DEBUG org.apache.http.headers - << X-Powered-By: Express
22:00:45.346 [main] DEBUG org.apache.http.headers - << CF-Cache-Status: DYNAMIC
22:00:45.346 [main] DEBUG org.apache.http.headers - << Report-To: {"endpoints":[{"url":"https:\/\/a.nel.cloudflare.com\/report\/v3?s=RCl%2FTSjcoN5DOcU2pk4uLSJRc0airb0oNBoLjaMEyi3S4syIRLWDbZ%2BfxYV6QlKBb37GUllb6NPN2FyeFmj0z%2FNmTcpn8h3g24BKQxXgqfPLHhY6Qc26OsKSS9a1ALeznjqp"}],"group":"cf-nel","max_age":604800}
22:00:45.346 [main] DEBUG org.apache.http.headers - << NEL: {"success_fraction":0,"report_to":"cf-nel","max_age":604800}
22:00:45.346 [main] DEBUG org.apache.http.headers - << Server: cloudflare
22:00:45.346 [main] DEBUG org.apache.http.headers - << CF-RAY: 7b850f521fec40da-SIN
22:00:45.346 [main] DEBUG org.apache.http.headers - << Content-Encoding: gzip
22:00:45.346 [main] DEBUG org.apache.http.headers - << alt-svc: h3=":443"; ma=86400, h3-29=":443"; ma=86400
22:00:45.347 [main] DEBUG org.apache.http.impl.client.DefaultHttpClient - Connection can be kept alive indefinitely
22:00:45.347 [main] DEBUG io.restassured.internal.RestAssuredHttpBuilder - Parsing response as: text/html; charset=utf-8
22:00:45.347 [main] DEBUG org.apache.http.wire -  << "8d[\r][\n]"
22:00:45.347 [main] DEBUG org.apache.http.wire -  << "[0x1f][0x8b][0x8][0x0][0x0][0x0][0x0][0x0][0x0][0x3],[0x8d][0xb1][0xe][0xc2]0[0xc]DwE[0xc8][0x8e][0xbc]2[0xb8]^J[0xe7]V[0xa2][0xb][0xa3][0xa1][0x86]"[0xa5][0x9]r[0xdd][0x81][0xbf]G[0x81]N[0xa7]{w[0xa7][0xa3][0xc3][0xb9]o[0xc7][0xeb][0xd0][0x85][0xd9][0x97][0xc4]@UB[0x92][0xfc]l[0xa2][0xe6]X[0x81][0xca][0xc4]@[0x8b][0xba][0x84][0xfb],[0xb6][0xaa]7q[0xf3][0xc7][0xf1]TSyR[0xee][0xcc][0x8a][0x11][0xfe][\r][0x10][0xee][0x9b][[0x99]>[0xc][0xf4]6[0xe5]Vr.[0x1e][0x86][0xfe]2[0x6][0xdc]V5[0xc2][0x8a][0x81]p/[0xe1][0xef][0xff][0xb][0x0][0x0][0xff][0xff][0xe3][0x2][0x0]E[0xf5][0x91]\[0x90][0x0][0x0][0x0]"
22:00:45.347 [main] DEBUG org.apache.http.wire -  << "[\r][\n]"
22:00:45.347 [main] DEBUG org.apache.http.wire -  << "0[\r][\n]"
22:00:45.347 [main] DEBUG org.apache.http.wire -  << "[\r][\n]"
22:00:45.348 [main] DEBUG io.restassured.internal.RestAssuredHttpBuilder - Parsed data to instance of: class org.apache.http.conn.EofSensorInputStream
22:00:45.349 [main] DEBUG org.apache.http.impl.conn.BasicClientConnectionManager - Releasing connection org.apache.http.impl.conn.ManagedClientConnectionImpl@4e739968
22:00:45.349 [main] DEBUG org.apache.http.impl.conn.BasicClientConnectionManager - Connection can be kept alive indefinitely
22:00:45.350 [main] DEBUG net.thucydides.core.steps.StepInterceptor - STEP DONE: I POST HTTP request with an invalid data
  &amp#27;[32mWhen &amp#27;[0m&amp#27;[32mI POST HTTP request with an invalid data&amp#27;[0m          &amp#27;[90m# starter.stepdefinition.UserSteps.postHTTPRequestInvalidData()&amp#27;[0m
22:00:45.353 [main] DEBUG net.thucydides.core.steps.StepInterceptor - STARTING STEP: UserSteps.failedReceiveData - I failed to receive data
22:00:45.355 [main] DEBUG net.thucydides.core.steps.StepInterceptor - STEP DONE: I failed to receive data
  &amp#27;[32mAnd &amp#27;[0m&amp#27;[32mI failed to receive data&amp#27;[0m                           &amp#27;[90m# starter.stepdefinition.UserSteps.failedReceiveData()&amp#27;[0m
22:00:45.358 [main] DEBUG net.thucydides.core.steps.StepInterceptor - STARTING STEP: UserSteps.receiveInvalidPOSTResponseCode400 - I receive valid POST response code 400
22:00:45.359 [main] DEBUG net.thucydides.core.steps.StepInterceptor - STEP DONE: I receive valid POST response code 400
  &amp#27;[32mThen &amp#27;[0m&amp#27;[32mI receive invalid POST response code 400&amp#27;[0m          &amp#27;[90m# starter.stepdefinition.UserSteps.receiveInvalidPOSTResponseCode400()&amp#27;[0m
22:00:45.361 [main] INFO  - 
  _____   ___   ___   _____     ___     _     ___   ___   ___   ___  
 |_   _| | __| / __| |_   _|   | _ \   /_\   / __| / __| | __| |   \ 
   | |   | _|  \__ \   | |     |  _/  / _ \  \__ \ \__ \ | _|  | |) |
   |_|   |___| |___/   |_|     |_|   /_/ \_\ |___/ |___/ |___| |___/ 

USER - USER POST new product with invalid data
----------------------------------------------------------------------
]]></system-out>
  </testcase>
  <testcase name="USER - USER PUT existing user" classname="User #2" time="1.029">
    <system-out><![CDATA[
Scenario: USER - USER PUT existing user      &amp#27;[90m# src/test/resources/api/user.feature:59&amp#27;[0m
22:00:45.382 [main] INFO io.cucumber.core.plugin.SerenityReporter - Running feature from file:///C:/Users/User/IdeaProjects/CodeCompetence2/src/test/resources/api/user.feature
22:00:45.382 [main] WARN io.cucumber.core.plugin.SerenityReporter - Feature from file:///C:/Users/User/IdeaProjects/CodeCompetence2/src/test/resources/api/user.feature is not under the 'features' directory. Requirements report will not be correctly generated!
22:00:45.384 [main] INFO  - 
  _____   ___   ___   _____     ___   _____     _     ___   _____   ___   ___  
 |_   _| | __| / __| |_   _|   / __| |_   _|   /_\   | _ \ |_   _| | __| |   \ 
   | |   | _|  \__ \   | |     \__ \   | |    / _ \  |   /   | |   | _|  | |) |
   |_|   |___| |___/   |_|     |___/   |_|   /_/ \_\ |_|_\   |_|   |___| |___/ 

USER - USER PUT existing user(user;user---user-put-existing-user)
--------------------------------------------------------------------------------
22:00:45.399 [main] DEBUG net.thucydides.core.steps.StepInterceptor - STARTING STEP: UserSteps.setPutUserEndpoint - I PUT API user endpoints
22:00:45.399 [main] DEBUG net.thucydides.core.steps.StepInterceptor - STEP DONE: I PUT API user endpoints
  &amp#27;[32mGiven &amp#27;[0m&amp#27;[32mI PUT API user endpoints&amp#27;[0m             &amp#27;[90m# starter.stepdefinition.UserSteps.setPutUserEndpoint()&amp#27;[0m
22:00:45.404 [main] DEBUG net.thucydides.core.steps.StepInterceptor - STARTING STEP: UserSteps.putUserRequest - I PUT an HTTP request
22:00:45.414 [Finalizer] DEBUG org.apache.http.impl.conn.DefaultClientConnection - Connection 0.0.0.0:57098<->172.67.130.225:443 closed
22:00:45.415 [Finalizer] DEBUG org.apache.http.impl.conn.DefaultClientConnection - Connection 0.0.0.0:57099<->172.67.130.225:443 closed
22:00:45.416 [Finalizer] DEBUG org.apache.http.impl.conn.DefaultClientConnection - Connection 0.0.0.0:57100<->172.67.130.225:443 closed
22:00:45.416 [Finalizer] DEBUG org.apache.http.impl.conn.DefaultClientConnection - Connection 0.0.0.0:57095<->172.67.130.225:443 closed
22:00:45.416 [Finalizer] DEBUG org.apache.http.impl.conn.DefaultClientConnection - Connection 0.0.0.0:57096<->172.67.130.225:443 closed
22:00:45.417 [Finalizer] DEBUG org.apache.http.impl.conn.DefaultClientConnection - Connection 0.0.0.0:57097<->172.67.130.225:443 closed
22:00:45.515 [Finalizer] DEBUG org.apache.http.impl.conn.DefaultClientConnection - Connection 0.0.0.0:57058<->172.67.130.225:443 closed
22:00:45.516 [Finalizer] DEBUG org.apache.http.impl.conn.DefaultClientConnection - Connection 0.0.0.0:57053<->172.67.130.225:443 closed
22:00:45.900 [main] DEBUG net.thucydides.core.steps.StepInterceptor - STARTING STEP: User.putUserRequest - I PUT API user endpoints
22:00:45.900 [main] DEBUG net.thucydides.core.steps.StepInterceptor - STEP DONE: I PUT API user endpoints
22:00:45.914 [main] DEBUG org.apache.http.impl.conn.BasicClientConnectionManager - Get connection for route {s}->https://fakestoreapi.com:443
22:00:45.914 [main] DEBUG org.apache.http.impl.conn.DefaultClientConnectionOperator - Connecting to fakestoreapi.com:443
22:00:45.994 [main] DEBUG org.apache.http.client.protocol.RequestAddCookies - CookieSpec selected: ignoreCookies
22:00:45.994 [main] DEBUG org.apache.http.client.protocol.RequestAuthCache - Auth cache not set in the context
22:00:45.994 [main] DEBUG org.apache.http.client.protocol.RequestTargetAuthentication - Target auth state: UNCHALLENGED
22:00:45.994 [main] DEBUG org.apache.http.client.protocol.RequestProxyAuthentication - Proxy auth state: UNCHALLENGED
22:00:45.994 [main] DEBUG org.apache.http.impl.client.DefaultHttpClient - Attempt 1 to execute request
22:00:45.994 [main] DEBUG org.apache.http.impl.conn.DefaultClientConnection - Sending request: PUT /users/1 HTTP/1.1
22:00:45.994 [main] DEBUG org.apache.http.wire -  >> "PUT /users/1 HTTP/1.1[\r][\n]"
22:00:45.994 [main] DEBUG org.apache.http.wire -  >> "Accept: */*[\r][\n]"
22:00:45.994 [main] DEBUG org.apache.http.wire -  >> "Content-Type: application/json[\r][\n]"
22:00:45.994 [main] DEBUG org.apache.http.wire -  >> "Content-Length: 281[\r][\n]"
22:00:45.994 [main] DEBUG org.apache.http.wire -  >> "Host: fakestoreapi.com[\r][\n]"
22:00:45.994 [main] DEBUG org.apache.http.wire -  >> "Connection: Keep-Alive[\r][\n]"
22:00:45.994 [main] DEBUG org.apache.http.wire -  >> "User-Agent: Apache-HttpClient/4.5.13 (Java/19.0.2)[\r][\n]"
22:00:45.994 [main] DEBUG org.apache.http.wire -  >> "Accept-Encoding: gzip,deflate[\r][\n]"
22:00:45.994 [main] DEBUG org.apache.http.wire -  >> "[\r][\n]"
22:00:45.994 [main] DEBUG org.apache.http.headers - >> PUT /users/1 HTTP/1.1
22:00:45.995 [main] DEBUG org.apache.http.headers - >> Accept: */*
22:00:45.995 [main] DEBUG org.apache.http.headers - >> Content-Type: application/json
22:00:45.995 [main] DEBUG org.apache.http.headers - >> Content-Length: 281
22:00:45.995 [main] DEBUG org.apache.http.headers - >> Host: fakestoreapi.com
22:00:45.995 [main] DEBUG org.apache.http.headers - >> Connection: Keep-Alive
22:00:45.995 [main] DEBUG org.apache.http.headers - >> User-Agent: Apache-HttpClient/4.5.13 (Java/19.0.2)
22:00:45.995 [main] DEBUG org.apache.http.headers - >> Accept-Encoding: gzip,deflate
22:00:45.995 [main] DEBUG org.apache.http.wire -  >> "{"password":"m38rmF$","address":{"zipcode":"12926-3874","number":3,"city":"kilcoole","street":"7835 new road","geolocation":{"lat":"-37.3159","long":"81.1496"}},"phone":"1-570-236-7033","name":{"firstname":"John","lastname":"Doe"},"id":7,"email":"John@gmail.com","username":"john"}"
22:00:46.359 [main] DEBUG org.apache.http.wire -  << "HTTP/1.1 200 OK[\r][\n]"
22:00:46.359 [main] DEBUG org.apache.http.wire -  << "Date: Sat, 15 Apr 2023 15:00:46 GMT[\r][\n]"
22:00:46.359 [main] DEBUG org.apache.http.wire -  << "Content-Type: application/json; charset=utf-8[\r][\n]"
22:00:46.359 [main] DEBUG org.apache.http.wire -  << "Transfer-Encoding: chunked[\r][\n]"
22:00:46.359 [main] DEBUG org.apache.http.wire -  << "Connection: keep-alive[\r][\n]"
22:00:46.359 [main] DEBUG org.apache.http.wire -  << "Access-Control-Allow-Origin: *[\r][\n]"
22:00:46.359 [main] DEBUG org.apache.http.wire -  << "Etag: W/"119-zx7TjneBRNNgYhYzXViHtRbuZ6U"[\r][\n]"
22:00:46.359 [main] DEBUG org.apache.http.wire -  << "X-Powered-By: Express[\r][\n]"
22:00:46.359 [main] DEBUG org.apache.http.wire -  << "CF-Cache-Status: DYNAMIC[\r][\n]"
22:00:46.359 [main] DEBUG org.apache.http.wire -  << "Report-To: {"endpoints":[{"url":"https:\/\/a.nel.cloudflare.com\/report\/v3?s=sgetkZ7QvIZbGvSlBMiZqaA316XZH64DRqEfrP2m3Pp3m3DAuTbswzpb3tYRPnua9AbVZYJCxL4ijxmJkhMmYZOVxhTm2mpykpL97bPU1rG7YHsVhtyrCm43vyzvf5mIaj3j"}],"group":"cf-nel","max_age":604800}[\r][\n]"
22:00:46.359 [main] DEBUG org.apache.http.wire -  << "NEL: {"success_fraction":0,"report_to":"cf-nel","max_age":604800}[\r][\n]"
22:00:46.359 [main] DEBUG org.apache.http.wire -  << "Server: cloudflare[\r][\n]"
22:00:46.359 [main] DEBUG org.apache.http.wire -  << "CF-RAY: 7b850f5a8a2d6c9f-SIN[\r][\n]"
22:00:46.359 [main] DEBUG org.apache.http.wire -  << "Content-Encoding: gzip[\r][\n]"
22:00:46.359 [main] DEBUG org.apache.http.wire -  << "alt-svc: h3=":443"; ma=86400, h3-29=":443"; ma=86400[\r][\n]"
22:00:46.359 [main] DEBUG org.apache.http.wire -  << "[\r][\n]"
22:00:46.359 [main] DEBUG org.apache.http.impl.conn.DefaultClientConnection - Receiving response: HTTP/1.1 200 OK
22:00:46.359 [main] DEBUG org.apache.http.headers - << HTTP/1.1 200 OK
22:00:46.359 [main] DEBUG org.apache.http.headers - << Date: Sat, 15 Apr 2023 15:00:46 GMT
22:00:46.359 [main] DEBUG org.apache.http.headers - << Content-Type: application/json; charset=utf-8
22:00:46.359 [main] DEBUG org.apache.http.headers - << Transfer-Encoding: chunked
22:00:46.359 [main] DEBUG org.apache.http.headers - << Connection: keep-alive
22:00:46.359 [main] DEBUG org.apache.http.headers - << Access-Control-Allow-Origin: *
22:00:46.359 [main] DEBUG org.apache.http.headers - << Etag: W/"119-zx7TjneBRNNgYhYzXViHtRbuZ6U"
22:00:46.359 [main] DEBUG org.apache.http.headers - << X-Powered-By: Express
22:00:46.359 [main] DEBUG org.apache.http.headers - << CF-Cache-Status: DYNAMIC
22:00:46.359 [main] DEBUG org.apache.http.headers - << Report-To: {"endpoints":[{"url":"https:\/\/a.nel.cloudflare.com\/report\/v3?s=sgetkZ7QvIZbGvSlBMiZqaA316XZH64DRqEfrP2m3Pp3m3DAuTbswzpb3tYRPnua9AbVZYJCxL4ijxmJkhMmYZOVxhTm2mpykpL97bPU1rG7YHsVhtyrCm43vyzvf5mIaj3j"}],"group":"cf-nel","max_age":604800}
22:00:46.359 [main] DEBUG org.apache.http.headers - << NEL: {"success_fraction":0,"report_to":"cf-nel","max_age":604800}
22:00:46.359 [main] DEBUG org.apache.http.headers - << Server: cloudflare
22:00:46.359 [main] DEBUG org.apache.http.headers - << CF-RAY: 7b850f5a8a2d6c9f-SIN
22:00:46.359 [main] DEBUG org.apache.http.headers - << Content-Encoding: gzip
22:00:46.359 [main] DEBUG org.apache.http.headers - << alt-svc: h3=":443"; ma=86400, h3-29=":443"; ma=86400
22:00:46.359 [main] DEBUG org.apache.http.impl.client.DefaultHttpClient - Connection can be kept alive indefinitely
22:00:46.360 [main] DEBUG io.restassured.internal.RestAssuredHttpBuilder - Parsing response as: application/json; charset=utf-8
22:00:46.360 [main] DEBUG org.apache.http.wire -  << "e2[\r][\n]"
22:00:46.360 [main] DEBUG org.apache.http.wire -  << "[0x1f][0x8b][0x8][0x0][0x0][0x0][0x0][0x0][0x0][0x3]<[0x8e][0xc1]N[0xc3]0[0x18][0x83]_e[0xb2]8&[0xd5][0xda][0xac]M[0x9b][0x13][0x7][0xc4][0x81][0xb7][0x8][0xcd]O[0x17][0x96][0xe4][0xaf][0x92]N[0x13]L}w[0x14][0x98]8[0xda][0xb2]?[0xfb][0x8e][0xd5][0x96]r[0xe3][0xec]`[0x10][0xd5][0x98][0xe3][0xeb][0x13][0x4][0xac]s[0x99]J[0x81][0xb9][0xe3][0xdb][0xaf]3;[0x82]A[0xdb]M[0xdd] [0xd5][0xa8]O[0x10]H[0xd7][0xf8]N[0x19]F[0x9][0xcc]~[0xfb][0x82][0xc1][0xc5][0x87][0x99]9[0x10][0x4][0xca][0x96][0x89]6[0x18][0xe8]Q[0xf5][0x87]D[0xb7]Cf[0xeb] [0xb0][0x10][0x7][0x9e][0xed][0xe6]9Uv[0xb0]5$[0x95]nT[0xdb]O[0x10][0x8][0x9c][0x16][0x18][0x8c]m[0xd3][0x9e][0xa6][0x1][0xfb].[0xb0][0x9e]9[0xfd][0xae][0xcb]^[0x1f]e[0xa7][0x6][0xa9][0x8f]J[0xd5][0x7]6R[0x85]|[0xf8]\[0xb6]?[0x81]7>[0xa7][0x8a][0xb1][0xff][0xce][0xb][0x13]v[0x1][0xef]`[0xb4][0x0]E[0xeb][0xc3]#[0xf7][0xbc]T[0xd1][0xcc][0x1c]!p-[0x94][0x1f][0x8d][0xcf][0xca][0xd8][0x0][0x0][0x0][0xff][0xff][0x3][0x0]] N)[0x19][0x1][0x0][0x0]"
22:00:46.360 [main] DEBUG org.apache.http.wire -  << "[\r][\n]"
22:00:46.360 [main] DEBUG org.apache.http.wire -  << "0[\r][\n]"
22:00:46.360 [main] DEBUG org.apache.http.wire -  << "[\r][\n]"
22:00:46.360 [main] DEBUG io.restassured.internal.RestAssuredHttpBuilder - Parsed data to instance of: class org.apache.http.conn.EofSensorInputStream
22:00:46.361 [main] DEBUG org.apache.http.impl.conn.BasicClientConnectionManager - Releasing connection org.apache.http.impl.conn.ManagedClientConnectionImpl@71c264e5
22:00:46.361 [main] DEBUG org.apache.http.impl.conn.BasicClientConnectionManager - Connection can be kept alive indefinitely
22:00:46.362 [main] DEBUG net.thucydides.core.steps.StepInterceptor - STEP DONE: I PUT an HTTP request
  &amp#27;[32mWhen &amp#27;[0m&amp#27;[32mI PUT an HTTP request&amp#27;[0m                 &amp#27;[90m# starter.stepdefinition.UserSteps.putUserRequest()&amp#27;[0m
22:00:46.367 [main] DEBUG net.thucydides.core.steps.StepInterceptor - STARTING STEP: UserSteps.validResponsePutUser - I receive valid data for updated user
22:00:46.384 [main] DEBUG net.thucydides.core.steps.StepInterceptor - STEP DONE: I receive valid data for updated user
  &amp#27;[32mAnd &amp#27;[0m&amp#27;[32mI receive valid data for updated user&amp#27;[0m  &amp#27;[90m# starter.stepdefinition.UserSteps.validResponsePutUser()&amp#27;[0m
22:00:46.388 [main] DEBUG net.thucydides.core.steps.StepInterceptor - STARTING STEP: UserSteps.responsePutUser200 - I receive valid HTTP response code 200
22:00:46.389 [main] DEBUG net.thucydides.core.steps.StepInterceptor - STEP DONE: I receive valid HTTP response code 200
  &amp#27;[32mThen &amp#27;[0m&amp#27;[32mI receive valid PUT response code 200&amp#27;[0m &amp#27;[90m# starter.stepdefinition.UserSteps.responsePutUser200()&amp#27;[0m
22:00:46.391 [main] INFO  - 
  _____   ___   ___   _____     ___     _     ___   ___   ___   ___  
 |_   _| | __| / __| |_   _|   | _ \   /_\   / __| / __| | __| |   \ 
   | |   | _|  \__ \   | |     |  _/  / _ \  \__ \ \__ \ | _|  | |) |
   |_|   |___| |___/   |_|     |_|   /_/ \_\ |___/ |___/ |___| |___/ 

USER - USER PUT existing user
----------------------------------------------------------------------
]]></system-out>
  </testcase>
  <testcase name="USER - PUT existing user with invalid endpoints" classname="User #2" time="0.517">
    <system-out><![CDATA[
Scenario: USER - PUT existing user with invalid endpoints &amp#27;[90m# src/test/resources/api/user.feature:65&amp#27;[0m
22:00:46.407 [main] INFO io.cucumber.core.plugin.SerenityReporter - Running feature from file:///C:/Users/User/IdeaProjects/CodeCompetence2/src/test/resources/api/user.feature
22:00:46.407 [main] WARN io.cucumber.core.plugin.SerenityReporter - Feature from file:///C:/Users/User/IdeaProjects/CodeCompetence2/src/test/resources/api/user.feature is not under the 'features' directory. Requirements report will not be correctly generated!
22:00:46.410 [main] INFO  - 
  _____   ___   ___   _____     ___   _____     _     ___   _____   ___   ___  
 |_   _| | __| / __| |_   _|   / __| |_   _|   /_\   | _ \ |_   _| | __| |   \ 
   | |   | _|  \__ \   | |     \__ \   | |    / _ \  |   /   | |   | _|  | |) |
   |_|   |___| |___/   |_|     |___/   |_|   /_/ \_\ |_|_\   |_|   |___| |___/ 

USER - PUT existing user with invalid endpoints(user;user---put-existing-user-with-invalid-endpoints)
--------------------------------------------------------------------------------
22:00:46.421 [main] DEBUG net.thucydides.core.steps.StepInterceptor - STARTING STEP: UserSteps.putUserInvalidEndpoint - I PUT API user with invalid endpoints
22:00:46.422 [main] DEBUG net.thucydides.core.steps.StepInterceptor - STEP DONE: I PUT API user with invalid endpoints
  &amp#27;[32mGiven &amp#27;[0m&amp#27;[32mI PUT API user with invalid endpoints&amp#27;[0m             &amp#27;[90m# starter.stepdefinition.UserSteps.putUserInvalidEndpoint()&amp#27;[0m
22:00:46.425 [main] DEBUG net.thucydides.core.steps.StepInterceptor - STARTING STEP: UserSteps.putUserInvalidRequest - I PUT an HTTP request with invalid endpoints
22:00:46.429 [main] DEBUG net.thucydides.core.steps.StepInterceptor - STARTING STEP: User.putUserInvalidRequest - I PUT API user with invalid endpoints
22:00:46.429 [main] DEBUG net.thucydides.core.steps.StepInterceptor - STEP DONE: I PUT API user with invalid endpoints
22:00:46.438 [main] DEBUG org.apache.http.impl.conn.BasicClientConnectionManager - Get connection for route {s}->https://fakestoreapi.com:443
22:00:46.438 [main] DEBUG org.apache.http.impl.conn.DefaultClientConnectionOperator - Connecting to fakestoreapi.com:443
22:00:46.515 [main] DEBUG org.apache.http.client.protocol.RequestAddCookies - CookieSpec selected: ignoreCookies
22:00:46.515 [main] DEBUG org.apache.http.client.protocol.RequestAuthCache - Auth cache not set in the context
22:00:46.515 [main] DEBUG org.apache.http.client.protocol.RequestTargetAuthentication - Target auth state: UNCHALLENGED
22:00:46.515 [main] DEBUG org.apache.http.client.protocol.RequestProxyAuthentication - Proxy auth state: UNCHALLENGED
22:00:46.515 [main] DEBUG org.apache.http.impl.client.DefaultHttpClient - Attempt 1 to execute request
22:00:46.515 [main] DEBUG org.apache.http.impl.conn.DefaultClientConnection - Sending request: PUT /user/1 HTTP/1.1
22:00:46.515 [main] DEBUG org.apache.http.wire -  >> "PUT /user/1 HTTP/1.1[\r][\n]"
22:00:46.515 [main] DEBUG org.apache.http.wire -  >> "Accept: */*[\r][\n]"
22:00:46.515 [main] DEBUG org.apache.http.wire -  >> "Content-Type: application/json[\r][\n]"
22:00:46.515 [main] DEBUG org.apache.http.wire -  >> "Content-Length: 281[\r][\n]"
22:00:46.515 [main] DEBUG org.apache.http.wire -  >> "Host: fakestoreapi.com[\r][\n]"
22:00:46.515 [main] DEBUG org.apache.http.wire -  >> "Connection: Keep-Alive[\r][\n]"
22:00:46.515 [main] DEBUG org.apache.http.wire -  >> "User-Agent: Apache-HttpClient/4.5.13 (Java/19.0.2)[\r][\n]"
22:00:46.515 [main] DEBUG org.apache.http.wire -  >> "Accept-Encoding: gzip,deflate[\r][\n]"
22:00:46.515 [main] DEBUG org.apache.http.wire -  >> "[\r][\n]"
22:00:46.515 [main] DEBUG org.apache.http.headers - >> PUT /user/1 HTTP/1.1
22:00:46.515 [main] DEBUG org.apache.http.headers - >> Accept: */*
22:00:46.515 [main] DEBUG org.apache.http.headers - >> Content-Type: application/json
22:00:46.515 [main] DEBUG org.apache.http.headers - >> Content-Length: 281
22:00:46.515 [main] DEBUG org.apache.http.headers - >> Host: fakestoreapi.com
22:00:46.515 [main] DEBUG org.apache.http.headers - >> Connection: Keep-Alive
22:00:46.515 [main] DEBUG org.apache.http.headers - >> User-Agent: Apache-HttpClient/4.5.13 (Java/19.0.2)
22:00:46.515 [main] DEBUG org.apache.http.headers - >> Accept-Encoding: gzip,deflate
22:00:46.515 [main] DEBUG org.apache.http.wire -  >> "{"password":"m38rmF$","address":{"zipcode":"12926-3874","number":3,"city":"kilcoole","street":"7835 new road","geolocation":{"lat":"-37.3159","long":"81.1496"}},"phone":"1-570-236-7033","name":{"firstname":"John","lastname":"Doe"},"id":7,"email":"John@gmail.com","username":"john"}"
22:00:46.895 [main] DEBUG org.apache.http.wire -  << "HTTP/1.1 404 Not Found[\r][\n]"
22:00:46.895 [main] DEBUG org.apache.http.wire -  << "Date: Sat, 15 Apr 2023 15:00:46 GMT[\r][\n]"
22:00:46.895 [main] DEBUG org.apache.http.wire -  << "Content-Type: text/html; charset=utf-8[\r][\n]"
22:00:46.895 [main] DEBUG org.apache.http.wire -  << "Transfer-Encoding: chunked[\r][\n]"
22:00:46.895 [main] DEBUG org.apache.http.wire -  << "Connection: keep-alive[\r][\n]"
22:00:46.895 [main] DEBUG org.apache.http.wire -  << "Access-Control-Allow-Origin: *[\r][\n]"
22:00:46.895 [main] DEBUG org.apache.http.wire -  << "Content-Security-Policy: default-src 'none'[\r][\n]"
22:00:46.895 [main] DEBUG org.apache.http.wire -  << "X-Content-Type-Options: nosniff[\r][\n]"
22:00:46.895 [main] DEBUG org.apache.http.wire -  << "X-Powered-By: Express[\r][\n]"
22:00:46.895 [main] DEBUG org.apache.http.wire -  << "CF-Cache-Status: DYNAMIC[\r][\n]"
22:00:46.895 [main] DEBUG org.apache.http.wire -  << "Report-To: {"endpoints":[{"url":"https:\/\/a.nel.cloudflare.com\/report\/v3?s=KIlfXoBlPZOWlY3zN5IAft1V%2BaX%2Bctn%2FwFJch4ZAot331yrrK1bUs1bOO1L%2F62SDPPGxLFFKI2CAykzm1XycQz5eT%2FIBgHGgeZ2argJQcmkIyNjbB3UAdbZ3GihUSXn7Jtfk"}],"group":"cf-nel","max_age":604800}[\r][\n]"
22:00:46.895 [main] DEBUG org.apache.http.wire -  << "NEL: {"success_fraction":0,"report_to":"cf-nel","max_age":604800}[\r][\n]"
22:00:46.895 [main] DEBUG org.apache.http.wire -  << "Server: cloudflare[\r][\n]"
22:00:46.895 [main] DEBUG org.apache.http.wire -  << "CF-RAY: 7b850f5dcf3c87ed-SIN[\r][\n]"
22:00:46.895 [main] DEBUG org.apache.http.wire -  << "Content-Encoding: gzip[\r][\n]"
22:00:46.895 [main] DEBUG org.apache.http.wire -  << "alt-svc: h3=":443"; ma=86400, h3-29=":443"; ma=86400[\r][\n]"
22:00:46.895 [main] DEBUG org.apache.http.wire -  << "[\r][\n]"
22:00:46.895 [main] DEBUG org.apache.http.impl.conn.DefaultClientConnection - Receiving response: HTTP/1.1 404 Not Found
22:00:46.895 [main] DEBUG org.apache.http.headers - << HTTP/1.1 404 Not Found
22:00:46.896 [main] DEBUG org.apache.http.headers - << Date: Sat, 15 Apr 2023 15:00:46 GMT
22:00:46.896 [main] DEBUG org.apache.http.headers - << Content-Type: text/html; charset=utf-8
22:00:46.896 [main] DEBUG org.apache.http.headers - << Transfer-Encoding: chunked
22:00:46.896 [main] DEBUG org.apache.http.headers - << Connection: keep-alive
22:00:46.896 [main] DEBUG org.apache.http.headers - << Access-Control-Allow-Origin: *
22:00:46.896 [main] DEBUG org.apache.http.headers - << Content-Security-Policy: default-src 'none'
22:00:46.896 [main] DEBUG org.apache.http.headers - << X-Content-Type-Options: nosniff
22:00:46.896 [main] DEBUG org.apache.http.headers - << X-Powered-By: Express
22:00:46.896 [main] DEBUG org.apache.http.headers - << CF-Cache-Status: DYNAMIC
22:00:46.896 [main] DEBUG org.apache.http.headers - << Report-To: {"endpoints":[{"url":"https:\/\/a.nel.cloudflare.com\/report\/v3?s=KIlfXoBlPZOWlY3zN5IAft1V%2BaX%2Bctn%2FwFJch4ZAot331yrrK1bUs1bOO1L%2F62SDPPGxLFFKI2CAykzm1XycQz5eT%2FIBgHGgeZ2argJQcmkIyNjbB3UAdbZ3GihUSXn7Jtfk"}],"group":"cf-nel","max_age":604800}
22:00:46.896 [main] DEBUG org.apache.http.headers - << NEL: {"success_fraction":0,"report_to":"cf-nel","max_age":604800}
22:00:46.896 [main] DEBUG org.apache.http.headers - << Server: cloudflare
22:00:46.896 [main] DEBUG org.apache.http.headers - << CF-RAY: 7b850f5dcf3c87ed-SIN
22:00:46.896 [main] DEBUG org.apache.http.headers - << Content-Encoding: gzip
22:00:46.896 [main] DEBUG org.apache.http.headers - << alt-svc: h3=":443"; ma=86400, h3-29=":443"; ma=86400
22:00:46.896 [main] DEBUG org.apache.http.impl.client.DefaultHttpClient - Connection can be kept alive indefinitely
22:00:46.896 [main] DEBUG io.restassured.internal.RestAssuredHttpBuilder - Parsing response as: text/html; charset=utf-8
22:00:46.896 [main] DEBUG org.apache.http.wire -  << "8f[\r][\n]"
22:00:46.896 [main] DEBUG org.apache.http.wire -  << "[0x1f][0x8b][0x8][0x0][0x0][0x0][0x0][0x0][0x0][0x3],[0x8e][0xb1][0xe][0xc2]0[0xc]Dw[0x85][0xc9][0x8e],6[0x6][0xd7]K[0xe9]L[0x87]20[0x6]j(R[0x9a] [0xd7][0x1d][0xf8]{[0x14][0xe8]t[0xba]ww[0xd2][0xf1][0xee]tn[0x87]k[0xdf][0xe1][0xe4]s[0x12][0xe0]*[0x98]b~6As[0xa8]@[0xe3]([0xc0][0xb3]z[0xc4][0xfb][0x14]mQo[0xc2][0xea][0x8f][0xfd][0xb1][0xa6][0xfe][0xf2][0xa4][0xd2][0x99][0x15]c[0xfa][0x1b]`[0xda]6[0xb7]2~[0x4][0xf8]m*m[0xcc][0xb9]8[0xf6][0x97][0x1]i][0xd4][0xe8][0xc0]T90m-[0xfa][0x1d][0xf8][0x2][0x0][0x0][0xff][0xff][0xe3][0x2][0x0]4[0xb2][0x9]c[0x91][0x0][0x0][0x0]"
22:00:46.896 [main] DEBUG org.apache.http.wire -  << "[\r][\n]"
22:00:46.896 [main] DEBUG org.apache.http.wire -  << "0[\r][\n]"
22:00:46.896 [main] DEBUG org.apache.http.wire -  << "[\r][\n]"
22:00:46.896 [main] DEBUG io.restassured.internal.RestAssuredHttpBuilder - Parsed data to instance of: class org.apache.http.conn.EofSensorInputStream
22:00:46.897 [main] DEBUG org.apache.http.impl.conn.BasicClientConnectionManager - Releasing connection org.apache.http.impl.conn.ManagedClientConnectionImpl@2a58d00a
22:00:46.897 [main] DEBUG org.apache.http.impl.conn.BasicClientConnectionManager - Connection can be kept alive indefinitely
22:00:46.898 [main] DEBUG net.thucydides.core.steps.StepInterceptor - STEP DONE: I PUT an HTTP request with invalid endpoints
  &amp#27;[32mWhen &amp#27;[0m&amp#27;[32mI PUT an HTTP request with invalid endpoints&amp#27;[0m       &amp#27;[90m# starter.stepdefinition.UserSteps.putUserInvalidRequest()&amp#27;[0m
22:00:46.901 [main] DEBUG net.thucydides.core.steps.StepInterceptor - STARTING STEP: UserSteps.receiveInvalidDataUpdatedUser - I receive invalid data for updated user
22:00:46.902 [main] DEBUG net.thucydides.core.steps.StepInterceptor - STEP DONE: I receive invalid data for updated user
  &amp#27;[32mAnd &amp#27;[0m&amp#27;[32mI receive invalid data for updated user&amp#27;[0m             &amp#27;[90m# starter.stepdefinition.UserSteps.receiveInvalidDataUpdatedUser()&amp#27;[0m
22:00:46.906 [main] DEBUG net.thucydides.core.steps.StepInterceptor - STARTING STEP: UserSteps.receivePUTInvalidResponseCode404 - I receive invalid PUT response code 404
22:00:46.906 [main] DEBUG net.thucydides.core.steps.StepInterceptor - STEP DONE: I receive invalid PUT response code 404
  &amp#27;[32mThen &amp#27;[0m&amp#27;[32mI receive invalid PUT response code 404&amp#27;[0m            &amp#27;[90m# starter.stepdefinition.UserSteps.receivePUTInvalidResponseCode404()&amp#27;[0m
22:00:46.909 [main] INFO  - 
  _____   ___   ___   _____     ___     _     ___   ___   ___   ___  
 |_   _| | __| / __| |_   _|   | _ \   /_\   / __| / __| | __| |   \ 
   | |   | _|  \__ \   | |     |  _/  / _ \  \__ \ \__ \ | _|  | |) |
   |_|   |___| |___/   |_|     |_|   /_/ \_\ |___/ |___/ |___| |___/ 

USER - PUT existing user with invalid endpoints
----------------------------------------------------------------------
]]></system-out>
  </testcase>
  <testcase name="USER - DELETE existing user with valid id" classname="User #2" time="0.973">
    <system-out><![CDATA[
Scenario: USER - DELETE existing user with valid id &amp#27;[90m# src/test/resources/api/user.feature:71&amp#27;[0m
22:00:46.924 [main] INFO io.cucumber.core.plugin.SerenityReporter - Running feature from file:///C:/Users/User/IdeaProjects/CodeCompetence2/src/test/resources/api/user.feature
22:00:46.924 [main] WARN io.cucumber.core.plugin.SerenityReporter - Feature from file:///C:/Users/User/IdeaProjects/CodeCompetence2/src/test/resources/api/user.feature is not under the 'features' directory. Requirements report will not be correctly generated!
22:00:46.927 [main] INFO  - 
  _____   ___   ___   _____     ___   _____     _     ___   _____   ___   ___  
 |_   _| | __| / __| |_   _|   / __| |_   _|   /_\   | _ \ |_   _| | __| |   \ 
   | |   | _|  \__ \   | |     \__ \   | |    / _ \  |   /   | |   | _|  | |) |
   |_|   |___| |___/   |_|     |___/   |_|   /_/ \_\ |_|_\   |_|   |___| |___/ 

USER - DELETE existing user with valid id(user;user---delete-existing-user-with-valid-id)
--------------------------------------------------------------------------------
22:00:46.942 [main] DEBUG net.thucydides.core.steps.StepInterceptor - STARTING STEP: UserSteps.setDeleteUserEndpoint - I GET API user endpoints
22:00:46.942 [main] DEBUG net.thucydides.core.steps.StepInterceptor - STEP DONE: I GET API user endpoints
  &amp#27;[32mGiven &amp#27;[0m&amp#27;[32mI DELETE API user endpoints&amp#27;[0m                 &amp#27;[90m# starter.stepdefinition.UserSteps.setDeleteUserEndpoint()&amp#27;[0m
22:00:46.946 [main] DEBUG net.thucydides.core.steps.StepInterceptor - STARTING STEP: UserSteps.deleteUserWithNewId - I GET HTTP request user data
22:00:46.947 [main] DEBUG net.thucydides.core.steps.StepInterceptor - STARTING STEP: User.deleteUserRequest - I GET API user endpoints
22:00:46.947 [main] DEBUG net.thucydides.core.steps.StepInterceptor - STEP DONE: I GET API user endpoints
22:00:46.954 [main] DEBUG org.apache.http.impl.conn.BasicClientConnectionManager - Get connection for route {s}->https://fakestoreapi.com:443
22:00:46.954 [main] DEBUG org.apache.http.impl.conn.DefaultClientConnectionOperator - Connecting to fakestoreapi.com:443
22:00:47.046 [main] DEBUG org.apache.http.client.protocol.RequestAddCookies - CookieSpec selected: ignoreCookies
22:00:47.046 [main] DEBUG org.apache.http.client.protocol.RequestAuthCache - Auth cache not set in the context
22:00:47.046 [main] DEBUG org.apache.http.client.protocol.RequestTargetAuthentication - Target auth state: UNCHALLENGED
22:00:47.047 [main] DEBUG org.apache.http.client.protocol.RequestProxyAuthentication - Proxy auth state: UNCHALLENGED
22:00:47.047 [main] DEBUG org.apache.http.impl.client.DefaultHttpClient - Attempt 1 to execute request
22:00:47.047 [main] DEBUG org.apache.http.impl.conn.DefaultClientConnection - Sending request: DELETE /users/6 HTTP/1.1
22:00:47.047 [main] DEBUG org.apache.http.wire -  >> "DELETE /users/6 HTTP/1.1[\r][\n]"
22:00:47.047 [main] DEBUG org.apache.http.wire -  >> "Accept: */*[\r][\n]"
22:00:47.047 [main] DEBUG org.apache.http.wire -  >> "Host: fakestoreapi.com[\r][\n]"
22:00:47.047 [main] DEBUG org.apache.http.wire -  >> "Connection: Keep-Alive[\r][\n]"
22:00:47.047 [main] DEBUG org.apache.http.wire -  >> "User-Agent: Apache-HttpClient/4.5.13 (Java/19.0.2)[\r][\n]"
22:00:47.047 [main] DEBUG org.apache.http.wire -  >> "Accept-Encoding: gzip,deflate[\r][\n]"
22:00:47.047 [main] DEBUG org.apache.http.wire -  >> "[\r][\n]"
22:00:47.047 [main] DEBUG org.apache.http.headers - >> DELETE /users/6 HTTP/1.1
22:00:47.047 [main] DEBUG org.apache.http.headers - >> Accept: */*
22:00:47.047 [main] DEBUG org.apache.http.headers - >> Host: fakestoreapi.com
22:00:47.047 [main] DEBUG org.apache.http.headers - >> Connection: Keep-Alive
22:00:47.047 [main] DEBUG org.apache.http.headers - >> User-Agent: Apache-HttpClient/4.5.13 (Java/19.0.2)
22:00:47.047 [main] DEBUG org.apache.http.headers - >> Accept-Encoding: gzip,deflate
22:00:47.875 [main] DEBUG org.apache.http.wire -  << "HTTP/1.1 200 OK[\r][\n]"
22:00:47.875 [main] DEBUG org.apache.http.wire -  << "Date: Sat, 15 Apr 2023 15:00:47 GMT[\r][\n]"
22:00:47.875 [main] DEBUG org.apache.http.wire -  << "Content-Type: application/json; charset=utf-8[\r][\n]"
22:00:47.875 [main] DEBUG org.apache.http.wire -  << "Transfer-Encoding: chunked[\r][\n]"
22:00:47.875 [main] DEBUG org.apache.http.wire -  << "Connection: keep-alive[\r][\n]"
22:00:47.875 [main] DEBUG org.apache.http.wire -  << "Access-Control-Allow-Origin: *[\r][\n]"
22:00:47.875 [main] DEBUG org.apache.http.wire -  << "Etag: W/"12c-qh6raI/EWS3a5DDlu8tTdvjmcN0"[\r][\n]"
22:00:47.875 [main] DEBUG org.apache.http.wire -  << "X-Powered-By: Express[\r][\n]"
22:00:47.875 [main] DEBUG org.apache.http.wire -  << "CF-Cache-Status: DYNAMIC[\r][\n]"
22:00:47.875 [main] DEBUG org.apache.http.wire -  << "Report-To: {"endpoints":[{"url":"https:\/\/a.nel.cloudflare.com\/report\/v3?s=vhDPHiR1OIDo%2ByPOUsyu1oP%2FJP3QF6ERoaXgWFZPpmnixPM0pimq2OQCRXZ24c%2BogKJ9UGeEOSSUQNOAuTUyVbsi%2FS%2Febjh2CWdK%2BScIXlR4oardpz4Zy96usqVZjDxTfSes"}],"group":"cf-nel","max_age":604800}[\r][\n]"
22:00:47.875 [main] DEBUG org.apache.http.wire -  << "NEL: {"success_fraction":0,"report_to":"cf-nel","max_age":604800}[\r][\n]"
22:00:47.875 [main] DEBUG org.apache.http.wire -  << "Server: cloudflare[\r][\n]"
22:00:47.875 [main] DEBUG org.apache.http.wire -  << "CF-RAY: 7b850f611fd4899b-SIN[\r][\n]"
22:00:47.875 [main] DEBUG org.apache.http.wire -  << "Content-Encoding: gzip[\r][\n]"
22:00:47.875 [main] DEBUG org.apache.http.wire -  << "alt-svc: h3=":443"; ma=86400, h3-29=":443"; ma=86400[\r][\n]"
22:00:47.875 [main] DEBUG org.apache.http.wire -  << "[\r][\n]"
22:00:47.875 [main] DEBUG org.apache.http.impl.conn.DefaultClientConnection - Receiving response: HTTP/1.1 200 OK
22:00:47.875 [main] DEBUG org.apache.http.headers - << HTTP/1.1 200 OK
22:00:47.875 [main] DEBUG org.apache.http.headers - << Date: Sat, 15 Apr 2023 15:00:47 GMT
22:00:47.875 [main] DEBUG org.apache.http.headers - << Content-Type: application/json; charset=utf-8
22:00:47.875 [main] DEBUG org.apache.http.headers - << Transfer-Encoding: chunked
22:00:47.875 [main] DEBUG org.apache.http.headers - << Connection: keep-alive
22:00:47.875 [main] DEBUG org.apache.http.headers - << Access-Control-Allow-Origin: *
22:00:47.875 [main] DEBUG org.apache.http.headers - << Etag: W/"12c-qh6raI/EWS3a5DDlu8tTdvjmcN0"
22:00:47.875 [main] DEBUG org.apache.http.headers - << X-Powered-By: Express
22:00:47.875 [main] DEBUG org.apache.http.headers - << CF-Cache-Status: DYNAMIC
22:00:47.875 [main] DEBUG org.apache.http.headers - << Report-To: {"endpoints":[{"url":"https:\/\/a.nel.cloudflare.com\/report\/v3?s=vhDPHiR1OIDo%2ByPOUsyu1oP%2FJP3QF6ERoaXgWFZPpmnixPM0pimq2OQCRXZ24c%2BogKJ9UGeEOSSUQNOAuTUyVbsi%2FS%2Febjh2CWdK%2BScIXlR4oardpz4Zy96usqVZjDxTfSes"}],"group":"cf-nel","max_age":604800}
22:00:47.875 [main] DEBUG org.apache.http.headers - << NEL: {"success_fraction":0,"report_to":"cf-nel","max_age":604800}
22:00:47.875 [main] DEBUG org.apache.http.headers - << Server: cloudflare
22:00:47.875 [main] DEBUG org.apache.http.headers - << CF-RAY: 7b850f611fd4899b-SIN
22:00:47.875 [main] DEBUG org.apache.http.headers - << Content-Encoding: gzip
22:00:47.875 [main] DEBUG org.apache.http.headers - << alt-svc: h3=":443"; ma=86400, h3-29=":443"; ma=86400
22:00:47.876 [main] DEBUG org.apache.http.impl.client.DefaultHttpClient - Connection can be kept alive indefinitely
22:00:47.876 [main] DEBUG io.restassured.internal.RestAssuredHttpBuilder - Parsing response as: application/json; charset=utf-8
22:00:47.876 [main] DEBUG org.apache.http.wire -  << "e9[\r][\n]"
22:00:47.876 [main] DEBUG org.apache.http.wire -  << "[0x1f][0x8b][0x8][0x0][0x0][0x0][0x0][0x0][0x0][0x3]L[0x8f][0xcd]n[0xc4] [0xc][0x84]_e5[0xbd]U$[0xca][0xf]!YN[0xfb]&[0x11][\r]n[0x8a]D[0x2][0xc2]d[0xab]6[0xda]w[0xaf][0xd8]C[0xdb][0xe3][0x8c][0xe7][0xf3][0xd8]'[0x8c][0xb5][0x89][0x98][0xa1]O[0xac][0x14]|XLva/[0xd2][0x9b][0xc][0x8d][0xae][0xa9][5[0x8e][0x10][0xf0]a_[0xa1]Q[0xb5]M[0xad][0xc6][0xe9][0x8a][0x87][0xc0][0xe2][0xf2][0x17]4[0xc8]_[0xa2][0xe1][0x0][0x1][0xce][0x89][0xa8]`1[0x5][0x8e][0xb4][0xe4][0xb]g[0x8][0xec][0xc7][0xf6]F[0x9][0xba][0xed][0xa4][0xc0][0xb7][0x8b]K[0xb0][0x4][0x8d][0xb6][0xeb][0xa5][0xaa][0x1a]9[0xa8][0xb2][0xcc]Yh%@[0x9b]q[0x1e][0x1a][0xd6][0xdc][0x9d][0x9d][0xd3]m-[0xba]^[0xc2][0x6][0x81][0x83])[0xed]f[0xa3][0xbf]1[0x4][0xa2]a[0xfe][0xc][0xc9]B[0xa3][0x97][0xe3][0xf4][0xfa]2[0xc8]R[0xf9][0x8c][0x9d]xw[0x89][0xf3][0xa6]|b~[0xad]t0[0x93][0xf7][0xa5]?~[0x84][0xfd]yU[0xa5][0xc6][0xa9][0xea][0xe5]P][0xa7]AA`[0x9e][0xef][0xd0][0xcd][0xe3][0x7][0x0][0x0][0xff][0xff][0x3][0x0]I/*[0x8c],[0x1][0x0][0x0]"
22:00:47.876 [main] DEBUG org.apache.http.wire -  << "[\r][\n]"
22:00:47.876 [main] DEBUG org.apache.http.wire -  << "0[\r][\n]"
22:00:47.876 [main] DEBUG org.apache.http.wire -  << "[\r][\n]"
22:00:47.876 [main] DEBUG io.restassured.internal.RestAssuredHttpBuilder - Parsed data to instance of: class org.apache.http.conn.EofSensorInputStream
22:00:47.877 [main] DEBUG org.apache.http.impl.conn.BasicClientConnectionManager - Releasing connection org.apache.http.impl.conn.ManagedClientConnectionImpl@4dcdc172
22:00:47.877 [main] DEBUG org.apache.http.impl.conn.BasicClientConnectionManager - Connection can be kept alive indefinitely
22:00:47.877 [main] DEBUG net.thucydides.core.steps.StepInterceptor - STEP DONE: I GET HTTP request user data
  &amp#27;[32mWhen &amp#27;[0m&amp#27;[32mI DELETE user HTTP request with valid id&amp#27;[0m     &amp#27;[90m# starter.stepdefinition.UserSteps.deleteUserWithNewId()&amp#27;[0m
22:00:47.880 [main] DEBUG net.thucydides.core.steps.StepInterceptor - STARTING STEP: UserSteps.responseUserCartInvalid - I receive valid cart HTTP response code 200
22:00:47.881 [main] DEBUG net.thucydides.core.steps.StepInterceptor - STEP DONE: I receive valid cart HTTP response code 200
  &amp#27;[32mAnd &amp#27;[0m&amp#27;[32mI receive valid DELETE user response code 200&amp#27;[0m &amp#27;[90m# starter.stepdefinition.UserSteps.responseUserCartInvalid()&amp#27;[0m
22:00:47.882 [main] INFO  - 
  _____   ___   ___   _____     ___     _     ___   ___   ___   ___  
 |_   _| | __| / __| |_   _|   | _ \   /_\   / __| / __| | __| |   \ 
   | |   | _|  \__ \   | |     |  _/  / _ \  \__ \ \__ \ | _|  | |) |
   |_|   |___| |___/   |_|     |_|   /_/ \_\ |___/ |___/ |___| |___/ 

USER - DELETE existing user with valid id
----------------------------------------------------------------------
]]></system-out>
  </testcase>
  <testcase name="USER - DELETE existing user with invalid id" classname="User #2" time="0.5">
    <system-out><![CDATA[
Scenario: USER - DELETE existing user with invalid id &amp#27;[90m# src/test/resources/api/user.feature:76&amp#27;[0m
22:00:47.897 [main] INFO io.cucumber.core.plugin.SerenityReporter - Running feature from file:///C:/Users/User/IdeaProjects/CodeCompetence2/src/test/resources/api/user.feature
22:00:47.897 [main] WARN io.cucumber.core.plugin.SerenityReporter - Feature from file:///C:/Users/User/IdeaProjects/CodeCompetence2/src/test/resources/api/user.feature is not under the 'features' directory. Requirements report will not be correctly generated!
22:00:47.900 [main] INFO  - 
  _____   ___   ___   _____     ___   _____     _     ___   _____   ___   ___  
 |_   _| | __| / __| |_   _|   / __| |_   _|   /_\   | _ \ |_   _| | __| |   \ 
   | |   | _|  \__ \   | |     \__ \   | |    / _ \  |   /   | |   | _|  | |) |
   |_|   |___| |___/   |_|     |___/   |_|   /_/ \_\ |_|_\   |_|   |___| |___/ 

USER - DELETE existing user with invalid id(user;user---delete-existing-user-with-invalid-id)
--------------------------------------------------------------------------------
22:00:47.911 [main] DEBUG net.thucydides.core.steps.StepInterceptor - STARTING STEP: UserSteps.setDeleteUserInvalidEndpoint - I DELETE API user with invalid id endpoints
22:00:47.911 [main] DEBUG net.thucydides.core.steps.StepInterceptor - STEP DONE: I DELETE API user with invalid id endpoints
  &amp#27;[32mGiven &amp#27;[0m&amp#27;[32mI DELETE API user with invalid id endpoints&amp#27;[0m   &amp#27;[90m# starter.stepdefinition.UserSteps.setDeleteUserInvalidEndpoint()&amp#27;[0m
22:00:47.914 [main] DEBUG net.thucydides.core.steps.StepInterceptor - STARTING STEP: UserSteps.deleteUserInvalidRequest - I DELETE user HTTP request with invalid id
22:00:47.917 [main] DEBUG net.thucydides.core.steps.StepInterceptor - STARTING STEP: User.deleteUserInvalidRequest - I DELETE API user with invalid id endpoints
22:00:47.917 [main] DEBUG net.thucydides.core.steps.StepInterceptor - STEP DONE: I DELETE API user with invalid id endpoints
22:00:47.923 [main] DEBUG org.apache.http.impl.conn.BasicClientConnectionManager - Get connection for route {s}->https://fakestoreapi.com:443
22:00:47.924 [main] DEBUG org.apache.http.impl.conn.DefaultClientConnectionOperator - Connecting to fakestoreapi.com:443
22:00:48.003 [main] DEBUG org.apache.http.client.protocol.RequestAddCookies - CookieSpec selected: ignoreCookies
22:00:48.003 [main] DEBUG org.apache.http.client.protocol.RequestAuthCache - Auth cache not set in the context
22:00:48.003 [main] DEBUG org.apache.http.client.protocol.RequestTargetAuthentication - Target auth state: UNCHALLENGED
22:00:48.003 [main] DEBUG org.apache.http.client.protocol.RequestProxyAuthentication - Proxy auth state: UNCHALLENGED
22:00:48.003 [main] DEBUG org.apache.http.impl.client.DefaultHttpClient - Attempt 1 to execute request
22:00:48.003 [main] DEBUG org.apache.http.impl.conn.DefaultClientConnection - Sending request: DELETE /user/11 HTTP/1.1
22:00:48.003 [main] DEBUG org.apache.http.wire -  >> "DELETE /user/11 HTTP/1.1[\r][\n]"
22:00:48.003 [main] DEBUG org.apache.http.wire -  >> "Accept: */*[\r][\n]"
22:00:48.003 [main] DEBUG org.apache.http.wire -  >> "Host: fakestoreapi.com[\r][\n]"
22:00:48.003 [main] DEBUG org.apache.http.wire -  >> "Connection: Keep-Alive[\r][\n]"
22:00:48.003 [main] DEBUG org.apache.http.wire -  >> "User-Agent: Apache-HttpClient/4.5.13 (Java/19.0.2)[\r][\n]"
22:00:48.003 [main] DEBUG org.apache.http.wire -  >> "Accept-Encoding: gzip,deflate[\r][\n]"
22:00:48.003 [main] DEBUG org.apache.http.wire -  >> "[\r][\n]"
22:00:48.003 [main] DEBUG org.apache.http.headers - >> DELETE /user/11 HTTP/1.1
22:00:48.003 [main] DEBUG org.apache.http.headers - >> Accept: */*
22:00:48.003 [main] DEBUG org.apache.http.headers - >> Host: fakestoreapi.com
22:00:48.003 [main] DEBUG org.apache.http.headers - >> Connection: Keep-Alive
22:00:48.003 [main] DEBUG org.apache.http.headers - >> User-Agent: Apache-HttpClient/4.5.13 (Java/19.0.2)
22:00:48.003 [main] DEBUG org.apache.http.headers - >> Accept-Encoding: gzip,deflate
22:00:48.360 [main] DEBUG org.apache.http.wire -  << "HTTP/1.1 404 Not Found[\r][\n]"
22:00:48.360 [main] DEBUG org.apache.http.wire -  << "Date: Sat, 15 Apr 2023 15:00:48 GMT[\r][\n]"
22:00:48.360 [main] DEBUG org.apache.http.wire -  << "Content-Type: text/html; charset=utf-8[\r][\n]"
22:00:48.360 [main] DEBUG org.apache.http.wire -  << "Transfer-Encoding: chunked[\r][\n]"
22:00:48.360 [main] DEBUG org.apache.http.wire -  << "Connection: keep-alive[\r][\n]"
22:00:48.360 [main] DEBUG org.apache.http.wire -  << "Access-Control-Allow-Origin: *[\r][\n]"
22:00:48.360 [main] DEBUG org.apache.http.wire -  << "Content-Security-Policy: default-src 'none'[\r][\n]"
22:00:48.360 [main] DEBUG org.apache.http.wire -  << "X-Content-Type-Options: nosniff[\r][\n]"
22:00:48.360 [main] DEBUG org.apache.http.wire -  << "X-Powered-By: Express[\r][\n]"
22:00:48.360 [main] DEBUG org.apache.http.wire -  << "CF-Cache-Status: DYNAMIC[\r][\n]"
22:00:48.360 [main] DEBUG org.apache.http.wire -  << "Report-To: {"endpoints":[{"url":"https:\/\/a.nel.cloudflare.com\/report\/v3?s=CvIwurPRqNExBtzyjYKrBWtNmK60HdvRQ5cQ1X8xbJ0ZyZjOnFyvXlVyGGZ6ZyQQ6qD0KL9mn%2FBvo4UTYLKyijop7cbY4gFw8hk%2BJKq%2FLKFQlL2hMoR5Ic%2BOi871wUeSe%2FgW"}],"group":"cf-nel","max_age":604800}[\r][\n]"
22:00:48.360 [main] DEBUG org.apache.http.wire -  << "NEL: {"success_fraction":0,"report_to":"cf-nel","max_age":604800}[\r][\n]"
22:00:48.360 [main] DEBUG org.apache.http.wire -  << "Server: cloudflare[\r][\n]"
22:00:48.360 [main] DEBUG org.apache.http.wire -  << "CF-RAY: 7b850f671f694c9b-SIN[\r][\n]"
22:00:48.360 [main] DEBUG org.apache.http.wire -  << "Content-Encoding: gzip[\r][\n]"
22:00:48.360 [main] DEBUG org.apache.http.wire -  << "alt-svc: h3=":443"; ma=86400, h3-29=":443"; ma=86400[\r][\n]"
22:00:48.360 [main] DEBUG org.apache.http.wire -  << "[\r][\n]"
22:00:48.360 [main] DEBUG org.apache.http.impl.conn.DefaultClientConnection - Receiving response: HTTP/1.1 404 Not Found
22:00:48.360 [main] DEBUG org.apache.http.headers - << HTTP/1.1 404 Not Found
22:00:48.360 [main] DEBUG org.apache.http.headers - << Date: Sat, 15 Apr 2023 15:00:48 GMT
22:00:48.360 [main] DEBUG org.apache.http.headers - << Content-Type: text/html; charset=utf-8
22:00:48.361 [main] DEBUG org.apache.http.headers - << Transfer-Encoding: chunked
22:00:48.361 [main] DEBUG org.apache.http.headers - << Connection: keep-alive
22:00:48.361 [main] DEBUG org.apache.http.headers - << Access-Control-Allow-Origin: *
22:00:48.361 [main] DEBUG org.apache.http.headers - << Content-Security-Policy: default-src 'none'
22:00:48.361 [main] DEBUG org.apache.http.headers - << X-Content-Type-Options: nosniff
22:00:48.361 [main] DEBUG org.apache.http.headers - << X-Powered-By: Express
22:00:48.361 [main] DEBUG org.apache.http.headers - << CF-Cache-Status: DYNAMIC
22:00:48.361 [main] DEBUG org.apache.http.headers - << Report-To: {"endpoints":[{"url":"https:\/\/a.nel.cloudflare.com\/report\/v3?s=CvIwurPRqNExBtzyjYKrBWtNmK60HdvRQ5cQ1X8xbJ0ZyZjOnFyvXlVyGGZ6ZyQQ6qD0KL9mn%2FBvo4UTYLKyijop7cbY4gFw8hk%2BJKq%2FLKFQlL2hMoR5Ic%2BOi871wUeSe%2FgW"}],"group":"cf-nel","max_age":604800}
22:00:48.361 [main] DEBUG org.apache.http.headers - << NEL: {"success_fraction":0,"report_to":"cf-nel","max_age":604800}
22:00:48.361 [main] DEBUG org.apache.http.headers - << Server: cloudflare
22:00:48.361 [main] DEBUG org.apache.http.headers - << CF-RAY: 7b850f671f694c9b-SIN
22:00:48.361 [main] DEBUG org.apache.http.headers - << Content-Encoding: gzip
22:00:48.361 [main] DEBUG org.apache.http.headers - << alt-svc: h3=":443"; ma=86400, h3-29=":443"; ma=86400
22:00:48.361 [main] DEBUG org.apache.http.impl.client.DefaultHttpClient - Connection can be kept alive indefinitely
22:00:48.361 [main] DEBUG io.restassured.internal.RestAssuredHttpBuilder - Parsing response as: text/html; charset=utf-8
22:00:48.361 [main] DEBUG org.apache.http.wire -  << "88[\r][\n]"
22:00:48.361 [main] DEBUG org.apache.http.wire -  << "[0x1f][0x8b][0x8][0x0][0x0][0x0][0x0][0x0][0x0][0x3],[0x8e][0xb1][0xe][0xc2]0[0xc]D[0xf7]|[0x85][0xc9][0x8e][0xac]n[0xc]n[0x96]6[0x1b][0x12][0xc]][0x18][\r]5[0x14])M*[0xd7][0x1d][0xf8]{[0x14][0xe8]t[0xba]{w[0xd2][0xd1][0xa1][0xbf]t[0xc3][0xed][0x1a]a[0xb2]9[0x5]GU q~[0xb5]^[0xb2][0xaf][0x81][0xf0][0x18][0x1c][0xcd]b[0xc][0x8f][0x89]u[0x15]k[0xfd]f[0xcf][0xe3][0xa9]R{[[0x92][0x10]U[0x8b][0x12][0xfe][0x8d]#[0xdc]7[0xf7]2~[0x82][0xa3]E%t[0x9c]s1[0xe8][0xe3]9[0xe][0x11]p[E[0xb1]i[0x8]+s[0x84]{[0x13]'[0xbe][0x0][0x0][0x0][0xff][0xff]"
22:00:48.361 [main] DEBUG org.apache.http.wire -  << "[\r][\n]"
22:00:48.361 [main] DEBUG org.apache.http.wire -  << "b[\r][\n]"
22:00:48.361 [main] DEBUG org.apache.http.wire -  << "[0xe3][0x2][0x0][0x91]s[0x1b]~[0x95][0x0][0x0][0x0]"
22:00:48.361 [main] DEBUG org.apache.http.wire -  << "[\r][\n]"
22:00:48.361 [main] DEBUG org.apache.http.wire -  << "0[\r][\n]"
22:00:48.361 [main] DEBUG org.apache.http.wire -  << "[\r][\n]"
22:00:48.361 [main] DEBUG io.restassured.internal.RestAssuredHttpBuilder - Parsed data to instance of: class org.apache.http.conn.EofSensorInputStream
22:00:48.362 [main] DEBUG org.apache.http.impl.conn.BasicClientConnectionManager - Releasing connection org.apache.http.impl.conn.ManagedClientConnectionImpl@57cc7d9e
22:00:48.362 [main] DEBUG org.apache.http.impl.conn.BasicClientConnectionManager - Connection can be kept alive indefinitely
22:00:48.363 [main] DEBUG net.thucydides.core.steps.StepInterceptor - STEP DONE: I DELETE user HTTP request with invalid id
  &amp#27;[32mWhen &amp#27;[0m&amp#27;[32mI DELETE user HTTP request with invalid id&amp#27;[0m     &amp#27;[90m# starter.stepdefinition.UserSteps.deleteUserInvalidRequest()&amp#27;[0m
22:00:48.380 [main] DEBUG net.thucydides.core.steps.StepInterceptor - STARTING STEP: UserSteps.receiveInvalidDELETEresponseCode404 - I receive invalid DELETE user response code 404
22:00:48.381 [main] DEBUG net.thucydides.core.steps.StepInterceptor - STEP DONE: I receive invalid DELETE user response code 404
  &amp#27;[32mAnd &amp#27;[0m&amp#27;[32mI receive invalid DELETE user response code 404&amp#27;[0m &amp#27;[90m# starter.stepdefinition.UserSteps.receiveInvalidDELETEresponseCode404()&amp#27;[0m
22:00:48.383 [main] INFO  - 
  _____   ___   ___   _____     ___     _     ___   ___   ___   ___  
 |_   _| | __| / __| |_   _|   | _ \   /_\   / __| / __| | __| |   \ 
   | |   | _|  \__ \   | |     |  _/  / _ \  \__ \ \__ \ | _|  | |) |
   |_|   |___| |___/   |_|     |_|   /_/ \_\ |___/ |___/ |___| |___/ 

USER - DELETE existing user with invalid id
----------------------------------------------------------------------
]]></system-out>
  </testcase>
</testsuite>