<?xml version="1.0" encoding="UTF-8"?>
<testsuite xmlns:xsi="http://www.w3.org/2001/XMLSchema-instance" xsi:noNamespaceSchemaLocation="https://maven.apache.org/surefire/maven-failsafe-plugin/xsd/failsafe-test-report-3.0.xsd" version="3.0" name="starter.CucumberTestSuite" time="71.071" tests="3" errors="0" skipped="0" failures="0">
  <properties>
    <property name="java.specification.version" value="19"/>
    <property name="webdriver.chrome.driver" value="src/test/resources/webdrivers/chromedriver.exe"/>
    <property name="sun.cpu.isalist" value="amd64"/>
    <property name="sun.jnu.encoding" value="Cp1252"/>
    <property name="java.class.path" value="C:\Users\User\IdeaProjects\hehew\target\test-classes;C:\Users\User\.m2\repository\net\serenity-bdd\serenity-core\3.6.21\serenity-core-3.6.21.jar;C:\Users\User\.m2\repository\net\serenity-bdd\serenity-model\3.6.21\serenity-model-3.6.21.jar;C:\Users\User\.m2\repository\org\apache\commons\commons-text\1.10.0\commons-text-1.10.0.jar;C:\Users\User\.m2\repository\commons-net\commons-net\3.9.0\commons-net-3.9.0.jar;C:\Users\User\.m2\repository\com\google\guava\guava\31.1-jre\guava-31.1-jre.jar;C:\Users\User\.m2\repository\com\google\guava\failureaccess\1.0.1\failureaccess-1.0.1.jar;C:\Users\User\.m2\repository\com\google\guava\listenablefuture\9999.0-empty-to-avoid-conflict-with-guava\listenablefuture-9999.0-empty-to-avoid-conflict-with-guava.jar;C:\Users\User\.m2\repository\com\google\code\findbugs\jsr305\3.0.2\jsr305-3.0.2.jar;C:\Users\User\.m2\repository\org\checkerframework\checker-qual\3.12.0\checker-qual-3.12.0.jar;C:\Users\User\.m2\repository\com\google\errorprone\error_prone_annotations\2.11.0\error_prone_annotations-2.11.0.jar;C:\Users\User\.m2\repository\com\google\j2objc\j2objc-annotations\1.3\j2objc-annotations-1.3.jar;C:\Users\User\.m2\repository\com\google\inject\guice\5.1.0\guice-5.1.0.jar;C:\Users\User\.m2\repository\javax\inject\javax.inject\1\javax.inject-1.jar;C:\Users\User\.m2\repository\aopalliance\aopalliance\1.0\aopalliance-1.0.jar;C:\Users\User\.m2\repository\org\jsoup\jsoup\1.14.3\jsoup-1.14.3.jar;C:\Users\User\.m2\repository\com\thoughtworks\xstream\xstream\1.4.20\xstream-1.4.20.jar;C:\Users\User\.m2\repository\io\github\x-stream\mxparser\1.2.2\mxparser-1.2.2.jar;C:\Users\User\.m2\repository\xmlpull\xmlpull\1.1.3.1\xmlpull-1.1.3.1.jar;C:\Users\User\.m2\repository\com\typesafe\config\1.4.2\config-1.4.2.jar;C:\Users\User\.m2\repository\org\imgscalr\imgscalr-lib\4.2\imgscalr-lib-4.2.jar;C:\Users\User\.m2\repository\org\awaitility\awaitility\4.2.0\awaitility-4.2.0.jar;C:\Users\User\.m2\repository\org\freemarker\freemarker\2.3.31\freemarker-2.3.31.jar;C:\Users\User\.m2\repository\io\github\classgraph\classgraph\4.8.138\classgraph-4.8.138.jar;C:\Users\User\.m2\repository\net\sourceforge\jexcelapi\jxl\2.6.12\jxl-2.6.12.jar;C:\Users\User\.m2\repository\net\bytebuddy\byte-buddy-agent\1.14.2\byte-buddy-agent-1.14.2.jar;C:\Users\User\.m2\repository\org\objenesis\objenesis\3.3\objenesis-3.3.jar;C:\Users\User\.m2\repository\net\serenity-bdd\serenity-reports\3.6.21\serenity-reports-3.6.21.jar;C:\Users\User\.m2\repository\net\serenity-bdd\serenity-stats\3.6.21\serenity-stats-3.6.21.jar;C:\Users\User\.m2\repository\net\serenity-bdd\serenity-reports-configuration\3.6.21\serenity-reports-configuration-3.6.21.jar;C:\Users\User\.m2\repository\com\vladsch\flexmark\flexmark-all\0.62.2\flexmark-all-0.62.2.jar;C:\Users\User\.m2\repository\com\vladsch\flexmark\flexmark\0.62.2\flexmark-0.62.2.jar;C:\Users\User\.m2\repository\com\vladsch\flexmark\flexmark-ext-abbreviation\0.62.2\flexmark-ext-abbreviation-0.62.2.jar;C:\Users\User\.m2\repository\com\vladsch\flexmark\flexmark-util\0.62.2\flexmark-util-0.62.2.jar;C:\Users\User\.m2\repository\com\vladsch\flexmark\flexmark-ext-admonition\0.62.2\flexmark-ext-admonition-0.62.2.jar;C:\Users\User\.m2\repository\com\vladsch\flexmark\flexmark-ext-anchorlink\0.62.2\flexmark-ext-anchorlink-0.62.2.jar;C:\Users\User\.m2\repository\com\vladsch\flexmark\flexmark-ext-aside\0.62.2\flexmark-ext-aside-0.62.2.jar;C:\Users\User\.m2\repository\com\vladsch\flexmark\flexmark-ext-attributes\0.62.2\flexmark-ext-attributes-0.62.2.jar;C:\Users\User\.m2\repository\com\vladsch\flexmark\flexmark-ext-autolink\0.62.2\flexmark-ext-autolink-0.62.2.jar;C:\Users\User\.m2\repository\org\nibor\autolink\autolink\0.6.0\autolink-0.6.0.jar;C:\Users\User\.m2\repository\com\vladsch\flexmark\flexmark-ext-definition\0.62.2\flexmark-ext-definition-0.62.2.jar;C:\Users\User\.m2\repository\com\vladsch\flexmark\flexmark-ext-emoji\0.62.2\flexmark-ext-emoji-0.62.2.jar;C:\Users\User\.m2\repository\com\vladsch\flexmark\flexmark-ext-enumerated-reference\0.62.2\flexmark-ext-enumerated-reference-0.62.2.jar;C:\Users\User\.m2\repository\com\vladsch\flexmark\flexmark-ext-escaped-character\0.62.2\flexmark-ext-escaped-character-0.62.2.jar;C:\Users\User\.m2\repository\com\vladsch\flexmark\flexmark-ext-footnotes\0.62.2\flexmark-ext-footnotes-0.62.2.jar;C:\Users\User\.m2\repository\com\vladsch\flexmark\flexmark-ext-gfm-issues\0.62.2\flexmark-ext-gfm-issues-0.62.2.jar;C:\Users\User\.m2\repository\com\vladsch\flexmark\flexmark-ext-gfm-strikethrough\0.62.2\flexmark-ext-gfm-strikethrough-0.62.2.jar;C:\Users\User\.m2\repository\com\vladsch\flexmark\flexmark-ext-gfm-tasklist\0.62.2\flexmark-ext-gfm-tasklist-0.62.2.jar;C:\Users\User\.m2\repository\com\vladsch\flexmark\flexmark-ext-gfm-users\0.62.2\flexmark-ext-gfm-users-0.62.2.jar;C:\Users\User\.m2\repository\com\vladsch\flexmark\flexmark-ext-gitlab\0.62.2\flexmark-ext-gitlab-0.62.2.jar;C:\Users\User\.m2\repository\com\vladsch\flexmark\flexmark-ext-jekyll-front-matter\0.62.2\flexmark-ext-jekyll-front-matter-0.62.2.jar;C:\Users\User\.m2\repository\com\vladsch\flexmark\flexmark-ext-jekyll-tag\0.62.2\flexmark-ext-jekyll-tag-0.62.2.jar;C:\Users\User\.m2\repository\com\vladsch\flexmark\flexmark-ext-media-tags\0.62.2\flexmark-ext-media-tags-0.62.2.jar;C:\Users\User\.m2\repository\com\vladsch\flexmark\flexmark-ext-macros\0.62.2\flexmark-ext-macros-0.62.2.jar;C:\Users\User\.m2\repository\com\vladsch\flexmark\flexmark-ext-ins\0.62.2\flexmark-ext-ins-0.62.2.jar;C:\Users\User\.m2\repository\com\vladsch\flexmark\flexmark-ext-xwiki-macros\0.62.2\flexmark-ext-xwiki-macros-0.62.2.jar;C:\Users\User\.m2\repository\com\vladsch\flexmark\flexmark-ext-superscript\0.62.2\flexmark-ext-superscript-0.62.2.jar;C:\Users\User\.m2\repository\com\vladsch\flexmark\flexmark-ext-tables\0.62.2\flexmark-ext-tables-0.62.2.jar;C:\Users\User\.m2\repository\com\vladsch\flexmark\flexmark-ext-toc\0.62.2\flexmark-ext-toc-0.62.2.jar;C:\Users\User\.m2\repository\com\vladsch\flexmark\flexmark-ext-typographic\0.62.2\flexmark-ext-typographic-0.62.2.jar;C:\Users\User\.m2\repository\com\vladsch\flexmark\flexmark-ext-wikilink\0.62.2\flexmark-ext-wikilink-0.62.2.jar;C:\Users\User\.m2\repository\com\vladsch\flexmark\flexmark-ext-yaml-front-matter\0.62.2\flexmark-ext-yaml-front-matter-0.62.2.jar;C:\Users\User\.m2\repository\com\vladsch\flexmark\flexmark-ext-youtube-embedded\0.62.2\flexmark-ext-youtube-embedded-0.62.2.jar;C:\Users\User\.m2\repository\com\vladsch\flexmark\flexmark-html2md-converter\0.62.2\flexmark-html2md-converter-0.62.2.jar;C:\Users\User\.m2\repository\com\vladsch\flexmark\flexmark-jira-converter\0.62.2\flexmark-jira-converter-0.62.2.jar;C:\Users\User\.m2\repository\com\vladsch\flexmark\flexmark-pdf-converter\0.62.2\flexmark-pdf-converter-0.62.2.jar;C:\Users\User\.m2\repository\com\openhtmltopdf\openhtmltopdf-core\1.0.0\openhtmltopdf-core-1.0.0.jar;C:\Users\User\.m2\repository\com\openhtmltopdf\openhtmltopdf-pdfbox\1.0.0\openhtmltopdf-pdfbox-1.0.0.jar;C:\Users\User\.m2\repository\org\apache\pdfbox\pdfbox\2.0.16\pdfbox-2.0.16.jar;C:\Users\User\.m2\repository\org\apache\pdfbox\fontbox\2.0.16\fontbox-2.0.16.jar;C:\Users\User\.m2\repository\org\apache\pdfbox\xmpbox\2.0.16\xmpbox-2.0.16.jar;C:\Users\User\.m2\repository\de\rototor\pdfbox\graphics2d\0.24\graphics2d-0.24.jar;C:\Users\User\.m2\repository\com\openhtmltopdf\openhtmltopdf-rtl-support\1.0.0\openhtmltopdf-rtl-support-1.0.0.jar;C:\Users\User\.m2\repository\com\openhtmltopdf\openhtmltopdf-jsoup-dom-converter\1.0.0\openhtmltopdf-jsoup-dom-converter-1.0.0.jar;C:\Users\User\.m2\repository\com\vladsch\flexmark\flexmark-profile-pegdown\0.62.2\flexmark-profile-pegdown-0.62.2.jar;C:\Users\User\.m2\repository\com\vladsch\flexmark\flexmark-util-ast\0.62.2\flexmark-util-ast-0.62.2.jar;C:\Users\User\.m2\repository\com\vladsch\flexmark\flexmark-util-builder\0.62.2\flexmark-util-builder-0.62.2.jar;C:\Users\User\.m2\repository\com\vladsch\flexmark\flexmark-util-collection\0.62.2\flexmark-util-collection-0.62.2.jar;C:\Users\User\.m2\repository\com\vladsch\flexmark\flexmark-util-data\0.62.2\flexmark-util-data-0.62.2.jar;C:\Users\User\.m2\repository\com\vladsch\flexmark\flexmark-util-dependency\0.62.2\flexmark-util-dependency-0.62.2.jar;C:\Users\User\.m2\repository\com\vladsch\flexmark\flexmark-util-format\0.62.2\flexmark-util-format-0.62.2.jar;C:\Users\User\.m2\repository\com\vladsch\flexmark\flexmark-util-html\0.62.2\flexmark-util-html-0.62.2.jar;C:\Users\User\.m2\repository\com\vladsch\flexmark\flexmark-util-misc\0.62.2\flexmark-util-misc-0.62.2.jar;C:\Users\User\.m2\repository\com\vladsch\flexmark\flexmark-util-options\0.62.2\flexmark-util-options-0.62.2.jar;C:\Users\User\.m2\repository\com\vladsch\flexmark\flexmark-util-sequence\0.62.2\flexmark-util-sequence-0.62.2.jar;C:\Users\User\.m2\repository\com\vladsch\flexmark\flexmark-util-visitor\0.62.2\flexmark-util-visitor-0.62.2.jar;C:\Users\User\.m2\repository\com\vladsch\flexmark\flexmark-youtrack-converter\0.62.2\flexmark-youtrack-converter-0.62.2.jar;C:\Users\User\.m2\repository\com\ibm\icu\icu4j\72.1\icu4j-72.1.jar;C:\Users\User\.m2\repository\es\nitaur\markdown\txtmark\0.16\txtmark-0.16.jar;C:\Users\User\.m2\repository\net\serenity-bdd\serenity-report-resources\3.6.21\serenity-report-resources-3.6.21.jar;C:\Users\User\.m2\repository\com\google\code\gson\gson\2.10.1\gson-2.10.1.jar;C:\Users\User\.m2\repository\com\fasterxml\jackson\core\jackson-core\2.15.0-rc1\jackson-core-2.15.0-rc1.jar;C:\Users\User\.m2\repository\com\fasterxml\jackson\core\jackson-databind\2.15.0-rc1\jackson-databind-2.15.0-rc1.jar;C:\Users\User\.m2\repository\com\fasterxml\jackson\core\jackson-annotations\2.15.0-rc1\jackson-annotations-2.15.0-rc1.jar;C:\Users\User\.m2\repository\commons-codec\commons-codec\1.15\commons-codec-1.15.jar;C:\Users\User\.m2\repository\commons-io\commons-io\2.11.0\commons-io-2.11.0.jar;C:\Users\User\.m2\repository\org\apache\httpcomponents\httpclient\4.5.13\httpclient-4.5.13.jar;C:\Users\User\.m2\repository\org\apache\httpcomponents\httpcore\4.4.13\httpcore-4.4.13.jar;C:\Users\User\.m2\repository\commons-logging\commons-logging\1.2\commons-logging-1.2.jar;C:\Users\User\.m2\repository\org\seleniumhq\selenium\selenium-java\4.8.1\selenium-java-4.8.1.jar;C:\Users\User\.m2\repository\org\seleniumhq\selenium\selenium-devtools-v108\4.8.1\selenium-devtools-v108-4.8.1.jar;C:\Users\User\.m2\repository\org\seleniumhq\selenium\selenium-devtools-v109\4.8.1\selenium-devtools-v109-4.8.1.jar;C:\Users\User\.m2\repository\org\seleniumhq\selenium\selenium-devtools-v110\4.8.1\selenium-devtools-v110-4.8.1.jar;C:\Users\User\.m2\repository\org\seleniumhq\selenium\selenium-devtools-v85\4.8.1\selenium-devtools-v85-4.8.1.jar;C:\Users\User\.m2\repository\org\seleniumhq\selenium\selenium-remote-driver\4.8.1\selenium-remote-driver-4.8.1.jar;C:\Users\User\.m2\repository\com\beust\jcommander\1.82\jcommander-1.82.jar;C:\Users\User\.m2\repository\io\netty\netty-buffer\4.1.87.Final\netty-buffer-4.1.87.Final.jar;C:\Users\User\.m2\repository\io\netty\netty-codec-http\4.1.87.Final\netty-codec-http-4.1.87.Final.jar;C:\Users\User\.m2\repository\io\netty\netty-codec\4.1.87.Final\netty-codec-4.1.87.Final.jar;C:\Users\User\.m2\repository\io\netty\netty-handler\4.1.87.Final\netty-handler-4.1.87.Final.jar;C:\Users\User\.m2\repository\io\netty\netty-common\4.1.87.Final\netty-common-4.1.87.Final.jar;C:\Users\User\.m2\repository\io\netty\netty-transport-classes-epoll\4.1.87.Final\netty-transport-classes-epoll-4.1.87.Final.jar;C:\Users\User\.m2\repository\io\netty\netty-transport-classes-kqueue\4.1.87.Final\netty-transport-classes-kqueue-4.1.87.Final.jar;C:\Users\User\.m2\repository\io\netty\netty-transport-native-epoll\4.1.87.Final\netty-transport-native-epoll-4.1.87.Final.jar;C:\Users\User\.m2\repository\io\netty\netty-transport-native-kqueue\4.1.87.Final\netty-transport-native-kqueue-4.1.87.Final.jar;C:\Users\User\.m2\repository\io\netty\netty-transport-native-unix-common\4.1.87.Final\netty-transport-native-unix-common-4.1.87.Final.jar;C:\Users\User\.m2\repository\io\netty\netty-transport\4.1.87.Final\netty-transport-4.1.87.Final.jar;C:\Users\User\.m2\repository\io\netty\netty-resolver\4.1.87.Final\netty-resolver-4.1.87.Final.jar;C:\Users\User\.m2\repository\io\opentelemetry\opentelemetry-api\1.22.0\opentelemetry-api-1.22.0.jar;C:\Users\User\.m2\repository\io\opentelemetry\opentelemetry-context\1.22.0\opentelemetry-context-1.22.0.jar;C:\Users\User\.m2\repository\io\opentelemetry\opentelemetry-exporter-logging\1.22.0\opentelemetry-exporter-logging-1.22.0.jar;C:\Users\User\.m2\repository\io\opentelemetry\opentelemetry-sdk-metrics\1.22.0\opentelemetry-sdk-metrics-1.22.0.jar;C:\Users\User\.m2\repository\io\opentelemetry\opentelemetry-sdk-logs\1.22.0-alpha\opentelemetry-sdk-logs-1.22.0-alpha.jar;C:\Users\User\.m2\repository\io\opentelemetry\opentelemetry-api-logs\1.22.0-alpha\opentelemetry-api-logs-1.22.0-alpha.jar;C:\Users\User\.m2\repository\io\opentelemetry\opentelemetry-sdk-common\1.22.0\opentelemetry-sdk-common-1.22.0.jar;C:\Users\User\.m2\repository\io\opentelemetry\opentelemetry-sdk-extension-autoconfigure-spi\1.22.0\opentelemetry-sdk-extension-autoconfigure-spi-1.22.0.jar;C:\Users\User\.m2\repository\io\opentelemetry\opentelemetry-sdk-extension-autoconfigure\1.22.0-alpha\opentelemetry-sdk-extension-autoconfigure-1.22.0-alpha.jar;C:\Users\User\.m2\repository\io\opentelemetry\opentelemetry-sdk-trace\1.22.0\opentelemetry-sdk-trace-1.22.0.jar;C:\Users\User\.m2\repository\io\opentelemetry\opentelemetry-sdk\1.22.0\opentelemetry-sdk-1.22.0.jar;C:\Users\User\.m2\repository\io\opentelemetry\opentelemetry-semconv\1.22.0-alpha\opentelemetry-semconv-1.22.0-alpha.jar;C:\Users\User\.m2\repository\io\ous\jtoml\2.0.0\jtoml-2.0.0.jar;C:\Users\User\.m2\repository\org\apache\commons\commons-exec\1.3\commons-exec-1.3.jar;C:\Users\User\.m2\repository\org\asynchttpclient\async-http-client\2.12.3\async-http-client-2.12.3.jar;C:\Users\User\.m2\repository\org\asynchttpclient\async-http-client-netty-utils\2.12.3\async-http-client-netty-utils-2.12.3.jar;C:\Users\User\.m2\repository\io\netty\netty-codec-socks\4.1.60.Final\netty-codec-socks-4.1.60.Final.jar;C:\Users\User\.m2\repository\io\netty\netty-handler-proxy\4.1.60.Final\netty-handler-proxy-4.1.60.Final.jar;C:\Users\User\.m2\repository\io\netty\netty-transport-native-epoll\4.1.60.Final\netty-transport-native-epoll-4.1.60.Final-linux-x86_64.jar;C:\Users\User\.m2\repository\io\netty\netty-transport-native-kqueue\4.1.60.Final\netty-transport-native-kqueue-4.1.60.Final-osx-x86_64.jar;C:\Users\User\.m2\repository\org\reactivestreams\reactive-streams\1.0.3\reactive-streams-1.0.3.jar;C:\Users\User\.m2\repository\com\typesafe\netty\netty-reactive-streams\2.0.4\netty-reactive-streams-2.0.4.jar;C:\Users\User\.m2\repository\org\seleniumhq\selenium\selenium-manager\4.8.1\selenium-manager-4.8.1.jar;C:\Users\User\.m2\repository\org\seleniumhq\selenium\selenium-safari-driver\4.8.1\selenium-safari-driver-4.8.1.jar;C:\Users\User\.m2\repository\org\seleniumhq\selenium\selenium-api\4.8.1\selenium-api-4.8.1.jar;C:\Users\User\.m2\repository\org\seleniumhq\selenium\selenium-support\4.8.1\selenium-support-4.8.1.jar;C:\Users\User\.m2\repository\com\google\auto\service\auto-service-annotations\1.0.1\auto-service-annotations-1.0.1.jar;C:\Users\User\.m2\repository\com\google\auto\service\auto-service\1.0.1\auto-service-1.0.1.jar;C:\Users\User\.m2\repository\com\google\auto\auto-common\1.2\auto-common-1.2.jar;C:\Users\User\.m2\repository\org\seleniumhq\selenium\selenium-json\4.8.1\selenium-json-4.8.1.jar;C:\Users\User\.m2\repository\org\seleniumhq\selenium\selenium-chrome-driver\4.8.1\selenium-chrome-driver-4.8.1.jar;C:\Users\User\.m2\repository\org\seleniumhq\selenium\selenium-chromium-driver\4.8.1\selenium-chromium-driver-4.8.1.jar;C:\Users\User\.m2\repository\org\seleniumhq\selenium\selenium-firefox-driver\4.8.1\selenium-firefox-driver-4.8.1.jar;C:\Users\User\.m2\repository\org\seleniumhq\selenium\selenium-http\4.8.1\selenium-http-4.8.1.jar;C:\Users\User\.m2\repository\dev\failsafe\failsafe\3.3.0\failsafe-3.3.0.jar;C:\Users\User\.m2\repository\org\seleniumhq\selenium\selenium-edge-driver\4.8.1\selenium-edge-driver-4.8.1.jar;C:\Users\User\.m2\repository\org\seleniumhq\selenium\selenium-ie-driver\4.8.1\selenium-ie-driver-4.8.1.jar;C:\Users\User\.m2\repository\org\projectlombok\lombok\1.18.20\lombok-1.18.20.jar;C:\Users\User\.m2\repository\io\appium\java-client\8.3.0\java-client-8.3.0.jar;C:\Users\User\.m2\repository\commons-validator\commons-validator\1.7\commons-validator-1.7.jar;C:\Users\User\.m2\repository\commons-digester\commons-digester\2.1\commons-digester-2.1.jar;C:\Users\User\.m2\repository\org\apache\groovy\groovy\4.0.10\groovy-4.0.10.jar;C:\Users\User\.m2\repository\net\sf\opencsv\opencsv\2.0\opencsv-2.0.jar;C:\Users\User\.m2\repository\commons-beanutils\commons-beanutils\1.9.4\commons-beanutils-1.9.4.jar;C:\Users\User\.m2\repository\org\apache\commons\commons-lang3\3.12.0\commons-lang3-3.12.0.jar;C:\Users\User\.m2\repository\commons-collections\commons-collections\3.2.2\commons-collections-3.2.2.jar;C:\Users\User\.m2\repository\org\fluentlenium\fluentlenium-core\0.10.2\fluentlenium-core-0.10.2.jar;C:\Users\User\.m2\repository\io\github\bonigarcia\webdrivermanager\5.3.0\webdrivermanager-5.3.0.jar;C:\Users\User\.m2\repository\com\github\docker-java\docker-java\3.2.13\docker-java-3.2.13.jar;C:\Users\User\.m2\repository\com\github\docker-java\docker-java-core\3.2.13\docker-java-core-3.2.13.jar;C:\Users\User\.m2\repository\com\github\docker-java\docker-java-api\3.2.13\docker-java-api-3.2.13.jar;C:\Users\User\.m2\repository\org\apache\commons\commons-compress\1.21\commons-compress-1.21.jar;C:\Users\User\.m2\repository\org\bouncycastle\bcpkix-jdk15on\1.64\bcpkix-jdk15on-1.64.jar;C:\Users\User\.m2\repository\org\bouncycastle\bcprov-jdk15on\1.64\bcprov-jdk15on-1.64.jar;C:\Users\User\.m2\repository\org\slf4j\jcl-over-slf4j\1.7.30\jcl-over-slf4j-1.7.30.jar;C:\Users\User\.m2\repository\com\github\docker-java\docker-java-transport-httpclient5\3.2.13\docker-java-transport-httpclient5-3.2.13.jar;C:\Users\User\.m2\repository\com\github\docker-java\docker-java-transport\3.2.13\docker-java-transport-3.2.13.jar;C:\Users\User\.m2\repository\net\java\dev\jna\jna\5.8.0\jna-5.8.0.jar;C:\Users\User\.m2\repository\org\brotli\dec\0.1.2\dec-0.1.2.jar;C:\Users\User\.m2\repository\org\apache\httpcomponents\client5\httpclient5\5.1.3\httpclient5-5.1.3.jar;C:\Users\User\.m2\repository\org\apache\httpcomponents\core5\httpcore5\5.1.3\httpcore5-5.1.3.jar;C:\Users\User\.m2\repository\org\apache\httpcomponents\core5\httpcore5-h2\5.1.3\httpcore5-h2-5.1.3.jar;C:\Users\User\.m2\repository\com\jhlabs\filters\2.0.235\filters-2.0.235.jar;C:\Users\User\.m2\repository\com\paulhammant\ngwebdriver\1.1.6\ngwebdriver-1.1.6.jar;C:\Users\User\.m2\repository\joda-time\joda-time\2.12.2\joda-time-2.12.2.jar;C:\Users\User\.m2\repository\org\hamcrest\hamcrest\2.2\hamcrest-2.2.jar;C:\Users\User\.m2\repository\com\google\jimfs\jimfs\1.2\jimfs-1.2.jar;C:\Users\User\.m2\repository\org\mockito\mockito-core\3.3.3\mockito-core-3.3.3.jar;C:\Users\User\.m2\repository\javax\xml\bind\jaxb-api\2.3.1\jaxb-api-2.3.1.jar;C:\Users\User\.m2\repository\javax\activation\javax.activation-api\1.2.0\javax.activation-api-1.2.0.jar;C:\Users\User\.m2\repository\com\sun\xml\bind\jaxb-core\2.3.0.1\jaxb-core-2.3.0.1.jar;C:\Users\User\.m2\repository\com\sun\xml\bind\jaxb-impl\2.3.3\jaxb-impl-2.3.3.jar;C:\Users\User\.m2\repository\jakarta\xml\bind\jakarta.xml.bind-api\2.3.3\jakarta.xml.bind-api-2.3.3.jar;C:\Users\User\.m2\repository\com\sun\activation\jakarta.activation\1.2.2\jakarta.activation-1.2.2.jar;C:\Users\User\.m2\repository\javax\activation\activation\1.1.1\activation-1.1.1.jar;C:\Users\User\.m2\repository\net\serenity-bdd\serenity-cucumber\3.6.21\serenity-cucumber-3.6.21.jar;C:\Users\User\.m2\repository\io\cucumber\cucumber-core\7.11.0\cucumber-core-7.11.0.jar;C:\Users\User\.m2\repository\io\cucumber\cucumber-gherkin\7.11.0\cucumber-gherkin-7.11.0.jar;C:\Users\User\.m2\repository\io\cucumber\cucumber-gherkin-messages\7.11.0\cucumber-gherkin-messages-7.11.0.jar;C:\Users\User\.m2\repository\io\cucumber\gherkin\26.0.3\gherkin-26.0.3.jar;C:\Users\User\.m2\repository\io\cucumber\messages\21.0.1\messages-21.0.1.jar;C:\Users\User\.m2\repository\io\cucumber\tag-expressions\5.0.1\tag-expressions-5.0.1.jar;C:\Users\User\.m2\repository\io\cucumber\cucumber-expressions\16.1.1\cucumber-expressions-16.1.1.jar;C:\Users\User\.m2\repository\io\cucumber\datatable\7.11.0\datatable-7.11.0.jar;C:\Users\User\.m2\repository\io\cucumber\cucumber-plugin\7.11.0\cucumber-plugin-7.11.0.jar;C:\Users\User\.m2\repository\io\cucumber\docstring\7.11.0\docstring-7.11.0.jar;C:\Users\User\.m2\repository\io\cucumber\html-formatter\20.2.1\html-formatter-20.2.1.jar;C:\Users\User\.m2\repository\io\cucumber\junit-xml-formatter\0.1.0\junit-xml-formatter-0.1.0.jar;C:\Users\User\.m2\repository\io\cucumber\ci-environment\9.1.0\ci-environment-9.1.0.jar;C:\Users\User\.m2\repository\io\cucumber\cucumber-java\7.11.0\cucumber-java-7.11.0.jar;C:\Users\User\.m2\repository\io\cucumber\cucumber-junit\7.11.0\cucumber-junit-7.11.0.jar;C:\Users\User\.m2\repository\org\apache\commons\commons-csv\1.5\commons-csv-1.5.jar;C:\Users\User\.m2\repository\net\serenity-bdd\serenity-screenplay\3.6.21\serenity-screenplay-3.6.21.jar;C:\Users\User\.m2\repository\net\serenity-bdd\serenity-screenplay-webdriver\3.6.21\serenity-screenplay-webdriver-3.6.21.jar;C:\Users\User\.m2\repository\net\serenity-bdd\serenity-ensure\3.6.21\serenity-ensure-3.6.21.jar;C:\Users\User\.m2\repository\net\serenity-bdd\serenity-junit\3.6.21\serenity-junit-3.6.21.jar;C:\Users\User\.m2\repository\org\jetbrains\kotlin\kotlin-stdlib\1.8.10\kotlin-stdlib-1.8.10.jar;C:\Users\User\.m2\repository\org\jetbrains\kotlin\kotlin-stdlib-common\1.8.10\kotlin-stdlib-common-1.8.10.jar;C:\Users\User\.m2\repository\org\jetbrains\annotations\13.0\annotations-13.0.jar;C:\Users\User\.m2\repository\org\junit\platform\junit-platform-launcher\1.8.2\junit-platform-launcher-1.8.2.jar;C:\Users\User\.m2\repository\org\junit\platform\junit-platform-engine\1.8.2\junit-platform-engine-1.8.2.jar;C:\Users\User\.m2\repository\org\opentest4j\opentest4j\1.2.0\opentest4j-1.2.0.jar;C:\Users\User\.m2\repository\org\junit\platform\junit-platform-commons\1.8.2\junit-platform-commons-1.8.2.jar;C:\Users\User\.m2\repository\org\apiguardian\apiguardian-api\1.1.2\apiguardian-api-1.1.2.jar;C:\Users\User\.m2\repository\org\junit\jupiter\junit-jupiter-engine\5.8.2\junit-jupiter-engine-5.8.2.jar;C:\Users\User\.m2\repository\org\junit\jupiter\junit-jupiter-api\5.8.2\junit-jupiter-api-5.8.2.jar;C:\Users\User\.m2\repository\org\junit\vintage\junit-vintage-engine\5.8.2\junit-vintage-engine-5.8.2.jar;C:\Users\User\.m2\repository\junit\junit\4.13.2\junit-4.13.2.jar;C:\Users\User\.m2\repository\org\hamcrest\hamcrest-core\1.3\hamcrest-core-1.3.jar;C:\Users\User\.m2\repository\ch\qos\logback\logback-classic\1.2.10\logback-classic-1.2.10.jar;C:\Users\User\.m2\repository\ch\qos\logback\logback-core\1.2.10\logback-core-1.2.10.jar;C:\Users\User\.m2\repository\org\slf4j\slf4j-api\1.7.32\slf4j-api-1.7.32.jar;C:\Users\User\.m2\repository\org\assertj\assertj-core\3.23.1\assertj-core-3.23.1.jar;C:\Users\User\.m2\repository\net\bytebuddy\byte-buddy\1.12.10\byte-buddy-1.12.10.jar;"/>
    <property name="java.vm.vendor" value="Oracle Corporation"/>
    <property name="sun.arch.data.model" value="64"/>
    <property name="user.variant" value=""/>
    <property name="java.vendor.url" value="https://java.oracle.com/"/>
    <property name="user.timezone" value="Asia/Jakarta"/>
    <property name="os.name" value="Windows 10"/>
    <property name="java.vm.specification.version" value="19"/>
    <property name="sun.java.launcher" value="SUN_STANDARD"/>
    <property name="user.country" value="ID"/>
    <property name="sun.boot.library.path" value="C:\Program Files\Java\jdk-19\bin"/>
    <property name="sun.java.command" value="org.apache.maven.surefire.booter.ForkedBooter C:\Users\User\AppData\Local\Temp\surefire9029104844232983155 2023-04-06T14-38-58_771-jvmRun1 surefire17779854443827347549tmp surefire_04367005234255042595tmp"/>
    <property name="jdk.debug" value="release"/>
    <property name="surefire.test.class.path" value="C:\Users\User\IdeaProjects\hehew\target\test-classes;C:\Users\User\.m2\repository\net\serenity-bdd\serenity-core\3.6.21\serenity-core-3.6.21.jar;C:\Users\User\.m2\repository\net\serenity-bdd\serenity-model\3.6.21\serenity-model-3.6.21.jar;C:\Users\User\.m2\repository\org\apache\commons\commons-text\1.10.0\commons-text-1.10.0.jar;C:\Users\User\.m2\repository\commons-net\commons-net\3.9.0\commons-net-3.9.0.jar;C:\Users\User\.m2\repository\com\google\guava\guava\31.1-jre\guava-31.1-jre.jar;C:\Users\User\.m2\repository\com\google\guava\failureaccess\1.0.1\failureaccess-1.0.1.jar;C:\Users\User\.m2\repository\com\google\guava\listenablefuture\9999.0-empty-to-avoid-conflict-with-guava\listenablefuture-9999.0-empty-to-avoid-conflict-with-guava.jar;C:\Users\User\.m2\repository\com\google\code\findbugs\jsr305\3.0.2\jsr305-3.0.2.jar;C:\Users\User\.m2\repository\org\checkerframework\checker-qual\3.12.0\checker-qual-3.12.0.jar;C:\Users\User\.m2\repository\com\google\errorprone\error_prone_annotations\2.11.0\error_prone_annotations-2.11.0.jar;C:\Users\User\.m2\repository\com\google\j2objc\j2objc-annotations\1.3\j2objc-annotations-1.3.jar;C:\Users\User\.m2\repository\com\google\inject\guice\5.1.0\guice-5.1.0.jar;C:\Users\User\.m2\repository\javax\inject\javax.inject\1\javax.inject-1.jar;C:\Users\User\.m2\repository\aopalliance\aopalliance\1.0\aopalliance-1.0.jar;C:\Users\User\.m2\repository\org\jsoup\jsoup\1.14.3\jsoup-1.14.3.jar;C:\Users\User\.m2\repository\com\thoughtworks\xstream\xstream\1.4.20\xstream-1.4.20.jar;C:\Users\User\.m2\repository\io\github\x-stream\mxparser\1.2.2\mxparser-1.2.2.jar;C:\Users\User\.m2\repository\xmlpull\xmlpull\1.1.3.1\xmlpull-1.1.3.1.jar;C:\Users\User\.m2\repository\com\typesafe\config\1.4.2\config-1.4.2.jar;C:\Users\User\.m2\repository\org\imgscalr\imgscalr-lib\4.2\imgscalr-lib-4.2.jar;C:\Users\User\.m2\repository\org\awaitility\awaitility\4.2.0\awaitility-4.2.0.jar;C:\Users\User\.m2\repository\org\freemarker\freemarker\2.3.31\freemarker-2.3.31.jar;C:\Users\User\.m2\repository\io\github\classgraph\classgraph\4.8.138\classgraph-4.8.138.jar;C:\Users\User\.m2\repository\net\sourceforge\jexcelapi\jxl\2.6.12\jxl-2.6.12.jar;C:\Users\User\.m2\repository\net\bytebuddy\byte-buddy-agent\1.14.2\byte-buddy-agent-1.14.2.jar;C:\Users\User\.m2\repository\org\objenesis\objenesis\3.3\objenesis-3.3.jar;C:\Users\User\.m2\repository\net\serenity-bdd\serenity-reports\3.6.21\serenity-reports-3.6.21.jar;C:\Users\User\.m2\repository\net\serenity-bdd\serenity-stats\3.6.21\serenity-stats-3.6.21.jar;C:\Users\User\.m2\repository\net\serenity-bdd\serenity-reports-configuration\3.6.21\serenity-reports-configuration-3.6.21.jar;C:\Users\User\.m2\repository\com\vladsch\flexmark\flexmark-all\0.62.2\flexmark-all-0.62.2.jar;C:\Users\User\.m2\repository\com\vladsch\flexmark\flexmark\0.62.2\flexmark-0.62.2.jar;C:\Users\User\.m2\repository\com\vladsch\flexmark\flexmark-ext-abbreviation\0.62.2\flexmark-ext-abbreviation-0.62.2.jar;C:\Users\User\.m2\repository\com\vladsch\flexmark\flexmark-util\0.62.2\flexmark-util-0.62.2.jar;C:\Users\User\.m2\repository\com\vladsch\flexmark\flexmark-ext-admonition\0.62.2\flexmark-ext-admonition-0.62.2.jar;C:\Users\User\.m2\repository\com\vladsch\flexmark\flexmark-ext-anchorlink\0.62.2\flexmark-ext-anchorlink-0.62.2.jar;C:\Users\User\.m2\repository\com\vladsch\flexmark\flexmark-ext-aside\0.62.2\flexmark-ext-aside-0.62.2.jar;C:\Users\User\.m2\repository\com\vladsch\flexmark\flexmark-ext-attributes\0.62.2\flexmark-ext-attributes-0.62.2.jar;C:\Users\User\.m2\repository\com\vladsch\flexmark\flexmark-ext-autolink\0.62.2\flexmark-ext-autolink-0.62.2.jar;C:\Users\User\.m2\repository\org\nibor\autolink\autolink\0.6.0\autolink-0.6.0.jar;C:\Users\User\.m2\repository\com\vladsch\flexmark\flexmark-ext-definition\0.62.2\flexmark-ext-definition-0.62.2.jar;C:\Users\User\.m2\repository\com\vladsch\flexmark\flexmark-ext-emoji\0.62.2\flexmark-ext-emoji-0.62.2.jar;C:\Users\User\.m2\repository\com\vladsch\flexmark\flexmark-ext-enumerated-reference\0.62.2\flexmark-ext-enumerated-reference-0.62.2.jar;C:\Users\User\.m2\repository\com\vladsch\flexmark\flexmark-ext-escaped-character\0.62.2\flexmark-ext-escaped-character-0.62.2.jar;C:\Users\User\.m2\repository\com\vladsch\flexmark\flexmark-ext-footnotes\0.62.2\flexmark-ext-footnotes-0.62.2.jar;C:\Users\User\.m2\repository\com\vladsch\flexmark\flexmark-ext-gfm-issues\0.62.2\flexmark-ext-gfm-issues-0.62.2.jar;C:\Users\User\.m2\repository\com\vladsch\flexmark\flexmark-ext-gfm-strikethrough\0.62.2\flexmark-ext-gfm-strikethrough-0.62.2.jar;C:\Users\User\.m2\repository\com\vladsch\flexmark\flexmark-ext-gfm-tasklist\0.62.2\flexmark-ext-gfm-tasklist-0.62.2.jar;C:\Users\User\.m2\repository\com\vladsch\flexmark\flexmark-ext-gfm-users\0.62.2\flexmark-ext-gfm-users-0.62.2.jar;C:\Users\User\.m2\repository\com\vladsch\flexmark\flexmark-ext-gitlab\0.62.2\flexmark-ext-gitlab-0.62.2.jar;C:\Users\User\.m2\repository\com\vladsch\flexmark\flexmark-ext-jekyll-front-matter\0.62.2\flexmark-ext-jekyll-front-matter-0.62.2.jar;C:\Users\User\.m2\repository\com\vladsch\flexmark\flexmark-ext-jekyll-tag\0.62.2\flexmark-ext-jekyll-tag-0.62.2.jar;C:\Users\User\.m2\repository\com\vladsch\flexmark\flexmark-ext-media-tags\0.62.2\flexmark-ext-media-tags-0.62.2.jar;C:\Users\User\.m2\repository\com\vladsch\flexmark\flexmark-ext-macros\0.62.2\flexmark-ext-macros-0.62.2.jar;C:\Users\User\.m2\repository\com\vladsch\flexmark\flexmark-ext-ins\0.62.2\flexmark-ext-ins-0.62.2.jar;C:\Users\User\.m2\repository\com\vladsch\flexmark\flexmark-ext-xwiki-macros\0.62.2\flexmark-ext-xwiki-macros-0.62.2.jar;C:\Users\User\.m2\repository\com\vladsch\flexmark\flexmark-ext-superscript\0.62.2\flexmark-ext-superscript-0.62.2.jar;C:\Users\User\.m2\repository\com\vladsch\flexmark\flexmark-ext-tables\0.62.2\flexmark-ext-tables-0.62.2.jar;C:\Users\User\.m2\repository\com\vladsch\flexmark\flexmark-ext-toc\0.62.2\flexmark-ext-toc-0.62.2.jar;C:\Users\User\.m2\repository\com\vladsch\flexmark\flexmark-ext-typographic\0.62.2\flexmark-ext-typographic-0.62.2.jar;C:\Users\User\.m2\repository\com\vladsch\flexmark\flexmark-ext-wikilink\0.62.2\flexmark-ext-wikilink-0.62.2.jar;C:\Users\User\.m2\repository\com\vladsch\flexmark\flexmark-ext-yaml-front-matter\0.62.2\flexmark-ext-yaml-front-matter-0.62.2.jar;C:\Users\User\.m2\repository\com\vladsch\flexmark\flexmark-ext-youtube-embedded\0.62.2\flexmark-ext-youtube-embedded-0.62.2.jar;C:\Users\User\.m2\repository\com\vladsch\flexmark\flexmark-html2md-converter\0.62.2\flexmark-html2md-converter-0.62.2.jar;C:\Users\User\.m2\repository\com\vladsch\flexmark\flexmark-jira-converter\0.62.2\flexmark-jira-converter-0.62.2.jar;C:\Users\User\.m2\repository\com\vladsch\flexmark\flexmark-pdf-converter\0.62.2\flexmark-pdf-converter-0.62.2.jar;C:\Users\User\.m2\repository\com\openhtmltopdf\openhtmltopdf-core\1.0.0\openhtmltopdf-core-1.0.0.jar;C:\Users\User\.m2\repository\com\openhtmltopdf\openhtmltopdf-pdfbox\1.0.0\openhtmltopdf-pdfbox-1.0.0.jar;C:\Users\User\.m2\repository\org\apache\pdfbox\pdfbox\2.0.16\pdfbox-2.0.16.jar;C:\Users\User\.m2\repository\org\apache\pdfbox\fontbox\2.0.16\fontbox-2.0.16.jar;C:\Users\User\.m2\repository\org\apache\pdfbox\xmpbox\2.0.16\xmpbox-2.0.16.jar;C:\Users\User\.m2\repository\de\rototor\pdfbox\graphics2d\0.24\graphics2d-0.24.jar;C:\Users\User\.m2\repository\com\openhtmltopdf\openhtmltopdf-rtl-support\1.0.0\openhtmltopdf-rtl-support-1.0.0.jar;C:\Users\User\.m2\repository\com\openhtmltopdf\openhtmltopdf-jsoup-dom-converter\1.0.0\openhtmltopdf-jsoup-dom-converter-1.0.0.jar;C:\Users\User\.m2\repository\com\vladsch\flexmark\flexmark-profile-pegdown\0.62.2\flexmark-profile-pegdown-0.62.2.jar;C:\Users\User\.m2\repository\com\vladsch\flexmark\flexmark-util-ast\0.62.2\flexmark-util-ast-0.62.2.jar;C:\Users\User\.m2\repository\com\vladsch\flexmark\flexmark-util-builder\0.62.2\flexmark-util-builder-0.62.2.jar;C:\Users\User\.m2\repository\com\vladsch\flexmark\flexmark-util-collection\0.62.2\flexmark-util-collection-0.62.2.jar;C:\Users\User\.m2\repository\com\vladsch\flexmark\flexmark-util-data\0.62.2\flexmark-util-data-0.62.2.jar;C:\Users\User\.m2\repository\com\vladsch\flexmark\flexmark-util-dependency\0.62.2\flexmark-util-dependency-0.62.2.jar;C:\Users\User\.m2\repository\com\vladsch\flexmark\flexmark-util-format\0.62.2\flexmark-util-format-0.62.2.jar;C:\Users\User\.m2\repository\com\vladsch\flexmark\flexmark-util-html\0.62.2\flexmark-util-html-0.62.2.jar;C:\Users\User\.m2\repository\com\vladsch\flexmark\flexmark-util-misc\0.62.2\flexmark-util-misc-0.62.2.jar;C:\Users\User\.m2\repository\com\vladsch\flexmark\flexmark-util-options\0.62.2\flexmark-util-options-0.62.2.jar;C:\Users\User\.m2\repository\com\vladsch\flexmark\flexmark-util-sequence\0.62.2\flexmark-util-sequence-0.62.2.jar;C:\Users\User\.m2\repository\com\vladsch\flexmark\flexmark-util-visitor\0.62.2\flexmark-util-visitor-0.62.2.jar;C:\Users\User\.m2\repository\com\vladsch\flexmark\flexmark-youtrack-converter\0.62.2\flexmark-youtrack-converter-0.62.2.jar;C:\Users\User\.m2\repository\com\ibm\icu\icu4j\72.1\icu4j-72.1.jar;C:\Users\User\.m2\repository\es\nitaur\markdown\txtmark\0.16\txtmark-0.16.jar;C:\Users\User\.m2\repository\net\serenity-bdd\serenity-report-resources\3.6.21\serenity-report-resources-3.6.21.jar;C:\Users\User\.m2\repository\com\google\code\gson\gson\2.10.1\gson-2.10.1.jar;C:\Users\User\.m2\repository\com\fasterxml\jackson\core\jackson-core\2.15.0-rc1\jackson-core-2.15.0-rc1.jar;C:\Users\User\.m2\repository\com\fasterxml\jackson\core\jackson-databind\2.15.0-rc1\jackson-databind-2.15.0-rc1.jar;C:\Users\User\.m2\repository\com\fasterxml\jackson\core\jackson-annotations\2.15.0-rc1\jackson-annotations-2.15.0-rc1.jar;C:\Users\User\.m2\repository\commons-codec\commons-codec\1.15\commons-codec-1.15.jar;C:\Users\User\.m2\repository\commons-io\commons-io\2.11.0\commons-io-2.11.0.jar;C:\Users\User\.m2\repository\org\apache\httpcomponents\httpclient\4.5.13\httpclient-4.5.13.jar;C:\Users\User\.m2\repository\org\apache\httpcomponents\httpcore\4.4.13\httpcore-4.4.13.jar;C:\Users\User\.m2\repository\commons-logging\commons-logging\1.2\commons-logging-1.2.jar;C:\Users\User\.m2\repository\org\seleniumhq\selenium\selenium-java\4.8.1\selenium-java-4.8.1.jar;C:\Users\User\.m2\repository\org\seleniumhq\selenium\selenium-devtools-v108\4.8.1\selenium-devtools-v108-4.8.1.jar;C:\Users\User\.m2\repository\org\seleniumhq\selenium\selenium-devtools-v109\4.8.1\selenium-devtools-v109-4.8.1.jar;C:\Users\User\.m2\repository\org\seleniumhq\selenium\selenium-devtools-v110\4.8.1\selenium-devtools-v110-4.8.1.jar;C:\Users\User\.m2\repository\org\seleniumhq\selenium\selenium-devtools-v85\4.8.1\selenium-devtools-v85-4.8.1.jar;C:\Users\User\.m2\repository\org\seleniumhq\selenium\selenium-remote-driver\4.8.1\selenium-remote-driver-4.8.1.jar;C:\Users\User\.m2\repository\com\beust\jcommander\1.82\jcommander-1.82.jar;C:\Users\User\.m2\repository\io\netty\netty-buffer\4.1.87.Final\netty-buffer-4.1.87.Final.jar;C:\Users\User\.m2\repository\io\netty\netty-codec-http\4.1.87.Final\netty-codec-http-4.1.87.Final.jar;C:\Users\User\.m2\repository\io\netty\netty-codec\4.1.87.Final\netty-codec-4.1.87.Final.jar;C:\Users\User\.m2\repository\io\netty\netty-handler\4.1.87.Final\netty-handler-4.1.87.Final.jar;C:\Users\User\.m2\repository\io\netty\netty-common\4.1.87.Final\netty-common-4.1.87.Final.jar;C:\Users\User\.m2\repository\io\netty\netty-transport-classes-epoll\4.1.87.Final\netty-transport-classes-epoll-4.1.87.Final.jar;C:\Users\User\.m2\repository\io\netty\netty-transport-classes-kqueue\4.1.87.Final\netty-transport-classes-kqueue-4.1.87.Final.jar;C:\Users\User\.m2\repository\io\netty\netty-transport-native-epoll\4.1.87.Final\netty-transport-native-epoll-4.1.87.Final.jar;C:\Users\User\.m2\repository\io\netty\netty-transport-native-kqueue\4.1.87.Final\netty-transport-native-kqueue-4.1.87.Final.jar;C:\Users\User\.m2\repository\io\netty\netty-transport-native-unix-common\4.1.87.Final\netty-transport-native-unix-common-4.1.87.Final.jar;C:\Users\User\.m2\repository\io\netty\netty-transport\4.1.87.Final\netty-transport-4.1.87.Final.jar;C:\Users\User\.m2\repository\io\netty\netty-resolver\4.1.87.Final\netty-resolver-4.1.87.Final.jar;C:\Users\User\.m2\repository\io\opentelemetry\opentelemetry-api\1.22.0\opentelemetry-api-1.22.0.jar;C:\Users\User\.m2\repository\io\opentelemetry\opentelemetry-context\1.22.0\opentelemetry-context-1.22.0.jar;C:\Users\User\.m2\repository\io\opentelemetry\opentelemetry-exporter-logging\1.22.0\opentelemetry-exporter-logging-1.22.0.jar;C:\Users\User\.m2\repository\io\opentelemetry\opentelemetry-sdk-metrics\1.22.0\opentelemetry-sdk-metrics-1.22.0.jar;C:\Users\User\.m2\repository\io\opentelemetry\opentelemetry-sdk-logs\1.22.0-alpha\opentelemetry-sdk-logs-1.22.0-alpha.jar;C:\Users\User\.m2\repository\io\opentelemetry\opentelemetry-api-logs\1.22.0-alpha\opentelemetry-api-logs-1.22.0-alpha.jar;C:\Users\User\.m2\repository\io\opentelemetry\opentelemetry-sdk-common\1.22.0\opentelemetry-sdk-common-1.22.0.jar;C:\Users\User\.m2\repository\io\opentelemetry\opentelemetry-sdk-extension-autoconfigure-spi\1.22.0\opentelemetry-sdk-extension-autoconfigure-spi-1.22.0.jar;C:\Users\User\.m2\repository\io\opentelemetry\opentelemetry-sdk-extension-autoconfigure\1.22.0-alpha\opentelemetry-sdk-extension-autoconfigure-1.22.0-alpha.jar;C:\Users\User\.m2\repository\io\opentelemetry\opentelemetry-sdk-trace\1.22.0\opentelemetry-sdk-trace-1.22.0.jar;C:\Users\User\.m2\repository\io\opentelemetry\opentelemetry-sdk\1.22.0\opentelemetry-sdk-1.22.0.jar;C:\Users\User\.m2\repository\io\opentelemetry\opentelemetry-semconv\1.22.0-alpha\opentelemetry-semconv-1.22.0-alpha.jar;C:\Users\User\.m2\repository\io\ous\jtoml\2.0.0\jtoml-2.0.0.jar;C:\Users\User\.m2\repository\org\apache\commons\commons-exec\1.3\commons-exec-1.3.jar;C:\Users\User\.m2\repository\org\asynchttpclient\async-http-client\2.12.3\async-http-client-2.12.3.jar;C:\Users\User\.m2\repository\org\asynchttpclient\async-http-client-netty-utils\2.12.3\async-http-client-netty-utils-2.12.3.jar;C:\Users\User\.m2\repository\io\netty\netty-codec-socks\4.1.60.Final\netty-codec-socks-4.1.60.Final.jar;C:\Users\User\.m2\repository\io\netty\netty-handler-proxy\4.1.60.Final\netty-handler-proxy-4.1.60.Final.jar;C:\Users\User\.m2\repository\io\netty\netty-transport-native-epoll\4.1.60.Final\netty-transport-native-epoll-4.1.60.Final-linux-x86_64.jar;C:\Users\User\.m2\repository\io\netty\netty-transport-native-kqueue\4.1.60.Final\netty-transport-native-kqueue-4.1.60.Final-osx-x86_64.jar;C:\Users\User\.m2\repository\org\reactivestreams\reactive-streams\1.0.3\reactive-streams-1.0.3.jar;C:\Users\User\.m2\repository\com\typesafe\netty\netty-reactive-streams\2.0.4\netty-reactive-streams-2.0.4.jar;C:\Users\User\.m2\repository\org\seleniumhq\selenium\selenium-manager\4.8.1\selenium-manager-4.8.1.jar;C:\Users\User\.m2\repository\org\seleniumhq\selenium\selenium-safari-driver\4.8.1\selenium-safari-driver-4.8.1.jar;C:\Users\User\.m2\repository\org\seleniumhq\selenium\selenium-api\4.8.1\selenium-api-4.8.1.jar;C:\Users\User\.m2\repository\org\seleniumhq\selenium\selenium-support\4.8.1\selenium-support-4.8.1.jar;C:\Users\User\.m2\repository\com\google\auto\service\auto-service-annotations\1.0.1\auto-service-annotations-1.0.1.jar;C:\Users\User\.m2\repository\com\google\auto\service\auto-service\1.0.1\auto-service-1.0.1.jar;C:\Users\User\.m2\repository\com\google\auto\auto-common\1.2\auto-common-1.2.jar;C:\Users\User\.m2\repository\org\seleniumhq\selenium\selenium-json\4.8.1\selenium-json-4.8.1.jar;C:\Users\User\.m2\repository\org\seleniumhq\selenium\selenium-chrome-driver\4.8.1\selenium-chrome-driver-4.8.1.jar;C:\Users\User\.m2\repository\org\seleniumhq\selenium\selenium-chromium-driver\4.8.1\selenium-chromium-driver-4.8.1.jar;C:\Users\User\.m2\repository\org\seleniumhq\selenium\selenium-firefox-driver\4.8.1\selenium-firefox-driver-4.8.1.jar;C:\Users\User\.m2\repository\org\seleniumhq\selenium\selenium-http\4.8.1\selenium-http-4.8.1.jar;C:\Users\User\.m2\repository\dev\failsafe\failsafe\3.3.0\failsafe-3.3.0.jar;C:\Users\User\.m2\repository\org\seleniumhq\selenium\selenium-edge-driver\4.8.1\selenium-edge-driver-4.8.1.jar;C:\Users\User\.m2\repository\org\seleniumhq\selenium\selenium-ie-driver\4.8.1\selenium-ie-driver-4.8.1.jar;C:\Users\User\.m2\repository\org\projectlombok\lombok\1.18.20\lombok-1.18.20.jar;C:\Users\User\.m2\repository\io\appium\java-client\8.3.0\java-client-8.3.0.jar;C:\Users\User\.m2\repository\commons-validator\commons-validator\1.7\commons-validator-1.7.jar;C:\Users\User\.m2\repository\commons-digester\commons-digester\2.1\commons-digester-2.1.jar;C:\Users\User\.m2\repository\org\apache\groovy\groovy\4.0.10\groovy-4.0.10.jar;C:\Users\User\.m2\repository\net\sf\opencsv\opencsv\2.0\opencsv-2.0.jar;C:\Users\User\.m2\repository\commons-beanutils\commons-beanutils\1.9.4\commons-beanutils-1.9.4.jar;C:\Users\User\.m2\repository\org\apache\commons\commons-lang3\3.12.0\commons-lang3-3.12.0.jar;C:\Users\User\.m2\repository\commons-collections\commons-collections\3.2.2\commons-collections-3.2.2.jar;C:\Users\User\.m2\repository\org\fluentlenium\fluentlenium-core\0.10.2\fluentlenium-core-0.10.2.jar;C:\Users\User\.m2\repository\io\github\bonigarcia\webdrivermanager\5.3.0\webdrivermanager-5.3.0.jar;C:\Users\User\.m2\repository\com\github\docker-java\docker-java\3.2.13\docker-java-3.2.13.jar;C:\Users\User\.m2\repository\com\github\docker-java\docker-java-core\3.2.13\docker-java-core-3.2.13.jar;C:\Users\User\.m2\repository\com\github\docker-java\docker-java-api\3.2.13\docker-java-api-3.2.13.jar;C:\Users\User\.m2\repository\org\apache\commons\commons-compress\1.21\commons-compress-1.21.jar;C:\Users\User\.m2\repository\org\bouncycastle\bcpkix-jdk15on\1.64\bcpkix-jdk15on-1.64.jar;C:\Users\User\.m2\repository\org\bouncycastle\bcprov-jdk15on\1.64\bcprov-jdk15on-1.64.jar;C:\Users\User\.m2\repository\org\slf4j\jcl-over-slf4j\1.7.30\jcl-over-slf4j-1.7.30.jar;C:\Users\User\.m2\repository\com\github\docker-java\docker-java-transport-httpclient5\3.2.13\docker-java-transport-httpclient5-3.2.13.jar;C:\Users\User\.m2\repository\com\github\docker-java\docker-java-transport\3.2.13\docker-java-transport-3.2.13.jar;C:\Users\User\.m2\repository\net\java\dev\jna\jna\5.8.0\jna-5.8.0.jar;C:\Users\User\.m2\repository\org\brotli\dec\0.1.2\dec-0.1.2.jar;C:\Users\User\.m2\repository\org\apache\httpcomponents\client5\httpclient5\5.1.3\httpclient5-5.1.3.jar;C:\Users\User\.m2\repository\org\apache\httpcomponents\core5\httpcore5\5.1.3\httpcore5-5.1.3.jar;C:\Users\User\.m2\repository\org\apache\httpcomponents\core5\httpcore5-h2\5.1.3\httpcore5-h2-5.1.3.jar;C:\Users\User\.m2\repository\com\jhlabs\filters\2.0.235\filters-2.0.235.jar;C:\Users\User\.m2\repository\com\paulhammant\ngwebdriver\1.1.6\ngwebdriver-1.1.6.jar;C:\Users\User\.m2\repository\joda-time\joda-time\2.12.2\joda-time-2.12.2.jar;C:\Users\User\.m2\repository\org\hamcrest\hamcrest\2.2\hamcrest-2.2.jar;C:\Users\User\.m2\repository\com\google\jimfs\jimfs\1.2\jimfs-1.2.jar;C:\Users\User\.m2\repository\org\mockito\mockito-core\3.3.3\mockito-core-3.3.3.jar;C:\Users\User\.m2\repository\javax\xml\bind\jaxb-api\2.3.1\jaxb-api-2.3.1.jar;C:\Users\User\.m2\repository\javax\activation\javax.activation-api\1.2.0\javax.activation-api-1.2.0.jar;C:\Users\User\.m2\repository\com\sun\xml\bind\jaxb-core\2.3.0.1\jaxb-core-2.3.0.1.jar;C:\Users\User\.m2\repository\com\sun\xml\bind\jaxb-impl\2.3.3\jaxb-impl-2.3.3.jar;C:\Users\User\.m2\repository\jakarta\xml\bind\jakarta.xml.bind-api\2.3.3\jakarta.xml.bind-api-2.3.3.jar;C:\Users\User\.m2\repository\com\sun\activation\jakarta.activation\1.2.2\jakarta.activation-1.2.2.jar;C:\Users\User\.m2\repository\javax\activation\activation\1.1.1\activation-1.1.1.jar;C:\Users\User\.m2\repository\net\serenity-bdd\serenity-cucumber\3.6.21\serenity-cucumber-3.6.21.jar;C:\Users\User\.m2\repository\io\cucumber\cucumber-core\7.11.0\cucumber-core-7.11.0.jar;C:\Users\User\.m2\repository\io\cucumber\cucumber-gherkin\7.11.0\cucumber-gherkin-7.11.0.jar;C:\Users\User\.m2\repository\io\cucumber\cucumber-gherkin-messages\7.11.0\cucumber-gherkin-messages-7.11.0.jar;C:\Users\User\.m2\repository\io\cucumber\gherkin\26.0.3\gherkin-26.0.3.jar;C:\Users\User\.m2\repository\io\cucumber\messages\21.0.1\messages-21.0.1.jar;C:\Users\User\.m2\repository\io\cucumber\tag-expressions\5.0.1\tag-expressions-5.0.1.jar;C:\Users\User\.m2\repository\io\cucumber\cucumber-expressions\16.1.1\cucumber-expressions-16.1.1.jar;C:\Users\User\.m2\repository\io\cucumber\datatable\7.11.0\datatable-7.11.0.jar;C:\Users\User\.m2\repository\io\cucumber\cucumber-plugin\7.11.0\cucumber-plugin-7.11.0.jar;C:\Users\User\.m2\repository\io\cucumber\docstring\7.11.0\docstring-7.11.0.jar;C:\Users\User\.m2\repository\io\cucumber\html-formatter\20.2.1\html-formatter-20.2.1.jar;C:\Users\User\.m2\repository\io\cucumber\junit-xml-formatter\0.1.0\junit-xml-formatter-0.1.0.jar;C:\Users\User\.m2\repository\io\cucumber\ci-environment\9.1.0\ci-environment-9.1.0.jar;C:\Users\User\.m2\repository\io\cucumber\cucumber-java\7.11.0\cucumber-java-7.11.0.jar;C:\Users\User\.m2\repository\io\cucumber\cucumber-junit\7.11.0\cucumber-junit-7.11.0.jar;C:\Users\User\.m2\repository\org\apache\commons\commons-csv\1.5\commons-csv-1.5.jar;C:\Users\User\.m2\repository\net\serenity-bdd\serenity-screenplay\3.6.21\serenity-screenplay-3.6.21.jar;C:\Users\User\.m2\repository\net\serenity-bdd\serenity-screenplay-webdriver\3.6.21\serenity-screenplay-webdriver-3.6.21.jar;C:\Users\User\.m2\repository\net\serenity-bdd\serenity-ensure\3.6.21\serenity-ensure-3.6.21.jar;C:\Users\User\.m2\repository\net\serenity-bdd\serenity-junit\3.6.21\serenity-junit-3.6.21.jar;C:\Users\User\.m2\repository\org\jetbrains\kotlin\kotlin-stdlib\1.8.10\kotlin-stdlib-1.8.10.jar;C:\Users\User\.m2\repository\org\jetbrains\kotlin\kotlin-stdlib-common\1.8.10\kotlin-stdlib-common-1.8.10.jar;C:\Users\User\.m2\repository\org\jetbrains\annotations\13.0\annotations-13.0.jar;C:\Users\User\.m2\repository\org\junit\platform\junit-platform-launcher\1.8.2\junit-platform-launcher-1.8.2.jar;C:\Users\User\.m2\repository\org\junit\platform\junit-platform-engine\1.8.2\junit-platform-engine-1.8.2.jar;C:\Users\User\.m2\repository\org\opentest4j\opentest4j\1.2.0\opentest4j-1.2.0.jar;C:\Users\User\.m2\repository\org\junit\platform\junit-platform-commons\1.8.2\junit-platform-commons-1.8.2.jar;C:\Users\User\.m2\repository\org\apiguardian\apiguardian-api\1.1.2\apiguardian-api-1.1.2.jar;C:\Users\User\.m2\repository\org\junit\jupiter\junit-jupiter-engine\5.8.2\junit-jupiter-engine-5.8.2.jar;C:\Users\User\.m2\repository\org\junit\jupiter\junit-jupiter-api\5.8.2\junit-jupiter-api-5.8.2.jar;C:\Users\User\.m2\repository\org\junit\vintage\junit-vintage-engine\5.8.2\junit-vintage-engine-5.8.2.jar;C:\Users\User\.m2\repository\junit\junit\4.13.2\junit-4.13.2.jar;C:\Users\User\.m2\repository\org\hamcrest\hamcrest-core\1.3\hamcrest-core-1.3.jar;C:\Users\User\.m2\repository\ch\qos\logback\logback-classic\1.2.10\logback-classic-1.2.10.jar;C:\Users\User\.m2\repository\ch\qos\logback\logback-core\1.2.10\logback-core-1.2.10.jar;C:\Users\User\.m2\repository\org\slf4j\slf4j-api\1.7.32\slf4j-api-1.7.32.jar;C:\Users\User\.m2\repository\org\assertj\assertj-core\3.23.1\assertj-core-3.23.1.jar;C:\Users\User\.m2\repository\net\bytebuddy\byte-buddy\1.12.10\byte-buddy-1.12.10.jar;"/>
    <property name="sun.cpu.endian" value="little"/>
    <property name="user.home" value="C:\Users\User"/>
    <property name="user.language" value="en"/>
    <property name="java.specification.vendor" value="Oracle Corporation"/>
    <property name="jdk.module.path" value="C:\Users\User\IdeaProjects\hehew\target\hehew-1.0-SNAPSHOT.jar"/>
    <property name="java.version.date" value="2023-01-17"/>
    <property name="java.home" value="C:\Program Files\Java\jdk-19"/>
    <property name="file.separator" value="\"/>
    <property name="basedir" value="C:\Users\User\IdeaProjects\hehew"/>
    <property name="java.vm.compressedOopsMode" value="32-bit"/>
    <property name="line.separator" value="&#10;"/>
    <property name="java.vm.specification.vendor" value="Oracle Corporation"/>
    <property name="java.specification.name" value="Java Platform API Specification"/>
    <property name="surefire.real.class.path" value="C:\Users\User\.m2\repository\org\apache\maven\surefire\surefire-booter\3.0.0-M5\surefire-booter-3.0.0-M5.jar;C:\Users\User\.m2\repository\org\apache\maven\surefire\surefire-api\3.0.0-M5\surefire-api-3.0.0-M5.jar;C:\Users\User\.m2\repository\org\apache\maven\surefire\surefire-logger-api\3.0.0-M5\surefire-logger-api-3.0.0-M5.jar;C:\Users\User\.m2\repository\org\apache\maven\surefire\surefire-shared-utils\3.0.0-M4\surefire-shared-utils-3.0.0-M4.jar;C:\Users\User\.m2\repository\org\apache\maven\surefire\surefire-extensions-spi\3.0.0-M5\surefire-extensions-spi-3.0.0-M5.jar;C:\Users\User\IdeaProjects\hehew\target\test-classes;C:\Users\User\.m2\repository\net\serenity-bdd\serenity-core\3.6.21\serenity-core-3.6.21.jar;C:\Users\User\.m2\repository\net\serenity-bdd\serenity-model\3.6.21\serenity-model-3.6.21.jar;C:\Users\User\.m2\repository\org\apache\commons\commons-text\1.10.0\commons-text-1.10.0.jar;C:\Users\User\.m2\repository\commons-net\commons-net\3.9.0\commons-net-3.9.0.jar;C:\Users\User\.m2\repository\com\google\guava\guava\31.1-jre\guava-31.1-jre.jar;C:\Users\User\.m2\repository\com\google\guava\failureaccess\1.0.1\failureaccess-1.0.1.jar;C:\Users\User\.m2\repository\com\google\guava\listenablefuture\9999.0-empty-to-avoid-conflict-with-guava\listenablefuture-9999.0-empty-to-avoid-conflict-with-guava.jar;C:\Users\User\.m2\repository\com\google\code\findbugs\jsr305\3.0.2\jsr305-3.0.2.jar;C:\Users\User\.m2\repository\org\checkerframework\checker-qual\3.12.0\checker-qual-3.12.0.jar;C:\Users\User\.m2\repository\com\google\errorprone\error_prone_annotations\2.11.0\error_prone_annotations-2.11.0.jar;C:\Users\User\.m2\repository\com\google\j2objc\j2objc-annotations\1.3\j2objc-annotations-1.3.jar;C:\Users\User\.m2\repository\com\google\inject\guice\5.1.0\guice-5.1.0.jar;C:\Users\User\.m2\repository\javax\inject\javax.inject\1\javax.inject-1.jar;C:\Users\User\.m2\repository\aopalliance\aopalliance\1.0\aopalliance-1.0.jar;C:\Users\User\.m2\repository\org\jsoup\jsoup\1.14.3\jsoup-1.14.3.jar;C:\Users\User\.m2\repository\com\thoughtworks\xstream\xstream\1.4.20\xstream-1.4.20.jar;C:\Users\User\.m2\repository\io\github\x-stream\mxparser\1.2.2\mxparser-1.2.2.jar;C:\Users\User\.m2\repository\xmlpull\xmlpull\1.1.3.1\xmlpull-1.1.3.1.jar;C:\Users\User\.m2\repository\com\typesafe\config\1.4.2\config-1.4.2.jar;C:\Users\User\.m2\repository\org\imgscalr\imgscalr-lib\4.2\imgscalr-lib-4.2.jar;C:\Users\User\.m2\repository\org\awaitility\awaitility\4.2.0\awaitility-4.2.0.jar;C:\Users\User\.m2\repository\org\freemarker\freemarker\2.3.31\freemarker-2.3.31.jar;C:\Users\User\.m2\repository\io\github\classgraph\classgraph\4.8.138\classgraph-4.8.138.jar;C:\Users\User\.m2\repository\net\sourceforge\jexcelapi\jxl\2.6.12\jxl-2.6.12.jar;C:\Users\User\.m2\repository\net\bytebuddy\byte-buddy-agent\1.14.2\byte-buddy-agent-1.14.2.jar;C:\Users\User\.m2\repository\org\objenesis\objenesis\3.3\objenesis-3.3.jar;C:\Users\User\.m2\repository\net\serenity-bdd\serenity-reports\3.6.21\serenity-reports-3.6.21.jar;C:\Users\User\.m2\repository\net\serenity-bdd\serenity-stats\3.6.21\serenity-stats-3.6.21.jar;C:\Users\User\.m2\repository\net\serenity-bdd\serenity-reports-configuration\3.6.21\serenity-reports-configuration-3.6.21.jar;C:\Users\User\.m2\repository\com\vladsch\flexmark\flexmark-all\0.62.2\flexmark-all-0.62.2.jar;C:\Users\User\.m2\repository\com\vladsch\flexmark\flexmark\0.62.2\flexmark-0.62.2.jar;C:\Users\User\.m2\repository\com\vladsch\flexmark\flexmark-ext-abbreviation\0.62.2\flexmark-ext-abbreviation-0.62.2.jar;C:\Users\User\.m2\repository\com\vladsch\flexmark\flexmark-util\0.62.2\flexmark-util-0.62.2.jar;C:\Users\User\.m2\repository\com\vladsch\flexmark\flexmark-ext-admonition\0.62.2\flexmark-ext-admonition-0.62.2.jar;C:\Users\User\.m2\repository\com\vladsch\flexmark\flexmark-ext-anchorlink\0.62.2\flexmark-ext-anchorlink-0.62.2.jar;C:\Users\User\.m2\repository\com\vladsch\flexmark\flexmark-ext-aside\0.62.2\flexmark-ext-aside-0.62.2.jar;C:\Users\User\.m2\repository\com\vladsch\flexmark\flexmark-ext-attributes\0.62.2\flexmark-ext-attributes-0.62.2.jar;C:\Users\User\.m2\repository\com\vladsch\flexmark\flexmark-ext-autolink\0.62.2\flexmark-ext-autolink-0.62.2.jar;C:\Users\User\.m2\repository\org\nibor\autolink\autolink\0.6.0\autolink-0.6.0.jar;C:\Users\User\.m2\repository\com\vladsch\flexmark\flexmark-ext-definition\0.62.2\flexmark-ext-definition-0.62.2.jar;C:\Users\User\.m2\repository\com\vladsch\flexmark\flexmark-ext-emoji\0.62.2\flexmark-ext-emoji-0.62.2.jar;C:\Users\User\.m2\repository\com\vladsch\flexmark\flexmark-ext-enumerated-reference\0.62.2\flexmark-ext-enumerated-reference-0.62.2.jar;C:\Users\User\.m2\repository\com\vladsch\flexmark\flexmark-ext-escaped-character\0.62.2\flexmark-ext-escaped-character-0.62.2.jar;C:\Users\User\.m2\repository\com\vladsch\flexmark\flexmark-ext-footnotes\0.62.2\flexmark-ext-footnotes-0.62.2.jar;C:\Users\User\.m2\repository\com\vladsch\flexmark\flexmark-ext-gfm-issues\0.62.2\flexmark-ext-gfm-issues-0.62.2.jar;C:\Users\User\.m2\repository\com\vladsch\flexmark\flexmark-ext-gfm-strikethrough\0.62.2\flexmark-ext-gfm-strikethrough-0.62.2.jar;C:\Users\User\.m2\repository\com\vladsch\flexmark\flexmark-ext-gfm-tasklist\0.62.2\flexmark-ext-gfm-tasklist-0.62.2.jar;C:\Users\User\.m2\repository\com\vladsch\flexmark\flexmark-ext-gfm-users\0.62.2\flexmark-ext-gfm-users-0.62.2.jar;C:\Users\User\.m2\repository\com\vladsch\flexmark\flexmark-ext-gitlab\0.62.2\flexmark-ext-gitlab-0.62.2.jar;C:\Users\User\.m2\repository\com\vladsch\flexmark\flexmark-ext-jekyll-front-matter\0.62.2\flexmark-ext-jekyll-front-matter-0.62.2.jar;C:\Users\User\.m2\repository\com\vladsch\flexmark\flexmark-ext-jekyll-tag\0.62.2\flexmark-ext-jekyll-tag-0.62.2.jar;C:\Users\User\.m2\repository\com\vladsch\flexmark\flexmark-ext-media-tags\0.62.2\flexmark-ext-media-tags-0.62.2.jar;C:\Users\User\.m2\repository\com\vladsch\flexmark\flexmark-ext-macros\0.62.2\flexmark-ext-macros-0.62.2.jar;C:\Users\User\.m2\repository\com\vladsch\flexmark\flexmark-ext-ins\0.62.2\flexmark-ext-ins-0.62.2.jar;C:\Users\User\.m2\repository\com\vladsch\flexmark\flexmark-ext-xwiki-macros\0.62.2\flexmark-ext-xwiki-macros-0.62.2.jar;C:\Users\User\.m2\repository\com\vladsch\flexmark\flexmark-ext-superscript\0.62.2\flexmark-ext-superscript-0.62.2.jar;C:\Users\User\.m2\repository\com\vladsch\flexmark\flexmark-ext-tables\0.62.2\flexmark-ext-tables-0.62.2.jar;C:\Users\User\.m2\repository\com\vladsch\flexmark\flexmark-ext-toc\0.62.2\flexmark-ext-toc-0.62.2.jar;C:\Users\User\.m2\repository\com\vladsch\flexmark\flexmark-ext-typographic\0.62.2\flexmark-ext-typographic-0.62.2.jar;C:\Users\User\.m2\repository\com\vladsch\flexmark\flexmark-ext-wikilink\0.62.2\flexmark-ext-wikilink-0.62.2.jar;C:\Users\User\.m2\repository\com\vladsch\flexmark\flexmark-ext-yaml-front-matter\0.62.2\flexmark-ext-yaml-front-matter-0.62.2.jar;C:\Users\User\.m2\repository\com\vladsch\flexmark\flexmark-ext-youtube-embedded\0.62.2\flexmark-ext-youtube-embedded-0.62.2.jar;C:\Users\User\.m2\repository\com\vladsch\flexmark\flexmark-html2md-converter\0.62.2\flexmark-html2md-converter-0.62.2.jar;C:\Users\User\.m2\repository\com\vladsch\flexmark\flexmark-jira-converter\0.62.2\flexmark-jira-converter-0.62.2.jar;C:\Users\User\.m2\repository\com\vladsch\flexmark\flexmark-pdf-converter\0.62.2\flexmark-pdf-converter-0.62.2.jar;C:\Users\User\.m2\repository\com\openhtmltopdf\openhtmltopdf-core\1.0.0\openhtmltopdf-core-1.0.0.jar;C:\Users\User\.m2\repository\com\openhtmltopdf\openhtmltopdf-pdfbox\1.0.0\openhtmltopdf-pdfbox-1.0.0.jar;C:\Users\User\.m2\repository\org\apache\pdfbox\pdfbox\2.0.16\pdfbox-2.0.16.jar;C:\Users\User\.m2\repository\org\apache\pdfbox\fontbox\2.0.16\fontbox-2.0.16.jar;C:\Users\User\.m2\repository\org\apache\pdfbox\xmpbox\2.0.16\xmpbox-2.0.16.jar;C:\Users\User\.m2\repository\de\rototor\pdfbox\graphics2d\0.24\graphics2d-0.24.jar;C:\Users\User\.m2\repository\com\openhtmltopdf\openhtmltopdf-rtl-support\1.0.0\openhtmltopdf-rtl-support-1.0.0.jar;C:\Users\User\.m2\repository\com\openhtmltopdf\openhtmltopdf-jsoup-dom-converter\1.0.0\openhtmltopdf-jsoup-dom-converter-1.0.0.jar;C:\Users\User\.m2\repository\com\vladsch\flexmark\flexmark-profile-pegdown\0.62.2\flexmark-profile-pegdown-0.62.2.jar;C:\Users\User\.m2\repository\com\vladsch\flexmark\flexmark-util-ast\0.62.2\flexmark-util-ast-0.62.2.jar;C:\Users\User\.m2\repository\com\vladsch\flexmark\flexmark-util-builder\0.62.2\flexmark-util-builder-0.62.2.jar;C:\Users\User\.m2\repository\com\vladsch\flexmark\flexmark-util-collection\0.62.2\flexmark-util-collection-0.62.2.jar;C:\Users\User\.m2\repository\com\vladsch\flexmark\flexmark-util-data\0.62.2\flexmark-util-data-0.62.2.jar;C:\Users\User\.m2\repository\com\vladsch\flexmark\flexmark-util-dependency\0.62.2\flexmark-util-dependency-0.62.2.jar;C:\Users\User\.m2\repository\com\vladsch\flexmark\flexmark-util-format\0.62.2\flexmark-util-format-0.62.2.jar;C:\Users\User\.m2\repository\com\vladsch\flexmark\flexmark-util-html\0.62.2\flexmark-util-html-0.62.2.jar;C:\Users\User\.m2\repository\com\vladsch\flexmark\flexmark-util-misc\0.62.2\flexmark-util-misc-0.62.2.jar;C:\Users\User\.m2\repository\com\vladsch\flexmark\flexmark-util-options\0.62.2\flexmark-util-options-0.62.2.jar;C:\Users\User\.m2\repository\com\vladsch\flexmark\flexmark-util-sequence\0.62.2\flexmark-util-sequence-0.62.2.jar;C:\Users\User\.m2\repository\com\vladsch\flexmark\flexmark-util-visitor\0.62.2\flexmark-util-visitor-0.62.2.jar;C:\Users\User\.m2\repository\com\vladsch\flexmark\flexmark-youtrack-converter\0.62.2\flexmark-youtrack-converter-0.62.2.jar;C:\Users\User\.m2\repository\com\ibm\icu\icu4j\72.1\icu4j-72.1.jar;C:\Users\User\.m2\repository\es\nitaur\markdown\txtmark\0.16\txtmark-0.16.jar;C:\Users\User\.m2\repository\net\serenity-bdd\serenity-report-resources\3.6.21\serenity-report-resources-3.6.21.jar;C:\Users\User\.m2\repository\com\google\code\gson\gson\2.10.1\gson-2.10.1.jar;C:\Users\User\.m2\repository\com\fasterxml\jackson\core\jackson-core\2.15.0-rc1\jackson-core-2.15.0-rc1.jar;C:\Users\User\.m2\repository\com\fasterxml\jackson\core\jackson-databind\2.15.0-rc1\jackson-databind-2.15.0-rc1.jar;C:\Users\User\.m2\repository\com\fasterxml\jackson\core\jackson-annotations\2.15.0-rc1\jackson-annotations-2.15.0-rc1.jar;C:\Users\User\.m2\repository\commons-codec\commons-codec\1.15\commons-codec-1.15.jar;C:\Users\User\.m2\repository\commons-io\commons-io\2.11.0\commons-io-2.11.0.jar;C:\Users\User\.m2\repository\org\apache\httpcomponents\httpclient\4.5.13\httpclient-4.5.13.jar;C:\Users\User\.m2\repository\org\apache\httpcomponents\httpcore\4.4.13\httpcore-4.4.13.jar;C:\Users\User\.m2\repository\commons-logging\commons-logging\1.2\commons-logging-1.2.jar;C:\Users\User\.m2\repository\org\seleniumhq\selenium\selenium-java\4.8.1\selenium-java-4.8.1.jar;C:\Users\User\.m2\repository\org\seleniumhq\selenium\selenium-devtools-v108\4.8.1\selenium-devtools-v108-4.8.1.jar;C:\Users\User\.m2\repository\org\seleniumhq\selenium\selenium-devtools-v109\4.8.1\selenium-devtools-v109-4.8.1.jar;C:\Users\User\.m2\repository\org\seleniumhq\selenium\selenium-devtools-v110\4.8.1\selenium-devtools-v110-4.8.1.jar;C:\Users\User\.m2\repository\org\seleniumhq\selenium\selenium-devtools-v85\4.8.1\selenium-devtools-v85-4.8.1.jar;C:\Users\User\.m2\repository\org\seleniumhq\selenium\selenium-remote-driver\4.8.1\selenium-remote-driver-4.8.1.jar;C:\Users\User\.m2\repository\com\beust\jcommander\1.82\jcommander-1.82.jar;C:\Users\User\.m2\repository\io\netty\netty-buffer\4.1.87.Final\netty-buffer-4.1.87.Final.jar;C:\Users\User\.m2\repository\io\netty\netty-codec-http\4.1.87.Final\netty-codec-http-4.1.87.Final.jar;C:\Users\User\.m2\repository\io\netty\netty-codec\4.1.87.Final\netty-codec-4.1.87.Final.jar;C:\Users\User\.m2\repository\io\netty\netty-handler\4.1.87.Final\netty-handler-4.1.87.Final.jar;C:\Users\User\.m2\repository\io\netty\netty-common\4.1.87.Final\netty-common-4.1.87.Final.jar;C:\Users\User\.m2\repository\io\netty\netty-transport-classes-epoll\4.1.87.Final\netty-transport-classes-epoll-4.1.87.Final.jar;C:\Users\User\.m2\repository\io\netty\netty-transport-classes-kqueue\4.1.87.Final\netty-transport-classes-kqueue-4.1.87.Final.jar;C:\Users\User\.m2\repository\io\netty\netty-transport-native-epoll\4.1.87.Final\netty-transport-native-epoll-4.1.87.Final.jar;C:\Users\User\.m2\repository\io\netty\netty-transport-native-kqueue\4.1.87.Final\netty-transport-native-kqueue-4.1.87.Final.jar;C:\Users\User\.m2\repository\io\netty\netty-transport-native-unix-common\4.1.87.Final\netty-transport-native-unix-common-4.1.87.Final.jar;C:\Users\User\.m2\repository\io\netty\netty-transport\4.1.87.Final\netty-transport-4.1.87.Final.jar;C:\Users\User\.m2\repository\io\netty\netty-resolver\4.1.87.Final\netty-resolver-4.1.87.Final.jar;C:\Users\User\.m2\repository\io\opentelemetry\opentelemetry-api\1.22.0\opentelemetry-api-1.22.0.jar;C:\Users\User\.m2\repository\io\opentelemetry\opentelemetry-context\1.22.0\opentelemetry-context-1.22.0.jar;C:\Users\User\.m2\repository\io\opentelemetry\opentelemetry-exporter-logging\1.22.0\opentelemetry-exporter-logging-1.22.0.jar;C:\Users\User\.m2\repository\io\opentelemetry\opentelemetry-sdk-metrics\1.22.0\opentelemetry-sdk-metrics-1.22.0.jar;C:\Users\User\.m2\repository\io\opentelemetry\opentelemetry-sdk-logs\1.22.0-alpha\opentelemetry-sdk-logs-1.22.0-alpha.jar;C:\Users\User\.m2\repository\io\opentelemetry\opentelemetry-api-logs\1.22.0-alpha\opentelemetry-api-logs-1.22.0-alpha.jar;C:\Users\User\.m2\repository\io\opentelemetry\opentelemetry-sdk-common\1.22.0\opentelemetry-sdk-common-1.22.0.jar;C:\Users\User\.m2\repository\io\opentelemetry\opentelemetry-sdk-extension-autoconfigure-spi\1.22.0\opentelemetry-sdk-extension-autoconfigure-spi-1.22.0.jar;C:\Users\User\.m2\repository\io\opentelemetry\opentelemetry-sdk-extension-autoconfigure\1.22.0-alpha\opentelemetry-sdk-extension-autoconfigure-1.22.0-alpha.jar;C:\Users\User\.m2\repository\io\opentelemetry\opentelemetry-sdk-trace\1.22.0\opentelemetry-sdk-trace-1.22.0.jar;C:\Users\User\.m2\repository\io\opentelemetry\opentelemetry-sdk\1.22.0\opentelemetry-sdk-1.22.0.jar;C:\Users\User\.m2\repository\io\opentelemetry\opentelemetry-semconv\1.22.0-alpha\opentelemetry-semconv-1.22.0-alpha.jar;C:\Users\User\.m2\repository\io\ous\jtoml\2.0.0\jtoml-2.0.0.jar;C:\Users\User\.m2\repository\org\apache\commons\commons-exec\1.3\commons-exec-1.3.jar;C:\Users\User\.m2\repository\org\asynchttpclient\async-http-client\2.12.3\async-http-client-2.12.3.jar;C:\Users\User\.m2\repository\org\asynchttpclient\async-http-client-netty-utils\2.12.3\async-http-client-netty-utils-2.12.3.jar;C:\Users\User\.m2\repository\io\netty\netty-codec-socks\4.1.60.Final\netty-codec-socks-4.1.60.Final.jar;C:\Users\User\.m2\repository\io\netty\netty-handler-proxy\4.1.60.Final\netty-handler-proxy-4.1.60.Final.jar;C:\Users\User\.m2\repository\io\netty\netty-transport-native-epoll\4.1.60.Final\netty-transport-native-epoll-4.1.60.Final-linux-x86_64.jar;C:\Users\User\.m2\repository\io\netty\netty-transport-native-kqueue\4.1.60.Final\netty-transport-native-kqueue-4.1.60.Final-osx-x86_64.jar;C:\Users\User\.m2\repository\org\reactivestreams\reactive-streams\1.0.3\reactive-streams-1.0.3.jar;C:\Users\User\.m2\repository\com\typesafe\netty\netty-reactive-streams\2.0.4\netty-reactive-streams-2.0.4.jar;C:\Users\User\.m2\repository\org\seleniumhq\selenium\selenium-manager\4.8.1\selenium-manager-4.8.1.jar;C:\Users\User\.m2\repository\org\seleniumhq\selenium\selenium-safari-driver\4.8.1\selenium-safari-driver-4.8.1.jar;C:\Users\User\.m2\repository\org\seleniumhq\selenium\selenium-api\4.8.1\selenium-api-4.8.1.jar;C:\Users\User\.m2\repository\org\seleniumhq\selenium\selenium-support\4.8.1\selenium-support-4.8.1.jar;C:\Users\User\.m2\repository\com\google\auto\service\auto-service-annotations\1.0.1\auto-service-annotations-1.0.1.jar;C:\Users\User\.m2\repository\com\google\auto\service\auto-service\1.0.1\auto-service-1.0.1.jar;C:\Users\User\.m2\repository\com\google\auto\auto-common\1.2\auto-common-1.2.jar;C:\Users\User\.m2\repository\org\seleniumhq\selenium\selenium-json\4.8.1\selenium-json-4.8.1.jar;C:\Users\User\.m2\repository\org\seleniumhq\selenium\selenium-chrome-driver\4.8.1\selenium-chrome-driver-4.8.1.jar;C:\Users\User\.m2\repository\org\seleniumhq\selenium\selenium-chromium-driver\4.8.1\selenium-chromium-driver-4.8.1.jar;C:\Users\User\.m2\repository\org\seleniumhq\selenium\selenium-firefox-driver\4.8.1\selenium-firefox-driver-4.8.1.jar;C:\Users\User\.m2\repository\org\seleniumhq\selenium\selenium-http\4.8.1\selenium-http-4.8.1.jar;C:\Users\User\.m2\repository\dev\failsafe\failsafe\3.3.0\failsafe-3.3.0.jar;C:\Users\User\.m2\repository\org\seleniumhq\selenium\selenium-edge-driver\4.8.1\selenium-edge-driver-4.8.1.jar;C:\Users\User\.m2\repository\org\seleniumhq\selenium\selenium-ie-driver\4.8.1\selenium-ie-driver-4.8.1.jar;C:\Users\User\.m2\repository\org\projectlombok\lombok\1.18.20\lombok-1.18.20.jar;C:\Users\User\.m2\repository\io\appium\java-client\8.3.0\java-client-8.3.0.jar;C:\Users\User\.m2\repository\commons-validator\commons-validator\1.7\commons-validator-1.7.jar;C:\Users\User\.m2\repository\commons-digester\commons-digester\2.1\commons-digester-2.1.jar;C:\Users\User\.m2\repository\org\apache\groovy\groovy\4.0.10\groovy-4.0.10.jar;C:\Users\User\.m2\repository\net\sf\opencsv\opencsv\2.0\opencsv-2.0.jar;C:\Users\User\.m2\repository\commons-beanutils\commons-beanutils\1.9.4\commons-beanutils-1.9.4.jar;C:\Users\User\.m2\repository\org\apache\commons\commons-lang3\3.12.0\commons-lang3-3.12.0.jar;C:\Users\User\.m2\repository\commons-collections\commons-collections\3.2.2\commons-collections-3.2.2.jar;C:\Users\User\.m2\repository\org\fluentlenium\fluentlenium-core\0.10.2\fluentlenium-core-0.10.2.jar;C:\Users\User\.m2\repository\io\github\bonigarcia\webdrivermanager\5.3.0\webdrivermanager-5.3.0.jar;C:\Users\User\.m2\repository\com\github\docker-java\docker-java\3.2.13\docker-java-3.2.13.jar;C:\Users\User\.m2\repository\com\github\docker-java\docker-java-core\3.2.13\docker-java-core-3.2.13.jar;C:\Users\User\.m2\repository\com\github\docker-java\docker-java-api\3.2.13\docker-java-api-3.2.13.jar;C:\Users\User\.m2\repository\org\apache\commons\commons-compress\1.21\commons-compress-1.21.jar;C:\Users\User\.m2\repository\org\bouncycastle\bcpkix-jdk15on\1.64\bcpkix-jdk15on-1.64.jar;C:\Users\User\.m2\repository\org\bouncycastle\bcprov-jdk15on\1.64\bcprov-jdk15on-1.64.jar;C:\Users\User\.m2\repository\org\slf4j\jcl-over-slf4j\1.7.30\jcl-over-slf4j-1.7.30.jar;C:\Users\User\.m2\repository\com\github\docker-java\docker-java-transport-httpclient5\3.2.13\docker-java-transport-httpclient5-3.2.13.jar;C:\Users\User\.m2\repository\com\github\docker-java\docker-java-transport\3.2.13\docker-java-transport-3.2.13.jar;C:\Users\User\.m2\repository\net\java\dev\jna\jna\5.8.0\jna-5.8.0.jar;C:\Users\User\.m2\repository\org\brotli\dec\0.1.2\dec-0.1.2.jar;C:\Users\User\.m2\repository\org\apache\httpcomponents\client5\httpclient5\5.1.3\httpclient5-5.1.3.jar;C:\Users\User\.m2\repository\org\apache\httpcomponents\core5\httpcore5\5.1.3\httpcore5-5.1.3.jar;C:\Users\User\.m2\repository\org\apache\httpcomponents\core5\httpcore5-h2\5.1.3\httpcore5-h2-5.1.3.jar;C:\Users\User\.m2\repository\com\jhlabs\filters\2.0.235\filters-2.0.235.jar;C:\Users\User\.m2\repository\com\paulhammant\ngwebdriver\1.1.6\ngwebdriver-1.1.6.jar;C:\Users\User\.m2\repository\joda-time\joda-time\2.12.2\joda-time-2.12.2.jar;C:\Users\User\.m2\repository\org\hamcrest\hamcrest\2.2\hamcrest-2.2.jar;C:\Users\User\.m2\repository\com\google\jimfs\jimfs\1.2\jimfs-1.2.jar;C:\Users\User\.m2\repository\org\mockito\mockito-core\3.3.3\mockito-core-3.3.3.jar;C:\Users\User\.m2\repository\javax\xml\bind\jaxb-api\2.3.1\jaxb-api-2.3.1.jar;C:\Users\User\.m2\repository\javax\activation\javax.activation-api\1.2.0\javax.activation-api-1.2.0.jar;C:\Users\User\.m2\repository\com\sun\xml\bind\jaxb-core\2.3.0.1\jaxb-core-2.3.0.1.jar;C:\Users\User\.m2\repository\com\sun\xml\bind\jaxb-impl\2.3.3\jaxb-impl-2.3.3.jar;C:\Users\User\.m2\repository\jakarta\xml\bind\jakarta.xml.bind-api\2.3.3\jakarta.xml.bind-api-2.3.3.jar;C:\Users\User\.m2\repository\com\sun\activation\jakarta.activation\1.2.2\jakarta.activation-1.2.2.jar;C:\Users\User\.m2\repository\javax\activation\activation\1.1.1\activation-1.1.1.jar;C:\Users\User\.m2\repository\net\serenity-bdd\serenity-cucumber\3.6.21\serenity-cucumber-3.6.21.jar;C:\Users\User\.m2\repository\io\cucumber\cucumber-core\7.11.0\cucumber-core-7.11.0.jar;C:\Users\User\.m2\repository\io\cucumber\cucumber-gherkin\7.11.0\cucumber-gherkin-7.11.0.jar;C:\Users\User\.m2\repository\io\cucumber\cucumber-gherkin-messages\7.11.0\cucumber-gherkin-messages-7.11.0.jar;C:\Users\User\.m2\repository\io\cucumber\gherkin\26.0.3\gherkin-26.0.3.jar;C:\Users\User\.m2\repository\io\cucumber\messages\21.0.1\messages-21.0.1.jar;C:\Users\User\.m2\repository\io\cucumber\tag-expressions\5.0.1\tag-expressions-5.0.1.jar;C:\Users\User\.m2\repository\io\cucumber\cucumber-expressions\16.1.1\cucumber-expressions-16.1.1.jar;C:\Users\User\.m2\repository\io\cucumber\datatable\7.11.0\datatable-7.11.0.jar;C:\Users\User\.m2\repository\io\cucumber\cucumber-plugin\7.11.0\cucumber-plugin-7.11.0.jar;C:\Users\User\.m2\repository\io\cucumber\docstring\7.11.0\docstring-7.11.0.jar;C:\Users\User\.m2\repository\io\cucumber\html-formatter\20.2.1\html-formatter-20.2.1.jar;C:\Users\User\.m2\repository\io\cucumber\junit-xml-formatter\0.1.0\junit-xml-formatter-0.1.0.jar;C:\Users\User\.m2\repository\io\cucumber\ci-environment\9.1.0\ci-environment-9.1.0.jar;C:\Users\User\.m2\repository\io\cucumber\cucumber-java\7.11.0\cucumber-java-7.11.0.jar;C:\Users\User\.m2\repository\io\cucumber\cucumber-junit\7.11.0\cucumber-junit-7.11.0.jar;C:\Users\User\.m2\repository\org\apache\commons\commons-csv\1.5\commons-csv-1.5.jar;C:\Users\User\.m2\repository\net\serenity-bdd\serenity-screenplay\3.6.21\serenity-screenplay-3.6.21.jar;C:\Users\User\.m2\repository\net\serenity-bdd\serenity-screenplay-webdriver\3.6.21\serenity-screenplay-webdriver-3.6.21.jar;C:\Users\User\.m2\repository\net\serenity-bdd\serenity-ensure\3.6.21\serenity-ensure-3.6.21.jar;C:\Users\User\.m2\repository\net\serenity-bdd\serenity-junit\3.6.21\serenity-junit-3.6.21.jar;C:\Users\User\.m2\repository\org\jetbrains\kotlin\kotlin-stdlib\1.8.10\kotlin-stdlib-1.8.10.jar;C:\Users\User\.m2\repository\org\jetbrains\kotlin\kotlin-stdlib-common\1.8.10\kotlin-stdlib-common-1.8.10.jar;C:\Users\User\.m2\repository\org\jetbrains\annotations\13.0\annotations-13.0.jar;C:\Users\User\.m2\repository\org\junit\platform\junit-platform-launcher\1.8.2\junit-platform-launcher-1.8.2.jar;C:\Users\User\.m2\repository\org\junit\platform\junit-platform-engine\1.8.2\junit-platform-engine-1.8.2.jar;C:\Users\User\.m2\repository\org\opentest4j\opentest4j\1.2.0\opentest4j-1.2.0.jar;C:\Users\User\.m2\repository\org\junit\platform\junit-platform-commons\1.8.2\junit-platform-commons-1.8.2.jar;C:\Users\User\.m2\repository\org\apiguardian\apiguardian-api\1.1.2\apiguardian-api-1.1.2.jar;C:\Users\User\.m2\repository\org\junit\jupiter\junit-jupiter-engine\5.8.2\junit-jupiter-engine-5.8.2.jar;C:\Users\User\.m2\repository\org\junit\jupiter\junit-jupiter-api\5.8.2\junit-jupiter-api-5.8.2.jar;C:\Users\User\.m2\repository\org\junit\vintage\junit-vintage-engine\5.8.2\junit-vintage-engine-5.8.2.jar;C:\Users\User\.m2\repository\junit\junit\4.13.2\junit-4.13.2.jar;C:\Users\User\.m2\repository\org\hamcrest\hamcrest-core\1.3\hamcrest-core-1.3.jar;C:\Users\User\.m2\repository\ch\qos\logback\logback-classic\1.2.10\logback-classic-1.2.10.jar;C:\Users\User\.m2\repository\ch\qos\logback\logback-core\1.2.10\logback-core-1.2.10.jar;C:\Users\User\.m2\repository\org\slf4j\slf4j-api\1.7.32\slf4j-api-1.7.32.jar;C:\Users\User\.m2\repository\org\assertj\assertj-core\3.23.1\assertj-core-3.23.1.jar;C:\Users\User\.m2\repository\net\bytebuddy\byte-buddy\1.12.10\byte-buddy-1.12.10.jar;C:\Users\User\.m2\repository\org\apache\maven\surefire\surefire-junit-platform\3.0.0-M5\surefire-junit-platform-3.0.0-M5.jar;C:\Users\User\.m2\repository\org\apache\maven\surefire\common-java5\3.0.0-M5\common-java5-3.0.0-M5.jar"/>
    <property name="user.script" value=""/>
    <property name="java.protocol.handler.pkgs" value="com.google.common"/>
    <property name="sun.management.compiler" value="HotSpot 64-Bit Tiered Compilers"/>
    <property name="java.runtime.version" value="19.0.2+7-44"/>
    <property name="user.name" value="User"/>
    <property name="stdout.encoding" value="Cp1252"/>
    <property name="path.separator" value=";"/>
    <property name="os.version" value="10.0"/>
    <property name="java.runtime.name" value="Java(TM) SE Runtime Environment"/>
    <property name="file.encoding" value="UTF-8"/>
    <property name="webdriver.base.url" value=""/>
    <property name="java.vm.name" value="Java HotSpot(TM) 64-Bit Server VM"/>
    <property name="localRepository" value="C:\Users\User\.m2\repository"/>
    <property name="java.vendor.url.bug" value="https://bugreport.java.com/bugreport/"/>
    <property name="java.io.tmpdir" value="C:\Users\User\AppData\Local\Temp\"/>
    <property name="java.version" value="19.0.2"/>
    <property name="user.dir" value="C:\Users\User\IdeaProjects\hehew"/>
    <property name="os.arch" value="amd64"/>
    <property name="java.vm.specification.name" value="Java Virtual Machine Specification"/>
    <property name="sun.os.patch.level" value=""/>
    <property name="native.encoding" value="Cp1252"/>
    <property name="java.library.path" value="C:\Program Files\Java\jdk-19\bin;C:\Windows\Sun\Java\bin;C:\Windows\system32;C:\Windows;C:\Program Files\Common Files\Oracle\Java\javapath;C:\Program Files (x86)\Common Files\Oracle\Java\javapath;C:\Program Files (x86)\Common Files\Intel\Shared Libraries\redist\intel64\compiler;C:\laragon\bin\php\php-8.1.4-nts-Win32-vs16-x64;C:\Windows\system32;C:\Windows;C:\Windows\System32\Wbem;C:\Windows\System32\WindowsPowerShell\v1.0\;C:\Windows\System32\OpenSSH\;C:\Program Files\Java\jdk1.8.0_321\bin;C:\ProgramData\ComposerSetup\bin;C:\laragon\bin\mysql\mysql-5.7.33-winx64\bin;C:\Program Files\mingw-w64\x86_64-8.1.0-posix-seh-rt_v6-rev0\mingw64\bin;C:\Program Files\dotnet\;C:\Program Files\nodejs\;C:\Program Files\nodejs\node_modules\npm;C:\laragon\bin;C:\Program Files\Microsoft SQL Server\120\Tools\Binn\;D:\Aplikasi\Git\cmd;D:\Aplikasi\apache-maven-3.9.1\bin;C:\Users\User\AppData\Local\Programs\Python\Python310\Scripts\;C:\Users\User\AppData\Local\Programs\Python\Python310\;C:\laragon\bin;C:\laragon\bin\apache\httpd-2.4.47-win64-VS16\bin;C:\laragon\bin\composer;C:\laragon\bin\git\bin;C:\laragon\bin\git\cmd;C:\laragon\bin\git\mingw64\bin;C:\laragon\bin\git\usr\bin;C:\laragon\bin\laragon\utils;C:\laragon\bin\mysql\mysql-5.7.33-winx64\bin;C:\laragon\bin\nginx\nginx-1.19.10;C:\laragon\bin\ngrok;C:\laragon\bin\nodejs\node-v14;C:\laragon\bin\notepad++;C:\laragon\bin\php\php-8.1.4-nts-Win32-vs16-x64;C:\laragon\bin\redis\redis-x64-3.2.100;C:\laragon\bin\telnet;C:\laragon\usr\bin;C:\Users\User\AppData\Local\Yarn\config\global\node_modules\.bin;C:\Users\User\AppData\Roaming\Composer\vendor\bin;C:\Users\User\AppData\Roaming\npm;C:\Users\User\AppData\Local\Microsoft\WindowsApps;;C:\Users\User\AppData\Local\spicetify;."/>
    <property name="java.vm.info" value="mixed mode"/>
    <property name="stderr.encoding" value="Cp1252"/>
    <property name="java.vendor" value="Oracle Corporation"/>
    <property name="java.vm.version" value="19.0.2+7-44"/>
    <property name="sun.io.unicode.encoding" value="UnicodeLittle"/>
    <property name="java.class.version" value="63.0"/>
  </properties>
  <testcase name="As user i have be able to see web details" classname="about" time="45.947">
    <system-out><![CDATA[14:39:04.193 [main] DEBUG net.thucydides.core.guice.Injectors - Created injector for module net.thucydides.core.guice.ThucydidesModule
14:39:04.698 [main] DEBUG io.cucumber.core.plugin.SerenityReporter - Running feature from file:///C:/Users/User/IdeaProjects/hehew/src/test/resources/features/About.feature
14:39:04.999 [main] DEBUG net.thucydides.core.guice.Injectors - Created injector for module net.thucydides.core.guice.webdriver.WebDriverModule
14:39:05.033 [main] INFO  - 

-------------------------------------------------------------------------------------
     _______. _______ .______       _______ .__   __.  __  .___________.____    ____ 
    /       ||   ____||   _  \     |   ____||  \ |  | |  | |           |\   \  /   / 
   |   (----`|  |__   |  |_)  |    |  |__   |   \|  | |  | `---|  |----` \   \/   /  
    \   \    |   __|  |      /     |   __|  |  . `  | |  |     |  |       \_    _/   
.----)   |   |  |____ |  |\  \----.|  |____ |  |\   | |  |     |  |         |  |     
|_______/    |_______|| _| `._____||_______||__| \__| |__|     |__|         |__|    
                                                                                     
 News and tutorials at http://www.serenity-bdd.info                                  
 Documentation at https://wakaleo.gitbooks.io/the-serenity-book/content/             
 Join the Serenity Community on Gitter: https://gitter.im/serenity-bdd/serenity-core 
 Serenity BDD Support and Training at http://serenity-bdd.info/#/trainingandsupport  
-------------------------------------------------------------------------------------

14:39:05.038 [main] DEBUG net.thucydides.core.steps.StepEventBus - Test suite started for story net.thucydides.core.model.Story@3a4f88
14:39:05.045 [main] INFO  - Test Suite Started: About
14:39:05.085 [main] DEBUG io.cucumber.core.plugin.SerenityReporter - Running feature from file:///C:/Users/User/IdeaProjects/hehew/src/test/resources/features/Login.feature
14:39:05.096 [main] DEBUG net.thucydides.core.steps.StepEventBus - Test suite started for story net.thucydides.core.model.Story@23282f08
14:39:05.097 [main] INFO  - Test Suite Started: Login
14:39:05.098 [main] DEBUG io.cucumber.core.plugin.SerenityReporter - Running feature from file:///C:/Users/User/IdeaProjects/hehew/src/test/resources/features/About.feature
14:39:05.104 [main] DEBUG net.thucydides.core.steps.StepEventBus - Test suite started for story net.thucydides.core.model.Story@3a4f88
14:39:05.105 [main] INFO  - Test Suite Started: About

@about @userA
Scenario: As user i have be able to see web details &amp#27;[90m# src/test/resources/features/About.feature:8&amp#27;[0m
14:39:05.254 [main] DEBUG io.cucumber.core.plugin.SerenityReporter - Running feature from file:///C:/Users/User/IdeaProjects/hehew/src/test/resources/features/About.feature
14:39:05.523 [main] INFO  - 
  _____   ___   ___   _____     ___   _____     _     ___   _____   ___   ___  
 |_   _| | __| / __| |_   _|   / __| |_   _|   /_\   | _ \ |_   _| | __| |   \ 
   | |   | _|  \__ \   | |     \__ \   | |    / _ \  |   /   | |   | _|  | |) |
   |_|   |___| |___/   |_|     |___/   |_|   /_/ \_\ |_|_\   |_|   |___| |___/ 

As user i have be able to see web details(about;as-user-i-have-be-able-to-see-web-details)
--------------------------------------------------------------------------------
14:39:05.675 [main] DEBUG net.thucydides.core.requirements.model.cucumber.CucumberParser - Loading feature C:\Users\User\IdeaProjects\hehew\src\test\resources\features\About.feature
14:39:05.705 [main] DEBUG net.thucydides.core.requirements.model.cucumber.CucumberParser - Loading feature C:\Users\User\IdeaProjects\hehew\src\test\resources\features\Login.feature
14:39:07.428 [main] INFO net.serenitybdd.core.webdriver.driverproviders.ChromeDriverProvider - Starting Chrome driver instance with capabilities:
14:39:07.434 [main] INFO net.serenitybdd.core.webdriver.driverproviders.ChromeDriverProvider - Capabilities {acceptInsecureCerts: false, browserName: chrome, goog:chromeOptions: {args: [remote-allow-origins=*], extensions: []}}
14:39:07.657 [main] DEBUG io.netty.util.internal.logging.InternalLoggerFactory - Using SLF4J as the default logging framework
14:39:07.664 [main] DEBUG io.netty.util.ResourceLeakDetector - -Dio.netty.leakDetection.level: simple
14:39:07.664 [main] DEBUG io.netty.util.ResourceLeakDetector - -Dio.netty.leakDetection.targetRecords: 4
14:39:07.673 [main] DEBUG io.netty.util.ResourceLeakDetectorFactory - Loaded default ResourceLeakDetector: io.netty.util.ResourceLeakDetector@111a7973
14:39:07.712 [main] DEBUG io.netty.util.internal.PlatformDependent0 - -Dio.netty.noUnsafe: false
14:39:07.712 [main] DEBUG io.netty.util.internal.PlatformDependent0 - Java version: 19
14:39:07.714 [main] DEBUG io.netty.util.internal.PlatformDependent0 - sun.misc.Unsafe.theUnsafe: available
14:39:07.715 [main] DEBUG io.netty.util.internal.PlatformDependent0 - sun.misc.Unsafe.copyMemory: available
14:39:07.716 [main] DEBUG io.netty.util.internal.PlatformDependent0 - sun.misc.Unsafe.storeFence: available
14:39:07.718 [main] DEBUG io.netty.util.internal.PlatformDependent0 - java.nio.Buffer.address: available
14:39:07.719 [main] DEBUG io.netty.util.internal.PlatformDependent0 - direct buffer constructor: unavailable: Reflective setAccessible(true) disabled
14:39:07.721 [main] DEBUG io.netty.util.internal.PlatformDependent0 - java.nio.Bits.unaligned: available, true
14:39:07.723 [main] DEBUG io.netty.util.internal.PlatformDependent0 - jdk.internal.misc.Unsafe.allocateUninitializedArray(int): unavailable: class io.netty.util.internal.PlatformDependent0$7 cannot access class jdk.internal.misc.Unsafe (in module java.base) because module java.base does not export jdk.internal.misc to unnamed module @696da30b
14:39:07.729 [main] DEBUG io.netty.util.internal.PlatformDependent0 - java.nio.DirectByteBuffer.<init>(long, int): unavailable
14:39:07.729 [main] DEBUG io.netty.util.internal.PlatformDependent - sun.misc.Unsafe: available
14:39:07.732 [main] DEBUG io.netty.util.internal.PlatformDependent - maxDirectMemory: 2122317824 bytes (maybe)
14:39:07.733 [main] DEBUG io.netty.util.internal.PlatformDependent - -Dio.netty.tmpdir: C:\Users\User\AppData\Local\Temp (java.io.tmpdir)
14:39:07.733 [main] DEBUG io.netty.util.internal.PlatformDependent - -Dio.netty.bitMode: 64 (sun.arch.data.model)
14:39:07.733 [main] DEBUG io.netty.util.internal.PlatformDependent - Platform: Windows
14:39:07.735 [main] DEBUG io.netty.util.internal.PlatformDependent - -Dio.netty.maxDirectMemory: -1 bytes
14:39:07.735 [main] DEBUG io.netty.util.internal.PlatformDependent - -Dio.netty.uninitializedArrayAllocationThreshold: -1
14:39:07.738 [main] DEBUG io.netty.util.internal.CleanerJava9 - java.nio.ByteBuffer.cleaner(): available
14:39:07.738 [main] DEBUG io.netty.util.internal.PlatformDependent - -Dio.netty.noPreferDirect: false
14:39:07.758 [main] DEBUG io.netty.util.internal.PlatformDependent - org.jctools-core.MpscChunkedArrayQueue: available
14:39:07.817 [main] DEBUG io.netty.util.internal.InternalThreadLocalMap - -Dio.netty.threadLocalMap.stringBuilder.initialSize: 1024
14:39:07.818 [main] DEBUG io.netty.util.internal.InternalThreadLocalMap - -Dio.netty.threadLocalMap.stringBuilder.maxSize: 4096
14:39:08.314 [main] DEBUG io.netty.handler.ssl.JdkSslContext - Default protocols (JDK): [TLSv1.3, TLSv1.2] 
14:39:08.314 [main] DEBUG io.netty.handler.ssl.JdkSslContext - Default cipher suites (JDK): [TLS_ECDHE_ECDSA_WITH_AES_256_GCM_SHA384, TLS_ECDHE_ECDSA_WITH_AES_128_GCM_SHA256, TLS_ECDHE_RSA_WITH_AES_128_GCM_SHA256, TLS_ECDHE_RSA_WITH_AES_256_GCM_SHA384, TLS_ECDHE_RSA_WITH_AES_128_CBC_SHA, TLS_ECDHE_RSA_WITH_AES_256_CBC_SHA, TLS_RSA_WITH_AES_128_GCM_SHA256, TLS_RSA_WITH_AES_128_CBC_SHA, TLS_RSA_WITH_AES_256_CBC_SHA, TLS_AES_128_GCM_SHA256, TLS_AES_256_GCM_SHA384]
14:39:08.374 [main] DEBUG io.netty.channel.MultithreadEventLoopGroup - -Dio.netty.eventLoopThreads: 8
14:39:08.396 [main] DEBUG io.netty.channel.nio.NioEventLoop - -Dio.netty.noKeySetOptimization: false
14:39:08.396 [main] DEBUG io.netty.channel.nio.NioEventLoop - -Dio.netty.selectorAutoRebuildThreshold: 512
14:39:08.552 [main] DEBUG io.netty.buffer.PooledByteBufAllocator - -Dio.netty.allocator.numHeapArenas: 8
14:39:08.552 [main] DEBUG io.netty.buffer.PooledByteBufAllocator - -Dio.netty.allocator.numDirectArenas: 8
14:39:08.554 [main] DEBUG io.netty.buffer.PooledByteBufAllocator - -Dio.netty.allocator.pageSize: 8192
14:39:08.555 [main] DEBUG io.netty.buffer.PooledByteBufAllocator - -Dio.netty.allocator.maxOrder: 9
14:39:08.556 [main] DEBUG io.netty.buffer.PooledByteBufAllocator - -Dio.netty.allocator.chunkSize: 4194304
14:39:08.556 [main] DEBUG io.netty.buffer.PooledByteBufAllocator - -Dio.netty.allocator.smallCacheSize: 256
14:39:08.556 [main] DEBUG io.netty.buffer.PooledByteBufAllocator - -Dio.netty.allocator.normalCacheSize: 64
14:39:08.556 [main] DEBUG io.netty.buffer.PooledByteBufAllocator - -Dio.netty.allocator.maxCachedBufferCapacity: 32768
14:39:08.556 [main] DEBUG io.netty.buffer.PooledByteBufAllocator - -Dio.netty.allocator.cacheTrimInterval: 8192
14:39:08.557 [main] DEBUG io.netty.buffer.PooledByteBufAllocator - -Dio.netty.allocator.cacheTrimIntervalMillis: 0
14:39:08.559 [main] DEBUG io.netty.buffer.PooledByteBufAllocator - -Dio.netty.allocator.useCacheForAllThreads: false
14:39:08.559 [main] DEBUG io.netty.buffer.PooledByteBufAllocator - -Dio.netty.allocator.maxCachedByteBuffersPerChunk: 1023
14:39:08.600 [main] DEBUG io.netty.buffer.ByteBufUtil - -Dio.netty.allocator.type: pooled
14:39:08.600 [main] DEBUG io.netty.buffer.ByteBufUtil - -Dio.netty.threadLocalDirectBufferSize: 0
14:39:08.600 [main] DEBUG io.netty.buffer.ByteBufUtil - -Dio.netty.maxThreadLocalCharBufferSize: 16384
14:39:09.255 [Forwarding newSession on session null to remote] DEBUG io.netty.channel.DefaultChannelId - -Dio.netty.processId: 16640 (auto-detected)
14:39:09.260 [Forwarding newSession on session null to remote] DEBUG io.netty.util.NetUtil - -Djava.net.preferIPv4Stack: false
14:39:09.260 [Forwarding newSession on session null to remote] DEBUG io.netty.util.NetUtil - -Djava.net.preferIPv6Addresses: false
14:39:09.283 [Forwarding newSession on session null to remote] DEBUG io.netty.util.NetUtilInitializations - Loopback interface: lo (Software Loopback Interface 1, 127.0.0.1)
14:39:09.286 [Forwarding newSession on session null to remote] DEBUG io.netty.util.NetUtil - Failed to get SOMAXCONN from sysctl and file \proc\sys\net\core\somaxconn. Default: 200
14:39:09.332 [Forwarding newSession on session null to remote] DEBUG io.netty.channel.DefaultChannelId - -Dio.netty.machineId: 04:d3:b0:ff:fe:ce:82:c7 (auto-detected)
14:39:09.441 [AsyncHttpClient-1-2] DEBUG io.netty.buffer.AbstractByteBuf - -Dio.netty.buffer.checkAccessible: true
14:39:09.442 [AsyncHttpClient-1-2] DEBUG io.netty.buffer.AbstractByteBuf - -Dio.netty.buffer.checkBounds: true
14:39:09.442 [AsyncHttpClient-1-2] DEBUG io.netty.util.ResourceLeakDetectorFactory - Loaded default ResourceLeakDetector: io.netty.util.ResourceLeakDetector@43cdfcd6
14:39:09.469 [AsyncHttpClient-1-2] DEBUG org.asynchttpclient.netty.channel.NettyConnectListener - Using new Channel '[id: 0x962bccb0, L:/127.0.0.1:51903 - R:localhost/127.0.0.1:23136]' for 'POST' to '/session'
14:39:09.503 [AsyncHttpClient-1-2] DEBUG io.netty.util.Recycler - -Dio.netty.recycler.maxCapacityPerThread: 4096
14:39:09.503 [AsyncHttpClient-1-2] DEBUG io.netty.util.Recycler - -Dio.netty.recycler.ratio: 8
14:39:09.503 [AsyncHttpClient-1-2] DEBUG io.netty.util.Recycler - -Dio.netty.recycler.chunkSize: 32
14:39:09.503 [AsyncHttpClient-1-2] DEBUG io.netty.util.Recycler - -Dio.netty.recycler.blocking: false
14:39:14.948 [AsyncHttpClient-1-2] DEBUG io.netty.handler.codec.compression.Brotli - brotli4j not in the classpath; Brotli support will be unavailable.
14:39:14.948 [AsyncHttpClient-1-2] DEBUG org.asynchttpclient.netty.handler.HttpHandler - 

Request DefaultHttpRequest(decodeResult: success, version: HTTP/1.1)
POST /session HTTP/1.1
User-Agent: selenium/4.8.1 (java windows)
Content-Length: 507
Content-Type: application/json; charset=utf-8
host: localhost:23136
accept: */*

Response DefaultHttpResponse(decodeResult: success, version: HTTP/1.1)
HTTP/1.1 200 OK
Content-Length: 859
Content-Type: application/json; charset=utf-8
cache-control: no-cache

14:39:14.963 [AsyncHttpClient-1-2] DEBUG org.asynchttpclient.netty.channel.ChannelManager - Adding key: http://localhost:23136 for channel [id: 0x962bccb0, L:/127.0.0.1:51903 - R:localhost/127.0.0.1:23136]
14:39:15.127 [AsyncHttpClient-1-3] DEBUG org.asynchttpclient.netty.channel.NettyConnectListener - Using new Channel '[id: 0x9a3f499a, L:/127.0.0.1:51912 - R:localhost/127.0.0.1:51905]' for 'GET' to '/json/version'
14:39:15.131 [AsyncHttpClient-1-3] DEBUG org.asynchttpclient.netty.handler.HttpHandler - 

Request DefaultFullHttpRequest(decodeResult: success, version: HTTP/1.1, content: EmptyByteBufBE)
GET /json/version HTTP/1.1
User-Agent: selenium/4.8.1 (java windows)
host: localhost:51905
accept: */*

Response DefaultHttpResponse(decodeResult: success, version: HTTP/1.1)
HTTP/1.1 200 OK
Content-Security-Policy: frame-ancestors 'none'
Content-Length: 424
Content-Type: application/json; charset=UTF-8

14:39:15.132 [AsyncHttpClient-1-3] DEBUG org.asynchttpclient.netty.channel.ChannelManager - Adding key: http://localhost:51905 for channel [id: 0x9a3f499a, L:/127.0.0.1:51912 - R:localhost/127.0.0.1:51905]
14:39:15.149 [main] DEBUG io.netty.util.internal.ThreadLocalRandom - -Dio.netty.initialSeedUniquifier: 0xf12cf1ba20fe1081
14:39:15.157 [AsyncHttpClient-1-4] DEBUG org.asynchttpclient.netty.channel.NettyConnectListener - Using new Channel '[id: 0x89a0c724, L:/127.0.0.1:51913 - R:localhost/127.0.0.1:51905]' for 'GET' to '/devtools/browser/e34b7610-1967-492a-b3e5-323cdbd2e5c1'
14:39:15.161 [AsyncHttpClient-1-4] DEBUG org.asynchttpclient.netty.handler.WebSocketHandler - 

Request DefaultFullHttpRequest(decodeResult: success, version: HTTP/1.1, content: EmptyByteBufBE)
GET /devtools/browser/e34b7610-1967-492a-b3e5-323cdbd2e5c1 HTTP/1.1
upgrade: websocket
connection: upgrade
sec-websocket-key: R2e1GWEe3VdV9mp7sLMdbg==
sec-websocket-version: 13
origin: http://localhost:51905
host: localhost:51905
accept: */*
user-agent: AHC/2.1

Response DefaultHttpResponse(decodeResult: success, version: HTTP/1.1)
HTTP/1.1 101 WebSocket Protocol Handshake
Upgrade: WebSocket
Connection: Upgrade
Sec-WebSocket-Accept: 8bETbxjLKDtf4hdCBR4IWjnBNwQ=

14:39:15.387 [Forwarding get on session 14f7fa941740e9693e6fd81a0ceb0387 to remote] DEBUG org.asynchttpclient.netty.request.NettyRequestSender - Using pooled Channel '[id: 0x962bccb0, L:/127.0.0.1:51903 - R:localhost/127.0.0.1:23136]' for 'POST' to 'http://localhost:23136/session/14f7fa941740e9693e6fd81a0ceb0387/url'
14:39:15.387 [Forwarding get on session 14f7fa941740e9693e6fd81a0ceb0387 to remote] DEBUG org.asynchttpclient.netty.request.NettyRequestSender - Using open Channel [id: 0x962bccb0, L:/127.0.0.1:51903 - R:localhost/127.0.0.1:23136] for POST '/session/14f7fa941740e9693e6fd81a0ceb0387/url'
14:39:15.986 [AsyncHttpClient-1-1] DEBUG org.asynchttpclient.netty.channel.DefaultChannelPool - Entry count for : http://localhost:51905 : 1
14:39:17.070 [AsyncHttpClient-1-1] DEBUG org.asynchttpclient.netty.channel.DefaultChannelPool - Entry count for : http://localhost:51905 : 1
14:39:18.179 [AsyncHttpClient-1-1] DEBUG org.asynchttpclient.netty.channel.DefaultChannelPool - Entry count for : http://localhost:51905 : 1
14:39:19.270 [AsyncHttpClient-1-1] DEBUG org.asynchttpclient.netty.channel.DefaultChannelPool - Entry count for : http://localhost:51905 : 1
14:39:20.212 [AsyncHttpClient-1-2] DEBUG org.asynchttpclient.netty.handler.HttpHandler - 

Request DefaultHttpRequest(decodeResult: success, version: HTTP/1.1)
POST /session/14f7fa941740e9693e6fd81a0ceb0387/url HTTP/1.1
User-Agent: selenium/4.8.1 (java windows)
Content-Length: 56
Content-Type: application/json; charset=utf-8
host: localhost:23136
accept: */*

Response DefaultHttpResponse(decodeResult: success, version: HTTP/1.1)
HTTP/1.1 200 OK
Content-Length: 14
Content-Type: application/json; charset=utf-8
cache-control: no-cache

14:39:20.215 [AsyncHttpClient-1-2] DEBUG org.asynchttpclient.netty.channel.ChannelManager - Adding key: http://localhost:23136 for channel [id: 0x962bccb0, L:/127.0.0.1:51903 - R:localhost/127.0.0.1:23136]
14:39:20.224 [Forwarding setTimeout on session 14f7fa941740e9693e6fd81a0ceb0387 to remote] DEBUG org.asynchttpclient.netty.request.NettyRequestSender - Using pooled Channel '[id: 0x962bccb0, L:/127.0.0.1:51903 - R:localhost/127.0.0.1:23136]' for 'POST' to 'http://localhost:23136/session/14f7fa941740e9693e6fd81a0ceb0387/timeouts'
14:39:20.224 [Forwarding setTimeout on session 14f7fa941740e9693e6fd81a0ceb0387 to remote] DEBUG org.asynchttpclient.netty.request.NettyRequestSender - Using open Channel [id: 0x962bccb0, L:/127.0.0.1:51903 - R:localhost/127.0.0.1:23136] for POST '/session/14f7fa941740e9693e6fd81a0ceb0387/timeouts'
14:39:20.232 [AsyncHttpClient-1-2] DEBUG org.asynchttpclient.netty.handler.HttpHandler - 

Request DefaultHttpRequest(decodeResult: success, version: HTTP/1.1)
POST /session/14f7fa941740e9693e6fd81a0ceb0387/timeouts HTTP/1.1
User-Agent: selenium/4.8.1 (java windows)
Content-Length: 22
Content-Type: application/json; charset=utf-8
host: localhost:23136
accept: */*

Response DefaultHttpResponse(decodeResult: success, version: HTTP/1.1)
HTTP/1.1 200 OK
Content-Length: 14
Content-Type: application/json; charset=utf-8
cache-control: no-cache

14:39:20.232 [AsyncHttpClient-1-2] DEBUG org.asynchttpclient.netty.channel.ChannelManager - Adding key: http://localhost:23136 for channel [id: 0x962bccb0, L:/127.0.0.1:51903 - R:localhost/127.0.0.1:23136]
14:39:20.324 [main] DEBUG net.serenitybdd.core.photography.Darkroom - Opening darkroom
14:39:20.326 [Darkroom Processing Line] DEBUG net.serenitybdd.core.photography.DarkroomProcessingLine - Darkroom processing line starting up
14:39:20.366 [Forwarding getAlertText on session 14f7fa941740e9693e6fd81a0ceb0387 to remote] DEBUG org.asynchttpclient.netty.request.NettyRequestSender - Using pooled Channel '[id: 0x962bccb0, L:/127.0.0.1:51903 - R:localhost/127.0.0.1:23136]' for 'GET' to 'http://localhost:23136/session/14f7fa941740e9693e6fd81a0ceb0387/alert/text'
14:39:20.366 [Forwarding getAlertText on session 14f7fa941740e9693e6fd81a0ceb0387 to remote] DEBUG org.asynchttpclient.netty.request.NettyRequestSender - Using open Channel [id: 0x962bccb0, L:/127.0.0.1:51903 - R:localhost/127.0.0.1:23136] for GET '/session/14f7fa941740e9693e6fd81a0ceb0387/alert/text'
14:39:20.370 [AsyncHttpClient-1-2] DEBUG org.asynchttpclient.netty.handler.HttpHandler - 

Request DefaultFullHttpRequest(decodeResult: success, version: HTTP/1.1, content: EmptyByteBufBE)
GET /session/14f7fa941740e9693e6fd81a0ceb0387/alert/text HTTP/1.1
User-Agent: selenium/4.8.1 (java windows)
Cache-Control: no-cache
Content-Type: application/json; charset=utf-8
host: localhost:23136
accept: */*

Response DefaultHttpResponse(decodeResult: success, version: HTTP/1.1)
HTTP/1.1 404 Not Found
Content-Length: 836
Content-Type: application/json; charset=utf-8
cache-control: no-cache

14:39:20.370 [AsyncHttpClient-1-2] DEBUG org.asynchttpclient.netty.channel.ChannelManager - Adding key: http://localhost:23136 for channel [id: 0x962bccb0, L:/127.0.0.1:51903 - R:localhost/127.0.0.1:23136]
14:39:20.381 [AsyncHttpClient-1-1] DEBUG org.asynchttpclient.netty.channel.DefaultChannelPool - Entry count for : http://localhost:51905 : 1
14:39:20.381 [AsyncHttpClient-1-1] DEBUG org.asynchttpclient.netty.channel.DefaultChannelPool - Entry count for : http://localhost:23136 : 1
14:39:20.385 [Forwarding getCurrentUrl on session 14f7fa941740e9693e6fd81a0ceb0387 to remote] DEBUG org.asynchttpclient.netty.request.NettyRequestSender - Using pooled Channel '[id: 0x962bccb0, L:/127.0.0.1:51903 - R:localhost/127.0.0.1:23136]' for 'GET' to 'http://localhost:23136/session/14f7fa941740e9693e6fd81a0ceb0387/url'
14:39:20.386 [Forwarding getCurrentUrl on session 14f7fa941740e9693e6fd81a0ceb0387 to remote] DEBUG org.asynchttpclient.netty.request.NettyRequestSender - Using open Channel [id: 0x962bccb0, L:/127.0.0.1:51903 - R:localhost/127.0.0.1:23136] for GET '/session/14f7fa941740e9693e6fd81a0ceb0387/url'
14:39:20.396 [AsyncHttpClient-1-2] DEBUG org.asynchttpclient.netty.handler.HttpHandler - 

Request DefaultFullHttpRequest(decodeResult: success, version: HTTP/1.1, content: EmptyByteBufBE)
GET /session/14f7fa941740e9693e6fd81a0ceb0387/url HTTP/1.1
User-Agent: selenium/4.8.1 (java windows)
Cache-Control: no-cache
Content-Type: application/json; charset=utf-8
host: localhost:23136
accept: */*

Response DefaultHttpResponse(decodeResult: success, version: HTTP/1.1)
HTTP/1.1 200 OK
Content-Length: 38
Content-Type: application/json; charset=utf-8
cache-control: no-cache

14:39:20.396 [AsyncHttpClient-1-2] DEBUG org.asynchttpclient.netty.channel.ChannelManager - Adding key: http://localhost:23136 for channel [id: 0x962bccb0, L:/127.0.0.1:51903 - R:localhost/127.0.0.1:23136]
14:39:20.404 [Forwarding screenshot on session 14f7fa941740e9693e6fd81a0ceb0387 to remote] DEBUG org.asynchttpclient.netty.request.NettyRequestSender - Using pooled Channel '[id: 0x962bccb0, L:/127.0.0.1:51903 - R:localhost/127.0.0.1:23136]' for 'GET' to 'http://localhost:23136/session/14f7fa941740e9693e6fd81a0ceb0387/screenshot'
14:39:20.404 [Forwarding screenshot on session 14f7fa941740e9693e6fd81a0ceb0387 to remote] DEBUG org.asynchttpclient.netty.request.NettyRequestSender - Using open Channel [id: 0x962bccb0, L:/127.0.0.1:51903 - R:localhost/127.0.0.1:23136] for GET '/session/14f7fa941740e9693e6fd81a0ceb0387/screenshot'
14:39:20.527 [AsyncHttpClient-1-2] DEBUG org.asynchttpclient.netty.handler.HttpHandler - 

Request DefaultFullHttpRequest(decodeResult: success, version: HTTP/1.1, content: EmptyByteBufBE)
GET /session/14f7fa941740e9693e6fd81a0ceb0387/screenshot HTTP/1.1
User-Agent: selenium/4.8.1 (java windows)
Cache-Control: no-cache
Content-Type: application/json; charset=utf-8
host: localhost:23136
accept: */*

Response DefaultHttpResponse(decodeResult: success, version: HTTP/1.1)
HTTP/1.1 200 OK
Content-Length: 34808
Content-Type: application/json; charset=utf-8
cache-control: no-cache

14:39:20.529 [AsyncHttpClient-1-2] DEBUG org.asynchttpclient.netty.channel.ChannelManager - Adding key: http://localhost:23136 for channel [id: 0x962bccb0, L:/127.0.0.1:51903 - R:localhost/127.0.0.1:23136]
14:39:20.665 [main] DEBUG net.serenitybdd.core.photography.Darkroom - Send negative for processing for target\site\serenity\11d23327bb1bf97cc11512f3ecf05be08bd2bd7955fd928c2dbb651fa09f9280.png
14:39:20.666 [Darkroom Processing Line] DEBUG net.serenitybdd.core.photography.DarkroomProcessingLine - Processing screenshot image in /var/screenshots/screenshot-3913946191672603142
14:39:20.667 [Darkroom Processing Line] DEBUG net.serenitybdd.core.photography.DarkroomProcessingLine - Saving screenshot to target\site\serenity\11d23327bb1bf97cc11512f3ecf05be08bd2bd7955fd928c2dbb651fa09f9280.png
14:39:20.672 [Forwarding getPageSource on session 14f7fa941740e9693e6fd81a0ceb0387 to remote] DEBUG org.asynchttpclient.netty.request.NettyRequestSender - Using pooled Channel '[id: 0x962bccb0, L:/127.0.0.1:51903 - R:localhost/127.0.0.1:23136]' for 'POST' to 'http://localhost:23136/session/14f7fa941740e9693e6fd81a0ceb0387/execute/sync'
14:39:20.672 [Forwarding getPageSource on session 14f7fa941740e9693e6fd81a0ceb0387 to remote] DEBUG org.asynchttpclient.netty.request.NettyRequestSender - Using open Channel [id: 0x962bccb0, L:/127.0.0.1:51903 - R:localhost/127.0.0.1:23136] for POST '/session/14f7fa941740e9693e6fd81a0ceb0387/execute/sync'
14:39:20.687 [AsyncHttpClient-1-2] DEBUG org.asynchttpclient.netty.handler.HttpHandler - 

Request DefaultHttpRequest(decodeResult: success, version: HTTP/1.1)
POST /session/14f7fa941740e9693e6fd81a0ceb0387/execute/sync HTTP/1.1
User-Agent: selenium/4.8.1 (java windows)
Content-Length: 176
Content-Type: application/json; charset=utf-8
host: localhost:23136
accept: */*

Response DefaultHttpResponse(decodeResult: success, version: HTTP/1.1)
HTTP/1.1 200 OK
Content-Length: 4286
Content-Type: application/json; charset=utf-8
cache-control: no-cache

14:39:20.687 [AsyncHttpClient-1-2] DEBUG org.asynchttpclient.netty.channel.ChannelManager - Adding key: http://localhost:23136 for channel [id: 0x962bccb0, L:/127.0.0.1:51903 - R:localhost/127.0.0.1:23136]
14:39:20.822 [Forwarding getCurrentUrl on session 14f7fa941740e9693e6fd81a0ceb0387 to remote] DEBUG org.asynchttpclient.netty.request.NettyRequestSender - Using pooled Channel '[id: 0x962bccb0, L:/127.0.0.1:51903 - R:localhost/127.0.0.1:23136]' for 'GET' to 'http://localhost:23136/session/14f7fa941740e9693e6fd81a0ceb0387/url'
14:39:20.822 [Forwarding getCurrentUrl on session 14f7fa941740e9693e6fd81a0ceb0387 to remote] DEBUG org.asynchttpclient.netty.request.NettyRequestSender - Using open Channel [id: 0x962bccb0, L:/127.0.0.1:51903 - R:localhost/127.0.0.1:23136] for GET '/session/14f7fa941740e9693e6fd81a0ceb0387/url'
14:39:20.828 [AsyncHttpClient-1-2] DEBUG org.asynchttpclient.netty.handler.HttpHandler - 

Request DefaultFullHttpRequest(decodeResult: success, version: HTTP/1.1, content: EmptyByteBufBE)
GET /session/14f7fa941740e9693e6fd81a0ceb0387/url HTTP/1.1
User-Agent: selenium/4.8.1 (java windows)
Cache-Control: no-cache
Content-Type: application/json; charset=utf-8
host: localhost:23136
accept: */*

Response DefaultHttpResponse(decodeResult: success, version: HTTP/1.1)
HTTP/1.1 200 OK
Content-Length: 38
Content-Type: application/json; charset=utf-8
cache-control: no-cache

14:39:20.828 [AsyncHttpClient-1-2] DEBUG org.asynchttpclient.netty.channel.ChannelManager - Adding key: http://localhost:23136 for channel [id: 0x962bccb0, L:/127.0.0.1:51903 - R:localhost/127.0.0.1:23136]
14:39:20.837 [main] DEBUG net.thucydides.core.steps.StepInterceptor - STARTING STEP: AboutSteps.successLogin - validateOnLoginPage
14:39:20.856 [Forwarding findElement on session 14f7fa941740e9693e6fd81a0ceb0387 to remote] DEBUG org.asynchttpclient.netty.request.NettyRequestSender - Using pooled Channel '[id: 0x962bccb0, L:/127.0.0.1:51903 - R:localhost/127.0.0.1:23136]' for 'POST' to 'http://localhost:23136/session/14f7fa941740e9693e6fd81a0ceb0387/element'
14:39:20.856 [Forwarding findElement on session 14f7fa941740e9693e6fd81a0ceb0387 to remote] DEBUG org.asynchttpclient.netty.request.NettyRequestSender - Using open Channel [id: 0x962bccb0, L:/127.0.0.1:51903 - R:localhost/127.0.0.1:23136] for POST '/session/14f7fa941740e9693e6fd81a0ceb0387/element'
14:39:20.875 [AsyncHttpClient-1-2] DEBUG org.asynchttpclient.netty.handler.HttpHandler - 

Request DefaultHttpRequest(decodeResult: success, version: HTTP/1.1)
POST /session/14f7fa941740e9693e6fd81a0ceb0387/element HTTP/1.1
User-Agent: selenium/4.8.1 (java windows)
Content-Length: 59
Content-Type: application/json; charset=utf-8
host: localhost:23136
accept: */*

Response DefaultHttpResponse(decodeResult: success, version: HTTP/1.1)
HTTP/1.1 200 OK
Content-Length: 88
Content-Type: application/json; charset=utf-8
cache-control: no-cache

14:39:20.875 [AsyncHttpClient-1-2] DEBUG org.asynchttpclient.netty.channel.ChannelManager - Adding key: http://localhost:23136 for channel [id: 0x962bccb0, L:/127.0.0.1:51903 - R:localhost/127.0.0.1:23136]
14:39:20.887 [Forwarding isElementDisplayed on session 14f7fa941740e9693e6fd81a0ceb0387 to remote] DEBUG org.asynchttpclient.netty.request.NettyRequestSender - Using pooled Channel '[id: 0x962bccb0, L:/127.0.0.1:51903 - R:localhost/127.0.0.1:23136]' for 'POST' to 'http://localhost:23136/session/14f7fa941740e9693e6fd81a0ceb0387/execute/sync'
14:39:20.887 [Forwarding isElementDisplayed on session 14f7fa941740e9693e6fd81a0ceb0387 to remote] DEBUG org.asynchttpclient.netty.request.NettyRequestSender - Using open Channel [id: 0x962bccb0, L:/127.0.0.1:51903 - R:localhost/127.0.0.1:23136] for POST '/session/14f7fa941740e9693e6fd81a0ceb0387/execute/sync'
14:39:20.916 [AsyncHttpClient-1-2] DEBUG org.asynchttpclient.netty.handler.HttpHandler - 

Request DefaultHttpRequest(decodeResult: success, version: HTTP/1.1)
POST /session/14f7fa941740e9693e6fd81a0ceb0387/execute/sync HTTP/1.1
User-Agent: selenium/4.8.1 (java windows)
Content-Length: 48807
Content-Type: application/json; charset=utf-8
host: localhost:23136
accept: */*

Response DefaultHttpResponse(decodeResult: success, version: HTTP/1.1)
HTTP/1.1 200 OK
Content-Length: 14
Content-Type: application/json; charset=utf-8
cache-control: no-cache

14:39:20.917 [AsyncHttpClient-1-2] DEBUG org.asynchttpclient.netty.channel.ChannelManager - Adding key: http://localhost:23136 for channel [id: 0x962bccb0, L:/127.0.0.1:51903 - R:localhost/127.0.0.1:23136]
14:39:20.936 [Forwarding getAlertText on session 14f7fa941740e9693e6fd81a0ceb0387 to remote] DEBUG org.asynchttpclient.netty.request.NettyRequestSender - Using pooled Channel '[id: 0x962bccb0, L:/127.0.0.1:51903 - R:localhost/127.0.0.1:23136]' for 'GET' to 'http://localhost:23136/session/14f7fa941740e9693e6fd81a0ceb0387/alert/text'
14:39:20.937 [Forwarding getAlertText on session 14f7fa941740e9693e6fd81a0ceb0387 to remote] DEBUG org.asynchttpclient.netty.request.NettyRequestSender - Using open Channel [id: 0x962bccb0, L:/127.0.0.1:51903 - R:localhost/127.0.0.1:23136] for GET '/session/14f7fa941740e9693e6fd81a0ceb0387/alert/text'
14:39:20.939 [AsyncHttpClient-1-2] DEBUG org.asynchttpclient.netty.handler.HttpHandler - 

Request DefaultFullHttpRequest(decodeResult: success, version: HTTP/1.1, content: EmptyByteBufBE)
GET /session/14f7fa941740e9693e6fd81a0ceb0387/alert/text HTTP/1.1
User-Agent: selenium/4.8.1 (java windows)
Cache-Control: no-cache
Content-Type: application/json; charset=utf-8
host: localhost:23136
accept: */*

Response DefaultHttpResponse(decodeResult: success, version: HTTP/1.1)
HTTP/1.1 404 Not Found
Content-Length: 836
Content-Type: application/json; charset=utf-8
cache-control: no-cache

14:39:20.939 [AsyncHttpClient-1-2] DEBUG org.asynchttpclient.netty.channel.ChannelManager - Adding key: http://localhost:23136 for channel [id: 0x962bccb0, L:/127.0.0.1:51903 - R:localhost/127.0.0.1:23136]
14:39:20.942 [Forwarding getCurrentUrl on session 14f7fa941740e9693e6fd81a0ceb0387 to remote] DEBUG org.asynchttpclient.netty.request.NettyRequestSender - Using pooled Channel '[id: 0x962bccb0, L:/127.0.0.1:51903 - R:localhost/127.0.0.1:23136]' for 'GET' to 'http://localhost:23136/session/14f7fa941740e9693e6fd81a0ceb0387/url'
14:39:20.942 [Forwarding getCurrentUrl on session 14f7fa941740e9693e6fd81a0ceb0387 to remote] DEBUG org.asynchttpclient.netty.request.NettyRequestSender - Using open Channel [id: 0x962bccb0, L:/127.0.0.1:51903 - R:localhost/127.0.0.1:23136] for GET '/session/14f7fa941740e9693e6fd81a0ceb0387/url'
14:39:20.947 [AsyncHttpClient-1-2] DEBUG org.asynchttpclient.netty.handler.HttpHandler - 

Request DefaultFullHttpRequest(decodeResult: success, version: HTTP/1.1, content: EmptyByteBufBE)
GET /session/14f7fa941740e9693e6fd81a0ceb0387/url HTTP/1.1
User-Agent: selenium/4.8.1 (java windows)
Cache-Control: no-cache
Content-Type: application/json; charset=utf-8
host: localhost:23136
accept: */*

Response DefaultHttpResponse(decodeResult: success, version: HTTP/1.1)
HTTP/1.1 200 OK
Content-Length: 38
Content-Type: application/json; charset=utf-8
cache-control: no-cache

14:39:20.948 [AsyncHttpClient-1-2] DEBUG org.asynchttpclient.netty.channel.ChannelManager - Adding key: http://localhost:23136 for channel [id: 0x962bccb0, L:/127.0.0.1:51903 - R:localhost/127.0.0.1:23136]
14:39:20.955 [Forwarding screenshot on session 14f7fa941740e9693e6fd81a0ceb0387 to remote] DEBUG org.asynchttpclient.netty.request.NettyRequestSender - Using pooled Channel '[id: 0x962bccb0, L:/127.0.0.1:51903 - R:localhost/127.0.0.1:23136]' for 'GET' to 'http://localhost:23136/session/14f7fa941740e9693e6fd81a0ceb0387/screenshot'
14:39:20.955 [Forwarding screenshot on session 14f7fa941740e9693e6fd81a0ceb0387 to remote] DEBUG org.asynchttpclient.netty.request.NettyRequestSender - Using open Channel [id: 0x962bccb0, L:/127.0.0.1:51903 - R:localhost/127.0.0.1:23136] for GET '/session/14f7fa941740e9693e6fd81a0ceb0387/screenshot'
14:39:21.090 [AsyncHttpClient-1-2] DEBUG org.asynchttpclient.netty.handler.HttpHandler - 

Request DefaultFullHttpRequest(decodeResult: success, version: HTTP/1.1, content: EmptyByteBufBE)
GET /session/14f7fa941740e9693e6fd81a0ceb0387/screenshot HTTP/1.1
User-Agent: selenium/4.8.1 (java windows)
Cache-Control: no-cache
Content-Type: application/json; charset=utf-8
host: localhost:23136
accept: */*

Response DefaultHttpResponse(decodeResult: success, version: HTTP/1.1)
HTTP/1.1 200 OK
Content-Length: 34808
Content-Type: application/json; charset=utf-8
cache-control: no-cache

14:39:21.091 [AsyncHttpClient-1-2] DEBUG org.asynchttpclient.netty.channel.ChannelManager - Adding key: http://localhost:23136 for channel [id: 0x962bccb0, L:/127.0.0.1:51903 - R:localhost/127.0.0.1:23136]
14:39:21.097 [main] DEBUG net.serenitybdd.core.photography.Darkroom - Send negative for processing for target\site\serenity\11d23327bb1bf97cc11512f3ecf05be08bd2bd7955fd928c2dbb651fa09f9280.png
14:39:21.101 [main] DEBUG net.thucydides.core.steps.StepInterceptor - STEP DONE: validateOnLoginPage
14:39:21.119 [Forwarding getPageSource on session 14f7fa941740e9693e6fd81a0ceb0387 to remote] DEBUG org.asynchttpclient.netty.request.NettyRequestSender - Using pooled Channel '[id: 0x962bccb0, L:/127.0.0.1:51903 - R:localhost/127.0.0.1:23136]' for 'POST' to 'http://localhost:23136/session/14f7fa941740e9693e6fd81a0ceb0387/execute/sync'
14:39:21.119 [Forwarding getPageSource on session 14f7fa941740e9693e6fd81a0ceb0387 to remote] DEBUG org.asynchttpclient.netty.request.NettyRequestSender - Using open Channel [id: 0x962bccb0, L:/127.0.0.1:51903 - R:localhost/127.0.0.1:23136] for POST '/session/14f7fa941740e9693e6fd81a0ceb0387/execute/sync'
14:39:21.126 [AsyncHttpClient-1-2] DEBUG org.asynchttpclient.netty.handler.HttpHandler - 

Request DefaultHttpRequest(decodeResult: success, version: HTTP/1.1)
POST /session/14f7fa941740e9693e6fd81a0ceb0387/execute/sync HTTP/1.1
User-Agent: selenium/4.8.1 (java windows)
Content-Length: 176
Content-Type: application/json; charset=utf-8
host: localhost:23136
accept: */*

Response DefaultHttpResponse(decodeResult: success, version: HTTP/1.1)
HTTP/1.1 200 OK
Content-Length: 4286
Content-Type: application/json; charset=utf-8
cache-control: no-cache

14:39:21.127 [AsyncHttpClient-1-2] DEBUG org.asynchttpclient.netty.channel.ChannelManager - Adding key: http://localhost:23136 for channel [id: 0x962bccb0, L:/127.0.0.1:51903 - R:localhost/127.0.0.1:23136]
14:39:21.134 [Forwarding getCurrentUrl on session 14f7fa941740e9693e6fd81a0ceb0387 to remote] DEBUG org.asynchttpclient.netty.request.NettyRequestSender - Using pooled Channel '[id: 0x962bccb0, L:/127.0.0.1:51903 - R:localhost/127.0.0.1:23136]' for 'GET' to 'http://localhost:23136/session/14f7fa941740e9693e6fd81a0ceb0387/url'
14:39:21.134 [Forwarding getCurrentUrl on session 14f7fa941740e9693e6fd81a0ceb0387 to remote] DEBUG org.asynchttpclient.netty.request.NettyRequestSender - Using open Channel [id: 0x962bccb0, L:/127.0.0.1:51903 - R:localhost/127.0.0.1:23136] for GET '/session/14f7fa941740e9693e6fd81a0ceb0387/url'
14:39:21.139 [AsyncHttpClient-1-2] DEBUG org.asynchttpclient.netty.handler.HttpHandler - 

Request DefaultFullHttpRequest(decodeResult: success, version: HTTP/1.1, content: EmptyByteBufBE)
GET /session/14f7fa941740e9693e6fd81a0ceb0387/url HTTP/1.1
User-Agent: selenium/4.8.1 (java windows)
Cache-Control: no-cache
Content-Type: application/json; charset=utf-8
host: localhost:23136
accept: */*

Response DefaultHttpResponse(decodeResult: success, version: HTTP/1.1)
HTTP/1.1 200 OK
Content-Length: 38
Content-Type: application/json; charset=utf-8
cache-control: no-cache

14:39:21.140 [AsyncHttpClient-1-2] DEBUG org.asynchttpclient.netty.channel.ChannelManager - Adding key: http://localhost:23136 for channel [id: 0x962bccb0, L:/127.0.0.1:51903 - R:localhost/127.0.0.1:23136]
14:39:21.144 [main] DEBUG net.thucydides.core.steps.StepInterceptor - STARTING STEP: AboutSteps.successLogin - inputUsername
14:39:21.152 [Forwarding findElement on session 14f7fa941740e9693e6fd81a0ceb0387 to remote] DEBUG org.asynchttpclient.netty.request.NettyRequestSender - Using pooled Channel '[id: 0x962bccb0, L:/127.0.0.1:51903 - R:localhost/127.0.0.1:23136]' for 'POST' to 'http://localhost:23136/session/14f7fa941740e9693e6fd81a0ceb0387/element'
14:39:21.152 [Forwarding findElement on session 14f7fa941740e9693e6fd81a0ceb0387 to remote] DEBUG org.asynchttpclient.netty.request.NettyRequestSender - Using open Channel [id: 0x962bccb0, L:/127.0.0.1:51903 - R:localhost/127.0.0.1:23136] for POST '/session/14f7fa941740e9693e6fd81a0ceb0387/element'
14:39:21.174 [AsyncHttpClient-1-2] DEBUG org.asynchttpclient.netty.handler.HttpHandler - 

Request DefaultHttpRequest(decodeResult: success, version: HTTP/1.1)
POST /session/14f7fa941740e9693e6fd81a0ceb0387/element HTTP/1.1
User-Agent: selenium/4.8.1 (java windows)
Content-Length: 56
Content-Type: application/json; charset=utf-8
host: localhost:23136
accept: */*

Response DefaultHttpResponse(decodeResult: success, version: HTTP/1.1)
HTTP/1.1 200 OK
Content-Length: 88
Content-Type: application/json; charset=utf-8
cache-control: no-cache

14:39:21.174 [AsyncHttpClient-1-2] DEBUG org.asynchttpclient.netty.channel.ChannelManager - Adding key: http://localhost:23136 for channel [id: 0x962bccb0, L:/127.0.0.1:51903 - R:localhost/127.0.0.1:23136]
14:39:21.178 [Forwarding clearElement on session 14f7fa941740e9693e6fd81a0ceb0387 to remote] DEBUG org.asynchttpclient.netty.request.NettyRequestSender - Using pooled Channel '[id: 0x962bccb0, L:/127.0.0.1:51903 - R:localhost/127.0.0.1:23136]' for 'POST' to 'http://localhost:23136/session/14f7fa941740e9693e6fd81a0ceb0387/element/a165c1f3-96e8-4ae8-92d7-752e54a14b30/clear'
14:39:21.178 [Forwarding clearElement on session 14f7fa941740e9693e6fd81a0ceb0387 to remote] DEBUG org.asynchttpclient.netty.request.NettyRequestSender - Using open Channel [id: 0x962bccb0, L:/127.0.0.1:51903 - R:localhost/127.0.0.1:23136] for POST '/session/14f7fa941740e9693e6fd81a0ceb0387/element/a165c1f3-96e8-4ae8-92d7-752e54a14b30/clear'
14:39:21.224 [AsyncHttpClient-1-2] DEBUG org.asynchttpclient.netty.handler.HttpHandler - 

Request DefaultHttpRequest(decodeResult: success, version: HTTP/1.1)
POST /session/14f7fa941740e9693e6fd81a0ceb0387/element/a165c1f3-96e8-4ae8-92d7-752e54a14b30/clear HTTP/1.1
User-Agent: selenium/4.8.1 (java windows)
Content-Length: 50
Content-Type: application/json; charset=utf-8
host: localhost:23136
accept: */*

Response DefaultHttpResponse(decodeResult: success, version: HTTP/1.1)
HTTP/1.1 200 OK
Content-Length: 14
Content-Type: application/json; charset=utf-8
cache-control: no-cache

14:39:21.224 [AsyncHttpClient-1-2] DEBUG org.asynchttpclient.netty.channel.ChannelManager - Adding key: http://localhost:23136 for channel [id: 0x962bccb0, L:/127.0.0.1:51903 - R:localhost/127.0.0.1:23136]
14:39:21.232 [Forwarding sendKeysToElement on session 14f7fa941740e9693e6fd81a0ceb0387 to remote] DEBUG org.asynchttpclient.netty.request.NettyRequestSender - Using pooled Channel '[id: 0x962bccb0, L:/127.0.0.1:51903 - R:localhost/127.0.0.1:23136]' for 'POST' to 'http://localhost:23136/session/14f7fa941740e9693e6fd81a0ceb0387/element/a165c1f3-96e8-4ae8-92d7-752e54a14b30/value'
14:39:21.233 [Forwarding sendKeysToElement on session 14f7fa941740e9693e6fd81a0ceb0387 to remote] DEBUG org.asynchttpclient.netty.request.NettyRequestSender - Using open Channel [id: 0x962bccb0, L:/127.0.0.1:51903 - R:localhost/127.0.0.1:23136] for POST '/session/14f7fa941740e9693e6fd81a0ceb0387/element/a165c1f3-96e8-4ae8-92d7-752e54a14b30/value'
14:39:21.357 [AsyncHttpClient-1-2] DEBUG org.asynchttpclient.netty.handler.HttpHandler - 

Request DefaultHttpRequest(decodeResult: success, version: HTTP/1.1)
POST /session/14f7fa941740e9693e6fd81a0ceb0387/element/a165c1f3-96e8-4ae8-92d7-752e54a14b30/value HTTP/1.1
User-Agent: selenium/4.8.1 (java windows)
Content-Length: 211
Content-Type: application/json; charset=utf-8
host: localhost:23136
accept: */*

Response DefaultHttpResponse(decodeResult: success, version: HTTP/1.1)
HTTP/1.1 200 OK
Content-Length: 14
Content-Type: application/json; charset=utf-8
cache-control: no-cache

14:39:21.358 [AsyncHttpClient-1-2] DEBUG org.asynchttpclient.netty.channel.ChannelManager - Adding key: http://localhost:23136 for channel [id: 0x962bccb0, L:/127.0.0.1:51903 - R:localhost/127.0.0.1:23136]
14:39:21.380 [Forwarding getAlertText on session 14f7fa941740e9693e6fd81a0ceb0387 to remote] DEBUG org.asynchttpclient.netty.request.NettyRequestSender - Using pooled Channel '[id: 0x962bccb0, L:/127.0.0.1:51903 - R:localhost/127.0.0.1:23136]' for 'GET' to 'http://localhost:23136/session/14f7fa941740e9693e6fd81a0ceb0387/alert/text'
14:39:21.380 [Forwarding getAlertText on session 14f7fa941740e9693e6fd81a0ceb0387 to remote] DEBUG org.asynchttpclient.netty.request.NettyRequestSender - Using open Channel [id: 0x962bccb0, L:/127.0.0.1:51903 - R:localhost/127.0.0.1:23136] for GET '/session/14f7fa941740e9693e6fd81a0ceb0387/alert/text'
14:39:21.383 [AsyncHttpClient-1-2] DEBUG org.asynchttpclient.netty.handler.HttpHandler - 

Request DefaultFullHttpRequest(decodeResult: success, version: HTTP/1.1, content: EmptyByteBufBE)
GET /session/14f7fa941740e9693e6fd81a0ceb0387/alert/text HTTP/1.1
User-Agent: selenium/4.8.1 (java windows)
Cache-Control: no-cache
Content-Type: application/json; charset=utf-8
host: localhost:23136
accept: */*

Response DefaultHttpResponse(decodeResult: success, version: HTTP/1.1)
HTTP/1.1 404 Not Found
Content-Length: 836
Content-Type: application/json; charset=utf-8
cache-control: no-cache

14:39:21.383 [AsyncHttpClient-1-2] DEBUG org.asynchttpclient.netty.channel.ChannelManager - Adding key: http://localhost:23136 for channel [id: 0x962bccb0, L:/127.0.0.1:51903 - R:localhost/127.0.0.1:23136]
14:39:21.386 [Forwarding getCurrentUrl on session 14f7fa941740e9693e6fd81a0ceb0387 to remote] DEBUG org.asynchttpclient.netty.request.NettyRequestSender - Using pooled Channel '[id: 0x962bccb0, L:/127.0.0.1:51903 - R:localhost/127.0.0.1:23136]' for 'GET' to 'http://localhost:23136/session/14f7fa941740e9693e6fd81a0ceb0387/url'
14:39:21.386 [Forwarding getCurrentUrl on session 14f7fa941740e9693e6fd81a0ceb0387 to remote] DEBUG org.asynchttpclient.netty.request.NettyRequestSender - Using open Channel [id: 0x962bccb0, L:/127.0.0.1:51903 - R:localhost/127.0.0.1:23136] for GET '/session/14f7fa941740e9693e6fd81a0ceb0387/url'
14:39:21.391 [AsyncHttpClient-1-2] DEBUG org.asynchttpclient.netty.handler.HttpHandler - 

Request DefaultFullHttpRequest(decodeResult: success, version: HTTP/1.1, content: EmptyByteBufBE)
GET /session/14f7fa941740e9693e6fd81a0ceb0387/url HTTP/1.1
User-Agent: selenium/4.8.1 (java windows)
Cache-Control: no-cache
Content-Type: application/json; charset=utf-8
host: localhost:23136
accept: */*

Response DefaultHttpResponse(decodeResult: success, version: HTTP/1.1)
HTTP/1.1 200 OK
Content-Length: 38
Content-Type: application/json; charset=utf-8
cache-control: no-cache

14:39:21.391 [AsyncHttpClient-1-2] DEBUG org.asynchttpclient.netty.channel.ChannelManager - Adding key: http://localhost:23136 for channel [id: 0x962bccb0, L:/127.0.0.1:51903 - R:localhost/127.0.0.1:23136]
14:39:21.393 [Forwarding screenshot on session 14f7fa941740e9693e6fd81a0ceb0387 to remote] DEBUG org.asynchttpclient.netty.request.NettyRequestSender - Using pooled Channel '[id: 0x962bccb0, L:/127.0.0.1:51903 - R:localhost/127.0.0.1:23136]' for 'GET' to 'http://localhost:23136/session/14f7fa941740e9693e6fd81a0ceb0387/screenshot'
14:39:21.393 [Forwarding screenshot on session 14f7fa941740e9693e6fd81a0ceb0387 to remote] DEBUG org.asynchttpclient.netty.request.NettyRequestSender - Using open Channel [id: 0x962bccb0, L:/127.0.0.1:51903 - R:localhost/127.0.0.1:23136] for GET '/session/14f7fa941740e9693e6fd81a0ceb0387/screenshot'
14:39:21.471 [AsyncHttpClient-1-1] DEBUG org.asynchttpclient.netty.channel.DefaultChannelPool - Entry count for : http://localhost:51905 : 1
14:39:21.489 [AsyncHttpClient-1-2] DEBUG org.asynchttpclient.netty.handler.HttpHandler - 

Request DefaultFullHttpRequest(decodeResult: success, version: HTTP/1.1, content: EmptyByteBufBE)
GET /session/14f7fa941740e9693e6fd81a0ceb0387/screenshot HTTP/1.1
User-Agent: selenium/4.8.1 (java windows)
Cache-Control: no-cache
Content-Type: application/json; charset=utf-8
host: localhost:23136
accept: */*

Response DefaultHttpResponse(decodeResult: success, version: HTTP/1.1)
HTTP/1.1 200 OK
Content-Length: 35420
Content-Type: application/json; charset=utf-8
cache-control: no-cache

14:39:21.489 [AsyncHttpClient-1-2] DEBUG org.asynchttpclient.netty.channel.ChannelManager - Adding key: http://localhost:23136 for channel [id: 0x962bccb0, L:/127.0.0.1:51903 - R:localhost/127.0.0.1:23136]
14:39:21.496 [main] DEBUG net.serenitybdd.core.photography.Darkroom - Send negative for processing for target\site\serenity\6fa7d281aeb5a6b789c1aefb935cf083258364ed791c6e19a593f9a52822aae8.png
14:39:21.496 [main] DEBUG net.thucydides.core.steps.StepInterceptor - STEP DONE: inputUsername
14:39:21.496 [Darkroom Processing Line] DEBUG net.serenitybdd.core.photography.DarkroomProcessingLine - Processing screenshot image in /var/screenshots/screenshot-17019439285658880597
14:39:21.496 [Darkroom Processing Line] DEBUG net.serenitybdd.core.photography.DarkroomProcessingLine - Saving screenshot to target\site\serenity\6fa7d281aeb5a6b789c1aefb935cf083258364ed791c6e19a593f9a52822aae8.png
14:39:21.511 [Forwarding getPageSource on session 14f7fa941740e9693e6fd81a0ceb0387 to remote] DEBUG org.asynchttpclient.netty.request.NettyRequestSender - Using pooled Channel '[id: 0x962bccb0, L:/127.0.0.1:51903 - R:localhost/127.0.0.1:23136]' for 'POST' to 'http://localhost:23136/session/14f7fa941740e9693e6fd81a0ceb0387/execute/sync'
14:39:21.511 [Forwarding getPageSource on session 14f7fa941740e9693e6fd81a0ceb0387 to remote] DEBUG org.asynchttpclient.netty.request.NettyRequestSender - Using open Channel [id: 0x962bccb0, L:/127.0.0.1:51903 - R:localhost/127.0.0.1:23136] for POST '/session/14f7fa941740e9693e6fd81a0ceb0387/execute/sync'
14:39:21.521 [AsyncHttpClient-1-2] DEBUG org.asynchttpclient.netty.handler.HttpHandler - 

Request DefaultHttpRequest(decodeResult: success, version: HTTP/1.1)
POST /session/14f7fa941740e9693e6fd81a0ceb0387/execute/sync HTTP/1.1
User-Agent: selenium/4.8.1 (java windows)
Content-Length: 176
Content-Type: application/json; charset=utf-8
host: localhost:23136
accept: */*

Response DefaultHttpResponse(decodeResult: success, version: HTTP/1.1)
HTTP/1.1 200 OK
Content-Length: 4299
Content-Type: application/json; charset=utf-8
cache-control: no-cache

14:39:21.521 [AsyncHttpClient-1-2] DEBUG org.asynchttpclient.netty.channel.ChannelManager - Adding key: http://localhost:23136 for channel [id: 0x962bccb0, L:/127.0.0.1:51903 - R:localhost/127.0.0.1:23136]
14:39:21.527 [Forwarding getCurrentUrl on session 14f7fa941740e9693e6fd81a0ceb0387 to remote] DEBUG org.asynchttpclient.netty.request.NettyRequestSender - Using pooled Channel '[id: 0x962bccb0, L:/127.0.0.1:51903 - R:localhost/127.0.0.1:23136]' for 'GET' to 'http://localhost:23136/session/14f7fa941740e9693e6fd81a0ceb0387/url'
14:39:21.528 [Forwarding getCurrentUrl on session 14f7fa941740e9693e6fd81a0ceb0387 to remote] DEBUG org.asynchttpclient.netty.request.NettyRequestSender - Using open Channel [id: 0x962bccb0, L:/127.0.0.1:51903 - R:localhost/127.0.0.1:23136] for GET '/session/14f7fa941740e9693e6fd81a0ceb0387/url'
14:39:21.537 [AsyncHttpClient-1-2] DEBUG org.asynchttpclient.netty.handler.HttpHandler - 

Request DefaultFullHttpRequest(decodeResult: success, version: HTTP/1.1, content: EmptyByteBufBE)
GET /session/14f7fa941740e9693e6fd81a0ceb0387/url HTTP/1.1
User-Agent: selenium/4.8.1 (java windows)
Cache-Control: no-cache
Content-Type: application/json; charset=utf-8
host: localhost:23136
accept: */*

Response DefaultHttpResponse(decodeResult: success, version: HTTP/1.1)
HTTP/1.1 200 OK
Content-Length: 38
Content-Type: application/json; charset=utf-8
cache-control: no-cache

14:39:21.537 [AsyncHttpClient-1-2] DEBUG org.asynchttpclient.netty.channel.ChannelManager - Adding key: http://localhost:23136 for channel [id: 0x962bccb0, L:/127.0.0.1:51903 - R:localhost/127.0.0.1:23136]
14:39:21.546 [main] DEBUG net.thucydides.core.steps.StepInterceptor - STARTING STEP: AboutSteps.successLogin - inputPassword
14:39:21.555 [Forwarding findElement on session 14f7fa941740e9693e6fd81a0ceb0387 to remote] DEBUG org.asynchttpclient.netty.request.NettyRequestSender - Using pooled Channel '[id: 0x962bccb0, L:/127.0.0.1:51903 - R:localhost/127.0.0.1:23136]' for 'POST' to 'http://localhost:23136/session/14f7fa941740e9693e6fd81a0ceb0387/element'
14:39:21.555 [Forwarding findElement on session 14f7fa941740e9693e6fd81a0ceb0387 to remote] DEBUG org.asynchttpclient.netty.request.NettyRequestSender - Using open Channel [id: 0x962bccb0, L:/127.0.0.1:51903 - R:localhost/127.0.0.1:23136] for POST '/session/14f7fa941740e9693e6fd81a0ceb0387/element'
14:39:21.574 [AsyncHttpClient-1-2] DEBUG org.asynchttpclient.netty.handler.HttpHandler - 

Request DefaultHttpRequest(decodeResult: success, version: HTTP/1.1)
POST /session/14f7fa941740e9693e6fd81a0ceb0387/element HTTP/1.1
User-Agent: selenium/4.8.1 (java windows)
Content-Length: 53
Content-Type: application/json; charset=utf-8
host: localhost:23136
accept: */*

Response DefaultHttpResponse(decodeResult: success, version: HTTP/1.1)
HTTP/1.1 200 OK
Content-Length: 88
Content-Type: application/json; charset=utf-8
cache-control: no-cache

14:39:21.574 [AsyncHttpClient-1-2] DEBUG org.asynchttpclient.netty.channel.ChannelManager - Adding key: http://localhost:23136 for channel [id: 0x962bccb0, L:/127.0.0.1:51903 - R:localhost/127.0.0.1:23136]
14:39:21.576 [Forwarding clearElement on session 14f7fa941740e9693e6fd81a0ceb0387 to remote] DEBUG org.asynchttpclient.netty.request.NettyRequestSender - Using pooled Channel '[id: 0x962bccb0, L:/127.0.0.1:51903 - R:localhost/127.0.0.1:23136]' for 'POST' to 'http://localhost:23136/session/14f7fa941740e9693e6fd81a0ceb0387/element/c6ad84ea-03bf-4723-b57e-4b4d7d9b90e0/clear'
14:39:21.577 [Forwarding clearElement on session 14f7fa941740e9693e6fd81a0ceb0387 to remote] DEBUG org.asynchttpclient.netty.request.NettyRequestSender - Using open Channel [id: 0x962bccb0, L:/127.0.0.1:51903 - R:localhost/127.0.0.1:23136] for POST '/session/14f7fa941740e9693e6fd81a0ceb0387/element/c6ad84ea-03bf-4723-b57e-4b4d7d9b90e0/clear'
14:39:21.617 [AsyncHttpClient-1-2] DEBUG org.asynchttpclient.netty.handler.HttpHandler - 

Request DefaultHttpRequest(decodeResult: success, version: HTTP/1.1)
POST /session/14f7fa941740e9693e6fd81a0ceb0387/element/c6ad84ea-03bf-4723-b57e-4b4d7d9b90e0/clear HTTP/1.1
User-Agent: selenium/4.8.1 (java windows)
Content-Length: 50
Content-Type: application/json; charset=utf-8
host: localhost:23136
accept: */*

Response DefaultHttpResponse(decodeResult: success, version: HTTP/1.1)
HTTP/1.1 200 OK
Content-Length: 14
Content-Type: application/json; charset=utf-8
cache-control: no-cache

14:39:21.617 [AsyncHttpClient-1-2] DEBUG org.asynchttpclient.netty.channel.ChannelManager - Adding key: http://localhost:23136 for channel [id: 0x962bccb0, L:/127.0.0.1:51903 - R:localhost/127.0.0.1:23136]
14:39:21.620 [Forwarding sendKeysToElement on session 14f7fa941740e9693e6fd81a0ceb0387 to remote] DEBUG org.asynchttpclient.netty.request.NettyRequestSender - Using pooled Channel '[id: 0x962bccb0, L:/127.0.0.1:51903 - R:localhost/127.0.0.1:23136]' for 'POST' to 'http://localhost:23136/session/14f7fa941740e9693e6fd81a0ceb0387/element/c6ad84ea-03bf-4723-b57e-4b4d7d9b90e0/value'
14:39:21.621 [Forwarding sendKeysToElement on session 14f7fa941740e9693e6fd81a0ceb0387 to remote] DEBUG org.asynchttpclient.netty.request.NettyRequestSender - Using open Channel [id: 0x962bccb0, L:/127.0.0.1:51903 - R:localhost/127.0.0.1:23136] for POST '/session/14f7fa941740e9693e6fd81a0ceb0387/element/c6ad84ea-03bf-4723-b57e-4b4d7d9b90e0/value'
14:39:21.730 [AsyncHttpClient-1-2] DEBUG org.asynchttpclient.netty.handler.HttpHandler - 

Request DefaultHttpRequest(decodeResult: success, version: HTTP/1.1)
POST /session/14f7fa941740e9693e6fd81a0ceb0387/element/c6ad84ea-03bf-4723-b57e-4b4d7d9b90e0/value HTTP/1.1
User-Agent: selenium/4.8.1 (java windows)
Content-Length: 201
Content-Type: application/json; charset=utf-8
host: localhost:23136
accept: */*

Response DefaultHttpResponse(decodeResult: success, version: HTTP/1.1)
HTTP/1.1 200 OK
Content-Length: 14
Content-Type: application/json; charset=utf-8
cache-control: no-cache

14:39:21.730 [AsyncHttpClient-1-2] DEBUG org.asynchttpclient.netty.channel.ChannelManager - Adding key: http://localhost:23136 for channel [id: 0x962bccb0, L:/127.0.0.1:51903 - R:localhost/127.0.0.1:23136]
14:39:21.747 [Forwarding getAlertText on session 14f7fa941740e9693e6fd81a0ceb0387 to remote] DEBUG org.asynchttpclient.netty.request.NettyRequestSender - Using pooled Channel '[id: 0x962bccb0, L:/127.0.0.1:51903 - R:localhost/127.0.0.1:23136]' for 'GET' to 'http://localhost:23136/session/14f7fa941740e9693e6fd81a0ceb0387/alert/text'
14:39:21.748 [Forwarding getAlertText on session 14f7fa941740e9693e6fd81a0ceb0387 to remote] DEBUG org.asynchttpclient.netty.request.NettyRequestSender - Using open Channel [id: 0x962bccb0, L:/127.0.0.1:51903 - R:localhost/127.0.0.1:23136] for GET '/session/14f7fa941740e9693e6fd81a0ceb0387/alert/text'
14:39:21.750 [AsyncHttpClient-1-2] DEBUG org.asynchttpclient.netty.handler.HttpHandler - 

Request DefaultFullHttpRequest(decodeResult: success, version: HTTP/1.1, content: EmptyByteBufBE)
GET /session/14f7fa941740e9693e6fd81a0ceb0387/alert/text HTTP/1.1
User-Agent: selenium/4.8.1 (java windows)
Cache-Control: no-cache
Content-Type: application/json; charset=utf-8
host: localhost:23136
accept: */*

Response DefaultHttpResponse(decodeResult: success, version: HTTP/1.1)
HTTP/1.1 404 Not Found
Content-Length: 836
Content-Type: application/json; charset=utf-8
cache-control: no-cache

14:39:21.750 [AsyncHttpClient-1-2] DEBUG org.asynchttpclient.netty.channel.ChannelManager - Adding key: http://localhost:23136 for channel [id: 0x962bccb0, L:/127.0.0.1:51903 - R:localhost/127.0.0.1:23136]
14:39:21.751 [Forwarding getCurrentUrl on session 14f7fa941740e9693e6fd81a0ceb0387 to remote] DEBUG org.asynchttpclient.netty.request.NettyRequestSender - Using pooled Channel '[id: 0x962bccb0, L:/127.0.0.1:51903 - R:localhost/127.0.0.1:23136]' for 'GET' to 'http://localhost:23136/session/14f7fa941740e9693e6fd81a0ceb0387/url'
14:39:21.752 [Forwarding getCurrentUrl on session 14f7fa941740e9693e6fd81a0ceb0387 to remote] DEBUG org.asynchttpclient.netty.request.NettyRequestSender - Using open Channel [id: 0x962bccb0, L:/127.0.0.1:51903 - R:localhost/127.0.0.1:23136] for GET '/session/14f7fa941740e9693e6fd81a0ceb0387/url'
14:39:21.757 [AsyncHttpClient-1-2] DEBUG org.asynchttpclient.netty.handler.HttpHandler - 

Request DefaultFullHttpRequest(decodeResult: success, version: HTTP/1.1, content: EmptyByteBufBE)
GET /session/14f7fa941740e9693e6fd81a0ceb0387/url HTTP/1.1
User-Agent: selenium/4.8.1 (java windows)
Cache-Control: no-cache
Content-Type: application/json; charset=utf-8
host: localhost:23136
accept: */*

Response DefaultHttpResponse(decodeResult: success, version: HTTP/1.1)
HTTP/1.1 200 OK
Content-Length: 38
Content-Type: application/json; charset=utf-8
cache-control: no-cache

14:39:21.757 [AsyncHttpClient-1-2] DEBUG org.asynchttpclient.netty.channel.ChannelManager - Adding key: http://localhost:23136 for channel [id: 0x962bccb0, L:/127.0.0.1:51903 - R:localhost/127.0.0.1:23136]
14:39:21.758 [Forwarding screenshot on session 14f7fa941740e9693e6fd81a0ceb0387 to remote] DEBUG org.asynchttpclient.netty.request.NettyRequestSender - Using pooled Channel '[id: 0x962bccb0, L:/127.0.0.1:51903 - R:localhost/127.0.0.1:23136]' for 'GET' to 'http://localhost:23136/session/14f7fa941740e9693e6fd81a0ceb0387/screenshot'
14:39:21.759 [Forwarding screenshot on session 14f7fa941740e9693e6fd81a0ceb0387 to remote] DEBUG org.asynchttpclient.netty.request.NettyRequestSender - Using open Channel [id: 0x962bccb0, L:/127.0.0.1:51903 - R:localhost/127.0.0.1:23136] for GET '/session/14f7fa941740e9693e6fd81a0ceb0387/screenshot'
14:39:21.861 [AsyncHttpClient-1-2] DEBUG org.asynchttpclient.netty.handler.HttpHandler - 

Request DefaultFullHttpRequest(decodeResult: success, version: HTTP/1.1, content: EmptyByteBufBE)
GET /session/14f7fa941740e9693e6fd81a0ceb0387/screenshot HTTP/1.1
User-Agent: selenium/4.8.1 (java windows)
Cache-Control: no-cache
Content-Type: application/json; charset=utf-8
host: localhost:23136
accept: */*

Response DefaultHttpResponse(decodeResult: success, version: HTTP/1.1)
HTTP/1.1 200 OK
Content-Length: 34084
Content-Type: application/json; charset=utf-8
cache-control: no-cache

14:39:21.862 [AsyncHttpClient-1-2] DEBUG org.asynchttpclient.netty.channel.ChannelManager - Adding key: http://localhost:23136 for channel [id: 0x962bccb0, L:/127.0.0.1:51903 - R:localhost/127.0.0.1:23136]
14:39:21.870 [main] DEBUG net.serenitybdd.core.photography.Darkroom - Send negative for processing for target\site\serenity\35ce55fb9f0ba7f7f8b90877dd8fc5b3774fbc5c8bef89b85a50378e4325e338.png
14:39:21.870 [main] DEBUG net.thucydides.core.steps.StepInterceptor - STEP DONE: inputPassword
14:39:21.870 [Darkroom Processing Line] DEBUG net.serenitybdd.core.photography.DarkroomProcessingLine - Processing screenshot image in /var/screenshots/screenshot-16101069636746753312
14:39:21.870 [Darkroom Processing Line] DEBUG net.serenitybdd.core.photography.DarkroomProcessingLine - Saving screenshot to target\site\serenity\35ce55fb9f0ba7f7f8b90877dd8fc5b3774fbc5c8bef89b85a50378e4325e338.png
14:39:21.880 [Forwarding getPageSource on session 14f7fa941740e9693e6fd81a0ceb0387 to remote] DEBUG org.asynchttpclient.netty.request.NettyRequestSender - Using pooled Channel '[id: 0x962bccb0, L:/127.0.0.1:51903 - R:localhost/127.0.0.1:23136]' for 'POST' to 'http://localhost:23136/session/14f7fa941740e9693e6fd81a0ceb0387/execute/sync'
14:39:21.880 [Forwarding getPageSource on session 14f7fa941740e9693e6fd81a0ceb0387 to remote] DEBUG org.asynchttpclient.netty.request.NettyRequestSender - Using open Channel [id: 0x962bccb0, L:/127.0.0.1:51903 - R:localhost/127.0.0.1:23136] for POST '/session/14f7fa941740e9693e6fd81a0ceb0387/execute/sync'
14:39:21.888 [AsyncHttpClient-1-2] DEBUG org.asynchttpclient.netty.handler.HttpHandler - 

Request DefaultHttpRequest(decodeResult: success, version: HTTP/1.1)
POST /session/14f7fa941740e9693e6fd81a0ceb0387/execute/sync HTTP/1.1
User-Agent: selenium/4.8.1 (java windows)
Content-Length: 176
Content-Type: application/json; charset=utf-8
host: localhost:23136
accept: */*

Response DefaultHttpResponse(decodeResult: success, version: HTTP/1.1)
HTTP/1.1 200 OK
Content-Length: 4311
Content-Type: application/json; charset=utf-8
cache-control: no-cache

14:39:21.889 [AsyncHttpClient-1-2] DEBUG org.asynchttpclient.netty.channel.ChannelManager - Adding key: http://localhost:23136 for channel [id: 0x962bccb0, L:/127.0.0.1:51903 - R:localhost/127.0.0.1:23136]
14:39:21.894 [Forwarding getCurrentUrl on session 14f7fa941740e9693e6fd81a0ceb0387 to remote] DEBUG org.asynchttpclient.netty.request.NettyRequestSender - Using pooled Channel '[id: 0x962bccb0, L:/127.0.0.1:51903 - R:localhost/127.0.0.1:23136]' for 'GET' to 'http://localhost:23136/session/14f7fa941740e9693e6fd81a0ceb0387/url'
14:39:21.894 [Forwarding getCurrentUrl on session 14f7fa941740e9693e6fd81a0ceb0387 to remote] DEBUG org.asynchttpclient.netty.request.NettyRequestSender - Using open Channel [id: 0x962bccb0, L:/127.0.0.1:51903 - R:localhost/127.0.0.1:23136] for GET '/session/14f7fa941740e9693e6fd81a0ceb0387/url'
14:39:21.900 [AsyncHttpClient-1-2] DEBUG org.asynchttpclient.netty.handler.HttpHandler - 

Request DefaultFullHttpRequest(decodeResult: success, version: HTTP/1.1, content: EmptyByteBufBE)
GET /session/14f7fa941740e9693e6fd81a0ceb0387/url HTTP/1.1
User-Agent: selenium/4.8.1 (java windows)
Cache-Control: no-cache
Content-Type: application/json; charset=utf-8
host: localhost:23136
accept: */*

Response DefaultHttpResponse(decodeResult: success, version: HTTP/1.1)
HTTP/1.1 200 OK
Content-Length: 38
Content-Type: application/json; charset=utf-8
cache-control: no-cache

14:39:21.900 [AsyncHttpClient-1-2] DEBUG org.asynchttpclient.netty.channel.ChannelManager - Adding key: http://localhost:23136 for channel [id: 0x962bccb0, L:/127.0.0.1:51903 - R:localhost/127.0.0.1:23136]
14:39:21.903 [main] DEBUG net.thucydides.core.steps.StepInterceptor - STARTING STEP: AboutSteps.successLogin - ClickLoginButton
14:39:21.912 [Forwarding findElement on session 14f7fa941740e9693e6fd81a0ceb0387 to remote] DEBUG org.asynchttpclient.netty.request.NettyRequestSender - Using pooled Channel '[id: 0x962bccb0, L:/127.0.0.1:51903 - R:localhost/127.0.0.1:23136]' for 'POST' to 'http://localhost:23136/session/14f7fa941740e9693e6fd81a0ceb0387/element'
14:39:21.912 [Forwarding findElement on session 14f7fa941740e9693e6fd81a0ceb0387 to remote] DEBUG org.asynchttpclient.netty.request.NettyRequestSender - Using open Channel [id: 0x962bccb0, L:/127.0.0.1:51903 - R:localhost/127.0.0.1:23136] for POST '/session/14f7fa941740e9693e6fd81a0ceb0387/element'
14:39:21.924 [AsyncHttpClient-1-2] DEBUG org.asynchttpclient.netty.handler.HttpHandler - 

Request DefaultHttpRequest(decodeResult: success, version: HTTP/1.1)
POST /session/14f7fa941740e9693e6fd81a0ceb0387/element HTTP/1.1
User-Agent: selenium/4.8.1 (java windows)
Content-Length: 59
Content-Type: application/json; charset=utf-8
host: localhost:23136
accept: */*

Response DefaultHttpResponse(decodeResult: success, version: HTTP/1.1)
HTTP/1.1 200 OK
Content-Length: 88
Content-Type: application/json; charset=utf-8
cache-control: no-cache

14:39:21.924 [AsyncHttpClient-1-2] DEBUG org.asynchttpclient.netty.channel.ChannelManager - Adding key: http://localhost:23136 for channel [id: 0x962bccb0, L:/127.0.0.1:51903 - R:localhost/127.0.0.1:23136]
14:39:21.926 [Forwarding getElementTagName on session 14f7fa941740e9693e6fd81a0ceb0387 to remote] DEBUG org.asynchttpclient.netty.request.NettyRequestSender - Using pooled Channel '[id: 0x962bccb0, L:/127.0.0.1:51903 - R:localhost/127.0.0.1:23136]' for 'GET' to 'http://localhost:23136/session/14f7fa941740e9693e6fd81a0ceb0387/element/296ae1b2-77fb-4a89-9607-fe88e09c2bc5/name'
14:39:21.926 [Forwarding getElementTagName on session 14f7fa941740e9693e6fd81a0ceb0387 to remote] DEBUG org.asynchttpclient.netty.request.NettyRequestSender - Using open Channel [id: 0x962bccb0, L:/127.0.0.1:51903 - R:localhost/127.0.0.1:23136] for GET '/session/14f7fa941740e9693e6fd81a0ceb0387/element/296ae1b2-77fb-4a89-9607-fe88e09c2bc5/name'
14:39:21.933 [AsyncHttpClient-1-2] DEBUG org.asynchttpclient.netty.handler.HttpHandler - 

Request DefaultFullHttpRequest(decodeResult: success, version: HTTP/1.1, content: EmptyByteBufBE)
GET /session/14f7fa941740e9693e6fd81a0ceb0387/element/296ae1b2-77fb-4a89-9607-fe88e09c2bc5/name HTTP/1.1
User-Agent: selenium/4.8.1 (java windows)
Cache-Control: no-cache
Content-Type: application/json; charset=utf-8
host: localhost:23136
accept: */*

Response DefaultHttpResponse(decodeResult: success, version: HTTP/1.1)
HTTP/1.1 200 OK
Content-Length: 17
Content-Type: application/json; charset=utf-8
cache-control: no-cache

14:39:21.934 [AsyncHttpClient-1-2] DEBUG org.asynchttpclient.netty.channel.ChannelManager - Adding key: http://localhost:23136 for channel [id: 0x962bccb0, L:/127.0.0.1:51903 - R:localhost/127.0.0.1:23136]
14:39:21.936 [Forwarding getElementTagName on session 14f7fa941740e9693e6fd81a0ceb0387 to remote] DEBUG org.asynchttpclient.netty.request.NettyRequestSender - Using pooled Channel '[id: 0x962bccb0, L:/127.0.0.1:51903 - R:localhost/127.0.0.1:23136]' for 'GET' to 'http://localhost:23136/session/14f7fa941740e9693e6fd81a0ceb0387/element/296ae1b2-77fb-4a89-9607-fe88e09c2bc5/name'
14:39:21.936 [Forwarding getElementTagName on session 14f7fa941740e9693e6fd81a0ceb0387 to remote] DEBUG org.asynchttpclient.netty.request.NettyRequestSender - Using open Channel [id: 0x962bccb0, L:/127.0.0.1:51903 - R:localhost/127.0.0.1:23136] for GET '/session/14f7fa941740e9693e6fd81a0ceb0387/element/296ae1b2-77fb-4a89-9607-fe88e09c2bc5/name'
14:39:21.940 [AsyncHttpClient-1-2] DEBUG org.asynchttpclient.netty.handler.HttpHandler - 

Request DefaultFullHttpRequest(decodeResult: success, version: HTTP/1.1, content: EmptyByteBufBE)
GET /session/14f7fa941740e9693e6fd81a0ceb0387/element/296ae1b2-77fb-4a89-9607-fe88e09c2bc5/name HTTP/1.1
User-Agent: selenium/4.8.1 (java windows)
Cache-Control: no-cache
Content-Type: application/json; charset=utf-8
host: localhost:23136
accept: */*

Response DefaultHttpResponse(decodeResult: success, version: HTTP/1.1)
HTTP/1.1 200 OK
Content-Length: 17
Content-Type: application/json; charset=utf-8
cache-control: no-cache

14:39:21.941 [AsyncHttpClient-1-2] DEBUG org.asynchttpclient.netty.channel.ChannelManager - Adding key: http://localhost:23136 for channel [id: 0x962bccb0, L:/127.0.0.1:51903 - R:localhost/127.0.0.1:23136]
14:39:21.948 [Forwarding isElementEnabled on session 14f7fa941740e9693e6fd81a0ceb0387 to remote] DEBUG org.asynchttpclient.netty.request.NettyRequestSender - Using pooled Channel '[id: 0x962bccb0, L:/127.0.0.1:51903 - R:localhost/127.0.0.1:23136]' for 'GET' to 'http://localhost:23136/session/14f7fa941740e9693e6fd81a0ceb0387/element/296ae1b2-77fb-4a89-9607-fe88e09c2bc5/enabled'
14:39:21.948 [Forwarding isElementEnabled on session 14f7fa941740e9693e6fd81a0ceb0387 to remote] DEBUG org.asynchttpclient.netty.request.NettyRequestSender - Using open Channel [id: 0x962bccb0, L:/127.0.0.1:51903 - R:localhost/127.0.0.1:23136] for GET '/session/14f7fa941740e9693e6fd81a0ceb0387/element/296ae1b2-77fb-4a89-9607-fe88e09c2bc5/enabled'
14:39:21.958 [AsyncHttpClient-1-2] DEBUG org.asynchttpclient.netty.handler.HttpHandler - 

Request DefaultFullHttpRequest(decodeResult: success, version: HTTP/1.1, content: EmptyByteBufBE)
GET /session/14f7fa941740e9693e6fd81a0ceb0387/element/296ae1b2-77fb-4a89-9607-fe88e09c2bc5/enabled HTTP/1.1
User-Agent: selenium/4.8.1 (java windows)
Cache-Control: no-cache
Content-Type: application/json; charset=utf-8
host: localhost:23136
accept: */*

Response DefaultHttpResponse(decodeResult: success, version: HTTP/1.1)
HTTP/1.1 200 OK
Content-Length: 14
Content-Type: application/json; charset=utf-8
cache-control: no-cache

14:39:21.958 [AsyncHttpClient-1-2] DEBUG org.asynchttpclient.netty.channel.ChannelManager - Adding key: http://localhost:23136 for channel [id: 0x962bccb0, L:/127.0.0.1:51903 - R:localhost/127.0.0.1:23136]
14:39:21.960 [Forwarding isElementEnabled on session 14f7fa941740e9693e6fd81a0ceb0387 to remote] DEBUG org.asynchttpclient.netty.request.NettyRequestSender - Using pooled Channel '[id: 0x962bccb0, L:/127.0.0.1:51903 - R:localhost/127.0.0.1:23136]' for 'GET' to 'http://localhost:23136/session/14f7fa941740e9693e6fd81a0ceb0387/element/296ae1b2-77fb-4a89-9607-fe88e09c2bc5/enabled'
14:39:21.961 [Forwarding isElementEnabled on session 14f7fa941740e9693e6fd81a0ceb0387 to remote] DEBUG org.asynchttpclient.netty.request.NettyRequestSender - Using open Channel [id: 0x962bccb0, L:/127.0.0.1:51903 - R:localhost/127.0.0.1:23136] for GET '/session/14f7fa941740e9693e6fd81a0ceb0387/element/296ae1b2-77fb-4a89-9607-fe88e09c2bc5/enabled'
14:39:21.969 [AsyncHttpClient-1-2] DEBUG org.asynchttpclient.netty.handler.HttpHandler - 

Request DefaultFullHttpRequest(decodeResult: success, version: HTTP/1.1, content: EmptyByteBufBE)
GET /session/14f7fa941740e9693e6fd81a0ceb0387/element/296ae1b2-77fb-4a89-9607-fe88e09c2bc5/enabled HTTP/1.1
User-Agent: selenium/4.8.1 (java windows)
Cache-Control: no-cache
Content-Type: application/json; charset=utf-8
host: localhost:23136
accept: */*

Response DefaultHttpResponse(decodeResult: success, version: HTTP/1.1)
HTTP/1.1 200 OK
Content-Length: 14
Content-Type: application/json; charset=utf-8
cache-control: no-cache

14:39:21.969 [AsyncHttpClient-1-2] DEBUG org.asynchttpclient.netty.channel.ChannelManager - Adding key: http://localhost:23136 for channel [id: 0x962bccb0, L:/127.0.0.1:51903 - R:localhost/127.0.0.1:23136]
14:39:21.973 [Forwarding findElement on session 14f7fa941740e9693e6fd81a0ceb0387 to remote] DEBUG org.asynchttpclient.netty.request.NettyRequestSender - Using pooled Channel '[id: 0x962bccb0, L:/127.0.0.1:51903 - R:localhost/127.0.0.1:23136]' for 'POST' to 'http://localhost:23136/session/14f7fa941740e9693e6fd81a0ceb0387/element'
14:39:21.973 [Forwarding findElement on session 14f7fa941740e9693e6fd81a0ceb0387 to remote] DEBUG org.asynchttpclient.netty.request.NettyRequestSender - Using open Channel [id: 0x962bccb0, L:/127.0.0.1:51903 - R:localhost/127.0.0.1:23136] for POST '/session/14f7fa941740e9693e6fd81a0ceb0387/element'
14:39:21.986 [AsyncHttpClient-1-2] DEBUG org.asynchttpclient.netty.handler.HttpHandler - 

Request DefaultHttpRequest(decodeResult: success, version: HTTP/1.1)
POST /session/14f7fa941740e9693e6fd81a0ceb0387/element HTTP/1.1
User-Agent: selenium/4.8.1 (java windows)
Content-Length: 59
Content-Type: application/json; charset=utf-8
host: localhost:23136
accept: */*

Response DefaultHttpResponse(decodeResult: success, version: HTTP/1.1)
HTTP/1.1 200 OK
Content-Length: 88
Content-Type: application/json; charset=utf-8
cache-control: no-cache

14:39:21.986 [AsyncHttpClient-1-2] DEBUG org.asynchttpclient.netty.channel.ChannelManager - Adding key: http://localhost:23136 for channel [id: 0x962bccb0, L:/127.0.0.1:51903 - R:localhost/127.0.0.1:23136]
14:39:21.989 [Forwarding clickElement on session 14f7fa941740e9693e6fd81a0ceb0387 to remote] DEBUG org.asynchttpclient.netty.request.NettyRequestSender - Using pooled Channel '[id: 0x962bccb0, L:/127.0.0.1:51903 - R:localhost/127.0.0.1:23136]' for 'POST' to 'http://localhost:23136/session/14f7fa941740e9693e6fd81a0ceb0387/element/296ae1b2-77fb-4a89-9607-fe88e09c2bc5/click'
14:39:21.989 [Forwarding clickElement on session 14f7fa941740e9693e6fd81a0ceb0387 to remote] DEBUG org.asynchttpclient.netty.request.NettyRequestSender - Using open Channel [id: 0x962bccb0, L:/127.0.0.1:51903 - R:localhost/127.0.0.1:23136] for POST '/session/14f7fa941740e9693e6fd81a0ceb0387/element/296ae1b2-77fb-4a89-9607-fe88e09c2bc5/click'
14:39:22.571 [AsyncHttpClient-1-1] DEBUG org.asynchttpclient.netty.channel.DefaultChannelPool - Entry count for : http://localhost:51905 : 1
14:39:22.610 [AsyncHttpClient-1-2] DEBUG org.asynchttpclient.netty.handler.HttpHandler - 

Request DefaultHttpRequest(decodeResult: success, version: HTTP/1.1)
POST /session/14f7fa941740e9693e6fd81a0ceb0387/element/296ae1b2-77fb-4a89-9607-fe88e09c2bc5/click HTTP/1.1
User-Agent: selenium/4.8.1 (java windows)
Content-Length: 50
Content-Type: application/json; charset=utf-8
host: localhost:23136
accept: */*

Response DefaultHttpResponse(decodeResult: success, version: HTTP/1.1)
HTTP/1.1 200 OK
Content-Length: 14
Content-Type: application/json; charset=utf-8
cache-control: no-cache

14:39:22.610 [AsyncHttpClient-1-2] DEBUG org.asynchttpclient.netty.channel.ChannelManager - Adding key: http://localhost:23136 for channel [id: 0x962bccb0, L:/127.0.0.1:51903 - R:localhost/127.0.0.1:23136]
14:39:22.635 [Forwarding getAlertText on session 14f7fa941740e9693e6fd81a0ceb0387 to remote] DEBUG org.asynchttpclient.netty.request.NettyRequestSender - Using pooled Channel '[id: 0x962bccb0, L:/127.0.0.1:51903 - R:localhost/127.0.0.1:23136]' for 'GET' to 'http://localhost:23136/session/14f7fa941740e9693e6fd81a0ceb0387/alert/text'
14:39:22.635 [Forwarding getAlertText on session 14f7fa941740e9693e6fd81a0ceb0387 to remote] DEBUG org.asynchttpclient.netty.request.NettyRequestSender - Using open Channel [id: 0x962bccb0, L:/127.0.0.1:51903 - R:localhost/127.0.0.1:23136] for GET '/session/14f7fa941740e9693e6fd81a0ceb0387/alert/text'
14:39:22.668 [AsyncHttpClient-1-2] DEBUG org.asynchttpclient.netty.handler.HttpHandler - 

Request DefaultFullHttpRequest(decodeResult: success, version: HTTP/1.1, content: EmptyByteBufBE)
GET /session/14f7fa941740e9693e6fd81a0ceb0387/alert/text HTTP/1.1
User-Agent: selenium/4.8.1 (java windows)
Cache-Control: no-cache
Content-Type: application/json; charset=utf-8
host: localhost:23136
accept: */*

Response DefaultHttpResponse(decodeResult: success, version: HTTP/1.1)
HTTP/1.1 404 Not Found
Content-Length: 836
Content-Type: application/json; charset=utf-8
cache-control: no-cache

14:39:22.668 [AsyncHttpClient-1-2] DEBUG org.asynchttpclient.netty.channel.ChannelManager - Adding key: http://localhost:23136 for channel [id: 0x962bccb0, L:/127.0.0.1:51903 - R:localhost/127.0.0.1:23136]
14:39:22.672 [Forwarding getCurrentUrl on session 14f7fa941740e9693e6fd81a0ceb0387 to remote] DEBUG org.asynchttpclient.netty.request.NettyRequestSender - Using pooled Channel '[id: 0x962bccb0, L:/127.0.0.1:51903 - R:localhost/127.0.0.1:23136]' for 'GET' to 'http://localhost:23136/session/14f7fa941740e9693e6fd81a0ceb0387/url'
14:39:22.672 [Forwarding getCurrentUrl on session 14f7fa941740e9693e6fd81a0ceb0387 to remote] DEBUG org.asynchttpclient.netty.request.NettyRequestSender - Using open Channel [id: 0x962bccb0, L:/127.0.0.1:51903 - R:localhost/127.0.0.1:23136] for GET '/session/14f7fa941740e9693e6fd81a0ceb0387/url'
14:39:22.691 [AsyncHttpClient-1-2] DEBUG org.asynchttpclient.netty.handler.HttpHandler - 

Request DefaultFullHttpRequest(decodeResult: success, version: HTTP/1.1, content: EmptyByteBufBE)
GET /session/14f7fa941740e9693e6fd81a0ceb0387/url HTTP/1.1
User-Agent: selenium/4.8.1 (java windows)
Cache-Control: no-cache
Content-Type: application/json; charset=utf-8
host: localhost:23136
accept: */*

Response DefaultHttpResponse(decodeResult: success, version: HTTP/1.1)
HTTP/1.1 200 OK
Content-Length: 52
Content-Type: application/json; charset=utf-8
cache-control: no-cache

14:39:22.695 [AsyncHttpClient-1-2] DEBUG org.asynchttpclient.netty.channel.ChannelManager - Adding key: http://localhost:23136 for channel [id: 0x962bccb0, L:/127.0.0.1:51903 - R:localhost/127.0.0.1:23136]
14:39:22.707 [Forwarding screenshot on session 14f7fa941740e9693e6fd81a0ceb0387 to remote] DEBUG org.asynchttpclient.netty.request.NettyRequestSender - Using pooled Channel '[id: 0x962bccb0, L:/127.0.0.1:51903 - R:localhost/127.0.0.1:23136]' for 'GET' to 'http://localhost:23136/session/14f7fa941740e9693e6fd81a0ceb0387/screenshot'
14:39:22.707 [Forwarding screenshot on session 14f7fa941740e9693e6fd81a0ceb0387 to remote] DEBUG org.asynchttpclient.netty.request.NettyRequestSender - Using open Channel [id: 0x962bccb0, L:/127.0.0.1:51903 - R:localhost/127.0.0.1:23136] for GET '/session/14f7fa941740e9693e6fd81a0ceb0387/screenshot'
14:39:22.918 [AsyncHttpClient-1-2] DEBUG org.asynchttpclient.netty.handler.HttpHandler - 

Request DefaultFullHttpRequest(decodeResult: success, version: HTTP/1.1, content: EmptyByteBufBE)
GET /session/14f7fa941740e9693e6fd81a0ceb0387/screenshot HTTP/1.1
User-Agent: selenium/4.8.1 (java windows)
Cache-Control: no-cache
Content-Type: application/json; charset=utf-8
host: localhost:23136
accept: */*

Response DefaultHttpResponse(decodeResult: success, version: HTTP/1.1)
HTTP/1.1 200 OK
Content-Length: 133672
Content-Type: application/json; charset=utf-8
cache-control: no-cache

14:39:22.920 [AsyncHttpClient-1-2] DEBUG org.asynchttpclient.netty.channel.ChannelManager - Adding key: http://localhost:23136 for channel [id: 0x962bccb0, L:/127.0.0.1:51903 - R:localhost/127.0.0.1:23136]
14:39:22.936 [main] DEBUG net.serenitybdd.core.photography.Darkroom - Send negative for processing for target\site\serenity\665f56856851cde8699fa3e2c699b41e10d37ac82872c8f12cd4fe4789ec5b5f.png
14:39:22.937 [main] DEBUG net.thucydides.core.steps.StepInterceptor - STEP DONE: ClickLoginButton
14:39:22.937 [Darkroom Processing Line] DEBUG net.serenitybdd.core.photography.DarkroomProcessingLine - Processing screenshot image in /var/screenshots/screenshot-5450833854969828240
14:39:22.937 [Darkroom Processing Line] DEBUG net.serenitybdd.core.photography.DarkroomProcessingLine - Saving screenshot to target\site\serenity\665f56856851cde8699fa3e2c699b41e10d37ac82872c8f12cd4fe4789ec5b5f.png
  &amp#27;[32mGiven &amp#27;[0m&amp#27;[32mI successfully login&amp#27;[0m                        &amp#27;[90m# starter.stepdefinitions.AboutSteps.successLogin()&amp#27;[0m
14:39:22.973 [Forwarding getPageSource on session 14f7fa941740e9693e6fd81a0ceb0387 to remote] DEBUG org.asynchttpclient.netty.request.NettyRequestSender - Using pooled Channel '[id: 0x962bccb0, L:/127.0.0.1:51903 - R:localhost/127.0.0.1:23136]' for 'POST' to 'http://localhost:23136/session/14f7fa941740e9693e6fd81a0ceb0387/execute/sync'
14:39:22.973 [Forwarding getPageSource on session 14f7fa941740e9693e6fd81a0ceb0387 to remote] DEBUG org.asynchttpclient.netty.request.NettyRequestSender - Using open Channel [id: 0x962bccb0, L:/127.0.0.1:51903 - R:localhost/127.0.0.1:23136] for POST '/session/14f7fa941740e9693e6fd81a0ceb0387/execute/sync'
14:39:22.987 [AsyncHttpClient-1-2] DEBUG org.asynchttpclient.netty.handler.HttpHandler - 

Request DefaultHttpRequest(decodeResult: success, version: HTTP/1.1)
POST /session/14f7fa941740e9693e6fd81a0ceb0387/execute/sync HTTP/1.1
User-Agent: selenium/4.8.1 (java windows)
Content-Length: 176
Content-Type: application/json; charset=utf-8
host: localhost:23136
accept: */*

Response DefaultHttpResponse(decodeResult: success, version: HTTP/1.1)
HTTP/1.1 200 OK
Content-Length: 16329
Content-Type: application/json; charset=utf-8
cache-control: no-cache

14:39:22.987 [AsyncHttpClient-1-2] DEBUG org.asynchttpclient.netty.channel.ChannelManager - Adding key: http://localhost:23136 for channel [id: 0x962bccb0, L:/127.0.0.1:51903 - R:localhost/127.0.0.1:23136]
14:39:23.002 [Forwarding getCurrentUrl on session 14f7fa941740e9693e6fd81a0ceb0387 to remote] DEBUG org.asynchttpclient.netty.request.NettyRequestSender - Using pooled Channel '[id: 0x962bccb0, L:/127.0.0.1:51903 - R:localhost/127.0.0.1:23136]' for 'GET' to 'http://localhost:23136/session/14f7fa941740e9693e6fd81a0ceb0387/url'
14:39:23.002 [Forwarding getCurrentUrl on session 14f7fa941740e9693e6fd81a0ceb0387 to remote] DEBUG org.asynchttpclient.netty.request.NettyRequestSender - Using open Channel [id: 0x962bccb0, L:/127.0.0.1:51903 - R:localhost/127.0.0.1:23136] for GET '/session/14f7fa941740e9693e6fd81a0ceb0387/url'
14:39:23.013 [AsyncHttpClient-1-2] DEBUG org.asynchttpclient.netty.handler.HttpHandler - 

Request DefaultFullHttpRequest(decodeResult: success, version: HTTP/1.1, content: EmptyByteBufBE)
GET /session/14f7fa941740e9693e6fd81a0ceb0387/url HTTP/1.1
User-Agent: selenium/4.8.1 (java windows)
Cache-Control: no-cache
Content-Type: application/json; charset=utf-8
host: localhost:23136
accept: */*

Response DefaultHttpResponse(decodeResult: success, version: HTTP/1.1)
HTTP/1.1 200 OK
Content-Length: 52
Content-Type: application/json; charset=utf-8
cache-control: no-cache

14:39:23.014 [AsyncHttpClient-1-2] DEBUG org.asynchttpclient.netty.channel.ChannelManager - Adding key: http://localhost:23136 for channel [id: 0x962bccb0, L:/127.0.0.1:51903 - R:localhost/127.0.0.1:23136]
14:39:23.148 [Forwarding findElement on session 14f7fa941740e9693e6fd81a0ceb0387 to remote] DEBUG org.asynchttpclient.netty.request.NettyRequestSender - Using pooled Channel '[id: 0x962bccb0, L:/127.0.0.1:51903 - R:localhost/127.0.0.1:23136]' for 'POST' to 'http://localhost:23136/session/14f7fa941740e9693e6fd81a0ceb0387/element'
14:39:23.148 [Forwarding findElement on session 14f7fa941740e9693e6fd81a0ceb0387 to remote] DEBUG org.asynchttpclient.netty.request.NettyRequestSender - Using open Channel [id: 0x962bccb0, L:/127.0.0.1:51903 - R:localhost/127.0.0.1:23136] for POST '/session/14f7fa941740e9693e6fd81a0ceb0387/element'
14:39:23.169 [AsyncHttpClient-1-2] DEBUG org.asynchttpclient.netty.handler.HttpHandler - 

Request DefaultHttpRequest(decodeResult: success, version: HTTP/1.1)
POST /session/14f7fa941740e9693e6fd81a0ceb0387/element HTTP/1.1
User-Agent: selenium/4.8.1 (java windows)
Content-Length: 50
Content-Type: application/json; charset=utf-8
host: localhost:23136
accept: */*

Response DefaultHttpResponse(decodeResult: success, version: HTTP/1.1)
HTTP/1.1 200 OK
Content-Length: 88
Content-Type: application/json; charset=utf-8
cache-control: no-cache

14:39:23.169 [AsyncHttpClient-1-2] DEBUG org.asynchttpclient.netty.channel.ChannelManager - Adding key: http://localhost:23136 for channel [id: 0x962bccb0, L:/127.0.0.1:51903 - R:localhost/127.0.0.1:23136]
14:39:23.176 [Forwarding isElementDisplayed on session 14f7fa941740e9693e6fd81a0ceb0387 to remote] DEBUG org.asynchttpclient.netty.request.NettyRequestSender - Using pooled Channel '[id: 0x962bccb0, L:/127.0.0.1:51903 - R:localhost/127.0.0.1:23136]' for 'POST' to 'http://localhost:23136/session/14f7fa941740e9693e6fd81a0ceb0387/execute/sync'
14:39:23.176 [Forwarding isElementDisplayed on session 14f7fa941740e9693e6fd81a0ceb0387 to remote] DEBUG org.asynchttpclient.netty.request.NettyRequestSender - Using open Channel [id: 0x962bccb0, L:/127.0.0.1:51903 - R:localhost/127.0.0.1:23136] for POST '/session/14f7fa941740e9693e6fd81a0ceb0387/execute/sync'
14:39:23.201 [AsyncHttpClient-1-2] DEBUG org.asynchttpclient.netty.handler.HttpHandler - 

Request DefaultHttpRequest(decodeResult: success, version: HTTP/1.1)
POST /session/14f7fa941740e9693e6fd81a0ceb0387/execute/sync HTTP/1.1
User-Agent: selenium/4.8.1 (java windows)
Content-Length: 48807
Content-Type: application/json; charset=utf-8
host: localhost:23136
accept: */*

Response DefaultHttpResponse(decodeResult: success, version: HTTP/1.1)
HTTP/1.1 200 OK
Content-Length: 14
Content-Type: application/json; charset=utf-8
cache-control: no-cache

14:39:23.202 [AsyncHttpClient-1-2] DEBUG org.asynchttpclient.netty.channel.ChannelManager - Adding key: http://localhost:23136 for channel [id: 0x962bccb0, L:/127.0.0.1:51903 - R:localhost/127.0.0.1:23136]
  &amp#27;[32mWhen &amp#27;[0m&amp#27;[32mI am on the web home page&amp#27;[0m                    &amp#27;[90m# starter.stepdefinitions.AboutSteps.enterValidUsername()&amp#27;[0m
14:39:23.213 [Forwarding getAlertText on session 14f7fa941740e9693e6fd81a0ceb0387 to remote] DEBUG org.asynchttpclient.netty.request.NettyRequestSender - Using pooled Channel '[id: 0x962bccb0, L:/127.0.0.1:51903 - R:localhost/127.0.0.1:23136]' for 'GET' to 'http://localhost:23136/session/14f7fa941740e9693e6fd81a0ceb0387/alert/text'
14:39:23.214 [Forwarding getAlertText on session 14f7fa941740e9693e6fd81a0ceb0387 to remote] DEBUG org.asynchttpclient.netty.request.NettyRequestSender - Using open Channel [id: 0x962bccb0, L:/127.0.0.1:51903 - R:localhost/127.0.0.1:23136] for GET '/session/14f7fa941740e9693e6fd81a0ceb0387/alert/text'
14:39:23.217 [AsyncHttpClient-1-2] DEBUG org.asynchttpclient.netty.handler.HttpHandler - 

Request DefaultFullHttpRequest(decodeResult: success, version: HTTP/1.1, content: EmptyByteBufBE)
GET /session/14f7fa941740e9693e6fd81a0ceb0387/alert/text HTTP/1.1
User-Agent: selenium/4.8.1 (java windows)
Cache-Control: no-cache
Content-Type: application/json; charset=utf-8
host: localhost:23136
accept: */*

Response DefaultHttpResponse(decodeResult: success, version: HTTP/1.1)
HTTP/1.1 404 Not Found
Content-Length: 836
Content-Type: application/json; charset=utf-8
cache-control: no-cache

14:39:23.217 [AsyncHttpClient-1-2] DEBUG org.asynchttpclient.netty.channel.ChannelManager - Adding key: http://localhost:23136 for channel [id: 0x962bccb0, L:/127.0.0.1:51903 - R:localhost/127.0.0.1:23136]
14:39:23.220 [Forwarding getCurrentUrl on session 14f7fa941740e9693e6fd81a0ceb0387 to remote] DEBUG org.asynchttpclient.netty.request.NettyRequestSender - Using pooled Channel '[id: 0x962bccb0, L:/127.0.0.1:51903 - R:localhost/127.0.0.1:23136]' for 'GET' to 'http://localhost:23136/session/14f7fa941740e9693e6fd81a0ceb0387/url'
14:39:23.220 [Forwarding getCurrentUrl on session 14f7fa941740e9693e6fd81a0ceb0387 to remote] DEBUG org.asynchttpclient.netty.request.NettyRequestSender - Using open Channel [id: 0x962bccb0, L:/127.0.0.1:51903 - R:localhost/127.0.0.1:23136] for GET '/session/14f7fa941740e9693e6fd81a0ceb0387/url'
14:39:23.225 [AsyncHttpClient-1-2] DEBUG org.asynchttpclient.netty.handler.HttpHandler - 

Request DefaultFullHttpRequest(decodeResult: success, version: HTTP/1.1, content: EmptyByteBufBE)
GET /session/14f7fa941740e9693e6fd81a0ceb0387/url HTTP/1.1
User-Agent: selenium/4.8.1 (java windows)
Cache-Control: no-cache
Content-Type: application/json; charset=utf-8
host: localhost:23136
accept: */*

Response DefaultHttpResponse(decodeResult: success, version: HTTP/1.1)
HTTP/1.1 200 OK
Content-Length: 52
Content-Type: application/json; charset=utf-8
cache-control: no-cache

14:39:23.226 [AsyncHttpClient-1-2] DEBUG org.asynchttpclient.netty.channel.ChannelManager - Adding key: http://localhost:23136 for channel [id: 0x962bccb0, L:/127.0.0.1:51903 - R:localhost/127.0.0.1:23136]
14:39:23.228 [Forwarding screenshot on session 14f7fa941740e9693e6fd81a0ceb0387 to remote] DEBUG org.asynchttpclient.netty.request.NettyRequestSender - Using pooled Channel '[id: 0x962bccb0, L:/127.0.0.1:51903 - R:localhost/127.0.0.1:23136]' for 'GET' to 'http://localhost:23136/session/14f7fa941740e9693e6fd81a0ceb0387/screenshot'
14:39:23.228 [Forwarding screenshot on session 14f7fa941740e9693e6fd81a0ceb0387 to remote] DEBUG org.asynchttpclient.netty.request.NettyRequestSender - Using open Channel [id: 0x962bccb0, L:/127.0.0.1:51903 - R:localhost/127.0.0.1:23136] for GET '/session/14f7fa941740e9693e6fd81a0ceb0387/screenshot'
14:39:23.328 [AsyncHttpClient-1-2] DEBUG org.asynchttpclient.netty.handler.HttpHandler - 

Request DefaultFullHttpRequest(decodeResult: success, version: HTTP/1.1, content: EmptyByteBufBE)
GET /session/14f7fa941740e9693e6fd81a0ceb0387/screenshot HTTP/1.1
User-Agent: selenium/4.8.1 (java windows)
Cache-Control: no-cache
Content-Type: application/json; charset=utf-8
host: localhost:23136
accept: */*

Response DefaultHttpResponse(decodeResult: success, version: HTTP/1.1)
HTTP/1.1 200 OK
Content-Length: 134488
Content-Type: application/json; charset=utf-8
cache-control: no-cache

14:39:23.330 [AsyncHttpClient-1-2] DEBUG org.asynchttpclient.netty.channel.ChannelManager - Adding key: http://localhost:23136 for channel [id: 0x962bccb0, L:/127.0.0.1:51903 - R:localhost/127.0.0.1:23136]
14:39:23.336 [main] DEBUG net.serenitybdd.core.photography.Darkroom - Send negative for processing for target\site\serenity\2b077e77af41b75df599d619af4eb219ab7f1faadb7722ecd6300cbb75fc13a0.png
14:39:23.337 [Darkroom Processing Line] DEBUG net.serenitybdd.core.photography.DarkroomProcessingLine - Processing screenshot image in /var/screenshots/screenshot-2129608893709620977
14:39:23.337 [Darkroom Processing Line] DEBUG net.serenitybdd.core.photography.DarkroomProcessingLine - Saving screenshot to target\site\serenity\2b077e77af41b75df599d619af4eb219ab7f1faadb7722ecd6300cbb75fc13a0.png
14:39:23.347 [Forwarding getPageSource on session 14f7fa941740e9693e6fd81a0ceb0387 to remote] DEBUG org.asynchttpclient.netty.request.NettyRequestSender - Using pooled Channel '[id: 0x962bccb0, L:/127.0.0.1:51903 - R:localhost/127.0.0.1:23136]' for 'POST' to 'http://localhost:23136/session/14f7fa941740e9693e6fd81a0ceb0387/execute/sync'
14:39:23.347 [Forwarding getPageSource on session 14f7fa941740e9693e6fd81a0ceb0387 to remote] DEBUG org.asynchttpclient.netty.request.NettyRequestSender - Using open Channel [id: 0x962bccb0, L:/127.0.0.1:51903 - R:localhost/127.0.0.1:23136] for POST '/session/14f7fa941740e9693e6fd81a0ceb0387/execute/sync'
14:39:23.355 [AsyncHttpClient-1-2] DEBUG org.asynchttpclient.netty.handler.HttpHandler - 

Request DefaultHttpRequest(decodeResult: success, version: HTTP/1.1)
POST /session/14f7fa941740e9693e6fd81a0ceb0387/execute/sync HTTP/1.1
User-Agent: selenium/4.8.1 (java windows)
Content-Length: 176
Content-Type: application/json; charset=utf-8
host: localhost:23136
accept: */*

Response DefaultHttpResponse(decodeResult: success, version: HTTP/1.1)
HTTP/1.1 200 OK
Content-Length: 16345
Content-Type: application/json; charset=utf-8
cache-control: no-cache

14:39:23.355 [AsyncHttpClient-1-2] DEBUG org.asynchttpclient.netty.channel.ChannelManager - Adding key: http://localhost:23136 for channel [id: 0x962bccb0, L:/127.0.0.1:51903 - R:localhost/127.0.0.1:23136]
14:39:23.366 [Forwarding getCurrentUrl on session 14f7fa941740e9693e6fd81a0ceb0387 to remote] DEBUG org.asynchttpclient.netty.request.NettyRequestSender - Using pooled Channel '[id: 0x962bccb0, L:/127.0.0.1:51903 - R:localhost/127.0.0.1:23136]' for 'GET' to 'http://localhost:23136/session/14f7fa941740e9693e6fd81a0ceb0387/url'
14:39:23.366 [Forwarding getCurrentUrl on session 14f7fa941740e9693e6fd81a0ceb0387 to remote] DEBUG org.asynchttpclient.netty.request.NettyRequestSender - Using open Channel [id: 0x962bccb0, L:/127.0.0.1:51903 - R:localhost/127.0.0.1:23136] for GET '/session/14f7fa941740e9693e6fd81a0ceb0387/url'
14:39:23.372 [AsyncHttpClient-1-2] DEBUG org.asynchttpclient.netty.handler.HttpHandler - 

Request DefaultFullHttpRequest(decodeResult: success, version: HTTP/1.1, content: EmptyByteBufBE)
GET /session/14f7fa941740e9693e6fd81a0ceb0387/url HTTP/1.1
User-Agent: selenium/4.8.1 (java windows)
Cache-Control: no-cache
Content-Type: application/json; charset=utf-8
host: localhost:23136
accept: */*

Response DefaultHttpResponse(decodeResult: success, version: HTTP/1.1)
HTTP/1.1 200 OK
Content-Length: 52
Content-Type: application/json; charset=utf-8
cache-control: no-cache

14:39:23.373 [AsyncHttpClient-1-2] DEBUG org.asynchttpclient.netty.channel.ChannelManager - Adding key: http://localhost:23136 for channel [id: 0x962bccb0, L:/127.0.0.1:51903 - R:localhost/127.0.0.1:23136]
14:39:23.391 [Forwarding getAlertText on session 14f7fa941740e9693e6fd81a0ceb0387 to remote] DEBUG org.asynchttpclient.netty.request.NettyRequestSender - Using pooled Channel '[id: 0x962bccb0, L:/127.0.0.1:51903 - R:localhost/127.0.0.1:23136]' for 'GET' to 'http://localhost:23136/session/14f7fa941740e9693e6fd81a0ceb0387/alert/text'
14:39:23.391 [Forwarding getAlertText on session 14f7fa941740e9693e6fd81a0ceb0387 to remote] DEBUG org.asynchttpclient.netty.request.NettyRequestSender - Using open Channel [id: 0x962bccb0, L:/127.0.0.1:51903 - R:localhost/127.0.0.1:23136] for GET '/session/14f7fa941740e9693e6fd81a0ceb0387/alert/text'
14:39:23.394 [AsyncHttpClient-1-2] DEBUG org.asynchttpclient.netty.handler.HttpHandler - 

Request DefaultFullHttpRequest(decodeResult: success, version: HTTP/1.1, content: EmptyByteBufBE)
GET /session/14f7fa941740e9693e6fd81a0ceb0387/alert/text HTTP/1.1
User-Agent: selenium/4.8.1 (java windows)
Cache-Control: no-cache
Content-Type: application/json; charset=utf-8
host: localhost:23136
accept: */*

Response DefaultHttpResponse(decodeResult: success, version: HTTP/1.1)
HTTP/1.1 404 Not Found
Content-Length: 836
Content-Type: application/json; charset=utf-8
cache-control: no-cache

14:39:23.394 [AsyncHttpClient-1-2] DEBUG org.asynchttpclient.netty.channel.ChannelManager - Adding key: http://localhost:23136 for channel [id: 0x962bccb0, L:/127.0.0.1:51903 - R:localhost/127.0.0.1:23136]
14:39:23.396 [Forwarding getCurrentUrl on session 14f7fa941740e9693e6fd81a0ceb0387 to remote] DEBUG org.asynchttpclient.netty.request.NettyRequestSender - Using pooled Channel '[id: 0x962bccb0, L:/127.0.0.1:51903 - R:localhost/127.0.0.1:23136]' for 'GET' to 'http://localhost:23136/session/14f7fa941740e9693e6fd81a0ceb0387/url'
14:39:23.396 [Forwarding getCurrentUrl on session 14f7fa941740e9693e6fd81a0ceb0387 to remote] DEBUG org.asynchttpclient.netty.request.NettyRequestSender - Using open Channel [id: 0x962bccb0, L:/127.0.0.1:51903 - R:localhost/127.0.0.1:23136] for GET '/session/14f7fa941740e9693e6fd81a0ceb0387/url'
14:39:23.402 [AsyncHttpClient-1-2] DEBUG org.asynchttpclient.netty.handler.HttpHandler - 

Request DefaultFullHttpRequest(decodeResult: success, version: HTTP/1.1, content: EmptyByteBufBE)
GET /session/14f7fa941740e9693e6fd81a0ceb0387/url HTTP/1.1
User-Agent: selenium/4.8.1 (java windows)
Cache-Control: no-cache
Content-Type: application/json; charset=utf-8
host: localhost:23136
accept: */*

Response DefaultHttpResponse(decodeResult: success, version: HTTP/1.1)
HTTP/1.1 200 OK
Content-Length: 52
Content-Type: application/json; charset=utf-8
cache-control: no-cache

14:39:23.402 [AsyncHttpClient-1-2] DEBUG org.asynchttpclient.netty.channel.ChannelManager - Adding key: http://localhost:23136 for channel [id: 0x962bccb0, L:/127.0.0.1:51903 - R:localhost/127.0.0.1:23136]
14:39:23.405 [Forwarding screenshot on session 14f7fa941740e9693e6fd81a0ceb0387 to remote] DEBUG org.asynchttpclient.netty.request.NettyRequestSender - Using pooled Channel '[id: 0x962bccb0, L:/127.0.0.1:51903 - R:localhost/127.0.0.1:23136]' for 'GET' to 'http://localhost:23136/session/14f7fa941740e9693e6fd81a0ceb0387/screenshot'
14:39:23.405 [Forwarding screenshot on session 14f7fa941740e9693e6fd81a0ceb0387 to remote] DEBUG org.asynchttpclient.netty.request.NettyRequestSender - Using open Channel [id: 0x962bccb0, L:/127.0.0.1:51903 - R:localhost/127.0.0.1:23136] for GET '/session/14f7fa941740e9693e6fd81a0ceb0387/screenshot'
14:39:23.517 [AsyncHttpClient-1-2] DEBUG org.asynchttpclient.netty.handler.HttpHandler - 

Request DefaultFullHttpRequest(decodeResult: success, version: HTTP/1.1, content: EmptyByteBufBE)
GET /session/14f7fa941740e9693e6fd81a0ceb0387/screenshot HTTP/1.1
User-Agent: selenium/4.8.1 (java windows)
Cache-Control: no-cache
Content-Type: application/json; charset=utf-8
host: localhost:23136
accept: */*

Response DefaultHttpResponse(decodeResult: success, version: HTTP/1.1)
HTTP/1.1 200 OK
Content-Length: 134488
Content-Type: application/json; charset=utf-8
cache-control: no-cache

14:39:23.519 [AsyncHttpClient-1-2] DEBUG org.asynchttpclient.netty.channel.ChannelManager - Adding key: http://localhost:23136 for channel [id: 0x962bccb0, L:/127.0.0.1:51903 - R:localhost/127.0.0.1:23136]
14:39:23.530 [main] DEBUG net.serenitybdd.core.photography.Darkroom - Send negative for processing for target\site\serenity\2b077e77af41b75df599d619af4eb219ab7f1faadb7722ecd6300cbb75fc13a0.png
14:39:23.532 [Forwarding getPageSource on session 14f7fa941740e9693e6fd81a0ceb0387 to remote] DEBUG org.asynchttpclient.netty.request.NettyRequestSender - Using pooled Channel '[id: 0x962bccb0, L:/127.0.0.1:51903 - R:localhost/127.0.0.1:23136]' for 'POST' to 'http://localhost:23136/session/14f7fa941740e9693e6fd81a0ceb0387/execute/sync'
14:39:23.532 [Forwarding getPageSource on session 14f7fa941740e9693e6fd81a0ceb0387 to remote] DEBUG org.asynchttpclient.netty.request.NettyRequestSender - Using open Channel [id: 0x962bccb0, L:/127.0.0.1:51903 - R:localhost/127.0.0.1:23136] for POST '/session/14f7fa941740e9693e6fd81a0ceb0387/execute/sync'
14:39:23.542 [AsyncHttpClient-1-2] DEBUG org.asynchttpclient.netty.handler.HttpHandler - 

Request DefaultHttpRequest(decodeResult: success, version: HTTP/1.1)
POST /session/14f7fa941740e9693e6fd81a0ceb0387/execute/sync HTTP/1.1
User-Agent: selenium/4.8.1 (java windows)
Content-Length: 176
Content-Type: application/json; charset=utf-8
host: localhost:23136
accept: */*

Response DefaultHttpResponse(decodeResult: success, version: HTTP/1.1)
HTTP/1.1 200 OK
Content-Length: 16345
Content-Type: application/json; charset=utf-8
cache-control: no-cache

14:39:23.542 [AsyncHttpClient-1-2] DEBUG org.asynchttpclient.netty.channel.ChannelManager - Adding key: http://localhost:23136 for channel [id: 0x962bccb0, L:/127.0.0.1:51903 - R:localhost/127.0.0.1:23136]
14:39:23.552 [Forwarding getCurrentUrl on session 14f7fa941740e9693e6fd81a0ceb0387 to remote] DEBUG org.asynchttpclient.netty.request.NettyRequestSender - Using pooled Channel '[id: 0x962bccb0, L:/127.0.0.1:51903 - R:localhost/127.0.0.1:23136]' for 'GET' to 'http://localhost:23136/session/14f7fa941740e9693e6fd81a0ceb0387/url'
14:39:23.552 [Forwarding getCurrentUrl on session 14f7fa941740e9693e6fd81a0ceb0387 to remote] DEBUG org.asynchttpclient.netty.request.NettyRequestSender - Using open Channel [id: 0x962bccb0, L:/127.0.0.1:51903 - R:localhost/127.0.0.1:23136] for GET '/session/14f7fa941740e9693e6fd81a0ceb0387/url'
14:39:23.559 [AsyncHttpClient-1-2] DEBUG org.asynchttpclient.netty.handler.HttpHandler - 

Request DefaultFullHttpRequest(decodeResult: success, version: HTTP/1.1, content: EmptyByteBufBE)
GET /session/14f7fa941740e9693e6fd81a0ceb0387/url HTTP/1.1
User-Agent: selenium/4.8.1 (java windows)
Cache-Control: no-cache
Content-Type: application/json; charset=utf-8
host: localhost:23136
accept: */*

Response DefaultHttpResponse(decodeResult: success, version: HTTP/1.1)
HTTP/1.1 200 OK
Content-Length: 52
Content-Type: application/json; charset=utf-8
cache-control: no-cache

14:39:23.559 [AsyncHttpClient-1-2] DEBUG org.asynchttpclient.netty.channel.ChannelManager - Adding key: http://localhost:23136 for channel [id: 0x962bccb0, L:/127.0.0.1:51903 - R:localhost/127.0.0.1:23136]
14:39:23.563 [main] DEBUG net.thucydides.core.steps.StepInterceptor - STARTING STEP: AboutSteps.ClickMenuButton - ClickMenuButton
14:39:23.572 [Forwarding findElement on session 14f7fa941740e9693e6fd81a0ceb0387 to remote] DEBUG org.asynchttpclient.netty.request.NettyRequestSender - Using pooled Channel '[id: 0x962bccb0, L:/127.0.0.1:51903 - R:localhost/127.0.0.1:23136]' for 'POST' to 'http://localhost:23136/session/14f7fa941740e9693e6fd81a0ceb0387/element'
14:39:23.572 [Forwarding findElement on session 14f7fa941740e9693e6fd81a0ceb0387 to remote] DEBUG org.asynchttpclient.netty.request.NettyRequestSender - Using open Channel [id: 0x962bccb0, L:/127.0.0.1:51903 - R:localhost/127.0.0.1:23136] for POST '/session/14f7fa941740e9693e6fd81a0ceb0387/element'
14:39:23.587 [AsyncHttpClient-1-2] DEBUG org.asynchttpclient.netty.handler.HttpHandler - 

Request DefaultHttpRequest(decodeResult: success, version: HTTP/1.1)
POST /session/14f7fa941740e9693e6fd81a0ceb0387/element HTTP/1.1
User-Agent: selenium/4.8.1 (java windows)
Content-Length: 65
Content-Type: application/json; charset=utf-8
host: localhost:23136
accept: */*

Response DefaultHttpResponse(decodeResult: success, version: HTTP/1.1)
HTTP/1.1 200 OK
Content-Length: 88
Content-Type: application/json; charset=utf-8
cache-control: no-cache

14:39:23.588 [AsyncHttpClient-1-2] DEBUG org.asynchttpclient.netty.channel.ChannelManager - Adding key: http://localhost:23136 for channel [id: 0x962bccb0, L:/127.0.0.1:51903 - R:localhost/127.0.0.1:23136]
14:39:23.590 [Forwarding getElementTagName on session 14f7fa941740e9693e6fd81a0ceb0387 to remote] DEBUG org.asynchttpclient.netty.request.NettyRequestSender - Using pooled Channel '[id: 0x962bccb0, L:/127.0.0.1:51903 - R:localhost/127.0.0.1:23136]' for 'GET' to 'http://localhost:23136/session/14f7fa941740e9693e6fd81a0ceb0387/element/62dd4f84-5159-4e49-9ede-5f5d6626084a/name'
14:39:23.590 [Forwarding getElementTagName on session 14f7fa941740e9693e6fd81a0ceb0387 to remote] DEBUG org.asynchttpclient.netty.request.NettyRequestSender - Using open Channel [id: 0x962bccb0, L:/127.0.0.1:51903 - R:localhost/127.0.0.1:23136] for GET '/session/14f7fa941740e9693e6fd81a0ceb0387/element/62dd4f84-5159-4e49-9ede-5f5d6626084a/name'
14:39:23.596 [AsyncHttpClient-1-2] DEBUG org.asynchttpclient.netty.handler.HttpHandler - 

Request DefaultFullHttpRequest(decodeResult: success, version: HTTP/1.1, content: EmptyByteBufBE)
GET /session/14f7fa941740e9693e6fd81a0ceb0387/element/62dd4f84-5159-4e49-9ede-5f5d6626084a/name HTTP/1.1
User-Agent: selenium/4.8.1 (java windows)
Cache-Control: no-cache
Content-Type: application/json; charset=utf-8
host: localhost:23136
accept: */*

Response DefaultHttpResponse(decodeResult: success, version: HTTP/1.1)
HTTP/1.1 200 OK
Content-Length: 15
Content-Type: application/json; charset=utf-8
cache-control: no-cache

14:39:23.597 [AsyncHttpClient-1-2] DEBUG org.asynchttpclient.netty.channel.ChannelManager - Adding key: http://localhost:23136 for channel [id: 0x962bccb0, L:/127.0.0.1:51903 - R:localhost/127.0.0.1:23136]
14:39:23.599 [Forwarding getElementTagName on session 14f7fa941740e9693e6fd81a0ceb0387 to remote] DEBUG org.asynchttpclient.netty.request.NettyRequestSender - Using pooled Channel '[id: 0x962bccb0, L:/127.0.0.1:51903 - R:localhost/127.0.0.1:23136]' for 'GET' to 'http://localhost:23136/session/14f7fa941740e9693e6fd81a0ceb0387/element/62dd4f84-5159-4e49-9ede-5f5d6626084a/name'
14:39:23.599 [Forwarding getElementTagName on session 14f7fa941740e9693e6fd81a0ceb0387 to remote] DEBUG org.asynchttpclient.netty.request.NettyRequestSender - Using open Channel [id: 0x962bccb0, L:/127.0.0.1:51903 - R:localhost/127.0.0.1:23136] for GET '/session/14f7fa941740e9693e6fd81a0ceb0387/element/62dd4f84-5159-4e49-9ede-5f5d6626084a/name'
14:39:23.603 [AsyncHttpClient-1-2] DEBUG org.asynchttpclient.netty.handler.HttpHandler - 

Request DefaultFullHttpRequest(decodeResult: success, version: HTTP/1.1, content: EmptyByteBufBE)
GET /session/14f7fa941740e9693e6fd81a0ceb0387/element/62dd4f84-5159-4e49-9ede-5f5d6626084a/name HTTP/1.1
User-Agent: selenium/4.8.1 (java windows)
Cache-Control: no-cache
Content-Type: application/json; charset=utf-8
host: localhost:23136
accept: */*

Response DefaultHttpResponse(decodeResult: success, version: HTTP/1.1)
HTTP/1.1 200 OK
Content-Length: 15
Content-Type: application/json; charset=utf-8
cache-control: no-cache

14:39:23.604 [AsyncHttpClient-1-2] DEBUG org.asynchttpclient.netty.channel.ChannelManager - Adding key: http://localhost:23136 for channel [id: 0x962bccb0, L:/127.0.0.1:51903 - R:localhost/127.0.0.1:23136]
14:39:23.607 [Forwarding findElement on session 14f7fa941740e9693e6fd81a0ceb0387 to remote] DEBUG org.asynchttpclient.netty.request.NettyRequestSender - Using pooled Channel '[id: 0x962bccb0, L:/127.0.0.1:51903 - R:localhost/127.0.0.1:23136]' for 'POST' to 'http://localhost:23136/session/14f7fa941740e9693e6fd81a0ceb0387/element'
14:39:23.607 [Forwarding findElement on session 14f7fa941740e9693e6fd81a0ceb0387 to remote] DEBUG org.asynchttpclient.netty.request.NettyRequestSender - Using open Channel [id: 0x962bccb0, L:/127.0.0.1:51903 - R:localhost/127.0.0.1:23136] for POST '/session/14f7fa941740e9693e6fd81a0ceb0387/element'
14:39:23.616 [AsyncHttpClient-1-2] DEBUG org.asynchttpclient.netty.handler.HttpHandler - 

Request DefaultHttpRequest(decodeResult: success, version: HTTP/1.1)
POST /session/14f7fa941740e9693e6fd81a0ceb0387/element HTTP/1.1
User-Agent: selenium/4.8.1 (java windows)
Content-Length: 65
Content-Type: application/json; charset=utf-8
host: localhost:23136
accept: */*

Response DefaultHttpResponse(decodeResult: success, version: HTTP/1.1)
HTTP/1.1 200 OK
Content-Length: 88
Content-Type: application/json; charset=utf-8
cache-control: no-cache

14:39:23.616 [AsyncHttpClient-1-2] DEBUG org.asynchttpclient.netty.channel.ChannelManager - Adding key: http://localhost:23136 for channel [id: 0x962bccb0, L:/127.0.0.1:51903 - R:localhost/127.0.0.1:23136]
14:39:23.618 [Forwarding clickElement on session 14f7fa941740e9693e6fd81a0ceb0387 to remote] DEBUG org.asynchttpclient.netty.request.NettyRequestSender - Using pooled Channel '[id: 0x962bccb0, L:/127.0.0.1:51903 - R:localhost/127.0.0.1:23136]' for 'POST' to 'http://localhost:23136/session/14f7fa941740e9693e6fd81a0ceb0387/element/62dd4f84-5159-4e49-9ede-5f5d6626084a/click'
14:39:23.618 [Forwarding clickElement on session 14f7fa941740e9693e6fd81a0ceb0387 to remote] DEBUG org.asynchttpclient.netty.request.NettyRequestSender - Using open Channel [id: 0x962bccb0, L:/127.0.0.1:51903 - R:localhost/127.0.0.1:23136] for POST '/session/14f7fa941740e9693e6fd81a0ceb0387/element/62dd4f84-5159-4e49-9ede-5f5d6626084a/click'
14:39:23.664 [AsyncHttpClient-1-2] DEBUG org.asynchttpclient.netty.handler.HttpHandler - 

Request DefaultHttpRequest(decodeResult: success, version: HTTP/1.1)
POST /session/14f7fa941740e9693e6fd81a0ceb0387/element/62dd4f84-5159-4e49-9ede-5f5d6626084a/click HTTP/1.1
User-Agent: selenium/4.8.1 (java windows)
Content-Length: 50
Content-Type: application/json; charset=utf-8
host: localhost:23136
accept: */*

Response DefaultHttpResponse(decodeResult: success, version: HTTP/1.1)
HTTP/1.1 200 OK
Content-Length: 14
Content-Type: application/json; charset=utf-8
cache-control: no-cache

14:39:23.665 [AsyncHttpClient-1-2] DEBUG org.asynchttpclient.netty.channel.ChannelManager - Adding key: http://localhost:23136 for channel [id: 0x962bccb0, L:/127.0.0.1:51903 - R:localhost/127.0.0.1:23136]
14:39:23.671 [AsyncHttpClient-1-1] DEBUG org.asynchttpclient.netty.channel.DefaultChannelPool - Entry count for : http://localhost:51905 : 1
14:39:23.671 [AsyncHttpClient-1-1] DEBUG org.asynchttpclient.netty.channel.DefaultChannelPool - Entry count for : http://localhost:23136 : 1
14:39:23.680 [Forwarding getAlertText on session 14f7fa941740e9693e6fd81a0ceb0387 to remote] DEBUG org.asynchttpclient.netty.request.NettyRequestSender - Using pooled Channel '[id: 0x962bccb0, L:/127.0.0.1:51903 - R:localhost/127.0.0.1:23136]' for 'GET' to 'http://localhost:23136/session/14f7fa941740e9693e6fd81a0ceb0387/alert/text'
14:39:23.680 [Forwarding getAlertText on session 14f7fa941740e9693e6fd81a0ceb0387 to remote] DEBUG org.asynchttpclient.netty.request.NettyRequestSender - Using open Channel [id: 0x962bccb0, L:/127.0.0.1:51903 - R:localhost/127.0.0.1:23136] for GET '/session/14f7fa941740e9693e6fd81a0ceb0387/alert/text'
14:39:23.682 [AsyncHttpClient-1-2] DEBUG org.asynchttpclient.netty.handler.HttpHandler - 

Request DefaultFullHttpRequest(decodeResult: success, version: HTTP/1.1, content: EmptyByteBufBE)
GET /session/14f7fa941740e9693e6fd81a0ceb0387/alert/text HTTP/1.1
User-Agent: selenium/4.8.1 (java windows)
Cache-Control: no-cache
Content-Type: application/json; charset=utf-8
host: localhost:23136
accept: */*

Response DefaultHttpResponse(decodeResult: success, version: HTTP/1.1)
HTTP/1.1 404 Not Found
Content-Length: 836
Content-Type: application/json; charset=utf-8
cache-control: no-cache

14:39:23.682 [AsyncHttpClient-1-2] DEBUG org.asynchttpclient.netty.channel.ChannelManager - Adding key: http://localhost:23136 for channel [id: 0x962bccb0, L:/127.0.0.1:51903 - R:localhost/127.0.0.1:23136]
14:39:23.685 [Forwarding getCurrentUrl on session 14f7fa941740e9693e6fd81a0ceb0387 to remote] DEBUG org.asynchttpclient.netty.request.NettyRequestSender - Using pooled Channel '[id: 0x962bccb0, L:/127.0.0.1:51903 - R:localhost/127.0.0.1:23136]' for 'GET' to 'http://localhost:23136/session/14f7fa941740e9693e6fd81a0ceb0387/url'
14:39:23.685 [Forwarding getCurrentUrl on session 14f7fa941740e9693e6fd81a0ceb0387 to remote] DEBUG org.asynchttpclient.netty.request.NettyRequestSender - Using open Channel [id: 0x962bccb0, L:/127.0.0.1:51903 - R:localhost/127.0.0.1:23136] for GET '/session/14f7fa941740e9693e6fd81a0ceb0387/url'
14:39:23.689 [AsyncHttpClient-1-2] DEBUG org.asynchttpclient.netty.handler.HttpHandler - 

Request DefaultFullHttpRequest(decodeResult: success, version: HTTP/1.1, content: EmptyByteBufBE)
GET /session/14f7fa941740e9693e6fd81a0ceb0387/url HTTP/1.1
User-Agent: selenium/4.8.1 (java windows)
Cache-Control: no-cache
Content-Type: application/json; charset=utf-8
host: localhost:23136
accept: */*

Response DefaultHttpResponse(decodeResult: success, version: HTTP/1.1)
HTTP/1.1 200 OK
Content-Length: 52
Content-Type: application/json; charset=utf-8
cache-control: no-cache

14:39:23.690 [AsyncHttpClient-1-2] DEBUG org.asynchttpclient.netty.channel.ChannelManager - Adding key: http://localhost:23136 for channel [id: 0x962bccb0, L:/127.0.0.1:51903 - R:localhost/127.0.0.1:23136]
14:39:23.692 [Forwarding screenshot on session 14f7fa941740e9693e6fd81a0ceb0387 to remote] DEBUG org.asynchttpclient.netty.request.NettyRequestSender - Using pooled Channel '[id: 0x962bccb0, L:/127.0.0.1:51903 - R:localhost/127.0.0.1:23136]' for 'GET' to 'http://localhost:23136/session/14f7fa941740e9693e6fd81a0ceb0387/screenshot'
14:39:23.692 [Forwarding screenshot on session 14f7fa941740e9693e6fd81a0ceb0387 to remote] DEBUG org.asynchttpclient.netty.request.NettyRequestSender - Using open Channel [id: 0x962bccb0, L:/127.0.0.1:51903 - R:localhost/127.0.0.1:23136] for GET '/session/14f7fa941740e9693e6fd81a0ceb0387/screenshot'
14:39:23.861 [AsyncHttpClient-1-2] DEBUG org.asynchttpclient.netty.handler.HttpHandler - 

Request DefaultFullHttpRequest(decodeResult: success, version: HTTP/1.1, content: EmptyByteBufBE)
GET /session/14f7fa941740e9693e6fd81a0ceb0387/screenshot HTTP/1.1
User-Agent: selenium/4.8.1 (java windows)
Cache-Control: no-cache
Content-Type: application/json; charset=utf-8
host: localhost:23136
accept: */*

Response DefaultHttpResponse(decodeResult: success, version: HTTP/1.1)
HTTP/1.1 200 OK
Content-Length: 104152
Content-Type: application/json; charset=utf-8
cache-control: no-cache

14:39:23.863 [AsyncHttpClient-1-2] DEBUG org.asynchttpclient.netty.channel.ChannelManager - Adding key: http://localhost:23136 for channel [id: 0x962bccb0, L:/127.0.0.1:51903 - R:localhost/127.0.0.1:23136]
14:39:23.866 [main] DEBUG net.serenitybdd.core.photography.Darkroom - Send negative for processing for target\site\serenity\0f049b0722a3385de0ecff2759a240f6e14ef0f564aa0fa519fab1fe9a7432fc.png
14:39:23.867 [main] DEBUG net.thucydides.core.steps.StepInterceptor - STEP DONE: ClickMenuButton
14:39:23.867 [Darkroom Processing Line] DEBUG net.serenitybdd.core.photography.DarkroomProcessingLine - Processing screenshot image in /var/screenshots/screenshot-16673845294560188254
14:39:23.867 [Darkroom Processing Line] DEBUG net.serenitybdd.core.photography.DarkroomProcessingLine - Saving screenshot to target\site\serenity\0f049b0722a3385de0ecff2759a240f6e14ef0f564aa0fa519fab1fe9a7432fc.png
  &amp#27;[32mAnd &amp#27;[0m&amp#27;[32mI click list menu button&amp#27;[0m                      &amp#27;[90m# starter.stepdefinitions.AboutSteps.ClickMenuButton()&amp#27;[0m
14:39:23.887 [Forwarding getPageSource on session 14f7fa941740e9693e6fd81a0ceb0387 to remote] DEBUG org.asynchttpclient.netty.request.NettyRequestSender - Using pooled Channel '[id: 0x962bccb0, L:/127.0.0.1:51903 - R:localhost/127.0.0.1:23136]' for 'POST' to 'http://localhost:23136/session/14f7fa941740e9693e6fd81a0ceb0387/execute/sync'
14:39:23.887 [Forwarding getPageSource on session 14f7fa941740e9693e6fd81a0ceb0387 to remote] DEBUG org.asynchttpclient.netty.request.NettyRequestSender - Using open Channel [id: 0x962bccb0, L:/127.0.0.1:51903 - R:localhost/127.0.0.1:23136] for POST '/session/14f7fa941740e9693e6fd81a0ceb0387/execute/sync'
14:39:23.896 [AsyncHttpClient-1-2] DEBUG org.asynchttpclient.netty.handler.HttpHandler - 

Request DefaultHttpRequest(decodeResult: success, version: HTTP/1.1)
POST /session/14f7fa941740e9693e6fd81a0ceb0387/execute/sync HTTP/1.1
User-Agent: selenium/4.8.1 (java windows)
Content-Length: 176
Content-Type: application/json; charset=utf-8
host: localhost:23136
accept: */*

Response DefaultHttpResponse(decodeResult: success, version: HTTP/1.1)
HTTP/1.1 200 OK
Content-Length: 16284
Content-Type: application/json; charset=utf-8
cache-control: no-cache

14:39:23.896 [AsyncHttpClient-1-2] DEBUG org.asynchttpclient.netty.channel.ChannelManager - Adding key: http://localhost:23136 for channel [id: 0x962bccb0, L:/127.0.0.1:51903 - R:localhost/127.0.0.1:23136]
14:39:23.904 [Forwarding getCurrentUrl on session 14f7fa941740e9693e6fd81a0ceb0387 to remote] DEBUG org.asynchttpclient.netty.request.NettyRequestSender - Using pooled Channel '[id: 0x962bccb0, L:/127.0.0.1:51903 - R:localhost/127.0.0.1:23136]' for 'GET' to 'http://localhost:23136/session/14f7fa941740e9693e6fd81a0ceb0387/url'
14:39:23.905 [Forwarding getCurrentUrl on session 14f7fa941740e9693e6fd81a0ceb0387 to remote] DEBUG org.asynchttpclient.netty.request.NettyRequestSender - Using open Channel [id: 0x962bccb0, L:/127.0.0.1:51903 - R:localhost/127.0.0.1:23136] for GET '/session/14f7fa941740e9693e6fd81a0ceb0387/url'
14:39:23.911 [AsyncHttpClient-1-2] DEBUG org.asynchttpclient.netty.handler.HttpHandler - 

Request DefaultFullHttpRequest(decodeResult: success, version: HTTP/1.1, content: EmptyByteBufBE)
GET /session/14f7fa941740e9693e6fd81a0ceb0387/url HTTP/1.1
User-Agent: selenium/4.8.1 (java windows)
Cache-Control: no-cache
Content-Type: application/json; charset=utf-8
host: localhost:23136
accept: */*

Response DefaultHttpResponse(decodeResult: success, version: HTTP/1.1)
HTTP/1.1 200 OK
Content-Length: 52
Content-Type: application/json; charset=utf-8
cache-control: no-cache

14:39:23.912 [AsyncHttpClient-1-2] DEBUG org.asynchttpclient.netty.channel.ChannelManager - Adding key: http://localhost:23136 for channel [id: 0x962bccb0, L:/127.0.0.1:51903 - R:localhost/127.0.0.1:23136]
14:39:23.937 [Forwarding getAlertText on session 14f7fa941740e9693e6fd81a0ceb0387 to remote] DEBUG org.asynchttpclient.netty.request.NettyRequestSender - Using pooled Channel '[id: 0x962bccb0, L:/127.0.0.1:51903 - R:localhost/127.0.0.1:23136]' for 'GET' to 'http://localhost:23136/session/14f7fa941740e9693e6fd81a0ceb0387/alert/text'
14:39:23.937 [Forwarding getAlertText on session 14f7fa941740e9693e6fd81a0ceb0387 to remote] DEBUG org.asynchttpclient.netty.request.NettyRequestSender - Using open Channel [id: 0x962bccb0, L:/127.0.0.1:51903 - R:localhost/127.0.0.1:23136] for GET '/session/14f7fa941740e9693e6fd81a0ceb0387/alert/text'
14:39:23.939 [AsyncHttpClient-1-2] DEBUG org.asynchttpclient.netty.handler.HttpHandler - 

Request DefaultFullHttpRequest(decodeResult: success, version: HTTP/1.1, content: EmptyByteBufBE)
GET /session/14f7fa941740e9693e6fd81a0ceb0387/alert/text HTTP/1.1
User-Agent: selenium/4.8.1 (java windows)
Cache-Control: no-cache
Content-Type: application/json; charset=utf-8
host: localhost:23136
accept: */*

Response DefaultHttpResponse(decodeResult: success, version: HTTP/1.1)
HTTP/1.1 404 Not Found
Content-Length: 836
Content-Type: application/json; charset=utf-8
cache-control: no-cache

14:39:23.940 [AsyncHttpClient-1-2] DEBUG org.asynchttpclient.netty.channel.ChannelManager - Adding key: http://localhost:23136 for channel [id: 0x962bccb0, L:/127.0.0.1:51903 - R:localhost/127.0.0.1:23136]
14:39:23.942 [Forwarding getCurrentUrl on session 14f7fa941740e9693e6fd81a0ceb0387 to remote] DEBUG org.asynchttpclient.netty.request.NettyRequestSender - Using pooled Channel '[id: 0x962bccb0, L:/127.0.0.1:51903 - R:localhost/127.0.0.1:23136]' for 'GET' to 'http://localhost:23136/session/14f7fa941740e9693e6fd81a0ceb0387/url'
14:39:23.942 [Forwarding getCurrentUrl on session 14f7fa941740e9693e6fd81a0ceb0387 to remote] DEBUG org.asynchttpclient.netty.request.NettyRequestSender - Using open Channel [id: 0x962bccb0, L:/127.0.0.1:51903 - R:localhost/127.0.0.1:23136] for GET '/session/14f7fa941740e9693e6fd81a0ceb0387/url'
14:39:23.959 [AsyncHttpClient-1-2] DEBUG org.asynchttpclient.netty.handler.HttpHandler - 

Request DefaultFullHttpRequest(decodeResult: success, version: HTTP/1.1, content: EmptyByteBufBE)
GET /session/14f7fa941740e9693e6fd81a0ceb0387/url HTTP/1.1
User-Agent: selenium/4.8.1 (java windows)
Cache-Control: no-cache
Content-Type: application/json; charset=utf-8
host: localhost:23136
accept: */*

Response DefaultHttpResponse(decodeResult: success, version: HTTP/1.1)
HTTP/1.1 200 OK
Content-Length: 52
Content-Type: application/json; charset=utf-8
cache-control: no-cache

14:39:23.959 [AsyncHttpClient-1-2] DEBUG org.asynchttpclient.netty.channel.ChannelManager - Adding key: http://localhost:23136 for channel [id: 0x962bccb0, L:/127.0.0.1:51903 - R:localhost/127.0.0.1:23136]
14:39:23.964 [Forwarding screenshot on session 14f7fa941740e9693e6fd81a0ceb0387 to remote] DEBUG org.asynchttpclient.netty.request.NettyRequestSender - Using pooled Channel '[id: 0x962bccb0, L:/127.0.0.1:51903 - R:localhost/127.0.0.1:23136]' for 'GET' to 'http://localhost:23136/session/14f7fa941740e9693e6fd81a0ceb0387/screenshot'
14:39:23.964 [Forwarding screenshot on session 14f7fa941740e9693e6fd81a0ceb0387 to remote] DEBUG org.asynchttpclient.netty.request.NettyRequestSender - Using open Channel [id: 0x962bccb0, L:/127.0.0.1:51903 - R:localhost/127.0.0.1:23136] for GET '/session/14f7fa941740e9693e6fd81a0ceb0387/screenshot'
14:39:24.137 [AsyncHttpClient-1-2] DEBUG org.asynchttpclient.netty.handler.HttpHandler - 

Request DefaultFullHttpRequest(decodeResult: success, version: HTTP/1.1, content: EmptyByteBufBE)
GET /session/14f7fa941740e9693e6fd81a0ceb0387/screenshot HTTP/1.1
User-Agent: selenium/4.8.1 (java windows)
Cache-Control: no-cache
Content-Type: application/json; charset=utf-8
host: localhost:23136
accept: */*

Response DefaultHttpResponse(decodeResult: success, version: HTTP/1.1)
HTTP/1.1 200 OK
Content-Length: 61348
Content-Type: application/json; charset=utf-8
cache-control: no-cache

14:39:24.138 [AsyncHttpClient-1-2] DEBUG org.asynchttpclient.netty.channel.ChannelManager - Adding key: http://localhost:23136 for channel [id: 0x962bccb0, L:/127.0.0.1:51903 - R:localhost/127.0.0.1:23136]
14:39:24.147 [main] DEBUG net.serenitybdd.core.photography.Darkroom - Send negative for processing for target\site\serenity\0e9d4edaa4b7498b5c28687932cf2c360e897d66ce19beaeeb347b7199a4d1ec.png
14:39:24.149 [Forwarding getPageSource on session 14f7fa941740e9693e6fd81a0ceb0387 to remote] DEBUG org.asynchttpclient.netty.request.NettyRequestSender - Using pooled Channel '[id: 0x962bccb0, L:/127.0.0.1:51903 - R:localhost/127.0.0.1:23136]' for 'POST' to 'http://localhost:23136/session/14f7fa941740e9693e6fd81a0ceb0387/execute/sync'
14:39:24.149 [Forwarding getPageSource on session 14f7fa941740e9693e6fd81a0ceb0387 to remote] DEBUG org.asynchttpclient.netty.request.NettyRequestSender - Using open Channel [id: 0x962bccb0, L:/127.0.0.1:51903 - R:localhost/127.0.0.1:23136] for POST '/session/14f7fa941740e9693e6fd81a0ceb0387/execute/sync'
14:39:24.151 [Darkroom Processing Line] DEBUG net.serenitybdd.core.photography.DarkroomProcessingLine - Processing screenshot image in /var/screenshots/screenshot-15031250629988732814
14:39:24.151 [Darkroom Processing Line] DEBUG net.serenitybdd.core.photography.DarkroomProcessingLine - Saving screenshot to target\site\serenity\0e9d4edaa4b7498b5c28687932cf2c360e897d66ce19beaeeb347b7199a4d1ec.png
14:39:24.169 [AsyncHttpClient-1-2] DEBUG org.asynchttpclient.netty.handler.HttpHandler - 

Request DefaultHttpRequest(decodeResult: success, version: HTTP/1.1)
POST /session/14f7fa941740e9693e6fd81a0ceb0387/execute/sync HTTP/1.1
User-Agent: selenium/4.8.1 (java windows)
Content-Length: 176
Content-Type: application/json; charset=utf-8
host: localhost:23136
accept: */*

Response DefaultHttpResponse(decodeResult: success, version: HTTP/1.1)
HTTP/1.1 200 OK
Content-Length: 16284
Content-Type: application/json; charset=utf-8
cache-control: no-cache

14:39:24.169 [AsyncHttpClient-1-2] DEBUG org.asynchttpclient.netty.channel.ChannelManager - Adding key: http://localhost:23136 for channel [id: 0x962bccb0, L:/127.0.0.1:51903 - R:localhost/127.0.0.1:23136]
14:39:24.180 [Forwarding getCurrentUrl on session 14f7fa941740e9693e6fd81a0ceb0387 to remote] DEBUG org.asynchttpclient.netty.request.NettyRequestSender - Using pooled Channel '[id: 0x962bccb0, L:/127.0.0.1:51903 - R:localhost/127.0.0.1:23136]' for 'GET' to 'http://localhost:23136/session/14f7fa941740e9693e6fd81a0ceb0387/url'
14:39:24.180 [Forwarding getCurrentUrl on session 14f7fa941740e9693e6fd81a0ceb0387 to remote] DEBUG org.asynchttpclient.netty.request.NettyRequestSender - Using open Channel [id: 0x962bccb0, L:/127.0.0.1:51903 - R:localhost/127.0.0.1:23136] for GET '/session/14f7fa941740e9693e6fd81a0ceb0387/url'
14:39:24.207 [AsyncHttpClient-1-2] DEBUG org.asynchttpclient.netty.handler.HttpHandler - 

Request DefaultFullHttpRequest(decodeResult: success, version: HTTP/1.1, content: EmptyByteBufBE)
GET /session/14f7fa941740e9693e6fd81a0ceb0387/url HTTP/1.1
User-Agent: selenium/4.8.1 (java windows)
Cache-Control: no-cache
Content-Type: application/json; charset=utf-8
host: localhost:23136
accept: */*

Response DefaultHttpResponse(decodeResult: success, version: HTTP/1.1)
HTTP/1.1 200 OK
Content-Length: 52
Content-Type: application/json; charset=utf-8
cache-control: no-cache

14:39:24.207 [AsyncHttpClient-1-2] DEBUG org.asynchttpclient.netty.channel.ChannelManager - Adding key: http://localhost:23136 for channel [id: 0x962bccb0, L:/127.0.0.1:51903 - R:localhost/127.0.0.1:23136]
14:39:24.213 [main] DEBUG net.thucydides.core.steps.StepInterceptor - STARTING STEP: AboutSteps.ClickAboutButton - ClickAboutButton
14:39:24.219 [Forwarding findElement on session 14f7fa941740e9693e6fd81a0ceb0387 to remote] DEBUG org.asynchttpclient.netty.request.NettyRequestSender - Using pooled Channel '[id: 0x962bccb0, L:/127.0.0.1:51903 - R:localhost/127.0.0.1:23136]' for 'POST' to 'http://localhost:23136/session/14f7fa941740e9693e6fd81a0ceb0387/element'
14:39:24.219 [Forwarding findElement on session 14f7fa941740e9693e6fd81a0ceb0387 to remote] DEBUG org.asynchttpclient.netty.request.NettyRequestSender - Using open Channel [id: 0x962bccb0, L:/127.0.0.1:51903 - R:localhost/127.0.0.1:23136] for POST '/session/14f7fa941740e9693e6fd81a0ceb0387/element'
14:39:24.245 [AsyncHttpClient-1-2] DEBUG org.asynchttpclient.netty.handler.HttpHandler - 

Request DefaultHttpRequest(decodeResult: success, version: HTTP/1.1)
POST /session/14f7fa941740e9693e6fd81a0ceb0387/element HTTP/1.1
User-Agent: selenium/4.8.1 (java windows)
Content-Length: 63
Content-Type: application/json; charset=utf-8
host: localhost:23136
accept: */*

Response DefaultHttpResponse(decodeResult: success, version: HTTP/1.1)
HTTP/1.1 200 OK
Content-Length: 88
Content-Type: application/json; charset=utf-8
cache-control: no-cache

14:39:24.245 [AsyncHttpClient-1-2] DEBUG org.asynchttpclient.netty.channel.ChannelManager - Adding key: http://localhost:23136 for channel [id: 0x962bccb0, L:/127.0.0.1:51903 - R:localhost/127.0.0.1:23136]
14:39:24.248 [Forwarding getElementTagName on session 14f7fa941740e9693e6fd81a0ceb0387 to remote] DEBUG org.asynchttpclient.netty.request.NettyRequestSender - Using pooled Channel '[id: 0x962bccb0, L:/127.0.0.1:51903 - R:localhost/127.0.0.1:23136]' for 'GET' to 'http://localhost:23136/session/14f7fa941740e9693e6fd81a0ceb0387/element/72f0bdc5-19bc-49f1-9430-1832acf9a7e4/name'
14:39:24.248 [Forwarding getElementTagName on session 14f7fa941740e9693e6fd81a0ceb0387 to remote] DEBUG org.asynchttpclient.netty.request.NettyRequestSender - Using open Channel [id: 0x962bccb0, L:/127.0.0.1:51903 - R:localhost/127.0.0.1:23136] for GET '/session/14f7fa941740e9693e6fd81a0ceb0387/element/72f0bdc5-19bc-49f1-9430-1832acf9a7e4/name'
14:39:24.257 [AsyncHttpClient-1-2] DEBUG org.asynchttpclient.netty.handler.HttpHandler - 

Request DefaultFullHttpRequest(decodeResult: success, version: HTTP/1.1, content: EmptyByteBufBE)
GET /session/14f7fa941740e9693e6fd81a0ceb0387/element/72f0bdc5-19bc-49f1-9430-1832acf9a7e4/name HTTP/1.1
User-Agent: selenium/4.8.1 (java windows)
Cache-Control: no-cache
Content-Type: application/json; charset=utf-8
host: localhost:23136
accept: */*

Response DefaultHttpResponse(decodeResult: success, version: HTTP/1.1)
HTTP/1.1 200 OK
Content-Length: 13
Content-Type: application/json; charset=utf-8
cache-control: no-cache

14:39:24.257 [AsyncHttpClient-1-2] DEBUG org.asynchttpclient.netty.channel.ChannelManager - Adding key: http://localhost:23136 for channel [id: 0x962bccb0, L:/127.0.0.1:51903 - R:localhost/127.0.0.1:23136]
14:39:24.262 [Forwarding getElementTagName on session 14f7fa941740e9693e6fd81a0ceb0387 to remote] DEBUG org.asynchttpclient.netty.request.NettyRequestSender - Using pooled Channel '[id: 0x962bccb0, L:/127.0.0.1:51903 - R:localhost/127.0.0.1:23136]' for 'GET' to 'http://localhost:23136/session/14f7fa941740e9693e6fd81a0ceb0387/element/72f0bdc5-19bc-49f1-9430-1832acf9a7e4/name'
14:39:24.263 [Forwarding getElementTagName on session 14f7fa941740e9693e6fd81a0ceb0387 to remote] DEBUG org.asynchttpclient.netty.request.NettyRequestSender - Using open Channel [id: 0x962bccb0, L:/127.0.0.1:51903 - R:localhost/127.0.0.1:23136] for GET '/session/14f7fa941740e9693e6fd81a0ceb0387/element/72f0bdc5-19bc-49f1-9430-1832acf9a7e4/name'
14:39:24.277 [AsyncHttpClient-1-2] DEBUG org.asynchttpclient.netty.handler.HttpHandler - 

Request DefaultFullHttpRequest(decodeResult: success, version: HTTP/1.1, content: EmptyByteBufBE)
GET /session/14f7fa941740e9693e6fd81a0ceb0387/element/72f0bdc5-19bc-49f1-9430-1832acf9a7e4/name HTTP/1.1
User-Agent: selenium/4.8.1 (java windows)
Cache-Control: no-cache
Content-Type: application/json; charset=utf-8
host: localhost:23136
accept: */*

Response DefaultHttpResponse(decodeResult: success, version: HTTP/1.1)
HTTP/1.1 200 OK
Content-Length: 13
Content-Type: application/json; charset=utf-8
cache-control: no-cache

14:39:24.278 [AsyncHttpClient-1-2] DEBUG org.asynchttpclient.netty.channel.ChannelManager - Adding key: http://localhost:23136 for channel [id: 0x962bccb0, L:/127.0.0.1:51903 - R:localhost/127.0.0.1:23136]
14:39:24.281 [Forwarding findElement on session 14f7fa941740e9693e6fd81a0ceb0387 to remote] DEBUG org.asynchttpclient.netty.request.NettyRequestSender - Using pooled Channel '[id: 0x962bccb0, L:/127.0.0.1:51903 - R:localhost/127.0.0.1:23136]' for 'POST' to 'http://localhost:23136/session/14f7fa941740e9693e6fd81a0ceb0387/element'
14:39:24.281 [Forwarding findElement on session 14f7fa941740e9693e6fd81a0ceb0387 to remote] DEBUG org.asynchttpclient.netty.request.NettyRequestSender - Using open Channel [id: 0x962bccb0, L:/127.0.0.1:51903 - R:localhost/127.0.0.1:23136] for POST '/session/14f7fa941740e9693e6fd81a0ceb0387/element'
14:39:24.295 [AsyncHttpClient-1-2] DEBUG org.asynchttpclient.netty.handler.HttpHandler - 

Request DefaultHttpRequest(decodeResult: success, version: HTTP/1.1)
POST /session/14f7fa941740e9693e6fd81a0ceb0387/element HTTP/1.1
User-Agent: selenium/4.8.1 (java windows)
Content-Length: 63
Content-Type: application/json; charset=utf-8
host: localhost:23136
accept: */*

Response DefaultHttpResponse(decodeResult: success, version: HTTP/1.1)
HTTP/1.1 200 OK
Content-Length: 88
Content-Type: application/json; charset=utf-8
cache-control: no-cache

14:39:24.295 [AsyncHttpClient-1-2] DEBUG org.asynchttpclient.netty.channel.ChannelManager - Adding key: http://localhost:23136 for channel [id: 0x962bccb0, L:/127.0.0.1:51903 - R:localhost/127.0.0.1:23136]
14:39:24.298 [Forwarding clickElement on session 14f7fa941740e9693e6fd81a0ceb0387 to remote] DEBUG org.asynchttpclient.netty.request.NettyRequestSender - Using pooled Channel '[id: 0x962bccb0, L:/127.0.0.1:51903 - R:localhost/127.0.0.1:23136]' for 'POST' to 'http://localhost:23136/session/14f7fa941740e9693e6fd81a0ceb0387/element/72f0bdc5-19bc-49f1-9430-1832acf9a7e4/click'
14:39:24.298 [Forwarding clickElement on session 14f7fa941740e9693e6fd81a0ceb0387 to remote] DEBUG org.asynchttpclient.netty.request.NettyRequestSender - Using open Channel [id: 0x962bccb0, L:/127.0.0.1:51903 - R:localhost/127.0.0.1:23136] for POST '/session/14f7fa941740e9693e6fd81a0ceb0387/element/72f0bdc5-19bc-49f1-9430-1832acf9a7e4/click'
14:39:24.779 [AsyncHttpClient-1-1] DEBUG org.asynchttpclient.netty.channel.DefaultChannelPool - Entry count for : http://localhost:51905 : 1
14:39:25.877 [AsyncHttpClient-1-1] DEBUG org.asynchttpclient.netty.channel.DefaultChannelPool - Entry count for : http://localhost:51905 : 1
14:39:26.984 [AsyncHttpClient-1-1] DEBUG org.asynchttpclient.netty.channel.DefaultChannelPool - Entry count for : http://localhost:51905 : 1
14:39:28.070 [AsyncHttpClient-1-1] DEBUG org.asynchttpclient.netty.channel.DefaultChannelPool - Entry count for : http://localhost:51905 : 1
14:39:29.192 [AsyncHttpClient-1-1] DEBUG org.asynchttpclient.netty.channel.DefaultChannelPool - Entry count for : http://localhost:51905 : 1
14:39:30.271 [AsyncHttpClient-1-1] DEBUG org.asynchttpclient.netty.channel.DefaultChannelPool - Entry count for : http://localhost:51905 : 1
14:39:31.372 [AsyncHttpClient-1-1] DEBUG org.asynchttpclient.netty.channel.DefaultChannelPool - Entry count for : http://localhost:51905 : 1
14:39:32.478 [AsyncHttpClient-1-1] DEBUG org.asynchttpclient.netty.channel.DefaultChannelPool - Entry count for : http://localhost:51905 : 1
14:39:33.661 [AsyncHttpClient-1-1] DEBUG org.asynchttpclient.netty.channel.DefaultChannelPool - Entry count for : http://localhost:51905 : 1
14:39:34.680 [AsyncHttpClient-1-1] DEBUG org.asynchttpclient.netty.channel.DefaultChannelPool - Entry count for : http://localhost:51905 : 1
14:39:35.772 [AsyncHttpClient-1-1] DEBUG org.asynchttpclient.netty.channel.DefaultChannelPool - Entry count for : http://localhost:51905 : 1
14:39:36.871 [AsyncHttpClient-1-1] DEBUG org.asynchttpclient.netty.channel.DefaultChannelPool - Entry count for : http://localhost:51905 : 1
14:39:37.996 [AsyncHttpClient-1-1] DEBUG org.asynchttpclient.netty.channel.DefaultChannelPool - Entry count for : http://localhost:51905 : 1
14:39:38.610 [AsyncHttpClient-1-2] DEBUG org.asynchttpclient.netty.handler.HttpHandler - 

Request DefaultHttpRequest(decodeResult: success, version: HTTP/1.1)
POST /session/14f7fa941740e9693e6fd81a0ceb0387/element/72f0bdc5-19bc-49f1-9430-1832acf9a7e4/click HTTP/1.1
User-Agent: selenium/4.8.1 (java windows)
Content-Length: 50
Content-Type: application/json; charset=utf-8
host: localhost:23136
accept: */*

Response DefaultHttpResponse(decodeResult: success, version: HTTP/1.1)
HTTP/1.1 200 OK
Content-Length: 14
Content-Type: application/json; charset=utf-8
cache-control: no-cache

14:39:38.610 [AsyncHttpClient-1-2] DEBUG org.asynchttpclient.netty.channel.ChannelManager - Adding key: http://localhost:23136 for channel [id: 0x962bccb0, L:/127.0.0.1:51903 - R:localhost/127.0.0.1:23136]
14:39:38.658 [Forwarding getAlertText on session 14f7fa941740e9693e6fd81a0ceb0387 to remote] DEBUG org.asynchttpclient.netty.request.NettyRequestSender - Using pooled Channel '[id: 0x962bccb0, L:/127.0.0.1:51903 - R:localhost/127.0.0.1:23136]' for 'GET' to 'http://localhost:23136/session/14f7fa941740e9693e6fd81a0ceb0387/alert/text'
14:39:38.658 [Forwarding getAlertText on session 14f7fa941740e9693e6fd81a0ceb0387 to remote] DEBUG org.asynchttpclient.netty.request.NettyRequestSender - Using open Channel [id: 0x962bccb0, L:/127.0.0.1:51903 - R:localhost/127.0.0.1:23136] for GET '/session/14f7fa941740e9693e6fd81a0ceb0387/alert/text'
14:39:39.121 [AsyncHttpClient-1-1] DEBUG org.asynchttpclient.netty.channel.DefaultChannelPool - Entry count for : http://localhost:51905 : 1
14:39:39.489 [AsyncHttpClient-1-2] DEBUG org.asynchttpclient.netty.handler.HttpHandler - 

Request DefaultFullHttpRequest(decodeResult: success, version: HTTP/1.1, content: EmptyByteBufBE)
GET /session/14f7fa941740e9693e6fd81a0ceb0387/alert/text HTTP/1.1
User-Agent: selenium/4.8.1 (java windows)
Cache-Control: no-cache
Content-Type: application/json; charset=utf-8
host: localhost:23136
accept: */*

Response DefaultHttpResponse(decodeResult: success, version: HTTP/1.1)
HTTP/1.1 404 Not Found
Content-Length: 836
Content-Type: application/json; charset=utf-8
cache-control: no-cache

14:39:39.491 [AsyncHttpClient-1-2] DEBUG org.asynchttpclient.netty.channel.ChannelManager - Adding key: http://localhost:23136 for channel [id: 0x962bccb0, L:/127.0.0.1:51903 - R:localhost/127.0.0.1:23136]
14:39:39.494 [Forwarding getCurrentUrl on session 14f7fa941740e9693e6fd81a0ceb0387 to remote] DEBUG org.asynchttpclient.netty.request.NettyRequestSender - Using pooled Channel '[id: 0x962bccb0, L:/127.0.0.1:51903 - R:localhost/127.0.0.1:23136]' for 'GET' to 'http://localhost:23136/session/14f7fa941740e9693e6fd81a0ceb0387/url'
14:39:39.494 [Forwarding getCurrentUrl on session 14f7fa941740e9693e6fd81a0ceb0387 to remote] DEBUG org.asynchttpclient.netty.request.NettyRequestSender - Using open Channel [id: 0x962bccb0, L:/127.0.0.1:51903 - R:localhost/127.0.0.1:23136] for GET '/session/14f7fa941740e9693e6fd81a0ceb0387/url'
14:39:39.624 [AsyncHttpClient-1-2] DEBUG org.asynchttpclient.netty.handler.HttpHandler - 

Request DefaultFullHttpRequest(decodeResult: success, version: HTTP/1.1, content: EmptyByteBufBE)
GET /session/14f7fa941740e9693e6fd81a0ceb0387/url HTTP/1.1
User-Agent: selenium/4.8.1 (java windows)
Cache-Control: no-cache
Content-Type: application/json; charset=utf-8
host: localhost:23136
accept: */*

Response DefaultHttpResponse(decodeResult: success, version: HTTP/1.1)
HTTP/1.1 200 OK
Content-Length: 34
Content-Type: application/json; charset=utf-8
cache-control: no-cache

14:39:39.625 [AsyncHttpClient-1-2] DEBUG org.asynchttpclient.netty.channel.ChannelManager - Adding key: http://localhost:23136 for channel [id: 0x962bccb0, L:/127.0.0.1:51903 - R:localhost/127.0.0.1:23136]
14:39:39.632 [Forwarding screenshot on session 14f7fa941740e9693e6fd81a0ceb0387 to remote] DEBUG org.asynchttpclient.netty.request.NettyRequestSender - Using pooled Channel '[id: 0x962bccb0, L:/127.0.0.1:51903 - R:localhost/127.0.0.1:23136]' for 'GET' to 'http://localhost:23136/session/14f7fa941740e9693e6fd81a0ceb0387/screenshot'
14:39:39.632 [Forwarding screenshot on session 14f7fa941740e9693e6fd81a0ceb0387 to remote] DEBUG org.asynchttpclient.netty.request.NettyRequestSender - Using open Channel [id: 0x962bccb0, L:/127.0.0.1:51903 - R:localhost/127.0.0.1:23136] for GET '/session/14f7fa941740e9693e6fd81a0ceb0387/screenshot'
14:39:40.201 [AsyncHttpClient-1-1] DEBUG org.asynchttpclient.netty.channel.DefaultChannelPool - Entry count for : http://localhost:51905 : 1
14:39:40.371 [AsyncHttpClient-1-2] DEBUG org.asynchttpclient.netty.handler.HttpHandler - 

Request DefaultFullHttpRequest(decodeResult: success, version: HTTP/1.1, content: EmptyByteBufBE)
GET /session/14f7fa941740e9693e6fd81a0ceb0387/screenshot HTTP/1.1
User-Agent: selenium/4.8.1 (java windows)
Cache-Control: no-cache
Content-Type: application/json; charset=utf-8
host: localhost:23136
accept: */*

Response DefaultHttpResponse(decodeResult: success, version: HTTP/1.1)
HTTP/1.1 200 OK
Content-Length: 252476
Content-Type: application/json; charset=utf-8
cache-control: no-cache

14:39:40.376 [AsyncHttpClient-1-2] DEBUG org.asynchttpclient.netty.channel.ChannelManager - Adding key: http://localhost:23136 for channel [id: 0x962bccb0, L:/127.0.0.1:51903 - R:localhost/127.0.0.1:23136]
14:39:40.397 [main] DEBUG net.serenitybdd.core.photography.Darkroom - Send negative for processing for target\site\serenity\f7252a2a1e1044eb8c9b7bd81ce2ab46d1ecdf231e4a0863e5db2a470deeaf47.png
14:39:40.397 [main] DEBUG net.thucydides.core.steps.StepInterceptor - STEP DONE: ClickAboutButton
  &amp#27;[32mAnd &amp#27;[0m&amp#27;[32mI click About button&amp#27;[0m                          &amp#27;[90m# starter.stepdefinitions.AboutSteps.ClickAboutButton()&amp#27;[0m
14:39:40.398 [Darkroom Processing Line] DEBUG net.serenitybdd.core.photography.DarkroomProcessingLine - Processing screenshot image in /var/screenshots/screenshot-1746605796266667782
14:39:40.398 [Darkroom Processing Line] DEBUG net.serenitybdd.core.photography.DarkroomProcessingLine - Saving screenshot to target\site\serenity\f7252a2a1e1044eb8c9b7bd81ce2ab46d1ecdf231e4a0863e5db2a470deeaf47.png
14:39:40.540 [Forwarding getAlertText on session 14f7fa941740e9693e6fd81a0ceb0387 to remote] DEBUG org.asynchttpclient.netty.request.NettyRequestSender - Using pooled Channel '[id: 0x962bccb0, L:/127.0.0.1:51903 - R:localhost/127.0.0.1:23136]' for 'GET' to 'http://localhost:23136/session/14f7fa941740e9693e6fd81a0ceb0387/alert/text'
14:39:40.540 [Forwarding getAlertText on session 14f7fa941740e9693e6fd81a0ceb0387 to remote] DEBUG org.asynchttpclient.netty.request.NettyRequestSender - Using open Channel [id: 0x962bccb0, L:/127.0.0.1:51903 - R:localhost/127.0.0.1:23136] for GET '/session/14f7fa941740e9693e6fd81a0ceb0387/alert/text'
14:39:40.617 [AsyncHttpClient-1-2] DEBUG org.asynchttpclient.netty.handler.HttpHandler - 

Request DefaultFullHttpRequest(decodeResult: success, version: HTTP/1.1, content: EmptyByteBufBE)
GET /session/14f7fa941740e9693e6fd81a0ceb0387/alert/text HTTP/1.1
User-Agent: selenium/4.8.1 (java windows)
Cache-Control: no-cache
Content-Type: application/json; charset=utf-8
host: localhost:23136
accept: */*

Response DefaultHttpResponse(decodeResult: success, version: HTTP/1.1)
HTTP/1.1 404 Not Found
Content-Length: 836
Content-Type: application/json; charset=utf-8
cache-control: no-cache

14:39:40.618 [AsyncHttpClient-1-2] DEBUG org.asynchttpclient.netty.channel.ChannelManager - Adding key: http://localhost:23136 for channel [id: 0x962bccb0, L:/127.0.0.1:51903 - R:localhost/127.0.0.1:23136]
14:39:40.620 [Forwarding getCurrentUrl on session 14f7fa941740e9693e6fd81a0ceb0387 to remote] DEBUG org.asynchttpclient.netty.request.NettyRequestSender - Using pooled Channel '[id: 0x962bccb0, L:/127.0.0.1:51903 - R:localhost/127.0.0.1:23136]' for 'GET' to 'http://localhost:23136/session/14f7fa941740e9693e6fd81a0ceb0387/url'
14:39:40.620 [Forwarding getCurrentUrl on session 14f7fa941740e9693e6fd81a0ceb0387 to remote] DEBUG org.asynchttpclient.netty.request.NettyRequestSender - Using open Channel [id: 0x962bccb0, L:/127.0.0.1:51903 - R:localhost/127.0.0.1:23136] for GET '/session/14f7fa941740e9693e6fd81a0ceb0387/url'
14:39:40.654 [AsyncHttpClient-1-2] DEBUG org.asynchttpclient.netty.handler.HttpHandler - 

Request DefaultFullHttpRequest(decodeResult: success, version: HTTP/1.1, content: EmptyByteBufBE)
GET /session/14f7fa941740e9693e6fd81a0ceb0387/url HTTP/1.1
User-Agent: selenium/4.8.1 (java windows)
Cache-Control: no-cache
Content-Type: application/json; charset=utf-8
host: localhost:23136
accept: */*

Response DefaultHttpResponse(decodeResult: success, version: HTTP/1.1)
HTTP/1.1 200 OK
Content-Length: 34
Content-Type: application/json; charset=utf-8
cache-control: no-cache

14:39:40.654 [AsyncHttpClient-1-2] DEBUG org.asynchttpclient.netty.channel.ChannelManager - Adding key: http://localhost:23136 for channel [id: 0x962bccb0, L:/127.0.0.1:51903 - R:localhost/127.0.0.1:23136]
14:39:40.657 [Forwarding screenshot on session 14f7fa941740e9693e6fd81a0ceb0387 to remote] DEBUG org.asynchttpclient.netty.request.NettyRequestSender - Using pooled Channel '[id: 0x962bccb0, L:/127.0.0.1:51903 - R:localhost/127.0.0.1:23136]' for 'GET' to 'http://localhost:23136/session/14f7fa941740e9693e6fd81a0ceb0387/screenshot'
14:39:40.658 [Forwarding screenshot on session 14f7fa941740e9693e6fd81a0ceb0387 to remote] DEBUG org.asynchttpclient.netty.request.NettyRequestSender - Using open Channel [id: 0x962bccb0, L:/127.0.0.1:51903 - R:localhost/127.0.0.1:23136] for GET '/session/14f7fa941740e9693e6fd81a0ceb0387/screenshot'
14:39:41.147 [AsyncHttpClient-1-2] DEBUG org.asynchttpclient.netty.handler.HttpHandler - 

Request DefaultFullHttpRequest(decodeResult: success, version: HTTP/1.1, content: EmptyByteBufBE)
GET /session/14f7fa941740e9693e6fd81a0ceb0387/screenshot HTTP/1.1
User-Agent: selenium/4.8.1 (java windows)
Cache-Control: no-cache
Content-Type: application/json; charset=utf-8
host: localhost:23136
accept: */*

Response DefaultHttpResponse(decodeResult: success, version: HTTP/1.1)
HTTP/1.1 200 OK
Content-Length: 252656
Content-Type: application/json; charset=utf-8
cache-control: no-cache

14:39:41.150 [AsyncHttpClient-1-2] DEBUG org.asynchttpclient.netty.channel.ChannelManager - Adding key: http://localhost:23136 for channel [id: 0x962bccb0, L:/127.0.0.1:51903 - R:localhost/127.0.0.1:23136]
14:39:41.161 [main] DEBUG net.serenitybdd.core.photography.Darkroom - Send negative for processing for target\site\serenity\cb64813df3b281d8222aee1a6a918c81f6eeca8c6b01dcdf9cf4351868663261.png
14:39:41.164 [Darkroom Processing Line] DEBUG net.serenitybdd.core.photography.DarkroomProcessingLine - Processing screenshot image in /var/screenshots/screenshot-3210491342443281755
14:39:41.165 [Darkroom Processing Line] DEBUG net.serenitybdd.core.photography.DarkroomProcessingLine - Saving screenshot to target\site\serenity\cb64813df3b281d8222aee1a6a918c81f6eeca8c6b01dcdf9cf4351868663261.png
14:39:41.166 [Forwarding getPageSource on session 14f7fa941740e9693e6fd81a0ceb0387 to remote] DEBUG org.asynchttpclient.netty.request.NettyRequestSender - Using pooled Channel '[id: 0x962bccb0, L:/127.0.0.1:51903 - R:localhost/127.0.0.1:23136]' for 'POST' to 'http://localhost:23136/session/14f7fa941740e9693e6fd81a0ceb0387/execute/sync'
14:39:41.166 [Forwarding getPageSource on session 14f7fa941740e9693e6fd81a0ceb0387 to remote] DEBUG org.asynchttpclient.netty.request.NettyRequestSender - Using open Channel [id: 0x962bccb0, L:/127.0.0.1:51903 - R:localhost/127.0.0.1:23136] for POST '/session/14f7fa941740e9693e6fd81a0ceb0387/execute/sync'
14:39:41.285 [AsyncHttpClient-1-1] DEBUG org.asynchttpclient.netty.channel.DefaultChannelPool - Entry count for : http://localhost:51905 : 1
14:39:41.843 [AsyncHttpClient-1-2] DEBUG org.asynchttpclient.netty.handler.HttpHandler - 

Request DefaultHttpRequest(decodeResult: success, version: HTTP/1.1)
POST /session/14f7fa941740e9693e6fd81a0ceb0387/execute/sync HTTP/1.1
User-Agent: selenium/4.8.1 (java windows)
Content-Length: 176
Content-Type: application/json; charset=utf-8
host: localhost:23136
accept: */*

Response DefaultHttpResponse(decodeResult: success, version: HTTP/1.1)
HTTP/1.1 200 OK
Content-Length: 3164373
Content-Type: application/json; charset=utf-8
cache-control: no-cache

14:39:41.932 [AsyncHttpClient-1-2] DEBUG org.asynchttpclient.netty.channel.ChannelManager - Adding key: http://localhost:23136 for channel [id: 0x962bccb0, L:/127.0.0.1:51903 - R:localhost/127.0.0.1:23136]
14:39:42.379 [AsyncHttpClient-1-1] DEBUG org.asynchttpclient.netty.channel.DefaultChannelPool - Entry count for : http://localhost:51905 : 1
14:39:42.379 [AsyncHttpClient-1-1] DEBUG org.asynchttpclient.netty.channel.DefaultChannelPool - Entry count for : http://localhost:23136 : 1
14:39:43.501 [AsyncHttpClient-1-1] DEBUG org.asynchttpclient.netty.channel.DefaultChannelPool - Entry count for : http://localhost:51905 : 1
14:39:43.502 [AsyncHttpClient-1-1] DEBUG org.asynchttpclient.netty.channel.DefaultChannelPool - Entry count for : http://localhost:23136 : 1
14:39:43.660 [Forwarding getCurrentUrl on session 14f7fa941740e9693e6fd81a0ceb0387 to remote] DEBUG org.asynchttpclient.netty.request.NettyRequestSender - Using pooled Channel '[id: 0x962bccb0, L:/127.0.0.1:51903 - R:localhost/127.0.0.1:23136]' for 'GET' to 'http://localhost:23136/session/14f7fa941740e9693e6fd81a0ceb0387/url'
14:39:43.660 [Forwarding getCurrentUrl on session 14f7fa941740e9693e6fd81a0ceb0387 to remote] DEBUG org.asynchttpclient.netty.request.NettyRequestSender - Using open Channel [id: 0x962bccb0, L:/127.0.0.1:51903 - R:localhost/127.0.0.1:23136] for GET '/session/14f7fa941740e9693e6fd81a0ceb0387/url'
14:39:43.779 [AsyncHttpClient-1-2] DEBUG org.asynchttpclient.netty.handler.HttpHandler - 

Request DefaultFullHttpRequest(decodeResult: success, version: HTTP/1.1, content: EmptyByteBufBE)
GET /session/14f7fa941740e9693e6fd81a0ceb0387/url HTTP/1.1
User-Agent: selenium/4.8.1 (java windows)
Cache-Control: no-cache
Content-Type: application/json; charset=utf-8
host: localhost:23136
accept: */*

Response DefaultHttpResponse(decodeResult: success, version: HTTP/1.1)
HTTP/1.1 200 OK
Content-Length: 34
Content-Type: application/json; charset=utf-8
cache-control: no-cache

14:39:43.779 [AsyncHttpClient-1-2] DEBUG org.asynchttpclient.netty.channel.ChannelManager - Adding key: http://localhost:23136 for channel [id: 0x962bccb0, L:/127.0.0.1:51903 - R:localhost/127.0.0.1:23136]
14:39:44.149 [Forwarding getAlertText on session 14f7fa941740e9693e6fd81a0ceb0387 to remote] DEBUG org.asynchttpclient.netty.request.NettyRequestSender - Using pooled Channel '[id: 0x962bccb0, L:/127.0.0.1:51903 - R:localhost/127.0.0.1:23136]' for 'GET' to 'http://localhost:23136/session/14f7fa941740e9693e6fd81a0ceb0387/alert/text'
14:39:44.149 [Forwarding getAlertText on session 14f7fa941740e9693e6fd81a0ceb0387 to remote] DEBUG org.asynchttpclient.netty.request.NettyRequestSender - Using open Channel [id: 0x962bccb0, L:/127.0.0.1:51903 - R:localhost/127.0.0.1:23136] for GET '/session/14f7fa941740e9693e6fd81a0ceb0387/alert/text'
14:39:44.153 [AsyncHttpClient-1-2] DEBUG org.asynchttpclient.netty.handler.HttpHandler - 

Request DefaultFullHttpRequest(decodeResult: success, version: HTTP/1.1, content: EmptyByteBufBE)
GET /session/14f7fa941740e9693e6fd81a0ceb0387/alert/text HTTP/1.1
User-Agent: selenium/4.8.1 (java windows)
Cache-Control: no-cache
Content-Type: application/json; charset=utf-8
host: localhost:23136
accept: */*

Response DefaultHttpResponse(decodeResult: success, version: HTTP/1.1)
HTTP/1.1 404 Not Found
Content-Length: 836
Content-Type: application/json; charset=utf-8
cache-control: no-cache

14:39:44.153 [AsyncHttpClient-1-2] DEBUG org.asynchttpclient.netty.channel.ChannelManager - Adding key: http://localhost:23136 for channel [id: 0x962bccb0, L:/127.0.0.1:51903 - R:localhost/127.0.0.1:23136]
14:39:44.158 [Forwarding getCurrentUrl on session 14f7fa941740e9693e6fd81a0ceb0387 to remote] DEBUG org.asynchttpclient.netty.request.NettyRequestSender - Using pooled Channel '[id: 0x962bccb0, L:/127.0.0.1:51903 - R:localhost/127.0.0.1:23136]' for 'GET' to 'http://localhost:23136/session/14f7fa941740e9693e6fd81a0ceb0387/url'
14:39:44.158 [Forwarding getCurrentUrl on session 14f7fa941740e9693e6fd81a0ceb0387 to remote] DEBUG org.asynchttpclient.netty.request.NettyRequestSender - Using open Channel [id: 0x962bccb0, L:/127.0.0.1:51903 - R:localhost/127.0.0.1:23136] for GET '/session/14f7fa941740e9693e6fd81a0ceb0387/url'
14:39:44.165 [AsyncHttpClient-1-2] DEBUG org.asynchttpclient.netty.handler.HttpHandler - 

Request DefaultFullHttpRequest(decodeResult: success, version: HTTP/1.1, content: EmptyByteBufBE)
GET /session/14f7fa941740e9693e6fd81a0ceb0387/url HTTP/1.1
User-Agent: selenium/4.8.1 (java windows)
Cache-Control: no-cache
Content-Type: application/json; charset=utf-8
host: localhost:23136
accept: */*

Response DefaultHttpResponse(decodeResult: success, version: HTTP/1.1)
HTTP/1.1 200 OK
Content-Length: 34
Content-Type: application/json; charset=utf-8
cache-control: no-cache

14:39:44.165 [AsyncHttpClient-1-2] DEBUG org.asynchttpclient.netty.channel.ChannelManager - Adding key: http://localhost:23136 for channel [id: 0x962bccb0, L:/127.0.0.1:51903 - R:localhost/127.0.0.1:23136]
14:39:44.167 [Forwarding screenshot on session 14f7fa941740e9693e6fd81a0ceb0387 to remote] DEBUG org.asynchttpclient.netty.request.NettyRequestSender - Using pooled Channel '[id: 0x962bccb0, L:/127.0.0.1:51903 - R:localhost/127.0.0.1:23136]' for 'GET' to 'http://localhost:23136/session/14f7fa941740e9693e6fd81a0ceb0387/screenshot'
14:39:44.167 [Forwarding screenshot on session 14f7fa941740e9693e6fd81a0ceb0387 to remote] DEBUG org.asynchttpclient.netty.request.NettyRequestSender - Using open Channel [id: 0x962bccb0, L:/127.0.0.1:51903 - R:localhost/127.0.0.1:23136] for GET '/session/14f7fa941740e9693e6fd81a0ceb0387/screenshot'
14:39:44.579 [AsyncHttpClient-1-1] DEBUG org.asynchttpclient.netty.channel.DefaultChannelPool - Entry count for : http://localhost:51905 : 1
14:39:44.671 [AsyncHttpClient-1-2] DEBUG org.asynchttpclient.netty.handler.HttpHandler - 

Request DefaultFullHttpRequest(decodeResult: success, version: HTTP/1.1, content: EmptyByteBufBE)
GET /session/14f7fa941740e9693e6fd81a0ceb0387/screenshot HTTP/1.1
User-Agent: selenium/4.8.1 (java windows)
Cache-Control: no-cache
Content-Type: application/json; charset=utf-8
host: localhost:23136
accept: */*

Response DefaultHttpResponse(decodeResult: success, version: HTTP/1.1)
HTTP/1.1 200 OK
Content-Length: 251908
Content-Type: application/json; charset=utf-8
cache-control: no-cache

14:39:44.674 [AsyncHttpClient-1-2] DEBUG org.asynchttpclient.netty.channel.ChannelManager - Adding key: http://localhost:23136 for channel [id: 0x962bccb0, L:/127.0.0.1:51903 - R:localhost/127.0.0.1:23136]
14:39:44.707 [main] DEBUG net.serenitybdd.core.photography.Darkroom - Send negative for processing for target\site\serenity\c3167662a62d0116a90e6c99cd277949d78004d86a4e440e07d196968e9abb21.png
14:39:44.712 [Forwarding getPageSource on session 14f7fa941740e9693e6fd81a0ceb0387 to remote] DEBUG org.asynchttpclient.netty.request.NettyRequestSender - Using pooled Channel '[id: 0x962bccb0, L:/127.0.0.1:51903 - R:localhost/127.0.0.1:23136]' for 'POST' to 'http://localhost:23136/session/14f7fa941740e9693e6fd81a0ceb0387/execute/sync'
14:39:44.712 [Forwarding getPageSource on session 14f7fa941740e9693e6fd81a0ceb0387 to remote] DEBUG org.asynchttpclient.netty.request.NettyRequestSender - Using open Channel [id: 0x962bccb0, L:/127.0.0.1:51903 - R:localhost/127.0.0.1:23136] for POST '/session/14f7fa941740e9693e6fd81a0ceb0387/execute/sync'
14:39:44.719 [Darkroom Processing Line] DEBUG net.serenitybdd.core.photography.DarkroomProcessingLine - Processing screenshot image in /var/screenshots/screenshot-2394902950929191711
14:39:44.719 [Darkroom Processing Line] DEBUG net.serenitybdd.core.photography.DarkroomProcessingLine - Saving screenshot to target\site\serenity\c3167662a62d0116a90e6c99cd277949d78004d86a4e440e07d196968e9abb21.png
14:39:45.442 [AsyncHttpClient-1-2] DEBUG org.asynchttpclient.netty.handler.HttpHandler - 

Request DefaultHttpRequest(decodeResult: success, version: HTTP/1.1)
POST /session/14f7fa941740e9693e6fd81a0ceb0387/execute/sync HTTP/1.1
User-Agent: selenium/4.8.1 (java windows)
Content-Length: 176
Content-Type: application/json; charset=utf-8
host: localhost:23136
accept: */*

Response DefaultHttpResponse(decodeResult: success, version: HTTP/1.1)
HTTP/1.1 200 OK
Content-Length: 3162848
Content-Type: application/json; charset=utf-8
cache-control: no-cache

14:39:45.466 [AsyncHttpClient-1-2] DEBUG org.asynchttpclient.netty.channel.ChannelManager - Adding key: http://localhost:23136 for channel [id: 0x962bccb0, L:/127.0.0.1:51903 - R:localhost/127.0.0.1:23136]
14:39:45.676 [AsyncHttpClient-1-1] DEBUG org.asynchttpclient.netty.channel.DefaultChannelPool - Entry count for : http://localhost:51905 : 1
14:39:45.676 [AsyncHttpClient-1-1] DEBUG org.asynchttpclient.netty.channel.DefaultChannelPool - Entry count for : http://localhost:23136 : 1
14:39:46.756 [Forwarding getCurrentUrl on session 14f7fa941740e9693e6fd81a0ceb0387 to remote] DEBUG org.asynchttpclient.netty.request.NettyRequestSender - Using pooled Channel '[id: 0x962bccb0, L:/127.0.0.1:51903 - R:localhost/127.0.0.1:23136]' for 'GET' to 'http://localhost:23136/session/14f7fa941740e9693e6fd81a0ceb0387/url'
14:39:46.756 [Forwarding getCurrentUrl on session 14f7fa941740e9693e6fd81a0ceb0387 to remote] DEBUG org.asynchttpclient.netty.request.NettyRequestSender - Using open Channel [id: 0x962bccb0, L:/127.0.0.1:51903 - R:localhost/127.0.0.1:23136] for GET '/session/14f7fa941740e9693e6fd81a0ceb0387/url'
14:39:46.805 [AsyncHttpClient-1-1] DEBUG org.asynchttpclient.netty.channel.DefaultChannelPool - Entry count for : http://localhost:51905 : 1
14:39:46.915 [AsyncHttpClient-1-2] DEBUG org.asynchttpclient.netty.handler.HttpHandler - 

Request DefaultFullHttpRequest(decodeResult: success, version: HTTP/1.1, content: EmptyByteBufBE)
GET /session/14f7fa941740e9693e6fd81a0ceb0387/url HTTP/1.1
User-Agent: selenium/4.8.1 (java windows)
Cache-Control: no-cache
Content-Type: application/json; charset=utf-8
host: localhost:23136
accept: */*

Response DefaultHttpResponse(decodeResult: success, version: HTTP/1.1)
HTTP/1.1 200 OK
Content-Length: 34
Content-Type: application/json; charset=utf-8
cache-control: no-cache

14:39:46.916 [AsyncHttpClient-1-2] DEBUG org.asynchttpclient.netty.channel.ChannelManager - Adding key: http://localhost:23136 for channel [id: 0x962bccb0, L:/127.0.0.1:51903 - R:localhost/127.0.0.1:23136]
14:39:46.935 [main] DEBUG net.thucydides.core.steps.StepInterceptor - STARTING STEP: AboutSteps.detailsPagee - detailsPage
14:39:46.948 [Forwarding findElement on session 14f7fa941740e9693e6fd81a0ceb0387 to remote] DEBUG org.asynchttpclient.netty.request.NettyRequestSender - Using pooled Channel '[id: 0x962bccb0, L:/127.0.0.1:51903 - R:localhost/127.0.0.1:23136]' for 'POST' to 'http://localhost:23136/session/14f7fa941740e9693e6fd81a0ceb0387/element'
14:39:46.948 [Forwarding findElement on session 14f7fa941740e9693e6fd81a0ceb0387 to remote] DEBUG org.asynchttpclient.netty.request.NettyRequestSender - Using open Channel [id: 0x962bccb0, L:/127.0.0.1:51903 - R:localhost/127.0.0.1:23136] for POST '/session/14f7fa941740e9693e6fd81a0ceb0387/element'
14:39:46.999 [AsyncHttpClient-1-2] DEBUG org.asynchttpclient.netty.handler.HttpHandler - 

Request DefaultHttpRequest(decodeResult: success, version: HTTP/1.1)
POST /session/14f7fa941740e9693e6fd81a0ceb0387/element HTTP/1.1
User-Agent: selenium/4.8.1 (java windows)
Content-Length: 57
Content-Type: application/json; charset=utf-8
host: localhost:23136
accept: */*

Response DefaultHttpResponse(decodeResult: success, version: HTTP/1.1)
HTTP/1.1 200 OK
Content-Length: 88
Content-Type: application/json; charset=utf-8
cache-control: no-cache

14:39:46.999 [AsyncHttpClient-1-2] DEBUG org.asynchttpclient.netty.channel.ChannelManager - Adding key: http://localhost:23136 for channel [id: 0x962bccb0, L:/127.0.0.1:51903 - R:localhost/127.0.0.1:23136]
14:39:47.008 [Forwarding isElementDisplayed on session 14f7fa941740e9693e6fd81a0ceb0387 to remote] DEBUG org.asynchttpclient.netty.request.NettyRequestSender - Using pooled Channel '[id: 0x962bccb0, L:/127.0.0.1:51903 - R:localhost/127.0.0.1:23136]' for 'POST' to 'http://localhost:23136/session/14f7fa941740e9693e6fd81a0ceb0387/execute/sync'
14:39:47.008 [Forwarding isElementDisplayed on session 14f7fa941740e9693e6fd81a0ceb0387 to remote] DEBUG org.asynchttpclient.netty.request.NettyRequestSender - Using open Channel [id: 0x962bccb0, L:/127.0.0.1:51903 - R:localhost/127.0.0.1:23136] for POST '/session/14f7fa941740e9693e6fd81a0ceb0387/execute/sync'
14:39:47.091 [AsyncHttpClient-1-2] DEBUG org.asynchttpclient.netty.handler.HttpHandler - 

Request DefaultHttpRequest(decodeResult: success, version: HTTP/1.1)
POST /session/14f7fa941740e9693e6fd81a0ceb0387/execute/sync HTTP/1.1
User-Agent: selenium/4.8.1 (java windows)
Content-Length: 48807
Content-Type: application/json; charset=utf-8
host: localhost:23136
accept: */*

Response DefaultHttpResponse(decodeResult: success, version: HTTP/1.1)
HTTP/1.1 200 OK
Content-Length: 14
Content-Type: application/json; charset=utf-8
cache-control: no-cache

14:39:47.092 [AsyncHttpClient-1-2] DEBUG org.asynchttpclient.netty.channel.ChannelManager - Adding key: http://localhost:23136 for channel [id: 0x962bccb0, L:/127.0.0.1:51903 - R:localhost/127.0.0.1:23136]
14:39:47.108 [Forwarding getAlertText on session 14f7fa941740e9693e6fd81a0ceb0387 to remote] DEBUG org.asynchttpclient.netty.request.NettyRequestSender - Using pooled Channel '[id: 0x962bccb0, L:/127.0.0.1:51903 - R:localhost/127.0.0.1:23136]' for 'GET' to 'http://localhost:23136/session/14f7fa941740e9693e6fd81a0ceb0387/alert/text'
14:39:47.109 [Forwarding getAlertText on session 14f7fa941740e9693e6fd81a0ceb0387 to remote] DEBUG org.asynchttpclient.netty.request.NettyRequestSender - Using open Channel [id: 0x962bccb0, L:/127.0.0.1:51903 - R:localhost/127.0.0.1:23136] for GET '/session/14f7fa941740e9693e6fd81a0ceb0387/alert/text'
14:39:47.123 [AsyncHttpClient-1-2] DEBUG org.asynchttpclient.netty.handler.HttpHandler - 

Request DefaultFullHttpRequest(decodeResult: success, version: HTTP/1.1, content: EmptyByteBufBE)
GET /session/14f7fa941740e9693e6fd81a0ceb0387/alert/text HTTP/1.1
User-Agent: selenium/4.8.1 (java windows)
Cache-Control: no-cache
Content-Type: application/json; charset=utf-8
host: localhost:23136
accept: */*

Response DefaultHttpResponse(decodeResult: success, version: HTTP/1.1)
HTTP/1.1 404 Not Found
Content-Length: 836
Content-Type: application/json; charset=utf-8
cache-control: no-cache

14:39:47.123 [AsyncHttpClient-1-2] DEBUG org.asynchttpclient.netty.channel.ChannelManager - Adding key: http://localhost:23136 for channel [id: 0x962bccb0, L:/127.0.0.1:51903 - R:localhost/127.0.0.1:23136]
14:39:47.128 [Forwarding getCurrentUrl on session 14f7fa941740e9693e6fd81a0ceb0387 to remote] DEBUG org.asynchttpclient.netty.request.NettyRequestSender - Using pooled Channel '[id: 0x962bccb0, L:/127.0.0.1:51903 - R:localhost/127.0.0.1:23136]' for 'GET' to 'http://localhost:23136/session/14f7fa941740e9693e6fd81a0ceb0387/url'
14:39:47.128 [Forwarding getCurrentUrl on session 14f7fa941740e9693e6fd81a0ceb0387 to remote] DEBUG org.asynchttpclient.netty.request.NettyRequestSender - Using open Channel [id: 0x962bccb0, L:/127.0.0.1:51903 - R:localhost/127.0.0.1:23136] for GET '/session/14f7fa941740e9693e6fd81a0ceb0387/url'
14:39:47.198 [AsyncHttpClient-1-2] DEBUG org.asynchttpclient.netty.handler.HttpHandler - 

Request DefaultFullHttpRequest(decodeResult: success, version: HTTP/1.1, content: EmptyByteBufBE)
GET /session/14f7fa941740e9693e6fd81a0ceb0387/url HTTP/1.1
User-Agent: selenium/4.8.1 (java windows)
Cache-Control: no-cache
Content-Type: application/json; charset=utf-8
host: localhost:23136
accept: */*

Response DefaultHttpResponse(decodeResult: success, version: HTTP/1.1)
HTTP/1.1 200 OK
Content-Length: 34
Content-Type: application/json; charset=utf-8
cache-control: no-cache

14:39:47.198 [AsyncHttpClient-1-2] DEBUG org.asynchttpclient.netty.channel.ChannelManager - Adding key: http://localhost:23136 for channel [id: 0x962bccb0, L:/127.0.0.1:51903 - R:localhost/127.0.0.1:23136]
14:39:47.200 [Forwarding screenshot on session 14f7fa941740e9693e6fd81a0ceb0387 to remote] DEBUG org.asynchttpclient.netty.request.NettyRequestSender - Using pooled Channel '[id: 0x962bccb0, L:/127.0.0.1:51903 - R:localhost/127.0.0.1:23136]' for 'GET' to 'http://localhost:23136/session/14f7fa941740e9693e6fd81a0ceb0387/screenshot'
14:39:47.200 [Forwarding screenshot on session 14f7fa941740e9693e6fd81a0ceb0387 to remote] DEBUG org.asynchttpclient.netty.request.NettyRequestSender - Using open Channel [id: 0x962bccb0, L:/127.0.0.1:51903 - R:localhost/127.0.0.1:23136] for GET '/session/14f7fa941740e9693e6fd81a0ceb0387/screenshot'
14:39:48.059 [AsyncHttpClient-1-1] DEBUG org.asynchttpclient.netty.channel.DefaultChannelPool - Entry count for : http://localhost:51905 : 1
14:39:48.229 [AsyncHttpClient-1-2] DEBUG org.asynchttpclient.netty.handler.HttpHandler - 

Request DefaultFullHttpRequest(decodeResult: success, version: HTTP/1.1, content: EmptyByteBufBE)
GET /session/14f7fa941740e9693e6fd81a0ceb0387/screenshot HTTP/1.1
User-Agent: selenium/4.8.1 (java windows)
Cache-Control: no-cache
Content-Type: application/json; charset=utf-8
host: localhost:23136
accept: */*

Response DefaultHttpResponse(decodeResult: success, version: HTTP/1.1)
HTTP/1.1 200 OK
Content-Length: 266772
Content-Type: application/json; charset=utf-8
cache-control: no-cache

14:39:48.230 [AsyncHttpClient-1-2] DEBUG org.asynchttpclient.netty.channel.ChannelManager - Adding key: http://localhost:23136 for channel [id: 0x962bccb0, L:/127.0.0.1:51903 - R:localhost/127.0.0.1:23136]
14:39:48.245 [main] DEBUG net.serenitybdd.core.photography.Darkroom - Send negative for processing for target\site\serenity\4f25496e7d58129c2f6f4fc8686be6a5200bc7613dae3e857d7d0e42208927e7.png
14:39:48.246 [Darkroom Processing Line] DEBUG net.serenitybdd.core.photography.DarkroomProcessingLine - Processing screenshot image in /var/screenshots/screenshot-9708096264965511531
14:39:48.246 [Darkroom Processing Line] DEBUG net.serenitybdd.core.photography.DarkroomProcessingLine - Saving screenshot to target\site\serenity\4f25496e7d58129c2f6f4fc8686be6a5200bc7613dae3e857d7d0e42208927e7.png
14:39:48.246 [main] DEBUG net.thucydides.core.steps.StepInterceptor - STEP DONE: detailsPage
  &amp#27;[32mThen &amp#27;[0m&amp#27;[32mI can see web details&amp#27;[0m                        &amp#27;[90m# starter.stepdefinitions.AboutSteps.detailsPagee()&amp#27;[0m
14:39:48.265 [main] INFO  - 
  _____   ___   ___   _____     ___     _     ___   ___   ___   ___  
 |_   _| | __| / __| |_   _|   | _ \   /_\   / __| / __| | __| |   \ 
   | |   | _|  \__ \   | |     |  _/  / _ \  \__ \ \__ \ | _|  | |) |
   |_|   |___| |___/   |_|     |_|   /_/ \_\ |___/ |___/ |___| |___/ 

As user i have be able to see web details
----------------------------------------------------------------------
14:39:48.539 [AsyncHttpClient-1-4] DEBUG org.asynchttpclient.netty.handler.WebSocketHandler - Channel Closed: [id: 0x89a0c724, L:/127.0.0.1:51913 ! R:localhost/127.0.0.1:51905] with attribute NettyResponseFuture{currentRetry=0,
	isDone=1,
	isCancelled=0,
	asyncHandler=org.asynchttpclient.ws.WebSocketUpgradeHandler@54380b7,
	nettyRequest=org.asynchttpclient.netty.request.NettyRequest@4cdde714,
	future=java.util.concurrent.CompletableFuture@3567b7e8[Completed normally],
	uri=ws://localhost:51905/devtools/browser/e34b7610-1967-492a-b3e5-323cdbd2e5c1,
	keepAlive=true,
	redirectCount=0,
	timeoutsHolder=null,
	inAuth=0,
	touch=1680766755182}
14:39:48.540 [AsyncHttpClient-1-4] DEBUG org.asynchttpclient.netty.channel.ChannelManager - Closing Channel [id: 0x89a0c724, L:/127.0.0.1:51913 ! R:localhost/127.0.0.1:51905] 
14:39:48.595 [Driver Command Executor] DEBUG org.asynchttpclient.netty.request.NettyRequestSender - Using pooled Channel '[id: 0x962bccb0, L:/127.0.0.1:51903 - R:localhost/127.0.0.1:23136]' for 'DELETE' to 'http://localhost:23136/session/14f7fa941740e9693e6fd81a0ceb0387'
14:39:48.595 [Driver Command Executor] DEBUG org.asynchttpclient.netty.request.NettyRequestSender - Using open Channel [id: 0x962bccb0, L:/127.0.0.1:51903 - R:localhost/127.0.0.1:23136] for DELETE '/session/14f7fa941740e9693e6fd81a0ceb0387'
14:39:49.095 [AsyncHttpClient-1-1] DEBUG org.asynchttpclient.netty.channel.DefaultChannelPool - Entry count for : http://localhost:51905 : 1
14:39:50.176 [AsyncHttpClient-1-1] DEBUG org.asynchttpclient.netty.channel.DefaultChannelPool - Entry count for : http://localhost:51905 : 1
14:39:50.526 [AsyncHttpClient-1-3] DEBUG org.asynchttpclient.netty.handler.HttpHandler - Unexpected I/O exception on channel [id: 0x9a3f499a, L:/127.0.0.1:51912 - R:localhost/127.0.0.1:51905]
java.net.SocketException: Connection reset
	at java.base/sun.nio.ch.SocketChannelImpl.throwConnectionReset(SocketChannelImpl.java:401)
	at java.base/sun.nio.ch.SocketChannelImpl.read(SocketChannelImpl.java:434)
	at io.netty.buffer.PooledByteBuf.setBytes(PooledByteBuf.java:259)
	at io.netty.buffer.AbstractByteBuf.writeBytes(AbstractByteBuf.java:1132)
	at io.netty.channel.socket.nio.NioSocketChannel.doReadBytes(NioSocketChannel.java:357)
	at io.netty.channel.nio.AbstractNioByteChannel$NioByteUnsafe.read(AbstractNioByteChannel.java:151)
	at io.netty.channel.nio.NioEventLoop.processSelectedKey(NioEventLoop.java:788)
	at io.netty.channel.nio.NioEventLoop.processSelectedKeysOptimized(NioEventLoop.java:724)
	at io.netty.channel.nio.NioEventLoop.processSelectedKeys(NioEventLoop.java:650)
	at io.netty.channel.nio.NioEventLoop.run(NioEventLoop.java:562)
	at io.netty.util.concurrent.SingleThreadEventExecutor$4.run(SingleThreadEventExecutor.java:997)
	at io.netty.util.internal.ThreadExecutorMap$2.run(ThreadExecutorMap.java:74)
	at io.netty.util.concurrent.FastThreadLocalRunnable.run(FastThreadLocalRunnable.java:30)
	at java.base/java.lang.Thread.run(Thread.java:1589)
14:39:50.526 [AsyncHttpClient-1-3] DEBUG org.asynchttpclient.netty.channel.ChannelManager - Closing Channel [id: 0x9a3f499a, L:/127.0.0.1:51912 - R:localhost/127.0.0.1:51905] 
14:39:50.528 [AsyncHttpClient-1-3] DEBUG org.asynchttpclient.netty.handler.HttpHandler - Channel Closed: [id: 0x9a3f499a, L:/127.0.0.1:51912 ! R:localhost/127.0.0.1:51905] with attribute DISCARD
14:39:50.586 [AsyncHttpClient-1-2] DEBUG org.asynchttpclient.netty.handler.HttpHandler - 

Request DefaultFullHttpRequest(decodeResult: success, version: HTTP/1.1, content: EmptyByteBufBE)
DELETE /session/14f7fa941740e9693e6fd81a0ceb0387 HTTP/1.1
User-Agent: selenium/4.8.1 (java windows)
Content-Type: application/json; charset=utf-8
host: localhost:23136
accept: */*

Response DefaultHttpResponse(decodeResult: success, version: HTTP/1.1)
HTTP/1.1 200 OK
Content-Length: 14
Content-Type: application/json; charset=utf-8
cache-control: no-cache

14:39:50.586 [AsyncHttpClient-1-2] DEBUG org.asynchttpclient.netty.channel.ChannelManager - Adding key: http://localhost:23136 for channel [id: 0x962bccb0, L:/127.0.0.1:51903 - R:localhost/127.0.0.1:23136]
14:39:50.980 [AsyncHttpClient-1-2] DEBUG org.asynchttpclient.netty.handler.HttpHandler - Channel Closed: [id: 0x962bccb0, L:/127.0.0.1:51903 ! R:localhost/127.0.0.1:23136] with attribute DISCARD
]]></system-out>
    <system-err><![CDATA[Starting ChromeDriver 111.0.5563.64 (c710e93d5b63b7095afe8c2c17df34408078439d-refs/branch-heads/5563@{#995}) on port 23136
Only local connections are allowed.
Please see https://chromedriver.chromium.org/security-considerations for suggestions on keeping ChromeDriver safe.
ChromeDriver was started successfully.
Apr 06, 2023 2:39:15 PM org.openqa.selenium.devtools.CdpVersionFinder findNearestMatch
WARNING: Unable to find an exact match for CDP version 111, so returning the closest version found: 110
]]></system-err>
  </testcase>
  <testcase name="As user i have be able to success login #1" classname="login" time="8.3">
    <system-out><![CDATA[14:39:51.067 [main] DEBUG io.cucumber.core.plugin.SerenityReporter - Running feature from file:///C:/Users/User/IdeaProjects/hehew/src/test/resources/features/Login.feature
14:39:51.072 [main] DEBUG net.thucydides.core.steps.StepEventBus - Test suite started for story net.thucydides.core.model.Story@23282f08
14:39:51.073 [main] INFO  - Test Suite Started: Login

@login @userA
Scenario: As user i have be able to success login &amp#27;[90m# src/test/resources/features/Login.feature:8&amp#27;[0m
14:39:51.087 [main] DEBUG io.cucumber.core.plugin.SerenityReporter - Running feature from file:///C:/Users/User/IdeaProjects/hehew/src/test/resources/features/Login.feature
14:39:51.097 [main] INFO  - 
  _____   ___   ___   _____     ___   _____     _     ___   _____   ___   ___  
 |_   _| | __| / __| |_   _|   / __| |_   _|   /_\   | _ \ |_   _| | __| |   \ 
   | |   | _|  \__ \   | |     \__ \   | |    / _ \  |   /   | |   | _|  | |) |
   |_|   |___| |___/   |_|     |___/   |_|   /_/ \_\ |_|_\   |_|   |___| |___/ 

As user i have be able to success login(login;as-user-i-have-be-able-to-success-login)
--------------------------------------------------------------------------------
14:39:51.260 [main] INFO net.serenitybdd.core.webdriver.driverproviders.ChromeDriverProvider - Starting Chrome driver instance with capabilities:
14:39:51.260 [main] INFO net.serenitybdd.core.webdriver.driverproviders.ChromeDriverProvider - Capabilities {acceptInsecureCerts: false, browserName: chrome, goog:chromeOptions: {args: [remote-allow-origins=*], extensions: []}}
14:39:51.273 [AsyncHttpClient-1-1] DEBUG org.asynchttpclient.netty.channel.DefaultChannelPool - Entry count for : http://localhost:51905 : 1
14:39:51.273 [AsyncHttpClient-1-1] DEBUG org.asynchttpclient.netty.channel.DefaultChannelPool - Entry count for : http://localhost:23136 : 1
14:39:51.273 [AsyncHttpClient-1-1] DEBUG org.asynchttpclient.netty.channel.DefaultChannelPool - Adding Candidate expired Channel [id: 0x9a3f499a, L:/127.0.0.1:51912 ! R:localhost/127.0.0.1:51905] isIdleTimeoutExpired=false isRemotelyClosed=true isTtlExpired=false
14:39:51.273 [AsyncHttpClient-1-1] DEBUG org.asynchttpclient.netty.channel.DefaultChannelPool - Closing Idle Channel [id: 0x9a3f499a, L:/127.0.0.1:51912 ! R:localhost/127.0.0.1:51905]
14:39:51.274 [AsyncHttpClient-1-1] DEBUG org.asynchttpclient.netty.channel.DefaultChannelPool - Adding Candidate expired Channel [id: 0x962bccb0, L:/127.0.0.1:51903 ! R:localhost/127.0.0.1:23136] isIdleTimeoutExpired=false isRemotelyClosed=true isTtlExpired=false
14:39:51.274 [AsyncHttpClient-1-1] DEBUG org.asynchttpclient.netty.channel.DefaultChannelPool - Closing Idle Channel [id: 0x962bccb0, L:/127.0.0.1:51903 ! R:localhost/127.0.0.1:23136]
14:39:51.274 [AsyncHttpClient-1-1] DEBUG org.asynchttpclient.netty.channel.DefaultChannelPool - Closed 2 connections out of 2 in 1 ms
14:39:51.394 [AsyncHttpClient-1-5] DEBUG org.asynchttpclient.netty.channel.NettyConnectListener - Using new Channel '[id: 0x34b9b60c, L:/127.0.0.1:52041 - R:localhost/127.0.0.1:43813]' for 'POST' to '/session'
14:39:54.026 [AsyncHttpClient-1-5] DEBUG org.asynchttpclient.netty.handler.HttpHandler - 

Request DefaultHttpRequest(decodeResult: success, version: HTTP/1.1)
POST /session HTTP/1.1
User-Agent: selenium/4.8.1 (java windows)
Content-Length: 507
Content-Type: application/json; charset=utf-8
host: localhost:43813
accept: */*

Response DefaultHttpResponse(decodeResult: success, version: HTTP/1.1)
HTTP/1.1 200 OK
Content-Length: 859
Content-Type: application/json; charset=utf-8
cache-control: no-cache

14:39:54.026 [AsyncHttpClient-1-5] DEBUG org.asynchttpclient.netty.channel.ChannelManager - Adding key: http://localhost:43813 for channel [id: 0x34b9b60c, L:/127.0.0.1:52041 - R:localhost/127.0.0.1:43813]
14:39:54.060 [AsyncHttpClient-1-6] DEBUG org.asynchttpclient.netty.channel.NettyConnectListener - Using new Channel '[id: 0xa7721c8d, L:/127.0.0.1:52050 - R:localhost/127.0.0.1:52042]' for 'GET' to '/json/version'
14:39:54.062 [AsyncHttpClient-1-6] DEBUG org.asynchttpclient.netty.handler.HttpHandler - 

Request DefaultFullHttpRequest(decodeResult: success, version: HTTP/1.1, content: EmptyByteBufBE)
GET /json/version HTTP/1.1
User-Agent: selenium/4.8.1 (java windows)
host: localhost:52042
accept: */*

Response DefaultHttpResponse(decodeResult: success, version: HTTP/1.1)
HTTP/1.1 200 OK
Content-Security-Policy: frame-ancestors 'none'
Content-Length: 424
Content-Type: application/json; charset=UTF-8

14:39:54.063 [AsyncHttpClient-1-6] DEBUG org.asynchttpclient.netty.channel.ChannelManager - Adding key: http://localhost:52042 for channel [id: 0xa7721c8d, L:/127.0.0.1:52050 - R:localhost/127.0.0.1:52042]
14:39:54.071 [AsyncHttpClient-1-7] DEBUG org.asynchttpclient.netty.channel.NettyConnectListener - Using new Channel '[id: 0xa5ef308b, L:/127.0.0.1:52051 - R:localhost/127.0.0.1:52042]' for 'GET' to '/devtools/browser/6a8c325b-433f-4d24-b0c3-c3f40d7e2b42'
14:39:54.074 [AsyncHttpClient-1-7] DEBUG org.asynchttpclient.netty.handler.WebSocketHandler - 

Request DefaultFullHttpRequest(decodeResult: success, version: HTTP/1.1, content: EmptyByteBufBE)
GET /devtools/browser/6a8c325b-433f-4d24-b0c3-c3f40d7e2b42 HTTP/1.1
upgrade: websocket
connection: upgrade
sec-websocket-key: jS/10ToaD9nVdiojCEswWw==
sec-websocket-version: 13
origin: http://localhost:52042
host: localhost:52042
accept: */*
user-agent: AHC/2.1

Response DefaultHttpResponse(decodeResult: success, version: HTTP/1.1)
HTTP/1.1 101 WebSocket Protocol Handshake
Upgrade: WebSocket
Connection: Upgrade
Sec-WebSocket-Accept: SNRkKjcYf1XaVDRC81GRvfWtE+Q=

14:39:54.083 [Forwarding get on session 9a9a990f7d3bdc23e0768c1c2310f86d to remote] DEBUG org.asynchttpclient.netty.request.NettyRequestSender - Using pooled Channel '[id: 0x34b9b60c, L:/127.0.0.1:52041 - R:localhost/127.0.0.1:43813]' for 'POST' to 'http://localhost:43813/session/9a9a990f7d3bdc23e0768c1c2310f86d/url'
14:39:54.083 [Forwarding get on session 9a9a990f7d3bdc23e0768c1c2310f86d to remote] DEBUG org.asynchttpclient.netty.request.NettyRequestSender - Using open Channel [id: 0x34b9b60c, L:/127.0.0.1:52041 - R:localhost/127.0.0.1:43813] for POST '/session/9a9a990f7d3bdc23e0768c1c2310f86d/url'
14:39:54.575 [AsyncHttpClient-1-1] DEBUG org.asynchttpclient.netty.channel.DefaultChannelPool - Entry count for : http://localhost:52042 : 1
14:39:55.671 [AsyncHttpClient-1-1] DEBUG org.asynchttpclient.netty.channel.DefaultChannelPool - Entry count for : http://localhost:52042 : 1
14:39:56.770 [AsyncHttpClient-1-1] DEBUG org.asynchttpclient.netty.channel.DefaultChannelPool - Entry count for : http://localhost:52042 : 1
14:39:57.188 [AsyncHttpClient-1-5] DEBUG org.asynchttpclient.netty.handler.HttpHandler - 

Request DefaultHttpRequest(decodeResult: success, version: HTTP/1.1)
POST /session/9a9a990f7d3bdc23e0768c1c2310f86d/url HTTP/1.1
User-Agent: selenium/4.8.1 (java windows)
Content-Length: 56
Content-Type: application/json; charset=utf-8
host: localhost:43813
accept: */*

Response DefaultHttpResponse(decodeResult: success, version: HTTP/1.1)
HTTP/1.1 200 OK
Content-Length: 14
Content-Type: application/json; charset=utf-8
cache-control: no-cache

14:39:57.188 [AsyncHttpClient-1-5] DEBUG org.asynchttpclient.netty.channel.ChannelManager - Adding key: http://localhost:43813 for channel [id: 0x34b9b60c, L:/127.0.0.1:52041 - R:localhost/127.0.0.1:43813]
14:39:57.193 [Forwarding setTimeout on session 9a9a990f7d3bdc23e0768c1c2310f86d to remote] DEBUG org.asynchttpclient.netty.request.NettyRequestSender - Using pooled Channel '[id: 0x34b9b60c, L:/127.0.0.1:52041 - R:localhost/127.0.0.1:43813]' for 'POST' to 'http://localhost:43813/session/9a9a990f7d3bdc23e0768c1c2310f86d/timeouts'
14:39:57.193 [Forwarding setTimeout on session 9a9a990f7d3bdc23e0768c1c2310f86d to remote] DEBUG org.asynchttpclient.netty.request.NettyRequestSender - Using open Channel [id: 0x34b9b60c, L:/127.0.0.1:52041 - R:localhost/127.0.0.1:43813] for POST '/session/9a9a990f7d3bdc23e0768c1c2310f86d/timeouts'
14:39:57.200 [AsyncHttpClient-1-5] DEBUG org.asynchttpclient.netty.handler.HttpHandler - 

Request DefaultHttpRequest(decodeResult: success, version: HTTP/1.1)
POST /session/9a9a990f7d3bdc23e0768c1c2310f86d/timeouts HTTP/1.1
User-Agent: selenium/4.8.1 (java windows)
Content-Length: 22
Content-Type: application/json; charset=utf-8
host: localhost:43813
accept: */*

Response DefaultHttpResponse(decodeResult: success, version: HTTP/1.1)
HTTP/1.1 200 OK
Content-Length: 14
Content-Type: application/json; charset=utf-8
cache-control: no-cache

14:39:57.200 [AsyncHttpClient-1-5] DEBUG org.asynchttpclient.netty.channel.ChannelManager - Adding key: http://localhost:43813 for channel [id: 0x34b9b60c, L:/127.0.0.1:52041 - R:localhost/127.0.0.1:43813]
14:39:57.219 [main] DEBUG net.serenitybdd.core.photography.Darkroom - Opening darkroom
14:39:57.222 [Forwarding getAlertText on session 9a9a990f7d3bdc23e0768c1c2310f86d to remote] DEBUG org.asynchttpclient.netty.request.NettyRequestSender - Using pooled Channel '[id: 0x34b9b60c, L:/127.0.0.1:52041 - R:localhost/127.0.0.1:43813]' for 'GET' to 'http://localhost:43813/session/9a9a990f7d3bdc23e0768c1c2310f86d/alert/text'
14:39:57.222 [Forwarding getAlertText on session 9a9a990f7d3bdc23e0768c1c2310f86d to remote] DEBUG org.asynchttpclient.netty.request.NettyRequestSender - Using open Channel [id: 0x34b9b60c, L:/127.0.0.1:52041 - R:localhost/127.0.0.1:43813] for GET '/session/9a9a990f7d3bdc23e0768c1c2310f86d/alert/text'
14:39:57.225 [Darkroom Processing Line] DEBUG net.serenitybdd.core.photography.DarkroomProcessingLine - Darkroom processing line starting up
14:39:57.226 [AsyncHttpClient-1-5] DEBUG org.asynchttpclient.netty.handler.HttpHandler - 

Request DefaultFullHttpRequest(decodeResult: success, version: HTTP/1.1, content: EmptyByteBufBE)
GET /session/9a9a990f7d3bdc23e0768c1c2310f86d/alert/text HTTP/1.1
User-Agent: selenium/4.8.1 (java windows)
Cache-Control: no-cache
Content-Type: application/json; charset=utf-8
host: localhost:43813
accept: */*

Response DefaultHttpResponse(decodeResult: success, version: HTTP/1.1)
HTTP/1.1 404 Not Found
Content-Length: 836
Content-Type: application/json; charset=utf-8
cache-control: no-cache

14:39:57.226 [AsyncHttpClient-1-5] DEBUG org.asynchttpclient.netty.channel.ChannelManager - Adding key: http://localhost:43813 for channel [id: 0x34b9b60c, L:/127.0.0.1:52041 - R:localhost/127.0.0.1:43813]
14:39:57.230 [Forwarding getCurrentUrl on session 9a9a990f7d3bdc23e0768c1c2310f86d to remote] DEBUG org.asynchttpclient.netty.request.NettyRequestSender - Using pooled Channel '[id: 0x34b9b60c, L:/127.0.0.1:52041 - R:localhost/127.0.0.1:43813]' for 'GET' to 'http://localhost:43813/session/9a9a990f7d3bdc23e0768c1c2310f86d/url'
14:39:57.230 [Forwarding getCurrentUrl on session 9a9a990f7d3bdc23e0768c1c2310f86d to remote] DEBUG org.asynchttpclient.netty.request.NettyRequestSender - Using open Channel [id: 0x34b9b60c, L:/127.0.0.1:52041 - R:localhost/127.0.0.1:43813] for GET '/session/9a9a990f7d3bdc23e0768c1c2310f86d/url'
14:39:57.237 [AsyncHttpClient-1-5] DEBUG org.asynchttpclient.netty.handler.HttpHandler - 

Request DefaultFullHttpRequest(decodeResult: success, version: HTTP/1.1, content: EmptyByteBufBE)
GET /session/9a9a990f7d3bdc23e0768c1c2310f86d/url HTTP/1.1
User-Agent: selenium/4.8.1 (java windows)
Cache-Control: no-cache
Content-Type: application/json; charset=utf-8
host: localhost:43813
accept: */*

Response DefaultHttpResponse(decodeResult: success, version: HTTP/1.1)
HTTP/1.1 200 OK
Content-Length: 38
Content-Type: application/json; charset=utf-8
cache-control: no-cache

14:39:57.237 [AsyncHttpClient-1-5] DEBUG org.asynchttpclient.netty.channel.ChannelManager - Adding key: http://localhost:43813 for channel [id: 0x34b9b60c, L:/127.0.0.1:52041 - R:localhost/127.0.0.1:43813]
14:39:57.239 [Forwarding screenshot on session 9a9a990f7d3bdc23e0768c1c2310f86d to remote] DEBUG org.asynchttpclient.netty.request.NettyRequestSender - Using pooled Channel '[id: 0x34b9b60c, L:/127.0.0.1:52041 - R:localhost/127.0.0.1:43813]' for 'GET' to 'http://localhost:43813/session/9a9a990f7d3bdc23e0768c1c2310f86d/screenshot'
14:39:57.239 [Forwarding screenshot on session 9a9a990f7d3bdc23e0768c1c2310f86d to remote] DEBUG org.asynchttpclient.netty.request.NettyRequestSender - Using open Channel [id: 0x34b9b60c, L:/127.0.0.1:52041 - R:localhost/127.0.0.1:43813] for GET '/session/9a9a990f7d3bdc23e0768c1c2310f86d/screenshot'
14:39:57.330 [AsyncHttpClient-1-5] DEBUG org.asynchttpclient.netty.handler.HttpHandler - 

Request DefaultFullHttpRequest(decodeResult: success, version: HTTP/1.1, content: EmptyByteBufBE)
GET /session/9a9a990f7d3bdc23e0768c1c2310f86d/screenshot HTTP/1.1
User-Agent: selenium/4.8.1 (java windows)
Cache-Control: no-cache
Content-Type: application/json; charset=utf-8
host: localhost:43813
accept: */*

Response DefaultHttpResponse(decodeResult: success, version: HTTP/1.1)
HTTP/1.1 200 OK
Content-Length: 34808
Content-Type: application/json; charset=utf-8
cache-control: no-cache

14:39:57.331 [AsyncHttpClient-1-5] DEBUG org.asynchttpclient.netty.channel.ChannelManager - Adding key: http://localhost:43813 for channel [id: 0x34b9b60c, L:/127.0.0.1:52041 - R:localhost/127.0.0.1:43813]
14:39:57.334 [main] DEBUG net.serenitybdd.core.photography.Darkroom - Send negative for processing for target\site\serenity\11d23327bb1bf97cc11512f3ecf05be08bd2bd7955fd928c2dbb651fa09f9280.png
14:39:57.336 [Forwarding getPageSource on session 9a9a990f7d3bdc23e0768c1c2310f86d to remote] DEBUG org.asynchttpclient.netty.request.NettyRequestSender - Using pooled Channel '[id: 0x34b9b60c, L:/127.0.0.1:52041 - R:localhost/127.0.0.1:43813]' for 'POST' to 'http://localhost:43813/session/9a9a990f7d3bdc23e0768c1c2310f86d/execute/sync'
14:39:57.336 [Forwarding getPageSource on session 9a9a990f7d3bdc23e0768c1c2310f86d to remote] DEBUG org.asynchttpclient.netty.request.NettyRequestSender - Using open Channel [id: 0x34b9b60c, L:/127.0.0.1:52041 - R:localhost/127.0.0.1:43813] for POST '/session/9a9a990f7d3bdc23e0768c1c2310f86d/execute/sync'
14:39:57.342 [AsyncHttpClient-1-5] DEBUG org.asynchttpclient.netty.handler.HttpHandler - 

Request DefaultHttpRequest(decodeResult: success, version: HTTP/1.1)
POST /session/9a9a990f7d3bdc23e0768c1c2310f86d/execute/sync HTTP/1.1
User-Agent: selenium/4.8.1 (java windows)
Content-Length: 176
Content-Type: application/json; charset=utf-8
host: localhost:43813
accept: */*

Response DefaultHttpResponse(decodeResult: success, version: HTTP/1.1)
HTTP/1.1 200 OK
Content-Length: 4286
Content-Type: application/json; charset=utf-8
cache-control: no-cache

14:39:57.343 [AsyncHttpClient-1-5] DEBUG org.asynchttpclient.netty.channel.ChannelManager - Adding key: http://localhost:43813 for channel [id: 0x34b9b60c, L:/127.0.0.1:52041 - R:localhost/127.0.0.1:43813]
14:39:57.346 [Forwarding getCurrentUrl on session 9a9a990f7d3bdc23e0768c1c2310f86d to remote] DEBUG org.asynchttpclient.netty.request.NettyRequestSender - Using pooled Channel '[id: 0x34b9b60c, L:/127.0.0.1:52041 - R:localhost/127.0.0.1:43813]' for 'GET' to 'http://localhost:43813/session/9a9a990f7d3bdc23e0768c1c2310f86d/url'
14:39:57.346 [Forwarding getCurrentUrl on session 9a9a990f7d3bdc23e0768c1c2310f86d to remote] DEBUG org.asynchttpclient.netty.request.NettyRequestSender - Using open Channel [id: 0x34b9b60c, L:/127.0.0.1:52041 - R:localhost/127.0.0.1:43813] for GET '/session/9a9a990f7d3bdc23e0768c1c2310f86d/url'
14:39:57.351 [AsyncHttpClient-1-5] DEBUG org.asynchttpclient.netty.handler.HttpHandler - 

Request DefaultFullHttpRequest(decodeResult: success, version: HTTP/1.1, content: EmptyByteBufBE)
GET /session/9a9a990f7d3bdc23e0768c1c2310f86d/url HTTP/1.1
User-Agent: selenium/4.8.1 (java windows)
Cache-Control: no-cache
Content-Type: application/json; charset=utf-8
host: localhost:43813
accept: */*

Response DefaultHttpResponse(decodeResult: success, version: HTTP/1.1)
HTTP/1.1 200 OK
Content-Length: 38
Content-Type: application/json; charset=utf-8
cache-control: no-cache

14:39:57.351 [AsyncHttpClient-1-5] DEBUG org.asynchttpclient.netty.channel.ChannelManager - Adding key: http://localhost:43813 for channel [id: 0x34b9b60c, L:/127.0.0.1:52041 - R:localhost/127.0.0.1:43813]
14:39:57.354 [main] DEBUG net.thucydides.core.steps.StepInterceptor - STARTING STEP: LoginSteps.onTheLoginPage - validateOnLoginPage
14:39:57.357 [Forwarding findElement on session 9a9a990f7d3bdc23e0768c1c2310f86d to remote] DEBUG org.asynchttpclient.netty.request.NettyRequestSender - Using pooled Channel '[id: 0x34b9b60c, L:/127.0.0.1:52041 - R:localhost/127.0.0.1:43813]' for 'POST' to 'http://localhost:43813/session/9a9a990f7d3bdc23e0768c1c2310f86d/element'
14:39:57.357 [Forwarding findElement on session 9a9a990f7d3bdc23e0768c1c2310f86d to remote] DEBUG org.asynchttpclient.netty.request.NettyRequestSender - Using open Channel [id: 0x34b9b60c, L:/127.0.0.1:52041 - R:localhost/127.0.0.1:43813] for POST '/session/9a9a990f7d3bdc23e0768c1c2310f86d/element'
14:39:57.373 [AsyncHttpClient-1-5] DEBUG org.asynchttpclient.netty.handler.HttpHandler - 

Request DefaultHttpRequest(decodeResult: success, version: HTTP/1.1)
POST /session/9a9a990f7d3bdc23e0768c1c2310f86d/element HTTP/1.1
User-Agent: selenium/4.8.1 (java windows)
Content-Length: 59
Content-Type: application/json; charset=utf-8
host: localhost:43813
accept: */*

Response DefaultHttpResponse(decodeResult: success, version: HTTP/1.1)
HTTP/1.1 200 OK
Content-Length: 88
Content-Type: application/json; charset=utf-8
cache-control: no-cache

14:39:57.373 [AsyncHttpClient-1-5] DEBUG org.asynchttpclient.netty.channel.ChannelManager - Adding key: http://localhost:43813 for channel [id: 0x34b9b60c, L:/127.0.0.1:52041 - R:localhost/127.0.0.1:43813]
14:39:57.377 [Forwarding isElementDisplayed on session 9a9a990f7d3bdc23e0768c1c2310f86d to remote] DEBUG org.asynchttpclient.netty.request.NettyRequestSender - Using pooled Channel '[id: 0x34b9b60c, L:/127.0.0.1:52041 - R:localhost/127.0.0.1:43813]' for 'POST' to 'http://localhost:43813/session/9a9a990f7d3bdc23e0768c1c2310f86d/execute/sync'
14:39:57.377 [Forwarding isElementDisplayed on session 9a9a990f7d3bdc23e0768c1c2310f86d to remote] DEBUG org.asynchttpclient.netty.request.NettyRequestSender - Using open Channel [id: 0x34b9b60c, L:/127.0.0.1:52041 - R:localhost/127.0.0.1:43813] for POST '/session/9a9a990f7d3bdc23e0768c1c2310f86d/execute/sync'
14:39:57.398 [AsyncHttpClient-1-5] DEBUG org.asynchttpclient.netty.handler.HttpHandler - 

Request DefaultHttpRequest(decodeResult: success, version: HTTP/1.1)
POST /session/9a9a990f7d3bdc23e0768c1c2310f86d/execute/sync HTTP/1.1
User-Agent: selenium/4.8.1 (java windows)
Content-Length: 48807
Content-Type: application/json; charset=utf-8
host: localhost:43813
accept: */*

Response DefaultHttpResponse(decodeResult: success, version: HTTP/1.1)
HTTP/1.1 200 OK
Content-Length: 14
Content-Type: application/json; charset=utf-8
cache-control: no-cache

14:39:57.398 [AsyncHttpClient-1-5] DEBUG org.asynchttpclient.netty.channel.ChannelManager - Adding key: http://localhost:43813 for channel [id: 0x34b9b60c, L:/127.0.0.1:52041 - R:localhost/127.0.0.1:43813]
14:39:57.406 [Forwarding getAlertText on session 9a9a990f7d3bdc23e0768c1c2310f86d to remote] DEBUG org.asynchttpclient.netty.request.NettyRequestSender - Using pooled Channel '[id: 0x34b9b60c, L:/127.0.0.1:52041 - R:localhost/127.0.0.1:43813]' for 'GET' to 'http://localhost:43813/session/9a9a990f7d3bdc23e0768c1c2310f86d/alert/text'
14:39:57.406 [Forwarding getAlertText on session 9a9a990f7d3bdc23e0768c1c2310f86d to remote] DEBUG org.asynchttpclient.netty.request.NettyRequestSender - Using open Channel [id: 0x34b9b60c, L:/127.0.0.1:52041 - R:localhost/127.0.0.1:43813] for GET '/session/9a9a990f7d3bdc23e0768c1c2310f86d/alert/text'
14:39:57.409 [AsyncHttpClient-1-5] DEBUG org.asynchttpclient.netty.handler.HttpHandler - 

Request DefaultFullHttpRequest(decodeResult: success, version: HTTP/1.1, content: EmptyByteBufBE)
GET /session/9a9a990f7d3bdc23e0768c1c2310f86d/alert/text HTTP/1.1
User-Agent: selenium/4.8.1 (java windows)
Cache-Control: no-cache
Content-Type: application/json; charset=utf-8
host: localhost:43813
accept: */*

Response DefaultHttpResponse(decodeResult: success, version: HTTP/1.1)
HTTP/1.1 404 Not Found
Content-Length: 836
Content-Type: application/json; charset=utf-8
cache-control: no-cache

14:39:57.409 [AsyncHttpClient-1-5] DEBUG org.asynchttpclient.netty.channel.ChannelManager - Adding key: http://localhost:43813 for channel [id: 0x34b9b60c, L:/127.0.0.1:52041 - R:localhost/127.0.0.1:43813]
14:39:57.412 [Forwarding getCurrentUrl on session 9a9a990f7d3bdc23e0768c1c2310f86d to remote] DEBUG org.asynchttpclient.netty.request.NettyRequestSender - Using pooled Channel '[id: 0x34b9b60c, L:/127.0.0.1:52041 - R:localhost/127.0.0.1:43813]' for 'GET' to 'http://localhost:43813/session/9a9a990f7d3bdc23e0768c1c2310f86d/url'
14:39:57.412 [Forwarding getCurrentUrl on session 9a9a990f7d3bdc23e0768c1c2310f86d to remote] DEBUG org.asynchttpclient.netty.request.NettyRequestSender - Using open Channel [id: 0x34b9b60c, L:/127.0.0.1:52041 - R:localhost/127.0.0.1:43813] for GET '/session/9a9a990f7d3bdc23e0768c1c2310f86d/url'
14:39:57.419 [AsyncHttpClient-1-5] DEBUG org.asynchttpclient.netty.handler.HttpHandler - 

Request DefaultFullHttpRequest(decodeResult: success, version: HTTP/1.1, content: EmptyByteBufBE)
GET /session/9a9a990f7d3bdc23e0768c1c2310f86d/url HTTP/1.1
User-Agent: selenium/4.8.1 (java windows)
Cache-Control: no-cache
Content-Type: application/json; charset=utf-8
host: localhost:43813
accept: */*

Response DefaultHttpResponse(decodeResult: success, version: HTTP/1.1)
HTTP/1.1 200 OK
Content-Length: 38
Content-Type: application/json; charset=utf-8
cache-control: no-cache

14:39:57.419 [AsyncHttpClient-1-5] DEBUG org.asynchttpclient.netty.channel.ChannelManager - Adding key: http://localhost:43813 for channel [id: 0x34b9b60c, L:/127.0.0.1:52041 - R:localhost/127.0.0.1:43813]
14:39:57.420 [Forwarding screenshot on session 9a9a990f7d3bdc23e0768c1c2310f86d to remote] DEBUG org.asynchttpclient.netty.request.NettyRequestSender - Using pooled Channel '[id: 0x34b9b60c, L:/127.0.0.1:52041 - R:localhost/127.0.0.1:43813]' for 'GET' to 'http://localhost:43813/session/9a9a990f7d3bdc23e0768c1c2310f86d/screenshot'
14:39:57.420 [Forwarding screenshot on session 9a9a990f7d3bdc23e0768c1c2310f86d to remote] DEBUG org.asynchttpclient.netty.request.NettyRequestSender - Using open Channel [id: 0x34b9b60c, L:/127.0.0.1:52041 - R:localhost/127.0.0.1:43813] for GET '/session/9a9a990f7d3bdc23e0768c1c2310f86d/screenshot'
14:39:57.496 [AsyncHttpClient-1-5] DEBUG org.asynchttpclient.netty.handler.HttpHandler - 

Request DefaultFullHttpRequest(decodeResult: success, version: HTTP/1.1, content: EmptyByteBufBE)
GET /session/9a9a990f7d3bdc23e0768c1c2310f86d/screenshot HTTP/1.1
User-Agent: selenium/4.8.1 (java windows)
Cache-Control: no-cache
Content-Type: application/json; charset=utf-8
host: localhost:43813
accept: */*

Response DefaultHttpResponse(decodeResult: success, version: HTTP/1.1)
HTTP/1.1 200 OK
Content-Length: 34808
Content-Type: application/json; charset=utf-8
cache-control: no-cache

14:39:57.497 [AsyncHttpClient-1-5] DEBUG org.asynchttpclient.netty.channel.ChannelManager - Adding key: http://localhost:43813 for channel [id: 0x34b9b60c, L:/127.0.0.1:52041 - R:localhost/127.0.0.1:43813]
14:39:57.499 [main] DEBUG net.serenitybdd.core.photography.Darkroom - Send negative for processing for target\site\serenity\11d23327bb1bf97cc11512f3ecf05be08bd2bd7955fd928c2dbb651fa09f9280.png
14:39:57.499 [main] DEBUG net.thucydides.core.steps.StepInterceptor - STEP DONE: validateOnLoginPage
  &amp#27;[32mGiven &amp#27;[0m&amp#27;[32mI am on the login page&amp#27;[0m                    &amp#27;[90m# starter.stepdefinitions.LoginSteps.onTheLoginPage()&amp#27;[0m
14:39:57.512 [Forwarding getPageSource on session 9a9a990f7d3bdc23e0768c1c2310f86d to remote] DEBUG org.asynchttpclient.netty.request.NettyRequestSender - Using pooled Channel '[id: 0x34b9b60c, L:/127.0.0.1:52041 - R:localhost/127.0.0.1:43813]' for 'POST' to 'http://localhost:43813/session/9a9a990f7d3bdc23e0768c1c2310f86d/execute/sync'
14:39:57.512 [Forwarding getPageSource on session 9a9a990f7d3bdc23e0768c1c2310f86d to remote] DEBUG org.asynchttpclient.netty.request.NettyRequestSender - Using open Channel [id: 0x34b9b60c, L:/127.0.0.1:52041 - R:localhost/127.0.0.1:43813] for POST '/session/9a9a990f7d3bdc23e0768c1c2310f86d/execute/sync'
14:39:57.517 [AsyncHttpClient-1-5] DEBUG org.asynchttpclient.netty.handler.HttpHandler - 

Request DefaultHttpRequest(decodeResult: success, version: HTTP/1.1)
POST /session/9a9a990f7d3bdc23e0768c1c2310f86d/execute/sync HTTP/1.1
User-Agent: selenium/4.8.1 (java windows)
Content-Length: 176
Content-Type: application/json; charset=utf-8
host: localhost:43813
accept: */*

Response DefaultHttpResponse(decodeResult: success, version: HTTP/1.1)
HTTP/1.1 200 OK
Content-Length: 4286
Content-Type: application/json; charset=utf-8
cache-control: no-cache

14:39:57.517 [AsyncHttpClient-1-5] DEBUG org.asynchttpclient.netty.channel.ChannelManager - Adding key: http://localhost:43813 for channel [id: 0x34b9b60c, L:/127.0.0.1:52041 - R:localhost/127.0.0.1:43813]
14:39:57.519 [Forwarding getCurrentUrl on session 9a9a990f7d3bdc23e0768c1c2310f86d to remote] DEBUG org.asynchttpclient.netty.request.NettyRequestSender - Using pooled Channel '[id: 0x34b9b60c, L:/127.0.0.1:52041 - R:localhost/127.0.0.1:43813]' for 'GET' to 'http://localhost:43813/session/9a9a990f7d3bdc23e0768c1c2310f86d/url'
14:39:57.519 [Forwarding getCurrentUrl on session 9a9a990f7d3bdc23e0768c1c2310f86d to remote] DEBUG org.asynchttpclient.netty.request.NettyRequestSender - Using open Channel [id: 0x34b9b60c, L:/127.0.0.1:52041 - R:localhost/127.0.0.1:43813] for GET '/session/9a9a990f7d3bdc23e0768c1c2310f86d/url'
14:39:57.524 [AsyncHttpClient-1-5] DEBUG org.asynchttpclient.netty.handler.HttpHandler - 

Request DefaultFullHttpRequest(decodeResult: success, version: HTTP/1.1, content: EmptyByteBufBE)
GET /session/9a9a990f7d3bdc23e0768c1c2310f86d/url HTTP/1.1
User-Agent: selenium/4.8.1 (java windows)
Cache-Control: no-cache
Content-Type: application/json; charset=utf-8
host: localhost:43813
accept: */*

Response DefaultHttpResponse(decodeResult: success, version: HTTP/1.1)
HTTP/1.1 200 OK
Content-Length: 38
Content-Type: application/json; charset=utf-8
cache-control: no-cache

14:39:57.524 [AsyncHttpClient-1-5] DEBUG org.asynchttpclient.netty.channel.ChannelManager - Adding key: http://localhost:43813 for channel [id: 0x34b9b60c, L:/127.0.0.1:52041 - R:localhost/127.0.0.1:43813]
14:39:57.542 [Forwarding getPageSource on session 9a9a990f7d3bdc23e0768c1c2310f86d to remote] DEBUG org.asynchttpclient.netty.request.NettyRequestSender - Using pooled Channel '[id: 0x34b9b60c, L:/127.0.0.1:52041 - R:localhost/127.0.0.1:43813]' for 'POST' to 'http://localhost:43813/session/9a9a990f7d3bdc23e0768c1c2310f86d/execute/sync'
14:39:57.543 [Forwarding getPageSource on session 9a9a990f7d3bdc23e0768c1c2310f86d to remote] DEBUG org.asynchttpclient.netty.request.NettyRequestSender - Using open Channel [id: 0x34b9b60c, L:/127.0.0.1:52041 - R:localhost/127.0.0.1:43813] for POST '/session/9a9a990f7d3bdc23e0768c1c2310f86d/execute/sync'
14:39:57.548 [AsyncHttpClient-1-5] DEBUG org.asynchttpclient.netty.handler.HttpHandler - 

Request DefaultHttpRequest(decodeResult: success, version: HTTP/1.1)
POST /session/9a9a990f7d3bdc23e0768c1c2310f86d/execute/sync HTTP/1.1
User-Agent: selenium/4.8.1 (java windows)
Content-Length: 176
Content-Type: application/json; charset=utf-8
host: localhost:43813
accept: */*

Response DefaultHttpResponse(decodeResult: success, version: HTTP/1.1)
HTTP/1.1 200 OK
Content-Length: 4286
Content-Type: application/json; charset=utf-8
cache-control: no-cache

14:39:57.548 [AsyncHttpClient-1-5] DEBUG org.asynchttpclient.netty.channel.ChannelManager - Adding key: http://localhost:43813 for channel [id: 0x34b9b60c, L:/127.0.0.1:52041 - R:localhost/127.0.0.1:43813]
14:39:57.550 [Forwarding getCurrentUrl on session 9a9a990f7d3bdc23e0768c1c2310f86d to remote] DEBUG org.asynchttpclient.netty.request.NettyRequestSender - Using pooled Channel '[id: 0x34b9b60c, L:/127.0.0.1:52041 - R:localhost/127.0.0.1:43813]' for 'GET' to 'http://localhost:43813/session/9a9a990f7d3bdc23e0768c1c2310f86d/url'
14:39:57.550 [Forwarding getCurrentUrl on session 9a9a990f7d3bdc23e0768c1c2310f86d to remote] DEBUG org.asynchttpclient.netty.request.NettyRequestSender - Using open Channel [id: 0x34b9b60c, L:/127.0.0.1:52041 - R:localhost/127.0.0.1:43813] for GET '/session/9a9a990f7d3bdc23e0768c1c2310f86d/url'
14:39:57.555 [AsyncHttpClient-1-5] DEBUG org.asynchttpclient.netty.handler.HttpHandler - 

Request DefaultFullHttpRequest(decodeResult: success, version: HTTP/1.1, content: EmptyByteBufBE)
GET /session/9a9a990f7d3bdc23e0768c1c2310f86d/url HTTP/1.1
User-Agent: selenium/4.8.1 (java windows)
Cache-Control: no-cache
Content-Type: application/json; charset=utf-8
host: localhost:43813
accept: */*

Response DefaultHttpResponse(decodeResult: success, version: HTTP/1.1)
HTTP/1.1 200 OK
Content-Length: 38
Content-Type: application/json; charset=utf-8
cache-control: no-cache

14:39:57.555 [AsyncHttpClient-1-5] DEBUG org.asynchttpclient.netty.channel.ChannelManager - Adding key: http://localhost:43813 for channel [id: 0x34b9b60c, L:/127.0.0.1:52041 - R:localhost/127.0.0.1:43813]
14:39:57.558 [main] DEBUG net.thucydides.core.steps.StepInterceptor - STARTING STEP: LoginSteps.enterValidUsername - inputUsername
14:39:57.561 [Forwarding findElement on session 9a9a990f7d3bdc23e0768c1c2310f86d to remote] DEBUG org.asynchttpclient.netty.request.NettyRequestSender - Using pooled Channel '[id: 0x34b9b60c, L:/127.0.0.1:52041 - R:localhost/127.0.0.1:43813]' for 'POST' to 'http://localhost:43813/session/9a9a990f7d3bdc23e0768c1c2310f86d/element'
14:39:57.561 [Forwarding findElement on session 9a9a990f7d3bdc23e0768c1c2310f86d to remote] DEBUG org.asynchttpclient.netty.request.NettyRequestSender - Using open Channel [id: 0x34b9b60c, L:/127.0.0.1:52041 - R:localhost/127.0.0.1:43813] for POST '/session/9a9a990f7d3bdc23e0768c1c2310f86d/element'
14:39:57.575 [AsyncHttpClient-1-5] DEBUG org.asynchttpclient.netty.handler.HttpHandler - 

Request DefaultHttpRequest(decodeResult: success, version: HTTP/1.1)
POST /session/9a9a990f7d3bdc23e0768c1c2310f86d/element HTTP/1.1
User-Agent: selenium/4.8.1 (java windows)
Content-Length: 56
Content-Type: application/json; charset=utf-8
host: localhost:43813
accept: */*

Response DefaultHttpResponse(decodeResult: success, version: HTTP/1.1)
HTTP/1.1 200 OK
Content-Length: 88
Content-Type: application/json; charset=utf-8
cache-control: no-cache

14:39:57.575 [AsyncHttpClient-1-5] DEBUG org.asynchttpclient.netty.channel.ChannelManager - Adding key: http://localhost:43813 for channel [id: 0x34b9b60c, L:/127.0.0.1:52041 - R:localhost/127.0.0.1:43813]
14:39:57.580 [Forwarding clearElement on session 9a9a990f7d3bdc23e0768c1c2310f86d to remote] DEBUG org.asynchttpclient.netty.request.NettyRequestSender - Using pooled Channel '[id: 0x34b9b60c, L:/127.0.0.1:52041 - R:localhost/127.0.0.1:43813]' for 'POST' to 'http://localhost:43813/session/9a9a990f7d3bdc23e0768c1c2310f86d/element/98f944ef-c97c-4b5a-a923-c4cb13dc83f6/clear'
14:39:57.580 [Forwarding clearElement on session 9a9a990f7d3bdc23e0768c1c2310f86d to remote] DEBUG org.asynchttpclient.netty.request.NettyRequestSender - Using open Channel [id: 0x34b9b60c, L:/127.0.0.1:52041 - R:localhost/127.0.0.1:43813] for POST '/session/9a9a990f7d3bdc23e0768c1c2310f86d/element/98f944ef-c97c-4b5a-a923-c4cb13dc83f6/clear'
14:39:57.651 [AsyncHttpClient-1-5] DEBUG org.asynchttpclient.netty.handler.HttpHandler - 

Request DefaultHttpRequest(decodeResult: success, version: HTTP/1.1)
POST /session/9a9a990f7d3bdc23e0768c1c2310f86d/element/98f944ef-c97c-4b5a-a923-c4cb13dc83f6/clear HTTP/1.1
User-Agent: selenium/4.8.1 (java windows)
Content-Length: 50
Content-Type: application/json; charset=utf-8
host: localhost:43813
accept: */*

Response DefaultHttpResponse(decodeResult: success, version: HTTP/1.1)
HTTP/1.1 200 OK
Content-Length: 14
Content-Type: application/json; charset=utf-8
cache-control: no-cache

14:39:57.652 [AsyncHttpClient-1-5] DEBUG org.asynchttpclient.netty.channel.ChannelManager - Adding key: http://localhost:43813 for channel [id: 0x34b9b60c, L:/127.0.0.1:52041 - R:localhost/127.0.0.1:43813]
14:39:57.655 [Forwarding sendKeysToElement on session 9a9a990f7d3bdc23e0768c1c2310f86d to remote] DEBUG org.asynchttpclient.netty.request.NettyRequestSender - Using pooled Channel '[id: 0x34b9b60c, L:/127.0.0.1:52041 - R:localhost/127.0.0.1:43813]' for 'POST' to 'http://localhost:43813/session/9a9a990f7d3bdc23e0768c1c2310f86d/element/98f944ef-c97c-4b5a-a923-c4cb13dc83f6/value'
14:39:57.655 [Forwarding sendKeysToElement on session 9a9a990f7d3bdc23e0768c1c2310f86d to remote] DEBUG org.asynchttpclient.netty.request.NettyRequestSender - Using open Channel [id: 0x34b9b60c, L:/127.0.0.1:52041 - R:localhost/127.0.0.1:43813] for POST '/session/9a9a990f7d3bdc23e0768c1c2310f86d/element/98f944ef-c97c-4b5a-a923-c4cb13dc83f6/value'
14:39:57.796 [AsyncHttpClient-1-5] DEBUG org.asynchttpclient.netty.handler.HttpHandler - 

Request DefaultHttpRequest(decodeResult: success, version: HTTP/1.1)
POST /session/9a9a990f7d3bdc23e0768c1c2310f86d/element/98f944ef-c97c-4b5a-a923-c4cb13dc83f6/value HTTP/1.1
User-Agent: selenium/4.8.1 (java windows)
Content-Length: 211
Content-Type: application/json; charset=utf-8
host: localhost:43813
accept: */*

Response DefaultHttpResponse(decodeResult: success, version: HTTP/1.1)
HTTP/1.1 200 OK
Content-Length: 14
Content-Type: application/json; charset=utf-8
cache-control: no-cache

14:39:57.796 [AsyncHttpClient-1-5] DEBUG org.asynchttpclient.netty.channel.ChannelManager - Adding key: http://localhost:43813 for channel [id: 0x34b9b60c, L:/127.0.0.1:52041 - R:localhost/127.0.0.1:43813]
14:39:57.808 [Forwarding getAlertText on session 9a9a990f7d3bdc23e0768c1c2310f86d to remote] DEBUG org.asynchttpclient.netty.request.NettyRequestSender - Using pooled Channel '[id: 0x34b9b60c, L:/127.0.0.1:52041 - R:localhost/127.0.0.1:43813]' for 'GET' to 'http://localhost:43813/session/9a9a990f7d3bdc23e0768c1c2310f86d/alert/text'
14:39:57.808 [Forwarding getAlertText on session 9a9a990f7d3bdc23e0768c1c2310f86d to remote] DEBUG org.asynchttpclient.netty.request.NettyRequestSender - Using open Channel [id: 0x34b9b60c, L:/127.0.0.1:52041 - R:localhost/127.0.0.1:43813] for GET '/session/9a9a990f7d3bdc23e0768c1c2310f86d/alert/text'
14:39:57.810 [AsyncHttpClient-1-5] DEBUG org.asynchttpclient.netty.handler.HttpHandler - 

Request DefaultFullHttpRequest(decodeResult: success, version: HTTP/1.1, content: EmptyByteBufBE)
GET /session/9a9a990f7d3bdc23e0768c1c2310f86d/alert/text HTTP/1.1
User-Agent: selenium/4.8.1 (java windows)
Cache-Control: no-cache
Content-Type: application/json; charset=utf-8
host: localhost:43813
accept: */*

Response DefaultHttpResponse(decodeResult: success, version: HTTP/1.1)
HTTP/1.1 404 Not Found
Content-Length: 836
Content-Type: application/json; charset=utf-8
cache-control: no-cache

14:39:57.810 [AsyncHttpClient-1-5] DEBUG org.asynchttpclient.netty.channel.ChannelManager - Adding key: http://localhost:43813 for channel [id: 0x34b9b60c, L:/127.0.0.1:52041 - R:localhost/127.0.0.1:43813]
14:39:57.814 [Forwarding getCurrentUrl on session 9a9a990f7d3bdc23e0768c1c2310f86d to remote] DEBUG org.asynchttpclient.netty.request.NettyRequestSender - Using pooled Channel '[id: 0x34b9b60c, L:/127.0.0.1:52041 - R:localhost/127.0.0.1:43813]' for 'GET' to 'http://localhost:43813/session/9a9a990f7d3bdc23e0768c1c2310f86d/url'
14:39:57.814 [Forwarding getCurrentUrl on session 9a9a990f7d3bdc23e0768c1c2310f86d to remote] DEBUG org.asynchttpclient.netty.request.NettyRequestSender - Using open Channel [id: 0x34b9b60c, L:/127.0.0.1:52041 - R:localhost/127.0.0.1:43813] for GET '/session/9a9a990f7d3bdc23e0768c1c2310f86d/url'
14:39:57.820 [AsyncHttpClient-1-5] DEBUG org.asynchttpclient.netty.handler.HttpHandler - 

Request DefaultFullHttpRequest(decodeResult: success, version: HTTP/1.1, content: EmptyByteBufBE)
GET /session/9a9a990f7d3bdc23e0768c1c2310f86d/url HTTP/1.1
User-Agent: selenium/4.8.1 (java windows)
Cache-Control: no-cache
Content-Type: application/json; charset=utf-8
host: localhost:43813
accept: */*

Response DefaultHttpResponse(decodeResult: success, version: HTTP/1.1)
HTTP/1.1 200 OK
Content-Length: 38
Content-Type: application/json; charset=utf-8
cache-control: no-cache

14:39:57.820 [AsyncHttpClient-1-5] DEBUG org.asynchttpclient.netty.channel.ChannelManager - Adding key: http://localhost:43813 for channel [id: 0x34b9b60c, L:/127.0.0.1:52041 - R:localhost/127.0.0.1:43813]
14:39:57.822 [Forwarding screenshot on session 9a9a990f7d3bdc23e0768c1c2310f86d to remote] DEBUG org.asynchttpclient.netty.request.NettyRequestSender - Using pooled Channel '[id: 0x34b9b60c, L:/127.0.0.1:52041 - R:localhost/127.0.0.1:43813]' for 'GET' to 'http://localhost:43813/session/9a9a990f7d3bdc23e0768c1c2310f86d/screenshot'
14:39:57.822 [Forwarding screenshot on session 9a9a990f7d3bdc23e0768c1c2310f86d to remote] DEBUG org.asynchttpclient.netty.request.NettyRequestSender - Using open Channel [id: 0x34b9b60c, L:/127.0.0.1:52041 - R:localhost/127.0.0.1:43813] for GET '/session/9a9a990f7d3bdc23e0768c1c2310f86d/screenshot'
14:39:57.870 [AsyncHttpClient-1-1] DEBUG org.asynchttpclient.netty.channel.DefaultChannelPool - Entry count for : http://localhost:52042 : 1
14:39:57.915 [AsyncHttpClient-1-5] DEBUG org.asynchttpclient.netty.handler.HttpHandler - 

Request DefaultFullHttpRequest(decodeResult: success, version: HTTP/1.1, content: EmptyByteBufBE)
GET /session/9a9a990f7d3bdc23e0768c1c2310f86d/screenshot HTTP/1.1
User-Agent: selenium/4.8.1 (java windows)
Cache-Control: no-cache
Content-Type: application/json; charset=utf-8
host: localhost:43813
accept: */*

Response DefaultHttpResponse(decodeResult: success, version: HTTP/1.1)
HTTP/1.1 200 OK
Content-Length: 35420
Content-Type: application/json; charset=utf-8
cache-control: no-cache

14:39:57.916 [AsyncHttpClient-1-5] DEBUG org.asynchttpclient.netty.channel.ChannelManager - Adding key: http://localhost:43813 for channel [id: 0x34b9b60c, L:/127.0.0.1:52041 - R:localhost/127.0.0.1:43813]
14:39:57.918 [main] DEBUG net.serenitybdd.core.photography.Darkroom - Send negative for processing for target\site\serenity\6fa7d281aeb5a6b789c1aefb935cf083258364ed791c6e19a593f9a52822aae8.png
14:39:57.925 [main] DEBUG net.thucydides.core.steps.StepInterceptor - STEP DONE: inputUsername
  &amp#27;[32mWhen &amp#27;[0m&amp#27;[32mI enter valid username&amp#27;[0m                     &amp#27;[90m# starter.stepdefinitions.LoginSteps.enterValidUsername()&amp#27;[0m
14:39:57.940 [Forwarding getPageSource on session 9a9a990f7d3bdc23e0768c1c2310f86d to remote] DEBUG org.asynchttpclient.netty.request.NettyRequestSender - Using pooled Channel '[id: 0x34b9b60c, L:/127.0.0.1:52041 - R:localhost/127.0.0.1:43813]' for 'POST' to 'http://localhost:43813/session/9a9a990f7d3bdc23e0768c1c2310f86d/execute/sync'
14:39:57.940 [Forwarding getPageSource on session 9a9a990f7d3bdc23e0768c1c2310f86d to remote] DEBUG org.asynchttpclient.netty.request.NettyRequestSender - Using open Channel [id: 0x34b9b60c, L:/127.0.0.1:52041 - R:localhost/127.0.0.1:43813] for POST '/session/9a9a990f7d3bdc23e0768c1c2310f86d/execute/sync'
14:39:57.946 [AsyncHttpClient-1-5] DEBUG org.asynchttpclient.netty.handler.HttpHandler - 

Request DefaultHttpRequest(decodeResult: success, version: HTTP/1.1)
POST /session/9a9a990f7d3bdc23e0768c1c2310f86d/execute/sync HTTP/1.1
User-Agent: selenium/4.8.1 (java windows)
Content-Length: 176
Content-Type: application/json; charset=utf-8
host: localhost:43813
accept: */*

Response DefaultHttpResponse(decodeResult: success, version: HTTP/1.1)
HTTP/1.1 200 OK
Content-Length: 4299
Content-Type: application/json; charset=utf-8
cache-control: no-cache

14:39:57.946 [AsyncHttpClient-1-5] DEBUG org.asynchttpclient.netty.channel.ChannelManager - Adding key: http://localhost:43813 for channel [id: 0x34b9b60c, L:/127.0.0.1:52041 - R:localhost/127.0.0.1:43813]
14:39:57.948 [Forwarding getCurrentUrl on session 9a9a990f7d3bdc23e0768c1c2310f86d to remote] DEBUG org.asynchttpclient.netty.request.NettyRequestSender - Using pooled Channel '[id: 0x34b9b60c, L:/127.0.0.1:52041 - R:localhost/127.0.0.1:43813]' for 'GET' to 'http://localhost:43813/session/9a9a990f7d3bdc23e0768c1c2310f86d/url'
14:39:57.948 [Forwarding getCurrentUrl on session 9a9a990f7d3bdc23e0768c1c2310f86d to remote] DEBUG org.asynchttpclient.netty.request.NettyRequestSender - Using open Channel [id: 0x34b9b60c, L:/127.0.0.1:52041 - R:localhost/127.0.0.1:43813] for GET '/session/9a9a990f7d3bdc23e0768c1c2310f86d/url'
14:39:57.953 [AsyncHttpClient-1-5] DEBUG org.asynchttpclient.netty.handler.HttpHandler - 

Request DefaultFullHttpRequest(decodeResult: success, version: HTTP/1.1, content: EmptyByteBufBE)
GET /session/9a9a990f7d3bdc23e0768c1c2310f86d/url HTTP/1.1
User-Agent: selenium/4.8.1 (java windows)
Cache-Control: no-cache
Content-Type: application/json; charset=utf-8
host: localhost:43813
accept: */*

Response DefaultHttpResponse(decodeResult: success, version: HTTP/1.1)
HTTP/1.1 200 OK
Content-Length: 38
Content-Type: application/json; charset=utf-8
cache-control: no-cache

14:39:57.953 [AsyncHttpClient-1-5] DEBUG org.asynchttpclient.netty.channel.ChannelManager - Adding key: http://localhost:43813 for channel [id: 0x34b9b60c, L:/127.0.0.1:52041 - R:localhost/127.0.0.1:43813]
14:39:57.970 [Forwarding getPageSource on session 9a9a990f7d3bdc23e0768c1c2310f86d to remote] DEBUG org.asynchttpclient.netty.request.NettyRequestSender - Using pooled Channel '[id: 0x34b9b60c, L:/127.0.0.1:52041 - R:localhost/127.0.0.1:43813]' for 'POST' to 'http://localhost:43813/session/9a9a990f7d3bdc23e0768c1c2310f86d/execute/sync'
14:39:57.970 [Forwarding getPageSource on session 9a9a990f7d3bdc23e0768c1c2310f86d to remote] DEBUG org.asynchttpclient.netty.request.NettyRequestSender - Using open Channel [id: 0x34b9b60c, L:/127.0.0.1:52041 - R:localhost/127.0.0.1:43813] for POST '/session/9a9a990f7d3bdc23e0768c1c2310f86d/execute/sync'
14:39:57.976 [AsyncHttpClient-1-5] DEBUG org.asynchttpclient.netty.handler.HttpHandler - 

Request DefaultHttpRequest(decodeResult: success, version: HTTP/1.1)
POST /session/9a9a990f7d3bdc23e0768c1c2310f86d/execute/sync HTTP/1.1
User-Agent: selenium/4.8.1 (java windows)
Content-Length: 176
Content-Type: application/json; charset=utf-8
host: localhost:43813
accept: */*

Response DefaultHttpResponse(decodeResult: success, version: HTTP/1.1)
HTTP/1.1 200 OK
Content-Length: 4299
Content-Type: application/json; charset=utf-8
cache-control: no-cache

14:39:57.977 [AsyncHttpClient-1-5] DEBUG org.asynchttpclient.netty.channel.ChannelManager - Adding key: http://localhost:43813 for channel [id: 0x34b9b60c, L:/127.0.0.1:52041 - R:localhost/127.0.0.1:43813]
14:39:57.979 [Forwarding getCurrentUrl on session 9a9a990f7d3bdc23e0768c1c2310f86d to remote] DEBUG org.asynchttpclient.netty.request.NettyRequestSender - Using pooled Channel '[id: 0x34b9b60c, L:/127.0.0.1:52041 - R:localhost/127.0.0.1:43813]' for 'GET' to 'http://localhost:43813/session/9a9a990f7d3bdc23e0768c1c2310f86d/url'
14:39:57.982 [Forwarding getCurrentUrl on session 9a9a990f7d3bdc23e0768c1c2310f86d to remote] DEBUG org.asynchttpclient.netty.request.NettyRequestSender - Using open Channel [id: 0x34b9b60c, L:/127.0.0.1:52041 - R:localhost/127.0.0.1:43813] for GET '/session/9a9a990f7d3bdc23e0768c1c2310f86d/url'
14:39:57.989 [AsyncHttpClient-1-5] DEBUG org.asynchttpclient.netty.handler.HttpHandler - 

Request DefaultFullHttpRequest(decodeResult: success, version: HTTP/1.1, content: EmptyByteBufBE)
GET /session/9a9a990f7d3bdc23e0768c1c2310f86d/url HTTP/1.1
User-Agent: selenium/4.8.1 (java windows)
Cache-Control: no-cache
Content-Type: application/json; charset=utf-8
host: localhost:43813
accept: */*

Response DefaultHttpResponse(decodeResult: success, version: HTTP/1.1)
HTTP/1.1 200 OK
Content-Length: 38
Content-Type: application/json; charset=utf-8
cache-control: no-cache

14:39:57.990 [AsyncHttpClient-1-5] DEBUG org.asynchttpclient.netty.channel.ChannelManager - Adding key: http://localhost:43813 for channel [id: 0x34b9b60c, L:/127.0.0.1:52041 - R:localhost/127.0.0.1:43813]
14:39:57.994 [main] DEBUG net.thucydides.core.steps.StepInterceptor - STARTING STEP: LoginSteps.enterValidPassword - inputPassword
14:39:57.998 [Forwarding findElement on session 9a9a990f7d3bdc23e0768c1c2310f86d to remote] DEBUG org.asynchttpclient.netty.request.NettyRequestSender - Using pooled Channel '[id: 0x34b9b60c, L:/127.0.0.1:52041 - R:localhost/127.0.0.1:43813]' for 'POST' to 'http://localhost:43813/session/9a9a990f7d3bdc23e0768c1c2310f86d/element'
14:39:57.998 [Forwarding findElement on session 9a9a990f7d3bdc23e0768c1c2310f86d to remote] DEBUG org.asynchttpclient.netty.request.NettyRequestSender - Using open Channel [id: 0x34b9b60c, L:/127.0.0.1:52041 - R:localhost/127.0.0.1:43813] for POST '/session/9a9a990f7d3bdc23e0768c1c2310f86d/element'
14:39:58.019 [AsyncHttpClient-1-5] DEBUG org.asynchttpclient.netty.handler.HttpHandler - 

Request DefaultHttpRequest(decodeResult: success, version: HTTP/1.1)
POST /session/9a9a990f7d3bdc23e0768c1c2310f86d/element HTTP/1.1
User-Agent: selenium/4.8.1 (java windows)
Content-Length: 53
Content-Type: application/json; charset=utf-8
host: localhost:43813
accept: */*

Response DefaultHttpResponse(decodeResult: success, version: HTTP/1.1)
HTTP/1.1 200 OK
Content-Length: 88
Content-Type: application/json; charset=utf-8
cache-control: no-cache

14:39:58.019 [AsyncHttpClient-1-5] DEBUG org.asynchttpclient.netty.channel.ChannelManager - Adding key: http://localhost:43813 for channel [id: 0x34b9b60c, L:/127.0.0.1:52041 - R:localhost/127.0.0.1:43813]
14:39:58.021 [Forwarding clearElement on session 9a9a990f7d3bdc23e0768c1c2310f86d to remote] DEBUG org.asynchttpclient.netty.request.NettyRequestSender - Using pooled Channel '[id: 0x34b9b60c, L:/127.0.0.1:52041 - R:localhost/127.0.0.1:43813]' for 'POST' to 'http://localhost:43813/session/9a9a990f7d3bdc23e0768c1c2310f86d/element/b0a856e9-5ad6-4962-9a04-0c57b845e1dd/clear'
14:39:58.021 [Forwarding clearElement on session 9a9a990f7d3bdc23e0768c1c2310f86d to remote] DEBUG org.asynchttpclient.netty.request.NettyRequestSender - Using open Channel [id: 0x34b9b60c, L:/127.0.0.1:52041 - R:localhost/127.0.0.1:43813] for POST '/session/9a9a990f7d3bdc23e0768c1c2310f86d/element/b0a856e9-5ad6-4962-9a04-0c57b845e1dd/clear'
14:39:58.069 [AsyncHttpClient-1-5] DEBUG org.asynchttpclient.netty.handler.HttpHandler - 

Request DefaultHttpRequest(decodeResult: success, version: HTTP/1.1)
POST /session/9a9a990f7d3bdc23e0768c1c2310f86d/element/b0a856e9-5ad6-4962-9a04-0c57b845e1dd/clear HTTP/1.1
User-Agent: selenium/4.8.1 (java windows)
Content-Length: 50
Content-Type: application/json; charset=utf-8
host: localhost:43813
accept: */*

Response DefaultHttpResponse(decodeResult: success, version: HTTP/1.1)
HTTP/1.1 200 OK
Content-Length: 14
Content-Type: application/json; charset=utf-8
cache-control: no-cache

14:39:58.069 [AsyncHttpClient-1-5] DEBUG org.asynchttpclient.netty.channel.ChannelManager - Adding key: http://localhost:43813 for channel [id: 0x34b9b60c, L:/127.0.0.1:52041 - R:localhost/127.0.0.1:43813]
14:39:58.072 [Forwarding sendKeysToElement on session 9a9a990f7d3bdc23e0768c1c2310f86d to remote] DEBUG org.asynchttpclient.netty.request.NettyRequestSender - Using pooled Channel '[id: 0x34b9b60c, L:/127.0.0.1:52041 - R:localhost/127.0.0.1:43813]' for 'POST' to 'http://localhost:43813/session/9a9a990f7d3bdc23e0768c1c2310f86d/element/b0a856e9-5ad6-4962-9a04-0c57b845e1dd/value'
14:39:58.072 [Forwarding sendKeysToElement on session 9a9a990f7d3bdc23e0768c1c2310f86d to remote] DEBUG org.asynchttpclient.netty.request.NettyRequestSender - Using open Channel [id: 0x34b9b60c, L:/127.0.0.1:52041 - R:localhost/127.0.0.1:43813] for POST '/session/9a9a990f7d3bdc23e0768c1c2310f86d/element/b0a856e9-5ad6-4962-9a04-0c57b845e1dd/value'
14:39:58.160 [AsyncHttpClient-1-5] DEBUG org.asynchttpclient.netty.handler.HttpHandler - 

Request DefaultHttpRequest(decodeResult: success, version: HTTP/1.1)
POST /session/9a9a990f7d3bdc23e0768c1c2310f86d/element/b0a856e9-5ad6-4962-9a04-0c57b845e1dd/value HTTP/1.1
User-Agent: selenium/4.8.1 (java windows)
Content-Length: 201
Content-Type: application/json; charset=utf-8
host: localhost:43813
accept: */*

Response DefaultHttpResponse(decodeResult: success, version: HTTP/1.1)
HTTP/1.1 200 OK
Content-Length: 14
Content-Type: application/json; charset=utf-8
cache-control: no-cache

14:39:58.161 [AsyncHttpClient-1-5] DEBUG org.asynchttpclient.netty.channel.ChannelManager - Adding key: http://localhost:43813 for channel [id: 0x34b9b60c, L:/127.0.0.1:52041 - R:localhost/127.0.0.1:43813]
14:39:58.169 [Forwarding getAlertText on session 9a9a990f7d3bdc23e0768c1c2310f86d to remote] DEBUG org.asynchttpclient.netty.request.NettyRequestSender - Using pooled Channel '[id: 0x34b9b60c, L:/127.0.0.1:52041 - R:localhost/127.0.0.1:43813]' for 'GET' to 'http://localhost:43813/session/9a9a990f7d3bdc23e0768c1c2310f86d/alert/text'
14:39:58.169 [Forwarding getAlertText on session 9a9a990f7d3bdc23e0768c1c2310f86d to remote] DEBUG org.asynchttpclient.netty.request.NettyRequestSender - Using open Channel [id: 0x34b9b60c, L:/127.0.0.1:52041 - R:localhost/127.0.0.1:43813] for GET '/session/9a9a990f7d3bdc23e0768c1c2310f86d/alert/text'
14:39:58.171 [AsyncHttpClient-1-5] DEBUG org.asynchttpclient.netty.handler.HttpHandler - 

Request DefaultFullHttpRequest(decodeResult: success, version: HTTP/1.1, content: EmptyByteBufBE)
GET /session/9a9a990f7d3bdc23e0768c1c2310f86d/alert/text HTTP/1.1
User-Agent: selenium/4.8.1 (java windows)
Cache-Control: no-cache
Content-Type: application/json; charset=utf-8
host: localhost:43813
accept: */*

Response DefaultHttpResponse(decodeResult: success, version: HTTP/1.1)
HTTP/1.1 404 Not Found
Content-Length: 836
Content-Type: application/json; charset=utf-8
cache-control: no-cache

14:39:58.171 [AsyncHttpClient-1-5] DEBUG org.asynchttpclient.netty.channel.ChannelManager - Adding key: http://localhost:43813 for channel [id: 0x34b9b60c, L:/127.0.0.1:52041 - R:localhost/127.0.0.1:43813]
14:39:58.173 [Forwarding getCurrentUrl on session 9a9a990f7d3bdc23e0768c1c2310f86d to remote] DEBUG org.asynchttpclient.netty.request.NettyRequestSender - Using pooled Channel '[id: 0x34b9b60c, L:/127.0.0.1:52041 - R:localhost/127.0.0.1:43813]' for 'GET' to 'http://localhost:43813/session/9a9a990f7d3bdc23e0768c1c2310f86d/url'
14:39:58.173 [Forwarding getCurrentUrl on session 9a9a990f7d3bdc23e0768c1c2310f86d to remote] DEBUG org.asynchttpclient.netty.request.NettyRequestSender - Using open Channel [id: 0x34b9b60c, L:/127.0.0.1:52041 - R:localhost/127.0.0.1:43813] for GET '/session/9a9a990f7d3bdc23e0768c1c2310f86d/url'
14:39:58.178 [AsyncHttpClient-1-5] DEBUG org.asynchttpclient.netty.handler.HttpHandler - 

Request DefaultFullHttpRequest(decodeResult: success, version: HTTP/1.1, content: EmptyByteBufBE)
GET /session/9a9a990f7d3bdc23e0768c1c2310f86d/url HTTP/1.1
User-Agent: selenium/4.8.1 (java windows)
Cache-Control: no-cache
Content-Type: application/json; charset=utf-8
host: localhost:43813
accept: */*

Response DefaultHttpResponse(decodeResult: success, version: HTTP/1.1)
HTTP/1.1 200 OK
Content-Length: 38
Content-Type: application/json; charset=utf-8
cache-control: no-cache

14:39:58.178 [AsyncHttpClient-1-5] DEBUG org.asynchttpclient.netty.channel.ChannelManager - Adding key: http://localhost:43813 for channel [id: 0x34b9b60c, L:/127.0.0.1:52041 - R:localhost/127.0.0.1:43813]
14:39:58.180 [Forwarding screenshot on session 9a9a990f7d3bdc23e0768c1c2310f86d to remote] DEBUG org.asynchttpclient.netty.request.NettyRequestSender - Using pooled Channel '[id: 0x34b9b60c, L:/127.0.0.1:52041 - R:localhost/127.0.0.1:43813]' for 'GET' to 'http://localhost:43813/session/9a9a990f7d3bdc23e0768c1c2310f86d/screenshot'
14:39:58.180 [Forwarding screenshot on session 9a9a990f7d3bdc23e0768c1c2310f86d to remote] DEBUG org.asynchttpclient.netty.request.NettyRequestSender - Using open Channel [id: 0x34b9b60c, L:/127.0.0.1:52041 - R:localhost/127.0.0.1:43813] for GET '/session/9a9a990f7d3bdc23e0768c1c2310f86d/screenshot'
14:39:58.278 [AsyncHttpClient-1-5] DEBUG org.asynchttpclient.netty.handler.HttpHandler - 

Request DefaultFullHttpRequest(decodeResult: success, version: HTTP/1.1, content: EmptyByteBufBE)
GET /session/9a9a990f7d3bdc23e0768c1c2310f86d/screenshot HTTP/1.1
User-Agent: selenium/4.8.1 (java windows)
Cache-Control: no-cache
Content-Type: application/json; charset=utf-8
host: localhost:43813
accept: */*

Response DefaultHttpResponse(decodeResult: success, version: HTTP/1.1)
HTTP/1.1 200 OK
Content-Length: 34084
Content-Type: application/json; charset=utf-8
cache-control: no-cache

14:39:58.278 [AsyncHttpClient-1-5] DEBUG org.asynchttpclient.netty.channel.ChannelManager - Adding key: http://localhost:43813 for channel [id: 0x34b9b60c, L:/127.0.0.1:52041 - R:localhost/127.0.0.1:43813]
14:39:58.280 [main] DEBUG net.serenitybdd.core.photography.Darkroom - Send negative for processing for target\site\serenity\35ce55fb9f0ba7f7f8b90877dd8fc5b3774fbc5c8bef89b85a50378e4325e338.png
14:39:58.281 [main] DEBUG net.thucydides.core.steps.StepInterceptor - STEP DONE: inputPassword
  &amp#27;[32mAnd &amp#27;[0m&amp#27;[32mI enter valid password&amp#27;[0m                      &amp#27;[90m# starter.stepdefinitions.LoginSteps.enterValidPassword()&amp#27;[0m
14:39:58.296 [Forwarding getPageSource on session 9a9a990f7d3bdc23e0768c1c2310f86d to remote] DEBUG org.asynchttpclient.netty.request.NettyRequestSender - Using pooled Channel '[id: 0x34b9b60c, L:/127.0.0.1:52041 - R:localhost/127.0.0.1:43813]' for 'POST' to 'http://localhost:43813/session/9a9a990f7d3bdc23e0768c1c2310f86d/execute/sync'
14:39:58.296 [Forwarding getPageSource on session 9a9a990f7d3bdc23e0768c1c2310f86d to remote] DEBUG org.asynchttpclient.netty.request.NettyRequestSender - Using open Channel [id: 0x34b9b60c, L:/127.0.0.1:52041 - R:localhost/127.0.0.1:43813] for POST '/session/9a9a990f7d3bdc23e0768c1c2310f86d/execute/sync'
14:39:58.301 [AsyncHttpClient-1-5] DEBUG org.asynchttpclient.netty.handler.HttpHandler - 

Request DefaultHttpRequest(decodeResult: success, version: HTTP/1.1)
POST /session/9a9a990f7d3bdc23e0768c1c2310f86d/execute/sync HTTP/1.1
User-Agent: selenium/4.8.1 (java windows)
Content-Length: 176
Content-Type: application/json; charset=utf-8
host: localhost:43813
accept: */*

Response DefaultHttpResponse(decodeResult: success, version: HTTP/1.1)
HTTP/1.1 200 OK
Content-Length: 4311
Content-Type: application/json; charset=utf-8
cache-control: no-cache

14:39:58.301 [AsyncHttpClient-1-5] DEBUG org.asynchttpclient.netty.channel.ChannelManager - Adding key: http://localhost:43813 for channel [id: 0x34b9b60c, L:/127.0.0.1:52041 - R:localhost/127.0.0.1:43813]
14:39:58.304 [Forwarding getCurrentUrl on session 9a9a990f7d3bdc23e0768c1c2310f86d to remote] DEBUG org.asynchttpclient.netty.request.NettyRequestSender - Using pooled Channel '[id: 0x34b9b60c, L:/127.0.0.1:52041 - R:localhost/127.0.0.1:43813]' for 'GET' to 'http://localhost:43813/session/9a9a990f7d3bdc23e0768c1c2310f86d/url'
14:39:58.304 [Forwarding getCurrentUrl on session 9a9a990f7d3bdc23e0768c1c2310f86d to remote] DEBUG org.asynchttpclient.netty.request.NettyRequestSender - Using open Channel [id: 0x34b9b60c, L:/127.0.0.1:52041 - R:localhost/127.0.0.1:43813] for GET '/session/9a9a990f7d3bdc23e0768c1c2310f86d/url'
14:39:58.308 [AsyncHttpClient-1-5] DEBUG org.asynchttpclient.netty.handler.HttpHandler - 

Request DefaultFullHttpRequest(decodeResult: success, version: HTTP/1.1, content: EmptyByteBufBE)
GET /session/9a9a990f7d3bdc23e0768c1c2310f86d/url HTTP/1.1
User-Agent: selenium/4.8.1 (java windows)
Cache-Control: no-cache
Content-Type: application/json; charset=utf-8
host: localhost:43813
accept: */*

Response DefaultHttpResponse(decodeResult: success, version: HTTP/1.1)
HTTP/1.1 200 OK
Content-Length: 38
Content-Type: application/json; charset=utf-8
cache-control: no-cache

14:39:58.308 [AsyncHttpClient-1-5] DEBUG org.asynchttpclient.netty.channel.ChannelManager - Adding key: http://localhost:43813 for channel [id: 0x34b9b60c, L:/127.0.0.1:52041 - R:localhost/127.0.0.1:43813]
14:39:58.320 [Forwarding getPageSource on session 9a9a990f7d3bdc23e0768c1c2310f86d to remote] DEBUG org.asynchttpclient.netty.request.NettyRequestSender - Using pooled Channel '[id: 0x34b9b60c, L:/127.0.0.1:52041 - R:localhost/127.0.0.1:43813]' for 'POST' to 'http://localhost:43813/session/9a9a990f7d3bdc23e0768c1c2310f86d/execute/sync'
14:39:58.320 [Forwarding getPageSource on session 9a9a990f7d3bdc23e0768c1c2310f86d to remote] DEBUG org.asynchttpclient.netty.request.NettyRequestSender - Using open Channel [id: 0x34b9b60c, L:/127.0.0.1:52041 - R:localhost/127.0.0.1:43813] for POST '/session/9a9a990f7d3bdc23e0768c1c2310f86d/execute/sync'
14:39:58.325 [AsyncHttpClient-1-5] DEBUG org.asynchttpclient.netty.handler.HttpHandler - 

Request DefaultHttpRequest(decodeResult: success, version: HTTP/1.1)
POST /session/9a9a990f7d3bdc23e0768c1c2310f86d/execute/sync HTTP/1.1
User-Agent: selenium/4.8.1 (java windows)
Content-Length: 176
Content-Type: application/json; charset=utf-8
host: localhost:43813
accept: */*

Response DefaultHttpResponse(decodeResult: success, version: HTTP/1.1)
HTTP/1.1 200 OK
Content-Length: 4311
Content-Type: application/json; charset=utf-8
cache-control: no-cache

14:39:58.325 [AsyncHttpClient-1-5] DEBUG org.asynchttpclient.netty.channel.ChannelManager - Adding key: http://localhost:43813 for channel [id: 0x34b9b60c, L:/127.0.0.1:52041 - R:localhost/127.0.0.1:43813]
14:39:58.327 [Forwarding getCurrentUrl on session 9a9a990f7d3bdc23e0768c1c2310f86d to remote] DEBUG org.asynchttpclient.netty.request.NettyRequestSender - Using pooled Channel '[id: 0x34b9b60c, L:/127.0.0.1:52041 - R:localhost/127.0.0.1:43813]' for 'GET' to 'http://localhost:43813/session/9a9a990f7d3bdc23e0768c1c2310f86d/url'
14:39:58.327 [Forwarding getCurrentUrl on session 9a9a990f7d3bdc23e0768c1c2310f86d to remote] DEBUG org.asynchttpclient.netty.request.NettyRequestSender - Using open Channel [id: 0x34b9b60c, L:/127.0.0.1:52041 - R:localhost/127.0.0.1:43813] for GET '/session/9a9a990f7d3bdc23e0768c1c2310f86d/url'
14:39:58.331 [AsyncHttpClient-1-5] DEBUG org.asynchttpclient.netty.handler.HttpHandler - 

Request DefaultFullHttpRequest(decodeResult: success, version: HTTP/1.1, content: EmptyByteBufBE)
GET /session/9a9a990f7d3bdc23e0768c1c2310f86d/url HTTP/1.1
User-Agent: selenium/4.8.1 (java windows)
Cache-Control: no-cache
Content-Type: application/json; charset=utf-8
host: localhost:43813
accept: */*

Response DefaultHttpResponse(decodeResult: success, version: HTTP/1.1)
HTTP/1.1 200 OK
Content-Length: 38
Content-Type: application/json; charset=utf-8
cache-control: no-cache

14:39:58.332 [AsyncHttpClient-1-5] DEBUG org.asynchttpclient.netty.channel.ChannelManager - Adding key: http://localhost:43813 for channel [id: 0x34b9b60c, L:/127.0.0.1:52041 - R:localhost/127.0.0.1:43813]
14:39:58.337 [main] DEBUG net.thucydides.core.steps.StepInterceptor - STARTING STEP: LoginSteps.clickLoginButton - ClickLoginButton
14:39:58.342 [Forwarding findElement on session 9a9a990f7d3bdc23e0768c1c2310f86d to remote] DEBUG org.asynchttpclient.netty.request.NettyRequestSender - Using pooled Channel '[id: 0x34b9b60c, L:/127.0.0.1:52041 - R:localhost/127.0.0.1:43813]' for 'POST' to 'http://localhost:43813/session/9a9a990f7d3bdc23e0768c1c2310f86d/element'
14:39:58.342 [Forwarding findElement on session 9a9a990f7d3bdc23e0768c1c2310f86d to remote] DEBUG org.asynchttpclient.netty.request.NettyRequestSender - Using open Channel [id: 0x34b9b60c, L:/127.0.0.1:52041 - R:localhost/127.0.0.1:43813] for POST '/session/9a9a990f7d3bdc23e0768c1c2310f86d/element'
14:39:58.351 [AsyncHttpClient-1-5] DEBUG org.asynchttpclient.netty.handler.HttpHandler - 

Request DefaultHttpRequest(decodeResult: success, version: HTTP/1.1)
POST /session/9a9a990f7d3bdc23e0768c1c2310f86d/element HTTP/1.1
User-Agent: selenium/4.8.1 (java windows)
Content-Length: 59
Content-Type: application/json; charset=utf-8
host: localhost:43813
accept: */*

Response DefaultHttpResponse(decodeResult: success, version: HTTP/1.1)
HTTP/1.1 200 OK
Content-Length: 88
Content-Type: application/json; charset=utf-8
cache-control: no-cache

14:39:58.351 [AsyncHttpClient-1-5] DEBUG org.asynchttpclient.netty.channel.ChannelManager - Adding key: http://localhost:43813 for channel [id: 0x34b9b60c, L:/127.0.0.1:52041 - R:localhost/127.0.0.1:43813]
14:39:58.352 [Forwarding getElementTagName on session 9a9a990f7d3bdc23e0768c1c2310f86d to remote] DEBUG org.asynchttpclient.netty.request.NettyRequestSender - Using pooled Channel '[id: 0x34b9b60c, L:/127.0.0.1:52041 - R:localhost/127.0.0.1:43813]' for 'GET' to 'http://localhost:43813/session/9a9a990f7d3bdc23e0768c1c2310f86d/element/f824591d-694e-464c-9f56-57fc255c779b/name'
14:39:58.353 [Forwarding getElementTagName on session 9a9a990f7d3bdc23e0768c1c2310f86d to remote] DEBUG org.asynchttpclient.netty.request.NettyRequestSender - Using open Channel [id: 0x34b9b60c, L:/127.0.0.1:52041 - R:localhost/127.0.0.1:43813] for GET '/session/9a9a990f7d3bdc23e0768c1c2310f86d/element/f824591d-694e-464c-9f56-57fc255c779b/name'
14:39:58.358 [AsyncHttpClient-1-5] DEBUG org.asynchttpclient.netty.handler.HttpHandler - 

Request DefaultFullHttpRequest(decodeResult: success, version: HTTP/1.1, content: EmptyByteBufBE)
GET /session/9a9a990f7d3bdc23e0768c1c2310f86d/element/f824591d-694e-464c-9f56-57fc255c779b/name HTTP/1.1
User-Agent: selenium/4.8.1 (java windows)
Cache-Control: no-cache
Content-Type: application/json; charset=utf-8
host: localhost:43813
accept: */*

Response DefaultHttpResponse(decodeResult: success, version: HTTP/1.1)
HTTP/1.1 200 OK
Content-Length: 17
Content-Type: application/json; charset=utf-8
cache-control: no-cache

14:39:58.358 [AsyncHttpClient-1-5] DEBUG org.asynchttpclient.netty.channel.ChannelManager - Adding key: http://localhost:43813 for channel [id: 0x34b9b60c, L:/127.0.0.1:52041 - R:localhost/127.0.0.1:43813]
14:39:58.361 [Forwarding getElementTagName on session 9a9a990f7d3bdc23e0768c1c2310f86d to remote] DEBUG org.asynchttpclient.netty.request.NettyRequestSender - Using pooled Channel '[id: 0x34b9b60c, L:/127.0.0.1:52041 - R:localhost/127.0.0.1:43813]' for 'GET' to 'http://localhost:43813/session/9a9a990f7d3bdc23e0768c1c2310f86d/element/f824591d-694e-464c-9f56-57fc255c779b/name'
14:39:58.361 [Forwarding getElementTagName on session 9a9a990f7d3bdc23e0768c1c2310f86d to remote] DEBUG org.asynchttpclient.netty.request.NettyRequestSender - Using open Channel [id: 0x34b9b60c, L:/127.0.0.1:52041 - R:localhost/127.0.0.1:43813] for GET '/session/9a9a990f7d3bdc23e0768c1c2310f86d/element/f824591d-694e-464c-9f56-57fc255c779b/name'
14:39:58.366 [AsyncHttpClient-1-5] DEBUG org.asynchttpclient.netty.handler.HttpHandler - 

Request DefaultFullHttpRequest(decodeResult: success, version: HTTP/1.1, content: EmptyByteBufBE)
GET /session/9a9a990f7d3bdc23e0768c1c2310f86d/element/f824591d-694e-464c-9f56-57fc255c779b/name HTTP/1.1
User-Agent: selenium/4.8.1 (java windows)
Cache-Control: no-cache
Content-Type: application/json; charset=utf-8
host: localhost:43813
accept: */*

Response DefaultHttpResponse(decodeResult: success, version: HTTP/1.1)
HTTP/1.1 200 OK
Content-Length: 17
Content-Type: application/json; charset=utf-8
cache-control: no-cache

14:39:58.366 [AsyncHttpClient-1-5] DEBUG org.asynchttpclient.netty.channel.ChannelManager - Adding key: http://localhost:43813 for channel [id: 0x34b9b60c, L:/127.0.0.1:52041 - R:localhost/127.0.0.1:43813]
14:39:58.369 [Forwarding isElementEnabled on session 9a9a990f7d3bdc23e0768c1c2310f86d to remote] DEBUG org.asynchttpclient.netty.request.NettyRequestSender - Using pooled Channel '[id: 0x34b9b60c, L:/127.0.0.1:52041 - R:localhost/127.0.0.1:43813]' for 'GET' to 'http://localhost:43813/session/9a9a990f7d3bdc23e0768c1c2310f86d/element/f824591d-694e-464c-9f56-57fc255c779b/enabled'
14:39:58.369 [Forwarding isElementEnabled on session 9a9a990f7d3bdc23e0768c1c2310f86d to remote] DEBUG org.asynchttpclient.netty.request.NettyRequestSender - Using open Channel [id: 0x34b9b60c, L:/127.0.0.1:52041 - R:localhost/127.0.0.1:43813] for GET '/session/9a9a990f7d3bdc23e0768c1c2310f86d/element/f824591d-694e-464c-9f56-57fc255c779b/enabled'
14:39:58.382 [AsyncHttpClient-1-5] DEBUG org.asynchttpclient.netty.handler.HttpHandler - 

Request DefaultFullHttpRequest(decodeResult: success, version: HTTP/1.1, content: EmptyByteBufBE)
GET /session/9a9a990f7d3bdc23e0768c1c2310f86d/element/f824591d-694e-464c-9f56-57fc255c779b/enabled HTTP/1.1
User-Agent: selenium/4.8.1 (java windows)
Cache-Control: no-cache
Content-Type: application/json; charset=utf-8
host: localhost:43813
accept: */*

Response DefaultHttpResponse(decodeResult: success, version: HTTP/1.1)
HTTP/1.1 200 OK
Content-Length: 14
Content-Type: application/json; charset=utf-8
cache-control: no-cache

14:39:58.382 [AsyncHttpClient-1-5] DEBUG org.asynchttpclient.netty.channel.ChannelManager - Adding key: http://localhost:43813 for channel [id: 0x34b9b60c, L:/127.0.0.1:52041 - R:localhost/127.0.0.1:43813]
14:39:58.384 [Forwarding isElementEnabled on session 9a9a990f7d3bdc23e0768c1c2310f86d to remote] DEBUG org.asynchttpclient.netty.request.NettyRequestSender - Using pooled Channel '[id: 0x34b9b60c, L:/127.0.0.1:52041 - R:localhost/127.0.0.1:43813]' for 'GET' to 'http://localhost:43813/session/9a9a990f7d3bdc23e0768c1c2310f86d/element/f824591d-694e-464c-9f56-57fc255c779b/enabled'
14:39:58.384 [Forwarding isElementEnabled on session 9a9a990f7d3bdc23e0768c1c2310f86d to remote] DEBUG org.asynchttpclient.netty.request.NettyRequestSender - Using open Channel [id: 0x34b9b60c, L:/127.0.0.1:52041 - R:localhost/127.0.0.1:43813] for GET '/session/9a9a990f7d3bdc23e0768c1c2310f86d/element/f824591d-694e-464c-9f56-57fc255c779b/enabled'
14:39:58.391 [AsyncHttpClient-1-5] DEBUG org.asynchttpclient.netty.handler.HttpHandler - 

Request DefaultFullHttpRequest(decodeResult: success, version: HTTP/1.1, content: EmptyByteBufBE)
GET /session/9a9a990f7d3bdc23e0768c1c2310f86d/element/f824591d-694e-464c-9f56-57fc255c779b/enabled HTTP/1.1
User-Agent: selenium/4.8.1 (java windows)
Cache-Control: no-cache
Content-Type: application/json; charset=utf-8
host: localhost:43813
accept: */*

Response DefaultHttpResponse(decodeResult: success, version: HTTP/1.1)
HTTP/1.1 200 OK
Content-Length: 14
Content-Type: application/json; charset=utf-8
cache-control: no-cache

14:39:58.391 [AsyncHttpClient-1-5] DEBUG org.asynchttpclient.netty.channel.ChannelManager - Adding key: http://localhost:43813 for channel [id: 0x34b9b60c, L:/127.0.0.1:52041 - R:localhost/127.0.0.1:43813]
14:39:58.394 [Forwarding findElement on session 9a9a990f7d3bdc23e0768c1c2310f86d to remote] DEBUG org.asynchttpclient.netty.request.NettyRequestSender - Using pooled Channel '[id: 0x34b9b60c, L:/127.0.0.1:52041 - R:localhost/127.0.0.1:43813]' for 'POST' to 'http://localhost:43813/session/9a9a990f7d3bdc23e0768c1c2310f86d/element'
14:39:58.394 [Forwarding findElement on session 9a9a990f7d3bdc23e0768c1c2310f86d to remote] DEBUG org.asynchttpclient.netty.request.NettyRequestSender - Using open Channel [id: 0x34b9b60c, L:/127.0.0.1:52041 - R:localhost/127.0.0.1:43813] for POST '/session/9a9a990f7d3bdc23e0768c1c2310f86d/element'
14:39:58.402 [AsyncHttpClient-1-5] DEBUG org.asynchttpclient.netty.handler.HttpHandler - 

Request DefaultHttpRequest(decodeResult: success, version: HTTP/1.1)
POST /session/9a9a990f7d3bdc23e0768c1c2310f86d/element HTTP/1.1
User-Agent: selenium/4.8.1 (java windows)
Content-Length: 59
Content-Type: application/json; charset=utf-8
host: localhost:43813
accept: */*

Response DefaultHttpResponse(decodeResult: success, version: HTTP/1.1)
HTTP/1.1 200 OK
Content-Length: 88
Content-Type: application/json; charset=utf-8
cache-control: no-cache

14:39:58.402 [AsyncHttpClient-1-5] DEBUG org.asynchttpclient.netty.channel.ChannelManager - Adding key: http://localhost:43813 for channel [id: 0x34b9b60c, L:/127.0.0.1:52041 - R:localhost/127.0.0.1:43813]
14:39:58.405 [Forwarding clickElement on session 9a9a990f7d3bdc23e0768c1c2310f86d to remote] DEBUG org.asynchttpclient.netty.request.NettyRequestSender - Using pooled Channel '[id: 0x34b9b60c, L:/127.0.0.1:52041 - R:localhost/127.0.0.1:43813]' for 'POST' to 'http://localhost:43813/session/9a9a990f7d3bdc23e0768c1c2310f86d/element/f824591d-694e-464c-9f56-57fc255c779b/click'
14:39:58.405 [Forwarding clickElement on session 9a9a990f7d3bdc23e0768c1c2310f86d to remote] DEBUG org.asynchttpclient.netty.request.NettyRequestSender - Using open Channel [id: 0x34b9b60c, L:/127.0.0.1:52041 - R:localhost/127.0.0.1:43813] for POST '/session/9a9a990f7d3bdc23e0768c1c2310f86d/element/f824591d-694e-464c-9f56-57fc255c779b/click'
14:39:58.578 [AsyncHttpClient-1-5] DEBUG org.asynchttpclient.netty.handler.HttpHandler - 

Request DefaultHttpRequest(decodeResult: success, version: HTTP/1.1)
POST /session/9a9a990f7d3bdc23e0768c1c2310f86d/element/f824591d-694e-464c-9f56-57fc255c779b/click HTTP/1.1
User-Agent: selenium/4.8.1 (java windows)
Content-Length: 50
Content-Type: application/json; charset=utf-8
host: localhost:43813
accept: */*

Response DefaultHttpResponse(decodeResult: success, version: HTTP/1.1)
HTTP/1.1 200 OK
Content-Length: 14
Content-Type: application/json; charset=utf-8
cache-control: no-cache

14:39:58.579 [AsyncHttpClient-1-5] DEBUG org.asynchttpclient.netty.channel.ChannelManager - Adding key: http://localhost:43813 for channel [id: 0x34b9b60c, L:/127.0.0.1:52041 - R:localhost/127.0.0.1:43813]
14:39:58.592 [Forwarding getAlertText on session 9a9a990f7d3bdc23e0768c1c2310f86d to remote] DEBUG org.asynchttpclient.netty.request.NettyRequestSender - Using pooled Channel '[id: 0x34b9b60c, L:/127.0.0.1:52041 - R:localhost/127.0.0.1:43813]' for 'GET' to 'http://localhost:43813/session/9a9a990f7d3bdc23e0768c1c2310f86d/alert/text'
14:39:58.592 [Forwarding getAlertText on session 9a9a990f7d3bdc23e0768c1c2310f86d to remote] DEBUG org.asynchttpclient.netty.request.NettyRequestSender - Using open Channel [id: 0x34b9b60c, L:/127.0.0.1:52041 - R:localhost/127.0.0.1:43813] for GET '/session/9a9a990f7d3bdc23e0768c1c2310f86d/alert/text'
14:39:58.596 [AsyncHttpClient-1-5] DEBUG org.asynchttpclient.netty.handler.HttpHandler - 

Request DefaultFullHttpRequest(decodeResult: success, version: HTTP/1.1, content: EmptyByteBufBE)
GET /session/9a9a990f7d3bdc23e0768c1c2310f86d/alert/text HTTP/1.1
User-Agent: selenium/4.8.1 (java windows)
Cache-Control: no-cache
Content-Type: application/json; charset=utf-8
host: localhost:43813
accept: */*

Response DefaultHttpResponse(decodeResult: success, version: HTTP/1.1)
HTTP/1.1 404 Not Found
Content-Length: 836
Content-Type: application/json; charset=utf-8
cache-control: no-cache

14:39:58.597 [AsyncHttpClient-1-5] DEBUG org.asynchttpclient.netty.channel.ChannelManager - Adding key: http://localhost:43813 for channel [id: 0x34b9b60c, L:/127.0.0.1:52041 - R:localhost/127.0.0.1:43813]
14:39:58.599 [Forwarding getCurrentUrl on session 9a9a990f7d3bdc23e0768c1c2310f86d to remote] DEBUG org.asynchttpclient.netty.request.NettyRequestSender - Using pooled Channel '[id: 0x34b9b60c, L:/127.0.0.1:52041 - R:localhost/127.0.0.1:43813]' for 'GET' to 'http://localhost:43813/session/9a9a990f7d3bdc23e0768c1c2310f86d/url'
14:39:58.599 [Forwarding getCurrentUrl on session 9a9a990f7d3bdc23e0768c1c2310f86d to remote] DEBUG org.asynchttpclient.netty.request.NettyRequestSender - Using open Channel [id: 0x34b9b60c, L:/127.0.0.1:52041 - R:localhost/127.0.0.1:43813] for GET '/session/9a9a990f7d3bdc23e0768c1c2310f86d/url'
14:39:58.605 [AsyncHttpClient-1-5] DEBUG org.asynchttpclient.netty.handler.HttpHandler - 

Request DefaultFullHttpRequest(decodeResult: success, version: HTTP/1.1, content: EmptyByteBufBE)
GET /session/9a9a990f7d3bdc23e0768c1c2310f86d/url HTTP/1.1
User-Agent: selenium/4.8.1 (java windows)
Cache-Control: no-cache
Content-Type: application/json; charset=utf-8
host: localhost:43813
accept: */*

Response DefaultHttpResponse(decodeResult: success, version: HTTP/1.1)
HTTP/1.1 200 OK
Content-Length: 52
Content-Type: application/json; charset=utf-8
cache-control: no-cache

14:39:58.605 [AsyncHttpClient-1-5] DEBUG org.asynchttpclient.netty.channel.ChannelManager - Adding key: http://localhost:43813 for channel [id: 0x34b9b60c, L:/127.0.0.1:52041 - R:localhost/127.0.0.1:43813]
14:39:58.608 [Forwarding screenshot on session 9a9a990f7d3bdc23e0768c1c2310f86d to remote] DEBUG org.asynchttpclient.netty.request.NettyRequestSender - Using pooled Channel '[id: 0x34b9b60c, L:/127.0.0.1:52041 - R:localhost/127.0.0.1:43813]' for 'GET' to 'http://localhost:43813/session/9a9a990f7d3bdc23e0768c1c2310f86d/screenshot'
14:39:58.608 [Forwarding screenshot on session 9a9a990f7d3bdc23e0768c1c2310f86d to remote] DEBUG org.asynchttpclient.netty.request.NettyRequestSender - Using open Channel [id: 0x34b9b60c, L:/127.0.0.1:52041 - R:localhost/127.0.0.1:43813] for GET '/session/9a9a990f7d3bdc23e0768c1c2310f86d/screenshot'
14:39:58.774 [AsyncHttpClient-1-5] DEBUG org.asynchttpclient.netty.handler.HttpHandler - 

Request DefaultFullHttpRequest(decodeResult: success, version: HTTP/1.1, content: EmptyByteBufBE)
GET /session/9a9a990f7d3bdc23e0768c1c2310f86d/screenshot HTTP/1.1
User-Agent: selenium/4.8.1 (java windows)
Cache-Control: no-cache
Content-Type: application/json; charset=utf-8
host: localhost:43813
accept: */*

Response DefaultHttpResponse(decodeResult: success, version: HTTP/1.1)
HTTP/1.1 200 OK
Content-Length: 52092
Content-Type: application/json; charset=utf-8
cache-control: no-cache

14:39:58.775 [AsyncHttpClient-1-5] DEBUG org.asynchttpclient.netty.channel.ChannelManager - Adding key: http://localhost:43813 for channel [id: 0x34b9b60c, L:/127.0.0.1:52041 - R:localhost/127.0.0.1:43813]
14:39:58.779 [main] DEBUG net.serenitybdd.core.photography.Darkroom - Send negative for processing for target\site\serenity\d3635e8c9d3926e38c091465cc708ae24be0b2eb2a01d7bb62e0273b686e61ff.png
14:39:58.779 [main] DEBUG net.thucydides.core.steps.StepInterceptor - STEP DONE: ClickLoginButton
14:39:58.779 [Darkroom Processing Line] DEBUG net.serenitybdd.core.photography.DarkroomProcessingLine - Processing screenshot image in /var/screenshots/screenshot-7172376937039505715
14:39:58.779 [Darkroom Processing Line] DEBUG net.serenitybdd.core.photography.DarkroomProcessingLine - Saving screenshot to target\site\serenity\d3635e8c9d3926e38c091465cc708ae24be0b2eb2a01d7bb62e0273b686e61ff.png
  &amp#27;[32mAnd &amp#27;[0m&amp#27;[32mI click login button&amp#27;[0m                        &amp#27;[90m# starter.stepdefinitions.LoginSteps.clickLoginButton()&amp#27;[0m
14:39:58.797 [Forwarding getPageSource on session 9a9a990f7d3bdc23e0768c1c2310f86d to remote] DEBUG org.asynchttpclient.netty.request.NettyRequestSender - Using pooled Channel '[id: 0x34b9b60c, L:/127.0.0.1:52041 - R:localhost/127.0.0.1:43813]' for 'POST' to 'http://localhost:43813/session/9a9a990f7d3bdc23e0768c1c2310f86d/execute/sync'
14:39:58.797 [Forwarding getPageSource on session 9a9a990f7d3bdc23e0768c1c2310f86d to remote] DEBUG org.asynchttpclient.netty.request.NettyRequestSender - Using open Channel [id: 0x34b9b60c, L:/127.0.0.1:52041 - R:localhost/127.0.0.1:43813] for POST '/session/9a9a990f7d3bdc23e0768c1c2310f86d/execute/sync'
14:39:58.812 [AsyncHttpClient-1-5] DEBUG org.asynchttpclient.netty.handler.HttpHandler - 

Request DefaultHttpRequest(decodeResult: success, version: HTTP/1.1)
POST /session/9a9a990f7d3bdc23e0768c1c2310f86d/execute/sync HTTP/1.1
User-Agent: selenium/4.8.1 (java windows)
Content-Length: 176
Content-Type: application/json; charset=utf-8
host: localhost:43813
accept: */*

Response DefaultHttpResponse(decodeResult: success, version: HTTP/1.1)
HTTP/1.1 200 OK
Content-Length: 16329
Content-Type: application/json; charset=utf-8
cache-control: no-cache

14:39:58.812 [AsyncHttpClient-1-5] DEBUG org.asynchttpclient.netty.channel.ChannelManager - Adding key: http://localhost:43813 for channel [id: 0x34b9b60c, L:/127.0.0.1:52041 - R:localhost/127.0.0.1:43813]
14:39:58.816 [Forwarding getCurrentUrl on session 9a9a990f7d3bdc23e0768c1c2310f86d to remote] DEBUG org.asynchttpclient.netty.request.NettyRequestSender - Using pooled Channel '[id: 0x34b9b60c, L:/127.0.0.1:52041 - R:localhost/127.0.0.1:43813]' for 'GET' to 'http://localhost:43813/session/9a9a990f7d3bdc23e0768c1c2310f86d/url'
14:39:58.817 [Forwarding getCurrentUrl on session 9a9a990f7d3bdc23e0768c1c2310f86d to remote] DEBUG org.asynchttpclient.netty.request.NettyRequestSender - Using open Channel [id: 0x34b9b60c, L:/127.0.0.1:52041 - R:localhost/127.0.0.1:43813] for GET '/session/9a9a990f7d3bdc23e0768c1c2310f86d/url'
14:39:58.828 [AsyncHttpClient-1-5] DEBUG org.asynchttpclient.netty.handler.HttpHandler - 

Request DefaultFullHttpRequest(decodeResult: success, version: HTTP/1.1, content: EmptyByteBufBE)
GET /session/9a9a990f7d3bdc23e0768c1c2310f86d/url HTTP/1.1
User-Agent: selenium/4.8.1 (java windows)
Cache-Control: no-cache
Content-Type: application/json; charset=utf-8
host: localhost:43813
accept: */*

Response DefaultHttpResponse(decodeResult: success, version: HTTP/1.1)
HTTP/1.1 200 OK
Content-Length: 52
Content-Type: application/json; charset=utf-8
cache-control: no-cache

14:39:58.828 [AsyncHttpClient-1-5] DEBUG org.asynchttpclient.netty.channel.ChannelManager - Adding key: http://localhost:43813 for channel [id: 0x34b9b60c, L:/127.0.0.1:52041 - R:localhost/127.0.0.1:43813]
14:39:58.836 [Forwarding findElement on session 9a9a990f7d3bdc23e0768c1c2310f86d to remote] DEBUG org.asynchttpclient.netty.request.NettyRequestSender - Using pooled Channel '[id: 0x34b9b60c, L:/127.0.0.1:52041 - R:localhost/127.0.0.1:43813]' for 'POST' to 'http://localhost:43813/session/9a9a990f7d3bdc23e0768c1c2310f86d/element'
14:39:58.836 [Forwarding findElement on session 9a9a990f7d3bdc23e0768c1c2310f86d to remote] DEBUG org.asynchttpclient.netty.request.NettyRequestSender - Using open Channel [id: 0x34b9b60c, L:/127.0.0.1:52041 - R:localhost/127.0.0.1:43813] for POST '/session/9a9a990f7d3bdc23e0768c1c2310f86d/element'
14:39:58.864 [AsyncHttpClient-1-5] DEBUG org.asynchttpclient.netty.handler.HttpHandler - 

Request DefaultHttpRequest(decodeResult: success, version: HTTP/1.1)
POST /session/9a9a990f7d3bdc23e0768c1c2310f86d/element HTTP/1.1
User-Agent: selenium/4.8.1 (java windows)
Content-Length: 50
Content-Type: application/json; charset=utf-8
host: localhost:43813
accept: */*

Response DefaultHttpResponse(decodeResult: success, version: HTTP/1.1)
HTTP/1.1 200 OK
Content-Length: 88
Content-Type: application/json; charset=utf-8
cache-control: no-cache

14:39:58.864 [AsyncHttpClient-1-5] DEBUG org.asynchttpclient.netty.channel.ChannelManager - Adding key: http://localhost:43813 for channel [id: 0x34b9b60c, L:/127.0.0.1:52041 - R:localhost/127.0.0.1:43813]
14:39:58.869 [Forwarding isElementDisplayed on session 9a9a990f7d3bdc23e0768c1c2310f86d to remote] DEBUG org.asynchttpclient.netty.request.NettyRequestSender - Using pooled Channel '[id: 0x34b9b60c, L:/127.0.0.1:52041 - R:localhost/127.0.0.1:43813]' for 'POST' to 'http://localhost:43813/session/9a9a990f7d3bdc23e0768c1c2310f86d/execute/sync'
14:39:58.870 [Forwarding isElementDisplayed on session 9a9a990f7d3bdc23e0768c1c2310f86d to remote] DEBUG org.asynchttpclient.netty.request.NettyRequestSender - Using open Channel [id: 0x34b9b60c, L:/127.0.0.1:52041 - R:localhost/127.0.0.1:43813] for POST '/session/9a9a990f7d3bdc23e0768c1c2310f86d/execute/sync'
14:39:58.901 [AsyncHttpClient-1-5] DEBUG org.asynchttpclient.netty.handler.HttpHandler - 

Request DefaultHttpRequest(decodeResult: success, version: HTTP/1.1)
POST /session/9a9a990f7d3bdc23e0768c1c2310f86d/execute/sync HTTP/1.1
User-Agent: selenium/4.8.1 (java windows)
Content-Length: 48807
Content-Type: application/json; charset=utf-8
host: localhost:43813
accept: */*

Response DefaultHttpResponse(decodeResult: success, version: HTTP/1.1)
HTTP/1.1 200 OK
Content-Length: 14
Content-Type: application/json; charset=utf-8
cache-control: no-cache

14:39:58.901 [AsyncHttpClient-1-5] DEBUG org.asynchttpclient.netty.channel.ChannelManager - Adding key: http://localhost:43813 for channel [id: 0x34b9b60c, L:/127.0.0.1:52041 - R:localhost/127.0.0.1:43813]
  &amp#27;[32mThen &amp#27;[0m&amp#27;[32mI am on the home page&amp#27;[0m                      &amp#27;[90m# starter.stepdefinitions.LoginSteps.onTheHomePage()&amp#27;[0m
14:39:58.913 [Forwarding getAlertText on session 9a9a990f7d3bdc23e0768c1c2310f86d to remote] DEBUG org.asynchttpclient.netty.request.NettyRequestSender - Using pooled Channel '[id: 0x34b9b60c, L:/127.0.0.1:52041 - R:localhost/127.0.0.1:43813]' for 'GET' to 'http://localhost:43813/session/9a9a990f7d3bdc23e0768c1c2310f86d/alert/text'
14:39:58.913 [Forwarding getAlertText on session 9a9a990f7d3bdc23e0768c1c2310f86d to remote] DEBUG org.asynchttpclient.netty.request.NettyRequestSender - Using open Channel [id: 0x34b9b60c, L:/127.0.0.1:52041 - R:localhost/127.0.0.1:43813] for GET '/session/9a9a990f7d3bdc23e0768c1c2310f86d/alert/text'
14:39:58.915 [AsyncHttpClient-1-5] DEBUG org.asynchttpclient.netty.handler.HttpHandler - 

Request DefaultFullHttpRequest(decodeResult: success, version: HTTP/1.1, content: EmptyByteBufBE)
GET /session/9a9a990f7d3bdc23e0768c1c2310f86d/alert/text HTTP/1.1
User-Agent: selenium/4.8.1 (java windows)
Cache-Control: no-cache
Content-Type: application/json; charset=utf-8
host: localhost:43813
accept: */*

Response DefaultHttpResponse(decodeResult: success, version: HTTP/1.1)
HTTP/1.1 404 Not Found
Content-Length: 836
Content-Type: application/json; charset=utf-8
cache-control: no-cache

14:39:58.915 [AsyncHttpClient-1-5] DEBUG org.asynchttpclient.netty.channel.ChannelManager - Adding key: http://localhost:43813 for channel [id: 0x34b9b60c, L:/127.0.0.1:52041 - R:localhost/127.0.0.1:43813]
14:39:58.917 [Forwarding getCurrentUrl on session 9a9a990f7d3bdc23e0768c1c2310f86d to remote] DEBUG org.asynchttpclient.netty.request.NettyRequestSender - Using pooled Channel '[id: 0x34b9b60c, L:/127.0.0.1:52041 - R:localhost/127.0.0.1:43813]' for 'GET' to 'http://localhost:43813/session/9a9a990f7d3bdc23e0768c1c2310f86d/url'
14:39:58.917 [Forwarding getCurrentUrl on session 9a9a990f7d3bdc23e0768c1c2310f86d to remote] DEBUG org.asynchttpclient.netty.request.NettyRequestSender - Using open Channel [id: 0x34b9b60c, L:/127.0.0.1:52041 - R:localhost/127.0.0.1:43813] for GET '/session/9a9a990f7d3bdc23e0768c1c2310f86d/url'
14:39:58.923 [AsyncHttpClient-1-5] DEBUG org.asynchttpclient.netty.handler.HttpHandler - 

Request DefaultFullHttpRequest(decodeResult: success, version: HTTP/1.1, content: EmptyByteBufBE)
GET /session/9a9a990f7d3bdc23e0768c1c2310f86d/url HTTP/1.1
User-Agent: selenium/4.8.1 (java windows)
Cache-Control: no-cache
Content-Type: application/json; charset=utf-8
host: localhost:43813
accept: */*

Response DefaultHttpResponse(decodeResult: success, version: HTTP/1.1)
HTTP/1.1 200 OK
Content-Length: 52
Content-Type: application/json; charset=utf-8
cache-control: no-cache

14:39:58.923 [AsyncHttpClient-1-5] DEBUG org.asynchttpclient.netty.channel.ChannelManager - Adding key: http://localhost:43813 for channel [id: 0x34b9b60c, L:/127.0.0.1:52041 - R:localhost/127.0.0.1:43813]
14:39:58.925 [Forwarding screenshot on session 9a9a990f7d3bdc23e0768c1c2310f86d to remote] DEBUG org.asynchttpclient.netty.request.NettyRequestSender - Using pooled Channel '[id: 0x34b9b60c, L:/127.0.0.1:52041 - R:localhost/127.0.0.1:43813]' for 'GET' to 'http://localhost:43813/session/9a9a990f7d3bdc23e0768c1c2310f86d/screenshot'
14:39:58.925 [Forwarding screenshot on session 9a9a990f7d3bdc23e0768c1c2310f86d to remote] DEBUG org.asynchttpclient.netty.request.NettyRequestSender - Using open Channel [id: 0x34b9b60c, L:/127.0.0.1:52041 - R:localhost/127.0.0.1:43813] for GET '/session/9a9a990f7d3bdc23e0768c1c2310f86d/screenshot'
14:39:58.977 [AsyncHttpClient-1-1] DEBUG org.asynchttpclient.netty.channel.DefaultChannelPool - Entry count for : http://localhost:52042 : 1
14:39:59.034 [AsyncHttpClient-1-5] DEBUG org.asynchttpclient.netty.handler.HttpHandler - 

Request DefaultFullHttpRequest(decodeResult: success, version: HTTP/1.1, content: EmptyByteBufBE)
GET /session/9a9a990f7d3bdc23e0768c1c2310f86d/screenshot HTTP/1.1
User-Agent: selenium/4.8.1 (java windows)
Cache-Control: no-cache
Content-Type: application/json; charset=utf-8
host: localhost:43813
accept: */*

Response DefaultHttpResponse(decodeResult: success, version: HTTP/1.1)
HTTP/1.1 200 OK
Content-Length: 52512
Content-Type: application/json; charset=utf-8
cache-control: no-cache

14:39:59.034 [AsyncHttpClient-1-5] DEBUG org.asynchttpclient.netty.channel.ChannelManager - Adding key: http://localhost:43813 for channel [id: 0x34b9b60c, L:/127.0.0.1:52041 - R:localhost/127.0.0.1:43813]
14:39:59.036 [main] DEBUG net.serenitybdd.core.photography.Darkroom - Send negative for processing for target\site\serenity\abc9723e38d829903cdd8a7587e1d197ebfa5fc717503322b8e91a992a229af5.png
14:39:59.037 [Darkroom Processing Line] DEBUG net.serenitybdd.core.photography.DarkroomProcessingLine - Processing screenshot image in /var/screenshots/screenshot-11106797841101586171
14:39:59.037 [Darkroom Processing Line] DEBUG net.serenitybdd.core.photography.DarkroomProcessingLine - Saving screenshot to target\site\serenity\abc9723e38d829903cdd8a7587e1d197ebfa5fc717503322b8e91a992a229af5.png
14:39:59.039 [main] INFO  - 
  _____   ___   ___   _____     ___     _     ___   ___   ___   ___  
 |_   _| | __| / __| |_   _|   | _ \   /_\   / __| / __| | __| |   \ 
   | |   | _|  \__ \   | |     |  _/  / _ \  \__ \ \__ \ | _|  | |) |
   |_|   |___| |___/   |_|     |_|   /_/ \_\ |___/ |___/ |___| |___/ 

As user i have be able to success login
----------------------------------------------------------------------
14:39:59.041 [AsyncHttpClient-1-7] DEBUG org.asynchttpclient.netty.handler.WebSocketHandler - Channel Closed: [id: 0xa5ef308b, L:/127.0.0.1:52051 ! R:localhost/127.0.0.1:52042] with attribute NettyResponseFuture{currentRetry=0,
	isDone=1,
	isCancelled=0,
	asyncHandler=org.asynchttpclient.ws.WebSocketUpgradeHandler@47ea60b7,
	nettyRequest=org.asynchttpclient.netty.request.NettyRequest@2e8f62e,
	future=java.util.concurrent.CompletableFuture@5f799987[Completed normally],
	uri=ws://localhost:52042/devtools/browser/6a8c325b-433f-4d24-b0c3-c3f40d7e2b42,
	keepAlive=true,
	redirectCount=0,
	timeoutsHolder=null,
	inAuth=0,
	touch=1680766794074}
14:39:59.041 [AsyncHttpClient-1-7] DEBUG org.asynchttpclient.netty.channel.ChannelManager - Closing Channel [id: 0xa5ef308b, L:/127.0.0.1:52051 ! R:localhost/127.0.0.1:52042] 
14:39:59.043 [Driver Command Executor] DEBUG org.asynchttpclient.netty.request.NettyRequestSender - Using pooled Channel '[id: 0x34b9b60c, L:/127.0.0.1:52041 - R:localhost/127.0.0.1:43813]' for 'DELETE' to 'http://localhost:43813/session/9a9a990f7d3bdc23e0768c1c2310f86d'
14:39:59.043 [Driver Command Executor] DEBUG org.asynchttpclient.netty.request.NettyRequestSender - Using open Channel [id: 0x34b9b60c, L:/127.0.0.1:52041 - R:localhost/127.0.0.1:43813] for DELETE '/session/9a9a990f7d3bdc23e0768c1c2310f86d'
14:39:59.137 [AsyncHttpClient-1-6] DEBUG org.asynchttpclient.netty.handler.HttpHandler - Unexpected I/O exception on channel [id: 0xa7721c8d, L:/127.0.0.1:52050 - R:localhost/127.0.0.1:52042]
java.net.SocketException: Connection reset
	at java.base/sun.nio.ch.SocketChannelImpl.throwConnectionReset(SocketChannelImpl.java:401)
	at java.base/sun.nio.ch.SocketChannelImpl.read(SocketChannelImpl.java:434)
	at io.netty.buffer.PooledByteBuf.setBytes(PooledByteBuf.java:259)
	at io.netty.buffer.AbstractByteBuf.writeBytes(AbstractByteBuf.java:1132)
	at io.netty.channel.socket.nio.NioSocketChannel.doReadBytes(NioSocketChannel.java:357)
	at io.netty.channel.nio.AbstractNioByteChannel$NioByteUnsafe.read(AbstractNioByteChannel.java:151)
	at io.netty.channel.nio.NioEventLoop.processSelectedKey(NioEventLoop.java:788)
	at io.netty.channel.nio.NioEventLoop.processSelectedKeysOptimized(NioEventLoop.java:724)
	at io.netty.channel.nio.NioEventLoop.processSelectedKeys(NioEventLoop.java:650)
	at io.netty.channel.nio.NioEventLoop.run(NioEventLoop.java:562)
	at io.netty.util.concurrent.SingleThreadEventExecutor$4.run(SingleThreadEventExecutor.java:997)
	at io.netty.util.internal.ThreadExecutorMap$2.run(ThreadExecutorMap.java:74)
	at io.netty.util.concurrent.FastThreadLocalRunnable.run(FastThreadLocalRunnable.java:30)
	at java.base/java.lang.Thread.run(Thread.java:1589)
14:39:59.138 [AsyncHttpClient-1-6] DEBUG org.asynchttpclient.netty.channel.ChannelManager - Closing Channel [id: 0xa7721c8d, L:/127.0.0.1:52050 - R:localhost/127.0.0.1:52042] 
14:39:59.138 [AsyncHttpClient-1-6] DEBUG org.asynchttpclient.netty.handler.HttpHandler - Channel Closed: [id: 0xa7721c8d, L:/127.0.0.1:52050 ! R:localhost/127.0.0.1:52042] with attribute DISCARD
14:39:59.169 [AsyncHttpClient-1-5] DEBUG org.asynchttpclient.netty.handler.HttpHandler - 

Request DefaultFullHttpRequest(decodeResult: success, version: HTTP/1.1, content: EmptyByteBufBE)
DELETE /session/9a9a990f7d3bdc23e0768c1c2310f86d HTTP/1.1
User-Agent: selenium/4.8.1 (java windows)
Content-Type: application/json; charset=utf-8
host: localhost:43813
accept: */*

Response DefaultHttpResponse(decodeResult: success, version: HTTP/1.1)
HTTP/1.1 200 OK
Content-Length: 14
Content-Type: application/json; charset=utf-8
cache-control: no-cache

14:39:59.169 [AsyncHttpClient-1-5] DEBUG org.asynchttpclient.netty.channel.ChannelManager - Adding key: http://localhost:43813 for channel [id: 0x34b9b60c, L:/127.0.0.1:52041 - R:localhost/127.0.0.1:43813]
14:39:59.278 [AsyncHttpClient-1-5] DEBUG org.asynchttpclient.netty.handler.HttpHandler - Channel Closed: [id: 0x34b9b60c, L:/127.0.0.1:52041 ! R:localhost/127.0.0.1:43813] with attribute DISCARD
]]></system-out>
    <system-err><![CDATA[Starting ChromeDriver 111.0.5563.64 (c710e93d5b63b7095afe8c2c17df34408078439d-refs/branch-heads/5563@{#995}) on port 43813
Only local connections are allowed.
Please see https://chromedriver.chromium.org/security-considerations for suggestions on keeping ChromeDriver safe.
ChromeDriver was started successfully.
Apr 06, 2023 2:39:54 PM org.openqa.selenium.devtools.CdpVersionFinder findNearestMatch
WARNING: Unable to find an exact match for CDP version 111, so returning the closest version found: 110
]]></system-err>
  </testcase>
  <testcase name="As user i have be able to success login #2" classname="login" time="6.598">
    <system-out><![CDATA[
@login @userB
Scenario: As user i have be able to success login &amp#27;[90m# src/test/resources/features/Login.feature:16&amp#27;[0m
14:39:59.409 [main] DEBUG io.cucumber.core.plugin.SerenityReporter - Running feature from file:///C:/Users/User/IdeaProjects/hehew/src/test/resources/features/Login.feature
14:39:59.618 [main] INFO net.serenitybdd.core.webdriver.driverproviders.ChromeDriverProvider - Starting Chrome driver instance with capabilities:
14:39:59.619 [main] INFO net.serenitybdd.core.webdriver.driverproviders.ChromeDriverProvider - Capabilities {acceptInsecureCerts: false, browserName: chrome, goog:chromeOptions: {args: [remote-allow-origins=*], extensions: []}}
14:39:59.862 [AsyncHttpClient-1-8] DEBUG org.asynchttpclient.netty.channel.NettyConnectListener - Using new Channel '[id: 0xa59093a8, L:/127.0.0.1:52072 - R:localhost/127.0.0.1:37990]' for 'POST' to '/session'
14:40:00.085 [AsyncHttpClient-1-1] DEBUG org.asynchttpclient.netty.channel.DefaultChannelPool - Entry count for : http://localhost:43813 : 1
14:40:00.086 [AsyncHttpClient-1-1] DEBUG org.asynchttpclient.netty.channel.DefaultChannelPool - Entry count for : http://localhost:52042 : 1
14:40:00.086 [AsyncHttpClient-1-1] DEBUG org.asynchttpclient.netty.channel.DefaultChannelPool - Adding Candidate expired Channel [id: 0x34b9b60c, L:/127.0.0.1:52041 ! R:localhost/127.0.0.1:43813] isIdleTimeoutExpired=false isRemotelyClosed=true isTtlExpired=false
14:40:00.086 [AsyncHttpClient-1-1] DEBUG org.asynchttpclient.netty.channel.DefaultChannelPool - Closing Idle Channel [id: 0x34b9b60c, L:/127.0.0.1:52041 ! R:localhost/127.0.0.1:43813]
14:40:00.086 [AsyncHttpClient-1-1] DEBUG org.asynchttpclient.netty.channel.DefaultChannelPool - Adding Candidate expired Channel [id: 0xa7721c8d, L:/127.0.0.1:52050 ! R:localhost/127.0.0.1:52042] isIdleTimeoutExpired=false isRemotelyClosed=true isTtlExpired=false
14:40:00.086 [AsyncHttpClient-1-1] DEBUG org.asynchttpclient.netty.channel.DefaultChannelPool - Closing Idle Channel [id: 0xa7721c8d, L:/127.0.0.1:52050 ! R:localhost/127.0.0.1:52042]
14:40:00.086 [AsyncHttpClient-1-1] DEBUG org.asynchttpclient.netty.channel.DefaultChannelPool - Closed 2 connections out of 2 in 0 ms
14:40:01.898 [AsyncHttpClient-1-8] DEBUG org.asynchttpclient.netty.handler.HttpHandler - 

Request DefaultHttpRequest(decodeResult: success, version: HTTP/1.1)
POST /session HTTP/1.1
User-Agent: selenium/4.8.1 (java windows)
Content-Length: 507
Content-Type: application/json; charset=utf-8
host: localhost:37990
accept: */*

Response DefaultHttpResponse(decodeResult: success, version: HTTP/1.1)
HTTP/1.1 200 OK
Content-Length: 859
Content-Type: application/json; charset=utf-8
cache-control: no-cache

14:40:01.898 [AsyncHttpClient-1-8] DEBUG org.asynchttpclient.netty.channel.ChannelManager - Adding key: http://localhost:37990 for channel [id: 0xa59093a8, L:/127.0.0.1:52072 - R:localhost/127.0.0.1:37990]
14:40:01.927 [AsyncHttpClient-1-9] DEBUG org.asynchttpclient.netty.channel.NettyConnectListener - Using new Channel '[id: 0xa5a12a35, L:/127.0.0.1:52079 - R:localhost/127.0.0.1:52073]' for 'GET' to '/json/version'
14:40:01.930 [AsyncHttpClient-1-9] DEBUG org.asynchttpclient.netty.handler.HttpHandler - 

Request DefaultFullHttpRequest(decodeResult: success, version: HTTP/1.1, content: EmptyByteBufBE)
GET /json/version HTTP/1.1
User-Agent: selenium/4.8.1 (java windows)
host: localhost:52073
accept: */*

Response DefaultHttpResponse(decodeResult: success, version: HTTP/1.1)
HTTP/1.1 200 OK
Content-Security-Policy: frame-ancestors 'none'
Content-Length: 424
Content-Type: application/json; charset=UTF-8

14:40:01.930 [AsyncHttpClient-1-9] DEBUG org.asynchttpclient.netty.channel.ChannelManager - Adding key: http://localhost:52073 for channel [id: 0xa5a12a35, L:/127.0.0.1:52079 - R:localhost/127.0.0.1:52073]
14:40:01.933 [AsyncHttpClient-1-2] DEBUG org.asynchttpclient.netty.channel.NettyConnectListener - Using new Channel '[id: 0x2e383dc5, L:/127.0.0.1:52080 - R:localhost/127.0.0.1:52073]' for 'GET' to '/devtools/browser/c727119f-0233-4b30-a563-bd284986aa1c'
14:40:01.934 [AsyncHttpClient-1-2] DEBUG org.asynchttpclient.netty.handler.WebSocketHandler - 

Request DefaultFullHttpRequest(decodeResult: success, version: HTTP/1.1, content: EmptyByteBufBE)
GET /devtools/browser/c727119f-0233-4b30-a563-bd284986aa1c HTTP/1.1
upgrade: websocket
connection: upgrade
sec-websocket-key: 8PSMPwli9aCfgnGXF5eYaQ==
sec-websocket-version: 13
origin: http://localhost:52073
host: localhost:52073
accept: */*
user-agent: AHC/2.1

Response DefaultHttpResponse(decodeResult: success, version: HTTP/1.1)
HTTP/1.1 101 WebSocket Protocol Handshake
Upgrade: WebSocket
Connection: Upgrade
Sec-WebSocket-Accept: Z/Sxh/WJrovZaFk8ALOn1bOQ404=

14:40:01.947 [Forwarding get on session fd6f1d1324d09697aef9940427b19117 to remote] DEBUG org.asynchttpclient.netty.request.NettyRequestSender - Using pooled Channel '[id: 0xa59093a8, L:/127.0.0.1:52072 - R:localhost/127.0.0.1:37990]' for 'POST' to 'http://localhost:37990/session/fd6f1d1324d09697aef9940427b19117/url'
14:40:01.947 [Forwarding get on session fd6f1d1324d09697aef9940427b19117 to remote] DEBUG org.asynchttpclient.netty.request.NettyRequestSender - Using open Channel [id: 0xa59093a8, L:/127.0.0.1:52072 - R:localhost/127.0.0.1:37990] for POST '/session/fd6f1d1324d09697aef9940427b19117/url'
14:40:02.272 [AsyncHttpClient-1-1] DEBUG org.asynchttpclient.netty.channel.DefaultChannelPool - Entry count for : http://localhost:52073 : 1
14:40:03.378 [AsyncHttpClient-1-1] DEBUG org.asynchttpclient.netty.channel.DefaultChannelPool - Entry count for : http://localhost:52073 : 1
14:40:03.756 [AsyncHttpClient-1-8] DEBUG org.asynchttpclient.netty.handler.HttpHandler - 

Request DefaultHttpRequest(decodeResult: success, version: HTTP/1.1)
POST /session/fd6f1d1324d09697aef9940427b19117/url HTTP/1.1
User-Agent: selenium/4.8.1 (java windows)
Content-Length: 56
Content-Type: application/json; charset=utf-8
host: localhost:37990
accept: */*

Response DefaultHttpResponse(decodeResult: success, version: HTTP/1.1)
HTTP/1.1 200 OK
Content-Length: 14
Content-Type: application/json; charset=utf-8
cache-control: no-cache

14:40:03.756 [AsyncHttpClient-1-8] DEBUG org.asynchttpclient.netty.channel.ChannelManager - Adding key: http://localhost:37990 for channel [id: 0xa59093a8, L:/127.0.0.1:52072 - R:localhost/127.0.0.1:37990]
14:40:03.758 [Forwarding setTimeout on session fd6f1d1324d09697aef9940427b19117 to remote] DEBUG org.asynchttpclient.netty.request.NettyRequestSender - Using pooled Channel '[id: 0xa59093a8, L:/127.0.0.1:52072 - R:localhost/127.0.0.1:37990]' for 'POST' to 'http://localhost:37990/session/fd6f1d1324d09697aef9940427b19117/timeouts'
14:40:03.758 [Forwarding setTimeout on session fd6f1d1324d09697aef9940427b19117 to remote] DEBUG org.asynchttpclient.netty.request.NettyRequestSender - Using open Channel [id: 0xa59093a8, L:/127.0.0.1:52072 - R:localhost/127.0.0.1:37990] for POST '/session/fd6f1d1324d09697aef9940427b19117/timeouts'
14:40:03.759 [AsyncHttpClient-1-8] DEBUG org.asynchttpclient.netty.handler.HttpHandler - 

Request DefaultHttpRequest(decodeResult: success, version: HTTP/1.1)
POST /session/fd6f1d1324d09697aef9940427b19117/timeouts HTTP/1.1
User-Agent: selenium/4.8.1 (java windows)
Content-Length: 22
Content-Type: application/json; charset=utf-8
host: localhost:37990
accept: */*

Response DefaultHttpResponse(decodeResult: success, version: HTTP/1.1)
HTTP/1.1 200 OK
Content-Length: 14
Content-Type: application/json; charset=utf-8
cache-control: no-cache

14:40:03.759 [AsyncHttpClient-1-8] DEBUG org.asynchttpclient.netty.channel.ChannelManager - Adding key: http://localhost:37990 for channel [id: 0xa59093a8, L:/127.0.0.1:52072 - R:localhost/127.0.0.1:37990]
14:40:03.779 [Forwarding getAlertText on session fd6f1d1324d09697aef9940427b19117 to remote] DEBUG org.asynchttpclient.netty.request.NettyRequestSender - Using pooled Channel '[id: 0xa59093a8, L:/127.0.0.1:52072 - R:localhost/127.0.0.1:37990]' for 'GET' to 'http://localhost:37990/session/fd6f1d1324d09697aef9940427b19117/alert/text'
14:40:03.779 [Forwarding getAlertText on session fd6f1d1324d09697aef9940427b19117 to remote] DEBUG org.asynchttpclient.netty.request.NettyRequestSender - Using open Channel [id: 0xa59093a8, L:/127.0.0.1:52072 - R:localhost/127.0.0.1:37990] for GET '/session/fd6f1d1324d09697aef9940427b19117/alert/text'
14:40:03.782 [AsyncHttpClient-1-8] DEBUG org.asynchttpclient.netty.handler.HttpHandler - 

Request DefaultFullHttpRequest(decodeResult: success, version: HTTP/1.1, content: EmptyByteBufBE)
GET /session/fd6f1d1324d09697aef9940427b19117/alert/text HTTP/1.1
User-Agent: selenium/4.8.1 (java windows)
Cache-Control: no-cache
Content-Type: application/json; charset=utf-8
host: localhost:37990
accept: */*

Response DefaultHttpResponse(decodeResult: success, version: HTTP/1.1)
HTTP/1.1 404 Not Found
Content-Length: 836
Content-Type: application/json; charset=utf-8
cache-control: no-cache

14:40:03.782 [AsyncHttpClient-1-8] DEBUG org.asynchttpclient.netty.channel.ChannelManager - Adding key: http://localhost:37990 for channel [id: 0xa59093a8, L:/127.0.0.1:52072 - R:localhost/127.0.0.1:37990]
14:40:03.786 [Forwarding getCurrentUrl on session fd6f1d1324d09697aef9940427b19117 to remote] DEBUG org.asynchttpclient.netty.request.NettyRequestSender - Using pooled Channel '[id: 0xa59093a8, L:/127.0.0.1:52072 - R:localhost/127.0.0.1:37990]' for 'GET' to 'http://localhost:37990/session/fd6f1d1324d09697aef9940427b19117/url'
14:40:03.786 [Forwarding getCurrentUrl on session fd6f1d1324d09697aef9940427b19117 to remote] DEBUG org.asynchttpclient.netty.request.NettyRequestSender - Using open Channel [id: 0xa59093a8, L:/127.0.0.1:52072 - R:localhost/127.0.0.1:37990] for GET '/session/fd6f1d1324d09697aef9940427b19117/url'
14:40:03.794 [AsyncHttpClient-1-8] DEBUG org.asynchttpclient.netty.handler.HttpHandler - 

Request DefaultFullHttpRequest(decodeResult: success, version: HTTP/1.1, content: EmptyByteBufBE)
GET /session/fd6f1d1324d09697aef9940427b19117/url HTTP/1.1
User-Agent: selenium/4.8.1 (java windows)
Cache-Control: no-cache
Content-Type: application/json; charset=utf-8
host: localhost:37990
accept: */*

Response DefaultHttpResponse(decodeResult: success, version: HTTP/1.1)
HTTP/1.1 200 OK
Content-Length: 38
Content-Type: application/json; charset=utf-8
cache-control: no-cache

14:40:03.794 [AsyncHttpClient-1-8] DEBUG org.asynchttpclient.netty.channel.ChannelManager - Adding key: http://localhost:37990 for channel [id: 0xa59093a8, L:/127.0.0.1:52072 - R:localhost/127.0.0.1:37990]
14:40:03.795 [Forwarding screenshot on session fd6f1d1324d09697aef9940427b19117 to remote] DEBUG org.asynchttpclient.netty.request.NettyRequestSender - Using pooled Channel '[id: 0xa59093a8, L:/127.0.0.1:52072 - R:localhost/127.0.0.1:37990]' for 'GET' to 'http://localhost:37990/session/fd6f1d1324d09697aef9940427b19117/screenshot'
14:40:03.795 [Forwarding screenshot on session fd6f1d1324d09697aef9940427b19117 to remote] DEBUG org.asynchttpclient.netty.request.NettyRequestSender - Using open Channel [id: 0xa59093a8, L:/127.0.0.1:52072 - R:localhost/127.0.0.1:37990] for GET '/session/fd6f1d1324d09697aef9940427b19117/screenshot'
14:40:03.909 [AsyncHttpClient-1-8] DEBUG org.asynchttpclient.netty.handler.HttpHandler - 

Request DefaultFullHttpRequest(decodeResult: success, version: HTTP/1.1, content: EmptyByteBufBE)
GET /session/fd6f1d1324d09697aef9940427b19117/screenshot HTTP/1.1
User-Agent: selenium/4.8.1 (java windows)
Cache-Control: no-cache
Content-Type: application/json; charset=utf-8
host: localhost:37990
accept: */*

Response DefaultHttpResponse(decodeResult: success, version: HTTP/1.1)
HTTP/1.1 200 OK
Content-Length: 34808
Content-Type: application/json; charset=utf-8
cache-control: no-cache

14:40:03.909 [AsyncHttpClient-1-8] DEBUG org.asynchttpclient.netty.channel.ChannelManager - Adding key: http://localhost:37990 for channel [id: 0xa59093a8, L:/127.0.0.1:52072 - R:localhost/127.0.0.1:37990]
14:40:03.912 [main] DEBUG net.serenitybdd.core.photography.Darkroom - Send negative for processing for target\site\serenity\11d23327bb1bf97cc11512f3ecf05be08bd2bd7955fd928c2dbb651fa09f9280.png
14:40:03.915 [Forwarding getPageSource on session fd6f1d1324d09697aef9940427b19117 to remote] DEBUG org.asynchttpclient.netty.request.NettyRequestSender - Using pooled Channel '[id: 0xa59093a8, L:/127.0.0.1:52072 - R:localhost/127.0.0.1:37990]' for 'POST' to 'http://localhost:37990/session/fd6f1d1324d09697aef9940427b19117/execute/sync'
14:40:03.915 [Forwarding getPageSource on session fd6f1d1324d09697aef9940427b19117 to remote] DEBUG org.asynchttpclient.netty.request.NettyRequestSender - Using open Channel [id: 0xa59093a8, L:/127.0.0.1:52072 - R:localhost/127.0.0.1:37990] for POST '/session/fd6f1d1324d09697aef9940427b19117/execute/sync'
14:40:03.920 [AsyncHttpClient-1-8] DEBUG org.asynchttpclient.netty.handler.HttpHandler - 

Request DefaultHttpRequest(decodeResult: success, version: HTTP/1.1)
POST /session/fd6f1d1324d09697aef9940427b19117/execute/sync HTTP/1.1
User-Agent: selenium/4.8.1 (java windows)
Content-Length: 176
Content-Type: application/json; charset=utf-8
host: localhost:37990
accept: */*

Response DefaultHttpResponse(decodeResult: success, version: HTTP/1.1)
HTTP/1.1 200 OK
Content-Length: 4286
Content-Type: application/json; charset=utf-8
cache-control: no-cache

14:40:03.921 [AsyncHttpClient-1-8] DEBUG org.asynchttpclient.netty.channel.ChannelManager - Adding key: http://localhost:37990 for channel [id: 0xa59093a8, L:/127.0.0.1:52072 - R:localhost/127.0.0.1:37990]
14:40:03.923 [Forwarding getCurrentUrl on session fd6f1d1324d09697aef9940427b19117 to remote] DEBUG org.asynchttpclient.netty.request.NettyRequestSender - Using pooled Channel '[id: 0xa59093a8, L:/127.0.0.1:52072 - R:localhost/127.0.0.1:37990]' for 'GET' to 'http://localhost:37990/session/fd6f1d1324d09697aef9940427b19117/url'
14:40:03.923 [Forwarding getCurrentUrl on session fd6f1d1324d09697aef9940427b19117 to remote] DEBUG org.asynchttpclient.netty.request.NettyRequestSender - Using open Channel [id: 0xa59093a8, L:/127.0.0.1:52072 - R:localhost/127.0.0.1:37990] for GET '/session/fd6f1d1324d09697aef9940427b19117/url'
14:40:03.929 [AsyncHttpClient-1-8] DEBUG org.asynchttpclient.netty.handler.HttpHandler - 

Request DefaultFullHttpRequest(decodeResult: success, version: HTTP/1.1, content: EmptyByteBufBE)
GET /session/fd6f1d1324d09697aef9940427b19117/url HTTP/1.1
User-Agent: selenium/4.8.1 (java windows)
Cache-Control: no-cache
Content-Type: application/json; charset=utf-8
host: localhost:37990
accept: */*

Response DefaultHttpResponse(decodeResult: success, version: HTTP/1.1)
HTTP/1.1 200 OK
Content-Length: 38
Content-Type: application/json; charset=utf-8
cache-control: no-cache

14:40:03.930 [AsyncHttpClient-1-8] DEBUG org.asynchttpclient.netty.channel.ChannelManager - Adding key: http://localhost:37990 for channel [id: 0xa59093a8, L:/127.0.0.1:52072 - R:localhost/127.0.0.1:37990]
14:40:03.932 [main] DEBUG net.thucydides.core.steps.StepInterceptor - STARTING STEP: LoginSteps.onTheWebLoginPage - validateOnLoginPage
14:40:03.936 [Forwarding findElement on session fd6f1d1324d09697aef9940427b19117 to remote] DEBUG org.asynchttpclient.netty.request.NettyRequestSender - Using pooled Channel '[id: 0xa59093a8, L:/127.0.0.1:52072 - R:localhost/127.0.0.1:37990]' for 'POST' to 'http://localhost:37990/session/fd6f1d1324d09697aef9940427b19117/element'
14:40:03.936 [Forwarding findElement on session fd6f1d1324d09697aef9940427b19117 to remote] DEBUG org.asynchttpclient.netty.request.NettyRequestSender - Using open Channel [id: 0xa59093a8, L:/127.0.0.1:52072 - R:localhost/127.0.0.1:37990] for POST '/session/fd6f1d1324d09697aef9940427b19117/element'
14:40:03.951 [AsyncHttpClient-1-8] DEBUG org.asynchttpclient.netty.handler.HttpHandler - 

Request DefaultHttpRequest(decodeResult: success, version: HTTP/1.1)
POST /session/fd6f1d1324d09697aef9940427b19117/element HTTP/1.1
User-Agent: selenium/4.8.1 (java windows)
Content-Length: 59
Content-Type: application/json; charset=utf-8
host: localhost:37990
accept: */*

Response DefaultHttpResponse(decodeResult: success, version: HTTP/1.1)
HTTP/1.1 200 OK
Content-Length: 88
Content-Type: application/json; charset=utf-8
cache-control: no-cache

14:40:03.952 [AsyncHttpClient-1-8] DEBUG org.asynchttpclient.netty.channel.ChannelManager - Adding key: http://localhost:37990 for channel [id: 0xa59093a8, L:/127.0.0.1:52072 - R:localhost/127.0.0.1:37990]
14:40:03.957 [Forwarding isElementDisplayed on session fd6f1d1324d09697aef9940427b19117 to remote] DEBUG org.asynchttpclient.netty.request.NettyRequestSender - Using pooled Channel '[id: 0xa59093a8, L:/127.0.0.1:52072 - R:localhost/127.0.0.1:37990]' for 'POST' to 'http://localhost:37990/session/fd6f1d1324d09697aef9940427b19117/execute/sync'
14:40:03.957 [Forwarding isElementDisplayed on session fd6f1d1324d09697aef9940427b19117 to remote] DEBUG org.asynchttpclient.netty.request.NettyRequestSender - Using open Channel [id: 0xa59093a8, L:/127.0.0.1:52072 - R:localhost/127.0.0.1:37990] for POST '/session/fd6f1d1324d09697aef9940427b19117/execute/sync'
14:40:03.974 [AsyncHttpClient-1-8] DEBUG org.asynchttpclient.netty.handler.HttpHandler - 

Request DefaultHttpRequest(decodeResult: success, version: HTTP/1.1)
POST /session/fd6f1d1324d09697aef9940427b19117/execute/sync HTTP/1.1
User-Agent: selenium/4.8.1 (java windows)
Content-Length: 48807
Content-Type: application/json; charset=utf-8
host: localhost:37990
accept: */*

Response DefaultHttpResponse(decodeResult: success, version: HTTP/1.1)
HTTP/1.1 200 OK
Content-Length: 14
Content-Type: application/json; charset=utf-8
cache-control: no-cache

14:40:03.974 [AsyncHttpClient-1-8] DEBUG org.asynchttpclient.netty.channel.ChannelManager - Adding key: http://localhost:37990 for channel [id: 0xa59093a8, L:/127.0.0.1:52072 - R:localhost/127.0.0.1:37990]
14:40:03.989 [Forwarding getAlertText on session fd6f1d1324d09697aef9940427b19117 to remote] DEBUG org.asynchttpclient.netty.request.NettyRequestSender - Using pooled Channel '[id: 0xa59093a8, L:/127.0.0.1:52072 - R:localhost/127.0.0.1:37990]' for 'GET' to 'http://localhost:37990/session/fd6f1d1324d09697aef9940427b19117/alert/text'
14:40:03.990 [Forwarding getAlertText on session fd6f1d1324d09697aef9940427b19117 to remote] DEBUG org.asynchttpclient.netty.request.NettyRequestSender - Using open Channel [id: 0xa59093a8, L:/127.0.0.1:52072 - R:localhost/127.0.0.1:37990] for GET '/session/fd6f1d1324d09697aef9940427b19117/alert/text'
14:40:03.993 [AsyncHttpClient-1-8] DEBUG org.asynchttpclient.netty.handler.HttpHandler - 

Request DefaultFullHttpRequest(decodeResult: success, version: HTTP/1.1, content: EmptyByteBufBE)
GET /session/fd6f1d1324d09697aef9940427b19117/alert/text HTTP/1.1
User-Agent: selenium/4.8.1 (java windows)
Cache-Control: no-cache
Content-Type: application/json; charset=utf-8
host: localhost:37990
accept: */*

Response DefaultHttpResponse(decodeResult: success, version: HTTP/1.1)
HTTP/1.1 404 Not Found
Content-Length: 836
Content-Type: application/json; charset=utf-8
cache-control: no-cache

14:40:03.993 [AsyncHttpClient-1-8] DEBUG org.asynchttpclient.netty.channel.ChannelManager - Adding key: http://localhost:37990 for channel [id: 0xa59093a8, L:/127.0.0.1:52072 - R:localhost/127.0.0.1:37990]
14:40:03.995 [Forwarding getCurrentUrl on session fd6f1d1324d09697aef9940427b19117 to remote] DEBUG org.asynchttpclient.netty.request.NettyRequestSender - Using pooled Channel '[id: 0xa59093a8, L:/127.0.0.1:52072 - R:localhost/127.0.0.1:37990]' for 'GET' to 'http://localhost:37990/session/fd6f1d1324d09697aef9940427b19117/url'
14:40:03.996 [Forwarding getCurrentUrl on session fd6f1d1324d09697aef9940427b19117 to remote] DEBUG org.asynchttpclient.netty.request.NettyRequestSender - Using open Channel [id: 0xa59093a8, L:/127.0.0.1:52072 - R:localhost/127.0.0.1:37990] for GET '/session/fd6f1d1324d09697aef9940427b19117/url'
14:40:04.009 [AsyncHttpClient-1-8] DEBUG org.asynchttpclient.netty.handler.HttpHandler - 

Request DefaultFullHttpRequest(decodeResult: success, version: HTTP/1.1, content: EmptyByteBufBE)
GET /session/fd6f1d1324d09697aef9940427b19117/url HTTP/1.1
User-Agent: selenium/4.8.1 (java windows)
Cache-Control: no-cache
Content-Type: application/json; charset=utf-8
host: localhost:37990
accept: */*

Response DefaultHttpResponse(decodeResult: success, version: HTTP/1.1)
HTTP/1.1 200 OK
Content-Length: 38
Content-Type: application/json; charset=utf-8
cache-control: no-cache

14:40:04.009 [AsyncHttpClient-1-8] DEBUG org.asynchttpclient.netty.channel.ChannelManager - Adding key: http://localhost:37990 for channel [id: 0xa59093a8, L:/127.0.0.1:52072 - R:localhost/127.0.0.1:37990]
14:40:04.012 [Forwarding screenshot on session fd6f1d1324d09697aef9940427b19117 to remote] DEBUG org.asynchttpclient.netty.request.NettyRequestSender - Using pooled Channel '[id: 0xa59093a8, L:/127.0.0.1:52072 - R:localhost/127.0.0.1:37990]' for 'GET' to 'http://localhost:37990/session/fd6f1d1324d09697aef9940427b19117/screenshot'
14:40:04.012 [Forwarding screenshot on session fd6f1d1324d09697aef9940427b19117 to remote] DEBUG org.asynchttpclient.netty.request.NettyRequestSender - Using open Channel [id: 0xa59093a8, L:/127.0.0.1:52072 - R:localhost/127.0.0.1:37990] for GET '/session/fd6f1d1324d09697aef9940427b19117/screenshot'
14:40:04.128 [AsyncHttpClient-1-8] DEBUG org.asynchttpclient.netty.handler.HttpHandler - 

Request DefaultFullHttpRequest(decodeResult: success, version: HTTP/1.1, content: EmptyByteBufBE)
GET /session/fd6f1d1324d09697aef9940427b19117/screenshot HTTP/1.1
User-Agent: selenium/4.8.1 (java windows)
Cache-Control: no-cache
Content-Type: application/json; charset=utf-8
host: localhost:37990
accept: */*

Response DefaultHttpResponse(decodeResult: success, version: HTTP/1.1)
HTTP/1.1 200 OK
Content-Length: 34808
Content-Type: application/json; charset=utf-8
cache-control: no-cache

14:40:04.128 [AsyncHttpClient-1-8] DEBUG org.asynchttpclient.netty.channel.ChannelManager - Adding key: http://localhost:37990 for channel [id: 0xa59093a8, L:/127.0.0.1:52072 - R:localhost/127.0.0.1:37990]
14:40:04.130 [main] DEBUG net.serenitybdd.core.photography.Darkroom - Send negative for processing for target\site\serenity\11d23327bb1bf97cc11512f3ecf05be08bd2bd7955fd928c2dbb651fa09f9280.png
14:40:04.130 [main] DEBUG net.thucydides.core.steps.StepInterceptor - STEP DONE: validateOnLoginPage
  &amp#27;[32mGiven &amp#27;[0m&amp#27;[32mI am on the web login page&amp#27;[0m                &amp#27;[90m# starter.stepdefinitions.LoginSteps.onTheWebLoginPage()&amp#27;[0m
14:40:04.142 [Forwarding getPageSource on session fd6f1d1324d09697aef9940427b19117 to remote] DEBUG org.asynchttpclient.netty.request.NettyRequestSender - Using pooled Channel '[id: 0xa59093a8, L:/127.0.0.1:52072 - R:localhost/127.0.0.1:37990]' for 'POST' to 'http://localhost:37990/session/fd6f1d1324d09697aef9940427b19117/execute/sync'
14:40:04.142 [Forwarding getPageSource on session fd6f1d1324d09697aef9940427b19117 to remote] DEBUG org.asynchttpclient.netty.request.NettyRequestSender - Using open Channel [id: 0xa59093a8, L:/127.0.0.1:52072 - R:localhost/127.0.0.1:37990] for POST '/session/fd6f1d1324d09697aef9940427b19117/execute/sync'
14:40:04.147 [AsyncHttpClient-1-8] DEBUG org.asynchttpclient.netty.handler.HttpHandler - 

Request DefaultHttpRequest(decodeResult: success, version: HTTP/1.1)
POST /session/fd6f1d1324d09697aef9940427b19117/execute/sync HTTP/1.1
User-Agent: selenium/4.8.1 (java windows)
Content-Length: 176
Content-Type: application/json; charset=utf-8
host: localhost:37990
accept: */*

Response DefaultHttpResponse(decodeResult: success, version: HTTP/1.1)
HTTP/1.1 200 OK
Content-Length: 4286
Content-Type: application/json; charset=utf-8
cache-control: no-cache

14:40:04.148 [AsyncHttpClient-1-8] DEBUG org.asynchttpclient.netty.channel.ChannelManager - Adding key: http://localhost:37990 for channel [id: 0xa59093a8, L:/127.0.0.1:52072 - R:localhost/127.0.0.1:37990]
14:40:04.149 [Forwarding getCurrentUrl on session fd6f1d1324d09697aef9940427b19117 to remote] DEBUG org.asynchttpclient.netty.request.NettyRequestSender - Using pooled Channel '[id: 0xa59093a8, L:/127.0.0.1:52072 - R:localhost/127.0.0.1:37990]' for 'GET' to 'http://localhost:37990/session/fd6f1d1324d09697aef9940427b19117/url'
14:40:04.149 [Forwarding getCurrentUrl on session fd6f1d1324d09697aef9940427b19117 to remote] DEBUG org.asynchttpclient.netty.request.NettyRequestSender - Using open Channel [id: 0xa59093a8, L:/127.0.0.1:52072 - R:localhost/127.0.0.1:37990] for GET '/session/fd6f1d1324d09697aef9940427b19117/url'
14:40:04.153 [AsyncHttpClient-1-8] DEBUG org.asynchttpclient.netty.handler.HttpHandler - 

Request DefaultFullHttpRequest(decodeResult: success, version: HTTP/1.1, content: EmptyByteBufBE)
GET /session/fd6f1d1324d09697aef9940427b19117/url HTTP/1.1
User-Agent: selenium/4.8.1 (java windows)
Cache-Control: no-cache
Content-Type: application/json; charset=utf-8
host: localhost:37990
accept: */*

Response DefaultHttpResponse(decodeResult: success, version: HTTP/1.1)
HTTP/1.1 200 OK
Content-Length: 38
Content-Type: application/json; charset=utf-8
cache-control: no-cache

14:40:04.154 [AsyncHttpClient-1-8] DEBUG org.asynchttpclient.netty.channel.ChannelManager - Adding key: http://localhost:37990 for channel [id: 0xa59093a8, L:/127.0.0.1:52072 - R:localhost/127.0.0.1:37990]
14:40:04.166 [Forwarding getPageSource on session fd6f1d1324d09697aef9940427b19117 to remote] DEBUG org.asynchttpclient.netty.request.NettyRequestSender - Using pooled Channel '[id: 0xa59093a8, L:/127.0.0.1:52072 - R:localhost/127.0.0.1:37990]' for 'POST' to 'http://localhost:37990/session/fd6f1d1324d09697aef9940427b19117/execute/sync'
14:40:04.166 [Forwarding getPageSource on session fd6f1d1324d09697aef9940427b19117 to remote] DEBUG org.asynchttpclient.netty.request.NettyRequestSender - Using open Channel [id: 0xa59093a8, L:/127.0.0.1:52072 - R:localhost/127.0.0.1:37990] for POST '/session/fd6f1d1324d09697aef9940427b19117/execute/sync'
14:40:04.171 [AsyncHttpClient-1-8] DEBUG org.asynchttpclient.netty.handler.HttpHandler - 

Request DefaultHttpRequest(decodeResult: success, version: HTTP/1.1)
POST /session/fd6f1d1324d09697aef9940427b19117/execute/sync HTTP/1.1
User-Agent: selenium/4.8.1 (java windows)
Content-Length: 176
Content-Type: application/json; charset=utf-8
host: localhost:37990
accept: */*

Response DefaultHttpResponse(decodeResult: success, version: HTTP/1.1)
HTTP/1.1 200 OK
Content-Length: 4286
Content-Type: application/json; charset=utf-8
cache-control: no-cache

14:40:04.172 [AsyncHttpClient-1-8] DEBUG org.asynchttpclient.netty.channel.ChannelManager - Adding key: http://localhost:37990 for channel [id: 0xa59093a8, L:/127.0.0.1:52072 - R:localhost/127.0.0.1:37990]
14:40:04.174 [Forwarding getCurrentUrl on session fd6f1d1324d09697aef9940427b19117 to remote] DEBUG org.asynchttpclient.netty.request.NettyRequestSender - Using pooled Channel '[id: 0xa59093a8, L:/127.0.0.1:52072 - R:localhost/127.0.0.1:37990]' for 'GET' to 'http://localhost:37990/session/fd6f1d1324d09697aef9940427b19117/url'
14:40:04.174 [Forwarding getCurrentUrl on session fd6f1d1324d09697aef9940427b19117 to remote] DEBUG org.asynchttpclient.netty.request.NettyRequestSender - Using open Channel [id: 0xa59093a8, L:/127.0.0.1:52072 - R:localhost/127.0.0.1:37990] for GET '/session/fd6f1d1324d09697aef9940427b19117/url'
14:40:04.180 [AsyncHttpClient-1-8] DEBUG org.asynchttpclient.netty.handler.HttpHandler - 

Request DefaultFullHttpRequest(decodeResult: success, version: HTTP/1.1, content: EmptyByteBufBE)
GET /session/fd6f1d1324d09697aef9940427b19117/url HTTP/1.1
User-Agent: selenium/4.8.1 (java windows)
Cache-Control: no-cache
Content-Type: application/json; charset=utf-8
host: localhost:37990
accept: */*

Response DefaultHttpResponse(decodeResult: success, version: HTTP/1.1)
HTTP/1.1 200 OK
Content-Length: 38
Content-Type: application/json; charset=utf-8
cache-control: no-cache

14:40:04.181 [AsyncHttpClient-1-8] DEBUG org.asynchttpclient.netty.channel.ChannelManager - Adding key: http://localhost:37990 for channel [id: 0xa59093a8, L:/127.0.0.1:52072 - R:localhost/127.0.0.1:37990]
14:40:04.191 [main] DEBUG net.thucydides.core.steps.StepInterceptor - STARTING STEP: LoginSteps.enterInvalidUsername - inputUsername
14:40:04.195 [Forwarding findElement on session fd6f1d1324d09697aef9940427b19117 to remote] DEBUG org.asynchttpclient.netty.request.NettyRequestSender - Using pooled Channel '[id: 0xa59093a8, L:/127.0.0.1:52072 - R:localhost/127.0.0.1:37990]' for 'POST' to 'http://localhost:37990/session/fd6f1d1324d09697aef9940427b19117/element'
14:40:04.195 [Forwarding findElement on session fd6f1d1324d09697aef9940427b19117 to remote] DEBUG org.asynchttpclient.netty.request.NettyRequestSender - Using open Channel [id: 0xa59093a8, L:/127.0.0.1:52072 - R:localhost/127.0.0.1:37990] for POST '/session/fd6f1d1324d09697aef9940427b19117/element'
14:40:04.216 [AsyncHttpClient-1-8] DEBUG org.asynchttpclient.netty.handler.HttpHandler - 

Request DefaultHttpRequest(decodeResult: success, version: HTTP/1.1)
POST /session/fd6f1d1324d09697aef9940427b19117/element HTTP/1.1
User-Agent: selenium/4.8.1 (java windows)
Content-Length: 56
Content-Type: application/json; charset=utf-8
host: localhost:37990
accept: */*

Response DefaultHttpResponse(decodeResult: success, version: HTTP/1.1)
HTTP/1.1 200 OK
Content-Length: 88
Content-Type: application/json; charset=utf-8
cache-control: no-cache

14:40:04.216 [AsyncHttpClient-1-8] DEBUG org.asynchttpclient.netty.channel.ChannelManager - Adding key: http://localhost:37990 for channel [id: 0xa59093a8, L:/127.0.0.1:52072 - R:localhost/127.0.0.1:37990]
14:40:04.218 [Forwarding clearElement on session fd6f1d1324d09697aef9940427b19117 to remote] DEBUG org.asynchttpclient.netty.request.NettyRequestSender - Using pooled Channel '[id: 0xa59093a8, L:/127.0.0.1:52072 - R:localhost/127.0.0.1:37990]' for 'POST' to 'http://localhost:37990/session/fd6f1d1324d09697aef9940427b19117/element/36e3ee16-d285-471b-a9b9-481084fab10e/clear'
14:40:04.218 [Forwarding clearElement on session fd6f1d1324d09697aef9940427b19117 to remote] DEBUG org.asynchttpclient.netty.request.NettyRequestSender - Using open Channel [id: 0xa59093a8, L:/127.0.0.1:52072 - R:localhost/127.0.0.1:37990] for POST '/session/fd6f1d1324d09697aef9940427b19117/element/36e3ee16-d285-471b-a9b9-481084fab10e/clear'
14:40:04.298 [AsyncHttpClient-1-8] DEBUG org.asynchttpclient.netty.handler.HttpHandler - 

Request DefaultHttpRequest(decodeResult: success, version: HTTP/1.1)
POST /session/fd6f1d1324d09697aef9940427b19117/element/36e3ee16-d285-471b-a9b9-481084fab10e/clear HTTP/1.1
User-Agent: selenium/4.8.1 (java windows)
Content-Length: 50
Content-Type: application/json; charset=utf-8
host: localhost:37990
accept: */*

Response DefaultHttpResponse(decodeResult: success, version: HTTP/1.1)
HTTP/1.1 200 OK
Content-Length: 14
Content-Type: application/json; charset=utf-8
cache-control: no-cache

14:40:04.298 [AsyncHttpClient-1-8] DEBUG org.asynchttpclient.netty.channel.ChannelManager - Adding key: http://localhost:37990 for channel [id: 0xa59093a8, L:/127.0.0.1:52072 - R:localhost/127.0.0.1:37990]
14:40:04.301 [Forwarding sendKeysToElement on session fd6f1d1324d09697aef9940427b19117 to remote] DEBUG org.asynchttpclient.netty.request.NettyRequestSender - Using pooled Channel '[id: 0xa59093a8, L:/127.0.0.1:52072 - R:localhost/127.0.0.1:37990]' for 'POST' to 'http://localhost:37990/session/fd6f1d1324d09697aef9940427b19117/element/36e3ee16-d285-471b-a9b9-481084fab10e/value'
14:40:04.301 [Forwarding sendKeysToElement on session fd6f1d1324d09697aef9940427b19117 to remote] DEBUG org.asynchttpclient.netty.request.NettyRequestSender - Using open Channel [id: 0xa59093a8, L:/127.0.0.1:52072 - R:localhost/127.0.0.1:37990] for POST '/session/fd6f1d1324d09697aef9940427b19117/element/36e3ee16-d285-471b-a9b9-481084fab10e/value'
14:40:04.410 [AsyncHttpClient-1-8] DEBUG org.asynchttpclient.netty.handler.HttpHandler - 

Request DefaultHttpRequest(decodeResult: success, version: HTTP/1.1)
POST /session/fd6f1d1324d09697aef9940427b19117/element/36e3ee16-d285-471b-a9b9-481084fab10e/value HTTP/1.1
User-Agent: selenium/4.8.1 (java windows)
Content-Length: 201
Content-Type: application/json; charset=utf-8
host: localhost:37990
accept: */*

Response DefaultHttpResponse(decodeResult: success, version: HTTP/1.1)
HTTP/1.1 200 OK
Content-Length: 14
Content-Type: application/json; charset=utf-8
cache-control: no-cache

14:40:04.411 [AsyncHttpClient-1-8] DEBUG org.asynchttpclient.netty.channel.ChannelManager - Adding key: http://localhost:37990 for channel [id: 0xa59093a8, L:/127.0.0.1:52072 - R:localhost/127.0.0.1:37990]
14:40:04.419 [Forwarding getAlertText on session fd6f1d1324d09697aef9940427b19117 to remote] DEBUG org.asynchttpclient.netty.request.NettyRequestSender - Using pooled Channel '[id: 0xa59093a8, L:/127.0.0.1:52072 - R:localhost/127.0.0.1:37990]' for 'GET' to 'http://localhost:37990/session/fd6f1d1324d09697aef9940427b19117/alert/text'
14:40:04.420 [Forwarding getAlertText on session fd6f1d1324d09697aef9940427b19117 to remote] DEBUG org.asynchttpclient.netty.request.NettyRequestSender - Using open Channel [id: 0xa59093a8, L:/127.0.0.1:52072 - R:localhost/127.0.0.1:37990] for GET '/session/fd6f1d1324d09697aef9940427b19117/alert/text'
14:40:04.423 [AsyncHttpClient-1-8] DEBUG org.asynchttpclient.netty.handler.HttpHandler - 

Request DefaultFullHttpRequest(decodeResult: success, version: HTTP/1.1, content: EmptyByteBufBE)
GET /session/fd6f1d1324d09697aef9940427b19117/alert/text HTTP/1.1
User-Agent: selenium/4.8.1 (java windows)
Cache-Control: no-cache
Content-Type: application/json; charset=utf-8
host: localhost:37990
accept: */*

Response DefaultHttpResponse(decodeResult: success, version: HTTP/1.1)
HTTP/1.1 404 Not Found
Content-Length: 836
Content-Type: application/json; charset=utf-8
cache-control: no-cache

14:40:04.423 [AsyncHttpClient-1-8] DEBUG org.asynchttpclient.netty.channel.ChannelManager - Adding key: http://localhost:37990 for channel [id: 0xa59093a8, L:/127.0.0.1:52072 - R:localhost/127.0.0.1:37990]
14:40:04.426 [Forwarding getCurrentUrl on session fd6f1d1324d09697aef9940427b19117 to remote] DEBUG org.asynchttpclient.netty.request.NettyRequestSender - Using pooled Channel '[id: 0xa59093a8, L:/127.0.0.1:52072 - R:localhost/127.0.0.1:37990]' for 'GET' to 'http://localhost:37990/session/fd6f1d1324d09697aef9940427b19117/url'
14:40:04.426 [Forwarding getCurrentUrl on session fd6f1d1324d09697aef9940427b19117 to remote] DEBUG org.asynchttpclient.netty.request.NettyRequestSender - Using open Channel [id: 0xa59093a8, L:/127.0.0.1:52072 - R:localhost/127.0.0.1:37990] for GET '/session/fd6f1d1324d09697aef9940427b19117/url'
14:40:04.432 [AsyncHttpClient-1-8] DEBUG org.asynchttpclient.netty.handler.HttpHandler - 

Request DefaultFullHttpRequest(decodeResult: success, version: HTTP/1.1, content: EmptyByteBufBE)
GET /session/fd6f1d1324d09697aef9940427b19117/url HTTP/1.1
User-Agent: selenium/4.8.1 (java windows)
Cache-Control: no-cache
Content-Type: application/json; charset=utf-8
host: localhost:37990
accept: */*

Response DefaultHttpResponse(decodeResult: success, version: HTTP/1.1)
HTTP/1.1 200 OK
Content-Length: 38
Content-Type: application/json; charset=utf-8
cache-control: no-cache

14:40:04.432 [AsyncHttpClient-1-8] DEBUG org.asynchttpclient.netty.channel.ChannelManager - Adding key: http://localhost:37990 for channel [id: 0xa59093a8, L:/127.0.0.1:52072 - R:localhost/127.0.0.1:37990]
14:40:04.434 [Forwarding screenshot on session fd6f1d1324d09697aef9940427b19117 to remote] DEBUG org.asynchttpclient.netty.request.NettyRequestSender - Using pooled Channel '[id: 0xa59093a8, L:/127.0.0.1:52072 - R:localhost/127.0.0.1:37990]' for 'GET' to 'http://localhost:37990/session/fd6f1d1324d09697aef9940427b19117/screenshot'
14:40:04.434 [Forwarding screenshot on session fd6f1d1324d09697aef9940427b19117 to remote] DEBUG org.asynchttpclient.netty.request.NettyRequestSender - Using open Channel [id: 0xa59093a8, L:/127.0.0.1:52072 - R:localhost/127.0.0.1:37990] for GET '/session/fd6f1d1324d09697aef9940427b19117/screenshot'
14:40:04.481 [AsyncHttpClient-1-1] DEBUG org.asynchttpclient.netty.channel.DefaultChannelPool - Entry count for : http://localhost:52073 : 1
14:40:04.544 [AsyncHttpClient-1-8] DEBUG org.asynchttpclient.netty.handler.HttpHandler - 

Request DefaultFullHttpRequest(decodeResult: success, version: HTTP/1.1, content: EmptyByteBufBE)
GET /session/fd6f1d1324d09697aef9940427b19117/screenshot HTTP/1.1
User-Agent: selenium/4.8.1 (java windows)
Cache-Control: no-cache
Content-Type: application/json; charset=utf-8
host: localhost:37990
accept: */*

Response DefaultHttpResponse(decodeResult: success, version: HTTP/1.1)
HTTP/1.1 200 OK
Content-Length: 35360
Content-Type: application/json; charset=utf-8
cache-control: no-cache

14:40:04.545 [AsyncHttpClient-1-8] DEBUG org.asynchttpclient.netty.channel.ChannelManager - Adding key: http://localhost:37990 for channel [id: 0xa59093a8, L:/127.0.0.1:52072 - R:localhost/127.0.0.1:37990]
14:40:04.548 [main] DEBUG net.serenitybdd.core.photography.Darkroom - Send negative for processing for target\site\serenity\1b9bc37c2ce8cf95f5dc8c915a41be7eaadfb3c845c5047ff299a7fb71303815.png
14:40:04.548 [main] DEBUG net.thucydides.core.steps.StepInterceptor - STEP DONE: inputUsername
  &amp#27;[32mWhen &amp#27;[0m&amp#27;[32mI enter invalid username&amp#27;[0m                   &amp#27;[90m# starter.stepdefinitions.LoginSteps.enterInvalidUsername()&amp#27;[0m
14:40:04.548 [Darkroom Processing Line] DEBUG net.serenitybdd.core.photography.DarkroomProcessingLine - Processing screenshot image in /var/screenshots/screenshot-14166125191950170691
14:40:04.549 [Darkroom Processing Line] DEBUG net.serenitybdd.core.photography.DarkroomProcessingLine - Saving screenshot to target\site\serenity\1b9bc37c2ce8cf95f5dc8c915a41be7eaadfb3c845c5047ff299a7fb71303815.png
14:40:04.559 [Forwarding getPageSource on session fd6f1d1324d09697aef9940427b19117 to remote] DEBUG org.asynchttpclient.netty.request.NettyRequestSender - Using pooled Channel '[id: 0xa59093a8, L:/127.0.0.1:52072 - R:localhost/127.0.0.1:37990]' for 'POST' to 'http://localhost:37990/session/fd6f1d1324d09697aef9940427b19117/execute/sync'
14:40:04.559 [Forwarding getPageSource on session fd6f1d1324d09697aef9940427b19117 to remote] DEBUG org.asynchttpclient.netty.request.NettyRequestSender - Using open Channel [id: 0xa59093a8, L:/127.0.0.1:52072 - R:localhost/127.0.0.1:37990] for POST '/session/fd6f1d1324d09697aef9940427b19117/execute/sync'
14:40:04.564 [AsyncHttpClient-1-8] DEBUG org.asynchttpclient.netty.handler.HttpHandler - 

Request DefaultHttpRequest(decodeResult: success, version: HTTP/1.1)
POST /session/fd6f1d1324d09697aef9940427b19117/execute/sync HTTP/1.1
User-Agent: selenium/4.8.1 (java windows)
Content-Length: 176
Content-Type: application/json; charset=utf-8
host: localhost:37990
accept: */*

Response DefaultHttpResponse(decodeResult: success, version: HTTP/1.1)
HTTP/1.1 200 OK
Content-Length: 4298
Content-Type: application/json; charset=utf-8
cache-control: no-cache

14:40:04.564 [AsyncHttpClient-1-8] DEBUG org.asynchttpclient.netty.channel.ChannelManager - Adding key: http://localhost:37990 for channel [id: 0xa59093a8, L:/127.0.0.1:52072 - R:localhost/127.0.0.1:37990]
14:40:04.565 [Forwarding getCurrentUrl on session fd6f1d1324d09697aef9940427b19117 to remote] DEBUG org.asynchttpclient.netty.request.NettyRequestSender - Using pooled Channel '[id: 0xa59093a8, L:/127.0.0.1:52072 - R:localhost/127.0.0.1:37990]' for 'GET' to 'http://localhost:37990/session/fd6f1d1324d09697aef9940427b19117/url'
14:40:04.565 [Forwarding getCurrentUrl on session fd6f1d1324d09697aef9940427b19117 to remote] DEBUG org.asynchttpclient.netty.request.NettyRequestSender - Using open Channel [id: 0xa59093a8, L:/127.0.0.1:52072 - R:localhost/127.0.0.1:37990] for GET '/session/fd6f1d1324d09697aef9940427b19117/url'
14:40:04.569 [AsyncHttpClient-1-8] DEBUG org.asynchttpclient.netty.handler.HttpHandler - 

Request DefaultFullHttpRequest(decodeResult: success, version: HTTP/1.1, content: EmptyByteBufBE)
GET /session/fd6f1d1324d09697aef9940427b19117/url HTTP/1.1
User-Agent: selenium/4.8.1 (java windows)
Cache-Control: no-cache
Content-Type: application/json; charset=utf-8
host: localhost:37990
accept: */*

Response DefaultHttpResponse(decodeResult: success, version: HTTP/1.1)
HTTP/1.1 200 OK
Content-Length: 38
Content-Type: application/json; charset=utf-8
cache-control: no-cache

14:40:04.569 [AsyncHttpClient-1-8] DEBUG org.asynchttpclient.netty.channel.ChannelManager - Adding key: http://localhost:37990 for channel [id: 0xa59093a8, L:/127.0.0.1:52072 - R:localhost/127.0.0.1:37990]
14:40:04.584 [Forwarding getPageSource on session fd6f1d1324d09697aef9940427b19117 to remote] DEBUG org.asynchttpclient.netty.request.NettyRequestSender - Using pooled Channel '[id: 0xa59093a8, L:/127.0.0.1:52072 - R:localhost/127.0.0.1:37990]' for 'POST' to 'http://localhost:37990/session/fd6f1d1324d09697aef9940427b19117/execute/sync'
14:40:04.585 [Forwarding getPageSource on session fd6f1d1324d09697aef9940427b19117 to remote] DEBUG org.asynchttpclient.netty.request.NettyRequestSender - Using open Channel [id: 0xa59093a8, L:/127.0.0.1:52072 - R:localhost/127.0.0.1:37990] for POST '/session/fd6f1d1324d09697aef9940427b19117/execute/sync'
14:40:04.590 [AsyncHttpClient-1-8] DEBUG org.asynchttpclient.netty.handler.HttpHandler - 

Request DefaultHttpRequest(decodeResult: success, version: HTTP/1.1)
POST /session/fd6f1d1324d09697aef9940427b19117/execute/sync HTTP/1.1
User-Agent: selenium/4.8.1 (java windows)
Content-Length: 176
Content-Type: application/json; charset=utf-8
host: localhost:37990
accept: */*

Response DefaultHttpResponse(decodeResult: success, version: HTTP/1.1)
HTTP/1.1 200 OK
Content-Length: 4298
Content-Type: application/json; charset=utf-8
cache-control: no-cache

14:40:04.590 [AsyncHttpClient-1-8] DEBUG org.asynchttpclient.netty.channel.ChannelManager - Adding key: http://localhost:37990 for channel [id: 0xa59093a8, L:/127.0.0.1:52072 - R:localhost/127.0.0.1:37990]
14:40:04.592 [Forwarding getCurrentUrl on session fd6f1d1324d09697aef9940427b19117 to remote] DEBUG org.asynchttpclient.netty.request.NettyRequestSender - Using pooled Channel '[id: 0xa59093a8, L:/127.0.0.1:52072 - R:localhost/127.0.0.1:37990]' for 'GET' to 'http://localhost:37990/session/fd6f1d1324d09697aef9940427b19117/url'
14:40:04.592 [Forwarding getCurrentUrl on session fd6f1d1324d09697aef9940427b19117 to remote] DEBUG org.asynchttpclient.netty.request.NettyRequestSender - Using open Channel [id: 0xa59093a8, L:/127.0.0.1:52072 - R:localhost/127.0.0.1:37990] for GET '/session/fd6f1d1324d09697aef9940427b19117/url'
14:40:04.596 [AsyncHttpClient-1-8] DEBUG org.asynchttpclient.netty.handler.HttpHandler - 

Request DefaultFullHttpRequest(decodeResult: success, version: HTTP/1.1, content: EmptyByteBufBE)
GET /session/fd6f1d1324d09697aef9940427b19117/url HTTP/1.1
User-Agent: selenium/4.8.1 (java windows)
Cache-Control: no-cache
Content-Type: application/json; charset=utf-8
host: localhost:37990
accept: */*

Response DefaultHttpResponse(decodeResult: success, version: HTTP/1.1)
HTTP/1.1 200 OK
Content-Length: 38
Content-Type: application/json; charset=utf-8
cache-control: no-cache

14:40:04.596 [AsyncHttpClient-1-8] DEBUG org.asynchttpclient.netty.channel.ChannelManager - Adding key: http://localhost:37990 for channel [id: 0xa59093a8, L:/127.0.0.1:52072 - R:localhost/127.0.0.1:37990]
14:40:04.599 [main] DEBUG net.thucydides.core.steps.StepInterceptor - STARTING STEP: LoginSteps.enterValidUserPassword - inputPassword
14:40:04.602 [Forwarding findElement on session fd6f1d1324d09697aef9940427b19117 to remote] DEBUG org.asynchttpclient.netty.request.NettyRequestSender - Using pooled Channel '[id: 0xa59093a8, L:/127.0.0.1:52072 - R:localhost/127.0.0.1:37990]' for 'POST' to 'http://localhost:37990/session/fd6f1d1324d09697aef9940427b19117/element'
14:40:04.602 [Forwarding findElement on session fd6f1d1324d09697aef9940427b19117 to remote] DEBUG org.asynchttpclient.netty.request.NettyRequestSender - Using open Channel [id: 0xa59093a8, L:/127.0.0.1:52072 - R:localhost/127.0.0.1:37990] for POST '/session/fd6f1d1324d09697aef9940427b19117/element'
14:40:04.622 [AsyncHttpClient-1-8] DEBUG org.asynchttpclient.netty.handler.HttpHandler - 

Request DefaultHttpRequest(decodeResult: success, version: HTTP/1.1)
POST /session/fd6f1d1324d09697aef9940427b19117/element HTTP/1.1
User-Agent: selenium/4.8.1 (java windows)
Content-Length: 53
Content-Type: application/json; charset=utf-8
host: localhost:37990
accept: */*

Response DefaultHttpResponse(decodeResult: success, version: HTTP/1.1)
HTTP/1.1 200 OK
Content-Length: 88
Content-Type: application/json; charset=utf-8
cache-control: no-cache

14:40:04.623 [AsyncHttpClient-1-8] DEBUG org.asynchttpclient.netty.channel.ChannelManager - Adding key: http://localhost:37990 for channel [id: 0xa59093a8, L:/127.0.0.1:52072 - R:localhost/127.0.0.1:37990]
14:40:04.625 [Forwarding clearElement on session fd6f1d1324d09697aef9940427b19117 to remote] DEBUG org.asynchttpclient.netty.request.NettyRequestSender - Using pooled Channel '[id: 0xa59093a8, L:/127.0.0.1:52072 - R:localhost/127.0.0.1:37990]' for 'POST' to 'http://localhost:37990/session/fd6f1d1324d09697aef9940427b19117/element/a214674c-5c85-4127-afaa-b545b4d5fa8a/clear'
14:40:04.625 [Forwarding clearElement on session fd6f1d1324d09697aef9940427b19117 to remote] DEBUG org.asynchttpclient.netty.request.NettyRequestSender - Using open Channel [id: 0xa59093a8, L:/127.0.0.1:52072 - R:localhost/127.0.0.1:37990] for POST '/session/fd6f1d1324d09697aef9940427b19117/element/a214674c-5c85-4127-afaa-b545b4d5fa8a/clear'
14:40:04.676 [AsyncHttpClient-1-8] DEBUG org.asynchttpclient.netty.handler.HttpHandler - 

Request DefaultHttpRequest(decodeResult: success, version: HTTP/1.1)
POST /session/fd6f1d1324d09697aef9940427b19117/element/a214674c-5c85-4127-afaa-b545b4d5fa8a/clear HTTP/1.1
User-Agent: selenium/4.8.1 (java windows)
Content-Length: 50
Content-Type: application/json; charset=utf-8
host: localhost:37990
accept: */*

Response DefaultHttpResponse(decodeResult: success, version: HTTP/1.1)
HTTP/1.1 200 OK
Content-Length: 14
Content-Type: application/json; charset=utf-8
cache-control: no-cache

14:40:04.676 [AsyncHttpClient-1-8] DEBUG org.asynchttpclient.netty.channel.ChannelManager - Adding key: http://localhost:37990 for channel [id: 0xa59093a8, L:/127.0.0.1:52072 - R:localhost/127.0.0.1:37990]
14:40:04.679 [Forwarding sendKeysToElement on session fd6f1d1324d09697aef9940427b19117 to remote] DEBUG org.asynchttpclient.netty.request.NettyRequestSender - Using pooled Channel '[id: 0xa59093a8, L:/127.0.0.1:52072 - R:localhost/127.0.0.1:37990]' for 'POST' to 'http://localhost:37990/session/fd6f1d1324d09697aef9940427b19117/element/a214674c-5c85-4127-afaa-b545b4d5fa8a/value'
14:40:04.679 [Forwarding sendKeysToElement on session fd6f1d1324d09697aef9940427b19117 to remote] DEBUG org.asynchttpclient.netty.request.NettyRequestSender - Using open Channel [id: 0xa59093a8, L:/127.0.0.1:52072 - R:localhost/127.0.0.1:37990] for POST '/session/fd6f1d1324d09697aef9940427b19117/element/a214674c-5c85-4127-afaa-b545b4d5fa8a/value'
14:40:04.782 [AsyncHttpClient-1-8] DEBUG org.asynchttpclient.netty.handler.HttpHandler - 

Request DefaultHttpRequest(decodeResult: success, version: HTTP/1.1)
POST /session/fd6f1d1324d09697aef9940427b19117/element/a214674c-5c85-4127-afaa-b545b4d5fa8a/value HTTP/1.1
User-Agent: selenium/4.8.1 (java windows)
Content-Length: 201
Content-Type: application/json; charset=utf-8
host: localhost:37990
accept: */*

Response DefaultHttpResponse(decodeResult: success, version: HTTP/1.1)
HTTP/1.1 200 OK
Content-Length: 14
Content-Type: application/json; charset=utf-8
cache-control: no-cache

14:40:04.782 [AsyncHttpClient-1-8] DEBUG org.asynchttpclient.netty.channel.ChannelManager - Adding key: http://localhost:37990 for channel [id: 0xa59093a8, L:/127.0.0.1:52072 - R:localhost/127.0.0.1:37990]
14:40:04.791 [Forwarding getAlertText on session fd6f1d1324d09697aef9940427b19117 to remote] DEBUG org.asynchttpclient.netty.request.NettyRequestSender - Using pooled Channel '[id: 0xa59093a8, L:/127.0.0.1:52072 - R:localhost/127.0.0.1:37990]' for 'GET' to 'http://localhost:37990/session/fd6f1d1324d09697aef9940427b19117/alert/text'
14:40:04.791 [Forwarding getAlertText on session fd6f1d1324d09697aef9940427b19117 to remote] DEBUG org.asynchttpclient.netty.request.NettyRequestSender - Using open Channel [id: 0xa59093a8, L:/127.0.0.1:52072 - R:localhost/127.0.0.1:37990] for GET '/session/fd6f1d1324d09697aef9940427b19117/alert/text'
14:40:04.793 [AsyncHttpClient-1-8] DEBUG org.asynchttpclient.netty.handler.HttpHandler - 

Request DefaultFullHttpRequest(decodeResult: success, version: HTTP/1.1, content: EmptyByteBufBE)
GET /session/fd6f1d1324d09697aef9940427b19117/alert/text HTTP/1.1
User-Agent: selenium/4.8.1 (java windows)
Cache-Control: no-cache
Content-Type: application/json; charset=utf-8
host: localhost:37990
accept: */*

Response DefaultHttpResponse(decodeResult: success, version: HTTP/1.1)
HTTP/1.1 404 Not Found
Content-Length: 836
Content-Type: application/json; charset=utf-8
cache-control: no-cache

14:40:04.793 [AsyncHttpClient-1-8] DEBUG org.asynchttpclient.netty.channel.ChannelManager - Adding key: http://localhost:37990 for channel [id: 0xa59093a8, L:/127.0.0.1:52072 - R:localhost/127.0.0.1:37990]
14:40:04.795 [Forwarding getCurrentUrl on session fd6f1d1324d09697aef9940427b19117 to remote] DEBUG org.asynchttpclient.netty.request.NettyRequestSender - Using pooled Channel '[id: 0xa59093a8, L:/127.0.0.1:52072 - R:localhost/127.0.0.1:37990]' for 'GET' to 'http://localhost:37990/session/fd6f1d1324d09697aef9940427b19117/url'
14:40:04.795 [Forwarding getCurrentUrl on session fd6f1d1324d09697aef9940427b19117 to remote] DEBUG org.asynchttpclient.netty.request.NettyRequestSender - Using open Channel [id: 0xa59093a8, L:/127.0.0.1:52072 - R:localhost/127.0.0.1:37990] for GET '/session/fd6f1d1324d09697aef9940427b19117/url'
14:40:04.799 [AsyncHttpClient-1-8] DEBUG org.asynchttpclient.netty.handler.HttpHandler - 

Request DefaultFullHttpRequest(decodeResult: success, version: HTTP/1.1, content: EmptyByteBufBE)
GET /session/fd6f1d1324d09697aef9940427b19117/url HTTP/1.1
User-Agent: selenium/4.8.1 (java windows)
Cache-Control: no-cache
Content-Type: application/json; charset=utf-8
host: localhost:37990
accept: */*

Response DefaultHttpResponse(decodeResult: success, version: HTTP/1.1)
HTTP/1.1 200 OK
Content-Length: 38
Content-Type: application/json; charset=utf-8
cache-control: no-cache

14:40:04.799 [AsyncHttpClient-1-8] DEBUG org.asynchttpclient.netty.channel.ChannelManager - Adding key: http://localhost:37990 for channel [id: 0xa59093a8, L:/127.0.0.1:52072 - R:localhost/127.0.0.1:37990]
14:40:04.800 [Forwarding screenshot on session fd6f1d1324d09697aef9940427b19117 to remote] DEBUG org.asynchttpclient.netty.request.NettyRequestSender - Using pooled Channel '[id: 0xa59093a8, L:/127.0.0.1:52072 - R:localhost/127.0.0.1:37990]' for 'GET' to 'http://localhost:37990/session/fd6f1d1324d09697aef9940427b19117/screenshot'
14:40:04.800 [Forwarding screenshot on session fd6f1d1324d09697aef9940427b19117 to remote] DEBUG org.asynchttpclient.netty.request.NettyRequestSender - Using open Channel [id: 0xa59093a8, L:/127.0.0.1:52072 - R:localhost/127.0.0.1:37990] for GET '/session/fd6f1d1324d09697aef9940427b19117/screenshot'
14:40:04.899 [AsyncHttpClient-1-8] DEBUG org.asynchttpclient.netty.handler.HttpHandler - 

Request DefaultFullHttpRequest(decodeResult: success, version: HTTP/1.1, content: EmptyByteBufBE)
GET /session/fd6f1d1324d09697aef9940427b19117/screenshot HTTP/1.1
User-Agent: selenium/4.8.1 (java windows)
Cache-Control: no-cache
Content-Type: application/json; charset=utf-8
host: localhost:37990
accept: */*

Response DefaultHttpResponse(decodeResult: success, version: HTTP/1.1)
HTTP/1.1 200 OK
Content-Length: 34012
Content-Type: application/json; charset=utf-8
cache-control: no-cache

14:40:04.899 [AsyncHttpClient-1-8] DEBUG org.asynchttpclient.netty.channel.ChannelManager - Adding key: http://localhost:37990 for channel [id: 0xa59093a8, L:/127.0.0.1:52072 - R:localhost/127.0.0.1:37990]
14:40:04.903 [main] DEBUG net.serenitybdd.core.photography.Darkroom - Send negative for processing for target\site\serenity\eba60e6672799cb9cb5b34f71f03cd528ce4b5b41ad94b293dd2c6c1114ba71d.png
14:40:04.903 [main] DEBUG net.thucydides.core.steps.StepInterceptor - STEP DONE: inputPassword
  &amp#27;[32mAnd &amp#27;[0m&amp#27;[32mI enter valid user password&amp#27;[0m                 &amp#27;[90m# starter.stepdefinitions.LoginSteps.enterValidUserPassword()&amp#27;[0m
14:40:04.907 [Darkroom Processing Line] DEBUG net.serenitybdd.core.photography.DarkroomProcessingLine - Processing screenshot image in /var/screenshots/screenshot-11967752816511237824
14:40:04.907 [Darkroom Processing Line] DEBUG net.serenitybdd.core.photography.DarkroomProcessingLine - Saving screenshot to target\site\serenity\eba60e6672799cb9cb5b34f71f03cd528ce4b5b41ad94b293dd2c6c1114ba71d.png
14:40:04.924 [Forwarding getPageSource on session fd6f1d1324d09697aef9940427b19117 to remote] DEBUG org.asynchttpclient.netty.request.NettyRequestSender - Using pooled Channel '[id: 0xa59093a8, L:/127.0.0.1:52072 - R:localhost/127.0.0.1:37990]' for 'POST' to 'http://localhost:37990/session/fd6f1d1324d09697aef9940427b19117/execute/sync'
14:40:04.924 [Forwarding getPageSource on session fd6f1d1324d09697aef9940427b19117 to remote] DEBUG org.asynchttpclient.netty.request.NettyRequestSender - Using open Channel [id: 0xa59093a8, L:/127.0.0.1:52072 - R:localhost/127.0.0.1:37990] for POST '/session/fd6f1d1324d09697aef9940427b19117/execute/sync'
14:40:04.937 [AsyncHttpClient-1-8] DEBUG org.asynchttpclient.netty.handler.HttpHandler - 

Request DefaultHttpRequest(decodeResult: success, version: HTTP/1.1)
POST /session/fd6f1d1324d09697aef9940427b19117/execute/sync HTTP/1.1
User-Agent: selenium/4.8.1 (java windows)
Content-Length: 176
Content-Type: application/json; charset=utf-8
host: localhost:37990
accept: */*

Response DefaultHttpResponse(decodeResult: success, version: HTTP/1.1)
HTTP/1.1 200 OK
Content-Length: 4310
Content-Type: application/json; charset=utf-8
cache-control: no-cache

14:40:04.937 [AsyncHttpClient-1-8] DEBUG org.asynchttpclient.netty.channel.ChannelManager - Adding key: http://localhost:37990 for channel [id: 0xa59093a8, L:/127.0.0.1:52072 - R:localhost/127.0.0.1:37990]
14:40:04.940 [Forwarding getCurrentUrl on session fd6f1d1324d09697aef9940427b19117 to remote] DEBUG org.asynchttpclient.netty.request.NettyRequestSender - Using pooled Channel '[id: 0xa59093a8, L:/127.0.0.1:52072 - R:localhost/127.0.0.1:37990]' for 'GET' to 'http://localhost:37990/session/fd6f1d1324d09697aef9940427b19117/url'
14:40:04.940 [Forwarding getCurrentUrl on session fd6f1d1324d09697aef9940427b19117 to remote] DEBUG org.asynchttpclient.netty.request.NettyRequestSender - Using open Channel [id: 0xa59093a8, L:/127.0.0.1:52072 - R:localhost/127.0.0.1:37990] for GET '/session/fd6f1d1324d09697aef9940427b19117/url'
14:40:04.947 [AsyncHttpClient-1-8] DEBUG org.asynchttpclient.netty.handler.HttpHandler - 

Request DefaultFullHttpRequest(decodeResult: success, version: HTTP/1.1, content: EmptyByteBufBE)
GET /session/fd6f1d1324d09697aef9940427b19117/url HTTP/1.1
User-Agent: selenium/4.8.1 (java windows)
Cache-Control: no-cache
Content-Type: application/json; charset=utf-8
host: localhost:37990
accept: */*

Response DefaultHttpResponse(decodeResult: success, version: HTTP/1.1)
HTTP/1.1 200 OK
Content-Length: 38
Content-Type: application/json; charset=utf-8
cache-control: no-cache

14:40:04.947 [AsyncHttpClient-1-8] DEBUG org.asynchttpclient.netty.channel.ChannelManager - Adding key: http://localhost:37990 for channel [id: 0xa59093a8, L:/127.0.0.1:52072 - R:localhost/127.0.0.1:37990]
14:40:04.958 [Forwarding getAlertText on session fd6f1d1324d09697aef9940427b19117 to remote] DEBUG org.asynchttpclient.netty.request.NettyRequestSender - Using pooled Channel '[id: 0xa59093a8, L:/127.0.0.1:52072 - R:localhost/127.0.0.1:37990]' for 'GET' to 'http://localhost:37990/session/fd6f1d1324d09697aef9940427b19117/alert/text'
14:40:04.958 [Forwarding getAlertText on session fd6f1d1324d09697aef9940427b19117 to remote] DEBUG org.asynchttpclient.netty.request.NettyRequestSender - Using open Channel [id: 0xa59093a8, L:/127.0.0.1:52072 - R:localhost/127.0.0.1:37990] for GET '/session/fd6f1d1324d09697aef9940427b19117/alert/text'
14:40:04.960 [AsyncHttpClient-1-8] DEBUG org.asynchttpclient.netty.handler.HttpHandler - 

Request DefaultFullHttpRequest(decodeResult: success, version: HTTP/1.1, content: EmptyByteBufBE)
GET /session/fd6f1d1324d09697aef9940427b19117/alert/text HTTP/1.1
User-Agent: selenium/4.8.1 (java windows)
Cache-Control: no-cache
Content-Type: application/json; charset=utf-8
host: localhost:37990
accept: */*

Response DefaultHttpResponse(decodeResult: success, version: HTTP/1.1)
HTTP/1.1 404 Not Found
Content-Length: 836
Content-Type: application/json; charset=utf-8
cache-control: no-cache

14:40:04.960 [AsyncHttpClient-1-8] DEBUG org.asynchttpclient.netty.channel.ChannelManager - Adding key: http://localhost:37990 for channel [id: 0xa59093a8, L:/127.0.0.1:52072 - R:localhost/127.0.0.1:37990]
14:40:04.962 [Forwarding getCurrentUrl on session fd6f1d1324d09697aef9940427b19117 to remote] DEBUG org.asynchttpclient.netty.request.NettyRequestSender - Using pooled Channel '[id: 0xa59093a8, L:/127.0.0.1:52072 - R:localhost/127.0.0.1:37990]' for 'GET' to 'http://localhost:37990/session/fd6f1d1324d09697aef9940427b19117/url'
14:40:04.962 [Forwarding getCurrentUrl on session fd6f1d1324d09697aef9940427b19117 to remote] DEBUG org.asynchttpclient.netty.request.NettyRequestSender - Using open Channel [id: 0xa59093a8, L:/127.0.0.1:52072 - R:localhost/127.0.0.1:37990] for GET '/session/fd6f1d1324d09697aef9940427b19117/url'
14:40:04.966 [AsyncHttpClient-1-8] DEBUG org.asynchttpclient.netty.handler.HttpHandler - 

Request DefaultFullHttpRequest(decodeResult: success, version: HTTP/1.1, content: EmptyByteBufBE)
GET /session/fd6f1d1324d09697aef9940427b19117/url HTTP/1.1
User-Agent: selenium/4.8.1 (java windows)
Cache-Control: no-cache
Content-Type: application/json; charset=utf-8
host: localhost:37990
accept: */*

Response DefaultHttpResponse(decodeResult: success, version: HTTP/1.1)
HTTP/1.1 200 OK
Content-Length: 38
Content-Type: application/json; charset=utf-8
cache-control: no-cache

14:40:04.967 [AsyncHttpClient-1-8] DEBUG org.asynchttpclient.netty.channel.ChannelManager - Adding key: http://localhost:37990 for channel [id: 0xa59093a8, L:/127.0.0.1:52072 - R:localhost/127.0.0.1:37990]
14:40:04.968 [Forwarding screenshot on session fd6f1d1324d09697aef9940427b19117 to remote] DEBUG org.asynchttpclient.netty.request.NettyRequestSender - Using pooled Channel '[id: 0xa59093a8, L:/127.0.0.1:52072 - R:localhost/127.0.0.1:37990]' for 'GET' to 'http://localhost:37990/session/fd6f1d1324d09697aef9940427b19117/screenshot'
14:40:04.968 [Forwarding screenshot on session fd6f1d1324d09697aef9940427b19117 to remote] DEBUG org.asynchttpclient.netty.request.NettyRequestSender - Using open Channel [id: 0xa59093a8, L:/127.0.0.1:52072 - R:localhost/127.0.0.1:37990] for GET '/session/fd6f1d1324d09697aef9940427b19117/screenshot'
14:40:05.064 [AsyncHttpClient-1-8] DEBUG org.asynchttpclient.netty.handler.HttpHandler - 

Request DefaultFullHttpRequest(decodeResult: success, version: HTTP/1.1, content: EmptyByteBufBE)
GET /session/fd6f1d1324d09697aef9940427b19117/screenshot HTTP/1.1
User-Agent: selenium/4.8.1 (java windows)
Cache-Control: no-cache
Content-Type: application/json; charset=utf-8
host: localhost:37990
accept: */*

Response DefaultHttpResponse(decodeResult: success, version: HTTP/1.1)
HTTP/1.1 200 OK
Content-Length: 34012
Content-Type: application/json; charset=utf-8
cache-control: no-cache

14:40:05.064 [AsyncHttpClient-1-8] DEBUG org.asynchttpclient.netty.channel.ChannelManager - Adding key: http://localhost:37990 for channel [id: 0xa59093a8, L:/127.0.0.1:52072 - R:localhost/127.0.0.1:37990]
14:40:05.067 [main] DEBUG net.serenitybdd.core.photography.Darkroom - Send negative for processing for target\site\serenity\eba60e6672799cb9cb5b34f71f03cd528ce4b5b41ad94b293dd2c6c1114ba71d.png
14:40:05.069 [Forwarding getPageSource on session fd6f1d1324d09697aef9940427b19117 to remote] DEBUG org.asynchttpclient.netty.request.NettyRequestSender - Using pooled Channel '[id: 0xa59093a8, L:/127.0.0.1:52072 - R:localhost/127.0.0.1:37990]' for 'POST' to 'http://localhost:37990/session/fd6f1d1324d09697aef9940427b19117/execute/sync'
14:40:05.069 [Forwarding getPageSource on session fd6f1d1324d09697aef9940427b19117 to remote] DEBUG org.asynchttpclient.netty.request.NettyRequestSender - Using open Channel [id: 0xa59093a8, L:/127.0.0.1:52072 - R:localhost/127.0.0.1:37990] for POST '/session/fd6f1d1324d09697aef9940427b19117/execute/sync'
14:40:05.075 [AsyncHttpClient-1-8] DEBUG org.asynchttpclient.netty.handler.HttpHandler - 

Request DefaultHttpRequest(decodeResult: success, version: HTTP/1.1)
POST /session/fd6f1d1324d09697aef9940427b19117/execute/sync HTTP/1.1
User-Agent: selenium/4.8.1 (java windows)
Content-Length: 176
Content-Type: application/json; charset=utf-8
host: localhost:37990
accept: */*

Response DefaultHttpResponse(decodeResult: success, version: HTTP/1.1)
HTTP/1.1 200 OK
Content-Length: 4310
Content-Type: application/json; charset=utf-8
cache-control: no-cache

14:40:05.075 [AsyncHttpClient-1-8] DEBUG org.asynchttpclient.netty.channel.ChannelManager - Adding key: http://localhost:37990 for channel [id: 0xa59093a8, L:/127.0.0.1:52072 - R:localhost/127.0.0.1:37990]
14:40:05.077 [Forwarding getCurrentUrl on session fd6f1d1324d09697aef9940427b19117 to remote] DEBUG org.asynchttpclient.netty.request.NettyRequestSender - Using pooled Channel '[id: 0xa59093a8, L:/127.0.0.1:52072 - R:localhost/127.0.0.1:37990]' for 'GET' to 'http://localhost:37990/session/fd6f1d1324d09697aef9940427b19117/url'
14:40:05.077 [Forwarding getCurrentUrl on session fd6f1d1324d09697aef9940427b19117 to remote] DEBUG org.asynchttpclient.netty.request.NettyRequestSender - Using open Channel [id: 0xa59093a8, L:/127.0.0.1:52072 - R:localhost/127.0.0.1:37990] for GET '/session/fd6f1d1324d09697aef9940427b19117/url'
14:40:05.081 [AsyncHttpClient-1-8] DEBUG org.asynchttpclient.netty.handler.HttpHandler - 

Request DefaultFullHttpRequest(decodeResult: success, version: HTTP/1.1, content: EmptyByteBufBE)
GET /session/fd6f1d1324d09697aef9940427b19117/url HTTP/1.1
User-Agent: selenium/4.8.1 (java windows)
Cache-Control: no-cache
Content-Type: application/json; charset=utf-8
host: localhost:37990
accept: */*

Response DefaultHttpResponse(decodeResult: success, version: HTTP/1.1)
HTTP/1.1 200 OK
Content-Length: 38
Content-Type: application/json; charset=utf-8
cache-control: no-cache

14:40:05.081 [AsyncHttpClient-1-8] DEBUG org.asynchttpclient.netty.channel.ChannelManager - Adding key: http://localhost:37990 for channel [id: 0xa59093a8, L:/127.0.0.1:52072 - R:localhost/127.0.0.1:37990]
14:40:05.084 [main] DEBUG net.thucydides.core.steps.StepInterceptor - STARTING STEP: LoginSteps.clickTheLoginButton - ClickLoginButton
14:40:05.090 [Forwarding findElement on session fd6f1d1324d09697aef9940427b19117 to remote] DEBUG org.asynchttpclient.netty.request.NettyRequestSender - Using pooled Channel '[id: 0xa59093a8, L:/127.0.0.1:52072 - R:localhost/127.0.0.1:37990]' for 'POST' to 'http://localhost:37990/session/fd6f1d1324d09697aef9940427b19117/element'
14:40:05.090 [Forwarding findElement on session fd6f1d1324d09697aef9940427b19117 to remote] DEBUG org.asynchttpclient.netty.request.NettyRequestSender - Using open Channel [id: 0xa59093a8, L:/127.0.0.1:52072 - R:localhost/127.0.0.1:37990] for POST '/session/fd6f1d1324d09697aef9940427b19117/element'
14:40:05.102 [AsyncHttpClient-1-8] DEBUG org.asynchttpclient.netty.handler.HttpHandler - 

Request DefaultHttpRequest(decodeResult: success, version: HTTP/1.1)
POST /session/fd6f1d1324d09697aef9940427b19117/element HTTP/1.1
User-Agent: selenium/4.8.1 (java windows)
Content-Length: 59
Content-Type: application/json; charset=utf-8
host: localhost:37990
accept: */*

Response DefaultHttpResponse(decodeResult: success, version: HTTP/1.1)
HTTP/1.1 200 OK
Content-Length: 88
Content-Type: application/json; charset=utf-8
cache-control: no-cache

14:40:05.102 [AsyncHttpClient-1-8] DEBUG org.asynchttpclient.netty.channel.ChannelManager - Adding key: http://localhost:37990 for channel [id: 0xa59093a8, L:/127.0.0.1:52072 - R:localhost/127.0.0.1:37990]
14:40:05.105 [Forwarding getElementTagName on session fd6f1d1324d09697aef9940427b19117 to remote] DEBUG org.asynchttpclient.netty.request.NettyRequestSender - Using pooled Channel '[id: 0xa59093a8, L:/127.0.0.1:52072 - R:localhost/127.0.0.1:37990]' for 'GET' to 'http://localhost:37990/session/fd6f1d1324d09697aef9940427b19117/element/e24a1d7f-011f-4c61-8239-3bd7250719f9/name'
14:40:05.105 [Forwarding getElementTagName on session fd6f1d1324d09697aef9940427b19117 to remote] DEBUG org.asynchttpclient.netty.request.NettyRequestSender - Using open Channel [id: 0xa59093a8, L:/127.0.0.1:52072 - R:localhost/127.0.0.1:37990] for GET '/session/fd6f1d1324d09697aef9940427b19117/element/e24a1d7f-011f-4c61-8239-3bd7250719f9/name'
14:40:05.116 [AsyncHttpClient-1-8] DEBUG org.asynchttpclient.netty.handler.HttpHandler - 

Request DefaultFullHttpRequest(decodeResult: success, version: HTTP/1.1, content: EmptyByteBufBE)
GET /session/fd6f1d1324d09697aef9940427b19117/element/e24a1d7f-011f-4c61-8239-3bd7250719f9/name HTTP/1.1
User-Agent: selenium/4.8.1 (java windows)
Cache-Control: no-cache
Content-Type: application/json; charset=utf-8
host: localhost:37990
accept: */*

Response DefaultHttpResponse(decodeResult: success, version: HTTP/1.1)
HTTP/1.1 200 OK
Content-Length: 17
Content-Type: application/json; charset=utf-8
cache-control: no-cache

14:40:05.116 [AsyncHttpClient-1-8] DEBUG org.asynchttpclient.netty.channel.ChannelManager - Adding key: http://localhost:37990 for channel [id: 0xa59093a8, L:/127.0.0.1:52072 - R:localhost/127.0.0.1:37990]
14:40:05.118 [Forwarding getElementTagName on session fd6f1d1324d09697aef9940427b19117 to remote] DEBUG org.asynchttpclient.netty.request.NettyRequestSender - Using pooled Channel '[id: 0xa59093a8, L:/127.0.0.1:52072 - R:localhost/127.0.0.1:37990]' for 'GET' to 'http://localhost:37990/session/fd6f1d1324d09697aef9940427b19117/element/e24a1d7f-011f-4c61-8239-3bd7250719f9/name'
14:40:05.118 [Forwarding getElementTagName on session fd6f1d1324d09697aef9940427b19117 to remote] DEBUG org.asynchttpclient.netty.request.NettyRequestSender - Using open Channel [id: 0xa59093a8, L:/127.0.0.1:52072 - R:localhost/127.0.0.1:37990] for GET '/session/fd6f1d1324d09697aef9940427b19117/element/e24a1d7f-011f-4c61-8239-3bd7250719f9/name'
14:40:05.128 [AsyncHttpClient-1-8] DEBUG org.asynchttpclient.netty.handler.HttpHandler - 

Request DefaultFullHttpRequest(decodeResult: success, version: HTTP/1.1, content: EmptyByteBufBE)
GET /session/fd6f1d1324d09697aef9940427b19117/element/e24a1d7f-011f-4c61-8239-3bd7250719f9/name HTTP/1.1
User-Agent: selenium/4.8.1 (java windows)
Cache-Control: no-cache
Content-Type: application/json; charset=utf-8
host: localhost:37990
accept: */*

Response DefaultHttpResponse(decodeResult: success, version: HTTP/1.1)
HTTP/1.1 200 OK
Content-Length: 17
Content-Type: application/json; charset=utf-8
cache-control: no-cache

14:40:05.128 [AsyncHttpClient-1-8] DEBUG org.asynchttpclient.netty.channel.ChannelManager - Adding key: http://localhost:37990 for channel [id: 0xa59093a8, L:/127.0.0.1:52072 - R:localhost/127.0.0.1:37990]
14:40:05.132 [Forwarding isElementEnabled on session fd6f1d1324d09697aef9940427b19117 to remote] DEBUG org.asynchttpclient.netty.request.NettyRequestSender - Using pooled Channel '[id: 0xa59093a8, L:/127.0.0.1:52072 - R:localhost/127.0.0.1:37990]' for 'GET' to 'http://localhost:37990/session/fd6f1d1324d09697aef9940427b19117/element/e24a1d7f-011f-4c61-8239-3bd7250719f9/enabled'
14:40:05.132 [Forwarding isElementEnabled on session fd6f1d1324d09697aef9940427b19117 to remote] DEBUG org.asynchttpclient.netty.request.NettyRequestSender - Using open Channel [id: 0xa59093a8, L:/127.0.0.1:52072 - R:localhost/127.0.0.1:37990] for GET '/session/fd6f1d1324d09697aef9940427b19117/element/e24a1d7f-011f-4c61-8239-3bd7250719f9/enabled'
14:40:05.149 [AsyncHttpClient-1-8] DEBUG org.asynchttpclient.netty.handler.HttpHandler - 

Request DefaultFullHttpRequest(decodeResult: success, version: HTTP/1.1, content: EmptyByteBufBE)
GET /session/fd6f1d1324d09697aef9940427b19117/element/e24a1d7f-011f-4c61-8239-3bd7250719f9/enabled HTTP/1.1
User-Agent: selenium/4.8.1 (java windows)
Cache-Control: no-cache
Content-Type: application/json; charset=utf-8
host: localhost:37990
accept: */*

Response DefaultHttpResponse(decodeResult: success, version: HTTP/1.1)
HTTP/1.1 200 OK
Content-Length: 14
Content-Type: application/json; charset=utf-8
cache-control: no-cache

14:40:05.149 [AsyncHttpClient-1-8] DEBUG org.asynchttpclient.netty.channel.ChannelManager - Adding key: http://localhost:37990 for channel [id: 0xa59093a8, L:/127.0.0.1:52072 - R:localhost/127.0.0.1:37990]
14:40:05.152 [Forwarding isElementEnabled on session fd6f1d1324d09697aef9940427b19117 to remote] DEBUG org.asynchttpclient.netty.request.NettyRequestSender - Using pooled Channel '[id: 0xa59093a8, L:/127.0.0.1:52072 - R:localhost/127.0.0.1:37990]' for 'GET' to 'http://localhost:37990/session/fd6f1d1324d09697aef9940427b19117/element/e24a1d7f-011f-4c61-8239-3bd7250719f9/enabled'
14:40:05.152 [Forwarding isElementEnabled on session fd6f1d1324d09697aef9940427b19117 to remote] DEBUG org.asynchttpclient.netty.request.NettyRequestSender - Using open Channel [id: 0xa59093a8, L:/127.0.0.1:52072 - R:localhost/127.0.0.1:37990] for GET '/session/fd6f1d1324d09697aef9940427b19117/element/e24a1d7f-011f-4c61-8239-3bd7250719f9/enabled'
14:40:05.168 [AsyncHttpClient-1-8] DEBUG org.asynchttpclient.netty.handler.HttpHandler - 

Request DefaultFullHttpRequest(decodeResult: success, version: HTTP/1.1, content: EmptyByteBufBE)
GET /session/fd6f1d1324d09697aef9940427b19117/element/e24a1d7f-011f-4c61-8239-3bd7250719f9/enabled HTTP/1.1
User-Agent: selenium/4.8.1 (java windows)
Cache-Control: no-cache
Content-Type: application/json; charset=utf-8
host: localhost:37990
accept: */*

Response DefaultHttpResponse(decodeResult: success, version: HTTP/1.1)
HTTP/1.1 200 OK
Content-Length: 14
Content-Type: application/json; charset=utf-8
cache-control: no-cache

14:40:05.168 [AsyncHttpClient-1-8] DEBUG org.asynchttpclient.netty.channel.ChannelManager - Adding key: http://localhost:37990 for channel [id: 0xa59093a8, L:/127.0.0.1:52072 - R:localhost/127.0.0.1:37990]
14:40:05.171 [Forwarding findElement on session fd6f1d1324d09697aef9940427b19117 to remote] DEBUG org.asynchttpclient.netty.request.NettyRequestSender - Using pooled Channel '[id: 0xa59093a8, L:/127.0.0.1:52072 - R:localhost/127.0.0.1:37990]' for 'POST' to 'http://localhost:37990/session/fd6f1d1324d09697aef9940427b19117/element'
14:40:05.171 [Forwarding findElement on session fd6f1d1324d09697aef9940427b19117 to remote] DEBUG org.asynchttpclient.netty.request.NettyRequestSender - Using open Channel [id: 0xa59093a8, L:/127.0.0.1:52072 - R:localhost/127.0.0.1:37990] for POST '/session/fd6f1d1324d09697aef9940427b19117/element'
14:40:05.180 [AsyncHttpClient-1-8] DEBUG org.asynchttpclient.netty.handler.HttpHandler - 

Request DefaultHttpRequest(decodeResult: success, version: HTTP/1.1)
POST /session/fd6f1d1324d09697aef9940427b19117/element HTTP/1.1
User-Agent: selenium/4.8.1 (java windows)
Content-Length: 59
Content-Type: application/json; charset=utf-8
host: localhost:37990
accept: */*

Response DefaultHttpResponse(decodeResult: success, version: HTTP/1.1)
HTTP/1.1 200 OK
Content-Length: 88
Content-Type: application/json; charset=utf-8
cache-control: no-cache

14:40:05.181 [AsyncHttpClient-1-8] DEBUG org.asynchttpclient.netty.channel.ChannelManager - Adding key: http://localhost:37990 for channel [id: 0xa59093a8, L:/127.0.0.1:52072 - R:localhost/127.0.0.1:37990]
14:40:05.183 [Forwarding clickElement on session fd6f1d1324d09697aef9940427b19117 to remote] DEBUG org.asynchttpclient.netty.request.NettyRequestSender - Using pooled Channel '[id: 0xa59093a8, L:/127.0.0.1:52072 - R:localhost/127.0.0.1:37990]' for 'POST' to 'http://localhost:37990/session/fd6f1d1324d09697aef9940427b19117/element/e24a1d7f-011f-4c61-8239-3bd7250719f9/click'
14:40:05.183 [Forwarding clickElement on session fd6f1d1324d09697aef9940427b19117 to remote] DEBUG org.asynchttpclient.netty.request.NettyRequestSender - Using open Channel [id: 0xa59093a8, L:/127.0.0.1:52072 - R:localhost/127.0.0.1:37990] for POST '/session/fd6f1d1324d09697aef9940427b19117/element/e24a1d7f-011f-4c61-8239-3bd7250719f9/click'
14:40:05.261 [AsyncHttpClient-1-8] DEBUG org.asynchttpclient.netty.handler.HttpHandler - 

Request DefaultHttpRequest(decodeResult: success, version: HTTP/1.1)
POST /session/fd6f1d1324d09697aef9940427b19117/element/e24a1d7f-011f-4c61-8239-3bd7250719f9/click HTTP/1.1
User-Agent: selenium/4.8.1 (java windows)
Content-Length: 50
Content-Type: application/json; charset=utf-8
host: localhost:37990
accept: */*

Response DefaultHttpResponse(decodeResult: success, version: HTTP/1.1)
HTTP/1.1 200 OK
Content-Length: 14
Content-Type: application/json; charset=utf-8
cache-control: no-cache

14:40:05.262 [AsyncHttpClient-1-8] DEBUG org.asynchttpclient.netty.channel.ChannelManager - Adding key: http://localhost:37990 for channel [id: 0xa59093a8, L:/127.0.0.1:52072 - R:localhost/127.0.0.1:37990]
14:40:05.281 [Forwarding getAlertText on session fd6f1d1324d09697aef9940427b19117 to remote] DEBUG org.asynchttpclient.netty.request.NettyRequestSender - Using pooled Channel '[id: 0xa59093a8, L:/127.0.0.1:52072 - R:localhost/127.0.0.1:37990]' for 'GET' to 'http://localhost:37990/session/fd6f1d1324d09697aef9940427b19117/alert/text'
14:40:05.281 [Forwarding getAlertText on session fd6f1d1324d09697aef9940427b19117 to remote] DEBUG org.asynchttpclient.netty.request.NettyRequestSender - Using open Channel [id: 0xa59093a8, L:/127.0.0.1:52072 - R:localhost/127.0.0.1:37990] for GET '/session/fd6f1d1324d09697aef9940427b19117/alert/text'
14:40:05.283 [AsyncHttpClient-1-8] DEBUG org.asynchttpclient.netty.handler.HttpHandler - 

Request DefaultFullHttpRequest(decodeResult: success, version: HTTP/1.1, content: EmptyByteBufBE)
GET /session/fd6f1d1324d09697aef9940427b19117/alert/text HTTP/1.1
User-Agent: selenium/4.8.1 (java windows)
Cache-Control: no-cache
Content-Type: application/json; charset=utf-8
host: localhost:37990
accept: */*

Response DefaultHttpResponse(decodeResult: success, version: HTTP/1.1)
HTTP/1.1 404 Not Found
Content-Length: 836
Content-Type: application/json; charset=utf-8
cache-control: no-cache

14:40:05.284 [AsyncHttpClient-1-8] DEBUG org.asynchttpclient.netty.channel.ChannelManager - Adding key: http://localhost:37990 for channel [id: 0xa59093a8, L:/127.0.0.1:52072 - R:localhost/127.0.0.1:37990]
14:40:05.286 [Forwarding getCurrentUrl on session fd6f1d1324d09697aef9940427b19117 to remote] DEBUG org.asynchttpclient.netty.request.NettyRequestSender - Using pooled Channel '[id: 0xa59093a8, L:/127.0.0.1:52072 - R:localhost/127.0.0.1:37990]' for 'GET' to 'http://localhost:37990/session/fd6f1d1324d09697aef9940427b19117/url'
14:40:05.286 [Forwarding getCurrentUrl on session fd6f1d1324d09697aef9940427b19117 to remote] DEBUG org.asynchttpclient.netty.request.NettyRequestSender - Using open Channel [id: 0xa59093a8, L:/127.0.0.1:52072 - R:localhost/127.0.0.1:37990] for GET '/session/fd6f1d1324d09697aef9940427b19117/url'
14:40:05.292 [AsyncHttpClient-1-8] DEBUG org.asynchttpclient.netty.handler.HttpHandler - 

Request DefaultFullHttpRequest(decodeResult: success, version: HTTP/1.1, content: EmptyByteBufBE)
GET /session/fd6f1d1324d09697aef9940427b19117/url HTTP/1.1
User-Agent: selenium/4.8.1 (java windows)
Cache-Control: no-cache
Content-Type: application/json; charset=utf-8
host: localhost:37990
accept: */*

Response DefaultHttpResponse(decodeResult: success, version: HTTP/1.1)
HTTP/1.1 200 OK
Content-Length: 38
Content-Type: application/json; charset=utf-8
cache-control: no-cache

14:40:05.292 [AsyncHttpClient-1-8] DEBUG org.asynchttpclient.netty.channel.ChannelManager - Adding key: http://localhost:37990 for channel [id: 0xa59093a8, L:/127.0.0.1:52072 - R:localhost/127.0.0.1:37990]
14:40:05.293 [Forwarding screenshot on session fd6f1d1324d09697aef9940427b19117 to remote] DEBUG org.asynchttpclient.netty.request.NettyRequestSender - Using pooled Channel '[id: 0xa59093a8, L:/127.0.0.1:52072 - R:localhost/127.0.0.1:37990]' for 'GET' to 'http://localhost:37990/session/fd6f1d1324d09697aef9940427b19117/screenshot'
14:40:05.293 [Forwarding screenshot on session fd6f1d1324d09697aef9940427b19117 to remote] DEBUG org.asynchttpclient.netty.request.NettyRequestSender - Using open Channel [id: 0xa59093a8, L:/127.0.0.1:52072 - R:localhost/127.0.0.1:37990] for GET '/session/fd6f1d1324d09697aef9940427b19117/screenshot'
14:40:05.398 [AsyncHttpClient-1-8] DEBUG org.asynchttpclient.netty.handler.HttpHandler - 

Request DefaultFullHttpRequest(decodeResult: success, version: HTTP/1.1, content: EmptyByteBufBE)
GET /session/fd6f1d1324d09697aef9940427b19117/screenshot HTTP/1.1
User-Agent: selenium/4.8.1 (java windows)
Cache-Control: no-cache
Content-Type: application/json; charset=utf-8
host: localhost:37990
accept: */*

Response DefaultHttpResponse(decodeResult: success, version: HTTP/1.1)
HTTP/1.1 200 OK
Content-Length: 40768
Content-Type: application/json; charset=utf-8
cache-control: no-cache

14:40:05.399 [AsyncHttpClient-1-8] DEBUG org.asynchttpclient.netty.channel.ChannelManager - Adding key: http://localhost:37990 for channel [id: 0xa59093a8, L:/127.0.0.1:52072 - R:localhost/127.0.0.1:37990]
14:40:05.400 [main] DEBUG net.serenitybdd.core.photography.Darkroom - Send negative for processing for target\site\serenity\2cc1e34a4132c0c7fa1721c692ce3fae5a0a46246bf258471faf0c2a66c7a0c4.png
14:40:05.400 [main] DEBUG net.thucydides.core.steps.StepInterceptor - STEP DONE: ClickLoginButton
14:40:05.400 [Darkroom Processing Line] DEBUG net.serenitybdd.core.photography.DarkroomProcessingLine - Processing screenshot image in /var/screenshots/screenshot-8485227360265056723
14:40:05.400 [Darkroom Processing Line] DEBUG net.serenitybdd.core.photography.DarkroomProcessingLine - Saving screenshot to target\site\serenity\2cc1e34a4132c0c7fa1721c692ce3fae5a0a46246bf258471faf0c2a66c7a0c4.png
  &amp#27;[32mAnd &amp#27;[0m&amp#27;[32mI click the login button&amp#27;[0m                    &amp#27;[90m# starter.stepdefinitions.LoginSteps.clickTheLoginButton()&amp#27;[0m
14:40:05.412 [Forwarding getPageSource on session fd6f1d1324d09697aef9940427b19117 to remote] DEBUG org.asynchttpclient.netty.request.NettyRequestSender - Using pooled Channel '[id: 0xa59093a8, L:/127.0.0.1:52072 - R:localhost/127.0.0.1:37990]' for 'POST' to 'http://localhost:37990/session/fd6f1d1324d09697aef9940427b19117/execute/sync'
14:40:05.412 [Forwarding getPageSource on session fd6f1d1324d09697aef9940427b19117 to remote] DEBUG org.asynchttpclient.netty.request.NettyRequestSender - Using open Channel [id: 0xa59093a8, L:/127.0.0.1:52072 - R:localhost/127.0.0.1:37990] for POST '/session/fd6f1d1324d09697aef9940427b19117/execute/sync'
14:40:05.419 [AsyncHttpClient-1-8] DEBUG org.asynchttpclient.netty.handler.HttpHandler - 

Request DefaultHttpRequest(decodeResult: success, version: HTTP/1.1)
POST /session/fd6f1d1324d09697aef9940427b19117/execute/sync HTTP/1.1
User-Agent: selenium/4.8.1 (java windows)
Content-Length: 176
Content-Type: application/json; charset=utf-8
host: localhost:37990
accept: */*

Response DefaultHttpResponse(decodeResult: success, version: HTTP/1.1)
HTTP/1.1 200 OK
Content-Length: 14819
Content-Type: application/json; charset=utf-8
cache-control: no-cache

14:40:05.419 [AsyncHttpClient-1-8] DEBUG org.asynchttpclient.netty.channel.ChannelManager - Adding key: http://localhost:37990 for channel [id: 0xa59093a8, L:/127.0.0.1:52072 - R:localhost/127.0.0.1:37990]
14:40:05.423 [Forwarding getCurrentUrl on session fd6f1d1324d09697aef9940427b19117 to remote] DEBUG org.asynchttpclient.netty.request.NettyRequestSender - Using pooled Channel '[id: 0xa59093a8, L:/127.0.0.1:52072 - R:localhost/127.0.0.1:37990]' for 'GET' to 'http://localhost:37990/session/fd6f1d1324d09697aef9940427b19117/url'
14:40:05.423 [Forwarding getCurrentUrl on session fd6f1d1324d09697aef9940427b19117 to remote] DEBUG org.asynchttpclient.netty.request.NettyRequestSender - Using open Channel [id: 0xa59093a8, L:/127.0.0.1:52072 - R:localhost/127.0.0.1:37990] for GET '/session/fd6f1d1324d09697aef9940427b19117/url'
14:40:05.431 [AsyncHttpClient-1-8] DEBUG org.asynchttpclient.netty.handler.HttpHandler - 

Request DefaultFullHttpRequest(decodeResult: success, version: HTTP/1.1, content: EmptyByteBufBE)
GET /session/fd6f1d1324d09697aef9940427b19117/url HTTP/1.1
User-Agent: selenium/4.8.1 (java windows)
Cache-Control: no-cache
Content-Type: application/json; charset=utf-8
host: localhost:37990
accept: */*

Response DefaultHttpResponse(decodeResult: success, version: HTTP/1.1)
HTTP/1.1 200 OK
Content-Length: 38
Content-Type: application/json; charset=utf-8
cache-control: no-cache

14:40:05.431 [AsyncHttpClient-1-8] DEBUG org.asynchttpclient.netty.channel.ChannelManager - Adding key: http://localhost:37990 for channel [id: 0xa59093a8, L:/127.0.0.1:52072 - R:localhost/127.0.0.1:37990]
14:40:05.449 [Forwarding getPageSource on session fd6f1d1324d09697aef9940427b19117 to remote] DEBUG org.asynchttpclient.netty.request.NettyRequestSender - Using pooled Channel '[id: 0xa59093a8, L:/127.0.0.1:52072 - R:localhost/127.0.0.1:37990]' for 'POST' to 'http://localhost:37990/session/fd6f1d1324d09697aef9940427b19117/execute/sync'
14:40:05.449 [Forwarding getPageSource on session fd6f1d1324d09697aef9940427b19117 to remote] DEBUG org.asynchttpclient.netty.request.NettyRequestSender - Using open Channel [id: 0xa59093a8, L:/127.0.0.1:52072 - R:localhost/127.0.0.1:37990] for POST '/session/fd6f1d1324d09697aef9940427b19117/execute/sync'
14:40:05.455 [AsyncHttpClient-1-8] DEBUG org.asynchttpclient.netty.handler.HttpHandler - 

Request DefaultHttpRequest(decodeResult: success, version: HTTP/1.1)
POST /session/fd6f1d1324d09697aef9940427b19117/execute/sync HTTP/1.1
User-Agent: selenium/4.8.1 (java windows)
Content-Length: 176
Content-Type: application/json; charset=utf-8
host: localhost:37990
accept: */*

Response DefaultHttpResponse(decodeResult: success, version: HTTP/1.1)
HTTP/1.1 200 OK
Content-Length: 14819
Content-Type: application/json; charset=utf-8
cache-control: no-cache

14:40:05.455 [AsyncHttpClient-1-8] DEBUG org.asynchttpclient.netty.channel.ChannelManager - Adding key: http://localhost:37990 for channel [id: 0xa59093a8, L:/127.0.0.1:52072 - R:localhost/127.0.0.1:37990]
14:40:05.458 [Forwarding getCurrentUrl on session fd6f1d1324d09697aef9940427b19117 to remote] DEBUG org.asynchttpclient.netty.request.NettyRequestSender - Using pooled Channel '[id: 0xa59093a8, L:/127.0.0.1:52072 - R:localhost/127.0.0.1:37990]' for 'GET' to 'http://localhost:37990/session/fd6f1d1324d09697aef9940427b19117/url'
14:40:05.458 [Forwarding getCurrentUrl on session fd6f1d1324d09697aef9940427b19117 to remote] DEBUG org.asynchttpclient.netty.request.NettyRequestSender - Using open Channel [id: 0xa59093a8, L:/127.0.0.1:52072 - R:localhost/127.0.0.1:37990] for GET '/session/fd6f1d1324d09697aef9940427b19117/url'
14:40:05.462 [AsyncHttpClient-1-8] DEBUG org.asynchttpclient.netty.handler.HttpHandler - 

Request DefaultFullHttpRequest(decodeResult: success, version: HTTP/1.1, content: EmptyByteBufBE)
GET /session/fd6f1d1324d09697aef9940427b19117/url HTTP/1.1
User-Agent: selenium/4.8.1 (java windows)
Cache-Control: no-cache
Content-Type: application/json; charset=utf-8
host: localhost:37990
accept: */*

Response DefaultHttpResponse(decodeResult: success, version: HTTP/1.1)
HTTP/1.1 200 OK
Content-Length: 38
Content-Type: application/json; charset=utf-8
cache-control: no-cache

14:40:05.463 [AsyncHttpClient-1-8] DEBUG org.asynchttpclient.netty.channel.ChannelManager - Adding key: http://localhost:37990 for channel [id: 0xa59093a8, L:/127.0.0.1:52072 - R:localhost/127.0.0.1:37990]
14:40:05.466 [main] DEBUG net.thucydides.core.steps.StepInterceptor - STARTING STEP: LoginSteps.warningMessage - warningMessage
14:40:05.470 [Forwarding findElement on session fd6f1d1324d09697aef9940427b19117 to remote] DEBUG org.asynchttpclient.netty.request.NettyRequestSender - Using pooled Channel '[id: 0xa59093a8, L:/127.0.0.1:52072 - R:localhost/127.0.0.1:37990]' for 'POST' to 'http://localhost:37990/session/fd6f1d1324d09697aef9940427b19117/element'
14:40:05.470 [Forwarding findElement on session fd6f1d1324d09697aef9940427b19117 to remote] DEBUG org.asynchttpclient.netty.request.NettyRequestSender - Using open Channel [id: 0xa59093a8, L:/127.0.0.1:52072 - R:localhost/127.0.0.1:37990] for POST '/session/fd6f1d1324d09697aef9940427b19117/element'
14:40:05.488 [AsyncHttpClient-1-8] DEBUG org.asynchttpclient.netty.handler.HttpHandler - 

Request DefaultHttpRequest(decodeResult: success, version: HTTP/1.1)
POST /session/fd6f1d1324d09697aef9940427b19117/element HTTP/1.1
User-Agent: selenium/4.8.1 (java windows)
Content-Length: 59
Content-Type: application/json; charset=utf-8
host: localhost:37990
accept: */*

Response DefaultHttpResponse(decodeResult: success, version: HTTP/1.1)
HTTP/1.1 200 OK
Content-Length: 88
Content-Type: application/json; charset=utf-8
cache-control: no-cache

14:40:05.488 [AsyncHttpClient-1-8] DEBUG org.asynchttpclient.netty.channel.ChannelManager - Adding key: http://localhost:37990 for channel [id: 0xa59093a8, L:/127.0.0.1:52072 - R:localhost/127.0.0.1:37990]
14:40:05.492 [Forwarding isElementDisplayed on session fd6f1d1324d09697aef9940427b19117 to remote] DEBUG org.asynchttpclient.netty.request.NettyRequestSender - Using pooled Channel '[id: 0xa59093a8, L:/127.0.0.1:52072 - R:localhost/127.0.0.1:37990]' for 'POST' to 'http://localhost:37990/session/fd6f1d1324d09697aef9940427b19117/execute/sync'
14:40:05.492 [Forwarding isElementDisplayed on session fd6f1d1324d09697aef9940427b19117 to remote] DEBUG org.asynchttpclient.netty.request.NettyRequestSender - Using open Channel [id: 0xa59093a8, L:/127.0.0.1:52072 - R:localhost/127.0.0.1:37990] for POST '/session/fd6f1d1324d09697aef9940427b19117/execute/sync'
14:40:05.514 [AsyncHttpClient-1-8] DEBUG org.asynchttpclient.netty.handler.HttpHandler - 

Request DefaultHttpRequest(decodeResult: success, version: HTTP/1.1)
POST /session/fd6f1d1324d09697aef9940427b19117/execute/sync HTTP/1.1
User-Agent: selenium/4.8.1 (java windows)
Content-Length: 48807
Content-Type: application/json; charset=utf-8
host: localhost:37990
accept: */*

Response DefaultHttpResponse(decodeResult: success, version: HTTP/1.1)
HTTP/1.1 200 OK
Content-Length: 14
Content-Type: application/json; charset=utf-8
cache-control: no-cache

14:40:05.514 [AsyncHttpClient-1-8] DEBUG org.asynchttpclient.netty.channel.ChannelManager - Adding key: http://localhost:37990 for channel [id: 0xa59093a8, L:/127.0.0.1:52072 - R:localhost/127.0.0.1:37990]
14:40:05.526 [Forwarding getAlertText on session fd6f1d1324d09697aef9940427b19117 to remote] DEBUG org.asynchttpclient.netty.request.NettyRequestSender - Using pooled Channel '[id: 0xa59093a8, L:/127.0.0.1:52072 - R:localhost/127.0.0.1:37990]' for 'GET' to 'http://localhost:37990/session/fd6f1d1324d09697aef9940427b19117/alert/text'
14:40:05.526 [Forwarding getAlertText on session fd6f1d1324d09697aef9940427b19117 to remote] DEBUG org.asynchttpclient.netty.request.NettyRequestSender - Using open Channel [id: 0xa59093a8, L:/127.0.0.1:52072 - R:localhost/127.0.0.1:37990] for GET '/session/fd6f1d1324d09697aef9940427b19117/alert/text'
14:40:05.528 [AsyncHttpClient-1-8] DEBUG org.asynchttpclient.netty.handler.HttpHandler - 

Request DefaultFullHttpRequest(decodeResult: success, version: HTTP/1.1, content: EmptyByteBufBE)
GET /session/fd6f1d1324d09697aef9940427b19117/alert/text HTTP/1.1
User-Agent: selenium/4.8.1 (java windows)
Cache-Control: no-cache
Content-Type: application/json; charset=utf-8
host: localhost:37990
accept: */*

Response DefaultHttpResponse(decodeResult: success, version: HTTP/1.1)
HTTP/1.1 404 Not Found
Content-Length: 836
Content-Type: application/json; charset=utf-8
cache-control: no-cache

14:40:05.528 [AsyncHttpClient-1-8] DEBUG org.asynchttpclient.netty.channel.ChannelManager - Adding key: http://localhost:37990 for channel [id: 0xa59093a8, L:/127.0.0.1:52072 - R:localhost/127.0.0.1:37990]
14:40:05.530 [Forwarding getCurrentUrl on session fd6f1d1324d09697aef9940427b19117 to remote] DEBUG org.asynchttpclient.netty.request.NettyRequestSender - Using pooled Channel '[id: 0xa59093a8, L:/127.0.0.1:52072 - R:localhost/127.0.0.1:37990]' for 'GET' to 'http://localhost:37990/session/fd6f1d1324d09697aef9940427b19117/url'
14:40:05.530 [Forwarding getCurrentUrl on session fd6f1d1324d09697aef9940427b19117 to remote] DEBUG org.asynchttpclient.netty.request.NettyRequestSender - Using open Channel [id: 0xa59093a8, L:/127.0.0.1:52072 - R:localhost/127.0.0.1:37990] for GET '/session/fd6f1d1324d09697aef9940427b19117/url'
14:40:05.536 [AsyncHttpClient-1-8] DEBUG org.asynchttpclient.netty.handler.HttpHandler - 

Request DefaultFullHttpRequest(decodeResult: success, version: HTTP/1.1, content: EmptyByteBufBE)
GET /session/fd6f1d1324d09697aef9940427b19117/url HTTP/1.1
User-Agent: selenium/4.8.1 (java windows)
Cache-Control: no-cache
Content-Type: application/json; charset=utf-8
host: localhost:37990
accept: */*

Response DefaultHttpResponse(decodeResult: success, version: HTTP/1.1)
HTTP/1.1 200 OK
Content-Length: 38
Content-Type: application/json; charset=utf-8
cache-control: no-cache

14:40:05.536 [AsyncHttpClient-1-8] DEBUG org.asynchttpclient.netty.channel.ChannelManager - Adding key: http://localhost:37990 for channel [id: 0xa59093a8, L:/127.0.0.1:52072 - R:localhost/127.0.0.1:37990]
14:40:05.537 [Forwarding screenshot on session fd6f1d1324d09697aef9940427b19117 to remote] DEBUG org.asynchttpclient.netty.request.NettyRequestSender - Using pooled Channel '[id: 0xa59093a8, L:/127.0.0.1:52072 - R:localhost/127.0.0.1:37990]' for 'GET' to 'http://localhost:37990/session/fd6f1d1324d09697aef9940427b19117/screenshot'
14:40:05.538 [Forwarding screenshot on session fd6f1d1324d09697aef9940427b19117 to remote] DEBUG org.asynchttpclient.netty.request.NettyRequestSender - Using open Channel [id: 0xa59093a8, L:/127.0.0.1:52072 - R:localhost/127.0.0.1:37990] for GET '/session/fd6f1d1324d09697aef9940427b19117/screenshot'
14:40:05.572 [AsyncHttpClient-1-1] DEBUG org.asynchttpclient.netty.channel.DefaultChannelPool - Entry count for : http://localhost:52073 : 1
14:40:05.617 [AsyncHttpClient-1-8] DEBUG org.asynchttpclient.netty.handler.HttpHandler - 

Request DefaultFullHttpRequest(decodeResult: success, version: HTTP/1.1, content: EmptyByteBufBE)
GET /session/fd6f1d1324d09697aef9940427b19117/screenshot HTTP/1.1
User-Agent: selenium/4.8.1 (java windows)
Cache-Control: no-cache
Content-Type: application/json; charset=utf-8
host: localhost:37990
accept: */*

Response DefaultHttpResponse(decodeResult: success, version: HTTP/1.1)
HTTP/1.1 200 OK
Content-Length: 40768
Content-Type: application/json; charset=utf-8
cache-control: no-cache

14:40:05.618 [AsyncHttpClient-1-8] DEBUG org.asynchttpclient.netty.channel.ChannelManager - Adding key: http://localhost:37990 for channel [id: 0xa59093a8, L:/127.0.0.1:52072 - R:localhost/127.0.0.1:37990]
14:40:05.620 [main] DEBUG net.serenitybdd.core.photography.Darkroom - Send negative for processing for target\site\serenity\2cc1e34a4132c0c7fa1721c692ce3fae5a0a46246bf258471faf0c2a66c7a0c4.png
14:40:05.620 [main] DEBUG net.thucydides.core.steps.StepInterceptor - STEP DONE: warningMessage
  &amp#27;[32mThen &amp#27;[0m&amp#27;[32mI have warning message&amp#27;[0m                     &amp#27;[90m# starter.stepdefinitions.LoginSteps.warningMessage()&amp#27;[0m
14:40:05.627 [main] INFO  - 
  _____   ___   ___   _____     ___     _     ___   ___   ___   ___  
 |_   _| | __| / __| |_   _|   | _ \   /_\   / __| / __| | __| |   \ 
   | |   | _|  \__ \   | |     |  _/  / _ \  \__ \ \__ \ | _|  | |) |
   |_|   |___| |___/   |_|     |_|   /_/ \_\ |___/ |___/ |___| |___/ 

As user i have be able to success login
----------------------------------------------------------------------
14:40:05.629 [AsyncHttpClient-1-2] DEBUG org.asynchttpclient.netty.handler.WebSocketHandler - Channel Closed: [id: 0x2e383dc5, L:/127.0.0.1:52080 ! R:localhost/127.0.0.1:52073] with attribute NettyResponseFuture{currentRetry=0,
	isDone=1,
	isCancelled=0,
	asyncHandler=org.asynchttpclient.ws.WebSocketUpgradeHandler@68406893,
	nettyRequest=org.asynchttpclient.netty.request.NettyRequest@66e2a0ab,
	future=java.util.concurrent.CompletableFuture@4a2f4c71[Completed normally],
	uri=ws://localhost:52073/devtools/browser/c727119f-0233-4b30-a563-bd284986aa1c,
	keepAlive=true,
	redirectCount=0,
	timeoutsHolder=null,
	inAuth=0,
	touch=1680766801935}
14:40:05.629 [AsyncHttpClient-1-2] DEBUG org.asynchttpclient.netty.channel.ChannelManager - Closing Channel [id: 0x2e383dc5, L:/127.0.0.1:52080 ! R:localhost/127.0.0.1:52073] 
14:40:05.630 [Driver Command Executor] DEBUG org.asynchttpclient.netty.request.NettyRequestSender - Using pooled Channel '[id: 0xa59093a8, L:/127.0.0.1:52072 - R:localhost/127.0.0.1:37990]' for 'DELETE' to 'http://localhost:37990/session/fd6f1d1324d09697aef9940427b19117'
14:40:05.630 [Driver Command Executor] DEBUG org.asynchttpclient.netty.request.NettyRequestSender - Using open Channel [id: 0xa59093a8, L:/127.0.0.1:52072 - R:localhost/127.0.0.1:37990] for DELETE '/session/fd6f1d1324d09697aef9940427b19117'
14:40:05.777 [AsyncHttpClient-1-9] DEBUG org.asynchttpclient.netty.handler.HttpHandler - Unexpected I/O exception on channel [id: 0xa5a12a35, L:/127.0.0.1:52079 - R:localhost/127.0.0.1:52073]
java.net.SocketException: Connection reset
	at java.base/sun.nio.ch.SocketChannelImpl.throwConnectionReset(SocketChannelImpl.java:401)
	at java.base/sun.nio.ch.SocketChannelImpl.read(SocketChannelImpl.java:434)
	at io.netty.buffer.PooledByteBuf.setBytes(PooledByteBuf.java:259)
	at io.netty.buffer.AbstractByteBuf.writeBytes(AbstractByteBuf.java:1132)
	at io.netty.channel.socket.nio.NioSocketChannel.doReadBytes(NioSocketChannel.java:357)
	at io.netty.channel.nio.AbstractNioByteChannel$NioByteUnsafe.read(AbstractNioByteChannel.java:151)
	at io.netty.channel.nio.NioEventLoop.processSelectedKey(NioEventLoop.java:788)
	at io.netty.channel.nio.NioEventLoop.processSelectedKeysOptimized(NioEventLoop.java:724)
	at io.netty.channel.nio.NioEventLoop.processSelectedKeys(NioEventLoop.java:650)
	at io.netty.channel.nio.NioEventLoop.run(NioEventLoop.java:562)
	at io.netty.util.concurrent.SingleThreadEventExecutor$4.run(SingleThreadEventExecutor.java:997)
	at io.netty.util.internal.ThreadExecutorMap$2.run(ThreadExecutorMap.java:74)
	at io.netty.util.concurrent.FastThreadLocalRunnable.run(FastThreadLocalRunnable.java:30)
	at java.base/java.lang.Thread.run(Thread.java:1589)
14:40:05.778 [AsyncHttpClient-1-9] DEBUG org.asynchttpclient.netty.channel.ChannelManager - Closing Channel [id: 0xa5a12a35, L:/127.0.0.1:52079 - R:localhost/127.0.0.1:52073] 
14:40:05.778 [AsyncHttpClient-1-9] DEBUG org.asynchttpclient.netty.handler.HttpHandler - Channel Closed: [id: 0xa5a12a35, L:/127.0.0.1:52079 ! R:localhost/127.0.0.1:52073] with attribute DISCARD
14:40:05.797 [AsyncHttpClient-1-8] DEBUG org.asynchttpclient.netty.handler.HttpHandler - 

Request DefaultFullHttpRequest(decodeResult: success, version: HTTP/1.1, content: EmptyByteBufBE)
DELETE /session/fd6f1d1324d09697aef9940427b19117 HTTP/1.1
User-Agent: selenium/4.8.1 (java windows)
Content-Type: application/json; charset=utf-8
host: localhost:37990
accept: */*

Response DefaultHttpResponse(decodeResult: success, version: HTTP/1.1)
HTTP/1.1 200 OK
Content-Length: 14
Content-Type: application/json; charset=utf-8
cache-control: no-cache

14:40:05.797 [AsyncHttpClient-1-8] DEBUG org.asynchttpclient.netty.channel.ChannelManager - Adding key: http://localhost:37990 for channel [id: 0xa59093a8, L:/127.0.0.1:52072 - R:localhost/127.0.0.1:37990]
14:40:05.922 [AsyncHttpClient-1-8] DEBUG org.asynchttpclient.netty.handler.HttpHandler - Channel Closed: [id: 0xa59093a8, L:/127.0.0.1:52072 ! R:localhost/127.0.0.1:37990] with attribute DISCARD
]]></system-out>
    <system-err><![CDATA[Starting ChromeDriver 111.0.5563.64 (c710e93d5b63b7095afe8c2c17df34408078439d-refs/branch-heads/5563@{#995}) on port 37990
Only local connections are allowed.
Please see https://chromedriver.chromium.org/security-considerations for suggestions on keeping ChromeDriver safe.
ChromeDriver was started successfully.
Apr 06, 2023 2:40:01 PM org.openqa.selenium.devtools.CdpVersionFinder findNearestMatch
WARNING: Unable to find an exact match for CDP version 111, so returning the closest version found: 110
]]></system-err>
  </testcase>
</testsuite>